 1        1   (2)      1 :  0.0815 0.0000 0.6061 0.1520 0.1226 0.0378 
 2        2   (4)      1 :  0.0495 0.0000 0.0066 0.8576 0.0034 0.0828 
 3        3   (2)      1 :  0.0784 0.0000 0.0651 0.1402 0.0222 0.6941 
 4        4   (5)      1 :  0.0001 0.0000 0.0001 0.0041 0.0001 0.9956 
 5        5   (4)      1 :  0.0383 0.0000 0.0351 0.0716 0.0005 0.8545 
 6        6   (4)      1 :  0.0100 0.0000 0.0084 0.0825 0.0020 0.8971 
 7        7   (2)      1 :  0.0027 0.0000 0.0047 0.0229 0.0034 0.9663 
 8        8   (4)      1 :  0.2104 0.0000 0.2116 0.4046 0.1319 0.0415 
 9        9   (2)      1 :  0.0953 0.0651 0.0002 0.0241 0.8153 0.0000 
10       10   (2)      1 :  0.0000 0.9818 0.0000 0.0000 0.0182 0.0000 
11       11   (2)      1 :  0.0058 0.2138 0.0268 0.0316 0.7220 0.0000 
12       12   (2)      1 :  0.1200 0.0756 0.0761 0.0228 0.7054 0.0000 
13       13   (5)      1 :  0.0522 0.0000 0.0779 0.7719 0.0081 0.0899 
14       14  (18)      1 :  0.0092 0.0000 0.0318 0.8716 0.0016 0.0858 
15       15   (4)      1 :  0.0315 0.0000 0.0043 0.9391 0.0179 0.0072 
16       16   (2)      1 :  0.0374 0.8518 0.0351 0.0710 0.0011 0.0036 
17       17   (2)      1 :  0.0690 0.0000 0.0956 0.7226 0.0582 0.0545 
18       18   (2)      1 :  0.3437 0.0000 0.2998 0.1034 0.2531 0.0000 
19       19   (2)      1 :  0.0030 0.0000 0.2502 0.7385 0.0000 0.0083 
20       20   (5)      1 :  0.1911 0.0000 0.2012 0.4686 0.1334 0.0058 
21       21   (5)      1 :  0.0089 0.0001 0.0369 0.8788 0.0078 0.0675 
22       22   (5)      1 :  0.8000 0.0000 0.0000 0.2000 0.0000 0.0000 
23       23   (2)      1 :  0.0750 0.0000 0.1001 0.8095 0.0067 0.0087 
