

----------------------------------------------------
STRUCTURE by Pritchard, Stephens and Donnelly (2000)
     and Falush, Stephens and Pritchard (2003)
       Code by Pritchard, Falush and Hubisz
             Version 2.3.4 (Jul 2012)
----------------------------------------------------


Reading file "mainparams".
datafile is
populations.str
Reading file "extraparams".
Reading file "populations.str".


Data file "populations.str" (truncated) --

Ind:   Label Pop : Genotype_data . . . .
  1: 18160D-09-0    1  :  4   1   3   1   4   1   3  . . . .   2
  1: 18160D-09-0    1  :  4   1   3   1   4   4   4  . . . .   4
  2: 18160D-09-0    1  :  4   1   3   1   4   1   3  . . . .   2
  2: 18160D-09-0    1  :  4   1   3   1   4   4   3  . . . .   4
  3: 18160D-09-0    1  :  4   1   0   0   0   0   3  . . . .   2
  3: 18160D-09-0    1  :  4   3   0   0   0   0   3  . . . .   4
  4: 18160D-09-0    1  :  4   1   3   1   4   1   3  . . . .   2
  4: 18160D-09-0    1  :  4   3   3   1   4   1   3  . . . .   4

      *******   

 22: 18160D-09-2    1  :  4   1   3   1   4   1   3  . . . .   2
 22: 18160D-09-2    1  :  4   3   3   1   4   1   4  . . . .   4
 23: 18160D-09-2    1  :  4   1   3   1   4   1   3  . . . .   2
 23: 18160D-09-2    1  :  4   1   3   1   4   4   4  . . . .   4

Number of alleles per locus: min= 2; ave=2.0; max= 2


--------------------------------------

Finished initialization; starting MCMC 
5000 iterations + 1000 burnin


--------------------------------------------
Proportion of membership of each pre-defined
 population in each of the 4 clusters

Given    Inferred Clusters              Number of
 Pop       1      2      3      4      Individuals

  1:     0.244  0.248  0.257  0.251       23
--------------------------------------------

 Rep#:   Lambda   Alpha      F1    F2    F3    F4     D1,2  D1,3  D1,4  D2,3  D2,4  D3,4    Ln Like 
  100:    1.00    1.686    0.010 0.010 0.010 0.010    0.003 0.003 0.003 0.003 0.003 0.003   --  
  200:    1.00    1.972    0.010 0.010 0.010 0.010    0.003 0.003 0.003 0.003 0.003 0.003   --  
  300:    1.00    2.316    0.010 0.010 0.010 0.010    0.003 0.003 0.003 0.003 0.003 0.003   --  
  400:    1.00    2.700    0.010 0.010 0.010 0.010    0.003 0.003 0.003 0.003 0.003 0.003   --  
  500:    1.00    2.626    0.010 0.010 0.010 0.010    0.003 0.003 0.003 0.003 0.003 0.003   --  
  600:    1.00    3.114    0.010 0.010 0.010 0.010    0.003 0.003 0.003 0.003 0.003 0.003   --  
  700:    1.00    3.235    0.010 0.010 0.010 0.010    0.003 0.003 0.003 0.003 0.003 0.003   --  
  800:    1.00    3.577    0.010 0.010 0.010 0.010    0.003 0.003 0.003 0.003 0.003 0.003   --  
  900:    1.00    2.968    0.010 0.010 0.010 0.010    0.003 0.003 0.003 0.003 0.003 0.003   --  
 1000:    1.00    2.535    0.010 0.010 0.010 0.010    0.003 0.003 0.003 0.003 0.003 0.003   --  

BURNIN completed
 Rep#:   Lambda   Alpha      F1    F2    F3    F4     D1,2  D1,3  D1,4  D2,3  D2,4  D3,4    Ln Like  Est Ln P(D)
 1100:    1.00    2.286    0.010 0.010 0.010 0.010    0.003 0.003 0.003 0.003 0.003 0.003   -1023091    0 
 1200:    1.00    2.046    0.010 0.010 0.010 0.010    0.003 0.003 0.003 0.003 0.003 0.003   -1022293    0 
 1300:    1.00    1.569    0.010 0.010 0.010 0.010    0.003 0.003 0.003 0.003 0.003 0.003   -1020667    0 
 1400:    1.00    1.130    0.010 0.010 0.010 0.010    0.003 0.003 0.003 0.003 0.003 0.003   -1019643    0 
 1500:    1.00    0.456    0.010 0.010 0.010 0.011    0.003 0.003 0.003 0.003 0.003 0.003   -1018720    0 
 1600:    1.00    0.433    0.011 0.010 0.010 0.011    0.003 0.003 0.003 0.003 0.003 0.003   -1017627    0 
 1700:    1.00    0.318    0.011 0.010 0.010 0.011    0.003 0.003 0.003 0.003 0.003 0.003   -1017038    0 
 1800:    1.00    0.240    0.011 0.011 0.010 0.011    0.003 0.003 0.004 0.003 0.003 0.003   -1015859    0 
 1900:    1.00    0.188    0.011 0.011 0.010 0.011    0.003 0.003 0.004 0.003 0.003 0.003   -1015164    0 

--------------------------------------------
Proportion of membership of each pre-defined
 population in each of the 4 clusters

Given    Inferred Clusters              Number of
 Pop       1      2      3      4      Individuals

  1:     0.225  0.224  0.294  0.257       23
--------------------------------------------

 Rep#:   Lambda   Alpha      F1    F2    F3    F4     D1,2  D1,3  D1,4  D2,3  D2,4  D3,4    Ln Like  Est Ln P(D)
 2000:    1.00    0.136    0.011 0.011 0.010 0.012    0.003 0.003 0.004 0.003 0.003 0.003   -1014607    0 
 2100:    1.00    0.122    0.011 0.011 0.010 0.012    0.003 0.003 0.004 0.003 0.003 0.003   -1013968    0 
 2200:    1.00    0.081    0.013 0.011 0.010 0.013    0.004 0.004 0.004 0.003 0.004 0.004   -1013018    0 
 2300:    1.00    0.044    0.013 0.011 0.010 0.013    0.004 0.004 0.004 0.003 0.004 0.004   -1012776    0 
 2400:    1.00    0.078    0.013 0.011 0.010 0.013    0.004 0.004 0.004 0.003 0.004 0.004   -1012664    0 
 2500:    1.00    0.055    0.014 0.011 0.010 0.013    0.004 0.004 0.004 0.003 0.004 0.004   -1012447    0 
 2600:    1.00    0.057    0.014 0.011 0.010 0.013    0.004 0.004 0.004 0.003 0.004 0.004   -1011547    0 
 2700:    1.00    0.053    0.014 0.011 0.010 0.013    0.004 0.004 0.004 0.003 0.004 0.004   -1011969    0 
 2800:    1.00    0.037    0.015 0.011 0.011 0.013    0.004 0.004 0.004 0.003 0.004 0.004   -1011226    0 
 2900:    1.00    0.037    0.015 0.011 0.011 0.013    0.004 0.004 0.005 0.003 0.004 0.004   -1011152    0 

--------------------------------------------
Proportion of membership of each pre-defined
 population in each of the 4 clusters

Given    Inferred Clusters              Number of
 Pop       1      2      3      4      Individuals

  1:     0.218  0.272  0.291  0.220       23
--------------------------------------------

 Rep#:   Lambda   Alpha      F1    F2    F3    F4     D1,2  D1,3  D1,4  D2,3  D2,4  D3,4    Ln Like  Est Ln P(D)
 3000:    1.00    0.031    0.015 0.011 0.011 0.014    0.004 0.004 0.005 0.003 0.004 0.004   -1010710    0 
 3100:    1.00    0.029    0.016 0.011 0.011 0.014    0.004 0.004 0.005 0.003 0.004 0.004   -1010177    0 
 3200:    1.00    0.024    0.016 0.011 0.011 0.019    0.004 0.004 0.006 0.003 0.005 0.005   -1008827    0 
 3300:    1.00    0.032    0.016 0.011 0.011 0.019    0.004 0.004 0.006 0.003 0.005 0.005   -1008479    0 
 3400:    1.00    0.035    0.019 0.011 0.011 0.020    0.005 0.005 0.006 0.003 0.005 0.005   -1007159    0 
 3500:    1.00    0.028    0.020 0.011 0.011 0.025    0.005 0.005 0.007 0.003 0.006 0.006   -1005681    0 
 3600:    1.00    0.035    0.023 0.011 0.011 0.038    0.005 0.005 0.010 0.003 0.008 0.008   -1001430    0 
 3700:    1.00    0.031    0.023 0.011 0.011 0.048    0.005 0.005 0.012 0.003 0.009 0.010   -999483    0 
 3800:    1.00    0.043    0.025 0.011 0.011 0.065    0.006 0.006 0.015 0.003 0.012 0.012   -996477    0 
 3900:    1.00    0.025    0.025 0.011 0.011 0.097    0.006 0.006 0.019 0.003 0.016 0.017   -993053    0 

--------------------------------------------
Proportion of membership of each pre-defined
 population in each of the 4 clusters

Given    Inferred Clusters              Number of
 Pop       1      2      3      4      Individuals

  1:     0.220  0.329  0.236  0.216       23
--------------------------------------------

 Rep#:   Lambda   Alpha      F1    F2    F3    F4     D1,2  D1,3  D1,4  D2,3  D2,4  D3,4    Ln Like  Est Ln P(D)
 4000:    1.00    0.026    0.025 0.011 0.011 0.104    0.006 0.006 0.020 0.003 0.017 0.018   -992923    0 
 4100:    1.00    0.024    0.032 0.011 0.011 0.107    0.007 0.007 0.022 0.003 0.018 0.018   -991269    0 
 4200:    1.00    0.027    0.034 0.011 0.011 0.110    0.007 0.007 0.023 0.003 0.018 0.018   -990206    0 
 4300:    1.00    0.028    0.035 0.011 0.011 0.110    0.007 0.007 0.023 0.003 0.018 0.018   -990247    0 
 4400:    1.00    0.021    0.035 0.011 0.011 0.112    0.007 0.007 0.023 0.003 0.018 0.019   -989788    0 
 4500:    1.00    0.030    0.040 0.011 0.011 0.112    0.008 0.008 0.023 0.003 0.018 0.019   -989207    0 
 4600:    1.00    0.026    0.040 0.011 0.011 0.116    0.008 0.008 0.024 0.003 0.019 0.019   -989223    0 
 4700:    1.00    0.037    0.041 0.011 0.011 0.116    0.008 0.008 0.024 0.003 0.019 0.019   -988568    0 
 4800:    1.00    0.034    0.046 0.011 0.011 0.116    0.009 0.009 0.025 0.003 0.019 0.019   -988398    0 
 4900:    1.00    0.048    0.048 0.012 0.011 0.117    0.010 0.009 0.026 0.003 0.019 0.019   -987482    0 

--------------------------------------------
Proportion of membership of each pre-defined
 population in each of the 4 clusters

Given    Inferred Clusters              Number of
 Pop       1      2      3      4      Individuals

  1:     0.221  0.359  0.207  0.213       23
--------------------------------------------

 Rep#:   Lambda   Alpha      F1    F2    F3    F4     D1,2  D1,3  D1,4  D2,3  D2,4  D3,4    Ln Like  Est Ln P(D)
 5000:    1.00    0.038    0.048 0.012 0.011 0.119    0.009 0.009 0.026 0.003 0.019 0.019   -987639    0 
 5100:    1.00    0.026    0.048 0.012 0.011 0.119    0.009 0.009 0.026 0.003 0.019 0.020   -987990    0 
 5200:    1.00    0.027    0.048 0.012 0.011 0.121    0.009 0.009 0.026 0.003 0.020 0.020   -987839    0 
 5300:    1.00    0.038    0.048 0.012 0.011 0.123    0.010 0.009 0.026 0.003 0.020 0.020   -987982    0 
 5400:    1.00    0.035    0.053 0.012 0.011 0.122    0.010 0.010 0.027 0.003 0.020 0.020   -987171    0 
 5500:    1.00    0.031    0.059 0.012 0.011 0.123    0.011 0.011 0.028 0.003 0.020 0.020   -986637    0 
 5600:    1.00    0.035    0.062 0.012 0.011 0.123    0.012 0.012 0.029 0.003 0.020 0.020   -986656    0 
 5700:    1.00    0.034    0.064 0.011 0.011 0.123    0.012 0.012 0.029 0.003 0.020 0.020   -986597    0 
 5800:    1.00    0.041    0.066 0.011 0.011 0.124    0.012 0.012 0.030 0.003 0.020 0.020   -986525    0 
 5900:    1.00    0.064    0.066 0.011 0.011 0.124    0.013 0.013 0.030 0.004 0.020 0.020   -986929    0 
 6000:    1.00    0.036    0.081 0.011 0.012 0.124    0.015 0.015 0.032 0.004 0.020 0.020   -985218    0 

MCMC completed

Inferred ancestry of individuals:
        Label (%Miss) Pop:  Inferred clusters
  1 18160D-09-0    (2)    1 :  0.017 0.602 0.343 0.039 
  2 18160D-09-0    (4)    1 :  0.013 0.784 0.145 0.058 
  3 18160D-09-0    (2)    1 :  0.052 0.018 0.016 0.913 
  4 18160D-09-0    (5)    1 :  0.001 0.018 0.007 0.974 
  5 18160D-09-0    (4)    1 :  0.004 0.029 0.009 0.958 
  6 18160D-09-0    (4)    1 :  0.005 0.020 0.006 0.969 
  7 18160D-09-0    (2)    1 :  0.004 0.017 0.004 0.975 
  8 18160D-09-0    (4)    1 :  0.034 0.071 0.886 0.009 
  9 18160D-09-0    (2)    1 :  0.927 0.009 0.053 0.011 
 10 18160D-09-1    (2)    1 :  0.994 0.002 0.002 0.002 
 11 18160D-09-1    (2)    1 :  0.958 0.010 0.027 0.004 
 12 18160D-09-1    (2)    1 :  0.900 0.071 0.024 0.004 
 13 18160D-09-1    (5)    1 :  0.019 0.704 0.235 0.042 
 14 18160D-09-1   (18)    1 :  0.012 0.744 0.183 0.060 
 15 18160D-09-1    (4)    1 :  0.022 0.814 0.155 0.009 
 16 18160D-09-1    (2)    1 :  0.981 0.005 0.007 0.008 
 17 18160D-09-1    (2)    1 :  0.030 0.563 0.348 0.060 
 18 18160D-09-1    (2)    1 :  0.021 0.032 0.935 0.012 
 19 18160D-09-1    (2)    1 :  0.018 0.847 0.117 0.018 
 20 18160D-09-2    (5)    1 :  0.023 0.105 0.858 0.015 
 21 18160D-09-2    (5)    1 :  0.016 0.541 0.410 0.034 
 22 18160D-09-2    (5)    1 :  0.013 0.051 0.927 0.010 
 23 18160D-09-2    (2)    1 :  0.013 0.780 0.151 0.056 

Command line arguments:   structure -D 971027 -K 4 -m mainparams -o k4/populations_k4_run6 
Input File:    populations.str
Output File:   k4/populations_k4_run6_f

Run parameters:
   23 individuals
   50160 loci
   4 populations assumed
   1000 Burn-in period
   5000 Reps
RANDOMIZE turned off

--------------------------------------------
Estimated Ln Prob of Data   = -83758769.6
Mean value of ln likelihood = -1002189.5
Variance of ln likelihood   = 165513160.2
Mean value of alpha         = 0.2299

Mean value of Fst_1         = 0.0283
Mean value of Fst_2         = 0.0109
Mean value of Fst_3         = 0.0107
Mean value of Fst_4         = 0.0598


--------------------------------------------
Proportion of membership of each pre-defined
 population in each of the 4 clusters

Given    Inferred Clusters              Number of
 Pop       1      2      3      4      Individuals

  1:     0.221  0.297  0.254  0.228       23
--------------------------------------------
Final results printed to file k4/populations_k4_run6_f

