

----------------------------------------------------
STRUCTURE by Pritchard, Stephens and Donnelly (2000)
     and Falush, Stephens and Pritchard (2003)
       Code by Pritchard, Falush and Hubisz
             Version 2.3.4 (Jul 2012)
----------------------------------------------------


Reading file "mainparams".
datafile is
populations.str
Reading file "extraparams".
Reading file "populations.str".


Data file "populations.str" (truncated) --

Ind:   Label Pop : Genotype_data . . . .
  1: 18160D-09-0    1  :  4   1   3   1   4   1   3  . . . .   2
  1: 18160D-09-0    1  :  4   1   3   1   4   4   4  . . . .   4
  2: 18160D-09-0    1  :  4   1   3   1   4   1   3  . . . .   2
  2: 18160D-09-0    1  :  4   1   3   1   4   4   3  . . . .   4
  3: 18160D-09-0    1  :  4   1   0   0   0   0   3  . . . .   2
  3: 18160D-09-0    1  :  4   3   0   0   0   0   3  . . . .   4
  4: 18160D-09-0    1  :  4   1   3   1   4   1   3  . . . .   2
  4: 18160D-09-0    1  :  4   3   3   1   4   1   3  . . . .   4

      *******   

 22: 18160D-09-2    1  :  4   1   3   1   4   1   3  . . . .   2
 22: 18160D-09-2    1  :  4   3   3   1   4   1   4  . . . .   4
 23: 18160D-09-2    1  :  4   1   3   1   4   1   3  . . . .   2
 23: 18160D-09-2    1  :  4   1   3   1   4   4   4  . . . .   4

Number of alleles per locus: min= 2; ave=2.0; max= 2


--------------------------------------

Finished initialization; starting MCMC 
5000 iterations + 1000 burnin


--------------------------------------------
Proportion of membership of each pre-defined
 population in each of the 4 clusters

Given    Inferred Clusters              Number of
 Pop       1      2      3      4      Individuals

  1:     0.253  0.248  0.248  0.251       23
--------------------------------------------

 Rep#:   Lambda   Alpha      F1    F2    F3    F4     D1,2  D1,3  D1,4  D2,3  D2,4  D3,4    Ln Like 
  100:    1.00    1.300    0.010 0.010 0.010 0.010    0.003 0.003 0.003 0.003 0.003 0.003   --  
  200:    1.00    1.958    0.010 0.010 0.010 0.010    0.003 0.003 0.003 0.003 0.003 0.003   --  
  300:    1.00    2.288    0.010 0.010 0.010 0.010    0.003 0.003 0.003 0.003 0.003 0.003   --  
  400:    1.00    2.949    0.010 0.010 0.010 0.010    0.003 0.003 0.003 0.003 0.003 0.003   --  
  500:    1.00    3.305    0.010 0.010 0.010 0.010    0.003 0.003 0.003 0.003 0.003 0.003   --  
  600:    1.00    3.618    0.010 0.010 0.010 0.010    0.003 0.003 0.003 0.003 0.003 0.003   --  
  700:    1.00    3.594    0.010 0.010 0.010 0.010    0.003 0.003 0.003 0.003 0.003 0.003   --  
  800:    1.00    3.409    0.010 0.010 0.010 0.010    0.003 0.003 0.003 0.003 0.003 0.003   --  
  900:    1.00    3.177    0.010 0.010 0.010 0.010    0.003 0.003 0.003 0.003 0.003 0.003   --  
 1000:    1.00    3.044    0.010 0.010 0.010 0.010    0.003 0.003 0.003 0.003 0.003 0.003   --  

BURNIN completed
 Rep#:   Lambda   Alpha      F1    F2    F3    F4     D1,2  D1,3  D1,4  D2,3  D2,4  D3,4    Ln Like  Est Ln P(D)
 1100:    1.00    3.125    0.011 0.010 0.010 0.010    0.003 0.003 0.003 0.003 0.003 0.003   -1024103    0 
 1200:    1.00    2.844    0.011 0.010 0.010 0.010    0.003 0.003 0.003 0.003 0.003 0.003   -1023173    0 
 1300:    1.00    2.374    0.011 0.010 0.010 0.010    0.003 0.003 0.003 0.003 0.003 0.003   -1022320    0 
 1400:    1.00    1.561    0.011 0.010 0.010 0.010    0.003 0.003 0.003 0.003 0.003 0.003   -1021268    0 
 1500:    1.00    1.167    0.011 0.010 0.010 0.010    0.003 0.003 0.003 0.003 0.003 0.003   -1020484    0 
 1600:    1.00    0.594    0.011 0.010 0.010 0.010    0.003 0.003 0.003 0.003 0.003 0.003   -1019740    0 
 1700:    1.00    0.421    0.011 0.010 0.010 0.010    0.003 0.003 0.003 0.003 0.003 0.003   -1018624    0 
 1800:    1.00    0.396    0.011 0.010 0.010 0.011    0.003 0.003 0.003 0.003 0.003 0.003   -1017752    0 
 1900:    1.00    0.284    0.011 0.010 0.010 0.011    0.003 0.003 0.003 0.003 0.003 0.003   -1016971    0 

--------------------------------------------
Proportion of membership of each pre-defined
 population in each of the 4 clusters

Given    Inferred Clusters              Number of
 Pop       1      2      3      4      Individuals

  1:     0.251  0.259  0.303  0.186       23
--------------------------------------------

 Rep#:   Lambda   Alpha      F1    F2    F3    F4     D1,2  D1,3  D1,4  D2,3  D2,4  D3,4    Ln Like  Est Ln P(D)
 2000:    1.00    0.303    0.010 0.011 0.010 0.011    0.003 0.003 0.003 0.003 0.003 0.003   -1016369    0 
 2100:    1.00    0.247    0.010 0.012 0.010 0.011    0.003 0.003 0.003 0.003 0.004 0.003   -1015704    0 
 2200:    1.00    0.196    0.010 0.012 0.010 0.012    0.003 0.003 0.003 0.003 0.004 0.003   -1014938    0 
 2300:    1.00    0.126    0.010 0.013 0.010 0.012    0.004 0.003 0.003 0.004 0.004 0.003   -1014081    0 
 2400:    1.00    0.079    0.011 0.013 0.010 0.012    0.004 0.003 0.003 0.004 0.004 0.003   -1013331    0 
 2500:    1.00    0.070    0.011 0.015 0.010 0.012    0.004 0.003 0.004 0.004 0.004 0.004   -1012650    0 
 2600:    1.00    0.054    0.011 0.015 0.010 0.013    0.004 0.003 0.004 0.004 0.005 0.004   -1012154    0 
 2700:    1.00    0.045    0.011 0.015 0.010 0.013    0.004 0.003 0.004 0.004 0.005 0.004   -1012483    0 
 2800:    1.00    0.048    0.011 0.015 0.010 0.014    0.004 0.003 0.004 0.004 0.005 0.004   -1011632    0 
 2900:    1.00    0.047    0.011 0.017 0.010 0.014    0.004 0.003 0.004 0.004 0.005 0.004   -1011087    0 

--------------------------------------------
Proportion of membership of each pre-defined
 population in each of the 4 clusters

Given    Inferred Clusters              Number of
 Pop       1      2      3      4      Individuals

  1:     0.196  0.220  0.388  0.196       23
--------------------------------------------

 Rep#:   Lambda   Alpha      F1    F2    F3    F4     D1,2  D1,3  D1,4  D2,3  D2,4  D3,4    Ln Like  Est Ln P(D)
 3000:    1.00    0.059    0.011 0.021 0.010 0.015    0.005 0.003 0.004 0.005 0.006 0.004   -1009655    0 
 3100:    1.00    0.044    0.011 0.021 0.010 0.017    0.005 0.003 0.004 0.005 0.006 0.004   -1008284    0 
 3200:    1.00    0.043    0.011 0.029 0.010 0.017    0.006 0.003 0.004 0.006 0.008 0.004   -1005769    0 
 3300:    1.00    0.027    0.011 0.035 0.010 0.018    0.007 0.003 0.004 0.007 0.009 0.004   -1003999    0 
 3400:    1.00    0.030    0.011 0.060 0.010 0.020    0.011 0.003 0.005 0.011 0.013 0.005   -999199    0 
 3500:    1.00    0.052    0.011 0.077 0.010 0.020    0.014 0.003 0.005 0.014 0.016 0.005   -996519    0 
 3600:    1.00    0.034    0.011 0.090 0.010 0.022    0.016 0.003 0.005 0.015 0.018 0.005   -994930    0 
 3700:    1.00    0.022    0.011 0.099 0.010 0.022    0.017 0.003 0.005 0.017 0.019 0.005   -993578    0 
 3800:    1.00    0.049    0.011 0.106 0.010 0.022    0.018 0.003 0.005 0.018 0.020 0.005   -993316    0 
 3900:    1.00    0.040    0.011 0.106 0.010 0.025    0.018 0.003 0.006 0.018 0.020 0.006   -992979    0 

--------------------------------------------
Proportion of membership of each pre-defined
 population in each of the 4 clusters

Given    Inferred Clusters              Number of
 Pop       1      2      3      4      Individuals

  1:     0.164  0.222  0.402  0.212       23
--------------------------------------------

 Rep#:   Lambda   Alpha      F1    F2    F3    F4     D1,2  D1,3  D1,4  D2,3  D2,4  D3,4    Ln Like  Est Ln P(D)
 4000:    1.00    0.040    0.011 0.107 0.010 0.028    0.018 0.003 0.006 0.018 0.021 0.006   -992147    0 
 4100:    1.00    0.032    0.011 0.108 0.011 0.029    0.018 0.003 0.006 0.018 0.021 0.006   -991646    0 
 4200:    1.00    0.035    0.011 0.109 0.011 0.031    0.018 0.003 0.007 0.018 0.022 0.007   -990938    0 
 4300:    1.00    0.048    0.011 0.110 0.011 0.035    0.018 0.003 0.007 0.018 0.023 0.007   -990557    0 
 4400:    1.00    0.037    0.011 0.110 0.011 0.037    0.019 0.003 0.008 0.018 0.023 0.008   -990202    0 
 4500:    1.00    0.046    0.011 0.112 0.011 0.037    0.019 0.003 0.008 0.019 0.023 0.008   -989998    0 
 4600:    1.00    0.040    0.011 0.112 0.011 0.039    0.019 0.003 0.008 0.019 0.024 0.008   -989733    0 
 4700:    1.00    0.039    0.011 0.117 0.011 0.042    0.019 0.003 0.008 0.019 0.025 0.008   -989235    0 
 4800:    1.00    0.037    0.011 0.121 0.011 0.042    0.020 0.003 0.009 0.020 0.025 0.009   -988872    0 
 4900:    1.00    0.029    0.011 0.121 0.011 0.049    0.020 0.003 0.010 0.020 0.027 0.010   -988089    0 

--------------------------------------------
Proportion of membership of each pre-defined
 population in each of the 4 clusters

Given    Inferred Clusters              Number of
 Pop       1      2      3      4      Individuals

  1:     0.185  0.213  0.401  0.202       23
--------------------------------------------

 Rep#:   Lambda   Alpha      F1    F2    F3    F4     D1,2  D1,3  D1,4  D2,3  D2,4  D3,4    Ln Like  Est Ln P(D)
 5000:    1.00    0.037    0.011 0.121 0.011 0.051    0.020 0.003 0.010 0.020 0.027 0.010   -987926    0 
 5100:    1.00    0.023    0.011 0.122 0.011 0.052    0.020 0.003 0.010 0.020 0.027 0.010   -988281    0 
 5200:    1.00    0.037    0.011 0.127 0.011 0.052    0.021 0.003 0.010 0.020 0.028 0.010   -988097    0 
 5300:    1.00    0.033    0.011 0.127 0.011 0.058    0.021 0.003 0.011 0.020 0.029 0.011   -987755    0 
 5400:    1.00    0.067    0.011 0.128 0.011 0.064    0.021 0.003 0.012 0.021 0.030 0.012   -986780    0 
 5500:    1.00    0.041    0.012 0.128 0.011 0.064    0.021 0.003 0.012 0.021 0.030 0.012   -987127    0 
 5600:    1.00    0.027    0.012 0.128 0.011 0.069    0.021 0.003 0.013 0.021 0.031 0.013   -986471    0 
 5700:    1.00    0.035    0.012 0.128 0.011 0.081    0.021 0.003 0.015 0.021 0.033 0.015   -985583    0 
 5800:    1.00    0.046    0.012 0.128 0.011 0.089    0.021 0.003 0.016 0.021 0.034 0.016   -984521    0 
 5900:    1.00    0.037    0.012 0.131 0.011 0.091    0.021 0.003 0.017 0.021 0.035 0.017   -984409    0 
 6000:    1.00    0.041    0.012 0.131 0.011 0.097    0.022 0.003 0.018 0.021 0.036 0.017   -984710    0 

MCMC completed

Inferred ancestry of individuals:
        Label (%Miss) Pop:  Inferred clusters
  1 18160D-09-0    (2)    1 :  0.222 0.046 0.613 0.119 
  2 18160D-09-0    (4)    1 :  0.113 0.052 0.816 0.019 
  3 18160D-09-0    (2)    1 :  0.081 0.882 0.034 0.003 
  4 18160D-09-0    (5)    1 :  0.007 0.972 0.013 0.008 
  5 18160D-09-0    (4)    1 :  0.026 0.938 0.019 0.017 
  6 18160D-09-0    (4)    1 :  0.004 0.964 0.025 0.007 
  7 18160D-09-0    (2)    1 :  0.009 0.960 0.018 0.013 
  8 18160D-09-0    (4)    1 :  0.712 0.088 0.186 0.014 
  9 18160D-09-0    (2)    1 :  0.360 0.013 0.039 0.588 
 10 18160D-09-1    (2)    1 :  0.005 0.001 0.006 0.987 
 11 18160D-09-1    (2)    1 :  0.025 0.010 0.026 0.939 
 12 18160D-09-1    (2)    1 :  0.166 0.011 0.129 0.695 
 13 18160D-09-1    (5)    1 :  0.197 0.052 0.737 0.014 
 14 18160D-09-1   (18)    1 :  0.068 0.078 0.838 0.016 
 15 18160D-09-1    (4)    1 :  0.145 0.027 0.799 0.028 
 16 18160D-09-1    (2)    1 :  0.005 0.004 0.011 0.980 
 17 18160D-09-1    (2)    1 :  0.026 0.051 0.910 0.013 
 18 18160D-09-1    (2)    1 :  0.447 0.031 0.487 0.035 
 19 18160D-09-1    (2)    1 :  0.116 0.041 0.822 0.020 
 20 18160D-09-2    (5)    1 :  0.910 0.038 0.026 0.026 
 21 18160D-09-2    (5)    1 :  0.094 0.048 0.843 0.016 
 22 18160D-09-2    (5)    1 :  0.944 0.015 0.013 0.028 
 23 18160D-09-2    (2)    1 :  0.031 0.021 0.921 0.028 

Command line arguments:   structure -D 771824 -K 4 -m mainparams -o k4/populations_k4_run9 
Input File:    populations.str
Output File:   k4/populations_k4_run9_f

Run parameters:
   23 individuals
   50160 loci
   4 populations assumed
   1000 Burn-in period
   5000 Reps
RANDOMIZE turned off

--------------------------------------------
Estimated Ln Prob of Data   = -91740259.8
Mean value of ln likelihood = -1001795.2
Variance of ln likelihood   = 181476929.3
Mean value of alpha         = 0.3366

Mean value of Fst_1         = 0.0110
Mean value of Fst_2         = 0.0669
Mean value of Fst_3         = 0.0104
Mean value of Fst_4         = 0.0303


--------------------------------------------
Proportion of membership of each pre-defined
 population in each of the 4 clusters

Given    Inferred Clusters              Number of
 Pop       1      2      3      4      Individuals

  1:     0.205  0.232  0.362  0.201       23
--------------------------------------------
Final results printed to file k4/populations_k4_run9_f

