

----------------------------------------------------
STRUCTURE by Pritchard, Stephens and Donnelly (2000)
     and Falush, Stephens and Pritchard (2003)
       Code by Pritchard, Falush and Hubisz
             Version 2.3.4 (Jul 2012)
----------------------------------------------------


Reading file "mainparams".
datafile is
populations.str
Reading file "extraparams".
Reading file "populations.str".


Data file "populations.str" (truncated) --

Ind:   Label Pop : Genotype_data . . . .
  1: 18160D-09-0    1  :  4   1   3   1   4   1   3  . . . .   2
  1: 18160D-09-0    1  :  4   1   3   1   4   4   4  . . . .   4
  2: 18160D-09-0    1  :  4   1   3   1   4   1   3  . . . .   2
  2: 18160D-09-0    1  :  4   1   3   1   4   4   3  . . . .   4
  3: 18160D-09-0    1  :  4   1   0   0   0   0   3  . . . .   2
  3: 18160D-09-0    1  :  4   3   0   0   0   0   3  . . . .   4
  4: 18160D-09-0    1  :  4   1   3   1   4   1   3  . . . .   2
  4: 18160D-09-0    1  :  4   3   3   1   4   1   3  . . . .   4

      *******   

 22: 18160D-09-2    1  :  4   1   3   1   4   1   3  . . . .   2
 22: 18160D-09-2    1  :  4   3   3   1   4   1   4  . . . .   4
 23: 18160D-09-2    1  :  4   1   3   1   4   1   3  . . . .   2
 23: 18160D-09-2    1  :  4   1   3   1   4   4   4  . . . .   4

Number of alleles per locus: min= 2; ave=2.0; max= 2


--------------------------------------

Finished initialization; starting MCMC 
5000 iterations + 1000 burnin


--------------------------------------------
Proportion of membership of each pre-defined
 population in each of the 4 clusters

Given    Inferred Clusters              Number of
 Pop       1      2      3      4      Individuals

  1:     0.243  0.248  0.252  0.257       23
--------------------------------------------

 Rep#:   Lambda   Alpha      F1    F2    F3    F4     D1,2  D1,3  D1,4  D2,3  D2,4  D3,4    Ln Like 
  100:    1.00    1.687    0.010 0.010 0.010 0.010    0.003 0.003 0.003 0.003 0.003 0.003   --  
  200:    1.00    2.124    0.010 0.010 0.010 0.010    0.003 0.003 0.003 0.003 0.003 0.003   --  
  300:    1.00    2.211    0.010 0.010 0.010 0.010    0.003 0.003 0.003 0.003 0.003 0.003   --  
  400:    1.00    2.405    0.010 0.010 0.010 0.010    0.003 0.003 0.003 0.003 0.003 0.003   --  
  500:    1.00    2.409    0.010 0.010 0.010 0.010    0.003 0.003 0.003 0.003 0.003 0.003   --  
  600:    1.00    2.646    0.010 0.010 0.010 0.010    0.003 0.003 0.003 0.003 0.003 0.003   --  
  700:    1.00    2.574    0.010 0.010 0.010 0.010    0.003 0.003 0.003 0.003 0.003 0.003   --  
  800:    1.00    2.751    0.010 0.010 0.010 0.010    0.003 0.003 0.003 0.003 0.003 0.003   --  
  900:    1.00    2.694    0.010 0.010 0.010 0.010    0.003 0.003 0.003 0.003 0.003 0.003   --  
 1000:    1.00    2.656    0.010 0.010 0.010 0.010    0.003 0.003 0.003 0.003 0.003 0.003   --  

BURNIN completed
 Rep#:   Lambda   Alpha      F1    F2    F3    F4     D1,2  D1,3  D1,4  D2,3  D2,4  D3,4    Ln Like  Est Ln P(D)
 1100:    1.00    2.149    0.010 0.010 0.010 0.010    0.003 0.003 0.003 0.003 0.003 0.003   -1022432    0 
 1200:    1.00    1.678    0.010 0.010 0.011 0.010    0.003 0.003 0.003 0.003 0.003 0.003   -1021665    0 
 1300:    1.00    1.244    0.010 0.010 0.011 0.010    0.003 0.003 0.003 0.003 0.003 0.003   -1020844    0 
 1400:    1.00    0.520    0.010 0.010 0.011 0.010    0.003 0.003 0.003 0.003 0.003 0.003   -1019826    0 
 1500:    1.00    0.485    0.010 0.010 0.011 0.010    0.003 0.003 0.003 0.003 0.003 0.003   -1019150    0 
 1600:    1.00    0.428    0.010 0.010 0.011 0.010    0.003 0.003 0.003 0.003 0.003 0.003   -1018271    0 
 1700:    1.00    0.202    0.010 0.010 0.011 0.010    0.003 0.003 0.003 0.003 0.003 0.003   -1017654    0 
 1800:    1.00    0.244    0.010 0.010 0.012 0.010    0.003 0.003 0.003 0.003 0.003 0.003   -1017314    0 
 1900:    1.00    0.214    0.010 0.010 0.012 0.010    0.003 0.003 0.003 0.003 0.003 0.004   -1016295    0 

--------------------------------------------
Proportion of membership of each pre-defined
 population in each of the 4 clusters

Given    Inferred Clusters              Number of
 Pop       1      2      3      4      Individuals

  1:     0.200  0.286  0.303  0.210       23
--------------------------------------------

 Rep#:   Lambda   Alpha      F1    F2    F3    F4     D1,2  D1,3  D1,4  D2,3  D2,4  D3,4    Ln Like  Est Ln P(D)
 2000:    1.00    0.259    0.010 0.010 0.013 0.010    0.003 0.004 0.003 0.004 0.003 0.004   -1015526    0 
 2100:    1.00    0.158    0.010 0.010 0.014 0.010    0.003 0.004 0.003 0.004 0.003 0.004   -1014926    0 
 2200:    1.00    0.137    0.010 0.010 0.014 0.011    0.003 0.004 0.003 0.004 0.003 0.004   -1014497    0 
 2300:    1.00    0.069    0.010 0.010 0.016 0.011    0.003 0.004 0.003 0.004 0.003 0.004   -1013519    0 
 2400:    1.00    0.101    0.010 0.010 0.016 0.011    0.003 0.004 0.003 0.004 0.003 0.004   -1013840    0 
 2500:    1.00    0.076    0.010 0.010 0.020 0.011    0.003 0.005 0.003 0.005 0.003 0.005   -1011881    0 
 2600:    1.00    0.066    0.010 0.010 0.022 0.011    0.003 0.005 0.003 0.005 0.003 0.005   -1010625    0 
 2700:    1.00    0.087    0.010 0.010 0.028 0.011    0.003 0.006 0.003 0.006 0.003 0.006   -1009285    0 
 2800:    1.00    0.080    0.010 0.010 0.038 0.011    0.003 0.008 0.003 0.008 0.003 0.008   -1006350    0 
 2900:    1.00    0.065    0.010 0.010 0.063 0.011    0.003 0.012 0.003 0.012 0.003 0.012   -1002377    0 

--------------------------------------------
Proportion of membership of each pre-defined
 population in each of the 4 clusters

Given    Inferred Clusters              Number of
 Pop       1      2      3      4      Individuals

  1:     0.218  0.328  0.235  0.219       23
--------------------------------------------

 Rep#:   Lambda   Alpha      F1    F2    F3    F4     D1,2  D1,3  D1,4  D2,3  D2,4  D3,4    Ln Like  Est Ln P(D)
 3000:    1.00    0.046    0.010 0.010 0.086 0.011    0.003 0.015 0.003 0.015 0.003 0.015   -999273    0 
 3100:    1.00    0.057    0.010 0.010 0.086 0.011    0.003 0.015 0.003 0.015 0.003 0.015   -999541    0 
 3200:    1.00    0.064    0.010 0.010 0.103 0.012    0.003 0.017 0.003 0.017 0.003 0.018   -997486    0 
 3300:    1.00    0.050    0.010 0.010 0.108 0.012    0.003 0.018 0.003 0.018 0.003 0.019   -997245    0 
 3400:    1.00    0.064    0.010 0.010 0.112 0.013    0.003 0.019 0.004 0.019 0.004 0.019   -996534    0 
 3500:    1.00    0.085    0.010 0.010 0.114 0.013    0.003 0.019 0.004 0.019 0.004 0.020   -996362    0 
 3600:    1.00    0.059    0.010 0.010 0.116 0.013    0.003 0.019 0.004 0.019 0.004 0.020   -996366    0 
 3700:    1.00    0.054    0.010 0.010 0.117 0.014    0.003 0.020 0.004 0.019 0.004 0.021   -996144    0 
 3800:    1.00    0.051    0.010 0.010 0.118 0.014    0.003 0.020 0.004 0.020 0.004 0.021   -996189    0 
 3900:    1.00    0.043    0.010 0.010 0.121 0.014    0.003 0.020 0.004 0.020 0.004 0.021   -995550    0 

--------------------------------------------
Proportion of membership of each pre-defined
 population in each of the 4 clusters

Given    Inferred Clusters              Number of
 Pop       1      2      3      4      Individuals

  1:     0.236  0.326  0.220  0.218       23
--------------------------------------------

 Rep#:   Lambda   Alpha      F1    F2    F3    F4     D1,2  D1,3  D1,4  D2,3  D2,4  D3,4    Ln Like  Est Ln P(D)
 4000:    1.00    0.084    0.010 0.010 0.128 0.014    0.003 0.021 0.004 0.021 0.004 0.022   -994974    0 
 4100:    1.00    0.056    0.010 0.010 0.130 0.014    0.003 0.021 0.004 0.021 0.004 0.022   -994810    0 
 4200:    1.00    0.060    0.010 0.010 0.130 0.015    0.003 0.021 0.004 0.021 0.004 0.022   -995018    0 
 4300:    1.00    0.073    0.010 0.010 0.130 0.016    0.003 0.021 0.004 0.021 0.004 0.022   -994647    0 
 4400:    1.00    0.057    0.010 0.011 0.134 0.017    0.003 0.022 0.004 0.022 0.004 0.023   -994404    0 
 4500:    1.00    0.068    0.010 0.011 0.133 0.018    0.003 0.022 0.004 0.022 0.004 0.023   -994117    0 
 4600:    1.00    0.042    0.010 0.011 0.133 0.018    0.003 0.022 0.004 0.022 0.004 0.023   -994591    0 
 4700:    1.00    0.054    0.010 0.011 0.135 0.018    0.003 0.022 0.004 0.022 0.005 0.024   -994340    0 
 4800:    1.00    0.062    0.010 0.011 0.137 0.019    0.003 0.022 0.005 0.022 0.005 0.024   -994264    0 
 4900:    1.00    0.056    0.010 0.011 0.137 0.019    0.003 0.022 0.005 0.022 0.005 0.024   -993711    0 

--------------------------------------------
Proportion of membership of each pre-defined
 population in each of the 4 clusters

Given    Inferred Clusters              Number of
 Pop       1      2      3      4      Individuals

  1:     0.259  0.317  0.207  0.217       23
--------------------------------------------

 Rep#:   Lambda   Alpha      F1    F2    F3    F4     D1,2  D1,3  D1,4  D2,3  D2,4  D3,4    Ln Like  Est Ln P(D)
 5000:    1.00    0.035    0.010 0.011 0.138 0.021    0.003 0.022 0.005 0.022 0.005 0.024   -993528    0 
 5100:    1.00    0.031    0.010 0.011 0.138 0.023    0.003 0.023 0.005 0.023 0.005 0.025   -992585    0 
 5200:    1.00    0.063    0.010 0.011 0.140 0.026    0.003 0.023 0.006 0.023 0.006 0.026   -991935    0 
 5300:    1.00    0.044    0.010 0.011 0.140 0.027    0.003 0.022 0.006 0.022 0.006 0.026   -991818    0 
 5400:    1.00    0.068    0.010 0.011 0.143 0.030    0.003 0.023 0.006 0.023 0.007 0.027   -990954    0 
 5500:    1.00    0.071    0.010 0.011 0.144 0.031    0.003 0.023 0.007 0.023 0.007 0.027   -990556    0 
 5600:    1.00    0.066    0.011 0.011 0.145 0.038    0.003 0.023 0.008 0.023 0.008 0.028   -989945    0 
 5700:    1.00    0.050    0.011 0.011 0.146 0.042    0.003 0.023 0.008 0.023 0.008 0.029   -989216    0 
 5800:    1.00    0.050    0.011 0.011 0.145 0.044    0.003 0.023 0.009 0.023 0.009 0.029   -989101    0 
 5900:    1.00    0.058    0.011 0.011 0.145 0.044    0.003 0.023 0.009 0.023 0.009 0.029   -989059    0 
 6000:    1.00    0.043    0.011 0.011 0.144 0.050    0.003 0.023 0.010 0.023 0.010 0.030   -988383    0 

MCMC completed

Inferred ancestry of individuals:
        Label (%Miss) Pop:  Inferred clusters
  1 18160D-09-0    (2)    1 :  0.665 0.261 0.064 0.010 
  2 18160D-09-0    (4)    1 :  0.567 0.382 0.045 0.006 
  3 18160D-09-0    (2)    1 :  0.005 0.153 0.834 0.008 
  4 18160D-09-0    (5)    1 :  0.001 0.011 0.983 0.005 
  5 18160D-09-0    (4)    1 :  0.043 0.016 0.937 0.004 
  6 18160D-09-0    (4)    1 :  0.003 0.041 0.953 0.003 
  7 18160D-09-0    (2)    1 :  0.001 0.016 0.979 0.004 
  8 18160D-09-0    (4)    1 :  0.125 0.812 0.048 0.016 
  9 18160D-09-0    (2)    1 :  0.067 0.045 0.001 0.887 
 10 18160D-09-1    (2)    1 :  0.007 0.001 0.000 0.992 
 11 18160D-09-1    (2)    1 :  0.027 0.009 0.004 0.960 
 12 18160D-09-1    (2)    1 :  0.043 0.024 0.005 0.928 
 13 18160D-09-1    (5)    1 :  0.601 0.161 0.205 0.032 
 14 18160D-09-1   (18)    1 :  0.216 0.623 0.153 0.008 
 15 18160D-09-1    (4)    1 :  0.414 0.518 0.043 0.026 
 16 18160D-09-1    (2)    1 :  0.013 0.006 0.001 0.980 
 17 18160D-09-1    (2)    1 :  0.196 0.718 0.079 0.008 
 18 18160D-09-1    (2)    1 :  0.045 0.936 0.012 0.007 
 19 18160D-09-1    (2)    1 :  0.881 0.075 0.032 0.012 
 20 18160D-09-2    (5)    1 :  0.091 0.845 0.055 0.009 
 21 18160D-09-2    (5)    1 :  0.497 0.283 0.194 0.025 
 22 18160D-09-2    (5)    1 :  0.736 0.246 0.014 0.005 
 23 18160D-09-2    (2)    1 :  0.093 0.852 0.042 0.012 

Command line arguments:   structure -D 858153 -K 4 -m mainparams -o k4/populations_k4_run3 
Input File:    populations.str
Output File:   k4/populations_k4_run3_f

Run parameters:
   23 individuals
   50160 loci
   4 populations assumed
   1000 Burn-in period
   5000 Reps
RANDOMIZE turned off

--------------------------------------------
Estimated Ln Prob of Data   = -62443170.9
Mean value of ln likelihood = -1002334.1
Variance of ln likelihood   = 122881673.6
Mean value of alpha         = 0.2281

Mean value of Fst_1         = 0.0103
Mean value of Fst_2         = 0.0102
Mean value of Fst_3         = 0.0850
Mean value of Fst_4         = 0.0171


--------------------------------------------
Proportion of membership of each pre-defined
 population in each of the 4 clusters

Given    Inferred Clusters              Number of
 Pop       1      2      3      4      Individuals

  1:     0.232  0.306  0.247  0.215       23
--------------------------------------------
Final results printed to file k4/populations_k4_run3_f

