

----------------------------------------------------
STRUCTURE by Pritchard, Stephens and Donnelly (2000)
     and Falush, Stephens and Pritchard (2003)
       Code by Pritchard, Falush and Hubisz
             Version 2.3.4 (Jul 2012)
----------------------------------------------------


Reading file "mainparams".
datafile is
populations.str
Reading file "extraparams".
Reading file "populations.str".


Data file "populations.str" (truncated) --

Ind:   Label Pop : Genotype_data . . . .
  1: 18160D-09-0    1  :  4   1   3   1   4   1   3  . . . .   2
  1: 18160D-09-0    1  :  4   1   3   1   4   4   4  . . . .   4
  2: 18160D-09-0    1  :  4   1   3   1   4   1   3  . . . .   2
  2: 18160D-09-0    1  :  4   1   3   1   4   4   3  . . . .   4
  3: 18160D-09-0    1  :  4   1   0   0   0   0   3  . . . .   2
  3: 18160D-09-0    1  :  4   3   0   0   0   0   3  . . . .   4
  4: 18160D-09-0    1  :  4   1   3   1   4   1   3  . . . .   2
  4: 18160D-09-0    1  :  4   3   3   1   4   1   3  . . . .   4

      *******   

 22: 18160D-09-2    1  :  4   1   3   1   4   1   3  . . . .   2
 22: 18160D-09-2    1  :  4   3   3   1   4   1   4  . . . .   4
 23: 18160D-09-2    1  :  4   1   3   1   4   1   3  . . . .   2
 23: 18160D-09-2    1  :  4   1   3   1   4   4   4  . . . .   4

Number of alleles per locus: min= 2; ave=2.0; max= 2


--------------------------------------

Finished initialization; starting MCMC 
5000 iterations + 1000 burnin


--------------------------------------------
Proportion of membership of each pre-defined
 population in each of the 4 clusters

Given    Inferred Clusters              Number of
 Pop       1      2      3      4      Individuals

  1:     0.247  0.252  0.245  0.256       23
--------------------------------------------

 Rep#:   Lambda   Alpha      F1    F2    F3    F4     D1,2  D1,3  D1,4  D2,3  D2,4  D3,4    Ln Like 
  100:    1.00    1.336    0.010 0.010 0.010 0.010    0.003 0.003 0.003 0.003 0.003 0.003   --  
  200:    1.00    1.958    0.010 0.010 0.010 0.010    0.003 0.003 0.003 0.003 0.003 0.003   --  
  300:    1.00    2.395    0.010 0.010 0.010 0.010    0.003 0.003 0.003 0.003 0.003 0.003   --  
  400:    1.00    2.630    0.010 0.010 0.010 0.010    0.003 0.003 0.003 0.003 0.003 0.003   --  
  500:    1.00    3.084    0.010 0.010 0.010 0.010    0.003 0.003 0.003 0.003 0.003 0.003   --  
  600:    1.00    3.155    0.010 0.010 0.010 0.010    0.003 0.003 0.003 0.003 0.003 0.003   --  
  700:    1.00    2.602    0.010 0.010 0.010 0.010    0.003 0.003 0.003 0.003 0.003 0.003   --  
  800:    1.00    2.651    0.010 0.010 0.010 0.010    0.003 0.003 0.003 0.003 0.003 0.003   --  
  900:    1.00    2.295    0.010 0.010 0.010 0.010    0.003 0.003 0.003 0.003 0.003 0.003   --  
 1000:    1.00    2.511    0.010 0.010 0.010 0.010    0.003 0.003 0.003 0.003 0.003 0.003   --  

BURNIN completed
 Rep#:   Lambda   Alpha      F1    F2    F3    F4     D1,2  D1,3  D1,4  D2,3  D2,4  D3,4    Ln Like  Est Ln P(D)
 1100:    1.00    1.775    0.010 0.010 0.010 0.010    0.003 0.003 0.003 0.003 0.003 0.003   -1022418    0 
 1200:    1.00    1.482    0.011 0.010 0.010 0.010    0.003 0.003 0.003 0.003 0.003 0.003   -1021655    0 
 1300:    1.00    0.782    0.011 0.010 0.010 0.010    0.003 0.003 0.003 0.003 0.003 0.003   -1021121    0 
 1400:    1.00    0.778    0.012 0.010 0.010 0.010    0.003 0.003 0.003 0.003 0.003 0.003   -1020250    0 
 1500:    1.00    0.685    0.012 0.010 0.010 0.010    0.003 0.003 0.003 0.003 0.003 0.003   -1019999    0 
 1600:    1.00    0.420    0.013 0.010 0.010 0.010    0.003 0.004 0.004 0.003 0.003 0.003   -1019059    0 
 1700:    1.00    0.389    0.015 0.010 0.010 0.010    0.004 0.004 0.004 0.003 0.003 0.003   -1018195    0 
 1800:    1.00    0.336    0.018 0.010 0.010 0.010    0.004 0.004 0.004 0.003 0.003 0.003   -1016899    0 
 1900:    1.00    0.380    0.025 0.010 0.010 0.010    0.005 0.006 0.006 0.003 0.003 0.003   -1014635    0 

--------------------------------------------
Proportion of membership of each pre-defined
 population in each of the 4 clusters

Given    Inferred Clusters              Number of
 Pop       1      2      3      4      Individuals

  1:     0.260  0.237  0.278  0.224       23
--------------------------------------------

 Rep#:   Lambda   Alpha      F1    F2    F3    F4     D1,2  D1,3  D1,4  D2,3  D2,4  D3,4    Ln Like  Est Ln P(D)
 2000:    1.00    0.238    0.037 0.010 0.010 0.011    0.008 0.008 0.008 0.003 0.003 0.003   -1011598    0 
 2100:    1.00    0.201    0.037 0.010 0.010 0.011    0.008 0.008 0.008 0.003 0.003 0.003   -1011215    0 
 2200:    1.00    0.166    0.088 0.010 0.010 0.011    0.014 0.014 0.015 0.003 0.003 0.003   -1003711    0 
 2300:    1.00    0.217    0.096 0.010 0.010 0.011    0.016 0.017 0.017 0.003 0.003 0.003   -1002426    0 
 2400:    1.00    0.160    0.101 0.010 0.010 0.011    0.017 0.017 0.017 0.003 0.003 0.003   -1001499    0 
 2500:    1.00    0.129    0.108 0.010 0.010 0.011    0.018 0.018 0.018 0.003 0.003 0.003   -1000902    0 
 2600:    1.00    0.142    0.114 0.010 0.010 0.011    0.019 0.019 0.019 0.003 0.003 0.003   -1000572    0 
 2700:    1.00    0.186    0.114 0.010 0.010 0.011    0.019 0.019 0.019 0.003 0.003 0.003   -1000443    0 
 2800:    1.00    0.187    0.114 0.010 0.010 0.011    0.019 0.019 0.019 0.003 0.003 0.003   -1000176    0 
 2900:    1.00    0.229    0.117 0.010 0.010 0.011    0.019 0.019 0.020 0.003 0.003 0.003   -999963    0 

--------------------------------------------
Proportion of membership of each pre-defined
 population in each of the 4 clusters

Given    Inferred Clusters              Number of
 Pop       1      2      3      4      Individuals

  1:     0.240  0.287  0.288  0.186       23
--------------------------------------------

 Rep#:   Lambda   Alpha      F1    F2    F3    F4     D1,2  D1,3  D1,4  D2,3  D2,4  D3,4    Ln Like  Est Ln P(D)
 3000:    1.00    0.127    0.121 0.010 0.010 0.011    0.020 0.020 0.020 0.003 0.003 0.003   -999434    0 
 3100:    1.00    0.208    0.127 0.010 0.010 0.011    0.021 0.021 0.021 0.003 0.003 0.003   -999340    0 
 3200:    1.00    0.143    0.136 0.010 0.010 0.011    0.022 0.022 0.022 0.003 0.003 0.003   -998308    0 
 3300:    1.00    0.182    0.136 0.010 0.010 0.011    0.022 0.022 0.022 0.003 0.003 0.003   -999077    0 
 3400:    1.00    0.160    0.138 0.010 0.010 0.011    0.022 0.022 0.023 0.003 0.003 0.003   -997911    0 
 3500:    1.00    0.180    0.141 0.010 0.010 0.011    0.023 0.023 0.023 0.003 0.003 0.003   -998444    0 
 3600:    1.00    0.106    0.141 0.010 0.010 0.011    0.023 0.023 0.023 0.003 0.003 0.003   -998003    0 
 3700:    1.00    0.068    0.143 0.010 0.010 0.011    0.023 0.023 0.024 0.003 0.003 0.003   -997874    0 
 3800:    1.00    0.075    0.145 0.010 0.010 0.012    0.023 0.023 0.023 0.003 0.003 0.003   -997823    0 
 3900:    1.00    0.094    0.144 0.010 0.010 0.012    0.023 0.023 0.024 0.003 0.003 0.003   -997489    0 

--------------------------------------------
Proportion of membership of each pre-defined
 population in each of the 4 clusters

Given    Inferred Clusters              Number of
 Pop       1      2      3      4      Individuals

  1:     0.231  0.302  0.284  0.184       23
--------------------------------------------

 Rep#:   Lambda   Alpha      F1    F2    F3    F4     D1,2  D1,3  D1,4  D2,3  D2,4  D3,4    Ln Like  Est Ln P(D)
 4000:    1.00    0.092    0.145 0.010 0.011 0.012    0.023 0.023 0.024 0.003 0.003 0.004   -997029    0 
 4100:    1.00    0.181    0.143 0.010 0.011 0.012    0.023 0.023 0.024 0.003 0.003 0.004   -997498    0 
 4200:    1.00    0.141    0.144 0.010 0.011 0.012    0.023 0.023 0.024 0.003 0.003 0.004   -997351    0 
 4300:    1.00    0.090    0.148 0.010 0.011 0.013    0.024 0.024 0.024 0.003 0.004 0.004   -996954    0 
 4400:    1.00    0.095    0.147 0.010 0.011 0.013    0.023 0.024 0.024 0.003 0.003 0.004   -997038    0 
 4500:    1.00    0.130    0.146 0.010 0.011 0.013    0.023 0.023 0.024 0.003 0.004 0.004   -996822    0 
 4600:    1.00    0.112    0.144 0.010 0.011 0.014    0.023 0.023 0.024 0.003 0.004 0.004   -996432    0 
 4700:    1.00    0.130    0.143 0.010 0.011 0.014    0.023 0.023 0.024 0.003 0.004 0.004   -996571    0 
 4800:    1.00    0.098    0.144 0.010 0.011 0.014    0.023 0.023 0.024 0.003 0.004 0.004   -996437    0 
 4900:    1.00    0.111    0.145 0.010 0.011 0.014    0.023 0.024 0.024 0.003 0.004 0.004   -995751    0 

--------------------------------------------
Proportion of membership of each pre-defined
 population in each of the 4 clusters

Given    Inferred Clusters              Number of
 Pop       1      2      3      4      Individuals

  1:     0.227  0.310  0.265  0.198       23
--------------------------------------------

 Rep#:   Lambda   Alpha      F1    F2    F3    F4     D1,2  D1,3  D1,4  D2,3  D2,4  D3,4    Ln Like  Est Ln P(D)
 5000:    1.00    0.082    0.145 0.010 0.011 0.014    0.023 0.024 0.024 0.003 0.004 0.004   -996247    0 
 5100:    1.00    0.066    0.147 0.010 0.011 0.014    0.024 0.024 0.025 0.003 0.004 0.004   -995874    0 
 5200:    1.00    0.080    0.150 0.010 0.011 0.014    0.024 0.024 0.025 0.003 0.004 0.004   -995779    0 
 5300:    1.00    0.074    0.152 0.010 0.011 0.015    0.024 0.024 0.025 0.003 0.004 0.004   -995393    0 
 5400:    1.00    0.085    0.152 0.010 0.011 0.016    0.024 0.024 0.025 0.003 0.004 0.004   -994738    0 
 5500:    1.00    0.084    0.150 0.010 0.011 0.016    0.024 0.024 0.025 0.003 0.004 0.004   -994896    0 
 5600:    1.00    0.063    0.150 0.010 0.012 0.017    0.024 0.024 0.025 0.003 0.004 0.004   -994560    0 
 5700:    1.00    0.056    0.150 0.010 0.012 0.017    0.024 0.024 0.025 0.003 0.004 0.004   -994497    0 
 5800:    1.00    0.048    0.148 0.010 0.012 0.017    0.024 0.024 0.025 0.003 0.004 0.004   -994228    0 
 5900:    1.00    0.063    0.147 0.010 0.012 0.017    0.023 0.024 0.025 0.003 0.004 0.004   -994220    0 
 6000:    1.00    0.068    0.148 0.010 0.012 0.018    0.024 0.024 0.025 0.003 0.004 0.005   -994064    0 

MCMC completed

Inferred ancestry of individuals:
        Label (%Miss) Pop:  Inferred clusters
  1 18160D-09-0    (2)    1 :  0.096 0.406 0.478 0.019 
  2 18160D-09-0    (4)    1 :  0.103 0.683 0.090 0.124 
  3 18160D-09-0    (2)    1 :  0.815 0.096 0.008 0.081 
  4 18160D-09-0    (5)    1 :  0.994 0.002 0.001 0.003 
  5 18160D-09-0    (4)    1 :  0.924 0.063 0.008 0.004 
  6 18160D-09-0    (4)    1 :  0.957 0.036 0.001 0.005 
  7 18160D-09-0    (2)    1 :  0.991 0.002 0.003 0.004 
  8 18160D-09-0    (4)    1 :  0.053 0.100 0.817 0.030 
  9 18160D-09-0    (2)    1 :  0.008 0.435 0.185 0.372 
 10 18160D-09-1    (2)    1 :  0.002 0.007 0.032 0.960 
 11 18160D-09-1    (2)    1 :  0.011 0.142 0.138 0.708 
 12 18160D-09-1    (2)    1 :  0.004 0.385 0.165 0.446 
 13 18160D-09-1    (5)    1 :  0.141 0.554 0.170 0.135 
 14 18160D-09-1   (18)    1 :  0.144 0.320 0.472 0.065 
 15 18160D-09-1    (4)    1 :  0.014 0.709 0.205 0.073 
 16 18160D-09-1    (2)    1 :  0.002 0.005 0.030 0.963 
 17 18160D-09-1    (2)    1 :  0.100 0.515 0.228 0.156 
 18 18160D-09-1    (2)    1 :  0.008 0.043 0.919 0.031 
 19 18160D-09-1    (2)    1 :  0.058 0.785 0.016 0.142 
 20 18160D-09-2    (5)    1 :  0.022 0.299 0.636 0.044 
 21 18160D-09-2    (5)    1 :  0.090 0.486 0.216 0.208 
 22 18160D-09-2    (5)    1 :  0.002 0.059 0.907 0.033 
 23 18160D-09-2    (2)    1 :  0.066 0.258 0.540 0.136 

Command line arguments:   structure -D 357959 -K 4 -m mainparams -o k4/populations_k4_run1 
Input File:    populations.str
Output File:   k4/populations_k4_run1_f

Run parameters:
   23 individuals
   50160 loci
   4 populations assumed
   1000 Burn-in period
   5000 Reps
RANDOMIZE turned off

--------------------------------------------
Estimated Ln Prob of Data   = -41846092.1
Mean value of ln likelihood = -1002373.2
Variance of ln likelihood   = 81687437.8
Mean value of alpha         = 0.2660

Mean value of Fst_1         = 0.1089
Mean value of Fst_2         = 0.0097
Mean value of Fst_3         = 0.0105
Mean value of Fst_4         = 0.0122


--------------------------------------------
Proportion of membership of each pre-defined
 population in each of the 4 clusters

Given    Inferred Clusters              Number of
 Pop       1      2      3      4      Individuals

  1:     0.244  0.278  0.272  0.206       23
--------------------------------------------
Final results printed to file k4/populations_k4_run1_f

