

----------------------------------------------------
STRUCTURE by Pritchard, Stephens and Donnelly (2000)
     and Falush, Stephens and Pritchard (2003)
       Code by Pritchard, Falush and Hubisz
             Version 2.3.4 (Jul 2012)
----------------------------------------------------


Reading file "mainparams".
datafile is
populations.str
Reading file "extraparams".
Reading file "populations.str".


Data file "populations.str" (truncated) --

Ind:   Label Pop : Genotype_data . . . .
  1: 18160D-09-0    1  :  4   1   3   1   4   1   3  . . . .   2
  1: 18160D-09-0    1  :  4   1   3   1   4   4   4  . . . .   4
  2: 18160D-09-0    1  :  4   1   3   1   4   1   3  . . . .   2
  2: 18160D-09-0    1  :  4   1   3   1   4   4   3  . . . .   4
  3: 18160D-09-0    1  :  4   1   0   0   0   0   3  . . . .   2
  3: 18160D-09-0    1  :  4   3   0   0   0   0   3  . . . .   4
  4: 18160D-09-0    1  :  4   1   3   1   4   1   3  . . . .   2
  4: 18160D-09-0    1  :  4   3   3   1   4   1   3  . . . .   4

      *******   

 22: 18160D-09-2    1  :  4   1   3   1   4   1   3  . . . .   2
 22: 18160D-09-2    1  :  4   3   3   1   4   1   4  . . . .   4
 23: 18160D-09-2    1  :  4   1   3   1   4   1   3  . . . .   2
 23: 18160D-09-2    1  :  4   1   3   1   4   4   4  . . . .   4

Number of alleles per locus: min= 2; ave=2.0; max= 2


--------------------------------------

Finished initialization; starting MCMC 
5000 iterations + 1000 burnin


--------------------------------------------
Proportion of membership of each pre-defined
 population in each of the 4 clusters

Given    Inferred Clusters              Number of
 Pop       1      2      3      4      Individuals

  1:     0.251  0.253  0.255  0.242       23
--------------------------------------------

 Rep#:   Lambda   Alpha      F1    F2    F3    F4     D1,2  D1,3  D1,4  D2,3  D2,4  D3,4    Ln Like 
  100:    1.00    1.481    0.010 0.010 0.010 0.010    0.003 0.003 0.003 0.003 0.003 0.003   --  
  200:    1.00    1.864    0.010 0.010 0.010 0.010    0.003 0.003 0.003 0.003 0.003 0.003   --  
  300:    1.00    2.511    0.010 0.010 0.010 0.010    0.003 0.003 0.003 0.003 0.003 0.003   --  
  400:    1.00    3.059    0.010 0.010 0.010 0.010    0.003 0.003 0.003 0.003 0.003 0.003   --  
  500:    1.00    3.403    0.010 0.010 0.010 0.010    0.003 0.003 0.003 0.003 0.003 0.003   --  
  600:    1.00    3.336    0.010 0.010 0.010 0.010    0.003 0.003 0.003 0.003 0.003 0.003   --  
  700:    1.00    3.003    0.010 0.010 0.010 0.010    0.003 0.003 0.003 0.003 0.003 0.003   --  
  800:    1.00    2.947    0.010 0.010 0.010 0.010    0.003 0.003 0.003 0.003 0.003 0.003   --  
  900:    1.00    2.914    0.010 0.010 0.010 0.010    0.003 0.003 0.003 0.003 0.003 0.003   --  
 1000:    1.00    2.297    0.011 0.010 0.010 0.010    0.003 0.003 0.003 0.003 0.003 0.003   --  

BURNIN completed
 Rep#:   Lambda   Alpha      F1    F2    F3    F4     D1,2  D1,3  D1,4  D2,3  D2,4  D3,4    Ln Like  Est Ln P(D)
 1100:    1.00    2.024    0.011 0.010 0.010 0.010    0.003 0.003 0.003 0.003 0.003 0.003   -1021595    0 
 1200:    1.00    1.197    0.011 0.010 0.010 0.010    0.003 0.003 0.003 0.003 0.003 0.003   -1020753    0 
 1300:    1.00    1.018    0.011 0.010 0.010 0.010    0.003 0.003 0.003 0.003 0.003 0.003   -1019319    0 
 1400:    1.00    0.652    0.011 0.011 0.010 0.010    0.003 0.003 0.003 0.003 0.003 0.003   -1018435    0 
 1500:    1.00    0.514    0.011 0.011 0.010 0.010    0.004 0.003 0.003 0.003 0.003 0.003   -1017201    0 
 1600:    1.00    0.237    0.012 0.011 0.010 0.010    0.004 0.004 0.003 0.003 0.003 0.003   -1015989    0 
 1700:    1.00    0.254    0.012 0.011 0.010 0.010    0.004 0.004 0.003 0.003 0.003 0.003   -1015245    0 
 1800:    1.00    0.169    0.013 0.011 0.010 0.010    0.004 0.004 0.004 0.003 0.003 0.003   -1013612    0 
 1900:    1.00    0.150    0.013 0.013 0.010 0.010    0.004 0.004 0.004 0.004 0.004 0.003   -1012373    0 

--------------------------------------------
Proportion of membership of each pre-defined
 population in each of the 4 clusters

Given    Inferred Clusters              Number of
 Pop       1      2      3      4      Individuals

  1:     0.252  0.236  0.278  0.234       23
--------------------------------------------

 Rep#:   Lambda   Alpha      F1    F2    F3    F4     D1,2  D1,3  D1,4  D2,3  D2,4  D3,4    Ln Like  Est Ln P(D)
 2000:    1.00    0.103    0.014 0.015 0.010 0.010    0.005 0.004 0.004 0.004 0.004 0.003   -1011869    0 
 2100:    1.00    0.126    0.014 0.016 0.010 0.010    0.005 0.004 0.004 0.004 0.004 0.003   -1011213    0 
 2200:    1.00    0.061    0.017 0.018 0.010 0.010    0.006 0.004 0.004 0.004 0.004 0.003   -1009356    0 
 2300:    1.00    0.089    0.021 0.018 0.010 0.010    0.006 0.005 0.005 0.005 0.004 0.003   -1007861    0 
 2400:    1.00    0.086    0.028 0.019 0.010 0.010    0.008 0.006 0.006 0.005 0.005 0.003   -1005992    0 
 2500:    1.00    0.064    0.029 0.020 0.010 0.010    0.008 0.006 0.006 0.005 0.005 0.003   -1005242    0 
 2600:    1.00    0.029    0.031 0.020 0.010 0.010    0.008 0.007 0.007 0.005 0.005 0.003   -1005236    0 
 2700:    1.00    0.041    0.050 0.020 0.011 0.010    0.012 0.010 0.010 0.005 0.005 0.003   -1000579    0 
 2800:    1.00    0.028    0.080 0.025 0.011 0.010    0.017 0.014 0.014 0.006 0.006 0.003   -996107    0 
 2900:    1.00    0.071    0.103 0.026 0.011 0.010    0.020 0.017 0.017 0.006 0.006 0.003   -993395    0 

--------------------------------------------
Proportion of membership of each pre-defined
 population in each of the 4 clusters

Given    Inferred Clusters              Number of
 Pop       1      2      3      4      Individuals

  1:     0.224  0.218  0.302  0.256       23
--------------------------------------------

 Rep#:   Lambda   Alpha      F1    F2    F3    F4     D1,2  D1,3  D1,4  D2,3  D2,4  D3,4    Ln Like  Est Ln P(D)
 3000:    1.00    0.047    0.107 0.028 0.011 0.010    0.021 0.018 0.018 0.006 0.006 0.003   -992765    0 
 3100:    1.00    0.056    0.110 0.028 0.011 0.010    0.021 0.018 0.018 0.006 0.006 0.003   -992451    0 
 3200:    1.00    0.066    0.116 0.028 0.011 0.010    0.023 0.019 0.019 0.006 0.006 0.003   -992453    0 
 3300:    1.00    0.048    0.116 0.033 0.011 0.010    0.023 0.019 0.019 0.007 0.007 0.003   -991871    0 
 3400:    1.00    0.059    0.120 0.036 0.011 0.010    0.024 0.019 0.020 0.007 0.007 0.003   -990183    0 
 3500:    1.00    0.053    0.122 0.037 0.011 0.010    0.025 0.020 0.020 0.008 0.008 0.003   -990199    0 
 3600:    1.00    0.035    0.123 0.038 0.011 0.010    0.025 0.020 0.020 0.008 0.008 0.003   -989850    0 
 3700:    1.00    0.036    0.124 0.039 0.011 0.010    0.025 0.020 0.020 0.008 0.008 0.003   -990200    0 
 3800:    1.00    0.067    0.126 0.039 0.011 0.010    0.026 0.021 0.021 0.008 0.008 0.003   -989775    0 
 3900:    1.00    0.068    0.128 0.039 0.011 0.010    0.026 0.021 0.021 0.008 0.008 0.003   -990366    0 

--------------------------------------------
Proportion of membership of each pre-defined
 population in each of the 4 clusters

Given    Inferred Clusters              Number of
 Pop       1      2      3      4      Individuals

  1:     0.216  0.205  0.337  0.243       23
--------------------------------------------

 Rep#:   Lambda   Alpha      F1    F2    F3    F4     D1,2  D1,3  D1,4  D2,3  D2,4  D3,4    Ln Like  Est Ln P(D)
 4000:    1.00    0.060    0.128 0.039 0.011 0.010    0.026 0.021 0.021 0.008 0.008 0.003   -990380    0 
 4100:    1.00    0.054    0.128 0.041 0.011 0.011    0.026 0.021 0.021 0.008 0.008 0.003   -990114    0 
 4200:    1.00    0.062    0.132 0.042 0.011 0.011    0.027 0.021 0.021 0.009 0.008 0.003   -989439    0 
 4300:    1.00    0.056    0.131 0.043 0.011 0.011    0.027 0.021 0.021 0.009 0.009 0.003   -990088    0 
 4400:    1.00    0.040    0.133 0.050 0.011 0.011    0.028 0.022 0.022 0.010 0.010 0.003   -988701    0 
 4500:    1.00    0.041    0.134 0.059 0.011 0.011    0.030 0.022 0.022 0.011 0.011 0.003   -988042    0 
 4600:    1.00    0.067    0.134 0.064 0.011 0.011    0.031 0.022 0.021 0.012 0.012 0.003   -987152    0 
 4700:    1.00    0.102    0.135 0.073 0.011 0.011    0.032 0.022 0.022 0.014 0.014 0.003   -987030    0 
 4800:    1.00    0.056    0.138 0.079 0.011 0.011    0.034 0.022 0.022 0.015 0.015 0.003   -985918    0 
 4900:    1.00    0.055    0.139 0.094 0.011 0.011    0.037 0.022 0.023 0.017 0.017 0.003   -985559    0 

--------------------------------------------
Proportion of membership of each pre-defined
 population in each of the 4 clusters

Given    Inferred Clusters              Number of
 Pop       1      2      3      4      Individuals

  1:     0.213  0.151  0.386  0.250       23
--------------------------------------------

 Rep#:   Lambda   Alpha      F1    F2    F3    F4     D1,2  D1,3  D1,4  D2,3  D2,4  D3,4    Ln Like  Est Ln P(D)
 5000:    1.00    0.033    0.140 0.105 0.011 0.011    0.038 0.022 0.022 0.019 0.019 0.003   -984592    0 
 5100:    1.00    0.050    0.137 0.126 0.011 0.011    0.042 0.022 0.022 0.022 0.022 0.003   -983348    0 
 5200:    1.00    0.089    0.137 0.134 0.011 0.011    0.043 0.022 0.022 0.024 0.024 0.003   -984047    0 
 5300:    1.00    0.042    0.141 0.168 0.011 0.011    0.048 0.023 0.023 0.028 0.028 0.003   -982102    0 
 5400:    1.00    0.052    0.141 0.171 0.011 0.011    0.049 0.023 0.023 0.030 0.030 0.003   -981500    0 
 5500:    1.00    0.048    0.145 0.186 0.011 0.011    0.052 0.023 0.023 0.032 0.031 0.003   -980637    0 
 5600:    1.00    0.069    0.144 0.200 0.011 0.011    0.054 0.023 0.023 0.034 0.034 0.003   -980482    0 
 5700:    1.00    0.076    0.142 0.204 0.011 0.011    0.054 0.023 0.023 0.035 0.035 0.003   -979962    0 
 5800:    1.00    0.041    0.141 0.206 0.011 0.011    0.054 0.023 0.023 0.035 0.035 0.003   -979955    0 
 5900:    1.00    0.045    0.144 0.208 0.011 0.011    0.055 0.023 0.023 0.035 0.035 0.003   -979920    0 
 6000:    1.00    0.062    0.144 0.208 0.011 0.011    0.055 0.023 0.023 0.035 0.035 0.003   -979459    0 

MCMC completed

Inferred ancestry of individuals:
        Label (%Miss) Pop:  Inferred clusters
  1 18160D-09-0    (2)    1 :  0.109 0.027 0.237 0.627 
  2 18160D-09-0    (4)    1 :  0.061 0.012 0.530 0.396 
  3 18160D-09-0    (2)    1 :  0.830 0.005 0.156 0.009 
  4 18160D-09-0    (5)    1 :  0.995 0.001 0.001 0.003 
  5 18160D-09-0    (4)    1 :  0.936 0.001 0.006 0.057 
  6 18160D-09-0    (4)    1 :  0.967 0.002 0.010 0.022 
  7 18160D-09-0    (2)    1 :  0.989 0.001 0.005 0.006 
  8 18160D-09-0    (4)    1 :  0.054 0.016 0.864 0.067 
  9 18160D-09-0    (2)    1 :  0.002 0.722 0.257 0.019 
 10 18160D-09-1    (2)    1 :  0.001 0.993 0.004 0.003 
 11 18160D-09-1    (2)    1 :  0.004 0.841 0.011 0.144 
 12 18160D-09-1    (2)    1 :  0.004 0.724 0.257 0.016 
 13 18160D-09-1    (5)    1 :  0.080 0.021 0.519 0.380 
 14 18160D-09-1   (18)    1 :  0.072 0.015 0.477 0.436 
 15 18160D-09-1    (4)    1 :  0.021 0.025 0.634 0.320 
 16 18160D-09-1    (2)    1 :  0.003 0.975 0.011 0.011 
 17 18160D-09-1    (2)    1 :  0.062 0.059 0.830 0.049 
 18 18160D-09-1    (2)    1 :  0.017 0.044 0.015 0.924 
 19 18160D-09-1    (2)    1 :  0.019 0.017 0.023 0.941 
 20 18160D-09-2    (5)    1 :  0.007 0.022 0.950 0.021 
 21 18160D-09-2    (5)    1 :  0.077 0.038 0.616 0.269 
 22 18160D-09-2    (5)    1 :  0.016 0.018 0.956 0.010 
 23 18160D-09-2    (2)    1 :  0.011 0.012 0.036 0.941 

Command line arguments:   structure -D 286721 -K 4 -m mainparams -o k4/populations_k4_run2 
Input File:    populations.str
Output File:   k4/populations_k4_run2_f

Run parameters:
   23 individuals
   50160 loci
   4 populations assumed
   1000 Burn-in period
   5000 Reps
RANDOMIZE turned off

--------------------------------------------
Estimated Ln Prob of Data   = -87688024.8
Mean value of ln likelihood = -996275.8
Variance of ln likelihood   = 173383498.2
Mean value of alpha         = 0.2014

Mean value of Fst_1         = 0.0901
Mean value of Fst_2         = 0.0607
Mean value of Fst_3         = 0.0109
Mean value of Fst_4         = 0.0104


--------------------------------------------
Proportion of membership of each pre-defined
 population in each of the 4 clusters

Given    Inferred Clusters              Number of
 Pop       1      2      3      4      Individuals

  1:     0.232  0.200  0.322  0.246       23
--------------------------------------------
Final results printed to file k4/populations_k4_run2_f

