

----------------------------------------------------
STRUCTURE by Pritchard, Stephens and Donnelly (2000)
     and Falush, Stephens and Pritchard (2003)
       Code by Pritchard, Falush and Hubisz
             Version 2.3.4 (Jul 2012)
----------------------------------------------------


Reading file "mainparams".
datafile is
populations.str
Reading file "extraparams".
Reading file "populations.str".


Data file "populations.str" (truncated) --

Ind:   Label Pop : Genotype_data . . . .
  1: 18160D-09-0    1  :  4   1   3   1   4   1   3  . . . .   2
  1: 18160D-09-0    1  :  4   1   3   1   4   4   4  . . . .   4
  2: 18160D-09-0    1  :  4   1   3   1   4   1   3  . . . .   2
  2: 18160D-09-0    1  :  4   1   3   1   4   4   3  . . . .   4
  3: 18160D-09-0    1  :  4   1   0   0   0   0   3  . . . .   2
  3: 18160D-09-0    1  :  4   3   0   0   0   0   3  . . . .   4
  4: 18160D-09-0    1  :  4   1   3   1   4   1   3  . . . .   2
  4: 18160D-09-0    1  :  4   3   3   1   4   1   3  . . . .   4

      *******   

 22: 18160D-09-2    1  :  4   1   3   1   4   1   3  . . . .   2
 22: 18160D-09-2    1  :  4   3   3   1   4   1   4  . . . .   4
 23: 18160D-09-2    1  :  4   1   3   1   4   1   3  . . . .   2
 23: 18160D-09-2    1  :  4   1   3   1   4   4   4  . . . .   4

Number of alleles per locus: min= 2; ave=2.0; max= 2


--------------------------------------

Finished initialization; starting MCMC 
5000 iterations + 1000 burnin


--------------------------------------------
Proportion of membership of each pre-defined
 population in each of the 4 clusters

Given    Inferred Clusters              Number of
 Pop       1      2      3      4      Individuals

  1:     0.258  0.246  0.244  0.252       23
--------------------------------------------

 Rep#:   Lambda   Alpha      F1    F2    F3    F4     D1,2  D1,3  D1,4  D2,3  D2,4  D3,4    Ln Like 
  100:    1.00    1.836    0.010 0.010 0.010 0.010    0.003 0.003 0.003 0.003 0.003 0.003   --  
  200:    1.00    2.462    0.010 0.010 0.010 0.010    0.003 0.003 0.003 0.003 0.003 0.003   --  
  300:    1.00    2.941    0.010 0.010 0.010 0.010    0.003 0.003 0.003 0.003 0.003 0.003   --  
  400:    1.00    3.371    0.010 0.010 0.010 0.010    0.003 0.003 0.003 0.003 0.003 0.003   --  
  500:    1.00    4.066    0.010 0.010 0.010 0.010    0.003 0.003 0.003 0.003 0.003 0.003   --  
  600:    1.00    4.159    0.010 0.010 0.010 0.010    0.003 0.003 0.003 0.003 0.003 0.003   --  
  700:    1.00    4.606    0.010 0.010 0.010 0.010    0.003 0.003 0.003 0.003 0.003 0.003   --  
  800:    1.00    4.604    0.010 0.010 0.010 0.010    0.003 0.003 0.003 0.003 0.003 0.003   --  
  900:    1.00    4.288    0.010 0.010 0.010 0.010    0.003 0.003 0.003 0.003 0.003 0.003   --  
 1000:    1.00    4.165    0.010 0.010 0.010 0.010    0.003 0.003 0.003 0.003 0.003 0.003   --  

BURNIN completed
 Rep#:   Lambda   Alpha      F1    F2    F3    F4     D1,2  D1,3  D1,4  D2,3  D2,4  D3,4    Ln Like  Est Ln P(D)
 1100:    1.00    3.684    0.010 0.010 0.010 0.010    0.003 0.003 0.003 0.003 0.003 0.003   -1024479    0 
 1200:    1.00    3.503    0.010 0.010 0.010 0.010    0.003 0.003 0.003 0.003 0.003 0.003   -1023810    0 
 1300:    1.00    2.913    0.010 0.010 0.010 0.010    0.003 0.003 0.003 0.003 0.003 0.003   -1022368    0 
 1400:    1.00    2.431    0.010 0.010 0.010 0.010    0.003 0.003 0.003 0.003 0.003 0.003   -1021199    0 
 1500:    1.00    1.953    0.010 0.010 0.010 0.010    0.003 0.003 0.003 0.003 0.003 0.003   -1020229    0 
 1600:    1.00    1.429    0.010 0.011 0.010 0.010    0.003 0.003 0.003 0.003 0.003 0.003   -1019116    0 
 1700:    1.00    0.774    0.010 0.011 0.010 0.010    0.003 0.003 0.003 0.003 0.003 0.003   -1018360    0 
 1800:    1.00    0.381    0.011 0.011 0.010 0.010    0.003 0.003 0.003 0.003 0.003 0.003   -1017741    0 
 1900:    1.00    0.335    0.011 0.011 0.010 0.010    0.003 0.003 0.003 0.003 0.003 0.003   -1016850    0 

--------------------------------------------
Proportion of membership of each pre-defined
 population in each of the 4 clusters

Given    Inferred Clusters              Number of
 Pop       1      2      3      4      Individuals

  1:     0.239  0.220  0.295  0.246       23
--------------------------------------------

 Rep#:   Lambda   Alpha      F1    F2    F3    F4     D1,2  D1,3  D1,4  D2,3  D2,4  D3,4    Ln Like  Est Ln P(D)
 2000:    1.00    0.189    0.013 0.011 0.011 0.010    0.004 0.004 0.004 0.003 0.003 0.003   -1015254    0 
 2100:    1.00    0.166    0.013 0.011 0.011 0.010    0.004 0.004 0.004 0.003 0.003 0.003   -1015009    0 
 2200:    1.00    0.188    0.013 0.011 0.011 0.010    0.004 0.004 0.004 0.003 0.003 0.003   -1014447    0 
 2300:    1.00    0.161    0.013 0.011 0.011 0.010    0.004 0.004 0.004 0.003 0.003 0.003   -1014501    0 
 2400:    1.00    0.108    0.014 0.011 0.011 0.010    0.004 0.004 0.004 0.003 0.003 0.003   -1013850    0 
 2500:    1.00    0.087    0.015 0.012 0.011 0.010    0.004 0.004 0.004 0.003 0.003 0.003   -1013180    0 
 2600:    1.00    0.075    0.015 0.012 0.011 0.010    0.004 0.004 0.004 0.003 0.003 0.003   -1013076    0 
 2700:    1.00    0.082    0.018 0.012 0.011 0.010    0.005 0.004 0.004 0.003 0.003 0.003   -1012317    0 
 2800:    1.00    0.049    0.022 0.012 0.011 0.010    0.005 0.005 0.005 0.004 0.004 0.003   -1010576    0 
 2900:    1.00    0.092    0.028 0.012 0.011 0.010    0.007 0.006 0.006 0.003 0.003 0.003   -1008629    0 

--------------------------------------------
Proportion of membership of each pre-defined
 population in each of the 4 clusters

Given    Inferred Clusters              Number of
 Pop       1      2      3      4      Individuals

  1:     0.224  0.219  0.275  0.282       23
--------------------------------------------

 Rep#:   Lambda   Alpha      F1    F2    F3    F4     D1,2  D1,3  D1,4  D2,3  D2,4  D3,4    Ln Like  Est Ln P(D)
 3000:    1.00    0.053    0.034 0.013 0.011 0.010    0.008 0.007 0.007 0.004 0.004 0.003   -1006255    0 
 3100:    1.00    0.052    0.063 0.013 0.011 0.010    0.012 0.012 0.011 0.004 0.004 0.003   -1001395    0 
 3200:    1.00    0.031    0.085 0.013 0.011 0.010    0.016 0.015 0.015 0.004 0.004 0.003   -998147    0 
 3300:    1.00    0.055    0.094 0.013 0.011 0.010    0.017 0.016 0.016 0.004 0.004 0.003   -997916    0 
 3400:    1.00    0.041    0.105 0.013 0.011 0.010    0.018 0.018 0.017 0.004 0.004 0.003   -996483    0 
 3500:    1.00    0.044    0.111 0.013 0.011 0.010    0.019 0.019 0.019 0.004 0.004 0.003   -996014    0 
 3600:    1.00    0.051    0.115 0.013 0.011 0.010    0.020 0.019 0.019 0.004 0.004 0.003   -996234    0 
 3700:    1.00    0.038    0.118 0.014 0.011 0.010    0.020 0.019 0.019 0.004 0.004 0.003   -995840    0 
 3800:    1.00    0.055    0.124 0.016 0.011 0.010    0.021 0.020 0.020 0.004 0.004 0.003   -995262    0 
 3900:    1.00    0.058    0.125 0.016 0.011 0.010    0.022 0.020 0.020 0.004 0.004 0.003   -994548    0 

--------------------------------------------
Proportion of membership of each pre-defined
 population in each of the 4 clusters

Given    Inferred Clusters              Number of
 Pop       1      2      3      4      Individuals

  1:     0.210  0.217  0.282  0.291       23
--------------------------------------------

 Rep#:   Lambda   Alpha      F1    F2    F3    F4     D1,2  D1,3  D1,4  D2,3  D2,4  D3,4    Ln Like  Est Ln P(D)
 4000:    1.00    0.037    0.128 0.018 0.011 0.010    0.022 0.021 0.021 0.004 0.004 0.003   -994732    0 
 4100:    1.00    0.037    0.130 0.019 0.011 0.010    0.023 0.021 0.021 0.005 0.005 0.003   -994115    0 
 4200:    1.00    0.050    0.130 0.019 0.011 0.010    0.023 0.021 0.021 0.005 0.005 0.003   -993901    0 
 4300:    1.00    0.045    0.130 0.021 0.011 0.010    0.023 0.021 0.021 0.005 0.005 0.003   -993315    0 
 4400:    1.00    0.058    0.130 0.023 0.011 0.010    0.024 0.021 0.021 0.005 0.005 0.003   -993330    0 
 4500:    1.00    0.096    0.129 0.023 0.011 0.010    0.023 0.021 0.021 0.005 0.005 0.003   -993489    0 
 4600:    1.00    0.058    0.130 0.023 0.011 0.010    0.024 0.021 0.021 0.005 0.005 0.003   -993297    0 
 4700:    1.00    0.083    0.131 0.023 0.011 0.011    0.024 0.021 0.021 0.005 0.005 0.003   -992970    0 
 4800:    1.00    0.062    0.133 0.025 0.011 0.011    0.024 0.021 0.021 0.006 0.006 0.003   -992552    0 
 4900:    1.00    0.048    0.134 0.025 0.011 0.011    0.024 0.022 0.022 0.006 0.006 0.003   -992986    0 

--------------------------------------------
Proportion of membership of each pre-defined
 population in each of the 4 clusters

Given    Inferred Clusters              Number of
 Pop       1      2      3      4      Individuals

  1:     0.215  0.217  0.272  0.296       23
--------------------------------------------

 Rep#:   Lambda   Alpha      F1    F2    F3    F4     D1,2  D1,3  D1,4  D2,3  D2,4  D3,4    Ln Like  Est Ln P(D)
 5000:    1.00    0.068    0.133 0.028 0.011 0.011    0.025 0.022 0.022 0.006 0.006 0.003   -991974    0 
 5100:    1.00    0.059    0.131 0.035 0.011 0.011    0.026 0.021 0.021 0.007 0.007 0.003   -990511    0 
 5200:    1.00    0.050    0.135 0.036 0.011 0.011    0.026 0.022 0.022 0.007 0.007 0.003   -990633    0 
 5300:    1.00    0.057    0.135 0.036 0.011 0.011    0.026 0.022 0.022 0.008 0.008 0.003   -990246    0 
 5400:    1.00    0.054    0.137 0.037 0.011 0.011    0.027 0.022 0.022 0.008 0.008 0.003   -990398    0 
 5500:    1.00    0.061    0.138 0.038 0.011 0.011    0.027 0.022 0.022 0.008 0.008 0.003   -989683    0 
 5600:    1.00    0.083    0.139 0.038 0.011 0.011    0.028 0.023 0.023 0.008 0.008 0.003   -989687    0 
 5700:    1.00    0.082    0.141 0.043 0.011 0.011    0.028 0.023 0.023 0.009 0.009 0.003   -989005    0 
 5800:    1.00    0.050    0.142 0.046 0.011 0.011    0.029 0.023 0.023 0.009 0.009 0.003   -988569    0 
 5900:    1.00    0.075    0.142 0.053 0.011 0.012    0.030 0.023 0.023 0.010 0.010 0.003   -987641    0 
 6000:    1.00    0.076    0.142 0.054 0.011 0.012    0.030 0.023 0.023 0.010 0.011 0.004   -987050    0 

MCMC completed

Inferred ancestry of individuals:
        Label (%Miss) Pop:  Inferred clusters
  1 18160D-09-0    (2)    1 :  0.095 0.031 0.638 0.236 
  2 18160D-09-0    (4)    1 :  0.043 0.022 0.062 0.873 
  3 18160D-09-0    (2)    1 :  0.823 0.016 0.150 0.011 
  4 18160D-09-0    (5)    1 :  0.977 0.006 0.008 0.009 
  5 18160D-09-0    (4)    1 :  0.929 0.021 0.036 0.013 
  6 18160D-09-0    (4)    1 :  0.944 0.017 0.030 0.009 
  7 18160D-09-0    (2)    1 :  0.973 0.009 0.004 0.013 
  8 18160D-09-0    (4)    1 :  0.045 0.015 0.823 0.117 
  9 18160D-09-0    (2)    1 :  0.015 0.896 0.032 0.057 
 10 18160D-09-1    (2)    1 :  0.006 0.973 0.008 0.013 
 11 18160D-09-1    (2)    1 :  0.011 0.937 0.027 0.025 
 12 18160D-09-1    (2)    1 :  0.012 0.869 0.090 0.029 
 13 18160D-09-1    (5)    1 :  0.044 0.059 0.278 0.619 
 14 18160D-09-1   (18)    1 :  0.083 0.026 0.490 0.400 
 15 18160D-09-1    (4)    1 :  0.022 0.013 0.384 0.581 
 16 18160D-09-1    (2)    1 :  0.013 0.958 0.012 0.018 
 17 18160D-09-1    (2)    1 :  0.030 0.018 0.611 0.341 
 18 18160D-09-1    (2)    1 :  0.036 0.007 0.921 0.035 
 19 18160D-09-1    (2)    1 :  0.030 0.010 0.106 0.854 
 20 18160D-09-2    (5)    1 :  0.010 0.024 0.786 0.180 
 21 18160D-09-2    (5)    1 :  0.041 0.028 0.392 0.539 
 22 18160D-09-2    (5)    1 :  0.006 0.066 0.099 0.828 
 23 18160D-09-2    (2)    1 :  0.013 0.021 0.391 0.574 

Command line arguments:   structure -D 387609 -K 4 -m mainparams -o k4/populations_k4_run10 
Input File:    populations.str
Output File:   k4/populations_k4_run10_f

Run parameters:
   23 individuals
   50160 loci
   4 populations assumed
   1000 Burn-in period
   5000 Reps
RANDOMIZE turned off

--------------------------------------------
Estimated Ln Prob of Data   = -73801531.8
Mean value of ln likelihood = -1002558.8
Variance of ln likelihood   = 145597946.0
Mean value of alpha         = 0.4411

Mean value of Fst_1         = 0.0794
Mean value of Fst_2         = 0.0197
Mean value of Fst_3         = 0.0107
Mean value of Fst_4         = 0.0105


--------------------------------------------
Proportion of membership of each pre-defined
 population in each of the 4 clusters

Given    Inferred Clusters              Number of
 Pop       1      2      3      4      Individuals

  1:     0.226  0.219  0.277  0.277       23
--------------------------------------------
Final results printed to file k4/populations_k4_run10_f

