

----------------------------------------------------
STRUCTURE by Pritchard, Stephens and Donnelly (2000)
     and Falush, Stephens and Pritchard (2003)
       Code by Pritchard, Falush and Hubisz
             Version 2.3.4 (Jul 2012)
----------------------------------------------------


Reading file "mainparams".
datafile is
populations.str
Reading file "extraparams".
Reading file "populations.str".


Data file "populations.str" (truncated) --

Ind:   Label Pop : Genotype_data . . . .
  1: 18160D-09-0    1  :  4   1   3   1   4   1   3  . . . .   2
  1: 18160D-09-0    1  :  4   1   3   1   4   4   4  . . . .   4
  2: 18160D-09-0    1  :  4   1   3   1   4   1   3  . . . .   2
  2: 18160D-09-0    1  :  4   1   3   1   4   4   3  . . . .   4
  3: 18160D-09-0    1  :  4   1   0   0   0   0   3  . . . .   2
  3: 18160D-09-0    1  :  4   3   0   0   0   0   3  . . . .   4
  4: 18160D-09-0    1  :  4   1   3   1   4   1   3  . . . .   2
  4: 18160D-09-0    1  :  4   3   3   1   4   1   3  . . . .   4

      *******   

 22: 18160D-09-2    1  :  4   1   3   1   4   1   3  . . . .   2
 22: 18160D-09-2    1  :  4   3   3   1   4   1   4  . . . .   4
 23: 18160D-09-2    1  :  4   1   3   1   4   1   3  . . . .   2
 23: 18160D-09-2    1  :  4   1   3   1   4   4   4  . . . .   4

Number of alleles per locus: min= 2; ave=2.0; max= 2


--------------------------------------

Finished initialization; starting MCMC 
5000 iterations + 1000 burnin


--------------------------------------------
Proportion of membership of each pre-defined
 population in each of the 4 clusters

Given    Inferred Clusters              Number of
 Pop       1      2      3      4      Individuals

  1:     0.254  0.247  0.247  0.252       23
--------------------------------------------

 Rep#:   Lambda   Alpha      F1    F2    F3    F4     D1,2  D1,3  D1,4  D2,3  D2,4  D3,4    Ln Like 
  100:    1.00    1.450    0.010 0.010 0.010 0.010    0.003 0.003 0.003 0.003 0.003 0.003   --  
  200:    1.00    2.292    0.010 0.010 0.010 0.010    0.003 0.003 0.003 0.003 0.003 0.003   --  
  300:    1.00    2.649    0.010 0.010 0.010 0.010    0.003 0.003 0.003 0.003 0.003 0.003   --  
  400:    1.00    2.907    0.010 0.010 0.010 0.010    0.003 0.003 0.003 0.003 0.003 0.003   --  
  500:    1.00    2.896    0.010 0.010 0.010 0.010    0.003 0.003 0.003 0.003 0.003 0.003   --  
  600:    1.00    3.295    0.010 0.010 0.010 0.010    0.003 0.003 0.003 0.003 0.003 0.003   --  
  700:    1.00    3.162    0.010 0.010 0.010 0.010    0.003 0.003 0.003 0.003 0.003 0.003   --  
  800:    1.00    2.728    0.010 0.010 0.010 0.010    0.003 0.003 0.003 0.003 0.003 0.003   --  
  900:    1.00    2.555    0.010 0.010 0.010 0.010    0.003 0.003 0.003 0.003 0.003 0.003   --  
 1000:    1.00    2.365    0.010 0.010 0.010 0.010    0.003 0.003 0.003 0.003 0.003 0.003   --  

BURNIN completed
 Rep#:   Lambda   Alpha      F1    F2    F3    F4     D1,2  D1,3  D1,4  D2,3  D2,4  D3,4    Ln Like  Est Ln P(D)
 1100:    1.00    1.563    0.010 0.010 0.010 0.010    0.003 0.003 0.003 0.003 0.003 0.003   -1021831    0 
 1200:    1.00    0.976    0.010 0.010 0.010 0.010    0.003 0.003 0.003 0.003 0.003 0.003   -1020352    0 
 1300:    1.00    0.642    0.011 0.010 0.010 0.010    0.003 0.003 0.003 0.003 0.003 0.003   -1019160    0 
 1400:    1.00    0.639    0.011 0.010 0.010 0.010    0.003 0.003 0.003 0.003 0.003 0.003   -1018419    0 
 1500:    1.00    0.388    0.011 0.010 0.010 0.010    0.003 0.003 0.003 0.003 0.003 0.003   -1017326    0 
 1600:    1.00    0.334    0.011 0.010 0.012 0.010    0.003 0.004 0.003 0.003 0.003 0.003   -1016336    0 
 1700:    1.00    0.189    0.012 0.010 0.012 0.010    0.003 0.004 0.003 0.003 0.003 0.003   -1015501    0 
 1800:    1.00    0.153    0.012 0.010 0.013 0.010    0.003 0.004 0.003 0.004 0.003 0.004   -1014523    0 
 1900:    1.00    0.113    0.014 0.010 0.013 0.010    0.004 0.004 0.004 0.004 0.003 0.004   -1013088    0 

--------------------------------------------
Proportion of membership of each pre-defined
 population in each of the 4 clusters

Given    Inferred Clusters              Number of
 Pop       1      2      3      4      Individuals

  1:     0.265  0.410  0.225  0.100       23
--------------------------------------------

 Rep#:   Lambda   Alpha      F1    F2    F3    F4     D1,2  D1,3  D1,4  D2,3  D2,4  D3,4    Ln Like  Est Ln P(D)
 2000:    1.00    0.082    0.014 0.010 0.013 0.010    0.004 0.004 0.004 0.004 0.003 0.004   -1012790    0 
 2100:    1.00    0.104    0.014 0.010 0.014 0.010    0.004 0.005 0.004 0.004 0.003 0.004   -1012994    0 
 2200:    1.00    0.078    0.015 0.010 0.014 0.010    0.004 0.005 0.004 0.004 0.003 0.004   -1012257    0 
 2300:    1.00    0.061    0.015 0.010 0.016 0.010    0.004 0.005 0.004 0.004 0.003 0.004   -1011618    0 
 2400:    1.00    0.058    0.015 0.010 0.017 0.010    0.004 0.005 0.004 0.004 0.003 0.004   -1011311    0 
 2500:    1.00    0.039    0.017 0.010 0.017 0.010    0.004 0.006 0.004 0.004 0.003 0.004   -1010276    0 
 2600:    1.00    0.042    0.018 0.010 0.019 0.010    0.004 0.006 0.004 0.005 0.003 0.004   -1009325    0 
 2700:    1.00    0.032    0.022 0.011 0.019 0.010    0.005 0.007 0.005 0.005 0.003 0.005   -1008187    0 
 2800:    1.00    0.026    0.026 0.011 0.021 0.010    0.006 0.008 0.006 0.005 0.003 0.005   -1005987    0 
 2900:    1.00    0.034    0.034 0.011 0.021 0.010    0.007 0.009 0.007 0.005 0.003 0.005   -1004218    0 

--------------------------------------------
Proportion of membership of each pre-defined
 population in each of the 4 clusters

Given    Inferred Clusters              Number of
 Pop       1      2      3      4      Individuals

  1:     0.222  0.504  0.218  0.055       23
--------------------------------------------

 Rep#:   Lambda   Alpha      F1    F2    F3    F4     D1,2  D1,3  D1,4  D2,3  D2,4  D3,4    Ln Like  Est Ln P(D)
 3000:    1.00    0.032    0.038 0.011 0.021 0.010    0.008 0.010 0.008 0.005 0.003 0.005   -1003406    0 
 3100:    1.00    0.050    0.055 0.011 0.022 0.010    0.011 0.013 0.010 0.005 0.003 0.005   -1000818    0 
 3200:    1.00    0.029    0.082 0.011 0.024 0.010    0.014 0.017 0.014 0.005 0.003 0.005   -996592    0 
 3300:    1.00    0.039    0.090 0.011 0.024 0.010    0.016 0.018 0.016 0.005 0.003 0.005   -995778    0 
 3400:    1.00    0.032    0.101 0.011 0.024 0.010    0.017 0.019 0.017 0.005 0.003 0.005   -994721    0 
 3500:    1.00    0.028    0.105 0.011 0.025 0.010    0.018 0.020 0.018 0.006 0.003 0.006   -994261    0 
 3600:    1.00    0.032    0.107 0.011 0.025 0.010    0.018 0.020 0.018 0.006 0.003 0.006   -994017    0 
 3700:    1.00    0.040    0.109 0.011 0.026 0.010    0.018 0.021 0.018 0.006 0.003 0.006   -994004    0 
 3800:    1.00    0.021    0.111 0.011 0.030 0.010    0.018 0.022 0.018 0.007 0.003 0.006   -993119    0 
 3900:    1.00    0.031    0.112 0.011 0.032 0.010    0.019 0.023 0.019 0.007 0.003 0.007   -992714    0 

--------------------------------------------
Proportion of membership of each pre-defined
 population in each of the 4 clusters

Given    Inferred Clusters              Number of
 Pop       1      2      3      4      Individuals

  1:     0.221  0.493  0.217  0.069       23
--------------------------------------------

 Rep#:   Lambda   Alpha      F1    F2    F3    F4     D1,2  D1,3  D1,4  D2,3  D2,4  D3,4    Ln Like  Est Ln P(D)
 4000:    1.00    0.040    0.112 0.011 0.033 0.010    0.019 0.023 0.019 0.007 0.003 0.007   -992562    0 
 4100:    1.00    0.055    0.114 0.011 0.033 0.010    0.019 0.023 0.019 0.007 0.003 0.007   -992193    0 
 4200:    1.00    0.050    0.114 0.011 0.034 0.010    0.019 0.023 0.019 0.007 0.003 0.007   -992423    0 
 4300:    1.00    0.042    0.121 0.011 0.035 0.010    0.020 0.024 0.020 0.007 0.003 0.007   -991624    0 
 4400:    1.00    0.062    0.122 0.011 0.037 0.010    0.020 0.025 0.020 0.008 0.003 0.008   -990319    0 
 4500:    1.00    0.031    0.123 0.011 0.040 0.011    0.020 0.025 0.020 0.008 0.003 0.008   -989834    0 
 4600:    1.00    0.047    0.123 0.011 0.040 0.011    0.020 0.026 0.020 0.008 0.003 0.008   -989929    0 
 4700:    1.00    0.037    0.123 0.011 0.044 0.011    0.020 0.026 0.020 0.009 0.003 0.009   -989391    0 
 4800:    1.00    0.051    0.126 0.011 0.046 0.011    0.020 0.027 0.020 0.009 0.003 0.009   -989141    0 
 4900:    1.00    0.042    0.127 0.011 0.052 0.011    0.021 0.028 0.021 0.010 0.003 0.010   -987889    0 

--------------------------------------------
Proportion of membership of each pre-defined
 population in each of the 4 clusters

Given    Inferred Clusters              Number of
 Pop       1      2      3      4      Individuals

  1:     0.216  0.484  0.204  0.096       23
--------------------------------------------

 Rep#:   Lambda   Alpha      F1    F2    F3    F4     D1,2  D1,3  D1,4  D2,3  D2,4  D3,4    Ln Like  Est Ln P(D)
 5000:    1.00    0.055    0.128 0.011 0.053 0.011    0.021 0.028 0.021 0.010 0.003 0.010   -987934    0 
 5100:    1.00    0.034    0.128 0.011 0.055 0.011    0.021 0.029 0.021 0.011 0.003 0.011   -988255    0 
 5200:    1.00    0.068    0.131 0.011 0.058 0.011    0.021 0.029 0.021 0.011 0.003 0.011   -987737    0 
 5300:    1.00    0.032    0.133 0.012 0.060 0.011    0.022 0.030 0.022 0.012 0.003 0.011   -987412    0 
 5400:    1.00    0.075    0.133 0.012 0.065 0.011    0.022 0.031 0.022 0.012 0.003 0.012   -987485    0 
 5500:    1.00    0.062    0.136 0.012 0.070 0.011    0.022 0.032 0.022 0.013 0.003 0.013   -986892    0 
 5600:    1.00    0.058    0.135 0.012 0.073 0.011    0.022 0.032 0.022 0.014 0.003 0.014   -987115    0 
 5700:    1.00    0.056    0.135 0.012 0.077 0.011    0.022 0.033 0.022 0.014 0.003 0.014   -986559    0 
 5800:    1.00    0.056    0.135 0.012 0.077 0.011    0.022 0.033 0.022 0.014 0.004 0.014   -986803    0 
 5900:    1.00    0.081    0.136 0.012 0.095 0.011    0.022 0.036 0.022 0.017 0.003 0.017   -986049    0 
 6000:    1.00    0.083    0.136 0.012 0.101 0.011    0.022 0.037 0.022 0.018 0.003 0.018   -985479    0 

MCMC completed

Inferred ancestry of individuals:
        Label (%Miss) Pop:  Inferred clusters
  1 18160D-09-0    (2)    1 :  0.073 0.436 0.027 0.464 
  2 18160D-09-0    (4)    1 :  0.121 0.807 0.008 0.063 
  3 18160D-09-0    (2)    1 :  0.867 0.039 0.003 0.091 
  4 18160D-09-0    (5)    1 :  0.975 0.008 0.003 0.013 
  5 18160D-09-0    (4)    1 :  0.946 0.007 0.004 0.042 
  6 18160D-09-0    (4)    1 :  0.968 0.007 0.003 0.021 
  7 18160D-09-0    (2)    1 :  0.973 0.005 0.002 0.020 
  8 18160D-09-0    (4)    1 :  0.047 0.903 0.005 0.044 
  9 18160D-09-0    (2)    1 :  0.008 0.096 0.882 0.014 
 10 18160D-09-1    (2)    1 :  0.000 0.000 0.998 0.001 
 11 18160D-09-1    (2)    1 :  0.003 0.009 0.964 0.025 
 12 18160D-09-1    (2)    1 :  0.007 0.087 0.890 0.015 
 13 18160D-09-1    (5)    1 :  0.128 0.607 0.013 0.252 
 14 18160D-09-1   (18)    1 :  0.058 0.912 0.019 0.010 
 15 18160D-09-1    (4)    1 :  0.044 0.920 0.028 0.008 
 16 18160D-09-1    (2)    1 :  0.001 0.002 0.993 0.004 
 17 18160D-09-1    (2)    1 :  0.082 0.895 0.004 0.018 
 18 18160D-09-1    (2)    1 :  0.031 0.419 0.011 0.538 
 19 18160D-09-1    (2)    1 :  0.011 0.968 0.004 0.017 
 20 18160D-09-2    (5)    1 :  0.040 0.898 0.011 0.051 
 21 18160D-09-2    (5)    1 :  0.058 0.853 0.015 0.074 
 22 18160D-09-2    (5)    1 :  0.002 0.987 0.006 0.005 
 23 18160D-09-2    (2)    1 :  0.016 0.709 0.011 0.264 

Command line arguments:   structure -D 338820 -K 4 -m mainparams -o k4/populations_k4_run7 
Input File:    populations.str
Output File:   k4/populations_k4_run7_f

Run parameters:
   23 individuals
   50160 loci
   4 populations assumed
   1000 Burn-in period
   5000 Reps
RANDOMIZE turned off

--------------------------------------------
Estimated Ln Prob of Data   = -71514669.8
Mean value of ln likelihood = -999986.7
Variance of ln likelihood   = 141029366.3
Mean value of alpha         = 0.1560

Mean value of Fst_1         = 0.0762
Mean value of Fst_2         = 0.0107
Mean value of Fst_3         = 0.0330
Mean value of Fst_4         = 0.0104


--------------------------------------------
Proportion of membership of each pre-defined
 population in each of the 4 clusters

Given    Inferred Clusters              Number of
 Pop       1      2      3      4      Individuals

  1:     0.238  0.460  0.213  0.089       23
--------------------------------------------
Final results printed to file k4/populations_k4_run7_f

