

----------------------------------------------------
STRUCTURE by Pritchard, Stephens and Donnelly (2000)
     and Falush, Stephens and Pritchard (2003)
       Code by Pritchard, Falush and Hubisz
             Version 2.3.4 (Jul 2012)
----------------------------------------------------


Reading file "mainparams".
datafile is
populations.str
Reading file "extraparams".
Reading file "populations.str".


Data file "populations.str" (truncated) --

Ind:   Label Pop : Genotype_data . . . .
  1: 18160D-09-0    1  :  4   1   3   1   4   1   3  . . . .   2
  1: 18160D-09-0    1  :  4   1   3   1   4   4   4  . . . .   4
  2: 18160D-09-0    1  :  4   1   3   1   4   1   3  . . . .   2
  2: 18160D-09-0    1  :  4   1   3   1   4   4   3  . . . .   4
  3: 18160D-09-0    1  :  4   1   0   0   0   0   3  . . . .   2
  3: 18160D-09-0    1  :  4   3   0   0   0   0   3  . . . .   4
  4: 18160D-09-0    1  :  4   1   3   1   4   1   3  . . . .   2
  4: 18160D-09-0    1  :  4   3   3   1   4   1   3  . . . .   4

      *******   

 22: 18160D-09-2    1  :  4   1   3   1   4   1   3  . . . .   2
 22: 18160D-09-2    1  :  4   3   3   1   4   1   4  . . . .   4
 23: 18160D-09-2    1  :  4   1   3   1   4   1   3  . . . .   2
 23: 18160D-09-2    1  :  4   1   3   1   4   4   4  . . . .   4

Number of alleles per locus: min= 2; ave=2.0; max= 2


--------------------------------------

Finished initialization; starting MCMC 
5000 iterations + 1000 burnin


--------------------------------------------
Proportion of membership of each pre-defined
 population in each of the 4 clusters

Given    Inferred Clusters              Number of
 Pop       1      2      3      4      Individuals

  1:     0.251  0.250  0.247  0.252       23
--------------------------------------------

 Rep#:   Lambda   Alpha      F1    F2    F3    F4     D1,2  D1,3  D1,4  D2,3  D2,4  D3,4    Ln Like 
  100:    1.00    1.745    0.010 0.010 0.010 0.010    0.003 0.003 0.003 0.003 0.003 0.003   --  
  200:    1.00    1.808    0.010 0.010 0.010 0.010    0.003 0.003 0.003 0.003 0.003 0.003   --  
  300:    1.00    2.260    0.010 0.010 0.010 0.010    0.003 0.003 0.003 0.003 0.003 0.003   --  
  400:    1.00    2.299    0.010 0.010 0.010 0.010    0.003 0.003 0.003 0.003 0.003 0.003   --  
  500:    1.00    2.534    0.010 0.010 0.010 0.010    0.003 0.003 0.003 0.003 0.003 0.003   --  
  600:    1.00    3.118    0.010 0.010 0.010 0.010    0.003 0.003 0.003 0.003 0.003 0.003   --  
  700:    1.00    3.214    0.010 0.010 0.010 0.010    0.003 0.003 0.003 0.003 0.003 0.003   --  
  800:    1.00    3.174    0.010 0.010 0.010 0.010    0.003 0.003 0.003 0.003 0.003 0.003   --  
  900:    1.00    3.139    0.010 0.010 0.010 0.010    0.003 0.003 0.003 0.003 0.003 0.003   --  
 1000:    1.00    3.117    0.010 0.010 0.010 0.010    0.003 0.003 0.003 0.003 0.003 0.003   --  

BURNIN completed
 Rep#:   Lambda   Alpha      F1    F2    F3    F4     D1,2  D1,3  D1,4  D2,3  D2,4  D3,4    Ln Like  Est Ln P(D)
 1100:    1.00    2.927    0.010 0.010 0.011 0.010    0.003 0.003 0.003 0.003 0.003 0.003   -1022624    0 
 1200:    1.00    2.602    0.010 0.011 0.011 0.010    0.003 0.003 0.003 0.003 0.003 0.003   -1021944    0 
 1300:    1.00    2.028    0.010 0.011 0.011 0.010    0.003 0.003 0.003 0.003 0.003 0.003   -1021243    0 
 1400:    1.00    1.143    0.010 0.011 0.011 0.010    0.003 0.003 0.003 0.003 0.003 0.003   -1020423    0 
 1500:    1.00    0.813    0.010 0.011 0.012 0.010    0.003 0.004 0.003 0.004 0.003 0.003   -1019318    0 
 1600:    1.00    0.590    0.010 0.011 0.013 0.010    0.003 0.004 0.003 0.004 0.003 0.004   -1018339    0 
 1700:    1.00    0.391    0.010 0.011 0.013 0.010    0.003 0.004 0.003 0.004 0.003 0.004   -1017523    0 
 1800:    1.00    0.324    0.011 0.011 0.014 0.010    0.003 0.004 0.003 0.004 0.003 0.004   -1016130    0 
 1900:    1.00    0.275    0.011 0.011 0.015 0.010    0.003 0.004 0.003 0.004 0.003 0.004   -1015535    0 

--------------------------------------------
Proportion of membership of each pre-defined
 population in each of the 4 clusters

Given    Inferred Clusters              Number of
 Pop       1      2      3      4      Individuals

  1:     0.208  0.209  0.241  0.341       23
--------------------------------------------

 Rep#:   Lambda   Alpha      F1    F2    F3    F4     D1,2  D1,3  D1,4  D2,3  D2,4  D3,4    Ln Like  Est Ln P(D)
 2000:    1.00    0.207    0.011 0.011 0.015 0.010    0.003 0.004 0.003 0.004 0.003 0.004   -1014888    0 
 2100:    1.00    0.159    0.012 0.011 0.015 0.010    0.003 0.004 0.003 0.004 0.003 0.004   -1014153    0 
 2200:    1.00    0.132    0.012 0.011 0.015 0.010    0.004 0.004 0.003 0.004 0.003 0.004   -1013935    0 
 2300:    1.00    0.092    0.012 0.011 0.017 0.010    0.004 0.005 0.003 0.004 0.003 0.004   -1012331    0 
 2400:    1.00    0.085    0.013 0.011 0.019 0.010    0.004 0.005 0.004 0.005 0.003 0.005   -1010859    0 
 2500:    1.00    0.075    0.013 0.011 0.021 0.010    0.004 0.006 0.004 0.005 0.003 0.005   -1010218    0 
 2600:    1.00    0.033    0.013 0.011 0.027 0.010    0.004 0.006 0.004 0.006 0.003 0.006   -1008333    0 
 2700:    1.00    0.065    0.013 0.011 0.030 0.010    0.004 0.007 0.004 0.007 0.003 0.006   -1007436    0 
 2800:    1.00    0.054    0.013 0.011 0.033 0.010    0.004 0.008 0.004 0.007 0.003 0.007   -1006506    0 
 2900:    1.00    0.037    0.013 0.011 0.053 0.010    0.004 0.011 0.004 0.010 0.003 0.010   -1002618    0 

--------------------------------------------
Proportion of membership of each pre-defined
 population in each of the 4 clusters

Given    Inferred Clusters              Number of
 Pop       1      2      3      4      Individuals

  1:     0.221  0.187  0.220  0.371       23
--------------------------------------------

 Rep#:   Lambda   Alpha      F1    F2    F3    F4     D1,2  D1,3  D1,4  D2,3  D2,4  D3,4    Ln Like  Est Ln P(D)
 3000:    1.00    0.053    0.015 0.011 0.063 0.010    0.004 0.013 0.004 0.012 0.003 0.012   -1000658    0 
 3100:    1.00    0.062    0.015 0.011 0.079 0.010    0.004 0.015 0.004 0.014 0.003 0.014   -998824    0 
 3200:    1.00    0.055    0.015 0.011 0.097 0.010    0.004 0.018 0.004 0.017 0.003 0.016   -996768    0 
 3300:    1.00    0.053    0.016 0.011 0.108 0.010    0.004 0.019 0.004 0.018 0.003 0.018   -995656    0 
 3400:    1.00    0.057    0.016 0.011 0.109 0.010    0.004 0.019 0.004 0.018 0.003 0.018   -995436    0 
 3500:    1.00    0.056    0.016 0.011 0.114 0.010    0.004 0.020 0.004 0.019 0.003 0.018   -994914    0 
 3600:    1.00    0.060    0.016 0.011 0.117 0.010    0.004 0.020 0.004 0.019 0.003 0.019   -995377    0 
 3700:    1.00    0.043    0.017 0.011 0.118 0.010    0.004 0.021 0.004 0.020 0.003 0.019   -994898    0 
 3800:    1.00    0.051    0.017 0.011 0.122 0.010    0.004 0.022 0.004 0.020 0.003 0.020   -994453    0 
 3900:    1.00    0.042    0.017 0.011 0.122 0.010    0.004 0.022 0.004 0.020 0.003 0.020   -994927    0 

--------------------------------------------
Proportion of membership of each pre-defined
 population in each of the 4 clusters

Given    Inferred Clusters              Number of
 Pop       1      2      3      4      Individuals

  1:     0.227  0.147  0.219  0.407       23
--------------------------------------------

 Rep#:   Lambda   Alpha      F1    F2    F3    F4     D1,2  D1,3  D1,4  D2,3  D2,4  D3,4    Ln Like  Est Ln P(D)
 4000:    1.00    0.034    0.018 0.011 0.123 0.010    0.005 0.022 0.004 0.020 0.003 0.020   -993915    0 
 4100:    1.00    0.042    0.019 0.011 0.123 0.010    0.005 0.022 0.005 0.020 0.003 0.020   -994351    0 
 4200:    1.00    0.031    0.020 0.011 0.126 0.010    0.005 0.022 0.005 0.021 0.003 0.020   -993871    0 
 4300:    1.00    0.047    0.021 0.011 0.130 0.010    0.005 0.023 0.005 0.021 0.003 0.021   -993372    0 
 4400:    1.00    0.039    0.020 0.011 0.130 0.010    0.005 0.023 0.005 0.021 0.003 0.021   -993612    0 
 4500:    1.00    0.039    0.020 0.011 0.129 0.010    0.005 0.023 0.005 0.021 0.003 0.021   -994047    0 
 4600:    1.00    0.052    0.022 0.011 0.132 0.010    0.005 0.024 0.005 0.022 0.003 0.021   -993048    0 
 4700:    1.00    0.039    0.024 0.011 0.137 0.010    0.005 0.025 0.005 0.022 0.003 0.022   -992869    0 
 4800:    1.00    0.052    0.025 0.011 0.135 0.010    0.006 0.024 0.005 0.022 0.003 0.021   -992627    0 
 4900:    1.00    0.049    0.027 0.011 0.135 0.010    0.006 0.025 0.006 0.022 0.003 0.022   -992128    0 

--------------------------------------------
Proportion of membership of each pre-defined
 population in each of the 4 clusters

Given    Inferred Clusters              Number of
 Pop       1      2      3      4      Individuals

  1:     0.227  0.136  0.211  0.425       23
--------------------------------------------

 Rep#:   Lambda   Alpha      F1    F2    F3    F4     D1,2  D1,3  D1,4  D2,3  D2,4  D3,4    Ln Like  Est Ln P(D)
 5000:    1.00    0.030    0.029 0.011 0.137 0.010    0.006 0.026 0.006 0.022 0.003 0.022   -992043    0 
 5100:    1.00    0.031    0.030 0.011 0.137 0.010    0.007 0.026 0.006 0.022 0.003 0.022   -991421    0 
 5200:    1.00    0.051    0.033 0.011 0.138 0.010    0.007 0.026 0.007 0.022 0.003 0.022   -990972    0 
 5300:    1.00    0.043    0.033 0.011 0.138 0.010    0.007 0.026 0.007 0.022 0.003 0.022   -991208    0 
 5400:    1.00    0.041    0.034 0.011 0.138 0.010    0.007 0.027 0.007 0.022 0.003 0.022   -990775    0 
 5500:    1.00    0.042    0.036 0.011 0.137 0.010    0.007 0.027 0.007 0.022 0.003 0.022   -990631    0 
 5600:    1.00    0.042    0.038 0.011 0.138 0.010    0.008 0.027 0.008 0.022 0.003 0.022   -990334    0 
 5700:    1.00    0.050    0.039 0.011 0.138 0.010    0.008 0.028 0.008 0.022 0.003 0.022   -989462    0 
 5800:    1.00    0.039    0.039 0.011 0.139 0.010    0.008 0.027 0.008 0.022 0.003 0.022   -989894    0 
 5900:    1.00    0.041    0.039 0.011 0.138 0.010    0.008 0.027 0.008 0.022 0.003 0.022   -990011    0 
 6000:    1.00    0.056    0.041 0.011 0.136 0.010    0.008 0.027 0.008 0.022 0.003 0.022   -989798    0 

MCMC completed

Inferred ancestry of individuals:
        Label (%Miss) Pop:  Inferred clusters
  1 18160D-09-0    (2)    1 :  0.057 0.114 0.067 0.761 
  2 18160D-09-0    (4)    1 :  0.012 0.020 0.045 0.923 
  3 18160D-09-0    (2)    1 :  0.110 0.013 0.867 0.010 
  4 18160D-09-0    (5)    1 :  0.001 0.007 0.988 0.004 
  5 18160D-09-0    (4)    1 :  0.005 0.013 0.940 0.043 
  6 18160D-09-0    (4)    1 :  0.004 0.015 0.961 0.021 
  7 18160D-09-0    (2)    1 :  0.003 0.009 0.985 0.003 
  8 18160D-09-0    (4)    1 :  0.040 0.339 0.034 0.587 
  9 18160D-09-0    (2)    1 :  0.798 0.057 0.006 0.139 
 10 18160D-09-1    (2)    1 :  0.979 0.013 0.001 0.006 
 11 18160D-09-1    (2)    1 :  0.930 0.027 0.007 0.036 
 12 18160D-09-1    (2)    1 :  0.880 0.052 0.005 0.062 
 13 18160D-09-1    (5)    1 :  0.019 0.167 0.081 0.733 
 14 18160D-09-1   (18)    1 :  0.047 0.040 0.110 0.803 
 15 18160D-09-1    (4)    1 :  0.025 0.192 0.005 0.778 
 16 18160D-09-1    (2)    1 :  0.982 0.007 0.003 0.008 
 17 18160D-09-1    (2)    1 :  0.062 0.818 0.041 0.080 
 18 18160D-09-1    (2)    1 :  0.049 0.900 0.017 0.035 
 19 18160D-09-1    (2)    1 :  0.026 0.109 0.021 0.844 
 20 18160D-09-2    (5)    1 :  0.027 0.201 0.028 0.744 
 21 18160D-09-2    (5)    1 :  0.025 0.384 0.038 0.553 
 22 18160D-09-2    (5)    1 :  0.019 0.031 0.035 0.915 
 23 18160D-09-2    (2)    1 :  0.040 0.348 0.015 0.596 

Command line arguments:   structure -D 252750 -K 4 -m mainparams -o k4/populations_k4_run5 
Input File:    populations.str
Output File:   k4/populations_k4_run5_f

Run parameters:
   23 individuals
   50160 loci
   4 populations assumed
   1000 Burn-in period
   5000 Reps
RANDOMIZE turned off

--------------------------------------------
Estimated Ln Prob of Data   = -63321518.1
Mean value of ln likelihood = -1001628.7
Variance of ln likelihood   = 124639778.7
Mean value of alpha         = 0.3007

Mean value of Fst_1         = 0.0195
Mean value of Fst_2         = 0.0110
Mean value of Fst_3         = 0.0833
Mean value of Fst_4         = 0.0098


--------------------------------------------
Proportion of membership of each pre-defined
 population in each of the 4 clusters

Given    Inferred Clusters              Number of
 Pop       1      2      3      4      Individuals

  1:     0.223  0.168  0.231  0.378       23
--------------------------------------------
Final results printed to file k4/populations_k4_run5_f

