

----------------------------------------------------
STRUCTURE by Pritchard, Stephens and Donnelly (2000)
     and Falush, Stephens and Pritchard (2003)
       Code by Pritchard, Falush and Hubisz
             Version 2.3.4 (Jul 2012)
----------------------------------------------------


Reading file "mainparams".
datafile is
populations.str
Reading file "extraparams".
Reading file "populations.str".


Data file "populations.str" (truncated) --

Ind:   Label Pop : Genotype_data . . . .
  1: 18160D-09-0    1  :  4   1   3   1   4   1   3  . . . .   2
  1: 18160D-09-0    1  :  4   1   3   1   4   4   4  . . . .   4
  2: 18160D-09-0    1  :  4   1   3   1   4   1   3  . . . .   2
  2: 18160D-09-0    1  :  4   1   3   1   4   4   3  . . . .   4
  3: 18160D-09-0    1  :  4   1   0   0   0   0   3  . . . .   2
  3: 18160D-09-0    1  :  4   3   0   0   0   0   3  . . . .   4
  4: 18160D-09-0    1  :  4   1   3   1   4   1   3  . . . .   2
  4: 18160D-09-0    1  :  4   3   3   1   4   1   3  . . . .   4

      *******   

 22: 18160D-09-2    1  :  4   1   3   1   4   1   3  . . . .   2
 22: 18160D-09-2    1  :  4   3   3   1   4   1   4  . . . .   4
 23: 18160D-09-2    1  :  4   1   3   1   4   1   3  . . . .   2
 23: 18160D-09-2    1  :  4   1   3   1   4   4   4  . . . .   4

Number of alleles per locus: min= 2; ave=2.0; max= 2


--------------------------------------

Finished initialization; starting MCMC 
5000 iterations + 1000 burnin


--------------------------------------------
Proportion of membership of each pre-defined
 population in each of the 4 clusters

Given    Inferred Clusters              Number of
 Pop       1      2      3      4      Individuals

  1:     0.249  0.251  0.245  0.255       23
--------------------------------------------

 Rep#:   Lambda   Alpha      F1    F2    F3    F4     D1,2  D1,3  D1,4  D2,3  D2,4  D3,4    Ln Like 
  100:    1.00    1.685    0.010 0.010 0.010 0.010    0.003 0.003 0.003 0.003 0.003 0.003   --  
  200:    1.00    2.076    0.010 0.010 0.010 0.010    0.003 0.003 0.003 0.003 0.003 0.003   --  
  300:    1.00    2.112    0.010 0.010 0.010 0.010    0.003 0.003 0.003 0.003 0.003 0.003   --  
  400:    1.00    2.618    0.010 0.010 0.010 0.010    0.003 0.003 0.003 0.003 0.003 0.003   --  
  500:    1.00    2.474    0.010 0.010 0.010 0.010    0.003 0.003 0.003 0.003 0.003 0.003   --  
  600:    1.00    2.306    0.010 0.010 0.010 0.010    0.003 0.003 0.003 0.003 0.003 0.003   --  
  700:    1.00    2.284    0.010 0.010 0.010 0.010    0.003 0.003 0.003 0.003 0.003 0.003   --  
  800:    1.00    2.089    0.010 0.010 0.010 0.010    0.003 0.003 0.003 0.003 0.003 0.003   --  
  900:    1.00    2.303    0.010 0.010 0.010 0.010    0.003 0.003 0.003 0.003 0.003 0.003   --  
 1000:    1.00    1.808    0.010 0.010 0.010 0.010    0.003 0.003 0.003 0.003 0.003 0.003   --  

BURNIN completed
 Rep#:   Lambda   Alpha      F1    F2    F3    F4     D1,2  D1,3  D1,4  D2,3  D2,4  D3,4    Ln Like  Est Ln P(D)
 1100:    1.00    1.439    0.010 0.010 0.010 0.012    0.003 0.003 0.003 0.003 0.003 0.003   -1020028    0 
 1200:    1.00    1.078    0.010 0.010 0.010 0.013    0.003 0.003 0.004 0.003 0.004 0.004   -1018928    0 
 1300:    1.00    0.604    0.010 0.010 0.010 0.014    0.003 0.003 0.004 0.003 0.004 0.004   -1017686    0 
 1400:    1.00    0.374    0.010 0.010 0.010 0.015    0.003 0.003 0.004 0.003 0.004 0.004   -1016688    0 
 1500:    1.00    0.376    0.010 0.010 0.011 0.015    0.003 0.003 0.004 0.003 0.004 0.004   -1015592    0 
 1600:    1.00    0.281    0.010 0.010 0.012 0.015    0.003 0.003 0.004 0.003 0.004 0.004   -1014852    0 
 1700:    1.00    0.216    0.010 0.010 0.012 0.015    0.003 0.003 0.004 0.003 0.004 0.004   -1014347    0 
 1800:    1.00    0.175    0.010 0.010 0.012 0.017    0.003 0.003 0.004 0.003 0.004 0.005   -1012979    0 
 1900:    1.00    0.178    0.010 0.010 0.013 0.019    0.003 0.003 0.005 0.004 0.005 0.005   -1012049    0 

--------------------------------------------
Proportion of membership of each pre-defined
 population in each of the 4 clusters

Given    Inferred Clusters              Number of
 Pop       1      2      3      4      Individuals

  1:     0.229  0.291  0.232  0.248       23
--------------------------------------------

 Rep#:   Lambda   Alpha      F1    F2    F3    F4     D1,2  D1,3  D1,4  D2,3  D2,4  D3,4    Ln Like  Est Ln P(D)
 2000:    1.00    0.138    0.010 0.010 0.013 0.021    0.003 0.004 0.005 0.004 0.005 0.005   -1011193    0 
 2100:    1.00    0.081    0.010 0.010 0.013 0.023    0.003 0.004 0.005 0.004 0.005 0.006   -1010325    0 
 2200:    1.00    0.107    0.010 0.010 0.013 0.024    0.003 0.003 0.005 0.004 0.005 0.006   -1010278    0 
 2300:    1.00    0.073    0.010 0.010 0.013 0.038    0.003 0.004 0.008 0.004 0.008 0.008   -1006057    0 
 2400:    1.00    0.043    0.010 0.011 0.013 0.067    0.003 0.004 0.012 0.004 0.012 0.013   -1000919    0 
 2500:    1.00    0.081    0.010 0.011 0.014 0.097    0.003 0.004 0.016 0.004 0.016 0.017   -998528    0 
 2600:    1.00    0.086    0.010 0.011 0.015 0.107    0.003 0.004 0.018 0.004 0.018 0.019   -997147    0 
 2700:    1.00    0.079    0.010 0.011 0.016 0.108    0.003 0.004 0.018 0.004 0.018 0.019   -996114    0 
 2800:    1.00    0.078    0.010 0.011 0.017 0.117    0.003 0.004 0.019 0.004 0.019 0.021   -995251    0 
 2900:    1.00    0.079    0.010 0.011 0.017 0.118    0.003 0.004 0.019 0.004 0.019 0.021   -995503    0 

--------------------------------------------
Proportion of membership of each pre-defined
 population in each of the 4 clusters

Given    Inferred Clusters              Number of
 Pop       1      2      3      4      Individuals

  1:     0.221  0.328  0.219  0.231       23
--------------------------------------------

 Rep#:   Lambda   Alpha      F1    F2    F3    F4     D1,2  D1,3  D1,4  D2,3  D2,4  D3,4    Ln Like  Est Ln P(D)
 3000:    1.00    0.079    0.010 0.011 0.017 0.122    0.003 0.004 0.020 0.004 0.020 0.021   -995186    0 
 3100:    1.00    0.045    0.010 0.011 0.018 0.124    0.003 0.004 0.020 0.005 0.020 0.022   -994731    0 
 3200:    1.00    0.048    0.010 0.011 0.019 0.126    0.003 0.005 0.020 0.005 0.020 0.022   -994761    0 
 3300:    1.00    0.046    0.010 0.011 0.020 0.130    0.003 0.005 0.021 0.005 0.021 0.023   -994156    0 
 3400:    1.00    0.063    0.010 0.011 0.020 0.133    0.003 0.005 0.022 0.005 0.022 0.023   -993953    0 
 3500:    1.00    0.075    0.010 0.011 0.022 0.134    0.003 0.005 0.022 0.005 0.022 0.024   -993372    0 
 3600:    1.00    0.065    0.010 0.011 0.023 0.134    0.003 0.005 0.022 0.005 0.022 0.024   -992926    0 
 3700:    1.00    0.061    0.010 0.011 0.023 0.134    0.003 0.005 0.022 0.005 0.022 0.024   -993490    0 
 3800:    1.00    0.055    0.010 0.011 0.024 0.133    0.003 0.005 0.022 0.006 0.022 0.024   -992970    0 
 3900:    1.00    0.067    0.010 0.011 0.026 0.133    0.003 0.006 0.022 0.006 0.021 0.024   -992610    0 

--------------------------------------------
Proportion of membership of each pre-defined
 population in each of the 4 clusters

Given    Inferred Clusters              Number of
 Pop       1      2      3      4      Individuals

  1:     0.200  0.360  0.218  0.222       23
--------------------------------------------

 Rep#:   Lambda   Alpha      F1    F2    F3    F4     D1,2  D1,3  D1,4  D2,3  D2,4  D3,4    Ln Like  Est Ln P(D)
 4000:    1.00    0.071    0.010 0.011 0.026 0.133    0.003 0.006 0.021 0.006 0.021 0.024   -993042    0 
 4100:    1.00    0.072    0.010 0.011 0.031 0.133    0.003 0.007 0.022 0.007 0.021 0.025   -991478    0 
 4200:    1.00    0.057    0.010 0.011 0.032 0.135    0.003 0.007 0.022 0.007 0.022 0.025   -992082    0 
 4300:    1.00    0.078    0.010 0.011 0.036 0.135    0.003 0.007 0.022 0.008 0.022 0.027   -990773    0 
 4400:    1.00    0.062    0.010 0.011 0.036 0.135    0.003 0.007 0.022 0.007 0.022 0.027   -990818    0 
 4500:    1.00    0.063    0.010 0.011 0.040 0.135    0.003 0.008 0.022 0.008 0.022 0.027   -990467    0 
 4600:    1.00    0.069    0.010 0.011 0.042 0.135    0.003 0.008 0.022 0.008 0.022 0.027   -990316    0 
 4700:    1.00    0.070    0.010 0.011 0.047 0.138    0.003 0.009 0.022 0.009 0.022 0.028   -989412    0 
 4800:    1.00    0.048    0.010 0.011 0.047 0.138    0.003 0.009 0.022 0.009 0.022 0.028   -989489    0 
 4900:    1.00    0.072    0.010 0.011 0.049 0.139    0.003 0.009 0.022 0.010 0.023 0.029   -989082    0 

--------------------------------------------
Proportion of membership of each pre-defined
 population in each of the 4 clusters

Given    Inferred Clusters              Number of
 Pop       1      2      3      4      Individuals

  1:     0.194  0.398  0.198  0.210       23
--------------------------------------------

 Rep#:   Lambda   Alpha      F1    F2    F3    F4     D1,2  D1,3  D1,4  D2,3  D2,4  D3,4    Ln Like  Est Ln P(D)
 5000:    1.00    0.060    0.010 0.011 0.051 0.143    0.003 0.010 0.023 0.010 0.023 0.030   -988914    0 
 5100:    1.00    0.066    0.010 0.011 0.057 0.145    0.003 0.011 0.023 0.011 0.023 0.031   -987990    0 
 5200:    1.00    0.057    0.010 0.011 0.060 0.144    0.003 0.011 0.023 0.011 0.023 0.031   -988227    0 
 5300:    1.00    0.030    0.010 0.011 0.065 0.145    0.003 0.012 0.023 0.012 0.023 0.033   -987773    0 
 5400:    1.00    0.040    0.010 0.011 0.073 0.145    0.003 0.013 0.023 0.014 0.023 0.034   -987068    0 
 5500:    1.00    0.062    0.010 0.011 0.076 0.145    0.003 0.014 0.023 0.014 0.023 0.034   -987277    0 
 5600:    1.00    0.057    0.010 0.011 0.080 0.144    0.003 0.015 0.023 0.015 0.023 0.035   -986867    0 
 5700:    1.00    0.086    0.010 0.011 0.100 0.145    0.003 0.018 0.023 0.018 0.023 0.038   -985378    0 
 5800:    1.00    0.040    0.010 0.011 0.117 0.145    0.003 0.021 0.023 0.021 0.023 0.041   -984491    0 
 5900:    1.00    0.051    0.010 0.011 0.132 0.147    0.003 0.023 0.023 0.024 0.023 0.044   -984039    0 
 6000:    1.00    0.047    0.010 0.011 0.150 0.147    0.003 0.026 0.023 0.026 0.024 0.047   -982211    0 

MCMC completed

Inferred ancestry of individuals:
        Label (%Miss) Pop:  Inferred clusters
  1 18160D-09-0    (2)    1 :  0.363 0.502 0.042 0.093 
  2 18160D-09-0    (4)    1 :  0.349 0.553 0.009 0.089 
  3 18160D-09-0    (2)    1 :  0.182 0.008 0.001 0.809 
  4 18160D-09-0    (5)    1 :  0.001 0.005 0.002 0.993 
  5 18160D-09-0    (4)    1 :  0.008 0.051 0.001 0.940 
  6 18160D-09-0    (4)    1 :  0.024 0.003 0.002 0.971 
  7 18160D-09-0    (2)    1 :  0.001 0.004 0.000 0.994 
  8 18160D-09-0    (4)    1 :  0.223 0.684 0.035 0.057 
  9 18160D-09-0    (2)    1 :  0.041 0.120 0.838 0.001 
 10 18160D-09-1    (2)    1 :  0.005 0.001 0.994 0.000 
 11 18160D-09-1    (2)    1 :  0.020 0.039 0.938 0.003 
 12 18160D-09-1    (2)    1 :  0.152 0.008 0.835 0.006 
 13 18160D-09-1    (5)    1 :  0.117 0.797 0.015 0.071 
 14 18160D-09-1   (18)    1 :  0.304 0.602 0.012 0.082 
 15 18160D-09-1    (4)    1 :  0.094 0.892 0.008 0.005 
 16 18160D-09-1    (2)    1 :  0.006 0.003 0.988 0.003 
 17 18160D-09-1    (2)    1 :  0.842 0.112 0.015 0.031 
 18 18160D-09-1    (2)    1 :  0.935 0.036 0.021 0.009 
 19 18160D-09-1    (2)    1 :  0.485 0.493 0.010 0.012 
 20 18160D-09-2    (5)    1 :  0.161 0.810 0.017 0.012 
 21 18160D-09-2    (5)    1 :  0.490 0.381 0.042 0.087 
 22 18160D-09-2    (5)    1 :  0.017 0.970 0.010 0.003 
 23 18160D-09-2    (2)    1 :  0.056 0.896 0.027 0.021 

Command line arguments:   structure -D 789442 -K 4 -m mainparams -o k4/populations_k4_run4 
Input File:    populations.str
Output File:   k4/populations_k4_run4_f

Run parameters:
   23 individuals
   50160 loci
   4 populations assumed
   1000 Burn-in period
   5000 Reps
RANDOMIZE turned off

--------------------------------------------
Estimated Ln Prob of Data   = -60296930.7
Mean value of ln likelihood = -997545.0
Variance of ln likelihood   = 118598771.5
Mean value of alpha         = 0.1693

Mean value of Fst_1         = 0.0102
Mean value of Fst_2         = 0.0106
Mean value of Fst_3         = 0.0347
Mean value of Fst_4         = 0.1008


--------------------------------------------
Proportion of membership of each pre-defined
 population in each of the 4 clusters

Given    Inferred Clusters              Number of
 Pop       1      2      3      4      Individuals

  1:     0.212  0.346  0.211  0.230       23
--------------------------------------------
Final results printed to file k4/populations_k4_run4_f

