

----------------------------------------------------
STRUCTURE by Pritchard, Stephens and Donnelly (2000)
     and Falush, Stephens and Pritchard (2003)
       Code by Pritchard, Falush and Hubisz
             Version 2.3.4 (Jul 2012)
----------------------------------------------------


Reading file "mainparams".
datafile is
populations.str
Reading file "extraparams".
Reading file "populations.str".


Data file "populations.str" (truncated) --

Ind:   Label Pop : Genotype_data . . . .
  1: 18160D-09-0    1  :  4   1   3   1   4   1   3  . . . .   2
  1: 18160D-09-0    1  :  4   1   3   1   4   4   4  . . . .   4
  2: 18160D-09-0    1  :  4   1   3   1   4   1   3  . . . .   2
  2: 18160D-09-0    1  :  4   1   3   1   4   4   3  . . . .   4
  3: 18160D-09-0    1  :  4   1   0   0   0   0   3  . . . .   2
  3: 18160D-09-0    1  :  4   3   0   0   0   0   3  . . . .   4
  4: 18160D-09-0    1  :  4   1   3   1   4   1   3  . . . .   2
  4: 18160D-09-0    1  :  4   3   3   1   4   1   3  . . . .   4

      *******   

 22: 18160D-09-2    1  :  4   1   3   1   4   1   3  . . . .   2
 22: 18160D-09-2    1  :  4   3   3   1   4   1   4  . . . .   4
 23: 18160D-09-2    1  :  4   1   3   1   4   1   3  . . . .   2
 23: 18160D-09-2    1  :  4   1   3   1   4   4   4  . . . .   4

Number of alleles per locus: min= 2; ave=2.0; max= 2


--------------------------------------

Finished initialization; starting MCMC 
5000 iterations + 1000 burnin


--------------------------------------------
Proportion of membership of each pre-defined
 population in each of the 4 clusters

Given    Inferred Clusters              Number of
 Pop       1      2      3      4      Individuals

  1:     0.256  0.244  0.243  0.257       23
--------------------------------------------

 Rep#:   Lambda   Alpha      F1    F2    F3    F4     D1,2  D1,3  D1,4  D2,3  D2,4  D3,4    Ln Like 
  100:    1.00    1.740    0.010 0.010 0.010 0.010    0.003 0.003 0.003 0.003 0.003 0.003   --  
  200:    1.00    2.517    0.010 0.010 0.010 0.010    0.003 0.003 0.003 0.003 0.003 0.003   --  
  300:    1.00    2.710    0.010 0.010 0.010 0.010    0.003 0.003 0.003 0.003 0.003 0.003   --  
  400:    1.00    3.189    0.010 0.010 0.010 0.010    0.003 0.003 0.003 0.003 0.003 0.003   --  
  500:    1.00    3.042    0.010 0.010 0.010 0.010    0.003 0.003 0.003 0.003 0.003 0.003   --  
  600:    1.00    2.683    0.010 0.010 0.010 0.010    0.003 0.003 0.003 0.003 0.003 0.003   --  
  700:    1.00    2.935    0.010 0.010 0.010 0.010    0.003 0.003 0.003 0.003 0.003 0.003   --  
  800:    1.00    2.866    0.010 0.010 0.010 0.010    0.003 0.003 0.003 0.003 0.003 0.003   --  
  900:    1.00    3.130    0.010 0.010 0.010 0.010    0.003 0.003 0.003 0.003 0.003 0.003   --  
 1000:    1.00    2.694    0.010 0.010 0.010 0.010    0.003 0.003 0.003 0.003 0.003 0.003   --  

BURNIN completed
 Rep#:   Lambda   Alpha      F1    F2    F3    F4     D1,2  D1,3  D1,4  D2,3  D2,4  D3,4    Ln Like  Est Ln P(D)
 1100:    1.00    2.708    0.010 0.010 0.010 0.010    0.003 0.003 0.003 0.003 0.003 0.003   -1024113    0 
 1200:    1.00    2.431    0.010 0.010 0.010 0.010    0.003 0.003 0.003 0.003 0.003 0.003   -1023908    0 
 1300:    1.00    2.335    0.010 0.010 0.010 0.010    0.003 0.003 0.003 0.003 0.003 0.003   -1022947    0 
 1400:    1.00    2.030    0.010 0.010 0.010 0.010    0.003 0.003 0.003 0.003 0.003 0.003   -1022446    0 
 1500:    1.00    1.703    0.010 0.010 0.010 0.010    0.003 0.003 0.003 0.003 0.003 0.003   -1021664    0 
 1600:    1.00    0.924    0.010 0.010 0.011 0.010    0.003 0.003 0.003 0.003 0.003 0.003   -1021113    0 
 1700:    1.00    0.665    0.010 0.010 0.011 0.010    0.003 0.003 0.003 0.003 0.003 0.003   -1020369    0 
 1800:    1.00    0.588    0.011 0.010 0.011 0.010    0.003 0.003 0.003 0.003 0.003 0.003   -1019821    0 
 1900:    1.00    0.450    0.011 0.010 0.012 0.010    0.003 0.004 0.003 0.003 0.003 0.004   -1018652    0 

--------------------------------------------
Proportion of membership of each pre-defined
 population in each of the 4 clusters

Given    Inferred Clusters              Number of
 Pop       1      2      3      4      Individuals

  1:     0.215  0.128  0.298  0.358       23
--------------------------------------------

 Rep#:   Lambda   Alpha      F1    F2    F3    F4     D1,2  D1,3  D1,4  D2,3  D2,4  D3,4    Ln Like  Est Ln P(D)
 2000:    1.00    0.298    0.011 0.010 0.013 0.010    0.003 0.004 0.003 0.004 0.003 0.004   -1017437    0 
 2100:    1.00    0.254    0.011 0.010 0.015 0.010    0.003 0.004 0.003 0.004 0.003 0.004   -1016473    0 
 2200:    1.00    0.225    0.012 0.010 0.016 0.010    0.003 0.004 0.003 0.004 0.003 0.004   -1015818    0 
 2300:    1.00    0.243    0.012 0.010 0.020 0.011    0.003 0.005 0.003 0.005 0.003 0.005   -1014097    0 
 2400:    1.00    0.185    0.012 0.010 0.020 0.011    0.003 0.005 0.003 0.005 0.003 0.005   -1013577    0 
 2500:    1.00    0.194    0.012 0.010 0.023 0.011    0.003 0.006 0.004 0.005 0.003 0.005   -1012098    0 
 2600:    1.00    0.147    0.012 0.010 0.027 0.011    0.003 0.006 0.004 0.006 0.003 0.006   -1010610    0 
 2700:    1.00    0.073    0.012 0.010 0.027 0.011    0.003 0.006 0.004 0.006 0.003 0.006   -1009910    0 
 2800:    1.00    0.049    0.012 0.010 0.059 0.011    0.003 0.012 0.004 0.011 0.003 0.011   -1003202    0 
 2900:    1.00    0.062    0.012 0.010 0.089 0.011    0.003 0.016 0.004 0.016 0.003 0.016   -999829    0 

--------------------------------------------
Proportion of membership of each pre-defined
 population in each of the 4 clusters

Given    Inferred Clusters              Number of
 Pop       1      2      3      4      Individuals

  1:     0.201  0.131  0.237  0.430       23
--------------------------------------------

 Rep#:   Lambda   Alpha      F1    F2    F3    F4     D1,2  D1,3  D1,4  D2,3  D2,4  D3,4    Ln Like  Est Ln P(D)
 3000:    1.00    0.085    0.012 0.010 0.102 0.011    0.003 0.018 0.004 0.017 0.003 0.017   -998806    0 
 3100:    1.00    0.053    0.012 0.010 0.108 0.011    0.003 0.018 0.004 0.018 0.003 0.018   -997719    0 
 3200:    1.00    0.073    0.012 0.010 0.108 0.011    0.003 0.019 0.004 0.018 0.003 0.018   -997835    0 
 3300:    1.00    0.056    0.012 0.010 0.112 0.011    0.003 0.019 0.004 0.019 0.003 0.019   -997408    0 
 3400:    1.00    0.057    0.013 0.010 0.118 0.011    0.004 0.020 0.004 0.019 0.003 0.020   -997094    0 
 3500:    1.00    0.058    0.013 0.010 0.119 0.011    0.004 0.020 0.004 0.019 0.003 0.020   -996834    0 
 3600:    1.00    0.063    0.014 0.010 0.121 0.011    0.004 0.021 0.004 0.020 0.003 0.020   -996705    0 
 3700:    1.00    0.069    0.014 0.010 0.123 0.011    0.004 0.021 0.004 0.020 0.003 0.020   -995896    0 
 3800:    1.00    0.078    0.014 0.010 0.126 0.011    0.004 0.021 0.004 0.021 0.003 0.021   -995767    0 
 3900:    1.00    0.052    0.014 0.010 0.132 0.011    0.004 0.022 0.004 0.021 0.003 0.022   -995410    0 

--------------------------------------------
Proportion of membership of each pre-defined
 population in each of the 4 clusters

Given    Inferred Clusters              Number of
 Pop       1      2      3      4      Individuals

  1:     0.219  0.101  0.228  0.452       23
--------------------------------------------

 Rep#:   Lambda   Alpha      F1    F2    F3    F4     D1,2  D1,3  D1,4  D2,3  D2,4  D3,4    Ln Like  Est Ln P(D)
 4000:    1.00    0.065    0.014 0.010 0.132 0.011    0.004 0.022 0.004 0.021 0.003 0.021   -995374    0 
 4100:    1.00    0.047    0.015 0.010 0.132 0.011    0.004 0.022 0.004 0.021 0.003 0.021   -995108    0 
 4200:    1.00    0.042    0.015 0.010 0.135 0.011    0.004 0.023 0.004 0.022 0.003 0.022   -995254    0 
 4300:    1.00    0.039    0.015 0.010 0.134 0.011    0.004 0.023 0.004 0.022 0.003 0.022   -994785    0 
 4400:    1.00    0.076    0.016 0.010 0.134 0.011    0.004 0.023 0.004 0.022 0.003 0.022   -994470    0 
 4500:    1.00    0.045    0.016 0.010 0.134 0.011    0.004 0.023 0.004 0.022 0.003 0.022   -994694    0 
 4600:    1.00    0.054    0.016 0.010 0.137 0.011    0.004 0.023 0.004 0.022 0.003 0.022   -994379    0 
 4700:    1.00    0.062    0.016 0.010 0.141 0.011    0.004 0.024 0.004 0.023 0.003 0.023   -994136    0 
 4800:    1.00    0.061    0.017 0.010 0.142 0.011    0.004 0.024 0.004 0.023 0.003 0.023   -994380    0 
 4900:    1.00    0.066    0.017 0.010 0.143 0.011    0.004 0.024 0.004 0.023 0.003 0.023   -994285    0 

--------------------------------------------
Proportion of membership of each pre-defined
 population in each of the 4 clusters

Given    Inferred Clusters              Number of
 Pop       1      2      3      4      Individuals

  1:     0.218  0.092  0.220  0.470       23
--------------------------------------------

 Rep#:   Lambda   Alpha      F1    F2    F3    F4     D1,2  D1,3  D1,4  D2,3  D2,4  D3,4    Ln Like  Est Ln P(D)
 5000:    1.00    0.055    0.017 0.010 0.144 0.011    0.004 0.025 0.005 0.023 0.003 0.023   -994274    0 
 5100:    1.00    0.032    0.018 0.010 0.145 0.012    0.004 0.025 0.005 0.023 0.003 0.023   -994138    0 
 5200:    1.00    0.041    0.018 0.010 0.145 0.012    0.004 0.025 0.005 0.023 0.003 0.024   -993805    0 
 5300:    1.00    0.034    0.022 0.010 0.145 0.012    0.005 0.026 0.005 0.024 0.003 0.024   -993430    0 
 5400:    1.00    0.037    0.022 0.010 0.144 0.012    0.005 0.025 0.005 0.023 0.003 0.023   -993342    0 
 5500:    1.00    0.040    0.024 0.010 0.143 0.012    0.005 0.026 0.006 0.023 0.003 0.023   -992596    0 
 5600:    1.00    0.043    0.025 0.010 0.143 0.012    0.005 0.026 0.006 0.023 0.003 0.023   -992715    0 
 5700:    1.00    0.046    0.027 0.010 0.149 0.012    0.006 0.027 0.006 0.024 0.003 0.024   -992345    0 
 5800:    1.00    0.034    0.027 0.010 0.149 0.012    0.006 0.027 0.006 0.024 0.003 0.024   -991581    0 
 5900:    1.00    0.064    0.027 0.010 0.150 0.012    0.006 0.027 0.006 0.024 0.003 0.024   -992097    0 
 6000:    1.00    0.041    0.031 0.010 0.151 0.012    0.007 0.028 0.007 0.024 0.003 0.024   -991563    0 

MCMC completed

Inferred ancestry of individuals:
        Label (%Miss) Pop:  Inferred clusters
  1 18160D-09-0    (2)    1 :  0.105 0.450 0.148 0.296 
  2 18160D-09-0    (4)    1 :  0.016 0.124 0.125 0.735 
  3 18160D-09-0    (2)    1 :  0.011 0.051 0.773 0.164 
  4 18160D-09-0    (5)    1 :  0.004 0.044 0.937 0.015 
  5 18160D-09-0    (4)    1 :  0.005 0.076 0.912 0.007 
  6 18160D-09-0    (4)    1 :  0.004 0.037 0.937 0.022 
  7 18160D-09-0    (2)    1 :  0.009 0.020 0.960 0.011 
  8 18160D-09-0    (4)    1 :  0.041 0.020 0.042 0.896 
  9 18160D-09-0    (2)    1 :  0.691 0.031 0.006 0.272 
 10 18160D-09-1    (2)    1 :  0.974 0.022 0.001 0.004 
 11 18160D-09-1    (2)    1 :  0.836 0.078 0.008 0.078 
 12 18160D-09-1    (2)    1 :  0.714 0.072 0.005 0.208 
 13 18160D-09-1    (5)    1 :  0.026 0.084 0.112 0.778 
 14 18160D-09-1   (18)    1 :  0.042 0.026 0.120 0.812 
 15 18160D-09-1    (4)    1 :  0.066 0.241 0.038 0.655 
 16 18160D-09-1    (2)    1 :  0.981 0.011 0.004 0.004 
 17 18160D-09-1    (2)    1 :  0.039 0.033 0.074 0.854 
 18 18160D-09-1    (2)    1 :  0.108 0.819 0.054 0.019 
 19 18160D-09-1    (2)    1 :  0.031 0.093 0.101 0.775 
 20 18160D-09-2    (5)    1 :  0.024 0.015 0.016 0.945 
 21 18160D-09-2    (5)    1 :  0.043 0.074 0.157 0.726 
 22 18160D-09-2    (5)    1 :  0.090 0.036 0.017 0.857 
 23 18160D-09-2    (2)    1 :  0.126 0.217 0.147 0.511 

Command line arguments:   structure -D 190814 -K 4 -m mainparams -o k4/populations_k4_run8 
Input File:    populations.str
Output File:   k4/populations_k4_run8_f

Run parameters:
   23 individuals
   50160 loci
   4 populations assumed
   1000 Burn-in period
   5000 Reps
RANDOMIZE turned off

--------------------------------------------
Estimated Ln Prob of Data   = -66359512.7
Mean value of ln likelihood = -1003225.8
Variance of ln likelihood   = 130712573.8
Mean value of alpha         = 0.3739

Mean value of Fst_1         = 0.0149
Mean value of Fst_2         = 0.0100
Mean value of Fst_3         = 0.0897
Mean value of Fst_4         = 0.0111


--------------------------------------------
Proportion of membership of each pre-defined
 population in each of the 4 clusters

Given    Inferred Clusters              Number of
 Pop       1      2      3      4      Individuals

  1:     0.217  0.116  0.248  0.419       23
--------------------------------------------
Final results printed to file k4/populations_k4_run8_f

