 1        1   (2)      1 :  0.9305 0.0695 0.0000 
 2        2   (4)      1 :  0.9188 0.0812 0.0000 
 3        3   (2)      1 :  0.2903 0.7097 0.0000 
 4        4   (5)      1 :  0.0002 0.9998 0.0000 
 5        5   (4)      1 :  0.1322 0.8678 0.0000 
 6        6   (4)      1 :  0.0905 0.9095 0.0000 
 7        7   (2)      1 :  0.0131 0.9869 0.0000 
 8        8   (4)      1 :  0.9516 0.0484 0.0000 
 9        9   (2)      1 :  0.8355 0.0000 0.1645 
10       10   (2)      1 :  0.0000 0.0000 1.0000 
11       11   (2)      1 :  0.6972 0.0002 0.3026 
12       12   (2)      1 :  0.8245 0.0000 0.1755 
13       13   (5)      1 :  0.9092 0.0908 0.0000 
14       14  (18)      1 :  0.9133 0.0867 0.0000 
15       15   (4)      1 :  0.9980 0.0020 0.0000 
16       16   (2)      1 :  0.1310 0.0188 0.8502 
17       17   (2)      1 :  0.9369 0.0631 0.0000 
18       18   (2)      1 :  1.0000 0.0000 0.0000 
19       19   (2)      1 :  0.9888 0.0112 0.0000 
20       20   (5)      1 :  0.9990 0.0010 0.0000 
21       21   (5)      1 :  0.9299 0.0701 0.0000 
22       22   (5)      1 :  1.0000 0.0000 0.0000 
23       23   (2)      1 :  0.9909 0.0091 0.0000 
