1        1   (2)      1  : 0.7810 0.0550 0.0000 0.0040 0.1600
2        2   (4)      1  : 0.8830 0.0620 0.0000 0.0350 0.0200
3        3   (2)      1  : 0.1952 0.6747 0.0000 0.1301 0.0000
4        4   (5)      1  : 0.0150 0.9800 0.0000 0.0050 0.0000
5        5   (4)      1  : 0.1500 0.8320 0.0000 0.0080 0.0100
6        6   (4)      1  : 0.0790 0.8730 0.0000 0.0480 0.0000
7        7   (2)      1  : 0.0510 0.9380 0.0000 0.0010 0.0100
8        8   (4)      1  : 0.0010 0.0120 0.0000 0.9660 0.0210
9        9   (2)      1  : 0.2002 0.0000 0.1011 0.6987 0.0000
10       10   (2)      1  : 0.0000 0.0000 0.9990 0.0010 0.0000
11       11   (2)      1  : 0.0000 0.0000 0.2442 0.7558 0.0000
12       12   (2)      1  : 0.0000 0.0000 0.1090 0.8560 0.0350
13       13   (5)      1  : 0.8970 0.0710 0.0000 0.0010 0.0310
14       14  (18)      1  : 0.5720 0.0660 0.0000 0.3530 0.0090
15       15   (4)      1  : 0.9530 0.0010 0.0000 0.0420 0.0040
16       16   (2)      1  : 0.0400 0.0100 0.8440 0.0000 0.1060
17       17   (2)      1  : 0.4164 0.0310 0.0000 0.5526 0.0000
18       18   (2)      1  : 0.3510 0.0000 0.0000 0.0280 0.6210
19       19   (2)      1  : 0.9970 0.0010 0.0000 0.0000 0.0020
20       20   (5)      1  : 0.0030 0.0000 0.0000 0.9810 0.0160
21       21   (5)      1  : 0.5620 0.0460 0.0000 0.3840 0.0080
22       22   (5)      1  : 0.0020 0.0010 0.0000 0.0000 0.9970
23       23   (2)      1  : 0.9960 0.0010 0.0000 0.0000 0.0030
