

----------------------------------------------------
STRUCTURE by Pritchard, Stephens and Donnelly (2000)
     and Falush, Stephens and Pritchard (2003)
       Code by Pritchard, Falush and Hubisz
             Version 2.3.4 (Jul 2012)
----------------------------------------------------


Reading file "mainparams".
datafile is
populations.str
Reading file "extraparams".
Reading file "populations.str".


Data file "populations.str" (truncated) --

Ind:   Label Pop : Genotype_data . . . .
  1: 18160D-09-0    1  :  4   1   3   1   4   1   3  . . . .   2
  1: 18160D-09-0    1  :  4   1   3   1   4   4   4  . . . .   4
  2: 18160D-09-0    1  :  4   1   3   1   4   1   3  . . . .   2
  2: 18160D-09-0    1  :  4   1   3   1   4   4   3  . . . .   4
  3: 18160D-09-0    1  :  4   1   0   0   0   0   3  . . . .   2
  3: 18160D-09-0    1  :  4   3   0   0   0   0   3  . . . .   4
  4: 18160D-09-0    1  :  4   1   3   1   4   1   3  . . . .   2
  4: 18160D-09-0    1  :  4   3   3   1   4   1   3  . . . .   4

      *******   

 22: 18160D-09-2    1  :  4   1   3   1   4   1   3  . . . .   2
 22: 18160D-09-2    1  :  4   3   3   1   4   1   4  . . . .   4
 23: 18160D-09-2    1  :  4   1   3   1   4   1   3  . . . .   2
 23: 18160D-09-2    1  :  4   1   3   1   4   4   4  . . . .   4

Number of alleles per locus: min= 2; ave=2.0; max= 2


--------------------------------------

Finished initialization; starting MCMC 
5000 iterations + 1000 burnin


--------------------------------------------
Proportion of membership of each pre-defined
 population in each of the 10 clusters

Given    Inferred Clusters                                                        Number of
 Pop       1      2      3      4      5      6      7      8      9     10      Individuals

  1:     0.096  0.106  0.101  0.095  0.096  0.096  0.092  0.108  0.105  0.104       23
--------------------------------------------

 Rep#:   Lambda   Alpha      F1    F2    F3    F4    F5    F6    F7    F8    F9    F10     D1,2  D1,3  D1,4  D1,5  D1,6  D1,7  D1,8  D1,9  D1,10  D2,3  D2,4  D2,5  D2,6  D2,7  D2,8  D2,9  D2,10  D3,4  D3,5  D3,6  D3,7  D3,8  D3,9  D3,10  D4,5  D4,6  D4,7  D4,8  D4,9  D4,10  D5,6  D5,7  D5,8  D5,9  D5,10  D6,7  D6,8  D6,9  D6,10  D7,8  D7,9  D7,10  D8,9  D8,10  D9,10    Ln Like 
  100:    1.00    2.405    0.010 0.010 0.010 0.010 0.010 0.010 0.010 0.010 0.010 0.010    0.003 0.003 0.003 0.003 0.003 0.003 0.003 0.003 0.003 0.003 0.003 0.003 0.003 0.003 0.003 0.003 0.003 0.003 0.003 0.003 0.003 0.003 0.003 0.003 0.003 0.003 0.003 0.003 0.003 0.003 0.003 0.003 0.003 0.003 0.003 0.003 0.003 0.003 0.003 0.003 0.003 0.003 0.003 0.003 0.003   --  
  200:    1.00    2.911    0.010 0.010 0.010 0.010 0.010 0.010 0.010 0.010 0.010 0.010    0.003 0.003 0.003 0.003 0.003 0.003 0.003 0.003 0.003 0.003 0.003 0.003 0.003 0.003 0.003 0.003 0.003 0.003 0.003 0.003 0.003 0.003 0.003 0.003 0.003 0.003 0.003 0.003 0.003 0.003 0.003 0.003 0.003 0.003 0.003 0.003 0.003 0.003 0.003 0.003 0.003 0.003 0.003 0.003 0.003   --  
  300:    1.00    3.254    0.010 0.010 0.010 0.010 0.010 0.010 0.010 0.010 0.010 0.010    0.003 0.003 0.003 0.003 0.003 0.003 0.003 0.003 0.003 0.003 0.003 0.003 0.003 0.003 0.003 0.003 0.003 0.003 0.003 0.003 0.003 0.003 0.003 0.003 0.003 0.003 0.003 0.003 0.003 0.003 0.003 0.003 0.003 0.003 0.003 0.003 0.003 0.003 0.003 0.003 0.003 0.003 0.003 0.003 0.003   --  
  400:    1.00    3.790    0.010 0.010 0.010 0.010 0.010 0.010 0.010 0.010 0.010 0.010    0.003 0.003 0.003 0.003 0.003 0.003 0.003 0.003 0.003 0.003 0.003 0.003 0.003 0.003 0.003 0.003 0.003 0.003 0.003 0.003 0.003 0.003 0.003 0.003 0.003 0.003 0.003 0.003 0.003 0.003 0.003 0.003 0.003 0.003 0.003 0.003 0.003 0.003 0.003 0.003 0.003 0.003 0.003 0.003 0.003   --  
  500:    1.00    3.823    0.010 0.010 0.010 0.010 0.010 0.010 0.010 0.010 0.010 0.010    0.003 0.003 0.003 0.003 0.003 0.003 0.003 0.003 0.003 0.003 0.003 0.003 0.003 0.003 0.003 0.003 0.003 0.003 0.003 0.003 0.003 0.003 0.003 0.003 0.003 0.003 0.003 0.003 0.003 0.003 0.003 0.003 0.003 0.003 0.003 0.003 0.003 0.003 0.003 0.003 0.003 0.003 0.003 0.003 0.003   --  
  600:    1.00    3.968    0.010 0.010 0.010 0.010 0.010 0.010 0.010 0.010 0.010 0.010    0.003 0.003 0.003 0.003 0.003 0.003 0.003 0.003 0.003 0.003 0.003 0.003 0.003 0.003 0.003 0.003 0.003 0.003 0.003 0.003 0.003 0.003 0.003 0.003 0.003 0.003 0.003 0.003 0.003 0.003 0.003 0.003 0.003 0.003 0.003 0.003 0.003 0.003 0.003 0.003 0.003 0.003 0.003 0.003 0.003   --  
  700:    1.00    3.847    0.010 0.010 0.010 0.010 0.010 0.010 0.010 0.010 0.010 0.010    0.003 0.003 0.003 0.003 0.003 0.003 0.003 0.003 0.003 0.003 0.003 0.003 0.003 0.003 0.003 0.003 0.003 0.003 0.003 0.003 0.003 0.003 0.003 0.003 0.003 0.003 0.003 0.003 0.003 0.003 0.003 0.003 0.003 0.003 0.003 0.003 0.003 0.003 0.003 0.003 0.003 0.003 0.003 0.003 0.003   --  
  800:    1.00    3.849    0.010 0.010 0.010 0.010 0.010 0.010 0.010 0.010 0.010 0.010    0.003 0.003 0.003 0.003 0.003 0.003 0.003 0.003 0.003 0.003 0.003 0.003 0.003 0.003 0.003 0.003 0.003 0.003 0.003 0.003 0.003 0.003 0.003 0.003 0.003 0.003 0.003 0.003 0.003 0.003 0.003 0.003 0.003 0.003 0.003 0.003 0.003 0.003 0.003 0.003 0.003 0.003 0.003 0.003 0.003   --  
  900:    1.00    3.635    0.010 0.010 0.010 0.010 0.010 0.010 0.010 0.010 0.010 0.010    0.003 0.003 0.003 0.003 0.003 0.003 0.003 0.003 0.003 0.003 0.003 0.003 0.003 0.003 0.003 0.003 0.003 0.003 0.003 0.003 0.003 0.003 0.003 0.003 0.003 0.003 0.003 0.003 0.003 0.003 0.003 0.003 0.003 0.003 0.003 0.003 0.003 0.003 0.003 0.003 0.003 0.003 0.003 0.003 0.003   --  
 1000:    1.00    3.464    0.010 0.010 0.010 0.010 0.010 0.010 0.010 0.010 0.010 0.010    0.003 0.003 0.003 0.003 0.003 0.003 0.003 0.003 0.003 0.003 0.003 0.003 0.003 0.003 0.003 0.003 0.003 0.003 0.003 0.003 0.003 0.003 0.003 0.003 0.003 0.003 0.003 0.003 0.003 0.003 0.003 0.003 0.003 0.003 0.003 0.003 0.003 0.003 0.003 0.003 0.003 0.003 0.003 0.003 0.003   --  

BURNIN completed
 Rep#:   Lambda   Alpha      F1    F2    F3    F4    F5    F6    F7    F8    F9    F10     D1,2  D1,3  D1,4  D1,5  D1,6  D1,7  D1,8  D1,9  D1,10  D2,3  D2,4  D2,5  D2,6  D2,7  D2,8  D2,9  D2,10  D3,4  D3,5  D3,6  D3,7  D3,8  D3,9  D3,10  D4,5  D4,6  D4,7  D4,8  D4,9  D4,10  D5,6  D5,7  D5,8  D5,9  D5,10  D6,7  D6,8  D6,9  D6,10  D7,8  D7,9  D7,10  D8,9  D8,10  D9,10    Ln Like  Est Ln P(D)
 1100:    1.00    3.612    0.010 0.010 0.010 0.010 0.010 0.010 0.010 0.010 0.010 0.010    0.003 0.003 0.003 0.003 0.003 0.003 0.003 0.003 0.003 0.003 0.003 0.003 0.003 0.003 0.003 0.003 0.003 0.003 0.003 0.003 0.003 0.003 0.003 0.003 0.003 0.003 0.003 0.003 0.003 0.003 0.003 0.003 0.003 0.003 0.003 0.003 0.003 0.003 0.003 0.003 0.003 0.003 0.003 0.003 0.003   -1026074    0 
 1200:    1.00    3.694    0.010 0.010 0.010 0.010 0.010 0.010 0.010 0.010 0.010 0.010    0.003 0.003 0.003 0.003 0.003 0.003 0.003 0.003 0.003 0.003 0.003 0.003 0.003 0.003 0.003 0.003 0.003 0.003 0.003 0.003 0.003 0.003 0.003 0.003 0.003 0.003 0.003 0.003 0.003 0.003 0.003 0.003 0.003 0.003 0.003 0.003 0.003 0.003 0.003 0.003 0.003 0.003 0.003 0.003 0.003   -1025789    0 
 1300:    1.00    3.879    0.010 0.010 0.010 0.010 0.010 0.010 0.010 0.010 0.010 0.010    0.003 0.003 0.003 0.003 0.003 0.003 0.003 0.003 0.003 0.003 0.003 0.003 0.003 0.003 0.003 0.003 0.003 0.003 0.003 0.003 0.003 0.003 0.003 0.003 0.003 0.003 0.003 0.003 0.003 0.003 0.003 0.003 0.003 0.003 0.003 0.003 0.003 0.003 0.003 0.003 0.003 0.003 0.003 0.003 0.003   -1025595    0 
 1400:    1.00    3.508    0.010 0.010 0.010 0.010 0.010 0.010 0.010 0.010 0.010 0.010    0.003 0.003 0.003 0.003 0.003 0.003 0.003 0.003 0.003 0.003 0.003 0.003 0.003 0.003 0.003 0.003 0.003 0.003 0.003 0.003 0.003 0.003 0.003 0.003 0.003 0.003 0.003 0.003 0.003 0.003 0.003 0.003 0.003 0.003 0.003 0.003 0.003 0.003 0.003 0.003 0.003 0.003 0.003 0.003 0.003   -1025565    0 
 1500:    1.00    2.793    0.010 0.010 0.010 0.010 0.010 0.010 0.010 0.010 0.010 0.010    0.003 0.003 0.003 0.003 0.003 0.003 0.003 0.003 0.003 0.003 0.003 0.003 0.003 0.003 0.003 0.003 0.003 0.003 0.003 0.003 0.003 0.003 0.003 0.003 0.003 0.003 0.003 0.003 0.003 0.003 0.003 0.003 0.003 0.003 0.003 0.003 0.003 0.003 0.003 0.003 0.003 0.003 0.003 0.003 0.003   -1025327    0 
 1600:    1.00    2.501    0.010 0.010 0.010 0.010 0.010 0.010 0.010 0.010 0.010 0.010    0.003 0.003 0.003 0.003 0.003 0.003 0.003 0.003 0.003 0.003 0.003 0.003 0.003 0.003 0.003 0.003 0.003 0.003 0.003 0.003 0.003 0.003 0.003 0.003 0.003 0.003 0.003 0.003 0.003 0.003 0.003 0.003 0.003 0.003 0.003 0.003 0.003 0.003 0.003 0.003 0.003 0.003 0.003 0.003 0.003   -1025116    0 
 1700:    1.00    2.187    0.010 0.010 0.010 0.010 0.010 0.010 0.010 0.010 0.010 0.010    0.003 0.003 0.003 0.003 0.003 0.003 0.003 0.003 0.003 0.003 0.003 0.003 0.003 0.003 0.003 0.003 0.003 0.003 0.003 0.003 0.003 0.003 0.003 0.003 0.003 0.003 0.003 0.003 0.003 0.003 0.003 0.003 0.003 0.003 0.003 0.003 0.003 0.003 0.003 0.003 0.003 0.003 0.003 0.003 0.003   -1024875    0 
 1800:    1.00    1.841    0.010 0.010 0.010 0.010 0.010 0.010 0.010 0.010 0.010 0.010    0.003 0.003 0.003 0.003 0.003 0.003 0.003 0.003 0.003 0.003 0.003 0.003 0.003 0.003 0.003 0.003 0.003 0.003 0.003 0.003 0.003 0.003 0.003 0.003 0.003 0.003 0.003 0.003 0.003 0.003 0.003 0.003 0.003 0.003 0.003 0.003 0.003 0.003 0.003 0.003 0.003 0.003 0.003 0.003 0.003   -1024460    0 
 1900:    1.00    1.542    0.010 0.010 0.010 0.010 0.010 0.010 0.010 0.010 0.010 0.010    0.003 0.003 0.003 0.003 0.003 0.003 0.003 0.003 0.003 0.003 0.003 0.003 0.003 0.003 0.003 0.003 0.003 0.003 0.003 0.003 0.003 0.003 0.003 0.003 0.003 0.003 0.003 0.003 0.003 0.003 0.003 0.003 0.003 0.003 0.003 0.003 0.003 0.003 0.003 0.003 0.003 0.003 0.003 0.003 0.003   -1024063    0 

--------------------------------------------
Proportion of membership of each pre-defined
 population in each of the 10 clusters

Given    Inferred Clusters                                                        Number of
 Pop       1      2      3      4      5      6      7      8      9     10      Individuals

  1:     0.084  0.091  0.103  0.106  0.079  0.088  0.152  0.073  0.109  0.115       23
--------------------------------------------

 Rep#:   Lambda   Alpha      F1    F2    F3    F4    F5    F6    F7    F8    F9    F10     D1,2  D1,3  D1,4  D1,5  D1,6  D1,7  D1,8  D1,9  D1,10  D2,3  D2,4  D2,5  D2,6  D2,7  D2,8  D2,9  D2,10  D3,4  D3,5  D3,6  D3,7  D3,8  D3,9  D3,10  D4,5  D4,6  D4,7  D4,8  D4,9  D4,10  D5,6  D5,7  D5,8  D5,9  D5,10  D6,7  D6,8  D6,9  D6,10  D7,8  D7,9  D7,10  D8,9  D8,10  D9,10    Ln Like  Est Ln P(D)
 2000:    1.00    1.363    0.010 0.010 0.010 0.010 0.010 0.010 0.010 0.010 0.010 0.010    0.003 0.003 0.003 0.003 0.003 0.003 0.003 0.003 0.003 0.003 0.003 0.003 0.003 0.003 0.003 0.003 0.003 0.003 0.003 0.003 0.003 0.003 0.003 0.003 0.003 0.003 0.003 0.003 0.003 0.003 0.003 0.003 0.003 0.003 0.003 0.003 0.003 0.003 0.003 0.003 0.003 0.003 0.003 0.003 0.003   -1024031    0 
 2100:    1.00    1.194    0.010 0.010 0.010 0.010 0.010 0.010 0.010 0.010 0.010 0.010    0.003 0.003 0.003 0.003 0.003 0.003 0.003 0.003 0.003 0.003 0.003 0.003 0.003 0.003 0.003 0.003 0.003 0.003 0.003 0.003 0.003 0.003 0.003 0.003 0.003 0.003 0.003 0.003 0.003 0.003 0.003 0.003 0.003 0.003 0.003 0.003 0.003 0.003 0.003 0.003 0.003 0.003 0.003 0.003 0.003   -1023867    0 
 2200:    1.00    1.175    0.010 0.010 0.010 0.010 0.010 0.010 0.010 0.010 0.010 0.010    0.003 0.003 0.003 0.003 0.003 0.003 0.003 0.003 0.003 0.003 0.003 0.003 0.003 0.003 0.003 0.003 0.003 0.003 0.003 0.003 0.003 0.003 0.003 0.003 0.003 0.003 0.003 0.003 0.003 0.003 0.003 0.003 0.003 0.003 0.003 0.003 0.003 0.003 0.003 0.003 0.003 0.003 0.003 0.003 0.003   -1023453    0 
 2300:    1.00    0.902    0.010 0.010 0.010 0.010 0.010 0.010 0.010 0.010 0.010 0.010    0.003 0.003 0.003 0.003 0.003 0.003 0.003 0.003 0.003 0.003 0.003 0.003 0.003 0.003 0.003 0.003 0.003 0.003 0.003 0.003 0.003 0.003 0.003 0.003 0.003 0.003 0.003 0.003 0.003 0.003 0.003 0.003 0.003 0.003 0.003 0.003 0.003 0.003 0.003 0.003 0.003 0.003 0.003 0.003 0.003   -1022907    0 
 2400:    1.00    0.793    0.010 0.010 0.010 0.010 0.010 0.010 0.010 0.010 0.010 0.010    0.003 0.003 0.003 0.003 0.003 0.003 0.003 0.003 0.003 0.003 0.003 0.003 0.003 0.003 0.003 0.003 0.003 0.003 0.003 0.003 0.003 0.003 0.003 0.003 0.003 0.003 0.003 0.003 0.003 0.003 0.003 0.003 0.003 0.003 0.003 0.003 0.003 0.003 0.003 0.003 0.003 0.003 0.003 0.003 0.003   -1022837    0 
 2500:    1.00    0.759    0.010 0.010 0.010 0.010 0.010 0.010 0.010 0.010 0.010 0.010    0.003 0.003 0.003 0.003 0.003 0.003 0.003 0.003 0.003 0.003 0.003 0.003 0.003 0.003 0.003 0.003 0.003 0.003 0.003 0.003 0.003 0.003 0.003 0.003 0.003 0.003 0.003 0.003 0.003 0.003 0.003 0.003 0.003 0.003 0.003 0.003 0.003 0.003 0.003 0.003 0.003 0.003 0.003 0.003 0.003   -1022511    0 
 2600:    1.00    0.715    0.010 0.010 0.010 0.010 0.010 0.010 0.010 0.010 0.010 0.010    0.003 0.003 0.003 0.003 0.003 0.003 0.003 0.003 0.003 0.003 0.003 0.003 0.003 0.003 0.003 0.003 0.003 0.003 0.003 0.003 0.003 0.003 0.003 0.003 0.003 0.003 0.003 0.003 0.003 0.003 0.003 0.003 0.003 0.003 0.003 0.003 0.003 0.003 0.003 0.003 0.003 0.003 0.003 0.003 0.003   -1022683    0 
 2700:    1.00    0.675    0.010 0.010 0.010 0.010 0.010 0.010 0.010 0.010 0.010 0.010    0.003 0.003 0.003 0.003 0.003 0.003 0.003 0.003 0.003 0.003 0.003 0.003 0.003 0.003 0.003 0.003 0.003 0.003 0.003 0.003 0.003 0.003 0.003 0.003 0.003 0.003 0.003 0.003 0.003 0.003 0.003 0.003 0.003 0.003 0.003 0.003 0.003 0.003 0.003 0.003 0.003 0.003 0.003 0.003 0.003   -1022015    0 
 2800:    1.00    0.568    0.010 0.010 0.010 0.010 0.010 0.010 0.011 0.010 0.010 0.010    0.003 0.003 0.003 0.003 0.003 0.003 0.003 0.003 0.003 0.003 0.003 0.003 0.003 0.003 0.003 0.003 0.003 0.003 0.003 0.003 0.003 0.003 0.003 0.003 0.003 0.003 0.003 0.003 0.003 0.003 0.003 0.003 0.003 0.003 0.003 0.003 0.003 0.003 0.003 0.003 0.003 0.003 0.003 0.003 0.003   -1021562    0 
 2900:    1.00    0.586    0.010 0.010 0.010 0.010 0.010 0.010 0.011 0.010 0.010 0.010    0.003 0.003 0.003 0.003 0.003 0.003 0.003 0.003 0.003 0.003 0.003 0.003 0.003 0.003 0.003 0.003 0.003 0.003 0.003 0.003 0.003 0.003 0.003 0.003 0.003 0.003 0.003 0.003 0.003 0.003 0.003 0.003 0.003 0.003 0.003 0.003 0.003 0.003 0.003 0.003 0.003 0.003 0.003 0.003 0.003   -1021132    0 

--------------------------------------------
Proportion of membership of each pre-defined
 population in each of the 10 clusters

Given    Inferred Clusters                                                        Number of
 Pop       1      2      3      4      5      6      7      8      9     10      Individuals

  1:     0.060  0.102  0.077  0.165  0.065  0.089  0.171  0.064  0.113  0.094       23
--------------------------------------------

 Rep#:   Lambda   Alpha      F1    F2    F3    F4    F5    F6    F7    F8    F9    F10     D1,2  D1,3  D1,4  D1,5  D1,6  D1,7  D1,8  D1,9  D1,10  D2,3  D2,4  D2,5  D2,6  D2,7  D2,8  D2,9  D2,10  D3,4  D3,5  D3,6  D3,7  D3,8  D3,9  D3,10  D4,5  D4,6  D4,7  D4,8  D4,9  D4,10  D5,6  D5,7  D5,8  D5,9  D5,10  D6,7  D6,8  D6,9  D6,10  D7,8  D7,9  D7,10  D8,9  D8,10  D9,10    Ln Like  Est Ln P(D)
 3000:    1.00    0.444    0.010 0.010 0.010 0.010 0.010 0.010 0.011 0.010 0.010 0.010    0.003 0.003 0.003 0.003 0.003 0.003 0.003 0.003 0.003 0.003 0.003 0.003 0.003 0.003 0.003 0.003 0.003 0.003 0.003 0.003 0.003 0.003 0.003 0.003 0.003 0.003 0.003 0.003 0.003 0.003 0.003 0.003 0.003 0.003 0.003 0.003 0.003 0.003 0.003 0.003 0.003 0.003 0.003 0.003 0.003   -1020347    0 
 3100:    1.00    0.408    0.010 0.010 0.010 0.010 0.010 0.010 0.011 0.010 0.010 0.010    0.003 0.003 0.003 0.003 0.003 0.003 0.003 0.003 0.003 0.003 0.003 0.003 0.003 0.003 0.003 0.003 0.003 0.003 0.003 0.003 0.003 0.003 0.003 0.003 0.003 0.003 0.003 0.003 0.003 0.003 0.003 0.003 0.003 0.003 0.003 0.003 0.003 0.003 0.003 0.003 0.003 0.003 0.003 0.003 0.003   -1019917    0 
 3200:    1.00    0.403    0.010 0.010 0.010 0.010 0.010 0.010 0.013 0.010 0.010 0.010    0.003 0.003 0.003 0.003 0.003 0.003 0.003 0.003 0.003 0.003 0.003 0.003 0.003 0.004 0.003 0.003 0.003 0.003 0.003 0.003 0.003 0.003 0.003 0.003 0.003 0.003 0.004 0.003 0.003 0.003 0.003 0.004 0.003 0.003 0.003 0.003 0.003 0.003 0.003 0.003 0.004 0.003 0.003 0.003 0.003   -1018896    0 
 3300:    1.00    0.354    0.010 0.010 0.010 0.010 0.010 0.010 0.013 0.010 0.010 0.010    0.003 0.003 0.003 0.003 0.003 0.004 0.003 0.003 0.003 0.003 0.003 0.003 0.003 0.004 0.003 0.003 0.003 0.003 0.003 0.003 0.003 0.003 0.003 0.003 0.003 0.003 0.004 0.003 0.003 0.003 0.003 0.003 0.003 0.003 0.003 0.003 0.003 0.003 0.003 0.003 0.004 0.003 0.003 0.003 0.003   -1018226    0 
 3400:    1.00    0.306    0.010 0.010 0.010 0.010 0.010 0.010 0.013 0.010 0.010 0.010    0.003 0.003 0.003 0.003 0.003 0.004 0.003 0.003 0.003 0.003 0.003 0.003 0.003 0.004 0.003 0.003 0.003 0.003 0.003 0.003 0.003 0.003 0.003 0.003 0.003 0.003 0.004 0.003 0.003 0.003 0.003 0.004 0.003 0.003 0.003 0.004 0.003 0.003 0.003 0.004 0.004 0.004 0.003 0.003 0.003   -1017428    0 
 3500:    1.00    0.304    0.010 0.010 0.010 0.010 0.010 0.010 0.013 0.010 0.010 0.010    0.003 0.003 0.003 0.003 0.003 0.004 0.003 0.003 0.003 0.003 0.003 0.003 0.003 0.004 0.003 0.003 0.003 0.003 0.003 0.003 0.004 0.003 0.003 0.003 0.003 0.003 0.004 0.003 0.003 0.003 0.003 0.004 0.003 0.003 0.003 0.004 0.003 0.003 0.003 0.004 0.004 0.004 0.003 0.003 0.003   -1016806    0 
 3600:    1.00    0.243    0.010 0.010 0.010 0.011 0.010 0.010 0.014 0.010 0.010 0.010    0.003 0.003 0.003 0.003 0.003 0.004 0.003 0.003 0.003 0.003 0.003 0.003 0.003 0.004 0.003 0.003 0.003 0.003 0.003 0.003 0.004 0.003 0.003 0.003 0.003 0.003 0.004 0.003 0.003 0.003 0.003 0.004 0.003 0.003 0.003 0.004 0.003 0.003 0.003 0.004 0.004 0.004 0.003 0.003 0.003   -1016240    0 
 3700:    1.00    0.242    0.010 0.010 0.010 0.011 0.010 0.010 0.015 0.010 0.010 0.010    0.003 0.003 0.003 0.003 0.003 0.004 0.003 0.003 0.003 0.003 0.003 0.003 0.003 0.004 0.003 0.003 0.003 0.003 0.003 0.003 0.004 0.003 0.003 0.003 0.003 0.003 0.004 0.003 0.003 0.003 0.003 0.004 0.003 0.003 0.003 0.004 0.003 0.003 0.003 0.004 0.004 0.004 0.003 0.003 0.003   -1015586    0 
 3800:    1.00    0.238    0.010 0.010 0.010 0.011 0.010 0.010 0.015 0.010 0.010 0.010    0.003 0.003 0.003 0.003 0.003 0.004 0.003 0.003 0.003 0.003 0.003 0.003 0.003 0.004 0.003 0.003 0.003 0.003 0.003 0.003 0.004 0.003 0.003 0.003 0.003 0.003 0.004 0.003 0.003 0.003 0.003 0.004 0.003 0.003 0.003 0.004 0.003 0.003 0.003 0.004 0.004 0.004 0.003 0.003 0.003   -1015127    0 
 3900:    1.00    0.192    0.010 0.010 0.010 0.011 0.010 0.010 0.015 0.010 0.010 0.010    0.003 0.003 0.003 0.003 0.003 0.004 0.003 0.003 0.003 0.003 0.003 0.003 0.003 0.004 0.003 0.003 0.003 0.003 0.003 0.003 0.004 0.003 0.003 0.003 0.003 0.003 0.004 0.003 0.003 0.003 0.003 0.004 0.003 0.003 0.003 0.004 0.003 0.003 0.003 0.004 0.004 0.004 0.003 0.003 0.003   -1014806    0 

--------------------------------------------
Proportion of membership of each pre-defined
 population in each of the 10 clusters

Given    Inferred Clusters                                                        Number of
 Pop       1      2      3      4      5      6      7      8      9     10      Individuals

  1:     0.048  0.097  0.053  0.233  0.050  0.071  0.196  0.054  0.132  0.067       23
--------------------------------------------

 Rep#:   Lambda   Alpha      F1    F2    F3    F4    F5    F6    F7    F8    F9    F10     D1,2  D1,3  D1,4  D1,5  D1,6  D1,7  D1,8  D1,9  D1,10  D2,3  D2,4  D2,5  D2,6  D2,7  D2,8  D2,9  D2,10  D3,4  D3,5  D3,6  D3,7  D3,8  D3,9  D3,10  D4,5  D4,6  D4,7  D4,8  D4,9  D4,10  D5,6  D5,7  D5,8  D5,9  D5,10  D6,7  D6,8  D6,9  D6,10  D7,8  D7,9  D7,10  D8,9  D8,10  D9,10    Ln Like  Est Ln P(D)
 4000:    1.00    0.152    0.010 0.010 0.010 0.012 0.010 0.010 0.015 0.010 0.010 0.010    0.003 0.003 0.003 0.003 0.003 0.004 0.003 0.003 0.003 0.003 0.003 0.003 0.003 0.004 0.003 0.003 0.003 0.003 0.003 0.003 0.004 0.003 0.003 0.003 0.003 0.003 0.004 0.003 0.003 0.003 0.003 0.004 0.003 0.003 0.003 0.004 0.003 0.003 0.003 0.004 0.004 0.004 0.003 0.003 0.003   -1014730    0 
 4100:    1.00    0.124    0.010 0.010 0.010 0.012 0.010 0.010 0.017 0.010 0.010 0.010    0.003 0.003 0.003 0.003 0.003 0.004 0.003 0.003 0.003 0.003 0.003 0.003 0.003 0.004 0.003 0.003 0.003 0.003 0.003 0.003 0.004 0.003 0.003 0.003 0.003 0.003 0.005 0.003 0.003 0.003 0.003 0.004 0.003 0.003 0.003 0.004 0.003 0.003 0.003 0.004 0.004 0.004 0.003 0.003 0.003   -1013762    0 
 4200:    1.00    0.151    0.010 0.010 0.010 0.013 0.010 0.010 0.018 0.010 0.010 0.010    0.003 0.003 0.004 0.003 0.003 0.004 0.003 0.003 0.003 0.003 0.004 0.003 0.003 0.004 0.003 0.003 0.003 0.004 0.003 0.003 0.004 0.003 0.003 0.003 0.004 0.003 0.005 0.004 0.004 0.004 0.003 0.004 0.003 0.003 0.003 0.004 0.003 0.003 0.003 0.004 0.004 0.004 0.003 0.003 0.003   -1013034    0 
 4300:    1.00    0.127    0.010 0.010 0.010 0.016 0.010 0.010 0.018 0.010 0.010 0.010    0.003 0.003 0.004 0.003 0.003 0.004 0.003 0.003 0.003 0.003 0.004 0.003 0.003 0.005 0.003 0.003 0.003 0.004 0.003 0.003 0.004 0.003 0.003 0.003 0.004 0.004 0.006 0.004 0.004 0.004 0.003 0.004 0.003 0.003 0.003 0.004 0.003 0.003 0.003 0.004 0.005 0.004 0.003 0.003 0.003   -1011491    0 
 4400:    1.00    0.118    0.010 0.010 0.010 0.027 0.010 0.010 0.021 0.010 0.010 0.010    0.003 0.003 0.006 0.003 0.003 0.005 0.003 0.003 0.003 0.003 0.006 0.003 0.003 0.005 0.003 0.003 0.003 0.006 0.003 0.003 0.005 0.003 0.003 0.003 0.006 0.006 0.008 0.006 0.006 0.006 0.003 0.005 0.003 0.003 0.003 0.005 0.003 0.003 0.003 0.005 0.005 0.005 0.003 0.003 0.003   -1006972    0 
 4500:    1.00    0.123    0.010 0.011 0.010 0.031 0.010 0.010 0.023 0.010 0.010 0.010    0.003 0.003 0.007 0.003 0.003 0.005 0.003 0.003 0.003 0.003 0.007 0.003 0.003 0.005 0.003 0.003 0.003 0.006 0.003 0.003 0.005 0.003 0.003 0.003 0.007 0.006 0.009 0.006 0.007 0.006 0.003 0.005 0.003 0.003 0.003 0.005 0.003 0.003 0.003 0.005 0.005 0.005 0.003 0.003 0.003   -1005883    0 
 4600:    1.00    0.137    0.010 0.011 0.010 0.054 0.010 0.010 0.023 0.010 0.010 0.010    0.003 0.003 0.010 0.003 0.003 0.005 0.003 0.003 0.003 0.003 0.010 0.003 0.003 0.005 0.003 0.003 0.003 0.010 0.003 0.003 0.005 0.003 0.003 0.003 0.010 0.010 0.013 0.010 0.010 0.010 0.003 0.005 0.003 0.003 0.003 0.005 0.003 0.003 0.003 0.005 0.005 0.005 0.003 0.003 0.003   -1001178    0 
 4700:    1.00    0.156    0.010 0.011 0.010 0.071 0.010 0.010 0.030 0.010 0.010 0.010    0.003 0.003 0.013 0.003 0.003 0.006 0.003 0.003 0.003 0.003 0.013 0.003 0.003 0.006 0.003 0.003 0.003 0.013 0.003 0.003 0.006 0.003 0.003 0.003 0.013 0.013 0.016 0.013 0.013 0.013 0.003 0.006 0.003 0.003 0.003 0.006 0.003 0.003 0.003 0.006 0.006 0.006 0.003 0.003 0.003   -997559    0 
 4800:    1.00    0.112    0.010 0.011 0.010 0.088 0.010 0.010 0.035 0.010 0.010 0.010    0.003 0.003 0.015 0.003 0.003 0.007 0.003 0.003 0.003 0.003 0.015 0.003 0.003 0.007 0.003 0.003 0.003 0.015 0.003 0.003 0.007 0.003 0.003 0.003 0.015 0.015 0.020 0.015 0.015 0.015 0.003 0.007 0.003 0.003 0.003 0.007 0.003 0.003 0.003 0.007 0.007 0.007 0.003 0.003 0.003   -994396    0 
 4900:    1.00    0.103    0.010 0.011 0.010 0.096 0.010 0.010 0.036 0.010 0.010 0.010    0.003 0.003 0.016 0.003 0.003 0.007 0.003 0.003 0.003 0.003 0.017 0.003 0.003 0.007 0.003 0.003 0.003 0.016 0.003 0.003 0.007 0.003 0.003 0.003 0.016 0.016 0.021 0.016 0.016 0.016 0.003 0.007 0.003 0.003 0.003 0.007 0.003 0.003 0.003 0.007 0.007 0.007 0.003 0.003 0.003   -993278    0 

--------------------------------------------
Proportion of membership of each pre-defined
 population in each of the 10 clusters

Given    Inferred Clusters                                                        Number of
 Pop       1      2      3      4      5      6      7      8      9     10      Individuals

  1:     0.050  0.088  0.053  0.224  0.043  0.076  0.211  0.043  0.148  0.065       23
--------------------------------------------

 Rep#:   Lambda   Alpha      F1    F2    F3    F4    F5    F6    F7    F8    F9    F10     D1,2  D1,3  D1,4  D1,5  D1,6  D1,7  D1,8  D1,9  D1,10  D2,3  D2,4  D2,5  D2,6  D2,7  D2,8  D2,9  D2,10  D3,4  D3,5  D3,6  D3,7  D3,8  D3,9  D3,10  D4,5  D4,6  D4,7  D4,8  D4,9  D4,10  D5,6  D5,7  D5,8  D5,9  D5,10  D6,7  D6,8  D6,9  D6,10  D7,8  D7,9  D7,10  D8,9  D8,10  D9,10    Ln Like  Est Ln P(D)
 5000:    1.00    0.088    0.010 0.011 0.010 0.103 0.010 0.010 0.040 0.010 0.010 0.010    0.003 0.003 0.017 0.003 0.003 0.008 0.003 0.003 0.003 0.003 0.017 0.003 0.003 0.008 0.003 0.003 0.003 0.017 0.003 0.003 0.008 0.003 0.003 0.003 0.017 0.017 0.022 0.017 0.017 0.017 0.003 0.008 0.003 0.003 0.003 0.008 0.003 0.003 0.003 0.008 0.008 0.008 0.003 0.003 0.003   -992466    0 
 5100:    1.00    0.104    0.010 0.011 0.010 0.104 0.010 0.010 0.042 0.010 0.010 0.010    0.003 0.003 0.017 0.003 0.003 0.008 0.003 0.003 0.003 0.003 0.018 0.003 0.003 0.009 0.003 0.003 0.003 0.017 0.003 0.003 0.008 0.003 0.003 0.003 0.017 0.017 0.023 0.017 0.017 0.017 0.003 0.008 0.003 0.003 0.003 0.008 0.003 0.003 0.003 0.008 0.009 0.008 0.003 0.003 0.003   -991213    0 
 5200:    1.00    0.086    0.010 0.011 0.010 0.106 0.010 0.010 0.046 0.010 0.010 0.010    0.003 0.003 0.018 0.003 0.003 0.009 0.003 0.003 0.003 0.003 0.018 0.003 0.003 0.009 0.003 0.003 0.003 0.018 0.003 0.003 0.009 0.003 0.003 0.003 0.018 0.018 0.024 0.018 0.018 0.018 0.003 0.009 0.003 0.003 0.003 0.009 0.003 0.003 0.003 0.009 0.009 0.009 0.003 0.003 0.003   -991231    0 
 5300:    1.00    0.117    0.010 0.011 0.010 0.113 0.010 0.010 0.048 0.010 0.010 0.010    0.003 0.003 0.019 0.003 0.003 0.009 0.003 0.003 0.003 0.003 0.019 0.003 0.003 0.009 0.003 0.003 0.003 0.019 0.003 0.003 0.009 0.003 0.003 0.003 0.019 0.019 0.025 0.019 0.019 0.019 0.003 0.009 0.003 0.003 0.003 0.009 0.003 0.003 0.003 0.009 0.009 0.009 0.003 0.003 0.003   -990084    0 
 5400:    1.00    0.096    0.010 0.011 0.010 0.117 0.010 0.010 0.056 0.010 0.010 0.010    0.003 0.003 0.019 0.003 0.003 0.010 0.003 0.003 0.003 0.003 0.019 0.003 0.003 0.011 0.003 0.003 0.003 0.019 0.003 0.003 0.010 0.003 0.003 0.003 0.019 0.019 0.027 0.019 0.019 0.019 0.003 0.010 0.003 0.003 0.003 0.010 0.003 0.003 0.003 0.010 0.010 0.010 0.003 0.003 0.003   -989753    0 
 5500:    1.00    0.122    0.010 0.011 0.010 0.117 0.010 0.010 0.061 0.010 0.010 0.010    0.003 0.003 0.019 0.003 0.003 0.011 0.003 0.003 0.003 0.003 0.019 0.003 0.003 0.011 0.003 0.003 0.003 0.019 0.003 0.003 0.011 0.003 0.003 0.003 0.019 0.019 0.028 0.019 0.019 0.019 0.003 0.011 0.003 0.003 0.003 0.011 0.003 0.003 0.003 0.011 0.011 0.011 0.003 0.003 0.003   -988684    0 
 5600:    1.00    0.095    0.010 0.011 0.010 0.119 0.010 0.010 0.063 0.010 0.010 0.010    0.003 0.003 0.020 0.003 0.003 0.012 0.003 0.003 0.003 0.003 0.020 0.003 0.003 0.012 0.003 0.003 0.003 0.019 0.003 0.003 0.012 0.003 0.003 0.003 0.019 0.019 0.028 0.019 0.020 0.019 0.003 0.012 0.003 0.003 0.003 0.012 0.003 0.003 0.003 0.012 0.012 0.012 0.003 0.003 0.003   -988867    0 
 5700:    1.00    0.119    0.010 0.011 0.010 0.122 0.010 0.010 0.065 0.010 0.010 0.010    0.003 0.003 0.020 0.003 0.003 0.012 0.003 0.003 0.003 0.003 0.020 0.003 0.003 0.012 0.003 0.003 0.003 0.020 0.003 0.003 0.012 0.003 0.003 0.003 0.020 0.020 0.030 0.020 0.020 0.020 0.003 0.012 0.003 0.003 0.003 0.012 0.003 0.003 0.003 0.012 0.012 0.012 0.003 0.003 0.003   -988808    0 
 5800:    1.00    0.127    0.010 0.011 0.010 0.125 0.010 0.010 0.071 0.010 0.010 0.010    0.003 0.003 0.021 0.003 0.003 0.013 0.003 0.003 0.003 0.003 0.021 0.003 0.003 0.013 0.003 0.003 0.003 0.021 0.003 0.003 0.013 0.003 0.003 0.003 0.021 0.021 0.031 0.021 0.021 0.021 0.003 0.013 0.003 0.003 0.003 0.013 0.003 0.003 0.003 0.013 0.013 0.013 0.003 0.003 0.003   -987841    0 
 5900:    1.00    0.092    0.010 0.011 0.010 0.126 0.010 0.010 0.077 0.010 0.010 0.010    0.003 0.003 0.020 0.003 0.003 0.014 0.003 0.003 0.003 0.003 0.021 0.003 0.003 0.014 0.003 0.003 0.003 0.020 0.003 0.003 0.014 0.003 0.003 0.003 0.020 0.020 0.032 0.021 0.021 0.020 0.003 0.014 0.003 0.003 0.003 0.014 0.003 0.003 0.003 0.014 0.014 0.014 0.003 0.003 0.003   -987994    0 
 6000:    1.00    0.112    0.010 0.011 0.010 0.127 0.010 0.010 0.093 0.010 0.010 0.010    0.003 0.003 0.020 0.003 0.003 0.017 0.003 0.003 0.003 0.003 0.021 0.003 0.003 0.017 0.003 0.003 0.003 0.020 0.003 0.003 0.017 0.003 0.003 0.003 0.020 0.020 0.035 0.020 0.021 0.020 0.003 0.017 0.003 0.003 0.003 0.017 0.003 0.003 0.003 0.017 0.017 0.017 0.003 0.003 0.003   -986790    0 

MCMC completed

Inferred ancestry of individuals:
        Label (%Miss) Pop:  Inferred clusters
  1 18160D-09-0    (2)    1 :  0.055 0.058 0.103 0.054 0.057 0.011 0.036 0.137 0.142 0.348 
  2 18160D-09-0    (4)    1 :  0.167 0.090 0.205 0.087 0.096 0.162 0.024 0.085 0.051 0.032 
  3 18160D-09-0    (2)    1 :  0.046 0.029 0.064 0.620 0.019 0.040 0.006 0.012 0.042 0.123 
  4 18160D-09-0    (5)    1 :  0.069 0.013 0.051 0.685 0.017 0.016 0.007 0.025 0.028 0.089 
  5 18160D-09-0    (4)    1 :  0.048 0.032 0.091 0.613 0.019 0.013 0.012 0.043 0.038 0.092 
  6 18160D-09-0    (4)    1 :  0.038 0.014 0.071 0.709 0.031 0.029 0.011 0.016 0.011 0.070 
  7 18160D-09-0    (2)    1 :  0.052 0.031 0.055 0.716 0.027 0.018 0.014 0.038 0.011 0.038 
  8 18160D-09-0    (4)    1 :  0.236 0.099 0.024 0.074 0.127 0.091 0.025 0.023 0.227 0.074 
  9 18160D-09-0    (2)    1 :  0.025 0.169 0.049 0.029 0.093 0.043 0.490 0.034 0.057 0.011 
 10 18160D-09-1    (2)    1 :  0.003 0.008 0.005 0.007 0.009 0.009 0.928 0.009 0.012 0.009 
 11 18160D-09-1    (2)    1 :  0.015 0.020 0.022 0.016 0.033 0.028 0.782 0.018 0.031 0.036 
 12 18160D-09-1    (2)    1 :  0.009 0.093 0.066 0.023 0.078 0.087 0.518 0.061 0.034 0.031 
 13 18160D-09-1    (5)    1 :  0.089 0.036 0.080 0.059 0.110 0.183 0.019 0.240 0.045 0.139 
 14 18160D-09-1   (18)    1 :  0.148 0.072 0.104 0.101 0.065 0.013 0.009 0.047 0.227 0.214 
 15 18160D-09-1    (4)    1 :  0.055 0.065 0.067 0.067 0.039 0.153 0.039 0.024 0.168 0.324 
 16 18160D-09-1    (2)    1 :  0.007 0.013 0.006 0.005 0.006 0.018 0.907 0.009 0.013 0.016 
 17 18160D-09-1    (2)    1 :  0.072 0.135 0.031 0.068 0.082 0.185 0.050 0.129 0.225 0.023 
 18 18160D-09-1    (2)    1 :  0.012 0.039 0.043 0.016 0.016 0.037 0.014 0.035 0.784 0.005 
 19 18160D-09-1    (2)    1 :  0.105 0.042 0.305 0.040 0.045 0.215 0.016 0.139 0.026 0.067 
 20 18160D-09-2    (5)    1 :  0.008 0.033 0.035 0.017 0.164 0.030 0.043 0.114 0.482 0.074 
 21 18160D-09-2    (5)    1 :  0.101 0.224 0.028 0.042 0.088 0.151 0.027 0.107 0.137 0.096 
 22 18160D-09-2    (5)    1 :  0.016 0.757 0.025 0.011 0.058 0.015 0.009 0.046 0.049 0.014 
 23 18160D-09-2    (2)    1 :  0.106 0.110 0.145 0.029 0.072 0.349 0.022 0.011 0.111 0.046 

Command line arguments:   structure -D 570976 -K 10 -m mainparams -o k10/populations_k10_run8 
Input File:    populations.str
Output File:   k10/populations_k10_run8_f

Run parameters:
   23 individuals
   50160 loci
   10 populations assumed
   1000 Burn-in period
   5000 Reps
RANDOMIZE turned off

--------------------------------------------
Estimated Ln Prob of Data   = -95600058.2
Mean value of ln likelihood = -1011686.3
Variance of ln likelihood   = 189176743.6
Mean value of alpha         = 0.8266

Mean value of Fst_1         = 0.0101
Mean value of Fst_2         = 0.0105
Mean value of Fst_3         = 0.0098
Mean value of Fst_4         = 0.0387
Mean value of Fst_5         = 0.0102
Mean value of Fst_6         = 0.0098
Mean value of Fst_7         = 0.0236
Mean value of Fst_8         = 0.0101
Mean value of Fst_9         = 0.0103
Mean value of Fst_10         = 0.0099


--------------------------------------------
Proportion of membership of each pre-defined
 population in each of the 10 clusters

Given    Inferred Clusters                                                        Number of
 Pop       1      2      3      4      5      6      7      8      9     10      Individuals

  1:     0.064  0.095  0.073  0.178  0.059  0.082  0.174  0.061  0.128  0.086       23
--------------------------------------------
Final results printed to file k10/populations_k10_run8_f

