

----------------------------------------------------
STRUCTURE by Pritchard, Stephens and Donnelly (2000)
     and Falush, Stephens and Pritchard (2003)
       Code by Pritchard, Falush and Hubisz
             Version 2.3.4 (Jul 2012)
----------------------------------------------------


Reading file "mainparams".
datafile is
populations.str
Reading file "extraparams".
Reading file "populations.str".


Data file "populations.str" (truncated) --

Ind:   Label Pop : Genotype_data . . . .
  1: 18160D-09-0    1  :  4   1   3   1   4   1   3  . . . .   2
  1: 18160D-09-0    1  :  4   1   3   1   4   4   4  . . . .   4
  2: 18160D-09-0    1  :  4   1   3   1   4   1   3  . . . .   2
  2: 18160D-09-0    1  :  4   1   3   1   4   4   3  . . . .   4
  3: 18160D-09-0    1  :  4   1   0   0   0   0   3  . . . .   2
  3: 18160D-09-0    1  :  4   3   0   0   0   0   3  . . . .   4
  4: 18160D-09-0    1  :  4   1   3   1   4   1   3  . . . .   2
  4: 18160D-09-0    1  :  4   3   3   1   4   1   3  . . . .   4

      *******   

 22: 18160D-09-2    1  :  4   1   3   1   4   1   3  . . . .   2
 22: 18160D-09-2    1  :  4   3   3   1   4   1   4  . . . .   4
 23: 18160D-09-2    1  :  4   1   3   1   4   1   3  . . . .   2
 23: 18160D-09-2    1  :  4   1   3   1   4   4   4  . . . .   4

Number of alleles per locus: min= 2; ave=2.0; max= 2


--------------------------------------

Finished initialization; starting MCMC 
5000 iterations + 1000 burnin


--------------------------------------------
Proportion of membership of each pre-defined
 population in each of the 10 clusters

Given    Inferred Clusters                                                        Number of
 Pop       1      2      3      4      5      6      7      8      9     10      Individuals

  1:     0.100  0.096  0.096  0.098  0.101  0.101  0.106  0.104  0.097  0.101       23
--------------------------------------------

 Rep#:   Lambda   Alpha      F1    F2    F3    F4    F5    F6    F7    F8    F9    F10     D1,2  D1,3  D1,4  D1,5  D1,6  D1,7  D1,8  D1,9  D1,10  D2,3  D2,4  D2,5  D2,6  D2,7  D2,8  D2,9  D2,10  D3,4  D3,5  D3,6  D3,7  D3,8  D3,9  D3,10  D4,5  D4,6  D4,7  D4,8  D4,9  D4,10  D5,6  D5,7  D5,8  D5,9  D5,10  D6,7  D6,8  D6,9  D6,10  D7,8  D7,9  D7,10  D8,9  D8,10  D9,10    Ln Like 
  100:    1.00    1.566    0.010 0.010 0.010 0.010 0.010 0.010 0.010 0.010 0.010 0.010    0.003 0.003 0.003 0.003 0.003 0.003 0.003 0.003 0.003 0.003 0.003 0.003 0.003 0.003 0.003 0.003 0.003 0.003 0.003 0.003 0.003 0.003 0.003 0.003 0.003 0.003 0.003 0.003 0.003 0.003 0.003 0.003 0.003 0.003 0.003 0.003 0.003 0.003 0.003 0.003 0.003 0.003 0.003 0.003 0.003   --  
  200:    1.00    2.530    0.010 0.010 0.010 0.010 0.010 0.010 0.010 0.010 0.010 0.010    0.003 0.003 0.003 0.003 0.003 0.003 0.003 0.003 0.003 0.003 0.003 0.003 0.003 0.003 0.003 0.003 0.003 0.003 0.003 0.003 0.003 0.003 0.003 0.003 0.003 0.003 0.003 0.003 0.003 0.003 0.003 0.003 0.003 0.003 0.003 0.003 0.003 0.003 0.003 0.003 0.003 0.003 0.003 0.003 0.003   --  
  300:    1.00    3.430    0.010 0.010 0.010 0.010 0.010 0.010 0.010 0.010 0.010 0.010    0.003 0.003 0.003 0.003 0.003 0.003 0.003 0.003 0.003 0.003 0.003 0.003 0.003 0.003 0.003 0.003 0.003 0.003 0.003 0.003 0.003 0.003 0.003 0.003 0.003 0.003 0.003 0.003 0.003 0.003 0.003 0.003 0.003 0.003 0.003 0.003 0.003 0.003 0.003 0.003 0.003 0.003 0.003 0.003 0.003   --  
  400:    1.00    3.312    0.010 0.010 0.010 0.010 0.010 0.010 0.010 0.010 0.010 0.010    0.003 0.003 0.003 0.003 0.003 0.003 0.003 0.003 0.003 0.003 0.003 0.003 0.003 0.003 0.003 0.003 0.003 0.003 0.003 0.003 0.003 0.003 0.003 0.003 0.003 0.003 0.003 0.003 0.003 0.003 0.003 0.003 0.003 0.003 0.003 0.003 0.003 0.003 0.003 0.003 0.003 0.003 0.003 0.003 0.003   --  
  500:    1.00    3.609    0.010 0.010 0.010 0.010 0.010 0.010 0.010 0.010 0.010 0.010    0.003 0.003 0.003 0.003 0.003 0.003 0.003 0.003 0.003 0.003 0.003 0.003 0.003 0.003 0.003 0.003 0.003 0.003 0.003 0.003 0.003 0.003 0.003 0.003 0.003 0.003 0.003 0.003 0.003 0.003 0.003 0.003 0.003 0.003 0.003 0.003 0.003 0.003 0.003 0.003 0.003 0.003 0.003 0.003 0.003   --  
  600:    1.00    3.667    0.010 0.010 0.010 0.010 0.010 0.010 0.010 0.010 0.010 0.010    0.003 0.003 0.003 0.003 0.003 0.003 0.003 0.003 0.003 0.003 0.003 0.003 0.003 0.003 0.003 0.003 0.003 0.003 0.003 0.003 0.003 0.003 0.003 0.003 0.003 0.003 0.003 0.003 0.003 0.003 0.003 0.003 0.003 0.003 0.003 0.003 0.003 0.003 0.003 0.003 0.003 0.003 0.003 0.003 0.003   --  
  700:    1.00    3.820    0.010 0.010 0.010 0.010 0.010 0.010 0.010 0.010 0.010 0.010    0.003 0.003 0.003 0.003 0.003 0.003 0.003 0.003 0.003 0.003 0.003 0.003 0.003 0.003 0.003 0.003 0.003 0.003 0.003 0.003 0.003 0.003 0.003 0.003 0.003 0.003 0.003 0.003 0.003 0.003 0.003 0.003 0.003 0.003 0.003 0.003 0.003 0.003 0.003 0.003 0.003 0.003 0.003 0.003 0.003   --  
  800:    1.00    3.969    0.010 0.010 0.010 0.010 0.010 0.010 0.010 0.010 0.010 0.010    0.003 0.003 0.003 0.003 0.003 0.003 0.003 0.003 0.003 0.003 0.003 0.003 0.003 0.003 0.003 0.003 0.003 0.003 0.003 0.003 0.003 0.003 0.003 0.003 0.003 0.003 0.003 0.003 0.003 0.003 0.003 0.003 0.003 0.003 0.003 0.003 0.003 0.003 0.003 0.003 0.003 0.003 0.003 0.003 0.003   --  
  900:    1.00    4.021    0.010 0.010 0.010 0.010 0.010 0.010 0.010 0.010 0.010 0.010    0.003 0.003 0.003 0.003 0.003 0.003 0.003 0.003 0.003 0.003 0.003 0.003 0.003 0.003 0.003 0.003 0.003 0.003 0.003 0.003 0.003 0.003 0.003 0.003 0.003 0.003 0.003 0.003 0.003 0.003 0.003 0.003 0.003 0.003 0.003 0.003 0.003 0.003 0.003 0.003 0.003 0.003 0.003 0.003 0.003   --  
 1000:    1.00    4.280    0.010 0.010 0.010 0.010 0.010 0.010 0.010 0.010 0.010 0.010    0.003 0.003 0.003 0.003 0.003 0.003 0.003 0.003 0.003 0.003 0.003 0.003 0.003 0.003 0.003 0.003 0.003 0.003 0.003 0.003 0.003 0.003 0.003 0.003 0.003 0.003 0.003 0.003 0.003 0.003 0.003 0.003 0.003 0.003 0.003 0.003 0.003 0.003 0.003 0.003 0.003 0.003 0.003 0.003 0.003   --  

BURNIN completed
 Rep#:   Lambda   Alpha      F1    F2    F3    F4    F5    F6    F7    F8    F9    F10     D1,2  D1,3  D1,4  D1,5  D1,6  D1,7  D1,8  D1,9  D1,10  D2,3  D2,4  D2,5  D2,6  D2,7  D2,8  D2,9  D2,10  D3,4  D3,5  D3,6  D3,7  D3,8  D3,9  D3,10  D4,5  D4,6  D4,7  D4,8  D4,9  D4,10  D5,6  D5,7  D5,8  D5,9  D5,10  D6,7  D6,8  D6,9  D6,10  D7,8  D7,9  D7,10  D8,9  D8,10  D9,10    Ln Like  Est Ln P(D)
 1100:    1.00    4.207    0.010 0.010 0.010 0.010 0.010 0.010 0.010 0.010 0.010 0.010    0.003 0.003 0.003 0.003 0.003 0.003 0.003 0.003 0.003 0.003 0.003 0.003 0.003 0.003 0.003 0.003 0.003 0.003 0.003 0.003 0.003 0.003 0.003 0.003 0.003 0.003 0.003 0.003 0.003 0.003 0.003 0.003 0.003 0.003 0.003 0.003 0.003 0.003 0.003 0.003 0.003 0.003 0.003 0.003 0.003   -1026089    0 
 1200:    1.00    4.444    0.010 0.010 0.010 0.010 0.010 0.010 0.010 0.010 0.010 0.010    0.003 0.003 0.003 0.003 0.003 0.003 0.003 0.003 0.003 0.003 0.003 0.003 0.003 0.003 0.003 0.003 0.003 0.003 0.003 0.003 0.003 0.003 0.003 0.003 0.003 0.003 0.003 0.003 0.003 0.003 0.003 0.003 0.003 0.003 0.003 0.003 0.003 0.003 0.003 0.003 0.003 0.003 0.003 0.003 0.003   -1026054    0 
 1300:    1.00    4.236    0.010 0.010 0.010 0.010 0.010 0.010 0.010 0.010 0.010 0.010    0.003 0.003 0.003 0.003 0.003 0.003 0.003 0.003 0.003 0.003 0.003 0.003 0.003 0.003 0.003 0.003 0.003 0.003 0.003 0.003 0.003 0.003 0.003 0.003 0.003 0.003 0.003 0.003 0.003 0.003 0.003 0.003 0.003 0.003 0.003 0.003 0.003 0.003 0.003 0.003 0.003 0.003 0.003 0.003 0.003   -1026268    0 
 1400:    1.00    3.675    0.010 0.010 0.010 0.010 0.010 0.010 0.010 0.010 0.010 0.010    0.003 0.003 0.003 0.003 0.003 0.003 0.003 0.003 0.003 0.003 0.003 0.003 0.003 0.003 0.003 0.003 0.003 0.003 0.003 0.003 0.003 0.003 0.003 0.003 0.003 0.003 0.003 0.003 0.003 0.003 0.003 0.003 0.003 0.003 0.003 0.003 0.003 0.003 0.003 0.003 0.003 0.003 0.003 0.003 0.003   -1026031    0 
 1500:    1.00    3.742    0.010 0.010 0.010 0.010 0.010 0.010 0.010 0.010 0.010 0.010    0.003 0.003 0.003 0.003 0.003 0.003 0.003 0.003 0.003 0.003 0.003 0.003 0.003 0.003 0.003 0.003 0.003 0.003 0.003 0.003 0.003 0.003 0.003 0.003 0.003 0.003 0.003 0.003 0.003 0.003 0.003 0.003 0.003 0.003 0.003 0.003 0.003 0.003 0.003 0.003 0.003 0.003 0.003 0.003 0.003   -1025781    0 
 1600:    1.00    3.205    0.010 0.010 0.010 0.010 0.010 0.010 0.010 0.010 0.010 0.010    0.003 0.003 0.003 0.003 0.003 0.003 0.003 0.003 0.003 0.003 0.003 0.003 0.003 0.003 0.003 0.003 0.003 0.003 0.003 0.003 0.003 0.003 0.003 0.003 0.003 0.003 0.003 0.003 0.003 0.003 0.003 0.003 0.003 0.003 0.003 0.003 0.003 0.003 0.003 0.003 0.003 0.003 0.003 0.003 0.003   -1025686    0 
 1700:    1.00    2.896    0.010 0.010 0.010 0.010 0.010 0.010 0.010 0.010 0.010 0.010    0.003 0.003 0.003 0.003 0.003 0.003 0.003 0.003 0.003 0.003 0.003 0.003 0.003 0.003 0.003 0.003 0.003 0.003 0.003 0.003 0.003 0.003 0.003 0.003 0.003 0.003 0.003 0.003 0.003 0.003 0.003 0.003 0.003 0.003 0.003 0.003 0.003 0.003 0.003 0.003 0.003 0.003 0.003 0.003 0.003   -1025880    0 
 1800:    1.00    2.750    0.010 0.010 0.010 0.010 0.010 0.010 0.010 0.010 0.010 0.010    0.003 0.003 0.003 0.003 0.003 0.003 0.003 0.003 0.003 0.003 0.003 0.003 0.003 0.003 0.003 0.003 0.003 0.003 0.003 0.003 0.003 0.003 0.003 0.003 0.003 0.003 0.003 0.003 0.003 0.003 0.003 0.003 0.003 0.003 0.003 0.003 0.003 0.003 0.003 0.003 0.003 0.003 0.003 0.003 0.003   -1025801    0 
 1900:    1.00    2.779    0.010 0.010 0.010 0.010 0.010 0.010 0.010 0.010 0.010 0.010    0.003 0.003 0.003 0.003 0.003 0.003 0.003 0.003 0.003 0.003 0.003 0.003 0.003 0.003 0.003 0.003 0.003 0.003 0.003 0.003 0.003 0.003 0.003 0.003 0.003 0.003 0.003 0.003 0.003 0.003 0.003 0.003 0.003 0.003 0.003 0.003 0.003 0.003 0.003 0.003 0.003 0.003 0.003 0.003 0.003   -1025531    0 

--------------------------------------------
Proportion of membership of each pre-defined
 population in each of the 10 clusters

Given    Inferred Clusters                                                        Number of
 Pop       1      2      3      4      5      6      7      8      9     10      Individuals

  1:     0.093  0.084  0.100  0.112  0.123  0.107  0.084  0.118  0.088  0.091       23
--------------------------------------------

 Rep#:   Lambda   Alpha      F1    F2    F3    F4    F5    F6    F7    F8    F9    F10     D1,2  D1,3  D1,4  D1,5  D1,6  D1,7  D1,8  D1,9  D1,10  D2,3  D2,4  D2,5  D2,6  D2,7  D2,8  D2,9  D2,10  D3,4  D3,5  D3,6  D3,7  D3,8  D3,9  D3,10  D4,5  D4,6  D4,7  D4,8  D4,9  D4,10  D5,6  D5,7  D5,8  D5,9  D5,10  D6,7  D6,8  D6,9  D6,10  D7,8  D7,9  D7,10  D8,9  D8,10  D9,10    Ln Like  Est Ln P(D)
 2000:    1.00    2.699    0.010 0.010 0.010 0.010 0.010 0.010 0.010 0.010 0.010 0.010    0.003 0.003 0.003 0.003 0.003 0.003 0.003 0.003 0.003 0.003 0.003 0.003 0.003 0.003 0.003 0.003 0.003 0.003 0.003 0.003 0.003 0.003 0.003 0.003 0.003 0.003 0.003 0.003 0.003 0.003 0.003 0.003 0.003 0.003 0.003 0.003 0.003 0.003 0.003 0.003 0.003 0.003 0.003 0.003 0.003   -1025386    0 
 2100:    1.00    2.125    0.010 0.010 0.010 0.010 0.010 0.010 0.010 0.010 0.010 0.010    0.003 0.003 0.003 0.003 0.003 0.003 0.003 0.003 0.003 0.003 0.003 0.003 0.003 0.003 0.003 0.003 0.003 0.003 0.003 0.003 0.003 0.003 0.003 0.003 0.003 0.003 0.003 0.003 0.003 0.003 0.003 0.003 0.003 0.003 0.003 0.003 0.003 0.003 0.003 0.003 0.003 0.003 0.003 0.003 0.003   -1025202    0 
 2200:    1.00    1.658    0.010 0.010 0.010 0.010 0.010 0.010 0.010 0.010 0.010 0.010    0.003 0.003 0.003 0.003 0.003 0.003 0.003 0.003 0.003 0.003 0.003 0.003 0.003 0.003 0.003 0.003 0.003 0.003 0.003 0.003 0.003 0.003 0.003 0.003 0.003 0.003 0.003 0.003 0.003 0.003 0.003 0.003 0.003 0.003 0.003 0.003 0.003 0.003 0.003 0.003 0.003 0.003 0.003 0.003 0.003   -1024503    0 
 2300:    1.00    1.406    0.010 0.010 0.010 0.010 0.010 0.010 0.010 0.010 0.010 0.010    0.003 0.003 0.003 0.003 0.003 0.003 0.003 0.003 0.003 0.003 0.003 0.003 0.003 0.003 0.003 0.003 0.003 0.003 0.003 0.003 0.003 0.003 0.003 0.003 0.003 0.003 0.003 0.003 0.003 0.003 0.003 0.003 0.003 0.003 0.003 0.003 0.003 0.003 0.003 0.003 0.003 0.003 0.003 0.003 0.003   -1024244    0 
 2400:    1.00    1.224    0.010 0.010 0.010 0.010 0.010 0.010 0.010 0.010 0.010 0.010    0.003 0.003 0.003 0.003 0.003 0.003 0.003 0.003 0.003 0.003 0.003 0.003 0.003 0.003 0.003 0.003 0.003 0.003 0.003 0.003 0.003 0.003 0.003 0.003 0.003 0.003 0.003 0.003 0.003 0.003 0.003 0.003 0.003 0.003 0.003 0.003 0.003 0.003 0.003 0.003 0.003 0.003 0.003 0.003 0.003   -1023974    0 
 2500:    1.00    1.119    0.010 0.010 0.010 0.010 0.011 0.010 0.010 0.010 0.010 0.010    0.003 0.003 0.003 0.003 0.003 0.003 0.003 0.003 0.003 0.003 0.003 0.003 0.003 0.003 0.003 0.003 0.003 0.003 0.003 0.003 0.003 0.003 0.003 0.003 0.003 0.003 0.003 0.003 0.003 0.003 0.003 0.003 0.003 0.003 0.003 0.003 0.003 0.003 0.003 0.003 0.003 0.003 0.003 0.003 0.003   -1023220    0 
 2600:    1.00    1.033    0.010 0.010 0.010 0.010 0.011 0.010 0.010 0.010 0.010 0.010    0.003 0.003 0.003 0.003 0.003 0.003 0.003 0.003 0.003 0.003 0.003 0.003 0.003 0.003 0.003 0.003 0.003 0.003 0.003 0.003 0.003 0.003 0.003 0.003 0.003 0.003 0.003 0.003 0.003 0.003 0.003 0.003 0.003 0.003 0.003 0.003 0.003 0.003 0.003 0.003 0.003 0.003 0.003 0.003 0.003   -1022494    0 
 2700:    1.00    0.887    0.010 0.010 0.010 0.010 0.011 0.010 0.010 0.010 0.010 0.010    0.003 0.003 0.003 0.003 0.003 0.003 0.003 0.003 0.003 0.003 0.003 0.003 0.003 0.003 0.003 0.003 0.003 0.003 0.003 0.003 0.003 0.003 0.003 0.003 0.003 0.003 0.003 0.003 0.003 0.003 0.003 0.003 0.003 0.003 0.003 0.003 0.003 0.003 0.003 0.003 0.003 0.003 0.003 0.003 0.003   -1022052    0 
 2800:    1.00    0.709    0.010 0.010 0.010 0.010 0.011 0.010 0.010 0.010 0.010 0.010    0.003 0.003 0.003 0.003 0.003 0.003 0.003 0.003 0.003 0.003 0.003 0.003 0.003 0.003 0.003 0.003 0.003 0.003 0.003 0.003 0.003 0.003 0.003 0.003 0.003 0.003 0.003 0.003 0.003 0.003 0.003 0.003 0.003 0.003 0.003 0.003 0.003 0.003 0.003 0.003 0.003 0.003 0.003 0.003 0.003   -1021309    0 
 2900:    1.00    0.568    0.010 0.010 0.010 0.010 0.011 0.010 0.010 0.010 0.010 0.010    0.003 0.003 0.003 0.003 0.003 0.003 0.003 0.003 0.003 0.003 0.003 0.003 0.003 0.003 0.003 0.003 0.003 0.003 0.003 0.003 0.003 0.003 0.003 0.003 0.003 0.003 0.003 0.003 0.003 0.003 0.003 0.003 0.003 0.003 0.003 0.003 0.003 0.003 0.003 0.003 0.003 0.003 0.003 0.003 0.003   -1020369    0 

--------------------------------------------
Proportion of membership of each pre-defined
 population in each of the 10 clusters

Given    Inferred Clusters                                                        Number of
 Pop       1      2      3      4      5      6      7      8      9     10      Individuals

  1:     0.072  0.049  0.086  0.101  0.170  0.089  0.077  0.204  0.076  0.076       23
--------------------------------------------

 Rep#:   Lambda   Alpha      F1    F2    F3    F4    F5    F6    F7    F8    F9    F10     D1,2  D1,3  D1,4  D1,5  D1,6  D1,7  D1,8  D1,9  D1,10  D2,3  D2,4  D2,5  D2,6  D2,7  D2,8  D2,9  D2,10  D3,4  D3,5  D3,6  D3,7  D3,8  D3,9  D3,10  D4,5  D4,6  D4,7  D4,8  D4,9  D4,10  D5,6  D5,7  D5,8  D5,9  D5,10  D6,7  D6,8  D6,9  D6,10  D7,8  D7,9  D7,10  D8,9  D8,10  D9,10    Ln Like  Est Ln P(D)
 3000:    1.00    0.505    0.010 0.010 0.010 0.011 0.011 0.010 0.010 0.011 0.010 0.010    0.003 0.003 0.003 0.003 0.003 0.003 0.003 0.003 0.003 0.003 0.003 0.003 0.003 0.003 0.003 0.003 0.003 0.003 0.003 0.003 0.003 0.003 0.003 0.003 0.003 0.003 0.003 0.003 0.003 0.003 0.003 0.003 0.003 0.003 0.003 0.003 0.003 0.003 0.003 0.003 0.003 0.003 0.003 0.003 0.003   -1019730    0 
 3100:    1.00    0.396    0.010 0.010 0.010 0.011 0.011 0.010 0.010 0.011 0.010 0.010    0.003 0.003 0.003 0.003 0.003 0.003 0.003 0.003 0.003 0.003 0.003 0.003 0.003 0.003 0.003 0.003 0.003 0.003 0.003 0.003 0.003 0.003 0.003 0.003 0.003 0.003 0.003 0.003 0.003 0.003 0.003 0.003 0.004 0.003 0.003 0.003 0.003 0.003 0.003 0.003 0.003 0.003 0.003 0.003 0.003   -1019281    0 
 3200:    1.00    0.454    0.010 0.010 0.010 0.011 0.011 0.010 0.010 0.011 0.010 0.010    0.003 0.003 0.003 0.003 0.003 0.003 0.003 0.003 0.003 0.003 0.003 0.003 0.003 0.003 0.003 0.003 0.003 0.003 0.003 0.003 0.003 0.003 0.003 0.003 0.003 0.003 0.003 0.003 0.003 0.003 0.003 0.003 0.004 0.003 0.003 0.003 0.003 0.003 0.003 0.003 0.003 0.003 0.003 0.003 0.003   -1018810    0 
 3300:    1.00    0.344    0.010 0.010 0.010 0.011 0.011 0.010 0.010 0.011 0.010 0.010    0.003 0.003 0.003 0.003 0.003 0.003 0.003 0.003 0.003 0.003 0.003 0.003 0.003 0.003 0.003 0.003 0.003 0.003 0.003 0.003 0.003 0.003 0.003 0.003 0.003 0.003 0.003 0.003 0.003 0.003 0.003 0.003 0.004 0.003 0.003 0.003 0.003 0.003 0.003 0.003 0.003 0.003 0.003 0.003 0.003   -1018096    0 
 3400:    1.00    0.307    0.010 0.010 0.010 0.011 0.011 0.010 0.010 0.012 0.010 0.010    0.003 0.003 0.003 0.003 0.003 0.003 0.003 0.003 0.003 0.003 0.003 0.003 0.003 0.003 0.003 0.003 0.003 0.003 0.003 0.003 0.003 0.003 0.003 0.003 0.003 0.003 0.003 0.003 0.003 0.003 0.003 0.003 0.004 0.003 0.003 0.003 0.003 0.003 0.003 0.003 0.003 0.003 0.003 0.003 0.003   -1017799    0 
 3500:    1.00    0.289    0.010 0.010 0.010 0.011 0.012 0.010 0.010 0.012 0.010 0.010    0.003 0.003 0.003 0.003 0.003 0.003 0.003 0.003 0.003 0.003 0.003 0.003 0.003 0.003 0.003 0.003 0.003 0.003 0.003 0.003 0.003 0.003 0.003 0.003 0.003 0.003 0.003 0.004 0.003 0.003 0.003 0.003 0.004 0.003 0.003 0.003 0.003 0.003 0.003 0.003 0.003 0.003 0.003 0.003 0.003   -1017360    0 
 3600:    1.00    0.287    0.010 0.010 0.010 0.011 0.014 0.010 0.010 0.014 0.010 0.010    0.003 0.003 0.003 0.004 0.003 0.003 0.004 0.003 0.003 0.003 0.003 0.004 0.003 0.003 0.004 0.003 0.003 0.003 0.004 0.003 0.003 0.004 0.003 0.003 0.004 0.003 0.003 0.004 0.003 0.003 0.004 0.004 0.004 0.004 0.004 0.003 0.004 0.003 0.003 0.004 0.003 0.003 0.004 0.004 0.003   -1015882    0 
 3700:    1.00    0.263    0.010 0.010 0.010 0.011 0.015 0.010 0.010 0.017 0.010 0.010    0.003 0.003 0.003 0.004 0.003 0.003 0.004 0.003 0.003 0.003 0.003 0.004 0.003 0.003 0.004 0.003 0.003 0.003 0.004 0.003 0.003 0.004 0.003 0.003 0.004 0.003 0.003 0.004 0.003 0.003 0.004 0.004 0.005 0.004 0.004 0.003 0.004 0.003 0.003 0.004 0.003 0.003 0.004 0.004 0.003   -1014835    0 
 3800:    1.00    0.203    0.010 0.010 0.010 0.011 0.016 0.010 0.010 0.018 0.010 0.010    0.003 0.003 0.003 0.004 0.003 0.003 0.004 0.003 0.003 0.003 0.003 0.004 0.003 0.003 0.004 0.003 0.003 0.003 0.004 0.003 0.003 0.004 0.003 0.003 0.004 0.003 0.003 0.004 0.003 0.003 0.004 0.004 0.005 0.004 0.004 0.003 0.004 0.003 0.003 0.004 0.003 0.003 0.004 0.004 0.003   -1013765    0 
 3900:    1.00    0.222    0.010 0.010 0.010 0.011 0.016 0.010 0.010 0.019 0.010 0.010    0.003 0.003 0.003 0.004 0.003 0.003 0.005 0.003 0.003 0.003 0.003 0.004 0.003 0.003 0.005 0.003 0.003 0.003 0.004 0.003 0.003 0.004 0.003 0.003 0.004 0.003 0.003 0.005 0.003 0.003 0.004 0.004 0.006 0.004 0.004 0.003 0.005 0.003 0.003 0.005 0.003 0.003 0.005 0.005 0.003   -1013329    0 

--------------------------------------------
Proportion of membership of each pre-defined
 population in each of the 10 clusters

Given    Inferred Clusters                                                        Number of
 Pop       1      2      3      4      5      6      7      8      9     10      Individuals

  1:     0.067  0.044  0.071  0.106  0.189  0.100  0.068  0.225  0.073  0.057       23
--------------------------------------------

 Rep#:   Lambda   Alpha      F1    F2    F3    F4    F5    F6    F7    F8    F9    F10     D1,2  D1,3  D1,4  D1,5  D1,6  D1,7  D1,8  D1,9  D1,10  D2,3  D2,4  D2,5  D2,6  D2,7  D2,8  D2,9  D2,10  D3,4  D3,5  D3,6  D3,7  D3,8  D3,9  D3,10  D4,5  D4,6  D4,7  D4,8  D4,9  D4,10  D5,6  D5,7  D5,8  D5,9  D5,10  D6,7  D6,8  D6,9  D6,10  D7,8  D7,9  D7,10  D8,9  D8,10  D9,10    Ln Like  Est Ln P(D)
 4000:    1.00    0.203    0.010 0.010 0.010 0.011 0.016 0.010 0.010 0.022 0.010 0.010    0.003 0.003 0.003 0.004 0.003 0.003 0.005 0.003 0.003 0.003 0.003 0.004 0.003 0.003 0.005 0.003 0.003 0.003 0.004 0.003 0.003 0.005 0.003 0.003 0.004 0.003 0.003 0.005 0.003 0.003 0.004 0.004 0.006 0.004 0.004 0.003 0.005 0.003 0.003 0.005 0.003 0.003 0.005 0.005 0.003   -1012239    0 
 4100:    1.00    0.186    0.010 0.010 0.010 0.011 0.017 0.010 0.010 0.041 0.010 0.010    0.003 0.003 0.003 0.004 0.003 0.003 0.008 0.003 0.003 0.003 0.003 0.004 0.003 0.003 0.008 0.003 0.003 0.003 0.004 0.003 0.003 0.008 0.003 0.003 0.004 0.003 0.003 0.008 0.003 0.003 0.004 0.004 0.009 0.004 0.004 0.003 0.008 0.003 0.003 0.008 0.003 0.003 0.008 0.008 0.003   -1007091    0 
 4200:    1.00    0.167    0.010 0.010 0.010 0.011 0.017 0.010 0.010 0.074 0.010 0.010    0.003 0.003 0.003 0.004 0.003 0.003 0.013 0.003 0.003 0.003 0.003 0.004 0.003 0.003 0.013 0.003 0.003 0.003 0.004 0.003 0.003 0.013 0.003 0.003 0.004 0.003 0.003 0.013 0.003 0.003 0.004 0.004 0.015 0.004 0.004 0.003 0.013 0.003 0.003 0.013 0.003 0.003 0.013 0.013 0.003   -1001446    0 
 4300:    1.00    0.189    0.010 0.010 0.010 0.011 0.018 0.010 0.010 0.081 0.010 0.010    0.003 0.003 0.003 0.004 0.003 0.003 0.014 0.003 0.003 0.003 0.003 0.004 0.003 0.003 0.014 0.003 0.003 0.003 0.004 0.003 0.003 0.014 0.003 0.003 0.004 0.003 0.003 0.014 0.003 0.003 0.004 0.004 0.016 0.004 0.004 0.003 0.014 0.003 0.003 0.014 0.003 0.003 0.014 0.014 0.003   -1000798    0 
 4400:    1.00    0.151    0.010 0.010 0.010 0.011 0.018 0.010 0.010 0.093 0.010 0.010    0.003 0.003 0.003 0.004 0.003 0.003 0.016 0.003 0.003 0.003 0.003 0.004 0.003 0.003 0.016 0.003 0.003 0.003 0.004 0.003 0.003 0.016 0.003 0.003 0.005 0.003 0.003 0.016 0.003 0.003 0.004 0.004 0.018 0.004 0.004 0.003 0.016 0.003 0.003 0.016 0.003 0.003 0.016 0.016 0.003   -999032    0 
 4500:    1.00    0.181    0.010 0.010 0.010 0.011 0.019 0.010 0.010 0.102 0.010 0.010    0.003 0.003 0.003 0.005 0.003 0.003 0.017 0.003 0.003 0.003 0.003 0.005 0.003 0.003 0.017 0.003 0.003 0.003 0.004 0.003 0.003 0.017 0.003 0.003 0.005 0.003 0.003 0.017 0.003 0.003 0.005 0.005 0.019 0.005 0.005 0.003 0.017 0.003 0.003 0.017 0.003 0.003 0.017 0.017 0.003   -998126    0 
 4600:    1.00    0.129    0.010 0.010 0.010 0.011 0.023 0.010 0.010 0.108 0.010 0.010    0.003 0.003 0.003 0.005 0.003 0.003 0.018 0.003 0.003 0.003 0.003 0.005 0.003 0.003 0.018 0.003 0.003 0.003 0.005 0.003 0.003 0.018 0.003 0.003 0.005 0.003 0.003 0.018 0.003 0.003 0.005 0.005 0.021 0.005 0.005 0.003 0.018 0.003 0.003 0.018 0.003 0.003 0.018 0.018 0.003   -996353    0 
 4700:    1.00    0.181    0.010 0.010 0.010 0.011 0.025 0.010 0.010 0.113 0.010 0.010    0.003 0.003 0.003 0.005 0.003 0.003 0.019 0.003 0.003 0.003 0.003 0.005 0.003 0.003 0.019 0.003 0.003 0.003 0.005 0.003 0.003 0.018 0.003 0.003 0.006 0.003 0.003 0.019 0.003 0.003 0.005 0.005 0.021 0.006 0.005 0.003 0.019 0.003 0.003 0.019 0.003 0.003 0.019 0.019 0.003   -995781    0 
 4800:    1.00    0.187    0.010 0.010 0.010 0.011 0.030 0.010 0.010 0.117 0.010 0.010    0.003 0.003 0.003 0.006 0.003 0.003 0.019 0.003 0.003 0.003 0.003 0.006 0.003 0.003 0.019 0.003 0.003 0.003 0.006 0.003 0.003 0.019 0.003 0.003 0.006 0.003 0.003 0.019 0.003 0.003 0.006 0.006 0.023 0.006 0.006 0.003 0.019 0.003 0.003 0.019 0.003 0.003 0.019 0.019 0.003   -994284    0 
 4900:    1.00    0.150    0.010 0.010 0.010 0.011 0.031 0.010 0.010 0.117 0.010 0.010    0.003 0.003 0.003 0.006 0.003 0.003 0.019 0.003 0.003 0.003 0.003 0.007 0.003 0.003 0.019 0.003 0.003 0.003 0.006 0.003 0.003 0.019 0.003 0.003 0.007 0.003 0.003 0.019 0.003 0.003 0.007 0.007 0.023 0.006 0.006 0.003 0.019 0.003 0.003 0.019 0.003 0.003 0.019 0.019 0.003   -994012    0 

--------------------------------------------
Proportion of membership of each pre-defined
 population in each of the 10 clusters

Given    Inferred Clusters                                                        Number of
 Pop       1      2      3      4      5      6      7      8      9     10      Individuals

  1:     0.055  0.031  0.055  0.132  0.202  0.111  0.072  0.212  0.075  0.053       23
--------------------------------------------

 Rep#:   Lambda   Alpha      F1    F2    F3    F4    F5    F6    F7    F8    F9    F10     D1,2  D1,3  D1,4  D1,5  D1,6  D1,7  D1,8  D1,9  D1,10  D2,3  D2,4  D2,5  D2,6  D2,7  D2,8  D2,9  D2,10  D3,4  D3,5  D3,6  D3,7  D3,8  D3,9  D3,10  D4,5  D4,6  D4,7  D4,8  D4,9  D4,10  D5,6  D5,7  D5,8  D5,9  D5,10  D6,7  D6,8  D6,9  D6,10  D7,8  D7,9  D7,10  D8,9  D8,10  D9,10    Ln Like  Est Ln P(D)
 5000:    1.00    0.149    0.010 0.010 0.010 0.011 0.031 0.010 0.010 0.122 0.010 0.010    0.003 0.003 0.003 0.007 0.003 0.003 0.020 0.003 0.003 0.003 0.003 0.007 0.003 0.003 0.020 0.003 0.003 0.003 0.007 0.003 0.003 0.020 0.003 0.003 0.007 0.003 0.003 0.020 0.003 0.003 0.007 0.007 0.024 0.007 0.007 0.003 0.020 0.003 0.003 0.020 0.003 0.003 0.020 0.020 0.003   -993541    0 
 5100:    1.00    0.154    0.010 0.010 0.010 0.011 0.035 0.010 0.010 0.124 0.010 0.010    0.003 0.003 0.003 0.007 0.003 0.003 0.020 0.003 0.003 0.003 0.003 0.007 0.003 0.003 0.020 0.003 0.003 0.003 0.007 0.003 0.003 0.020 0.003 0.003 0.007 0.003 0.003 0.020 0.003 0.003 0.007 0.007 0.025 0.007 0.007 0.003 0.020 0.003 0.003 0.020 0.003 0.003 0.020 0.020 0.003   -993033    0 
 5200:    1.00    0.141    0.010 0.010 0.010 0.011 0.035 0.010 0.010 0.124 0.010 0.010    0.003 0.003 0.003 0.007 0.003 0.003 0.020 0.003 0.003 0.003 0.003 0.007 0.003 0.003 0.020 0.003 0.003 0.003 0.007 0.003 0.003 0.020 0.003 0.003 0.007 0.003 0.003 0.021 0.003 0.003 0.007 0.007 0.025 0.007 0.007 0.003 0.020 0.003 0.003 0.020 0.003 0.003 0.021 0.020 0.003   -992916    0 
 5300:    1.00    0.152    0.010 0.010 0.010 0.011 0.035 0.010 0.010 0.124 0.010 0.011    0.003 0.003 0.003 0.007 0.003 0.003 0.020 0.003 0.003 0.003 0.003 0.007 0.003 0.003 0.020 0.003 0.003 0.003 0.007 0.003 0.003 0.020 0.003 0.003 0.007 0.003 0.003 0.020 0.003 0.003 0.007 0.007 0.025 0.007 0.007 0.003 0.020 0.003 0.003 0.020 0.003 0.003 0.020 0.020 0.003   -993009    0 
 5400:    1.00    0.140    0.010 0.010 0.010 0.011 0.040 0.010 0.010 0.126 0.010 0.011    0.003 0.003 0.003 0.008 0.003 0.003 0.021 0.003 0.003 0.003 0.003 0.008 0.003 0.003 0.021 0.003 0.003 0.003 0.008 0.003 0.003 0.020 0.003 0.003 0.008 0.003 0.003 0.021 0.003 0.003 0.008 0.008 0.026 0.008 0.008 0.003 0.021 0.003 0.003 0.020 0.003 0.003 0.020 0.021 0.003   -992548    0 
 5500:    1.00    0.127    0.010 0.010 0.010 0.011 0.046 0.010 0.010 0.127 0.010 0.011    0.003 0.003 0.003 0.009 0.003 0.003 0.021 0.003 0.003 0.003 0.003 0.009 0.003 0.003 0.021 0.003 0.003 0.003 0.009 0.003 0.003 0.021 0.003 0.003 0.009 0.003 0.003 0.021 0.003 0.003 0.009 0.009 0.027 0.009 0.009 0.003 0.021 0.003 0.003 0.021 0.003 0.003 0.021 0.021 0.003   -990609    0 
 5600:    1.00    0.119    0.010 0.010 0.010 0.011 0.048 0.010 0.010 0.127 0.010 0.011    0.003 0.003 0.003 0.009 0.003 0.003 0.021 0.003 0.003 0.003 0.003 0.009 0.003 0.003 0.021 0.003 0.003 0.003 0.009 0.003 0.003 0.021 0.003 0.003 0.009 0.003 0.003 0.021 0.003 0.003 0.009 0.009 0.027 0.009 0.009 0.003 0.021 0.003 0.003 0.021 0.003 0.003 0.021 0.021 0.003   -990958    0 
 5700:    1.00    0.136    0.010 0.010 0.010 0.011 0.056 0.010 0.010 0.129 0.010 0.011    0.003 0.003 0.003 0.010 0.003 0.003 0.021 0.003 0.003 0.003 0.003 0.010 0.003 0.003 0.021 0.003 0.003 0.003 0.010 0.003 0.003 0.021 0.003 0.003 0.011 0.003 0.003 0.021 0.003 0.003 0.011 0.010 0.029 0.010 0.011 0.003 0.021 0.003 0.003 0.021 0.003 0.003 0.021 0.021 0.003   -989859    0 
 5800:    1.00    0.123    0.010 0.010 0.010 0.011 0.060 0.010 0.010 0.129 0.010 0.011    0.003 0.003 0.003 0.011 0.003 0.003 0.021 0.003 0.003 0.003 0.003 0.011 0.003 0.003 0.021 0.003 0.003 0.003 0.011 0.003 0.003 0.021 0.003 0.003 0.011 0.003 0.003 0.021 0.003 0.003 0.011 0.011 0.029 0.011 0.011 0.003 0.021 0.003 0.003 0.021 0.003 0.003 0.021 0.021 0.003   -989306    0 
 5900:    1.00    0.124    0.010 0.010 0.010 0.011 0.062 0.010 0.010 0.129 0.010 0.011    0.003 0.003 0.003 0.012 0.003 0.003 0.021 0.003 0.003 0.003 0.003 0.012 0.003 0.003 0.021 0.003 0.003 0.003 0.012 0.003 0.003 0.021 0.003 0.003 0.012 0.003 0.003 0.021 0.003 0.003 0.012 0.012 0.030 0.012 0.012 0.003 0.021 0.003 0.003 0.021 0.003 0.003 0.021 0.021 0.003   -989347    0 
 6000:    1.00    0.124    0.010 0.010 0.010 0.011 0.069 0.010 0.010 0.131 0.010 0.010    0.003 0.003 0.003 0.013 0.003 0.003 0.021 0.003 0.003 0.003 0.003 0.013 0.003 0.003 0.021 0.003 0.003 0.003 0.013 0.003 0.003 0.021 0.003 0.003 0.013 0.003 0.003 0.021 0.003 0.003 0.013 0.013 0.031 0.013 0.013 0.003 0.021 0.003 0.003 0.021 0.003 0.003 0.021 0.021 0.003   -988885    0 

MCMC completed

Inferred ancestry of individuals:
        Label (%Miss) Pop:  Inferred clusters
  1 18160D-09-0    (2)    1 :  0.173 0.060 0.035 0.036 0.006 0.416 0.042 0.090 0.028 0.114 
  2 18160D-09-0    (4)    1 :  0.096 0.063 0.064 0.309 0.011 0.108 0.097 0.022 0.126 0.105 
  3 18160D-09-0    (2)    1 :  0.018 0.079 0.016 0.019 0.013 0.077 0.045 0.635 0.057 0.039 
  4 18160D-09-0    (5)    1 :  0.030 0.057 0.014 0.014 0.010 0.039 0.035 0.760 0.017 0.024 
  5 18160D-09-0    (4)    1 :  0.013 0.064 0.008 0.012 0.009 0.055 0.028 0.711 0.021 0.078 
  6 18160D-09-0    (4)    1 :  0.025 0.042 0.029 0.010 0.012 0.020 0.040 0.750 0.025 0.046 
  7 18160D-09-0    (2)    1 :  0.023 0.033 0.020 0.017 0.010 0.031 0.027 0.785 0.021 0.033 
  8 18160D-09-0    (4)    1 :  0.089 0.012 0.146 0.265 0.039 0.050 0.089 0.021 0.209 0.079 
  9 18160D-09-0    (2)    1 :  0.117 0.036 0.134 0.035 0.431 0.037 0.106 0.020 0.059 0.026 
 10 18160D-09-1    (2)    1 :  0.016 0.005 0.059 0.020 0.835 0.015 0.015 0.012 0.009 0.013 
 11 18160D-09-1    (2)    1 :  0.023 0.027 0.079 0.018 0.720 0.018 0.040 0.023 0.016 0.037 
 12 18160D-09-1    (2)    1 :  0.042 0.036 0.173 0.024 0.540 0.024 0.066 0.019 0.045 0.031 
 13 18160D-09-1    (5)    1 :  0.148 0.063 0.029 0.221 0.038 0.070 0.147 0.025 0.116 0.144 
 14 18160D-09-1   (18)    1 :  0.107 0.040 0.086 0.127 0.027 0.092 0.038 0.063 0.339 0.080 
 15 18160D-09-1    (4)    1 :  0.130 0.109 0.219 0.135 0.031 0.100 0.121 0.033 0.039 0.083 
 16 18160D-09-1    (2)    1 :  0.012 0.019 0.075 0.024 0.785 0.011 0.019 0.021 0.022 0.012 
 17 18160D-09-1    (2)    1 :  0.261 0.048 0.154 0.066 0.017 0.114 0.102 0.017 0.163 0.058 
 18 18160D-09-1    (2)    1 :  0.031 0.062 0.021 0.052 0.122 0.516 0.028 0.040 0.087 0.041 
 19 18160D-09-1    (2)    1 :  0.076 0.053 0.026 0.254 0.014 0.018 0.165 0.022 0.071 0.301 
 20 18160D-09-2    (5)    1 :  0.044 0.100 0.032 0.299 0.029 0.087 0.172 0.015 0.125 0.096 
 21 18160D-09-2    (5)    1 :  0.059 0.040 0.318 0.092 0.061 0.065 0.120 0.025 0.162 0.059 
 22 18160D-09-2    (5)    1 :  0.049 0.015 0.030 0.346 0.023 0.306 0.019 0.043 0.069 0.100 
 23 18160D-09-2    (2)    1 :  0.101 0.148 0.049 0.236 0.069 0.067 0.217 0.029 0.023 0.062 

Command line arguments:   structure -D 514914 -K 10 -m mainparams -o k10/populations_k10_run1 
Input File:    populations.str
Output File:   k10/populations_k10_run1_f

Run parameters:
   23 individuals
   50160 loci
   10 populations assumed
   1000 Burn-in period
   5000 Reps
RANDOMIZE turned off

--------------------------------------------
Estimated Ln Prob of Data   = -97577304.1
Mean value of ln likelihood = -1011127.6
Variance of ln likelihood   = 193132353.0
Mean value of alpha         = 1.0781

Mean value of Fst_1         = 0.0101
Mean value of Fst_2         = 0.0100
Mean value of Fst_3         = 0.0096
Mean value of Fst_4         = 0.0107
Mean value of Fst_5         = 0.0204
Mean value of Fst_6         = 0.0100
Mean value of Fst_7         = 0.0100
Mean value of Fst_8         = 0.0506
Mean value of Fst_9         = 0.0099
Mean value of Fst_10         = 0.0102


--------------------------------------------
Proportion of membership of each pre-defined
 population in each of the 10 clusters

Given    Inferred Clusters                                                        Number of
 Pop       1      2      3      4      5      6      7      8      9     10      Individuals

  1:     0.073  0.053  0.079  0.114  0.168  0.101  0.077  0.182  0.080  0.072       23
--------------------------------------------
Final results printed to file k10/populations_k10_run1_f

