

----------------------------------------------------
STRUCTURE by Pritchard, Stephens and Donnelly (2000)
     and Falush, Stephens and Pritchard (2003)
       Code by Pritchard, Falush and Hubisz
             Version 2.3.4 (Jul 2012)
----------------------------------------------------


Reading file "mainparams".
datafile is
populations.str
Reading file "extraparams".
Reading file "populations.str".


Data file "populations.str" (truncated) --

Ind:   Label Pop : Genotype_data . . . .
  1: 18160D-09-0    1  :  4   1   3   1   4   1   3  . . . .   2
  1: 18160D-09-0    1  :  4   1   3   1   4   4   4  . . . .   4
  2: 18160D-09-0    1  :  4   1   3   1   4   1   3  . . . .   2
  2: 18160D-09-0    1  :  4   1   3   1   4   4   3  . . . .   4
  3: 18160D-09-0    1  :  4   1   0   0   0   0   3  . . . .   2
  3: 18160D-09-0    1  :  4   3   0   0   0   0   3  . . . .   4
  4: 18160D-09-0    1  :  4   1   3   1   4   1   3  . . . .   2
  4: 18160D-09-0    1  :  4   3   3   1   4   1   3  . . . .   4

      *******   

 22: 18160D-09-2    1  :  4   1   3   1   4   1   3  . . . .   2
 22: 18160D-09-2    1  :  4   3   3   1   4   1   4  . . . .   4
 23: 18160D-09-2    1  :  4   1   3   1   4   1   3  . . . .   2
 23: 18160D-09-2    1  :  4   1   3   1   4   4   4  . . . .   4

Number of alleles per locus: min= 2; ave=2.0; max= 2


--------------------------------------

Finished initialization; starting MCMC 
5000 iterations + 1000 burnin


--------------------------------------------
Proportion of membership of each pre-defined
 population in each of the 10 clusters

Given    Inferred Clusters                                                        Number of
 Pop       1      2      3      4      5      6      7      8      9     10      Individuals

  1:     0.107  0.095  0.105  0.093  0.104  0.092  0.096  0.102  0.109  0.096       23
--------------------------------------------

 Rep#:   Lambda   Alpha      F1    F2    F3    F4    F5    F6    F7    F8    F9    F10     D1,2  D1,3  D1,4  D1,5  D1,6  D1,7  D1,8  D1,9  D1,10  D2,3  D2,4  D2,5  D2,6  D2,7  D2,8  D2,9  D2,10  D3,4  D3,5  D3,6  D3,7  D3,8  D3,9  D3,10  D4,5  D4,6  D4,7  D4,8  D4,9  D4,10  D5,6  D5,7  D5,8  D5,9  D5,10  D6,7  D6,8  D6,9  D6,10  D7,8  D7,9  D7,10  D8,9  D8,10  D9,10    Ln Like 
  100:    1.00    1.661    0.010 0.010 0.010 0.010 0.010 0.010 0.010 0.010 0.010 0.010    0.003 0.003 0.003 0.003 0.003 0.003 0.003 0.003 0.003 0.003 0.003 0.003 0.003 0.003 0.003 0.003 0.003 0.003 0.003 0.003 0.003 0.003 0.003 0.003 0.003 0.003 0.003 0.003 0.003 0.003 0.003 0.003 0.003 0.003 0.003 0.003 0.003 0.003 0.003 0.003 0.003 0.003 0.003 0.003 0.003   --  
  200:    1.00    2.418    0.010 0.010 0.010 0.010 0.010 0.010 0.010 0.010 0.010 0.010    0.003 0.003 0.003 0.003 0.003 0.003 0.003 0.003 0.003 0.003 0.003 0.003 0.003 0.003 0.003 0.003 0.003 0.003 0.003 0.003 0.003 0.003 0.003 0.003 0.003 0.003 0.003 0.003 0.003 0.003 0.003 0.003 0.003 0.003 0.003 0.003 0.003 0.003 0.003 0.003 0.003 0.003 0.003 0.003 0.003   --  
  300:    1.00    3.034    0.010 0.010 0.010 0.010 0.010 0.010 0.010 0.010 0.010 0.010    0.003 0.003 0.003 0.003 0.003 0.003 0.003 0.003 0.003 0.003 0.003 0.003 0.003 0.003 0.003 0.003 0.003 0.003 0.003 0.003 0.003 0.003 0.003 0.003 0.003 0.003 0.003 0.003 0.003 0.003 0.003 0.003 0.003 0.003 0.003 0.003 0.003 0.003 0.003 0.003 0.003 0.003 0.003 0.003 0.003   --  
  400:    1.00    3.024    0.010 0.010 0.010 0.010 0.010 0.010 0.010 0.010 0.010 0.010    0.003 0.003 0.003 0.003 0.003 0.003 0.003 0.003 0.003 0.003 0.003 0.003 0.003 0.003 0.003 0.003 0.003 0.003 0.003 0.003 0.003 0.003 0.003 0.003 0.003 0.003 0.003 0.003 0.003 0.003 0.003 0.003 0.003 0.003 0.003 0.003 0.003 0.003 0.003 0.003 0.003 0.003 0.003 0.003 0.003   --  
  500:    1.00    3.153    0.010 0.010 0.010 0.010 0.010 0.010 0.010 0.010 0.010 0.010    0.003 0.003 0.003 0.003 0.003 0.003 0.003 0.003 0.003 0.003 0.003 0.003 0.003 0.003 0.003 0.003 0.003 0.003 0.003 0.003 0.003 0.003 0.003 0.003 0.003 0.003 0.003 0.003 0.003 0.003 0.003 0.003 0.003 0.003 0.003 0.003 0.003 0.003 0.003 0.003 0.003 0.003 0.003 0.003 0.003   --  
  600:    1.00    3.503    0.010 0.010 0.010 0.010 0.010 0.010 0.010 0.010 0.010 0.010    0.003 0.003 0.003 0.003 0.003 0.003 0.003 0.003 0.003 0.003 0.003 0.003 0.003 0.003 0.003 0.003 0.003 0.003 0.003 0.003 0.003 0.003 0.003 0.003 0.003 0.003 0.003 0.003 0.003 0.003 0.003 0.003 0.003 0.003 0.003 0.003 0.003 0.003 0.003 0.003 0.003 0.003 0.003 0.003 0.003   --  
  700:    1.00    3.294    0.010 0.010 0.010 0.010 0.010 0.010 0.010 0.010 0.010 0.010    0.003 0.003 0.003 0.003 0.003 0.003 0.003 0.003 0.003 0.003 0.003 0.003 0.003 0.003 0.003 0.003 0.003 0.003 0.003 0.003 0.003 0.003 0.003 0.003 0.003 0.003 0.003 0.003 0.003 0.003 0.003 0.003 0.003 0.003 0.003 0.003 0.003 0.003 0.003 0.003 0.003 0.003 0.003 0.003 0.003   --  
  800:    1.00    3.691    0.010 0.010 0.010 0.010 0.010 0.010 0.010 0.010 0.010 0.010    0.003 0.003 0.003 0.003 0.003 0.003 0.003 0.003 0.003 0.003 0.003 0.003 0.003 0.003 0.003 0.003 0.003 0.003 0.003 0.003 0.003 0.003 0.003 0.003 0.003 0.003 0.003 0.003 0.003 0.003 0.003 0.003 0.003 0.003 0.003 0.003 0.003 0.003 0.003 0.003 0.003 0.003 0.003 0.003 0.003   --  
  900:    1.00    3.652    0.010 0.010 0.010 0.010 0.010 0.010 0.010 0.010 0.010 0.010    0.003 0.003 0.003 0.003 0.003 0.003 0.003 0.003 0.003 0.003 0.003 0.003 0.003 0.003 0.003 0.003 0.003 0.003 0.003 0.003 0.003 0.003 0.003 0.003 0.003 0.003 0.003 0.003 0.003 0.003 0.003 0.003 0.003 0.003 0.003 0.003 0.003 0.003 0.003 0.003 0.003 0.003 0.003 0.003 0.003   --  
 1000:    1.00    3.497    0.010 0.010 0.010 0.010 0.010 0.010 0.010 0.010 0.010 0.010    0.003 0.003 0.003 0.003 0.003 0.003 0.003 0.003 0.003 0.003 0.003 0.003 0.003 0.003 0.003 0.003 0.003 0.003 0.003 0.003 0.003 0.003 0.003 0.003 0.003 0.003 0.003 0.003 0.003 0.003 0.003 0.003 0.003 0.003 0.003 0.003 0.003 0.003 0.003 0.003 0.003 0.003 0.003 0.003 0.003   --  

BURNIN completed
 Rep#:   Lambda   Alpha      F1    F2    F3    F4    F5    F6    F7    F8    F9    F10     D1,2  D1,3  D1,4  D1,5  D1,6  D1,7  D1,8  D1,9  D1,10  D2,3  D2,4  D2,5  D2,6  D2,7  D2,8  D2,9  D2,10  D3,4  D3,5  D3,6  D3,7  D3,8  D3,9  D3,10  D4,5  D4,6  D4,7  D4,8  D4,9  D4,10  D5,6  D5,7  D5,8  D5,9  D5,10  D6,7  D6,8  D6,9  D6,10  D7,8  D7,9  D7,10  D8,9  D8,10  D9,10    Ln Like  Est Ln P(D)
 1100:    1.00    3.674    0.010 0.010 0.010 0.010 0.010 0.010 0.010 0.010 0.010 0.010    0.003 0.003 0.003 0.003 0.003 0.003 0.003 0.003 0.003 0.003 0.003 0.003 0.003 0.003 0.003 0.003 0.003 0.003 0.003 0.003 0.003 0.003 0.003 0.003 0.003 0.003 0.003 0.003 0.003 0.003 0.003 0.003 0.003 0.003 0.003 0.003 0.003 0.003 0.003 0.003 0.003 0.003 0.003 0.003 0.003   -1026066    0 
 1200:    1.00    4.083    0.010 0.010 0.010 0.010 0.010 0.010 0.010 0.010 0.010 0.010    0.003 0.003 0.003 0.003 0.003 0.003 0.003 0.003 0.003 0.003 0.003 0.003 0.003 0.003 0.003 0.003 0.003 0.003 0.003 0.003 0.003 0.003 0.003 0.003 0.003 0.003 0.003 0.003 0.003 0.003 0.003 0.003 0.003 0.003 0.003 0.003 0.003 0.003 0.003 0.003 0.003 0.003 0.003 0.003 0.003   -1026273    0 
 1300:    1.00    3.986    0.010 0.010 0.010 0.010 0.010 0.010 0.010 0.010 0.010 0.010    0.003 0.003 0.003 0.003 0.003 0.003 0.003 0.003 0.003 0.003 0.003 0.003 0.003 0.003 0.003 0.003 0.003 0.003 0.003 0.003 0.003 0.003 0.003 0.003 0.003 0.003 0.003 0.003 0.003 0.003 0.003 0.003 0.003 0.003 0.003 0.003 0.003 0.003 0.003 0.003 0.003 0.003 0.003 0.003 0.003   -1025990    0 
 1400:    1.00    3.467    0.010 0.010 0.010 0.010 0.010 0.010 0.010 0.010 0.010 0.010    0.003 0.003 0.003 0.003 0.003 0.003 0.003 0.003 0.003 0.003 0.003 0.003 0.003 0.003 0.003 0.003 0.003 0.003 0.003 0.003 0.003 0.003 0.003 0.003 0.003 0.003 0.003 0.003 0.003 0.003 0.003 0.003 0.003 0.003 0.003 0.003 0.003 0.003 0.003 0.003 0.003 0.003 0.003 0.003 0.003   -1025966    0 
 1500:    1.00    3.586    0.010 0.010 0.010 0.010 0.010 0.010 0.010 0.010 0.010 0.010    0.003 0.003 0.003 0.003 0.003 0.003 0.003 0.003 0.003 0.003 0.003 0.003 0.003 0.003 0.003 0.003 0.003 0.003 0.003 0.003 0.003 0.003 0.003 0.003 0.003 0.003 0.003 0.003 0.003 0.003 0.003 0.003 0.003 0.003 0.003 0.003 0.003 0.003 0.003 0.003 0.003 0.003 0.003 0.003 0.003   -1026246    0 
 1600:    1.00    3.430    0.010 0.010 0.010 0.010 0.010 0.010 0.010 0.010 0.010 0.010    0.003 0.003 0.003 0.003 0.003 0.003 0.003 0.003 0.003 0.003 0.003 0.003 0.003 0.003 0.003 0.003 0.003 0.003 0.003 0.003 0.003 0.003 0.003 0.003 0.003 0.003 0.003 0.003 0.003 0.003 0.003 0.003 0.003 0.003 0.003 0.003 0.003 0.003 0.003 0.003 0.003 0.003 0.003 0.003 0.003   -1025901    0 
 1700:    1.00    2.865    0.010 0.010 0.010 0.010 0.010 0.010 0.010 0.010 0.010 0.010    0.003 0.003 0.003 0.003 0.003 0.003 0.003 0.003 0.003 0.003 0.003 0.003 0.003 0.003 0.003 0.003 0.003 0.003 0.003 0.003 0.003 0.003 0.003 0.003 0.003 0.003 0.003 0.003 0.003 0.003 0.003 0.003 0.003 0.003 0.003 0.003 0.003 0.003 0.003 0.003 0.003 0.003 0.003 0.003 0.003   -1025772    0 
 1800:    1.00    2.494    0.010 0.010 0.010 0.010 0.010 0.010 0.010 0.010 0.010 0.010    0.003 0.003 0.003 0.003 0.003 0.003 0.003 0.003 0.003 0.003 0.003 0.003 0.003 0.003 0.003 0.003 0.003 0.003 0.003 0.003 0.003 0.003 0.003 0.003 0.003 0.003 0.003 0.003 0.003 0.003 0.003 0.003 0.003 0.003 0.003 0.003 0.003 0.003 0.003 0.003 0.003 0.003 0.003 0.003 0.003   -1025572    0 
 1900:    1.00    2.216    0.010 0.010 0.010 0.010 0.010 0.010 0.010 0.010 0.010 0.010    0.003 0.003 0.003 0.003 0.003 0.003 0.003 0.003 0.003 0.003 0.003 0.003 0.003 0.003 0.003 0.003 0.003 0.003 0.003 0.003 0.003 0.003 0.003 0.003 0.003 0.003 0.003 0.003 0.003 0.003 0.003 0.003 0.003 0.003 0.003 0.003 0.003 0.003 0.003 0.003 0.003 0.003 0.003 0.003 0.003   -1025162    0 

--------------------------------------------
Proportion of membership of each pre-defined
 population in each of the 10 clusters

Given    Inferred Clusters                                                        Number of
 Pop       1      2      3      4      5      6      7      8      9     10      Individuals

  1:     0.102  0.071  0.105  0.098  0.096  0.084  0.124  0.087  0.155  0.078       23
--------------------------------------------

 Rep#:   Lambda   Alpha      F1    F2    F3    F4    F5    F6    F7    F8    F9    F10     D1,2  D1,3  D1,4  D1,5  D1,6  D1,7  D1,8  D1,9  D1,10  D2,3  D2,4  D2,5  D2,6  D2,7  D2,8  D2,9  D2,10  D3,4  D3,5  D3,6  D3,7  D3,8  D3,9  D3,10  D4,5  D4,6  D4,7  D4,8  D4,9  D4,10  D5,6  D5,7  D5,8  D5,9  D5,10  D6,7  D6,8  D6,9  D6,10  D7,8  D7,9  D7,10  D8,9  D8,10  D9,10    Ln Like  Est Ln P(D)
 2000:    1.00    2.215    0.010 0.010 0.010 0.010 0.010 0.010 0.010 0.010 0.010 0.010    0.003 0.003 0.003 0.003 0.003 0.003 0.003 0.003 0.003 0.003 0.003 0.003 0.003 0.003 0.003 0.003 0.003 0.003 0.003 0.003 0.003 0.003 0.003 0.003 0.003 0.003 0.003 0.003 0.003 0.003 0.003 0.003 0.003 0.003 0.003 0.003 0.003 0.003 0.003 0.003 0.003 0.003 0.003 0.003 0.003   -1025420    0 
 2100:    1.00    2.141    0.010 0.010 0.010 0.010 0.010 0.010 0.010 0.010 0.010 0.010    0.003 0.003 0.003 0.003 0.003 0.003 0.003 0.003 0.003 0.003 0.003 0.003 0.003 0.003 0.003 0.003 0.003 0.003 0.003 0.003 0.003 0.003 0.003 0.003 0.003 0.003 0.003 0.003 0.003 0.003 0.003 0.003 0.003 0.003 0.003 0.003 0.003 0.003 0.003 0.003 0.003 0.003 0.003 0.003 0.003   -1024782    0 
 2200:    1.00    1.988    0.010 0.010 0.010 0.010 0.010 0.010 0.010 0.010 0.010 0.010    0.003 0.003 0.003 0.003 0.003 0.003 0.003 0.003 0.003 0.003 0.003 0.003 0.003 0.003 0.003 0.003 0.003 0.003 0.003 0.003 0.003 0.003 0.003 0.003 0.003 0.003 0.003 0.003 0.003 0.003 0.003 0.003 0.003 0.003 0.003 0.003 0.003 0.003 0.003 0.003 0.003 0.003 0.003 0.003 0.003   -1024823    0 
 2300:    1.00    1.754    0.010 0.010 0.010 0.010 0.010 0.010 0.010 0.010 0.010 0.010    0.003 0.003 0.003 0.003 0.003 0.003 0.003 0.003 0.003 0.003 0.003 0.003 0.003 0.003 0.003 0.003 0.003 0.003 0.003 0.003 0.003 0.003 0.003 0.003 0.003 0.003 0.003 0.003 0.003 0.003 0.003 0.003 0.003 0.003 0.003 0.003 0.003 0.003 0.003 0.003 0.003 0.003 0.003 0.003 0.003   -1024475    0 
 2400:    1.00    1.678    0.010 0.010 0.010 0.010 0.010 0.010 0.010 0.010 0.010 0.010    0.003 0.003 0.003 0.003 0.003 0.003 0.003 0.003 0.003 0.003 0.003 0.003 0.003 0.003 0.003 0.003 0.003 0.003 0.003 0.003 0.003 0.003 0.003 0.003 0.003 0.003 0.003 0.003 0.003 0.003 0.003 0.003 0.003 0.003 0.003 0.003 0.003 0.003 0.003 0.003 0.003 0.003 0.003 0.003 0.003   -1023888    0 
 2500:    1.00    1.361    0.010 0.010 0.010 0.010 0.010 0.010 0.010 0.010 0.010 0.010    0.003 0.003 0.003 0.003 0.003 0.003 0.003 0.003 0.003 0.003 0.003 0.003 0.003 0.003 0.003 0.003 0.003 0.003 0.003 0.003 0.003 0.003 0.003 0.003 0.003 0.003 0.003 0.003 0.003 0.003 0.003 0.003 0.003 0.003 0.003 0.003 0.003 0.003 0.003 0.003 0.003 0.003 0.003 0.003 0.003   -1023712    0 
 2600:    1.00    0.985    0.010 0.010 0.010 0.010 0.010 0.010 0.010 0.010 0.010 0.010    0.003 0.003 0.003 0.003 0.003 0.003 0.003 0.003 0.003 0.003 0.003 0.003 0.003 0.003 0.003 0.003 0.003 0.003 0.003 0.003 0.003 0.003 0.003 0.003 0.003 0.003 0.003 0.003 0.003 0.003 0.003 0.003 0.003 0.003 0.003 0.003 0.003 0.003 0.003 0.003 0.003 0.003 0.003 0.003 0.003   -1023306    0 
 2700:    1.00    0.879    0.010 0.010 0.010 0.010 0.010 0.010 0.010 0.010 0.010 0.010    0.003 0.003 0.003 0.003 0.003 0.003 0.003 0.003 0.003 0.003 0.003 0.003 0.003 0.003 0.003 0.003 0.003 0.003 0.003 0.003 0.003 0.003 0.003 0.003 0.003 0.003 0.003 0.003 0.003 0.003 0.003 0.003 0.003 0.003 0.003 0.003 0.003 0.003 0.003 0.003 0.003 0.003 0.003 0.003 0.003   -1022230    0 
 2800:    1.00    0.894    0.010 0.010 0.010 0.010 0.010 0.010 0.010 0.010 0.011 0.010    0.003 0.003 0.003 0.003 0.003 0.003 0.003 0.003 0.003 0.003 0.003 0.003 0.003 0.003 0.003 0.003 0.003 0.003 0.003 0.003 0.003 0.003 0.003 0.003 0.003 0.003 0.003 0.003 0.003 0.003 0.003 0.003 0.003 0.003 0.003 0.003 0.003 0.003 0.003 0.003 0.003 0.003 0.003 0.003 0.003   -1021689    0 
 2900:    1.00    0.609    0.010 0.010 0.010 0.010 0.010 0.010 0.010 0.010 0.011 0.010    0.003 0.003 0.003 0.003 0.003 0.003 0.003 0.003 0.003 0.003 0.003 0.003 0.003 0.003 0.003 0.003 0.003 0.003 0.003 0.003 0.003 0.003 0.003 0.003 0.003 0.003 0.003 0.003 0.003 0.003 0.003 0.003 0.003 0.003 0.003 0.003 0.003 0.003 0.003 0.003 0.003 0.003 0.003 0.003 0.003   -1021419    0 

--------------------------------------------
Proportion of membership of each pre-defined
 population in each of the 10 clusters

Given    Inferred Clusters                                                        Number of
 Pop       1      2      3      4      5      6      7      8      9     10      Individuals

  1:     0.095  0.073  0.090  0.095  0.076  0.077  0.120  0.090  0.229  0.055       23
--------------------------------------------

 Rep#:   Lambda   Alpha      F1    F2    F3    F4    F5    F6    F7    F8    F9    F10     D1,2  D1,3  D1,4  D1,5  D1,6  D1,7  D1,8  D1,9  D1,10  D2,3  D2,4  D2,5  D2,6  D2,7  D2,8  D2,9  D2,10  D3,4  D3,5  D3,6  D3,7  D3,8  D3,9  D3,10  D4,5  D4,6  D4,7  D4,8  D4,9  D4,10  D5,6  D5,7  D5,8  D5,9  D5,10  D6,7  D6,8  D6,9  D6,10  D7,8  D7,9  D7,10  D8,9  D8,10  D9,10    Ln Like  Est Ln P(D)
 3000:    1.00    0.615    0.010 0.010 0.010 0.010 0.010 0.010 0.010 0.010 0.012 0.010    0.003 0.003 0.003 0.003 0.003 0.003 0.003 0.003 0.003 0.003 0.003 0.003 0.003 0.003 0.003 0.003 0.003 0.003 0.003 0.003 0.003 0.003 0.003 0.003 0.003 0.003 0.003 0.003 0.003 0.003 0.003 0.003 0.003 0.003 0.003 0.003 0.003 0.003 0.003 0.003 0.003 0.003 0.003 0.003 0.003   -1020598    0 
 3100:    1.00    0.525    0.010 0.010 0.010 0.010 0.010 0.010 0.010 0.010 0.012 0.010    0.003 0.003 0.003 0.003 0.003 0.003 0.003 0.003 0.003 0.003 0.003 0.003 0.003 0.003 0.003 0.003 0.003 0.003 0.003 0.003 0.003 0.003 0.003 0.003 0.003 0.003 0.003 0.003 0.003 0.003 0.003 0.003 0.003 0.003 0.003 0.003 0.003 0.003 0.003 0.003 0.003 0.003 0.003 0.003 0.003   -1020237    0 
 3200:    1.00    0.422    0.010 0.010 0.010 0.010 0.010 0.010 0.010 0.010 0.012 0.010    0.003 0.003 0.003 0.003 0.003 0.003 0.003 0.003 0.003 0.003 0.003 0.003 0.003 0.003 0.003 0.003 0.003 0.003 0.003 0.003 0.003 0.003 0.003 0.003 0.003 0.003 0.003 0.003 0.003 0.003 0.003 0.003 0.003 0.003 0.003 0.003 0.003 0.003 0.003 0.003 0.003 0.003 0.003 0.003 0.003   -1019879    0 
 3300:    1.00    0.486    0.010 0.010 0.010 0.010 0.010 0.010 0.010 0.010 0.013 0.010    0.003 0.003 0.003 0.003 0.003 0.003 0.003 0.004 0.003 0.003 0.003 0.003 0.003 0.003 0.003 0.004 0.003 0.003 0.003 0.003 0.003 0.003 0.004 0.003 0.003 0.003 0.003 0.003 0.003 0.003 0.003 0.003 0.003 0.004 0.003 0.003 0.003 0.004 0.003 0.003 0.004 0.003 0.003 0.003 0.004   -1018876    0 
 3400:    1.00    0.321    0.010 0.010 0.010 0.010 0.010 0.010 0.010 0.010 0.013 0.010    0.003 0.003 0.003 0.003 0.003 0.003 0.003 0.004 0.003 0.003 0.003 0.003 0.003 0.003 0.003 0.004 0.003 0.003 0.003 0.003 0.003 0.003 0.004 0.003 0.003 0.003 0.003 0.003 0.004 0.003 0.003 0.003 0.003 0.004 0.003 0.003 0.003 0.004 0.003 0.003 0.004 0.003 0.004 0.003 0.004   -1018396    0 
 3500:    1.00    0.331    0.010 0.010 0.010 0.010 0.010 0.010 0.010 0.010 0.017 0.010    0.003 0.003 0.003 0.003 0.003 0.003 0.003 0.004 0.003 0.003 0.003 0.003 0.003 0.003 0.003 0.004 0.003 0.003 0.003 0.003 0.003 0.003 0.004 0.003 0.003 0.003 0.003 0.003 0.004 0.003 0.003 0.003 0.003 0.004 0.003 0.003 0.003 0.004 0.003 0.003 0.004 0.003 0.004 0.003 0.004   -1016722    0 
 3600:    1.00    0.277    0.010 0.010 0.010 0.010 0.010 0.010 0.010 0.010 0.019 0.010    0.003 0.003 0.003 0.003 0.003 0.003 0.003 0.005 0.003 0.003 0.003 0.003 0.003 0.003 0.003 0.005 0.003 0.003 0.003 0.003 0.003 0.003 0.005 0.003 0.003 0.003 0.003 0.003 0.005 0.003 0.003 0.003 0.003 0.005 0.003 0.003 0.003 0.005 0.003 0.003 0.005 0.003 0.005 0.003 0.005   -1016175    0 
 3700:    1.00    0.236    0.010 0.010 0.010 0.010 0.010 0.010 0.011 0.010 0.025 0.010    0.003 0.003 0.003 0.003 0.003 0.003 0.003 0.006 0.003 0.003 0.003 0.003 0.003 0.003 0.003 0.006 0.003 0.003 0.003 0.003 0.003 0.003 0.006 0.003 0.003 0.003 0.003 0.003 0.006 0.003 0.003 0.003 0.003 0.006 0.003 0.003 0.003 0.006 0.003 0.003 0.006 0.003 0.006 0.003 0.006   -1013935    0 
 3800:    1.00    0.258    0.010 0.010 0.010 0.010 0.010 0.010 0.011 0.010 0.039 0.010    0.003 0.003 0.003 0.003 0.003 0.003 0.003 0.008 0.003 0.003 0.003 0.003 0.003 0.003 0.003 0.008 0.003 0.003 0.003 0.003 0.003 0.003 0.008 0.003 0.003 0.003 0.003 0.003 0.008 0.003 0.003 0.003 0.003 0.008 0.003 0.003 0.003 0.008 0.003 0.003 0.008 0.003 0.008 0.003 0.008   -1010201    0 
 3900:    1.00    0.248    0.010 0.010 0.010 0.010 0.010 0.010 0.011 0.010 0.068 0.010    0.003 0.003 0.003 0.003 0.003 0.003 0.003 0.012 0.003 0.003 0.003 0.003 0.003 0.003 0.003 0.012 0.003 0.003 0.003 0.003 0.003 0.003 0.012 0.003 0.003 0.003 0.003 0.003 0.012 0.003 0.003 0.003 0.003 0.012 0.003 0.003 0.003 0.013 0.003 0.003 0.013 0.003 0.012 0.003 0.013   -1005191    0 

--------------------------------------------
Proportion of membership of each pre-defined
 population in each of the 10 clusters

Given    Inferred Clusters                                                        Number of
 Pop       1      2      3      4      5      6      7      8      9     10      Individuals

  1:     0.124  0.080  0.094  0.076  0.063  0.063  0.131  0.099  0.226  0.045       23
--------------------------------------------

 Rep#:   Lambda   Alpha      F1    F2    F3    F4    F5    F6    F7    F8    F9    F10     D1,2  D1,3  D1,4  D1,5  D1,6  D1,7  D1,8  D1,9  D1,10  D2,3  D2,4  D2,5  D2,6  D2,7  D2,8  D2,9  D2,10  D3,4  D3,5  D3,6  D3,7  D3,8  D3,9  D3,10  D4,5  D4,6  D4,7  D4,8  D4,9  D4,10  D5,6  D5,7  D5,8  D5,9  D5,10  D6,7  D6,8  D6,9  D6,10  D7,8  D7,9  D7,10  D8,9  D8,10  D9,10    Ln Like  Est Ln P(D)
 4000:    1.00    0.265    0.010 0.010 0.010 0.010 0.010 0.010 0.011 0.010 0.092 0.010    0.003 0.003 0.003 0.003 0.003 0.003 0.003 0.016 0.003 0.003 0.003 0.003 0.003 0.003 0.003 0.016 0.003 0.003 0.003 0.003 0.003 0.003 0.016 0.003 0.003 0.003 0.003 0.003 0.016 0.003 0.003 0.003 0.003 0.016 0.003 0.003 0.003 0.016 0.003 0.003 0.016 0.003 0.016 0.003 0.016   -1002430    0 
 4100:    1.00    0.226    0.010 0.010 0.010 0.010 0.010 0.010 0.011 0.010 0.103 0.010    0.003 0.003 0.003 0.003 0.003 0.003 0.003 0.017 0.003 0.003 0.003 0.003 0.003 0.003 0.003 0.017 0.003 0.003 0.003 0.003 0.003 0.003 0.017 0.003 0.003 0.003 0.003 0.003 0.017 0.003 0.003 0.003 0.003 0.017 0.003 0.003 0.003 0.017 0.003 0.003 0.018 0.003 0.017 0.003 0.017   -1001625    0 
 4200:    1.00    0.218    0.010 0.010 0.010 0.010 0.010 0.010 0.011 0.010 0.110 0.010    0.003 0.003 0.003 0.003 0.003 0.003 0.003 0.018 0.003 0.003 0.003 0.003 0.003 0.003 0.003 0.018 0.003 0.003 0.003 0.003 0.003 0.003 0.018 0.003 0.003 0.003 0.003 0.003 0.018 0.003 0.003 0.003 0.003 0.018 0.003 0.003 0.003 0.018 0.003 0.003 0.019 0.003 0.018 0.003 0.018   -1001017    0 
 4300:    1.00    0.214    0.010 0.010 0.010 0.010 0.010 0.010 0.011 0.010 0.114 0.010    0.003 0.003 0.003 0.003 0.003 0.003 0.003 0.019 0.003 0.003 0.003 0.003 0.003 0.003 0.003 0.019 0.003 0.003 0.003 0.003 0.003 0.003 0.019 0.003 0.003 0.003 0.003 0.003 0.019 0.003 0.003 0.003 0.003 0.019 0.003 0.003 0.003 0.019 0.003 0.003 0.019 0.003 0.019 0.003 0.019   -1000415    0 
 4400:    1.00    0.242    0.010 0.010 0.010 0.010 0.010 0.010 0.011 0.010 0.117 0.010    0.003 0.003 0.003 0.003 0.003 0.003 0.003 0.019 0.003 0.003 0.003 0.003 0.003 0.003 0.003 0.019 0.003 0.003 0.003 0.003 0.003 0.003 0.019 0.003 0.003 0.003 0.003 0.003 0.019 0.003 0.003 0.003 0.003 0.020 0.003 0.003 0.003 0.020 0.003 0.003 0.020 0.003 0.019 0.003 0.020   -1000365    0 
 4500:    1.00    0.255    0.010 0.010 0.010 0.010 0.010 0.010 0.011 0.010 0.120 0.010    0.003 0.003 0.003 0.003 0.003 0.003 0.003 0.020 0.003 0.003 0.003 0.003 0.003 0.003 0.003 0.020 0.003 0.003 0.003 0.003 0.003 0.003 0.020 0.003 0.003 0.003 0.003 0.003 0.020 0.003 0.003 0.003 0.003 0.020 0.003 0.003 0.003 0.020 0.003 0.003 0.020 0.003 0.020 0.003 0.020   -999926    0 
 4600:    1.00    0.236    0.010 0.010 0.010 0.010 0.010 0.010 0.011 0.010 0.124 0.010    0.003 0.003 0.003 0.003 0.003 0.003 0.003 0.021 0.003 0.003 0.003 0.003 0.003 0.003 0.003 0.021 0.003 0.003 0.003 0.003 0.003 0.003 0.021 0.003 0.003 0.003 0.003 0.003 0.021 0.003 0.003 0.003 0.003 0.021 0.003 0.003 0.003 0.020 0.003 0.003 0.021 0.003 0.020 0.003 0.021   -1000122    0 
 4700:    1.00    0.221    0.010 0.010 0.010 0.010 0.010 0.010 0.012 0.010 0.128 0.010    0.003 0.003 0.003 0.003 0.003 0.003 0.003 0.021 0.003 0.003 0.003 0.003 0.003 0.003 0.003 0.021 0.003 0.003 0.003 0.003 0.003 0.003 0.021 0.003 0.003 0.003 0.003 0.003 0.021 0.003 0.003 0.003 0.003 0.021 0.003 0.003 0.003 0.021 0.003 0.003 0.021 0.003 0.021 0.003 0.021   -999588    0 
 4800:    1.00    0.268    0.010 0.010 0.010 0.010 0.010 0.010 0.012 0.010 0.131 0.010    0.003 0.003 0.003 0.003 0.003 0.003 0.003 0.021 0.003 0.003 0.003 0.003 0.003 0.003 0.003 0.021 0.003 0.003 0.003 0.003 0.003 0.003 0.021 0.003 0.003 0.003 0.003 0.003 0.021 0.003 0.003 0.003 0.003 0.021 0.003 0.003 0.003 0.021 0.003 0.003 0.022 0.003 0.021 0.003 0.021   -999640    0 
 4900:    1.00    0.215    0.010 0.010 0.010 0.010 0.010 0.010 0.012 0.010 0.131 0.010    0.003 0.003 0.003 0.003 0.003 0.003 0.003 0.022 0.003 0.003 0.003 0.003 0.003 0.003 0.003 0.022 0.003 0.003 0.003 0.003 0.003 0.003 0.022 0.003 0.003 0.003 0.003 0.003 0.022 0.003 0.003 0.003 0.003 0.022 0.003 0.003 0.003 0.022 0.003 0.003 0.022 0.003 0.022 0.003 0.022   -998851    0 

--------------------------------------------
Proportion of membership of each pre-defined
 population in each of the 10 clusters

Given    Inferred Clusters                                                        Number of
 Pop       1      2      3      4      5      6      7      8      9     10      Individuals

  1:     0.146  0.074  0.091  0.066  0.067  0.046  0.134  0.098  0.232  0.047       23
--------------------------------------------

 Rep#:   Lambda   Alpha      F1    F2    F3    F4    F5    F6    F7    F8    F9    F10     D1,2  D1,3  D1,4  D1,5  D1,6  D1,7  D1,8  D1,9  D1,10  D2,3  D2,4  D2,5  D2,6  D2,7  D2,8  D2,9  D2,10  D3,4  D3,5  D3,6  D3,7  D3,8  D3,9  D3,10  D4,5  D4,6  D4,7  D4,8  D4,9  D4,10  D5,6  D5,7  D5,8  D5,9  D5,10  D6,7  D6,8  D6,9  D6,10  D7,8  D7,9  D7,10  D8,9  D8,10  D9,10    Ln Like  Est Ln P(D)
 5000:    1.00    0.188    0.010 0.010 0.010 0.010 0.010 0.010 0.012 0.010 0.131 0.010    0.003 0.003 0.003 0.003 0.003 0.003 0.003 0.021 0.003 0.003 0.003 0.003 0.003 0.003 0.003 0.021 0.003 0.003 0.003 0.003 0.003 0.003 0.021 0.003 0.003 0.003 0.003 0.003 0.021 0.003 0.003 0.003 0.003 0.021 0.003 0.003 0.003 0.021 0.003 0.003 0.022 0.003 0.021 0.003 0.021   -999120    0 
 5100:    1.00    0.220    0.010 0.010 0.010 0.010 0.010 0.010 0.012 0.010 0.131 0.010    0.003 0.003 0.003 0.003 0.003 0.004 0.003 0.021 0.003 0.003 0.003 0.003 0.003 0.003 0.003 0.021 0.003 0.003 0.003 0.003 0.003 0.003 0.021 0.003 0.003 0.003 0.003 0.003 0.021 0.003 0.003 0.003 0.003 0.022 0.003 0.003 0.003 0.021 0.003 0.003 0.022 0.003 0.021 0.003 0.021   -999313    0 
 5200:    1.00    0.202    0.010 0.010 0.010 0.010 0.010 0.010 0.012 0.010 0.131 0.010    0.003 0.003 0.003 0.003 0.003 0.003 0.003 0.021 0.003 0.003 0.003 0.003 0.003 0.003 0.003 0.021 0.003 0.003 0.003 0.003 0.003 0.003 0.021 0.003 0.003 0.003 0.003 0.003 0.021 0.003 0.003 0.003 0.003 0.021 0.003 0.003 0.003 0.021 0.003 0.003 0.022 0.003 0.021 0.003 0.021   -999117    0 
 5300:    1.00    0.186    0.010 0.010 0.010 0.010 0.010 0.010 0.013 0.010 0.137 0.010    0.003 0.003 0.003 0.003 0.003 0.004 0.003 0.023 0.003 0.003 0.003 0.003 0.003 0.003 0.003 0.023 0.003 0.003 0.003 0.003 0.004 0.003 0.023 0.003 0.003 0.003 0.003 0.003 0.023 0.003 0.003 0.004 0.003 0.023 0.003 0.003 0.003 0.023 0.003 0.004 0.023 0.004 0.023 0.003 0.023   -998953    0 
 5400:    1.00    0.207    0.010 0.010 0.010 0.010 0.010 0.010 0.013 0.010 0.139 0.010    0.003 0.003 0.003 0.003 0.003 0.004 0.003 0.022 0.003 0.003 0.003 0.003 0.003 0.004 0.003 0.022 0.003 0.003 0.003 0.003 0.004 0.003 0.022 0.003 0.003 0.003 0.004 0.003 0.022 0.003 0.003 0.004 0.003 0.022 0.003 0.004 0.003 0.022 0.003 0.004 0.023 0.004 0.022 0.003 0.022   -999032    0 
 5500:    1.00    0.198    0.010 0.010 0.010 0.010 0.010 0.010 0.013 0.010 0.139 0.010    0.003 0.003 0.003 0.003 0.003 0.004 0.003 0.023 0.003 0.003 0.003 0.003 0.003 0.004 0.003 0.023 0.003 0.003 0.003 0.003 0.004 0.003 0.023 0.003 0.003 0.003 0.004 0.003 0.023 0.003 0.003 0.003 0.003 0.023 0.003 0.004 0.003 0.023 0.003 0.004 0.023 0.004 0.023 0.003 0.023   -998802    0 
 5600:    1.00    0.225    0.010 0.010 0.010 0.010 0.010 0.010 0.013 0.010 0.142 0.010    0.003 0.003 0.003 0.003 0.003 0.004 0.003 0.023 0.003 0.003 0.003 0.003 0.003 0.004 0.003 0.023 0.003 0.003 0.003 0.003 0.004 0.003 0.023 0.003 0.003 0.003 0.004 0.003 0.023 0.003 0.003 0.004 0.003 0.023 0.003 0.004 0.003 0.023 0.003 0.004 0.024 0.004 0.023 0.003 0.023   -998387    0 
 5700:    1.00    0.181    0.010 0.010 0.010 0.010 0.010 0.010 0.013 0.010 0.143 0.010    0.003 0.003 0.003 0.003 0.003 0.004 0.003 0.023 0.003 0.003 0.003 0.003 0.003 0.004 0.003 0.023 0.003 0.003 0.003 0.003 0.004 0.003 0.023 0.003 0.003 0.003 0.004 0.003 0.023 0.003 0.003 0.004 0.003 0.023 0.003 0.004 0.003 0.024 0.003 0.004 0.024 0.004 0.023 0.003 0.023   -998348    0 
 5800:    1.00    0.185    0.010 0.010 0.010 0.010 0.010 0.010 0.013 0.010 0.146 0.010    0.003 0.003 0.003 0.003 0.003 0.004 0.003 0.024 0.003 0.003 0.003 0.003 0.003 0.004 0.003 0.024 0.003 0.003 0.003 0.003 0.004 0.003 0.023 0.003 0.003 0.003 0.004 0.003 0.023 0.003 0.003 0.004 0.003 0.023 0.003 0.004 0.003 0.023 0.003 0.004 0.024 0.004 0.023 0.003 0.023   -997820    0 
 5900:    1.00    0.160    0.010 0.010 0.010 0.010 0.010 0.010 0.014 0.010 0.146 0.010    0.003 0.003 0.003 0.003 0.003 0.004 0.003 0.024 0.003 0.003 0.003 0.003 0.003 0.004 0.003 0.023 0.003 0.003 0.003 0.003 0.004 0.003 0.023 0.003 0.003 0.003 0.004 0.003 0.023 0.003 0.003 0.004 0.003 0.023 0.003 0.004 0.003 0.024 0.003 0.004 0.024 0.004 0.024 0.003 0.024   -998294    0 
 6000:    1.00    0.169    0.010 0.010 0.010 0.010 0.010 0.010 0.015 0.010 0.148 0.010    0.003 0.003 0.003 0.003 0.003 0.004 0.003 0.024 0.003 0.003 0.003 0.003 0.003 0.004 0.003 0.024 0.003 0.003 0.003 0.003 0.004 0.003 0.024 0.003 0.003 0.003 0.004 0.003 0.024 0.003 0.003 0.004 0.003 0.024 0.003 0.004 0.003 0.024 0.003 0.004 0.025 0.004 0.024 0.003 0.024   -998273    0 

MCMC completed

Inferred ancestry of individuals:
        Label (%Miss) Pop:  Inferred clusters
  1 18160D-09-0    (2)    1 :  0.036 0.079 0.113 0.172 0.144 0.097 0.060 0.230 0.043 0.025 
  2 18160D-09-0    (4)    1 :  0.155 0.156 0.086 0.065 0.136 0.106 0.070 0.119 0.068 0.038 
  3 18160D-09-0    (2)    1 :  0.029 0.014 0.050 0.021 0.044 0.013 0.009 0.026 0.730 0.065 
  4 18160D-09-0    (5)    1 :  0.012 0.015 0.034 0.013 0.027 0.011 0.005 0.005 0.851 0.027 
  5 18160D-09-0    (4)    1 :  0.034 0.024 0.044 0.022 0.008 0.020 0.014 0.018 0.778 0.037 
  6 18160D-09-0    (4)    1 :  0.040 0.033 0.051 0.017 0.020 0.021 0.009 0.010 0.762 0.036 
  7 18160D-09-0    (2)    1 :  0.029 0.036 0.039 0.018 0.012 0.013 0.018 0.017 0.793 0.025 
  8 18160D-09-0    (4)    1 :  0.174 0.069 0.254 0.107 0.077 0.028 0.053 0.098 0.070 0.070 
  9 18160D-09-0    (2)    1 :  0.061 0.035 0.154 0.215 0.180 0.071 0.135 0.084 0.026 0.040 
 10 18160D-09-1    (2)    1 :  0.018 0.021 0.013 0.070 0.042 0.052 0.683 0.036 0.007 0.059 
 11 18160D-09-1    (2)    1 :  0.030 0.048 0.049 0.117 0.124 0.169 0.375 0.043 0.019 0.026 
 12 18160D-09-1    (2)    1 :  0.052 0.084 0.158 0.089 0.210 0.180 0.097 0.058 0.026 0.047 
 13 18160D-09-1    (5)    1 :  0.031 0.233 0.134 0.041 0.119 0.110 0.125 0.068 0.071 0.069 
 14 18160D-09-1   (18)    1 :  0.159 0.104 0.114 0.092 0.097 0.054 0.040 0.219 0.068 0.053 
 15 18160D-09-1    (4)    1 :  0.054 0.119 0.137 0.220 0.087 0.104 0.067 0.051 0.045 0.116 
 16 18160D-09-1    (2)    1 :  0.015 0.017 0.022 0.076 0.049 0.063 0.681 0.021 0.015 0.042 
 17 18160D-09-1    (2)    1 :  0.220 0.170 0.091 0.040 0.054 0.061 0.018 0.140 0.062 0.144 
 18 18160D-09-1    (2)    1 :  0.252 0.148 0.066 0.055 0.040 0.058 0.042 0.285 0.012 0.042 
 19 18160D-09-1    (2)    1 :  0.023 0.050 0.342 0.104 0.021 0.043 0.073 0.119 0.063 0.163 
 20 18160D-09-2    (5)    1 :  0.372 0.015 0.144 0.073 0.155 0.092 0.051 0.034 0.035 0.027 
 21 18160D-09-2    (5)    1 :  0.207 0.143 0.094 0.169 0.028 0.015 0.084 0.032 0.083 0.145 
 22 18160D-09-2    (5)    1 :  0.697 0.012 0.023 0.037 0.042 0.054 0.070 0.020 0.015 0.030 
 23 18160D-09-2    (2)    1 :  0.013 0.114 0.020 0.073 0.055 0.068 0.087 0.465 0.044 0.062 

Command line arguments:   structure -D 814194 -K 10 -m mainparams -o k10/populations_k10_run5 
Input File:    populations.str
Output File:   k10/populations_k10_run5_f

Run parameters:
   23 individuals
   50160 loci
   10 populations assumed
   1000 Burn-in period
   5000 Reps
RANDOMIZE turned off

--------------------------------------------
Estimated Ln Prob of Data   = -68859741.2
Mean value of ln likelihood = -1012659.9
Variance of ln likelihood   = 135694162.7
Mean value of alpha         = 1.0748

Mean value of Fst_1         = 0.0102
Mean value of Fst_2         = 0.0101
Mean value of Fst_3         = 0.0101
Mean value of Fst_4         = 0.0101
Mean value of Fst_5         = 0.0101
Mean value of Fst_6         = 0.0102
Mean value of Fst_7         = 0.0110
Mean value of Fst_8         = 0.0100
Mean value of Fst_9         = 0.0613
Mean value of Fst_10         = 0.0101


--------------------------------------------
Proportion of membership of each pre-defined
 population in each of the 10 clusters

Given    Inferred Clusters                                                        Number of
 Pop       1      2      3      4      5      6      7      8      9     10      Individuals

  1:     0.118  0.076  0.097  0.083  0.077  0.065  0.125  0.096  0.204  0.060       23
--------------------------------------------
Final results printed to file k10/populations_k10_run5_f

