

----------------------------------------------------
STRUCTURE by Pritchard, Stephens and Donnelly (2000)
     and Falush, Stephens and Pritchard (2003)
       Code by Pritchard, Falush and Hubisz
             Version 2.3.4 (Jul 2012)
----------------------------------------------------


Reading file "mainparams".
datafile is
populations.str
Reading file "extraparams".
Reading file "populations.str".


Data file "populations.str" (truncated) --

Ind:   Label Pop : Genotype_data . . . .
  1: 18160D-09-0    1  :  4   1   3   1   4   1   3  . . . .   2
  1: 18160D-09-0    1  :  4   1   3   1   4   4   4  . . . .   4
  2: 18160D-09-0    1  :  4   1   3   1   4   1   3  . . . .   2
  2: 18160D-09-0    1  :  4   1   3   1   4   4   3  . . . .   4
  3: 18160D-09-0    1  :  4   1   0   0   0   0   3  . . . .   2
  3: 18160D-09-0    1  :  4   3   0   0   0   0   3  . . . .   4
  4: 18160D-09-0    1  :  4   1   3   1   4   1   3  . . . .   2
  4: 18160D-09-0    1  :  4   3   3   1   4   1   3  . . . .   4

      *******   

 22: 18160D-09-2    1  :  4   1   3   1   4   1   3  . . . .   2
 22: 18160D-09-2    1  :  4   3   3   1   4   1   4  . . . .   4
 23: 18160D-09-2    1  :  4   1   3   1   4   1   3  . . . .   2
 23: 18160D-09-2    1  :  4   1   3   1   4   4   4  . . . .   4

Number of alleles per locus: min= 2; ave=2.0; max= 2


--------------------------------------

Finished initialization; starting MCMC 
5000 iterations + 1000 burnin


--------------------------------------------
Proportion of membership of each pre-defined
 population in each of the 10 clusters

Given    Inferred Clusters                                                        Number of
 Pop       1      2      3      4      5      6      7      8      9     10      Individuals

  1:     0.102  0.102  0.095  0.100  0.095  0.105  0.099  0.098  0.101  0.102       23
--------------------------------------------

 Rep#:   Lambda   Alpha      F1    F2    F3    F4    F5    F6    F7    F8    F9    F10     D1,2  D1,3  D1,4  D1,5  D1,6  D1,7  D1,8  D1,9  D1,10  D2,3  D2,4  D2,5  D2,6  D2,7  D2,8  D2,9  D2,10  D3,4  D3,5  D3,6  D3,7  D3,8  D3,9  D3,10  D4,5  D4,6  D4,7  D4,8  D4,9  D4,10  D5,6  D5,7  D5,8  D5,9  D5,10  D6,7  D6,8  D6,9  D6,10  D7,8  D7,9  D7,10  D8,9  D8,10  D9,10    Ln Like 
  100:    1.00    1.940    0.010 0.010 0.010 0.010 0.010 0.010 0.010 0.010 0.010 0.010    0.003 0.003 0.003 0.003 0.003 0.003 0.003 0.003 0.003 0.003 0.003 0.003 0.003 0.003 0.003 0.003 0.003 0.003 0.003 0.003 0.003 0.003 0.003 0.003 0.003 0.003 0.003 0.003 0.003 0.003 0.003 0.003 0.003 0.003 0.003 0.003 0.003 0.003 0.003 0.003 0.003 0.003 0.003 0.003 0.003   --  
  200:    1.00    2.432    0.010 0.010 0.010 0.010 0.010 0.010 0.010 0.010 0.010 0.010    0.003 0.003 0.003 0.003 0.003 0.003 0.003 0.003 0.003 0.003 0.003 0.003 0.003 0.003 0.003 0.003 0.003 0.003 0.003 0.003 0.003 0.003 0.003 0.003 0.003 0.003 0.003 0.003 0.003 0.003 0.003 0.003 0.003 0.003 0.003 0.003 0.003 0.003 0.003 0.003 0.003 0.003 0.003 0.003 0.003   --  
  300:    1.00    2.776    0.010 0.010 0.010 0.010 0.010 0.010 0.010 0.010 0.010 0.010    0.003 0.003 0.003 0.003 0.003 0.003 0.003 0.003 0.003 0.003 0.003 0.003 0.003 0.003 0.003 0.003 0.003 0.003 0.003 0.003 0.003 0.003 0.003 0.003 0.003 0.003 0.003 0.003 0.003 0.003 0.003 0.003 0.003 0.003 0.003 0.003 0.003 0.003 0.003 0.003 0.003 0.003 0.003 0.003 0.003   --  
  400:    1.00    3.073    0.010 0.010 0.010 0.010 0.010 0.010 0.010 0.010 0.010 0.010    0.003 0.003 0.003 0.003 0.003 0.003 0.003 0.003 0.003 0.003 0.003 0.003 0.003 0.003 0.003 0.003 0.003 0.003 0.003 0.003 0.003 0.003 0.003 0.003 0.003 0.003 0.003 0.003 0.003 0.003 0.003 0.003 0.003 0.003 0.003 0.003 0.003 0.003 0.003 0.003 0.003 0.003 0.003 0.003 0.003   --  
  500:    1.00    3.279    0.010 0.010 0.010 0.010 0.010 0.010 0.010 0.010 0.010 0.010    0.003 0.003 0.003 0.003 0.003 0.003 0.003 0.003 0.003 0.003 0.003 0.003 0.003 0.003 0.003 0.003 0.003 0.003 0.003 0.003 0.003 0.003 0.003 0.003 0.003 0.003 0.003 0.003 0.003 0.003 0.003 0.003 0.003 0.003 0.003 0.003 0.003 0.003 0.003 0.003 0.003 0.003 0.003 0.003 0.003   --  
  600:    1.00    3.469    0.010 0.010 0.010 0.010 0.010 0.010 0.010 0.010 0.010 0.010    0.003 0.003 0.003 0.003 0.003 0.003 0.003 0.003 0.003 0.003 0.003 0.003 0.003 0.003 0.003 0.003 0.003 0.003 0.003 0.003 0.003 0.003 0.003 0.003 0.003 0.003 0.003 0.003 0.003 0.003 0.003 0.003 0.003 0.003 0.003 0.003 0.003 0.003 0.003 0.003 0.003 0.003 0.003 0.003 0.003   --  
  700:    1.00    3.584    0.010 0.010 0.010 0.010 0.010 0.010 0.010 0.010 0.010 0.010    0.003 0.003 0.003 0.003 0.003 0.003 0.003 0.003 0.003 0.003 0.003 0.003 0.003 0.003 0.003 0.003 0.003 0.003 0.003 0.003 0.003 0.003 0.003 0.003 0.003 0.003 0.003 0.003 0.003 0.003 0.003 0.003 0.003 0.003 0.003 0.003 0.003 0.003 0.003 0.003 0.003 0.003 0.003 0.003 0.003   --  
  800:    1.00    3.332    0.010 0.010 0.010 0.010 0.010 0.010 0.010 0.010 0.010 0.010    0.003 0.003 0.003 0.003 0.003 0.003 0.003 0.003 0.003 0.003 0.003 0.003 0.003 0.003 0.003 0.003 0.003 0.003 0.003 0.003 0.003 0.003 0.003 0.003 0.003 0.003 0.003 0.003 0.003 0.003 0.003 0.003 0.003 0.003 0.003 0.003 0.003 0.003 0.003 0.003 0.003 0.003 0.003 0.003 0.003   --  
  900:    1.00    3.442    0.010 0.010 0.010 0.010 0.010 0.010 0.010 0.010 0.010 0.010    0.003 0.003 0.003 0.003 0.003 0.003 0.003 0.003 0.003 0.003 0.003 0.003 0.003 0.003 0.003 0.003 0.003 0.003 0.003 0.003 0.003 0.003 0.003 0.003 0.003 0.003 0.003 0.003 0.003 0.003 0.003 0.003 0.003 0.003 0.003 0.003 0.003 0.003 0.003 0.003 0.003 0.003 0.003 0.003 0.003   --  
 1000:    1.00    3.566    0.010 0.010 0.010 0.010 0.010 0.010 0.010 0.010 0.010 0.010    0.003 0.003 0.003 0.003 0.003 0.003 0.003 0.003 0.003 0.003 0.003 0.003 0.003 0.003 0.003 0.003 0.003 0.003 0.003 0.003 0.003 0.003 0.003 0.003 0.003 0.003 0.003 0.003 0.003 0.003 0.003 0.003 0.003 0.003 0.003 0.003 0.003 0.003 0.003 0.003 0.003 0.003 0.003 0.003 0.003   --  

BURNIN completed
 Rep#:   Lambda   Alpha      F1    F2    F3    F4    F5    F6    F7    F8    F9    F10     D1,2  D1,3  D1,4  D1,5  D1,6  D1,7  D1,8  D1,9  D1,10  D2,3  D2,4  D2,5  D2,6  D2,7  D2,8  D2,9  D2,10  D3,4  D3,5  D3,6  D3,7  D3,8  D3,9  D3,10  D4,5  D4,6  D4,7  D4,8  D4,9  D4,10  D5,6  D5,7  D5,8  D5,9  D5,10  D6,7  D6,8  D6,9  D6,10  D7,8  D7,9  D7,10  D8,9  D8,10  D9,10    Ln Like  Est Ln P(D)
 1100:    1.00    3.335    0.010 0.010 0.010 0.010 0.010 0.010 0.010 0.010 0.010 0.010    0.003 0.003 0.003 0.003 0.003 0.003 0.003 0.003 0.003 0.003 0.003 0.003 0.003 0.003 0.003 0.003 0.003 0.003 0.003 0.003 0.003 0.003 0.003 0.003 0.003 0.003 0.003 0.003 0.003 0.003 0.003 0.003 0.003 0.003 0.003 0.003 0.003 0.003 0.003 0.003 0.003 0.003 0.003 0.003 0.003   -1026452    0 
 1200:    1.00    2.804    0.010 0.010 0.010 0.010 0.010 0.010 0.010 0.010 0.010 0.010    0.003 0.003 0.003 0.003 0.003 0.003 0.003 0.003 0.003 0.003 0.003 0.003 0.003 0.003 0.003 0.003 0.003 0.003 0.003 0.003 0.003 0.003 0.003 0.003 0.003 0.003 0.003 0.003 0.003 0.003 0.003 0.003 0.003 0.003 0.003 0.003 0.003 0.003 0.003 0.003 0.003 0.003 0.003 0.003 0.003   -1025934    0 
 1300:    1.00    3.092    0.010 0.010 0.010 0.010 0.010 0.010 0.010 0.010 0.010 0.010    0.003 0.003 0.003 0.003 0.003 0.003 0.003 0.003 0.003 0.003 0.003 0.003 0.003 0.003 0.003 0.003 0.003 0.003 0.003 0.003 0.003 0.003 0.003 0.003 0.003 0.003 0.003 0.003 0.003 0.003 0.003 0.003 0.003 0.003 0.003 0.003 0.003 0.003 0.003 0.003 0.003 0.003 0.003 0.003 0.003   -1025965    0 
 1400:    1.00    2.464    0.010 0.010 0.010 0.010 0.010 0.010 0.010 0.010 0.010 0.010    0.003 0.003 0.003 0.003 0.003 0.003 0.003 0.003 0.003 0.003 0.003 0.003 0.003 0.003 0.003 0.003 0.003 0.003 0.003 0.003 0.003 0.003 0.003 0.003 0.003 0.003 0.003 0.003 0.003 0.003 0.003 0.003 0.003 0.003 0.003 0.003 0.003 0.003 0.003 0.003 0.003 0.003 0.003 0.003 0.003   -1025801    0 
 1500:    1.00    2.496    0.010 0.010 0.010 0.010 0.010 0.010 0.010 0.010 0.010 0.010    0.003 0.003 0.003 0.003 0.003 0.003 0.003 0.003 0.003 0.003 0.003 0.003 0.003 0.003 0.003 0.003 0.003 0.003 0.003 0.003 0.003 0.003 0.003 0.003 0.003 0.003 0.003 0.003 0.003 0.003 0.003 0.003 0.003 0.003 0.003 0.003 0.003 0.003 0.003 0.003 0.003 0.003 0.003 0.003 0.003   -1025931    0 
 1600:    1.00    2.139    0.010 0.010 0.010 0.010 0.010 0.010 0.010 0.010 0.010 0.010    0.003 0.003 0.003 0.003 0.003 0.003 0.003 0.003 0.003 0.003 0.003 0.003 0.003 0.003 0.003 0.003 0.003 0.003 0.003 0.003 0.003 0.003 0.003 0.003 0.003 0.003 0.003 0.003 0.003 0.003 0.003 0.003 0.003 0.003 0.003 0.003 0.003 0.003 0.003 0.003 0.003 0.003 0.003 0.003 0.003   -1025631    0 
 1700:    1.00    2.101    0.010 0.010 0.010 0.010 0.010 0.010 0.010 0.010 0.010 0.010    0.003 0.003 0.003 0.003 0.003 0.003 0.003 0.003 0.003 0.003 0.003 0.003 0.003 0.003 0.003 0.003 0.003 0.003 0.003 0.003 0.003 0.003 0.003 0.003 0.003 0.003 0.003 0.003 0.003 0.003 0.003 0.003 0.003 0.003 0.003 0.003 0.003 0.003 0.003 0.003 0.003 0.003 0.003 0.003 0.003   -1025807    0 
 1800:    1.00    1.864    0.010 0.010 0.010 0.010 0.010 0.010 0.010 0.010 0.010 0.010    0.003 0.003 0.003 0.003 0.003 0.003 0.003 0.003 0.003 0.003 0.003 0.003 0.003 0.003 0.003 0.003 0.003 0.003 0.003 0.003 0.003 0.003 0.003 0.003 0.003 0.003 0.003 0.003 0.003 0.003 0.003 0.003 0.003 0.003 0.003 0.003 0.003 0.003 0.003 0.003 0.003 0.003 0.003 0.003 0.003   -1025443    0 
 1900:    1.00    1.981    0.010 0.010 0.010 0.010 0.010 0.010 0.010 0.010 0.010 0.010    0.003 0.003 0.003 0.003 0.003 0.003 0.003 0.003 0.003 0.003 0.003 0.003 0.003 0.003 0.003 0.003 0.003 0.003 0.003 0.003 0.003 0.003 0.003 0.003 0.003 0.003 0.003 0.003 0.003 0.003 0.003 0.003 0.003 0.003 0.003 0.003 0.003 0.003 0.003 0.003 0.003 0.003 0.003 0.003 0.003   -1025192    0 

--------------------------------------------
Proportion of membership of each pre-defined
 population in each of the 10 clusters

Given    Inferred Clusters                                                        Number of
 Pop       1      2      3      4      5      6      7      8      9     10      Individuals

  1:     0.093  0.095  0.098  0.106  0.120  0.113  0.109  0.098  0.096  0.073       23
--------------------------------------------

 Rep#:   Lambda   Alpha      F1    F2    F3    F4    F5    F6    F7    F8    F9    F10     D1,2  D1,3  D1,4  D1,5  D1,6  D1,7  D1,8  D1,9  D1,10  D2,3  D2,4  D2,5  D2,6  D2,7  D2,8  D2,9  D2,10  D3,4  D3,5  D3,6  D3,7  D3,8  D3,9  D3,10  D4,5  D4,6  D4,7  D4,8  D4,9  D4,10  D5,6  D5,7  D5,8  D5,9  D5,10  D6,7  D6,8  D6,9  D6,10  D7,8  D7,9  D7,10  D8,9  D8,10  D9,10    Ln Like  Est Ln P(D)
 2000:    1.00    1.711    0.010 0.010 0.010 0.010 0.010 0.010 0.010 0.010 0.010 0.010    0.003 0.003 0.003 0.003 0.003 0.003 0.003 0.003 0.003 0.003 0.003 0.003 0.003 0.003 0.003 0.003 0.003 0.003 0.003 0.003 0.003 0.003 0.003 0.003 0.003 0.003 0.003 0.003 0.003 0.003 0.003 0.003 0.003 0.003 0.003 0.003 0.003 0.003 0.003 0.003 0.003 0.003 0.003 0.003 0.003   -1025251    0 
 2100:    1.00    1.707    0.010 0.010 0.010 0.010 0.010 0.010 0.010 0.010 0.010 0.010    0.003 0.003 0.003 0.003 0.003 0.003 0.003 0.003 0.003 0.003 0.003 0.003 0.003 0.003 0.003 0.003 0.003 0.003 0.003 0.003 0.003 0.003 0.003 0.003 0.003 0.003 0.003 0.003 0.003 0.003 0.003 0.003 0.003 0.003 0.003 0.003 0.003 0.003 0.003 0.003 0.003 0.003 0.003 0.003 0.003   -1025172    0 
 2200:    1.00    1.319    0.010 0.010 0.010 0.010 0.010 0.010 0.010 0.010 0.010 0.010    0.003 0.003 0.003 0.003 0.003 0.003 0.003 0.003 0.003 0.003 0.003 0.003 0.003 0.003 0.003 0.003 0.003 0.003 0.003 0.003 0.003 0.003 0.003 0.003 0.003 0.003 0.003 0.003 0.003 0.003 0.003 0.003 0.003 0.003 0.003 0.003 0.003 0.003 0.003 0.003 0.003 0.003 0.003 0.003 0.003   -1024935    0 
 2300:    1.00    1.381    0.010 0.010 0.010 0.010 0.010 0.010 0.010 0.010 0.010 0.010    0.003 0.003 0.003 0.003 0.003 0.003 0.003 0.003 0.003 0.003 0.003 0.003 0.003 0.003 0.003 0.003 0.003 0.003 0.003 0.003 0.003 0.003 0.003 0.003 0.003 0.003 0.003 0.003 0.003 0.003 0.003 0.003 0.003 0.003 0.003 0.003 0.003 0.003 0.003 0.003 0.003 0.003 0.003 0.003 0.003   -1024562    0 
 2400:    1.00    1.165    0.010 0.010 0.010 0.010 0.010 0.010 0.010 0.010 0.010 0.010    0.003 0.003 0.003 0.003 0.003 0.003 0.003 0.003 0.003 0.003 0.003 0.003 0.003 0.003 0.003 0.003 0.003 0.003 0.003 0.003 0.003 0.003 0.003 0.003 0.003 0.003 0.003 0.003 0.003 0.003 0.003 0.003 0.003 0.003 0.003 0.003 0.003 0.003 0.003 0.003 0.003 0.003 0.003 0.003 0.003   -1024333    0 
 2500:    1.00    1.104    0.010 0.010 0.010 0.010 0.010 0.010 0.010 0.010 0.010 0.010    0.003 0.003 0.003 0.003 0.003 0.003 0.003 0.003 0.003 0.003 0.003 0.003 0.003 0.003 0.003 0.003 0.003 0.003 0.003 0.003 0.003 0.003 0.003 0.003 0.003 0.003 0.003 0.003 0.003 0.003 0.003 0.003 0.003 0.003 0.003 0.003 0.003 0.003 0.003 0.003 0.003 0.003 0.003 0.003 0.003   -1024036    0 
 2600:    1.00    0.788    0.010 0.010 0.010 0.010 0.010 0.010 0.010 0.010 0.010 0.010    0.003 0.003 0.003 0.003 0.003 0.003 0.003 0.003 0.003 0.003 0.003 0.003 0.003 0.003 0.003 0.003 0.003 0.003 0.003 0.003 0.003 0.003 0.003 0.003 0.003 0.003 0.003 0.003 0.003 0.003 0.003 0.003 0.003 0.003 0.003 0.003 0.003 0.003 0.003 0.003 0.003 0.003 0.003 0.003 0.003   -1023908    0 
 2700:    1.00    0.853    0.010 0.010 0.010 0.010 0.010 0.010 0.010 0.010 0.010 0.010    0.003 0.003 0.003 0.003 0.003 0.003 0.003 0.003 0.003 0.003 0.003 0.003 0.003 0.003 0.003 0.003 0.003 0.003 0.003 0.003 0.003 0.003 0.003 0.003 0.003 0.003 0.003 0.003 0.003 0.003 0.003 0.003 0.003 0.003 0.003 0.003 0.003 0.003 0.003 0.003 0.003 0.003 0.003 0.003 0.003   -1023419    0 
 2800:    1.00    0.805    0.010 0.010 0.010 0.010 0.011 0.010 0.010 0.010 0.010 0.010    0.003 0.003 0.003 0.003 0.003 0.003 0.003 0.003 0.003 0.003 0.003 0.003 0.003 0.003 0.003 0.003 0.003 0.003 0.003 0.003 0.003 0.003 0.003 0.003 0.003 0.003 0.003 0.003 0.003 0.003 0.003 0.003 0.003 0.003 0.003 0.003 0.003 0.003 0.003 0.003 0.003 0.003 0.003 0.003 0.003   -1022821    0 
 2900:    1.00    0.671    0.010 0.010 0.010 0.010 0.011 0.010 0.010 0.010 0.010 0.010    0.003 0.003 0.003 0.003 0.003 0.003 0.003 0.003 0.003 0.003 0.003 0.003 0.003 0.003 0.003 0.003 0.003 0.003 0.003 0.003 0.003 0.003 0.003 0.003 0.003 0.003 0.003 0.003 0.003 0.003 0.003 0.003 0.003 0.003 0.003 0.003 0.003 0.003 0.003 0.003 0.003 0.003 0.003 0.003 0.003   -1021873    0 

--------------------------------------------
Proportion of membership of each pre-defined
 population in each of the 10 clusters

Given    Inferred Clusters                                                        Number of
 Pop       1      2      3      4      5      6      7      8      9     10      Individuals

  1:     0.072  0.077  0.112  0.105  0.206  0.102  0.076  0.106  0.101  0.043       23
--------------------------------------------

 Rep#:   Lambda   Alpha      F1    F2    F3    F4    F5    F6    F7    F8    F9    F10     D1,2  D1,3  D1,4  D1,5  D1,6  D1,7  D1,8  D1,9  D1,10  D2,3  D2,4  D2,5  D2,6  D2,7  D2,8  D2,9  D2,10  D3,4  D3,5  D3,6  D3,7  D3,8  D3,9  D3,10  D4,5  D4,6  D4,7  D4,8  D4,9  D4,10  D5,6  D5,7  D5,8  D5,9  D5,10  D6,7  D6,8  D6,9  D6,10  D7,8  D7,9  D7,10  D8,9  D8,10  D9,10    Ln Like  Est Ln P(D)
 3000:    1.00    0.507    0.010 0.010 0.010 0.010 0.012 0.010 0.010 0.010 0.010 0.010    0.003 0.003 0.003 0.003 0.003 0.003 0.003 0.003 0.003 0.003 0.003 0.003 0.003 0.003 0.003 0.003 0.003 0.003 0.003 0.003 0.003 0.003 0.003 0.003 0.003 0.003 0.003 0.003 0.003 0.003 0.003 0.003 0.003 0.003 0.003 0.003 0.003 0.003 0.003 0.003 0.003 0.003 0.003 0.003 0.003   -1021383    0 
 3100:    1.00    0.504    0.010 0.010 0.010 0.010 0.012 0.010 0.010 0.010 0.010 0.010    0.003 0.003 0.003 0.003 0.003 0.003 0.003 0.003 0.003 0.003 0.003 0.003 0.003 0.003 0.003 0.003 0.003 0.003 0.003 0.003 0.003 0.003 0.003 0.003 0.003 0.003 0.003 0.003 0.003 0.003 0.003 0.003 0.003 0.003 0.003 0.003 0.003 0.003 0.003 0.003 0.003 0.003 0.003 0.003 0.003   -1020396    0 
 3200:    1.00    0.490    0.010 0.010 0.010 0.010 0.012 0.010 0.010 0.010 0.010 0.010    0.003 0.003 0.003 0.003 0.003 0.003 0.003 0.003 0.003 0.003 0.003 0.003 0.003 0.003 0.003 0.003 0.003 0.003 0.003 0.003 0.003 0.003 0.003 0.003 0.003 0.003 0.003 0.003 0.003 0.003 0.003 0.003 0.003 0.003 0.003 0.003 0.003 0.003 0.003 0.003 0.003 0.003 0.003 0.003 0.003   -1020096    0 
 3300:    1.00    0.388    0.010 0.010 0.010 0.010 0.012 0.010 0.010 0.010 0.010 0.010    0.003 0.003 0.003 0.003 0.003 0.003 0.003 0.003 0.003 0.003 0.003 0.003 0.003 0.003 0.003 0.003 0.003 0.003 0.003 0.003 0.003 0.003 0.003 0.003 0.003 0.003 0.003 0.003 0.003 0.003 0.003 0.003 0.003 0.003 0.003 0.003 0.003 0.003 0.003 0.003 0.003 0.003 0.003 0.003 0.003   -1019800    0 
 3400:    1.00    0.408    0.010 0.010 0.010 0.010 0.012 0.010 0.011 0.010 0.010 0.010    0.003 0.003 0.003 0.003 0.003 0.003 0.003 0.003 0.003 0.003 0.003 0.004 0.003 0.003 0.003 0.003 0.003 0.003 0.004 0.003 0.003 0.003 0.003 0.003 0.003 0.003 0.003 0.003 0.003 0.003 0.004 0.004 0.003 0.003 0.003 0.003 0.003 0.003 0.003 0.003 0.003 0.003 0.003 0.003 0.003   -1019066    0 
 3500:    1.00    0.357    0.010 0.010 0.010 0.010 0.013 0.010 0.011 0.010 0.010 0.010    0.003 0.003 0.003 0.004 0.003 0.003 0.003 0.003 0.003 0.003 0.003 0.004 0.003 0.003 0.003 0.003 0.003 0.003 0.004 0.003 0.003 0.003 0.003 0.003 0.004 0.003 0.003 0.003 0.003 0.003 0.004 0.004 0.004 0.004 0.004 0.003 0.003 0.003 0.003 0.003 0.003 0.003 0.003 0.003 0.003   -1018683    0 
 3600:    1.00    0.302    0.010 0.010 0.010 0.010 0.013 0.010 0.011 0.010 0.010 0.010    0.003 0.003 0.003 0.004 0.003 0.003 0.003 0.003 0.003 0.003 0.003 0.004 0.003 0.003 0.003 0.003 0.003 0.003 0.004 0.003 0.003 0.003 0.003 0.003 0.004 0.003 0.003 0.003 0.003 0.003 0.004 0.004 0.004 0.004 0.004 0.003 0.003 0.003 0.003 0.003 0.003 0.003 0.003 0.003 0.003   -1018481    0 
 3700:    1.00    0.260    0.010 0.010 0.010 0.010 0.015 0.010 0.011 0.010 0.010 0.010    0.003 0.003 0.003 0.004 0.003 0.003 0.003 0.003 0.003 0.003 0.003 0.004 0.003 0.003 0.003 0.003 0.003 0.003 0.004 0.003 0.003 0.003 0.003 0.003 0.004 0.003 0.003 0.003 0.003 0.003 0.004 0.004 0.004 0.004 0.004 0.003 0.003 0.003 0.003 0.003 0.003 0.003 0.003 0.003 0.003   -1017819    0 
 3800:    1.00    0.278    0.010 0.010 0.010 0.010 0.016 0.010 0.011 0.010 0.010 0.010    0.003 0.003 0.003 0.004 0.003 0.003 0.003 0.003 0.003 0.003 0.003 0.004 0.003 0.003 0.003 0.003 0.003 0.003 0.004 0.003 0.003 0.003 0.003 0.003 0.004 0.003 0.003 0.003 0.003 0.003 0.004 0.004 0.004 0.004 0.004 0.003 0.003 0.003 0.003 0.003 0.003 0.003 0.003 0.003 0.003   -1016617    0 
 3900:    1.00    0.233    0.010 0.010 0.010 0.010 0.017 0.010 0.011 0.010 0.010 0.010    0.003 0.003 0.003 0.004 0.003 0.003 0.003 0.003 0.003 0.003 0.003 0.004 0.003 0.003 0.003 0.003 0.003 0.003 0.004 0.003 0.003 0.003 0.003 0.003 0.004 0.003 0.003 0.003 0.003 0.003 0.004 0.004 0.004 0.004 0.004 0.003 0.003 0.003 0.003 0.003 0.003 0.003 0.003 0.003 0.003   -1016266    0 

--------------------------------------------
Proportion of membership of each pre-defined
 population in each of the 10 clusters

Given    Inferred Clusters                                                        Number of
 Pop       1      2      3      4      5      6      7      8      9     10      Individuals

  1:     0.060  0.074  0.150  0.098  0.228  0.058  0.050  0.117  0.132  0.033       23
--------------------------------------------

 Rep#:   Lambda   Alpha      F1    F2    F3    F4    F5    F6    F7    F8    F9    F10     D1,2  D1,3  D1,4  D1,5  D1,6  D1,7  D1,8  D1,9  D1,10  D2,3  D2,4  D2,5  D2,6  D2,7  D2,8  D2,9  D2,10  D3,4  D3,5  D3,6  D3,7  D3,8  D3,9  D3,10  D4,5  D4,6  D4,7  D4,8  D4,9  D4,10  D5,6  D5,7  D5,8  D5,9  D5,10  D6,7  D6,8  D6,9  D6,10  D7,8  D7,9  D7,10  D8,9  D8,10  D9,10    Ln Like  Est Ln P(D)
 4000:    1.00    0.224    0.010 0.010 0.010 0.010 0.020 0.010 0.011 0.010 0.010 0.010    0.003 0.003 0.003 0.005 0.003 0.003 0.003 0.003 0.003 0.003 0.003 0.005 0.003 0.003 0.003 0.003 0.003 0.003 0.005 0.003 0.003 0.003 0.003 0.003 0.005 0.003 0.003 0.003 0.003 0.003 0.005 0.005 0.005 0.005 0.005 0.003 0.003 0.003 0.003 0.003 0.003 0.003 0.003 0.003 0.003   -1015273    0 
 4100:    1.00    0.226    0.010 0.010 0.010 0.010 0.032 0.010 0.011 0.010 0.010 0.010    0.003 0.003 0.003 0.007 0.003 0.003 0.003 0.003 0.003 0.003 0.003 0.007 0.003 0.003 0.003 0.003 0.003 0.003 0.007 0.003 0.003 0.003 0.003 0.003 0.007 0.003 0.003 0.003 0.003 0.003 0.007 0.007 0.007 0.007 0.007 0.003 0.003 0.003 0.003 0.003 0.003 0.003 0.003 0.003 0.003   -1011621    0 
 4200:    1.00    0.216    0.010 0.010 0.010 0.010 0.038 0.010 0.011 0.010 0.010 0.010    0.003 0.003 0.003 0.008 0.003 0.003 0.003 0.003 0.003 0.003 0.003 0.008 0.003 0.003 0.003 0.003 0.003 0.003 0.008 0.003 0.003 0.003 0.003 0.003 0.008 0.003 0.003 0.003 0.003 0.003 0.008 0.008 0.008 0.008 0.008 0.003 0.003 0.003 0.003 0.003 0.003 0.003 0.003 0.003 0.003   -1010250    0 
 4300:    1.00    0.174    0.010 0.010 0.010 0.010 0.058 0.010 0.011 0.010 0.010 0.010    0.003 0.003 0.003 0.011 0.003 0.003 0.003 0.003 0.003 0.003 0.003 0.011 0.003 0.003 0.003 0.003 0.003 0.003 0.011 0.003 0.003 0.003 0.003 0.003 0.011 0.003 0.003 0.003 0.003 0.003 0.011 0.011 0.011 0.011 0.011 0.003 0.003 0.003 0.003 0.003 0.003 0.003 0.003 0.003 0.003   -1006078    0 
 4400:    1.00    0.179    0.010 0.010 0.010 0.010 0.072 0.010 0.011 0.010 0.010 0.010    0.003 0.003 0.003 0.013 0.003 0.003 0.003 0.003 0.003 0.003 0.003 0.013 0.003 0.003 0.003 0.003 0.003 0.003 0.013 0.003 0.003 0.003 0.003 0.003 0.013 0.003 0.003 0.003 0.003 0.003 0.013 0.013 0.013 0.013 0.013 0.003 0.003 0.003 0.003 0.003 0.003 0.003 0.003 0.003 0.003   -1003815    0 
 4500:    1.00    0.132    0.010 0.010 0.010 0.010 0.088 0.010 0.011 0.010 0.010 0.010    0.003 0.003 0.003 0.016 0.003 0.003 0.003 0.003 0.003 0.003 0.003 0.016 0.003 0.003 0.003 0.003 0.003 0.003 0.016 0.003 0.003 0.003 0.003 0.003 0.016 0.003 0.003 0.003 0.003 0.003 0.016 0.016 0.016 0.016 0.016 0.003 0.003 0.003 0.003 0.003 0.003 0.003 0.003 0.003 0.003   -1001751    0 
 4600:    1.00    0.176    0.010 0.010 0.010 0.010 0.104 0.010 0.011 0.010 0.010 0.010    0.003 0.003 0.003 0.017 0.003 0.003 0.003 0.003 0.003 0.003 0.003 0.017 0.003 0.003 0.003 0.003 0.003 0.003 0.018 0.003 0.003 0.003 0.003 0.003 0.017 0.003 0.003 0.003 0.003 0.003 0.018 0.018 0.017 0.017 0.017 0.003 0.003 0.003 0.003 0.003 0.003 0.003 0.003 0.003 0.003   -999950    0 
 4700:    1.00    0.158    0.010 0.010 0.011 0.010 0.108 0.010 0.011 0.010 0.010 0.010    0.003 0.003 0.003 0.018 0.003 0.003 0.003 0.003 0.003 0.003 0.003 0.018 0.003 0.003 0.003 0.003 0.003 0.003 0.018 0.003 0.003 0.003 0.003 0.003 0.018 0.003 0.003 0.003 0.003 0.003 0.018 0.018 0.018 0.018 0.018 0.003 0.003 0.003 0.003 0.003 0.003 0.003 0.003 0.003 0.003   -999357    0 
 4800:    1.00    0.199    0.010 0.010 0.011 0.010 0.116 0.010 0.011 0.010 0.010 0.010    0.003 0.003 0.003 0.019 0.003 0.003 0.003 0.003 0.003 0.003 0.003 0.019 0.003 0.003 0.003 0.003 0.003 0.003 0.020 0.003 0.003 0.003 0.003 0.003 0.019 0.003 0.003 0.003 0.003 0.003 0.019 0.019 0.019 0.019 0.019 0.003 0.003 0.003 0.003 0.003 0.003 0.003 0.003 0.003 0.003   -999278    0 
 4900:    1.00    0.185    0.010 0.010 0.011 0.010 0.117 0.010 0.011 0.010 0.010 0.010    0.003 0.003 0.003 0.019 0.003 0.003 0.003 0.003 0.003 0.003 0.003 0.019 0.003 0.003 0.003 0.003 0.003 0.003 0.020 0.003 0.003 0.003 0.003 0.003 0.019 0.003 0.003 0.003 0.003 0.003 0.019 0.020 0.019 0.019 0.019 0.003 0.003 0.003 0.003 0.003 0.003 0.003 0.003 0.003 0.003   -999316    0 

--------------------------------------------
Proportion of membership of each pre-defined
 population in each of the 10 clusters

Given    Inferred Clusters                                                        Number of
 Pop       1      2      3      4      5      6      7      8      9     10      Individuals

  1:     0.045  0.072  0.155  0.098  0.217  0.050  0.048  0.127  0.160  0.028       23
--------------------------------------------

 Rep#:   Lambda   Alpha      F1    F2    F3    F4    F5    F6    F7    F8    F9    F10     D1,2  D1,3  D1,4  D1,5  D1,6  D1,7  D1,8  D1,9  D1,10  D2,3  D2,4  D2,5  D2,6  D2,7  D2,8  D2,9  D2,10  D3,4  D3,5  D3,6  D3,7  D3,8  D3,9  D3,10  D4,5  D4,6  D4,7  D4,8  D4,9  D4,10  D5,6  D5,7  D5,8  D5,9  D5,10  D6,7  D6,8  D6,9  D6,10  D7,8  D7,9  D7,10  D8,9  D8,10  D9,10    Ln Like  Est Ln P(D)
 5000:    1.00    0.177    0.010 0.010 0.011 0.010 0.122 0.010 0.011 0.010 0.010 0.010    0.003 0.003 0.003 0.020 0.003 0.003 0.003 0.003 0.003 0.003 0.003 0.020 0.003 0.003 0.003 0.003 0.003 0.003 0.020 0.003 0.003 0.003 0.003 0.003 0.020 0.003 0.003 0.003 0.003 0.003 0.020 0.020 0.020 0.020 0.020 0.003 0.003 0.003 0.003 0.003 0.003 0.003 0.003 0.003 0.003   -999458    0 
 5100:    1.00    0.174    0.010 0.010 0.011 0.010 0.125 0.010 0.011 0.010 0.010 0.010    0.003 0.003 0.003 0.020 0.003 0.003 0.003 0.003 0.003 0.003 0.003 0.020 0.003 0.003 0.003 0.003 0.003 0.003 0.021 0.003 0.003 0.003 0.003 0.003 0.020 0.003 0.003 0.003 0.003 0.003 0.020 0.020 0.020 0.020 0.020 0.003 0.003 0.003 0.003 0.003 0.003 0.003 0.003 0.003 0.003   -999316    0 
 5200:    1.00    0.166    0.010 0.010 0.011 0.010 0.127 0.010 0.011 0.010 0.010 0.010    0.003 0.003 0.003 0.021 0.003 0.003 0.003 0.003 0.003 0.003 0.003 0.021 0.003 0.003 0.003 0.003 0.003 0.003 0.021 0.003 0.003 0.003 0.003 0.003 0.021 0.003 0.003 0.003 0.003 0.003 0.021 0.021 0.021 0.021 0.021 0.003 0.003 0.003 0.003 0.003 0.003 0.003 0.003 0.003 0.003   -998346    0 
 5300:    1.00    0.147    0.010 0.010 0.011 0.010 0.128 0.010 0.011 0.010 0.010 0.010    0.003 0.003 0.003 0.021 0.003 0.003 0.003 0.003 0.003 0.003 0.003 0.021 0.003 0.003 0.003 0.003 0.003 0.003 0.021 0.003 0.003 0.003 0.003 0.003 0.021 0.003 0.003 0.003 0.003 0.003 0.021 0.021 0.021 0.021 0.021 0.003 0.003 0.003 0.003 0.003 0.003 0.003 0.003 0.003 0.003   -998712    0 
 5400:    1.00    0.163    0.010 0.010 0.011 0.010 0.131 0.010 0.011 0.010 0.010 0.010    0.003 0.003 0.003 0.021 0.003 0.003 0.003 0.003 0.003 0.003 0.003 0.021 0.003 0.003 0.003 0.003 0.003 0.003 0.022 0.003 0.003 0.003 0.003 0.003 0.021 0.003 0.003 0.003 0.003 0.003 0.021 0.021 0.021 0.021 0.021 0.003 0.003 0.003 0.003 0.003 0.003 0.003 0.003 0.003 0.003   -998494    0 
 5500:    1.00    0.131    0.010 0.010 0.011 0.010 0.133 0.010 0.011 0.010 0.010 0.010    0.003 0.003 0.003 0.022 0.003 0.003 0.003 0.003 0.003 0.003 0.003 0.022 0.003 0.003 0.003 0.003 0.003 0.003 0.022 0.003 0.003 0.003 0.003 0.003 0.022 0.003 0.003 0.003 0.003 0.003 0.022 0.022 0.022 0.022 0.022 0.003 0.003 0.003 0.003 0.003 0.003 0.003 0.003 0.003 0.003   -997775    0 
 5600:    1.00    0.136    0.010 0.010 0.011 0.010 0.134 0.010 0.011 0.010 0.010 0.010    0.003 0.003 0.003 0.022 0.003 0.003 0.003 0.003 0.003 0.003 0.003 0.022 0.003 0.003 0.003 0.003 0.003 0.003 0.022 0.003 0.003 0.003 0.003 0.003 0.022 0.003 0.003 0.003 0.003 0.003 0.022 0.022 0.022 0.022 0.022 0.003 0.003 0.003 0.003 0.003 0.003 0.003 0.003 0.003 0.003   -998151    0 
 5700:    1.00    0.132    0.010 0.010 0.012 0.010 0.133 0.010 0.011 0.010 0.010 0.010    0.003 0.003 0.003 0.022 0.003 0.003 0.003 0.003 0.003 0.003 0.003 0.022 0.003 0.003 0.003 0.003 0.003 0.003 0.022 0.003 0.003 0.003 0.003 0.003 0.022 0.003 0.003 0.003 0.003 0.003 0.022 0.022 0.022 0.022 0.022 0.003 0.003 0.003 0.003 0.003 0.003 0.003 0.003 0.003 0.003   -997851    0 
 5800:    1.00    0.150    0.010 0.010 0.012 0.010 0.136 0.010 0.011 0.010 0.010 0.010    0.003 0.003 0.003 0.022 0.003 0.003 0.003 0.003 0.003 0.003 0.003 0.022 0.003 0.003 0.003 0.003 0.003 0.003 0.022 0.003 0.003 0.003 0.003 0.003 0.022 0.003 0.003 0.003 0.003 0.003 0.022 0.022 0.022 0.022 0.022 0.003 0.003 0.003 0.003 0.003 0.003 0.003 0.003 0.003 0.003   -997920    0 
 5900:    1.00    0.164    0.010 0.010 0.012 0.010 0.139 0.010 0.011 0.010 0.010 0.010    0.003 0.003 0.003 0.022 0.003 0.003 0.003 0.003 0.003 0.003 0.003 0.022 0.003 0.003 0.003 0.003 0.003 0.003 0.023 0.003 0.004 0.003 0.003 0.003 0.022 0.003 0.003 0.003 0.003 0.003 0.022 0.022 0.022 0.022 0.022 0.003 0.003 0.003 0.003 0.003 0.003 0.003 0.003 0.003 0.003   -997671    0 
 6000:    1.00    0.113    0.010 0.010 0.012 0.010 0.139 0.010 0.011 0.010 0.010 0.010    0.003 0.003 0.003 0.022 0.003 0.003 0.003 0.003 0.003 0.003 0.003 0.023 0.003 0.003 0.003 0.003 0.003 0.003 0.023 0.003 0.003 0.003 0.003 0.003 0.023 0.003 0.003 0.003 0.003 0.003 0.023 0.023 0.023 0.023 0.023 0.003 0.003 0.003 0.003 0.003 0.003 0.003 0.003 0.003 0.003   -997662    0 

MCMC completed

Inferred ancestry of individuals:
        Label (%Miss) Pop:  Inferred clusters
  1 18160D-09-0    (2)    1 :  0.024 0.155 0.048 0.126 0.010 0.059 0.285 0.060 0.201 0.033 
  2 18160D-09-0    (4)    1 :  0.176 0.078 0.039 0.146 0.073 0.023 0.158 0.249 0.036 0.022 
  3 18160D-09-0    (2)    1 :  0.020 0.044 0.021 0.045 0.618 0.012 0.094 0.071 0.014 0.061 
  4 18160D-09-0    (5)    1 :  0.011 0.041 0.013 0.011 0.743 0.011 0.076 0.038 0.004 0.051 
  5 18160D-09-0    (4)    1 :  0.014 0.037 0.010 0.026 0.758 0.022 0.080 0.013 0.025 0.015 
  6 18160D-09-0    (4)    1 :  0.014 0.034 0.020 0.008 0.777 0.022 0.076 0.013 0.015 0.022 
  7 18160D-09-0    (2)    1 :  0.010 0.012 0.009 0.004 0.766 0.014 0.119 0.012 0.013 0.042 
  8 18160D-09-0    (4)    1 :  0.075 0.139 0.098 0.030 0.047 0.098 0.075 0.118 0.256 0.065 
  9 18160D-09-0    (2)    1 :  0.171 0.168 0.254 0.128 0.033 0.135 0.013 0.015 0.043 0.039 
 10 18160D-09-1    (2)    1 :  0.072 0.020 0.629 0.012 0.012 0.192 0.009 0.023 0.014 0.017 
 11 18160D-09-1    (2)    1 :  0.049 0.014 0.570 0.012 0.025 0.205 0.020 0.060 0.015 0.029 
 12 18160D-09-1    (2)    1 :  0.070 0.217 0.174 0.046 0.015 0.296 0.032 0.047 0.020 0.082 
 13 18160D-09-1    (5)    1 :  0.084 0.158 0.063 0.151 0.043 0.086 0.034 0.298 0.076 0.008 
 14 18160D-09-1   (18)    1 :  0.139 0.088 0.051 0.205 0.070 0.048 0.068 0.171 0.096 0.065 
 15 18160D-09-1    (4)    1 :  0.108 0.158 0.029 0.145 0.020 0.078 0.113 0.217 0.026 0.106 
 16 18160D-09-1    (2)    1 :  0.063 0.015 0.630 0.028 0.026 0.136 0.033 0.035 0.023 0.011 
 17 18160D-09-1    (2)    1 :  0.088 0.191 0.078 0.157 0.044 0.022 0.040 0.058 0.244 0.078 
 18 18160D-09-1    (2)    1 :  0.072 0.036 0.025 0.145 0.017 0.017 0.188 0.050 0.344 0.104 
 19 18160D-09-1    (2)    1 :  0.025 0.111 0.047 0.142 0.040 0.053 0.030 0.435 0.075 0.043 
 20 18160D-09-2    (5)    1 :  0.144 0.017 0.053 0.064 0.031 0.067 0.024 0.082 0.492 0.026 
 21 18160D-09-2    (5)    1 :  0.068 0.035 0.066 0.055 0.087 0.026 0.042 0.482 0.087 0.052 
 22 18160D-09-2    (5)    1 :  0.036 0.031 0.025 0.077 0.006 0.116 0.027 0.016 0.634 0.031 
 23 18160D-09-2    (2)    1 :  0.034 0.043 0.047 0.529 0.039 0.044 0.070 0.099 0.060 0.036 

Command line arguments:   structure -D 634793 -K 10 -m mainparams -o k10/populations_k10_run2 
Input File:    populations.str
Output File:   k10/populations_k10_run2_f

Run parameters:
   23 individuals
   50160 loci
   10 populations assumed
   1000 Burn-in period
   5000 Reps
RANDOMIZE turned off

--------------------------------------------
Estimated Ln Prob of Data   = -64210997.2
Mean value of ln likelihood = -1014149.2
Variance of ln likelihood   = 126393696.0
Mean value of alpha         = 0.8453

Mean value of Fst_1         = 0.0100
Mean value of Fst_2         = 0.0102
Mean value of Fst_3         = 0.0103
Mean value of Fst_4         = 0.0101
Mean value of Fst_5         = 0.0491
Mean value of Fst_6         = 0.0101
Mean value of Fst_7         = 0.0104
Mean value of Fst_8         = 0.0101
Mean value of Fst_9         = 0.0099
Mean value of Fst_10         = 0.0098


--------------------------------------------
Proportion of membership of each pre-defined
 population in each of the 10 clusters

Given    Inferred Clusters                                                        Number of
 Pop       1      2      3      4      5      6      7      8      9     10      Individuals

  1:     0.068  0.080  0.130  0.100  0.187  0.077  0.074  0.116  0.122  0.045       23
--------------------------------------------
Final results printed to file k10/populations_k10_run2_f

