

----------------------------------------------------
STRUCTURE by Pritchard, Stephens and Donnelly (2000)
     and Falush, Stephens and Pritchard (2003)
       Code by Pritchard, Falush and Hubisz
             Version 2.3.4 (Jul 2012)
----------------------------------------------------


Reading file "mainparams".
datafile is
populations.str
Reading file "extraparams".
Reading file "populations.str".


Data file "populations.str" (truncated) --

Ind:   Label Pop : Genotype_data . . . .
  1: 18160D-09-0    1  :  4   1   3   1   4   1   3  . . . .   2
  1: 18160D-09-0    1  :  4   1   3   1   4   4   4  . . . .   4
  2: 18160D-09-0    1  :  4   1   3   1   4   1   3  . . . .   2
  2: 18160D-09-0    1  :  4   1   3   1   4   4   3  . . . .   4
  3: 18160D-09-0    1  :  4   1   0   0   0   0   3  . . . .   2
  3: 18160D-09-0    1  :  4   3   0   0   0   0   3  . . . .   4
  4: 18160D-09-0    1  :  4   1   3   1   4   1   3  . . . .   2
  4: 18160D-09-0    1  :  4   3   3   1   4   1   3  . . . .   4

      *******   

 22: 18160D-09-2    1  :  4   1   3   1   4   1   3  . . . .   2
 22: 18160D-09-2    1  :  4   3   3   1   4   1   4  . . . .   4
 23: 18160D-09-2    1  :  4   1   3   1   4   1   3  . . . .   2
 23: 18160D-09-2    1  :  4   1   3   1   4   4   4  . . . .   4

Number of alleles per locus: min= 2; ave=2.0; max= 2


--------------------------------------

Finished initialization; starting MCMC 
5000 iterations + 1000 burnin


--------------------------------------------
Proportion of membership of each pre-defined
 population in each of the 2 clusters

Given    Inferred Clusters       Number of
 Pop       1      2             Individuals

  1:     0.493  0.507              23
--------------------------------------------

 Rep#:   Lambda   Alpha      F1    F2     D1,2    Ln Like 
  100:    1.00    1.327    0.010 0.010    0.003   --  
  200:    1.00    1.814    0.010 0.010    0.003   --  
  300:    1.00    1.593    0.010 0.010    0.003   --  
  400:    1.00    1.283    0.010 0.010    0.003   --  
  500:    1.00    0.908    0.010 0.010    0.003   --  
  600:    1.00    0.528    0.011 0.010    0.003   --  
  700:    1.00    0.283    0.011 0.010    0.003   --  
  800:    1.00    0.155    0.011 0.010    0.003   --  
  900:    1.00    0.221    0.012 0.010    0.004   --  
 1000:    1.00    0.124    0.012 0.010    0.003   --  

BURNIN completed
 Rep#:   Lambda   Alpha      F1    F2     D1,2    Ln Like  Est Ln P(D)
 1100:    1.00    0.095    0.012 0.010    0.004   -1019962    0 
 1200:    1.00    0.033    0.012 0.010    0.004   -1019508    0 
 1300:    1.00    0.162    0.014 0.010    0.004   -1018927    0 
 1400:    1.00    0.078    0.014 0.010    0.004   -1018956    0 
 1500:    1.00    0.159    0.014 0.010    0.004   -1018922    0 
 1600:    1.00    0.107    0.014 0.010    0.004   -1018420    0 
 1700:    1.00    0.125    0.014 0.010    0.004   -1018734    0 
 1800:    1.00    0.068    0.015 0.010    0.004   -1018675    0 
 1900:    1.00    0.139    0.016 0.010    0.004   -1017911    0 

--------------------------------------------
Proportion of membership of each pre-defined
 population in each of the 2 clusters

Given    Inferred Clusters       Number of
 Pop       1      2             Individuals

  1:     0.453  0.547              23
--------------------------------------------

 Rep#:   Lambda   Alpha      F1    F2     D1,2    Ln Like  Est Ln P(D)
 2000:    1.00    0.114    0.017 0.010    0.004   -1017951    0 
 2100:    1.00    0.075    0.019 0.010    0.005   -1017098    0 
 2200:    1.00    0.083    0.023 0.010    0.005   -1016243    0 
 2300:    1.00    0.098    0.026 0.010    0.006   -1015825    0 
 2400:    1.00    0.239    0.035 0.010    0.007   -1014014    0 
 2500:    1.00    0.118    0.049 0.010    0.009   -1012106    0 
 2600:    1.00    0.162    0.056 0.010    0.011   -1010615    0 
 2700:    1.00    0.096    0.074 0.010    0.013   -1008201    0 
 2800:    1.00    0.128    0.095 0.010    0.017   -1005638    0 
 2900:    1.00    0.180    0.103 0.010    0.018   -1005151    0 

--------------------------------------------
Proportion of membership of each pre-defined
 population in each of the 2 clusters

Given    Inferred Clusters       Number of
 Pop       1      2             Individuals

  1:     0.317  0.683              23
--------------------------------------------

 Rep#:   Lambda   Alpha      F1    F2     D1,2    Ln Like  Est Ln P(D)
 3000:    1.00    0.214    0.113 0.010    0.019   -1004636    0 
 3100:    1.00    0.153    0.120 0.010    0.020   -1003951    0 
 3200:    1.00    0.186    0.121 0.010    0.020   -1004093    0 
 3300:    1.00    0.126    0.121 0.010    0.020   -1003524    0 
 3400:    1.00    0.125    0.129 0.010    0.021   -1003601    0 
 3500:    1.00    0.171    0.129 0.010    0.021   -1003310    0 
 3600:    1.00    0.181    0.129 0.010    0.021   -1003338    0 
 3700:    1.00    0.195    0.131 0.010    0.021   -1003996    0 
 3800:    1.00    0.186    0.136 0.010    0.022   -1002871    0 
 3900:    1.00    0.167    0.136 0.010    0.022   -1003559    0 

--------------------------------------------
Proportion of membership of each pre-defined
 population in each of the 2 clusters

Given    Inferred Clusters       Number of
 Pop       1      2             Individuals

  1:     0.285  0.715              23
--------------------------------------------

 Rep#:   Lambda   Alpha      F1    F2     D1,2    Ln Like  Est Ln P(D)
 4000:    1.00    0.216    0.135 0.010    0.022   -1003475    0 
 4100:    1.00    0.197    0.138 0.010    0.022   -1003374    0 
 4200:    1.00    0.150    0.138 0.010    0.022   -1003338    0 
 4300:    1.00    0.194    0.138 0.010    0.022   -1003298    0 
 4400:    1.00    0.145    0.136 0.010    0.022   -1003820    0 
 4500:    1.00    0.173    0.136 0.010    0.022   -1003407    0 
 4600:    1.00    0.211    0.139 0.010    0.022   -1003666    0 
 4700:    1.00    0.273    0.140 0.010    0.023   -1003250    0 
 4800:    1.00    0.194    0.140 0.010    0.023   -1003164    0 
 4900:    1.00    0.191    0.139 0.010    0.022   -1003453    0 

--------------------------------------------
Proportion of membership of each pre-defined
 population in each of the 2 clusters

Given    Inferred Clusters       Number of
 Pop       1      2             Individuals

  1:     0.270  0.730              23
--------------------------------------------

 Rep#:   Lambda   Alpha      F1    F2     D1,2    Ln Like  Est Ln P(D)
 5000:    1.00    0.159    0.140 0.010    0.023   -1003904    0 
 5100:    1.00    0.144    0.145 0.010    0.023   -1002953    0 
 5200:    1.00    0.156    0.146 0.010    0.024   -1003337    0 
 5300:    1.00    0.186    0.147 0.010    0.024   -1003514    0 
 5400:    1.00    0.241    0.144 0.010    0.023   -1003046    0 
 5500:    1.00    0.171    0.147 0.010    0.024   -1003559    0 
 5600:    1.00    0.193    0.148 0.010    0.024   -1002912    0 
 5700:    1.00    0.128    0.149 0.010    0.024   -1003095    0 
 5800:    1.00    0.173    0.149 0.010    0.024   -1003352    0 
 5900:    1.00    0.269    0.149 0.010    0.024   -1003302    0 
 6000:    1.00    0.306    0.150 0.010    0.024   -1003452    0 

MCMC completed

Inferred ancestry of individuals:
        Label (%Miss) Pop:  Inferred clusters
  1 18160D-09-0    (2)    1 :  0.291 0.709 
  2 18160D-09-0    (4)    1 :  0.411 0.589 
  3 18160D-09-0    (2)    1 :  0.880 0.120 
  4 18160D-09-0    (5)    1 :  1.000 0.000 
  5 18160D-09-0    (4)    1 :  0.975 0.025 
  6 18160D-09-0    (4)    1 :  0.985 0.015 
  7 18160D-09-0    (2)    1 :  0.999 0.001 
  8 18160D-09-0    (4)    1 :  0.176 0.824 
  9 18160D-09-0    (2)    1 :  0.000 1.000 
 10 18160D-09-1    (2)    1 :  0.000 1.000 
 11 18160D-09-1    (2)    1 :  0.000 1.000 
 12 18160D-09-1    (2)    1 :  0.001 0.999 
 13 18160D-09-1    (5)    1 :  0.330 0.670 
 14 18160D-09-1   (18)    1 :  0.354 0.646 
 15 18160D-09-1    (4)    1 :  0.201 0.799 
 16 18160D-09-1    (2)    1 :  0.000 1.000 
 17 18160D-09-1    (2)    1 :  0.274 0.726 
 18 18160D-09-1    (2)    1 :  0.017 0.983 
 19 18160D-09-1    (2)    1 :  0.274 0.726 
 20 18160D-09-2    (5)    1 :  0.062 0.938 
 21 18160D-09-2    (5)    1 :  0.336 0.664 
 22 18160D-09-2    (5)    1 :  0.001 0.999 
 23 18160D-09-2    (2)    1 :  0.225 0.775 

Command line arguments:   structure -D 454665 -K 2 -m mainparams -o k2/populations_k2_run6 
Input File:    populations.str
Output File:   k2/populations_k2_run6_f

Run parameters:
   23 individuals
   50160 loci
   2 populations assumed
   1000 Burn-in period
   5000 Reps
RANDOMIZE turned off

--------------------------------------------
Estimated Ln Prob of Data   = -22410567.3
Mean value of ln likelihood = -1008140.8
Variance of ln likelihood   = 42804853.0
Mean value of alpha         = 0.1547

Mean value of Fst_1         = 0.0961
Mean value of Fst_2         = 0.0102


--------------------------------------------
Proportion of membership of each pre-defined
 population in each of the 2 clusters

Given    Inferred Clusters       Number of
 Pop       1      2             Individuals

  1:     0.339  0.661              23
--------------------------------------------
Final results printed to file k2/populations_k2_run6_f

