

----------------------------------------------------
STRUCTURE by Pritchard, Stephens and Donnelly (2000)
     and Falush, Stephens and Pritchard (2003)
       Code by Pritchard, Falush and Hubisz
             Version 2.3.4 (Jul 2012)
----------------------------------------------------


Reading file "mainparams".
datafile is
populations.str
Reading file "extraparams".
Reading file "populations.str".


Data file "populations.str" (truncated) --

Ind:   Label Pop : Genotype_data . . . .
  1: 18160D-09-0    1  :  4   1   3   1   4   1   3  . . . .   2
  1: 18160D-09-0    1  :  4   1   3   1   4   4   4  . . . .   4
  2: 18160D-09-0    1  :  4   1   3   1   4   1   3  . . . .   2
  2: 18160D-09-0    1  :  4   1   3   1   4   4   3  . . . .   4
  3: 18160D-09-0    1  :  4   1   0   0   0   0   3  . . . .   2
  3: 18160D-09-0    1  :  4   3   0   0   0   0   3  . . . .   4
  4: 18160D-09-0    1  :  4   1   3   1   4   1   3  . . . .   2
  4: 18160D-09-0    1  :  4   3   3   1   4   1   3  . . . .   4

      *******   

 22: 18160D-09-2    1  :  4   1   3   1   4   1   3  . . . .   2
 22: 18160D-09-2    1  :  4   3   3   1   4   1   4  . . . .   4
 23: 18160D-09-2    1  :  4   1   3   1   4   1   3  . . . .   2
 23: 18160D-09-2    1  :  4   1   3   1   4   4   4  . . . .   4

Number of alleles per locus: min= 2; ave=2.0; max= 2


--------------------------------------

Finished initialization; starting MCMC 
5000 iterations + 1000 burnin


--------------------------------------------
Proportion of membership of each pre-defined
 population in each of the 2 clusters

Given    Inferred Clusters       Number of
 Pop       1      2             Individuals

  1:     0.502  0.498              23
--------------------------------------------

 Rep#:   Lambda   Alpha      F1    F2     D1,2    Ln Like 
  100:    1.00    1.230    0.010 0.010    0.003   --  
  200:    1.00    1.167    0.010 0.010    0.003   --  
  300:    1.00    1.304    0.010 0.010    0.003   --  
  400:    1.00    1.606    0.010 0.010    0.003   --  
  500:    1.00    1.090    0.010 0.010    0.003   --  
  600:    1.00    0.614    0.010 0.010    0.003   --  
  700:    1.00    0.279    0.010 0.010    0.003   --  
  800:    1.00    0.195    0.010 0.010    0.003   --  
  900:    1.00    0.063    0.010 0.010    0.003   --  
 1000:    1.00    0.080    0.010 0.010    0.003   --  

BURNIN completed
 Rep#:   Lambda   Alpha      F1    F2     D1,2    Ln Like  Est Ln P(D)
 1100:    1.00    0.053    0.011 0.010    0.003   -1019082    0 
 1200:    1.00    0.054    0.011 0.010    0.003   -1018716    0 
 1300:    1.00    0.072    0.011 0.010    0.003   -1018885    0 
 1400:    1.00    0.055    0.011 0.011    0.004   -1018734    0 
 1500:    1.00    0.038    0.011 0.011    0.004   -1018722    0 
 1600:    1.00    0.097    0.012 0.011    0.004   -1018041    0 
 1700:    1.00    0.029    0.012 0.011    0.004   -1018044    0 
 1800:    1.00    0.066    0.012 0.011    0.004   -1018052    0 
 1900:    1.00    0.055    0.013 0.011    0.004   -1017764    0 

--------------------------------------------
Proportion of membership of each pre-defined
 population in each of the 2 clusters

Given    Inferred Clusters       Number of
 Pop       1      2             Individuals

  1:     0.690  0.310              23
--------------------------------------------

 Rep#:   Lambda   Alpha      F1    F2     D1,2    Ln Like  Est Ln P(D)
 2000:    1.00    0.047    0.013 0.012    0.004   -1017603    0 
 2100:    1.00    0.033    0.013 0.012    0.004   -1017433    0 
 2200:    1.00    0.055    0.013 0.012    0.004   -1017474    0 
 2300:    1.00    0.049    0.013 0.012    0.004   -1017385    0 
 2400:    1.00    0.063    0.014 0.012    0.004   -1016862    0 
 2500:    1.00    0.017    0.014 0.013    0.004   -1016659    0 
 2600:    1.00    0.055    0.014 0.013    0.004   -1017114    0 
 2700:    1.00    0.043    0.015 0.013    0.004   -1017013    0 
 2800:    1.00    0.046    0.016 0.013    0.005   -1016709    0 
 2900:    1.00    0.074    0.016 0.013    0.005   -1016227    0 

--------------------------------------------
Proportion of membership of each pre-defined
 population in each of the 2 clusters

Given    Inferred Clusters       Number of
 Pop       1      2             Individuals

  1:     0.705  0.295              23
--------------------------------------------

 Rep#:   Lambda   Alpha      F1    F2     D1,2    Ln Like  Est Ln P(D)
 3000:    1.00    0.061    0.016 0.013    0.005   -1016229    0 
 3100:    1.00    0.046    0.018 0.013    0.005   -1015921    0 
 3200:    1.00    0.025    0.018 0.013    0.005   -1015389    0 
 3300:    1.00    0.029    0.020 0.013    0.005   -1014990    0 
 3400:    1.00    0.037    0.020 0.013    0.005   -1015408    0 
 3500:    1.00    0.036    0.021 0.013    0.005   -1015204    0 
 3600:    1.00    0.052    0.022 0.013    0.006   -1014923    0 
 3700:    1.00    0.017    0.022 0.014    0.006   -1014698    0 
 3800:    1.00    0.045    0.024 0.014    0.006   -1014328    0 
 3900:    1.00    0.032    0.024 0.014    0.006   -1014422    0 

--------------------------------------------
Proportion of membership of each pre-defined
 population in each of the 2 clusters

Given    Inferred Clusters       Number of
 Pop       1      2             Individuals

  1:     0.722  0.278              23
--------------------------------------------

 Rep#:   Lambda   Alpha      F1    F2     D1,2    Ln Like  Est Ln P(D)
 4000:    1.00    0.022    0.024 0.014    0.006   -1014192    0 
 4100:    1.00    0.021    0.024 0.014    0.006   -1014407    0 
 4200:    1.00    0.055    0.026 0.014    0.006   -1013820    0 
 4300:    1.00    0.037    0.026 0.014    0.007   -1013681    0 
 4400:    1.00    0.027    0.026 0.014    0.006   -1013900    0 
 4500:    1.00    0.051    0.026 0.014    0.007   -1013789    0 
 4600:    1.00    0.039    0.027 0.014    0.007   -1013556    0 
 4700:    1.00    0.037    0.028 0.014    0.007   -1013530    0 
 4800:    1.00    0.050    0.028 0.014    0.007   -1013206    0 
 4900:    1.00    0.024    0.028 0.015    0.007   -1013335    0 

--------------------------------------------
Proportion of membership of each pre-defined
 population in each of the 2 clusters

Given    Inferred Clusters       Number of
 Pop       1      2             Individuals

  1:     0.721  0.279              23
--------------------------------------------

 Rep#:   Lambda   Alpha      F1    F2     D1,2    Ln Like  Est Ln P(D)
 5000:    1.00    0.062    0.028 0.015    0.007   -1013229    0 
 5100:    1.00    0.069    0.028 0.015    0.007   -1013494    0 
 5200:    1.00    0.039    0.028 0.015    0.007   -1013462    0 
 5300:    1.00    0.034    0.029 0.015    0.007   -1012967    0 
 5400:    1.00    0.040    0.030 0.016    0.007   -1012681    0 
 5500:    1.00    0.087    0.030 0.016    0.007   -1012856    0 
 5600:    1.00    0.042    0.032 0.016    0.008   -1012813    0 
 5700:    1.00    0.031    0.033 0.016    0.008   -1012259    0 
 5800:    1.00    0.078    0.034 0.016    0.008   -1012064    0 
 5900:    1.00    0.058    0.034 0.016    0.008   -1012281    0 
 6000:    1.00    0.063    0.034 0.016    0.008   -1012409    0 

MCMC completed

Inferred ancestry of individuals:
        Label (%Miss) Pop:  Inferred clusters
  1 18160D-09-0    (2)    1 :  0.796 0.204 
  2 18160D-09-0    (4)    1 :  1.000 0.000 
  3 18160D-09-0    (2)    1 :  1.000 0.000 
  4 18160D-09-0    (5)    1 :  1.000 0.000 
  5 18160D-09-0    (4)    1 :  1.000 0.000 
  6 18160D-09-0    (4)    1 :  1.000 0.000 
  7 18160D-09-0    (2)    1 :  1.000 0.000 
  8 18160D-09-0    (4)    1 :  0.915 0.085 
  9 18160D-09-0    (2)    1 :  0.000 1.000 
 10 18160D-09-1    (2)    1 :  0.000 1.000 
 11 18160D-09-1    (2)    1 :  0.000 1.000 
 12 18160D-09-1    (2)    1 :  0.000 1.000 
 13 18160D-09-1    (5)    1 :  0.997 0.003 
 14 18160D-09-1   (18)    1 :  1.000 0.000 
 15 18160D-09-1    (4)    1 :  0.986 0.014 
 16 18160D-09-1    (2)    1 :  0.000 1.000 
 17 18160D-09-1    (2)    1 :  0.863 0.137 
 18 18160D-09-1    (2)    1 :  0.009 0.991 
 19 18160D-09-1    (2)    1 :  0.986 0.014 
 20 18160D-09-2    (5)    1 :  0.906 0.094 
 21 18160D-09-2    (5)    1 :  0.979 0.021 
 22 18160D-09-2    (5)    1 :  0.821 0.179 
 23 18160D-09-2    (2)    1 :  0.978 0.022 

Command line arguments:   structure -D 192350 -K 2 -m mainparams -o k2/populations_k2_run4 
Input File:    populations.str
Output File:   k2/populations_k2_run4_f

Run parameters:
   23 individuals
   50160 loci
   2 populations assumed
   1000 Burn-in period
   5000 Reps
RANDOMIZE turned off

--------------------------------------------
Estimated Ln Prob of Data   = -3214585.7
Mean value of ln likelihood = -1015391.8
Variance of ln likelihood   = 4398387.8
Mean value of alpha         = 0.0503

Mean value of Fst_1         = 0.0208
Mean value of Fst_2         = 0.0133


--------------------------------------------
Proportion of membership of each pre-defined
 population in each of the 2 clusters

Given    Inferred Clusters       Number of
 Pop       1      2             Individuals

  1:     0.706  0.294              23
--------------------------------------------
Final results printed to file k2/populations_k2_run4_f

