

----------------------------------------------------
STRUCTURE by Pritchard, Stephens and Donnelly (2000)
     and Falush, Stephens and Pritchard (2003)
       Code by Pritchard, Falush and Hubisz
             Version 2.3.4 (Jul 2012)
----------------------------------------------------


Reading file "mainparams".
datafile is
populations.str
Reading file "extraparams".
Reading file "populations.str".


Data file "populations.str" (truncated) --

Ind:   Label Pop : Genotype_data . . . .
  1: 18160D-09-0    1  :  4   1   3   1   4   1   3  . . . .   2
  1: 18160D-09-0    1  :  4   1   3   1   4   4   4  . . . .   4
  2: 18160D-09-0    1  :  4   1   3   1   4   1   3  . . . .   2
  2: 18160D-09-0    1  :  4   1   3   1   4   4   3  . . . .   4
  3: 18160D-09-0    1  :  4   1   0   0   0   0   3  . . . .   2
  3: 18160D-09-0    1  :  4   3   0   0   0   0   3  . . . .   4
  4: 18160D-09-0    1  :  4   1   3   1   4   1   3  . . . .   2
  4: 18160D-09-0    1  :  4   3   3   1   4   1   3  . . . .   4

      *******   

 22: 18160D-09-2    1  :  4   1   3   1   4   1   3  . . . .   2
 22: 18160D-09-2    1  :  4   3   3   1   4   1   4  . . . .   4
 23: 18160D-09-2    1  :  4   1   3   1   4   1   3  . . . .   2
 23: 18160D-09-2    1  :  4   1   3   1   4   4   4  . . . .   4

Number of alleles per locus: min= 2; ave=2.0; max= 2


--------------------------------------

Finished initialization; starting MCMC 
5000 iterations + 1000 burnin


--------------------------------------------
Proportion of membership of each pre-defined
 population in each of the 2 clusters

Given    Inferred Clusters       Number of
 Pop       1      2             Individuals

  1:     0.505  0.495              23
--------------------------------------------

 Rep#:   Lambda   Alpha      F1    F2     D1,2    Ln Like 
  100:    1.00    1.273    0.010 0.010    0.003   --  
  200:    1.00    1.525    0.010 0.010    0.003   --  
  300:    1.00    1.632    0.010 0.010    0.003   --  
  400:    1.00    1.411    0.010 0.010    0.003   --  
  500:    1.00    0.706    0.010 0.010    0.003   --  
  600:    1.00    0.451    0.010 0.010    0.003   --  
  700:    1.00    0.135    0.010 0.010    0.003   --  
  800:    1.00    0.272    0.010 0.010    0.003   --  
  900:    1.00    0.144    0.010 0.010    0.003   --  
 1000:    1.00    0.197    0.010 0.010    0.003   --  

BURNIN completed
 Rep#:   Lambda   Alpha      F1    F2     D1,2    Ln Like  Est Ln P(D)
 1100:    1.00    0.167    0.010 0.010    0.003   -1019957    0 
 1200:    1.00    0.117    0.011 0.010    0.003   -1019455    0 
 1300:    1.00    0.088    0.011 0.010    0.003   -1019491    0 
 1400:    1.00    0.086    0.012 0.010    0.004   -1018599    0 
 1500:    1.00    0.136    0.013 0.011    0.004   -1018216    0 
 1600:    1.00    0.070    0.013 0.011    0.004   -1018081    0 
 1700:    1.00    0.096    0.013 0.011    0.004   -1018397    0 
 1800:    1.00    0.063    0.013 0.011    0.004   -1018308    0 
 1900:    1.00    0.092    0.015 0.011    0.004   -1017953    0 

--------------------------------------------
Proportion of membership of each pre-defined
 population in each of the 2 clusters

Given    Inferred Clusters       Number of
 Pop       1      2             Individuals

  1:     0.600  0.400              23
--------------------------------------------

 Rep#:   Lambda   Alpha      F1    F2     D1,2    Ln Like  Est Ln P(D)
 2000:    1.00    0.133    0.015 0.011    0.004   -1016798    0 
 2100:    1.00    0.082    0.016 0.011    0.004   -1017041    0 
 2200:    1.00    0.114    0.016 0.011    0.004   -1016333    0 
 2300:    1.00    0.060    0.016 0.011    0.004   -1016542    0 
 2400:    1.00    0.045    0.017 0.012    0.005   -1016421    0 
 2500:    1.00    0.033    0.017 0.012    0.005   -1016214    0 
 2600:    1.00    0.032    0.018 0.012    0.005   -1016121    0 
 2700:    1.00    0.062    0.018 0.012    0.005   -1016017    0 
 2800:    1.00    0.096    0.019 0.012    0.005   -1015800    0 
 2900:    1.00    0.116    0.019 0.012    0.005   -1015146    0 

--------------------------------------------
Proportion of membership of each pre-defined
 population in each of the 2 clusters

Given    Inferred Clusters       Number of
 Pop       1      2             Individuals

  1:     0.639  0.361              23
--------------------------------------------

 Rep#:   Lambda   Alpha      F1    F2     D1,2    Ln Like  Est Ln P(D)
 3000:    1.00    0.048    0.021 0.012    0.005   -1015022    0 
 3100:    1.00    0.036    0.021 0.012    0.005   -1014727    0 
 3200:    1.00    0.107    0.021 0.012    0.005   -1014813    0 
 3300:    1.00    0.089    0.023 0.012    0.006   -1014754    0 
 3400:    1.00    0.123    0.024 0.012    0.006   -1015133    0 
 3500:    1.00    0.039    0.024 0.012    0.006   -1014409    0 
 3600:    1.00    0.083    0.025 0.012    0.006   -1014513    0 
 3700:    1.00    0.051    0.030 0.012    0.007   -1013336    0 
 3800:    1.00    0.092    0.033 0.012    0.007   -1013001    0 
 3900:    1.00    0.055    0.035 0.012    0.007   -1012887    0 

--------------------------------------------
Proportion of membership of each pre-defined
 population in each of the 2 clusters

Given    Inferred Clusters       Number of
 Pop       1      2             Individuals

  1:     0.631  0.369              23
--------------------------------------------

 Rep#:   Lambda   Alpha      F1    F2     D1,2    Ln Like  Est Ln P(D)
 4000:    1.00    0.079    0.035 0.012    0.007   -1012773    0 
 4100:    1.00    0.119    0.036 0.012    0.008   -1012477    0 
 4200:    1.00    0.103    0.038 0.013    0.008   -1012416    0 
 4300:    1.00    0.166    0.039 0.013    0.008   -1012555    0 
 4400:    1.00    0.234    0.042 0.013    0.009   -1012249    0 
 4500:    1.00    0.138    0.043 0.013    0.009   -1011990    0 
 4600:    1.00    0.164    0.048 0.013    0.009   -1011595    0 
 4700:    1.00    0.137    0.053 0.013    0.010   -1011301    0 
 4800:    1.00    0.102    0.060 0.013    0.012   -1010163    0 
 4900:    1.00    0.200    0.064 0.013    0.012   -1010327    0 

--------------------------------------------
Proportion of membership of each pre-defined
 population in each of the 2 clusters

Given    Inferred Clusters       Number of
 Pop       1      2             Individuals

  1:     0.462  0.538              23
--------------------------------------------

 Rep#:   Lambda   Alpha      F1    F2     D1,2    Ln Like  Est Ln P(D)
 5000:    1.00    0.153    0.083 0.013    0.015   -1008590    0 
 5100:    1.00    0.282    0.098 0.013    0.017   -1006650    0 
 5200:    1.00    0.112    0.108 0.013    0.019   -1005367    0 
 5300:    1.00    0.130    0.113 0.013    0.019   -1005202    0 
 5400:    1.00    0.206    0.116 0.013    0.020   -1004628    0 
 5500:    1.00    0.257    0.122 0.012    0.021   -1004014    0 
 5600:    1.00    0.180    0.124 0.012    0.021   -1004033    0 
 5700:    1.00    0.181    0.127 0.012    0.022   -1003582    0 
 5800:    1.00    0.154    0.128 0.012    0.021   -1003585    0 
 5900:    1.00    0.148    0.130 0.012    0.022   -1003519    0 
 6000:    1.00    0.172    0.132 0.012    0.022   -1003701    0 

MCMC completed

Inferred ancestry of individuals:
        Label (%Miss) Pop:  Inferred clusters
  1 18160D-09-0    (2)    1 :  0.513 0.487 
  2 18160D-09-0    (4)    1 :  0.836 0.164 
  3 18160D-09-0    (2)    1 :  0.985 0.015 
  4 18160D-09-0    (5)    1 :  1.000 0.000 
  5 18160D-09-0    (4)    1 :  0.999 0.001 
  6 18160D-09-0    (4)    1 :  1.000 0.000 
  7 18160D-09-0    (2)    1 :  1.000 0.000 
  8 18160D-09-0    (4)    1 :  0.488 0.512 
  9 18160D-09-0    (2)    1 :  0.000 1.000 
 10 18160D-09-1    (2)    1 :  0.000 1.000 
 11 18160D-09-1    (2)    1 :  0.000 1.000 
 12 18160D-09-1    (2)    1 :  0.001 0.999 
 13 18160D-09-1    (5)    1 :  0.742 0.258 
 14 18160D-09-1   (18)    1 :  0.785 0.215 
 15 18160D-09-1    (4)    1 :  0.694 0.306 
 16 18160D-09-1    (2)    1 :  0.000 1.000 
 17 18160D-09-1    (2)    1 :  0.746 0.254 
 18 18160D-09-1    (2)    1 :  0.072 0.928 
 19 18160D-09-1    (2)    1 :  0.777 0.223 
 20 18160D-09-2    (5)    1 :  0.471 0.529 
 21 18160D-09-2    (5)    1 :  0.718 0.282 
 22 18160D-09-2    (5)    1 :  0.013 0.987 
 23 18160D-09-2    (2)    1 :  0.760 0.240 

Command line arguments:   structure -D 378449 -K 2 -m mainparams -o k2/populations_k2_run10 
Input File:    populations.str
Output File:   k2/populations_k2_run10_f

Run parameters:
   23 individuals
   50160 loci
   2 populations assumed
   1000 Burn-in period
   5000 Reps
RANDOMIZE turned off

--------------------------------------------
Estimated Ln Prob of Data   = -13142930.8
Mean value of ln likelihood = -1013028.7
Variance of ln likelihood   = 24259804.2
Mean value of alpha         = 0.1166

Mean value of Fst_1         = 0.0445
Mean value of Fst_2         = 0.0119


--------------------------------------------
Proportion of membership of each pre-defined
 population in each of the 2 clusters

Given    Inferred Clusters       Number of
 Pop       1      2             Individuals

  1:     0.548  0.452              23
--------------------------------------------
Final results printed to file k2/populations_k2_run10_f

