

----------------------------------------------------
STRUCTURE by Pritchard, Stephens and Donnelly (2000)
     and Falush, Stephens and Pritchard (2003)
       Code by Pritchard, Falush and Hubisz
             Version 2.3.4 (Jul 2012)
----------------------------------------------------


Reading file "mainparams".
datafile is
populations.str
Reading file "extraparams".
Reading file "populations.str".


Data file "populations.str" (truncated) --

Ind:   Label Pop : Genotype_data . . . .
  1: 18160D-09-0    1  :  4   1   3   1   4   1   3  . . . .   2
  1: 18160D-09-0    1  :  4   1   3   1   4   4   4  . . . .   4
  2: 18160D-09-0    1  :  4   1   3   1   4   1   3  . . . .   2
  2: 18160D-09-0    1  :  4   1   3   1   4   4   3  . . . .   4
  3: 18160D-09-0    1  :  4   1   0   0   0   0   3  . . . .   2
  3: 18160D-09-0    1  :  4   3   0   0   0   0   3  . . . .   4
  4: 18160D-09-0    1  :  4   1   3   1   4   1   3  . . . .   2
  4: 18160D-09-0    1  :  4   3   3   1   4   1   3  . . . .   4

      *******   

 22: 18160D-09-2    1  :  4   1   3   1   4   1   3  . . . .   2
 22: 18160D-09-2    1  :  4   3   3   1   4   1   4  . . . .   4
 23: 18160D-09-2    1  :  4   1   3   1   4   1   3  . . . .   2
 23: 18160D-09-2    1  :  4   1   3   1   4   4   4  . . . .   4

Number of alleles per locus: min= 2; ave=2.0; max= 2


--------------------------------------

Finished initialization; starting MCMC 
5000 iterations + 1000 burnin


--------------------------------------------
Proportion of membership of each pre-defined
 population in each of the 2 clusters

Given    Inferred Clusters       Number of
 Pop       1      2             Individuals

  1:     0.507  0.493              23
--------------------------------------------

 Rep#:   Lambda   Alpha      F1    F2     D1,2    Ln Like 
  100:    1.00    1.581    0.010 0.010    0.003   --  
  200:    1.00    1.705    0.010 0.010    0.003   --  
  300:    1.00    1.385    0.010 0.010    0.003   --  
  400:    1.00    0.909    0.010 0.010    0.003   --  
  500:    1.00    0.482    0.010 0.010    0.003   --  
  600:    1.00    0.399    0.010 0.011    0.003   --  
  700:    1.00    0.228    0.010 0.011    0.003   --  
  800:    1.00    0.061    0.010 0.011    0.003   --  
  900:    1.00    0.099    0.010 0.011    0.003   --  
 1000:    1.00    0.150    0.011 0.011    0.003   --  

BURNIN completed
 Rep#:   Lambda   Alpha      F1    F2     D1,2    Ln Like  Est Ln P(D)
 1100:    1.00    0.097    0.011 0.011    0.004   -1018453    0 
 1200:    1.00    0.163    0.011 0.011    0.004   -1018825    0 
 1300:    1.00    0.137    0.012 0.012    0.004   -1018125    0 
 1400:    1.00    0.078    0.012 0.012    0.004   -1017325    0 
 1500:    1.00    0.069    0.012 0.012    0.004   -1017675    0 
 1600:    1.00    0.038    0.012 0.012    0.004   -1017533    0 
 1700:    1.00    0.085    0.012 0.012    0.004   -1017931    0 
 1800:    1.00    0.049    0.012 0.012    0.004   -1017359    0 
 1900:    1.00    0.081    0.012 0.012    0.004   -1016956    0 

--------------------------------------------
Proportion of membership of each pre-defined
 population in each of the 2 clusters

Given    Inferred Clusters       Number of
 Pop       1      2             Individuals

  1:     0.626  0.374              23
--------------------------------------------

 Rep#:   Lambda   Alpha      F1    F2     D1,2    Ln Like  Est Ln P(D)
 2000:    1.00    0.095    0.012 0.012    0.004   -1016841    0 
 2100:    1.00    0.034    0.013 0.012    0.004   -1017214    0 
 2200:    1.00    0.038    0.013 0.012    0.004   -1017245    0 
 2300:    1.00    0.037    0.013 0.013    0.004   -1017119    0 
 2400:    1.00    0.054    0.013 0.013    0.004   -1016861    0 
 2500:    1.00    0.059    0.013 0.013    0.004   -1017232    0 
 2600:    1.00    0.024    0.014 0.013    0.004   -1016897    0 
 2700:    1.00    0.035    0.015 0.013    0.005   -1015903    0 
 2800:    1.00    0.057    0.016 0.013    0.005   -1015808    0 
 2900:    1.00    0.044    0.016 0.013    0.005   -1015842    0 

--------------------------------------------
Proportion of membership of each pre-defined
 population in each of the 2 clusters

Given    Inferred Clusters       Number of
 Pop       1      2             Individuals

  1:     0.653  0.347              23
--------------------------------------------

 Rep#:   Lambda   Alpha      F1    F2     D1,2    Ln Like  Est Ln P(D)
 3000:    1.00    0.050    0.017 0.013    0.005   -1015600    0 
 3100:    1.00    0.065    0.018 0.013    0.005   -1015444    0 
 3200:    1.00    0.043    0.018 0.013    0.005   -1015393    0 
 3300:    1.00    0.030    0.018 0.013    0.005   -1015669    0 
 3400:    1.00    0.083    0.018 0.014    0.005   -1015244    0 
 3500:    1.00    0.032    0.018 0.014    0.005   -1015026    0 
 3600:    1.00    0.025    0.019 0.015    0.005   -1015176    0 
 3700:    1.00    0.042    0.019 0.015    0.005   -1014670    0 
 3800:    1.00    0.034    0.019 0.015    0.005   -1014722    0 
 3900:    1.00    0.032    0.019 0.015    0.005   -1014601    0 

--------------------------------------------
Proportion of membership of each pre-defined
 population in each of the 2 clusters

Given    Inferred Clusters       Number of
 Pop       1      2             Individuals

  1:     0.658  0.342              23
--------------------------------------------

 Rep#:   Lambda   Alpha      F1    F2     D1,2    Ln Like  Est Ln P(D)
 4000:    1.00    0.044    0.020 0.015    0.006   -1014455    0 
 4100:    1.00    0.064    0.020 0.015    0.006   -1014715    0 
 4200:    1.00    0.033    0.020 0.015    0.006   -1014622    0 
 4300:    1.00    0.077    0.020 0.015    0.006   -1014839    0 
 4400:    1.00    0.047    0.020 0.015    0.006   -1014610    0 
 4500:    1.00    0.061    0.020 0.015    0.005   -1014857    0 
 4600:    1.00    0.052    0.021 0.015    0.006   -1014592    0 
 4700:    1.00    0.041    0.021 0.015    0.006   -1014461    0 
 4800:    1.00    0.038    0.022 0.015    0.006   -1013900    0 
 4900:    1.00    0.081    0.023 0.015    0.006   -1014331    0 

--------------------------------------------
Proportion of membership of each pre-defined
 population in each of the 2 clusters

Given    Inferred Clusters       Number of
 Pop       1      2             Individuals

  1:     0.654  0.346              23
--------------------------------------------

 Rep#:   Lambda   Alpha      F1    F2     D1,2    Ln Like  Est Ln P(D)
 5000:    1.00    0.092    0.024 0.015    0.006   -1013757    0 
 5100:    1.00    0.062    0.024 0.015    0.006   -1014066    0 
 5200:    1.00    0.067    0.025 0.015    0.006   -1013989    0 
 5300:    1.00    0.054    0.027 0.015    0.007   -1013420    0 
 5400:    1.00    0.048    0.028 0.015    0.007   -1013240    0 
 5500:    1.00    0.068    0.028 0.015    0.007   -1013020    0 
 5600:    1.00    0.050    0.029 0.015    0.007   -1013126    0 
 5700:    1.00    0.079    0.030 0.015    0.007   -1012968    0 
 5800:    1.00    0.097    0.031 0.015    0.007   -1012852    0 
 5900:    1.00    0.123    0.031 0.015    0.007   -1012727    0 
 6000:    1.00    0.072    0.035 0.015    0.008   -1012360    0 

MCMC completed

Inferred ancestry of individuals:
        Label (%Miss) Pop:  Inferred clusters
  1 18160D-09-0    (2)    1 :  0.611 0.389 
  2 18160D-09-0    (4)    1 :  0.997 0.003 
  3 18160D-09-0    (2)    1 :  1.000 0.000 
  4 18160D-09-0    (5)    1 :  1.000 0.000 
  5 18160D-09-0    (4)    1 :  1.000 0.000 
  6 18160D-09-0    (4)    1 :  1.000 0.000 
  7 18160D-09-0    (2)    1 :  1.000 0.000 
  8 18160D-09-0    (4)    1 :  0.683 0.317 
  9 18160D-09-0    (2)    1 :  0.000 1.000 
 10 18160D-09-1    (2)    1 :  0.000 1.000 
 11 18160D-09-1    (2)    1 :  0.000 1.000 
 12 18160D-09-1    (2)    1 :  0.000 1.000 
 13 18160D-09-1    (5)    1 :  0.968 0.032 
 14 18160D-09-1   (18)    1 :  0.998 0.002 
 15 18160D-09-1    (4)    1 :  0.974 0.026 
 16 18160D-09-1    (2)    1 :  0.000 1.000 
 17 18160D-09-1    (2)    1 :  0.917 0.083 
 18 18160D-09-1    (2)    1 :  0.002 0.998 
 19 18160D-09-1    (2)    1 :  0.988 0.012 
 20 18160D-09-2    (5)    1 :  0.690 0.310 
 21 18160D-09-2    (5)    1 :  0.951 0.049 
 22 18160D-09-2    (5)    1 :  0.005 0.995 
 23 18160D-09-2    (2)    1 :  0.986 0.014 

Command line arguments:   structure -D 324735 -K 2 -m mainparams -o k2/populations_k2_run8 
Input File:    populations.str
Output File:   k2/populations_k2_run8_f

Run parameters:
   23 individuals
   50160 loci
   2 populations assumed
   1000 Burn-in period
   5000 Reps
RANDOMIZE turned off

--------------------------------------------
Estimated Ln Prob of Data   = -2459469.8
Mean value of ln likelihood = -1015459.1
Variance of ln likelihood   = 2888021.4
Mean value of alpha         = 0.0656

Mean value of Fst_1         = 0.0185
Mean value of Fst_2         = 0.0138


--------------------------------------------
Proportion of membership of each pre-defined
 population in each of the 2 clusters

Given    Inferred Clusters       Number of
 Pop       1      2             Individuals

  1:     0.642  0.358              23
--------------------------------------------
Final results printed to file k2/populations_k2_run8_f

