

----------------------------------------------------
STRUCTURE by Pritchard, Stephens and Donnelly (2000)
     and Falush, Stephens and Pritchard (2003)
       Code by Pritchard, Falush and Hubisz
             Version 2.3.4 (Jul 2012)
----------------------------------------------------


Reading file "mainparams".
datafile is
populations.str
Reading file "extraparams".
Reading file "populations.str".


Data file "populations.str" (truncated) --

Ind:   Label Pop : Genotype_data . . . .
  1: 18160D-09-0    1  :  4   1   3   1   4   1   3  . . . .   2
  1: 18160D-09-0    1  :  4   1   3   1   4   4   4  . . . .   4
  2: 18160D-09-0    1  :  4   1   3   1   4   1   3  . . . .   2
  2: 18160D-09-0    1  :  4   1   3   1   4   4   3  . . . .   4
  3: 18160D-09-0    1  :  4   1   0   0   0   0   3  . . . .   2
  3: 18160D-09-0    1  :  4   3   0   0   0   0   3  . . . .   4
  4: 18160D-09-0    1  :  4   1   3   1   4   1   3  . . . .   2
  4: 18160D-09-0    1  :  4   3   3   1   4   1   3  . . . .   4

      *******   

 22: 18160D-09-2    1  :  4   1   3   1   4   1   3  . . . .   2
 22: 18160D-09-2    1  :  4   3   3   1   4   1   4  . . . .   4
 23: 18160D-09-2    1  :  4   1   3   1   4   1   3  . . . .   2
 23: 18160D-09-2    1  :  4   1   3   1   4   4   4  . . . .   4

Number of alleles per locus: min= 2; ave=2.0; max= 2


--------------------------------------

Finished initialization; starting MCMC 
5000 iterations + 1000 burnin


--------------------------------------------
Proportion of membership of each pre-defined
 population in each of the 2 clusters

Given    Inferred Clusters       Number of
 Pop       1      2             Individuals

  1:     0.486  0.514              23
--------------------------------------------

 Rep#:   Lambda   Alpha      F1    F2     D1,2    Ln Like 
  100:    1.00    1.471    0.010 0.010    0.003   --  
  200:    1.00    1.405    0.010 0.010    0.003   --  
  300:    1.00    1.394    0.010 0.010    0.003   --  
  400:    1.00    0.785    0.010 0.010    0.003   --  
  500:    1.00    0.255    0.010 0.010    0.003   --  
  600:    1.00    0.156    0.010 0.010    0.003   --  
  700:    1.00    0.082    0.010 0.011    0.003   --  
  800:    1.00    0.110    0.010 0.011    0.003   --  
  900:    1.00    0.099    0.011 0.012    0.004   --  
 1000:    1.00    0.075    0.011 0.013    0.004   --  

BURNIN completed
 Rep#:   Lambda   Alpha      F1    F2     D1,2    Ln Like  Est Ln P(D)
 1100:    1.00    0.059    0.011 0.013    0.004   -1017901    0 
 1200:    1.00    0.087    0.011 0.013    0.004   -1017742    0 
 1300:    1.00    0.066    0.011 0.013    0.004   -1017684    0 
 1400:    1.00    0.079    0.011 0.013    0.004   -1017433    0 
 1500:    1.00    0.082    0.011 0.013    0.004   -1017831    0 
 1600:    1.00    0.031    0.011 0.014    0.004   -1016735    0 
 1700:    1.00    0.028    0.011 0.014    0.004   -1016658    0 
 1800:    1.00    0.046    0.011 0.014    0.004   -1016875    0 
 1900:    1.00    0.032    0.012 0.015    0.004   -1016702    0 

--------------------------------------------
Proportion of membership of each pre-defined
 population in each of the 2 clusters

Given    Inferred Clusters       Number of
 Pop       1      2             Individuals

  1:     0.322  0.678              23
--------------------------------------------

 Rep#:   Lambda   Alpha      F1    F2     D1,2    Ln Like  Est Ln P(D)
 2000:    1.00    0.030    0.012 0.016    0.004   -1016427    0 
 2100:    1.00    0.027    0.012 0.016    0.004   -1016057    0 
 2200:    1.00    0.029    0.012 0.016    0.004   -1015975    0 
 2300:    1.00    0.027    0.012 0.016    0.004   -1016558    0 
 2400:    1.00    0.039    0.012 0.016    0.004   -1016308    0 
 2500:    1.00    0.028    0.012 0.016    0.004   -1016105    0 
 2600:    1.00    0.057    0.012 0.016    0.004   -1016039    0 
 2700:    1.00    0.035    0.012 0.016    0.004   -1015894    0 
 2800:    1.00    0.019    0.012 0.016    0.004   -1016289    0 
 2900:    1.00    0.040    0.012 0.016    0.004   -1016172    0 

--------------------------------------------
Proportion of membership of each pre-defined
 population in each of the 2 clusters

Given    Inferred Clusters       Number of
 Pop       1      2             Individuals

  1:     0.317  0.683              23
--------------------------------------------

 Rep#:   Lambda   Alpha      F1    F2     D1,2    Ln Like  Est Ln P(D)
 3000:    1.00    0.061    0.012 0.018    0.005   -1015707    0 
 3100:    1.00    0.027    0.012 0.018    0.005   -1015517    0 
 3200:    1.00    0.016    0.012 0.019    0.005   -1015095    0 
 3300:    1.00    0.025    0.012 0.019    0.005   -1014878    0 
 3400:    1.00    0.058    0.012 0.019    0.005   -1015009    0 
 3500:    1.00    0.009    0.013 0.019    0.005   -1015084    0 
 3600:    1.00    0.036    0.013 0.019    0.005   -1014672    0 
 3700:    1.00    0.021    0.013 0.020    0.005   -1014689    0 
 3800:    1.00    0.058    0.013 0.022    0.005   -1014703    0 
 3900:    1.00    0.023    0.014 0.022    0.006   -1014504    0 

--------------------------------------------
Proportion of membership of each pre-defined
 population in each of the 2 clusters

Given    Inferred Clusters       Number of
 Pop       1      2             Individuals

  1:     0.316  0.684              23
--------------------------------------------

 Rep#:   Lambda   Alpha      F1    F2     D1,2    Ln Like  Est Ln P(D)
 4000:    1.00    0.025    0.014 0.023    0.006   -1014064    0 
 4100:    1.00    0.070    0.014 0.024    0.006   -1014016    0 
 4200:    1.00    0.024    0.014 0.024    0.006   -1013865    0 
 4300:    1.00    0.042    0.014 0.025    0.006   -1013477    0 
 4400:    1.00    0.022    0.014 0.025    0.006   -1013372    0 
 4500:    1.00    0.049    0.014 0.026    0.006   -1013466    0 
 4600:    1.00    0.049    0.014 0.027    0.006   -1013315    0 
 4700:    1.00    0.080    0.014 0.027    0.006   -1013139    0 
 4800:    1.00    0.098    0.014 0.027    0.006   -1013531    0 
 4900:    1.00    0.080    0.014 0.027    0.006   -1013214    0 

--------------------------------------------
Proportion of membership of each pre-defined
 population in each of the 2 clusters

Given    Inferred Clusters       Number of
 Pop       1      2             Individuals

  1:     0.329  0.671              23
--------------------------------------------

 Rep#:   Lambda   Alpha      F1    F2     D1,2    Ln Like  Est Ln P(D)
 5000:    1.00    0.055    0.014 0.027    0.007   -1013035    0 
 5100:    1.00    0.086    0.014 0.027    0.007   -1013212    0 
 5200:    1.00    0.121    0.014 0.027    0.007   -1013351    0 
 5300:    1.00    0.100    0.014 0.027    0.007   -1013199    0 
 5400:    1.00    0.101    0.014 0.028    0.007   -1013401    0 
 5500:    1.00    0.074    0.014 0.030    0.007   -1012897    0 
 5600:    1.00    0.114    0.014 0.030    0.007   -1013295    0 
 5700:    1.00    0.136    0.014 0.030    0.007   -1012730    0 
 5800:    1.00    0.055    0.014 0.034    0.008   -1012139    0 
 5900:    1.00    0.091    0.014 0.034    0.008   -1012730    0 
 6000:    1.00    0.067    0.014 0.034    0.008   -1012841    0 

MCMC completed

Inferred ancestry of individuals:
        Label (%Miss) Pop:  Inferred clusters
  1 18160D-09-0    (2)    1 :  0.291 0.709 
  2 18160D-09-0    (4)    1 :  0.001 0.999 
  3 18160D-09-0    (2)    1 :  0.000 1.000 
  4 18160D-09-0    (5)    1 :  0.000 1.000 
  5 18160D-09-0    (4)    1 :  0.000 1.000 
  6 18160D-09-0    (4)    1 :  0.000 1.000 
  7 18160D-09-0    (2)    1 :  0.000 1.000 
  8 18160D-09-0    (4)    1 :  0.093 0.907 
  9 18160D-09-0    (2)    1 :  1.000 0.000 
 10 18160D-09-1    (2)    1 :  1.000 0.000 
 11 18160D-09-1    (2)    1 :  1.000 0.000 
 12 18160D-09-1    (2)    1 :  1.000 0.000 
 13 18160D-09-1    (5)    1 :  0.046 0.954 
 14 18160D-09-1   (18)    1 :  0.003 0.997 
 15 18160D-09-1    (4)    1 :  0.008 0.992 
 16 18160D-09-1    (2)    1 :  1.000 0.000 
 17 18160D-09-1    (2)    1 :  0.038 0.962 
 18 18160D-09-1    (2)    1 :  0.999 0.001 
 19 18160D-09-1    (2)    1 :  0.008 0.992 
 20 18160D-09-2    (5)    1 :  0.040 0.960 
 21 18160D-09-2    (5)    1 :  0.013 0.987 
 22 18160D-09-2    (5)    1 :  0.995 0.005 
 23 18160D-09-2    (2)    1 :  0.067 0.933 

Command line arguments:   structure -D 761717 -K 2 -m mainparams -o k2/populations_k2_run9 
Input File:    populations.str
Output File:   k2/populations_k2_run9_f

Run parameters:
   23 individuals
   50160 loci
   2 populations assumed
   1000 Burn-in period
   5000 Reps
RANDOMIZE turned off

--------------------------------------------
Estimated Ln Prob of Data   = -2343586.7
Mean value of ln likelihood = -1014976.6
Variance of ln likelihood   = 2657220.2
Mean value of alpha         = 0.0552

Mean value of Fst_1         = 0.0127
Mean value of Fst_2         = 0.0210


--------------------------------------------
Proportion of membership of each pre-defined
 population in each of the 2 clusters

Given    Inferred Clusters       Number of
 Pop       1      2             Individuals

  1:     0.331  0.669              23
--------------------------------------------
Final results printed to file k2/populations_k2_run9_f

