

----------------------------------------------------
STRUCTURE by Pritchard, Stephens and Donnelly (2000)
     and Falush, Stephens and Pritchard (2003)
       Code by Pritchard, Falush and Hubisz
             Version 2.3.4 (Jul 2012)
----------------------------------------------------


Reading file "mainparams".
datafile is
populations.str
Reading file "extraparams".
Reading file "populations.str".


Data file "populations.str" (truncated) --

Ind:   Label Pop : Genotype_data . . . .
  1: 18160D-09-0    1  :  4   1   3   1   4   1   3  . . . .   2
  1: 18160D-09-0    1  :  4   1   3   1   4   4   4  . . . .   4
  2: 18160D-09-0    1  :  4   1   3   1   4   1   3  . . . .   2
  2: 18160D-09-0    1  :  4   1   3   1   4   4   3  . . . .   4
  3: 18160D-09-0    1  :  4   1   0   0   0   0   3  . . . .   2
  3: 18160D-09-0    1  :  4   3   0   0   0   0   3  . . . .   4
  4: 18160D-09-0    1  :  4   1   3   1   4   1   3  . . . .   2
  4: 18160D-09-0    1  :  4   3   3   1   4   1   3  . . . .   4

      *******   

 22: 18160D-09-2    1  :  4   1   3   1   4   1   3  . . . .   2
 22: 18160D-09-2    1  :  4   3   3   1   4   1   4  . . . .   4
 23: 18160D-09-2    1  :  4   1   3   1   4   1   3  . . . .   2
 23: 18160D-09-2    1  :  4   1   3   1   4   4   4  . . . .   4

Number of alleles per locus: min= 2; ave=2.0; max= 2


--------------------------------------

Finished initialization; starting MCMC 
5000 iterations + 1000 burnin


--------------------------------------------
Proportion of membership of each pre-defined
 population in each of the 2 clusters

Given    Inferred Clusters       Number of
 Pop       1      2             Individuals

  1:     0.486  0.514              23
--------------------------------------------

 Rep#:   Lambda   Alpha      F1    F2     D1,2    Ln Like 
  100:    1.00    0.999    0.010 0.010    0.003   --  
  200:    1.00    1.407    0.010 0.010    0.003   --  
  300:    1.00    1.412    0.010 0.010    0.003   --  
  400:    1.00    1.126    0.010 0.010    0.003   --  
  500:    1.00    0.965    0.010 0.010    0.003   --  
  600:    1.00    0.788    0.010 0.010    0.003   --  
  700:    1.00    0.772    0.010 0.010    0.003   --  
  800:    1.00    0.279    0.010 0.010    0.003   --  
  900:    1.00    0.134    0.010 0.011    0.003   --  
 1000:    1.00    0.158    0.010 0.011    0.003   --  

BURNIN completed
 Rep#:   Lambda   Alpha      F1    F2     D1,2    Ln Like  Est Ln P(D)
 1100:    1.00    0.082    0.010 0.011    0.003   -1019879    0 
 1200:    1.00    0.144    0.010 0.011    0.003   -1019758    0 
 1300:    1.00    0.135    0.010 0.011    0.003   -1019667    0 
 1400:    1.00    0.137    0.010 0.011    0.003   -1019502    0 
 1500:    1.00    0.136    0.011 0.011    0.003   -1019468    0 
 1600:    1.00    0.078    0.011 0.011    0.003   -1019697    0 
 1700:    1.00    0.127    0.012 0.011    0.004   -1019315    0 
 1800:    1.00    0.092    0.012 0.011    0.004   -1019107    0 
 1900:    1.00    0.101    0.013 0.011    0.004   -1018914    0 

--------------------------------------------
Proportion of membership of each pre-defined
 population in each of the 2 clusters

Given    Inferred Clusters       Number of
 Pop       1      2             Individuals

  1:     0.331  0.669              23
--------------------------------------------

 Rep#:   Lambda   Alpha      F1    F2     D1,2    Ln Like  Est Ln P(D)
 2000:    1.00    0.113    0.013 0.011    0.004   -1018589    0 
 2100:    1.00    0.068    0.013 0.011    0.004   -1018560    0 
 2200:    1.00    0.068    0.013 0.011    0.004   -1018504    0 
 2300:    1.00    0.063    0.015 0.011    0.004   -1017904    0 
 2400:    1.00    0.082    0.016 0.011    0.004   -1017431    0 
 2500:    1.00    0.104    0.016 0.011    0.004   -1017393    0 
 2600:    1.00    0.106    0.017 0.011    0.005   -1017247    0 
 2700:    1.00    0.120    0.017 0.011    0.005   -1017317    0 
 2800:    1.00    0.039    0.019 0.011    0.005   -1016617    0 
 2900:    1.00    0.042    0.026 0.011    0.006   -1014735    0 

--------------------------------------------
Proportion of membership of each pre-defined
 population in each of the 2 clusters

Given    Inferred Clusters       Number of
 Pop       1      2             Individuals

  1:     0.282  0.718              23
--------------------------------------------

 Rep#:   Lambda   Alpha      F1    F2     D1,2    Ln Like  Est Ln P(D)
 3000:    1.00    0.067    0.026 0.011    0.006   -1014846    0 
 3100:    1.00    0.069    0.038 0.011    0.008   -1012678    0 
 3200:    1.00    0.071    0.059 0.011    0.011   -1008937    0 
 3300:    1.00    0.131    0.097 0.011    0.016   -1005323    0 
 3400:    1.00    0.102    0.109 0.011    0.018   -1003926    0 
 3500:    1.00    0.112    0.115 0.011    0.019   -1003722    0 
 3600:    1.00    0.140    0.117 0.011    0.020   -1003466    0 
 3700:    1.00    0.130    0.117 0.011    0.020   -1003866    0 
 3800:    1.00    0.112    0.126 0.011    0.021   -1003527    0 
 3900:    1.00    0.096    0.126 0.011    0.021   -1003593    0 

--------------------------------------------
Proportion of membership of each pre-defined
 population in each of the 2 clusters

Given    Inferred Clusters       Number of
 Pop       1      2             Individuals

  1:     0.273  0.727              23
--------------------------------------------

 Rep#:   Lambda   Alpha      F1    F2     D1,2    Ln Like  Est Ln P(D)
 4000:    1.00    0.244    0.128 0.011    0.021   -1003168    0 
 4100:    1.00    0.135    0.129 0.011    0.021   -1003282    0 
 4200:    1.00    0.125    0.129 0.011    0.021   -1003319    0 
 4300:    1.00    0.131    0.131 0.011    0.022   -1003056    0 
 4400:    1.00    0.193    0.132 0.011    0.022   -1003275    0 
 4500:    1.00    0.217    0.132 0.011    0.022   -1003348    0 
 4600:    1.00    0.154    0.138 0.011    0.022   -1003285    0 
 4700:    1.00    0.145    0.140 0.011    0.023   -1003042    0 
 4800:    1.00    0.145    0.139 0.011    0.022   -1003191    0 
 4900:    1.00    0.209    0.142 0.011    0.023   -1003057    0 

--------------------------------------------
Proportion of membership of each pre-defined
 population in each of the 2 clusters

Given    Inferred Clusters       Number of
 Pop       1      2             Individuals

  1:     0.274  0.726              23
--------------------------------------------

 Rep#:   Lambda   Alpha      F1    F2     D1,2    Ln Like  Est Ln P(D)
 5000:    1.00    0.186    0.143 0.011    0.023   -1002839    0 
 5100:    1.00    0.293    0.143 0.011    0.023   -1003486    0 
 5200:    1.00    0.265    0.143 0.011    0.023   -1003145    0 
 5300:    1.00    0.142    0.144 0.011    0.023   -1003508    0 
 5400:    1.00    0.116    0.144 0.011    0.023   -1002687    0 
 5500:    1.00    0.187    0.142 0.011    0.023   -1003317    0 
 5600:    1.00    0.292    0.141 0.011    0.023   -1003036    0 
 5700:    1.00    0.132    0.141 0.011    0.023   -1003112    0 
 5800:    1.00    0.216    0.141 0.011    0.023   -1003474    0 
 5900:    1.00    0.318    0.144 0.011    0.024   -1003467    0 
 6000:    1.00    0.165    0.144 0.011    0.023   -1003341    0 

MCMC completed

Inferred ancestry of individuals:
        Label (%Miss) Pop:  Inferred clusters
  1 18160D-09-0    (2)    1 :  0.246 0.754 
  2 18160D-09-0    (4)    1 :  0.313 0.687 
  3 18160D-09-0    (2)    1 :  0.899 0.101 
  4 18160D-09-0    (5)    1 :  1.000 0.000 
  5 18160D-09-0    (4)    1 :  0.979 0.021 
  6 18160D-09-0    (4)    1 :  0.992 0.008 
  7 18160D-09-0    (2)    1 :  1.000 0.000 
  8 18160D-09-0    (4)    1 :  0.067 0.933 
  9 18160D-09-0    (2)    1 :  0.000 1.000 
 10 18160D-09-1    (2)    1 :  0.000 1.000 
 11 18160D-09-1    (2)    1 :  0.000 1.000 
 12 18160D-09-1    (2)    1 :  0.001 0.999 
 13 18160D-09-1    (5)    1 :  0.280 0.720 
 14 18160D-09-1   (18)    1 :  0.235 0.765 
 15 18160D-09-1    (4)    1 :  0.057 0.943 
 16 18160D-09-1    (2)    1 :  0.000 1.000 
 17 18160D-09-1    (2)    1 :  0.133 0.867 
 18 18160D-09-1    (2)    1 :  0.001 0.999 
 19 18160D-09-1    (2)    1 :  0.203 0.797 
 20 18160D-09-2    (5)    1 :  0.036 0.964 
 21 18160D-09-2    (5)    1 :  0.168 0.832 
 22 18160D-09-2    (5)    1 :  0.110 0.890 
 23 18160D-09-2    (2)    1 :  0.124 0.876 

Command line arguments:   structure -D 121678 -K 2 -m mainparams -o k2/populations_k2_run5 
Input File:    populations.str
Output File:   k2/populations_k2_run5_f

Run parameters:
   23 individuals
   50160 loci
   2 populations assumed
   1000 Burn-in period
   5000 Reps
RANDOMIZE turned off

--------------------------------------------
Estimated Ln Prob of Data   = -27394693.4
Mean value of ln likelihood = -1009800.9
Variance of ln likelihood   = 52769784.9
Mean value of alpha         = 0.1390

Mean value of Fst_1         = 0.0807
Mean value of Fst_2         = 0.0111


--------------------------------------------
Proportion of membership of each pre-defined
 population in each of the 2 clusters

Given    Inferred Clusters       Number of
 Pop       1      2             Individuals

  1:     0.298  0.702              23
--------------------------------------------
Final results printed to file k2/populations_k2_run5_f

