

----------------------------------------------------
STRUCTURE by Pritchard, Stephens and Donnelly (2000)
     and Falush, Stephens and Pritchard (2003)
       Code by Pritchard, Falush and Hubisz
             Version 2.3.4 (Jul 2012)
----------------------------------------------------


Reading file "mainparams".
datafile is
populations.str
Reading file "extraparams".
Reading file "populations.str".


Data file "populations.str" (truncated) --

Ind:   Label Pop : Genotype_data . . . .
  1: 18160D-09-0    1  :  4   1   3   1   4   1   3  . . . .   2
  1: 18160D-09-0    1  :  4   1   3   1   4   4   4  . . . .   4
  2: 18160D-09-0    1  :  4   1   3   1   4   1   3  . . . .   2
  2: 18160D-09-0    1  :  4   1   3   1   4   4   3  . . . .   4
  3: 18160D-09-0    1  :  4   1   0   0   0   0   3  . . . .   2
  3: 18160D-09-0    1  :  4   3   0   0   0   0   3  . . . .   4
  4: 18160D-09-0    1  :  4   1   3   1   4   1   3  . . . .   2
  4: 18160D-09-0    1  :  4   3   3   1   4   1   3  . . . .   4

      *******   

 22: 18160D-09-2    1  :  4   1   3   1   4   1   3  . . . .   2
 22: 18160D-09-2    1  :  4   3   3   1   4   1   4  . . . .   4
 23: 18160D-09-2    1  :  4   1   3   1   4   1   3  . . . .   2
 23: 18160D-09-2    1  :  4   1   3   1   4   4   4  . . . .   4

Number of alleles per locus: min= 2; ave=2.0; max= 2


--------------------------------------

Finished initialization; starting MCMC 
5000 iterations + 1000 burnin


--------------------------------------------
Proportion of membership of each pre-defined
 population in each of the 2 clusters

Given    Inferred Clusters       Number of
 Pop       1      2             Individuals

  1:     0.510  0.490              23
--------------------------------------------

 Rep#:   Lambda   Alpha      F1    F2     D1,2    Ln Like 
  100:    1.00    1.133    0.010 0.010    0.003   --  
  200:    1.00    1.053    0.010 0.010    0.003   --  
  300:    1.00    1.441    0.010 0.010    0.003   --  
  400:    1.00    1.414    0.010 0.010    0.003   --  
  500:    1.00    1.493    0.010 0.010    0.003   --  
  600:    1.00    1.456    0.010 0.010    0.003   --  
  700:    1.00    0.762    0.010 0.010    0.003   --  
  800:    1.00    0.080    0.010 0.010    0.003   --  
  900:    1.00    0.033    0.010 0.010    0.003   --  
 1000:    1.00    0.029    0.010 0.010    0.003   --  

BURNIN completed
 Rep#:   Lambda   Alpha      F1    F2     D1,2    Ln Like  Est Ln P(D)
 1100:    1.00    0.042    0.010 0.011    0.003   -1018383    0 
 1200:    1.00    0.057    0.010 0.011    0.003   -1018344    0 
 1300:    1.00    0.064    0.010 0.012    0.003   -1017476    0 
 1400:    1.00    0.027    0.010 0.012    0.004   -1018025    0 
 1500:    1.00    0.027    0.010 0.012    0.004   -1017605    0 
 1600:    1.00    0.044    0.010 0.012    0.004   -1017536    0 
 1700:    1.00    0.033    0.010 0.012    0.004   -1017718    0 
 1800:    1.00    0.018    0.010 0.012    0.004   -1017727    0 
 1900:    1.00    0.013    0.010 0.012    0.004   -1017629    0 

--------------------------------------------
Proportion of membership of each pre-defined
 population in each of the 2 clusters

Given    Inferred Clusters       Number of
 Pop       1      2             Individuals

  1:     0.594  0.406              23
--------------------------------------------

 Rep#:   Lambda   Alpha      F1    F2     D1,2    Ln Like  Est Ln P(D)
 2000:    1.00    0.030    0.010 0.012    0.004   -1017379    0 
 2100:    1.00    0.048    0.011 0.013    0.004   -1017556    0 
 2200:    1.00    0.023    0.011 0.013    0.004   -1017673    0 
 2300:    1.00    0.028    0.011 0.013    0.004   -1017509    0 
 2400:    1.00    0.026    0.011 0.013    0.004   -1017631    0 
 2500:    1.00    0.045    0.011 0.013    0.004   -1017730    0 
 2600:    1.00    0.034    0.011 0.013    0.004   -1017711    0 
 2700:    1.00    0.048    0.011 0.013    0.004   -1017561    0 
 2800:    1.00    0.098    0.011 0.014    0.004   -1017456    0 
 2900:    1.00    0.028    0.011 0.014    0.004   -1017498    0 

--------------------------------------------
Proportion of membership of each pre-defined
 population in each of the 2 clusters

Given    Inferred Clusters       Number of
 Pop       1      2             Individuals

  1:     0.608  0.392              23
--------------------------------------------

 Rep#:   Lambda   Alpha      F1    F2     D1,2    Ln Like  Est Ln P(D)
 3000:    1.00    0.039    0.011 0.014    0.004   -1017312    0 
 3100:    1.00    0.051    0.011 0.014    0.004   -1017096    0 
 3200:    1.00    0.024    0.011 0.015    0.004   -1016964    0 
 3300:    1.00    0.034    0.011 0.015    0.004   -1017118    0 
 3400:    1.00    0.016    0.011 0.016    0.004   -1016520    0 
 3500:    1.00    0.051    0.011 0.016    0.004   -1016522    0 
 3600:    1.00    0.037    0.011 0.017    0.005   -1016307    0 
 3700:    1.00    0.049    0.011 0.017    0.004   -1016532    0 
 3800:    1.00    0.047    0.011 0.018    0.005   -1016184    0 
 3900:    1.00    0.027    0.011 0.018    0.005   -1015923    0 

--------------------------------------------
Proportion of membership of each pre-defined
 population in each of the 2 clusters

Given    Inferred Clusters       Number of
 Pop       1      2             Individuals

  1:     0.623  0.377              23
--------------------------------------------

 Rep#:   Lambda   Alpha      F1    F2     D1,2    Ln Like  Est Ln P(D)
 4000:    1.00    0.054    0.011 0.019    0.005   -1015820    0 
 4100:    1.00    0.054    0.011 0.019    0.005   -1015622    0 
 4200:    1.00    0.014    0.011 0.019    0.005   -1015882    0 
 4300:    1.00    0.041    0.011 0.019    0.005   -1015743    0 
 4400:    1.00    0.028    0.011 0.020    0.005   -1015707    0 
 4500:    1.00    0.026    0.011 0.020    0.005   -1015414    0 
 4600:    1.00    0.044    0.011 0.020    0.005   -1015596    0 
 4700:    1.00    0.084    0.011 0.020    0.005   -1015751    0 
 4800:    1.00    0.041    0.011 0.020    0.005   -1015502    0 
 4900:    1.00    0.017    0.012 0.020    0.005   -1015579    0 

--------------------------------------------
Proportion of membership of each pre-defined
 population in each of the 2 clusters

Given    Inferred Clusters       Number of
 Pop       1      2             Individuals

  1:     0.640  0.360              23
--------------------------------------------

 Rep#:   Lambda   Alpha      F1    F2     D1,2    Ln Like  Est Ln P(D)
 5000:    1.00    0.021    0.012 0.020    0.005   -1015507    0 
 5100:    1.00    0.068    0.012 0.020    0.005   -1015530    0 
 5200:    1.00    0.051    0.012 0.020    0.005   -1015696    0 
 5300:    1.00    0.014    0.012 0.020    0.005   -1015827    0 
 5400:    1.00    0.049    0.012 0.022    0.005   -1015211    0 
 5500:    1.00    0.032    0.012 0.022    0.005   -1015303    0 
 5600:    1.00    0.023    0.012 0.022    0.005   -1015543    0 
 5700:    1.00    0.029    0.012 0.022    0.005   -1015542    0 
 5800:    1.00    0.044    0.012 0.022    0.005   -1015545    0 
 5900:    1.00    0.020    0.012 0.024    0.006   -1014687    0 
 6000:    1.00    0.041    0.012 0.028    0.006   -1013584    0 

MCMC completed

Inferred ancestry of individuals:
        Label (%Miss) Pop:  Inferred clusters
  1 18160D-09-0    (2)    1 :  1.000 0.000 
  2 18160D-09-0    (4)    1 :  1.000 0.000 
  3 18160D-09-0    (2)    1 :  0.000 1.000 
  4 18160D-09-0    (5)    1 :  0.000 1.000 
  5 18160D-09-0    (4)    1 :  0.000 1.000 
  6 18160D-09-0    (4)    1 :  0.000 1.000 
  7 18160D-09-0    (2)    1 :  0.000 1.000 
  8 18160D-09-0    (4)    1 :  1.000 0.000 
  9 18160D-09-0    (2)    1 :  0.635 0.365 
 10 18160D-09-1    (2)    1 :  0.000 1.000 
 11 18160D-09-1    (2)    1 :  0.093 0.907 
 12 18160D-09-1    (2)    1 :  0.517 0.483 
 13 18160D-09-1    (5)    1 :  1.000 0.000 
 14 18160D-09-1   (18)    1 :  1.000 0.000 
 15 18160D-09-1    (4)    1 :  1.000 0.000 
 16 18160D-09-1    (2)    1 :  0.000 1.000 
 17 18160D-09-1    (2)    1 :  1.000 0.000 
 18 18160D-09-1    (2)    1 :  1.000 0.000 
 19 18160D-09-1    (2)    1 :  1.000 0.000 
 20 18160D-09-2    (5)    1 :  1.000 0.000 
 21 18160D-09-2    (5)    1 :  1.000 0.000 
 22 18160D-09-2    (5)    1 :  1.000 0.000 
 23 18160D-09-2    (2)    1 :  1.000 0.000 

Command line arguments:   structure -D 360857 -K 2 -m mainparams -o k2/populations_k2_run1 
Input File:    populations.str
Output File:   k2/populations_k2_run1_f

Run parameters:
   23 individuals
   50160 loci
   2 populations assumed
   1000 Burn-in period
   5000 Reps
RANDOMIZE turned off

--------------------------------------------
Estimated Ln Prob of Data   = -1583070.9
Mean value of ln likelihood = -1016586.6
Variance of ln likelihood   = 1132968.6
Mean value of alpha         = 0.0349

Mean value of Fst_1         = 0.0110
Mean value of Fst_2         = 0.0166


--------------------------------------------
Proportion of membership of each pre-defined
 population in each of the 2 clusters

Given    Inferred Clusters       Number of
 Pop       1      2             Individuals

  1:     0.619  0.381              23
--------------------------------------------
Final results printed to file k2/populations_k2_run1_f

