

----------------------------------------------------
STRUCTURE by Pritchard, Stephens and Donnelly (2000)
     and Falush, Stephens and Pritchard (2003)
       Code by Pritchard, Falush and Hubisz
             Version 2.3.4 (Jul 2012)
----------------------------------------------------


Reading file "mainparams".
datafile is
populations.str
Reading file "extraparams".
Reading file "populations.str".


Data file "populations.str" (truncated) --

Ind:   Label Pop : Genotype_data . . . .
  1: 18160D-09-0    1  :  4   1   3   1   4   1   3  . . . .   2
  1: 18160D-09-0    1  :  4   1   3   1   4   4   4  . . . .   4
  2: 18160D-09-0    1  :  4   1   3   1   4   1   3  . . . .   2
  2: 18160D-09-0    1  :  4   1   3   1   4   4   3  . . . .   4
  3: 18160D-09-0    1  :  4   1   0   0   0   0   3  . . . .   2
  3: 18160D-09-0    1  :  4   3   0   0   0   0   3  . . . .   4
  4: 18160D-09-0    1  :  4   1   3   1   4   1   3  . . . .   2
  4: 18160D-09-0    1  :  4   3   3   1   4   1   3  . . . .   4

      *******   

 22: 18160D-09-2    1  :  4   1   3   1   4   1   3  . . . .   2
 22: 18160D-09-2    1  :  4   3   3   1   4   1   4  . . . .   4
 23: 18160D-09-2    1  :  4   1   3   1   4   1   3  . . . .   2
 23: 18160D-09-2    1  :  4   1   3   1   4   4   4  . . . .   4

Number of alleles per locus: min= 2; ave=2.0; max= 2


--------------------------------------

Finished initialization; starting MCMC 
5000 iterations + 1000 burnin


--------------------------------------------
Proportion of membership of each pre-defined
 population in each of the 2 clusters

Given    Inferred Clusters       Number of
 Pop       1      2             Individuals

  1:     0.505  0.495              23
--------------------------------------------

 Rep#:   Lambda   Alpha      F1    F2     D1,2    Ln Like 
  100:    1.00    1.335    0.010 0.010    0.003   --  
  200:    1.00    1.699    0.010 0.010    0.003   --  
  300:    1.00    1.616    0.010 0.010    0.003   --  
  400:    1.00    1.853    0.010 0.010    0.003   --  
  500:    1.00    1.680    0.010 0.010    0.003   --  
  600:    1.00    1.353    0.010 0.010    0.003   --  
  700:    1.00    1.282    0.010 0.010    0.003   --  
  800:    1.00    1.050    0.011 0.010    0.003   --  
  900:    1.00    0.670    0.011 0.010    0.003   --  
 1000:    1.00    0.423    0.012 0.010    0.004   --  

BURNIN completed
 Rep#:   Lambda   Alpha      F1    F2     D1,2    Ln Like  Est Ln P(D)
 1100:    1.00    0.287    0.012 0.011    0.004   -1019817    0 
 1200:    1.00    0.255    0.013 0.011    0.004   -1019722    0 
 1300:    1.00    0.207    0.013 0.011    0.004   -1019681    0 
 1400:    1.00    0.079    0.014 0.011    0.004   -1019069    0 
 1500:    1.00    0.153    0.014 0.011    0.004   -1019038    0 
 1600:    1.00    0.128    0.014 0.011    0.004   -1018481    0 
 1700:    1.00    0.099    0.015 0.012    0.004   -1018224    0 
 1800:    1.00    0.102    0.016 0.012    0.005   -1017881    0 
 1900:    1.00    0.117    0.018 0.012    0.005   -1017452    0 

--------------------------------------------
Proportion of membership of each pre-defined
 population in each of the 2 clusters

Given    Inferred Clusters       Number of
 Pop       1      2             Individuals

  1:     0.675  0.325              23
--------------------------------------------

 Rep#:   Lambda   Alpha      F1    F2     D1,2    Ln Like  Est Ln P(D)
 2000:    1.00    0.105    0.019 0.012    0.005   -1016531    0 
 2100:    1.00    0.081    0.020 0.013    0.005   -1016637    0 
 2200:    1.00    0.089    0.020 0.013    0.005   -1016401    0 
 2300:    1.00    0.130    0.022 0.013    0.006   -1015802    0 
 2400:    1.00    0.126    0.024 0.013    0.006   -1015234    0 
 2500:    1.00    0.124    0.024 0.013    0.006   -1015446    0 
 2600:    1.00    0.090    0.024 0.013    0.006   -1014885    0 
 2700:    1.00    0.076    0.029 0.013    0.007   -1014196    0 
 2800:    1.00    0.151    0.029 0.013    0.007   -1013658    0 
 2900:    1.00    0.189    0.030 0.013    0.007   -1013790    0 

--------------------------------------------
Proportion of membership of each pre-defined
 population in each of the 2 clusters

Given    Inferred Clusters       Number of
 Pop       1      2             Individuals

  1:     0.681  0.319              23
--------------------------------------------

 Rep#:   Lambda   Alpha      F1    F2     D1,2    Ln Like  Est Ln P(D)
 3000:    1.00    0.097    0.030 0.013    0.007   -1013409    0 
 3100:    1.00    0.111    0.031 0.013    0.007   -1013442    0 
 3200:    1.00    0.066    0.031 0.013    0.007   -1013695    0 
 3300:    1.00    0.088    0.032 0.013    0.007   -1013568    0 
 3400:    1.00    0.085    0.035 0.013    0.008   -1012830    0 
 3500:    1.00    0.102    0.036 0.013    0.008   -1012928    0 
 3600:    1.00    0.138    0.038 0.013    0.008   -1012868    0 
 3700:    1.00    0.170    0.041 0.013    0.009   -1012166    0 
 3800:    1.00    0.122    0.042 0.013    0.009   -1012089    0 
 3900:    1.00    0.123    0.043 0.013    0.009   -1012273    0 

--------------------------------------------
Proportion of membership of each pre-defined
 population in each of the 2 clusters

Given    Inferred Clusters       Number of
 Pop       1      2             Individuals

  1:     0.634  0.366              23
--------------------------------------------

 Rep#:   Lambda   Alpha      F1    F2     D1,2    Ln Like  Est Ln P(D)
 4000:    1.00    0.189    0.045 0.014    0.009   -1012203    0 
 4100:    1.00    0.161    0.046 0.014    0.009   -1011964    0 
 4200:    1.00    0.112    0.046 0.014    0.009   -1012207    0 
 4300:    1.00    0.083    0.051 0.014    0.010   -1011457    0 
 4400:    1.00    0.111    0.052 0.014    0.010   -1012010    0 
 4500:    1.00    0.114    0.052 0.014    0.010   -1011755    0 
 4600:    1.00    0.146    0.055 0.014    0.011   -1011149    0 
 4700:    1.00    0.150    0.055 0.014    0.011   -1011501    0 
 4800:    1.00    0.144    0.060 0.014    0.012   -1010743    0 
 4900:    1.00    0.211    0.069 0.014    0.013   -1009676    0 

--------------------------------------------
Proportion of membership of each pre-defined
 population in each of the 2 clusters

Given    Inferred Clusters       Number of
 Pop       1      2             Individuals

  1:     0.473  0.527              23
--------------------------------------------

 Rep#:   Lambda   Alpha      F1    F2     D1,2    Ln Like  Est Ln P(D)
 5000:    1.00    0.172    0.087 0.014    0.016   -1007999    0 
 5100:    1.00    0.187    0.091 0.014    0.016   -1007817    0 
 5200:    1.00    0.180    0.094 0.014    0.017   -1006767    0 
 5300:    1.00    0.145    0.112 0.013    0.020   -1005193    0 
 5400:    1.00    0.084    0.115 0.013    0.020   -1004736    0 
 5500:    1.00    0.179    0.123 0.013    0.021   -1004150    0 
 5600:    1.00    0.199    0.131 0.013    0.022   -1003787    0 
 5700:    1.00    0.253    0.132 0.013    0.022   -1003420    0 
 5800:    1.00    0.182    0.133 0.013    0.022   -1003323    0 
 5900:    1.00    0.258    0.133 0.013    0.022   -1003242    0 
 6000:    1.00    0.266    0.132 0.013    0.022   -1003542    0 

MCMC completed

Inferred ancestry of individuals:
        Label (%Miss) Pop:  Inferred clusters
  1 18160D-09-0    (2)    1 :  0.578 0.422 
  2 18160D-09-0    (4)    1 :  0.827 0.173 
  3 18160D-09-0    (2)    1 :  0.981 0.019 
  4 18160D-09-0    (5)    1 :  1.000 0.000 
  5 18160D-09-0    (4)    1 :  1.000 0.000 
  6 18160D-09-0    (4)    1 :  1.000 0.000 
  7 18160D-09-0    (2)    1 :  1.000 0.000 
  8 18160D-09-0    (4)    1 :  0.712 0.288 
  9 18160D-09-0    (2)    1 :  0.001 0.999 
 10 18160D-09-1    (2)    1 :  0.000 1.000 
 11 18160D-09-1    (2)    1 :  0.000 1.000 
 12 18160D-09-1    (2)    1 :  0.001 0.999 
 13 18160D-09-1    (5)    1 :  0.693 0.307 
 14 18160D-09-1   (18)    1 :  0.790 0.210 
 15 18160D-09-1    (4)    1 :  0.672 0.328 
 16 18160D-09-1    (2)    1 :  0.000 1.000 
 17 18160D-09-1    (2)    1 :  0.583 0.417 
 18 18160D-09-1    (2)    1 :  0.132 0.868 
 19 18160D-09-1    (2)    1 :  0.658 0.342 
 20 18160D-09-2    (5)    1 :  0.638 0.362 
 21 18160D-09-2    (5)    1 :  0.668 0.332 
 22 18160D-09-2    (5)    1 :  0.798 0.202 
 23 18160D-09-2    (2)    1 :  0.644 0.356 

Command line arguments:   structure -D 238101 -K 2 -m mainparams -o k2/populations_k2_run3 
Input File:    populations.str
Output File:   k2/populations_k2_run3_f

Run parameters:
   23 individuals
   50160 loci
   2 populations assumed
   1000 Burn-in period
   5000 Reps
RANDOMIZE turned off

--------------------------------------------
Estimated Ln Prob of Data   = -12262230.1
Mean value of ln likelihood = -1012559.0
Variance of ln likelihood   = 22499342.3
Mean value of alpha         = 0.1425

Mean value of Fst_1         = 0.0497
Mean value of Fst_2         = 0.0129


--------------------------------------------
Proportion of membership of each pre-defined
 population in each of the 2 clusters

Given    Inferred Clusters       Number of
 Pop       1      2             Individuals

  1:     0.581  0.419              23
--------------------------------------------
Final results printed to file k2/populations_k2_run3_f

