

----------------------------------------------------
STRUCTURE by Pritchard, Stephens and Donnelly (2000)
     and Falush, Stephens and Pritchard (2003)
       Code by Pritchard, Falush and Hubisz
             Version 2.3.4 (Jul 2012)
----------------------------------------------------


Reading file "mainparams".
datafile is
populations.str
Reading file "extraparams".
Reading file "populations.str".


Data file "populations.str" (truncated) --

Ind:   Label Pop : Genotype_data . . . .
  1: 18160D-09-0    1  :  4   1   3   1   4   1   3  . . . .   2
  1: 18160D-09-0    1  :  4   1   3   1   4   4   4  . . . .   4
  2: 18160D-09-0    1  :  4   1   3   1   4   1   3  . . . .   2
  2: 18160D-09-0    1  :  4   1   3   1   4   4   3  . . . .   4
  3: 18160D-09-0    1  :  4   1   0   0   0   0   3  . . . .   2
  3: 18160D-09-0    1  :  4   3   0   0   0   0   3  . . . .   4
  4: 18160D-09-0    1  :  4   1   3   1   4   1   3  . . . .   2
  4: 18160D-09-0    1  :  4   3   3   1   4   1   3  . . . .   4

      *******   

 22: 18160D-09-2    1  :  4   1   3   1   4   1   3  . . . .   2
 22: 18160D-09-2    1  :  4   3   3   1   4   1   4  . . . .   4
 23: 18160D-09-2    1  :  4   1   3   1   4   1   3  . . . .   2
 23: 18160D-09-2    1  :  4   1   3   1   4   4   4  . . . .   4

Number of alleles per locus: min= 2; ave=2.0; max= 2


--------------------------------------

Finished initialization; starting MCMC 
5000 iterations + 1000 burnin


--------------------------------------------
Proportion of membership of each pre-defined
 population in each of the 2 clusters

Given    Inferred Clusters       Number of
 Pop       1      2             Individuals

  1:     0.500  0.500              23
--------------------------------------------

 Rep#:   Lambda   Alpha      F1    F2     D1,2    Ln Like 
  100:    1.00    1.472    0.010 0.010    0.003   --  
  200:    1.00    1.367    0.010 0.010    0.003   --  
  300:    1.00    1.635    0.010 0.010    0.003   --  
  400:    1.00    1.637    0.010 0.010    0.003   --  
  500:    1.00    1.220    0.011 0.010    0.003   --  
  600:    1.00    0.847    0.011 0.010    0.003   --  
  700:    1.00    0.449    0.011 0.010    0.003   --  
  800:    1.00    0.257    0.011 0.010    0.003   --  
  900:    1.00    0.233    0.012 0.010    0.004   --  
 1000:    1.00    0.116    0.012 0.011    0.004   --  

BURNIN completed
 Rep#:   Lambda   Alpha      F1    F2     D1,2    Ln Like  Est Ln P(D)
 1100:    1.00    0.068    0.013 0.011    0.004   -1018623    0 
 1200:    1.00    0.115    0.013 0.011    0.004   -1018675    0 
 1300:    1.00    0.194    0.015 0.011    0.004   -1017278    0 
 1400:    1.00    0.164    0.015 0.011    0.004   -1017456    0 
 1500:    1.00    0.159    0.015 0.012    0.004   -1017401    0 
 1600:    1.00    0.069    0.015 0.012    0.004   -1017288    0 
 1700:    1.00    0.127    0.016 0.012    0.004   -1017362    0 
 1800:    1.00    0.083    0.017 0.012    0.005   -1016827    0 
 1900:    1.00    0.040    0.022 0.012    0.005   -1015551    0 

--------------------------------------------
Proportion of membership of each pre-defined
 population in each of the 2 clusters

Given    Inferred Clusters       Number of
 Pop       1      2             Individuals

  1:     0.604  0.396              23
--------------------------------------------

 Rep#:   Lambda   Alpha      F1    F2     D1,2    Ln Like  Est Ln P(D)
 2000:    1.00    0.118    0.022 0.012    0.005   -1015509    0 
 2100:    1.00    0.116    0.024 0.012    0.006   -1015604    0 
 2200:    1.00    0.148    0.025 0.012    0.006   -1015107    0 
 2300:    1.00    0.087    0.025 0.012    0.006   -1015024    0 
 2400:    1.00    0.086    0.026 0.012    0.006   -1014931    0 
 2500:    1.00    0.106    0.028 0.012    0.006   -1014601    0 
 2600:    1.00    0.160    0.032 0.012    0.007   -1013596    0 
 2700:    1.00    0.178    0.036 0.012    0.008   -1013296    0 
 2800:    1.00    0.100    0.039 0.012    0.008   -1012760    0 
 2900:    1.00    0.102    0.046 0.012    0.009   -1011206    0 

--------------------------------------------
Proportion of membership of each pre-defined
 population in each of the 2 clusters

Given    Inferred Clusters       Number of
 Pop       1      2             Individuals

  1:     0.555  0.445              23
--------------------------------------------

 Rep#:   Lambda   Alpha      F1    F2     D1,2    Ln Like  Est Ln P(D)
 3000:    1.00    0.133    0.049 0.012    0.010   -1011625    0 
 3100:    1.00    0.220    0.057 0.012    0.011   -1010793    0 
 3200:    1.00    0.158    0.061 0.012    0.011   -1010677    0 
 3300:    1.00    0.211    0.067 0.012    0.013   -1009796    0 
 3400:    1.00    0.129    0.078 0.012    0.014   -1008913    0 
 3500:    1.00    0.180    0.087 0.012    0.016   -1007745    0 
 3600:    1.00    0.131    0.102 0.012    0.018   -1006178    0 
 3700:    1.00    0.196    0.105 0.012    0.018   -1005489    0 
 3800:    1.00    0.133    0.113 0.012    0.019   -1004550    0 
 3900:    1.00    0.151    0.120 0.012    0.020   -1004040    0 

--------------------------------------------
Proportion of membership of each pre-defined
 population in each of the 2 clusters

Given    Inferred Clusters       Number of
 Pop       1      2             Individuals

  1:     0.330  0.670              23
--------------------------------------------

 Rep#:   Lambda   Alpha      F1    F2     D1,2    Ln Like  Est Ln P(D)
 4000:    1.00    0.174    0.123 0.012    0.021   -1004154    0 
 4100:    1.00    0.177    0.123 0.012    0.021   -1004067    0 
 4200:    1.00    0.137    0.129 0.012    0.022   -1003646    0 
 4300:    1.00    0.137    0.135 0.012    0.022   -1003358    0 
 4400:    1.00    0.236    0.134 0.012    0.022   -1003517    0 
 4500:    1.00    0.213    0.139 0.012    0.022   -1003206    0 
 4600:    1.00    0.120    0.137 0.012    0.022   -1003325    0 
 4700:    1.00    0.156    0.135 0.012    0.022   -1003314    0 
 4800:    1.00    0.232    0.137 0.012    0.022   -1003000    0 
 4900:    1.00    0.167    0.138 0.012    0.023   -1002630    0 

--------------------------------------------
Proportion of membership of each pre-defined
 population in each of the 2 clusters

Given    Inferred Clusters       Number of
 Pop       1      2             Individuals

  1:     0.286  0.714              23
--------------------------------------------

 Rep#:   Lambda   Alpha      F1    F2     D1,2    Ln Like  Est Ln P(D)
 5000:    1.00    0.214    0.137 0.012    0.023   -1002896    0 
 5100:    1.00    0.349    0.138 0.012    0.023   -1003360    0 
 5200:    1.00    0.132    0.138 0.012    0.023   -1003289    0 
 5300:    1.00    0.198    0.141 0.012    0.023   -1002588    0 
 5400:    1.00    0.144    0.140 0.012    0.023   -1003092    0 
 5500:    1.00    0.192    0.141 0.012    0.023   -1003618    0 
 5600:    1.00    0.214    0.145 0.012    0.023   -1003189    0 
 5700:    1.00    0.187    0.142 0.012    0.023   -1003193    0 
 5800:    1.00    0.159    0.143 0.012    0.023   -1003259    0 
 5900:    1.00    0.161    0.143 0.012    0.023   -1003637    0 
 6000:    1.00    0.189    0.143 0.012    0.023   -1003437    0 

MCMC completed

Inferred ancestry of individuals:
        Label (%Miss) Pop:  Inferred clusters
  1 18160D-09-0    (2)    1 :  0.388 0.612 
  2 18160D-09-0    (4)    1 :  0.608 0.392 
  3 18160D-09-0    (2)    1 :  0.914 0.086 
  4 18160D-09-0    (5)    1 :  1.000 0.000 
  5 18160D-09-0    (4)    1 :  0.987 0.013 
  6 18160D-09-0    (4)    1 :  0.997 0.003 
  7 18160D-09-0    (2)    1 :  0.999 0.001 
  8 18160D-09-0    (4)    1 :  0.452 0.548 
  9 18160D-09-0    (2)    1 :  0.000 1.000 
 10 18160D-09-1    (2)    1 :  0.000 1.000 
 11 18160D-09-1    (2)    1 :  0.000 1.000 
 12 18160D-09-1    (2)    1 :  0.001 0.999 
 13 18160D-09-1    (5)    1 :  0.491 0.509 
 14 18160D-09-1   (18)    1 :  0.562 0.438 
 15 18160D-09-1    (4)    1 :  0.428 0.572 
 16 18160D-09-1    (2)    1 :  0.000 1.000 
 17 18160D-09-1    (2)    1 :  0.482 0.518 
 18 18160D-09-1    (2)    1 :  0.002 0.998 
 19 18160D-09-1    (2)    1 :  0.452 0.548 
 20 18160D-09-2    (5)    1 :  0.405 0.595 
 21 18160D-09-2    (5)    1 :  0.513 0.487 
 22 18160D-09-2    (5)    1 :  0.015 0.985 
 23 18160D-09-2    (2)    1 :  0.385 0.615 

Command line arguments:   structure -D 895087 -K 2 -m mainparams -o k2/populations_k2_run2 
Input File:    populations.str
Output File:   k2/populations_k2_run2_f

Run parameters:
   23 individuals
   50160 loci
   2 populations assumed
   1000 Burn-in period
   5000 Reps
RANDOMIZE turned off

--------------------------------------------
Estimated Ln Prob of Data   = -17994797.8
Mean value of ln likelihood = -1009128.2
Variance of ln likelihood   = 33971339.1
Mean value of alpha         = 0.1486

Mean value of Fst_1         = 0.0819
Mean value of Fst_2         = 0.0117


--------------------------------------------
Proportion of membership of each pre-defined
 population in each of the 2 clusters

Given    Inferred Clusters       Number of
 Pop       1      2             Individuals

  1:     0.438  0.562              23
--------------------------------------------
Final results printed to file k2/populations_k2_run2_f

