

----------------------------------------------------
STRUCTURE by Pritchard, Stephens and Donnelly (2000)
     and Falush, Stephens and Pritchard (2003)
       Code by Pritchard, Falush and Hubisz
             Version 2.3.4 (Jul 2012)
----------------------------------------------------


Reading file "mainparams".
datafile is
populations.str
Reading file "extraparams".
Reading file "populations.str".


Data file "populations.str" (truncated) --

Ind:   Label Pop : Genotype_data . . . .
  1: 18160D-09-0    1  :  4   1   3   1   4   1   3  . . . .   2
  1: 18160D-09-0    1  :  4   1   3   1   4   4   4  . . . .   4
  2: 18160D-09-0    1  :  4   1   3   1   4   1   3  . . . .   2
  2: 18160D-09-0    1  :  4   1   3   1   4   4   3  . . . .   4
  3: 18160D-09-0    1  :  4   1   0   0   0   0   3  . . . .   2
  3: 18160D-09-0    1  :  4   3   0   0   0   0   3  . . . .   4
  4: 18160D-09-0    1  :  4   1   3   1   4   1   3  . . . .   2
  4: 18160D-09-0    1  :  4   3   3   1   4   1   3  . . . .   4

      *******   

 22: 18160D-09-2    1  :  4   1   3   1   4   1   3  . . . .   2
 22: 18160D-09-2    1  :  4   3   3   1   4   1   4  . . . .   4
 23: 18160D-09-2    1  :  4   1   3   1   4   1   3  . . . .   2
 23: 18160D-09-2    1  :  4   1   3   1   4   4   4  . . . .   4

Number of alleles per locus: min= 2; ave=2.0; max= 2


--------------------------------------

Finished initialization; starting MCMC 
5000 iterations + 1000 burnin


--------------------------------------------
Proportion of membership of each pre-defined
 population in each of the 2 clusters

Given    Inferred Clusters       Number of
 Pop       1      2             Individuals

  1:     0.500  0.500              23
--------------------------------------------

 Rep#:   Lambda   Alpha      F1    F2     D1,2    Ln Like 
  100:    1.00    1.387    0.010 0.010    0.003   --  
  200:    1.00    1.353    0.010 0.010    0.003   --  
  300:    1.00    1.416    0.010 0.010    0.003   --  
  400:    1.00    1.087    0.010 0.010    0.003   --  
  500:    1.00    0.935    0.010 0.010    0.003   --  
  600:    1.00    0.384    0.010 0.010    0.003   --  
  700:    1.00    0.050    0.011 0.010    0.003   --  
  800:    1.00    0.084    0.011 0.010    0.003   --  
  900:    1.00    0.060    0.011 0.010    0.003   --  
 1000:    1.00    0.017    0.011 0.011    0.004   --  

BURNIN completed
 Rep#:   Lambda   Alpha      F1    F2     D1,2    Ln Like  Est Ln P(D)
 1100:    1.00    0.027    0.011 0.012    0.004   -1017355    0 
 1200:    1.00    0.039    0.011 0.012    0.004   -1017073    0 
 1300:    1.00    0.021    0.011 0.012    0.004   -1017365    0 
 1400:    1.00    0.036    0.011 0.013    0.004   -1016908    0 
 1500:    1.00    0.035    0.011 0.013    0.004   -1017119    0 
 1600:    1.00    0.023    0.011 0.013    0.004   -1016733    0 
 1700:    1.00    0.017    0.011 0.014    0.004   -1016805    0 
 1800:    1.00    0.029    0.011 0.014    0.004   -1016680    0 
 1900:    1.00    0.021    0.012 0.015    0.004   -1016427    0 

--------------------------------------------
Proportion of membership of each pre-defined
 population in each of the 2 clusters

Given    Inferred Clusters       Number of
 Pop       1      2             Individuals

  1:     0.314  0.686              23
--------------------------------------------

 Rep#:   Lambda   Alpha      F1    F2     D1,2    Ln Like  Est Ln P(D)
 2000:    1.00    0.017    0.012 0.015    0.004   -1016244    0 
 2100:    1.00    0.034    0.012 0.015    0.004   -1016385    0 
 2200:    1.00    0.037    0.012 0.016    0.004   -1016057    0 
 2300:    1.00    0.020    0.012 0.016    0.004   -1016338    0 
 2400:    1.00    0.023    0.012 0.016    0.004   -1015964    0 
 2500:    1.00    0.017    0.012 0.017    0.005   -1015476    0 
 2600:    1.00    0.042    0.012 0.018    0.005   -1015263    0 
 2700:    1.00    0.038    0.012 0.020    0.005   -1015012    0 
 2800:    1.00    0.025    0.012 0.021    0.005   -1015049    0 
 2900:    1.00    0.025    0.012 0.023    0.005   -1014528    0 

--------------------------------------------
Proportion of membership of each pre-defined
 population in each of the 2 clusters

Given    Inferred Clusters       Number of
 Pop       1      2             Individuals

  1:     0.320  0.680              23
--------------------------------------------

 Rep#:   Lambda   Alpha      F1    F2     D1,2    Ln Like  Est Ln P(D)
 3000:    1.00    0.067    0.012 0.025    0.006   -1014405    0 
 3100:    1.00    0.055    0.012 0.025    0.006   -1014253    0 
 3200:    1.00    0.052    0.012 0.025    0.006   -1014262    0 
 3300:    1.00    0.039    0.012 0.025    0.006   -1014250    0 
 3400:    1.00    0.034    0.012 0.027    0.006   -1014008    0 
 3500:    1.00    0.037    0.012 0.029    0.006   -1013236    0 
 3600:    1.00    0.042    0.012 0.030    0.007   -1013136    0 
 3700:    1.00    0.034    0.012 0.031    0.007   -1012892    0 
 3800:    1.00    0.107    0.012 0.031    0.007   -1012863    0 
 3900:    1.00    0.066    0.012 0.033    0.007   -1012623    0 

--------------------------------------------
Proportion of membership of each pre-defined
 population in each of the 2 clusters

Given    Inferred Clusters       Number of
 Pop       1      2             Individuals

  1:     0.337  0.663              23
--------------------------------------------

 Rep#:   Lambda   Alpha      F1    F2     D1,2    Ln Like  Est Ln P(D)
 4000:    1.00    0.138    0.012 0.033    0.007   -1013059    0 
 4100:    1.00    0.093    0.012 0.034    0.007   -1013199    0 
 4200:    1.00    0.071    0.013 0.035    0.008   -1012335    0 
 4300:    1.00    0.085    0.013 0.036    0.008   -1012633    0 
 4400:    1.00    0.141    0.013 0.036    0.008   -1012791    0 
 4500:    1.00    0.127    0.013 0.037    0.008   -1012957    0 
 4600:    1.00    0.091    0.013 0.038    0.008   -1012792    0 
 4700:    1.00    0.152    0.013 0.039    0.008   -1012733    0 
 4800:    1.00    0.091    0.013 0.043    0.009   -1012603    0 
 4900:    1.00    0.143    0.013 0.045    0.009   -1011911    0 

--------------------------------------------
Proportion of membership of each pre-defined
 population in each of the 2 clusters

Given    Inferred Clusters       Number of
 Pop       1      2             Individuals

  1:     0.412  0.588              23
--------------------------------------------

 Rep#:   Lambda   Alpha      F1    F2     D1,2    Ln Like  Est Ln P(D)
 5000:    1.00    0.186    0.013 0.045    0.009   -1012249    0 
 5100:    1.00    0.139    0.013 0.048    0.010   -1011758    0 
 5200:    1.00    0.170    0.013 0.050    0.010   -1011767    0 
 5300:    1.00    0.212    0.013 0.063    0.012   -1010660    0 
 5400:    1.00    0.337    0.013 0.067    0.013   -1010134    0 
 5500:    1.00    0.193    0.013 0.070    0.013   -1009198    0 
 5600:    1.00    0.126    0.013 0.084    0.015   -1008238    0 
 5700:    1.00    0.150    0.013 0.102    0.018   -1005890    0 
 5800:    1.00    0.131    0.013 0.108    0.019   -1004902    0 
 5900:    1.00    0.164    0.013 0.119    0.020   -1004051    0 
 6000:    1.00    0.200    0.012 0.124    0.021   -1003672    0 

MCMC completed

Inferred ancestry of individuals:
        Label (%Miss) Pop:  Inferred clusters
  1 18160D-09-0    (2)    1 :  0.335 0.665 
  2 18160D-09-0    (4)    1 :  0.084 0.916 
  3 18160D-09-0    (2)    1 :  0.001 0.999 
  4 18160D-09-0    (5)    1 :  0.000 1.000 
  5 18160D-09-0    (4)    1 :  0.000 1.000 
  6 18160D-09-0    (4)    1 :  0.000 1.000 
  7 18160D-09-0    (2)    1 :  0.000 1.000 
  8 18160D-09-0    (4)    1 :  0.161 0.839 
  9 18160D-09-0    (2)    1 :  1.000 0.000 
 10 18160D-09-1    (2)    1 :  1.000 0.000 
 11 18160D-09-1    (2)    1 :  1.000 0.000 
 12 18160D-09-1    (2)    1 :  1.000 0.000 
 13 18160D-09-1    (5)    1 :  0.108 0.892 
 14 18160D-09-1   (18)    1 :  0.073 0.927 
 15 18160D-09-1    (4)    1 :  0.118 0.882 
 16 18160D-09-1    (2)    1 :  1.000 0.000 
 17 18160D-09-1    (2)    1 :  0.150 0.850 
 18 18160D-09-1    (2)    1 :  0.996 0.004 
 19 18160D-09-1    (2)    1 :  0.129 0.871 
 20 18160D-09-2    (5)    1 :  0.130 0.870 
 21 18160D-09-2    (5)    1 :  0.126 0.874 
 22 18160D-09-2    (5)    1 :  0.940 0.060 
 23 18160D-09-2    (2)    1 :  0.169 0.831 

Command line arguments:   structure -D 784137 -K 2 -m mainparams -o k2/populations_k2_run7 
Input File:    populations.str
Output File:   k2/populations_k2_run7_f

Run parameters:
   23 individuals
   50160 loci
   2 populations assumed
   1000 Burn-in period
   5000 Reps
RANDOMIZE turned off

--------------------------------------------
Estimated Ln Prob of Data   = -6186919.5
Mean value of ln likelihood = -1013407.5
Variance of ln likelihood   = 10347024.0
Mean value of alpha         = 0.0824

Mean value of Fst_1         = 0.0120
Mean value of Fst_2         = 0.0356


--------------------------------------------
Proportion of membership of each pre-defined
 population in each of the 2 clusters

Given    Inferred Clusters       Number of
 Pop       1      2             Individuals

  1:     0.370  0.630              23
--------------------------------------------
Final results printed to file k2/populations_k2_run7_f

