1        1   (2)      1  : 0.5771 0.0828 0.0000 0.3401
2        2   (4)      1  : 0.8754 0.1000 0.0000 0.0246
3        3   (2)      1  : 0.2645 0.7021 0.0000 0.0334
4        4   (5)      1  : 0.0058 0.9935 0.0000 0.0008
5        5   (4)      1  : 0.1469 0.8426 0.0000 0.0105
6        6   (4)      1  : 0.0949 0.8882 0.0000 0.0169
7        7   (2)      1  : 0.0349 0.9559 0.0000 0.0092
8        8   (4)      1  : 0.6375 0.0691 0.0001 0.2933
9        9   (2)      1  : 0.0466 0.0000 0.0610 0.8924
10       10   (2)      1  : 0.0000 0.0000 0.9429 0.0571
11       11   (2)      1  : 0.1457 0.0001 0.2049 0.6493
12       12   (2)      1  : 0.1013 0.0000 0.0698 0.8290
13       13   (5)      1  : 0.8702 0.1104 0.0000 0.0194
14       14  (18)      1  : 0.8681 0.1040 0.0000 0.0279
15       15   (4)      1  : 0.9411 0.0282 0.0000 0.0306
16       16   (2)      1  : 0.1488 0.0132 0.8101 0.0279
17       17   (2)      1  : 0.6635 0.0803 0.0000 0.2562
18       18   (2)      1  : 0.2950 0.0000 0.0000 0.7050
19       19   (2)      1  : 0.9451 0.0418 0.0000 0.0131
20       20   (5)      1  : 0.6872 0.0180 0.0000 0.2948
21       21   (5)      1  : 0.8610 0.0937 0.0004 0.0449
22       22   (5)      1  : 0.8750 0.0000 0.0000 0.1250
23       23   (2)      1  : 0.8725 0.0399 0.0000 0.0876
