

----------------------------------------------------
STRUCTURE by Pritchard, Stephens and Donnelly (2000)
     and Falush, Stephens and Pritchard (2003)
       Code by Pritchard, Falush and Hubisz
             Version 2.3.4 (Jul 2012)
----------------------------------------------------


Reading file "mainparams".
datafile is
populations.str
Reading file "extraparams".
Reading file "populations.str".


Data file "populations.str" (truncated) --

Ind:   Label Pop : Genotype_data . . . .
  1: 18160D-09-0    1  :  4   1   3   1   4   1   3  . . . .   2
  1: 18160D-09-0    1  :  4   1   3   1   4   4   4  . . . .   4
  2: 18160D-09-0    1  :  4   1   3   1   4   1   3  . . . .   2
  2: 18160D-09-0    1  :  4   1   3   1   4   4   3  . . . .   4
  3: 18160D-09-0    1  :  4   1   0   0   0   0   3  . . . .   2
  3: 18160D-09-0    1  :  4   3   0   0   0   0   3  . . . .   4
  4: 18160D-09-0    1  :  4   1   3   1   4   1   3  . . . .   2
  4: 18160D-09-0    1  :  4   3   3   1   4   1   3  . . . .   4

      *******   

 22: 18160D-09-2    1  :  4   1   3   1   4   1   3  . . . .   2
 22: 18160D-09-2    1  :  4   3   3   1   4   1   4  . . . .   4
 23: 18160D-09-2    1  :  4   1   3   1   4   1   3  . . . .   2
 23: 18160D-09-2    1  :  4   1   3   1   4   4   4  . . . .   4

Number of alleles per locus: min= 2; ave=2.0; max= 2


--------------------------------------

Finished initialization; starting MCMC 
5000 iterations + 1000 burnin


--------------------------------------------
Proportion of membership of each pre-defined
 population in each of the 7 clusters

Given    Inferred Clusters                                   Number of
 Pop       1      2      3      4      5      6      7      Individuals

  1:     0.147  0.148  0.137  0.137  0.140  0.140  0.151       23
--------------------------------------------

 Rep#:   Lambda   Alpha      F1    F2    F3    F4    F5    F6    F7     D1,2  D1,3  D1,4  D1,5  D1,6  D1,7  D2,3  D2,4  D2,5  D2,6  D2,7  D3,4  D3,5  D3,6  D3,7  D4,5  D4,6  D4,7  D5,6  D5,7  D6,7    Ln Like 
  100:    1.00    1.686    0.010 0.010 0.010 0.010 0.010 0.010 0.010    0.003 0.003 0.003 0.003 0.003 0.003 0.003 0.003 0.003 0.003 0.003 0.003 0.003 0.003 0.003 0.003 0.003 0.003 0.003 0.003 0.003   --  
  200:    1.00    2.097    0.010 0.010 0.010 0.010 0.010 0.010 0.010    0.003 0.003 0.003 0.003 0.003 0.003 0.003 0.003 0.003 0.003 0.003 0.003 0.003 0.003 0.003 0.003 0.003 0.003 0.003 0.003 0.003   --  
  300:    1.00    2.170    0.010 0.010 0.010 0.010 0.010 0.010 0.010    0.003 0.003 0.003 0.003 0.003 0.003 0.003 0.003 0.003 0.003 0.003 0.003 0.003 0.003 0.003 0.003 0.003 0.003 0.003 0.003 0.003   --  
  400:    1.00    2.537    0.010 0.010 0.010 0.010 0.010 0.010 0.010    0.003 0.003 0.003 0.003 0.003 0.003 0.003 0.003 0.003 0.003 0.003 0.003 0.003 0.003 0.003 0.003 0.003 0.003 0.003 0.003 0.003   --  
  500:    1.00    2.893    0.010 0.010 0.010 0.010 0.010 0.010 0.010    0.003 0.003 0.003 0.003 0.003 0.003 0.003 0.003 0.003 0.003 0.003 0.003 0.003 0.003 0.003 0.003 0.003 0.003 0.003 0.003 0.003   --  
  600:    1.00    3.375    0.010 0.010 0.010 0.010 0.010 0.010 0.010    0.003 0.003 0.003 0.003 0.003 0.003 0.003 0.003 0.003 0.003 0.003 0.003 0.003 0.003 0.003 0.003 0.003 0.003 0.003 0.003 0.003   --  
  700:    1.00    3.457    0.010 0.010 0.010 0.010 0.010 0.010 0.010    0.003 0.003 0.003 0.003 0.003 0.003 0.003 0.003 0.003 0.003 0.003 0.003 0.003 0.003 0.003 0.003 0.003 0.003 0.003 0.003 0.003   --  
  800:    1.00    3.753    0.010 0.010 0.010 0.010 0.010 0.010 0.010    0.003 0.003 0.003 0.003 0.003 0.003 0.003 0.003 0.003 0.003 0.003 0.003 0.003 0.003 0.003 0.003 0.003 0.003 0.003 0.003 0.003   --  
  900:    1.00    4.074    0.010 0.010 0.010 0.010 0.010 0.010 0.010    0.003 0.003 0.003 0.003 0.003 0.003 0.003 0.003 0.003 0.003 0.003 0.003 0.003 0.003 0.003 0.003 0.003 0.003 0.003 0.003 0.003   --  
 1000:    1.00    4.283    0.010 0.010 0.010 0.010 0.010 0.010 0.010    0.003 0.003 0.003 0.003 0.003 0.003 0.003 0.003 0.003 0.003 0.003 0.003 0.003 0.003 0.003 0.003 0.003 0.003 0.003 0.003 0.003   --  

BURNIN completed
 Rep#:   Lambda   Alpha      F1    F2    F3    F4    F5    F6    F7     D1,2  D1,3  D1,4  D1,5  D1,6  D1,7  D2,3  D2,4  D2,5  D2,6  D2,7  D3,4  D3,5  D3,6  D3,7  D4,5  D4,6  D4,7  D5,6  D5,7  D6,7    Ln Like  Est Ln P(D)
 1100:    1.00    4.340    0.010 0.010 0.010 0.010 0.010 0.010 0.010    0.003 0.003 0.003 0.003 0.003 0.003 0.003 0.003 0.003 0.003 0.003 0.003 0.003 0.003 0.003 0.003 0.003 0.003 0.003 0.003 0.003   -1025996    0 
 1200:    1.00    4.550    0.010 0.010 0.010 0.010 0.010 0.010 0.010    0.003 0.003 0.003 0.003 0.003 0.003 0.003 0.003 0.003 0.003 0.003 0.003 0.003 0.003 0.003 0.003 0.003 0.003 0.003 0.003 0.003   -1025935    0 
 1300:    1.00    4.569    0.010 0.010 0.010 0.010 0.010 0.010 0.010    0.003 0.003 0.003 0.003 0.003 0.003 0.003 0.003 0.003 0.003 0.003 0.003 0.003 0.003 0.003 0.003 0.003 0.003 0.003 0.003 0.003   -1025610    0 
 1400:    1.00    4.593    0.010 0.010 0.010 0.010 0.010 0.010 0.010    0.003 0.003 0.003 0.003 0.003 0.003 0.003 0.003 0.003 0.003 0.003 0.003 0.003 0.003 0.003 0.003 0.003 0.003 0.003 0.003 0.003   -1025704    0 
 1500:    1.00    3.850    0.010 0.010 0.010 0.010 0.010 0.010 0.010    0.003 0.003 0.003 0.003 0.003 0.003 0.003 0.003 0.003 0.003 0.003 0.003 0.003 0.003 0.003 0.003 0.003 0.003 0.003 0.003 0.003   -1025433    0 
 1600:    1.00    3.577    0.010 0.010 0.010 0.010 0.010 0.010 0.010    0.003 0.003 0.003 0.003 0.003 0.003 0.003 0.003 0.003 0.003 0.003 0.003 0.003 0.003 0.003 0.003 0.003 0.003 0.003 0.003 0.003   -1025159    0 
 1700:    1.00    3.530    0.010 0.010 0.010 0.010 0.010 0.010 0.010    0.003 0.003 0.003 0.003 0.003 0.003 0.003 0.003 0.003 0.003 0.003 0.003 0.003 0.003 0.003 0.003 0.003 0.003 0.003 0.003 0.003   -1024632    0 
 1800:    1.00    3.253    0.010 0.010 0.010 0.010 0.010 0.010 0.010    0.003 0.003 0.003 0.003 0.003 0.003 0.003 0.003 0.003 0.003 0.003 0.003 0.003 0.003 0.003 0.003 0.003 0.003 0.003 0.003 0.003   -1025044    0 
 1900:    1.00    2.585    0.010 0.010 0.010 0.010 0.010 0.010 0.010    0.003 0.003 0.003 0.003 0.003 0.003 0.003 0.003 0.003 0.003 0.003 0.003 0.003 0.003 0.003 0.003 0.003 0.003 0.003 0.003 0.003   -1024190    0 

--------------------------------------------
Proportion of membership of each pre-defined
 population in each of the 7 clusters

Given    Inferred Clusters                                   Number of
 Pop       1      2      3      4      5      6      7      Individuals

  1:     0.122  0.136  0.134  0.153  0.128  0.137  0.190       23
--------------------------------------------

 Rep#:   Lambda   Alpha      F1    F2    F3    F4    F5    F6    F7     D1,2  D1,3  D1,4  D1,5  D1,6  D1,7  D2,3  D2,4  D2,5  D2,6  D2,7  D3,4  D3,5  D3,6  D3,7  D4,5  D4,6  D4,7  D5,6  D5,7  D6,7    Ln Like  Est Ln P(D)
 2000:    1.00    2.307    0.010 0.010 0.010 0.010 0.010 0.010 0.010    0.003 0.003 0.003 0.003 0.003 0.003 0.003 0.003 0.003 0.003 0.003 0.003 0.003 0.003 0.003 0.003 0.003 0.003 0.003 0.003 0.003   -1023868    0 
 2100:    1.00    1.322    0.010 0.010 0.010 0.010 0.010 0.010 0.010    0.003 0.003 0.003 0.003 0.003 0.003 0.003 0.003 0.003 0.003 0.003 0.003 0.003 0.003 0.003 0.003 0.003 0.003 0.003 0.003 0.003   -1023183    0 
 2200:    1.00    0.801    0.010 0.010 0.010 0.010 0.010 0.010 0.011    0.003 0.003 0.003 0.003 0.003 0.003 0.003 0.003 0.003 0.003 0.003 0.003 0.003 0.003 0.003 0.003 0.003 0.003 0.003 0.003 0.003   -1022447    0 
 2300:    1.00    0.701    0.010 0.010 0.010 0.010 0.010 0.010 0.011    0.003 0.003 0.003 0.003 0.003 0.003 0.003 0.003 0.003 0.003 0.003 0.003 0.003 0.003 0.003 0.003 0.003 0.003 0.003 0.003 0.003   -1021721    0 
 2400:    1.00    0.729    0.010 0.010 0.010 0.010 0.010 0.010 0.011    0.003 0.003 0.003 0.003 0.003 0.003 0.003 0.003 0.003 0.003 0.003 0.003 0.003 0.003 0.003 0.003 0.003 0.003 0.003 0.003 0.003   -1020508    0 
 2500:    1.00    0.656    0.010 0.010 0.010 0.010 0.010 0.010 0.012    0.003 0.003 0.003 0.003 0.003 0.003 0.003 0.003 0.003 0.003 0.003 0.003 0.003 0.003 0.003 0.003 0.003 0.004 0.003 0.003 0.003   -1020092    0 
 2600:    1.00    0.461    0.010 0.010 0.010 0.010 0.010 0.010 0.012    0.003 0.003 0.003 0.003 0.003 0.003 0.003 0.003 0.003 0.003 0.003 0.003 0.003 0.003 0.003 0.003 0.003 0.004 0.003 0.003 0.003   -1018924    0 
 2700:    1.00    0.487    0.010 0.010 0.010 0.011 0.010 0.010 0.013    0.003 0.003 0.003 0.003 0.003 0.004 0.003 0.003 0.003 0.003 0.003 0.003 0.003 0.003 0.004 0.003 0.003 0.004 0.003 0.004 0.004   -1018827    0 
 2800:    1.00    0.368    0.010 0.010 0.010 0.011 0.010 0.010 0.013    0.003 0.003 0.003 0.003 0.003 0.004 0.003 0.003 0.003 0.003 0.003 0.003 0.003 0.003 0.004 0.003 0.003 0.004 0.003 0.004 0.004   -1018057    0 
 2900:    1.00    0.350    0.010 0.010 0.010 0.011 0.010 0.010 0.014    0.003 0.003 0.003 0.003 0.003 0.004 0.003 0.003 0.003 0.003 0.004 0.003 0.003 0.003 0.004 0.003 0.003 0.004 0.003 0.004 0.004   -1017372    0 

--------------------------------------------
Proportion of membership of each pre-defined
 population in each of the 7 clusters

Given    Inferred Clusters                                   Number of
 Pop       1      2      3      4      5      6      7      Individuals

  1:     0.119  0.116  0.117  0.175  0.085  0.145  0.243       23
--------------------------------------------

 Rep#:   Lambda   Alpha      F1    F2    F3    F4    F5    F6    F7     D1,2  D1,3  D1,4  D1,5  D1,6  D1,7  D2,3  D2,4  D2,5  D2,6  D2,7  D3,4  D3,5  D3,6  D3,7  D4,5  D4,6  D4,7  D5,6  D5,7  D6,7    Ln Like  Est Ln P(D)
 3000:    1.00    0.327    0.010 0.010 0.010 0.011 0.010 0.010 0.014    0.003 0.003 0.003 0.003 0.003 0.004 0.003 0.003 0.003 0.003 0.004 0.003 0.003 0.003 0.004 0.003 0.003 0.004 0.003 0.004 0.004   -1017014    0 
 3100:    1.00    0.273    0.010 0.010 0.010 0.011 0.010 0.010 0.014    0.003 0.003 0.003 0.003 0.003 0.004 0.003 0.003 0.003 0.003 0.004 0.003 0.003 0.003 0.004 0.003 0.003 0.004 0.003 0.004 0.004   -1016283    0 
 3200:    1.00    0.243    0.010 0.010 0.010 0.011 0.010 0.010 0.018    0.003 0.003 0.003 0.003 0.003 0.005 0.003 0.003 0.003 0.003 0.004 0.003 0.003 0.003 0.005 0.003 0.003 0.005 0.003 0.005 0.005   -1014691    0 
 3300:    1.00    0.270    0.010 0.010 0.010 0.011 0.010 0.010 0.019    0.003 0.003 0.003 0.003 0.003 0.005 0.003 0.003 0.003 0.003 0.005 0.003 0.003 0.003 0.005 0.003 0.003 0.005 0.003 0.005 0.005   -1014395    0 
 3400:    1.00    0.217    0.010 0.010 0.010 0.011 0.010 0.010 0.027    0.003 0.003 0.003 0.003 0.003 0.006 0.003 0.003 0.003 0.003 0.006 0.003 0.003 0.003 0.006 0.003 0.003 0.006 0.003 0.006 0.006   -1012603    0 
 3500:    1.00    0.191    0.010 0.010 0.010 0.011 0.010 0.010 0.031    0.003 0.003 0.003 0.003 0.003 0.007 0.003 0.003 0.003 0.003 0.007 0.003 0.003 0.003 0.007 0.003 0.003 0.007 0.003 0.007 0.007   -1010748    0 
 3600:    1.00    0.168    0.010 0.010 0.010 0.011 0.010 0.010 0.038    0.003 0.003 0.003 0.003 0.003 0.008 0.003 0.003 0.003 0.003 0.008 0.003 0.003 0.003 0.008 0.003 0.003 0.008 0.003 0.008 0.008   -1009229    0 
 3700:    1.00    0.166    0.010 0.010 0.010 0.011 0.010 0.010 0.062    0.003 0.003 0.003 0.003 0.003 0.011 0.003 0.003 0.003 0.003 0.011 0.003 0.003 0.003 0.011 0.003 0.003 0.012 0.003 0.012 0.012   -1004421    0 
 3800:    1.00    0.179    0.010 0.010 0.010 0.011 0.010 0.010 0.085    0.003 0.003 0.003 0.003 0.003 0.015 0.003 0.003 0.003 0.003 0.015 0.003 0.003 0.003 0.015 0.003 0.003 0.015 0.003 0.015 0.015   -1001423    0 
 3900:    1.00    0.199    0.010 0.010 0.010 0.012 0.010 0.010 0.102    0.003 0.003 0.003 0.003 0.003 0.017 0.003 0.003 0.003 0.003 0.017 0.003 0.003 0.003 0.017 0.003 0.003 0.018 0.003 0.017 0.017   -999358    0 

--------------------------------------------
Proportion of membership of each pre-defined
 population in each of the 7 clusters

Given    Inferred Clusters                                   Number of
 Pop       1      2      3      4      5      6      7      Individuals

  1:     0.119  0.115  0.120  0.176  0.094  0.146  0.229       23
--------------------------------------------

 Rep#:   Lambda   Alpha      F1    F2    F3    F4    F5    F6    F7     D1,2  D1,3  D1,4  D1,5  D1,6  D1,7  D2,3  D2,4  D2,5  D2,6  D2,7  D3,4  D3,5  D3,6  D3,7  D4,5  D4,6  D4,7  D5,6  D5,7  D6,7    Ln Like  Est Ln P(D)
 4000:    1.00    0.210    0.010 0.010 0.010 0.012 0.010 0.010 0.111    0.003 0.003 0.003 0.003 0.003 0.018 0.003 0.003 0.003 0.003 0.018 0.003 0.003 0.003 0.018 0.003 0.003 0.019 0.003 0.018 0.018   -999163    0 
 4100:    1.00    0.185    0.010 0.010 0.010 0.012 0.010 0.010 0.111    0.003 0.003 0.003 0.003 0.003 0.018 0.003 0.003 0.003 0.003 0.018 0.003 0.003 0.003 0.018 0.003 0.003 0.019 0.003 0.018 0.018   -999113    0 
 4200:    1.00    0.154    0.010 0.010 0.010 0.012 0.010 0.010 0.114    0.003 0.003 0.003 0.003 0.003 0.019 0.003 0.003 0.003 0.003 0.019 0.003 0.003 0.003 0.019 0.003 0.003 0.019 0.003 0.019 0.019   -998688    0 
 4300:    1.00    0.184    0.010 0.010 0.010 0.012 0.010 0.010 0.121    0.003 0.003 0.003 0.003 0.003 0.020 0.003 0.003 0.003 0.003 0.020 0.003 0.003 0.003 0.020 0.003 0.003 0.020 0.003 0.020 0.020   -998396    0 
 4400:    1.00    0.165    0.010 0.010 0.010 0.012 0.010 0.010 0.126    0.003 0.003 0.003 0.003 0.003 0.020 0.003 0.003 0.003 0.003 0.020 0.003 0.003 0.003 0.020 0.003 0.003 0.021 0.003 0.020 0.020   -998008    0 
 4500:    1.00    0.182    0.010 0.010 0.010 0.012 0.010 0.010 0.126    0.003 0.003 0.003 0.003 0.003 0.021 0.003 0.003 0.003 0.003 0.021 0.003 0.003 0.003 0.021 0.003 0.003 0.021 0.003 0.021 0.021   -998375    0 
 4600:    1.00    0.179    0.010 0.010 0.010 0.012 0.010 0.010 0.127    0.003 0.003 0.003 0.003 0.003 0.021 0.003 0.003 0.003 0.003 0.021 0.003 0.003 0.003 0.021 0.003 0.003 0.021 0.003 0.021 0.021   -998155    0 
 4700:    1.00    0.154    0.010 0.010 0.010 0.012 0.010 0.010 0.131    0.003 0.003 0.003 0.003 0.003 0.021 0.003 0.003 0.003 0.003 0.021 0.003 0.003 0.003 0.021 0.003 0.003 0.022 0.003 0.022 0.021   -997870    0 
 4800:    1.00    0.153    0.010 0.010 0.010 0.012 0.010 0.010 0.131    0.003 0.003 0.003 0.003 0.003 0.021 0.003 0.003 0.003 0.003 0.021 0.003 0.003 0.003 0.021 0.003 0.003 0.022 0.003 0.021 0.021   -997854    0 
 4900:    1.00    0.131    0.010 0.010 0.010 0.013 0.010 0.010 0.134    0.003 0.003 0.004 0.003 0.003 0.022 0.003 0.003 0.003 0.003 0.022 0.004 0.003 0.003 0.022 0.004 0.004 0.023 0.003 0.022 0.022   -997171    0 

--------------------------------------------
Proportion of membership of each pre-defined
 population in each of the 7 clusters

Given    Inferred Clusters                                   Number of
 Pop       1      2      3      4      5      6      7      Individuals

  1:     0.099  0.116  0.126  0.198  0.081  0.153  0.226       23
--------------------------------------------

 Rep#:   Lambda   Alpha      F1    F2    F3    F4    F5    F6    F7     D1,2  D1,3  D1,4  D1,5  D1,6  D1,7  D2,3  D2,4  D2,5  D2,6  D2,7  D3,4  D3,5  D3,6  D3,7  D4,5  D4,6  D4,7  D5,6  D5,7  D6,7    Ln Like  Est Ln P(D)
 5000:    1.00    0.150    0.010 0.010 0.010 0.013 0.010 0.010 0.134    0.003 0.003 0.004 0.003 0.003 0.022 0.003 0.004 0.003 0.003 0.021 0.004 0.003 0.003 0.022 0.004 0.004 0.022 0.003 0.022 0.022   -996851    0 
 5100:    1.00    0.133    0.010 0.010 0.010 0.013 0.010 0.010 0.137    0.003 0.003 0.004 0.003 0.003 0.022 0.003 0.004 0.003 0.003 0.022 0.004 0.003 0.003 0.022 0.004 0.004 0.023 0.003 0.022 0.022   -997339    0 
 5200:    1.00    0.185    0.010 0.010 0.010 0.015 0.010 0.010 0.138    0.003 0.003 0.004 0.003 0.003 0.022 0.003 0.004 0.003 0.003 0.022 0.004 0.003 0.003 0.022 0.004 0.004 0.024 0.003 0.022 0.022   -996578    0 
 5300:    1.00    0.139    0.010 0.010 0.010 0.015 0.010 0.011 0.136    0.003 0.003 0.004 0.003 0.003 0.022 0.003 0.004 0.003 0.003 0.022 0.004 0.003 0.003 0.022 0.004 0.004 0.023 0.003 0.022 0.022   -996359    0 
 5400:    1.00    0.146    0.010 0.010 0.010 0.016 0.010 0.011 0.136    0.003 0.003 0.004 0.003 0.003 0.022 0.003 0.004 0.003 0.003 0.022 0.004 0.003 0.003 0.022 0.004 0.004 0.023 0.003 0.022 0.022   -996425    0 
 5500:    1.00    0.145    0.010 0.010 0.010 0.016 0.010 0.011 0.136    0.003 0.003 0.004 0.003 0.003 0.022 0.003 0.004 0.003 0.003 0.022 0.004 0.003 0.003 0.022 0.004 0.004 0.023 0.003 0.022 0.022   -995841    0 
 5600:    1.00    0.110    0.010 0.010 0.010 0.017 0.010 0.011 0.136    0.003 0.003 0.004 0.003 0.003 0.022 0.003 0.004 0.003 0.003 0.022 0.004 0.003 0.003 0.022 0.004 0.004 0.023 0.003 0.022 0.022   -995773    0 
 5700:    1.00    0.135    0.010 0.010 0.010 0.017 0.010 0.011 0.137    0.003 0.003 0.004 0.003 0.003 0.022 0.003 0.004 0.003 0.003 0.022 0.004 0.003 0.003 0.022 0.004 0.004 0.024 0.003 0.022 0.022   -995406    0 
 5800:    1.00    0.088    0.010 0.009 0.010 0.017 0.010 0.011 0.140    0.003 0.003 0.004 0.003 0.003 0.023 0.003 0.004 0.003 0.003 0.022 0.004 0.003 0.003 0.023 0.004 0.004 0.024 0.003 0.022 0.023   -994893    0 
 5900:    1.00    0.113    0.010 0.009 0.010 0.017 0.010 0.011 0.139    0.003 0.003 0.004 0.003 0.003 0.022 0.003 0.004 0.003 0.003 0.022 0.004 0.003 0.003 0.022 0.004 0.004 0.024 0.003 0.022 0.022   -995534    0 
 6000:    1.00    0.095    0.010 0.009 0.010 0.017 0.010 0.011 0.138    0.003 0.003 0.004 0.003 0.003 0.022 0.003 0.004 0.003 0.003 0.022 0.004 0.003 0.003 0.022 0.004 0.004 0.024 0.003 0.022 0.022   -994998    0 

MCMC completed

Inferred ancestry of individuals:
        Label (%Miss) Pop:  Inferred clusters
  1 18160D-09-0    (2)    1 :  0.078 0.075 0.477 0.068 0.106 0.136 0.060 
  2 18160D-09-0    (4)    1 :  0.091 0.129 0.564 0.032 0.050 0.057 0.078 
  3 18160D-09-0    (2)    1 :  0.021 0.090 0.056 0.009 0.080 0.027 0.717 
  4 18160D-09-0    (5)    1 :  0.014 0.056 0.033 0.005 0.015 0.007 0.869 
  5 18160D-09-0    (4)    1 :  0.011 0.055 0.047 0.016 0.024 0.017 0.830 
  6 18160D-09-0    (4)    1 :  0.007 0.057 0.077 0.012 0.019 0.019 0.809 
  7 18160D-09-0    (2)    1 :  0.013 0.051 0.034 0.012 0.014 0.015 0.861 
  8 18160D-09-0    (4)    1 :  0.272 0.055 0.118 0.100 0.059 0.329 0.066 
  9 18160D-09-0    (2)    1 :  0.239 0.076 0.086 0.296 0.121 0.171 0.011 
 10 18160D-09-1    (2)    1 :  0.040 0.005 0.009 0.871 0.055 0.013 0.008 
 11 18160D-09-1    (2)    1 :  0.083 0.020 0.013 0.698 0.121 0.051 0.015 
 12 18160D-09-1    (2)    1 :  0.115 0.024 0.044 0.546 0.191 0.058 0.021 
 13 18160D-09-1    (5)    1 :  0.047 0.328 0.134 0.070 0.250 0.075 0.096 
 14 18160D-09-1   (18)    1 :  0.027 0.118 0.404 0.039 0.258 0.046 0.109 
 15 18160D-09-1    (4)    1 :  0.195 0.312 0.085 0.061 0.109 0.218 0.021 
 16 18160D-09-1    (2)    1 :  0.028 0.019 0.011 0.849 0.058 0.020 0.015 
 17 18160D-09-1    (2)    1 :  0.185 0.157 0.110 0.024 0.215 0.224 0.085 
 18 18160D-09-1    (2)    1 :  0.662 0.087 0.058 0.067 0.032 0.073 0.022 
 19 18160D-09-1    (2)    1 :  0.150 0.369 0.161 0.086 0.141 0.051 0.042 
 20 18160D-09-2    (5)    1 :  0.090 0.152 0.070 0.096 0.162 0.380 0.050 
 21 18160D-09-2    (5)    1 :  0.074 0.413 0.075 0.031 0.069 0.266 0.073 
 22 18160D-09-2    (5)    1 :  0.041 0.017 0.038 0.043 0.033 0.773 0.055 
 23 18160D-09-2    (2)    1 :  0.105 0.165 0.226 0.042 0.059 0.360 0.043 

Command line arguments:   structure -D 106599 -K 7 -m mainparams -o k7/populations_k7_run3 
Input File:    populations.str
Output File:   k7/populations_k7_run3_f

Run parameters:
   23 individuals
   50160 loci
   7 populations assumed
   1000 Burn-in period
   5000 Reps
RANDOMIZE turned off

--------------------------------------------
Estimated Ln Prob of Data   = -72926875.7
Mean value of ln likelihood = -1009752.6
Variance of ln likelihood   = 143834246.3
Mean value of alpha         = 1.0094

Mean value of Fst_1         = 0.0101
Mean value of Fst_2         = 0.0097
Mean value of Fst_3         = 0.0103
Mean value of Fst_4         = 0.0118
Mean value of Fst_5         = 0.0101
Mean value of Fst_6         = 0.0103
Mean value of Fst_7         = 0.0658


--------------------------------------------
Proportion of membership of each pre-defined
 population in each of the 7 clusters

Given    Inferred Clusters                                   Number of
 Pop       1      2      3      4      5      6      7      Individuals

  1:     0.113  0.123  0.127  0.177  0.098  0.147  0.215       23
--------------------------------------------
Final results printed to file k7/populations_k7_run3_f

