

----------------------------------------------------
STRUCTURE by Pritchard, Stephens and Donnelly (2000)
     and Falush, Stephens and Pritchard (2003)
       Code by Pritchard, Falush and Hubisz
             Version 2.3.4 (Jul 2012)
----------------------------------------------------


Reading file "mainparams".
datafile is
populations.str
Reading file "extraparams".
Reading file "populations.str".


Data file "populations.str" (truncated) --

Ind:   Label Pop : Genotype_data . . . .
  1: 18160D-09-0    1  :  4   1   3   1   4   1   3  . . . .   2
  1: 18160D-09-0    1  :  4   1   3   1   4   4   4  . . . .   4
  2: 18160D-09-0    1  :  4   1   3   1   4   1   3  . . . .   2
  2: 18160D-09-0    1  :  4   1   3   1   4   4   3  . . . .   4
  3: 18160D-09-0    1  :  4   1   0   0   0   0   3  . . . .   2
  3: 18160D-09-0    1  :  4   3   0   0   0   0   3  . . . .   4
  4: 18160D-09-0    1  :  4   1   3   1   4   1   3  . . . .   2
  4: 18160D-09-0    1  :  4   3   3   1   4   1   3  . . . .   4

      *******   

 22: 18160D-09-2    1  :  4   1   3   1   4   1   3  . . . .   2
 22: 18160D-09-2    1  :  4   3   3   1   4   1   4  . . . .   4
 23: 18160D-09-2    1  :  4   1   3   1   4   1   3  . . . .   2
 23: 18160D-09-2    1  :  4   1   3   1   4   4   4  . . . .   4

Number of alleles per locus: min= 2; ave=2.0; max= 2


--------------------------------------

Finished initialization; starting MCMC 
5000 iterations + 1000 burnin


--------------------------------------------
Proportion of membership of each pre-defined
 population in each of the 7 clusters

Given    Inferred Clusters                                   Number of
 Pop       1      2      3      4      5      6      7      Individuals

  1:     0.141  0.138  0.143  0.144  0.143  0.143  0.146       23
--------------------------------------------

 Rep#:   Lambda   Alpha      F1    F2    F3    F4    F5    F6    F7     D1,2  D1,3  D1,4  D1,5  D1,6  D1,7  D2,3  D2,4  D2,5  D2,6  D2,7  D3,4  D3,5  D3,6  D3,7  D4,5  D4,6  D4,7  D5,6  D5,7  D6,7    Ln Like 
  100:    1.00    1.780    0.010 0.010 0.010 0.010 0.010 0.010 0.010    0.003 0.003 0.003 0.003 0.003 0.003 0.003 0.003 0.003 0.003 0.003 0.003 0.003 0.003 0.003 0.003 0.003 0.003 0.003 0.003 0.003   --  
  200:    1.00    2.473    0.010 0.010 0.010 0.010 0.010 0.010 0.010    0.003 0.003 0.003 0.003 0.003 0.003 0.003 0.003 0.003 0.003 0.003 0.003 0.003 0.003 0.003 0.003 0.003 0.003 0.003 0.003 0.003   --  
  300:    1.00    3.196    0.010 0.010 0.010 0.010 0.010 0.010 0.010    0.003 0.003 0.003 0.003 0.003 0.003 0.003 0.003 0.003 0.003 0.003 0.003 0.003 0.003 0.003 0.003 0.003 0.003 0.003 0.003 0.003   --  
  400:    1.00    3.982    0.010 0.010 0.010 0.010 0.010 0.010 0.010    0.003 0.003 0.003 0.003 0.003 0.003 0.003 0.003 0.003 0.003 0.003 0.003 0.003 0.003 0.003 0.003 0.003 0.003 0.003 0.003 0.003   --  
  500:    1.00    4.362    0.010 0.010 0.010 0.010 0.010 0.010 0.010    0.003 0.003 0.003 0.003 0.003 0.003 0.003 0.003 0.003 0.003 0.003 0.003 0.003 0.003 0.003 0.003 0.003 0.003 0.003 0.003 0.003   --  
  600:    1.00    4.819    0.010 0.010 0.010 0.010 0.010 0.010 0.010    0.003 0.003 0.003 0.003 0.003 0.003 0.003 0.003 0.003 0.003 0.003 0.003 0.003 0.003 0.003 0.003 0.003 0.003 0.003 0.003 0.003   --  
  700:    1.00    4.883    0.010 0.010 0.010 0.010 0.010 0.010 0.010    0.003 0.003 0.003 0.003 0.003 0.003 0.003 0.003 0.003 0.003 0.003 0.003 0.003 0.003 0.003 0.003 0.003 0.003 0.003 0.003 0.003   --  
  800:    1.00    4.612    0.010 0.010 0.010 0.010 0.010 0.010 0.010    0.003 0.003 0.003 0.003 0.003 0.003 0.003 0.003 0.003 0.003 0.003 0.003 0.003 0.003 0.003 0.003 0.003 0.003 0.003 0.003 0.003   --  
  900:    1.00    4.620    0.010 0.010 0.010 0.010 0.010 0.010 0.010    0.003 0.003 0.003 0.003 0.003 0.003 0.003 0.003 0.003 0.003 0.003 0.003 0.003 0.003 0.003 0.003 0.003 0.003 0.003 0.003 0.003   --  
 1000:    1.00    4.513    0.010 0.010 0.010 0.010 0.010 0.010 0.010    0.003 0.003 0.003 0.003 0.003 0.003 0.003 0.003 0.003 0.003 0.003 0.003 0.003 0.003 0.003 0.003 0.003 0.003 0.003 0.003 0.003   --  

BURNIN completed
 Rep#:   Lambda   Alpha      F1    F2    F3    F4    F5    F6    F7     D1,2  D1,3  D1,4  D1,5  D1,6  D1,7  D2,3  D2,4  D2,5  D2,6  D2,7  D3,4  D3,5  D3,6  D3,7  D4,5  D4,6  D4,7  D5,6  D5,7  D6,7    Ln Like  Est Ln P(D)
 1100:    1.00    4.448    0.010 0.010 0.010 0.010 0.010 0.010 0.010    0.003 0.003 0.003 0.003 0.003 0.003 0.003 0.003 0.003 0.003 0.003 0.003 0.003 0.003 0.003 0.003 0.003 0.003 0.003 0.003 0.003   -1026337    0 
 1200:    1.00    4.032    0.010 0.010 0.010 0.010 0.010 0.010 0.010    0.003 0.003 0.003 0.003 0.003 0.003 0.003 0.003 0.003 0.003 0.003 0.003 0.003 0.003 0.003 0.003 0.003 0.003 0.003 0.003 0.003   -1026156    0 
 1300:    1.00    3.818    0.010 0.010 0.010 0.010 0.010 0.010 0.010    0.003 0.003 0.003 0.003 0.003 0.003 0.003 0.003 0.003 0.003 0.003 0.003 0.003 0.003 0.003 0.003 0.003 0.003 0.003 0.003 0.003   -1026006    0 
 1400:    1.00    3.348    0.010 0.010 0.010 0.010 0.010 0.010 0.010    0.003 0.003 0.003 0.003 0.003 0.003 0.003 0.003 0.003 0.003 0.003 0.003 0.003 0.003 0.003 0.003 0.003 0.003 0.003 0.003 0.003   -1025726    0 
 1500:    1.00    2.672    0.010 0.010 0.010 0.010 0.010 0.010 0.010    0.003 0.003 0.003 0.003 0.003 0.003 0.003 0.003 0.003 0.003 0.003 0.003 0.003 0.003 0.003 0.003 0.003 0.003 0.003 0.003 0.003   -1025317    0 
 1600:    1.00    2.458    0.010 0.010 0.010 0.010 0.010 0.010 0.010    0.003 0.003 0.003 0.003 0.003 0.003 0.003 0.003 0.003 0.003 0.003 0.003 0.003 0.003 0.003 0.003 0.003 0.003 0.003 0.003 0.003   -1024889    0 
 1700:    1.00    2.471    0.010 0.010 0.010 0.010 0.010 0.010 0.010    0.003 0.003 0.003 0.003 0.003 0.003 0.003 0.003 0.003 0.003 0.003 0.003 0.003 0.003 0.003 0.003 0.003 0.003 0.003 0.003 0.003   -1024791    0 
 1800:    1.00    2.208    0.010 0.010 0.010 0.010 0.010 0.010 0.010    0.003 0.003 0.003 0.003 0.003 0.003 0.003 0.003 0.003 0.003 0.003 0.003 0.003 0.003 0.003 0.003 0.003 0.003 0.003 0.003 0.003   -1024446    0 
 1900:    1.00    1.851    0.010 0.010 0.010 0.010 0.010 0.010 0.010    0.003 0.003 0.003 0.003 0.003 0.003 0.003 0.003 0.003 0.003 0.003 0.003 0.003 0.003 0.003 0.003 0.003 0.003 0.003 0.003 0.003   -1024081    0 

--------------------------------------------
Proportion of membership of each pre-defined
 population in each of the 7 clusters

Given    Inferred Clusters                                   Number of
 Pop       1      2      3      4      5      6      7      Individuals

  1:     0.114  0.157  0.143  0.193  0.128  0.143  0.121       23
--------------------------------------------

 Rep#:   Lambda   Alpha      F1    F2    F3    F4    F5    F6    F7     D1,2  D1,3  D1,4  D1,5  D1,6  D1,7  D2,3  D2,4  D2,5  D2,6  D2,7  D3,4  D3,5  D3,6  D3,7  D4,5  D4,6  D4,7  D5,6  D5,7  D6,7    Ln Like  Est Ln P(D)
 2000:    1.00    1.206    0.010 0.010 0.010 0.010 0.010 0.010 0.010    0.003 0.003 0.003 0.003 0.003 0.003 0.003 0.003 0.003 0.003 0.003 0.003 0.003 0.003 0.003 0.003 0.003 0.003 0.003 0.003 0.003   -1023657    0 
 2100:    1.00    1.214    0.010 0.010 0.010 0.010 0.010 0.010 0.010    0.003 0.003 0.003 0.003 0.003 0.003 0.003 0.003 0.003 0.003 0.003 0.003 0.003 0.003 0.003 0.003 0.003 0.003 0.003 0.003 0.003   -1022878    0 
 2200:    1.00    0.930    0.010 0.010 0.010 0.010 0.010 0.010 0.010    0.003 0.003 0.003 0.003 0.003 0.003 0.003 0.003 0.003 0.003 0.003 0.003 0.003 0.003 0.003 0.003 0.003 0.003 0.003 0.003 0.003   -1021747    0 
 2300:    1.00    0.734    0.010 0.010 0.010 0.011 0.010 0.010 0.010    0.003 0.003 0.003 0.003 0.003 0.003 0.003 0.003 0.003 0.003 0.003 0.003 0.003 0.003 0.003 0.003 0.003 0.003 0.003 0.003 0.003   -1021341    0 
 2400:    1.00    0.710    0.010 0.010 0.010 0.011 0.010 0.010 0.010    0.003 0.003 0.003 0.003 0.003 0.003 0.003 0.003 0.003 0.003 0.003 0.003 0.003 0.003 0.003 0.003 0.003 0.003 0.003 0.003 0.003   -1020457    0 
 2500:    1.00    0.565    0.010 0.010 0.010 0.012 0.010 0.010 0.010    0.003 0.003 0.003 0.003 0.003 0.003 0.003 0.003 0.003 0.003 0.003 0.003 0.003 0.003 0.003 0.003 0.003 0.003 0.003 0.003 0.003   -1019908    0 
 2600:    1.00    0.421    0.010 0.010 0.010 0.012 0.010 0.010 0.010    0.003 0.003 0.003 0.003 0.003 0.003 0.003 0.003 0.003 0.003 0.003 0.003 0.003 0.003 0.003 0.003 0.003 0.003 0.003 0.003 0.003   -1019344    0 
 2700:    1.00    0.424    0.010 0.010 0.010 0.012 0.010 0.010 0.010    0.003 0.003 0.003 0.003 0.003 0.003 0.003 0.003 0.003 0.003 0.003 0.003 0.003 0.003 0.003 0.003 0.003 0.003 0.003 0.003 0.003   -1018362    0 
 2800:    1.00    0.360    0.010 0.010 0.010 0.013 0.010 0.010 0.010    0.003 0.003 0.004 0.003 0.003 0.003 0.003 0.004 0.003 0.003 0.003 0.004 0.003 0.003 0.003 0.004 0.004 0.004 0.003 0.003 0.003   -1017264    0 
 2900:    1.00    0.318    0.010 0.010 0.010 0.014 0.010 0.011 0.010    0.003 0.003 0.004 0.003 0.003 0.003 0.003 0.004 0.003 0.003 0.003 0.004 0.003 0.003 0.003 0.004 0.004 0.004 0.003 0.003 0.003   -1016628    0 

--------------------------------------------
Proportion of membership of each pre-defined
 population in each of the 7 clusters

Given    Inferred Clusters                                   Number of
 Pop       1      2      3      4      5      6      7      Individuals

  1:     0.079  0.162  0.158  0.246  0.144  0.120  0.090       23
--------------------------------------------

 Rep#:   Lambda   Alpha      F1    F2    F3    F4    F5    F6    F7     D1,2  D1,3  D1,4  D1,5  D1,6  D1,7  D2,3  D2,4  D2,5  D2,6  D2,7  D3,4  D3,5  D3,6  D3,7  D4,5  D4,6  D4,7  D5,6  D5,7  D6,7    Ln Like  Est Ln P(D)
 3000:    1.00    0.277    0.010 0.010 0.010 0.016 0.010 0.011 0.010    0.003 0.003 0.004 0.003 0.003 0.003 0.003 0.004 0.003 0.003 0.003 0.004 0.003 0.003 0.003 0.004 0.004 0.004 0.003 0.003 0.003   -1015773    0 
 3100:    1.00    0.305    0.010 0.010 0.010 0.017 0.010 0.011 0.010    0.003 0.003 0.004 0.003 0.003 0.003 0.003 0.004 0.003 0.003 0.003 0.004 0.003 0.003 0.003 0.004 0.004 0.004 0.003 0.003 0.003   -1014807    0 
 3200:    1.00    0.244    0.010 0.010 0.010 0.020 0.010 0.011 0.010    0.003 0.003 0.005 0.003 0.003 0.003 0.003 0.005 0.003 0.003 0.003 0.005 0.003 0.003 0.003 0.005 0.005 0.005 0.003 0.003 0.003   -1013855    0 
 3300:    1.00    0.190    0.010 0.010 0.010 0.023 0.010 0.011 0.010    0.003 0.003 0.005 0.003 0.003 0.003 0.003 0.005 0.003 0.003 0.003 0.005 0.003 0.003 0.003 0.005 0.005 0.005 0.003 0.003 0.003   -1012477    0 
 3400:    1.00    0.202    0.010 0.010 0.010 0.028 0.010 0.011 0.010    0.003 0.003 0.006 0.003 0.003 0.003 0.003 0.006 0.003 0.003 0.003 0.006 0.003 0.003 0.003 0.006 0.006 0.006 0.003 0.003 0.003   -1011150    0 
 3500:    1.00    0.181    0.010 0.010 0.010 0.033 0.010 0.011 0.010    0.003 0.003 0.007 0.003 0.003 0.003 0.003 0.007 0.003 0.003 0.003 0.007 0.003 0.003 0.003 0.007 0.007 0.007 0.003 0.003 0.003   -1009527    0 
 3600:    1.00    0.185    0.010 0.010 0.010 0.050 0.010 0.011 0.010    0.003 0.003 0.010 0.003 0.003 0.003 0.003 0.010 0.003 0.003 0.003 0.010 0.003 0.003 0.003 0.010 0.010 0.010 0.003 0.003 0.003   -1005552    0 
 3700:    1.00    0.213    0.010 0.010 0.010 0.084 0.010 0.011 0.010    0.003 0.003 0.015 0.003 0.003 0.003 0.003 0.015 0.003 0.003 0.003 0.015 0.003 0.003 0.003 0.015 0.015 0.015 0.003 0.003 0.003   -1000824    0 
 3800:    1.00    0.173    0.010 0.010 0.010 0.100 0.010 0.011 0.010    0.003 0.003 0.017 0.003 0.003 0.003 0.003 0.017 0.003 0.003 0.003 0.017 0.003 0.003 0.003 0.017 0.017 0.017 0.003 0.003 0.003   -999390    0 
 3900:    1.00    0.140    0.010 0.010 0.010 0.107 0.010 0.011 0.010    0.003 0.003 0.018 0.003 0.003 0.003 0.003 0.018 0.003 0.003 0.003 0.018 0.003 0.003 0.003 0.018 0.018 0.018 0.003 0.003 0.003   -998658    0 

--------------------------------------------
Proportion of membership of each pre-defined
 population in each of the 7 clusters

Given    Inferred Clusters                                   Number of
 Pop       1      2      3      4      5      6      7      Individuals

  1:     0.080  0.168  0.199  0.233  0.151  0.102  0.068       23
--------------------------------------------

 Rep#:   Lambda   Alpha      F1    F2    F3    F4    F5    F6    F7     D1,2  D1,3  D1,4  D1,5  D1,6  D1,7  D2,3  D2,4  D2,5  D2,6  D2,7  D3,4  D3,5  D3,6  D3,7  D4,5  D4,6  D4,7  D5,6  D5,7  D6,7    Ln Like  Est Ln P(D)
 4000:    1.00    0.136    0.010 0.010 0.010 0.109 0.010 0.011 0.010    0.003 0.003 0.018 0.003 0.003 0.003 0.003 0.018 0.003 0.003 0.003 0.018 0.003 0.003 0.003 0.018 0.019 0.018 0.003 0.003 0.003   -998320    0 
 4100:    1.00    0.113    0.010 0.010 0.010 0.112 0.010 0.011 0.010    0.003 0.003 0.019 0.003 0.003 0.003 0.003 0.019 0.003 0.003 0.003 0.019 0.003 0.003 0.003 0.019 0.019 0.019 0.003 0.003 0.003   -998377    0 
 4200:    1.00    0.082    0.010 0.010 0.010 0.114 0.010 0.011 0.010    0.003 0.003 0.019 0.003 0.003 0.003 0.003 0.019 0.003 0.003 0.003 0.019 0.003 0.003 0.003 0.019 0.019 0.019 0.003 0.003 0.003   -998360    0 
 4300:    1.00    0.127    0.010 0.010 0.010 0.121 0.010 0.011 0.010    0.003 0.003 0.020 0.003 0.003 0.003 0.003 0.020 0.003 0.003 0.003 0.020 0.003 0.003 0.003 0.020 0.020 0.020 0.003 0.003 0.003   -997753    0 
 4400:    1.00    0.119    0.010 0.010 0.010 0.121 0.010 0.012 0.010    0.003 0.003 0.020 0.003 0.003 0.003 0.003 0.020 0.003 0.003 0.003 0.020 0.003 0.003 0.003 0.020 0.020 0.020 0.003 0.003 0.003   -997927    0 
 4500:    1.00    0.100    0.010 0.010 0.010 0.124 0.010 0.012 0.010    0.003 0.003 0.021 0.003 0.003 0.003 0.003 0.021 0.003 0.003 0.003 0.021 0.003 0.003 0.003 0.021 0.021 0.021 0.003 0.003 0.003   -997718    0 
 4600:    1.00    0.122    0.010 0.010 0.010 0.126 0.010 0.012 0.010    0.003 0.003 0.021 0.003 0.003 0.003 0.003 0.021 0.003 0.003 0.003 0.021 0.003 0.003 0.003 0.021 0.021 0.021 0.003 0.003 0.003   -997619    0 
 4700:    1.00    0.127    0.010 0.010 0.010 0.126 0.010 0.012 0.010    0.003 0.003 0.021 0.003 0.003 0.003 0.003 0.021 0.003 0.003 0.003 0.021 0.003 0.004 0.003 0.021 0.021 0.021 0.003 0.003 0.003   -997625    0 
 4800:    1.00    0.111    0.010 0.010 0.010 0.126 0.010 0.013 0.010    0.003 0.003 0.021 0.003 0.004 0.003 0.003 0.021 0.003 0.004 0.003 0.021 0.003 0.004 0.003 0.021 0.022 0.021 0.004 0.003 0.004   -996701    0 
 4900:    1.00    0.128    0.010 0.010 0.010 0.130 0.010 0.013 0.010    0.003 0.003 0.021 0.003 0.004 0.003 0.003 0.021 0.003 0.004 0.003 0.021 0.003 0.004 0.003 0.021 0.022 0.021 0.004 0.003 0.004   -996670    0 

--------------------------------------------
Proportion of membership of each pre-defined
 population in each of the 7 clusters

Given    Inferred Clusters                                   Number of
 Pop       1      2      3      4      5      6      7      Individuals

  1:     0.084  0.170  0.228  0.230  0.139  0.099  0.050       23
--------------------------------------------

 Rep#:   Lambda   Alpha      F1    F2    F3    F4    F5    F6    F7     D1,2  D1,3  D1,4  D1,5  D1,6  D1,7  D2,3  D2,4  D2,5  D2,6  D2,7  D3,4  D3,5  D3,6  D3,7  D4,5  D4,6  D4,7  D5,6  D5,7  D6,7    Ln Like  Est Ln P(D)
 5000:    1.00    0.095    0.010 0.010 0.010 0.132 0.010 0.014 0.010    0.003 0.003 0.021 0.003 0.004 0.003 0.003 0.021 0.003 0.004 0.003 0.021 0.003 0.004 0.003 0.022 0.022 0.021 0.004 0.003 0.004   -996487    0 
 5100:    1.00    0.102    0.010 0.010 0.010 0.135 0.010 0.014 0.010    0.003 0.003 0.022 0.003 0.004 0.003 0.003 0.022 0.003 0.004 0.003 0.022 0.003 0.004 0.003 0.022 0.023 0.022 0.004 0.003 0.004   -996010    0 
 5200:    1.00    0.078    0.010 0.010 0.011 0.137 0.010 0.014 0.010    0.003 0.003 0.022 0.003 0.004 0.003 0.003 0.022 0.003 0.004 0.003 0.022 0.003 0.004 0.003 0.022 0.023 0.022 0.004 0.003 0.004   -995992    0 
 5300:    1.00    0.086    0.010 0.010 0.011 0.138 0.010 0.014 0.010    0.003 0.003 0.022 0.003 0.004 0.003 0.003 0.022 0.003 0.004 0.003 0.022 0.003 0.004 0.003 0.022 0.023 0.022 0.004 0.003 0.004   -996053    0 
 5400:    1.00    0.079    0.010 0.010 0.011 0.141 0.010 0.014 0.010    0.003 0.003 0.023 0.003 0.004 0.003 0.003 0.023 0.003 0.004 0.003 0.023 0.003 0.004 0.003 0.023 0.023 0.023 0.004 0.003 0.004   -995576    0 
 5500:    1.00    0.083    0.010 0.010 0.011 0.140 0.010 0.014 0.010    0.003 0.003 0.023 0.003 0.004 0.003 0.003 0.023 0.003 0.004 0.003 0.023 0.003 0.004 0.003 0.023 0.024 0.023 0.004 0.003 0.004   -995605    0 
 5600:    1.00    0.086    0.010 0.010 0.011 0.142 0.010 0.015 0.010    0.003 0.003 0.023 0.003 0.004 0.003 0.003 0.023 0.003 0.004 0.003 0.023 0.003 0.004 0.003 0.023 0.024 0.023 0.004 0.003 0.004   -995139    0 
 5700:    1.00    0.071    0.010 0.010 0.011 0.142 0.011 0.015 0.010    0.003 0.003 0.023 0.003 0.004 0.003 0.003 0.023 0.003 0.004 0.003 0.023 0.003 0.004 0.003 0.023 0.024 0.023 0.004 0.003 0.004   -995583    0 
 5800:    1.00    0.085    0.010 0.010 0.011 0.142 0.011 0.015 0.010    0.003 0.003 0.023 0.003 0.004 0.003 0.003 0.023 0.003 0.004 0.003 0.023 0.003 0.004 0.003 0.023 0.024 0.023 0.004 0.003 0.004   -995253    0 
 5900:    1.00    0.085    0.010 0.010 0.011 0.143 0.011 0.016 0.010    0.003 0.003 0.023 0.003 0.004 0.003 0.003 0.023 0.003 0.004 0.003 0.023 0.003 0.004 0.003 0.023 0.024 0.023 0.004 0.003 0.004   -994718    0 
 6000:    1.00    0.088    0.010 0.010 0.011 0.145 0.011 0.016 0.010    0.003 0.003 0.024 0.003 0.004 0.003 0.003 0.023 0.003 0.004 0.003 0.024 0.003 0.004 0.003 0.024 0.025 0.023 0.004 0.003 0.004   -994948    0 

MCMC completed

Inferred ancestry of individuals:
        Label (%Miss) Pop:  Inferred clusters
  1 18160D-09-0    (2)    1 :  0.076 0.154 0.304 0.061 0.070 0.042 0.292 
  2 18160D-09-0    (4)    1 :  0.032 0.094 0.645 0.097 0.056 0.046 0.030 
  3 18160D-09-0    (2)    1 :  0.098 0.027 0.112 0.642 0.054 0.014 0.052 
  4 18160D-09-0    (5)    1 :  0.031 0.012 0.043 0.823 0.035 0.020 0.037 
  5 18160D-09-0    (4)    1 :  0.034 0.039 0.013 0.808 0.030 0.018 0.059 
  6 18160D-09-0    (4)    1 :  0.045 0.014 0.027 0.829 0.020 0.017 0.049 
  7 18160D-09-0    (2)    1 :  0.015 0.015 0.024 0.876 0.023 0.015 0.031 
  8 18160D-09-0    (4)    1 :  0.044 0.288 0.332 0.125 0.043 0.052 0.115 
  9 18160D-09-0    (2)    1 :  0.028 0.094 0.022 0.035 0.755 0.017 0.049 
 10 18160D-09-1    (2)    1 :  0.009 0.007 0.012 0.007 0.055 0.892 0.017 
 11 18160D-09-1    (2)    1 :  0.035 0.057 0.044 0.022 0.569 0.229 0.044 
 12 18160D-09-1    (2)    1 :  0.023 0.018 0.034 0.017 0.797 0.055 0.055 
 13 18160D-09-1    (5)    1 :  0.234 0.137 0.343 0.119 0.065 0.035 0.067 
 14 18160D-09-1   (18)    1 :  0.082 0.160 0.255 0.083 0.122 0.065 0.232 
 15 18160D-09-1    (4)    1 :  0.096 0.141 0.506 0.050 0.023 0.034 0.149 
 16 18160D-09-1    (2)    1 :  0.011 0.009 0.008 0.010 0.037 0.911 0.014 
 17 18160D-09-1    (2)    1 :  0.060 0.634 0.044 0.125 0.026 0.067 0.045 
 18 18160D-09-1    (2)    1 :  0.045 0.621 0.024 0.080 0.016 0.018 0.196 
 19 18160D-09-1    (2)    1 :  0.538 0.158 0.118 0.041 0.083 0.023 0.039 
 20 18160D-09-2    (5)    1 :  0.024 0.216 0.403 0.041 0.203 0.042 0.071 
 21 18160D-09-2    (5)    1 :  0.277 0.325 0.128 0.059 0.029 0.036 0.146 
 22 18160D-09-2    (5)    1 :  0.071 0.049 0.694 0.046 0.057 0.023 0.060 
 23 18160D-09-2    (2)    1 :  0.233 0.442 0.167 0.068 0.048 0.017 0.025 

Command line arguments:   structure -D 793207 -K 7 -m mainparams -o k7/populations_k7_run6 
Input File:    populations.str
Output File:   k7/populations_k7_run6_f

Run parameters:
   23 individuals
   50160 loci
   7 populations assumed
   1000 Burn-in period
   5000 Reps
RANDOMIZE turned off

--------------------------------------------
Estimated Ln Prob of Data   = -75211214.6
Mean value of ln likelihood = -1009062.5
Variance of ln likelihood   = 148404304.3
Mean value of alpha         = 0.8104

Mean value of Fst_1         = 0.0101
Mean value of Fst_2         = 0.0100
Mean value of Fst_3         = 0.0103
Mean value of Fst_4         = 0.0674
Mean value of Fst_5         = 0.0102
Mean value of Fst_6         = 0.0116
Mean value of Fst_7         = 0.0100


--------------------------------------------
Proportion of membership of each pre-defined
 population in each of the 7 clusters

Given    Inferred Clusters                                   Number of
 Pop       1      2      3      4      5      6      7      Individuals

  1:     0.093  0.161  0.187  0.220  0.140  0.117  0.081       23
--------------------------------------------
Final results printed to file k7/populations_k7_run6_f

