

----------------------------------------------------
STRUCTURE by Pritchard, Stephens and Donnelly (2000)
     and Falush, Stephens and Pritchard (2003)
       Code by Pritchard, Falush and Hubisz
             Version 2.3.4 (Jul 2012)
----------------------------------------------------


Reading file "mainparams".
datafile is
populations.str
Reading file "extraparams".
Reading file "populations.str".


Data file "populations.str" (truncated) --

Ind:   Label Pop : Genotype_data . . . .
  1: 18160D-09-0    1  :  4   1   3   1   4   1   3  . . . .   2
  1: 18160D-09-0    1  :  4   1   3   1   4   4   4  . . . .   4
  2: 18160D-09-0    1  :  4   1   3   1   4   1   3  . . . .   2
  2: 18160D-09-0    1  :  4   1   3   1   4   4   3  . . . .   4
  3: 18160D-09-0    1  :  4   1   0   0   0   0   3  . . . .   2
  3: 18160D-09-0    1  :  4   3   0   0   0   0   3  . . . .   4
  4: 18160D-09-0    1  :  4   1   3   1   4   1   3  . . . .   2
  4: 18160D-09-0    1  :  4   3   3   1   4   1   3  . . . .   4

      *******   

 22: 18160D-09-2    1  :  4   1   3   1   4   1   3  . . . .   2
 22: 18160D-09-2    1  :  4   3   3   1   4   1   4  . . . .   4
 23: 18160D-09-2    1  :  4   1   3   1   4   1   3  . . . .   2
 23: 18160D-09-2    1  :  4   1   3   1   4   4   4  . . . .   4

Number of alleles per locus: min= 2; ave=2.0; max= 2


--------------------------------------

Finished initialization; starting MCMC 
5000 iterations + 1000 burnin


--------------------------------------------
Proportion of membership of each pre-defined
 population in each of the 7 clusters

Given    Inferred Clusters                                   Number of
 Pop       1      2      3      4      5      6      7      Individuals

  1:     0.141  0.146  0.140  0.143  0.140  0.144  0.145       23
--------------------------------------------

 Rep#:   Lambda   Alpha      F1    F2    F3    F4    F5    F6    F7     D1,2  D1,3  D1,4  D1,5  D1,6  D1,7  D2,3  D2,4  D2,5  D2,6  D2,7  D3,4  D3,5  D3,6  D3,7  D4,5  D4,6  D4,7  D5,6  D5,7  D6,7    Ln Like 
  100:    1.00    1.806    0.010 0.010 0.010 0.010 0.010 0.010 0.010    0.003 0.003 0.003 0.003 0.003 0.003 0.003 0.003 0.003 0.003 0.003 0.003 0.003 0.003 0.003 0.003 0.003 0.003 0.003 0.003 0.003   --  
  200:    1.00    2.342    0.010 0.010 0.010 0.010 0.010 0.010 0.010    0.003 0.003 0.003 0.003 0.003 0.003 0.003 0.003 0.003 0.003 0.003 0.003 0.003 0.003 0.003 0.003 0.003 0.003 0.003 0.003 0.003   --  
  300:    1.00    2.981    0.010 0.010 0.010 0.010 0.010 0.010 0.010    0.003 0.003 0.003 0.003 0.003 0.003 0.003 0.003 0.003 0.003 0.003 0.003 0.003 0.003 0.003 0.003 0.003 0.003 0.003 0.003 0.003   --  
  400:    1.00    3.399    0.010 0.010 0.010 0.010 0.010 0.010 0.010    0.003 0.003 0.003 0.003 0.003 0.003 0.003 0.003 0.003 0.003 0.003 0.003 0.003 0.003 0.003 0.003 0.003 0.003 0.003 0.003 0.003   --  
  500:    1.00    3.867    0.010 0.010 0.010 0.010 0.010 0.010 0.010    0.003 0.003 0.003 0.003 0.003 0.003 0.003 0.003 0.003 0.003 0.003 0.003 0.003 0.003 0.003 0.003 0.003 0.003 0.003 0.003 0.003   --  
  600:    1.00    3.844    0.010 0.010 0.010 0.010 0.010 0.010 0.010    0.003 0.003 0.003 0.003 0.003 0.003 0.003 0.003 0.003 0.003 0.003 0.003 0.003 0.003 0.003 0.003 0.003 0.003 0.003 0.003 0.003   --  
  700:    1.00    3.615    0.010 0.010 0.010 0.010 0.010 0.010 0.010    0.003 0.003 0.003 0.003 0.003 0.003 0.003 0.003 0.003 0.003 0.003 0.003 0.003 0.003 0.003 0.003 0.003 0.003 0.003 0.003 0.003   --  
  800:    1.00    3.590    0.010 0.010 0.010 0.010 0.010 0.010 0.010    0.003 0.003 0.003 0.003 0.003 0.003 0.003 0.003 0.003 0.003 0.003 0.003 0.003 0.003 0.003 0.003 0.003 0.003 0.003 0.003 0.003   --  
  900:    1.00    3.957    0.010 0.010 0.010 0.010 0.010 0.010 0.010    0.003 0.003 0.003 0.003 0.003 0.003 0.003 0.003 0.003 0.003 0.003 0.003 0.003 0.003 0.003 0.003 0.003 0.003 0.003 0.003 0.003   --  
 1000:    1.00    3.836    0.010 0.010 0.010 0.010 0.010 0.010 0.010    0.003 0.003 0.003 0.003 0.003 0.003 0.003 0.003 0.003 0.003 0.003 0.003 0.003 0.003 0.003 0.003 0.003 0.003 0.003 0.003 0.003   --  

BURNIN completed
 Rep#:   Lambda   Alpha      F1    F2    F3    F4    F5    F6    F7     D1,2  D1,3  D1,4  D1,5  D1,6  D1,7  D2,3  D2,4  D2,5  D2,6  D2,7  D3,4  D3,5  D3,6  D3,7  D4,5  D4,6  D4,7  D5,6  D5,7  D6,7    Ln Like  Est Ln P(D)
 1100:    1.00    3.682    0.010 0.010 0.010 0.010 0.010 0.010 0.010    0.003 0.003 0.003 0.003 0.003 0.003 0.003 0.003 0.003 0.003 0.003 0.003 0.003 0.003 0.003 0.003 0.003 0.003 0.003 0.003 0.003   -1025362    0 
 1200:    1.00    3.191    0.010 0.010 0.010 0.010 0.010 0.010 0.010    0.003 0.003 0.003 0.003 0.003 0.003 0.003 0.003 0.003 0.003 0.003 0.003 0.003 0.003 0.003 0.003 0.003 0.003 0.003 0.003 0.003   -1025446    0 
 1300:    1.00    3.050    0.010 0.010 0.010 0.010 0.010 0.010 0.010    0.003 0.003 0.003 0.003 0.003 0.003 0.003 0.003 0.003 0.003 0.003 0.003 0.003 0.003 0.003 0.003 0.003 0.003 0.003 0.003 0.003   -1025201    0 
 1400:    1.00    2.634    0.010 0.010 0.010 0.010 0.010 0.010 0.010    0.003 0.003 0.003 0.003 0.003 0.003 0.003 0.003 0.003 0.003 0.003 0.003 0.003 0.003 0.003 0.003 0.003 0.003 0.003 0.003 0.003   -1024558    0 
 1500:    1.00    1.982    0.010 0.010 0.010 0.010 0.010 0.010 0.010    0.003 0.003 0.003 0.003 0.003 0.003 0.003 0.003 0.003 0.003 0.003 0.003 0.003 0.003 0.003 0.003 0.003 0.003 0.003 0.003 0.003   -1024306    0 
 1600:    1.00    1.726    0.010 0.010 0.010 0.010 0.010 0.010 0.010    0.003 0.003 0.003 0.003 0.003 0.003 0.003 0.003 0.003 0.003 0.003 0.003 0.003 0.003 0.003 0.003 0.003 0.003 0.003 0.003 0.003   -1023584    0 
 1700:    1.00    1.210    0.010 0.010 0.010 0.010 0.010 0.010 0.010    0.003 0.003 0.003 0.003 0.003 0.003 0.003 0.003 0.003 0.003 0.003 0.003 0.003 0.003 0.003 0.003 0.003 0.003 0.003 0.003 0.003   -1023296    0 
 1800:    1.00    0.971    0.010 0.010 0.010 0.010 0.010 0.010 0.010    0.003 0.003 0.003 0.003 0.003 0.003 0.003 0.003 0.003 0.003 0.003 0.003 0.003 0.003 0.003 0.003 0.003 0.003 0.003 0.003 0.003   -1022476    0 
 1900:    1.00    0.949    0.010 0.010 0.010 0.010 0.010 0.010 0.010    0.003 0.003 0.003 0.003 0.003 0.003 0.003 0.003 0.003 0.003 0.003 0.003 0.003 0.003 0.003 0.003 0.003 0.003 0.003 0.003 0.003   -1021884    0 

--------------------------------------------
Proportion of membership of each pre-defined
 population in each of the 7 clusters

Given    Inferred Clusters                                   Number of
 Pop       1      2      3      4      5      6      7      Individuals

  1:     0.121  0.142  0.235  0.087  0.135  0.173  0.107       23
--------------------------------------------

 Rep#:   Lambda   Alpha      F1    F2    F3    F4    F5    F6    F7     D1,2  D1,3  D1,4  D1,5  D1,6  D1,7  D2,3  D2,4  D2,5  D2,6  D2,7  D3,4  D3,5  D3,6  D3,7  D4,5  D4,6  D4,7  D5,6  D5,7  D6,7    Ln Like  Est Ln P(D)
 2000:    1.00    0.696    0.010 0.010 0.010 0.010 0.010 0.010 0.010    0.003 0.003 0.003 0.003 0.003 0.003 0.003 0.003 0.003 0.003 0.003 0.003 0.003 0.003 0.003 0.003 0.003 0.003 0.003 0.003 0.003   -1021160    0 
 2100:    1.00    0.732    0.010 0.010 0.010 0.010 0.010 0.010 0.010    0.003 0.003 0.003 0.003 0.003 0.003 0.003 0.003 0.003 0.003 0.003 0.003 0.003 0.003 0.003 0.003 0.003 0.003 0.003 0.003 0.003   -1020571    0 
 2200:    1.00    0.498    0.010 0.010 0.010 0.010 0.010 0.010 0.010    0.003 0.003 0.003 0.003 0.003 0.003 0.003 0.003 0.003 0.003 0.003 0.003 0.003 0.003 0.003 0.003 0.003 0.003 0.003 0.003 0.003   -1020091    0 
 2300:    1.00    0.444    0.010 0.010 0.011 0.010 0.010 0.011 0.010    0.003 0.003 0.003 0.003 0.003 0.003 0.003 0.003 0.003 0.003 0.003 0.003 0.003 0.003 0.003 0.003 0.003 0.003 0.003 0.003 0.003   -1019213    0 
 2400:    1.00    0.418    0.010 0.010 0.011 0.010 0.010 0.011 0.010    0.003 0.003 0.003 0.003 0.003 0.003 0.003 0.003 0.003 0.003 0.003 0.003 0.003 0.003 0.003 0.003 0.003 0.003 0.003 0.003 0.003   -1019370    0 
 2500:    1.00    0.369    0.010 0.010 0.011 0.010 0.010 0.011 0.010    0.003 0.003 0.003 0.003 0.003 0.003 0.003 0.003 0.003 0.003 0.003 0.003 0.003 0.003 0.003 0.003 0.003 0.003 0.003 0.003 0.003   -1018610    0 
 2600:    1.00    0.316    0.010 0.010 0.013 0.010 0.010 0.011 0.010    0.003 0.003 0.003 0.003 0.003 0.003 0.004 0.003 0.003 0.003 0.003 0.003 0.003 0.004 0.003 0.003 0.003 0.003 0.003 0.003 0.003   -1017915    0 
 2700:    1.00    0.300    0.010 0.010 0.013 0.010 0.010 0.011 0.010    0.003 0.004 0.003 0.003 0.003 0.003 0.004 0.003 0.003 0.003 0.003 0.004 0.004 0.004 0.004 0.003 0.003 0.003 0.003 0.003 0.003   -1017182    0 
 2800:    1.00    0.235    0.010 0.010 0.015 0.010 0.010 0.012 0.010    0.003 0.004 0.003 0.003 0.003 0.003 0.004 0.003 0.003 0.003 0.003 0.004 0.004 0.004 0.004 0.003 0.003 0.003 0.003 0.003 0.003   -1016174    0 
 2900:    1.00    0.277    0.010 0.010 0.017 0.010 0.010 0.012 0.010    0.003 0.004 0.003 0.003 0.003 0.003 0.004 0.003 0.003 0.003 0.003 0.004 0.004 0.005 0.004 0.003 0.003 0.003 0.003 0.003 0.003   -1015490    0 

--------------------------------------------
Proportion of membership of each pre-defined
 population in each of the 7 clusters

Given    Inferred Clusters                                   Number of
 Pop       1      2      3      4      5      6      7      Individuals

  1:     0.115  0.174  0.249  0.081  0.119  0.176  0.086       23
--------------------------------------------

 Rep#:   Lambda   Alpha      F1    F2    F3    F4    F5    F6    F7     D1,2  D1,3  D1,4  D1,5  D1,6  D1,7  D2,3  D2,4  D2,5  D2,6  D2,7  D3,4  D3,5  D3,6  D3,7  D4,5  D4,6  D4,7  D5,6  D5,7  D6,7    Ln Like  Est Ln P(D)
 3000:    1.00    0.193    0.010 0.010 0.017 0.010 0.010 0.013 0.010    0.003 0.004 0.003 0.003 0.004 0.003 0.004 0.003 0.003 0.004 0.003 0.004 0.004 0.005 0.004 0.003 0.004 0.003 0.004 0.003 0.004   -1015348    0 
 3100:    1.00    0.242    0.010 0.010 0.018 0.010 0.010 0.013 0.010    0.003 0.004 0.003 0.003 0.003 0.003 0.005 0.003 0.003 0.004 0.003 0.004 0.004 0.005 0.004 0.003 0.004 0.003 0.004 0.003 0.004   -1014244    0 
 3200:    1.00    0.224    0.010 0.010 0.023 0.010 0.010 0.013 0.010    0.003 0.005 0.003 0.003 0.004 0.003 0.005 0.003 0.003 0.004 0.003 0.005 0.005 0.006 0.005 0.003 0.004 0.003 0.003 0.003 0.004   -1013193    0 
 3300:    1.00    0.190    0.010 0.010 0.032 0.010 0.010 0.013 0.010    0.003 0.007 0.003 0.003 0.004 0.003 0.007 0.003 0.003 0.004 0.003 0.007 0.007 0.007 0.007 0.003 0.004 0.003 0.004 0.003 0.004   -1010172    0 
 3400:    1.00    0.150    0.010 0.010 0.043 0.010 0.010 0.015 0.010    0.003 0.008 0.003 0.003 0.004 0.003 0.008 0.003 0.003 0.004 0.003 0.008 0.008 0.009 0.008 0.003 0.004 0.003 0.004 0.003 0.004   -1007731    0 
 3500:    1.00    0.146    0.010 0.010 0.074 0.010 0.010 0.015 0.010    0.003 0.013 0.003 0.003 0.004 0.003 0.013 0.003 0.003 0.004 0.003 0.013 0.013 0.014 0.013 0.003 0.004 0.003 0.004 0.003 0.004   -1002663    0 
 3600:    1.00    0.164    0.010 0.010 0.100 0.010 0.010 0.016 0.010    0.003 0.017 0.003 0.003 0.004 0.003 0.017 0.003 0.003 0.004 0.003 0.017 0.017 0.018 0.017 0.003 0.004 0.003 0.004 0.003 0.004   -1000025    0 
 3700:    1.00    0.132    0.010 0.010 0.109 0.010 0.010 0.017 0.010    0.003 0.018 0.003 0.003 0.004 0.003 0.018 0.003 0.003 0.004 0.003 0.018 0.018 0.020 0.018 0.003 0.004 0.003 0.004 0.003 0.004   -999140    0 
 3800:    1.00    0.142    0.010 0.010 0.116 0.010 0.010 0.019 0.010    0.003 0.019 0.003 0.003 0.004 0.003 0.019 0.003 0.003 0.005 0.003 0.019 0.019 0.021 0.019 0.003 0.005 0.003 0.004 0.003 0.005   -998277    0 
 3900:    1.00    0.179    0.010 0.010 0.117 0.010 0.010 0.019 0.010    0.003 0.019 0.003 0.003 0.005 0.003 0.019 0.003 0.003 0.005 0.003 0.019 0.019 0.021 0.019 0.003 0.005 0.003 0.005 0.003 0.005   -997590    0 

--------------------------------------------
Proportion of membership of each pre-defined
 population in each of the 7 clusters

Given    Inferred Clusters                                   Number of
 Pop       1      2      3      4      5      6      7      Individuals

  1:     0.121  0.186  0.227  0.079  0.126  0.173  0.088       23
--------------------------------------------

 Rep#:   Lambda   Alpha      F1    F2    F3    F4    F5    F6    F7     D1,2  D1,3  D1,4  D1,5  D1,6  D1,7  D2,3  D2,4  D2,5  D2,6  D2,7  D3,4  D3,5  D3,6  D3,7  D4,5  D4,6  D4,7  D5,6  D5,7  D6,7    Ln Like  Est Ln P(D)
 4000:    1.00    0.160    0.010 0.010 0.121 0.010 0.010 0.021 0.010    0.003 0.020 0.003 0.003 0.005 0.003 0.020 0.003 0.003 0.005 0.003 0.020 0.020 0.022 0.020 0.003 0.005 0.003 0.005 0.003 0.005   -996984    0 
 4100:    1.00    0.144    0.010 0.010 0.121 0.010 0.010 0.021 0.010    0.003 0.020 0.003 0.003 0.005 0.003 0.020 0.003 0.003 0.005 0.003 0.020 0.020 0.022 0.020 0.003 0.005 0.003 0.005 0.003 0.005   -996326    0 
 4200:    1.00    0.158    0.010 0.010 0.123 0.010 0.010 0.021 0.010    0.003 0.020 0.003 0.003 0.005 0.003 0.020 0.003 0.003 0.005 0.003 0.020 0.020 0.022 0.020 0.003 0.005 0.003 0.005 0.003 0.005   -996593    0 
 4300:    1.00    0.129    0.010 0.011 0.125 0.010 0.010 0.021 0.010    0.003 0.020 0.003 0.003 0.005 0.003 0.021 0.003 0.003 0.005 0.003 0.021 0.020 0.023 0.020 0.003 0.005 0.003 0.005 0.003 0.005   -996685    0 
 4400:    1.00    0.143    0.010 0.011 0.125 0.010 0.010 0.022 0.010    0.003 0.020 0.003 0.003 0.005 0.003 0.020 0.003 0.003 0.005 0.003 0.020 0.020 0.023 0.020 0.003 0.005 0.003 0.005 0.003 0.005   -996141    0 
 4500:    1.00    0.128    0.010 0.011 0.125 0.010 0.010 0.025 0.010    0.003 0.020 0.003 0.003 0.006 0.003 0.021 0.003 0.003 0.006 0.003 0.021 0.020 0.023 0.021 0.003 0.006 0.003 0.006 0.003 0.006   -995409    0 
 4600:    1.00    0.134    0.010 0.011 0.127 0.010 0.010 0.028 0.010    0.003 0.021 0.003 0.003 0.006 0.003 0.021 0.003 0.003 0.006 0.003 0.021 0.021 0.024 0.021 0.003 0.006 0.003 0.006 0.003 0.006   -994853    0 
 4700:    1.00    0.128    0.010 0.011 0.130 0.010 0.010 0.028 0.010    0.003 0.021 0.003 0.003 0.006 0.003 0.021 0.003 0.003 0.006 0.003 0.021 0.021 0.025 0.021 0.003 0.006 0.003 0.006 0.003 0.006   -994066    0 
 4800:    1.00    0.156    0.010 0.011 0.131 0.010 0.010 0.033 0.010    0.003 0.021 0.003 0.003 0.007 0.003 0.021 0.003 0.003 0.007 0.003 0.021 0.021 0.025 0.021 0.003 0.007 0.003 0.007 0.003 0.007   -992805    0 
 4900:    1.00    0.129    0.010 0.011 0.132 0.010 0.010 0.035 0.010    0.003 0.021 0.003 0.003 0.007 0.003 0.021 0.003 0.003 0.007 0.003 0.021 0.021 0.026 0.021 0.003 0.007 0.003 0.007 0.003 0.007   -993014    0 

--------------------------------------------
Proportion of membership of each pre-defined
 population in each of the 7 clusters

Given    Inferred Clusters                                   Number of
 Pop       1      2      3      4      5      6      7      Individuals

  1:     0.119  0.167  0.224  0.091  0.132  0.186  0.081       23
--------------------------------------------

 Rep#:   Lambda   Alpha      F1    F2    F3    F4    F5    F6    F7     D1,2  D1,3  D1,4  D1,5  D1,6  D1,7  D2,3  D2,4  D2,5  D2,6  D2,7  D3,4  D3,5  D3,6  D3,7  D4,5  D4,6  D4,7  D5,6  D5,7  D6,7    Ln Like  Est Ln P(D)
 5000:    1.00    0.133    0.010 0.011 0.133 0.010 0.010 0.037 0.010    0.003 0.021 0.003 0.003 0.008 0.003 0.021 0.003 0.003 0.008 0.003 0.021 0.021 0.026 0.021 0.003 0.008 0.003 0.008 0.003 0.008   -992532    0 
 5100:    1.00    0.143    0.010 0.011 0.135 0.010 0.010 0.041 0.010    0.003 0.022 0.003 0.003 0.008 0.003 0.022 0.003 0.003 0.008 0.003 0.022 0.022 0.027 0.022 0.003 0.008 0.003 0.008 0.003 0.008   -991191    0 
 5200:    1.00    0.129    0.010 0.011 0.135 0.010 0.010 0.045 0.010    0.003 0.022 0.003 0.003 0.009 0.003 0.022 0.003 0.003 0.009 0.003 0.022 0.022 0.028 0.022 0.003 0.009 0.003 0.009 0.003 0.009   -990594    0 
 5300:    1.00    0.145    0.010 0.011 0.138 0.010 0.010 0.049 0.010    0.003 0.022 0.003 0.003 0.009 0.003 0.022 0.003 0.003 0.010 0.003 0.022 0.022 0.029 0.022 0.003 0.010 0.003 0.009 0.003 0.009   -989925    0 
 5400:    1.00    0.174    0.010 0.011 0.138 0.010 0.010 0.055 0.010    0.003 0.022 0.003 0.003 0.010 0.003 0.022 0.003 0.003 0.011 0.003 0.022 0.022 0.030 0.022 0.003 0.011 0.003 0.010 0.003 0.010   -988918    0 
 5500:    1.00    0.142    0.010 0.011 0.137 0.010 0.010 0.058 0.010    0.003 0.022 0.003 0.003 0.011 0.003 0.022 0.003 0.003 0.011 0.003 0.022 0.022 0.030 0.022 0.003 0.011 0.003 0.011 0.003 0.011   -988782    0 
 5600:    1.00    0.133    0.010 0.011 0.139 0.010 0.010 0.072 0.010    0.003 0.022 0.003 0.003 0.013 0.003 0.023 0.003 0.003 0.013 0.003 0.022 0.022 0.033 0.022 0.003 0.013 0.003 0.013 0.003 0.013   -988037    0 
 5700:    1.00    0.112    0.010 0.011 0.140 0.010 0.010 0.089 0.010    0.003 0.023 0.003 0.003 0.016 0.003 0.023 0.003 0.003 0.016 0.003 0.023 0.023 0.036 0.023 0.003 0.016 0.003 0.016 0.003 0.016   -985968    0 
 5800:    1.00    0.085    0.010 0.011 0.139 0.011 0.010 0.102 0.010    0.003 0.022 0.003 0.003 0.018 0.003 0.022 0.003 0.003 0.018 0.003 0.023 0.022 0.038 0.022 0.003 0.018 0.003 0.018 0.003 0.018   -985467    0 
 5900:    1.00    0.126    0.010 0.011 0.139 0.011 0.010 0.111 0.010    0.003 0.022 0.003 0.003 0.020 0.003 0.022 0.003 0.003 0.020 0.003 0.022 0.022 0.039 0.022 0.003 0.020 0.003 0.020 0.003 0.020   -984149    0 
 6000:    1.00    0.096    0.010 0.011 0.139 0.011 0.010 0.121 0.010    0.003 0.022 0.003 0.003 0.021 0.003 0.022 0.003 0.003 0.022 0.003 0.022 0.022 0.041 0.022 0.003 0.022 0.003 0.022 0.003 0.022   -983475    0 

MCMC completed

Inferred ancestry of individuals:
        Label (%Miss) Pop:  Inferred clusters
  1 18160D-09-0    (2)    1 :  0.017 0.098 0.134 0.075 0.417 0.085 0.174 
  2 18160D-09-0    (4)    1 :  0.217 0.182 0.123 0.025 0.135 0.019 0.301 
  3 18160D-09-0    (2)    1 :  0.016 0.011 0.782 0.040 0.012 0.004 0.135 
  4 18160D-09-0    (5)    1 :  0.013 0.008 0.922 0.019 0.005 0.005 0.028 
  5 18160D-09-0    (4)    1 :  0.049 0.007 0.855 0.015 0.007 0.012 0.055 
  6 18160D-09-0    (4)    1 :  0.023 0.025 0.870 0.014 0.017 0.006 0.046 
  7 18160D-09-0    (2)    1 :  0.019 0.006 0.867 0.009 0.010 0.008 0.080 
  8 18160D-09-0    (4)    1 :  0.087 0.190 0.080 0.299 0.258 0.019 0.068 
  9 18160D-09-0    (2)    1 :  0.142 0.062 0.013 0.121 0.294 0.307 0.061 
 10 18160D-09-1    (2)    1 :  0.008 0.007 0.006 0.028 0.005 0.941 0.004 
 11 18160D-09-1    (2)    1 :  0.043 0.006 0.009 0.030 0.080 0.786 0.047 
 12 18160D-09-1    (2)    1 :  0.097 0.035 0.010 0.107 0.353 0.347 0.051 
 13 18160D-09-1    (5)    1 :  0.332 0.265 0.065 0.053 0.206 0.024 0.055 
 14 18160D-09-1   (18)    1 :  0.202 0.388 0.123 0.033 0.153 0.024 0.078 
 15 18160D-09-1    (4)    1 :  0.493 0.165 0.025 0.130 0.082 0.019 0.086 
 16 18160D-09-1    (2)    1 :  0.003 0.015 0.006 0.032 0.011 0.925 0.009 
 17 18160D-09-1    (2)    1 :  0.099 0.279 0.098 0.230 0.177 0.025 0.092 
 18 18160D-09-1    (2)    1 :  0.029 0.179 0.017 0.436 0.098 0.200 0.042 
 19 18160D-09-1    (2)    1 :  0.499 0.178 0.036 0.094 0.078 0.057 0.057 
 20 18160D-09-2    (5)    1 :  0.052 0.202 0.051 0.141 0.485 0.013 0.057 
 21 18160D-09-2    (5)    1 :  0.083 0.372 0.094 0.048 0.131 0.066 0.207 
 22 18160D-09-2    (5)    1 :  0.028 0.860 0.024 0.025 0.028 0.027 0.008 
 23 18160D-09-2    (2)    1 :  0.311 0.131 0.025 0.045 0.025 0.037 0.425 

Command line arguments:   structure -D 474539 -K 7 -m mainparams -o k7/populations_k7_run7 
Input File:    populations.str
Output File:   k7/populations_k7_run7_f

Run parameters:
   23 individuals
   50160 loci
   7 populations assumed
   1000 Burn-in period
   5000 Reps
RANDOMIZE turned off

--------------------------------------------
Estimated Ln Prob of Data   = -99061272.2
Mean value of ln likelihood = -1006030.3
Variance of ln likelihood   = 196110483.8
Mean value of alpha         = 0.5959

Mean value of Fst_1         = 0.0099
Mean value of Fst_2         = 0.0105
Mean value of Fst_3         = 0.0714
Mean value of Fst_4         = 0.0101
Mean value of Fst_5         = 0.0099
Mean value of Fst_6         = 0.0268
Mean value of Fst_7         = 0.0100


--------------------------------------------
Proportion of membership of each pre-defined
 population in each of the 7 clusters

Given    Inferred Clusters                                   Number of
 Pop       1      2      3      4      5      6      7      Individuals

  1:     0.124  0.160  0.228  0.089  0.133  0.172  0.094       23
--------------------------------------------
Final results printed to file k7/populations_k7_run7_f

