

----------------------------------------------------
STRUCTURE by Pritchard, Stephens and Donnelly (2000)
     and Falush, Stephens and Pritchard (2003)
       Code by Pritchard, Falush and Hubisz
             Version 2.3.4 (Jul 2012)
----------------------------------------------------


Reading file "mainparams".
datafile is
populations.str
Reading file "extraparams".
Reading file "populations.str".


Data file "populations.str" (truncated) --

Ind:   Label Pop : Genotype_data . . . .
  1: 18160D-09-0    1  :  4   1   3   1   4   1   3  . . . .   2
  1: 18160D-09-0    1  :  4   1   3   1   4   4   4  . . . .   4
  2: 18160D-09-0    1  :  4   1   3   1   4   1   3  . . . .   2
  2: 18160D-09-0    1  :  4   1   3   1   4   4   3  . . . .   4
  3: 18160D-09-0    1  :  4   1   0   0   0   0   3  . . . .   2
  3: 18160D-09-0    1  :  4   3   0   0   0   0   3  . . . .   4
  4: 18160D-09-0    1  :  4   1   3   1   4   1   3  . . . .   2
  4: 18160D-09-0    1  :  4   3   3   1   4   1   3  . . . .   4

      *******   

 22: 18160D-09-2    1  :  4   1   3   1   4   1   3  . . . .   2
 22: 18160D-09-2    1  :  4   3   3   1   4   1   4  . . . .   4
 23: 18160D-09-2    1  :  4   1   3   1   4   1   3  . . . .   2
 23: 18160D-09-2    1  :  4   1   3   1   4   4   4  . . . .   4

Number of alleles per locus: min= 2; ave=2.0; max= 2


--------------------------------------

Finished initialization; starting MCMC 
5000 iterations + 1000 burnin


--------------------------------------------
Proportion of membership of each pre-defined
 population in each of the 7 clusters

Given    Inferred Clusters                                   Number of
 Pop       1      2      3      4      5      6      7      Individuals

  1:     0.143  0.149  0.143  0.144  0.140  0.143  0.139       23
--------------------------------------------

 Rep#:   Lambda   Alpha      F1    F2    F3    F4    F5    F6    F7     D1,2  D1,3  D1,4  D1,5  D1,6  D1,7  D2,3  D2,4  D2,5  D2,6  D2,7  D3,4  D3,5  D3,6  D3,7  D4,5  D4,6  D4,7  D5,6  D5,7  D6,7    Ln Like 
  100:    1.00    1.596    0.010 0.010 0.010 0.010 0.010 0.010 0.010    0.003 0.003 0.003 0.003 0.003 0.003 0.003 0.003 0.003 0.003 0.003 0.003 0.003 0.003 0.003 0.003 0.003 0.003 0.003 0.003 0.003   --  
  200:    1.00    2.164    0.010 0.010 0.010 0.010 0.010 0.010 0.010    0.003 0.003 0.003 0.003 0.003 0.003 0.003 0.003 0.003 0.003 0.003 0.003 0.003 0.003 0.003 0.003 0.003 0.003 0.003 0.003 0.003   --  
  300:    1.00    2.312    0.010 0.010 0.010 0.010 0.010 0.010 0.010    0.003 0.003 0.003 0.003 0.003 0.003 0.003 0.003 0.003 0.003 0.003 0.003 0.003 0.003 0.003 0.003 0.003 0.003 0.003 0.003 0.003   --  
  400:    1.00    2.779    0.010 0.010 0.010 0.010 0.010 0.010 0.010    0.003 0.003 0.003 0.003 0.003 0.003 0.003 0.003 0.003 0.003 0.003 0.003 0.003 0.003 0.003 0.003 0.003 0.003 0.003 0.003 0.003   --  
  500:    1.00    2.807    0.010 0.010 0.010 0.010 0.010 0.010 0.010    0.003 0.003 0.003 0.003 0.003 0.003 0.003 0.003 0.003 0.003 0.003 0.003 0.003 0.003 0.003 0.003 0.003 0.003 0.003 0.003 0.003   --  
  600:    1.00    3.236    0.010 0.010 0.010 0.010 0.010 0.010 0.010    0.003 0.003 0.003 0.003 0.003 0.003 0.003 0.003 0.003 0.003 0.003 0.003 0.003 0.003 0.003 0.003 0.003 0.003 0.003 0.003 0.003   --  
  700:    1.00    3.798    0.010 0.010 0.010 0.010 0.010 0.010 0.010    0.003 0.003 0.003 0.003 0.003 0.003 0.003 0.003 0.003 0.003 0.003 0.003 0.003 0.003 0.003 0.003 0.003 0.003 0.003 0.003 0.003   --  
  800:    1.00    3.612    0.010 0.010 0.010 0.010 0.010 0.010 0.010    0.003 0.003 0.003 0.003 0.003 0.003 0.003 0.003 0.003 0.003 0.003 0.003 0.003 0.003 0.003 0.003 0.003 0.003 0.003 0.003 0.003   --  
  900:    1.00    4.017    0.010 0.010 0.010 0.010 0.010 0.010 0.010    0.003 0.003 0.003 0.003 0.003 0.003 0.003 0.003 0.003 0.003 0.003 0.003 0.003 0.003 0.003 0.003 0.003 0.003 0.003 0.003 0.003   --  
 1000:    1.00    4.279    0.010 0.010 0.010 0.010 0.010 0.010 0.010    0.003 0.003 0.003 0.003 0.003 0.003 0.003 0.003 0.003 0.003 0.003 0.003 0.003 0.003 0.003 0.003 0.003 0.003 0.003 0.003 0.003   --  

BURNIN completed
 Rep#:   Lambda   Alpha      F1    F2    F3    F4    F5    F6    F7     D1,2  D1,3  D1,4  D1,5  D1,6  D1,7  D2,3  D2,4  D2,5  D2,6  D2,7  D3,4  D3,5  D3,6  D3,7  D4,5  D4,6  D4,7  D5,6  D5,7  D6,7    Ln Like  Est Ln P(D)
 1100:    1.00    4.408    0.010 0.010 0.010 0.010 0.010 0.010 0.010    0.003 0.003 0.003 0.003 0.003 0.003 0.003 0.003 0.003 0.003 0.003 0.003 0.003 0.003 0.003 0.003 0.003 0.003 0.003 0.003 0.003   -1026229    0 
 1200:    1.00    4.669    0.010 0.010 0.010 0.010 0.010 0.010 0.010    0.003 0.003 0.003 0.003 0.003 0.003 0.003 0.003 0.003 0.003 0.003 0.003 0.003 0.003 0.003 0.003 0.003 0.003 0.003 0.003 0.003   -1026102    0 
 1300:    1.00    4.557    0.010 0.010 0.010 0.010 0.010 0.010 0.010    0.003 0.003 0.003 0.003 0.003 0.003 0.003 0.003 0.003 0.003 0.003 0.003 0.003 0.003 0.003 0.003 0.003 0.003 0.003 0.003 0.003   -1025819    0 
 1400:    1.00    4.382    0.010 0.010 0.010 0.010 0.010 0.010 0.010    0.003 0.003 0.003 0.003 0.003 0.003 0.003 0.003 0.003 0.003 0.003 0.003 0.003 0.003 0.003 0.003 0.003 0.003 0.003 0.003 0.003   -1025848    0 
 1500:    1.00    4.125    0.010 0.010 0.010 0.010 0.010 0.010 0.010    0.003 0.003 0.003 0.003 0.003 0.003 0.003 0.003 0.003 0.003 0.003 0.003 0.003 0.003 0.003 0.003 0.003 0.003 0.003 0.003 0.003   -1025684    0 
 1600:    1.00    4.202    0.010 0.010 0.010 0.010 0.010 0.010 0.010    0.003 0.003 0.003 0.003 0.003 0.003 0.003 0.003 0.003 0.003 0.003 0.003 0.003 0.003 0.003 0.003 0.003 0.003 0.003 0.003 0.003   -1025479    0 
 1700:    1.00    4.130    0.010 0.010 0.010 0.010 0.010 0.010 0.010    0.003 0.003 0.003 0.003 0.003 0.003 0.003 0.003 0.003 0.003 0.003 0.003 0.003 0.003 0.003 0.003 0.003 0.003 0.003 0.003 0.003   -1025091    0 
 1800:    1.00    3.646    0.010 0.010 0.010 0.010 0.010 0.010 0.010    0.003 0.003 0.003 0.003 0.003 0.003 0.003 0.003 0.003 0.003 0.003 0.003 0.003 0.003 0.003 0.003 0.003 0.003 0.003 0.003 0.003   -1024867    0 
 1900:    1.00    2.779    0.010 0.010 0.010 0.010 0.010 0.010 0.010    0.003 0.003 0.003 0.003 0.003 0.003 0.003 0.003 0.003 0.003 0.003 0.003 0.003 0.003 0.003 0.003 0.003 0.003 0.003 0.003 0.003   -1024329    0 

--------------------------------------------
Proportion of membership of each pre-defined
 population in each of the 7 clusters

Given    Inferred Clusters                                   Number of
 Pop       1      2      3      4      5      6      7      Individuals

  1:     0.111  0.135  0.136  0.155  0.129  0.146  0.188       23
--------------------------------------------

 Rep#:   Lambda   Alpha      F1    F2    F3    F4    F5    F6    F7     D1,2  D1,3  D1,4  D1,5  D1,6  D1,7  D2,3  D2,4  D2,5  D2,6  D2,7  D3,4  D3,5  D3,6  D3,7  D4,5  D4,6  D4,7  D5,6  D5,7  D6,7    Ln Like  Est Ln P(D)
 2000:    1.00    2.448    0.010 0.010 0.010 0.010 0.010 0.010 0.010    0.003 0.003 0.003 0.003 0.003 0.003 0.003 0.003 0.003 0.003 0.003 0.003 0.003 0.003 0.003 0.003 0.003 0.003 0.003 0.003 0.003   -1024266    0 
 2100:    1.00    1.862    0.010 0.010 0.010 0.010 0.010 0.010 0.010    0.003 0.003 0.003 0.003 0.003 0.003 0.003 0.003 0.003 0.003 0.003 0.003 0.003 0.003 0.003 0.003 0.003 0.003 0.003 0.003 0.003   -1023653    0 
 2200:    1.00    1.454    0.010 0.010 0.010 0.010 0.010 0.010 0.010    0.003 0.003 0.003 0.003 0.003 0.003 0.003 0.003 0.003 0.003 0.003 0.003 0.003 0.003 0.003 0.003 0.003 0.003 0.003 0.003 0.003   -1023509    0 
 2300:    1.00    1.236    0.010 0.010 0.010 0.010 0.010 0.010 0.010    0.003 0.003 0.003 0.003 0.003 0.003 0.003 0.003 0.003 0.003 0.003 0.003 0.003 0.003 0.003 0.003 0.003 0.003 0.003 0.003 0.003   -1023489    0 
 2400:    1.00    1.005    0.010 0.010 0.010 0.010 0.010 0.010 0.010    0.003 0.003 0.003 0.003 0.003 0.003 0.003 0.003 0.003 0.003 0.003 0.003 0.003 0.003 0.003 0.003 0.003 0.003 0.003 0.003 0.003   -1023228    0 
 2500:    1.00    0.790    0.010 0.010 0.010 0.010 0.010 0.010 0.010    0.003 0.003 0.003 0.003 0.003 0.003 0.003 0.003 0.003 0.003 0.003 0.003 0.003 0.003 0.003 0.003 0.003 0.003 0.003 0.003 0.003   -1022434    0 
 2600:    1.00    0.792    0.010 0.010 0.010 0.010 0.010 0.011 0.010    0.003 0.003 0.003 0.003 0.003 0.003 0.003 0.003 0.003 0.003 0.003 0.003 0.003 0.003 0.003 0.003 0.003 0.003 0.003 0.003 0.003   -1022006    0 
 2700:    1.00    0.560    0.010 0.010 0.010 0.010 0.010 0.011 0.010    0.003 0.003 0.003 0.003 0.003 0.003 0.003 0.003 0.003 0.003 0.003 0.003 0.003 0.003 0.003 0.003 0.003 0.003 0.003 0.003 0.003   -1021793    0 
 2800:    1.00    0.546    0.010 0.010 0.010 0.010 0.010 0.011 0.010    0.003 0.003 0.003 0.003 0.003 0.003 0.003 0.003 0.003 0.003 0.003 0.003 0.003 0.003 0.003 0.003 0.003 0.003 0.003 0.003 0.003   -1021716    0 
 2900:    1.00    0.535    0.010 0.010 0.010 0.010 0.010 0.011 0.010    0.003 0.003 0.003 0.003 0.003 0.003 0.003 0.003 0.003 0.003 0.003 0.003 0.003 0.003 0.003 0.003 0.003 0.003 0.003 0.003 0.003   -1020856    0 

--------------------------------------------
Proportion of membership of each pre-defined
 population in each of the 7 clusters

Given    Inferred Clusters                                   Number of
 Pop       1      2      3      4      5      6      7      Individuals

  1:     0.101  0.115  0.097  0.167  0.106  0.157  0.256       23
--------------------------------------------

 Rep#:   Lambda   Alpha      F1    F2    F3    F4    F5    F6    F7     D1,2  D1,3  D1,4  D1,5  D1,6  D1,7  D2,3  D2,4  D2,5  D2,6  D2,7  D3,4  D3,5  D3,6  D3,7  D4,5  D4,6  D4,7  D5,6  D5,7  D6,7    Ln Like  Est Ln P(D)
 3000:    1.00    0.453    0.010 0.010 0.010 0.010 0.010 0.011 0.010    0.003 0.003 0.003 0.003 0.003 0.003 0.003 0.003 0.003 0.003 0.003 0.003 0.003 0.003 0.003 0.003 0.003 0.003 0.003 0.003 0.003   -1020322    0 
 3100:    1.00    0.414    0.010 0.010 0.010 0.010 0.010 0.011 0.011    0.003 0.003 0.003 0.003 0.003 0.003 0.003 0.003 0.003 0.003 0.003 0.003 0.003 0.003 0.003 0.003 0.003 0.003 0.003 0.003 0.003   -1020166    0 
 3200:    1.00    0.414    0.010 0.010 0.010 0.010 0.010 0.011 0.011    0.003 0.003 0.003 0.003 0.003 0.003 0.003 0.003 0.003 0.003 0.003 0.003 0.003 0.003 0.003 0.003 0.003 0.003 0.003 0.003 0.003   -1019273    0 
 3300:    1.00    0.342    0.010 0.010 0.010 0.010 0.010 0.011 0.011    0.003 0.003 0.003 0.003 0.003 0.003 0.003 0.003 0.003 0.003 0.003 0.003 0.003 0.003 0.003 0.003 0.003 0.003 0.003 0.003 0.003   -1018570    0 
 3400:    1.00    0.278    0.010 0.010 0.010 0.010 0.010 0.011 0.013    0.003 0.003 0.003 0.003 0.003 0.004 0.003 0.003 0.003 0.003 0.004 0.003 0.003 0.003 0.004 0.003 0.003 0.004 0.003 0.004 0.004   -1017529    0 
 3500:    1.00    0.231    0.010 0.010 0.010 0.010 0.010 0.011 0.014    0.003 0.003 0.003 0.003 0.003 0.004 0.003 0.003 0.003 0.003 0.004 0.003 0.003 0.003 0.004 0.003 0.003 0.004 0.003 0.004 0.004   -1016675    0 
 3600:    1.00    0.254    0.010 0.010 0.010 0.010 0.010 0.011 0.014    0.003 0.003 0.003 0.003 0.003 0.004 0.003 0.003 0.003 0.003 0.004 0.003 0.003 0.003 0.004 0.003 0.003 0.004 0.003 0.004 0.004   -1016232    0 
 3700:    1.00    0.259    0.010 0.010 0.010 0.010 0.010 0.012 0.016    0.003 0.003 0.003 0.003 0.003 0.004 0.003 0.003 0.003 0.003 0.004 0.003 0.003 0.003 0.004 0.003 0.003 0.004 0.003 0.004 0.004   -1015650    0 
 3800:    1.00    0.217    0.010 0.010 0.010 0.010 0.010 0.012 0.019    0.003 0.003 0.003 0.003 0.003 0.004 0.003 0.003 0.003 0.003 0.004 0.003 0.003 0.003 0.005 0.003 0.003 0.004 0.003 0.005 0.005   -1014472    0 
 3900:    1.00    0.220    0.010 0.010 0.010 0.010 0.010 0.012 0.023    0.003 0.003 0.003 0.003 0.003 0.005 0.003 0.003 0.003 0.003 0.005 0.003 0.003 0.003 0.005 0.003 0.003 0.005 0.003 0.005 0.006   -1013226    0 

--------------------------------------------
Proportion of membership of each pre-defined
 population in each of the 7 clusters

Given    Inferred Clusters                                   Number of
 Pop       1      2      3      4      5      6      7      Individuals

  1:     0.072  0.091  0.082  0.215  0.107  0.188  0.245       23
--------------------------------------------

 Rep#:   Lambda   Alpha      F1    F2    F3    F4    F5    F6    F7     D1,2  D1,3  D1,4  D1,5  D1,6  D1,7  D2,3  D2,4  D2,5  D2,6  D2,7  D3,4  D3,5  D3,6  D3,7  D4,5  D4,6  D4,7  D5,6  D5,7  D6,7    Ln Like  Est Ln P(D)
 4000:    1.00    0.180    0.009 0.010 0.010 0.010 0.010 0.012 0.024    0.003 0.003 0.003 0.003 0.003 0.005 0.003 0.003 0.003 0.003 0.005 0.003 0.003 0.003 0.005 0.003 0.003 0.005 0.003 0.005 0.006   -1012706    0 
 4100:    1.00    0.189    0.009 0.010 0.010 0.010 0.010 0.012 0.024    0.003 0.003 0.003 0.003 0.003 0.005 0.003 0.003 0.003 0.003 0.005 0.003 0.003 0.003 0.005 0.003 0.003 0.005 0.003 0.005 0.006   -1012077    0 
 4200:    1.00    0.156    0.009 0.010 0.010 0.010 0.010 0.012 0.033    0.003 0.003 0.003 0.003 0.003 0.007 0.003 0.003 0.003 0.003 0.007 0.003 0.003 0.003 0.007 0.003 0.003 0.007 0.003 0.007 0.007   -1009672    0 
 4300:    1.00    0.153    0.009 0.010 0.010 0.010 0.010 0.012 0.054    0.003 0.003 0.003 0.003 0.003 0.009 0.003 0.003 0.003 0.003 0.009 0.003 0.003 0.003 0.009 0.003 0.003 0.009 0.003 0.009 0.010   -1006614    0 
 4400:    1.00    0.109    0.009 0.010 0.010 0.010 0.010 0.012 0.073    0.003 0.003 0.003 0.003 0.003 0.013 0.003 0.003 0.003 0.003 0.013 0.003 0.003 0.003 0.013 0.003 0.003 0.013 0.003 0.013 0.014   -1002699    0 
 4500:    1.00    0.101    0.009 0.010 0.010 0.010 0.010 0.012 0.076    0.003 0.003 0.003 0.003 0.003 0.014 0.003 0.003 0.003 0.003 0.014 0.003 0.003 0.003 0.014 0.003 0.003 0.014 0.004 0.014 0.014   -1001972    0 
 4600:    1.00    0.117    0.009 0.010 0.010 0.010 0.010 0.013 0.090    0.003 0.003 0.003 0.003 0.003 0.015 0.003 0.003 0.003 0.003 0.015 0.003 0.003 0.004 0.015 0.003 0.004 0.015 0.004 0.015 0.016   -999995    0 
 4700:    1.00    0.126    0.009 0.010 0.010 0.010 0.010 0.013 0.105    0.003 0.003 0.003 0.003 0.003 0.018 0.003 0.003 0.003 0.004 0.017 0.003 0.003 0.004 0.018 0.003 0.004 0.018 0.004 0.018 0.018   -998664    0 
 4800:    1.00    0.115    0.009 0.010 0.010 0.010 0.010 0.014 0.107    0.003 0.003 0.003 0.003 0.004 0.018 0.003 0.003 0.003 0.004 0.018 0.003 0.003 0.004 0.018 0.003 0.004 0.018 0.004 0.018 0.019   -997700    0 
 4900:    1.00    0.137    0.009 0.010 0.010 0.010 0.010 0.014 0.111    0.003 0.003 0.003 0.003 0.004 0.019 0.003 0.003 0.003 0.004 0.019 0.003 0.003 0.004 0.019 0.003 0.004 0.019 0.004 0.019 0.020   -997623    0 

--------------------------------------------
Proportion of membership of each pre-defined
 population in each of the 7 clusters

Given    Inferred Clusters                                   Number of
 Pop       1      2      3      4      5      6      7      Individuals

  1:     0.066  0.082  0.054  0.261  0.110  0.199  0.227       23
--------------------------------------------

 Rep#:   Lambda   Alpha      F1    F2    F3    F4    F5    F6    F7     D1,2  D1,3  D1,4  D1,5  D1,6  D1,7  D2,3  D2,4  D2,5  D2,6  D2,7  D3,4  D3,5  D3,6  D3,7  D4,5  D4,6  D4,7  D5,6  D5,7  D6,7    Ln Like  Est Ln P(D)
 5000:    1.00    0.114    0.009 0.010 0.010 0.010 0.010 0.014 0.111    0.003 0.003 0.003 0.003 0.004 0.019 0.003 0.003 0.003 0.004 0.018 0.003 0.003 0.004 0.018 0.003 0.004 0.018 0.004 0.019 0.020   -997298    0 
 5100:    1.00    0.085    0.009 0.010 0.010 0.010 0.010 0.014 0.111    0.003 0.003 0.003 0.003 0.004 0.018 0.003 0.003 0.003 0.004 0.018 0.003 0.003 0.004 0.018 0.003 0.004 0.018 0.004 0.018 0.019   -997507    0 
 5200:    1.00    0.104    0.009 0.010 0.010 0.010 0.010 0.014 0.117    0.003 0.003 0.003 0.003 0.004 0.019 0.003 0.003 0.003 0.004 0.019 0.003 0.003 0.004 0.019 0.003 0.004 0.019 0.004 0.019 0.020   -997260    0 
 5300:    1.00    0.111    0.009 0.010 0.010 0.010 0.010 0.015 0.122    0.003 0.003 0.003 0.003 0.004 0.020 0.003 0.003 0.003 0.004 0.020 0.003 0.003 0.004 0.020 0.003 0.004 0.020 0.004 0.020 0.021   -996657    0 
 5400:    1.00    0.112    0.010 0.010 0.010 0.010 0.010 0.015 0.122    0.003 0.003 0.003 0.003 0.004 0.020 0.003 0.003 0.003 0.004 0.020 0.003 0.003 0.004 0.020 0.003 0.004 0.020 0.004 0.020 0.021   -996846    0 
 5500:    1.00    0.096    0.010 0.010 0.010 0.010 0.010 0.016 0.123    0.003 0.003 0.003 0.003 0.004 0.020 0.003 0.003 0.003 0.004 0.020 0.003 0.003 0.004 0.020 0.003 0.004 0.020 0.004 0.020 0.021   -996409    0 
 5600:    1.00    0.112    0.010 0.010 0.010 0.010 0.010 0.017 0.123    0.003 0.003 0.003 0.003 0.004 0.020 0.003 0.003 0.003 0.004 0.020 0.003 0.003 0.004 0.020 0.003 0.004 0.020 0.004 0.020 0.022   -996321    0 
 5700:    1.00    0.095    0.010 0.010 0.010 0.010 0.010 0.017 0.123    0.003 0.003 0.003 0.003 0.004 0.020 0.003 0.003 0.003 0.004 0.020 0.003 0.003 0.004 0.020 0.003 0.004 0.020 0.004 0.020 0.022   -996048    0 
 5800:    1.00    0.098    0.010 0.010 0.010 0.010 0.010 0.019 0.123    0.003 0.003 0.003 0.003 0.004 0.020 0.003 0.003 0.003 0.004 0.020 0.003 0.003 0.005 0.020 0.003 0.005 0.020 0.005 0.020 0.022   -995946    0 
 5900:    1.00    0.100    0.010 0.010 0.010 0.010 0.010 0.019 0.126    0.003 0.003 0.003 0.003 0.004 0.020 0.003 0.003 0.003 0.004 0.020 0.003 0.003 0.004 0.020 0.003 0.005 0.020 0.004 0.021 0.022   -995597    0 
 6000:    1.00    0.104    0.010 0.010 0.010 0.010 0.010 0.019 0.127    0.003 0.003 0.003 0.003 0.005 0.021 0.003 0.003 0.003 0.005 0.021 0.003 0.003 0.005 0.021 0.003 0.005 0.021 0.005 0.021 0.023   -995597    0 

MCMC completed

Inferred ancestry of individuals:
        Label (%Miss) Pop:  Inferred clusters
  1 18160D-09-0    (2)    1 :  0.245 0.087 0.251 0.141 0.113 0.028 0.136 
  2 18160D-09-0    (4)    1 :  0.126 0.132 0.108 0.332 0.122 0.027 0.152 
  3 18160D-09-0    (2)    1 :  0.028 0.059 0.085 0.033 0.041 0.021 0.733 
  4 18160D-09-0    (5)    1 :  0.021 0.019 0.092 0.041 0.045 0.019 0.764 
  5 18160D-09-0    (4)    1 :  0.036 0.035 0.067 0.055 0.082 0.036 0.689 
  6 18160D-09-0    (4)    1 :  0.022 0.024 0.046 0.030 0.070 0.040 0.769 
  7 18160D-09-0    (2)    1 :  0.014 0.031 0.051 0.039 0.100 0.030 0.735 
  8 18160D-09-0    (4)    1 :  0.064 0.092 0.067 0.452 0.188 0.061 0.075 
  9 18160D-09-0    (2)    1 :  0.305 0.113 0.033 0.044 0.029 0.444 0.032 
 10 18160D-09-1    (2)    1 :  0.014 0.031 0.009 0.011 0.015 0.916 0.004 
 11 18160D-09-1    (2)    1 :  0.108 0.103 0.029 0.033 0.035 0.678 0.015 
 12 18160D-09-1    (2)    1 :  0.213 0.116 0.069 0.045 0.037 0.493 0.028 
 13 18160D-09-1    (5)    1 :  0.095 0.236 0.074 0.327 0.130 0.032 0.106 
 14 18160D-09-1   (18)    1 :  0.049 0.190 0.081 0.271 0.234 0.044 0.131 
 15 18160D-09-1    (4)    1 :  0.191 0.164 0.052 0.431 0.111 0.027 0.024 
 16 18160D-09-1    (2)    1 :  0.025 0.031 0.008 0.015 0.009 0.902 0.010 
 17 18160D-09-1    (2)    1 :  0.092 0.297 0.250 0.161 0.121 0.026 0.053 
 18 18160D-09-1    (2)    1 :  0.039 0.107 0.111 0.097 0.503 0.039 0.104 
 19 18160D-09-1    (2)    1 :  0.089 0.097 0.043 0.435 0.219 0.061 0.056 
 20 18160D-09-2    (5)    1 :  0.152 0.077 0.105 0.417 0.150 0.013 0.087 
 21 18160D-09-2    (5)    1 :  0.080 0.279 0.118 0.308 0.146 0.020 0.049 
 22 18160D-09-2    (5)    1 :  0.037 0.042 0.133 0.495 0.034 0.020 0.238 
 23 18160D-09-2    (2)    1 :  0.026 0.071 0.263 0.506 0.057 0.019 0.058 

Command line arguments:   structure -D 861474 -K 7 -m mainparams -o k7/populations_k7_run8 
Input File:    populations.str
Output File:   k7/populations_k7_run8_f

Run parameters:
   23 individuals
   50160 loci
   7 populations assumed
   1000 Burn-in period
   5000 Reps
RANDOMIZE turned off

--------------------------------------------
Estimated Ln Prob of Data   = -67190760.4
Mean value of ln likelihood = -1012939.0
Variance of ln likelihood   = 132355642.9
Mean value of alpha         = 1.1175

Mean value of Fst_1         = 0.0096
Mean value of Fst_2         = 0.0098
Mean value of Fst_3         = 0.0101
Mean value of Fst_4         = 0.0100
Mean value of Fst_5         = 0.0101
Mean value of Fst_6         = 0.0122
Mean value of Fst_7         = 0.0458


--------------------------------------------
Proportion of membership of each pre-defined
 population in each of the 7 clusters

Given    Inferred Clusters                                   Number of
 Pop       1      2      3      4      5      6      7      Individuals

  1:     0.090  0.106  0.093  0.205  0.113  0.174  0.219       23
--------------------------------------------
Final results printed to file k7/populations_k7_run8_f

