

----------------------------------------------------
STRUCTURE by Pritchard, Stephens and Donnelly (2000)
     and Falush, Stephens and Pritchard (2003)
       Code by Pritchard, Falush and Hubisz
             Version 2.3.4 (Jul 2012)
----------------------------------------------------


Reading file "mainparams".
datafile is
populations.str
Reading file "extraparams".
Reading file "populations.str".


Data file "populations.str" (truncated) --

Ind:   Label Pop : Genotype_data . . . .
  1: 18160D-09-0    1  :  4   1   3   1   4   1   3  . . . .   2
  1: 18160D-09-0    1  :  4   1   3   1   4   4   4  . . . .   4
  2: 18160D-09-0    1  :  4   1   3   1   4   1   3  . . . .   2
  2: 18160D-09-0    1  :  4   1   3   1   4   4   3  . . . .   4
  3: 18160D-09-0    1  :  4   1   0   0   0   0   3  . . . .   2
  3: 18160D-09-0    1  :  4   3   0   0   0   0   3  . . . .   4
  4: 18160D-09-0    1  :  4   1   3   1   4   1   3  . . . .   2
  4: 18160D-09-0    1  :  4   3   3   1   4   1   3  . . . .   4

      *******   

 22: 18160D-09-2    1  :  4   1   3   1   4   1   3  . . . .   2
 22: 18160D-09-2    1  :  4   3   3   1   4   1   4  . . . .   4
 23: 18160D-09-2    1  :  4   1   3   1   4   1   3  . . . .   2
 23: 18160D-09-2    1  :  4   1   3   1   4   4   4  . . . .   4

Number of alleles per locus: min= 2; ave=2.0; max= 2


--------------------------------------

Finished initialization; starting MCMC 
5000 iterations + 1000 burnin


--------------------------------------------
Proportion of membership of each pre-defined
 population in each of the 7 clusters

Given    Inferred Clusters                                   Number of
 Pop       1      2      3      4      5      6      7      Individuals

  1:     0.143  0.142  0.139  0.141  0.146  0.144  0.145       23
--------------------------------------------

 Rep#:   Lambda   Alpha      F1    F2    F3    F4    F5    F6    F7     D1,2  D1,3  D1,4  D1,5  D1,6  D1,7  D2,3  D2,4  D2,5  D2,6  D2,7  D3,4  D3,5  D3,6  D3,7  D4,5  D4,6  D4,7  D5,6  D5,7  D6,7    Ln Like 
  100:    1.00    1.833    0.010 0.010 0.010 0.010 0.010 0.010 0.010    0.003 0.003 0.003 0.003 0.003 0.003 0.003 0.003 0.003 0.003 0.003 0.003 0.003 0.003 0.003 0.003 0.003 0.003 0.003 0.003 0.003   --  
  200:    1.00    2.679    0.010 0.010 0.010 0.010 0.010 0.010 0.010    0.003 0.003 0.003 0.003 0.003 0.003 0.003 0.003 0.003 0.003 0.003 0.003 0.003 0.003 0.003 0.003 0.003 0.003 0.003 0.003 0.003   --  
  300:    1.00    3.133    0.010 0.010 0.010 0.010 0.010 0.010 0.010    0.003 0.003 0.003 0.003 0.003 0.003 0.003 0.003 0.003 0.003 0.003 0.003 0.003 0.003 0.003 0.003 0.003 0.003 0.003 0.003 0.003   --  
  400:    1.00    3.564    0.010 0.010 0.010 0.010 0.010 0.010 0.010    0.003 0.003 0.003 0.003 0.003 0.003 0.003 0.003 0.003 0.003 0.003 0.003 0.003 0.003 0.003 0.003 0.003 0.003 0.003 0.003 0.003   --  
  500:    1.00    3.872    0.010 0.010 0.010 0.010 0.010 0.010 0.010    0.003 0.003 0.003 0.003 0.003 0.003 0.003 0.003 0.003 0.003 0.003 0.003 0.003 0.003 0.003 0.003 0.003 0.003 0.003 0.003 0.003   --  
  600:    1.00    3.948    0.010 0.010 0.010 0.010 0.010 0.010 0.010    0.003 0.003 0.003 0.003 0.003 0.003 0.003 0.003 0.003 0.003 0.003 0.003 0.003 0.003 0.003 0.003 0.003 0.003 0.003 0.003 0.003   --  
  700:    1.00    3.952    0.010 0.010 0.010 0.010 0.010 0.010 0.010    0.003 0.003 0.003 0.003 0.003 0.003 0.003 0.003 0.003 0.003 0.003 0.003 0.003 0.003 0.003 0.003 0.003 0.003 0.003 0.003 0.003   --  
  800:    1.00    4.130    0.010 0.010 0.010 0.010 0.010 0.010 0.010    0.003 0.003 0.003 0.003 0.003 0.003 0.003 0.003 0.003 0.003 0.003 0.003 0.003 0.003 0.003 0.003 0.003 0.003 0.003 0.003 0.003   --  
  900:    1.00    4.100    0.010 0.010 0.010 0.010 0.010 0.010 0.010    0.003 0.003 0.003 0.003 0.003 0.003 0.003 0.003 0.003 0.003 0.003 0.003 0.003 0.003 0.003 0.003 0.003 0.003 0.003 0.003 0.003   --  
 1000:    1.00    4.370    0.010 0.010 0.010 0.010 0.010 0.010 0.010    0.003 0.003 0.003 0.003 0.003 0.003 0.003 0.003 0.003 0.003 0.003 0.003 0.003 0.003 0.003 0.003 0.003 0.003 0.003 0.003 0.003   --  

BURNIN completed
 Rep#:   Lambda   Alpha      F1    F2    F3    F4    F5    F6    F7     D1,2  D1,3  D1,4  D1,5  D1,6  D1,7  D2,3  D2,4  D2,5  D2,6  D2,7  D3,4  D3,5  D3,6  D3,7  D4,5  D4,6  D4,7  D5,6  D5,7  D6,7    Ln Like  Est Ln P(D)
 1100:    1.00    3.924    0.010 0.010 0.010 0.010 0.010 0.010 0.010    0.003 0.003 0.003 0.003 0.003 0.003 0.003 0.003 0.003 0.003 0.003 0.003 0.003 0.003 0.003 0.003 0.003 0.003 0.003 0.003 0.003   -1025815    0 
 1200:    1.00    4.219    0.010 0.010 0.010 0.010 0.010 0.010 0.010    0.003 0.003 0.003 0.003 0.003 0.003 0.003 0.003 0.003 0.003 0.003 0.003 0.003 0.003 0.003 0.003 0.003 0.003 0.003 0.003 0.003   -1025596    0 
 1300:    1.00    3.910    0.010 0.010 0.010 0.010 0.010 0.010 0.010    0.003 0.003 0.003 0.003 0.003 0.003 0.003 0.003 0.003 0.003 0.003 0.003 0.003 0.003 0.003 0.003 0.003 0.003 0.003 0.003 0.003   -1025793    0 
 1400:    1.00    3.890    0.010 0.010 0.010 0.010 0.010 0.010 0.010    0.003 0.003 0.003 0.003 0.003 0.003 0.003 0.003 0.003 0.003 0.003 0.003 0.003 0.003 0.003 0.003 0.003 0.003 0.003 0.003 0.003   -1025414    0 
 1500:    1.00    3.476    0.010 0.010 0.010 0.010 0.010 0.010 0.010    0.003 0.003 0.003 0.003 0.003 0.003 0.003 0.003 0.003 0.003 0.003 0.003 0.003 0.003 0.003 0.003 0.003 0.003 0.003 0.003 0.003   -1025017    0 
 1600:    1.00    3.059    0.010 0.010 0.010 0.010 0.010 0.010 0.010    0.003 0.003 0.003 0.003 0.003 0.003 0.003 0.003 0.003 0.003 0.003 0.003 0.003 0.003 0.003 0.003 0.003 0.003 0.003 0.003 0.003   -1024729    0 
 1700:    1.00    2.747    0.010 0.010 0.010 0.010 0.010 0.010 0.010    0.003 0.003 0.003 0.003 0.003 0.003 0.003 0.003 0.003 0.003 0.003 0.003 0.003 0.003 0.003 0.003 0.003 0.003 0.003 0.003 0.003   -1024357    0 
 1800:    1.00    2.141    0.010 0.010 0.010 0.010 0.010 0.010 0.010    0.003 0.003 0.003 0.003 0.003 0.003 0.003 0.003 0.003 0.003 0.003 0.003 0.003 0.003 0.003 0.003 0.003 0.003 0.003 0.003 0.003   -1023539    0 
 1900:    1.00    1.545    0.010 0.010 0.010 0.010 0.010 0.010 0.010    0.003 0.003 0.003 0.003 0.003 0.003 0.003 0.003 0.003 0.003 0.003 0.003 0.003 0.003 0.003 0.003 0.003 0.003 0.003 0.003 0.003   -1022873    0 

--------------------------------------------
Proportion of membership of each pre-defined
 population in each of the 7 clusters

Given    Inferred Clusters                                   Number of
 Pop       1      2      3      4      5      6      7      Individuals

  1:     0.237  0.098  0.163  0.097  0.173  0.108  0.125       23
--------------------------------------------

 Rep#:   Lambda   Alpha      F1    F2    F3    F4    F5    F6    F7     D1,2  D1,3  D1,4  D1,5  D1,6  D1,7  D2,3  D2,4  D2,5  D2,6  D2,7  D3,4  D3,5  D3,6  D3,7  D4,5  D4,6  D4,7  D5,6  D5,7  D6,7    Ln Like  Est Ln P(D)
 2000:    1.00    1.039    0.010 0.010 0.010 0.010 0.010 0.010 0.010    0.003 0.003 0.003 0.003 0.003 0.003 0.003 0.003 0.003 0.003 0.003 0.003 0.003 0.003 0.003 0.003 0.003 0.003 0.003 0.003 0.003   -1021923    0 
 2100:    1.00    0.771    0.010 0.010 0.010 0.010 0.010 0.010 0.010    0.003 0.003 0.003 0.003 0.003 0.003 0.003 0.003 0.003 0.003 0.003 0.003 0.003 0.003 0.003 0.003 0.003 0.003 0.003 0.003 0.003   -1021210    0 
 2200:    1.00    0.644    0.010 0.010 0.010 0.010 0.010 0.010 0.010    0.003 0.003 0.003 0.003 0.003 0.003 0.003 0.003 0.003 0.003 0.003 0.003 0.003 0.003 0.003 0.003 0.003 0.003 0.003 0.003 0.003   -1020593    0 
 2300:    1.00    0.496    0.011 0.010 0.010 0.010 0.010 0.010 0.010    0.003 0.003 0.003 0.003 0.003 0.003 0.003 0.003 0.003 0.003 0.003 0.003 0.003 0.003 0.003 0.003 0.003 0.003 0.003 0.003 0.003   -1019846    0 
 2400:    1.00    0.416    0.011 0.010 0.010 0.010 0.010 0.010 0.010    0.003 0.003 0.003 0.003 0.003 0.003 0.003 0.003 0.003 0.003 0.003 0.003 0.003 0.003 0.003 0.003 0.003 0.003 0.003 0.003 0.003   -1019487    0 
 2500:    1.00    0.401    0.011 0.010 0.010 0.010 0.010 0.010 0.010    0.003 0.003 0.003 0.003 0.003 0.003 0.003 0.003 0.003 0.003 0.003 0.003 0.003 0.003 0.003 0.003 0.003 0.003 0.003 0.003 0.003   -1018237    0 
 2600:    1.00    0.295    0.011 0.010 0.010 0.010 0.010 0.010 0.010    0.003 0.003 0.003 0.003 0.003 0.003 0.003 0.003 0.003 0.003 0.003 0.003 0.003 0.003 0.003 0.003 0.003 0.003 0.003 0.003 0.003   -1018180    0 
 2700:    1.00    0.265    0.011 0.010 0.010 0.010 0.010 0.010 0.010    0.003 0.003 0.003 0.003 0.003 0.003 0.003 0.003 0.003 0.003 0.003 0.003 0.003 0.003 0.003 0.003 0.003 0.003 0.003 0.003 0.003   -1017726    0 
 2800:    1.00    0.296    0.011 0.010 0.010 0.010 0.010 0.010 0.010    0.003 0.003 0.003 0.003 0.003 0.003 0.003 0.003 0.003 0.003 0.003 0.003 0.003 0.003 0.003 0.003 0.003 0.003 0.003 0.003 0.003   -1017352    0 
 2900:    1.00    0.168    0.011 0.010 0.010 0.010 0.011 0.010 0.010    0.003 0.003 0.003 0.004 0.003 0.003 0.003 0.003 0.003 0.003 0.003 0.003 0.003 0.003 0.003 0.003 0.003 0.003 0.003 0.003 0.003   -1016812    0 

--------------------------------------------
Proportion of membership of each pre-defined
 population in each of the 7 clusters

Given    Inferred Clusters                                   Number of
 Pop       1      2      3      4      5      6      7      Individuals

  1:     0.238  0.060  0.193  0.056  0.209  0.100  0.144       23
--------------------------------------------

 Rep#:   Lambda   Alpha      F1    F2    F3    F4    F5    F6    F7     D1,2  D1,3  D1,4  D1,5  D1,6  D1,7  D2,3  D2,4  D2,5  D2,6  D2,7  D3,4  D3,5  D3,6  D3,7  D4,5  D4,6  D4,7  D5,6  D5,7  D6,7    Ln Like  Est Ln P(D)
 3000:    1.00    0.181    0.014 0.010 0.010 0.010 0.011 0.010 0.010    0.004 0.004 0.004 0.004 0.004 0.004 0.003 0.003 0.003 0.003 0.003 0.003 0.003 0.003 0.003 0.003 0.003 0.003 0.003 0.003 0.003   -1015997    0 
 3100:    1.00    0.185    0.014 0.010 0.010 0.010 0.011 0.010 0.010    0.004 0.004 0.004 0.004 0.004 0.004 0.003 0.003 0.003 0.003 0.003 0.003 0.003 0.003 0.003 0.003 0.003 0.003 0.003 0.003 0.003   -1015062    0 
 3200:    1.00    0.150    0.014 0.010 0.010 0.010 0.011 0.010 0.010    0.004 0.004 0.004 0.004 0.004 0.004 0.003 0.003 0.003 0.003 0.003 0.003 0.003 0.003 0.003 0.003 0.003 0.003 0.003 0.003 0.003   -1014851    0 
 3300:    1.00    0.130    0.015 0.010 0.010 0.010 0.011 0.010 0.010    0.004 0.004 0.004 0.004 0.004 0.004 0.003 0.003 0.003 0.003 0.003 0.003 0.003 0.003 0.003 0.003 0.003 0.003 0.003 0.003 0.003   -1014178    0 
 3400:    1.00    0.158    0.015 0.010 0.010 0.010 0.011 0.010 0.010    0.004 0.004 0.004 0.004 0.004 0.004 0.003 0.003 0.003 0.003 0.003 0.003 0.003 0.003 0.003 0.003 0.003 0.003 0.003 0.003 0.003   -1013845    0 
 3500:    1.00    0.140    0.016 0.010 0.010 0.010 0.011 0.010 0.010    0.004 0.004 0.004 0.004 0.004 0.004 0.003 0.003 0.003 0.003 0.003 0.003 0.003 0.003 0.003 0.003 0.003 0.003 0.003 0.003 0.003   -1014317    0 
 3600:    1.00    0.107    0.018 0.010 0.010 0.010 0.011 0.010 0.010    0.004 0.004 0.004 0.005 0.004 0.004 0.003 0.003 0.003 0.003 0.003 0.003 0.003 0.003 0.003 0.003 0.003 0.003 0.003 0.003 0.003   -1012907    0 
 3700:    1.00    0.099    0.021 0.010 0.010 0.010 0.011 0.010 0.010    0.005 0.005 0.004 0.005 0.005 0.005 0.003 0.003 0.003 0.003 0.003 0.003 0.003 0.003 0.003 0.003 0.003 0.003 0.003 0.003 0.003   -1012532    0 
 3800:    1.00    0.125    0.023 0.010 0.010 0.010 0.012 0.010 0.010    0.005 0.005 0.005 0.006 0.005 0.005 0.003 0.003 0.003 0.003 0.003 0.003 0.003 0.003 0.003 0.003 0.003 0.003 0.003 0.003 0.003   -1010838    0 
 3900:    1.00    0.120    0.037 0.010 0.010 0.010 0.012 0.010 0.010    0.008 0.007 0.007 0.008 0.007 0.008 0.003 0.003 0.003 0.003 0.003 0.003 0.003 0.003 0.003 0.003 0.003 0.003 0.003 0.003 0.003   -1007273    0 

--------------------------------------------
Proportion of membership of each pre-defined
 population in each of the 7 clusters

Given    Inferred Clusters                                   Number of
 Pop       1      2      3      4      5      6      7      Individuals

  1:     0.225  0.062  0.216  0.047  0.219  0.088  0.144       23
--------------------------------------------

 Rep#:   Lambda   Alpha      F1    F2    F3    F4    F5    F6    F7     D1,2  D1,3  D1,4  D1,5  D1,6  D1,7  D2,3  D2,4  D2,5  D2,6  D2,7  D3,4  D3,5  D3,6  D3,7  D4,5  D4,6  D4,7  D5,6  D5,7  D6,7    Ln Like  Est Ln P(D)
 4000:    1.00    0.106    0.063 0.010 0.010 0.010 0.012 0.010 0.010    0.012 0.012 0.012 0.012 0.012 0.012 0.003 0.003 0.003 0.003 0.003 0.003 0.003 0.003 0.003 0.003 0.003 0.003 0.003 0.003 0.003   -1003143    0 
 4100:    1.00    0.101    0.093 0.010 0.010 0.010 0.012 0.010 0.010    0.016 0.016 0.016 0.016 0.016 0.016 0.003 0.003 0.003 0.003 0.003 0.003 0.003 0.003 0.003 0.003 0.003 0.003 0.004 0.003 0.003   -999229    0 
 4200:    1.00    0.113    0.100 0.010 0.010 0.010 0.012 0.010 0.010    0.017 0.017 0.017 0.018 0.017 0.017 0.003 0.003 0.003 0.003 0.003 0.003 0.003 0.003 0.003 0.003 0.003 0.003 0.004 0.003 0.003   -998641    0 
 4300:    1.00    0.093    0.100 0.010 0.010 0.010 0.012 0.010 0.010    0.017 0.017 0.017 0.018 0.017 0.017 0.003 0.003 0.003 0.003 0.003 0.003 0.003 0.003 0.003 0.003 0.003 0.003 0.003 0.003 0.003   -998394    0 
 4400:    1.00    0.106    0.112 0.010 0.010 0.010 0.013 0.010 0.010    0.019 0.018 0.018 0.019 0.019 0.019 0.003 0.003 0.004 0.003 0.003 0.003 0.004 0.003 0.003 0.003 0.003 0.003 0.004 0.004 0.003   -996737    0 
 4500:    1.00    0.091    0.113 0.010 0.010 0.010 0.015 0.010 0.010    0.019 0.019 0.019 0.020 0.019 0.019 0.003 0.003 0.004 0.003 0.003 0.003 0.004 0.003 0.003 0.004 0.003 0.003 0.004 0.004 0.003   -996799    0 
 4600:    1.00    0.087    0.120 0.010 0.010 0.010 0.015 0.010 0.010    0.020 0.020 0.020 0.021 0.020 0.020 0.003 0.003 0.004 0.003 0.003 0.003 0.004 0.003 0.003 0.004 0.003 0.003 0.004 0.004 0.003   -996054    0 
 4700:    1.00    0.069    0.120 0.010 0.010 0.010 0.016 0.010 0.010    0.020 0.020 0.020 0.021 0.020 0.020 0.003 0.003 0.004 0.003 0.003 0.003 0.004 0.003 0.003 0.004 0.003 0.003 0.004 0.004 0.003   -995963    0 
 4800:    1.00    0.083    0.126 0.011 0.010 0.010 0.017 0.010 0.010    0.021 0.021 0.021 0.022 0.021 0.021 0.003 0.003 0.004 0.003 0.003 0.003 0.004 0.003 0.003 0.004 0.003 0.003 0.004 0.004 0.003   -995630    0 
 4900:    1.00    0.077    0.128 0.011 0.010 0.010 0.017 0.010 0.010    0.021 0.021 0.021 0.022 0.021 0.021 0.003 0.003 0.004 0.003 0.003 0.003 0.004 0.003 0.003 0.004 0.003 0.003 0.004 0.004 0.003   -994890    0 

--------------------------------------------
Proportion of membership of each pre-defined
 population in each of the 7 clusters

Given    Inferred Clusters                                   Number of
 Pop       1      2      3      4      5      6      7      Individuals

  1:     0.213  0.070  0.227  0.052  0.217  0.081  0.139       23
--------------------------------------------

 Rep#:   Lambda   Alpha      F1    F2    F3    F4    F5    F6    F7     D1,2  D1,3  D1,4  D1,5  D1,6  D1,7  D2,3  D2,4  D2,5  D2,6  D2,7  D3,4  D3,5  D3,6  D3,7  D4,5  D4,6  D4,7  D5,6  D5,7  D6,7    Ln Like  Est Ln P(D)
 5000:    1.00    0.076    0.128 0.011 0.010 0.010 0.017 0.010 0.010    0.021 0.021 0.021 0.023 0.021 0.021 0.003 0.003 0.004 0.003 0.003 0.003 0.004 0.003 0.003 0.004 0.003 0.003 0.004 0.004 0.003   -995459    0 
 5100:    1.00    0.072    0.128 0.011 0.010 0.010 0.017 0.010 0.010    0.021 0.021 0.021 0.022 0.021 0.021 0.003 0.003 0.004 0.003 0.003 0.003 0.004 0.003 0.003 0.004 0.003 0.003 0.004 0.004 0.003   -995545    0 
 5200:    1.00    0.069    0.128 0.011 0.010 0.010 0.018 0.010 0.010    0.021 0.021 0.021 0.023 0.021 0.021 0.003 0.003 0.005 0.003 0.003 0.003 0.004 0.003 0.003 0.004 0.003 0.003 0.005 0.004 0.003   -994616    0 
 5300:    1.00    0.081    0.131 0.011 0.010 0.010 0.021 0.010 0.010    0.021 0.021 0.021 0.023 0.021 0.021 0.003 0.003 0.005 0.003 0.003 0.003 0.005 0.003 0.003 0.005 0.003 0.003 0.005 0.005 0.003   -993724    0 
 5400:    1.00    0.094    0.131 0.011 0.010 0.010 0.022 0.010 0.010    0.021 0.021 0.021 0.024 0.021 0.021 0.003 0.003 0.005 0.003 0.003 0.003 0.005 0.003 0.003 0.005 0.003 0.003 0.005 0.005 0.003   -993408    0 
 5500:    1.00    0.071    0.131 0.011 0.010 0.010 0.023 0.010 0.010    0.021 0.021 0.021 0.024 0.021 0.021 0.003 0.003 0.005 0.003 0.003 0.003 0.005 0.003 0.003 0.005 0.003 0.003 0.005 0.005 0.003   -993176    0 
 5600:    1.00    0.059    0.131 0.011 0.010 0.010 0.024 0.010 0.010    0.022 0.021 0.021 0.024 0.021 0.021 0.003 0.003 0.005 0.003 0.003 0.003 0.005 0.003 0.003 0.005 0.003 0.003 0.005 0.005 0.003   -993180    0 
 5700:    1.00    0.083    0.132 0.011 0.010 0.010 0.026 0.010 0.010    0.022 0.021 0.021 0.024 0.021 0.022 0.003 0.003 0.006 0.003 0.003 0.003 0.006 0.003 0.003 0.006 0.003 0.003 0.006 0.006 0.003   -993024    0 
 5800:    1.00    0.070    0.133 0.011 0.010 0.010 0.029 0.010 0.010    0.022 0.022 0.022 0.025 0.022 0.022 0.003 0.003 0.006 0.003 0.003 0.003 0.006 0.003 0.003 0.006 0.003 0.003 0.006 0.006 0.003   -992547    0 
 5900:    1.00    0.057    0.132 0.011 0.010 0.010 0.030 0.010 0.010    0.022 0.022 0.022 0.025 0.022 0.022 0.003 0.003 0.006 0.003 0.003 0.003 0.006 0.003 0.003 0.006 0.003 0.003 0.006 0.006 0.003   -992144    0 
 6000:    1.00    0.076    0.136 0.011 0.010 0.010 0.030 0.010 0.010    0.022 0.022 0.022 0.025 0.022 0.022 0.003 0.003 0.006 0.003 0.003 0.003 0.006 0.003 0.003 0.006 0.003 0.003 0.006 0.006 0.003   -991654    0 

MCMC completed

Inferred ancestry of individuals:
        Label (%Miss) Pop:  Inferred clusters
  1 18160D-09-0    (2)    1 :  0.089 0.115 0.164 0.148 0.027 0.143 0.315 
  2 18160D-09-0    (4)    1 :  0.098 0.050 0.279 0.117 0.027 0.159 0.268 
  3 18160D-09-0    (2)    1 :  0.809 0.015 0.013 0.095 0.008 0.039 0.020 
  4 18160D-09-0    (5)    1 :  0.919 0.010 0.015 0.011 0.009 0.012 0.023 
  5 18160D-09-0    (4)    1 :  0.848 0.019 0.024 0.032 0.007 0.024 0.045 
  6 18160D-09-0    (4)    1 :  0.872 0.023 0.023 0.030 0.010 0.017 0.026 
  7 18160D-09-0    (2)    1 :  0.891 0.019 0.015 0.022 0.005 0.019 0.030 
  8 18160D-09-0    (4)    1 :  0.037 0.024 0.264 0.060 0.064 0.178 0.373 
  9 18160D-09-0    (2)    1 :  0.024 0.062 0.024 0.047 0.777 0.056 0.010 
 10 18160D-09-1    (2)    1 :  0.007 0.031 0.012 0.057 0.869 0.011 0.012 
 11 18160D-09-1    (2)    1 :  0.004 0.087 0.020 0.044 0.775 0.048 0.023 
 12 18160D-09-1    (2)    1 :  0.013 0.124 0.023 0.019 0.754 0.038 0.029 
 13 18160D-09-1    (5)    1 :  0.087 0.071 0.307 0.243 0.037 0.191 0.064 
 14 18160D-09-1   (18)    1 :  0.045 0.074 0.602 0.132 0.035 0.029 0.082 
 15 18160D-09-1    (4)    1 :  0.046 0.053 0.358 0.107 0.012 0.361 0.062 
 16 18160D-09-1    (2)    1 :  0.008 0.025 0.010 0.060 0.848 0.017 0.032 
 17 18160D-09-1    (2)    1 :  0.051 0.132 0.129 0.082 0.027 0.179 0.399 
 18 18160D-09-1    (2)    1 :  0.066 0.008 0.052 0.030 0.042 0.064 0.738 
 19 18160D-09-1    (2)    1 :  0.022 0.034 0.726 0.058 0.018 0.087 0.054 
 20 18160D-09-2    (5)    1 :  0.034 0.078 0.380 0.026 0.133 0.155 0.194 
 21 18160D-09-2    (5)    1 :  0.009 0.034 0.553 0.046 0.048 0.107 0.203 
 22 18160D-09-2    (5)    1 :  0.022 0.606 0.193 0.026 0.020 0.033 0.101 
 23 18160D-09-2    (2)    1 :  0.027 0.097 0.365 0.141 0.032 0.250 0.088 

Command line arguments:   structure -D 694885 -K 7 -m mainparams -o k7/populations_k7_run9 
Input File:    populations.str
Output File:   k7/populations_k7_run9_f

Run parameters:
   23 individuals
   50160 loci
   7 populations assumed
   1000 Burn-in period
   5000 Reps
RANDOMIZE turned off

--------------------------------------------
Estimated Ln Prob of Data   = -76519181.1
Mean value of ln likelihood = -1009359.8
Variance of ln likelihood   = 151019642.6
Mean value of alpha         = 0.7845

Mean value of Fst_1         = 0.0568
Mean value of Fst_2         = 0.0102
Mean value of Fst_3         = 0.0100
Mean value of Fst_4         = 0.0099
Mean value of Fst_5         = 0.0139
Mean value of Fst_6         = 0.0102
Mean value of Fst_7         = 0.0101


--------------------------------------------
Proportion of membership of each pre-defined
 population in each of the 7 clusters

Given    Inferred Clusters                                   Number of
 Pop       1      2      3      4      5      6      7      Individuals

  1:     0.219  0.078  0.198  0.071  0.199  0.096  0.139       23
--------------------------------------------
Final results printed to file k7/populations_k7_run9_f

