

----------------------------------------------------
STRUCTURE by Pritchard, Stephens and Donnelly (2000)
     and Falush, Stephens and Pritchard (2003)
       Code by Pritchard, Falush and Hubisz
             Version 2.3.4 (Jul 2012)
----------------------------------------------------


Reading file "mainparams".
datafile is
populations.str
Reading file "extraparams".
Reading file "populations.str".


Data file "populations.str" (truncated) --

Ind:   Label Pop : Genotype_data . . . .
  1: 18160D-09-0    1  :  4   1   3   1   4   1   3  . . . .   2
  1: 18160D-09-0    1  :  4   1   3   1   4   4   4  . . . .   4
  2: 18160D-09-0    1  :  4   1   3   1   4   1   3  . . . .   2
  2: 18160D-09-0    1  :  4   1   3   1   4   4   3  . . . .   4
  3: 18160D-09-0    1  :  4   1   0   0   0   0   3  . . . .   2
  3: 18160D-09-0    1  :  4   3   0   0   0   0   3  . . . .   4
  4: 18160D-09-0    1  :  4   1   3   1   4   1   3  . . . .   2
  4: 18160D-09-0    1  :  4   3   3   1   4   1   3  . . . .   4

      *******   

 22: 18160D-09-2    1  :  4   1   3   1   4   1   3  . . . .   2
 22: 18160D-09-2    1  :  4   3   3   1   4   1   4  . . . .   4
 23: 18160D-09-2    1  :  4   1   3   1   4   1   3  . . . .   2
 23: 18160D-09-2    1  :  4   1   3   1   4   4   4  . . . .   4

Number of alleles per locus: min= 2; ave=2.0; max= 2


--------------------------------------

Finished initialization; starting MCMC 
5000 iterations + 1000 burnin


--------------------------------------------
Proportion of membership of each pre-defined
 population in each of the 7 clusters

Given    Inferred Clusters                                   Number of
 Pop       1      2      3      4      5      6      7      Individuals

  1:     0.138  0.143  0.145  0.147  0.145  0.142  0.141       23
--------------------------------------------

 Rep#:   Lambda   Alpha      F1    F2    F3    F4    F5    F6    F7     D1,2  D1,3  D1,4  D1,5  D1,6  D1,7  D2,3  D2,4  D2,5  D2,6  D2,7  D3,4  D3,5  D3,6  D3,7  D4,5  D4,6  D4,7  D5,6  D5,7  D6,7    Ln Like 
  100:    1.00    1.809    0.010 0.010 0.010 0.010 0.010 0.010 0.010    0.003 0.003 0.003 0.003 0.003 0.003 0.003 0.003 0.003 0.003 0.003 0.003 0.003 0.003 0.003 0.003 0.003 0.003 0.003 0.003 0.003   --  
  200:    1.00    2.549    0.010 0.010 0.010 0.010 0.010 0.010 0.010    0.003 0.003 0.003 0.003 0.003 0.003 0.003 0.003 0.003 0.003 0.003 0.003 0.003 0.003 0.003 0.003 0.003 0.003 0.003 0.003 0.003   --  
  300:    1.00    2.876    0.010 0.010 0.010 0.010 0.010 0.010 0.010    0.003 0.003 0.003 0.003 0.003 0.003 0.003 0.003 0.003 0.003 0.003 0.003 0.003 0.003 0.003 0.003 0.003 0.003 0.003 0.003 0.003   --  
  400:    1.00    3.235    0.010 0.010 0.010 0.010 0.010 0.010 0.010    0.003 0.003 0.003 0.003 0.003 0.003 0.003 0.003 0.003 0.003 0.003 0.003 0.003 0.003 0.003 0.003 0.003 0.003 0.003 0.003 0.003   --  
  500:    1.00    3.483    0.010 0.010 0.010 0.010 0.010 0.010 0.010    0.003 0.003 0.003 0.003 0.003 0.003 0.003 0.003 0.003 0.003 0.003 0.003 0.003 0.003 0.003 0.003 0.003 0.003 0.003 0.003 0.003   --  
  600:    1.00    3.677    0.010 0.010 0.010 0.010 0.010 0.010 0.010    0.003 0.003 0.003 0.003 0.003 0.003 0.003 0.003 0.003 0.003 0.003 0.003 0.003 0.003 0.003 0.003 0.003 0.003 0.003 0.003 0.003   --  
  700:    1.00    4.041    0.010 0.010 0.010 0.010 0.010 0.010 0.010    0.003 0.003 0.003 0.003 0.003 0.003 0.003 0.003 0.003 0.003 0.003 0.003 0.003 0.003 0.003 0.003 0.003 0.003 0.003 0.003 0.003   --  
  800:    1.00    3.781    0.010 0.010 0.010 0.010 0.010 0.010 0.010    0.003 0.003 0.003 0.003 0.003 0.003 0.003 0.003 0.003 0.003 0.003 0.003 0.003 0.003 0.003 0.003 0.003 0.003 0.003 0.003 0.003   --  
  900:    1.00    3.487    0.010 0.010 0.010 0.010 0.010 0.010 0.010    0.003 0.003 0.003 0.003 0.003 0.003 0.003 0.003 0.003 0.003 0.003 0.003 0.003 0.003 0.003 0.003 0.003 0.003 0.003 0.003 0.003   --  
 1000:    1.00    3.852    0.010 0.010 0.010 0.010 0.010 0.010 0.010    0.003 0.003 0.003 0.003 0.003 0.003 0.003 0.003 0.003 0.003 0.003 0.003 0.003 0.003 0.003 0.003 0.003 0.003 0.003 0.003 0.003   --  

BURNIN completed
 Rep#:   Lambda   Alpha      F1    F2    F3    F4    F5    F6    F7     D1,2  D1,3  D1,4  D1,5  D1,6  D1,7  D2,3  D2,4  D2,5  D2,6  D2,7  D3,4  D3,5  D3,6  D3,7  D4,5  D4,6  D4,7  D5,6  D5,7  D6,7    Ln Like  Est Ln P(D)
 1100:    1.00    3.827    0.010 0.010 0.010 0.010 0.010 0.010 0.010    0.003 0.003 0.003 0.003 0.003 0.003 0.003 0.003 0.003 0.003 0.003 0.003 0.003 0.003 0.003 0.003 0.003 0.003 0.003 0.003 0.003   -1026058    0 
 1200:    1.00    3.879    0.010 0.010 0.010 0.010 0.010 0.010 0.010    0.003 0.003 0.003 0.003 0.003 0.003 0.003 0.003 0.003 0.003 0.003 0.003 0.003 0.003 0.003 0.003 0.003 0.003 0.003 0.003 0.003   -1025638    0 
 1300:    1.00    3.317    0.010 0.010 0.010 0.010 0.010 0.010 0.010    0.003 0.003 0.003 0.003 0.003 0.003 0.003 0.003 0.003 0.003 0.003 0.003 0.003 0.003 0.003 0.003 0.003 0.003 0.003 0.003 0.003   -1025608    0 
 1400:    1.00    3.202    0.010 0.010 0.010 0.010 0.010 0.010 0.010    0.003 0.003 0.003 0.003 0.003 0.003 0.003 0.003 0.003 0.003 0.003 0.003 0.003 0.003 0.003 0.003 0.003 0.003 0.003 0.003 0.003   -1025308    0 
 1500:    1.00    3.074    0.010 0.010 0.010 0.010 0.010 0.010 0.010    0.003 0.003 0.003 0.003 0.003 0.003 0.003 0.003 0.003 0.003 0.003 0.003 0.003 0.003 0.003 0.003 0.003 0.003 0.003 0.003 0.003   -1025491    0 
 1600:    1.00    2.705    0.010 0.010 0.010 0.010 0.010 0.010 0.010    0.003 0.003 0.003 0.003 0.003 0.003 0.003 0.003 0.003 0.003 0.003 0.003 0.003 0.003 0.003 0.003 0.003 0.003 0.003 0.003 0.003   -1024986    0 
 1700:    1.00    2.458    0.010 0.010 0.010 0.010 0.010 0.010 0.010    0.003 0.003 0.003 0.003 0.003 0.003 0.003 0.003 0.003 0.003 0.003 0.003 0.003 0.003 0.003 0.003 0.003 0.003 0.003 0.003 0.003   -1024661    0 
 1800:    1.00    1.828    0.010 0.010 0.010 0.010 0.010 0.010 0.010    0.003 0.003 0.003 0.003 0.003 0.003 0.003 0.003 0.003 0.003 0.003 0.003 0.003 0.003 0.003 0.003 0.003 0.003 0.003 0.003 0.003   -1024593    0 
 1900:    1.00    1.710    0.010 0.010 0.010 0.010 0.010 0.010 0.010    0.003 0.003 0.003 0.003 0.003 0.003 0.003 0.003 0.003 0.003 0.003 0.003 0.003 0.003 0.003 0.003 0.003 0.003 0.003 0.003 0.003   -1024388    0 

--------------------------------------------
Proportion of membership of each pre-defined
 population in each of the 7 clusters

Given    Inferred Clusters                                   Number of
 Pop       1      2      3      4      5      6      7      Individuals

  1:     0.138  0.122  0.143  0.177  0.136  0.107  0.176       23
--------------------------------------------

 Rep#:   Lambda   Alpha      F1    F2    F3    F4    F5    F6    F7     D1,2  D1,3  D1,4  D1,5  D1,6  D1,7  D2,3  D2,4  D2,5  D2,6  D2,7  D3,4  D3,5  D3,6  D3,7  D4,5  D4,6  D4,7  D5,6  D5,7  D6,7    Ln Like  Est Ln P(D)
 2000:    1.00    1.825    0.010 0.010 0.010 0.010 0.010 0.010 0.010    0.003 0.003 0.003 0.003 0.003 0.003 0.003 0.003 0.003 0.003 0.003 0.003 0.003 0.003 0.003 0.003 0.003 0.003 0.003 0.003 0.003   -1023541    0 
 2100:    1.00    1.450    0.010 0.010 0.010 0.010 0.010 0.010 0.010    0.003 0.003 0.003 0.003 0.003 0.003 0.003 0.003 0.003 0.003 0.003 0.003 0.003 0.003 0.003 0.003 0.003 0.003 0.003 0.003 0.003   -1022890    0 
 2200:    1.00    1.143    0.010 0.010 0.010 0.010 0.010 0.010 0.010    0.003 0.003 0.003 0.003 0.003 0.003 0.003 0.003 0.003 0.003 0.003 0.003 0.003 0.003 0.003 0.003 0.003 0.003 0.003 0.003 0.003   -1022092    0 
 2300:    1.00    0.844    0.010 0.010 0.010 0.010 0.010 0.010 0.010    0.003 0.003 0.003 0.003 0.003 0.003 0.003 0.003 0.003 0.003 0.003 0.003 0.003 0.003 0.003 0.003 0.003 0.003 0.003 0.003 0.003   -1020879    0 
 2400:    1.00    0.686    0.010 0.010 0.010 0.011 0.010 0.010 0.010    0.003 0.003 0.003 0.003 0.003 0.003 0.003 0.003 0.003 0.003 0.003 0.003 0.003 0.003 0.003 0.003 0.003 0.003 0.003 0.003 0.003   -1020657    0 
 2500:    1.00    0.575    0.010 0.010 0.010 0.011 0.010 0.010 0.010    0.003 0.003 0.003 0.003 0.003 0.003 0.003 0.003 0.003 0.003 0.003 0.003 0.003 0.003 0.003 0.003 0.003 0.003 0.003 0.003 0.003   -1019839    0 
 2600:    1.00    0.425    0.010 0.010 0.010 0.011 0.010 0.010 0.011    0.003 0.003 0.003 0.003 0.003 0.003 0.003 0.003 0.003 0.003 0.003 0.003 0.003 0.003 0.003 0.003 0.003 0.004 0.003 0.003 0.003   -1018568    0 
 2700:    1.00    0.415    0.010 0.010 0.010 0.012 0.010 0.010 0.011    0.003 0.003 0.003 0.003 0.003 0.003 0.003 0.003 0.003 0.003 0.003 0.003 0.003 0.003 0.003 0.003 0.003 0.004 0.003 0.003 0.003   -1017587    0 
 2800:    1.00    0.316    0.010 0.010 0.010 0.013 0.010 0.010 0.011    0.003 0.003 0.004 0.003 0.003 0.003 0.003 0.004 0.003 0.003 0.003 0.004 0.003 0.003 0.003 0.004 0.004 0.004 0.003 0.003 0.003   -1016305    0 
 2900:    1.00    0.256    0.010 0.010 0.010 0.013 0.010 0.010 0.011    0.003 0.003 0.004 0.003 0.003 0.003 0.003 0.004 0.003 0.003 0.003 0.004 0.003 0.003 0.003 0.004 0.004 0.004 0.003 0.003 0.003   -1016383    0 

--------------------------------------------
Proportion of membership of each pre-defined
 population in each of the 7 clusters

Given    Inferred Clusters                                   Number of
 Pop       1      2      3      4      5      6      7      Individuals

  1:     0.144  0.051  0.152  0.232  0.131  0.086  0.202       23
--------------------------------------------

 Rep#:   Lambda   Alpha      F1    F2    F3    F4    F5    F6    F7     D1,2  D1,3  D1,4  D1,5  D1,6  D1,7  D2,3  D2,4  D2,5  D2,6  D2,7  D3,4  D3,5  D3,6  D3,7  D4,5  D4,6  D4,7  D5,6  D5,7  D6,7    Ln Like  Est Ln P(D)
 3000:    1.00    0.250    0.010 0.010 0.010 0.013 0.010 0.010 0.011    0.003 0.003 0.004 0.003 0.003 0.003 0.003 0.004 0.003 0.003 0.003 0.004 0.003 0.003 0.003 0.004 0.004 0.004 0.003 0.003 0.003   -1015949    0 
 3100:    1.00    0.212    0.010 0.010 0.010 0.015 0.010 0.010 0.011    0.003 0.003 0.004 0.003 0.003 0.003 0.003 0.004 0.003 0.003 0.003 0.004 0.003 0.003 0.003 0.004 0.004 0.004 0.003 0.003 0.003   -1015202    0 
 3200:    1.00    0.192    0.010 0.010 0.010 0.016 0.010 0.010 0.011    0.003 0.003 0.004 0.003 0.003 0.003 0.003 0.004 0.003 0.003 0.003 0.004 0.003 0.003 0.003 0.004 0.004 0.004 0.003 0.003 0.003   -1014203    0 
 3300:    1.00    0.164    0.010 0.010 0.010 0.018 0.010 0.010 0.011    0.003 0.003 0.004 0.003 0.003 0.003 0.003 0.004 0.003 0.003 0.003 0.004 0.003 0.003 0.003 0.004 0.004 0.005 0.003 0.003 0.003   -1013742    0 
 3400:    1.00    0.155    0.010 0.010 0.010 0.018 0.010 0.010 0.011    0.003 0.003 0.004 0.003 0.003 0.003 0.003 0.004 0.003 0.003 0.003 0.004 0.003 0.003 0.003 0.004 0.004 0.005 0.003 0.003 0.003   -1013185    0 
 3500:    1.00    0.140    0.010 0.010 0.010 0.018 0.010 0.010 0.011    0.003 0.003 0.004 0.003 0.003 0.003 0.003 0.004 0.003 0.003 0.003 0.004 0.003 0.003 0.003 0.004 0.004 0.005 0.003 0.003 0.003   -1013220    0 
 3600:    1.00    0.144    0.010 0.010 0.010 0.018 0.010 0.010 0.012    0.003 0.003 0.004 0.003 0.003 0.003 0.003 0.004 0.003 0.003 0.003 0.004 0.003 0.003 0.003 0.004 0.004 0.005 0.003 0.003 0.003   -1012589    0 
 3700:    1.00    0.116    0.010 0.010 0.010 0.027 0.010 0.010 0.012    0.003 0.003 0.006 0.003 0.003 0.003 0.003 0.006 0.003 0.003 0.003 0.006 0.003 0.003 0.003 0.006 0.006 0.006 0.003 0.003 0.003   -1009727    0 
 3800:    1.00    0.111    0.010 0.010 0.010 0.042 0.010 0.010 0.012    0.003 0.003 0.008 0.003 0.003 0.003 0.003 0.008 0.003 0.003 0.003 0.008 0.003 0.003 0.003 0.008 0.008 0.009 0.003 0.003 0.003   -1005764    0 
 3900:    1.00    0.097    0.010 0.010 0.010 0.077 0.010 0.010 0.012    0.003 0.003 0.014 0.003 0.003 0.003 0.003 0.014 0.003 0.003 0.003 0.014 0.003 0.003 0.003 0.014 0.014 0.014 0.003 0.003 0.003   -1000715    0 

--------------------------------------------
Proportion of membership of each pre-defined
 population in each of the 7 clusters

Given    Inferred Clusters                                   Number of
 Pop       1      2      3      4      5      6      7      Individuals

  1:     0.171  0.034  0.160  0.223  0.142  0.057  0.213       23
--------------------------------------------

 Rep#:   Lambda   Alpha      F1    F2    F3    F4    F5    F6    F7     D1,2  D1,3  D1,4  D1,5  D1,6  D1,7  D2,3  D2,4  D2,5  D2,6  D2,7  D3,4  D3,5  D3,6  D3,7  D4,5  D4,6  D4,7  D5,6  D5,7  D6,7    Ln Like  Est Ln P(D)
 4000:    1.00    0.109    0.010 0.010 0.010 0.091 0.010 0.010 0.012    0.003 0.003 0.016 0.003 0.003 0.004 0.003 0.016 0.003 0.003 0.003 0.016 0.003 0.003 0.003 0.016 0.016 0.016 0.003 0.003 0.003   -998716    0 
 4100:    1.00    0.082    0.010 0.010 0.010 0.104 0.010 0.010 0.012    0.003 0.003 0.017 0.003 0.003 0.004 0.003 0.017 0.003 0.003 0.003 0.017 0.003 0.003 0.003 0.018 0.017 0.018 0.003 0.003 0.003   -997743    0 
 4200:    1.00    0.083    0.010 0.010 0.010 0.106 0.010 0.010 0.012    0.003 0.003 0.018 0.003 0.003 0.003 0.003 0.018 0.003 0.003 0.003 0.018 0.003 0.003 0.003 0.018 0.018 0.018 0.003 0.003 0.003   -997652    0 
 4300:    1.00    0.094    0.010 0.010 0.010 0.109 0.010 0.010 0.012    0.003 0.003 0.018 0.003 0.003 0.004 0.003 0.018 0.003 0.003 0.003 0.018 0.003 0.003 0.003 0.018 0.018 0.019 0.003 0.003 0.003   -997003    0 
 4400:    1.00    0.076    0.010 0.010 0.010 0.112 0.010 0.010 0.012    0.003 0.003 0.018 0.003 0.003 0.003 0.003 0.018 0.003 0.003 0.003 0.018 0.003 0.003 0.004 0.018 0.018 0.019 0.003 0.003 0.003   -996822    0 
 4500:    1.00    0.060    0.010 0.010 0.010 0.112 0.010 0.010 0.012    0.003 0.003 0.019 0.003 0.003 0.003 0.003 0.019 0.003 0.003 0.003 0.019 0.003 0.003 0.003 0.019 0.018 0.019 0.003 0.003 0.003   -996759    0 
 4600:    1.00    0.086    0.010 0.010 0.010 0.113 0.010 0.010 0.012    0.003 0.003 0.018 0.003 0.003 0.003 0.003 0.018 0.003 0.003 0.003 0.018 0.003 0.003 0.003 0.018 0.018 0.019 0.003 0.003 0.003   -996917    0 
 4700:    1.00    0.067    0.010 0.010 0.010 0.113 0.010 0.010 0.013    0.003 0.003 0.019 0.003 0.003 0.004 0.003 0.019 0.003 0.003 0.004 0.019 0.003 0.003 0.004 0.019 0.019 0.019 0.003 0.004 0.004   -995934    0 
 4800:    1.00    0.073    0.010 0.010 0.010 0.114 0.010 0.010 0.013    0.003 0.003 0.019 0.003 0.003 0.004 0.003 0.019 0.003 0.003 0.004 0.019 0.003 0.003 0.004 0.019 0.019 0.019 0.003 0.004 0.003   -996306    0 
 4900:    1.00    0.066    0.010 0.010 0.010 0.119 0.010 0.010 0.013    0.003 0.003 0.020 0.003 0.003 0.004 0.003 0.020 0.003 0.003 0.004 0.020 0.003 0.003 0.004 0.020 0.020 0.020 0.003 0.004 0.004   -996505    0 

--------------------------------------------
Proportion of membership of each pre-defined
 population in each of the 7 clusters

Given    Inferred Clusters                                   Number of
 Pop       1      2      3      4      5      6      7      Individuals

  1:     0.170  0.020  0.160  0.219  0.161  0.051  0.218       23
--------------------------------------------

 Rep#:   Lambda   Alpha      F1    F2    F3    F4    F5    F6    F7     D1,2  D1,3  D1,4  D1,5  D1,6  D1,7  D2,3  D2,4  D2,5  D2,6  D2,7  D3,4  D3,5  D3,6  D3,7  D4,5  D4,6  D4,7  D5,6  D5,7  D6,7    Ln Like  Est Ln P(D)
 5000:    1.00    0.063    0.010 0.010 0.010 0.119 0.010 0.010 0.013    0.003 0.003 0.020 0.003 0.003 0.004 0.003 0.020 0.003 0.003 0.004 0.020 0.003 0.003 0.004 0.020 0.020 0.021 0.003 0.004 0.004   -996128    0 
 5100:    1.00    0.074    0.010 0.010 0.010 0.122 0.010 0.010 0.013    0.003 0.003 0.020 0.003 0.003 0.004 0.003 0.020 0.003 0.003 0.004 0.020 0.003 0.003 0.004 0.020 0.020 0.021 0.003 0.004 0.004   -995817    0 
 5200:    1.00    0.062    0.010 0.010 0.010 0.126 0.010 0.010 0.014    0.003 0.003 0.021 0.003 0.003 0.004 0.003 0.021 0.003 0.003 0.004 0.021 0.003 0.003 0.004 0.021 0.021 0.021 0.003 0.004 0.004   -995426    0 
 5300:    1.00    0.060    0.010 0.010 0.010 0.127 0.010 0.010 0.014    0.003 0.003 0.021 0.003 0.003 0.004 0.003 0.021 0.003 0.003 0.004 0.021 0.003 0.003 0.004 0.021 0.021 0.022 0.003 0.004 0.004   -995849    0 
 5400:    1.00    0.070    0.010 0.010 0.010 0.130 0.010 0.010 0.015    0.003 0.003 0.021 0.003 0.003 0.004 0.003 0.021 0.003 0.003 0.004 0.021 0.003 0.003 0.004 0.021 0.021 0.022 0.003 0.004 0.004   -995355    0 
 5500:    1.00    0.068    0.010 0.010 0.010 0.130 0.010 0.010 0.015    0.003 0.003 0.021 0.003 0.003 0.004 0.003 0.021 0.003 0.003 0.004 0.021 0.003 0.003 0.004 0.021 0.021 0.022 0.003 0.004 0.004   -994876    0 
 5600:    1.00    0.083    0.010 0.010 0.010 0.133 0.010 0.010 0.016    0.003 0.003 0.021 0.003 0.003 0.004 0.003 0.021 0.003 0.003 0.004 0.021 0.003 0.003 0.004 0.021 0.021 0.023 0.003 0.004 0.004   -994534    0 
 5700:    1.00    0.063    0.010 0.010 0.010 0.133 0.010 0.010 0.016    0.003 0.003 0.021 0.003 0.003 0.004 0.003 0.021 0.003 0.003 0.004 0.021 0.003 0.003 0.004 0.021 0.021 0.023 0.003 0.004 0.004   -994168    0 
 5800:    1.00    0.065    0.010 0.010 0.010 0.134 0.010 0.010 0.016    0.003 0.003 0.022 0.003 0.003 0.004 0.003 0.022 0.003 0.003 0.004 0.022 0.003 0.003 0.004 0.022 0.022 0.023 0.003 0.004 0.004   -995160    0 
 5900:    1.00    0.061    0.010 0.010 0.010 0.133 0.010 0.010 0.017    0.003 0.003 0.022 0.003 0.003 0.004 0.003 0.022 0.003 0.003 0.004 0.022 0.003 0.003 0.004 0.022 0.022 0.023 0.003 0.004 0.004   -994366    0 
 6000:    1.00    0.075    0.010 0.010 0.010 0.134 0.010 0.010 0.018    0.003 0.003 0.021 0.003 0.003 0.004 0.003 0.021 0.003 0.003 0.004 0.022 0.003 0.003 0.004 0.022 0.021 0.023 0.003 0.004 0.004   -994578    0 

MCMC completed

Inferred ancestry of individuals:
        Label (%Miss) Pop:  Inferred clusters
  1 18160D-09-0    (2)    1 :  0.111 0.118 0.515 0.047 0.100 0.041 0.069 
  2 18160D-09-0    (4)    1 :  0.108 0.122 0.405 0.066 0.235 0.012 0.052 
  3 18160D-09-0    (2)    1 :  0.060 0.034 0.050 0.788 0.027 0.022 0.020 
  4 18160D-09-0    (5)    1 :  0.018 0.087 0.010 0.832 0.017 0.018 0.017 
  5 18160D-09-0    (4)    1 :  0.011 0.109 0.026 0.776 0.023 0.032 0.022 
  6 18160D-09-0    (4)    1 :  0.015 0.056 0.016 0.856 0.015 0.029 0.013 
  7 18160D-09-0    (2)    1 :  0.009 0.067 0.018 0.850 0.031 0.016 0.008 
  8 18160D-09-0    (4)    1 :  0.644 0.029 0.057 0.049 0.106 0.049 0.065 
  9 18160D-09-0    (2)    1 :  0.069 0.026 0.014 0.022 0.057 0.099 0.713 
 10 18160D-09-1    (2)    1 :  0.028 0.004 0.007 0.021 0.007 0.030 0.904 
 11 18160D-09-1    (2)    1 :  0.054 0.013 0.037 0.014 0.053 0.035 0.794 
 12 18160D-09-1    (2)    1 :  0.108 0.022 0.015 0.024 0.037 0.112 0.682 
 13 18160D-09-1    (5)    1 :  0.080 0.135 0.371 0.056 0.159 0.165 0.034 
 14 18160D-09-1   (18)    1 :  0.399 0.088 0.203 0.067 0.081 0.135 0.026 
 15 18160D-09-1    (4)    1 :  0.159 0.049 0.266 0.046 0.335 0.105 0.040 
 16 18160D-09-1    (2)    1 :  0.039 0.010 0.029 0.029 0.021 0.027 0.845 
 17 18160D-09-1    (2)    1 :  0.298 0.053 0.173 0.027 0.185 0.222 0.043 
 18 18160D-09-1    (2)    1 :  0.152 0.015 0.114 0.046 0.617 0.021 0.035 
 19 18160D-09-1    (2)    1 :  0.029 0.107 0.035 0.064 0.635 0.086 0.044 
 20 18160D-09-2    (5)    1 :  0.717 0.030 0.025 0.032 0.107 0.040 0.049 
 21 18160D-09-2    (5)    1 :  0.337 0.092 0.270 0.035 0.130 0.102 0.034 
 22 18160D-09-2    (5)    1 :  0.021 0.036 0.797 0.010 0.088 0.022 0.026 
 23 18160D-09-2    (2)    1 :  0.214 0.066 0.061 0.005 0.307 0.322 0.025 

Command line arguments:   structure -D 513981 -K 7 -m mainparams -o k7/populations_k7_run1 
Input File:    populations.str
Output File:   k7/populations_k7_run1_f

Run parameters:
   23 individuals
   50160 loci
   7 populations assumed
   1000 Burn-in period
   5000 Reps
RANDOMIZE turned off

--------------------------------------------
Estimated Ln Prob of Data   = -75695744.0
Mean value of ln likelihood = -1009461.7
Variance of ln likelihood   = 149372564.7
Mean value of alpha         = 0.7784

Mean value of Fst_1         = 0.0102
Mean value of Fst_2         = 0.0099
Mean value of Fst_3         = 0.0101
Mean value of Fst_4         = 0.0584
Mean value of Fst_5         = 0.0099
Mean value of Fst_6         = 0.0097
Mean value of Fst_7         = 0.0118


--------------------------------------------
Proportion of membership of each pre-defined
 population in each of the 7 clusters

Given    Inferred Clusters                                   Number of
 Pop       1      2      3      4      5      6      7      Individuals

  1:     0.160  0.059  0.153  0.207  0.147  0.076  0.198       23
--------------------------------------------
Final results printed to file k7/populations_k7_run1_f

