

----------------------------------------------------
STRUCTURE by Pritchard, Stephens and Donnelly (2000)
     and Falush, Stephens and Pritchard (2003)
       Code by Pritchard, Falush and Hubisz
             Version 2.3.4 (Jul 2012)
----------------------------------------------------


Reading file "mainparams".
datafile is
populations.str
Reading file "extraparams".
Reading file "populations.str".


Data file "populations.str" (truncated) --

Ind:   Label Pop : Genotype_data . . . .
  1: 18160D-09-0    1  :  4   1   3   1   4   1   3  . . . .   2
  1: 18160D-09-0    1  :  4   1   3   1   4   4   4  . . . .   4
  2: 18160D-09-0    1  :  4   1   3   1   4   1   3  . . . .   2
  2: 18160D-09-0    1  :  4   1   3   1   4   4   3  . . . .   4
  3: 18160D-09-0    1  :  4   1   0   0   0   0   3  . . . .   2
  3: 18160D-09-0    1  :  4   3   0   0   0   0   3  . . . .   4
  4: 18160D-09-0    1  :  4   1   3   1   4   1   3  . . . .   2
  4: 18160D-09-0    1  :  4   3   3   1   4   1   3  . . . .   4

      *******   

 22: 18160D-09-2    1  :  4   1   3   1   4   1   3  . . . .   2
 22: 18160D-09-2    1  :  4   3   3   1   4   1   4  . . . .   4
 23: 18160D-09-2    1  :  4   1   3   1   4   1   3  . . . .   2
 23: 18160D-09-2    1  :  4   1   3   1   4   4   4  . . . .   4

Number of alleles per locus: min= 2; ave=2.0; max= 2


--------------------------------------

Finished initialization; starting MCMC 
5000 iterations + 1000 burnin


--------------------------------------------
Proportion of membership of each pre-defined
 population in each of the 7 clusters

Given    Inferred Clusters                                   Number of
 Pop       1      2      3      4      5      6      7      Individuals

  1:     0.134  0.147  0.140  0.143  0.146  0.147  0.143       23
--------------------------------------------

 Rep#:   Lambda   Alpha      F1    F2    F3    F4    F5    F6    F7     D1,2  D1,3  D1,4  D1,5  D1,6  D1,7  D2,3  D2,4  D2,5  D2,6  D2,7  D3,4  D3,5  D3,6  D3,7  D4,5  D4,6  D4,7  D5,6  D5,7  D6,7    Ln Like 
  100:    1.00    1.673    0.010 0.010 0.010 0.010 0.010 0.010 0.010    0.003 0.003 0.003 0.003 0.003 0.003 0.003 0.003 0.003 0.003 0.003 0.003 0.003 0.003 0.003 0.003 0.003 0.003 0.003 0.003 0.003   --  
  200:    1.00    2.137    0.010 0.010 0.010 0.010 0.010 0.010 0.010    0.003 0.003 0.003 0.003 0.003 0.003 0.003 0.003 0.003 0.003 0.003 0.003 0.003 0.003 0.003 0.003 0.003 0.003 0.003 0.003 0.003   --  
  300:    1.00    2.566    0.010 0.010 0.010 0.010 0.010 0.010 0.010    0.003 0.003 0.003 0.003 0.003 0.003 0.003 0.003 0.003 0.003 0.003 0.003 0.003 0.003 0.003 0.003 0.003 0.003 0.003 0.003 0.003   --  
  400:    1.00    2.885    0.010 0.010 0.010 0.010 0.010 0.010 0.010    0.003 0.003 0.003 0.003 0.003 0.003 0.003 0.003 0.003 0.003 0.003 0.003 0.003 0.003 0.003 0.003 0.003 0.003 0.003 0.003 0.003   --  
  500:    1.00    2.888    0.010 0.010 0.010 0.010 0.010 0.010 0.010    0.003 0.003 0.003 0.003 0.003 0.003 0.003 0.003 0.003 0.003 0.003 0.003 0.003 0.003 0.003 0.003 0.003 0.003 0.003 0.003 0.003   --  
  600:    1.00    3.366    0.010 0.010 0.010 0.010 0.010 0.010 0.010    0.003 0.003 0.003 0.003 0.003 0.003 0.003 0.003 0.003 0.003 0.003 0.003 0.003 0.003 0.003 0.003 0.003 0.003 0.003 0.003 0.003   --  
  700:    1.00    3.652    0.010 0.010 0.010 0.010 0.010 0.010 0.010    0.003 0.003 0.003 0.003 0.003 0.003 0.003 0.003 0.003 0.003 0.003 0.003 0.003 0.003 0.003 0.003 0.003 0.003 0.003 0.003 0.003   --  
  800:    1.00    3.502    0.010 0.010 0.010 0.010 0.010 0.010 0.010    0.003 0.003 0.003 0.003 0.003 0.003 0.003 0.003 0.003 0.003 0.003 0.003 0.003 0.003 0.003 0.003 0.003 0.003 0.003 0.003 0.003   --  
  900:    1.00    3.002    0.010 0.010 0.010 0.010 0.010 0.010 0.010    0.003 0.003 0.003 0.003 0.003 0.003 0.003 0.003 0.003 0.003 0.003 0.003 0.003 0.003 0.003 0.003 0.003 0.003 0.003 0.003 0.003   --  
 1000:    1.00    2.630    0.010 0.010 0.010 0.010 0.010 0.010 0.010    0.003 0.003 0.003 0.003 0.003 0.003 0.003 0.003 0.003 0.003 0.003 0.003 0.003 0.003 0.003 0.003 0.003 0.003 0.003 0.003 0.003   --  

BURNIN completed
 Rep#:   Lambda   Alpha      F1    F2    F3    F4    F5    F6    F7     D1,2  D1,3  D1,4  D1,5  D1,6  D1,7  D2,3  D2,4  D2,5  D2,6  D2,7  D3,4  D3,5  D3,6  D3,7  D4,5  D4,6  D4,7  D5,6  D5,7  D6,7    Ln Like  Est Ln P(D)
 1100:    1.00    2.774    0.010 0.010 0.010 0.010 0.010 0.010 0.010    0.003 0.003 0.003 0.003 0.003 0.003 0.003 0.003 0.003 0.003 0.003 0.003 0.003 0.003 0.003 0.003 0.003 0.003 0.003 0.003 0.003   -1025362    0 
 1200:    1.00    2.834    0.010 0.010 0.010 0.010 0.010 0.010 0.010    0.003 0.003 0.003 0.003 0.003 0.003 0.003 0.003 0.003 0.003 0.003 0.003 0.003 0.003 0.003 0.003 0.003 0.003 0.003 0.003 0.003   -1025211    0 
 1300:    1.00    2.743    0.010 0.010 0.010 0.010 0.010 0.010 0.010    0.003 0.003 0.003 0.003 0.003 0.003 0.003 0.003 0.003 0.003 0.003 0.003 0.003 0.003 0.003 0.003 0.003 0.003 0.003 0.003 0.003   -1024818    0 
 1400:    1.00    2.109    0.010 0.010 0.010 0.010 0.010 0.010 0.010    0.003 0.003 0.003 0.003 0.003 0.003 0.003 0.003 0.003 0.003 0.003 0.003 0.003 0.003 0.003 0.003 0.003 0.003 0.003 0.003 0.003   -1024333    0 
 1500:    1.00    1.615    0.010 0.010 0.010 0.010 0.010 0.010 0.010    0.003 0.003 0.003 0.003 0.003 0.003 0.003 0.003 0.003 0.003 0.003 0.003 0.003 0.003 0.003 0.003 0.003 0.003 0.003 0.003 0.003   -1023605    0 
 1600:    1.00    1.403    0.010 0.010 0.010 0.010 0.010 0.010 0.010    0.003 0.003 0.003 0.003 0.003 0.003 0.003 0.003 0.003 0.003 0.003 0.003 0.003 0.003 0.003 0.003 0.003 0.003 0.003 0.003 0.003   -1023266    0 
 1700:    1.00    0.920    0.010 0.010 0.010 0.010 0.010 0.010 0.010    0.003 0.003 0.003 0.003 0.003 0.003 0.003 0.003 0.003 0.003 0.003 0.003 0.003 0.003 0.003 0.003 0.003 0.003 0.003 0.003 0.003   -1022788    0 
 1800:    1.00    0.814    0.010 0.010 0.010 0.010 0.010 0.010 0.010    0.003 0.003 0.003 0.003 0.003 0.003 0.003 0.003 0.003 0.003 0.003 0.003 0.003 0.003 0.003 0.003 0.003 0.003 0.003 0.003 0.003   -1022007    0 
 1900:    1.00    0.814    0.010 0.010 0.010 0.010 0.010 0.010 0.010    0.003 0.003 0.003 0.003 0.003 0.003 0.003 0.003 0.003 0.003 0.003 0.003 0.003 0.003 0.003 0.003 0.003 0.003 0.003 0.003 0.003   -1021423    0 

--------------------------------------------
Proportion of membership of each pre-defined
 population in each of the 7 clusters

Given    Inferred Clusters                                   Number of
 Pop       1      2      3      4      5      6      7      Individuals

  1:     0.104  0.087  0.163  0.212  0.132  0.133  0.168       23
--------------------------------------------

 Rep#:   Lambda   Alpha      F1    F2    F3    F4    F5    F6    F7     D1,2  D1,3  D1,4  D1,5  D1,6  D1,7  D2,3  D2,4  D2,5  D2,6  D2,7  D3,4  D3,5  D3,6  D3,7  D4,5  D4,6  D4,7  D5,6  D5,7  D6,7    Ln Like  Est Ln P(D)
 2000:    1.00    0.561    0.010 0.010 0.010 0.010 0.010 0.010 0.010    0.003 0.003 0.003 0.003 0.003 0.003 0.003 0.003 0.003 0.003 0.003 0.003 0.003 0.003 0.003 0.003 0.003 0.003 0.003 0.003 0.003   -1021242    0 
 2100:    1.00    0.606    0.010 0.010 0.010 0.010 0.010 0.010 0.010    0.003 0.003 0.003 0.003 0.003 0.003 0.003 0.003 0.003 0.003 0.003 0.003 0.003 0.003 0.003 0.003 0.003 0.003 0.003 0.003 0.003   -1020265    0 
 2200:    1.00    0.456    0.010 0.010 0.010 0.011 0.010 0.010 0.010    0.003 0.003 0.003 0.003 0.003 0.003 0.003 0.003 0.003 0.003 0.003 0.003 0.003 0.003 0.003 0.003 0.003 0.003 0.003 0.003 0.003   -1019486    0 
 2300:    1.00    0.369    0.010 0.010 0.010 0.011 0.010 0.010 0.011    0.003 0.003 0.003 0.003 0.003 0.003 0.003 0.003 0.003 0.003 0.003 0.003 0.003 0.003 0.003 0.003 0.003 0.003 0.003 0.003 0.003   -1019127    0 
 2400:    1.00    0.373    0.010 0.010 0.010 0.011 0.010 0.010 0.011    0.003 0.003 0.003 0.003 0.003 0.003 0.003 0.003 0.003 0.003 0.003 0.003 0.003 0.003 0.003 0.003 0.003 0.004 0.003 0.003 0.003   -1018596    0 
 2500:    1.00    0.347    0.010 0.010 0.010 0.011 0.010 0.010 0.012    0.003 0.003 0.003 0.003 0.003 0.003 0.003 0.003 0.003 0.003 0.003 0.003 0.003 0.003 0.003 0.003 0.003 0.004 0.003 0.003 0.003   -1018348    0 
 2600:    1.00    0.245    0.010 0.010 0.010 0.011 0.010 0.010 0.012    0.003 0.003 0.003 0.003 0.003 0.003 0.003 0.003 0.003 0.003 0.003 0.003 0.003 0.003 0.003 0.003 0.003 0.004 0.003 0.003 0.003   -1017768    0 
 2700:    1.00    0.186    0.010 0.010 0.010 0.011 0.010 0.010 0.012    0.003 0.003 0.003 0.003 0.003 0.003 0.003 0.003 0.003 0.003 0.003 0.003 0.003 0.003 0.003 0.003 0.003 0.004 0.003 0.003 0.003   -1017403    0 
 2800:    1.00    0.204    0.010 0.010 0.010 0.012 0.010 0.010 0.013    0.003 0.003 0.003 0.003 0.003 0.004 0.003 0.003 0.003 0.003 0.004 0.003 0.003 0.003 0.004 0.003 0.003 0.004 0.003 0.004 0.004   -1017001    0 
 2900:    1.00    0.238    0.010 0.010 0.010 0.013 0.010 0.010 0.014    0.003 0.003 0.004 0.003 0.003 0.004 0.003 0.003 0.003 0.003 0.004 0.004 0.003 0.003 0.004 0.004 0.004 0.004 0.003 0.004 0.004   -1016394    0 

--------------------------------------------
Proportion of membership of each pre-defined
 population in each of the 7 clusters

Given    Inferred Clusters                                   Number of
 Pop       1      2      3      4      5      6      7      Individuals

  1:     0.097  0.052  0.192  0.236  0.129  0.137  0.157       23
--------------------------------------------

 Rep#:   Lambda   Alpha      F1    F2    F3    F4    F5    F6    F7     D1,2  D1,3  D1,4  D1,5  D1,6  D1,7  D2,3  D2,4  D2,5  D2,6  D2,7  D3,4  D3,5  D3,6  D3,7  D4,5  D4,6  D4,7  D5,6  D5,7  D6,7    Ln Like  Est Ln P(D)
 3000:    1.00    0.206    0.010 0.010 0.010 0.014 0.010 0.010 0.015    0.003 0.003 0.004 0.003 0.003 0.004 0.003 0.004 0.003 0.003 0.004 0.004 0.003 0.003 0.004 0.004 0.004 0.005 0.003 0.004 0.004   -1015179    0 
 3100:    1.00    0.187    0.010 0.010 0.010 0.014 0.010 0.010 0.016    0.003 0.003 0.004 0.003 0.003 0.004 0.003 0.004 0.003 0.003 0.004 0.004 0.003 0.003 0.004 0.004 0.004 0.005 0.003 0.004 0.004   -1015014    0 
 3200:    1.00    0.175    0.010 0.010 0.010 0.015 0.010 0.010 0.016    0.003 0.003 0.004 0.003 0.003 0.004 0.003 0.004 0.003 0.003 0.004 0.004 0.003 0.003 0.004 0.004 0.004 0.005 0.003 0.004 0.004   -1014476    0 
 3300:    1.00    0.194    0.010 0.010 0.010 0.019 0.010 0.010 0.018    0.003 0.003 0.005 0.003 0.003 0.004 0.003 0.004 0.003 0.003 0.004 0.005 0.003 0.003 0.004 0.005 0.005 0.006 0.003 0.004 0.004   -1012208    0 
 3400:    1.00    0.150    0.010 0.010 0.010 0.026 0.010 0.010 0.018    0.003 0.003 0.006 0.003 0.003 0.004 0.003 0.006 0.003 0.003 0.004 0.006 0.003 0.003 0.004 0.006 0.006 0.007 0.003 0.004 0.004   -1010590    0 
 3500:    1.00    0.148    0.010 0.010 0.010 0.033 0.010 0.010 0.018    0.003 0.003 0.007 0.003 0.003 0.004 0.003 0.007 0.003 0.003 0.004 0.007 0.003 0.003 0.004 0.007 0.007 0.008 0.003 0.004 0.004   -1008482    0 
 3600:    1.00    0.175    0.010 0.010 0.010 0.051 0.010 0.010 0.022    0.003 0.003 0.010 0.003 0.003 0.005 0.003 0.010 0.003 0.003 0.005 0.010 0.003 0.003 0.005 0.010 0.010 0.012 0.003 0.005 0.005   -1004014    0 
 3700:    1.00    0.136    0.010 0.010 0.010 0.067 0.010 0.010 0.024    0.003 0.003 0.012 0.003 0.003 0.005 0.003 0.012 0.003 0.003 0.005 0.012 0.003 0.003 0.005 0.012 0.012 0.015 0.003 0.005 0.005   -1001220    0 
 3800:    1.00    0.130    0.010 0.010 0.010 0.096 0.010 0.010 0.024    0.003 0.003 0.016 0.003 0.003 0.005 0.003 0.016 0.003 0.003 0.005 0.016 0.003 0.003 0.006 0.016 0.016 0.019 0.003 0.005 0.005   -997656    0 
 3900:    1.00    0.136    0.010 0.010 0.010 0.106 0.010 0.010 0.028    0.003 0.003 0.018 0.003 0.003 0.006 0.003 0.018 0.003 0.003 0.006 0.018 0.003 0.003 0.006 0.018 0.018 0.021 0.003 0.006 0.006   -995912    0 

--------------------------------------------
Proportion of membership of each pre-defined
 population in each of the 7 clusters

Given    Inferred Clusters                                   Number of
 Pop       1      2      3      4      5      6      7      Individuals

  1:     0.086  0.057  0.229  0.223  0.142  0.122  0.141       23
--------------------------------------------

 Rep#:   Lambda   Alpha      F1    F2    F3    F4    F5    F6    F7     D1,2  D1,3  D1,4  D1,5  D1,6  D1,7  D2,3  D2,4  D2,5  D2,6  D2,7  D3,4  D3,5  D3,6  D3,7  D4,5  D4,6  D4,7  D5,6  D5,7  D6,7    Ln Like  Est Ln P(D)
 4000:    1.00    0.129    0.010 0.010 0.010 0.112 0.010 0.010 0.033    0.003 0.003 0.018 0.003 0.003 0.007 0.003 0.018 0.003 0.003 0.007 0.018 0.003 0.003 0.007 0.018 0.018 0.022 0.003 0.007 0.007   -994897    0 
 4100:    1.00    0.154    0.010 0.010 0.010 0.114 0.010 0.010 0.036    0.003 0.003 0.019 0.003 0.003 0.007 0.003 0.019 0.003 0.003 0.007 0.019 0.003 0.003 0.007 0.019 0.019 0.023 0.003 0.007 0.007   -994061    0 
 4200:    1.00    0.137    0.010 0.010 0.010 0.114 0.010 0.010 0.049    0.003 0.003 0.019 0.003 0.003 0.010 0.003 0.019 0.003 0.003 0.009 0.019 0.003 0.003 0.010 0.019 0.019 0.026 0.003 0.010 0.009   -992543    0 
 4300:    1.00    0.127    0.010 0.010 0.010 0.119 0.010 0.010 0.068    0.003 0.003 0.019 0.003 0.003 0.013 0.003 0.019 0.003 0.003 0.013 0.020 0.003 0.003 0.013 0.019 0.019 0.029 0.003 0.013 0.013   -990253    0 
 4400:    1.00    0.136    0.010 0.010 0.010 0.123 0.010 0.010 0.084    0.003 0.003 0.020 0.003 0.003 0.015 0.003 0.020 0.003 0.003 0.015 0.020 0.003 0.003 0.015 0.020 0.020 0.033 0.003 0.015 0.015   -988659    0 
 4500:    1.00    0.126    0.010 0.010 0.010 0.127 0.010 0.010 0.124    0.003 0.003 0.020 0.003 0.003 0.022 0.003 0.020 0.003 0.003 0.022 0.020 0.003 0.003 0.022 0.020 0.020 0.040 0.003 0.022 0.022   -984703    0 
 4600:    1.00    0.102    0.010 0.010 0.010 0.127 0.010 0.010 0.161    0.003 0.003 0.021 0.003 0.003 0.028 0.003 0.021 0.003 0.003 0.028 0.021 0.003 0.003 0.028 0.021 0.021 0.046 0.003 0.028 0.028   -982600    0 
 4700:    1.00    0.102    0.010 0.010 0.010 0.129 0.010 0.010 0.191    0.003 0.003 0.021 0.003 0.003 0.032 0.003 0.021 0.003 0.003 0.032 0.021 0.003 0.003 0.032 0.021 0.021 0.050 0.003 0.033 0.032   -981086    0 
 4800:    1.00    0.112    0.010 0.010 0.010 0.129 0.010 0.010 0.200    0.003 0.003 0.021 0.003 0.003 0.034 0.003 0.021 0.003 0.003 0.034 0.021 0.003 0.003 0.034 0.021 0.021 0.052 0.003 0.034 0.034   -980882    0 
 4900:    1.00    0.121    0.010 0.010 0.010 0.132 0.010 0.010 0.206    0.003 0.003 0.021 0.003 0.003 0.034 0.003 0.021 0.003 0.003 0.034 0.021 0.003 0.003 0.034 0.021 0.021 0.053 0.003 0.034 0.034   -980827    0 

--------------------------------------------
Proportion of membership of each pre-defined
 population in each of the 7 clusters

Given    Inferred Clusters                                   Number of
 Pop       1      2      3      4      5      6      7      Individuals

  1:     0.090  0.055  0.270  0.208  0.137  0.134  0.106       23
--------------------------------------------

 Rep#:   Lambda   Alpha      F1    F2    F3    F4    F5    F6    F7     D1,2  D1,3  D1,4  D1,5  D1,6  D1,7  D2,3  D2,4  D2,5  D2,6  D2,7  D3,4  D3,5  D3,6  D3,7  D4,5  D4,6  D4,7  D5,6  D5,7  D6,7    Ln Like  Est Ln P(D)
 5000:    1.00    0.099    0.010 0.010 0.010 0.135 0.010 0.010 0.214    0.003 0.003 0.022 0.003 0.003 0.036 0.003 0.022 0.003 0.003 0.036 0.022 0.003 0.003 0.036 0.022 0.022 0.055 0.003 0.036 0.036   -980092    0 
 5100:    1.00    0.081    0.010 0.010 0.010 0.135 0.010 0.010 0.218    0.003 0.003 0.022 0.003 0.003 0.036 0.003 0.022 0.003 0.003 0.036 0.022 0.003 0.003 0.036 0.022 0.022 0.055 0.003 0.036 0.036   -979914    0 
 5200:    1.00    0.081    0.010 0.010 0.010 0.136 0.010 0.010 0.225    0.003 0.003 0.022 0.003 0.003 0.038 0.003 0.022 0.003 0.003 0.038 0.022 0.003 0.003 0.038 0.022 0.022 0.057 0.003 0.038 0.038   -980121    0 
 5300:    1.00    0.103    0.010 0.010 0.010 0.136 0.010 0.010 0.227    0.003 0.003 0.022 0.003 0.003 0.038 0.003 0.022 0.003 0.003 0.038 0.022 0.003 0.003 0.038 0.022 0.022 0.057 0.003 0.038 0.038   -980318    0 
 5400:    1.00    0.114    0.010 0.010 0.010 0.138 0.010 0.010 0.230    0.003 0.003 0.022 0.003 0.003 0.038 0.003 0.022 0.003 0.003 0.038 0.022 0.003 0.003 0.038 0.022 0.022 0.058 0.003 0.038 0.038   -979766    0 
 5500:    1.00    0.084    0.010 0.010 0.010 0.139 0.010 0.010 0.235    0.003 0.003 0.023 0.003 0.003 0.039 0.003 0.023 0.003 0.003 0.039 0.023 0.003 0.003 0.039 0.023 0.023 0.059 0.003 0.039 0.039   -979750    0 
 5600:    1.00    0.105    0.010 0.010 0.010 0.139 0.010 0.010 0.238    0.003 0.003 0.022 0.003 0.003 0.040 0.003 0.022 0.003 0.003 0.040 0.022 0.003 0.003 0.040 0.022 0.022 0.059 0.003 0.040 0.040   -979556    0 
 5700:    1.00    0.105    0.010 0.010 0.010 0.140 0.010 0.010 0.238    0.003 0.003 0.022 0.003 0.003 0.039 0.003 0.022 0.003 0.003 0.039 0.022 0.003 0.003 0.039 0.022 0.022 0.059 0.003 0.039 0.039   -979010    0 
 5800:    1.00    0.139    0.010 0.010 0.010 0.140 0.010 0.010 0.240    0.003 0.003 0.022 0.003 0.003 0.040 0.003 0.023 0.003 0.003 0.040 0.023 0.003 0.003 0.040 0.023 0.023 0.060 0.003 0.040 0.040   -979554    0 
 5900:    1.00    0.107    0.010 0.010 0.010 0.140 0.010 0.010 0.239    0.003 0.003 0.022 0.003 0.003 0.040 0.003 0.022 0.003 0.003 0.040 0.022 0.003 0.003 0.040 0.022 0.022 0.059 0.003 0.040 0.040   -979734    0 
 6000:    1.00    0.085    0.010 0.010 0.010 0.141 0.010 0.010 0.240    0.003 0.003 0.023 0.003 0.003 0.040 0.003 0.023 0.003 0.003 0.040 0.023 0.003 0.003 0.040 0.023 0.023 0.060 0.003 0.040 0.040   -979283    0 

MCMC completed

Inferred ancestry of individuals:
        Label (%Miss) Pop:  Inferred clusters
  1 18160D-09-0    (2)    1 :  0.110 0.012 0.157 0.049 0.332 0.301 0.039 
  2 18160D-09-0    (4)    1 :  0.046 0.047 0.230 0.046 0.535 0.074 0.022 
  3 18160D-09-0    (2)    1 :  0.112 0.069 0.014 0.757 0.023 0.010 0.015 
  4 18160D-09-0    (5)    1 :  0.004 0.048 0.013 0.891 0.019 0.018 0.006 
  5 18160D-09-0    (4)    1 :  0.015 0.031 0.068 0.863 0.013 0.007 0.003 
  6 18160D-09-0    (4)    1 :  0.020 0.066 0.018 0.860 0.016 0.011 0.009 
  7 18160D-09-0    (2)    1 :  0.008 0.057 0.007 0.890 0.018 0.016 0.005 
  8 18160D-09-0    (4)    1 :  0.249 0.069 0.355 0.038 0.154 0.101 0.034 
  9 18160D-09-0    (2)    1 :  0.039 0.057 0.037 0.025 0.039 0.657 0.146 
 10 18160D-09-1    (2)    1 :  0.005 0.012 0.003 0.016 0.004 0.009 0.951 
 11 18160D-09-1    (2)    1 :  0.020 0.023 0.020 0.017 0.021 0.399 0.501 
 12 18160D-09-1    (2)    1 :  0.030 0.010 0.036 0.008 0.015 0.712 0.189 
 13 18160D-09-1    (5)    1 :  0.172 0.040 0.533 0.056 0.109 0.046 0.044 
 14 18160D-09-1   (18)    1 :  0.059 0.124 0.373 0.107 0.260 0.055 0.022 
 15 18160D-09-1    (4)    1 :  0.041 0.086 0.494 0.039 0.198 0.087 0.055 
 16 18160D-09-1    (2)    1 :  0.002 0.023 0.023 0.010 0.010 0.004 0.928 
 17 18160D-09-1    (2)    1 :  0.199 0.146 0.218 0.046 0.360 0.004 0.026 
 18 18160D-09-1    (2)    1 :  0.181 0.423 0.043 0.036 0.074 0.111 0.133 
 19 18160D-09-1    (2)    1 :  0.193 0.032 0.314 0.026 0.332 0.086 0.016 
 20 18160D-09-2    (5)    1 :  0.251 0.049 0.369 0.009 0.214 0.070 0.038 
 21 18160D-09-2    (5)    1 :  0.147 0.008 0.569 0.045 0.061 0.161 0.010 
 22 18160D-09-2    (5)    1 :  0.166 0.013 0.752 0.013 0.015 0.010 0.031 
 23 18160D-09-2    (2)    1 :  0.072 0.108 0.296 0.084 0.348 0.087 0.005 

Command line arguments:   structure -D 264472 -K 7 -m mainparams -o k7/populations_k7_run4 
Input File:    populations.str
Output File:   k7/populations_k7_run4_f

Run parameters:
   23 individuals
   50160 loci
   7 populations assumed
   1000 Burn-in period
   5000 Reps
RANDOMIZE turned off

--------------------------------------------
Estimated Ln Prob of Data   = -158346136.8
Mean value of ln likelihood = -1002897.7
Variance of ln likelihood   = 314686478.0
Mean value of alpha         = 0.4953

Mean value of Fst_1         = 0.0100
Mean value of Fst_2         = 0.0098
Mean value of Fst_3         = 0.0102
Mean value of Fst_4         = 0.0665
Mean value of Fst_5         = 0.0101
Mean value of Fst_6         = 0.0099
Mean value of Fst_7         = 0.0794


--------------------------------------------
Proportion of membership of each pre-defined
 population in each of the 7 clusters

Given    Inferred Clusters                                   Number of
 Pop       1      2      3      4      5      6      7      Individuals

  1:     0.093  0.068  0.215  0.214  0.138  0.132  0.140       23
--------------------------------------------
Final results printed to file k7/populations_k7_run4_f

