

----------------------------------------------------
STRUCTURE by Pritchard, Stephens and Donnelly (2000)
     and Falush, Stephens and Pritchard (2003)
       Code by Pritchard, Falush and Hubisz
             Version 2.3.4 (Jul 2012)
----------------------------------------------------


Reading file "mainparams".
datafile is
populations.str
Reading file "extraparams".
Reading file "populations.str".


Data file "populations.str" (truncated) --

Ind:   Label Pop : Genotype_data . . . .
  1: 18160D-09-0    1  :  4   1   3   1   4   1   3  . . . .   2
  1: 18160D-09-0    1  :  4   1   3   1   4   4   4  . . . .   4
  2: 18160D-09-0    1  :  4   1   3   1   4   1   3  . . . .   2
  2: 18160D-09-0    1  :  4   1   3   1   4   4   3  . . . .   4
  3: 18160D-09-0    1  :  4   1   0   0   0   0   3  . . . .   2
  3: 18160D-09-0    1  :  4   3   0   0   0   0   3  . . . .   4
  4: 18160D-09-0    1  :  4   1   3   1   4   1   3  . . . .   2
  4: 18160D-09-0    1  :  4   3   3   1   4   1   3  . . . .   4

      *******   

 22: 18160D-09-2    1  :  4   1   3   1   4   1   3  . . . .   2
 22: 18160D-09-2    1  :  4   3   3   1   4   1   4  . . . .   4
 23: 18160D-09-2    1  :  4   1   3   1   4   1   3  . . . .   2
 23: 18160D-09-2    1  :  4   1   3   1   4   4   4  . . . .   4

Number of alleles per locus: min= 2; ave=2.0; max= 2


--------------------------------------

Finished initialization; starting MCMC 
5000 iterations + 1000 burnin


--------------------------------------------
Proportion of membership of each pre-defined
 population in each of the 7 clusters

Given    Inferred Clusters                                   Number of
 Pop       1      2      3      4      5      6      7      Individuals

  1:     0.140  0.144  0.149  0.143  0.140  0.145  0.140       23
--------------------------------------------

 Rep#:   Lambda   Alpha      F1    F2    F3    F4    F5    F6    F7     D1,2  D1,3  D1,4  D1,5  D1,6  D1,7  D2,3  D2,4  D2,5  D2,6  D2,7  D3,4  D3,5  D3,6  D3,7  D4,5  D4,6  D4,7  D5,6  D5,7  D6,7    Ln Like 
  100:    1.00    2.178    0.010 0.010 0.010 0.010 0.010 0.010 0.010    0.003 0.003 0.003 0.003 0.003 0.003 0.003 0.003 0.003 0.003 0.003 0.003 0.003 0.003 0.003 0.003 0.003 0.003 0.003 0.003 0.003   --  
  200:    1.00    2.863    0.010 0.010 0.010 0.010 0.010 0.010 0.010    0.003 0.003 0.003 0.003 0.003 0.003 0.003 0.003 0.003 0.003 0.003 0.003 0.003 0.003 0.003 0.003 0.003 0.003 0.003 0.003 0.003   --  
  300:    1.00    3.090    0.010 0.010 0.010 0.010 0.010 0.010 0.010    0.003 0.003 0.003 0.003 0.003 0.003 0.003 0.003 0.003 0.003 0.003 0.003 0.003 0.003 0.003 0.003 0.003 0.003 0.003 0.003 0.003   --  
  400:    1.00    3.259    0.010 0.010 0.010 0.010 0.010 0.010 0.010    0.003 0.003 0.003 0.003 0.003 0.003 0.003 0.003 0.003 0.003 0.003 0.003 0.003 0.003 0.003 0.003 0.003 0.003 0.003 0.003 0.003   --  
  500:    1.00    3.714    0.010 0.010 0.010 0.010 0.010 0.010 0.010    0.003 0.003 0.003 0.003 0.003 0.003 0.003 0.003 0.003 0.003 0.003 0.003 0.003 0.003 0.003 0.003 0.003 0.003 0.003 0.003 0.003   --  
  600:    1.00    3.860    0.010 0.010 0.010 0.010 0.010 0.010 0.010    0.003 0.003 0.003 0.003 0.003 0.003 0.003 0.003 0.003 0.003 0.003 0.003 0.003 0.003 0.003 0.003 0.003 0.003 0.003 0.003 0.003   --  
  700:    1.00    4.092    0.010 0.010 0.010 0.010 0.010 0.010 0.010    0.003 0.003 0.003 0.003 0.003 0.003 0.003 0.003 0.003 0.003 0.003 0.003 0.003 0.003 0.003 0.003 0.003 0.003 0.003 0.003 0.003   --  
  800:    1.00    4.611    0.010 0.010 0.010 0.010 0.010 0.010 0.010    0.003 0.003 0.003 0.003 0.003 0.003 0.003 0.003 0.003 0.003 0.003 0.003 0.003 0.003 0.003 0.003 0.003 0.003 0.003 0.003 0.003   --  
  900:    1.00    4.735    0.010 0.010 0.010 0.010 0.010 0.010 0.010    0.003 0.003 0.003 0.003 0.003 0.003 0.003 0.003 0.003 0.003 0.003 0.003 0.003 0.003 0.003 0.003 0.003 0.003 0.003 0.003 0.003   --  
 1000:    1.00    5.092    0.010 0.010 0.010 0.010 0.010 0.010 0.010    0.003 0.003 0.003 0.003 0.003 0.003 0.003 0.003 0.003 0.003 0.003 0.003 0.003 0.003 0.003 0.003 0.003 0.003 0.003 0.003 0.003   --  

BURNIN completed
 Rep#:   Lambda   Alpha      F1    F2    F3    F4    F5    F6    F7     D1,2  D1,3  D1,4  D1,5  D1,6  D1,7  D2,3  D2,4  D2,5  D2,6  D2,7  D3,4  D3,5  D3,6  D3,7  D4,5  D4,6  D4,7  D5,6  D5,7  D6,7    Ln Like  Est Ln P(D)
 1100:    1.00    5.015    0.010 0.010 0.010 0.010 0.010 0.010 0.010    0.003 0.003 0.003 0.003 0.003 0.003 0.003 0.003 0.003 0.003 0.003 0.003 0.003 0.003 0.003 0.003 0.003 0.003 0.003 0.003 0.003   -1026091    0 
 1200:    1.00    4.523    0.010 0.010 0.010 0.010 0.010 0.010 0.010    0.003 0.003 0.003 0.003 0.003 0.003 0.003 0.003 0.003 0.003 0.003 0.003 0.003 0.003 0.003 0.003 0.003 0.003 0.003 0.003 0.003   -1025900    0 
 1300:    1.00    4.262    0.010 0.010 0.010 0.010 0.010 0.010 0.010    0.003 0.003 0.003 0.003 0.003 0.003 0.003 0.003 0.003 0.003 0.003 0.003 0.003 0.003 0.003 0.003 0.003 0.003 0.003 0.003 0.003   -1026078    0 
 1400:    1.00    4.310    0.010 0.010 0.010 0.010 0.010 0.010 0.010    0.003 0.003 0.003 0.003 0.003 0.003 0.003 0.003 0.003 0.003 0.003 0.003 0.003 0.003 0.003 0.003 0.003 0.003 0.003 0.003 0.003   -1025516    0 
 1500:    1.00    4.227    0.010 0.010 0.010 0.010 0.010 0.010 0.010    0.003 0.003 0.003 0.003 0.003 0.003 0.003 0.003 0.003 0.003 0.003 0.003 0.003 0.003 0.003 0.003 0.003 0.003 0.003 0.003 0.003   -1025576    0 
 1600:    1.00    4.217    0.010 0.010 0.010 0.010 0.010 0.010 0.010    0.003 0.003 0.003 0.003 0.003 0.003 0.003 0.003 0.003 0.003 0.003 0.003 0.003 0.003 0.003 0.003 0.003 0.003 0.003 0.003 0.003   -1024945    0 
 1700:    1.00    3.273    0.010 0.010 0.010 0.010 0.010 0.010 0.010    0.003 0.003 0.003 0.003 0.003 0.003 0.003 0.003 0.003 0.003 0.003 0.003 0.003 0.003 0.003 0.003 0.003 0.003 0.003 0.003 0.003   -1025087    0 
 1800:    1.00    2.869    0.010 0.010 0.010 0.010 0.010 0.010 0.010    0.003 0.003 0.003 0.003 0.003 0.003 0.003 0.003 0.003 0.003 0.003 0.003 0.003 0.003 0.003 0.003 0.003 0.003 0.003 0.003 0.003   -1024690    0 
 1900:    1.00    2.337    0.010 0.010 0.010 0.010 0.010 0.010 0.010    0.003 0.003 0.003 0.003 0.003 0.003 0.003 0.003 0.003 0.003 0.003 0.003 0.003 0.003 0.003 0.003 0.003 0.003 0.003 0.003 0.003   -1023972    0 

--------------------------------------------
Proportion of membership of each pre-defined
 population in each of the 7 clusters

Given    Inferred Clusters                                   Number of
 Pop       1      2      3      4      5      6      7      Individuals

  1:     0.122  0.189  0.141  0.161  0.142  0.114  0.132       23
--------------------------------------------

 Rep#:   Lambda   Alpha      F1    F2    F3    F4    F5    F6    F7     D1,2  D1,3  D1,4  D1,5  D1,6  D1,7  D2,3  D2,4  D2,5  D2,6  D2,7  D3,4  D3,5  D3,6  D3,7  D4,5  D4,6  D4,7  D5,6  D5,7  D6,7    Ln Like  Est Ln P(D)
 2000:    1.00    1.899    0.010 0.010 0.010 0.010 0.010 0.010 0.010    0.003 0.003 0.003 0.003 0.003 0.003 0.003 0.003 0.003 0.003 0.003 0.003 0.003 0.003 0.003 0.003 0.003 0.003 0.003 0.003 0.003   -1023534    0 
 2100:    1.00    1.658    0.010 0.010 0.010 0.010 0.010 0.010 0.010    0.003 0.003 0.003 0.003 0.003 0.003 0.003 0.003 0.003 0.003 0.003 0.003 0.003 0.003 0.003 0.003 0.003 0.003 0.003 0.003 0.003   -1022565    0 
 2200:    1.00    1.490    0.010 0.011 0.010 0.010 0.010 0.010 0.010    0.003 0.003 0.003 0.003 0.003 0.003 0.003 0.003 0.003 0.003 0.003 0.003 0.003 0.003 0.003 0.003 0.003 0.003 0.003 0.003 0.003   -1021979    0 
 2300:    1.00    0.896    0.010 0.011 0.010 0.010 0.010 0.010 0.010    0.003 0.003 0.003 0.003 0.003 0.003 0.003 0.003 0.003 0.003 0.003 0.003 0.003 0.003 0.003 0.003 0.003 0.003 0.003 0.003 0.003   -1021097    0 
 2400:    1.00    0.671    0.010 0.011 0.010 0.010 0.010 0.010 0.010    0.003 0.003 0.003 0.003 0.003 0.003 0.003 0.003 0.003 0.003 0.003 0.003 0.003 0.003 0.003 0.003 0.003 0.003 0.003 0.003 0.003   -1020641    0 
 2500:    1.00    0.459    0.010 0.011 0.010 0.010 0.010 0.010 0.010    0.003 0.003 0.003 0.003 0.003 0.003 0.003 0.003 0.003 0.003 0.003 0.003 0.003 0.003 0.003 0.003 0.003 0.003 0.003 0.003 0.003   -1019790    0 
 2600:    1.00    0.446    0.010 0.011 0.010 0.010 0.010 0.010 0.010    0.003 0.003 0.003 0.003 0.003 0.003 0.003 0.003 0.003 0.003 0.003 0.003 0.003 0.003 0.003 0.003 0.003 0.003 0.003 0.003 0.003   -1019993    0 
 2700:    1.00    0.410    0.010 0.011 0.010 0.010 0.010 0.010 0.010    0.003 0.003 0.003 0.003 0.003 0.003 0.003 0.003 0.003 0.003 0.003 0.003 0.003 0.003 0.003 0.003 0.003 0.003 0.003 0.003 0.003   -1019179    0 
 2800:    1.00    0.474    0.010 0.011 0.010 0.010 0.010 0.010 0.010    0.003 0.003 0.003 0.003 0.003 0.003 0.003 0.003 0.003 0.003 0.003 0.003 0.003 0.003 0.003 0.003 0.003 0.003 0.003 0.003 0.003   -1019169    0 
 2900:    1.00    0.334    0.010 0.011 0.010 0.010 0.010 0.010 0.010    0.003 0.003 0.003 0.003 0.003 0.003 0.003 0.003 0.003 0.003 0.003 0.003 0.003 0.003 0.003 0.003 0.003 0.003 0.003 0.003 0.003   -1019050    0 

--------------------------------------------
Proportion of membership of each pre-defined
 population in each of the 7 clusters

Given    Inferred Clusters                                   Number of
 Pop       1      2      3      4      5      6      7      Individuals

  1:     0.124  0.239  0.137  0.153  0.141  0.087  0.119       23
--------------------------------------------

 Rep#:   Lambda   Alpha      F1    F2    F3    F4    F5    F6    F7     D1,2  D1,3  D1,4  D1,5  D1,6  D1,7  D2,3  D2,4  D2,5  D2,6  D2,7  D3,4  D3,5  D3,6  D3,7  D4,5  D4,6  D4,7  D5,6  D5,7  D6,7    Ln Like  Est Ln P(D)
 3000:    1.00    0.316    0.010 0.011 0.010 0.010 0.010 0.010 0.010    0.003 0.003 0.003 0.003 0.003 0.003 0.003 0.003 0.003 0.003 0.003 0.003 0.003 0.003 0.003 0.003 0.003 0.003 0.003 0.003 0.003   -1018823    0 
 3100:    1.00    0.324    0.010 0.013 0.010 0.010 0.010 0.010 0.010    0.004 0.003 0.003 0.003 0.003 0.003 0.004 0.004 0.004 0.004 0.004 0.003 0.003 0.003 0.003 0.003 0.003 0.003 0.003 0.003 0.003   -1017983    0 
 3200:    1.00    0.269    0.010 0.014 0.010 0.011 0.010 0.010 0.010    0.004 0.003 0.003 0.003 0.003 0.003 0.004 0.004 0.004 0.004 0.004 0.003 0.003 0.003 0.003 0.003 0.003 0.003 0.003 0.003 0.003   -1017235    0 
 3300:    1.00    0.184    0.010 0.016 0.010 0.011 0.010 0.010 0.010    0.004 0.003 0.003 0.003 0.003 0.003 0.004 0.004 0.004 0.004 0.004 0.003 0.003 0.003 0.003 0.003 0.003 0.003 0.003 0.003 0.003   -1016355    0 
 3400:    1.00    0.241    0.010 0.018 0.010 0.011 0.010 0.010 0.010    0.004 0.003 0.003 0.003 0.003 0.003 0.004 0.005 0.005 0.004 0.004 0.003 0.003 0.003 0.003 0.003 0.003 0.003 0.003 0.003 0.003   -1015256    0 
 3500:    1.00    0.232    0.010 0.024 0.010 0.011 0.010 0.010 0.010    0.006 0.003 0.003 0.003 0.003 0.003 0.005 0.006 0.006 0.005 0.005 0.003 0.003 0.003 0.003 0.003 0.003 0.003 0.003 0.003 0.003   -1013386    0 
 3600:    1.00    0.220    0.010 0.026 0.010 0.011 0.010 0.010 0.010    0.006 0.003 0.003 0.003 0.003 0.003 0.006 0.006 0.006 0.006 0.006 0.003 0.003 0.003 0.003 0.003 0.003 0.003 0.003 0.003 0.003   -1013100    0 
 3700:    1.00    0.205    0.010 0.037 0.010 0.011 0.010 0.010 0.010    0.008 0.003 0.003 0.003 0.003 0.003 0.008 0.008 0.008 0.008 0.008 0.003 0.003 0.003 0.003 0.003 0.003 0.003 0.003 0.003 0.003   -1010350    0 
 3800:    1.00    0.192    0.010 0.065 0.010 0.011 0.010 0.010 0.010    0.012 0.003 0.003 0.003 0.003 0.003 0.012 0.012 0.012 0.012 0.012 0.003 0.003 0.003 0.003 0.003 0.003 0.003 0.003 0.003 0.003   -1005195    0 
 3900:    1.00    0.206    0.010 0.080 0.010 0.011 0.010 0.010 0.010    0.014 0.003 0.003 0.003 0.003 0.003 0.014 0.015 0.014 0.014 0.014 0.003 0.003 0.003 0.003 0.003 0.003 0.003 0.003 0.003 0.003   -1002684    0 

--------------------------------------------
Proportion of membership of each pre-defined
 population in each of the 7 clusters

Given    Inferred Clusters                                   Number of
 Pop       1      2      3      4      5      6      7      Individuals

  1:     0.138  0.229  0.145  0.137  0.135  0.105  0.112       23
--------------------------------------------

 Rep#:   Lambda   Alpha      F1    F2    F3    F4    F5    F6    F7     D1,2  D1,3  D1,4  D1,5  D1,6  D1,7  D2,3  D2,4  D2,5  D2,6  D2,7  D3,4  D3,5  D3,6  D3,7  D4,5  D4,6  D4,7  D5,6  D5,7  D6,7    Ln Like  Est Ln P(D)
 4000:    1.00    0.186    0.010 0.096 0.010 0.011 0.010 0.010 0.010    0.017 0.003 0.003 0.003 0.003 0.003 0.017 0.017 0.017 0.017 0.017 0.003 0.003 0.003 0.003 0.003 0.003 0.003 0.003 0.003 0.003   -1001033    0 
 4100:    1.00    0.173    0.010 0.100 0.010 0.011 0.010 0.010 0.010    0.017 0.003 0.003 0.003 0.003 0.003 0.017 0.017 0.017 0.017 0.017 0.003 0.003 0.003 0.003 0.003 0.003 0.003 0.003 0.003 0.003   -1000575    0 
 4200:    1.00    0.249    0.010 0.104 0.010 0.011 0.010 0.010 0.010    0.018 0.003 0.003 0.003 0.003 0.003 0.017 0.018 0.018 0.018 0.017 0.003 0.003 0.003 0.003 0.003 0.003 0.003 0.003 0.003 0.003   -1000360    0 
 4300:    1.00    0.205    0.010 0.111 0.010 0.012 0.010 0.010 0.010    0.018 0.003 0.003 0.003 0.003 0.003 0.018 0.019 0.018 0.018 0.018 0.003 0.003 0.003 0.003 0.003 0.003 0.003 0.003 0.003 0.003   -999865    0 
 4400:    1.00    0.232    0.010 0.118 0.010 0.012 0.010 0.010 0.010    0.019 0.003 0.003 0.003 0.003 0.003 0.019 0.020 0.019 0.019 0.019 0.003 0.003 0.003 0.003 0.003 0.003 0.003 0.003 0.003 0.003   -999313    0 
 4500:    1.00    0.158    0.010 0.121 0.010 0.012 0.010 0.010 0.010    0.020 0.003 0.003 0.003 0.003 0.003 0.020 0.020 0.020 0.020 0.020 0.003 0.003 0.003 0.003 0.003 0.003 0.003 0.003 0.003 0.003   -999680    0 
 4600:    1.00    0.173    0.010 0.123 0.010 0.012 0.010 0.010 0.010    0.020 0.003 0.003 0.003 0.003 0.003 0.020 0.021 0.020 0.020 0.020 0.003 0.003 0.003 0.003 0.003 0.003 0.003 0.003 0.003 0.003   -999296    0 
 4700:    1.00    0.179    0.010 0.126 0.010 0.012 0.010 0.010 0.010    0.021 0.003 0.003 0.003 0.003 0.003 0.021 0.021 0.021 0.021 0.021 0.003 0.003 0.003 0.003 0.003 0.003 0.003 0.003 0.003 0.003   -998822    0 
 4800:    1.00    0.162    0.010 0.126 0.010 0.012 0.010 0.010 0.010    0.021 0.003 0.003 0.003 0.003 0.003 0.021 0.021 0.021 0.021 0.021 0.003 0.003 0.003 0.003 0.003 0.003 0.003 0.003 0.003 0.003   -998882    0 
 4900:    1.00    0.155    0.010 0.128 0.010 0.012 0.010 0.010 0.010    0.021 0.003 0.003 0.003 0.003 0.003 0.021 0.021 0.021 0.021 0.021 0.003 0.003 0.003 0.003 0.003 0.003 0.003 0.003 0.003 0.003   -998409    0 

--------------------------------------------
Proportion of membership of each pre-defined
 population in each of the 7 clusters

Given    Inferred Clusters                                   Number of
 Pop       1      2      3      4      5      6      7      Individuals

  1:     0.144  0.224  0.134  0.128  0.143  0.123  0.103       23
--------------------------------------------

 Rep#:   Lambda   Alpha      F1    F2    F3    F4    F5    F6    F7     D1,2  D1,3  D1,4  D1,5  D1,6  D1,7  D2,3  D2,4  D2,5  D2,6  D2,7  D3,4  D3,5  D3,6  D3,7  D4,5  D4,6  D4,7  D5,6  D5,7  D6,7    Ln Like  Est Ln P(D)
 5000:    1.00    0.170    0.010 0.131 0.010 0.012 0.010 0.010 0.010    0.022 0.003 0.003 0.003 0.003 0.003 0.021 0.022 0.022 0.021 0.021 0.003 0.003 0.003 0.003 0.004 0.003 0.003 0.003 0.003 0.003   -997471    0 
 5100:    1.00    0.163    0.010 0.131 0.010 0.012 0.010 0.010 0.010    0.021 0.003 0.003 0.003 0.003 0.003 0.021 0.022 0.021 0.021 0.021 0.003 0.003 0.003 0.003 0.003 0.003 0.003 0.003 0.003 0.003   -998130    0 
 5200:    1.00    0.163    0.010 0.135 0.010 0.012 0.010 0.010 0.010    0.022 0.003 0.003 0.003 0.003 0.003 0.022 0.023 0.022 0.022 0.022 0.003 0.003 0.003 0.003 0.003 0.003 0.003 0.003 0.003 0.003   -997299    0 
 5300:    1.00    0.161    0.010 0.136 0.010 0.012 0.010 0.010 0.010    0.022 0.003 0.003 0.003 0.003 0.003 0.022 0.022 0.022 0.022 0.022 0.003 0.003 0.003 0.003 0.003 0.003 0.003 0.003 0.003 0.003   -997114    0 
 5400:    1.00    0.152    0.010 0.136 0.010 0.013 0.010 0.010 0.010    0.022 0.003 0.003 0.003 0.003 0.003 0.022 0.023 0.022 0.022 0.022 0.004 0.003 0.003 0.003 0.004 0.003 0.004 0.003 0.003 0.003   -997592    0 
 5500:    1.00    0.160    0.010 0.137 0.010 0.013 0.010 0.010 0.010    0.022 0.003 0.003 0.003 0.003 0.003 0.022 0.023 0.023 0.022 0.022 0.003 0.003 0.003 0.003 0.004 0.003 0.004 0.003 0.003 0.003   -996989    0 
 5600:    1.00    0.164    0.010 0.138 0.010 0.013 0.010 0.010 0.010    0.022 0.003 0.003 0.003 0.003 0.003 0.022 0.023 0.022 0.022 0.022 0.003 0.003 0.003 0.003 0.004 0.003 0.004 0.003 0.003 0.003   -997204    0 
 5700:    1.00    0.126    0.010 0.137 0.010 0.013 0.010 0.010 0.010    0.022 0.003 0.004 0.003 0.003 0.003 0.022 0.023 0.022 0.022 0.022 0.004 0.003 0.003 0.003 0.004 0.004 0.004 0.003 0.003 0.003   -997199    0 
 5800:    1.00    0.126    0.010 0.138 0.010 0.013 0.010 0.010 0.010    0.023 0.003 0.004 0.003 0.003 0.003 0.023 0.023 0.023 0.023 0.022 0.004 0.003 0.003 0.003 0.004 0.004 0.004 0.003 0.003 0.003   -996474    0 
 5900:    1.00    0.135    0.010 0.138 0.010 0.013 0.010 0.010 0.010    0.022 0.003 0.004 0.003 0.003 0.003 0.022 0.023 0.022 0.022 0.022 0.004 0.003 0.003 0.003 0.003 0.004 0.004 0.003 0.003 0.003   -997172    0 
 6000:    1.00    0.100    0.010 0.139 0.010 0.013 0.010 0.010 0.010    0.023 0.003 0.004 0.003 0.003 0.003 0.023 0.023 0.023 0.023 0.023 0.004 0.003 0.003 0.003 0.004 0.004 0.004 0.003 0.003 0.003   -996374    0 

MCMC completed

Inferred ancestry of individuals:
        Label (%Miss) Pop:  Inferred clusters
  1 18160D-09-0    (2)    1 :  0.217 0.092 0.186 0.100 0.132 0.120 0.153 
  2 18160D-09-0    (4)    1 :  0.157 0.081 0.249 0.030 0.134 0.290 0.058 
  3 18160D-09-0    (2)    1 :  0.095 0.729 0.036 0.007 0.039 0.054 0.039 
  4 18160D-09-0    (5)    1 :  0.013 0.868 0.028 0.010 0.024 0.043 0.015 
  5 18160D-09-0    (4)    1 :  0.022 0.818 0.036 0.011 0.020 0.067 0.027 
  6 18160D-09-0    (4)    1 :  0.023 0.860 0.025 0.007 0.016 0.055 0.013 
  7 18160D-09-0    (2)    1 :  0.017 0.860 0.014 0.014 0.019 0.050 0.026 
  8 18160D-09-0    (4)    1 :  0.103 0.061 0.468 0.043 0.069 0.053 0.204 
  9 18160D-09-0    (2)    1 :  0.055 0.029 0.184 0.063 0.624 0.013 0.031 
 10 18160D-09-1    (2)    1 :  0.024 0.024 0.008 0.892 0.014 0.017 0.021 
 11 18160D-09-1    (2)    1 :  0.038 0.031 0.049 0.159 0.579 0.032 0.113 
 12 18160D-09-1    (2)    1 :  0.018 0.019 0.076 0.071 0.586 0.028 0.202 
 13 18160D-09-1    (5)    1 :  0.140 0.042 0.149 0.125 0.057 0.275 0.211 
 14 18160D-09-1   (18)    1 :  0.135 0.053 0.110 0.069 0.148 0.170 0.314 
 15 18160D-09-1    (4)    1 :  0.195 0.029 0.288 0.057 0.116 0.165 0.150 
 16 18160D-09-1    (2)    1 :  0.025 0.031 0.010 0.896 0.010 0.018 0.011 
 17 18160D-09-1    (2)    1 :  0.387 0.067 0.203 0.060 0.062 0.086 0.135 
 18 18160D-09-1    (2)    1 :  0.584 0.020 0.199 0.030 0.035 0.045 0.087 
 19 18160D-09-1    (2)    1 :  0.096 0.047 0.076 0.078 0.089 0.566 0.049 
 20 18160D-09-2    (5)    1 :  0.159 0.034 0.474 0.045 0.137 0.036 0.116 
 21 18160D-09-2    (5)    1 :  0.219 0.068 0.088 0.078 0.132 0.046 0.368 
 22 18160D-09-2    (5)    1 :  0.072 0.024 0.080 0.478 0.099 0.223 0.024 
 23 18160D-09-2    (2)    1 :  0.270 0.062 0.151 0.054 0.040 0.119 0.304 

Command line arguments:   structure -D 500936 -K 7 -m mainparams -o k7/populations_k7_run2 
Input File:    populations.str
Output File:   k7/populations_k7_run2_f

Run parameters:
   23 individuals
   50160 loci
   7 populations assumed
   1000 Burn-in period
   5000 Reps
RANDOMIZE turned off

--------------------------------------------
Estimated Ln Prob of Data   = -66370818.6
Mean value of ln likelihood = -1010867.9
Variance of ln likelihood   = 130719901.4
Mean value of alpha         = 1.0441

Mean value of Fst_1         = 0.0098
Mean value of Fst_2         = 0.0621
Mean value of Fst_3         = 0.0099
Mean value of Fst_4         = 0.0110
Mean value of Fst_5         = 0.0101
Mean value of Fst_6         = 0.0101
Mean value of Fst_7         = 0.0100


--------------------------------------------
Proportion of membership of each pre-defined
 population in each of the 7 clusters

Given    Inferred Clusters                                   Number of
 Pop       1      2      3      4      5      6      7      Individuals

  1:     0.133  0.215  0.139  0.147  0.138  0.112  0.116       23
--------------------------------------------
Final results printed to file k7/populations_k7_run2_f

