 1        1   (2)      1 :  0.0783 0.5837 0.0000 0.3380 
 2        2   (4)      1 :  0.0946 0.8592 0.0000 0.0462 
 3        3   (2)      1 :  0.7026 0.2695 0.0000 0.0279 
 4        4   (5)      1 :  0.9947 0.0047 0.0000 0.0006 
 5        5   (4)      1 :  0.8490 0.1309 0.0000 0.0201 
 6        6   (4)      1 :  0.8930 0.0912 0.0000 0.0158 
 7        7   (2)      1 :  0.9630 0.0289 0.0000 0.0081 
 8        8   (4)      1 :  0.0632 0.6966 0.0001 0.2401 
 9        9   (2)      1 :  0.0000 0.1809 0.0793 0.7398 
10       10   (2)      1 :  0.0000 0.0000 0.9543 0.0457 
11       11   (2)      1 :  0.0001 0.2590 0.2215 0.5194 
12       12   (2)      1 :  0.0000 0.2304 0.0883 0.6813 
13       13   (5)      1 :  0.1051 0.8392 0.0000 0.0557 
14       14  (18)      1 :  0.0990 0.8773 0.0000 0.0237 
15       15   (4)      1 :  0.0228 0.9457 0.0000 0.0315 
16       16   (2)      1 :  0.0135 0.1239 0.8157 0.0469 
17       17   (2)      1 :  0.0743 0.7194 0.0000 0.2063 
18       18   (2)      1 :  0.0000 0.2868 0.0000 0.7132 
19       19   (2)      1 :  0.0342 0.8766 0.0000 0.0891 
20       20   (5)      1 :  0.0144 0.7468 0.0000 0.2388 
21       21   (5)      1 :  0.0864 0.8746 0.0003 0.0387 
22       22   (5)      1 :  0.0004 0.7000 0.0000 0.2996 
23       23   (2)      1 :  0.0325 0.8274 0.0000 0.1401 
