

----------------------------------------------------
STRUCTURE by Pritchard, Stephens and Donnelly (2000)
     and Falush, Stephens and Pritchard (2003)
       Code by Pritchard, Falush and Hubisz
             Version 2.3.4 (Jul 2012)
----------------------------------------------------


Reading file "mainparams".
datafile is
populations.str
Reading file "extraparams".
Reading file "populations.str".


Data file "populations.str" (truncated) --

Ind:   Label Pop : Genotype_data . . . .
  1: 18160D-09-0    1  :  4   1   3   1   4   1   3  . . . .   2
  1: 18160D-09-0    1  :  4   1   3   1   4   4   4  . . . .   4
  2: 18160D-09-0    1  :  4   1   3   1   4   1   3  . . . .   2
  2: 18160D-09-0    1  :  4   1   3   1   4   4   3  . . . .   4
  3: 18160D-09-0    1  :  4   1   0   0   0   0   3  . . . .   2
  3: 18160D-09-0    1  :  4   3   0   0   0   0   3  . . . .   4
  4: 18160D-09-0    1  :  4   1   3   1   4   1   3  . . . .   2
  4: 18160D-09-0    1  :  4   3   3   1   4   1   3  . . . .   4

      *******   

 22: 18160D-09-2    1  :  4   1   3   1   4   1   3  . . . .   2
 22: 18160D-09-2    1  :  4   3   3   1   4   1   4  . . . .   4
 23: 18160D-09-2    1  :  4   1   3   1   4   1   3  . . . .   2
 23: 18160D-09-2    1  :  4   1   3   1   4   4   4  . . . .   4

Number of alleles per locus: min= 2; ave=2.0; max= 2


--------------------------------------

Finished initialization; starting MCMC 
5000 iterations + 1000 burnin


--------------------------------------------
Proportion of membership of each pre-defined
 population in each of the 6 clusters

Given    Inferred Clusters                            Number of
 Pop       1      2      3      4      5      6      Individuals

  1:     0.169  0.171  0.165  0.162  0.161  0.173       23
--------------------------------------------

 Rep#:   Lambda   Alpha      F1    F2    F3    F4    F5    F6     D1,2  D1,3  D1,4  D1,5  D1,6  D2,3  D2,4  D2,5  D2,6  D3,4  D3,5  D3,6  D4,5  D4,6  D5,6    Ln Like 
  100:    1.00    1.638    0.010 0.010 0.010 0.010 0.010 0.010    0.003 0.003 0.003 0.003 0.003 0.003 0.003 0.003 0.003 0.003 0.003 0.003 0.003 0.003 0.003   --  
  200:    1.00    2.279    0.010 0.010 0.010 0.010 0.010 0.010    0.003 0.003 0.003 0.003 0.003 0.003 0.003 0.003 0.003 0.003 0.003 0.003 0.003 0.003 0.003   --  
  300:    1.00    2.324    0.010 0.010 0.010 0.010 0.010 0.010    0.003 0.003 0.003 0.003 0.003 0.003 0.003 0.003 0.003 0.003 0.003 0.003 0.003 0.003 0.003   --  
  400:    1.00    2.747    0.010 0.010 0.010 0.010 0.010 0.010    0.003 0.003 0.003 0.003 0.003 0.003 0.003 0.003 0.003 0.003 0.003 0.003 0.003 0.003 0.003   --  
  500:    1.00    3.145    0.010 0.010 0.010 0.010 0.010 0.010    0.003 0.003 0.003 0.003 0.003 0.003 0.003 0.003 0.003 0.003 0.003 0.003 0.003 0.003 0.003   --  
  600:    1.00    3.582    0.010 0.010 0.010 0.010 0.010 0.010    0.003 0.003 0.003 0.003 0.003 0.003 0.003 0.003 0.003 0.003 0.003 0.003 0.003 0.003 0.003   --  
  700:    1.00    4.142    0.010 0.010 0.010 0.010 0.010 0.010    0.003 0.003 0.003 0.003 0.003 0.003 0.003 0.003 0.003 0.003 0.003 0.003 0.003 0.003 0.003   --  
  800:    1.00    4.112    0.010 0.010 0.010 0.010 0.010 0.010    0.003 0.003 0.003 0.003 0.003 0.003 0.003 0.003 0.003 0.003 0.003 0.003 0.003 0.003 0.003   --  
  900:    1.00    3.745    0.010 0.010 0.010 0.010 0.010 0.010    0.003 0.003 0.003 0.003 0.003 0.003 0.003 0.003 0.003 0.003 0.003 0.003 0.003 0.003 0.003   --  
 1000:    1.00    3.828    0.010 0.010 0.010 0.010 0.010 0.010    0.003 0.003 0.003 0.003 0.003 0.003 0.003 0.003 0.003 0.003 0.003 0.003 0.003 0.003 0.003   --  

BURNIN completed
 Rep#:   Lambda   Alpha      F1    F2    F3    F4    F5    F6     D1,2  D1,3  D1,4  D1,5  D1,6  D2,3  D2,4  D2,5  D2,6  D3,4  D3,5  D3,6  D4,5  D4,6  D5,6    Ln Like  Est Ln P(D)
 1100:    1.00    3.264    0.010 0.010 0.010 0.010 0.010 0.010    0.003 0.003 0.003 0.003 0.003 0.003 0.003 0.003 0.003 0.003 0.003 0.003 0.003 0.003 0.003   -1025346    0 
 1200:    1.00    3.134    0.010 0.010 0.010 0.010 0.010 0.010    0.003 0.003 0.003 0.003 0.003 0.003 0.003 0.003 0.003 0.003 0.003 0.003 0.003 0.003 0.003   -1024763    0 
 1300:    1.00    2.815    0.010 0.010 0.010 0.010 0.010 0.010    0.003 0.003 0.003 0.003 0.003 0.003 0.003 0.003 0.003 0.003 0.003 0.003 0.003 0.003 0.003   -1024800    0 
 1400:    1.00    2.169    0.010 0.010 0.010 0.010 0.010 0.010    0.003 0.003 0.003 0.003 0.003 0.003 0.003 0.003 0.003 0.003 0.003 0.003 0.003 0.003 0.003   -1024421    0 
 1500:    1.00    2.112    0.010 0.010 0.010 0.010 0.010 0.010    0.003 0.003 0.003 0.003 0.003 0.003 0.003 0.003 0.003 0.003 0.003 0.003 0.003 0.003 0.003   -1023792    0 
 1600:    1.00    1.793    0.010 0.011 0.010 0.010 0.010 0.010    0.003 0.003 0.003 0.003 0.003 0.003 0.003 0.003 0.003 0.003 0.003 0.003 0.003 0.003 0.003   -1023030    0 
 1700:    1.00    1.254    0.010 0.011 0.010 0.010 0.010 0.010    0.003 0.003 0.003 0.003 0.003 0.003 0.003 0.003 0.003 0.003 0.003 0.003 0.003 0.003 0.003   -1022341    0 
 1800:    1.00    0.907    0.010 0.011 0.010 0.010 0.010 0.010    0.003 0.003 0.003 0.003 0.003 0.003 0.003 0.003 0.003 0.003 0.003 0.003 0.003 0.003 0.003   -1021766    0 
 1900:    1.00    0.742    0.010 0.012 0.010 0.010 0.010 0.010    0.003 0.003 0.003 0.003 0.003 0.003 0.003 0.003 0.003 0.003 0.003 0.003 0.003 0.003 0.003   -1020842    0 

--------------------------------------------
Proportion of membership of each pre-defined
 population in each of the 6 clusters

Given    Inferred Clusters                            Number of
 Pop       1      2      3      4      5      6      Individuals

  1:     0.087  0.263  0.155  0.168  0.176  0.151       23
--------------------------------------------

 Rep#:   Lambda   Alpha      F1    F2    F3    F4    F5    F6     D1,2  D1,3  D1,4  D1,5  D1,6  D2,3  D2,4  D2,5  D2,6  D3,4  D3,5  D3,6  D4,5  D4,6  D5,6    Ln Like  Est Ln P(D)
 2000:    1.00    0.675    0.010 0.012 0.010 0.010 0.010 0.010    0.003 0.003 0.003 0.003 0.003 0.004 0.003 0.004 0.004 0.003 0.003 0.003 0.003 0.003 0.003   -1020330    0 
 2100:    1.00    0.473    0.010 0.014 0.010 0.010 0.010 0.010    0.004 0.003 0.003 0.003 0.003 0.004 0.004 0.004 0.004 0.003 0.003 0.003 0.003 0.003 0.003   -1019272    0 
 2200:    1.00    0.487    0.010 0.016 0.010 0.010 0.010 0.010    0.004 0.003 0.003 0.003 0.003 0.004 0.004 0.004 0.004 0.003 0.003 0.003 0.003 0.003 0.003   -1018368    0 
 2300:    1.00    0.348    0.010 0.025 0.010 0.010 0.010 0.010    0.006 0.003 0.003 0.003 0.003 0.006 0.006 0.006 0.006 0.003 0.003 0.003 0.003 0.003 0.003   -1015247    0 
 2400:    1.00    0.325    0.010 0.026 0.010 0.010 0.010 0.010    0.006 0.003 0.003 0.003 0.003 0.006 0.006 0.006 0.006 0.003 0.003 0.003 0.003 0.003 0.003   -1014509    0 
 2500:    1.00    0.336    0.010 0.039 0.010 0.010 0.010 0.010    0.008 0.003 0.003 0.003 0.003 0.008 0.008 0.008 0.008 0.003 0.003 0.003 0.003 0.003 0.003   -1010744    0 
 2600:    1.00    0.272    0.010 0.065 0.010 0.010 0.010 0.010    0.012 0.003 0.003 0.003 0.003 0.012 0.012 0.012 0.012 0.003 0.003 0.003 0.003 0.003 0.003   -1006516    0 
 2700:    1.00    0.259    0.010 0.077 0.010 0.010 0.010 0.010    0.014 0.003 0.003 0.003 0.003 0.014 0.014 0.014 0.014 0.003 0.003 0.003 0.003 0.003 0.003   -1004090    0 
 2800:    1.00    0.242    0.010 0.089 0.010 0.010 0.010 0.010    0.015 0.003 0.003 0.003 0.003 0.015 0.015 0.016 0.016 0.003 0.003 0.003 0.003 0.003 0.003   -1002527    0 
 2900:    1.00    0.233    0.010 0.102 0.010 0.010 0.010 0.011    0.017 0.003 0.003 0.003 0.003 0.017 0.017 0.017 0.017 0.003 0.003 0.003 0.003 0.003 0.003   -1001345    0 

--------------------------------------------
Proportion of membership of each pre-defined
 population in each of the 6 clusters

Given    Inferred Clusters                            Number of
 Pop       1      2      3      4      5      6      Individuals

  1:     0.059  0.239  0.181  0.167  0.165  0.189       23
--------------------------------------------

 Rep#:   Lambda   Alpha      F1    F2    F3    F4    F5    F6     D1,2  D1,3  D1,4  D1,5  D1,6  D2,3  D2,4  D2,5  D2,6  D3,4  D3,5  D3,6  D4,5  D4,6  D5,6    Ln Like  Est Ln P(D)
 3000:    1.00    0.194    0.010 0.108 0.010 0.010 0.010 0.011    0.018 0.003 0.003 0.003 0.003 0.018 0.018 0.018 0.018 0.003 0.003 0.003 0.003 0.003 0.003   -1000665    0 
 3100:    1.00    0.187    0.010 0.118 0.010 0.010 0.010 0.011    0.019 0.003 0.003 0.003 0.003 0.019 0.019 0.019 0.020 0.003 0.003 0.003 0.003 0.003 0.003   -1000008    0 
 3200:    1.00    0.188    0.010 0.120 0.010 0.010 0.010 0.011    0.020 0.003 0.003 0.003 0.003 0.020 0.020 0.020 0.020 0.003 0.003 0.003 0.003 0.003 0.003   -1000112    0 
 3300:    1.00    0.203    0.010 0.122 0.010 0.010 0.010 0.012    0.020 0.003 0.003 0.003 0.003 0.020 0.020 0.020 0.020 0.003 0.003 0.003 0.003 0.003 0.003   -999685    0 
 3400:    1.00    0.192    0.010 0.125 0.010 0.010 0.010 0.012    0.020 0.003 0.003 0.003 0.003 0.020 0.020 0.020 0.021 0.003 0.003 0.003 0.003 0.003 0.003   -999020    0 
 3500:    1.00    0.184    0.010 0.128 0.010 0.010 0.010 0.012    0.021 0.003 0.003 0.003 0.003 0.021 0.021 0.021 0.021 0.003 0.003 0.003 0.003 0.003 0.003   -998903    0 
 3600:    1.00    0.203    0.010 0.129 0.010 0.010 0.010 0.012    0.021 0.003 0.003 0.003 0.003 0.021 0.021 0.021 0.022 0.003 0.003 0.003 0.003 0.003 0.003   -998996    0 
 3700:    1.00    0.200    0.010 0.129 0.010 0.010 0.010 0.012    0.021 0.003 0.003 0.003 0.003 0.021 0.021 0.021 0.022 0.003 0.003 0.003 0.003 0.003 0.003   -998730    0 
 3800:    1.00    0.189    0.010 0.129 0.010 0.010 0.010 0.012    0.021 0.003 0.003 0.003 0.003 0.021 0.021 0.021 0.022 0.003 0.003 0.003 0.003 0.003 0.003   -998789    0 
 3900:    1.00    0.218    0.010 0.131 0.010 0.010 0.010 0.013    0.021 0.003 0.003 0.003 0.004 0.021 0.021 0.021 0.022 0.003 0.003 0.004 0.003 0.004 0.004   -998543    0 

--------------------------------------------
Proportion of membership of each pre-defined
 population in each of the 6 clusters

Given    Inferred Clusters                            Number of
 Pop       1      2      3      4      5      6      Individuals

  1:     0.037  0.230  0.190  0.170  0.166  0.208       23
--------------------------------------------

 Rep#:   Lambda   Alpha      F1    F2    F3    F4    F5    F6     D1,2  D1,3  D1,4  D1,5  D1,6  D2,3  D2,4  D2,5  D2,6  D3,4  D3,5  D3,6  D4,5  D4,6  D5,6    Ln Like  Est Ln P(D)
 4000:    1.00    0.192    0.010 0.135 0.010 0.010 0.010 0.013    0.022 0.003 0.003 0.003 0.004 0.022 0.022 0.022 0.023 0.003 0.003 0.004 0.003 0.004 0.004   -997786    0 
 4100:    1.00    0.145    0.010 0.138 0.010 0.010 0.010 0.013    0.022 0.003 0.003 0.003 0.004 0.022 0.022 0.022 0.023 0.003 0.003 0.004 0.003 0.004 0.004   -998075    0 
 4200:    1.00    0.172    0.010 0.138 0.010 0.010 0.010 0.014    0.022 0.003 0.003 0.003 0.004 0.022 0.022 0.022 0.023 0.003 0.003 0.004 0.003 0.004 0.004   -997521    0 
 4300:    1.00    0.146    0.010 0.138 0.010 0.010 0.010 0.016    0.023 0.003 0.003 0.003 0.004 0.022 0.022 0.022 0.024 0.003 0.003 0.004 0.003 0.004 0.004   -997265    0 
 4400:    1.00    0.169    0.010 0.137 0.010 0.010 0.010 0.016    0.022 0.003 0.003 0.003 0.004 0.022 0.022 0.022 0.024 0.003 0.003 0.004 0.003 0.004 0.004   -996848    0 
 4500:    1.00    0.143    0.010 0.140 0.010 0.010 0.010 0.016    0.023 0.003 0.003 0.003 0.004 0.023 0.023 0.023 0.024 0.003 0.003 0.004 0.003 0.004 0.004   -997127    0 
 4600:    1.00    0.174    0.010 0.140 0.010 0.010 0.010 0.016    0.023 0.003 0.003 0.003 0.004 0.023 0.023 0.023 0.024 0.003 0.003 0.004 0.003 0.004 0.004   -996891    0 
 4700:    1.00    0.172    0.010 0.140 0.010 0.010 0.011 0.017    0.023 0.003 0.003 0.003 0.004 0.023 0.023 0.023 0.024 0.003 0.003 0.004 0.003 0.004 0.004   -996248    0 
 4800:    1.00    0.173    0.010 0.141 0.010 0.010 0.011 0.018    0.023 0.003 0.003 0.003 0.004 0.023 0.023 0.023 0.024 0.003 0.003 0.004 0.003 0.004 0.004   -996264    0 
 4900:    1.00    0.196    0.010 0.143 0.010 0.010 0.011 0.018    0.023 0.003 0.003 0.003 0.004 0.023 0.023 0.023 0.025 0.003 0.003 0.005 0.003 0.004 0.005   -995797    0 

--------------------------------------------
Proportion of membership of each pre-defined
 population in each of the 6 clusters

Given    Inferred Clusters                            Number of
 Pop       1      2      3      4      5      6      Individuals

  1:     0.031  0.220  0.168  0.183  0.180  0.217       23
--------------------------------------------

 Rep#:   Lambda   Alpha      F1    F2    F3    F4    F5    F6     D1,2  D1,3  D1,4  D1,5  D1,6  D2,3  D2,4  D2,5  D2,6  D3,4  D3,5  D3,6  D4,5  D4,6  D5,6    Ln Like  Est Ln P(D)
 5000:    1.00    0.152    0.010 0.143 0.010 0.010 0.011 0.018    0.023 0.003 0.003 0.003 0.004 0.023 0.023 0.023 0.025 0.003 0.003 0.005 0.003 0.005 0.005   -996510    0 
 5100:    1.00    0.185    0.010 0.144 0.010 0.010 0.011 0.019    0.023 0.003 0.003 0.003 0.004 0.023 0.023 0.023 0.025 0.003 0.003 0.005 0.003 0.005 0.005   -996191    0 
 5200:    1.00    0.177    0.010 0.140 0.011 0.010 0.011 0.019    0.023 0.003 0.003 0.003 0.004 0.023 0.023 0.023 0.024 0.003 0.003 0.005 0.003 0.005 0.005   -995640    0 
 5300:    1.00    0.140    0.010 0.140 0.011 0.010 0.011 0.020    0.023 0.003 0.003 0.003 0.005 0.023 0.023 0.023 0.025 0.003 0.003 0.005 0.003 0.005 0.005   -994997    0 
 5400:    1.00    0.173    0.010 0.145 0.011 0.010 0.011 0.021    0.023 0.003 0.003 0.003 0.005 0.023 0.023 0.023 0.025 0.003 0.003 0.005 0.003 0.005 0.005   -994574    0 
 5500:    1.00    0.132    0.010 0.145 0.011 0.010 0.011 0.022    0.023 0.003 0.003 0.003 0.005 0.023 0.023 0.023 0.025 0.003 0.003 0.005 0.003 0.005 0.005   -994803    0 
 5600:    1.00    0.128    0.010 0.145 0.011 0.011 0.011 0.022    0.023 0.003 0.003 0.003 0.005 0.023 0.023 0.023 0.025 0.003 0.003 0.005 0.003 0.005 0.005   -994618    0 
 5700:    1.00    0.140    0.010 0.147 0.011 0.011 0.011 0.024    0.024 0.003 0.003 0.003 0.005 0.024 0.024 0.024 0.026 0.003 0.003 0.005 0.003 0.005 0.005   -994133    0 
 5800:    1.00    0.143    0.010 0.146 0.011 0.011 0.011 0.026    0.024 0.003 0.003 0.003 0.006 0.024 0.024 0.024 0.026 0.003 0.003 0.006 0.003 0.006 0.006   -993539    0 
 5900:    1.00    0.131    0.010 0.145 0.011 0.011 0.011 0.026    0.023 0.003 0.003 0.003 0.006 0.023 0.023 0.023 0.026 0.003 0.003 0.006 0.003 0.006 0.006   -993414    0 
 6000:    1.00    0.114    0.010 0.146 0.011 0.011 0.011 0.027    0.023 0.003 0.003 0.003 0.006 0.023 0.023 0.023 0.027 0.003 0.003 0.006 0.003 0.006 0.006   -992999    0 

MCMC completed

Inferred ancestry of individuals:
        Label (%Miss) Pop:  Inferred clusters
  1 18160D-09-0    (2)    1 :  0.034 0.064 0.095 0.601 0.177 0.030 
  2 18160D-09-0    (4)    1 :  0.079 0.086 0.165 0.236 0.398 0.035 
  3 18160D-09-0    (2)    1 :  0.049 0.748 0.059 0.024 0.097 0.025 
  4 18160D-09-0    (5)    1 :  0.030 0.941 0.007 0.008 0.005 0.009 
  5 18160D-09-0    (4)    1 :  0.027 0.887 0.018 0.030 0.025 0.014 
  6 18160D-09-0    (4)    1 :  0.041 0.906 0.010 0.014 0.020 0.010 
  7 18160D-09-0    (2)    1 :  0.019 0.947 0.006 0.014 0.006 0.009 
  8 18160D-09-0    (4)    1 :  0.121 0.092 0.064 0.347 0.326 0.050 
  9 18160D-09-0    (2)    1 :  0.072 0.018 0.023 0.104 0.166 0.616 
 10 18160D-09-1    (2)    1 :  0.060 0.006 0.035 0.009 0.010 0.881 
 11 18160D-09-1    (2)    1 :  0.053 0.008 0.062 0.020 0.093 0.765 
 12 18160D-09-1    (2)    1 :  0.045 0.005 0.051 0.070 0.154 0.674 
 13 18160D-09-1    (5)    1 :  0.032 0.138 0.199 0.368 0.230 0.033 
 14 18160D-09-1   (18)    1 :  0.064 0.131 0.198 0.361 0.221 0.026 
 15 18160D-09-1    (4)    1 :  0.029 0.022 0.170 0.217 0.540 0.022 
 16 18160D-09-1    (2)    1 :  0.052 0.012 0.063 0.012 0.019 0.842 
 17 18160D-09-1    (2)    1 :  0.053 0.083 0.234 0.220 0.349 0.061 
 18 18160D-09-1    (2)    1 :  0.094 0.017 0.666 0.110 0.061 0.051 
 19 18160D-09-1    (2)    1 :  0.119 0.020 0.548 0.181 0.112 0.021 
 20 18160D-09-2    (5)    1 :  0.075 0.035 0.238 0.285 0.321 0.047 
 21 18160D-09-2    (5)    1 :  0.040 0.115 0.173 0.147 0.462 0.064 
 22 18160D-09-2    (5)    1 :  0.018 0.020 0.434 0.420 0.077 0.031 
 23 18160D-09-2    (2)    1 :  0.141 0.035 0.459 0.247 0.091 0.028 

Command line arguments:   structure -D 777635 -K 6 -m mainparams -o k6/populations_k6_run6 
Input File:    populations.str
Output File:   k6/populations_k6_run6_f

Run parameters:
   23 individuals
   50160 loci
   6 populations assumed
   1000 Burn-in period
   5000 Reps
RANDOMIZE turned off

--------------------------------------------
Estimated Ln Prob of Data   = -64217749.2
Mean value of ln likelihood = -1004900.7
Variance of ln likelihood   = 126425697.0
Mean value of alpha         = 0.5778

Mean value of Fst_1         = 0.0101
Mean value of Fst_2         = 0.0941
Mean value of Fst_3         = 0.0102
Mean value of Fst_4         = 0.0103
Mean value of Fst_5         = 0.0102
Mean value of Fst_6         = 0.0139


--------------------------------------------
Proportion of membership of each pre-defined
 population in each of the 6 clusters

Given    Inferred Clusters                            Number of
 Pop       1      2      3      4      5      6      Individuals

  1:     0.058  0.232  0.173  0.176  0.172  0.189       23
--------------------------------------------
Final results printed to file k6/populations_k6_run6_f

