

----------------------------------------------------
STRUCTURE by Pritchard, Stephens and Donnelly (2000)
     and Falush, Stephens and Pritchard (2003)
       Code by Pritchard, Falush and Hubisz
             Version 2.3.4 (Jul 2012)
----------------------------------------------------


Reading file "mainparams".
datafile is
populations.str
Reading file "extraparams".
Reading file "populations.str".


Data file "populations.str" (truncated) --

Ind:   Label Pop : Genotype_data . . . .
  1: 18160D-09-0    1  :  4   1   3   1   4   1   3  . . . .   2
  1: 18160D-09-0    1  :  4   1   3   1   4   4   4  . . . .   4
  2: 18160D-09-0    1  :  4   1   3   1   4   1   3  . . . .   2
  2: 18160D-09-0    1  :  4   1   3   1   4   4   3  . . . .   4
  3: 18160D-09-0    1  :  4   1   0   0   0   0   3  . . . .   2
  3: 18160D-09-0    1  :  4   3   0   0   0   0   3  . . . .   4
  4: 18160D-09-0    1  :  4   1   3   1   4   1   3  . . . .   2
  4: 18160D-09-0    1  :  4   3   3   1   4   1   3  . . . .   4

      *******   

 22: 18160D-09-2    1  :  4   1   3   1   4   1   3  . . . .   2
 22: 18160D-09-2    1  :  4   3   3   1   4   1   4  . . . .   4
 23: 18160D-09-2    1  :  4   1   3   1   4   1   3  . . . .   2
 23: 18160D-09-2    1  :  4   1   3   1   4   4   4  . . . .   4

Number of alleles per locus: min= 2; ave=2.0; max= 2


--------------------------------------

Finished initialization; starting MCMC 
5000 iterations + 1000 burnin


--------------------------------------------
Proportion of membership of each pre-defined
 population in each of the 6 clusters

Given    Inferred Clusters                            Number of
 Pop       1      2      3      4      5      6      Individuals

  1:     0.167  0.170  0.161  0.165  0.165  0.172       23
--------------------------------------------

 Rep#:   Lambda   Alpha      F1    F2    F3    F4    F5    F6     D1,2  D1,3  D1,4  D1,5  D1,6  D2,3  D2,4  D2,5  D2,6  D3,4  D3,5  D3,6  D4,5  D4,6  D5,6    Ln Like 
  100:    1.00    1.705    0.010 0.010 0.010 0.010 0.010 0.010    0.003 0.003 0.003 0.003 0.003 0.003 0.003 0.003 0.003 0.003 0.003 0.003 0.003 0.003 0.003   --  
  200:    1.00    2.217    0.010 0.010 0.010 0.010 0.010 0.010    0.003 0.003 0.003 0.003 0.003 0.003 0.003 0.003 0.003 0.003 0.003 0.003 0.003 0.003 0.003   --  
  300:    1.00    2.570    0.010 0.010 0.010 0.010 0.010 0.010    0.003 0.003 0.003 0.003 0.003 0.003 0.003 0.003 0.003 0.003 0.003 0.003 0.003 0.003 0.003   --  
  400:    1.00    2.955    0.010 0.010 0.010 0.010 0.010 0.010    0.003 0.003 0.003 0.003 0.003 0.003 0.003 0.003 0.003 0.003 0.003 0.003 0.003 0.003 0.003   --  
  500:    1.00    2.906    0.010 0.010 0.010 0.010 0.010 0.010    0.003 0.003 0.003 0.003 0.003 0.003 0.003 0.003 0.003 0.003 0.003 0.003 0.003 0.003 0.003   --  
  600:    1.00    3.026    0.010 0.010 0.010 0.010 0.010 0.010    0.003 0.003 0.003 0.003 0.003 0.003 0.003 0.003 0.003 0.003 0.003 0.003 0.003 0.003 0.003   --  
  700:    1.00    3.487    0.010 0.010 0.010 0.010 0.010 0.010    0.003 0.003 0.003 0.003 0.003 0.003 0.003 0.003 0.003 0.003 0.003 0.003 0.003 0.003 0.003   --  
  800:    1.00    3.799    0.010 0.010 0.010 0.010 0.010 0.010    0.003 0.003 0.003 0.003 0.003 0.003 0.003 0.003 0.003 0.003 0.003 0.003 0.003 0.003 0.003   --  
  900:    1.00    4.089    0.010 0.010 0.010 0.010 0.010 0.010    0.003 0.003 0.003 0.003 0.003 0.003 0.003 0.003 0.003 0.003 0.003 0.003 0.003 0.003 0.003   --  
 1000:    1.00    4.144    0.010 0.010 0.010 0.010 0.010 0.010    0.003 0.003 0.003 0.003 0.003 0.003 0.003 0.003 0.003 0.003 0.003 0.003 0.003 0.003 0.003   --  

BURNIN completed
 Rep#:   Lambda   Alpha      F1    F2    F3    F4    F5    F6     D1,2  D1,3  D1,4  D1,5  D1,6  D2,3  D2,4  D2,5  D2,6  D3,4  D3,5  D3,6  D4,5  D4,6  D5,6    Ln Like  Est Ln P(D)
 1100:    1.00    4.162    0.010 0.010 0.010 0.010 0.010 0.010    0.003 0.003 0.003 0.003 0.003 0.003 0.003 0.003 0.003 0.003 0.003 0.003 0.003 0.003 0.003   -1025630    0 
 1200:    1.00    4.067    0.010 0.010 0.010 0.010 0.010 0.010    0.003 0.003 0.003 0.003 0.003 0.003 0.003 0.003 0.003 0.003 0.003 0.003 0.003 0.003 0.003   -1025498    0 
 1300:    1.00    3.998    0.010 0.010 0.010 0.010 0.010 0.010    0.003 0.003 0.003 0.003 0.003 0.003 0.003 0.003 0.003 0.003 0.003 0.003 0.003 0.003 0.003   -1025474    0 
 1400:    1.00    3.731    0.010 0.010 0.010 0.010 0.010 0.010    0.003 0.003 0.003 0.003 0.003 0.003 0.003 0.003 0.003 0.003 0.003 0.003 0.003 0.003 0.003   -1024682    0 
 1500:    1.00    3.558    0.010 0.010 0.010 0.010 0.010 0.010    0.003 0.003 0.003 0.003 0.003 0.003 0.003 0.003 0.003 0.003 0.003 0.003 0.003 0.003 0.003   -1024399    0 
 1600:    1.00    3.059    0.010 0.010 0.010 0.010 0.010 0.010    0.003 0.003 0.003 0.003 0.003 0.003 0.003 0.003 0.003 0.003 0.003 0.003 0.003 0.003 0.003   -1023714    0 
 1700:    1.00    2.828    0.010 0.010 0.010 0.010 0.010 0.010    0.003 0.003 0.003 0.003 0.003 0.003 0.003 0.003 0.003 0.003 0.003 0.003 0.003 0.003 0.003   -1023660    0 
 1800:    1.00    2.752    0.010 0.010 0.010 0.010 0.010 0.010    0.003 0.003 0.003 0.003 0.003 0.003 0.003 0.003 0.003 0.003 0.003 0.003 0.003 0.003 0.003   -1022888    0 
 1900:    1.00    2.071    0.010 0.010 0.010 0.010 0.010 0.010    0.003 0.003 0.003 0.003 0.003 0.003 0.003 0.003 0.003 0.003 0.003 0.003 0.003 0.003 0.003   -1022412    0 

--------------------------------------------
Proportion of membership of each pre-defined
 population in each of the 6 clusters

Given    Inferred Clusters                            Number of
 Pop       1      2      3      4      5      6      Individuals

  1:     0.144  0.197  0.191  0.163  0.154  0.151       23
--------------------------------------------

 Rep#:   Lambda   Alpha      F1    F2    F3    F4    F5    F6     D1,2  D1,3  D1,4  D1,5  D1,6  D2,3  D2,4  D2,5  D2,6  D3,4  D3,5  D3,6  D4,5  D4,6  D5,6    Ln Like  Est Ln P(D)
 2000:    1.00    1.535    0.010 0.010 0.010 0.010 0.010 0.010    0.003 0.003 0.003 0.003 0.003 0.003 0.003 0.003 0.003 0.003 0.003 0.003 0.003 0.003 0.003   -1022277    0 
 2100:    1.00    1.190    0.010 0.010 0.011 0.010 0.010 0.010    0.003 0.003 0.003 0.003 0.003 0.003 0.003 0.003 0.003 0.003 0.003 0.003 0.003 0.003 0.003   -1021047    0 
 2200:    1.00    0.619    0.010 0.010 0.011 0.010 0.010 0.010    0.003 0.003 0.003 0.003 0.003 0.003 0.003 0.003 0.003 0.003 0.003 0.003 0.003 0.003 0.003   -1020155    0 
 2300:    1.00    0.589    0.010 0.010 0.012 0.010 0.010 0.010    0.003 0.003 0.003 0.003 0.003 0.003 0.003 0.003 0.003 0.003 0.003 0.003 0.003 0.003 0.003   -1019534    0 
 2400:    1.00    0.519    0.010 0.010 0.012 0.010 0.010 0.010    0.003 0.003 0.003 0.003 0.003 0.004 0.003 0.003 0.003 0.003 0.003 0.003 0.003 0.003 0.003   -1018573    0 
 2500:    1.00    0.406    0.010 0.011 0.013 0.010 0.010 0.010    0.003 0.003 0.003 0.003 0.003 0.004 0.003 0.003 0.003 0.003 0.003 0.003 0.003 0.003 0.003   -1017799    0 
 2600:    1.00    0.315    0.010 0.011 0.013 0.010 0.010 0.010    0.003 0.004 0.003 0.003 0.003 0.004 0.003 0.003 0.003 0.004 0.004 0.003 0.003 0.003 0.003   -1017140    0 
 2700:    1.00    0.284    0.010 0.011 0.013 0.010 0.010 0.010    0.003 0.003 0.003 0.003 0.003 0.004 0.003 0.003 0.003 0.003 0.003 0.003 0.003 0.003 0.003   -1017007    0 
 2800:    1.00    0.310    0.010 0.012 0.014 0.010 0.010 0.010    0.003 0.004 0.003 0.003 0.003 0.004 0.003 0.003 0.003 0.004 0.004 0.004 0.003 0.003 0.003   -1015728    0 
 2900:    1.00    0.266    0.010 0.012 0.014 0.010 0.010 0.010    0.003 0.004 0.003 0.003 0.003 0.004 0.003 0.003 0.003 0.004 0.004 0.004 0.003 0.003 0.003   -1014976    0 

--------------------------------------------
Proportion of membership of each pre-defined
 population in each of the 6 clusters

Given    Inferred Clusters                            Number of
 Pop       1      2      3      4      5      6      Individuals

  1:     0.126  0.235  0.205  0.130  0.157  0.146       23
--------------------------------------------

 Rep#:   Lambda   Alpha      F1    F2    F3    F4    F5    F6     D1,2  D1,3  D1,4  D1,5  D1,6  D2,3  D2,4  D2,5  D2,6  D3,4  D3,5  D3,6  D4,5  D4,6  D5,6    Ln Like  Est Ln P(D)
 3000:    1.00    0.211    0.010 0.013 0.014 0.010 0.010 0.010    0.004 0.004 0.003 0.003 0.003 0.004 0.004 0.004 0.004 0.004 0.004 0.004 0.003 0.003 0.003   -1014807    0 
 3100:    1.00    0.209    0.010 0.013 0.014 0.010 0.010 0.010    0.004 0.004 0.003 0.003 0.003 0.004 0.004 0.004 0.004 0.004 0.004 0.004 0.003 0.003 0.003   -1014129    0 
 3200:    1.00    0.152    0.010 0.013 0.017 0.010 0.010 0.010    0.004 0.004 0.003 0.003 0.003 0.005 0.004 0.004 0.004 0.004 0.004 0.004 0.003 0.003 0.003   -1013326    0 
 3300:    1.00    0.154    0.011 0.015 0.018 0.010 0.010 0.010    0.004 0.004 0.003 0.003 0.003 0.005 0.004 0.004 0.004 0.004 0.004 0.004 0.003 0.003 0.003   -1011672    0 
 3400:    1.00    0.121    0.011 0.016 0.018 0.010 0.010 0.010    0.004 0.004 0.003 0.003 0.003 0.006 0.004 0.004 0.004 0.004 0.004 0.004 0.003 0.003 0.003   -1011195    0 
 3500:    1.00    0.163    0.011 0.024 0.019 0.010 0.010 0.010    0.005 0.005 0.003 0.003 0.003 0.007 0.005 0.005 0.005 0.005 0.005 0.005 0.003 0.003 0.003   -1008641    0 
 3600:    1.00    0.142    0.011 0.027 0.020 0.010 0.010 0.010    0.006 0.005 0.003 0.003 0.003 0.008 0.006 0.006 0.006 0.005 0.005 0.005 0.003 0.003 0.003   -1007527    0 
 3700:    1.00    0.122    0.011 0.037 0.023 0.010 0.010 0.010    0.008 0.005 0.003 0.003 0.003 0.010 0.008 0.007 0.007 0.005 0.005 0.005 0.003 0.003 0.003   -1004320    0 
 3800:    1.00    0.139    0.011 0.063 0.024 0.010 0.010 0.010    0.012 0.005 0.003 0.003 0.003 0.014 0.012 0.012 0.012 0.005 0.005 0.005 0.003 0.003 0.003   -999435    0 
 3900:    1.00    0.119    0.011 0.067 0.026 0.010 0.010 0.010    0.012 0.006 0.003 0.003 0.003 0.015 0.012 0.012 0.012 0.006 0.006 0.006 0.003 0.003 0.003   -997802    0 

--------------------------------------------
Proportion of membership of each pre-defined
 population in each of the 6 clusters

Given    Inferred Clusters                            Number of
 Pop       1      2      3      4      5      6      Individuals

  1:     0.124  0.224  0.218  0.116  0.175  0.143       23
--------------------------------------------

 Rep#:   Lambda   Alpha      F1    F2    F3    F4    F5    F6     D1,2  D1,3  D1,4  D1,5  D1,6  D2,3  D2,4  D2,5  D2,6  D3,4  D3,5  D3,6  D4,5  D4,6  D5,6    Ln Like  Est Ln P(D)
 4000:    1.00    0.104    0.011 0.086 0.026 0.010 0.010 0.010    0.015 0.006 0.003 0.003 0.003 0.018 0.015 0.015 0.015 0.006 0.006 0.006 0.003 0.003 0.003   -995740    0 
 4100:    1.00    0.097    0.011 0.103 0.031 0.010 0.010 0.010    0.017 0.007 0.003 0.003 0.003 0.021 0.017 0.017 0.017 0.007 0.007 0.007 0.003 0.003 0.003   -993368    0 
 4200:    1.00    0.089    0.011 0.107 0.035 0.010 0.010 0.010    0.018 0.007 0.003 0.003 0.003 0.022 0.017 0.018 0.017 0.007 0.007 0.007 0.003 0.003 0.003   -992098    0 
 4300:    1.00    0.101    0.011 0.108 0.037 0.010 0.010 0.010    0.018 0.007 0.003 0.003 0.003 0.022 0.018 0.018 0.018 0.007 0.007 0.007 0.003 0.003 0.003   -992087    0 
 4400:    1.00    0.119    0.011 0.111 0.041 0.010 0.010 0.010    0.018 0.008 0.003 0.003 0.003 0.024 0.018 0.018 0.018 0.008 0.008 0.008 0.003 0.003 0.003   -990782    0 
 4500:    1.00    0.118    0.011 0.116 0.043 0.010 0.010 0.010    0.019 0.009 0.003 0.003 0.003 0.025 0.019 0.019 0.019 0.008 0.009 0.008 0.003 0.003 0.003   -990038    0 
 4600:    1.00    0.109    0.011 0.116 0.046 0.010 0.010 0.010    0.019 0.009 0.003 0.003 0.003 0.025 0.019 0.019 0.019 0.009 0.009 0.009 0.003 0.003 0.003   -989794    0 
 4700:    1.00    0.111    0.011 0.121 0.046 0.010 0.010 0.010    0.020 0.009 0.003 0.003 0.003 0.026 0.020 0.020 0.020 0.009 0.009 0.009 0.003 0.003 0.003   -989119    0 
 4800:    1.00    0.093    0.011 0.121 0.046 0.010 0.010 0.010    0.020 0.009 0.003 0.003 0.003 0.026 0.020 0.020 0.020 0.009 0.009 0.009 0.003 0.003 0.003   -990042    0 
 4900:    1.00    0.086    0.011 0.121 0.048 0.010 0.010 0.010    0.020 0.009 0.003 0.003 0.003 0.026 0.020 0.020 0.020 0.009 0.009 0.009 0.003 0.003 0.003   -990035    0 

--------------------------------------------
Proportion of membership of each pre-defined
 population in each of the 6 clusters

Given    Inferred Clusters                            Number of
 Pop       1      2      3      4      5      6      Individuals

  1:     0.117  0.214  0.197  0.123  0.174  0.176       23
--------------------------------------------

 Rep#:   Lambda   Alpha      F1    F2    F3    F4    F5    F6     D1,2  D1,3  D1,4  D1,5  D1,6  D2,3  D2,4  D2,5  D2,6  D3,4  D3,5  D3,6  D4,5  D4,6  D5,6    Ln Like  Est Ln P(D)
 5000:    1.00    0.088    0.011 0.123 0.052 0.010 0.010 0.010    0.020 0.010 0.003 0.003 0.003 0.027 0.020 0.020 0.020 0.010 0.010 0.010 0.003 0.003 0.003   -988802    0 
 5100:    1.00    0.075    0.011 0.125 0.058 0.010 0.010 0.010    0.020 0.011 0.003 0.003 0.003 0.028 0.020 0.020 0.020 0.011 0.011 0.011 0.003 0.003 0.003   -988679    0 
 5200:    1.00    0.080    0.011 0.125 0.058 0.010 0.010 0.010    0.020 0.011 0.003 0.003 0.003 0.028 0.020 0.020 0.020 0.011 0.011 0.011 0.003 0.003 0.003   -988379    0 
 5300:    1.00    0.068    0.011 0.127 0.068 0.010 0.010 0.010    0.021 0.013 0.003 0.003 0.003 0.030 0.021 0.021 0.021 0.013 0.013 0.013 0.003 0.003 0.003   -987157    0 
 5400:    1.00    0.074    0.011 0.126 0.076 0.010 0.010 0.010    0.021 0.014 0.003 0.003 0.003 0.032 0.021 0.021 0.021 0.014 0.014 0.014 0.003 0.003 0.003   -986224    0 
 5500:    1.00    0.072    0.011 0.124 0.079 0.010 0.010 0.010    0.021 0.014 0.003 0.003 0.003 0.032 0.020 0.020 0.020 0.014 0.014 0.014 0.003 0.003 0.003   -986449    0 
 5600:    1.00    0.079    0.011 0.126 0.086 0.010 0.010 0.010    0.021 0.016 0.003 0.003 0.003 0.033 0.021 0.021 0.021 0.016 0.016 0.016 0.003 0.003 0.003   -985770    0 
 5700:    1.00    0.077    0.011 0.128 0.094 0.010 0.010 0.010    0.021 0.017 0.003 0.003 0.003 0.035 0.021 0.021 0.021 0.017 0.017 0.017 0.003 0.003 0.003   -985710    0 
 5800:    1.00    0.097    0.011 0.128 0.100 0.010 0.010 0.010    0.021 0.018 0.003 0.003 0.003 0.036 0.021 0.021 0.021 0.018 0.018 0.018 0.003 0.003 0.003   -985682    0 
 5900:    1.00    0.085    0.011 0.128 0.115 0.010 0.010 0.010    0.021 0.020 0.003 0.003 0.003 0.038 0.021 0.021 0.021 0.020 0.020 0.020 0.003 0.003 0.003   -984588    0 
 6000:    1.00    0.093    0.011 0.130 0.139 0.010 0.010 0.010    0.021 0.025 0.003 0.003 0.003 0.043 0.021 0.021 0.021 0.025 0.025 0.025 0.003 0.003 0.003   -983077    0 

MCMC completed

Inferred ancestry of individuals:
        Label (%Miss) Pop:  Inferred clusters
  1 18160D-09-0    (2)    1 :  0.293 0.063 0.055 0.100 0.444 0.046 
  2 18160D-09-0    (4)    1 :  0.107 0.079 0.011 0.236 0.427 0.140 
  3 18160D-09-0    (2)    1 :  0.034 0.749 0.014 0.049 0.054 0.099 
  4 18160D-09-0    (5)    1 :  0.028 0.868 0.020 0.041 0.032 0.011 
  5 18160D-09-0    (4)    1 :  0.042 0.850 0.017 0.052 0.029 0.011 
  6 18160D-09-0    (4)    1 :  0.028 0.851 0.019 0.067 0.029 0.007 
  7 18160D-09-0    (2)    1 :  0.028 0.859 0.019 0.049 0.028 0.017 
  8 18160D-09-0    (4)    1 :  0.067 0.027 0.026 0.481 0.209 0.190 
  9 18160D-09-0    (2)    1 :  0.063 0.021 0.689 0.024 0.149 0.055 
 10 18160D-09-1    (2)    1 :  0.010 0.018 0.952 0.006 0.006 0.008 
 11 18160D-09-1    (2)    1 :  0.028 0.031 0.856 0.018 0.048 0.020 
 12 18160D-09-1    (2)    1 :  0.079 0.025 0.565 0.147 0.037 0.147 
 13 18160D-09-1    (5)    1 :  0.311 0.055 0.016 0.398 0.036 0.184 
 14 18160D-09-1   (18)    1 :  0.160 0.078 0.015 0.156 0.103 0.488 
 15 18160D-09-1    (4)    1 :  0.303 0.007 0.040 0.207 0.318 0.125 
 16 18160D-09-1    (2)    1 :  0.015 0.024 0.927 0.010 0.010 0.014 
 17 18160D-09-1    (2)    1 :  0.028 0.071 0.042 0.309 0.358 0.192 
 18 18160D-09-1    (2)    1 :  0.046 0.035 0.038 0.079 0.691 0.111 
 19 18160D-09-1    (2)    1 :  0.146 0.060 0.016 0.058 0.077 0.643 
 20 18160D-09-2    (5)    1 :  0.057 0.015 0.028 0.294 0.326 0.280 
 21 18160D-09-2    (5)    1 :  0.169 0.034 0.028 0.333 0.301 0.135 
 22 18160D-09-2    (5)    1 :  0.836 0.013 0.019 0.052 0.024 0.055 
 23 18160D-09-2    (2)    1 :  0.129 0.039 0.036 0.053 0.102 0.641 

Command line arguments:   structure -D 887604 -K 6 -m mainparams -o k6/populations_k6_run10 
Input File:    populations.str
Output File:   k6/populations_k6_run10_f

Run parameters:
   23 individuals
   50160 loci
   6 populations assumed
   1000 Burn-in period
   5000 Reps
RANDOMIZE turned off

--------------------------------------------
Estimated Ln Prob of Data   = -114127433.1
Mean value of ln likelihood = -1005397.6
Variance of ln likelihood   = 226244071.0
Mean value of alpha         = 0.8449

Mean value of Fst_1         = 0.0105
Mean value of Fst_2         = 0.0585
Mean value of Fst_3         = 0.0333
Mean value of Fst_4         = 0.0102
Mean value of Fst_5         = 0.0101
Mean value of Fst_6         = 0.0100


--------------------------------------------
Proportion of membership of each pre-defined
 population in each of the 6 clusters

Given    Inferred Clusters                            Number of
 Pop       1      2      3      4      5      6      Individuals

  1:     0.131  0.212  0.193  0.140  0.167  0.157       23
--------------------------------------------
Final results printed to file k6/populations_k6_run10_f

