

----------------------------------------------------
STRUCTURE by Pritchard, Stephens and Donnelly (2000)
     and Falush, Stephens and Pritchard (2003)
       Code by Pritchard, Falush and Hubisz
             Version 2.3.4 (Jul 2012)
----------------------------------------------------


Reading file "mainparams".
datafile is
populations.str
Reading file "extraparams".
Reading file "populations.str".


Data file "populations.str" (truncated) --

Ind:   Label Pop : Genotype_data . . . .
  1: 18160D-09-0    1  :  4   1   3   1   4   1   3  . . . .   2
  1: 18160D-09-0    1  :  4   1   3   1   4   4   4  . . . .   4
  2: 18160D-09-0    1  :  4   1   3   1   4   1   3  . . . .   2
  2: 18160D-09-0    1  :  4   1   3   1   4   4   3  . . . .   4
  3: 18160D-09-0    1  :  4   1   0   0   0   0   3  . . . .   2
  3: 18160D-09-0    1  :  4   3   0   0   0   0   3  . . . .   4
  4: 18160D-09-0    1  :  4   1   3   1   4   1   3  . . . .   2
  4: 18160D-09-0    1  :  4   3   3   1   4   1   3  . . . .   4

      *******   

 22: 18160D-09-2    1  :  4   1   3   1   4   1   3  . . . .   2
 22: 18160D-09-2    1  :  4   3   3   1   4   1   4  . . . .   4
 23: 18160D-09-2    1  :  4   1   3   1   4   1   3  . . . .   2
 23: 18160D-09-2    1  :  4   1   3   1   4   4   4  . . . .   4

Number of alleles per locus: min= 2; ave=2.0; max= 2


--------------------------------------

Finished initialization; starting MCMC 
5000 iterations + 1000 burnin


--------------------------------------------
Proportion of membership of each pre-defined
 population in each of the 6 clusters

Given    Inferred Clusters                            Number of
 Pop       1      2      3      4      5      6      Individuals

  1:     0.169  0.162  0.169  0.172  0.167  0.161       23
--------------------------------------------

 Rep#:   Lambda   Alpha      F1    F2    F3    F4    F5    F6     D1,2  D1,3  D1,4  D1,5  D1,6  D2,3  D2,4  D2,5  D2,6  D3,4  D3,5  D3,6  D4,5  D4,6  D5,6    Ln Like 
  100:    1.00    1.373    0.010 0.010 0.010 0.010 0.010 0.010    0.003 0.003 0.003 0.003 0.003 0.003 0.003 0.003 0.003 0.003 0.003 0.003 0.003 0.003 0.003   --  
  200:    1.00    2.160    0.010 0.010 0.010 0.010 0.010 0.010    0.003 0.003 0.003 0.003 0.003 0.003 0.003 0.003 0.003 0.003 0.003 0.003 0.003 0.003 0.003   --  
  300:    1.00    2.579    0.010 0.010 0.010 0.010 0.010 0.010    0.003 0.003 0.003 0.003 0.003 0.003 0.003 0.003 0.003 0.003 0.003 0.003 0.003 0.003 0.003   --  
  400:    1.00    2.922    0.010 0.010 0.010 0.010 0.010 0.010    0.003 0.003 0.003 0.003 0.003 0.003 0.003 0.003 0.003 0.003 0.003 0.003 0.003 0.003 0.003   --  
  500:    1.00    3.073    0.010 0.010 0.010 0.010 0.010 0.010    0.003 0.003 0.003 0.003 0.003 0.003 0.003 0.003 0.003 0.003 0.003 0.003 0.003 0.003 0.003   --  
  600:    1.00    3.423    0.010 0.010 0.010 0.010 0.010 0.010    0.003 0.003 0.003 0.003 0.003 0.003 0.003 0.003 0.003 0.003 0.003 0.003 0.003 0.003 0.003   --  
  700:    1.00    3.939    0.010 0.010 0.010 0.010 0.010 0.010    0.003 0.003 0.003 0.003 0.003 0.003 0.003 0.003 0.003 0.003 0.003 0.003 0.003 0.003 0.003   --  
  800:    1.00    3.909    0.010 0.010 0.010 0.010 0.010 0.010    0.003 0.003 0.003 0.003 0.003 0.003 0.003 0.003 0.003 0.003 0.003 0.003 0.003 0.003 0.003   --  
  900:    1.00    3.862    0.010 0.010 0.010 0.010 0.010 0.010    0.003 0.003 0.003 0.003 0.003 0.003 0.003 0.003 0.003 0.003 0.003 0.003 0.003 0.003 0.003   --  
 1000:    1.00    4.142    0.010 0.010 0.010 0.010 0.010 0.010    0.003 0.003 0.003 0.003 0.003 0.003 0.003 0.003 0.003 0.003 0.003 0.003 0.003 0.003 0.003   --  

BURNIN completed
 Rep#:   Lambda   Alpha      F1    F2    F3    F4    F5    F6     D1,2  D1,3  D1,4  D1,5  D1,6  D2,3  D2,4  D2,5  D2,6  D3,4  D3,5  D3,6  D4,5  D4,6  D5,6    Ln Like  Est Ln P(D)
 1100:    1.00    4.205    0.010 0.010 0.010 0.010 0.010 0.010    0.003 0.003 0.003 0.003 0.003 0.003 0.003 0.003 0.003 0.003 0.003 0.003 0.003 0.003 0.003   -1025493    0 
 1200:    1.00    3.740    0.010 0.010 0.010 0.010 0.010 0.010    0.003 0.003 0.003 0.003 0.003 0.003 0.003 0.003 0.003 0.003 0.003 0.003 0.003 0.003 0.003   -1024792    0 
 1300:    1.00    3.401    0.010 0.010 0.010 0.010 0.010 0.010    0.003 0.003 0.003 0.003 0.003 0.003 0.003 0.003 0.003 0.003 0.003 0.003 0.003 0.003 0.003   -1024297    0 
 1400:    1.00    3.017    0.010 0.010 0.010 0.010 0.010 0.010    0.003 0.003 0.003 0.003 0.003 0.003 0.003 0.003 0.003 0.003 0.003 0.003 0.003 0.003 0.003   -1023770    0 
 1500:    1.00    2.324    0.011 0.010 0.010 0.010 0.010 0.010    0.003 0.003 0.003 0.003 0.003 0.003 0.003 0.003 0.003 0.003 0.003 0.003 0.003 0.003 0.003   -1022863    0 
 1600:    1.00    1.891    0.011 0.010 0.010 0.010 0.010 0.010    0.003 0.003 0.003 0.003 0.003 0.003 0.003 0.003 0.003 0.003 0.003 0.003 0.003 0.003 0.003   -1022043    0 
 1700:    1.00    1.698    0.011 0.010 0.010 0.010 0.010 0.010    0.003 0.003 0.003 0.003 0.003 0.003 0.003 0.003 0.003 0.003 0.003 0.003 0.003 0.003 0.003   -1021321    0 
 1800:    1.00    0.760    0.012 0.010 0.010 0.010 0.010 0.010    0.003 0.003 0.003 0.003 0.003 0.003 0.003 0.003 0.003 0.003 0.003 0.003 0.003 0.003 0.003   -1020162    0 
 1900:    1.00    0.607    0.012 0.010 0.011 0.010 0.010 0.010    0.003 0.004 0.003 0.003 0.003 0.003 0.003 0.003 0.003 0.003 0.003 0.003 0.003 0.003 0.003   -1019674    0 

--------------------------------------------
Proportion of membership of each pre-defined
 population in each of the 6 clusters

Given    Inferred Clusters                            Number of
 Pop       1      2      3      4      5      6      Individuals

  1:     0.184  0.115  0.262  0.183  0.112  0.144       23
--------------------------------------------

 Rep#:   Lambda   Alpha      F1    F2    F3    F4    F5    F6     D1,2  D1,3  D1,4  D1,5  D1,6  D2,3  D2,4  D2,5  D2,6  D3,4  D3,5  D3,6  D4,5  D4,6  D5,6    Ln Like  Est Ln P(D)
 2000:    1.00    0.548    0.012 0.010 0.011 0.010 0.010 0.010    0.003 0.004 0.003 0.003 0.003 0.003 0.003 0.003 0.003 0.003 0.003 0.003 0.003 0.003 0.003   -1018554    0 
 2100:    1.00    0.407    0.012 0.010 0.011 0.010 0.010 0.010    0.003 0.004 0.003 0.004 0.003 0.003 0.003 0.003 0.003 0.003 0.003 0.003 0.003 0.003 0.003   -1018220    0 
 2200:    1.00    0.247    0.012 0.010 0.012 0.010 0.010 0.010    0.003 0.004 0.003 0.003 0.003 0.003 0.003 0.003 0.003 0.003 0.003 0.003 0.003 0.003 0.003   -1017219    0 
 2300:    1.00    0.224    0.012 0.010 0.012 0.010 0.010 0.010    0.003 0.004 0.003 0.003 0.003 0.003 0.003 0.003 0.003 0.003 0.003 0.003 0.003 0.003 0.003   -1016713    0 
 2400:    1.00    0.260    0.012 0.010 0.013 0.010 0.010 0.010    0.003 0.004 0.003 0.003 0.003 0.003 0.003 0.003 0.003 0.004 0.004 0.004 0.003 0.003 0.003   -1015999    0 
 2500:    1.00    0.242    0.012 0.010 0.013 0.010 0.010 0.010    0.003 0.004 0.003 0.003 0.003 0.004 0.003 0.003 0.003 0.004 0.004 0.004 0.003 0.003 0.003   -1015999    0 
 2600:    1.00    0.222    0.012 0.010 0.017 0.010 0.010 0.010    0.003 0.005 0.003 0.003 0.003 0.004 0.003 0.003 0.003 0.004 0.004 0.004 0.003 0.003 0.003   -1014650    0 
 2700:    1.00    0.200    0.013 0.010 0.021 0.010 0.010 0.010    0.004 0.006 0.004 0.004 0.003 0.005 0.003 0.003 0.003 0.005 0.005 0.005 0.003 0.003 0.003   -1012203    0 
 2800:    1.00    0.173    0.014 0.010 0.022 0.010 0.010 0.010    0.004 0.006 0.004 0.004 0.004 0.005 0.003 0.003 0.003 0.005 0.005 0.005 0.003 0.003 0.003   -1012016    0 
 2900:    1.00    0.163    0.014 0.010 0.024 0.010 0.010 0.010    0.004 0.006 0.004 0.004 0.004 0.006 0.003 0.003 0.003 0.006 0.005 0.005 0.003 0.003 0.003   -1010777    0 

--------------------------------------------
Proportion of membership of each pre-defined
 population in each of the 6 clusters

Given    Inferred Clusters                            Number of
 Pop       1      2      3      4      5      6      Individuals

  1:     0.205  0.094  0.242  0.195  0.108  0.156       23
--------------------------------------------

 Rep#:   Lambda   Alpha      F1    F2    F3    F4    F5    F6     D1,2  D1,3  D1,4  D1,5  D1,6  D2,3  D2,4  D2,5  D2,6  D3,4  D3,5  D3,6  D4,5  D4,6  D5,6    Ln Like  Est Ln P(D)
 3000:    1.00    0.151    0.014 0.010 0.039 0.010 0.010 0.010    0.004 0.009 0.004 0.004 0.004 0.008 0.003 0.003 0.003 0.008 0.008 0.008 0.003 0.003 0.003   -1007609    0 
 3100:    1.00    0.126    0.015 0.010 0.054 0.010 0.010 0.010    0.004 0.011 0.004 0.004 0.004 0.010 0.003 0.003 0.003 0.010 0.010 0.010 0.003 0.003 0.003   -1004342    0 
 3200:    1.00    0.119    0.017 0.010 0.085 0.010 0.010 0.010    0.004 0.016 0.004 0.004 0.004 0.015 0.003 0.003 0.003 0.015 0.015 0.015 0.003 0.003 0.003   -999390    0 
 3300:    1.00    0.122    0.017 0.010 0.102 0.010 0.010 0.010    0.004 0.019 0.004 0.004 0.004 0.017 0.003 0.003 0.003 0.017 0.017 0.017 0.003 0.003 0.003   -997774    0 
 3400:    1.00    0.129    0.017 0.010 0.110 0.010 0.010 0.010    0.004 0.020 0.004 0.004 0.004 0.018 0.003 0.003 0.003 0.018 0.018 0.018 0.003 0.003 0.003   -997008    0 
 3500:    1.00    0.154    0.018 0.010 0.115 0.010 0.010 0.010    0.004 0.020 0.004 0.004 0.004 0.019 0.003 0.003 0.003 0.019 0.019 0.019 0.003 0.003 0.003   -996416    0 
 3600:    1.00    0.103    0.018 0.010 0.116 0.010 0.010 0.010    0.005 0.021 0.005 0.005 0.004 0.019 0.003 0.003 0.003 0.019 0.019 0.019 0.003 0.003 0.003   -996279    0 
 3700:    1.00    0.097    0.018 0.010 0.117 0.011 0.010 0.010    0.004 0.021 0.005 0.004 0.004 0.019 0.003 0.003 0.003 0.019 0.019 0.019 0.003 0.003 0.003   -996400    0 
 3800:    1.00    0.127    0.018 0.010 0.119 0.011 0.010 0.010    0.005 0.021 0.005 0.004 0.004 0.019 0.003 0.003 0.003 0.019 0.019 0.019 0.003 0.003 0.003   -996158    0 
 3900:    1.00    0.101    0.019 0.010 0.120 0.011 0.010 0.010    0.005 0.022 0.005 0.005 0.005 0.020 0.003 0.003 0.003 0.020 0.020 0.020 0.003 0.003 0.003   -995697    0 

--------------------------------------------
Proportion of membership of each pre-defined
 population in each of the 6 clusters

Given    Inferred Clusters                            Number of
 Pop       1      2      3      4      5      6      Individuals

  1:     0.224  0.088  0.226  0.182  0.094  0.186       23
--------------------------------------------

 Rep#:   Lambda   Alpha      F1    F2    F3    F4    F5    F6     D1,2  D1,3  D1,4  D1,5  D1,6  D2,3  D2,4  D2,5  D2,6  D3,4  D3,5  D3,6  D4,5  D4,6  D5,6    Ln Like  Est Ln P(D)
 4000:    1.00    0.109    0.020 0.010 0.123 0.011 0.010 0.010    0.005 0.022 0.005 0.005 0.005 0.020 0.003 0.003 0.003 0.020 0.020 0.020 0.003 0.003 0.003   -995473    0 
 4100:    1.00    0.099    0.020 0.010 0.122 0.011 0.010 0.010    0.005 0.022 0.005 0.005 0.005 0.020 0.003 0.003 0.003 0.020 0.020 0.020 0.003 0.003 0.003   -996040    0 
 4200:    1.00    0.122    0.020 0.010 0.126 0.011 0.010 0.010    0.005 0.022 0.005 0.005 0.005 0.021 0.003 0.003 0.003 0.021 0.021 0.021 0.003 0.003 0.003   -994953    0 
 4300:    1.00    0.130    0.020 0.010 0.128 0.011 0.010 0.010    0.005 0.023 0.005 0.005 0.005 0.021 0.003 0.003 0.003 0.021 0.021 0.021 0.003 0.003 0.003   -995024    0 
 4400:    1.00    0.110    0.022 0.010 0.128 0.011 0.010 0.010    0.005 0.023 0.005 0.005 0.005 0.021 0.003 0.003 0.003 0.021 0.021 0.021 0.003 0.003 0.003   -994371    0 
 4500:    1.00    0.083    0.025 0.010 0.128 0.011 0.010 0.010    0.006 0.024 0.006 0.005 0.005 0.021 0.003 0.003 0.003 0.021 0.021 0.021 0.003 0.003 0.003   -993209    0 
 4600:    1.00    0.105    0.025 0.010 0.128 0.011 0.010 0.010    0.006 0.024 0.006 0.006 0.006 0.021 0.003 0.003 0.003 0.021 0.021 0.021 0.003 0.003 0.003   -992867    0 
 4700:    1.00    0.086    0.027 0.010 0.128 0.011 0.010 0.010    0.006 0.024 0.006 0.006 0.006 0.021 0.003 0.003 0.003 0.021 0.021 0.021 0.003 0.003 0.003   -992904    0 
 4800:    1.00    0.095    0.028 0.010 0.128 0.011 0.010 0.010    0.006 0.024 0.006 0.006 0.006 0.021 0.003 0.003 0.003 0.021 0.021 0.021 0.003 0.003 0.003   -992456    0 
 4900:    1.00    0.107    0.031 0.010 0.132 0.011 0.010 0.010    0.007 0.025 0.007 0.007 0.006 0.021 0.003 0.003 0.003 0.021 0.021 0.021 0.003 0.003 0.003   -991867    0 

--------------------------------------------
Proportion of membership of each pre-defined
 population in each of the 6 clusters

Given    Inferred Clusters                            Number of
 Pop       1      2      3      4      5      6      Individuals

  1:     0.224  0.103  0.218  0.191  0.078  0.187       23
--------------------------------------------

 Rep#:   Lambda   Alpha      F1    F2    F3    F4    F5    F6     D1,2  D1,3  D1,4  D1,5  D1,6  D2,3  D2,4  D2,5  D2,6  D3,4  D3,5  D3,6  D4,5  D4,6  D5,6    Ln Like  Est Ln P(D)
 5000:    1.00    0.093    0.035 0.010 0.132 0.011 0.010 0.010    0.007 0.026 0.007 0.007 0.007 0.022 0.003 0.003 0.003 0.022 0.022 0.021 0.003 0.003 0.003   -991210    0 
 5100:    1.00    0.119    0.036 0.010 0.133 0.011 0.010 0.010    0.007 0.026 0.007 0.007 0.007 0.022 0.003 0.003 0.003 0.022 0.021 0.021 0.003 0.003 0.003   -991273    0 
 5200:    1.00    0.091    0.039 0.010 0.134 0.011 0.010 0.010    0.008 0.027 0.008 0.008 0.008 0.022 0.003 0.003 0.003 0.022 0.022 0.022 0.003 0.003 0.003   -990657    0 
 5300:    1.00    0.067    0.041 0.010 0.135 0.011 0.010 0.010    0.008 0.027 0.008 0.008 0.008 0.022 0.003 0.003 0.003 0.022 0.022 0.022 0.003 0.003 0.003   -990464    0 
 5400:    1.00    0.086    0.044 0.010 0.138 0.011 0.010 0.010    0.009 0.028 0.009 0.009 0.009 0.022 0.003 0.003 0.003 0.022 0.022 0.022 0.003 0.003 0.003   -989608    0 
 5500:    1.00    0.097    0.044 0.010 0.138 0.011 0.010 0.010    0.009 0.028 0.009 0.009 0.009 0.022 0.003 0.003 0.003 0.023 0.022 0.022 0.003 0.003 0.003   -988988    0 
 5600:    1.00    0.107    0.046 0.010 0.139 0.011 0.010 0.010    0.009 0.028 0.009 0.009 0.009 0.022 0.003 0.003 0.003 0.022 0.022 0.022 0.003 0.003 0.003   -989242    0 
 5700:    1.00    0.095    0.050 0.010 0.138 0.011 0.010 0.010    0.010 0.029 0.010 0.010 0.010 0.022 0.003 0.003 0.003 0.022 0.022 0.022 0.003 0.003 0.003   -988346    0 
 5800:    1.00    0.102    0.050 0.010 0.138 0.011 0.010 0.010    0.010 0.029 0.010 0.010 0.010 0.023 0.003 0.003 0.003 0.023 0.022 0.022 0.003 0.003 0.003   -989207    0 
 5900:    1.00    0.117    0.053 0.010 0.140 0.011 0.010 0.010    0.010 0.030 0.010 0.010 0.010 0.022 0.003 0.003 0.003 0.023 0.022 0.022 0.003 0.003 0.003   -988382    0 
 6000:    1.00    0.090    0.058 0.010 0.141 0.011 0.010 0.010    0.011 0.031 0.011 0.011 0.011 0.023 0.003 0.003 0.003 0.023 0.023 0.023 0.003 0.003 0.003   -987991    0 

MCMC completed

Inferred ancestry of individuals:
        Label (%Miss) Pop:  Inferred clusters
  1 18160D-09-0    (2)    1 :  0.034 0.078 0.065 0.169 0.565 0.090 
  2 18160D-09-0    (4)    1 :  0.009 0.120 0.075 0.363 0.249 0.184 
  3 18160D-09-0    (2)    1 :  0.072 0.042 0.782 0.051 0.035 0.018 
  4 18160D-09-0    (5)    1 :  0.007 0.008 0.928 0.008 0.025 0.025 
  5 18160D-09-0    (4)    1 :  0.005 0.046 0.890 0.010 0.018 0.030 
  6 18160D-09-0    (4)    1 :  0.008 0.025 0.926 0.018 0.012 0.011 
  7 18160D-09-0    (2)    1 :  0.009 0.012 0.934 0.015 0.019 0.012 
  8 18160D-09-0    (4)    1 :  0.021 0.064 0.034 0.372 0.056 0.453 
  9 18160D-09-0    (2)    1 :  0.790 0.079 0.014 0.040 0.024 0.052 
 10 18160D-09-1    (2)    1 :  0.955 0.015 0.002 0.015 0.007 0.007 
 11 18160D-09-1    (2)    1 :  0.896 0.048 0.003 0.013 0.023 0.017 
 12 18160D-09-1    (2)    1 :  0.732 0.079 0.017 0.110 0.030 0.032 
 13 18160D-09-1    (5)    1 :  0.030 0.133 0.127 0.324 0.251 0.135 
 14 18160D-09-1   (18)    1 :  0.027 0.018 0.145 0.037 0.088 0.686 
 15 18160D-09-1    (4)    1 :  0.026 0.142 0.037 0.535 0.084 0.176 
 16 18160D-09-1    (2)    1 :  0.955 0.012 0.005 0.008 0.007 0.013 
 17 18160D-09-1    (2)    1 :  0.029 0.201 0.031 0.088 0.240 0.411 
 18 18160D-09-1    (2)    1 :  0.050 0.544 0.011 0.157 0.090 0.147 
 19 18160D-09-1    (2)    1 :  0.023 0.425 0.042 0.153 0.098 0.259 
 20 18160D-09-2    (5)    1 :  0.031 0.047 0.013 0.558 0.149 0.202 
 21 18160D-09-2    (5)    1 :  0.025 0.066 0.128 0.320 0.112 0.349 
 22 18160D-09-2    (5)    1 :  0.006 0.026 0.022 0.906 0.009 0.031 
 23 18160D-09-2    (2)    1 :  0.013 0.176 0.082 0.040 0.130 0.559 

Command line arguments:   structure -D 464606 -K 6 -m mainparams -o k6/populations_k6_run3 
Input File:    populations.str
Output File:   k6/populations_k6_run3_f

Run parameters:
   23 individuals
   50160 loci
   6 populations assumed
   1000 Burn-in period
   5000 Reps
RANDOMIZE turned off

--------------------------------------------
Estimated Ln Prob of Data   = -84763999.0
Mean value of ln likelihood = -1003722.3
Variance of ln likelihood   = 167520553.5
Mean value of alpha         = 0.5890

Mean value of Fst_1         = 0.0221
Mean value of Fst_2         = 0.0102
Mean value of Fst_3         = 0.0788
Mean value of Fst_4         = 0.0105
Mean value of Fst_5         = 0.0102
Mean value of Fst_6         = 0.0097


--------------------------------------------
Proportion of membership of each pre-defined
 population in each of the 6 clusters

Given    Inferred Clusters                            Number of
 Pop       1      2      3      4      5      6      Individuals

  1:     0.207  0.105  0.231  0.187  0.101  0.170       23
--------------------------------------------
Final results printed to file k6/populations_k6_run3_f

