

----------------------------------------------------
STRUCTURE by Pritchard, Stephens and Donnelly (2000)
     and Falush, Stephens and Pritchard (2003)
       Code by Pritchard, Falush and Hubisz
             Version 2.3.4 (Jul 2012)
----------------------------------------------------


Reading file "mainparams".
datafile is
populations.str
Reading file "extraparams".
Reading file "populations.str".


Data file "populations.str" (truncated) --

Ind:   Label Pop : Genotype_data . . . .
  1: 18160D-09-0    1  :  4   1   3   1   4   1   3  . . . .   2
  1: 18160D-09-0    1  :  4   1   3   1   4   4   4  . . . .   4
  2: 18160D-09-0    1  :  4   1   3   1   4   1   3  . . . .   2
  2: 18160D-09-0    1  :  4   1   3   1   4   4   3  . . . .   4
  3: 18160D-09-0    1  :  4   1   0   0   0   0   3  . . . .   2
  3: 18160D-09-0    1  :  4   3   0   0   0   0   3  . . . .   4
  4: 18160D-09-0    1  :  4   1   3   1   4   1   3  . . . .   2
  4: 18160D-09-0    1  :  4   3   3   1   4   1   3  . . . .   4

      *******   

 22: 18160D-09-2    1  :  4   1   3   1   4   1   3  . . . .   2
 22: 18160D-09-2    1  :  4   3   3   1   4   1   4  . . . .   4
 23: 18160D-09-2    1  :  4   1   3   1   4   1   3  . . . .   2
 23: 18160D-09-2    1  :  4   1   3   1   4   4   4  . . . .   4

Number of alleles per locus: min= 2; ave=2.0; max= 2


--------------------------------------

Finished initialization; starting MCMC 
5000 iterations + 1000 burnin


--------------------------------------------
Proportion of membership of each pre-defined
 population in each of the 6 clusters

Given    Inferred Clusters                            Number of
 Pop       1      2      3      4      5      6      Individuals

  1:     0.168  0.168  0.166  0.167  0.170  0.160       23
--------------------------------------------

 Rep#:   Lambda   Alpha      F1    F2    F3    F4    F5    F6     D1,2  D1,3  D1,4  D1,5  D1,6  D2,3  D2,4  D2,5  D2,6  D3,4  D3,5  D3,6  D4,5  D4,6  D5,6    Ln Like 
  100:    1.00    2.106    0.010 0.010 0.010 0.010 0.010 0.010    0.003 0.003 0.003 0.003 0.003 0.003 0.003 0.003 0.003 0.003 0.003 0.003 0.003 0.003 0.003   --  
  200:    1.00    2.919    0.010 0.010 0.010 0.010 0.010 0.010    0.003 0.003 0.003 0.003 0.003 0.003 0.003 0.003 0.003 0.003 0.003 0.003 0.003 0.003 0.003   --  
  300:    1.00    3.022    0.010 0.010 0.010 0.010 0.010 0.010    0.003 0.003 0.003 0.003 0.003 0.003 0.003 0.003 0.003 0.003 0.003 0.003 0.003 0.003 0.003   --  
  400:    1.00    3.116    0.010 0.010 0.010 0.010 0.010 0.010    0.003 0.003 0.003 0.003 0.003 0.003 0.003 0.003 0.003 0.003 0.003 0.003 0.003 0.003 0.003   --  
  500:    1.00    3.685    0.010 0.010 0.010 0.010 0.010 0.010    0.003 0.003 0.003 0.003 0.003 0.003 0.003 0.003 0.003 0.003 0.003 0.003 0.003 0.003 0.003   --  
  600:    1.00    3.916    0.010 0.010 0.010 0.010 0.010 0.010    0.003 0.003 0.003 0.003 0.003 0.003 0.003 0.003 0.003 0.003 0.003 0.003 0.003 0.003 0.003   --  
  700:    1.00    4.228    0.010 0.010 0.010 0.010 0.010 0.010    0.003 0.003 0.003 0.003 0.003 0.003 0.003 0.003 0.003 0.003 0.003 0.003 0.003 0.003 0.003   --  
  800:    1.00    4.637    0.010 0.010 0.010 0.010 0.010 0.010    0.003 0.003 0.003 0.003 0.003 0.003 0.003 0.003 0.003 0.003 0.003 0.003 0.003 0.003 0.003   --  
  900:    1.00    4.976    0.010 0.010 0.010 0.010 0.010 0.010    0.003 0.003 0.003 0.003 0.003 0.003 0.003 0.003 0.003 0.003 0.003 0.003 0.003 0.003 0.003   --  
 1000:    1.00    5.096    0.010 0.010 0.010 0.010 0.010 0.010    0.003 0.003 0.003 0.003 0.003 0.003 0.003 0.003 0.003 0.003 0.003 0.003 0.003 0.003 0.003   --  

BURNIN completed
 Rep#:   Lambda   Alpha      F1    F2    F3    F4    F5    F6     D1,2  D1,3  D1,4  D1,5  D1,6  D2,3  D2,4  D2,5  D2,6  D3,4  D3,5  D3,6  D4,5  D4,6  D5,6    Ln Like  Est Ln P(D)
 1100:    1.00    4.710    0.010 0.010 0.010 0.010 0.010 0.010    0.003 0.003 0.003 0.003 0.003 0.003 0.003 0.003 0.003 0.003 0.003 0.003 0.003 0.003 0.003   -1025702    0 
 1200:    1.00    4.503    0.010 0.010 0.010 0.010 0.010 0.010    0.003 0.003 0.003 0.003 0.003 0.003 0.003 0.003 0.003 0.003 0.003 0.003 0.003 0.003 0.003   -1026117    0 
 1300:    1.00    4.124    0.010 0.010 0.010 0.010 0.010 0.010    0.003 0.003 0.003 0.003 0.003 0.003 0.003 0.003 0.003 0.003 0.003 0.003 0.003 0.003 0.003   -1025498    0 
 1400:    1.00    4.075    0.010 0.010 0.010 0.010 0.010 0.010    0.003 0.003 0.003 0.003 0.003 0.003 0.003 0.003 0.003 0.003 0.003 0.003 0.003 0.003 0.003   -1025391    0 
 1500:    1.00    3.830    0.010 0.010 0.010 0.010 0.010 0.010    0.003 0.003 0.003 0.003 0.003 0.003 0.003 0.003 0.003 0.003 0.003 0.003 0.003 0.003 0.003   -1025067    0 
 1600:    1.00    3.583    0.010 0.010 0.010 0.010 0.010 0.010    0.003 0.003 0.003 0.003 0.003 0.003 0.003 0.003 0.003 0.003 0.003 0.003 0.003 0.003 0.003   -1024767    0 
 1700:    1.00    2.995    0.010 0.010 0.010 0.009 0.010 0.010    0.003 0.003 0.003 0.003 0.003 0.003 0.003 0.003 0.003 0.003 0.003 0.003 0.003 0.003 0.003   -1024498    0 
 1800:    1.00    2.461    0.010 0.010 0.010 0.009 0.010 0.010    0.003 0.003 0.003 0.003 0.003 0.003 0.003 0.003 0.003 0.003 0.003 0.003 0.003 0.003 0.003   -1023871    0 
 1900:    1.00    2.128    0.010 0.010 0.010 0.009 0.010 0.010    0.003 0.003 0.003 0.003 0.003 0.003 0.003 0.003 0.003 0.003 0.003 0.003 0.003 0.003 0.003   -1023162    0 

--------------------------------------------
Proportion of membership of each pre-defined
 population in each of the 6 clusters

Given    Inferred Clusters                            Number of
 Pop       1      2      3      4      5      6      Individuals

  1:     0.177  0.208  0.147  0.155  0.171  0.142       23
--------------------------------------------

 Rep#:   Lambda   Alpha      F1    F2    F3    F4    F5    F6     D1,2  D1,3  D1,4  D1,5  D1,6  D2,3  D2,4  D2,5  D2,6  D3,4  D3,5  D3,6  D4,5  D4,6  D5,6    Ln Like  Est Ln P(D)
 2000:    1.00    1.770    0.010 0.010 0.010 0.009 0.010 0.010    0.003 0.003 0.003 0.003 0.003 0.003 0.003 0.003 0.003 0.003 0.003 0.003 0.003 0.003 0.003   -1022489    0 
 2100:    1.00    1.142    0.011 0.010 0.010 0.009 0.010 0.010    0.003 0.003 0.003 0.003 0.003 0.003 0.003 0.003 0.003 0.003 0.003 0.003 0.003 0.003 0.003   -1021642    0 
 2200:    1.00    0.845    0.011 0.011 0.010 0.009 0.010 0.010    0.003 0.003 0.003 0.003 0.003 0.003 0.003 0.003 0.003 0.003 0.003 0.003 0.003 0.003 0.003   -1020520    0 
 2300:    1.00    0.476    0.011 0.011 0.010 0.009 0.010 0.010    0.003 0.003 0.003 0.003 0.003 0.003 0.003 0.003 0.003 0.003 0.003 0.003 0.003 0.003 0.003   -1019940    0 
 2400:    1.00    0.518    0.011 0.011 0.010 0.009 0.010 0.010    0.003 0.003 0.003 0.003 0.003 0.003 0.003 0.003 0.003 0.003 0.003 0.003 0.003 0.003 0.003   -1019337    0 
 2500:    1.00    0.457    0.011 0.011 0.010 0.009 0.010 0.010    0.003 0.003 0.003 0.003 0.003 0.003 0.003 0.003 0.003 0.003 0.003 0.003 0.003 0.003 0.003   -1018989    0 
 2600:    1.00    0.429    0.011 0.011 0.010 0.009 0.010 0.010    0.004 0.003 0.003 0.003 0.003 0.003 0.003 0.003 0.003 0.003 0.003 0.003 0.003 0.003 0.003   -1017859    0 
 2700:    1.00    0.413    0.012 0.011 0.010 0.009 0.010 0.010    0.004 0.003 0.003 0.003 0.003 0.003 0.003 0.003 0.003 0.003 0.003 0.003 0.003 0.003 0.003   -1017582    0 
 2800:    1.00    0.333    0.012 0.011 0.010 0.009 0.010 0.010    0.004 0.003 0.003 0.003 0.003 0.003 0.003 0.003 0.003 0.003 0.003 0.003 0.003 0.003 0.003   -1017256    0 
 2900:    1.00    0.289    0.012 0.012 0.010 0.009 0.010 0.010    0.004 0.003 0.003 0.003 0.003 0.003 0.003 0.004 0.004 0.003 0.003 0.003 0.003 0.003 0.003   -1016137    0 

--------------------------------------------
Proportion of membership of each pre-defined
 population in each of the 6 clusters

Given    Inferred Clusters                            Number of
 Pop       1      2      3      4      5      6      Individuals

  1:     0.177  0.244  0.129  0.147  0.183  0.120       23
--------------------------------------------

 Rep#:   Lambda   Alpha      F1    F2    F3    F4    F5    F6     D1,2  D1,3  D1,4  D1,5  D1,6  D2,3  D2,4  D2,5  D2,6  D3,4  D3,5  D3,6  D4,5  D4,6  D5,6    Ln Like  Est Ln P(D)
 3000:    1.00    0.256    0.012 0.013 0.010 0.009 0.010 0.010    0.004 0.003 0.003 0.003 0.003 0.004 0.004 0.004 0.004 0.003 0.003 0.003 0.003 0.003 0.003   -1016136    0 
 3100:    1.00    0.193    0.012 0.014 0.010 0.009 0.011 0.010    0.004 0.003 0.003 0.004 0.003 0.004 0.004 0.004 0.004 0.003 0.003 0.003 0.003 0.003 0.003   -1015553    0 
 3200:    1.00    0.222    0.012 0.014 0.010 0.009 0.011 0.010    0.004 0.003 0.003 0.004 0.003 0.004 0.004 0.004 0.004 0.003 0.003 0.003 0.003 0.003 0.003   -1015315    0 
 3300:    1.00    0.186    0.013 0.014 0.010 0.009 0.011 0.010    0.004 0.004 0.003 0.004 0.004 0.004 0.004 0.004 0.004 0.003 0.003 0.003 0.003 0.003 0.003   -1015030    0 
 3400:    1.00    0.179    0.014 0.014 0.010 0.009 0.011 0.010    0.004 0.004 0.004 0.004 0.004 0.004 0.004 0.004 0.004 0.003 0.003 0.003 0.003 0.003 0.003   -1014459    0 
 3500:    1.00    0.173    0.015 0.015 0.010 0.009 0.011 0.010    0.005 0.004 0.004 0.004 0.004 0.004 0.004 0.004 0.004 0.003 0.003 0.003 0.003 0.003 0.003   -1013351    0 
 3600:    1.00    0.112    0.016 0.015 0.010 0.009 0.011 0.010    0.005 0.004 0.004 0.004 0.004 0.004 0.004 0.004 0.004 0.003 0.003 0.003 0.003 0.003 0.003   -1013093    0 
 3700:    1.00    0.168    0.016 0.017 0.010 0.009 0.011 0.010    0.005 0.004 0.004 0.004 0.004 0.004 0.004 0.004 0.004 0.003 0.003 0.003 0.003 0.003 0.003   -1011896    0 
 3800:    1.00    0.159    0.016 0.017 0.010 0.009 0.011 0.010    0.005 0.004 0.004 0.004 0.004 0.004 0.004 0.004 0.004 0.003 0.003 0.003 0.003 0.003 0.003   -1012001    0 
 3900:    1.00    0.110    0.018 0.017 0.010 0.009 0.011 0.010    0.006 0.004 0.004 0.004 0.004 0.004 0.004 0.004 0.004 0.003 0.003 0.003 0.003 0.003 0.003   -1011094    0 

--------------------------------------------
Proportion of membership of each pre-defined
 population in each of the 6 clusters

Given    Inferred Clusters                            Number of
 Pop       1      2      3      4      5      6      Individuals

  1:     0.214  0.224  0.111  0.138  0.215  0.099       23
--------------------------------------------

 Rep#:   Lambda   Alpha      F1    F2    F3    F4    F5    F6     D1,2  D1,3  D1,4  D1,5  D1,6  D2,3  D2,4  D2,5  D2,6  D3,4  D3,5  D3,6  D4,5  D4,6  D5,6    Ln Like  Est Ln P(D)
 4000:    1.00    0.112    0.018 0.017 0.010 0.009 0.011 0.010    0.006 0.004 0.004 0.004 0.004 0.004 0.004 0.004 0.004 0.003 0.003 0.003 0.003 0.003 0.003   -1010281    0 
 4100:    1.00    0.100    0.018 0.018 0.010 0.009 0.011 0.010    0.006 0.004 0.004 0.004 0.004 0.004 0.004 0.005 0.005 0.003 0.003 0.003 0.003 0.003 0.003   -1009961    0 
 4200:    1.00    0.104    0.019 0.023 0.010 0.009 0.011 0.011    0.007 0.005 0.004 0.005 0.005 0.005 0.005 0.005 0.005 0.003 0.003 0.003 0.003 0.003 0.003   -1007971    0 
 4300:    1.00    0.081    0.021 0.027 0.010 0.009 0.011 0.011    0.008 0.005 0.005 0.005 0.005 0.006 0.006 0.006 0.006 0.003 0.003 0.003 0.003 0.003 0.003   -1006504    0 
 4400:    1.00    0.073    0.021 0.040 0.010 0.010 0.011 0.010    0.010 0.005 0.005 0.005 0.005 0.008 0.008 0.008 0.008 0.003 0.003 0.003 0.003 0.003 0.003   -1003754    0 
 4500:    1.00    0.079    0.022 0.050 0.010 0.010 0.011 0.010    0.012 0.005 0.005 0.005 0.005 0.010 0.010 0.010 0.010 0.003 0.003 0.003 0.003 0.003 0.003   -1000825    0 
 4600:    1.00    0.073    0.022 0.074 0.010 0.010 0.011 0.010    0.016 0.005 0.005 0.005 0.005 0.013 0.013 0.013 0.013 0.003 0.003 0.003 0.003 0.003 0.003   -998090    0 
 4700:    1.00    0.099    0.024 0.100 0.010 0.010 0.011 0.011    0.019 0.005 0.005 0.005 0.005 0.017 0.017 0.017 0.017 0.003 0.003 0.003 0.003 0.003 0.003   -995206    0 
 4800:    1.00    0.082    0.024 0.111 0.010 0.010 0.011 0.011    0.021 0.005 0.005 0.005 0.005 0.018 0.018 0.018 0.018 0.003 0.003 0.003 0.003 0.003 0.003   -993887    0 
 4900:    1.00    0.051    0.024 0.113 0.010 0.010 0.011 0.011    0.021 0.005 0.005 0.005 0.005 0.019 0.019 0.019 0.019 0.003 0.003 0.003 0.003 0.003 0.003   -993932    0 

--------------------------------------------
Proportion of membership of each pre-defined
 population in each of the 6 clusters

Given    Inferred Clusters                            Number of
 Pop       1      2      3      4      5      6      Individuals

  1:     0.218  0.215  0.089  0.131  0.268  0.080       23
--------------------------------------------

 Rep#:   Lambda   Alpha      F1    F2    F3    F4    F5    F6     D1,2  D1,3  D1,4  D1,5  D1,6  D2,3  D2,4  D2,5  D2,6  D3,4  D3,5  D3,6  D4,5  D4,6  D5,6    Ln Like  Est Ln P(D)
 5000:    1.00    0.068    0.024 0.116 0.010 0.010 0.011 0.011    0.022 0.005 0.005 0.005 0.005 0.019 0.019 0.019 0.019 0.003 0.003 0.003 0.003 0.003 0.003   -994119    0 
 5100:    1.00    0.066    0.026 0.119 0.010 0.010 0.011 0.011    0.022 0.006 0.006 0.006 0.006 0.020 0.019 0.020 0.020 0.003 0.003 0.003 0.003 0.003 0.003   -993054    0 
 5200:    1.00    0.072    0.030 0.120 0.010 0.010 0.011 0.010    0.024 0.006 0.006 0.007 0.007 0.020 0.020 0.020 0.020 0.003 0.003 0.003 0.003 0.003 0.003   -992205    0 
 5300:    1.00    0.074    0.032 0.123 0.010 0.010 0.011 0.010    0.024 0.007 0.007 0.007 0.007 0.020 0.020 0.020 0.020 0.003 0.003 0.003 0.003 0.003 0.003   -992196    0 
 5400:    1.00    0.086    0.037 0.124 0.010 0.010 0.011 0.010    0.025 0.007 0.007 0.008 0.007 0.020 0.020 0.020 0.020 0.003 0.003 0.003 0.003 0.003 0.003   -991337    0 
 5500:    1.00    0.087    0.037 0.124 0.010 0.010 0.012 0.010    0.025 0.007 0.007 0.008 0.007 0.020 0.020 0.020 0.020 0.003 0.003 0.003 0.003 0.003 0.003   -990546    0 
 5600:    1.00    0.079    0.037 0.129 0.010 0.010 0.012 0.010    0.025 0.007 0.007 0.008 0.007 0.021 0.021 0.021 0.021 0.003 0.003 0.003 0.003 0.003 0.003   -990913    0 
 5700:    1.00    0.068    0.038 0.129 0.010 0.010 0.012 0.010    0.026 0.007 0.007 0.008 0.008 0.021 0.021 0.021 0.021 0.003 0.003 0.003 0.003 0.003 0.003   -990906    0 
 5800:    1.00    0.068    0.040 0.129 0.010 0.010 0.012 0.010    0.026 0.008 0.008 0.008 0.008 0.021 0.021 0.021 0.021 0.003 0.003 0.003 0.003 0.003 0.003   -990435    0 
 5900:    1.00    0.075    0.041 0.129 0.010 0.010 0.012 0.010    0.026 0.008 0.008 0.008 0.008 0.021 0.021 0.021 0.021 0.003 0.003 0.003 0.003 0.003 0.003   -989774    0 
 6000:    1.00    0.047    0.044 0.131 0.010 0.010 0.012 0.010    0.027 0.008 0.008 0.009 0.009 0.021 0.021 0.021 0.021 0.003 0.003 0.003 0.003 0.003 0.003   -989569    0 

MCMC completed

Inferred ancestry of individuals:
        Label (%Miss) Pop:  Inferred clusters
  1 18160D-09-0    (2)    1 :  0.033 0.055 0.205 0.224 0.384 0.099 
  2 18160D-09-0    (4)    1 :  0.026 0.098 0.060 0.261 0.328 0.227 
  3 18160D-09-0    (2)    1 :  0.047 0.760 0.053 0.041 0.088 0.010 
  4 18160D-09-0    (5)    1 :  0.020 0.863 0.025 0.038 0.038 0.016 
  5 18160D-09-0    (4)    1 :  0.019 0.848 0.039 0.042 0.027 0.025 
  6 18160D-09-0    (4)    1 :  0.020 0.875 0.043 0.034 0.012 0.017 
  7 18160D-09-0    (2)    1 :  0.026 0.875 0.038 0.032 0.022 0.007 
  8 18160D-09-0    (4)    1 :  0.026 0.022 0.250 0.104 0.410 0.189 
  9 18160D-09-0    (2)    1 :  0.563 0.021 0.045 0.194 0.074 0.102 
 10 18160D-09-1    (2)    1 :  0.920 0.011 0.010 0.007 0.014 0.037 
 11 18160D-09-1    (2)    1 :  0.789 0.027 0.026 0.044 0.024 0.091 
 12 18160D-09-1    (2)    1 :  0.640 0.025 0.049 0.056 0.133 0.097 
 13 18160D-09-1    (5)    1 :  0.042 0.062 0.225 0.209 0.298 0.164 
 14 18160D-09-1   (18)    1 :  0.039 0.054 0.227 0.229 0.395 0.057 
 15 18160D-09-1    (4)    1 :  0.029 0.028 0.100 0.124 0.639 0.079 
 16 18160D-09-1    (2)    1 :  0.911 0.014 0.008 0.006 0.023 0.038 
 17 18160D-09-1    (2)    1 :  0.040 0.065 0.187 0.381 0.237 0.091 
 18 18160D-09-1    (2)    1 :  0.055 0.028 0.134 0.669 0.038 0.077 
 19 18160D-09-1    (2)    1 :  0.034 0.032 0.316 0.151 0.415 0.053 
 20 18160D-09-2    (5)    1 :  0.051 0.056 0.183 0.052 0.608 0.051 
 21 18160D-09-2    (5)    1 :  0.052 0.047 0.286 0.268 0.251 0.096 
 22 18160D-09-2    (5)    1 :  0.016 0.019 0.013 0.035 0.064 0.853 
 23 18160D-09-2    (2)    1 :  0.075 0.054 0.134 0.224 0.483 0.030 

Command line arguments:   structure -D 768824 -K 6 -m mainparams -o k6/populations_k6_run1 
Input File:    populations.str
Output File:   k6/populations_k6_run1_f

Run parameters:
   23 individuals
   50160 loci
   6 populations assumed
   1000 Burn-in period
   5000 Reps
RANDOMIZE turned off

--------------------------------------------
Estimated Ln Prob of Data   = -79262199.3
Mean value of ln likelihood = -1009962.2
Variance of ln likelihood   = 156504474.3
Mean value of alpha         = 0.9070

Mean value of Fst_1         = 0.0185
Mean value of Fst_2         = 0.0447
Mean value of Fst_3         = 0.0100
Mean value of Fst_4         = 0.0095
Mean value of Fst_5         = 0.0107
Mean value of Fst_6         = 0.0103


--------------------------------------------
Proportion of membership of each pre-defined
 population in each of the 6 clusters

Given    Inferred Clusters                            Number of
 Pop       1      2      3      4      5      6      Individuals

  1:     0.195  0.215  0.115  0.149  0.218  0.109       23
--------------------------------------------
Final results printed to file k6/populations_k6_run1_f

