

----------------------------------------------------
STRUCTURE by Pritchard, Stephens and Donnelly (2000)
     and Falush, Stephens and Pritchard (2003)
       Code by Pritchard, Falush and Hubisz
             Version 2.3.4 (Jul 2012)
----------------------------------------------------


Reading file "mainparams".
datafile is
populations.str
Reading file "extraparams".
Reading file "populations.str".


Data file "populations.str" (truncated) --

Ind:   Label Pop : Genotype_data . . . .
  1: 18160D-09-0    1  :  4   1   3   1   4   1   3  . . . .   2
  1: 18160D-09-0    1  :  4   1   3   1   4   4   4  . . . .   4
  2: 18160D-09-0    1  :  4   1   3   1   4   1   3  . . . .   2
  2: 18160D-09-0    1  :  4   1   3   1   4   4   3  . . . .   4
  3: 18160D-09-0    1  :  4   1   0   0   0   0   3  . . . .   2
  3: 18160D-09-0    1  :  4   3   0   0   0   0   3  . . . .   4
  4: 18160D-09-0    1  :  4   1   3   1   4   1   3  . . . .   2
  4: 18160D-09-0    1  :  4   3   3   1   4   1   3  . . . .   4

      *******   

 22: 18160D-09-2    1  :  4   1   3   1   4   1   3  . . . .   2
 22: 18160D-09-2    1  :  4   3   3   1   4   1   4  . . . .   4
 23: 18160D-09-2    1  :  4   1   3   1   4   1   3  . . . .   2
 23: 18160D-09-2    1  :  4   1   3   1   4   4   4  . . . .   4

Number of alleles per locus: min= 2; ave=2.0; max= 2


--------------------------------------

Finished initialization; starting MCMC 
5000 iterations + 1000 burnin


--------------------------------------------
Proportion of membership of each pre-defined
 population in each of the 6 clusters

Given    Inferred Clusters                            Number of
 Pop       1      2      3      4      5      6      Individuals

  1:     0.169  0.167  0.163  0.165  0.164  0.171       23
--------------------------------------------

 Rep#:   Lambda   Alpha      F1    F2    F3    F4    F5    F6     D1,2  D1,3  D1,4  D1,5  D1,6  D2,3  D2,4  D2,5  D2,6  D3,4  D3,5  D3,6  D4,5  D4,6  D5,6    Ln Like 
  100:    1.00    1.740    0.010 0.010 0.010 0.010 0.010 0.010    0.003 0.003 0.003 0.003 0.003 0.003 0.003 0.003 0.003 0.003 0.003 0.003 0.003 0.003 0.003   --  
  200:    1.00    2.103    0.010 0.010 0.010 0.010 0.010 0.010    0.003 0.003 0.003 0.003 0.003 0.003 0.003 0.003 0.003 0.003 0.003 0.003 0.003 0.003 0.003   --  
  300:    1.00    2.622    0.010 0.010 0.010 0.010 0.010 0.010    0.003 0.003 0.003 0.003 0.003 0.003 0.003 0.003 0.003 0.003 0.003 0.003 0.003 0.003 0.003   --  
  400:    1.00    2.861    0.010 0.010 0.010 0.010 0.010 0.010    0.003 0.003 0.003 0.003 0.003 0.003 0.003 0.003 0.003 0.003 0.003 0.003 0.003 0.003 0.003   --  
  500:    1.00    2.714    0.010 0.010 0.010 0.010 0.010 0.010    0.003 0.003 0.003 0.003 0.003 0.003 0.003 0.003 0.003 0.003 0.003 0.003 0.003 0.003 0.003   --  
  600:    1.00    3.116    0.010 0.010 0.010 0.010 0.010 0.010    0.003 0.003 0.003 0.003 0.003 0.003 0.003 0.003 0.003 0.003 0.003 0.003 0.003 0.003 0.003   --  
  700:    1.00    3.080    0.010 0.010 0.010 0.010 0.010 0.010    0.003 0.003 0.003 0.003 0.003 0.003 0.003 0.003 0.003 0.003 0.003 0.003 0.003 0.003 0.003   --  
  800:    1.00    2.981    0.010 0.010 0.010 0.010 0.010 0.010    0.003 0.003 0.003 0.003 0.003 0.003 0.003 0.003 0.003 0.003 0.003 0.003 0.003 0.003 0.003   --  
  900:    1.00    3.496    0.010 0.010 0.010 0.010 0.010 0.010    0.003 0.003 0.003 0.003 0.003 0.003 0.003 0.003 0.003 0.003 0.003 0.003 0.003 0.003 0.003   --  
 1000:    1.00    3.312    0.010 0.010 0.010 0.010 0.010 0.010    0.003 0.003 0.003 0.003 0.003 0.003 0.003 0.003 0.003 0.003 0.003 0.003 0.003 0.003 0.003   --  

BURNIN completed
 Rep#:   Lambda   Alpha      F1    F2    F3    F4    F5    F6     D1,2  D1,3  D1,4  D1,5  D1,6  D2,3  D2,4  D2,5  D2,6  D3,4  D3,5  D3,6  D4,5  D4,6  D5,6    Ln Like  Est Ln P(D)
 1100:    1.00    3.263    0.010 0.010 0.010 0.010 0.010 0.010    0.003 0.003 0.003 0.003 0.003 0.003 0.003 0.003 0.003 0.003 0.003 0.003 0.003 0.003 0.003   -1025600    0 
 1200:    1.00    3.387    0.010 0.010 0.010 0.010 0.010 0.010    0.003 0.003 0.003 0.003 0.003 0.003 0.003 0.003 0.003 0.003 0.003 0.003 0.003 0.003 0.003   -1025067    0 
 1300:    1.00    3.574    0.010 0.010 0.010 0.010 0.010 0.010    0.003 0.003 0.003 0.003 0.003 0.003 0.003 0.003 0.003 0.003 0.003 0.003 0.003 0.003 0.003   -1024794    0 
 1400:    1.00    3.126    0.010 0.010 0.010 0.010 0.010 0.010    0.003 0.003 0.003 0.003 0.003 0.003 0.003 0.003 0.003 0.003 0.003 0.003 0.003 0.003 0.003   -1024170    0 
 1500:    1.00    2.622    0.010 0.010 0.010 0.010 0.010 0.010    0.003 0.003 0.003 0.003 0.003 0.003 0.003 0.003 0.003 0.003 0.003 0.003 0.003 0.003 0.003   -1023709    0 
 1600:    1.00    1.947    0.010 0.010 0.010 0.010 0.010 0.010    0.003 0.003 0.003 0.003 0.003 0.003 0.003 0.003 0.003 0.003 0.003 0.003 0.003 0.003 0.003   -1023031    0 
 1700:    1.00    1.305    0.010 0.010 0.010 0.010 0.010 0.010    0.003 0.003 0.003 0.003 0.003 0.003 0.003 0.003 0.003 0.003 0.003 0.003 0.003 0.003 0.003   -1022370    0 
 1800:    1.00    1.019    0.010 0.010 0.010 0.010 0.010 0.010    0.003 0.003 0.003 0.003 0.003 0.003 0.003 0.003 0.003 0.003 0.003 0.003 0.003 0.003 0.003   -1021620    0 
 1900:    1.00    0.694    0.010 0.010 0.010 0.010 0.010 0.010    0.003 0.003 0.003 0.003 0.003 0.003 0.003 0.003 0.003 0.003 0.003 0.003 0.003 0.003 0.003   -1020711    0 

--------------------------------------------
Proportion of membership of each pre-defined
 population in each of the 6 clusters

Given    Inferred Clusters                            Number of
 Pop       1      2      3      4      5      6      Individuals

  1:     0.187  0.202  0.128  0.118  0.126  0.239       23
--------------------------------------------

 Rep#:   Lambda   Alpha      F1    F2    F3    F4    F5    F6     D1,2  D1,3  D1,4  D1,5  D1,6  D2,3  D2,4  D2,5  D2,6  D3,4  D3,5  D3,6  D4,5  D4,6  D5,6    Ln Like  Est Ln P(D)
 2000:    1.00    0.645    0.010 0.010 0.010 0.010 0.010 0.010    0.003 0.003 0.003 0.003 0.003 0.003 0.003 0.003 0.003 0.003 0.003 0.003 0.003 0.003 0.003   -1019675    0 
 2100:    1.00    0.481    0.010 0.010 0.010 0.010 0.010 0.010    0.003 0.003 0.003 0.003 0.003 0.003 0.003 0.003 0.003 0.003 0.003 0.003 0.003 0.003 0.003   -1018982    0 
 2200:    1.00    0.447    0.010 0.010 0.010 0.010 0.010 0.010    0.003 0.003 0.003 0.003 0.003 0.003 0.003 0.003 0.003 0.003 0.003 0.003 0.003 0.003 0.003   -1018393    0 
 2300:    1.00    0.373    0.010 0.010 0.010 0.010 0.010 0.011    0.003 0.003 0.003 0.003 0.003 0.003 0.003 0.003 0.003 0.003 0.003 0.003 0.003 0.003 0.003   -1017468    0 
 2400:    1.00    0.345    0.010 0.010 0.010 0.010 0.010 0.012    0.003 0.003 0.003 0.003 0.004 0.003 0.003 0.003 0.004 0.003 0.003 0.003 0.003 0.003 0.003   -1016661    0 
 2500:    1.00    0.244    0.010 0.010 0.010 0.010 0.010 0.013    0.003 0.003 0.003 0.003 0.004 0.003 0.003 0.003 0.004 0.003 0.003 0.004 0.003 0.004 0.004   -1016441    0 
 2600:    1.00    0.240    0.010 0.010 0.010 0.010 0.010 0.013    0.003 0.003 0.003 0.003 0.004 0.003 0.003 0.003 0.004 0.003 0.003 0.004 0.003 0.004 0.004   -1015551    0 
 2700:    1.00    0.196    0.010 0.010 0.010 0.010 0.010 0.014    0.003 0.003 0.003 0.003 0.004 0.003 0.003 0.003 0.004 0.003 0.003 0.004 0.003 0.004 0.004   -1015144    0 
 2800:    1.00    0.170    0.010 0.010 0.010 0.010 0.010 0.017    0.003 0.003 0.003 0.003 0.004 0.003 0.003 0.003 0.004 0.003 0.003 0.004 0.003 0.004 0.004   -1013415    0 
 2900:    1.00    0.133    0.011 0.010 0.010 0.010 0.010 0.018    0.003 0.003 0.003 0.003 0.005 0.003 0.003 0.003 0.005 0.003 0.003 0.004 0.003 0.004 0.004   -1012915    0 

--------------------------------------------
Proportion of membership of each pre-defined
 population in each of the 6 clusters

Given    Inferred Clusters                            Number of
 Pop       1      2      3      4      5      6      Individuals

  1:     0.237  0.220  0.107  0.085  0.123  0.229       23
--------------------------------------------

 Rep#:   Lambda   Alpha      F1    F2    F3    F4    F5    F6     D1,2  D1,3  D1,4  D1,5  D1,6  D2,3  D2,4  D2,5  D2,6  D3,4  D3,5  D3,6  D4,5  D4,6  D5,6    Ln Like  Est Ln P(D)
 3000:    1.00    0.163    0.011 0.011 0.010 0.010 0.010 0.019    0.003 0.003 0.003 0.003 0.005 0.003 0.003 0.003 0.005 0.003 0.003 0.005 0.003 0.005 0.005   -1012690    0 
 3100:    1.00    0.113    0.011 0.011 0.010 0.010 0.010 0.022    0.003 0.003 0.003 0.003 0.005 0.003 0.003 0.003 0.005 0.003 0.003 0.005 0.003 0.005 0.005   -1011234    0 
 3200:    1.00    0.115    0.011 0.011 0.010 0.011 0.010 0.022    0.003 0.003 0.003 0.003 0.005 0.003 0.003 0.003 0.005 0.003 0.003 0.005 0.003 0.005 0.005   -1011103    0 
 3300:    1.00    0.140    0.011 0.011 0.010 0.011 0.010 0.022    0.003 0.003 0.003 0.003 0.005 0.003 0.003 0.003 0.006 0.003 0.003 0.005 0.003 0.005 0.005   -1010797    0 
 3400:    1.00    0.087    0.011 0.012 0.010 0.011 0.010 0.026    0.003 0.003 0.003 0.003 0.006 0.003 0.003 0.003 0.006 0.003 0.003 0.006 0.003 0.006 0.006   -1009895    0 
 3500:    1.00    0.058    0.011 0.013 0.010 0.011 0.010 0.031    0.004 0.003 0.003 0.003 0.007 0.003 0.004 0.004 0.007 0.003 0.003 0.006 0.003 0.007 0.007   -1008438    0 
 3600:    1.00    0.069    0.011 0.014 0.010 0.011 0.010 0.055    0.004 0.003 0.003 0.003 0.011 0.004 0.004 0.004 0.011 0.003 0.003 0.011 0.003 0.011 0.011   -1002578    0 
 3700:    1.00    0.083    0.011 0.014 0.010 0.011 0.010 0.083    0.004 0.003 0.003 0.003 0.015 0.004 0.004 0.004 0.015 0.003 0.003 0.015 0.003 0.015 0.014   -998947    0 
 3800:    1.00    0.086    0.011 0.014 0.010 0.011 0.010 0.099    0.004 0.003 0.003 0.003 0.017 0.004 0.004 0.004 0.018 0.003 0.003 0.017 0.003 0.017 0.017   -997371    0 
 3900:    1.00    0.111    0.011 0.014 0.010 0.011 0.010 0.106    0.004 0.003 0.003 0.003 0.018 0.004 0.004 0.004 0.019 0.003 0.003 0.018 0.003 0.018 0.018   -997153    0 

--------------------------------------------
Proportion of membership of each pre-defined
 population in each of the 6 clusters

Given    Inferred Clusters                            Number of
 Pop       1      2      3      4      5      6      Individuals

  1:     0.259  0.220  0.108  0.075  0.117  0.221       23
--------------------------------------------

 Rep#:   Lambda   Alpha      F1    F2    F3    F4    F5    F6     D1,2  D1,3  D1,4  D1,5  D1,6  D2,3  D2,4  D2,5  D2,6  D3,4  D3,5  D3,6  D4,5  D4,6  D5,6    Ln Like  Est Ln P(D)
 4000:    1.00    0.087    0.011 0.014 0.010 0.011 0.010 0.106    0.004 0.003 0.003 0.003 0.018 0.004 0.004 0.004 0.019 0.003 0.003 0.018 0.003 0.018 0.018   -996787    0 
 4100:    1.00    0.094    0.011 0.014 0.010 0.011 0.010 0.116    0.004 0.003 0.003 0.003 0.019 0.004 0.004 0.004 0.020 0.003 0.003 0.019 0.003 0.019 0.019   -996459    0 
 4200:    1.00    0.072    0.011 0.014 0.010 0.011 0.010 0.119    0.004 0.003 0.003 0.003 0.020 0.004 0.004 0.004 0.021 0.003 0.003 0.020 0.003 0.020 0.020   -996213    0 
 4300:    1.00    0.066    0.011 0.015 0.010 0.011 0.010 0.121    0.004 0.003 0.003 0.003 0.020 0.004 0.004 0.004 0.021 0.003 0.003 0.020 0.003 0.020 0.020   -996389    0 
 4400:    1.00    0.119    0.011 0.015 0.010 0.011 0.010 0.122    0.004 0.003 0.003 0.003 0.020 0.004 0.004 0.004 0.021 0.003 0.003 0.020 0.003 0.020 0.020   -996564    0 
 4500:    1.00    0.100    0.011 0.015 0.010 0.011 0.010 0.125    0.004 0.003 0.003 0.003 0.021 0.004 0.004 0.004 0.022 0.003 0.003 0.021 0.003 0.021 0.021   -996141    0 
 4600:    1.00    0.078    0.011 0.015 0.010 0.011 0.010 0.125    0.004 0.003 0.003 0.003 0.020 0.004 0.004 0.004 0.021 0.003 0.003 0.020 0.003 0.021 0.020   -996131    0 
 4700:    1.00    0.090    0.011 0.016 0.010 0.011 0.010 0.130    0.004 0.003 0.003 0.003 0.021 0.004 0.004 0.004 0.022 0.003 0.003 0.021 0.003 0.021 0.021   -995315    0 
 4800:    1.00    0.056    0.011 0.016 0.010 0.011 0.010 0.130    0.004 0.003 0.003 0.003 0.021 0.004 0.004 0.004 0.022 0.003 0.003 0.021 0.003 0.021 0.021   -995732    0 
 4900:    1.00    0.072    0.011 0.016 0.010 0.011 0.010 0.135    0.004 0.003 0.003 0.003 0.022 0.004 0.004 0.004 0.023 0.003 0.003 0.022 0.003 0.022 0.022   -995235    0 

--------------------------------------------
Proportion of membership of each pre-defined
 population in each of the 6 clusters

Given    Inferred Clusters                            Number of
 Pop       1      2      3      4      5      6      Individuals

  1:     0.272  0.218  0.097  0.073  0.128  0.212       23
--------------------------------------------

 Rep#:   Lambda   Alpha      F1    F2    F3    F4    F5    F6     D1,2  D1,3  D1,4  D1,5  D1,6  D2,3  D2,4  D2,5  D2,6  D3,4  D3,5  D3,6  D4,5  D4,6  D5,6    Ln Like  Est Ln P(D)
 5000:    1.00    0.081    0.011 0.019 0.010 0.011 0.010 0.135    0.005 0.003 0.003 0.003 0.022 0.005 0.005 0.005 0.023 0.003 0.003 0.022 0.003 0.022 0.021   -994956    0 
 5100:    1.00    0.073    0.011 0.019 0.010 0.011 0.010 0.135    0.005 0.003 0.003 0.003 0.022 0.005 0.005 0.005 0.024 0.003 0.003 0.022 0.003 0.022 0.022   -994639    0 
 5200:    1.00    0.063    0.011 0.020 0.010 0.011 0.010 0.140    0.005 0.003 0.003 0.003 0.023 0.005 0.005 0.005 0.024 0.003 0.003 0.023 0.003 0.023 0.023   -993608    0 
 5300:    1.00    0.072    0.011 0.020 0.010 0.011 0.010 0.139    0.005 0.003 0.003 0.003 0.023 0.005 0.005 0.005 0.025 0.003 0.003 0.023 0.003 0.023 0.023   -994335    0 
 5400:    1.00    0.060    0.011 0.020 0.010 0.011 0.010 0.139    0.005 0.003 0.003 0.003 0.022 0.005 0.005 0.005 0.024 0.003 0.003 0.022 0.003 0.023 0.022   -994359    0 
 5500:    1.00    0.064    0.011 0.021 0.010 0.011 0.010 0.139    0.005 0.003 0.003 0.003 0.022 0.005 0.005 0.005 0.024 0.003 0.003 0.022 0.003 0.023 0.022   -993220    0 
 5600:    1.00    0.060    0.011 0.024 0.010 0.011 0.010 0.142    0.006 0.003 0.003 0.003 0.023 0.005 0.006 0.005 0.026 0.003 0.003 0.023 0.003 0.023 0.023   -992478    0 
 5700:    1.00    0.038    0.011 0.028 0.010 0.011 0.010 0.142    0.006 0.003 0.003 0.003 0.023 0.006 0.006 0.006 0.026 0.003 0.003 0.022 0.003 0.023 0.022   -991954    0 
 5800:    1.00    0.036    0.011 0.030 0.010 0.011 0.010 0.143    0.006 0.003 0.003 0.003 0.023 0.006 0.007 0.006 0.027 0.003 0.003 0.023 0.003 0.023 0.023   -990947    0 
 5900:    1.00    0.041    0.011 0.032 0.010 0.011 0.010 0.143    0.007 0.003 0.003 0.003 0.023 0.007 0.007 0.007 0.027 0.003 0.003 0.023 0.003 0.023 0.023   -991494    0 
 6000:    1.00    0.072    0.011 0.033 0.010 0.011 0.010 0.145    0.007 0.003 0.003 0.003 0.023 0.007 0.007 0.007 0.027 0.003 0.003 0.023 0.003 0.023 0.023   -990989    0 

MCMC completed

Inferred ancestry of individuals:
        Label (%Miss) Pop:  Inferred clusters
  1 18160D-09-0    (2)    1 :  0.089 0.029 0.354 0.401 0.091 0.036 
  2 18160D-09-0    (4)    1 :  0.285 0.032 0.233 0.087 0.230 0.133 
  3 18160D-09-0    (2)    1 :  0.113 0.015 0.021 0.019 0.020 0.812 
  4 18160D-09-0    (5)    1 :  0.026 0.006 0.009 0.030 0.010 0.919 
  5 18160D-09-0    (4)    1 :  0.051 0.008 0.033 0.008 0.017 0.882 
  6 18160D-09-0    (4)    1 :  0.027 0.006 0.043 0.021 0.021 0.882 
  7 18160D-09-0    (2)    1 :  0.032 0.004 0.021 0.012 0.017 0.914 
  8 18160D-09-0    (4)    1 :  0.554 0.016 0.129 0.006 0.249 0.047 
  9 18160D-09-0    (2)    1 :  0.030 0.837 0.033 0.040 0.025 0.035 
 10 18160D-09-1    (2)    1 :  0.005 0.939 0.005 0.038 0.006 0.006 
 11 18160D-09-1    (2)    1 :  0.014 0.880 0.024 0.043 0.026 0.012 
 12 18160D-09-1    (2)    1 :  0.038 0.791 0.056 0.068 0.030 0.018 
 13 18160D-09-1    (5)    1 :  0.438 0.023 0.261 0.029 0.195 0.053 
 14 18160D-09-1   (18)    1 :  0.487 0.017 0.153 0.086 0.213 0.045 
 15 18160D-09-1    (4)    1 :  0.322 0.036 0.296 0.023 0.301 0.022 
 16 18160D-09-1    (2)    1 :  0.011 0.915 0.010 0.043 0.009 0.012 
 17 18160D-09-1    (2)    1 :  0.359 0.030 0.140 0.022 0.415 0.034 
 18 18160D-09-1    (2)    1 :  0.038 0.038 0.039 0.845 0.022 0.017 
 19 18160D-09-1    (2)    1 :  0.245 0.033 0.138 0.027 0.535 0.022 
 20 18160D-09-2    (5)    1 :  0.630 0.052 0.116 0.073 0.119 0.010 
 21 18160D-09-2    (5)    1 :  0.556 0.038 0.120 0.019 0.238 0.029 
 22 18160D-09-2    (5)    1 :  0.851 0.037 0.007 0.062 0.018 0.025 
 23 18160D-09-2    (2)    1 :  0.307 0.070 0.323 0.122 0.153 0.025 

Command line arguments:   structure -D 926063 -K 6 -m mainparams -o k6/populations_k6_run5 
Input File:    populations.str
Output File:   k6/populations_k6_run5_f

Run parameters:
   23 individuals
   50160 loci
   6 populations assumed
   1000 Burn-in period
   5000 Reps
RANDOMIZE turned off

--------------------------------------------
Estimated Ln Prob of Data   = -73049477.8
Mean value of ln likelihood = -1006758.2
Variance of ln likelihood   = 144085439.3
Mean value of alpha         = 0.5791

Mean value of Fst_1         = 0.0105
Mean value of Fst_2         = 0.0144
Mean value of Fst_3         = 0.0102
Mean value of Fst_4         = 0.0106
Mean value of Fst_5         = 0.0103
Mean value of Fst_6         = 0.0680


--------------------------------------------
Proportion of membership of each pre-defined
 population in each of the 6 clusters

Given    Inferred Clusters                            Number of
 Pop       1      2      3      4      5      6      Individuals

  1:     0.240  0.211  0.112  0.092  0.129  0.217       23
--------------------------------------------
Final results printed to file k6/populations_k6_run5_f

