

----------------------------------------------------
STRUCTURE by Pritchard, Stephens and Donnelly (2000)
     and Falush, Stephens and Pritchard (2003)
       Code by Pritchard, Falush and Hubisz
             Version 2.3.4 (Jul 2012)
----------------------------------------------------


Reading file "mainparams".
datafile is
populations.str
Reading file "extraparams".
Reading file "populations.str".


Data file "populations.str" (truncated) --

Ind:   Label Pop : Genotype_data . . . .
  1: 18160D-09-0    1  :  4   1   3   1   4   1   3  . . . .   2
  1: 18160D-09-0    1  :  4   1   3   1   4   4   4  . . . .   4
  2: 18160D-09-0    1  :  4   1   3   1   4   1   3  . . . .   2
  2: 18160D-09-0    1  :  4   1   3   1   4   4   3  . . . .   4
  3: 18160D-09-0    1  :  4   1   0   0   0   0   3  . . . .   2
  3: 18160D-09-0    1  :  4   3   0   0   0   0   3  . . . .   4
  4: 18160D-09-0    1  :  4   1   3   1   4   1   3  . . . .   2
  4: 18160D-09-0    1  :  4   3   3   1   4   1   3  . . . .   4

      *******   

 22: 18160D-09-2    1  :  4   1   3   1   4   1   3  . . . .   2
 22: 18160D-09-2    1  :  4   3   3   1   4   1   4  . . . .   4
 23: 18160D-09-2    1  :  4   1   3   1   4   1   3  . . . .   2
 23: 18160D-09-2    1  :  4   1   3   1   4   4   4  . . . .   4

Number of alleles per locus: min= 2; ave=2.0; max= 2


--------------------------------------

Finished initialization; starting MCMC 
5000 iterations + 1000 burnin


--------------------------------------------
Proportion of membership of each pre-defined
 population in each of the 6 clusters

Given    Inferred Clusters                            Number of
 Pop       1      2      3      4      5      6      Individuals

  1:     0.170  0.163  0.174  0.168  0.167  0.159       23
--------------------------------------------

 Rep#:   Lambda   Alpha      F1    F2    F3    F4    F5    F6     D1,2  D1,3  D1,4  D1,5  D1,6  D2,3  D2,4  D2,5  D2,6  D3,4  D3,5  D3,6  D4,5  D4,6  D5,6    Ln Like 
  100:    1.00    1.782    0.010 0.010 0.010 0.010 0.010 0.010    0.003 0.003 0.003 0.003 0.003 0.003 0.003 0.003 0.003 0.003 0.003 0.003 0.003 0.003 0.003   --  
  200:    1.00    2.201    0.010 0.010 0.010 0.010 0.010 0.010    0.003 0.003 0.003 0.003 0.003 0.003 0.003 0.003 0.003 0.003 0.003 0.003 0.003 0.003 0.003   --  
  300:    1.00    2.717    0.010 0.010 0.010 0.010 0.010 0.010    0.003 0.003 0.003 0.003 0.003 0.003 0.003 0.003 0.003 0.003 0.003 0.003 0.003 0.003 0.003   --  
  400:    1.00    2.928    0.010 0.010 0.010 0.010 0.010 0.010    0.003 0.003 0.003 0.003 0.003 0.003 0.003 0.003 0.003 0.003 0.003 0.003 0.003 0.003 0.003   --  
  500:    1.00    3.714    0.010 0.010 0.010 0.010 0.010 0.010    0.003 0.003 0.003 0.003 0.003 0.003 0.003 0.003 0.003 0.003 0.003 0.003 0.003 0.003 0.003   --  
  600:    1.00    4.436    0.010 0.010 0.010 0.010 0.010 0.010    0.003 0.003 0.003 0.003 0.003 0.003 0.003 0.003 0.003 0.003 0.003 0.003 0.003 0.003 0.003   --  
  700:    1.00    4.497    0.010 0.010 0.010 0.010 0.010 0.010    0.003 0.003 0.003 0.003 0.003 0.003 0.003 0.003 0.003 0.003 0.003 0.003 0.003 0.003 0.003   --  
  800:    1.00    4.519    0.010 0.010 0.010 0.010 0.010 0.010    0.003 0.003 0.003 0.003 0.003 0.003 0.003 0.003 0.003 0.003 0.003 0.003 0.003 0.003 0.003   --  
  900:    1.00    4.422    0.010 0.010 0.010 0.010 0.010 0.010    0.003 0.003 0.003 0.003 0.003 0.003 0.003 0.003 0.003 0.003 0.003 0.003 0.003 0.003 0.003   --  
 1000:    1.00    4.613    0.010 0.010 0.010 0.010 0.010 0.010    0.003 0.003 0.003 0.003 0.003 0.003 0.003 0.003 0.003 0.003 0.003 0.003 0.003 0.003 0.003   --  

BURNIN completed
 Rep#:   Lambda   Alpha      F1    F2    F3    F4    F5    F6     D1,2  D1,3  D1,4  D1,5  D1,6  D2,3  D2,4  D2,5  D2,6  D3,4  D3,5  D3,6  D4,5  D4,6  D5,6    Ln Like  Est Ln P(D)
 1100:    1.00    4.341    0.010 0.010 0.010 0.010 0.010 0.010    0.003 0.003 0.003 0.003 0.003 0.003 0.003 0.003 0.003 0.003 0.003 0.003 0.003 0.003 0.003   -1025851    0 
 1200:    1.00    4.189    0.010 0.010 0.010 0.010 0.010 0.010    0.003 0.003 0.003 0.003 0.003 0.003 0.003 0.003 0.003 0.003 0.003 0.003 0.003 0.003 0.003   -1025612    0 
 1300:    1.00    4.128    0.010 0.010 0.010 0.010 0.010 0.010    0.003 0.003 0.003 0.003 0.003 0.003 0.003 0.003 0.003 0.003 0.003 0.003 0.003 0.003 0.003   -1025645    0 
 1400:    1.00    4.189    0.010 0.010 0.010 0.010 0.010 0.010    0.003 0.003 0.003 0.003 0.003 0.003 0.003 0.003 0.003 0.003 0.003 0.003 0.003 0.003 0.003   -1025106    0 
 1500:    1.00    3.583    0.010 0.010 0.010 0.010 0.010 0.010    0.003 0.003 0.003 0.003 0.003 0.003 0.003 0.003 0.003 0.003 0.003 0.003 0.003 0.003 0.003   -1024605    0 
 1600:    1.00    3.053    0.010 0.010 0.010 0.010 0.010 0.010    0.003 0.003 0.003 0.003 0.003 0.003 0.003 0.003 0.003 0.003 0.003 0.003 0.003 0.003 0.003   -1024126    0 
 1700:    1.00    2.642    0.010 0.010 0.010 0.010 0.011 0.010    0.003 0.003 0.003 0.003 0.003 0.003 0.003 0.003 0.003 0.003 0.003 0.003 0.003 0.003 0.003   -1023361    0 
 1800:    1.00    2.493    0.010 0.010 0.010 0.010 0.011 0.010    0.003 0.003 0.003 0.003 0.003 0.003 0.003 0.003 0.003 0.003 0.003 0.003 0.003 0.003 0.003   -1022543    0 
 1900:    1.00    1.840    0.010 0.010 0.010 0.010 0.011 0.010    0.003 0.003 0.003 0.003 0.003 0.003 0.003 0.003 0.003 0.003 0.003 0.003 0.003 0.003 0.003   -1021688    0 

--------------------------------------------
Proportion of membership of each pre-defined
 population in each of the 6 clusters

Given    Inferred Clusters                            Number of
 Pop       1      2      3      4      5      6      Individuals

  1:     0.141  0.134  0.160  0.146  0.247  0.173       23
--------------------------------------------

 Rep#:   Lambda   Alpha      F1    F2    F3    F4    F5    F6     D1,2  D1,3  D1,4  D1,5  D1,6  D2,3  D2,4  D2,5  D2,6  D3,4  D3,5  D3,6  D4,5  D4,6  D5,6    Ln Like  Est Ln P(D)
 2000:    1.00    1.341    0.010 0.010 0.010 0.010 0.011 0.010    0.003 0.003 0.003 0.003 0.003 0.003 0.003 0.003 0.003 0.003 0.003 0.003 0.003 0.003 0.003   -1021315    0 
 2100:    1.00    0.653    0.010 0.010 0.010 0.010 0.011 0.010    0.003 0.003 0.003 0.003 0.003 0.003 0.003 0.003 0.003 0.003 0.003 0.003 0.003 0.003 0.003   -1020312    0 
 2200:    1.00    0.536    0.010 0.010 0.010 0.010 0.011 0.010    0.003 0.003 0.003 0.003 0.003 0.003 0.003 0.003 0.003 0.003 0.003 0.003 0.003 0.003 0.003   -1019761    0 
 2300:    1.00    0.456    0.010 0.010 0.010 0.010 0.011 0.010    0.003 0.003 0.003 0.003 0.003 0.003 0.003 0.003 0.003 0.003 0.003 0.003 0.003 0.003 0.003   -1019341    0 
 2400:    1.00    0.451    0.010 0.010 0.010 0.010 0.011 0.010    0.003 0.003 0.003 0.003 0.003 0.003 0.003 0.003 0.003 0.003 0.003 0.003 0.003 0.003 0.003   -1018881    0 
 2500:    1.00    0.342    0.010 0.010 0.010 0.010 0.011 0.010    0.003 0.003 0.003 0.003 0.003 0.003 0.003 0.003 0.003 0.003 0.003 0.003 0.003 0.003 0.003   -1018527    0 
 2600:    1.00    0.348    0.010 0.010 0.010 0.010 0.011 0.010    0.003 0.003 0.003 0.003 0.003 0.003 0.003 0.003 0.003 0.003 0.003 0.003 0.003 0.003 0.003   -1018228    0 
 2700:    1.00    0.259    0.010 0.010 0.010 0.010 0.011 0.010    0.003 0.003 0.003 0.003 0.003 0.003 0.003 0.003 0.003 0.003 0.003 0.003 0.003 0.003 0.003   -1017931    0 
 2800:    1.00    0.216    0.010 0.010 0.010 0.010 0.011 0.010    0.003 0.003 0.003 0.003 0.003 0.003 0.003 0.003 0.003 0.003 0.003 0.003 0.003 0.003 0.003   -1017723    0 
 2900:    1.00    0.202    0.010 0.010 0.010 0.010 0.011 0.010    0.003 0.003 0.003 0.003 0.003 0.003 0.003 0.003 0.003 0.003 0.003 0.003 0.003 0.003 0.003   -1017117    0 

--------------------------------------------
Proportion of membership of each pre-defined
 population in each of the 6 clusters

Given    Inferred Clusters                            Number of
 Pop       1      2      3      4      5      6      Individuals

  1:     0.127  0.122  0.194  0.156  0.234  0.166       23
--------------------------------------------

 Rep#:   Lambda   Alpha      F1    F2    F3    F4    F5    F6     D1,2  D1,3  D1,4  D1,5  D1,6  D2,3  D2,4  D2,5  D2,6  D3,4  D3,5  D3,6  D4,5  D4,6  D5,6    Ln Like  Est Ln P(D)
 3000:    1.00    0.181    0.010 0.010 0.010 0.010 0.012 0.010    0.003 0.003 0.003 0.003 0.003 0.003 0.003 0.003 0.003 0.003 0.003 0.003 0.003 0.003 0.004   -1016777    0 
 3100:    1.00    0.195    0.010 0.010 0.010 0.010 0.013 0.010    0.003 0.003 0.003 0.004 0.003 0.003 0.003 0.004 0.003 0.003 0.004 0.003 0.004 0.003 0.004   -1016448    0 
 3200:    1.00    0.197    0.010 0.010 0.010 0.010 0.013 0.010    0.003 0.003 0.003 0.004 0.003 0.003 0.003 0.004 0.003 0.003 0.004 0.003 0.004 0.003 0.004   -1016365    0 
 3300:    1.00    0.161    0.010 0.010 0.010 0.010 0.014 0.010    0.003 0.003 0.003 0.004 0.003 0.003 0.003 0.004 0.003 0.003 0.004 0.003 0.004 0.003 0.004   -1015594    0 
 3400:    1.00    0.182    0.010 0.010 0.010 0.010 0.015 0.010    0.003 0.003 0.003 0.004 0.003 0.003 0.003 0.004 0.003 0.003 0.004 0.003 0.004 0.003 0.004   -1014717    0 
 3500:    1.00    0.114    0.010 0.010 0.010 0.010 0.018 0.010    0.003 0.003 0.003 0.004 0.003 0.003 0.003 0.004 0.003 0.003 0.004 0.003 0.004 0.003 0.005   -1013836    0 
 3600:    1.00    0.116    0.010 0.010 0.010 0.010 0.020 0.010    0.003 0.003 0.003 0.005 0.003 0.003 0.003 0.005 0.003 0.003 0.005 0.003 0.005 0.003 0.005   -1013061    0 
 3700:    1.00    0.137    0.010 0.010 0.010 0.010 0.021 0.010    0.003 0.003 0.003 0.005 0.003 0.003 0.003 0.005 0.003 0.003 0.005 0.003 0.005 0.003 0.005   -1012429    0 
 3800:    1.00    0.158    0.010 0.010 0.010 0.010 0.024 0.010    0.003 0.003 0.003 0.005 0.003 0.003 0.003 0.006 0.003 0.003 0.005 0.003 0.006 0.003 0.006   -1011375    0 
 3900:    1.00    0.105    0.010 0.010 0.010 0.010 0.032 0.010    0.003 0.003 0.003 0.007 0.003 0.003 0.003 0.007 0.003 0.003 0.007 0.003 0.007 0.003 0.007   -1009174    0 

--------------------------------------------
Proportion of membership of each pre-defined
 population in each of the 6 clusters

Given    Inferred Clusters                            Number of
 Pop       1      2      3      4      5      6      Individuals

  1:     0.140  0.092  0.250  0.131  0.220  0.167       23
--------------------------------------------

 Rep#:   Lambda   Alpha      F1    F2    F3    F4    F5    F6     D1,2  D1,3  D1,4  D1,5  D1,6  D2,3  D2,4  D2,5  D2,6  D3,4  D3,5  D3,6  D4,5  D4,6  D5,6    Ln Like  Est Ln P(D)
 4000:    1.00    0.092    0.010 0.010 0.010 0.011 0.037 0.010    0.003 0.003 0.003 0.007 0.003 0.003 0.003 0.008 0.003 0.003 0.008 0.003 0.008 0.003 0.008   -1008785    0 
 4100:    1.00    0.105    0.010 0.010 0.010 0.011 0.052 0.010    0.003 0.003 0.003 0.010 0.003 0.003 0.003 0.010 0.003 0.003 0.010 0.003 0.010 0.003 0.010   -1005493    0 
 4200:    1.00    0.083    0.010 0.010 0.010 0.011 0.075 0.011    0.003 0.003 0.003 0.013 0.003 0.003 0.003 0.013 0.003 0.003 0.013 0.003 0.014 0.003 0.014   -1001436    0 
 4300:    1.00    0.084    0.010 0.010 0.010 0.011 0.091 0.011    0.003 0.003 0.003 0.016 0.003 0.003 0.003 0.016 0.003 0.003 0.015 0.003 0.016 0.003 0.016   -999692    0 
 4400:    1.00    0.063    0.010 0.010 0.010 0.011 0.097 0.011    0.003 0.003 0.003 0.016 0.003 0.003 0.003 0.017 0.003 0.003 0.016 0.003 0.016 0.003 0.017   -998704    0 
 4500:    1.00    0.054    0.010 0.010 0.010 0.011 0.107 0.011    0.003 0.003 0.003 0.018 0.003 0.003 0.003 0.018 0.003 0.003 0.018 0.003 0.018 0.003 0.018   -997554    0 
 4600:    1.00    0.072    0.010 0.010 0.010 0.011 0.110 0.011    0.003 0.003 0.003 0.018 0.003 0.003 0.003 0.018 0.003 0.003 0.018 0.003 0.018 0.003 0.019   -996905    0 
 4700:    1.00    0.067    0.010 0.010 0.010 0.011 0.111 0.011    0.003 0.003 0.003 0.018 0.003 0.003 0.003 0.019 0.003 0.003 0.018 0.003 0.019 0.003 0.019   -997055    0 
 4800:    1.00    0.062    0.010 0.010 0.010 0.011 0.113 0.011    0.003 0.003 0.003 0.019 0.003 0.003 0.003 0.019 0.003 0.003 0.019 0.003 0.019 0.003 0.019   -997396    0 
 4900:    1.00    0.057    0.010 0.010 0.010 0.011 0.114 0.011    0.003 0.003 0.003 0.019 0.003 0.003 0.003 0.019 0.003 0.003 0.019 0.003 0.019 0.003 0.019   -997497    0 

--------------------------------------------
Proportion of membership of each pre-defined
 population in each of the 6 clusters

Given    Inferred Clusters                            Number of
 Pop       1      2      3      4      5      6      Individuals

  1:     0.127  0.053  0.312  0.111  0.215  0.181       23
--------------------------------------------

 Rep#:   Lambda   Alpha      F1    F2    F3    F4    F5    F6     D1,2  D1,3  D1,4  D1,5  D1,6  D2,3  D2,4  D2,5  D2,6  D3,4  D3,5  D3,6  D4,5  D4,6  D5,6    Ln Like  Est Ln P(D)
 5000:    1.00    0.080    0.010 0.010 0.010 0.011 0.114 0.011    0.003 0.003 0.003 0.019 0.003 0.003 0.003 0.019 0.003 0.003 0.019 0.003 0.019 0.003 0.020   -997049    0 
 5100:    1.00    0.071    0.010 0.010 0.010 0.011 0.115 0.011    0.003 0.003 0.003 0.019 0.003 0.003 0.003 0.019 0.003 0.003 0.019 0.003 0.019 0.003 0.020   -997336    0 
 5200:    1.00    0.064    0.010 0.010 0.011 0.011 0.122 0.011    0.003 0.003 0.003 0.020 0.003 0.003 0.003 0.020 0.003 0.003 0.020 0.003 0.020 0.003 0.021   -996963    0 
 5300:    1.00    0.064    0.010 0.010 0.011 0.011 0.124 0.012    0.003 0.003 0.003 0.020 0.003 0.003 0.003 0.020 0.003 0.003 0.020 0.004 0.020 0.004 0.021   -996377    0 
 5400:    1.00    0.058    0.010 0.010 0.011 0.011 0.125 0.012    0.003 0.003 0.003 0.020 0.003 0.003 0.003 0.020 0.003 0.003 0.020 0.004 0.020 0.003 0.021   -996270    0 
 5500:    1.00    0.060    0.010 0.010 0.011 0.011 0.125 0.013    0.003 0.003 0.003 0.020 0.004 0.003 0.003 0.021 0.004 0.003 0.021 0.004 0.021 0.004 0.021   -996088    0 
 5600:    1.00    0.041    0.010 0.010 0.011 0.011 0.126 0.013    0.003 0.003 0.003 0.020 0.004 0.003 0.003 0.020 0.004 0.003 0.020 0.004 0.020 0.004 0.021   -996644    0 
 5700:    1.00    0.043    0.010 0.010 0.011 0.011 0.127 0.013    0.003 0.003 0.003 0.021 0.004 0.003 0.003 0.021 0.004 0.003 0.021 0.004 0.021 0.004 0.022   -995900    0 
 5800:    1.00    0.049    0.010 0.010 0.011 0.011 0.128 0.014    0.003 0.003 0.003 0.021 0.004 0.003 0.003 0.021 0.004 0.003 0.021 0.004 0.021 0.004 0.022   -995760    0 
 5900:    1.00    0.040    0.010 0.010 0.011 0.011 0.131 0.014    0.003 0.003 0.003 0.021 0.004 0.003 0.003 0.021 0.004 0.003 0.021 0.004 0.021 0.004 0.022   -995384    0 
 6000:    1.00    0.070    0.010 0.010 0.011 0.011 0.135 0.014    0.003 0.003 0.003 0.022 0.004 0.003 0.003 0.022 0.004 0.003 0.022 0.004 0.022 0.004 0.023   -994866    0 

MCMC completed

Inferred ancestry of individuals:
        Label (%Miss) Pop:  Inferred clusters
  1 18160D-09-0    (2)    1 :  0.092 0.089 0.295 0.480 0.021 0.023 
  2 18160D-09-0    (4)    1 :  0.122 0.063 0.662 0.055 0.047 0.052 
  3 18160D-09-0    (2)    1 :  0.035 0.017 0.072 0.012 0.846 0.017 
  4 18160D-09-0    (5)    1 :  0.025 0.006 0.017 0.018 0.915 0.019 
  5 18160D-09-0    (4)    1 :  0.023 0.026 0.019 0.014 0.900 0.017 
  6 18160D-09-0    (4)    1 :  0.032 0.031 0.014 0.006 0.909 0.008 
  7 18160D-09-0    (2)    1 :  0.028 0.014 0.013 0.015 0.907 0.023 
  8 18160D-09-0    (4)    1 :  0.154 0.232 0.240 0.256 0.041 0.077 
  9 18160D-09-0    (2)    1 :  0.046 0.304 0.040 0.184 0.019 0.407 
 10 18160D-09-1    (2)    1 :  0.007 0.038 0.005 0.029 0.013 0.908 
 11 18160D-09-1    (2)    1 :  0.026 0.068 0.036 0.081 0.031 0.760 
 12 18160D-09-1    (2)    1 :  0.073 0.421 0.024 0.106 0.022 0.355 
 13 18160D-09-1    (5)    1 :  0.291 0.100 0.387 0.095 0.089 0.037 
 14 18160D-09-1   (18)    1 :  0.085 0.080 0.637 0.141 0.014 0.044 
 15 18160D-09-1    (4)    1 :  0.338 0.099 0.429 0.054 0.038 0.042 
 16 18160D-09-1    (2)    1 :  0.004 0.034 0.014 0.037 0.016 0.896 
 17 18160D-09-1    (2)    1 :  0.183 0.042 0.633 0.074 0.042 0.026 
 18 18160D-09-1    (2)    1 :  0.074 0.173 0.058 0.659 0.020 0.015 
 19 18160D-09-1    (2)    1 :  0.418 0.034 0.390 0.076 0.022 0.060 
 20 18160D-09-2    (5)    1 :  0.107 0.217 0.585 0.037 0.011 0.044 
 21 18160D-09-2    (5)    1 :  0.053 0.073 0.668 0.093 0.081 0.032 
 22 18160D-09-2    (5)    1 :  0.341 0.087 0.032 0.417 0.025 0.098 
 23 18160D-09-2    (2)    1 :  0.509 0.063 0.164 0.167 0.078 0.019 

Command line arguments:   structure -D 422094 -K 6 -m mainparams -o k6/populations_k6_run4 
Input File:    populations.str
Output File:   k6/populations_k6_run4_f

Run parameters:
   23 individuals
   50160 loci
   6 populations assumed
   1000 Burn-in period
   5000 Reps
RANDOMIZE turned off

--------------------------------------------
Estimated Ln Prob of Data   = -62054564.7
Mean value of ln likelihood = -1010396.0
Variance of ln likelihood   = 122088337.4
Mean value of alpha         = 0.8065

Mean value of Fst_1         = 0.0098
Mean value of Fst_2         = 0.0102
Mean value of Fst_3         = 0.0101
Mean value of Fst_4         = 0.0105
Mean value of Fst_5         = 0.0523
Mean value of Fst_6         = 0.0109


--------------------------------------------
Proportion of membership of each pre-defined
 population in each of the 6 clusters

Given    Inferred Clusters                            Number of
 Pop       1      2      3      4      5      6      Individuals

  1:     0.133  0.100  0.236  0.135  0.222  0.173       23
--------------------------------------------
Final results printed to file k6/populations_k6_run4_f

