

----------------------------------------------------
STRUCTURE by Pritchard, Stephens and Donnelly (2000)
     and Falush, Stephens and Pritchard (2003)
       Code by Pritchard, Falush and Hubisz
             Version 2.3.4 (Jul 2012)
----------------------------------------------------


Reading file "mainparams".
datafile is
populations.str
Reading file "extraparams".
Reading file "populations.str".


Data file "populations.str" (truncated) --

Ind:   Label Pop : Genotype_data . . . .
  1: 18160D-09-0    1  :  4   1   3   1   4   1   3  . . . .   2
  1: 18160D-09-0    1  :  4   1   3   1   4   4   4  . . . .   4
  2: 18160D-09-0    1  :  4   1   3   1   4   1   3  . . . .   2
  2: 18160D-09-0    1  :  4   1   3   1   4   4   3  . . . .   4
  3: 18160D-09-0    1  :  4   1   0   0   0   0   3  . . . .   2
  3: 18160D-09-0    1  :  4   3   0   0   0   0   3  . . . .   4
  4: 18160D-09-0    1  :  4   1   3   1   4   1   3  . . . .   2
  4: 18160D-09-0    1  :  4   3   3   1   4   1   3  . . . .   4

      *******   

 22: 18160D-09-2    1  :  4   1   3   1   4   1   3  . . . .   2
 22: 18160D-09-2    1  :  4   3   3   1   4   1   4  . . . .   4
 23: 18160D-09-2    1  :  4   1   3   1   4   1   3  . . . .   2
 23: 18160D-09-2    1  :  4   1   3   1   4   4   4  . . . .   4

Number of alleles per locus: min= 2; ave=2.0; max= 2


--------------------------------------

Finished initialization; starting MCMC 
5000 iterations + 1000 burnin


--------------------------------------------
Proportion of membership of each pre-defined
 population in each of the 6 clusters

Given    Inferred Clusters                            Number of
 Pop       1      2      3      4      5      6      Individuals

  1:     0.172  0.156  0.169  0.166  0.173  0.163       23
--------------------------------------------

 Rep#:   Lambda   Alpha      F1    F2    F3    F4    F5    F6     D1,2  D1,3  D1,4  D1,5  D1,6  D2,3  D2,4  D2,5  D2,6  D3,4  D3,5  D3,6  D4,5  D4,6  D5,6    Ln Like 
  100:    1.00    1.668    0.010 0.010 0.010 0.010 0.010 0.010    0.003 0.003 0.003 0.003 0.003 0.003 0.003 0.003 0.003 0.003 0.003 0.003 0.003 0.003 0.003   --  
  200:    1.00    2.535    0.010 0.010 0.010 0.010 0.010 0.010    0.003 0.003 0.003 0.003 0.003 0.003 0.003 0.003 0.003 0.003 0.003 0.003 0.003 0.003 0.003   --  
  300:    1.00    2.748    0.010 0.010 0.010 0.010 0.010 0.010    0.003 0.003 0.003 0.003 0.003 0.003 0.003 0.003 0.003 0.003 0.003 0.003 0.003 0.003 0.003   --  
  400:    1.00    2.776    0.010 0.010 0.010 0.010 0.010 0.010    0.003 0.003 0.003 0.003 0.003 0.003 0.003 0.003 0.003 0.003 0.003 0.003 0.003 0.003 0.003   --  
  500:    1.00    3.189    0.010 0.010 0.010 0.010 0.010 0.010    0.003 0.003 0.003 0.003 0.003 0.003 0.003 0.003 0.003 0.003 0.003 0.003 0.003 0.003 0.003   --  
  600:    1.00    3.015    0.010 0.010 0.010 0.010 0.010 0.010    0.003 0.003 0.003 0.003 0.003 0.003 0.003 0.003 0.003 0.003 0.003 0.003 0.003 0.003 0.003   --  
  700:    1.00    3.230    0.010 0.010 0.010 0.010 0.010 0.010    0.003 0.003 0.003 0.003 0.003 0.003 0.003 0.003 0.003 0.003 0.003 0.003 0.003 0.003 0.003   --  
  800:    1.00    3.068    0.010 0.010 0.010 0.010 0.010 0.010    0.003 0.003 0.003 0.003 0.003 0.003 0.003 0.003 0.003 0.003 0.003 0.003 0.003 0.003 0.003   --  
  900:    1.00    2.972    0.010 0.010 0.010 0.010 0.010 0.010    0.003 0.003 0.003 0.003 0.003 0.003 0.003 0.003 0.003 0.003 0.003 0.003 0.003 0.003 0.003   --  
 1000:    1.00    3.012    0.010 0.010 0.010 0.010 0.010 0.010    0.003 0.003 0.003 0.003 0.003 0.003 0.003 0.003 0.003 0.003 0.003 0.003 0.003 0.003 0.003   --  

BURNIN completed
 Rep#:   Lambda   Alpha      F1    F2    F3    F4    F5    F6     D1,2  D1,3  D1,4  D1,5  D1,6  D2,3  D2,4  D2,5  D2,6  D3,4  D3,5  D3,6  D4,5  D4,6  D5,6    Ln Like  Est Ln P(D)
 1100:    1.00    3.112    0.010 0.010 0.010 0.010 0.010 0.010    0.003 0.003 0.003 0.003 0.003 0.003 0.003 0.003 0.003 0.003 0.003 0.003 0.003 0.003 0.003   -1026098    0 
 1200:    1.00    2.977    0.010 0.010 0.010 0.010 0.010 0.010    0.003 0.003 0.003 0.003 0.003 0.003 0.003 0.003 0.003 0.003 0.003 0.003 0.003 0.003 0.003   -1025246    0 
 1300:    1.00    2.642    0.010 0.010 0.010 0.010 0.010 0.010    0.003 0.003 0.003 0.003 0.003 0.003 0.003 0.003 0.003 0.003 0.003 0.003 0.003 0.003 0.003   -1025322    0 
 1400:    1.00    2.732    0.010 0.010 0.010 0.010 0.010 0.010    0.003 0.003 0.003 0.003 0.003 0.003 0.003 0.003 0.003 0.003 0.003 0.003 0.003 0.003 0.003   -1024829    0 
 1500:    1.00    2.571    0.010 0.010 0.010 0.010 0.010 0.010    0.003 0.003 0.003 0.003 0.003 0.003 0.003 0.003 0.003 0.003 0.003 0.003 0.003 0.003 0.003   -1024654    0 
 1600:    1.00    2.185    0.010 0.010 0.010 0.010 0.010 0.010    0.003 0.003 0.003 0.003 0.003 0.003 0.003 0.003 0.003 0.003 0.003 0.003 0.003 0.003 0.003   -1024210    0 
 1700:    1.00    1.445    0.010 0.010 0.010 0.010 0.010 0.010    0.003 0.003 0.003 0.003 0.003 0.003 0.003 0.003 0.003 0.003 0.003 0.003 0.003 0.003 0.003   -1023399    0 
 1800:    1.00    1.036    0.010 0.010 0.010 0.010 0.010 0.010    0.003 0.003 0.003 0.003 0.003 0.003 0.003 0.003 0.003 0.003 0.003 0.003 0.003 0.003 0.003   -1022878    0 
 1900:    1.00    0.878    0.010 0.010 0.010 0.011 0.010 0.010    0.003 0.003 0.003 0.003 0.003 0.003 0.003 0.003 0.003 0.003 0.003 0.003 0.003 0.003 0.003   -1021939    0 

--------------------------------------------
Proportion of membership of each pre-defined
 population in each of the 6 clusters

Given    Inferred Clusters                            Number of
 Pop       1      2      3      4      5      6      Individuals

  1:     0.130  0.154  0.179  0.252  0.159  0.126       23
--------------------------------------------

 Rep#:   Lambda   Alpha      F1    F2    F3    F4    F5    F6     D1,2  D1,3  D1,4  D1,5  D1,6  D2,3  D2,4  D2,5  D2,6  D3,4  D3,5  D3,6  D4,5  D4,6  D5,6    Ln Like  Est Ln P(D)
 2000:    1.00    0.661    0.010 0.010 0.010 0.011 0.010 0.010    0.003 0.003 0.003 0.003 0.003 0.003 0.003 0.003 0.003 0.003 0.003 0.003 0.003 0.003 0.003   -1021495    0 
 2100:    1.00    0.801    0.010 0.010 0.010 0.011 0.010 0.010    0.003 0.003 0.003 0.003 0.003 0.003 0.003 0.003 0.003 0.003 0.003 0.003 0.003 0.003 0.003   -1021259    0 
 2200:    1.00    0.480    0.010 0.010 0.010 0.011 0.010 0.010    0.003 0.003 0.003 0.003 0.003 0.003 0.003 0.003 0.003 0.003 0.003 0.003 0.003 0.003 0.003   -1020320    0 
 2300:    1.00    0.367    0.010 0.010 0.010 0.011 0.010 0.010    0.003 0.003 0.003 0.003 0.003 0.003 0.003 0.003 0.003 0.003 0.003 0.003 0.003 0.003 0.003   -1019906    0 
 2400:    1.00    0.347    0.010 0.010 0.010 0.011 0.010 0.010    0.003 0.003 0.003 0.003 0.003 0.003 0.003 0.003 0.003 0.003 0.003 0.003 0.003 0.003 0.003   -1019936    0 
 2500:    1.00    0.253    0.010 0.010 0.010 0.011 0.010 0.010    0.003 0.003 0.003 0.003 0.003 0.003 0.003 0.003 0.003 0.003 0.003 0.003 0.003 0.003 0.003   -1019549    0 
 2600:    1.00    0.327    0.010 0.010 0.010 0.012 0.010 0.010    0.003 0.003 0.003 0.003 0.003 0.003 0.003 0.003 0.003 0.003 0.003 0.003 0.003 0.004 0.003   -1019296    0 
 2700:    1.00    0.323    0.010 0.010 0.010 0.016 0.010 0.010    0.003 0.003 0.004 0.003 0.003 0.003 0.004 0.003 0.003 0.004 0.003 0.003 0.004 0.004 0.003   -1017712    0 
 2800:    1.00    0.268    0.010 0.010 0.010 0.016 0.010 0.010    0.003 0.003 0.004 0.003 0.003 0.003 0.004 0.003 0.003 0.004 0.003 0.003 0.004 0.004 0.003   -1017801    0 
 2900:    1.00    0.266    0.010 0.010 0.010 0.018 0.010 0.010    0.003 0.003 0.004 0.003 0.003 0.003 0.004 0.003 0.003 0.004 0.003 0.003 0.004 0.004 0.003   -1016599    0 

--------------------------------------------
Proportion of membership of each pre-defined
 population in each of the 6 clusters

Given    Inferred Clusters                            Number of
 Pop       1      2      3      4      5      6      Individuals

  1:     0.123  0.134  0.199  0.241  0.182  0.122       23
--------------------------------------------

 Rep#:   Lambda   Alpha      F1    F2    F3    F4    F5    F6     D1,2  D1,3  D1,4  D1,5  D1,6  D2,3  D2,4  D2,5  D2,6  D3,4  D3,5  D3,6  D4,5  D4,6  D5,6    Ln Like  Est Ln P(D)
 3000:    1.00    0.228    0.010 0.010 0.010 0.027 0.010 0.010    0.003 0.003 0.006 0.003 0.003 0.003 0.006 0.003 0.003 0.006 0.003 0.003 0.006 0.006 0.003   -1014258    0 
 3100:    1.00    0.212    0.010 0.010 0.010 0.032 0.010 0.010    0.003 0.003 0.007 0.003 0.003 0.003 0.007 0.003 0.003 0.007 0.003 0.003 0.007 0.007 0.003   -1012278    0 
 3200:    1.00    0.233    0.010 0.010 0.010 0.036 0.010 0.010    0.003 0.003 0.007 0.003 0.003 0.003 0.007 0.003 0.003 0.007 0.003 0.003 0.007 0.007 0.003   -1011042    0 
 3300:    1.00    0.176    0.010 0.010 0.010 0.043 0.010 0.010    0.003 0.003 0.009 0.003 0.003 0.003 0.009 0.003 0.003 0.009 0.003 0.003 0.009 0.009 0.003   -1009289    0 
 3400:    1.00    0.184    0.010 0.010 0.010 0.064 0.010 0.010    0.003 0.003 0.012 0.003 0.003 0.003 0.012 0.003 0.003 0.012 0.003 0.003 0.012 0.012 0.003   -1005227    0 
 3500:    1.00    0.167    0.010 0.010 0.010 0.084 0.010 0.010    0.003 0.003 0.015 0.003 0.003 0.003 0.015 0.003 0.003 0.015 0.003 0.003 0.015 0.015 0.003   -1002720    0 
 3600:    1.00    0.128    0.010 0.010 0.010 0.098 0.010 0.010    0.003 0.003 0.017 0.003 0.003 0.003 0.016 0.003 0.003 0.016 0.003 0.003 0.016 0.017 0.003   -1000836    0 
 3700:    1.00    0.190    0.010 0.010 0.010 0.106 0.010 0.010    0.003 0.003 0.018 0.003 0.003 0.003 0.018 0.003 0.003 0.018 0.003 0.003 0.018 0.018 0.003   -999718    0 
 3800:    1.00    0.197    0.010 0.010 0.010 0.113 0.010 0.010    0.003 0.003 0.019 0.003 0.003 0.003 0.019 0.003 0.003 0.018 0.003 0.003 0.018 0.019 0.003   -998872    0 
 3900:    1.00    0.136    0.010 0.010 0.010 0.114 0.010 0.010    0.003 0.003 0.019 0.003 0.003 0.003 0.019 0.003 0.003 0.019 0.003 0.003 0.019 0.019 0.003   -998846    0 

--------------------------------------------
Proportion of membership of each pre-defined
 population in each of the 6 clusters

Given    Inferred Clusters                            Number of
 Pop       1      2      3      4      5      6      Individuals

  1:     0.135  0.075  0.220  0.235  0.212  0.123       23
--------------------------------------------

 Rep#:   Lambda   Alpha      F1    F2    F3    F4    F5    F6     D1,2  D1,3  D1,4  D1,5  D1,6  D2,3  D2,4  D2,5  D2,6  D3,4  D3,5  D3,6  D4,5  D4,6  D5,6    Ln Like  Est Ln P(D)
 4000:    1.00    0.121    0.010 0.010 0.010 0.116 0.010 0.010    0.003 0.003 0.019 0.003 0.003 0.003 0.019 0.003 0.003 0.019 0.003 0.003 0.019 0.019 0.003   -998563    0 
 4100:    1.00    0.114    0.010 0.010 0.010 0.119 0.010 0.011    0.003 0.003 0.020 0.003 0.003 0.003 0.020 0.003 0.003 0.020 0.003 0.003 0.020 0.020 0.003   -998282    0 
 4200:    1.00    0.149    0.010 0.010 0.010 0.122 0.010 0.011    0.003 0.003 0.020 0.003 0.003 0.003 0.020 0.003 0.003 0.020 0.003 0.003 0.020 0.020 0.003   -998440    0 
 4300:    1.00    0.115    0.010 0.010 0.010 0.123 0.010 0.011    0.003 0.003 0.020 0.003 0.003 0.003 0.020 0.003 0.003 0.020 0.003 0.003 0.020 0.020 0.003   -998574    0 
 4400:    1.00    0.109    0.010 0.010 0.010 0.123 0.010 0.011    0.003 0.003 0.021 0.003 0.003 0.003 0.020 0.003 0.003 0.020 0.003 0.003 0.020 0.021 0.003   -997956    0 
 4500:    1.00    0.131    0.010 0.010 0.010 0.122 0.010 0.011    0.003 0.003 0.020 0.003 0.003 0.003 0.020 0.003 0.003 0.020 0.003 0.003 0.020 0.020 0.003   -998139    0 
 4600:    1.00    0.098    0.010 0.010 0.010 0.122 0.010 0.011    0.003 0.003 0.020 0.003 0.003 0.003 0.020 0.003 0.003 0.020 0.003 0.003 0.020 0.020 0.003   -997462    0 
 4700:    1.00    0.106    0.010 0.010 0.010 0.123 0.011 0.011    0.003 0.003 0.020 0.003 0.003 0.003 0.020 0.003 0.003 0.020 0.003 0.003 0.020 0.021 0.003   -997652    0 
 4800:    1.00    0.104    0.010 0.010 0.010 0.123 0.011 0.011    0.003 0.003 0.020 0.003 0.003 0.003 0.020 0.003 0.003 0.020 0.003 0.003 0.020 0.020 0.003   -997811    0 
 4900:    1.00    0.096    0.010 0.010 0.010 0.124 0.011 0.011    0.003 0.003 0.020 0.003 0.003 0.003 0.020 0.003 0.003 0.020 0.003 0.003 0.020 0.021 0.003   -997448    0 

--------------------------------------------
Proportion of membership of each pre-defined
 population in each of the 6 clusters

Given    Inferred Clusters                            Number of
 Pop       1      2      3      4      5      6      Individuals

  1:     0.134  0.047  0.221  0.233  0.251  0.114       23
--------------------------------------------

 Rep#:   Lambda   Alpha      F1    F2    F3    F4    F5    F6     D1,2  D1,3  D1,4  D1,5  D1,6  D2,3  D2,4  D2,5  D2,6  D3,4  D3,5  D3,6  D4,5  D4,6  D5,6    Ln Like  Est Ln P(D)
 5000:    1.00    0.125    0.010 0.010 0.010 0.127 0.011 0.011    0.003 0.003 0.021 0.003 0.003 0.003 0.021 0.003 0.003 0.021 0.003 0.003 0.021 0.021 0.003   -996840    0 
 5100:    1.00    0.105    0.010 0.010 0.010 0.129 0.010 0.011    0.003 0.003 0.021 0.003 0.003 0.003 0.021 0.003 0.003 0.021 0.003 0.003 0.021 0.022 0.003   -997400    0 
 5200:    1.00    0.099    0.010 0.010 0.010 0.131 0.010 0.011    0.003 0.003 0.021 0.003 0.003 0.003 0.021 0.003 0.003 0.021 0.003 0.003 0.021 0.021 0.003   -996726    0 
 5300:    1.00    0.105    0.010 0.010 0.010 0.131 0.010 0.011    0.003 0.003 0.022 0.003 0.003 0.003 0.021 0.003 0.003 0.021 0.003 0.003 0.021 0.022 0.003   -996727    0 
 5400:    1.00    0.071    0.010 0.010 0.010 0.132 0.010 0.011    0.003 0.003 0.021 0.003 0.003 0.003 0.021 0.003 0.003 0.021 0.003 0.003 0.021 0.022 0.003   -996623    0 
 5500:    1.00    0.058    0.010 0.010 0.010 0.133 0.010 0.011    0.003 0.003 0.022 0.003 0.003 0.003 0.022 0.003 0.003 0.022 0.003 0.003 0.022 0.022 0.003   -996259    0 
 5600:    1.00    0.055    0.010 0.010 0.010 0.132 0.010 0.011    0.003 0.003 0.022 0.003 0.003 0.003 0.022 0.003 0.003 0.022 0.003 0.003 0.022 0.022 0.003   -996850    0 
 5700:    1.00    0.064    0.010 0.010 0.011 0.134 0.010 0.011    0.003 0.003 0.022 0.003 0.003 0.003 0.022 0.003 0.003 0.022 0.003 0.003 0.022 0.022 0.003   -996323    0 
 5800:    1.00    0.096    0.010 0.010 0.011 0.135 0.011 0.011    0.003 0.003 0.022 0.003 0.003 0.003 0.022 0.003 0.003 0.022 0.003 0.003 0.022 0.022 0.003   -996167    0 
 5900:    1.00    0.056    0.010 0.010 0.011 0.136 0.011 0.011    0.003 0.003 0.022 0.003 0.003 0.003 0.022 0.003 0.003 0.023 0.003 0.003 0.023 0.023 0.003   -996009    0 
 6000:    1.00    0.082    0.010 0.010 0.011 0.136 0.011 0.011    0.003 0.003 0.022 0.003 0.003 0.003 0.022 0.003 0.003 0.022 0.003 0.003 0.022 0.023 0.003   -995759    0 

MCMC completed

Inferred ancestry of individuals:
        Label (%Miss) Pop:  Inferred clusters
  1 18160D-09-0    (2)    1 :  0.083 0.264 0.201 0.039 0.309 0.104 
  2 18160D-09-0    (4)    1 :  0.078 0.101 0.430 0.119 0.200 0.072 
  3 18160D-09-0    (2)    1 :  0.027 0.008 0.016 0.819 0.038 0.091 
  4 18160D-09-0    (5)    1 :  0.014 0.008 0.007 0.928 0.024 0.019 
  5 18160D-09-0    (4)    1 :  0.011 0.009 0.008 0.903 0.050 0.018 
  6 18160D-09-0    (4)    1 :  0.023 0.013 0.011 0.899 0.036 0.017 
  7 18160D-09-0    (2)    1 :  0.006 0.012 0.013 0.927 0.030 0.012 
  8 18160D-09-0    (4)    1 :  0.031 0.188 0.634 0.029 0.068 0.050 
  9 18160D-09-0    (2)    1 :  0.596 0.110 0.170 0.023 0.008 0.093 
 10 18160D-09-1    (2)    1 :  0.066 0.187 0.014 0.005 0.003 0.725 
 11 18160D-09-1    (2)    1 :  0.473 0.198 0.065 0.013 0.016 0.235 
 12 18160D-09-1    (2)    1 :  0.710 0.041 0.158 0.012 0.032 0.047 
 13 18160D-09-1    (5)    1 :  0.126 0.153 0.333 0.107 0.223 0.058 
 14 18160D-09-1   (18)    1 :  0.067 0.174 0.221 0.086 0.323 0.129 
 15 18160D-09-1    (4)    1 :  0.112 0.045 0.270 0.021 0.534 0.019 
 16 18160D-09-1    (2)    1 :  0.032 0.163 0.021 0.016 0.007 0.761 
 17 18160D-09-1    (2)    1 :  0.074 0.180 0.362 0.089 0.260 0.034 
 18 18160D-09-1    (2)    1 :  0.058 0.033 0.054 0.011 0.838 0.006 
 19 18160D-09-1    (2)    1 :  0.228 0.054 0.096 0.075 0.504 0.043 
 20 18160D-09-2    (5)    1 :  0.022 0.304 0.559 0.021 0.044 0.050 
 21 18160D-09-2    (5)    1 :  0.064 0.042 0.293 0.172 0.358 0.072 
 22 18160D-09-2    (5)    1 :  0.005 0.038 0.693 0.013 0.088 0.164 
 23 18160D-09-2    (2)    1 :  0.137 0.029 0.140 0.040 0.631 0.023 

Command line arguments:   structure -D 788365 -K 6 -m mainparams -o k6/populations_k6_run2 
Input File:    populations.str
Output File:   k6/populations_k6_run2_f

Run parameters:
   23 individuals
   50160 loci
   6 populations assumed
   1000 Burn-in period
   5000 Reps
RANDOMIZE turned off

--------------------------------------------
Estimated Ln Prob of Data   = -67137500.5
Mean value of ln likelihood = -1008385.5
Variance of ln likelihood   = 132258230.0
Mean value of alpha         = 0.5779

Mean value of Fst_1         = 0.0100
Mean value of Fst_2         = 0.0099
Mean value of Fst_3         = 0.0100
Mean value of Fst_4         = 0.0711
Mean value of Fst_5         = 0.0103
Mean value of Fst_6         = 0.0104


--------------------------------------------
Proportion of membership of each pre-defined
 population in each of the 6 clusters

Given    Inferred Clusters                            Number of
 Pop       1      2      3      4      5      6      Individuals

  1:     0.132  0.102  0.207  0.233  0.201  0.124       23
--------------------------------------------
Final results printed to file k6/populations_k6_run2_f

