

----------------------------------------------------
STRUCTURE by Pritchard, Stephens and Donnelly (2000)
     and Falush, Stephens and Pritchard (2003)
       Code by Pritchard, Falush and Hubisz
             Version 2.3.4 (Jul 2012)
----------------------------------------------------


Reading file "mainparams".
datafile is
populations.str
Reading file "extraparams".
Reading file "populations.str".


Data file "populations.str" (truncated) --

Ind:   Label Pop : Genotype_data . . . .
  1: 18160D-09-0    1  :  4   1   3   1   4   1   3  . . . .   2
  1: 18160D-09-0    1  :  4   1   3   1   4   4   4  . . . .   4
  2: 18160D-09-0    1  :  4   1   3   1   4   1   3  . . . .   2
  2: 18160D-09-0    1  :  4   1   3   1   4   4   3  . . . .   4
  3: 18160D-09-0    1  :  4   1   0   0   0   0   3  . . . .   2
  3: 18160D-09-0    1  :  4   3   0   0   0   0   3  . . . .   4
  4: 18160D-09-0    1  :  4   1   3   1   4   1   3  . . . .   2
  4: 18160D-09-0    1  :  4   3   3   1   4   1   3  . . . .   4

      *******   

 22: 18160D-09-2    1  :  4   1   3   1   4   1   3  . . . .   2
 22: 18160D-09-2    1  :  4   3   3   1   4   1   4  . . . .   4
 23: 18160D-09-2    1  :  4   1   3   1   4   1   3  . . . .   2
 23: 18160D-09-2    1  :  4   1   3   1   4   4   4  . . . .   4

Number of alleles per locus: min= 2; ave=2.0; max= 2


--------------------------------------

Finished initialization; starting MCMC 
5000 iterations + 1000 burnin


--------------------------------------------
Proportion of membership of each pre-defined
 population in each of the 6 clusters

Given    Inferred Clusters                            Number of
 Pop       1      2      3      4      5      6      Individuals

  1:     0.168  0.167  0.163  0.172  0.164  0.165       23
--------------------------------------------

 Rep#:   Lambda   Alpha      F1    F2    F3    F4    F5    F6     D1,2  D1,3  D1,4  D1,5  D1,6  D2,3  D2,4  D2,5  D2,6  D3,4  D3,5  D3,6  D4,5  D4,6  D5,6    Ln Like 
  100:    1.00    1.637    0.010 0.010 0.010 0.010 0.010 0.010    0.003 0.003 0.003 0.003 0.003 0.003 0.003 0.003 0.003 0.003 0.003 0.003 0.003 0.003 0.003   --  
  200:    1.00    2.007    0.010 0.010 0.010 0.010 0.010 0.010    0.003 0.003 0.003 0.003 0.003 0.003 0.003 0.003 0.003 0.003 0.003 0.003 0.003 0.003 0.003   --  
  300:    1.00    2.556    0.010 0.010 0.010 0.010 0.010 0.010    0.003 0.003 0.003 0.003 0.003 0.003 0.003 0.003 0.003 0.003 0.003 0.003 0.003 0.003 0.003   --  
  400:    1.00    3.331    0.010 0.010 0.010 0.010 0.010 0.010    0.003 0.003 0.003 0.003 0.003 0.003 0.003 0.003 0.003 0.003 0.003 0.003 0.003 0.003 0.003   --  
  500:    1.00    3.297    0.010 0.010 0.010 0.010 0.010 0.010    0.003 0.003 0.003 0.003 0.003 0.003 0.003 0.003 0.003 0.003 0.003 0.003 0.003 0.003 0.003   --  
  600:    1.00    3.647    0.010 0.010 0.010 0.010 0.010 0.010    0.003 0.003 0.003 0.003 0.003 0.003 0.003 0.003 0.003 0.003 0.003 0.003 0.003 0.003 0.003   --  
  700:    1.00    4.014    0.010 0.010 0.010 0.010 0.010 0.010    0.003 0.003 0.003 0.003 0.003 0.003 0.003 0.003 0.003 0.003 0.003 0.003 0.003 0.003 0.003   --  
  800:    1.00    4.549    0.010 0.010 0.010 0.010 0.010 0.010    0.003 0.003 0.003 0.003 0.003 0.003 0.003 0.003 0.003 0.003 0.003 0.003 0.003 0.003 0.003   --  
  900:    1.00    4.068    0.010 0.010 0.010 0.010 0.010 0.010    0.003 0.003 0.003 0.003 0.003 0.003 0.003 0.003 0.003 0.003 0.003 0.003 0.003 0.003 0.003   --  
 1000:    1.00    4.122    0.010 0.010 0.010 0.010 0.010 0.010    0.003 0.003 0.003 0.003 0.003 0.003 0.003 0.003 0.003 0.003 0.003 0.003 0.003 0.003 0.003   --  

BURNIN completed
 Rep#:   Lambda   Alpha      F1    F2    F3    F4    F5    F6     D1,2  D1,3  D1,4  D1,5  D1,6  D2,3  D2,4  D2,5  D2,6  D3,4  D3,5  D3,6  D4,5  D4,6  D5,6    Ln Like  Est Ln P(D)
 1100:    1.00    3.664    0.010 0.010 0.010 0.010 0.010 0.010    0.003 0.003 0.003 0.003 0.003 0.003 0.003 0.003 0.003 0.003 0.003 0.003 0.003 0.003 0.003   -1025740    0 
 1200:    1.00    3.778    0.010 0.010 0.010 0.010 0.010 0.010    0.003 0.003 0.003 0.003 0.003 0.003 0.003 0.003 0.003 0.003 0.003 0.003 0.003 0.003 0.003   -1025347    0 
 1300:    1.00    3.841    0.010 0.010 0.010 0.010 0.010 0.010    0.003 0.003 0.003 0.003 0.003 0.003 0.003 0.003 0.003 0.003 0.003 0.003 0.003 0.003 0.003   -1025327    0 
 1400:    1.00    3.275    0.010 0.010 0.010 0.010 0.010 0.010    0.003 0.003 0.003 0.003 0.003 0.003 0.003 0.003 0.003 0.003 0.003 0.003 0.003 0.003 0.003   -1024968    0 
 1500:    1.00    2.810    0.010 0.010 0.010 0.010 0.010 0.010    0.003 0.003 0.003 0.003 0.003 0.003 0.003 0.003 0.003 0.003 0.003 0.003 0.003 0.003 0.003   -1024429    0 
 1600:    1.00    2.390    0.010 0.010 0.010 0.010 0.010 0.010    0.003 0.003 0.003 0.003 0.003 0.003 0.003 0.003 0.003 0.003 0.003 0.003 0.003 0.003 0.003   -1023805    0 
 1700:    1.00    2.009    0.010 0.010 0.010 0.010 0.010 0.010    0.003 0.003 0.003 0.003 0.003 0.003 0.003 0.003 0.003 0.003 0.003 0.003 0.003 0.003 0.003   -1023110    0 
 1800:    1.00    1.410    0.010 0.010 0.010 0.010 0.010 0.010    0.003 0.003 0.003 0.003 0.003 0.003 0.003 0.003 0.003 0.003 0.003 0.003 0.003 0.003 0.003   -1022011    0 
 1900:    1.00    1.326    0.010 0.010 0.010 0.010 0.010 0.010    0.003 0.003 0.003 0.003 0.003 0.003 0.003 0.003 0.003 0.003 0.003 0.003 0.003 0.003 0.003   -1021313    0 

--------------------------------------------
Proportion of membership of each pre-defined
 population in each of the 6 clusters

Given    Inferred Clusters                            Number of
 Pop       1      2      3      4      5      6      Individuals

  1:     0.256  0.132  0.142  0.167  0.119  0.185       23
--------------------------------------------

 Rep#:   Lambda   Alpha      F1    F2    F3    F4    F5    F6     D1,2  D1,3  D1,4  D1,5  D1,6  D2,3  D2,4  D2,5  D2,6  D3,4  D3,5  D3,6  D4,5  D4,6  D5,6    Ln Like  Est Ln P(D)
 2000:    1.00    1.012    0.010 0.010 0.010 0.010 0.010 0.010    0.003 0.003 0.003 0.003 0.003 0.003 0.003 0.003 0.003 0.003 0.003 0.003 0.003 0.003 0.003   -1020893    0 
 2100:    1.00    0.669    0.010 0.010 0.010 0.010 0.010 0.010    0.003 0.003 0.003 0.003 0.003 0.003 0.003 0.003 0.003 0.003 0.003 0.003 0.003 0.003 0.003   -1019986    0 
 2200:    1.00    0.659    0.010 0.010 0.010 0.010 0.010 0.010    0.003 0.003 0.003 0.003 0.003 0.003 0.003 0.003 0.003 0.003 0.003 0.003 0.003 0.003 0.003   -1019202    0 
 2300:    1.00    0.499    0.010 0.010 0.010 0.010 0.010 0.010    0.003 0.003 0.003 0.003 0.003 0.003 0.003 0.003 0.003 0.003 0.003 0.003 0.003 0.003 0.003   -1018764    0 
 2400:    1.00    0.389    0.010 0.010 0.010 0.010 0.010 0.010    0.003 0.003 0.003 0.003 0.003 0.003 0.003 0.003 0.003 0.003 0.003 0.003 0.003 0.003 0.003   -1017967    0 
 2500:    1.00    0.326    0.010 0.010 0.010 0.010 0.010 0.010    0.003 0.003 0.003 0.003 0.003 0.003 0.003 0.003 0.003 0.003 0.003 0.003 0.003 0.003 0.003   -1016867    0 
 2600:    1.00    0.300    0.010 0.010 0.010 0.010 0.010 0.010    0.003 0.003 0.003 0.003 0.003 0.003 0.003 0.003 0.003 0.003 0.003 0.003 0.003 0.003 0.003   -1016499    0 
 2700:    1.00    0.267    0.010 0.010 0.010 0.010 0.010 0.010    0.003 0.003 0.003 0.003 0.003 0.003 0.003 0.003 0.003 0.003 0.003 0.003 0.003 0.003 0.003   -1016727    0 
 2800:    1.00    0.208    0.011 0.010 0.010 0.010 0.010 0.010    0.003 0.003 0.003 0.003 0.003 0.003 0.003 0.003 0.003 0.003 0.003 0.003 0.003 0.003 0.003   -1016486    0 
 2900:    1.00    0.179    0.012 0.011 0.010 0.010 0.010 0.010    0.003 0.003 0.003 0.003 0.003 0.003 0.003 0.003 0.003 0.003 0.003 0.003 0.003 0.003 0.003   -1016333    0 

--------------------------------------------
Proportion of membership of each pre-defined
 population in each of the 6 clusters

Given    Inferred Clusters                            Number of
 Pop       1      2      3      4      5      6      Individuals

  1:     0.249  0.115  0.172  0.198  0.079  0.186       23
--------------------------------------------

 Rep#:   Lambda   Alpha      F1    F2    F3    F4    F5    F6     D1,2  D1,3  D1,4  D1,5  D1,6  D2,3  D2,4  D2,5  D2,6  D3,4  D3,5  D3,6  D4,5  D4,6  D5,6    Ln Like  Est Ln P(D)
 3000:    1.00    0.183    0.012 0.011 0.010 0.010 0.010 0.010    0.004 0.004 0.004 0.003 0.004 0.003 0.003 0.003 0.003 0.003 0.003 0.003 0.003 0.003 0.003   -1015701    0 
 3100:    1.00    0.157    0.014 0.011 0.010 0.010 0.010 0.010    0.004 0.004 0.004 0.004 0.004 0.003 0.003 0.003 0.003 0.003 0.003 0.003 0.003 0.003 0.003   -1014897    0 
 3200:    1.00    0.180    0.015 0.011 0.010 0.010 0.010 0.010    0.004 0.004 0.004 0.004 0.004 0.003 0.003 0.003 0.003 0.003 0.003 0.003 0.003 0.003 0.003   -1014389    0 
 3300:    1.00    0.158    0.017 0.011 0.010 0.010 0.010 0.010    0.005 0.004 0.004 0.004 0.004 0.003 0.003 0.003 0.003 0.003 0.003 0.003 0.003 0.003 0.003   -1013396    0 
 3400:    1.00    0.164    0.020 0.011 0.010 0.010 0.010 0.010    0.005 0.005 0.005 0.005 0.005 0.003 0.003 0.003 0.003 0.003 0.003 0.003 0.003 0.003 0.003   -1012204    0 
 3500:    1.00    0.150    0.029 0.011 0.010 0.010 0.010 0.010    0.006 0.006 0.006 0.006 0.006 0.003 0.003 0.003 0.003 0.003 0.003 0.003 0.003 0.003 0.003   -1009880    0 
 3600:    1.00    0.139    0.037 0.011 0.010 0.010 0.010 0.010    0.008 0.008 0.008 0.008 0.008 0.003 0.003 0.003 0.003 0.003 0.003 0.003 0.003 0.003 0.003   -1007677    0 
 3700:    1.00    0.091    0.053 0.011 0.010 0.011 0.010 0.010    0.011 0.010 0.010 0.010 0.010 0.003 0.003 0.003 0.003 0.003 0.003 0.003 0.003 0.003 0.003   -1004167    0 
 3800:    1.00    0.138    0.092 0.012 0.010 0.011 0.010 0.011    0.016 0.016 0.016 0.016 0.016 0.003 0.003 0.003 0.003 0.003 0.003 0.003 0.003 0.003 0.003   -999351    0 
 3900:    1.00    0.146    0.093 0.012 0.010 0.011 0.010 0.011    0.016 0.016 0.016 0.016 0.016 0.003 0.003 0.003 0.003 0.003 0.003 0.003 0.003 0.003 0.003   -999107    0 

--------------------------------------------
Proportion of membership of each pre-defined
 population in each of the 6 clusters

Given    Inferred Clusters                            Number of
 Pop       1      2      3      4      5      6      Individuals

  1:     0.236  0.103  0.196  0.215  0.087  0.163       23
--------------------------------------------

 Rep#:   Lambda   Alpha      F1    F2    F3    F4    F5    F6     D1,2  D1,3  D1,4  D1,5  D1,6  D2,3  D2,4  D2,5  D2,6  D3,4  D3,5  D3,6  D4,5  D4,6  D5,6    Ln Like  Est Ln P(D)
 4000:    1.00    0.090    0.095 0.012 0.010 0.011 0.010 0.011    0.017 0.016 0.016 0.016 0.017 0.003 0.003 0.003 0.003 0.003 0.003 0.003 0.003 0.003 0.003   -998709    0 
 4100:    1.00    0.133    0.103 0.012 0.010 0.011 0.010 0.011    0.018 0.017 0.018 0.018 0.018 0.003 0.003 0.003 0.003 0.003 0.003 0.003 0.003 0.003 0.003   -998858    0 
 4200:    1.00    0.093    0.111 0.012 0.010 0.011 0.010 0.011    0.019 0.019 0.019 0.019 0.019 0.003 0.004 0.003 0.003 0.003 0.003 0.003 0.003 0.003 0.003   -998068    0 
 4300:    1.00    0.093    0.116 0.012 0.010 0.011 0.010 0.011    0.020 0.019 0.019 0.019 0.019 0.003 0.004 0.003 0.003 0.003 0.003 0.003 0.003 0.003 0.003   -997578    0 
 4400:    1.00    0.100    0.122 0.012 0.010 0.011 0.010 0.011    0.020 0.020 0.020 0.020 0.020 0.003 0.004 0.003 0.003 0.003 0.003 0.003 0.003 0.003 0.003   -997416    0 
 4500:    1.00    0.082    0.124 0.013 0.010 0.011 0.010 0.011    0.021 0.020 0.020 0.020 0.020 0.004 0.004 0.004 0.004 0.003 0.003 0.003 0.003 0.003 0.003   -997091    0 
 4600:    1.00    0.085    0.126 0.013 0.010 0.011 0.010 0.011    0.021 0.020 0.021 0.021 0.021 0.004 0.004 0.004 0.004 0.003 0.003 0.003 0.003 0.003 0.003   -996774    0 
 4700:    1.00    0.108    0.128 0.013 0.010 0.011 0.010 0.011    0.022 0.021 0.021 0.021 0.021 0.004 0.004 0.004 0.004 0.003 0.003 0.003 0.003 0.003 0.003   -996364    0 
 4800:    1.00    0.104    0.129 0.013 0.010 0.011 0.010 0.011    0.022 0.021 0.021 0.021 0.021 0.004 0.004 0.004 0.004 0.003 0.003 0.003 0.003 0.003 0.003   -996203    0 
 4900:    1.00    0.100    0.130 0.013 0.010 0.011 0.010 0.011    0.022 0.021 0.021 0.021 0.021 0.004 0.004 0.004 0.004 0.003 0.003 0.003 0.003 0.003 0.003   -996158    0 

--------------------------------------------
Proportion of membership of each pre-defined
 population in each of the 6 clusters

Given    Inferred Clusters                            Number of
 Pop       1      2      3      4      5      6      Individuals

  1:     0.228  0.098  0.184  0.249  0.098  0.143       23
--------------------------------------------

 Rep#:   Lambda   Alpha      F1    F2    F3    F4    F5    F6     D1,2  D1,3  D1,4  D1,5  D1,6  D2,3  D2,4  D2,5  D2,6  D3,4  D3,5  D3,6  D4,5  D4,6  D5,6    Ln Like  Est Ln P(D)
 5000:    1.00    0.101    0.130 0.013 0.010 0.012 0.010 0.011    0.022 0.021 0.021 0.021 0.021 0.004 0.004 0.004 0.004 0.003 0.003 0.003 0.003 0.003 0.003   -995836    0 
 5100:    1.00    0.094    0.131 0.013 0.010 0.012 0.010 0.011    0.022 0.021 0.021 0.021 0.021 0.004 0.004 0.004 0.004 0.003 0.003 0.003 0.003 0.003 0.003   -996487    0 
 5200:    1.00    0.092    0.133 0.013 0.010 0.012 0.010 0.011    0.022 0.022 0.022 0.021 0.022 0.004 0.004 0.004 0.004 0.003 0.003 0.003 0.003 0.003 0.003   -995927    0 
 5300:    1.00    0.099    0.133 0.015 0.010 0.012 0.010 0.011    0.022 0.022 0.022 0.021 0.022 0.004 0.004 0.004 0.004 0.003 0.003 0.003 0.003 0.003 0.003   -995983    0 
 5400:    1.00    0.072    0.134 0.016 0.010 0.012 0.010 0.011    0.023 0.022 0.022 0.022 0.022 0.004 0.004 0.004 0.004 0.003 0.003 0.003 0.003 0.003 0.003   -994945    0 
 5500:    1.00    0.075    0.138 0.016 0.010 0.012 0.010 0.011    0.023 0.022 0.023 0.023 0.023 0.004 0.004 0.004 0.004 0.003 0.003 0.003 0.003 0.003 0.003   -994821    0 
 5600:    1.00    0.091    0.138 0.017 0.010 0.012 0.010 0.011    0.024 0.022 0.022 0.022 0.022 0.004 0.004 0.004 0.004 0.003 0.003 0.003 0.003 0.003 0.003   -995145    0 
 5700:    1.00    0.071    0.138 0.017 0.010 0.012 0.010 0.011    0.024 0.022 0.023 0.022 0.023 0.004 0.004 0.004 0.004 0.003 0.003 0.003 0.003 0.003 0.003   -994825    0 
 5800:    1.00    0.089    0.144 0.017 0.010 0.012 0.010 0.011    0.025 0.023 0.023 0.023 0.023 0.004 0.005 0.004 0.004 0.003 0.003 0.003 0.003 0.003 0.003   -994149    0 
 5900:    1.00    0.088    0.142 0.018 0.010 0.012 0.010 0.011    0.024 0.023 0.023 0.023 0.023 0.004 0.005 0.004 0.004 0.003 0.003 0.003 0.003 0.004 0.003   -994051    0 
 6000:    1.00    0.061    0.142 0.018 0.011 0.012 0.010 0.011    0.024 0.023 0.023 0.023 0.023 0.005 0.005 0.004 0.005 0.003 0.003 0.003 0.003 0.004 0.003   -994205    0 

MCMC completed

Inferred ancestry of individuals:
        Label (%Miss) Pop:  Inferred clusters
  1 18160D-09-0    (2)    1 :  0.106 0.074 0.398 0.098 0.234 0.091 
  2 18160D-09-0    (4)    1 :  0.161 0.053 0.332 0.299 0.108 0.047 
  3 18160D-09-0    (2)    1 :  0.776 0.035 0.016 0.118 0.040 0.016 
  4 18160D-09-0    (5)    1 :  0.905 0.018 0.021 0.033 0.020 0.004 
  5 18160D-09-0    (4)    1 :  0.879 0.018 0.026 0.029 0.040 0.008 
  6 18160D-09-0    (4)    1 :  0.905 0.017 0.018 0.020 0.031 0.010 
  7 18160D-09-0    (2)    1 :  0.922 0.018 0.008 0.012 0.036 0.004 
  8 18160D-09-0    (4)    1 :  0.086 0.035 0.134 0.486 0.090 0.170 
  9 18160D-09-0    (2)    1 :  0.020 0.020 0.011 0.023 0.028 0.897 
 10 18160D-09-1    (2)    1 :  0.008 0.882 0.009 0.014 0.018 0.068 
 11 18160D-09-1    (2)    1 :  0.015 0.148 0.043 0.019 0.053 0.722 
 12 18160D-09-1    (2)    1 :  0.023 0.023 0.025 0.057 0.038 0.833 
 13 18160D-09-1    (5)    1 :  0.127 0.061 0.178 0.517 0.081 0.037 
 14 18160D-09-1   (18)    1 :  0.078 0.085 0.073 0.604 0.102 0.058 
 15 18160D-09-1    (4)    1 :  0.033 0.035 0.179 0.531 0.173 0.050 
 16 18160D-09-1    (2)    1 :  0.021 0.899 0.013 0.024 0.014 0.029 
 17 18160D-09-1    (2)    1 :  0.064 0.012 0.241 0.099 0.338 0.246 
 18 18160D-09-1    (2)    1 :  0.012 0.018 0.875 0.026 0.030 0.040 
 19 18160D-09-1    (2)    1 :  0.049 0.047 0.702 0.065 0.074 0.063 
 20 18160D-09-2    (5)    1 :  0.078 0.010 0.100 0.483 0.156 0.172 
 21 18160D-09-2    (5)    1 :  0.079 0.047 0.115 0.201 0.369 0.189 
 22 18160D-09-2    (5)    1 :  0.014 0.016 0.032 0.868 0.046 0.025 
 23 18160D-09-2    (2)    1 :  0.040 0.039 0.408 0.299 0.167 0.047 

Command line arguments:   structure -D 642417 -K 6 -m mainparams -o k6/populations_k6_run7 
Input File:    populations.str
Output File:   k6/populations_k6_run7_f

Run parameters:
   23 individuals
   50160 loci
   6 populations assumed
   1000 Burn-in period
   5000 Reps
RANDOMIZE turned off

--------------------------------------------
Estimated Ln Prob of Data   = -68316155.9
Mean value of ln likelihood = -1008461.4
Variance of ln likelihood   = 134615389.0
Mean value of alpha         = 0.6900

Mean value of Fst_1         = 0.0639
Mean value of Fst_2         = 0.0120
Mean value of Fst_3         = 0.0102
Mean value of Fst_4         = 0.0107
Mean value of Fst_5         = 0.0102
Mean value of Fst_6         = 0.0104


--------------------------------------------
Proportion of membership of each pre-defined
 population in each of the 6 clusters

Given    Inferred Clusters                            Number of
 Pop       1      2      3      4      5      6      Individuals

  1:     0.235  0.113  0.172  0.214  0.099  0.166       23
--------------------------------------------
Final results printed to file k6/populations_k6_run7_f

