

----------------------------------------------------
STRUCTURE by Pritchard, Stephens and Donnelly (2000)
     and Falush, Stephens and Pritchard (2003)
       Code by Pritchard, Falush and Hubisz
             Version 2.3.4 (Jul 2012)
----------------------------------------------------


Reading file "mainparams".
datafile is
populations.str
Reading file "extraparams".
Reading file "populations.str".


Data file "populations.str" (truncated) --

Ind:   Label Pop : Genotype_data . . . .
  1: 18160D-09-0    1  :  4   1   3   1   4   1   3  . . . .   2
  1: 18160D-09-0    1  :  4   1   3   1   4   4   4  . . . .   4
  2: 18160D-09-0    1  :  4   1   3   1   4   1   3  . . . .   2
  2: 18160D-09-0    1  :  4   1   3   1   4   4   3  . . . .   4
  3: 18160D-09-0    1  :  4   1   0   0   0   0   3  . . . .   2
  3: 18160D-09-0    1  :  4   3   0   0   0   0   3  . . . .   4
  4: 18160D-09-0    1  :  4   1   3   1   4   1   3  . . . .   2
  4: 18160D-09-0    1  :  4   3   3   1   4   1   3  . . . .   4

      *******   

 22: 18160D-09-2    1  :  4   1   3   1   4   1   3  . . . .   2
 22: 18160D-09-2    1  :  4   3   3   1   4   1   4  . . . .   4
 23: 18160D-09-2    1  :  4   1   3   1   4   1   3  . . . .   2
 23: 18160D-09-2    1  :  4   1   3   1   4   4   4  . . . .   4

Number of alleles per locus: min= 2; ave=2.0; max= 2


--------------------------------------

Finished initialization; starting MCMC 
5000 iterations + 1000 burnin


--------------------------------------------
Proportion of membership of each pre-defined
 population in each of the 6 clusters

Given    Inferred Clusters                            Number of
 Pop       1      2      3      4      5      6      Individuals

  1:     0.172  0.161  0.169  0.168  0.167  0.162       23
--------------------------------------------

 Rep#:   Lambda   Alpha      F1    F2    F3    F4    F5    F6     D1,2  D1,3  D1,4  D1,5  D1,6  D2,3  D2,4  D2,5  D2,6  D3,4  D3,5  D3,6  D4,5  D4,6  D5,6    Ln Like 
  100:    1.00    1.785    0.010 0.010 0.010 0.010 0.010 0.010    0.003 0.003 0.003 0.003 0.003 0.003 0.003 0.003 0.003 0.003 0.003 0.003 0.003 0.003 0.003   --  
  200:    1.00    2.398    0.010 0.010 0.010 0.010 0.010 0.010    0.003 0.003 0.003 0.003 0.003 0.003 0.003 0.003 0.003 0.003 0.003 0.003 0.003 0.003 0.003   --  
  300:    1.00    2.743    0.010 0.010 0.010 0.010 0.010 0.010    0.003 0.003 0.003 0.003 0.003 0.003 0.003 0.003 0.003 0.003 0.003 0.003 0.003 0.003 0.003   --  
  400:    1.00    3.283    0.010 0.010 0.010 0.010 0.010 0.010    0.003 0.003 0.003 0.003 0.003 0.003 0.003 0.003 0.003 0.003 0.003 0.003 0.003 0.003 0.003   --  
  500:    1.00    3.502    0.010 0.010 0.010 0.010 0.010 0.010    0.003 0.003 0.003 0.003 0.003 0.003 0.003 0.003 0.003 0.003 0.003 0.003 0.003 0.003 0.003   --  
  600:    1.00    3.762    0.010 0.010 0.010 0.010 0.010 0.010    0.003 0.003 0.003 0.003 0.003 0.003 0.003 0.003 0.003 0.003 0.003 0.003 0.003 0.003 0.003   --  
  700:    1.00    3.737    0.010 0.010 0.010 0.010 0.010 0.010    0.003 0.003 0.003 0.003 0.003 0.003 0.003 0.003 0.003 0.003 0.003 0.003 0.003 0.003 0.003   --  
  800:    1.00    3.632    0.010 0.010 0.010 0.010 0.010 0.010    0.003 0.003 0.003 0.003 0.003 0.003 0.003 0.003 0.003 0.003 0.003 0.003 0.003 0.003 0.003   --  
  900:    1.00    3.458    0.010 0.010 0.010 0.010 0.010 0.010    0.003 0.003 0.003 0.003 0.003 0.003 0.003 0.003 0.003 0.003 0.003 0.003 0.003 0.003 0.003   --  
 1000:    1.00    3.379    0.010 0.010 0.010 0.010 0.010 0.010    0.003 0.003 0.003 0.003 0.003 0.003 0.003 0.003 0.003 0.003 0.003 0.003 0.003 0.003 0.003   --  

BURNIN completed
 Rep#:   Lambda   Alpha      F1    F2    F3    F4    F5    F6     D1,2  D1,3  D1,4  D1,5  D1,6  D2,3  D2,4  D2,5  D2,6  D3,4  D3,5  D3,6  D4,5  D4,6  D5,6    Ln Like  Est Ln P(D)
 1100:    1.00    3.456    0.010 0.010 0.010 0.010 0.010 0.010    0.003 0.003 0.003 0.003 0.003 0.003 0.003 0.003 0.003 0.003 0.003 0.003 0.003 0.003 0.003   -1025340    0 
 1200:    1.00    2.732    0.010 0.010 0.010 0.010 0.010 0.010    0.003 0.003 0.003 0.003 0.003 0.003 0.003 0.003 0.003 0.003 0.003 0.003 0.003 0.003 0.003   -1025651    0 
 1300:    1.00    2.524    0.010 0.010 0.010 0.010 0.010 0.010    0.003 0.003 0.003 0.003 0.003 0.003 0.003 0.003 0.003 0.003 0.003 0.003 0.003 0.003 0.003   -1024797    0 
 1400:    1.00    2.549    0.010 0.010 0.010 0.010 0.010 0.010    0.003 0.003 0.003 0.003 0.003 0.003 0.003 0.003 0.003 0.003 0.003 0.003 0.003 0.003 0.003   -1024458    0 
 1500:    1.00    1.777    0.010 0.010 0.010 0.010 0.010 0.010    0.003 0.003 0.003 0.003 0.003 0.003 0.003 0.003 0.003 0.003 0.003 0.003 0.003 0.003 0.003   -1024184    0 
 1600:    1.00    1.763    0.010 0.010 0.010 0.010 0.010 0.010    0.003 0.003 0.003 0.003 0.003 0.003 0.003 0.003 0.003 0.003 0.003 0.003 0.003 0.003 0.003   -1023858    0 
 1700:    1.00    1.731    0.010 0.010 0.010 0.010 0.010 0.010    0.003 0.003 0.003 0.003 0.003 0.003 0.003 0.003 0.003 0.003 0.003 0.003 0.003 0.003 0.003   -1023344    0 
 1800:    1.00    1.109    0.010 0.010 0.010 0.010 0.010 0.010    0.003 0.003 0.003 0.003 0.003 0.003 0.003 0.003 0.003 0.003 0.003 0.003 0.003 0.003 0.003   -1022401    0 
 1900:    1.00    0.894    0.010 0.010 0.010 0.010 0.010 0.010    0.003 0.003 0.003 0.003 0.003 0.003 0.003 0.003 0.003 0.003 0.003 0.003 0.003 0.003 0.003   -1021862    0 

--------------------------------------------
Proportion of membership of each pre-defined
 population in each of the 6 clusters

Given    Inferred Clusters                            Number of
 Pop       1      2      3      4      5      6      Individuals

  1:     0.159  0.182  0.230  0.145  0.132  0.151       23
--------------------------------------------

 Rep#:   Lambda   Alpha      F1    F2    F3    F4    F5    F6     D1,2  D1,3  D1,4  D1,5  D1,6  D2,3  D2,4  D2,5  D2,6  D3,4  D3,5  D3,6  D4,5  D4,6  D5,6    Ln Like  Est Ln P(D)
 2000:    1.00    0.733    0.010 0.010 0.010 0.010 0.010 0.010    0.003 0.003 0.003 0.003 0.003 0.003 0.003 0.003 0.003 0.003 0.003 0.003 0.003 0.003 0.003   -1021156    0 
 2100:    1.00    0.564    0.010 0.010 0.010 0.010 0.010 0.010    0.003 0.003 0.003 0.003 0.003 0.003 0.003 0.003 0.003 0.003 0.003 0.003 0.003 0.003 0.003   -1021095    0 
 2200:    1.00    0.539    0.010 0.010 0.011 0.010 0.010 0.010    0.003 0.003 0.003 0.003 0.003 0.003 0.003 0.003 0.003 0.003 0.003 0.003 0.003 0.003 0.003   -1020373    0 
 2300:    1.00    0.524    0.010 0.010 0.011 0.010 0.010 0.010    0.003 0.003 0.003 0.003 0.003 0.003 0.003 0.003 0.003 0.003 0.003 0.003 0.003 0.003 0.003   -1019694    0 
 2400:    1.00    0.508    0.010 0.010 0.011 0.010 0.010 0.010    0.003 0.003 0.003 0.003 0.003 0.003 0.003 0.003 0.003 0.003 0.003 0.003 0.003 0.003 0.003   -1019281    0 
 2500:    1.00    0.463    0.010 0.010 0.012 0.010 0.010 0.010    0.003 0.003 0.003 0.003 0.003 0.004 0.003 0.003 0.003 0.003 0.003 0.003 0.003 0.003 0.003   -1018714    0 
 2600:    1.00    0.324    0.010 0.010 0.012 0.010 0.010 0.010    0.003 0.003 0.003 0.003 0.003 0.004 0.003 0.003 0.003 0.003 0.003 0.003 0.003 0.003 0.003   -1018112    0 
 2700:    1.00    0.232    0.010 0.011 0.012 0.010 0.010 0.010    0.003 0.003 0.003 0.003 0.003 0.004 0.003 0.003 0.003 0.003 0.003 0.003 0.003 0.003 0.003   -1017325    0 
 2800:    1.00    0.300    0.010 0.011 0.013 0.010 0.010 0.010    0.003 0.004 0.003 0.003 0.003 0.004 0.003 0.003 0.003 0.004 0.004 0.004 0.003 0.003 0.003   -1016709    0 
 2900:    1.00    0.263    0.010 0.011 0.015 0.010 0.010 0.010    0.003 0.004 0.003 0.003 0.003 0.004 0.003 0.003 0.003 0.004 0.004 0.004 0.003 0.003 0.003   -1015904    0 

--------------------------------------------
Proportion of membership of each pre-defined
 population in each of the 6 clusters

Given    Inferred Clusters                            Number of
 Pop       1      2      3      4      5      6      Individuals

  1:     0.233  0.218  0.236  0.088  0.112  0.113       23
--------------------------------------------

 Rep#:   Lambda   Alpha      F1    F2    F3    F4    F5    F6     D1,2  D1,3  D1,4  D1,5  D1,6  D2,3  D2,4  D2,5  D2,6  D3,4  D3,5  D3,6  D4,5  D4,6  D5,6    Ln Like  Est Ln P(D)
 3000:    1.00    0.239    0.010 0.011 0.015 0.010 0.010 0.010    0.003 0.004 0.003 0.003 0.003 0.004 0.003 0.003 0.003 0.004 0.004 0.004 0.003 0.003 0.003   -1015031    0 
 3100:    1.00    0.251    0.010 0.011 0.017 0.010 0.010 0.010    0.003 0.004 0.003 0.003 0.003 0.005 0.003 0.003 0.003 0.004 0.004 0.004 0.003 0.003 0.003   -1014016    0 
 3200:    1.00    0.166    0.010 0.011 0.017 0.010 0.010 0.010    0.003 0.004 0.003 0.003 0.003 0.005 0.003 0.003 0.003 0.004 0.004 0.004 0.003 0.003 0.003   -1013552    0 
 3300:    1.00    0.171    0.010 0.012 0.019 0.010 0.010 0.010    0.003 0.005 0.003 0.003 0.003 0.005 0.003 0.003 0.003 0.005 0.005 0.005 0.003 0.003 0.003   -1012315    0 
 3400:    1.00    0.117    0.011 0.012 0.022 0.010 0.010 0.010    0.003 0.005 0.003 0.003 0.003 0.005 0.003 0.003 0.003 0.005 0.005 0.005 0.003 0.003 0.003   -1011447    0 
 3500:    1.00    0.117    0.011 0.012 0.025 0.010 0.010 0.010    0.003 0.006 0.003 0.003 0.003 0.006 0.003 0.003 0.003 0.006 0.006 0.006 0.003 0.003 0.003   -1010222    0 
 3600:    1.00    0.137    0.011 0.012 0.042 0.010 0.010 0.010    0.003 0.009 0.003 0.003 0.003 0.009 0.003 0.003 0.003 0.008 0.008 0.008 0.003 0.003 0.003   -1005862    0 
 3700:    1.00    0.103    0.011 0.012 0.044 0.010 0.010 0.010    0.004 0.009 0.003 0.003 0.003 0.009 0.003 0.003 0.003 0.009 0.009 0.009 0.003 0.003 0.003   -1005592    0 
 3800:    1.00    0.073    0.011 0.014 0.085 0.010 0.010 0.010    0.004 0.015 0.003 0.003 0.003 0.016 0.004 0.004 0.004 0.015 0.015 0.015 0.003 0.003 0.003   -999093    0 
 3900:    1.00    0.065    0.011 0.015 0.087 0.010 0.010 0.010    0.004 0.015 0.003 0.003 0.003 0.016 0.004 0.004 0.004 0.015 0.015 0.015 0.003 0.003 0.003   -998331    0 

--------------------------------------------
Proportion of membership of each pre-defined
 population in each of the 6 clusters

Given    Inferred Clusters                            Number of
 Pop       1      2      3      4      5      6      Individuals

  1:     0.250  0.220  0.226  0.079  0.110  0.115       23
--------------------------------------------

 Rep#:   Lambda   Alpha      F1    F2    F3    F4    F5    F6     D1,2  D1,3  D1,4  D1,5  D1,6  D2,3  D2,4  D2,5  D2,6  D3,4  D3,5  D3,6  D4,5  D4,6  D5,6    Ln Like  Est Ln P(D)
 4000:    1.00    0.084    0.011 0.015 0.099 0.010 0.010 0.010    0.004 0.017 0.003 0.003 0.003 0.018 0.004 0.004 0.004 0.016 0.016 0.017 0.003 0.003 0.003   -997272    0 
 4100:    1.00    0.072    0.011 0.015 0.100 0.010 0.010 0.010    0.004 0.017 0.003 0.003 0.003 0.018 0.004 0.004 0.004 0.017 0.017 0.017 0.003 0.003 0.003   -997445    0 
 4200:    1.00    0.069    0.011 0.015 0.108 0.010 0.010 0.010    0.004 0.018 0.003 0.003 0.003 0.019 0.004 0.004 0.004 0.018 0.018 0.018 0.003 0.003 0.003   -996592    0 
 4300:    1.00    0.077    0.011 0.017 0.113 0.010 0.010 0.010    0.004 0.019 0.003 0.003 0.003 0.020 0.004 0.004 0.004 0.019 0.019 0.019 0.003 0.003 0.003   -995813    0 
 4400:    1.00    0.127    0.011 0.018 0.119 0.010 0.010 0.010    0.005 0.020 0.003 0.003 0.003 0.021 0.004 0.004 0.004 0.019 0.019 0.019 0.003 0.003 0.003   -994709    0 
 4500:    1.00    0.118    0.011 0.018 0.119 0.010 0.010 0.010    0.005 0.020 0.003 0.003 0.003 0.021 0.004 0.004 0.004 0.020 0.020 0.020 0.003 0.003 0.003   -995297    0 
 4600:    1.00    0.113    0.011 0.019 0.122 0.010 0.010 0.010    0.005 0.020 0.003 0.003 0.003 0.022 0.005 0.005 0.005 0.020 0.020 0.020 0.003 0.003 0.003   -995222    0 
 4700:    1.00    0.095    0.011 0.020 0.123 0.010 0.010 0.010    0.005 0.020 0.003 0.003 0.003 0.022 0.005 0.005 0.005 0.020 0.020 0.020 0.003 0.003 0.003   -994626    0 
 4800:    1.00    0.075    0.011 0.022 0.125 0.010 0.010 0.010    0.005 0.020 0.003 0.003 0.003 0.022 0.005 0.005 0.005 0.020 0.020 0.020 0.003 0.003 0.003   -994220    0 
 4900:    1.00    0.087    0.011 0.023 0.126 0.010 0.010 0.010    0.005 0.021 0.003 0.003 0.003 0.023 0.005 0.005 0.005 0.021 0.021 0.021 0.003 0.003 0.003   -994029    0 

--------------------------------------------
Proportion of membership of each pre-defined
 population in each of the 6 clusters

Given    Inferred Clusters                            Number of
 Pop       1      2      3      4      5      6      Individuals

  1:     0.248  0.218  0.215  0.079  0.129  0.112       23
--------------------------------------------

 Rep#:   Lambda   Alpha      F1    F2    F3    F4    F5    F6     D1,2  D1,3  D1,4  D1,5  D1,6  D2,3  D2,4  D2,5  D2,6  D3,4  D3,5  D3,6  D4,5  D4,6  D5,6    Ln Like  Est Ln P(D)
 5000:    1.00    0.077    0.011 0.025 0.127 0.010 0.010 0.010    0.006 0.021 0.003 0.003 0.003 0.024 0.006 0.006 0.006 0.021 0.021 0.021 0.003 0.003 0.003   -992985    0 
 5100:    1.00    0.098    0.011 0.026 0.128 0.010 0.010 0.010    0.006 0.021 0.003 0.003 0.003 0.024 0.006 0.006 0.006 0.021 0.021 0.021 0.003 0.003 0.003   -993261    0 
 5200:    1.00    0.072    0.011 0.026 0.130 0.010 0.010 0.011    0.006 0.021 0.003 0.003 0.003 0.024 0.006 0.006 0.006 0.021 0.021 0.021 0.003 0.003 0.003   -993173    0 
 5300:    1.00    0.068    0.011 0.031 0.130 0.010 0.010 0.011    0.007 0.021 0.003 0.003 0.003 0.025 0.007 0.007 0.007 0.021 0.021 0.021 0.003 0.003 0.003   -992188    0 
 5400:    1.00    0.073    0.011 0.033 0.131 0.010 0.010 0.011    0.007 0.021 0.003 0.003 0.003 0.025 0.007 0.007 0.007 0.021 0.021 0.021 0.003 0.003 0.003   -991848    0 
 5500:    1.00    0.070    0.011 0.038 0.134 0.010 0.010 0.011    0.008 0.022 0.003 0.003 0.003 0.027 0.008 0.008 0.008 0.022 0.021 0.022 0.003 0.003 0.003   -990352    0 
 5600:    1.00    0.068    0.011 0.040 0.134 0.010 0.010 0.011    0.008 0.022 0.003 0.003 0.003 0.027 0.008 0.008 0.008 0.022 0.022 0.022 0.003 0.003 0.003   -990087    0 
 5700:    1.00    0.074    0.011 0.044 0.137 0.010 0.010 0.011    0.009 0.022 0.003 0.003 0.003 0.028 0.009 0.009 0.009 0.022 0.022 0.022 0.003 0.003 0.003   -989640    0 
 5800:    1.00    0.075    0.011 0.047 0.137 0.010 0.010 0.011    0.009 0.022 0.003 0.003 0.003 0.028 0.009 0.009 0.009 0.022 0.022 0.022 0.003 0.003 0.003   -989232    0 
 5900:    1.00    0.084    0.011 0.051 0.137 0.010 0.010 0.011    0.010 0.022 0.003 0.003 0.003 0.029 0.010 0.010 0.010 0.022 0.022 0.022 0.003 0.003 0.003   -988482    0 
 6000:    1.00    0.070    0.011 0.051 0.137 0.010 0.010 0.011    0.010 0.022 0.003 0.003 0.003 0.029 0.010 0.010 0.010 0.022 0.022 0.022 0.003 0.003 0.003   -988539    0 

MCMC completed

Inferred ancestry of individuals:
        Label (%Miss) Pop:  Inferred clusters
  1 18160D-09-0    (2)    1 :  0.313 0.053 0.020 0.121 0.133 0.360 
  2 18160D-09-0    (4)    1 :  0.209 0.039 0.047 0.052 0.575 0.077 
  3 18160D-09-0    (2)    1 :  0.011 0.007 0.813 0.025 0.139 0.004 
  4 18160D-09-0    (5)    1 :  0.015 0.008 0.919 0.012 0.037 0.009 
  5 18160D-09-0    (4)    1 :  0.024 0.009 0.885 0.016 0.062 0.004 
  6 18160D-09-0    (4)    1 :  0.018 0.003 0.913 0.011 0.051 0.004 
  7 18160D-09-0    (2)    1 :  0.015 0.010 0.929 0.006 0.030 0.009 
  8 18160D-09-0    (4)    1 :  0.779 0.077 0.034 0.032 0.053 0.023 
  9 18160D-09-0    (2)    1 :  0.014 0.796 0.018 0.072 0.038 0.063 
 10 18160D-09-1    (2)    1 :  0.011 0.857 0.012 0.063 0.006 0.051 
 11 18160D-09-1    (2)    1 :  0.031 0.773 0.011 0.083 0.022 0.080 
 12 18160D-09-1    (2)    1 :  0.046 0.749 0.017 0.053 0.031 0.103 
 13 18160D-09-1    (5)    1 :  0.202 0.091 0.048 0.213 0.340 0.106 
 14 18160D-09-1   (18)    1 :  0.421 0.063 0.093 0.171 0.141 0.111 
 15 18160D-09-1    (4)    1 :  0.414 0.081 0.010 0.099 0.228 0.168 
 16 18160D-09-1    (2)    1 :  0.032 0.797 0.032 0.087 0.012 0.040 
 17 18160D-09-1    (2)    1 :  0.521 0.032 0.056 0.156 0.095 0.140 
 18 18160D-09-1    (2)    1 :  0.103 0.010 0.022 0.119 0.015 0.730 
 19 18160D-09-1    (2)    1 :  0.171 0.004 0.023 0.499 0.152 0.151 
 20 18160D-09-2    (5)    1 :  0.736 0.143 0.018 0.037 0.037 0.029 
 21 18160D-09-2    (5)    1 :  0.188 0.015 0.044 0.319 0.390 0.044 
 22 18160D-09-2    (5)    1 :  0.375 0.027 0.017 0.008 0.222 0.351 
 23 18160D-09-2    (2)    1 :  0.487 0.040 0.023 0.175 0.099 0.176 

Command line arguments:   structure -D 765855 -K 6 -m mainparams -o k6/populations_k6_run8 
Input File:    populations.str
Output File:   k6/populations_k6_run8_f

Run parameters:
   23 individuals
   50160 loci
   6 populations assumed
   1000 Burn-in period
   5000 Reps
RANDOMIZE turned off

--------------------------------------------
Estimated Ln Prob of Data   = -87513039.1
Mean value of ln likelihood = -1007238.5
Variance of ln likelihood   = 173011601.3
Mean value of alpha         = 0.5582

Mean value of Fst_1         = 0.0105
Mean value of Fst_2         = 0.0177
Mean value of Fst_3         = 0.0627
Mean value of Fst_4         = 0.0101
Mean value of Fst_5         = 0.0100
Mean value of Fst_6         = 0.0103


--------------------------------------------
Proportion of membership of each pre-defined
 population in each of the 6 clusters

Given    Inferred Clusters                            Number of
 Pop       1      2      3      4      5      6      Individuals

  1:     0.223  0.204  0.218  0.106  0.126  0.123       23
--------------------------------------------
Final results printed to file k6/populations_k6_run8_f

