

----------------------------------------------------
STRUCTURE by Pritchard, Stephens and Donnelly (2000)
     and Falush, Stephens and Pritchard (2003)
       Code by Pritchard, Falush and Hubisz
             Version 2.3.4 (Jul 2012)
----------------------------------------------------


Reading file "mainparams".
datafile is
populations.str
Reading file "extraparams".
Reading file "populations.str".


Data file "populations.str" (truncated) --

Ind:   Label Pop : Genotype_data . . . .
  1: 18160D-09-0    1  :  4   1   3   1   4   1   3  . . . .   2
  1: 18160D-09-0    1  :  4   1   3   1   4   4   4  . . . .   4
  2: 18160D-09-0    1  :  4   1   3   1   4   1   3  . . . .   2
  2: 18160D-09-0    1  :  4   1   3   1   4   4   3  . . . .   4
  3: 18160D-09-0    1  :  4   1   0   0   0   0   3  . . . .   2
  3: 18160D-09-0    1  :  4   3   0   0   0   0   3  . . . .   4
  4: 18160D-09-0    1  :  4   1   3   1   4   1   3  . . . .   2
  4: 18160D-09-0    1  :  4   3   3   1   4   1   3  . . . .   4

      *******   

 22: 18160D-09-2    1  :  4   1   3   1   4   1   3  . . . .   2
 22: 18160D-09-2    1  :  4   3   3   1   4   1   4  . . . .   4
 23: 18160D-09-2    1  :  4   1   3   1   4   1   3  . . . .   2
 23: 18160D-09-2    1  :  4   1   3   1   4   4   4  . . . .   4

Number of alleles per locus: min= 2; ave=2.0; max= 2


--------------------------------------

Finished initialization; starting MCMC 
5000 iterations + 1000 burnin


--------------------------------------------
Proportion of membership of each pre-defined
 population in each of the 6 clusters

Given    Inferred Clusters                            Number of
 Pop       1      2      3      4      5      6      Individuals

  1:     0.164  0.173  0.172  0.168  0.161  0.163       23
--------------------------------------------

 Rep#:   Lambda   Alpha      F1    F2    F3    F4    F5    F6     D1,2  D1,3  D1,4  D1,5  D1,6  D2,3  D2,4  D2,5  D2,6  D3,4  D3,5  D3,6  D4,5  D4,6  D5,6    Ln Like 
  100:    1.00    1.630    0.010 0.010 0.010 0.010 0.010 0.010    0.003 0.003 0.003 0.003 0.003 0.003 0.003 0.003 0.003 0.003 0.003 0.003 0.003 0.003 0.003   --  
  200:    1.00    1.992    0.010 0.010 0.010 0.010 0.010 0.010    0.003 0.003 0.003 0.003 0.003 0.003 0.003 0.003 0.003 0.003 0.003 0.003 0.003 0.003 0.003   --  
  300:    1.00    2.578    0.010 0.010 0.010 0.010 0.010 0.010    0.003 0.003 0.003 0.003 0.003 0.003 0.003 0.003 0.003 0.003 0.003 0.003 0.003 0.003 0.003   --  
  400:    1.00    2.944    0.010 0.010 0.010 0.010 0.010 0.010    0.003 0.003 0.003 0.003 0.003 0.003 0.003 0.003 0.003 0.003 0.003 0.003 0.003 0.003 0.003   --  
  500:    1.00    3.233    0.010 0.010 0.010 0.010 0.010 0.010    0.003 0.003 0.003 0.003 0.003 0.003 0.003 0.003 0.003 0.003 0.003 0.003 0.003 0.003 0.003   --  
  600:    1.00    3.734    0.010 0.010 0.010 0.010 0.010 0.010    0.003 0.003 0.003 0.003 0.003 0.003 0.003 0.003 0.003 0.003 0.003 0.003 0.003 0.003 0.003   --  
  700:    1.00    3.568    0.010 0.010 0.010 0.010 0.010 0.010    0.003 0.003 0.003 0.003 0.003 0.003 0.003 0.003 0.003 0.003 0.003 0.003 0.003 0.003 0.003   --  
  800:    1.00    3.605    0.010 0.010 0.010 0.010 0.010 0.010    0.003 0.003 0.003 0.003 0.003 0.003 0.003 0.003 0.003 0.003 0.003 0.003 0.003 0.003 0.003   --  
  900:    1.00    3.801    0.010 0.010 0.010 0.010 0.010 0.010    0.003 0.003 0.003 0.003 0.003 0.003 0.003 0.003 0.003 0.003 0.003 0.003 0.003 0.003 0.003   --  
 1000:    1.00    3.459    0.010 0.010 0.010 0.010 0.010 0.010    0.003 0.003 0.003 0.003 0.003 0.003 0.003 0.003 0.003 0.003 0.003 0.003 0.003 0.003 0.003   --  

BURNIN completed
 Rep#:   Lambda   Alpha      F1    F2    F3    F4    F5    F6     D1,2  D1,3  D1,4  D1,5  D1,6  D2,3  D2,4  D2,5  D2,6  D3,4  D3,5  D3,6  D4,5  D4,6  D5,6    Ln Like  Est Ln P(D)
 1100:    1.00    3.634    0.010 0.010 0.010 0.010 0.010 0.010    0.003 0.003 0.003 0.003 0.003 0.003 0.003 0.003 0.003 0.003 0.003 0.003 0.003 0.003 0.003   -1025621    0 
 1200:    1.00    3.547    0.010 0.010 0.010 0.010 0.010 0.010    0.003 0.003 0.003 0.003 0.003 0.003 0.003 0.003 0.003 0.003 0.003 0.003 0.003 0.003 0.003   -1025464    0 
 1300:    1.00    3.286    0.010 0.010 0.010 0.010 0.010 0.010    0.003 0.003 0.003 0.003 0.003 0.003 0.003 0.003 0.003 0.003 0.003 0.003 0.003 0.003 0.003   -1025239    0 
 1400:    1.00    3.144    0.010 0.010 0.010 0.010 0.010 0.010    0.003 0.003 0.003 0.003 0.003 0.003 0.003 0.003 0.003 0.003 0.003 0.003 0.003 0.003 0.003   -1025025    0 
 1500:    1.00    2.744    0.010 0.010 0.010 0.010 0.010 0.010    0.003 0.003 0.003 0.003 0.003 0.003 0.003 0.003 0.003 0.003 0.003 0.003 0.003 0.003 0.003   -1024781    0 
 1600:    1.00    2.323    0.010 0.010 0.010 0.010 0.010 0.010    0.003 0.003 0.003 0.003 0.003 0.003 0.003 0.003 0.003 0.003 0.003 0.003 0.003 0.003 0.003   -1024140    0 
 1700:    1.00    2.037    0.010 0.010 0.010 0.010 0.010 0.010    0.003 0.003 0.003 0.003 0.003 0.003 0.003 0.003 0.003 0.003 0.003 0.003 0.003 0.003 0.003   -1023483    0 
 1800:    1.00    1.720    0.010 0.010 0.010 0.010 0.010 0.010    0.003 0.003 0.003 0.003 0.003 0.003 0.003 0.003 0.003 0.003 0.003 0.003 0.003 0.003 0.003   -1022612    0 
 1900:    1.00    1.217    0.010 0.010 0.010 0.010 0.010 0.010    0.003 0.003 0.003 0.003 0.003 0.003 0.003 0.003 0.003 0.003 0.003 0.003 0.003 0.003 0.003   -1022256    0 

--------------------------------------------
Proportion of membership of each pre-defined
 population in each of the 6 clusters

Given    Inferred Clusters                            Number of
 Pop       1      2      3      4      5      6      Individuals

  1:     0.205  0.148  0.170  0.208  0.158  0.112       23
--------------------------------------------

 Rep#:   Lambda   Alpha      F1    F2    F3    F4    F5    F6     D1,2  D1,3  D1,4  D1,5  D1,6  D2,3  D2,4  D2,5  D2,6  D3,4  D3,5  D3,6  D4,5  D4,6  D5,6    Ln Like  Est Ln P(D)
 2000:    1.00    0.998    0.010 0.010 0.010 0.010 0.010 0.010    0.003 0.003 0.003 0.003 0.003 0.003 0.003 0.003 0.003 0.003 0.003 0.003 0.003 0.003 0.003   -1021852    0 
 2100:    1.00    0.832    0.010 0.010 0.010 0.011 0.010 0.010    0.003 0.003 0.003 0.003 0.003 0.003 0.003 0.003 0.003 0.003 0.003 0.003 0.003 0.003 0.003   -1020880    0 
 2200:    1.00    0.607    0.010 0.010 0.010 0.011 0.010 0.010    0.003 0.003 0.003 0.003 0.003 0.003 0.003 0.003 0.003 0.003 0.003 0.003 0.003 0.003 0.003   -1020279    0 
 2300:    1.00    0.585    0.010 0.010 0.010 0.011 0.010 0.010    0.003 0.003 0.003 0.003 0.003 0.003 0.003 0.003 0.003 0.003 0.003 0.003 0.003 0.003 0.003   -1019408    0 
 2400:    1.00    0.455    0.011 0.010 0.010 0.012 0.010 0.010    0.003 0.003 0.004 0.003 0.003 0.003 0.003 0.003 0.003 0.003 0.003 0.003 0.003 0.003 0.003   -1018117    0 
 2500:    1.00    0.307    0.011 0.010 0.010 0.012 0.010 0.010    0.003 0.003 0.004 0.003 0.003 0.003 0.003 0.003 0.003 0.003 0.003 0.003 0.003 0.003 0.003   -1017476    0 
 2600:    1.00    0.280    0.011 0.010 0.010 0.012 0.010 0.010    0.003 0.003 0.004 0.003 0.003 0.003 0.003 0.003 0.003 0.003 0.003 0.003 0.003 0.003 0.003   -1017024    0 
 2700:    1.00    0.311    0.011 0.010 0.010 0.012 0.010 0.010    0.003 0.003 0.004 0.003 0.003 0.003 0.003 0.003 0.003 0.003 0.003 0.003 0.003 0.003 0.003   -1016087    0 
 2800:    1.00    0.297    0.013 0.010 0.010 0.012 0.010 0.010    0.004 0.004 0.004 0.004 0.004 0.003 0.003 0.003 0.003 0.003 0.003 0.003 0.003 0.003 0.003   -1015241    0 
 2900:    1.00    0.230    0.014 0.010 0.010 0.012 0.010 0.010    0.004 0.004 0.004 0.004 0.004 0.003 0.003 0.003 0.003 0.003 0.003 0.003 0.003 0.003 0.003   -1014600    0 

--------------------------------------------
Proportion of membership of each pre-defined
 population in each of the 6 clusters

Given    Inferred Clusters                            Number of
 Pop       1      2      3      4      5      6      Individuals

  1:     0.244  0.166  0.194  0.213  0.125  0.058       23
--------------------------------------------

 Rep#:   Lambda   Alpha      F1    F2    F3    F4    F5    F6     D1,2  D1,3  D1,4  D1,5  D1,6  D2,3  D2,4  D2,5  D2,6  D3,4  D3,5  D3,6  D4,5  D4,6  D5,6    Ln Like  Est Ln P(D)
 3000:    1.00    0.202    0.015 0.010 0.010 0.014 0.010 0.010    0.004 0.004 0.005 0.004 0.004 0.003 0.004 0.003 0.003 0.004 0.003 0.003 0.004 0.004 0.003   -1013535    0 
 3100:    1.00    0.183    0.015 0.010 0.010 0.014 0.010 0.010    0.004 0.004 0.005 0.004 0.004 0.003 0.004 0.003 0.003 0.004 0.003 0.003 0.004 0.004 0.003   -1013420    0 
 3200:    1.00    0.185    0.018 0.010 0.010 0.014 0.010 0.010    0.004 0.004 0.005 0.004 0.004 0.003 0.004 0.003 0.003 0.004 0.003 0.003 0.004 0.004 0.003   -1012083    0 
 3300:    1.00    0.156    0.020 0.010 0.010 0.014 0.010 0.010    0.005 0.005 0.005 0.005 0.005 0.003 0.004 0.003 0.003 0.004 0.003 0.003 0.004 0.004 0.003   -1011411    0 
 3400:    1.00    0.162    0.033 0.010 0.010 0.014 0.010 0.010    0.007 0.007 0.008 0.007 0.007 0.003 0.004 0.003 0.003 0.004 0.003 0.003 0.004 0.004 0.003   -1008243    0 
 3500:    1.00    0.140    0.046 0.010 0.010 0.014 0.010 0.010    0.009 0.009 0.010 0.009 0.009 0.003 0.004 0.003 0.003 0.004 0.003 0.003 0.004 0.004 0.003   -1004522    0 
 3600:    1.00    0.113    0.083 0.010 0.010 0.014 0.010 0.010    0.015 0.015 0.016 0.015 0.015 0.003 0.004 0.003 0.003 0.004 0.003 0.003 0.004 0.004 0.003   -999316    0 
 3700:    1.00    0.097    0.102 0.010 0.010 0.014 0.010 0.010    0.017 0.017 0.018 0.017 0.017 0.003 0.004 0.003 0.003 0.004 0.003 0.003 0.004 0.004 0.003   -997454    0 
 3800:    1.00    0.115    0.108 0.010 0.010 0.015 0.010 0.010    0.018 0.018 0.019 0.018 0.018 0.003 0.004 0.003 0.003 0.004 0.003 0.003 0.004 0.004 0.003   -996819    0 
 3900:    1.00    0.109    0.109 0.010 0.010 0.015 0.010 0.010    0.018 0.018 0.019 0.018 0.018 0.003 0.004 0.003 0.003 0.004 0.003 0.003 0.004 0.004 0.003   -996976    0 

--------------------------------------------
Proportion of membership of each pre-defined
 population in each of the 6 clusters

Given    Inferred Clusters                            Number of
 Pop       1      2      3      4      5      6      Individuals

  1:     0.224  0.166  0.202  0.222  0.129  0.057       23
--------------------------------------------

 Rep#:   Lambda   Alpha      F1    F2    F3    F4    F5    F6     D1,2  D1,3  D1,4  D1,5  D1,6  D2,3  D2,4  D2,5  D2,6  D3,4  D3,5  D3,6  D4,5  D4,6  D5,6    Ln Like  Est Ln P(D)
 4000:    1.00    0.093    0.115 0.010 0.010 0.016 0.010 0.010    0.019 0.019 0.020 0.019 0.019 0.003 0.004 0.003 0.003 0.004 0.003 0.003 0.004 0.004 0.003   -995793    0 
 4100:    1.00    0.073    0.118 0.010 0.010 0.017 0.010 0.010    0.020 0.020 0.021 0.020 0.019 0.003 0.004 0.003 0.003 0.004 0.003 0.003 0.004 0.004 0.003   -995910    0 
 4200:    1.00    0.075    0.118 0.010 0.010 0.019 0.010 0.011    0.019 0.019 0.021 0.019 0.020 0.003 0.004 0.003 0.003 0.005 0.003 0.003 0.005 0.005 0.003   -994805    0 
 4300:    1.00    0.071    0.123 0.010 0.010 0.019 0.010 0.011    0.020 0.020 0.022 0.020 0.020 0.003 0.005 0.003 0.003 0.005 0.003 0.003 0.005 0.005 0.003   -993589    0 
 4400:    1.00    0.060    0.124 0.010 0.010 0.020 0.010 0.011    0.020 0.020 0.022 0.020 0.020 0.003 0.005 0.003 0.003 0.005 0.003 0.003 0.005 0.005 0.003   -993743    0 
 4500:    1.00    0.108    0.124 0.010 0.010 0.022 0.010 0.011    0.020 0.020 0.022 0.020 0.020 0.003 0.005 0.003 0.003 0.005 0.003 0.003 0.005 0.005 0.003   -992991    0 
 4600:    1.00    0.089    0.124 0.010 0.011 0.027 0.010 0.011    0.020 0.020 0.023 0.020 0.020 0.003 0.006 0.003 0.003 0.006 0.003 0.003 0.006 0.006 0.003   -992095    0 
 4700:    1.00    0.076    0.124 0.010 0.011 0.029 0.010 0.011    0.020 0.020 0.024 0.020 0.020 0.003 0.006 0.003 0.003 0.006 0.003 0.003 0.006 0.006 0.003   -991272    0 
 4800:    1.00    0.078    0.126 0.010 0.011 0.032 0.010 0.011    0.020 0.021 0.024 0.020 0.021 0.003 0.007 0.003 0.003 0.007 0.003 0.003 0.007 0.007 0.003   -990669    0 
 4900:    1.00    0.053    0.126 0.010 0.011 0.033 0.010 0.011    0.020 0.020 0.024 0.020 0.020 0.003 0.007 0.003 0.003 0.007 0.003 0.003 0.007 0.007 0.003   -990654    0 

--------------------------------------------
Proportion of membership of each pre-defined
 population in each of the 6 clusters

Given    Inferred Clusters                            Number of
 Pop       1      2      3      4      5      6      Individuals

  1:     0.224  0.178  0.184  0.218  0.136  0.060       23
--------------------------------------------

 Rep#:   Lambda   Alpha      F1    F2    F3    F4    F5    F6     D1,2  D1,3  D1,4  D1,5  D1,6  D2,3  D2,4  D2,5  D2,6  D3,4  D3,5  D3,6  D4,5  D4,6  D5,6    Ln Like  Est Ln P(D)
 5000:    1.00    0.080    0.126 0.010 0.011 0.043 0.010 0.011    0.020 0.020 0.026 0.020 0.020 0.003 0.008 0.003 0.003 0.008 0.003 0.003 0.008 0.008 0.003   -989204    0 
 5100:    1.00    0.065    0.129 0.010 0.011 0.049 0.010 0.011    0.021 0.021 0.027 0.021 0.021 0.003 0.010 0.003 0.003 0.010 0.003 0.003 0.010 0.010 0.003   -988025    0 
 5200:    1.00    0.047    0.127 0.010 0.011 0.049 0.010 0.011    0.021 0.021 0.027 0.021 0.021 0.003 0.010 0.003 0.003 0.010 0.003 0.003 0.010 0.010 0.003   -988235    0 
 5300:    1.00    0.087    0.128 0.010 0.011 0.049 0.010 0.011    0.021 0.021 0.027 0.021 0.021 0.003 0.009 0.003 0.003 0.010 0.003 0.003 0.009 0.009 0.003   -988098    0 
 5400:    1.00    0.083    0.128 0.010 0.011 0.054 0.010 0.011    0.021 0.021 0.028 0.021 0.021 0.003 0.010 0.003 0.003 0.010 0.003 0.003 0.010 0.010 0.003   -987780    0 
 5500:    1.00    0.071    0.130 0.010 0.011 0.054 0.010 0.011    0.021 0.021 0.028 0.021 0.021 0.003 0.010 0.003 0.003 0.010 0.003 0.003 0.010 0.010 0.003   -987796    0 
 5600:    1.00    0.079    0.129 0.010 0.011 0.058 0.010 0.011    0.021 0.021 0.028 0.021 0.021 0.003 0.011 0.003 0.003 0.011 0.003 0.003 0.011 0.011 0.003   -987540    0 
 5700:    1.00    0.056    0.133 0.010 0.011 0.069 0.010 0.011    0.021 0.021 0.031 0.021 0.021 0.003 0.013 0.003 0.003 0.013 0.003 0.003 0.013 0.013 0.003   -985892    0 
 5800:    1.00    0.052    0.132 0.010 0.011 0.080 0.010 0.011    0.021 0.022 0.033 0.021 0.021 0.003 0.015 0.003 0.003 0.015 0.003 0.003 0.014 0.015 0.003   -985516    0 
 5900:    1.00    0.086    0.133 0.010 0.011 0.086 0.010 0.011    0.021 0.022 0.034 0.021 0.022 0.003 0.016 0.003 0.003 0.016 0.003 0.003 0.015 0.015 0.003   -985256    0 
 6000:    1.00    0.066    0.134 0.010 0.011 0.086 0.010 0.011    0.022 0.022 0.035 0.022 0.022 0.003 0.016 0.003 0.003 0.016 0.003 0.003 0.016 0.016 0.003   -984970    0 

MCMC completed

Inferred ancestry of individuals:
        Label (%Miss) Pop:  Inferred clusters
  1 18160D-09-0    (2)    1 :  0.074 0.211 0.359 0.026 0.301 0.029 
  2 18160D-09-0    (4)    1 :  0.086 0.239 0.204 0.040 0.390 0.041 
  3 18160D-09-0    (2)    1 :  0.700 0.012 0.057 0.025 0.181 0.025 
  4 18160D-09-0    (5)    1 :  0.858 0.014 0.007 0.014 0.051 0.056 
  5 18160D-09-0    (4)    1 :  0.855 0.010 0.024 0.013 0.045 0.054 
  6 18160D-09-0    (4)    1 :  0.853 0.008 0.020 0.015 0.049 0.055 
  7 18160D-09-0    (2)    1 :  0.854 0.015 0.006 0.011 0.038 0.076 
  8 18160D-09-0    (4)    1 :  0.098 0.178 0.613 0.016 0.060 0.035 
  9 18160D-09-0    (2)    1 :  0.015 0.135 0.045 0.763 0.022 0.021 
 10 18160D-09-1    (2)    1 :  0.009 0.005 0.012 0.935 0.005 0.033 
 11 18160D-09-1    (2)    1 :  0.012 0.034 0.044 0.857 0.024 0.029 
 12 18160D-09-1    (2)    1 :  0.023 0.058 0.094 0.752 0.035 0.038 
 13 18160D-09-1    (5)    1 :  0.119 0.501 0.113 0.060 0.144 0.064 
 14 18160D-09-1   (18)    1 :  0.067 0.256 0.191 0.038 0.361 0.088 
 15 18160D-09-1    (4)    1 :  0.039 0.489 0.279 0.057 0.121 0.014 
 16 18160D-09-1    (2)    1 :  0.006 0.023 0.014 0.906 0.011 0.040 
 17 18160D-09-1    (2)    1 :  0.109 0.465 0.170 0.031 0.165 0.060 
 18 18160D-09-1    (2)    1 :  0.049 0.040 0.203 0.052 0.034 0.620 
 19 18160D-09-1    (2)    1 :  0.075 0.070 0.082 0.022 0.702 0.049 
 20 18160D-09-2    (5)    1 :  0.021 0.068 0.797 0.025 0.080 0.010 
 21 18160D-09-2    (5)    1 :  0.050 0.405 0.036 0.058 0.358 0.093 
 22 18160D-09-2    (5)    1 :  0.005 0.053 0.886 0.011 0.023 0.023 
 23 18160D-09-2    (2)    1 :  0.038 0.585 0.026 0.032 0.064 0.256 

Command line arguments:   structure -D 275739 -K 6 -m mainparams -o k6/populations_k6_run9 
Input File:    populations.str
Output File:   k6/populations_k6_run9_f

Run parameters:
   23 individuals
   50160 loci
   6 populations assumed
   1000 Burn-in period
   5000 Reps
RANDOMIZE turned off

--------------------------------------------
Estimated Ln Prob of Data   = -107133527.1
Mean value of ln likelihood = -1005286.3
Variance of ln likelihood   = 212256481.5
Mean value of alpha         = 0.6633

Mean value of Fst_1         = 0.0668
Mean value of Fst_2         = 0.0101
Mean value of Fst_3         = 0.0104
Mean value of Fst_4         = 0.0243
Mean value of Fst_5         = 0.0101
Mean value of Fst_6         = 0.0103


--------------------------------------------
Proportion of membership of each pre-defined
 population in each of the 6 clusters

Given    Inferred Clusters                            Number of
 Pop       1      2      3      4      5      6      Individuals

  1:     0.218  0.168  0.186  0.207  0.142  0.079       23
--------------------------------------------
Final results printed to file k6/populations_k6_run9_f

