 1        1   (2)      1 :  0.1209 0.4212 0.0536 0.4043 0.0000 
 2        2   (4)      1 :  0.0185 0.0063 0.0879 0.8873 0.0000 
 3        3   (2)      1 :  0.0273 0.1266 0.6837 0.1623 0.0000 
 4        4   (5)      1 :  0.0008 0.0023 0.9841 0.0128 0.0000 
 5        5   (4)      1 :  0.0013 0.0346 0.8346 0.1295 0.0000 
 6        6   (4)      1 :  0.0124 0.0060 0.8776 0.1040 0.0000 
 7        7   (2)      1 :  0.0008 0.0152 0.9437 0.0403 0.0000 
 8        8   (4)      1 :  0.1721 0.0150 0.0575 0.7554 0.0000 
 9        9   (2)      1 :  0.8678 0.0490 0.0000 0.0233 0.0598 
10       10   (2)      1 :  0.0190 0.0000 0.0000 0.0000 0.9810 
11       11   (2)      1 :  0.7202 0.0416 0.0000 0.0279 0.2103 
12       12   (2)      1 :  0.8641 0.0056 0.0000 0.0599 0.0704 
13       13   (5)      1 :  0.0255 0.0581 0.0977 0.8185 0.0002 
14       14  (18)      1 :  0.0365 0.0033 0.0903 0.8699 0.0000 
15       15   (4)      1 :  0.0110 0.0030 0.0127 0.9733 0.0000 
16       16   (2)      1 :  0.0013 0.0680 0.0064 0.0774 0.8469 
17       17   (2)      1 :  0.0740 0.1243 0.0633 0.7384 0.0000 
18       18   (2)      1 :  0.3283 0.5641 0.0000 0.1076 0.0000 
19       19   (2)      1 :  0.0709 0.0039 0.0246 0.9006 0.0000 
20       20   (5)      1 :  0.1621 0.0061 0.0073 0.8245 0.0000 
21       21   (5)      1 :  0.0978 0.0063 0.0757 0.8201 0.0001 
22       22   (5)      1 :  0.1999 0.4977 0.0001 0.3023 0.0000 
23       23   (2)      1 :  0.0027 0.1464 0.0188 0.8321 0.0000 
