1        1   (2)      1  : 0.3625 0.0534 0.0000 0.1339 0.4502
2        2   (4)      1  : 0.8878 0.0908 0.0000 0.0167 0.0048
3        3   (2)      1  : 0.1587 0.6847 0.0000 0.0159 0.1407
4        4   (5)      1  : 0.0126 0.9846 0.0000 0.0003 0.0026
5        5   (4)      1  : 0.1272 0.8349 0.0000 0.0006 0.0374
6        6   (4)      1  : 0.1068 0.8781 0.0000 0.0085 0.0067
7        7   (2)      1  : 0.0391 0.9443 0.0000 0.0008 0.0158
8        8   (4)      1  : 0.8392 0.0626 0.0000 0.0839 0.0143
9        9   (2)      1  : 0.0037 0.0000 0.0552 0.8866 0.0545
10       10   (2)      1  : 0.0000 0.0000 0.9790 0.0210 0.0000
11       11   (2)      1  : 0.0310 0.0000 0.2065 0.7162 0.0463
12       12   (2)      1  : 0.0666 0.0000 0.0661 0.8650 0.0023
13       13   (5)      1  : 0.8098 0.1007 0.0002 0.0282 0.0611
14       14  (18)      1  : 0.9030 0.0930 0.0000 0.0013 0.0027
15       15   (4)      1  : 0.9756 0.0140 0.0000 0.0076 0.0029
16       16   (2)      1  : 0.0816 0.0060 0.8472 0.0014 0.0638
17       17   (2)      1  : 0.7742 0.0669 0.0000 0.0208 0.1381
18       18   (2)      1  : 0.0806 0.0000 0.0000 0.3617 0.5577
19       19   (2)      1  : 0.8899 0.0272 0.0000 0.0788 0.0041
20       20   (5)      1  : 0.9158 0.0081 0.0000 0.0711 0.0050
21       21   (5)      1  : 0.8487 0.0790 0.0001 0.0660 0.0061
22       22   (5)      1  : 0.3357 0.0000 0.0000 0.2221 0.4422
23       23   (2)      1  : 0.8139 0.0208 0.0000 0.0030 0.1623
