

----------------------------------------------------
STRUCTURE by Pritchard, Stephens and Donnelly (2000)
     and Falush, Stephens and Pritchard (2003)
       Code by Pritchard, Falush and Hubisz
             Version 2.3.4 (Jul 2012)
----------------------------------------------------


Reading file "mainparams".
datafile is
populations.str
Reading file "extraparams".
Reading file "populations.str".


Data file "populations.str" (truncated) --

Ind:   Label Pop : Genotype_data . . . .
  1: 18160D-09-0    1  :  4   1   3   1   4   1   3  . . . .   2
  1: 18160D-09-0    1  :  4   1   3   1   4   4   4  . . . .   4
  2: 18160D-09-0    1  :  4   1   3   1   4   1   3  . . . .   2
  2: 18160D-09-0    1  :  4   1   3   1   4   4   3  . . . .   4
  3: 18160D-09-0    1  :  4   1   0   0   0   0   3  . . . .   2
  3: 18160D-09-0    1  :  4   3   0   0   0   0   3  . . . .   4
  4: 18160D-09-0    1  :  4   1   3   1   4   1   3  . . . .   2
  4: 18160D-09-0    1  :  4   3   3   1   4   1   3  . . . .   4

      *******   

 22: 18160D-09-2    1  :  4   1   3   1   4   1   3  . . . .   2
 22: 18160D-09-2    1  :  4   3   3   1   4   1   4  . . . .   4
 23: 18160D-09-2    1  :  4   1   3   1   4   1   3  . . . .   2
 23: 18160D-09-2    1  :  4   1   3   1   4   4   4  . . . .   4

Number of alleles per locus: min= 2; ave=2.0; max= 2


--------------------------------------

Finished initialization; starting MCMC 
5000 iterations + 1000 burnin


--------------------------------------------
Proportion of membership of each pre-defined
 population in each of the 5 clusters

Given    Inferred Clusters                     Number of
 Pop       1      2      3      4      5      Individuals

  1:     0.198  0.201  0.203  0.202  0.196       23
--------------------------------------------

 Rep#:   Lambda   Alpha      F1    F2    F3    F4    F5     D1,2  D1,3  D1,4  D1,5  D2,3  D2,4  D2,5  D3,4  D3,5  D4,5    Ln Like 
  100:    1.00    1.641    0.010 0.010 0.010 0.010 0.010    0.003 0.003 0.003 0.003 0.003 0.003 0.003 0.003 0.003 0.003   --  
  200:    1.00    2.157    0.010 0.010 0.010 0.010 0.010    0.003 0.003 0.003 0.003 0.003 0.003 0.003 0.003 0.003 0.003   --  
  300:    1.00    2.792    0.010 0.010 0.010 0.010 0.010    0.003 0.003 0.003 0.003 0.003 0.003 0.003 0.003 0.003 0.003   --  
  400:    1.00    3.057    0.010 0.010 0.010 0.010 0.010    0.003 0.003 0.003 0.003 0.003 0.003 0.003 0.003 0.003 0.003   --  
  500:    1.00    3.588    0.010 0.010 0.010 0.010 0.010    0.003 0.003 0.003 0.003 0.003 0.003 0.003 0.003 0.003 0.003   --  
  600:    1.00    3.838    0.010 0.010 0.010 0.010 0.010    0.003 0.003 0.003 0.003 0.003 0.003 0.003 0.003 0.003 0.003   --  
  700:    1.00    3.918    0.010 0.010 0.010 0.010 0.010    0.003 0.003 0.003 0.003 0.003 0.003 0.003 0.003 0.003 0.003   --  
  800:    1.00    4.255    0.010 0.010 0.010 0.010 0.010    0.003 0.003 0.003 0.003 0.003 0.003 0.003 0.003 0.003 0.003   --  
  900:    1.00    3.973    0.010 0.010 0.010 0.010 0.010    0.003 0.003 0.003 0.003 0.003 0.003 0.003 0.003 0.003 0.003   --  
 1000:    1.00    4.061    0.010 0.010 0.010 0.010 0.010    0.003 0.003 0.003 0.003 0.003 0.003 0.003 0.003 0.003 0.003   --  

BURNIN completed
 Rep#:   Lambda   Alpha      F1    F2    F3    F4    F5     D1,2  D1,3  D1,4  D1,5  D2,3  D2,4  D2,5  D3,4  D3,5  D4,5    Ln Like  Est Ln P(D)
 1100:    1.00    3.813    0.010 0.010 0.010 0.010 0.010    0.003 0.003 0.003 0.003 0.003 0.003 0.003 0.003 0.003 0.003   -1026003    0 
 1200:    1.00    3.559    0.010 0.010 0.010 0.010 0.010    0.003 0.003 0.003 0.003 0.003 0.003 0.003 0.003 0.003 0.003   -1025810    0 
 1300:    1.00    3.224    0.010 0.010 0.010 0.010 0.010    0.003 0.003 0.003 0.003 0.003 0.003 0.003 0.003 0.003 0.003   -1025208    0 
 1400:    1.00    3.032    0.010 0.010 0.010 0.010 0.010    0.003 0.003 0.003 0.003 0.003 0.003 0.003 0.003 0.003 0.003   -1024757    0 
 1500:    1.00    2.885    0.010 0.010 0.010 0.010 0.010    0.003 0.003 0.003 0.003 0.003 0.003 0.003 0.003 0.003 0.003   -1024386    0 
 1600:    1.00    2.711    0.010 0.010 0.010 0.010 0.010    0.003 0.003 0.003 0.003 0.003 0.003 0.003 0.003 0.003 0.003   -1023568    0 
 1700:    1.00    2.200    0.010 0.010 0.010 0.010 0.011    0.003 0.003 0.003 0.003 0.003 0.003 0.003 0.003 0.003 0.003   -1023184    0 
 1800:    1.00    1.682    0.010 0.010 0.010 0.010 0.011    0.003 0.003 0.003 0.003 0.003 0.003 0.003 0.003 0.003 0.003   -1021918    0 
 1900:    1.00    1.050    0.010 0.010 0.010 0.010 0.012    0.003 0.003 0.003 0.003 0.003 0.003 0.003 0.003 0.003 0.003   -1020993    0 

--------------------------------------------
Proportion of membership of each pre-defined
 population in each of the 5 clusters

Given    Inferred Clusters                     Number of
 Pop       1      2      3      4      5      Individuals

  1:     0.169  0.163  0.137  0.276  0.255       23
--------------------------------------------

 Rep#:   Lambda   Alpha      F1    F2    F3    F4    F5     D1,2  D1,3  D1,4  D1,5  D2,3  D2,4  D2,5  D3,4  D3,5  D4,5    Ln Like  Est Ln P(D)
 2000:    1.00    0.517    0.010 0.010 0.010 0.010 0.012    0.003 0.003 0.003 0.003 0.003 0.003 0.003 0.003 0.003 0.003   -1019846    0 
 2100:    1.00    0.603    0.010 0.010 0.010 0.010 0.012    0.003 0.003 0.003 0.004 0.003 0.003 0.003 0.003 0.003 0.004   -1019020    0 
 2200:    1.00    0.378    0.010 0.010 0.010 0.010 0.013    0.003 0.003 0.003 0.004 0.003 0.003 0.004 0.003 0.004 0.004   -1017345    0 
 2300:    1.00    0.355    0.010 0.010 0.010 0.010 0.013    0.003 0.003 0.003 0.004 0.003 0.003 0.004 0.003 0.004 0.004   -1017659    0 
 2400:    1.00    0.306    0.010 0.010 0.010 0.010 0.013    0.003 0.003 0.003 0.004 0.003 0.003 0.004 0.003 0.004 0.004   -1017077    0 
 2500:    1.00    0.262    0.011 0.010 0.010 0.010 0.013    0.003 0.003 0.003 0.004 0.003 0.003 0.004 0.003 0.004 0.004   -1015888    0 
 2600:    1.00    0.278    0.011 0.010 0.010 0.010 0.013    0.003 0.003 0.003 0.004 0.003 0.003 0.004 0.003 0.004 0.004   -1016117    0 
 2700:    1.00    0.201    0.011 0.010 0.010 0.010 0.013    0.003 0.003 0.003 0.004 0.003 0.003 0.004 0.003 0.004 0.004   -1015779    0 
 2800:    1.00    0.157    0.011 0.010 0.010 0.010 0.015    0.003 0.003 0.003 0.004 0.003 0.003 0.004 0.003 0.004 0.004   -1014193    0 
 2900:    1.00    0.134    0.011 0.010 0.010 0.010 0.016    0.003 0.003 0.003 0.004 0.003 0.003 0.004 0.003 0.004 0.004   -1013983    0 

--------------------------------------------
Proportion of membership of each pre-defined
 population in each of the 5 clusters

Given    Inferred Clusters                     Number of
 Pop       1      2      3      4      5      Individuals

  1:     0.176  0.115  0.082  0.387  0.240       23
--------------------------------------------

 Rep#:   Lambda   Alpha      F1    F2    F3    F4    F5     D1,2  D1,3  D1,4  D1,5  D2,3  D2,4  D2,5  D3,4  D3,5  D4,5    Ln Like  Est Ln P(D)
 3000:    1.00    0.112    0.011 0.010 0.010 0.011 0.017    0.003 0.003 0.003 0.005 0.003 0.003 0.004 0.003 0.004 0.004   -1013627    0 
 3100:    1.00    0.143    0.011 0.010 0.010 0.011 0.019    0.003 0.003 0.003 0.005 0.003 0.003 0.005 0.003 0.005 0.005   -1012919    0 
 3200:    1.00    0.097    0.011 0.010 0.010 0.011 0.024    0.003 0.003 0.003 0.006 0.003 0.003 0.005 0.003 0.005 0.006   -1011035    0 
 3300:    1.00    0.122    0.011 0.010 0.010 0.011 0.035    0.003 0.003 0.003 0.008 0.003 0.003 0.007 0.003 0.007 0.007   -1008244    0 
 3400:    1.00    0.100    0.011 0.010 0.010 0.011 0.075    0.003 0.003 0.003 0.014 0.003 0.003 0.013 0.003 0.014 0.014   -1001430    0 
 3500:    1.00    0.081    0.011 0.010 0.010 0.011 0.096    0.003 0.003 0.003 0.017 0.003 0.003 0.016 0.003 0.016 0.016   -999544    0 
 3600:    1.00    0.073    0.011 0.010 0.010 0.011 0.103    0.003 0.003 0.003 0.018 0.003 0.003 0.017 0.003 0.017 0.017   -998410    0 
 3700:    1.00    0.070    0.011 0.010 0.010 0.011 0.104    0.003 0.003 0.004 0.018 0.003 0.003 0.017 0.003 0.017 0.017   -998488    0 
 3800:    1.00    0.084    0.012 0.010 0.010 0.011 0.107    0.003 0.003 0.004 0.018 0.003 0.003 0.018 0.003 0.018 0.018   -998488    0 
 3900:    1.00    0.086    0.012 0.010 0.010 0.011 0.108    0.003 0.003 0.004 0.019 0.003 0.003 0.018 0.003 0.018 0.018   -998024    0 

--------------------------------------------
Proportion of membership of each pre-defined
 population in each of the 5 clusters

Given    Inferred Clusters                     Number of
 Pop       1      2      3      4      5      Individuals

  1:     0.175  0.084  0.066  0.443  0.232       23
--------------------------------------------

 Rep#:   Lambda   Alpha      F1    F2    F3    F4    F5     D1,2  D1,3  D1,4  D1,5  D2,3  D2,4  D2,5  D3,4  D3,5  D4,5    Ln Like  Est Ln P(D)
 4000:    1.00    0.053    0.013 0.010 0.010 0.011 0.111    0.004 0.004 0.004 0.019 0.003 0.003 0.018 0.003 0.018 0.018   -998082    0 
 4100:    1.00    0.067    0.013 0.010 0.010 0.011 0.111    0.004 0.004 0.004 0.020 0.003 0.003 0.019 0.003 0.019 0.019   -997836    0 
 4200:    1.00    0.049    0.013 0.010 0.010 0.011 0.115    0.004 0.004 0.004 0.020 0.003 0.003 0.019 0.003 0.019 0.019   -997756    0 
 4300:    1.00    0.054    0.013 0.010 0.010 0.011 0.124    0.004 0.004 0.004 0.021 0.003 0.003 0.020 0.003 0.020 0.020   -997327    0 
 4400:    1.00    0.047    0.013 0.010 0.010 0.011 0.125    0.004 0.004 0.004 0.021 0.003 0.003 0.020 0.003 0.020 0.020   -997141    0 
 4500:    1.00    0.034    0.014 0.010 0.010 0.011 0.128    0.004 0.004 0.004 0.022 0.003 0.003 0.021 0.003 0.021 0.021   -997054    0 
 4600:    1.00    0.047    0.014 0.010 0.010 0.012 0.130    0.004 0.004 0.004 0.022 0.003 0.003 0.021 0.003 0.021 0.021   -996318    0 
 4700:    1.00    0.059    0.014 0.010 0.010 0.012 0.131    0.004 0.004 0.004 0.022 0.003 0.003 0.021 0.003 0.021 0.021   -996848    0 
 4800:    1.00    0.070    0.014 0.010 0.010 0.012 0.135    0.004 0.004 0.004 0.023 0.003 0.003 0.022 0.003 0.022 0.022   -996070    0 
 4900:    1.00    0.066    0.014 0.010 0.010 0.012 0.135    0.004 0.004 0.004 0.023 0.003 0.003 0.022 0.003 0.022 0.022   -996612    0 

--------------------------------------------
Proportion of membership of each pre-defined
 population in each of the 5 clusters

Given    Inferred Clusters                     Number of
 Pop       1      2      3      4      5      Individuals

  1:     0.184  0.061  0.064  0.465  0.227       23
--------------------------------------------

 Rep#:   Lambda   Alpha      F1    F2    F3    F4    F5     D1,2  D1,3  D1,4  D1,5  D2,3  D2,4  D2,5  D3,4  D3,5  D4,5    Ln Like  Est Ln P(D)
 5000:    1.00    0.048    0.014 0.010 0.010 0.012 0.135    0.004 0.004 0.004 0.023 0.003 0.003 0.022 0.003 0.022 0.022   -996607    0 
 5100:    1.00    0.056    0.014 0.010 0.010 0.012 0.136    0.004 0.004 0.004 0.023 0.003 0.003 0.022 0.003 0.022 0.022   -996552    0 
 5200:    1.00    0.052    0.014 0.010 0.010 0.012 0.136    0.004 0.004 0.004 0.023 0.003 0.003 0.022 0.003 0.022 0.022   -996134    0 
 5300:    1.00    0.063    0.014 0.010 0.010 0.013 0.136    0.004 0.004 0.004 0.023 0.003 0.003 0.022 0.003 0.022 0.022   -996304    0 
 5400:    1.00    0.093    0.014 0.010 0.010 0.013 0.140    0.004 0.004 0.004 0.023 0.003 0.003 0.022 0.003 0.022 0.023   -996188    0 
 5500:    1.00    0.088    0.015 0.010 0.010 0.013 0.138    0.004 0.004 0.004 0.023 0.003 0.004 0.022 0.003 0.022 0.023   -996368    0 
 5600:    1.00    0.069    0.015 0.010 0.010 0.013 0.139    0.004 0.004 0.004 0.024 0.003 0.004 0.023 0.004 0.023 0.023   -996356    0 
 5700:    1.00    0.066    0.015 0.010 0.010 0.013 0.139    0.004 0.004 0.004 0.024 0.003 0.004 0.023 0.004 0.023 0.023   -996125    0 
 5800:    1.00    0.047    0.015 0.010 0.010 0.013 0.140    0.004 0.004 0.004 0.024 0.003 0.003 0.023 0.003 0.023 0.023   -996447    0 
 5900:    1.00    0.072    0.016 0.010 0.010 0.013 0.139    0.004 0.004 0.004 0.024 0.003 0.003 0.022 0.004 0.022 0.023   -995863    0 
 6000:    1.00    0.070    0.016 0.010 0.010 0.013 0.139    0.004 0.004 0.004 0.024 0.003 0.003 0.023 0.003 0.023 0.023   -996191    0 

MCMC completed

Inferred ancestry of individuals:
        Label (%Miss) Pop:  Inferred clusters
  1 18160D-09-0    (2)    1 :  0.035 0.298 0.236 0.258 0.173 
  2 18160D-09-0    (4)    1 :  0.042 0.077 0.057 0.748 0.076 
  3 18160D-09-0    (2)    1 :  0.016 0.019 0.152 0.016 0.796 
  4 18160D-09-0    (5)    1 :  0.012 0.019 0.054 0.007 0.909 
  5 18160D-09-0    (4)    1 :  0.036 0.026 0.053 0.009 0.876 
  6 18160D-09-0    (4)    1 :  0.010 0.020 0.038 0.018 0.913 
  7 18160D-09-0    (2)    1 :  0.029 0.033 0.033 0.011 0.894 
  8 18160D-09-0    (4)    1 :  0.049 0.036 0.101 0.779 0.034 
  9 18160D-09-0    (2)    1 :  0.498 0.071 0.372 0.049 0.009 
 10 18160D-09-1    (2)    1 :  0.937 0.032 0.019 0.003 0.009 
 11 18160D-09-1    (2)    1 :  0.769 0.110 0.078 0.027 0.017 
 12 18160D-09-1    (2)    1 :  0.418 0.052 0.486 0.028 0.016 
 13 18160D-09-1    (5)    1 :  0.040 0.103 0.042 0.679 0.136 
 14 18160D-09-1   (18)    1 :  0.025 0.373 0.028 0.452 0.121 
 15 18160D-09-1    (4)    1 :  0.040 0.080 0.034 0.819 0.028 
 16 18160D-09-1    (2)    1 :  0.899 0.043 0.023 0.010 0.026 
 17 18160D-09-1    (2)    1 :  0.059 0.190 0.110 0.581 0.060 
 18 18160D-09-1    (2)    1 :  0.034 0.177 0.022 0.747 0.021 
 19 18160D-09-1    (2)    1 :  0.021 0.082 0.039 0.803 0.056 
 20 18160D-09-2    (5)    1 :  0.042 0.020 0.099 0.807 0.031 
 21 18160D-09-2    (5)    1 :  0.018 0.318 0.077 0.456 0.132 
 22 18160D-09-2    (5)    1 :  0.049 0.043 0.017 0.831 0.061 
 23 18160D-09-2    (2)    1 :  0.058 0.257 0.066 0.600 0.019 

Command line arguments:   structure -D 795434 -K 5 -m mainparams -o k5/populations_k5_run2 
Input File:    populations.str
Output File:   k5/populations_k5_run2_f

Run parameters:
   23 individuals
   50160 loci
   5 populations assumed
   1000 Burn-in period
   5000 Reps
RANDOMIZE turned off

--------------------------------------------
Estimated Ln Prob of Data   = -65071611.8
Mean value of ln likelihood = -1007336.4
Variance of ln likelihood   = 128128550.8
Mean value of alpha         = 0.6397

Mean value of Fst_1         = 0.0122
Mean value of Fst_2         = 0.0100
Mean value of Fst_3         = 0.0102
Mean value of Fst_4         = 0.0111
Mean value of Fst_5         = 0.0722


--------------------------------------------
Proportion of membership of each pre-defined
 population in each of the 5 clusters

Given    Inferred Clusters                     Number of
 Pop       1      2      3      4      5      Individuals

  1:     0.180  0.108  0.097  0.380  0.235       23
--------------------------------------------
Final results printed to file k5/populations_k5_run2_f

