

----------------------------------------------------
STRUCTURE by Pritchard, Stephens and Donnelly (2000)
     and Falush, Stephens and Pritchard (2003)
       Code by Pritchard, Falush and Hubisz
             Version 2.3.4 (Jul 2012)
----------------------------------------------------


Reading file "mainparams".
datafile is
populations.str
Reading file "extraparams".
Reading file "populations.str".


Data file "populations.str" (truncated) --

Ind:   Label Pop : Genotype_data . . . .
  1: 18160D-09-0    1  :  4   1   3   1   4   1   3  . . . .   2
  1: 18160D-09-0    1  :  4   1   3   1   4   4   4  . . . .   4
  2: 18160D-09-0    1  :  4   1   3   1   4   1   3  . . . .   2
  2: 18160D-09-0    1  :  4   1   3   1   4   4   3  . . . .   4
  3: 18160D-09-0    1  :  4   1   0   0   0   0   3  . . . .   2
  3: 18160D-09-0    1  :  4   3   0   0   0   0   3  . . . .   4
  4: 18160D-09-0    1  :  4   1   3   1   4   1   3  . . . .   2
  4: 18160D-09-0    1  :  4   3   3   1   4   1   3  . . . .   4

      *******   

 22: 18160D-09-2    1  :  4   1   3   1   4   1   3  . . . .   2
 22: 18160D-09-2    1  :  4   3   3   1   4   1   4  . . . .   4
 23: 18160D-09-2    1  :  4   1   3   1   4   1   3  . . . .   2
 23: 18160D-09-2    1  :  4   1   3   1   4   4   4  . . . .   4

Number of alleles per locus: min= 2; ave=2.0; max= 2


--------------------------------------

Finished initialization; starting MCMC 
5000 iterations + 1000 burnin


--------------------------------------------
Proportion of membership of each pre-defined
 population in each of the 5 clusters

Given    Inferred Clusters                     Number of
 Pop       1      2      3      4      5      Individuals

  1:     0.202  0.199  0.199  0.198  0.203       23
--------------------------------------------

 Rep#:   Lambda   Alpha      F1    F2    F3    F4    F5     D1,2  D1,3  D1,4  D1,5  D2,3  D2,4  D2,5  D3,4  D3,5  D4,5    Ln Like 
  100:    1.00    1.622    0.010 0.010 0.010 0.010 0.010    0.003 0.003 0.003 0.003 0.003 0.003 0.003 0.003 0.003 0.003   --  
  200:    1.00    2.154    0.010 0.010 0.010 0.010 0.010    0.003 0.003 0.003 0.003 0.003 0.003 0.003 0.003 0.003 0.003   --  
  300:    1.00    2.638    0.010 0.010 0.010 0.010 0.010    0.003 0.003 0.003 0.003 0.003 0.003 0.003 0.003 0.003 0.003   --  
  400:    1.00    2.728    0.010 0.010 0.010 0.010 0.010    0.003 0.003 0.003 0.003 0.003 0.003 0.003 0.003 0.003 0.003   --  
  500:    1.00    2.864    0.010 0.010 0.010 0.010 0.010    0.003 0.003 0.003 0.003 0.003 0.003 0.003 0.003 0.003 0.003   --  
  600:    1.00    3.417    0.010 0.010 0.010 0.010 0.010    0.003 0.003 0.003 0.003 0.003 0.003 0.003 0.003 0.003 0.003   --  
  700:    1.00    3.761    0.010 0.010 0.010 0.010 0.010    0.003 0.003 0.003 0.003 0.003 0.003 0.003 0.003 0.003 0.003   --  
  800:    1.00    3.870    0.010 0.010 0.010 0.010 0.010    0.003 0.003 0.003 0.003 0.003 0.003 0.003 0.003 0.003 0.003   --  
  900:    1.00    3.450    0.010 0.010 0.010 0.010 0.010    0.003 0.003 0.003 0.003 0.003 0.003 0.003 0.003 0.003 0.003   --  
 1000:    1.00    2.799    0.010 0.010 0.010 0.010 0.010    0.003 0.003 0.003 0.003 0.003 0.003 0.003 0.003 0.003 0.003   --  

BURNIN completed
 Rep#:   Lambda   Alpha      F1    F2    F3    F4    F5     D1,2  D1,3  D1,4  D1,5  D2,3  D2,4  D2,5  D3,4  D3,5  D4,5    Ln Like  Est Ln P(D)
 1100:    1.00    2.191    0.010 0.010 0.010 0.010 0.010    0.003 0.003 0.003 0.003 0.003 0.003 0.003 0.003 0.003 0.003   -1023316    0 
 1200:    1.00    1.790    0.010 0.010 0.010 0.010 0.010    0.003 0.003 0.003 0.003 0.003 0.003 0.003 0.003 0.003 0.003   -1022932    0 
 1300:    1.00    1.304    0.010 0.010 0.010 0.010 0.010    0.003 0.003 0.003 0.003 0.003 0.003 0.003 0.003 0.003 0.003   -1021909    0 
 1400:    1.00    0.771    0.010 0.010 0.010 0.010 0.010    0.003 0.003 0.003 0.003 0.003 0.003 0.003 0.003 0.003 0.003   -1021499    0 
 1500:    1.00    0.586    0.010 0.010 0.010 0.010 0.010    0.003 0.003 0.003 0.003 0.003 0.003 0.003 0.003 0.003 0.003   -1020745    0 
 1600:    1.00    0.596    0.010 0.010 0.010 0.010 0.010    0.003 0.003 0.003 0.003 0.003 0.003 0.003 0.003 0.003 0.003   -1019864    0 
 1700:    1.00    0.487    0.010 0.010 0.010 0.010 0.011    0.003 0.003 0.003 0.003 0.003 0.003 0.003 0.003 0.003 0.003   -1019204    0 
 1800:    1.00    0.439    0.010 0.010 0.010 0.010 0.011    0.003 0.003 0.003 0.003 0.003 0.003 0.003 0.003 0.003 0.003   -1018501    0 
 1900:    1.00    0.287    0.010 0.010 0.010 0.010 0.011    0.003 0.003 0.003 0.003 0.003 0.003 0.003 0.003 0.003 0.003   -1017582    0 

--------------------------------------------
Proportion of membership of each pre-defined
 population in each of the 5 clusters

Given    Inferred Clusters                     Number of
 Pop       1      2      3      4      5      Individuals

  1:     0.168  0.169  0.170  0.220  0.274       23
--------------------------------------------

 Rep#:   Lambda   Alpha      F1    F2    F3    F4    F5     D1,2  D1,3  D1,4  D1,5  D2,3  D2,4  D2,5  D3,4  D3,5  D4,5    Ln Like  Est Ln P(D)
 2000:    1.00    0.250    0.010 0.010 0.010 0.010 0.012    0.003 0.003 0.003 0.003 0.003 0.003 0.003 0.003 0.003 0.003   -1016857    0 
 2100:    1.00    0.182    0.010 0.010 0.010 0.010 0.012    0.003 0.003 0.003 0.003 0.003 0.003 0.003 0.003 0.003 0.003   -1016289    0 
 2200:    1.00    0.204    0.010 0.010 0.010 0.010 0.012    0.003 0.003 0.003 0.003 0.003 0.003 0.003 0.003 0.003 0.003   -1016163    0 
 2300:    1.00    0.205    0.010 0.010 0.010 0.010 0.013    0.003 0.003 0.003 0.004 0.003 0.003 0.004 0.003 0.004 0.004   -1014734    0 
 2400:    1.00    0.162    0.010 0.010 0.010 0.011 0.014    0.003 0.003 0.003 0.004 0.003 0.003 0.004 0.003 0.004 0.004   -1014183    0 
 2500:    1.00    0.190    0.010 0.010 0.010 0.011 0.015    0.003 0.003 0.003 0.004 0.003 0.003 0.004 0.003 0.004 0.004   -1013734    0 
 2600:    1.00    0.105    0.010 0.010 0.010 0.011 0.015    0.003 0.003 0.003 0.004 0.003 0.003 0.004 0.003 0.004 0.004   -1013740    0 
 2700:    1.00    0.122    0.010 0.010 0.010 0.011 0.015    0.003 0.003 0.003 0.004 0.003 0.003 0.004 0.003 0.004 0.004   -1013349    0 
 2800:    1.00    0.116    0.010 0.010 0.010 0.012 0.023    0.003 0.003 0.003 0.005 0.003 0.003 0.005 0.003 0.005 0.006   -1011330    0 
 2900:    1.00    0.116    0.010 0.010 0.010 0.013 0.025    0.003 0.003 0.004 0.005 0.003 0.004 0.006 0.004 0.005 0.006   -1009811    0 

--------------------------------------------
Proportion of membership of each pre-defined
 population in each of the 5 clusters

Given    Inferred Clusters                     Number of
 Pop       1      2      3      4      5      Individuals

  1:     0.223  0.151  0.167  0.216  0.243       23
--------------------------------------------

 Rep#:   Lambda   Alpha      F1    F2    F3    F4    F5     D1,2  D1,3  D1,4  D1,5  D2,3  D2,4  D2,5  D3,4  D3,5  D4,5    Ln Like  Est Ln P(D)
 3000:    1.00    0.094    0.010 0.010 0.010 0.013 0.034    0.003 0.003 0.004 0.007 0.003 0.004 0.007 0.004 0.007 0.008   -1007343    0 
 3100:    1.00    0.095    0.010 0.010 0.010 0.015 0.037    0.003 0.003 0.004 0.008 0.003 0.004 0.008 0.004 0.008 0.009   -1005512    0 
 3200:    1.00    0.056    0.010 0.010 0.010 0.015 0.043    0.003 0.003 0.004 0.009 0.003 0.004 0.009 0.004 0.009 0.010   -1004100    0 
 3300:    1.00    0.087    0.010 0.011 0.010 0.017 0.067    0.003 0.003 0.004 0.012 0.003 0.004 0.012 0.004 0.012 0.014   -999698    0 
 3400:    1.00    0.079    0.010 0.011 0.010 0.017 0.087    0.003 0.003 0.004 0.015 0.003 0.004 0.015 0.004 0.015 0.017   -997064    0 
 3500:    1.00    0.083    0.010 0.011 0.010 0.018 0.098    0.003 0.003 0.004 0.017 0.003 0.005 0.017 0.004 0.017 0.018   -995816    0 
 3600:    1.00    0.067    0.010 0.011 0.010 0.018 0.103    0.003 0.003 0.005 0.017 0.003 0.005 0.017 0.004 0.017 0.019   -995444    0 
 3700:    1.00    0.077    0.010 0.011 0.010 0.018 0.105    0.003 0.003 0.005 0.018 0.003 0.005 0.018 0.004 0.018 0.019   -995383    0 
 3800:    1.00    0.051    0.010 0.011 0.010 0.019 0.113    0.003 0.003 0.005 0.019 0.003 0.005 0.019 0.005 0.019 0.021   -994901    0 
 3900:    1.00    0.067    0.010 0.011 0.010 0.019 0.116    0.003 0.003 0.005 0.019 0.003 0.005 0.019 0.005 0.019 0.021   -994679    0 

--------------------------------------------
Proportion of membership of each pre-defined
 population in each of the 5 clusters

Given    Inferred Clusters                     Number of
 Pop       1      2      3      4      5      Individuals

  1:     0.247  0.160  0.149  0.217  0.227       23
--------------------------------------------

 Rep#:   Lambda   Alpha      F1    F2    F3    F4    F5     D1,2  D1,3  D1,4  D1,5  D2,3  D2,4  D2,5  D3,4  D3,5  D4,5    Ln Like  Est Ln P(D)
 4000:    1.00    0.065    0.010 0.011 0.010 0.019 0.119    0.003 0.003 0.005 0.020 0.003 0.005 0.020 0.005 0.020 0.021   -994146    0 
 4100:    1.00    0.077    0.010 0.011 0.010 0.019 0.123    0.003 0.003 0.005 0.020 0.003 0.005 0.021 0.005 0.020 0.022   -994263    0 
 4200:    1.00    0.056    0.010 0.011 0.010 0.020 0.127    0.003 0.003 0.005 0.021 0.003 0.005 0.021 0.005 0.021 0.023   -993925    0 
 4300:    1.00    0.047    0.010 0.011 0.011 0.021 0.129    0.003 0.003 0.005 0.021 0.003 0.005 0.021 0.005 0.021 0.023   -993776    0 
 4400:    1.00    0.073    0.010 0.011 0.011 0.021 0.129    0.003 0.003 0.005 0.021 0.003 0.005 0.021 0.005 0.021 0.023   -993693    0 
 4500:    1.00    0.059    0.010 0.011 0.011 0.024 0.131    0.003 0.003 0.005 0.021 0.003 0.005 0.021 0.005 0.021 0.024   -992645    0 
 4600:    1.00    0.069    0.010 0.011 0.011 0.026 0.131    0.003 0.003 0.006 0.021 0.003 0.006 0.021 0.006 0.021 0.024   -992284    0 
 4700:    1.00    0.086    0.010 0.011 0.011 0.029 0.131    0.003 0.003 0.006 0.021 0.003 0.006 0.022 0.006 0.022 0.025   -991743    0 
 4800:    1.00    0.066    0.010 0.011 0.011 0.029 0.135    0.003 0.003 0.006 0.022 0.003 0.006 0.022 0.006 0.022 0.026   -991834    0 
 4900:    1.00    0.047    0.010 0.011 0.011 0.033 0.137    0.003 0.003 0.007 0.022 0.003 0.007 0.022 0.007 0.022 0.026   -990993    0 

--------------------------------------------
Proportion of membership of each pre-defined
 population in each of the 5 clusters

Given    Inferred Clusters                     Number of
 Pop       1      2      3      4      5      Individuals

  1:     0.295  0.139  0.137  0.217  0.212       23
--------------------------------------------

 Rep#:   Lambda   Alpha      F1    F2    F3    F4    F5     D1,2  D1,3  D1,4  D1,5  D2,3  D2,4  D2,5  D3,4  D3,5  D4,5    Ln Like  Est Ln P(D)
 5000:    1.00    0.057    0.010 0.011 0.011 0.035 0.138    0.003 0.003 0.007 0.022 0.003 0.007 0.023 0.007 0.023 0.027   -990275    0 
 5100:    1.00    0.062    0.010 0.011 0.011 0.035 0.137    0.003 0.003 0.007 0.022 0.003 0.007 0.022 0.007 0.022 0.027   -990230    0 
 5200:    1.00    0.054    0.011 0.011 0.011 0.037 0.140    0.003 0.003 0.008 0.023 0.003 0.008 0.023 0.008 0.023 0.027   -989732    0 
 5300:    1.00    0.063    0.011 0.011 0.011 0.038 0.143    0.003 0.003 0.008 0.023 0.003 0.008 0.023 0.008 0.023 0.028   -989930    0 
 5400:    1.00    0.058    0.011 0.011 0.011 0.040 0.146    0.003 0.003 0.008 0.023 0.003 0.008 0.024 0.008 0.023 0.029   -989548    0 
 5500:    1.00    0.057    0.011 0.011 0.011 0.040 0.150    0.003 0.003 0.008 0.023 0.003 0.008 0.024 0.008 0.024 0.029   -989608    0 
 5600:    1.00    0.068    0.011 0.011 0.011 0.043 0.150    0.003 0.003 0.008 0.024 0.003 0.009 0.024 0.008 0.024 0.030   -988821    0 
 5700:    1.00    0.062    0.011 0.011 0.011 0.053 0.150    0.003 0.003 0.010 0.024 0.003 0.010 0.024 0.010 0.024 0.031   -988135    0 
 5800:    1.00    0.083    0.011 0.011 0.011 0.053 0.150    0.003 0.003 0.010 0.024 0.003 0.010 0.024 0.010 0.024 0.031   -988438    0 
 5900:    1.00    0.057    0.011 0.011 0.011 0.056 0.150    0.003 0.003 0.011 0.024 0.003 0.011 0.024 0.011 0.024 0.032   -987541    0 
 6000:    1.00    0.068    0.011 0.011 0.011 0.066 0.150    0.003 0.003 0.012 0.024 0.003 0.012 0.024 0.012 0.024 0.033   -986824    0 

MCMC completed

Inferred ancestry of individuals:
        Label (%Miss) Pop:  Inferred clusters
  1 18160D-09-0    (2)    1 :  0.452 0.330 0.180 0.023 0.016 
  2 18160D-09-0    (4)    1 :  0.840 0.041 0.009 0.013 0.096 
  3 18160D-09-0    (2)    1 :  0.043 0.010 0.130 0.002 0.814 
  4 18160D-09-0    (5)    1 :  0.025 0.003 0.006 0.002 0.964 
  5 18160D-09-0    (4)    1 :  0.033 0.007 0.063 0.004 0.892 
  6 18160D-09-0    (4)    1 :  0.023 0.008 0.028 0.006 0.935 
  7 18160D-09-0    (2)    1 :  0.020 0.003 0.006 0.007 0.965 
  8 18160D-09-0    (4)    1 :  0.518 0.140 0.302 0.017 0.022 
  9 18160D-09-0    (2)    1 :  0.033 0.072 0.031 0.855 0.009 
 10 18160D-09-1    (2)    1 :  0.001 0.003 0.001 0.994 0.000 
 11 18160D-09-1    (2)    1 :  0.014 0.025 0.006 0.949 0.006 
 12 18160D-09-1    (2)    1 :  0.046 0.082 0.026 0.838 0.008 
 13 18160D-09-1    (5)    1 :  0.600 0.080 0.172 0.009 0.139 
 14 18160D-09-1   (18)    1 :  0.356 0.190 0.329 0.005 0.120 
 15 18160D-09-1    (4)    1 :  0.823 0.075 0.052 0.016 0.034 
 16 18160D-09-1    (2)    1 :  0.003 0.007 0.009 0.980 0.001 
 17 18160D-09-1    (2)    1 :  0.361 0.425 0.095 0.020 0.099 
 18 18160D-09-1    (2)    1 :  0.006 0.904 0.015 0.068 0.006 
 19 18160D-09-1    (2)    1 :  0.387 0.334 0.198 0.023 0.058 
 20 18160D-09-2    (5)    1 :  0.599 0.164 0.200 0.020 0.018 
 21 18160D-09-2    (5)    1 :  0.273 0.011 0.603 0.023 0.090 
 22 18160D-09-2    (5)    1 :  0.028 0.037 0.897 0.030 0.008 
 23 18160D-09-2    (2)    1 :  0.045 0.666 0.152 0.020 0.117 

Command line arguments:   structure -D 838159 -K 5 -m mainparams -o k5/populations_k5_run10 
Input File:    populations.str
Output File:   k5/populations_k5_run10_f

Run parameters:
   23 individuals
   50160 loci
   5 populations assumed
   1000 Burn-in period
   5000 Reps
RANDOMIZE turned off

--------------------------------------------
Estimated Ln Prob of Data   = -78655844.5
Mean value of ln likelihood = -1002808.4
Variance of ln likelihood   = 155306072.2
Mean value of alpha         = 0.2691

Mean value of Fst_1         = 0.0102
Mean value of Fst_2         = 0.0105
Mean value of Fst_3         = 0.0104
Mean value of Fst_4         = 0.0217
Mean value of Fst_5         = 0.0775


--------------------------------------------
Proportion of membership of each pre-defined
 population in each of the 5 clusters

Given    Inferred Clusters                     Number of
 Pop       1      2      3      4      5      Individuals

  1:     0.240  0.157  0.153  0.214  0.236       23
--------------------------------------------
Final results printed to file k5/populations_k5_run10_f

