

----------------------------------------------------
STRUCTURE by Pritchard, Stephens and Donnelly (2000)
     and Falush, Stephens and Pritchard (2003)
       Code by Pritchard, Falush and Hubisz
             Version 2.3.4 (Jul 2012)
----------------------------------------------------


Reading file "mainparams".
datafile is
populations.str
Reading file "extraparams".
Reading file "populations.str".


Data file "populations.str" (truncated) --

Ind:   Label Pop : Genotype_data . . . .
  1: 18160D-09-0    1  :  4   1   3   1   4   1   3  . . . .   2
  1: 18160D-09-0    1  :  4   1   3   1   4   4   4  . . . .   4
  2: 18160D-09-0    1  :  4   1   3   1   4   1   3  . . . .   2
  2: 18160D-09-0    1  :  4   1   3   1   4   4   3  . . . .   4
  3: 18160D-09-0    1  :  4   1   0   0   0   0   3  . . . .   2
  3: 18160D-09-0    1  :  4   3   0   0   0   0   3  . . . .   4
  4: 18160D-09-0    1  :  4   1   3   1   4   1   3  . . . .   2
  4: 18160D-09-0    1  :  4   3   3   1   4   1   3  . . . .   4

      *******   

 22: 18160D-09-2    1  :  4   1   3   1   4   1   3  . . . .   2
 22: 18160D-09-2    1  :  4   3   3   1   4   1   4  . . . .   4
 23: 18160D-09-2    1  :  4   1   3   1   4   1   3  . . . .   2
 23: 18160D-09-2    1  :  4   1   3   1   4   4   4  . . . .   4

Number of alleles per locus: min= 2; ave=2.0; max= 2


--------------------------------------

Finished initialization; starting MCMC 
5000 iterations + 1000 burnin


--------------------------------------------
Proportion of membership of each pre-defined
 population in each of the 5 clusters

Given    Inferred Clusters                     Number of
 Pop       1      2      3      4      5      Individuals

  1:     0.203  0.197  0.205  0.202  0.192       23
--------------------------------------------

 Rep#:   Lambda   Alpha      F1    F2    F3    F4    F5     D1,2  D1,3  D1,4  D1,5  D2,3  D2,4  D2,5  D3,4  D3,5  D4,5    Ln Like 
  100:    1.00    1.864    0.010 0.010 0.010 0.010 0.010    0.003 0.003 0.003 0.003 0.003 0.003 0.003 0.003 0.003 0.003   --  
  200:    1.00    2.305    0.010 0.010 0.010 0.010 0.010    0.003 0.003 0.003 0.003 0.003 0.003 0.003 0.003 0.003 0.003   --  
  300:    1.00    2.618    0.010 0.010 0.010 0.010 0.010    0.003 0.003 0.003 0.003 0.003 0.003 0.003 0.003 0.003 0.003   --  
  400:    1.00    2.722    0.010 0.010 0.010 0.010 0.010    0.003 0.003 0.003 0.003 0.003 0.003 0.003 0.003 0.003 0.003   --  
  500:    1.00    3.026    0.010 0.010 0.010 0.010 0.010    0.003 0.003 0.003 0.003 0.003 0.003 0.003 0.003 0.003 0.003   --  
  600:    1.00    3.301    0.010 0.010 0.010 0.010 0.010    0.003 0.003 0.003 0.003 0.003 0.003 0.003 0.003 0.003 0.003   --  
  700:    1.00    3.087    0.010 0.010 0.010 0.010 0.010    0.003 0.003 0.003 0.003 0.003 0.003 0.003 0.003 0.003 0.003   --  
  800:    1.00    3.786    0.010 0.010 0.010 0.010 0.010    0.003 0.003 0.003 0.003 0.003 0.003 0.003 0.003 0.003 0.003   --  
  900:    1.00    4.402    0.010 0.010 0.010 0.010 0.010    0.003 0.003 0.003 0.003 0.003 0.003 0.003 0.003 0.003 0.003   --  
 1000:    1.00    4.490    0.010 0.010 0.010 0.010 0.010    0.003 0.003 0.003 0.003 0.003 0.003 0.003 0.003 0.003 0.003   --  

BURNIN completed
 Rep#:   Lambda   Alpha      F1    F2    F3    F4    F5     D1,2  D1,3  D1,4  D1,5  D2,3  D2,4  D2,5  D3,4  D3,5  D4,5    Ln Like  Est Ln P(D)
 1100:    1.00    4.744    0.010 0.010 0.010 0.010 0.010    0.003 0.003 0.003 0.003 0.003 0.003 0.003 0.003 0.003 0.003   -1025458    0 
 1200:    1.00    4.733    0.010 0.010 0.010 0.010 0.010    0.003 0.003 0.003 0.003 0.003 0.003 0.003 0.003 0.003 0.003   -1025077    0 
 1300:    1.00    4.637    0.010 0.010 0.010 0.010 0.010    0.003 0.003 0.003 0.003 0.003 0.003 0.003 0.003 0.003 0.003   -1024768    0 
 1400:    1.00    4.412    0.010 0.010 0.010 0.010 0.010    0.003 0.003 0.003 0.003 0.003 0.003 0.003 0.003 0.003 0.003   -1024305    0 
 1500:    1.00    3.878    0.010 0.010 0.010 0.010 0.010    0.003 0.003 0.003 0.003 0.003 0.003 0.003 0.003 0.003 0.003   -1023557    0 
 1600:    1.00    3.229    0.010 0.010 0.010 0.010 0.010    0.003 0.003 0.003 0.003 0.003 0.003 0.003 0.003 0.003 0.003   -1022451    0 
 1700:    1.00    2.739    0.010 0.010 0.010 0.010 0.010    0.003 0.003 0.003 0.003 0.003 0.003 0.003 0.003 0.003 0.003   -1021535    0 
 1800:    1.00    2.282    0.011 0.010 0.010 0.010 0.010    0.003 0.003 0.003 0.003 0.003 0.003 0.003 0.003 0.003 0.003   -1020882    0 
 1900:    1.00    1.294    0.011 0.010 0.010 0.010 0.010    0.003 0.003 0.003 0.003 0.003 0.003 0.003 0.003 0.003 0.003   -1019917    0 

--------------------------------------------
Proportion of membership of each pre-defined
 population in each of the 5 clusters

Given    Inferred Clusters                     Number of
 Pop       1      2      3      4      5      Individuals

  1:     0.272  0.157  0.194  0.187  0.190       23
--------------------------------------------

 Rep#:   Lambda   Alpha      F1    F2    F3    F4    F5     D1,2  D1,3  D1,4  D1,5  D2,3  D2,4  D2,5  D3,4  D3,5  D4,5    Ln Like  Est Ln P(D)
 2000:    1.00    0.732    0.011 0.010 0.010 0.010 0.010    0.003 0.003 0.003 0.003 0.003 0.003 0.003 0.003 0.003 0.003   -1019086    0 
 2100:    1.00    0.413    0.012 0.010 0.010 0.010 0.010    0.003 0.003 0.003 0.003 0.003 0.003 0.003 0.003 0.003 0.003   -1018355    0 
 2200:    1.00    0.402    0.013 0.010 0.010 0.010 0.010    0.004 0.004 0.004 0.004 0.003 0.003 0.003 0.003 0.003 0.003   -1017255    0 
 2300:    1.00    0.385    0.018 0.010 0.010 0.010 0.010    0.004 0.004 0.004 0.005 0.003 0.003 0.003 0.003 0.003 0.003   -1015814    0 
 2400:    1.00    0.288    0.018 0.010 0.010 0.010 0.011    0.004 0.004 0.004 0.005 0.003 0.003 0.003 0.003 0.003 0.003   -1015167    0 
 2500:    1.00    0.245    0.024 0.010 0.010 0.010 0.011    0.005 0.005 0.005 0.006 0.003 0.003 0.003 0.003 0.003 0.003   -1013204    0 
 2600:    1.00    0.168    0.036 0.010 0.011 0.010 0.011    0.007 0.008 0.007 0.008 0.003 0.003 0.003 0.003 0.003 0.003   -1009024    0 
 2700:    1.00    0.194    0.065 0.010 0.011 0.010 0.012    0.012 0.012 0.012 0.013 0.003 0.003 0.003 0.003 0.003 0.003   -1003952    0 
 2800:    1.00    0.192    0.086 0.010 0.011 0.010 0.012    0.015 0.015 0.015 0.015 0.003 0.003 0.003 0.003 0.003 0.003   -1000667    0 
 2900:    1.00    0.133    0.106 0.010 0.011 0.010 0.012    0.018 0.018 0.018 0.018 0.003 0.003 0.003 0.003 0.003 0.003   -999273    0 

--------------------------------------------
Proportion of membership of each pre-defined
 population in each of the 5 clusters

Given    Inferred Clusters                     Number of
 Pop       1      2      3      4      5      Individuals

  1:     0.238  0.121  0.245  0.205  0.191       23
--------------------------------------------

 Rep#:   Lambda   Alpha      F1    F2    F3    F4    F5     D1,2  D1,3  D1,4  D1,5  D2,3  D2,4  D2,5  D3,4  D3,5  D4,5    Ln Like  Est Ln P(D)
 3000:    1.00    0.169    0.118 0.010 0.011 0.010 0.012    0.019 0.020 0.020 0.020 0.003 0.003 0.003 0.003 0.004 0.003   -998429    0 
 3100:    1.00    0.140    0.118 0.010 0.011 0.010 0.012    0.020 0.020 0.019 0.020 0.003 0.003 0.003 0.003 0.004 0.003   -998101    0 
 3200:    1.00    0.105    0.123 0.010 0.011 0.010 0.012    0.020 0.020 0.020 0.021 0.003 0.003 0.003 0.003 0.004 0.003   -997548    0 
 3300:    1.00    0.134    0.126 0.010 0.011 0.010 0.013    0.020 0.021 0.021 0.021 0.003 0.003 0.003 0.003 0.004 0.004   -997486    0 
 3400:    1.00    0.159    0.129 0.010 0.011 0.010 0.013    0.021 0.021 0.021 0.022 0.003 0.003 0.004 0.003 0.004 0.004   -997461    0 
 3500:    1.00    0.156    0.129 0.010 0.011 0.010 0.013    0.021 0.021 0.021 0.022 0.003 0.003 0.003 0.003 0.004 0.004   -997268    0 
 3600:    1.00    0.176    0.130 0.010 0.011 0.010 0.013    0.021 0.021 0.021 0.022 0.003 0.003 0.004 0.003 0.004 0.004   -996991    0 
 3700:    1.00    0.174    0.131 0.010 0.011 0.010 0.013    0.021 0.022 0.022 0.022 0.003 0.003 0.004 0.003 0.004 0.004   -997149    0 
 3800:    1.00    0.143    0.131 0.010 0.011 0.010 0.013    0.021 0.021 0.021 0.022 0.003 0.003 0.003 0.003 0.004 0.004   -996929    0 
 3900:    1.00    0.148    0.137 0.010 0.011 0.010 0.013    0.022 0.022 0.022 0.023 0.003 0.003 0.003 0.003 0.004 0.004   -996653    0 

--------------------------------------------
Proportion of membership of each pre-defined
 population in each of the 5 clusters

Given    Inferred Clusters                     Number of
 Pop       1      2      3      4      5      Individuals

  1:     0.224  0.074  0.252  0.246  0.204       23
--------------------------------------------

 Rep#:   Lambda   Alpha      F1    F2    F3    F4    F5     D1,2  D1,3  D1,4  D1,5  D2,3  D2,4  D2,5  D3,4  D3,5  D4,5    Ln Like  Est Ln P(D)
 4000:    1.00    0.126    0.137 0.010 0.011 0.010 0.014    0.022 0.022 0.022 0.023 0.003 0.003 0.004 0.003 0.004 0.004   -995850    0 
 4100:    1.00    0.095    0.136 0.010 0.011 0.010 0.016    0.022 0.022 0.022 0.023 0.003 0.003 0.004 0.003 0.004 0.004   -995569    0 
 4200:    1.00    0.067    0.139 0.010 0.011 0.011 0.016    0.022 0.022 0.022 0.024 0.003 0.003 0.004 0.003 0.004 0.004   -995106    0 
 4300:    1.00    0.102    0.141 0.010 0.011 0.011 0.016    0.023 0.023 0.023 0.024 0.003 0.003 0.004 0.003 0.004 0.004   -995038    0 
 4400:    1.00    0.073    0.141 0.010 0.011 0.011 0.016    0.022 0.023 0.022 0.024 0.003 0.003 0.004 0.003 0.004 0.004   -994705    0 
 4500:    1.00    0.082    0.143 0.010 0.011 0.011 0.017    0.023 0.023 0.023 0.024 0.003 0.003 0.004 0.003 0.004 0.004   -993812    0 
 4600:    1.00    0.078    0.143 0.010 0.011 0.011 0.017    0.023 0.023 0.023 0.024 0.003 0.003 0.004 0.003 0.004 0.004   -994135    0 
 4700:    1.00    0.064    0.143 0.010 0.011 0.011 0.017    0.023 0.023 0.023 0.025 0.003 0.003 0.004 0.003 0.004 0.004   -993864    0 
 4800:    1.00    0.060    0.142 0.010 0.011 0.011 0.017    0.023 0.023 0.023 0.024 0.003 0.003 0.004 0.003 0.004 0.004   -993190    0 
 4900:    1.00    0.076    0.143 0.010 0.011 0.011 0.017    0.023 0.023 0.023 0.024 0.003 0.003 0.004 0.003 0.004 0.004   -994035    0 

--------------------------------------------
Proportion of membership of each pre-defined
 population in each of the 5 clusters

Given    Inferred Clusters                     Number of
 Pop       1      2      3      4      5      Individuals

  1:     0.217  0.064  0.230  0.271  0.218       23
--------------------------------------------

 Rep#:   Lambda   Alpha      F1    F2    F3    F4    F5     D1,2  D1,3  D1,4  D1,5  D2,3  D2,4  D2,5  D3,4  D3,5  D4,5    Ln Like  Est Ln P(D)
 5000:    1.00    0.089    0.144 0.010 0.011 0.011 0.019    0.023 0.024 0.023 0.025 0.003 0.003 0.005 0.003 0.005 0.005   -992603    0 
 5100:    1.00    0.059    0.144 0.010 0.011 0.011 0.020    0.023 0.023 0.023 0.025 0.003 0.003 0.005 0.003 0.005 0.005   -992932    0 
 5200:    1.00    0.075    0.147 0.010 0.011 0.011 0.021    0.023 0.024 0.024 0.026 0.003 0.003 0.005 0.003 0.005 0.005   -992169    0 
 5300:    1.00    0.068    0.147 0.010 0.011 0.011 0.022    0.024 0.024 0.024 0.026 0.003 0.003 0.005 0.003 0.005 0.005   -992507    0 
 5400:    1.00    0.063    0.147 0.010 0.011 0.011 0.024    0.024 0.024 0.024 0.026 0.003 0.003 0.005 0.003 0.005 0.006   -992247    0 
 5500:    1.00    0.070    0.147 0.009 0.011 0.011 0.026    0.024 0.024 0.024 0.026 0.003 0.003 0.006 0.003 0.006 0.006   -991784    0 
 5600:    1.00    0.071    0.147 0.009 0.011 0.011 0.026    0.023 0.024 0.023 0.026 0.003 0.003 0.006 0.003 0.006 0.006   -991731    0 
 5700:    1.00    0.061    0.149 0.009 0.011 0.011 0.029    0.024 0.024 0.024 0.027 0.003 0.003 0.006 0.003 0.006 0.006   -990629    0 
 5800:    1.00    0.072    0.149 0.009 0.011 0.011 0.031    0.024 0.024 0.024 0.027 0.003 0.003 0.006 0.003 0.007 0.007   -990618    0 
 5900:    1.00    0.058    0.150 0.010 0.011 0.011 0.033    0.024 0.024 0.024 0.027 0.003 0.003 0.007 0.003 0.007 0.007   -990289    0 
 6000:    1.00    0.067    0.149 0.010 0.011 0.011 0.041    0.024 0.024 0.024 0.029 0.003 0.003 0.008 0.003 0.008 0.008   -988161    0 

MCMC completed

Inferred ancestry of individuals:
        Label (%Miss) Pop:  Inferred clusters
  1 18160D-09-0    (2)    1 :  0.089 0.102 0.606 0.153 0.050 
  2 18160D-09-0    (4)    1 :  0.092 0.128 0.310 0.449 0.021 
  3 18160D-09-0    (2)    1 :  0.743 0.139 0.068 0.038 0.013 
  4 18160D-09-0    (5)    1 :  0.946 0.014 0.006 0.016 0.018 
  5 18160D-09-0    (4)    1 :  0.865 0.009 0.070 0.029 0.028 
  6 18160D-09-0    (4)    1 :  0.900 0.017 0.024 0.047 0.012 
  7 18160D-09-0    (2)    1 :  0.927 0.011 0.024 0.020 0.018 
  8 18160D-09-0    (4)    1 :  0.060 0.145 0.736 0.033 0.026 
  9 18160D-09-0    (2)    1 :  0.011 0.301 0.031 0.034 0.624 
 10 18160D-09-1    (2)    1 :  0.004 0.035 0.011 0.004 0.945 
 11 18160D-09-1    (2)    1 :  0.014 0.077 0.021 0.029 0.859 
 12 18160D-09-1    (2)    1 :  0.008 0.176 0.027 0.039 0.749 
 13 18160D-09-1    (5)    1 :  0.119 0.095 0.388 0.368 0.030 
 14 18160D-09-1   (18)    1 :  0.170 0.021 0.188 0.584 0.036 
 15 18160D-09-1    (4)    1 :  0.044 0.084 0.057 0.781 0.033 
 16 18160D-09-1    (2)    1 :  0.012 0.045 0.007 0.012 0.924 
 17 18160D-09-1    (2)    1 :  0.071 0.048 0.121 0.731 0.029 
 18 18160D-09-1    (2)    1 :  0.012 0.567 0.215 0.151 0.055 
 19 18160D-09-1    (2)    1 :  0.045 0.180 0.427 0.327 0.020 
 20 18160D-09-2    (5)    1 :  0.050 0.126 0.711 0.081 0.032 
 21 18160D-09-2    (5)    1 :  0.138 0.074 0.064 0.686 0.039 
 22 18160D-09-2    (5)    1 :  0.024 0.083 0.860 0.018 0.014 
 23 18160D-09-2    (2)    1 :  0.051 0.066 0.138 0.686 0.059 

Command line arguments:   structure -D 503547 -K 5 -m mainparams -o k5/populations_k5_run1 
Input File:    populations.str
Output File:   k5/populations_k5_run1_f

Run parameters:
   23 individuals
   50160 loci
   5 populations assumed
   1000 Burn-in period
   5000 Reps
RANDOMIZE turned off

--------------------------------------------
Estimated Ln Prob of Data   = -76365074.9
Mean value of ln likelihood = -1003233.6
Variance of ln likelihood   = 150723682.5
Mean value of alpha         = 0.8155

Mean value of Fst_1         = 0.0942
Mean value of Fst_2         = 0.0096
Mean value of Fst_3         = 0.0106
Mean value of Fst_4         = 0.0105
Mean value of Fst_5         = 0.0153


--------------------------------------------
Proportion of membership of each pre-defined
 population in each of the 5 clusters

Given    Inferred Clusters                     Number of
 Pop       1      2      3      4      5      Individuals

  1:     0.235  0.111  0.222  0.231  0.202       23
--------------------------------------------
Final results printed to file k5/populations_k5_run1_f

