

----------------------------------------------------
STRUCTURE by Pritchard, Stephens and Donnelly (2000)
     and Falush, Stephens and Pritchard (2003)
       Code by Pritchard, Falush and Hubisz
             Version 2.3.4 (Jul 2012)
----------------------------------------------------


Reading file "mainparams".
datafile is
populations.str
Reading file "extraparams".
Reading file "populations.str".


Data file "populations.str" (truncated) --

Ind:   Label Pop : Genotype_data . . . .
  1: 18160D-09-0    1  :  4   1   3   1   4   1   3  . . . .   2
  1: 18160D-09-0    1  :  4   1   3   1   4   4   4  . . . .   4
  2: 18160D-09-0    1  :  4   1   3   1   4   1   3  . . . .   2
  2: 18160D-09-0    1  :  4   1   3   1   4   4   3  . . . .   4
  3: 18160D-09-0    1  :  4   1   0   0   0   0   3  . . . .   2
  3: 18160D-09-0    1  :  4   3   0   0   0   0   3  . . . .   4
  4: 18160D-09-0    1  :  4   1   3   1   4   1   3  . . . .   2
  4: 18160D-09-0    1  :  4   3   3   1   4   1   3  . . . .   4

      *******   

 22: 18160D-09-2    1  :  4   1   3   1   4   1   3  . . . .   2
 22: 18160D-09-2    1  :  4   3   3   1   4   1   4  . . . .   4
 23: 18160D-09-2    1  :  4   1   3   1   4   1   3  . . . .   2
 23: 18160D-09-2    1  :  4   1   3   1   4   4   4  . . . .   4

Number of alleles per locus: min= 2; ave=2.0; max= 2


--------------------------------------

Finished initialization; starting MCMC 
5000 iterations + 1000 burnin


--------------------------------------------
Proportion of membership of each pre-defined
 population in each of the 5 clusters

Given    Inferred Clusters                     Number of
 Pop       1      2      3      4      5      Individuals

  1:     0.209  0.197  0.191  0.198  0.204       23
--------------------------------------------

 Rep#:   Lambda   Alpha      F1    F2    F3    F4    F5     D1,2  D1,3  D1,4  D1,5  D2,3  D2,4  D2,5  D3,4  D3,5  D4,5    Ln Like 
  100:    1.00    1.691    0.010 0.010 0.010 0.010 0.010    0.003 0.003 0.003 0.003 0.003 0.003 0.003 0.003 0.003 0.003   --  
  200:    1.00    2.292    0.010 0.010 0.010 0.010 0.010    0.003 0.003 0.003 0.003 0.003 0.003 0.003 0.003 0.003 0.003   --  
  300:    1.00    2.597    0.010 0.010 0.010 0.010 0.010    0.003 0.003 0.003 0.003 0.003 0.003 0.003 0.003 0.003 0.003   --  
  400:    1.00    2.656    0.010 0.010 0.010 0.010 0.010    0.003 0.003 0.003 0.003 0.003 0.003 0.003 0.003 0.003 0.003   --  
  500:    1.00    3.014    0.010 0.010 0.010 0.010 0.010    0.003 0.003 0.003 0.003 0.003 0.003 0.003 0.003 0.003 0.003   --  
  600:    1.00    3.181    0.010 0.010 0.010 0.010 0.010    0.003 0.003 0.003 0.003 0.003 0.003 0.003 0.003 0.003 0.003   --  
  700:    1.00    3.284    0.010 0.010 0.010 0.010 0.010    0.003 0.003 0.003 0.003 0.003 0.003 0.003 0.003 0.003 0.003   --  
  800:    1.00    3.507    0.010 0.010 0.010 0.010 0.010    0.003 0.003 0.003 0.003 0.003 0.003 0.003 0.003 0.003 0.003   --  
  900:    1.00    3.667    0.010 0.010 0.010 0.010 0.010    0.003 0.003 0.003 0.003 0.003 0.003 0.003 0.003 0.003 0.003   --  
 1000:    1.00    3.615    0.010 0.010 0.010 0.010 0.010    0.003 0.003 0.003 0.003 0.003 0.003 0.003 0.003 0.003 0.003   --  

BURNIN completed
 Rep#:   Lambda   Alpha      F1    F2    F3    F4    F5     D1,2  D1,3  D1,4  D1,5  D2,3  D2,4  D2,5  D3,4  D3,5  D4,5    Ln Like  Est Ln P(D)
 1100:    1.00    3.253    0.010 0.010 0.010 0.010 0.010    0.003 0.003 0.003 0.003 0.003 0.003 0.003 0.003 0.003 0.003   -1023900    0 
 1200:    1.00    2.716    0.010 0.010 0.010 0.010 0.010    0.003 0.003 0.003 0.003 0.003 0.003 0.003 0.003 0.003 0.003   -1023597    0 
 1300:    1.00    2.583    0.010 0.010 0.010 0.010 0.010    0.003 0.003 0.003 0.003 0.003 0.003 0.003 0.003 0.003 0.003   -1022071    0 
 1400:    1.00    2.470    0.010 0.010 0.011 0.010 0.010    0.003 0.003 0.003 0.003 0.003 0.003 0.003 0.003 0.003 0.003   -1021040    0 
 1500:    1.00    1.664    0.010 0.010 0.011 0.010 0.010    0.003 0.003 0.003 0.003 0.003 0.003 0.003 0.003 0.003 0.003   -1020228    0 
 1600:    1.00    0.863    0.010 0.010 0.011 0.010 0.010    0.003 0.003 0.003 0.003 0.003 0.003 0.003 0.003 0.003 0.003   -1019553    0 
 1700:    1.00    0.640    0.010 0.010 0.011 0.010 0.010    0.003 0.003 0.003 0.003 0.003 0.003 0.003 0.003 0.003 0.003   -1019129    0 
 1800:    1.00    0.467    0.010 0.010 0.011 0.010 0.010    0.003 0.003 0.003 0.003 0.003 0.003 0.003 0.003 0.003 0.003   -1018210    0 
 1900:    1.00    0.391    0.010 0.010 0.012 0.010 0.010    0.003 0.003 0.003 0.003 0.004 0.003 0.003 0.003 0.003 0.003   -1017734    0 

--------------------------------------------
Proportion of membership of each pre-defined
 population in each of the 5 clusters

Given    Inferred Clusters                     Number of
 Pop       1      2      3      4      5      Individuals

  1:     0.214  0.244  0.189  0.199  0.155       23
--------------------------------------------

 Rep#:   Lambda   Alpha      F1    F2    F3    F4    F5     D1,2  D1,3  D1,4  D1,5  D2,3  D2,4  D2,5  D3,4  D3,5  D4,5    Ln Like  Est Ln P(D)
 2000:    1.00    0.401    0.010 0.010 0.012 0.010 0.010    0.003 0.003 0.003 0.003 0.004 0.003 0.003 0.003 0.003 0.003   -1017150    0 
 2100:    1.00    0.294    0.010 0.012 0.013 0.010 0.010    0.003 0.004 0.003 0.003 0.004 0.003 0.004 0.004 0.004 0.003   -1016199    0 
 2200:    1.00    0.242    0.010 0.013 0.013 0.010 0.010    0.004 0.004 0.003 0.003 0.004 0.004 0.004 0.004 0.004 0.003   -1015649    0 
 2300:    1.00    0.223    0.010 0.013 0.013 0.010 0.010    0.004 0.004 0.003 0.003 0.004 0.004 0.004 0.004 0.004 0.003   -1014881    0 
 2400:    1.00    0.220    0.010 0.013 0.013 0.010 0.010    0.004 0.004 0.003 0.003 0.004 0.004 0.004 0.004 0.004 0.003   -1014459    0 
 2500:    1.00    0.156    0.010 0.020 0.013 0.010 0.010    0.005 0.004 0.003 0.003 0.005 0.005 0.005 0.004 0.004 0.003   -1012063    0 
 2600:    1.00    0.196    0.010 0.020 0.013 0.011 0.010    0.005 0.004 0.003 0.003 0.006 0.005 0.005 0.004 0.004 0.003   -1011747    0 
 2700:    1.00    0.160    0.010 0.021 0.013 0.011 0.010    0.005 0.004 0.003 0.003 0.006 0.005 0.005 0.004 0.004 0.003   -1011077    0 
 2800:    1.00    0.159    0.010 0.024 0.013 0.011 0.010    0.005 0.004 0.003 0.003 0.006 0.006 0.006 0.004 0.004 0.003   -1009600    0 
 2900:    1.00    0.114    0.010 0.037 0.013 0.011 0.010    0.007 0.004 0.003 0.003 0.008 0.008 0.008 0.004 0.004 0.003   -1006913    0 

--------------------------------------------
Proportion of membership of each pre-defined
 population in each of the 5 clusters

Given    Inferred Clusters                     Number of
 Pop       1      2      3      4      5      Individuals

  1:     0.260  0.225  0.205  0.165  0.145       23
--------------------------------------------

 Rep#:   Lambda   Alpha      F1    F2    F3    F4    F5     D1,2  D1,3  D1,4  D1,5  D2,3  D2,4  D2,5  D3,4  D3,5  D4,5    Ln Like  Est Ln P(D)
 3000:    1.00    0.076    0.010 0.068 0.014 0.011 0.010    0.012 0.004 0.003 0.003 0.013 0.012 0.012 0.004 0.004 0.003   -1000375    0 
 3100:    1.00    0.115    0.010 0.094 0.014 0.011 0.010    0.016 0.004 0.003 0.003 0.017 0.016 0.016 0.004 0.004 0.003   -997578    0 
 3200:    1.00    0.083    0.010 0.105 0.014 0.011 0.010    0.017 0.004 0.003 0.003 0.018 0.018 0.018 0.004 0.004 0.003   -996498    0 
 3300:    1.00    0.063    0.010 0.108 0.015 0.011 0.010    0.018 0.004 0.003 0.003 0.019 0.018 0.018 0.004 0.004 0.003   -996289    0 
 3400:    1.00    0.071    0.010 0.108 0.015 0.011 0.010    0.018 0.004 0.003 0.003 0.019 0.018 0.018 0.004 0.004 0.003   -995622    0 
 3500:    1.00    0.062    0.010 0.112 0.015 0.011 0.010    0.019 0.004 0.003 0.003 0.020 0.019 0.019 0.004 0.004 0.003   -995412    0 
 3600:    1.00    0.055    0.010 0.115 0.015 0.011 0.010    0.019 0.004 0.003 0.003 0.020 0.019 0.019 0.004 0.004 0.003   -995468    0 
 3700:    1.00    0.050    0.010 0.115 0.016 0.011 0.010    0.019 0.004 0.003 0.003 0.020 0.019 0.019 0.004 0.004 0.003   -994850    0 
 3800:    1.00    0.055    0.010 0.119 0.018 0.011 0.010    0.020 0.005 0.003 0.003 0.022 0.020 0.020 0.005 0.005 0.003   -993653    0 
 3900:    1.00    0.065    0.010 0.123 0.019 0.011 0.010    0.020 0.005 0.003 0.003 0.022 0.020 0.020 0.005 0.005 0.003   -992589    0 

--------------------------------------------
Proportion of membership of each pre-defined
 population in each of the 5 clusters

Given    Inferred Clusters                     Number of
 Pop       1      2      3      4      5      Individuals

  1:     0.309  0.211  0.218  0.155  0.107       23
--------------------------------------------

 Rep#:   Lambda   Alpha      F1    F2    F3    F4    F5     D1,2  D1,3  D1,4  D1,5  D2,3  D2,4  D2,5  D3,4  D3,5  D4,5    Ln Like  Est Ln P(D)
 4000:    1.00    0.042    0.010 0.126 0.019 0.011 0.011    0.020 0.005 0.003 0.003 0.022 0.021 0.021 0.005 0.005 0.003   -993214    0 
 4100:    1.00    0.035    0.010 0.128 0.019 0.011 0.011    0.021 0.005 0.003 0.003 0.022 0.021 0.021 0.005 0.005 0.003   -992750    0 
 4200:    1.00    0.068    0.010 0.132 0.020 0.011 0.011    0.021 0.005 0.003 0.003 0.023 0.021 0.021 0.005 0.005 0.003   -992469    0 
 4300:    1.00    0.050    0.010 0.132 0.021 0.011 0.011    0.021 0.005 0.003 0.003 0.024 0.022 0.022 0.005 0.005 0.003   -991870    0 
 4400:    1.00    0.037    0.010 0.134 0.021 0.011 0.011    0.021 0.005 0.003 0.003 0.024 0.022 0.022 0.005 0.005 0.003   -991724    0 
 4500:    1.00    0.036    0.010 0.134 0.024 0.011 0.011    0.022 0.006 0.003 0.003 0.024 0.022 0.022 0.006 0.006 0.003   -991661    0 
 4600:    1.00    0.037    0.010 0.134 0.027 0.011 0.011    0.022 0.006 0.003 0.003 0.025 0.022 0.022 0.006 0.006 0.003   -990775    0 
 4700:    1.00    0.038    0.010 0.134 0.028 0.011 0.011    0.021 0.006 0.003 0.003 0.025 0.022 0.022 0.006 0.006 0.003   -990997    0 
 4800:    1.00    0.041    0.010 0.134 0.028 0.012 0.011    0.022 0.006 0.003 0.003 0.025 0.022 0.022 0.006 0.006 0.003   -990649    0 
 4900:    1.00    0.035    0.010 0.135 0.028 0.012 0.011    0.022 0.006 0.003 0.003 0.025 0.022 0.022 0.006 0.006 0.003   -990679    0 

--------------------------------------------
Proportion of membership of each pre-defined
 population in each of the 5 clusters

Given    Inferred Clusters                     Number of
 Pop       1      2      3      4      5      Individuals

  1:     0.339  0.204  0.216  0.144  0.097       23
--------------------------------------------

 Rep#:   Lambda   Alpha      F1    F2    F3    F4    F5     D1,2  D1,3  D1,4  D1,5  D2,3  D2,4  D2,5  D3,4  D3,5  D4,5    Ln Like  Est Ln P(D)
 5000:    1.00    0.042    0.010 0.135 0.028 0.012 0.011    0.022 0.006 0.003 0.003 0.025 0.022 0.022 0.006 0.006 0.003   -990482    0 
 5100:    1.00    0.038    0.010 0.135 0.031 0.012 0.011    0.022 0.006 0.003 0.003 0.025 0.022 0.022 0.007 0.006 0.003   -990293    0 
 5200:    1.00    0.041    0.010 0.136 0.031 0.012 0.011    0.022 0.007 0.003 0.003 0.026 0.022 0.022 0.007 0.007 0.003   -989995    0 
 5300:    1.00    0.046    0.010 0.138 0.032 0.012 0.011    0.022 0.007 0.003 0.003 0.026 0.022 0.022 0.007 0.007 0.003   -989538    0 
 5400:    1.00    0.042    0.010 0.139 0.033 0.012 0.011    0.022 0.007 0.003 0.003 0.027 0.023 0.023 0.007 0.007 0.003   -989289    0 
 5500:    1.00    0.036    0.010 0.140 0.039 0.012 0.011    0.023 0.008 0.003 0.003 0.028 0.023 0.023 0.008 0.008 0.003   -988625    0 
 5600:    1.00    0.043    0.010 0.140 0.039 0.012 0.011    0.022 0.008 0.003 0.003 0.027 0.023 0.023 0.008 0.008 0.003   -988231    0 
 5700:    1.00    0.044    0.010 0.143 0.039 0.012 0.011    0.023 0.008 0.003 0.003 0.028 0.023 0.023 0.008 0.008 0.003   -987906    0 
 5800:    1.00    0.040    0.010 0.145 0.039 0.012 0.011    0.023 0.008 0.003 0.003 0.028 0.024 0.024 0.008 0.008 0.003   -988044    0 
 5900:    1.00    0.033    0.010 0.142 0.043 0.012 0.011    0.022 0.009 0.003 0.003 0.028 0.023 0.023 0.009 0.009 0.003   -987608    0 
 6000:    1.00    0.031    0.010 0.140 0.044 0.012 0.011    0.022 0.009 0.003 0.003 0.028 0.022 0.022 0.009 0.009 0.004   -987825    0 

MCMC completed

Inferred ancestry of individuals:
        Label (%Miss) Pop:  Inferred clusters
  1 18160D-09-0    (2)    1 :  0.140 0.093 0.033 0.638 0.096 
  2 18160D-09-0    (4)    1 :  0.806 0.049 0.013 0.068 0.064 
  3 18160D-09-0    (2)    1 :  0.166 0.788 0.006 0.035 0.005 
  4 18160D-09-0    (5)    1 :  0.009 0.966 0.006 0.015 0.004 
  5 18160D-09-0    (4)    1 :  0.017 0.913 0.007 0.054 0.008 
  6 18160D-09-0    (4)    1 :  0.019 0.931 0.005 0.037 0.007 
  7 18160D-09-0    (2)    1 :  0.007 0.973 0.003 0.012 0.005 
  8 18160D-09-0    (4)    1 :  0.030 0.042 0.022 0.554 0.352 
  9 18160D-09-0    (2)    1 :  0.025 0.016 0.803 0.030 0.125 
 10 18160D-09-1    (2)    1 :  0.002 0.003 0.982 0.003 0.010 
 11 18160D-09-1    (2)    1 :  0.021 0.007 0.899 0.019 0.053 
 12 18160D-09-1    (2)    1 :  0.015 0.019 0.783 0.022 0.161 
 13 18160D-09-1    (5)    1 :  0.707 0.069 0.019 0.144 0.061 
 14 18160D-09-1   (18)    1 :  0.575 0.013 0.012 0.341 0.060 
 15 18160D-09-1    (4)    1 :  0.719 0.032 0.010 0.152 0.088 
 16 18160D-09-1    (2)    1 :  0.004 0.002 0.981 0.006 0.007 
 17 18160D-09-1    (2)    1 :  0.575 0.013 0.019 0.347 0.046 
 18 18160D-09-1    (2)    1 :  0.113 0.025 0.019 0.116 0.727 
 19 18160D-09-1    (2)    1 :  0.849 0.023 0.012 0.075 0.040 
 20 18160D-09-2    (5)    1 :  0.029 0.011 0.028 0.812 0.120 
 21 18160D-09-2    (5)    1 :  0.749 0.013 0.031 0.197 0.011 
 22 18160D-09-2    (5)    1 :  0.091 0.015 0.026 0.048 0.820 
 23 18160D-09-2    (2)    1 :  0.764 0.033 0.023 0.104 0.076 

Command line arguments:   structure -D 465946 -K 5 -m mainparams -o k5/populations_k5_run7 
Input File:    populations.str
Output File:   k5/populations_k5_run7_f

Run parameters:
   23 individuals
   50160 loci
   5 populations assumed
   1000 Burn-in period
   5000 Reps
RANDOMIZE turned off

--------------------------------------------
Estimated Ln Prob of Data   = -81236833.6
Mean value of ln likelihood = -1001737.2
Variance of ln likelihood   = 160470192.7
Mean value of alpha         = 0.4044

Mean value of Fst_1         = 0.0103
Mean value of Fst_2         = 0.0827
Mean value of Fst_3         = 0.0200
Mean value of Fst_4         = 0.0109
Mean value of Fst_5         = 0.0106


--------------------------------------------
Proportion of membership of each pre-defined
 population in each of the 5 clusters

Given    Inferred Clusters                     Number of
 Pop       1      2      3      4      5      Individuals

  1:     0.280  0.220  0.206  0.167  0.128       23
--------------------------------------------
Final results printed to file k5/populations_k5_run7_f

