

----------------------------------------------------
STRUCTURE by Pritchard, Stephens and Donnelly (2000)
     and Falush, Stephens and Pritchard (2003)
       Code by Pritchard, Falush and Hubisz
             Version 2.3.4 (Jul 2012)
----------------------------------------------------


Reading file "mainparams".
datafile is
populations.str
Reading file "extraparams".
Reading file "populations.str".


Data file "populations.str" (truncated) --

Ind:   Label Pop : Genotype_data . . . .
  1: 18160D-09-0    1  :  4   1   3   1   4   1   3  . . . .   2
  1: 18160D-09-0    1  :  4   1   3   1   4   4   4  . . . .   4
  2: 18160D-09-0    1  :  4   1   3   1   4   1   3  . . . .   2
  2: 18160D-09-0    1  :  4   1   3   1   4   4   3  . . . .   4
  3: 18160D-09-0    1  :  4   1   0   0   0   0   3  . . . .   2
  3: 18160D-09-0    1  :  4   3   0   0   0   0   3  . . . .   4
  4: 18160D-09-0    1  :  4   1   3   1   4   1   3  . . . .   2
  4: 18160D-09-0    1  :  4   3   3   1   4   1   3  . . . .   4

      *******   

 22: 18160D-09-2    1  :  4   1   3   1   4   1   3  . . . .   2
 22: 18160D-09-2    1  :  4   3   3   1   4   1   4  . . . .   4
 23: 18160D-09-2    1  :  4   1   3   1   4   1   3  . . . .   2
 23: 18160D-09-2    1  :  4   1   3   1   4   4   4  . . . .   4

Number of alleles per locus: min= 2; ave=2.0; max= 2


--------------------------------------

Finished initialization; starting MCMC 
5000 iterations + 1000 burnin


--------------------------------------------
Proportion of membership of each pre-defined
 population in each of the 5 clusters

Given    Inferred Clusters                     Number of
 Pop       1      2      3      4      5      Individuals

  1:     0.193  0.201  0.204  0.205  0.197       23
--------------------------------------------

 Rep#:   Lambda   Alpha      F1    F2    F3    F4    F5     D1,2  D1,3  D1,4  D1,5  D2,3  D2,4  D2,5  D3,4  D3,5  D4,5    Ln Like 
  100:    1.00    1.549    0.010 0.010 0.010 0.010 0.010    0.003 0.003 0.003 0.003 0.003 0.003 0.003 0.003 0.003 0.003   --  
  200:    1.00    1.985    0.010 0.010 0.010 0.010 0.010    0.003 0.003 0.003 0.003 0.003 0.003 0.003 0.003 0.003 0.003   --  
  300:    1.00    2.411    0.010 0.010 0.010 0.010 0.010    0.003 0.003 0.003 0.003 0.003 0.003 0.003 0.003 0.003 0.003   --  
  400:    1.00    2.684    0.010 0.010 0.010 0.010 0.010    0.003 0.003 0.003 0.003 0.003 0.003 0.003 0.003 0.003 0.003   --  
  500:    1.00    2.874    0.010 0.010 0.010 0.010 0.010    0.003 0.003 0.003 0.003 0.003 0.003 0.003 0.003 0.003 0.003   --  
  600:    1.00    2.945    0.010 0.010 0.010 0.010 0.010    0.003 0.003 0.003 0.003 0.003 0.003 0.003 0.003 0.003 0.003   --  
  700:    1.00    3.092    0.010 0.010 0.010 0.010 0.010    0.003 0.003 0.003 0.003 0.003 0.003 0.003 0.003 0.003 0.003   --  
  800:    1.00    3.472    0.010 0.010 0.010 0.010 0.010    0.003 0.003 0.003 0.003 0.003 0.003 0.003 0.003 0.003 0.003   --  
  900:    1.00    3.140    0.010 0.010 0.010 0.010 0.010    0.003 0.003 0.003 0.003 0.003 0.003 0.003 0.003 0.003 0.003   --  
 1000:    1.00    3.085    0.010 0.010 0.010 0.010 0.010    0.003 0.003 0.003 0.003 0.003 0.003 0.003 0.003 0.003 0.003   --  

BURNIN completed
 Rep#:   Lambda   Alpha      F1    F2    F3    F4    F5     D1,2  D1,3  D1,4  D1,5  D2,3  D2,4  D2,5  D3,4  D3,5  D4,5    Ln Like  Est Ln P(D)
 1100:    1.00    2.639    0.010 0.010 0.010 0.010 0.010    0.003 0.003 0.003 0.003 0.003 0.003 0.003 0.003 0.003 0.003   -1023551    0 
 1200:    1.00    2.109    0.010 0.010 0.010 0.010 0.010    0.003 0.003 0.003 0.003 0.003 0.003 0.003 0.003 0.003 0.003   -1022636    0 
 1300:    1.00    1.644    0.010 0.010 0.010 0.010 0.010    0.003 0.003 0.003 0.003 0.003 0.003 0.003 0.003 0.003 0.003   -1022258    0 
 1400:    1.00    1.160    0.010 0.010 0.011 0.010 0.010    0.003 0.003 0.003 0.003 0.003 0.003 0.003 0.003 0.003 0.003   -1021022    0 
 1500:    1.00    0.840    0.010 0.010 0.011 0.010 0.010    0.003 0.003 0.003 0.003 0.003 0.003 0.003 0.003 0.003 0.003   -1020507    0 
 1600:    1.00    0.609    0.010 0.010 0.011 0.011 0.010    0.003 0.003 0.003 0.003 0.003 0.003 0.003 0.003 0.003 0.003   -1018847    0 
 1700:    1.00    0.463    0.010 0.010 0.011 0.011 0.010    0.003 0.003 0.003 0.003 0.003 0.003 0.003 0.003 0.003 0.003   -1017885    0 
 1800:    1.00    0.381    0.010 0.010 0.011 0.011 0.010    0.003 0.003 0.003 0.003 0.003 0.003 0.003 0.004 0.003 0.003   -1017557    0 
 1900:    1.00    0.328    0.010 0.010 0.011 0.011 0.010    0.003 0.003 0.003 0.003 0.003 0.003 0.003 0.004 0.003 0.003   -1016508    0 

--------------------------------------------
Proportion of membership of each pre-defined
 population in each of the 5 clusters

Given    Inferred Clusters                     Number of
 Pop       1      2      3      4      5      Individuals

  1:     0.108  0.262  0.249  0.206  0.175       23
--------------------------------------------

 Rep#:   Lambda   Alpha      F1    F2    F3    F4    F5     D1,2  D1,3  D1,4  D1,5  D2,3  D2,4  D2,5  D3,4  D3,5  D4,5    Ln Like  Est Ln P(D)
 2000:    1.00    0.229    0.010 0.010 0.012 0.011 0.010    0.003 0.003 0.003 0.003 0.004 0.003 0.003 0.004 0.003 0.003   -1016030    0 
 2100:    1.00    0.329    0.010 0.011 0.014 0.011 0.010    0.003 0.004 0.003 0.003 0.004 0.003 0.003 0.004 0.004 0.003   -1015074    0 
 2200:    1.00    0.224    0.010 0.011 0.015 0.011 0.010    0.003 0.004 0.003 0.003 0.004 0.003 0.003 0.004 0.004 0.003   -1014535    0 
 2300:    1.00    0.183    0.010 0.011 0.017 0.012 0.010    0.003 0.004 0.003 0.003 0.004 0.003 0.003 0.005 0.004 0.003   -1013907    0 
 2400:    1.00    0.204    0.010 0.011 0.017 0.013 0.010    0.003 0.004 0.004 0.003 0.004 0.004 0.003 0.005 0.004 0.003   -1013257    0 
 2500:    1.00    0.198    0.010 0.011 0.021 0.013 0.010    0.003 0.005 0.004 0.003 0.005 0.004 0.003 0.006 0.005 0.004   -1011975    0 
 2600:    1.00    0.118    0.010 0.011 0.022 0.013 0.010    0.003 0.005 0.004 0.003 0.005 0.004 0.003 0.006 0.005 0.004   -1011380    0 
 2700:    1.00    0.155    0.010 0.011 0.027 0.015 0.010    0.003 0.006 0.004 0.003 0.006 0.004 0.003 0.007 0.006 0.004   -1009314    0 
 2800:    1.00    0.113    0.010 0.011 0.045 0.015 0.010    0.003 0.009 0.004 0.003 0.009 0.004 0.003 0.010 0.009 0.004   -1005069    0 
 2900:    1.00    0.128    0.010 0.011 0.082 0.015 0.010    0.003 0.014 0.004 0.003 0.015 0.004 0.003 0.015 0.014 0.004   -999690    0 

--------------------------------------------
Proportion of membership of each pre-defined
 population in each of the 5 clusters

Given    Inferred Clusters                     Number of
 Pop       1      2      3      4      5      Individuals

  1:     0.100  0.257  0.234  0.220  0.189       23
--------------------------------------------

 Rep#:   Lambda   Alpha      F1    F2    F3    F4    F5     D1,2  D1,3  D1,4  D1,5  D2,3  D2,4  D2,5  D3,4  D3,5  D4,5    Ln Like  Est Ln P(D)
 3000:    1.00    0.123    0.010 0.011 0.102 0.015 0.010    0.003 0.017 0.004 0.003 0.017 0.004 0.003 0.018 0.017 0.004   -997439    0 
 3100:    1.00    0.106    0.010 0.011 0.106 0.015 0.010    0.003 0.018 0.004 0.003 0.018 0.004 0.003 0.019 0.018 0.004   -997239    0 
 3200:    1.00    0.109    0.010 0.011 0.108 0.016 0.010    0.003 0.018 0.004 0.003 0.018 0.004 0.003 0.019 0.018 0.004   -996963    0 
 3300:    1.00    0.087    0.010 0.011 0.114 0.017 0.010    0.003 0.019 0.004 0.003 0.019 0.004 0.003 0.020 0.019 0.004   -996280    0 
 3400:    1.00    0.082    0.010 0.011 0.114 0.017 0.010    0.003 0.019 0.004 0.003 0.019 0.004 0.003 0.021 0.019 0.004   -996020    0 
 3500:    1.00    0.086    0.010 0.011 0.116 0.019 0.010    0.003 0.019 0.004 0.003 0.019 0.005 0.003 0.021 0.019 0.005   -996035    0 
 3600:    1.00    0.089    0.010 0.011 0.125 0.020 0.010    0.003 0.020 0.005 0.003 0.020 0.005 0.003 0.022 0.020 0.005   -994871    0 
 3700:    1.00    0.101    0.010 0.011 0.125 0.020 0.010    0.003 0.020 0.005 0.003 0.020 0.005 0.003 0.022 0.020 0.005   -994939    0 
 3800:    1.00    0.070    0.010 0.011 0.126 0.020 0.010    0.003 0.021 0.005 0.003 0.021 0.005 0.003 0.023 0.021 0.005   -994774    0 
 3900:    1.00    0.093    0.010 0.011 0.128 0.021 0.010    0.003 0.021 0.005 0.003 0.021 0.005 0.003 0.023 0.021 0.005   -994269    0 

--------------------------------------------
Proportion of membership of each pre-defined
 population in each of the 5 clusters

Given    Inferred Clusters                     Number of
 Pop       1      2      3      4      5      Individuals

  1:     0.103  0.233  0.222  0.217  0.225       23
--------------------------------------------

 Rep#:   Lambda   Alpha      F1    F2    F3    F4    F5     D1,2  D1,3  D1,4  D1,5  D2,3  D2,4  D2,5  D3,4  D3,5  D4,5    Ln Like  Est Ln P(D)
 4000:    1.00    0.126    0.010 0.011 0.127 0.023 0.010    0.003 0.021 0.005 0.003 0.021 0.005 0.003 0.023 0.021 0.005   -994125    0 
 4100:    1.00    0.081    0.010 0.011 0.132 0.023 0.010    0.003 0.021 0.005 0.003 0.022 0.005 0.003 0.024 0.021 0.005   -993841    0 
 4200:    1.00    0.080    0.010 0.011 0.133 0.025 0.010    0.003 0.022 0.006 0.003 0.022 0.006 0.003 0.025 0.022 0.006   -993269    0 
 4300:    1.00    0.067    0.010 0.011 0.133 0.025 0.010    0.003 0.022 0.006 0.003 0.022 0.006 0.003 0.024 0.021 0.006   -993215    0 
 4400:    1.00    0.070    0.010 0.011 0.133 0.029 0.010    0.003 0.022 0.006 0.003 0.022 0.006 0.003 0.025 0.022 0.006   -992181    0 
 4500:    1.00    0.073    0.010 0.011 0.134 0.029 0.010    0.003 0.021 0.006 0.003 0.021 0.006 0.003 0.025 0.021 0.006   -992253    0 
 4600:    1.00    0.071    0.010 0.011 0.134 0.031 0.010    0.003 0.022 0.007 0.003 0.022 0.007 0.003 0.025 0.022 0.007   -991548    0 
 4700:    1.00    0.086    0.010 0.011 0.138 0.031 0.010    0.003 0.022 0.007 0.003 0.022 0.007 0.003 0.026 0.022 0.007   -991445    0 
 4800:    1.00    0.073    0.010 0.011 0.138 0.035 0.010    0.003 0.022 0.007 0.003 0.022 0.007 0.003 0.027 0.022 0.007   -990547    0 
 4900:    1.00    0.068    0.010 0.011 0.138 0.039 0.010    0.003 0.022 0.008 0.003 0.022 0.008 0.003 0.027 0.022 0.008   -990062    0 

--------------------------------------------
Proportion of membership of each pre-defined
 population in each of the 5 clusters

Given    Inferred Clusters                     Number of
 Pop       1      2      3      4      5      Individuals

  1:     0.118  0.182  0.216  0.216  0.268       23
--------------------------------------------

 Rep#:   Lambda   Alpha      F1    F2    F3    F4    F5     D1,2  D1,3  D1,4  D1,5  D2,3  D2,4  D2,5  D3,4  D3,5  D4,5    Ln Like  Est Ln P(D)
 5000:    1.00    0.090    0.010 0.011 0.138 0.044 0.011    0.003 0.022 0.009 0.003 0.022 0.009 0.003 0.028 0.022 0.009   -988673    0 
 5100:    1.00    0.076    0.010 0.011 0.139 0.045 0.011    0.003 0.022 0.009 0.003 0.023 0.009 0.003 0.028 0.022 0.009   -988841    0 
 5200:    1.00    0.084    0.010 0.011 0.139 0.047 0.011    0.003 0.022 0.009 0.003 0.023 0.009 0.003 0.029 0.022 0.009   -988220    0 
 5300:    1.00    0.107    0.010 0.011 0.138 0.047 0.011    0.003 0.022 0.009 0.003 0.022 0.009 0.003 0.028 0.022 0.009   -988618    0 
 5400:    1.00    0.061    0.010 0.011 0.139 0.050 0.011    0.003 0.022 0.010 0.003 0.022 0.010 0.003 0.029 0.022 0.010   -988099    0 
 5500:    1.00    0.058    0.010 0.011 0.139 0.052 0.011    0.003 0.022 0.010 0.003 0.022 0.010 0.003 0.029 0.022 0.010   -987854    0 
 5600:    1.00    0.072    0.010 0.011 0.139 0.057 0.011    0.003 0.022 0.011 0.003 0.023 0.011 0.003 0.030 0.023 0.011   -987504    0 
 5700:    1.00    0.068    0.011 0.011 0.140 0.066 0.011    0.003 0.023 0.012 0.003 0.023 0.012 0.003 0.032 0.022 0.012   -986668    0 
 5800:    1.00    0.067    0.011 0.011 0.140 0.071 0.011    0.003 0.023 0.013 0.003 0.023 0.013 0.003 0.033 0.023 0.013   -985753    0 
 5900:    1.00    0.051    0.011 0.011 0.140 0.079 0.011    0.003 0.023 0.015 0.003 0.023 0.015 0.003 0.034 0.022 0.014   -985275    0 
 6000:    1.00    0.057    0.011 0.011 0.141 0.089 0.011    0.003 0.023 0.016 0.003 0.023 0.016 0.003 0.036 0.023 0.016   -984936    0 

MCMC completed

Inferred ancestry of individuals:
        Label (%Miss) Pop:  Inferred clusters
  1 18160D-09-0    (2)    1 :  0.327 0.226 0.109 0.010 0.328 
  2 18160D-09-0    (4)    1 :  0.013 0.195 0.085 0.006 0.700 
  3 18160D-09-0    (2)    1 :  0.031 0.009 0.757 0.011 0.193 
  4 18160D-09-0    (5)    1 :  0.009 0.010 0.958 0.008 0.014 
  5 18160D-09-0    (4)    1 :  0.069 0.002 0.911 0.009 0.009 
  6 18160D-09-0    (4)    1 :  0.025 0.005 0.926 0.006 0.038 
  7 18160D-09-0    (2)    1 :  0.024 0.007 0.960 0.004 0.006 
  8 18160D-09-0    (4)    1 :  0.586 0.262 0.040 0.016 0.097 
  9 18160D-09-0    (2)    1 :  0.065 0.029 0.013 0.839 0.054 
 10 18160D-09-1    (2)    1 :  0.002 0.003 0.002 0.993 0.001 
 11 18160D-09-1    (2)    1 :  0.011 0.034 0.007 0.942 0.006 
 12 18160D-09-1    (2)    1 :  0.039 0.073 0.015 0.852 0.020 
 13 18160D-09-1    (5)    1 :  0.213 0.218 0.091 0.028 0.449 
 14 18160D-09-1   (18)    1 :  0.235 0.206 0.107 0.021 0.431 
 15 18160D-09-1    (4)    1 :  0.059 0.226 0.030 0.021 0.664 
 16 18160D-09-1    (2)    1 :  0.003 0.005 0.004 0.984 0.003 
 17 18160D-09-1    (2)    1 :  0.168 0.532 0.091 0.017 0.191 
 18 18160D-09-1    (2)    1 :  0.026 0.936 0.009 0.005 0.024 
 19 18160D-09-1    (2)    1 :  0.216 0.300 0.063 0.011 0.410 
 20 18160D-09-2    (5)    1 :  0.500 0.265 0.019 0.034 0.182 
 21 18160D-09-2    (5)    1 :  0.051 0.277 0.027 0.015 0.630 
 22 18160D-09-2    (5)    1 :  0.019 0.936 0.009 0.005 0.032 
 23 18160D-09-2    (2)    1 :  0.027 0.334 0.020 0.013 0.606 

Command line arguments:   structure -D 215018 -K 5 -m mainparams -o k5/populations_k5_run8 
Input File:    populations.str
Output File:   k5/populations_k5_run8_f

Run parameters:
   23 individuals
   50160 loci
   5 populations assumed
   1000 Burn-in period
   5000 Reps
RANDOMIZE turned off

--------------------------------------------
Estimated Ln Prob of Data   = -79316767.0
Mean value of ln likelihood = -1001025.8
Variance of ln likelihood   = 156631482.3
Mean value of alpha         = 0.3194

Mean value of Fst_1         = 0.0102
Mean value of Fst_2         = 0.0108
Mean value of Fst_3         = 0.0869
Mean value of Fst_4         = 0.0261
Mean value of Fst_5         = 0.0102


--------------------------------------------
Proportion of membership of each pre-defined
 population in each of the 5 clusters

Given    Inferred Clusters                     Number of
 Pop       1      2      3      4      5      Individuals

  1:     0.118  0.221  0.228  0.211  0.221       23
--------------------------------------------
Final results printed to file k5/populations_k5_run8_f

