

----------------------------------------------------
STRUCTURE by Pritchard, Stephens and Donnelly (2000)
     and Falush, Stephens and Pritchard (2003)
       Code by Pritchard, Falush and Hubisz
             Version 2.3.4 (Jul 2012)
----------------------------------------------------


Reading file "mainparams".
datafile is
populations.str
Reading file "extraparams".
Reading file "populations.str".


Data file "populations.str" (truncated) --

Ind:   Label Pop : Genotype_data . . . .
  1: 18160D-09-0    1  :  4   1   3   1   4   1   3  . . . .   2
  1: 18160D-09-0    1  :  4   1   3   1   4   4   4  . . . .   4
  2: 18160D-09-0    1  :  4   1   3   1   4   1   3  . . . .   2
  2: 18160D-09-0    1  :  4   1   3   1   4   4   3  . . . .   4
  3: 18160D-09-0    1  :  4   1   0   0   0   0   3  . . . .   2
  3: 18160D-09-0    1  :  4   3   0   0   0   0   3  . . . .   4
  4: 18160D-09-0    1  :  4   1   3   1   4   1   3  . . . .   2
  4: 18160D-09-0    1  :  4   3   3   1   4   1   3  . . . .   4

      *******   

 22: 18160D-09-2    1  :  4   1   3   1   4   1   3  . . . .   2
 22: 18160D-09-2    1  :  4   3   3   1   4   1   4  . . . .   4
 23: 18160D-09-2    1  :  4   1   3   1   4   1   3  . . . .   2
 23: 18160D-09-2    1  :  4   1   3   1   4   4   4  . . . .   4

Number of alleles per locus: min= 2; ave=2.0; max= 2


--------------------------------------

Finished initialization; starting MCMC 
5000 iterations + 1000 burnin


--------------------------------------------
Proportion of membership of each pre-defined
 population in each of the 5 clusters

Given    Inferred Clusters                     Number of
 Pop       1      2      3      4      5      Individuals

  1:     0.193  0.199  0.201  0.201  0.206       23
--------------------------------------------

 Rep#:   Lambda   Alpha      F1    F2    F3    F4    F5     D1,2  D1,3  D1,4  D1,5  D2,3  D2,4  D2,5  D3,4  D3,5  D4,5    Ln Like 
  100:    1.00    1.609    0.010 0.010 0.010 0.010 0.010    0.003 0.003 0.003 0.003 0.003 0.003 0.003 0.003 0.003 0.003   --  
  200:    1.00    2.107    0.010 0.010 0.010 0.010 0.010    0.003 0.003 0.003 0.003 0.003 0.003 0.003 0.003 0.003 0.003   --  
  300:    1.00    2.374    0.010 0.010 0.010 0.010 0.010    0.003 0.003 0.003 0.003 0.003 0.003 0.003 0.003 0.003 0.003   --  
  400:    1.00    2.962    0.010 0.010 0.010 0.010 0.010    0.003 0.003 0.003 0.003 0.003 0.003 0.003 0.003 0.003 0.003   --  
  500:    1.00    3.437    0.010 0.010 0.010 0.010 0.010    0.003 0.003 0.003 0.003 0.003 0.003 0.003 0.003 0.003 0.003   --  
  600:    1.00    3.738    0.010 0.010 0.010 0.010 0.010    0.003 0.003 0.003 0.003 0.003 0.003 0.003 0.003 0.003 0.003   --  
  700:    1.00    3.962    0.010 0.010 0.010 0.010 0.010    0.003 0.003 0.003 0.003 0.003 0.003 0.003 0.003 0.003 0.003   --  
  800:    1.00    4.226    0.010 0.010 0.010 0.010 0.010    0.003 0.003 0.003 0.003 0.003 0.003 0.003 0.003 0.003 0.003   --  
  900:    1.00    4.240    0.010 0.010 0.010 0.010 0.010    0.003 0.003 0.003 0.003 0.003 0.003 0.003 0.003 0.003 0.003   --  
 1000:    1.00    4.211    0.010 0.010 0.010 0.010 0.010    0.003 0.003 0.003 0.003 0.003 0.003 0.003 0.003 0.003 0.003   --  

BURNIN completed
 Rep#:   Lambda   Alpha      F1    F2    F3    F4    F5     D1,2  D1,3  D1,4  D1,5  D2,3  D2,4  D2,5  D3,4  D3,5  D4,5    Ln Like  Est Ln P(D)
 1100:    1.00    4.017    0.010 0.010 0.010 0.010 0.010    0.003 0.003 0.003 0.003 0.003 0.003 0.003 0.003 0.003 0.003   -1025018    0 
 1200:    1.00    3.605    0.010 0.010 0.010 0.010 0.010    0.003 0.003 0.003 0.003 0.003 0.003 0.003 0.003 0.003 0.003   -1024381    0 
 1300:    1.00    3.184    0.010 0.010 0.010 0.010 0.010    0.003 0.003 0.003 0.003 0.003 0.003 0.003 0.003 0.003 0.003   -1023824    0 
 1400:    1.00    2.732    0.010 0.010 0.010 0.010 0.010    0.003 0.003 0.003 0.003 0.003 0.003 0.003 0.003 0.003 0.003   -1023268    0 
 1500:    1.00    2.054    0.010 0.010 0.010 0.010 0.010    0.003 0.003 0.003 0.003 0.003 0.003 0.003 0.003 0.003 0.003   -1022639    0 
 1600:    1.00    1.404    0.010 0.010 0.010 0.010 0.010    0.003 0.003 0.003 0.003 0.003 0.003 0.003 0.003 0.003 0.003   -1021953    0 
 1700:    1.00    0.777    0.010 0.010 0.010 0.010 0.010    0.003 0.003 0.003 0.003 0.003 0.003 0.003 0.003 0.003 0.003   -1021005    0 
 1800:    1.00    0.614    0.010 0.011 0.010 0.010 0.010    0.003 0.003 0.003 0.003 0.003 0.003 0.003 0.003 0.003 0.003   -1020365    0 
 1900:    1.00    0.512    0.010 0.011 0.010 0.011 0.010    0.003 0.003 0.003 0.003 0.003 0.003 0.003 0.003 0.003 0.003   -1019355    0 

--------------------------------------------
Proportion of membership of each pre-defined
 population in each of the 5 clusters

Given    Inferred Clusters                     Number of
 Pop       1      2      3      4      5      Individuals

  1:     0.135  0.208  0.245  0.272  0.141       23
--------------------------------------------

 Rep#:   Lambda   Alpha      F1    F2    F3    F4    F5     D1,2  D1,3  D1,4  D1,5  D2,3  D2,4  D2,5  D3,4  D3,5  D4,5    Ln Like  Est Ln P(D)
 2000:    1.00    0.459    0.010 0.011 0.010 0.011 0.010    0.003 0.003 0.003 0.003 0.003 0.003 0.003 0.003 0.003 0.003   -1018915    0 
 2100:    1.00    0.476    0.010 0.011 0.010 0.012 0.010    0.003 0.003 0.003 0.003 0.003 0.004 0.003 0.003 0.003 0.003   -1017913    0 
 2200:    1.00    0.422    0.010 0.011 0.011 0.012 0.010    0.003 0.003 0.003 0.003 0.003 0.004 0.003 0.003 0.003 0.003   -1017374    0 
 2300:    1.00    0.262    0.010 0.011 0.011 0.012 0.010    0.003 0.003 0.003 0.003 0.003 0.004 0.003 0.004 0.003 0.003   -1016363    0 
 2400:    1.00    0.218    0.010 0.011 0.011 0.014 0.010    0.003 0.003 0.004 0.003 0.003 0.004 0.003 0.004 0.003 0.004   -1015396    0 
 2500:    1.00    0.145    0.010 0.011 0.011 0.014 0.010    0.003 0.003 0.004 0.003 0.003 0.004 0.003 0.004 0.003 0.004   -1015067    0 
 2600:    1.00    0.126    0.010 0.012 0.011 0.014 0.010    0.003 0.003 0.004 0.003 0.003 0.004 0.003 0.004 0.003 0.004   -1014485    0 
 2700:    1.00    0.130    0.010 0.012 0.011 0.015 0.010    0.003 0.003 0.004 0.003 0.003 0.004 0.003 0.004 0.003 0.004   -1013824    0 
 2800:    1.00    0.103    0.010 0.012 0.011 0.017 0.010    0.003 0.003 0.004 0.003 0.003 0.005 0.003 0.004 0.003 0.004   -1013344    0 
 2900:    1.00    0.091    0.010 0.012 0.011 0.019 0.010    0.003 0.003 0.005 0.003 0.004 0.005 0.003 0.005 0.003 0.005   -1012379    0 

--------------------------------------------
Proportion of membership of each pre-defined
 population in each of the 5 clusters

Given    Inferred Clusters                     Number of
 Pop       1      2      3      4      5      Individuals

  1:     0.146  0.233  0.271  0.231  0.119       23
--------------------------------------------

 Rep#:   Lambda   Alpha      F1    F2    F3    F4    F5     D1,2  D1,3  D1,4  D1,5  D2,3  D2,4  D2,5  D3,4  D3,5  D4,5    Ln Like  Est Ln P(D)
 3000:    1.00    0.092    0.010 0.012 0.011 0.019 0.010    0.003 0.003 0.005 0.003 0.004 0.005 0.003 0.005 0.003 0.005   -1012016    0 
 3100:    1.00    0.116    0.010 0.013 0.011 0.029 0.010    0.004 0.003 0.006 0.003 0.004 0.007 0.004 0.006 0.003 0.006   -1009408    0 
 3200:    1.00    0.101    0.010 0.013 0.011 0.051 0.010    0.004 0.003 0.010 0.003 0.004 0.010 0.003 0.010 0.003 0.010   -1004694    0 
 3300:    1.00    0.063    0.010 0.013 0.011 0.071 0.010    0.004 0.003 0.013 0.003 0.004 0.013 0.004 0.013 0.003 0.013   -1001296    0 
 3400:    1.00    0.064    0.010 0.013 0.011 0.083 0.010    0.004 0.003 0.014 0.003 0.004 0.015 0.003 0.015 0.003 0.014   -1000121    0 
 3500:    1.00    0.055    0.010 0.013 0.011 0.094 0.010    0.004 0.003 0.016 0.003 0.004 0.017 0.004 0.016 0.003 0.016   -999016    0 
 3600:    1.00    0.057    0.010 0.013 0.011 0.106 0.010    0.004 0.003 0.017 0.003 0.004 0.018 0.004 0.018 0.003 0.018   -997306    0 
 3700:    1.00    0.057    0.010 0.013 0.011 0.110 0.010    0.004 0.003 0.018 0.003 0.004 0.019 0.004 0.018 0.003 0.018   -996856    0 
 3800:    1.00    0.085    0.010 0.013 0.011 0.113 0.010    0.004 0.003 0.019 0.003 0.004 0.019 0.004 0.019 0.003 0.019   -996722    0 
 3900:    1.00    0.066    0.010 0.014 0.011 0.117 0.010    0.004 0.003 0.019 0.003 0.004 0.020 0.004 0.019 0.003 0.019   -995888    0 

--------------------------------------------
Proportion of membership of each pre-defined
 population in each of the 5 clusters

Given    Inferred Clusters                     Number of
 Pop       1      2      3      4      5      Individuals

  1:     0.168  0.218  0.273  0.216  0.125       23
--------------------------------------------

 Rep#:   Lambda   Alpha      F1    F2    F3    F4    F5     D1,2  D1,3  D1,4  D1,5  D2,3  D2,4  D2,5  D3,4  D3,5  D4,5    Ln Like  Est Ln P(D)
 4000:    1.00    0.074    0.010 0.015 0.011 0.117 0.010    0.004 0.003 0.019 0.003 0.004 0.020 0.004 0.019 0.003 0.019   -995617    0 
 4100:    1.00    0.046    0.010 0.015 0.011 0.118 0.010    0.004 0.003 0.019 0.003 0.004 0.020 0.004 0.019 0.003 0.019   -995825    0 
 4200:    1.00    0.054    0.010 0.015 0.011 0.123 0.010    0.004 0.003 0.020 0.003 0.004 0.021 0.004 0.020 0.003 0.020   -994944    0 
 4300:    1.00    0.054    0.010 0.015 0.011 0.124 0.010    0.004 0.003 0.020 0.003 0.004 0.021 0.004 0.020 0.003 0.020   -995073    0 
 4400:    1.00    0.046    0.010 0.015 0.011 0.124 0.010    0.004 0.003 0.020 0.003 0.004 0.021 0.004 0.020 0.003 0.020   -995427    0 
 4500:    1.00    0.052    0.010 0.015 0.011 0.124 0.010    0.004 0.003 0.020 0.003 0.004 0.021 0.004 0.020 0.003 0.020   -995019    0 
 4600:    1.00    0.066    0.010 0.016 0.011 0.124 0.010    0.004 0.003 0.020 0.003 0.004 0.022 0.004 0.020 0.003 0.020   -994444    0 
 4700:    1.00    0.072    0.010 0.017 0.011 0.125 0.010    0.004 0.003 0.020 0.003 0.004 0.022 0.004 0.021 0.003 0.020   -994266    0 
 4800:    1.00    0.047    0.010 0.019 0.011 0.127 0.010    0.005 0.003 0.021 0.003 0.005 0.023 0.005 0.021 0.003 0.021   -993868    0 
 4900:    1.00    0.055    0.010 0.020 0.011 0.131 0.010    0.005 0.003 0.021 0.003 0.005 0.023 0.005 0.021 0.003 0.021   -992987    0 

--------------------------------------------
Proportion of membership of each pre-defined
 population in each of the 5 clusters

Given    Inferred Clusters                     Number of
 Pop       1      2      3      4      5      Individuals

  1:     0.191  0.217  0.217  0.210  0.165       23
--------------------------------------------

 Rep#:   Lambda   Alpha      F1    F2    F3    F4    F5     D1,2  D1,3  D1,4  D1,5  D2,3  D2,4  D2,5  D3,4  D3,5  D4,5    Ln Like  Est Ln P(D)
 5000:    1.00    0.050    0.010 0.024 0.011 0.131 0.010    0.005 0.003 0.021 0.003 0.005 0.024 0.005 0.021 0.003 0.021   -992402    0 
 5100:    1.00    0.038    0.010 0.024 0.011 0.135 0.010    0.005 0.003 0.022 0.003 0.005 0.024 0.005 0.022 0.003 0.022   -992626    0 
 5200:    1.00    0.082    0.010 0.024 0.011 0.136 0.010    0.005 0.003 0.022 0.003 0.006 0.024 0.005 0.022 0.003 0.022   -992120    0 
 5300:    1.00    0.059    0.010 0.025 0.011 0.136 0.010    0.006 0.003 0.022 0.003 0.006 0.025 0.006 0.022 0.003 0.022   -992020    0 
 5400:    1.00    0.051    0.010 0.027 0.011 0.136 0.010    0.006 0.003 0.022 0.003 0.006 0.025 0.006 0.022 0.003 0.022   -991393    0 
 5500:    1.00    0.060    0.010 0.027 0.011 0.137 0.010    0.006 0.003 0.022 0.003 0.006 0.025 0.006 0.022 0.003 0.022   -991796    0 
 5600:    1.00    0.073    0.010 0.027 0.011 0.136 0.011    0.006 0.003 0.022 0.003 0.006 0.025 0.006 0.022 0.003 0.022   -991446    0 
 5700:    1.00    0.042    0.010 0.027 0.011 0.140 0.011    0.006 0.003 0.023 0.003 0.006 0.026 0.006 0.023 0.003 0.023   -991711    0 
 5800:    1.00    0.046    0.010 0.028 0.011 0.140 0.011    0.006 0.003 0.022 0.003 0.006 0.026 0.006 0.023 0.003 0.023   -991011    0 
 5900:    1.00    0.055    0.010 0.028 0.011 0.140 0.011    0.006 0.003 0.022 0.003 0.006 0.026 0.006 0.022 0.003 0.022   -991178    0 
 6000:    1.00    0.065    0.010 0.031 0.011 0.141 0.011    0.007 0.003 0.023 0.003 0.007 0.026 0.007 0.023 0.003 0.023   -990597    0 

MCMC completed

Inferred ancestry of individuals:
        Label (%Miss) Pop:  Inferred clusters
  1 18160D-09-0    (2)    1 :  0.029 0.036 0.832 0.065 0.037 
  2 18160D-09-0    (4)    1 :  0.078 0.012 0.503 0.090 0.318 
  3 18160D-09-0    (2)    1 :  0.035 0.011 0.093 0.819 0.042 
  4 18160D-09-0    (5)    1 :  0.031 0.009 0.007 0.924 0.030 
  5 18160D-09-0    (4)    1 :  0.025 0.016 0.012 0.884 0.063 
  6 18160D-09-0    (4)    1 :  0.046 0.014 0.008 0.910 0.022 
  7 18160D-09-0    (2)    1 :  0.047 0.013 0.008 0.916 0.016 
  8 18160D-09-0    (4)    1 :  0.731 0.016 0.197 0.023 0.033 
  9 18160D-09-0    (2)    1 :  0.071 0.757 0.115 0.014 0.043 
 10 18160D-09-1    (2)    1 :  0.006 0.968 0.008 0.003 0.015 
 11 18160D-09-1    (2)    1 :  0.025 0.899 0.015 0.007 0.053 
 12 18160D-09-1    (2)    1 :  0.061 0.797 0.047 0.014 0.081 
 13 18160D-09-1    (5)    1 :  0.111 0.016 0.388 0.074 0.412 
 14 18160D-09-1   (18)    1 :  0.299 0.012 0.116 0.040 0.534 
 15 18160D-09-1    (4)    1 :  0.182 0.021 0.444 0.061 0.293 
 16 18160D-09-1    (2)    1 :  0.004 0.966 0.014 0.006 0.010 
 17 18160D-09-1    (2)    1 :  0.738 0.024 0.142 0.052 0.044 
 18 18160D-09-1    (2)    1 :  0.016 0.298 0.640 0.016 0.030 
 19 18160D-09-1    (2)    1 :  0.012 0.029 0.384 0.064 0.511 
 20 18160D-09-2    (5)    1 :  0.645 0.015 0.245 0.057 0.039 
 21 18160D-09-2    (5)    1 :  0.485 0.028 0.135 0.107 0.245 
 22 18160D-09-2    (5)    1 :  0.015 0.016 0.921 0.020 0.028 
 23 18160D-09-2    (2)    1 :  0.137 0.036 0.244 0.082 0.500 

Command line arguments:   structure -D 173446 -K 5 -m mainparams -o k5/populations_k5_run5 
Input File:    populations.str
Output File:   k5/populations_k5_run5_f

Run parameters:
   23 individuals
   50160 loci
   5 populations assumed
   1000 Burn-in period
   5000 Reps
RANDOMIZE turned off

--------------------------------------------
Estimated Ln Prob of Data   = -74958335.0
Mean value of ln likelihood = -1004863.5
Variance of ln likelihood   = 147906943.0
Mean value of alpha         = 0.5000

Mean value of Fst_1         = 0.0100
Mean value of Fst_2         = 0.0156
Mean value of Fst_3         = 0.0105
Mean value of Fst_4         = 0.0738
Mean value of Fst_5         = 0.0102


--------------------------------------------
Proportion of membership of each pre-defined
 population in each of the 5 clusters

Given    Inferred Clusters                     Number of
 Pop       1      2      3      4      5      Individuals

  1:     0.166  0.218  0.240  0.228  0.148       23
--------------------------------------------
Final results printed to file k5/populations_k5_run5_f

