

----------------------------------------------------
STRUCTURE by Pritchard, Stephens and Donnelly (2000)
     and Falush, Stephens and Pritchard (2003)
       Code by Pritchard, Falush and Hubisz
             Version 2.3.4 (Jul 2012)
----------------------------------------------------


Reading file "mainparams".
datafile is
populations.str
Reading file "extraparams".
Reading file "populations.str".


Data file "populations.str" (truncated) --

Ind:   Label Pop : Genotype_data . . . .
  1: 18160D-09-0    1  :  4   1   3   1   4   1   3  . . . .   2
  1: 18160D-09-0    1  :  4   1   3   1   4   4   4  . . . .   4
  2: 18160D-09-0    1  :  4   1   3   1   4   1   3  . . . .   2
  2: 18160D-09-0    1  :  4   1   3   1   4   4   3  . . . .   4
  3: 18160D-09-0    1  :  4   1   0   0   0   0   3  . . . .   2
  3: 18160D-09-0    1  :  4   3   0   0   0   0   3  . . . .   4
  4: 18160D-09-0    1  :  4   1   3   1   4   1   3  . . . .   2
  4: 18160D-09-0    1  :  4   3   3   1   4   1   3  . . . .   4

      *******   

 22: 18160D-09-2    1  :  4   1   3   1   4   1   3  . . . .   2
 22: 18160D-09-2    1  :  4   3   3   1   4   1   4  . . . .   4
 23: 18160D-09-2    1  :  4   1   3   1   4   1   3  . . . .   2
 23: 18160D-09-2    1  :  4   1   3   1   4   4   4  . . . .   4

Number of alleles per locus: min= 2; ave=2.0; max= 2


--------------------------------------

Finished initialization; starting MCMC 
5000 iterations + 1000 burnin


--------------------------------------------
Proportion of membership of each pre-defined
 population in each of the 5 clusters

Given    Inferred Clusters                     Number of
 Pop       1      2      3      4      5      Individuals

  1:     0.197  0.217  0.188  0.199  0.199       23
--------------------------------------------

 Rep#:   Lambda   Alpha      F1    F2    F3    F4    F5     D1,2  D1,3  D1,4  D1,5  D2,3  D2,4  D2,5  D3,4  D3,5  D4,5    Ln Like 
  100:    1.00    1.646    0.010 0.010 0.010 0.010 0.010    0.003 0.003 0.003 0.003 0.003 0.003 0.003 0.003 0.003 0.003   --  
  200:    1.00    2.050    0.010 0.010 0.010 0.010 0.010    0.003 0.003 0.003 0.003 0.003 0.003 0.003 0.003 0.003 0.003   --  
  300:    1.00    2.635    0.010 0.010 0.010 0.010 0.010    0.003 0.003 0.003 0.003 0.003 0.003 0.003 0.003 0.003 0.003   --  
  400:    1.00    2.789    0.010 0.010 0.010 0.010 0.010    0.003 0.003 0.003 0.003 0.003 0.003 0.003 0.003 0.003 0.003   --  
  500:    1.00    3.161    0.010 0.010 0.010 0.010 0.010    0.003 0.003 0.003 0.003 0.003 0.003 0.003 0.003 0.003 0.003   --  
  600:    1.00    3.238    0.010 0.010 0.010 0.010 0.010    0.003 0.003 0.003 0.003 0.003 0.003 0.003 0.003 0.003 0.003   --  
  700:    1.00    3.132    0.010 0.010 0.010 0.010 0.010    0.003 0.003 0.003 0.003 0.003 0.003 0.003 0.003 0.003 0.003   --  
  800:    1.00    2.895    0.010 0.010 0.010 0.010 0.010    0.003 0.003 0.003 0.003 0.003 0.003 0.003 0.003 0.003 0.003   --  
  900:    1.00    2.798    0.010 0.010 0.010 0.010 0.010    0.003 0.003 0.003 0.003 0.003 0.003 0.003 0.003 0.003 0.003   --  
 1000:    1.00    2.794    0.010 0.010 0.010 0.010 0.010    0.003 0.003 0.003 0.003 0.003 0.003 0.003 0.003 0.003 0.003   --  

BURNIN completed
 Rep#:   Lambda   Alpha      F1    F2    F3    F4    F5     D1,2  D1,3  D1,4  D1,5  D2,3  D2,4  D2,5  D3,4  D3,5  D4,5    Ln Like  Est Ln P(D)
 1100:    1.00    2.846    0.010 0.010 0.010 0.010 0.010    0.003 0.003 0.003 0.003 0.003 0.003 0.003 0.003 0.003 0.003   -1024105    0 
 1200:    1.00    2.254    0.010 0.010 0.010 0.010 0.010    0.003 0.003 0.003 0.003 0.003 0.003 0.003 0.003 0.003 0.003   -1023682    0 
 1300:    1.00    1.862    0.010 0.010 0.010 0.010 0.010    0.003 0.003 0.003 0.003 0.003 0.003 0.003 0.003 0.003 0.003   -1023035    0 
 1400:    1.00    1.515    0.010 0.010 0.011 0.010 0.010    0.003 0.003 0.003 0.003 0.003 0.003 0.003 0.003 0.003 0.003   -1022292    0 
 1500:    1.00    1.074    0.010 0.010 0.011 0.010 0.010    0.003 0.003 0.003 0.003 0.003 0.003 0.003 0.003 0.003 0.003   -1022237    0 
 1600:    1.00    0.741    0.010 0.010 0.011 0.010 0.010    0.003 0.003 0.003 0.003 0.003 0.003 0.003 0.003 0.003 0.003   -1021009    0 
 1700:    1.00    0.549    0.010 0.010 0.011 0.010 0.010    0.003 0.003 0.003 0.003 0.003 0.003 0.003 0.003 0.003 0.003   -1020430    0 
 1800:    1.00    0.446    0.010 0.010 0.011 0.010 0.010    0.003 0.003 0.003 0.003 0.003 0.003 0.003 0.003 0.003 0.003   -1019510    0 
 1900:    1.00    0.395    0.010 0.010 0.011 0.010 0.010    0.003 0.003 0.003 0.003 0.003 0.003 0.003 0.003 0.003 0.003   -1018814    0 

--------------------------------------------
Proportion of membership of each pre-defined
 population in each of the 5 clusters

Given    Inferred Clusters                     Number of
 Pop       1      2      3      4      5      Individuals

  1:     0.248  0.275  0.217  0.138  0.122       23
--------------------------------------------

 Rep#:   Lambda   Alpha      F1    F2    F3    F4    F5     D1,2  D1,3  D1,4  D1,5  D2,3  D2,4  D2,5  D3,4  D3,5  D4,5    Ln Like  Est Ln P(D)
 2000:    1.00    0.350    0.010 0.010 0.011 0.010 0.010    0.003 0.003 0.003 0.003 0.003 0.003 0.003 0.003 0.003 0.003   -1017679    0 
 2100:    1.00    0.358    0.010 0.010 0.011 0.010 0.010    0.003 0.003 0.003 0.003 0.003 0.003 0.003 0.003 0.003 0.003   -1017201    0 
 2200:    1.00    0.263    0.011 0.010 0.011 0.010 0.010    0.003 0.004 0.003 0.003 0.003 0.003 0.003 0.003 0.003 0.003   -1016528    0 
 2300:    1.00    0.278    0.011 0.010 0.011 0.010 0.010    0.003 0.004 0.003 0.003 0.003 0.003 0.003 0.003 0.003 0.003   -1016096    0 
 2400:    1.00    0.230    0.011 0.010 0.011 0.010 0.010    0.003 0.004 0.003 0.003 0.003 0.003 0.003 0.003 0.003 0.003   -1015442    0 
 2500:    1.00    0.187    0.012 0.010 0.012 0.010 0.010    0.003 0.004 0.003 0.003 0.003 0.003 0.003 0.003 0.003 0.003   -1015163    0 
 2600:    1.00    0.148    0.013 0.010 0.012 0.010 0.010    0.004 0.004 0.004 0.004 0.003 0.003 0.003 0.003 0.003 0.003   -1014504    0 
 2700:    1.00    0.176    0.014 0.010 0.012 0.010 0.010    0.004 0.004 0.004 0.004 0.003 0.003 0.003 0.003 0.003 0.003   -1013865    0 
 2800:    1.00    0.115    0.014 0.010 0.013 0.010 0.010    0.004 0.004 0.004 0.004 0.004 0.003 0.003 0.003 0.004 0.003   -1013477    0 
 2900:    1.00    0.106    0.016 0.010 0.014 0.010 0.010    0.004 0.005 0.004 0.004 0.004 0.003 0.003 0.004 0.004 0.003   -1012118    0 

--------------------------------------------
Proportion of membership of each pre-defined
 population in each of the 5 clusters

Given    Inferred Clusters                     Number of
 Pop       1      2      3      4      5      Individuals

  1:     0.239  0.334  0.226  0.134  0.068       23
--------------------------------------------

 Rep#:   Lambda   Alpha      F1    F2    F3    F4    F5     D1,2  D1,3  D1,4  D1,5  D2,3  D2,4  D2,5  D3,4  D3,5  D4,5    Ln Like  Est Ln P(D)
 3000:    1.00    0.098    0.019 0.010 0.015 0.010 0.010    0.005 0.005 0.004 0.004 0.004 0.003 0.003 0.004 0.004 0.003   -1011030    0 
 3100:    1.00    0.082    0.022 0.010 0.015 0.010 0.010    0.005 0.006 0.005 0.005 0.004 0.003 0.003 0.004 0.004 0.003   -1009996    0 
 3200:    1.00    0.068    0.025 0.010 0.016 0.010 0.010    0.006 0.007 0.006 0.006 0.004 0.003 0.003 0.004 0.004 0.003   -1008567    0 
 3300:    1.00    0.100    0.032 0.010 0.016 0.010 0.010    0.007 0.008 0.007 0.007 0.004 0.003 0.003 0.004 0.004 0.003   -1006915    0 
 3400:    1.00    0.063    0.054 0.010 0.017 0.010 0.010    0.010 0.012 0.010 0.010 0.004 0.003 0.003 0.004 0.004 0.003   -1002913    0 
 3500:    1.00    0.083    0.075 0.010 0.017 0.010 0.010    0.014 0.015 0.013 0.013 0.004 0.003 0.003 0.004 0.004 0.003   -999562    0 
 3600:    1.00    0.069    0.095 0.010 0.019 0.010 0.010    0.016 0.018 0.016 0.016 0.005 0.003 0.003 0.004 0.005 0.003   -996813    0 
 3700:    1.00    0.073    0.101 0.010 0.020 0.010 0.010    0.017 0.019 0.017 0.017 0.005 0.003 0.003 0.005 0.005 0.003   -996134    0 
 3800:    1.00    0.083    0.104 0.010 0.020 0.010 0.010    0.018 0.019 0.017 0.017 0.005 0.003 0.003 0.005 0.005 0.003   -995216    0 
 3900:    1.00    0.083    0.106 0.010 0.022 0.010 0.010    0.018 0.020 0.017 0.018 0.005 0.003 0.003 0.005 0.005 0.003   -995124    0 

--------------------------------------------
Proportion of membership of each pre-defined
 population in each of the 5 clusters

Given    Inferred Clusters                     Number of
 Pop       1      2      3      4      5      Individuals

  1:     0.231  0.348  0.219  0.142  0.059       23
--------------------------------------------

 Rep#:   Lambda   Alpha      F1    F2    F3    F4    F5     D1,2  D1,3  D1,4  D1,5  D2,3  D2,4  D2,5  D3,4  D3,5  D4,5    Ln Like  Est Ln P(D)
 4000:    1.00    0.066    0.108 0.010 0.023 0.010 0.010    0.018 0.020 0.018 0.018 0.005 0.003 0.003 0.005 0.005 0.003   -995159    0 
 4100:    1.00    0.066    0.108 0.010 0.024 0.010 0.010    0.018 0.020 0.018 0.018 0.005 0.003 0.003 0.005 0.005 0.003   -994417    0 
 4200:    1.00    0.055    0.110 0.011 0.024 0.010 0.010    0.018 0.021 0.018 0.018 0.005 0.003 0.003 0.005 0.005 0.003   -993992    0 
 4300:    1.00    0.062    0.113 0.011 0.024 0.010 0.010    0.019 0.021 0.019 0.019 0.005 0.003 0.003 0.005 0.005 0.003   -994278    0 
 4400:    1.00    0.054    0.114 0.011 0.024 0.010 0.010    0.019 0.021 0.019 0.019 0.005 0.003 0.003 0.005 0.005 0.003   -993931    0 
 4500:    1.00    0.060    0.114 0.011 0.024 0.010 0.010    0.019 0.022 0.019 0.019 0.005 0.003 0.003 0.005 0.005 0.003   -993152    0 
 4600:    1.00    0.061    0.116 0.011 0.026 0.010 0.010    0.019 0.022 0.019 0.019 0.006 0.003 0.003 0.006 0.006 0.003   -993746    0 
 4700:    1.00    0.080    0.119 0.011 0.026 0.010 0.010    0.020 0.023 0.020 0.020 0.006 0.003 0.003 0.006 0.006 0.003   -993190    0 
 4800:    1.00    0.069    0.119 0.011 0.026 0.010 0.010    0.020 0.023 0.020 0.020 0.006 0.003 0.003 0.006 0.006 0.003   -993260    0 
 4900:    1.00    0.060    0.121 0.011 0.026 0.010 0.010    0.020 0.023 0.020 0.020 0.006 0.003 0.003 0.006 0.006 0.003   -993352    0 

--------------------------------------------
Proportion of membership of each pre-defined
 population in each of the 5 clusters

Given    Inferred Clusters                     Number of
 Pop       1      2      3      4      5      Individuals

  1:     0.226  0.321  0.218  0.165  0.069       23
--------------------------------------------

 Rep#:   Lambda   Alpha      F1    F2    F3    F4    F5     D1,2  D1,3  D1,4  D1,5  D2,3  D2,4  D2,5  D3,4  D3,5  D4,5    Ln Like  Est Ln P(D)
 5000:    1.00    0.041    0.121 0.011 0.026 0.010 0.010    0.020 0.023 0.020 0.020 0.006 0.003 0.003 0.006 0.006 0.003   -993212    0 
 5100:    1.00    0.052    0.120 0.011 0.028 0.010 0.010    0.020 0.023 0.020 0.020 0.006 0.003 0.003 0.006 0.006 0.003   -993367    0 
 5200:    1.00    0.059    0.121 0.011 0.029 0.010 0.010    0.020 0.023 0.020 0.020 0.006 0.003 0.003 0.006 0.006 0.003   -993265    0 
 5300:    1.00    0.062    0.125 0.011 0.029 0.010 0.010    0.021 0.024 0.020 0.020 0.006 0.003 0.003 0.006 0.006 0.003   -992415    0 
 5400:    1.00    0.074    0.126 0.011 0.033 0.010 0.010    0.021 0.025 0.020 0.020 0.007 0.003 0.003 0.007 0.007 0.003   -991763    0 
 5500:    1.00    0.079    0.128 0.011 0.036 0.010 0.010    0.021 0.025 0.021 0.021 0.008 0.003 0.003 0.007 0.007 0.003   -990789    0 
 5600:    1.00    0.059    0.129 0.011 0.036 0.010 0.010    0.021 0.026 0.021 0.021 0.008 0.003 0.003 0.007 0.007 0.003   -990820    0 
 5700:    1.00    0.056    0.130 0.011 0.036 0.010 0.010    0.021 0.026 0.021 0.021 0.008 0.003 0.003 0.007 0.007 0.003   -990815    0 
 5800:    1.00    0.064    0.128 0.011 0.038 0.010 0.010    0.021 0.026 0.021 0.021 0.008 0.003 0.003 0.008 0.008 0.003   -990978    0 
 5900:    1.00    0.059    0.129 0.011 0.038 0.010 0.010    0.021 0.026 0.021 0.021 0.008 0.003 0.003 0.008 0.008 0.003   -990886    0 
 6000:    1.00    0.064    0.130 0.011 0.038 0.010 0.010    0.021 0.026 0.021 0.021 0.008 0.003 0.003 0.008 0.008 0.003   -990736    0 

MCMC completed

Inferred ancestry of individuals:
        Label (%Miss) Pop:  Inferred clusters
  1 18160D-09-0    (2)    1 :  0.055 0.175 0.061 0.385 0.324 
  2 18160D-09-0    (4)    1 :  0.118 0.373 0.011 0.383 0.115 
  3 18160D-09-0    (2)    1 :  0.806 0.015 0.013 0.038 0.128 
  4 18160D-09-0    (5)    1 :  0.923 0.013 0.004 0.007 0.052 
  5 18160D-09-0    (4)    1 :  0.941 0.011 0.002 0.012 0.033 
  6 18160D-09-0    (4)    1 :  0.917 0.004 0.008 0.025 0.046 
  7 18160D-09-0    (2)    1 :  0.950 0.008 0.006 0.009 0.026 
  8 18160D-09-0    (4)    1 :  0.036 0.864 0.010 0.053 0.038 
  9 18160D-09-0    (2)    1 :  0.014 0.020 0.893 0.058 0.015 
 10 18160D-09-1    (2)    1 :  0.002 0.004 0.985 0.007 0.002 
 11 18160D-09-1    (2)    1 :  0.008 0.027 0.909 0.045 0.010 
 12 18160D-09-1    (2)    1 :  0.014 0.010 0.882 0.044 0.050 
 13 18160D-09-1    (5)    1 :  0.171 0.485 0.026 0.276 0.043 
 14 18160D-09-1   (18)    1 :  0.066 0.556 0.022 0.290 0.066 
 15 18160D-09-1    (4)    1 :  0.078 0.460 0.021 0.323 0.117 
 16 18160D-09-1    (2)    1 :  0.003 0.010 0.971 0.008 0.008 
 17 18160D-09-1    (2)    1 :  0.037 0.388 0.042 0.304 0.229 
 18 18160D-09-1    (2)    1 :  0.008 0.916 0.020 0.035 0.020 
 19 18160D-09-1    (2)    1 :  0.045 0.236 0.036 0.644 0.039 
 20 18160D-09-2    (5)    1 :  0.025 0.781 0.023 0.087 0.084 
 21 18160D-09-2    (5)    1 :  0.049 0.241 0.058 0.359 0.293 
 22 18160D-09-2    (5)    1 :  0.018 0.927 0.008 0.004 0.043 
 23 18160D-09-2    (2)    1 :  0.022 0.565 0.012 0.152 0.249 

Command line arguments:   structure -D 921946 -K 5 -m mainparams -o k5/populations_k5_run6 
Input File:    populations.str
Output File:   k5/populations_k5_run6_f

Run parameters:
   23 individuals
   50160 loci
   5 populations assumed
   1000 Burn-in period
   5000 Reps
RANDOMIZE turned off

--------------------------------------------
Estimated Ln Prob of Data   = -74362456.6
Mean value of ln likelihood = -1004715.3
Variance of ln likelihood   = 146715482.6
Mean value of alpha         = 0.3522

Mean value of Fst_1         = 0.0660
Mean value of Fst_2         = 0.0104
Mean value of Fst_3         = 0.0197
Mean value of Fst_4         = 0.0097
Mean value of Fst_5         = 0.0100


--------------------------------------------
Proportion of membership of each pre-defined
 population in each of the 5 clusters

Given    Inferred Clusters                     Number of
 Pop       1      2      3      4      5      Individuals

  1:     0.231  0.308  0.218  0.154  0.088       23
--------------------------------------------
Final results printed to file k5/populations_k5_run6_f

