

----------------------------------------------------
STRUCTURE by Pritchard, Stephens and Donnelly (2000)
     and Falush, Stephens and Pritchard (2003)
       Code by Pritchard, Falush and Hubisz
             Version 2.3.4 (Jul 2012)
----------------------------------------------------


Reading file "mainparams".
datafile is
populations.str
Reading file "extraparams".
Reading file "populations.str".


Data file "populations.str" (truncated) --

Ind:   Label Pop : Genotype_data . . . .
  1: 18160D-09-0    1  :  4   1   3   1   4   1   3  . . . .   2
  1: 18160D-09-0    1  :  4   1   3   1   4   4   4  . . . .   4
  2: 18160D-09-0    1  :  4   1   3   1   4   1   3  . . . .   2
  2: 18160D-09-0    1  :  4   1   3   1   4   4   3  . . . .   4
  3: 18160D-09-0    1  :  4   1   0   0   0   0   3  . . . .   2
  3: 18160D-09-0    1  :  4   3   0   0   0   0   3  . . . .   4
  4: 18160D-09-0    1  :  4   1   3   1   4   1   3  . . . .   2
  4: 18160D-09-0    1  :  4   3   3   1   4   1   3  . . . .   4

      *******   

 22: 18160D-09-2    1  :  4   1   3   1   4   1   3  . . . .   2
 22: 18160D-09-2    1  :  4   3   3   1   4   1   4  . . . .   4
 23: 18160D-09-2    1  :  4   1   3   1   4   1   3  . . . .   2
 23: 18160D-09-2    1  :  4   1   3   1   4   4   4  . . . .   4

Number of alleles per locus: min= 2; ave=2.0; max= 2


--------------------------------------

Finished initialization; starting MCMC 
5000 iterations + 1000 burnin


--------------------------------------------
Proportion of membership of each pre-defined
 population in each of the 5 clusters

Given    Inferred Clusters                     Number of
 Pop       1      2      3      4      5      Individuals

  1:     0.198  0.199  0.207  0.199  0.197       23
--------------------------------------------

 Rep#:   Lambda   Alpha      F1    F2    F3    F4    F5     D1,2  D1,3  D1,4  D1,5  D2,3  D2,4  D2,5  D3,4  D3,5  D4,5    Ln Like 
  100:    1.00    1.659    0.010 0.010 0.010 0.010 0.010    0.003 0.003 0.003 0.003 0.003 0.003 0.003 0.003 0.003 0.003   --  
  200:    1.00    2.135    0.010 0.010 0.010 0.010 0.010    0.003 0.003 0.003 0.003 0.003 0.003 0.003 0.003 0.003 0.003   --  
  300:    1.00    2.508    0.010 0.010 0.010 0.010 0.010    0.003 0.003 0.003 0.003 0.003 0.003 0.003 0.003 0.003 0.003   --  
  400:    1.00    2.864    0.010 0.010 0.010 0.010 0.010    0.003 0.003 0.003 0.003 0.003 0.003 0.003 0.003 0.003 0.003   --  
  500:    1.00    2.968    0.010 0.010 0.010 0.010 0.010    0.003 0.003 0.003 0.003 0.003 0.003 0.003 0.003 0.003 0.003   --  
  600:    1.00    3.123    0.010 0.010 0.010 0.010 0.010    0.003 0.003 0.003 0.003 0.003 0.003 0.003 0.003 0.003 0.003   --  
  700:    1.00    3.310    0.010 0.010 0.010 0.010 0.010    0.003 0.003 0.003 0.003 0.003 0.003 0.003 0.003 0.003 0.003   --  
  800:    1.00    3.449    0.010 0.010 0.010 0.010 0.010    0.003 0.003 0.003 0.003 0.003 0.003 0.003 0.003 0.003 0.003   --  
  900:    1.00    3.264    0.010 0.010 0.010 0.010 0.010    0.003 0.003 0.003 0.003 0.003 0.003 0.003 0.003 0.003 0.003   --  
 1000:    1.00    2.870    0.010 0.010 0.010 0.010 0.010    0.003 0.003 0.003 0.003 0.003 0.003 0.003 0.003 0.003 0.003   --  

BURNIN completed
 Rep#:   Lambda   Alpha      F1    F2    F3    F4    F5     D1,2  D1,3  D1,4  D1,5  D2,3  D2,4  D2,5  D3,4  D3,5  D4,5    Ln Like  Est Ln P(D)
 1100:    1.00    2.728    0.010 0.010 0.010 0.010 0.010    0.003 0.003 0.003 0.003 0.003 0.003 0.003 0.003 0.003 0.003   -1023851    0 
 1200:    1.00    2.288    0.010 0.010 0.010 0.010 0.010    0.003 0.003 0.003 0.003 0.003 0.003 0.003 0.003 0.003 0.003   -1023235    0 
 1300:    1.00    1.666    0.010 0.010 0.010 0.010 0.010    0.003 0.003 0.003 0.003 0.003 0.003 0.003 0.003 0.003 0.003   -1022698    0 
 1400:    1.00    1.208    0.010 0.010 0.010 0.010 0.011    0.003 0.003 0.003 0.003 0.003 0.003 0.003 0.003 0.003 0.003   -1021536    0 
 1500:    1.00    0.789    0.010 0.010 0.010 0.010 0.011    0.003 0.003 0.003 0.003 0.003 0.003 0.003 0.003 0.003 0.003   -1020503    0 
 1600:    1.00    0.802    0.010 0.010 0.010 0.010 0.012    0.003 0.003 0.003 0.003 0.003 0.003 0.003 0.003 0.003 0.003   -1019909    0 
 1700:    1.00    0.573    0.010 0.010 0.010 0.010 0.012    0.003 0.003 0.003 0.003 0.003 0.003 0.003 0.003 0.003 0.003   -1019351    0 
 1800:    1.00    0.424    0.010 0.010 0.010 0.010 0.012    0.003 0.003 0.003 0.003 0.003 0.003 0.003 0.003 0.003 0.004   -1018057    0 
 1900:    1.00    0.361    0.010 0.010 0.010 0.010 0.012    0.003 0.003 0.003 0.003 0.003 0.003 0.004 0.003 0.003 0.004   -1017286    0 

--------------------------------------------
Proportion of membership of each pre-defined
 population in each of the 5 clusters

Given    Inferred Clusters                     Number of
 Pop       1      2      3      4      5      Individuals

  1:     0.168  0.208  0.111  0.243  0.269       23
--------------------------------------------

 Rep#:   Lambda   Alpha      F1    F2    F3    F4    F5     D1,2  D1,3  D1,4  D1,5  D2,3  D2,4  D2,5  D3,4  D3,5  D4,5    Ln Like  Est Ln P(D)
 2000:    1.00    0.307    0.010 0.010 0.010 0.010 0.014    0.003 0.003 0.003 0.004 0.003 0.003 0.004 0.003 0.004 0.004   -1016820    0 
 2100:    1.00    0.217    0.010 0.010 0.010 0.010 0.014    0.003 0.003 0.003 0.004 0.003 0.003 0.004 0.003 0.004 0.004   -1016622    0 
 2200:    1.00    0.221    0.010 0.010 0.010 0.010 0.015    0.003 0.003 0.003 0.004 0.003 0.003 0.004 0.003 0.004 0.004   -1015136    0 
 2300:    1.00    0.168    0.010 0.010 0.010 0.010 0.017    0.003 0.003 0.003 0.004 0.003 0.003 0.004 0.003 0.004 0.004   -1014916    0 
 2400:    1.00    0.177    0.010 0.010 0.010 0.010 0.017    0.003 0.003 0.003 0.004 0.003 0.003 0.004 0.003 0.004 0.004   -1014231    0 
 2500:    1.00    0.157    0.010 0.010 0.010 0.010 0.020    0.003 0.003 0.003 0.005 0.003 0.003 0.005 0.003 0.005 0.005   -1013277    0 
 2600:    1.00    0.137    0.010 0.010 0.010 0.010 0.023    0.003 0.003 0.003 0.005 0.003 0.003 0.005 0.003 0.005 0.005   -1011756    0 
 2700:    1.00    0.113    0.010 0.010 0.010 0.010 0.028    0.003 0.003 0.003 0.006 0.003 0.003 0.006 0.003 0.006 0.006   -1010126    0 
 2800:    1.00    0.122    0.010 0.010 0.010 0.010 0.038    0.003 0.003 0.003 0.008 0.003 0.003 0.008 0.003 0.008 0.008   -1007894    0 
 2900:    1.00    0.087    0.010 0.010 0.010 0.010 0.068    0.003 0.003 0.003 0.012 0.003 0.003 0.013 0.003 0.012 0.012   -1002673    0 

--------------------------------------------
Proportion of membership of each pre-defined
 population in each of the 5 clusters

Given    Inferred Clusters                     Number of
 Pop       1      2      3      4      5      Individuals

  1:     0.130  0.226  0.084  0.322  0.238       23
--------------------------------------------

 Rep#:   Lambda   Alpha      F1    F2    F3    F4    F5     D1,2  D1,3  D1,4  D1,5  D2,3  D2,4  D2,5  D3,4  D3,5  D4,5    Ln Like  Est Ln P(D)
 3000:    1.00    0.111    0.010 0.010 0.010 0.010 0.096    0.003 0.003 0.003 0.016 0.003 0.003 0.017 0.003 0.016 0.016   -999134    0 
 3100:    1.00    0.080    0.010 0.011 0.010 0.010 0.100    0.003 0.003 0.003 0.017 0.003 0.003 0.017 0.003 0.017 0.017   -998982    0 
 3200:    1.00    0.091    0.010 0.011 0.010 0.010 0.108    0.003 0.003 0.003 0.018 0.003 0.003 0.018 0.003 0.018 0.018   -997997    0 
 3300:    1.00    0.068    0.010 0.011 0.010 0.010 0.115    0.003 0.003 0.003 0.019 0.003 0.003 0.020 0.003 0.019 0.019   -998061    0 
 3400:    1.00    0.075    0.010 0.011 0.010 0.010 0.118    0.003 0.003 0.003 0.020 0.003 0.003 0.020 0.003 0.020 0.020   -997657    0 
 3500:    1.00    0.080    0.010 0.011 0.010 0.010 0.119    0.003 0.003 0.003 0.020 0.003 0.003 0.020 0.003 0.020 0.020   -997618    0 
 3600:    1.00    0.087    0.010 0.011 0.010 0.010 0.123    0.003 0.003 0.003 0.020 0.003 0.003 0.020 0.003 0.020 0.020   -997514    0 
 3700:    1.00    0.066    0.010 0.011 0.010 0.010 0.128    0.003 0.003 0.003 0.021 0.003 0.003 0.021 0.003 0.021 0.021   -997295    0 
 3800:    1.00    0.078    0.010 0.011 0.010 0.010 0.128    0.003 0.003 0.003 0.021 0.003 0.003 0.021 0.003 0.021 0.021   -997647    0 
 3900:    1.00    0.077    0.010 0.011 0.010 0.010 0.129    0.003 0.003 0.003 0.021 0.003 0.003 0.021 0.003 0.021 0.021   -997039    0 

--------------------------------------------
Proportion of membership of each pre-defined
 population in each of the 5 clusters

Given    Inferred Clusters                     Number of
 Pop       1      2      3      4      5      Individuals

  1:     0.107  0.219  0.093  0.345  0.236       23
--------------------------------------------

 Rep#:   Lambda   Alpha      F1    F2    F3    F4    F5     D1,2  D1,3  D1,4  D1,5  D2,3  D2,4  D2,5  D3,4  D3,5  D4,5    Ln Like  Est Ln P(D)
 4000:    1.00    0.053    0.010 0.011 0.010 0.010 0.129    0.003 0.003 0.003 0.021 0.003 0.003 0.022 0.003 0.021 0.021   -996975    0 
 4100:    1.00    0.070    0.010 0.011 0.010 0.010 0.132    0.003 0.003 0.003 0.021 0.003 0.003 0.022 0.003 0.021 0.021   -996748    0 
 4200:    1.00    0.107    0.010 0.012 0.010 0.010 0.132    0.003 0.003 0.003 0.022 0.003 0.003 0.022 0.003 0.022 0.022   -996927    0 
 4300:    1.00    0.078    0.010 0.012 0.010 0.010 0.134    0.003 0.003 0.003 0.022 0.003 0.003 0.022 0.003 0.021 0.022   -996735    0 
 4400:    1.00    0.067    0.010 0.012 0.010 0.010 0.133    0.003 0.003 0.003 0.022 0.003 0.003 0.022 0.003 0.022 0.022   -996978    0 
 4500:    1.00    0.082    0.010 0.012 0.010 0.010 0.133    0.003 0.003 0.003 0.022 0.003 0.003 0.022 0.003 0.022 0.022   -996486    0 
 4600:    1.00    0.103    0.010 0.013 0.010 0.010 0.133    0.004 0.003 0.003 0.022 0.003 0.004 0.022 0.003 0.022 0.022   -996522    0 
 4700:    1.00    0.067    0.010 0.013 0.010 0.010 0.133    0.004 0.003 0.003 0.022 0.004 0.004 0.022 0.003 0.021 0.021   -996788    0 
 4800:    1.00    0.076    0.010 0.013 0.010 0.010 0.133    0.004 0.003 0.003 0.022 0.003 0.004 0.022 0.003 0.022 0.022   -996999    0 
 4900:    1.00    0.062    0.010 0.014 0.010 0.010 0.135    0.004 0.003 0.003 0.022 0.004 0.004 0.023 0.003 0.022 0.022   -996251    0 

--------------------------------------------
Proportion of membership of each pre-defined
 population in each of the 5 clusters

Given    Inferred Clusters                     Number of
 Pop       1      2      3      4      5      Individuals

  1:     0.106  0.218  0.085  0.363  0.228       23
--------------------------------------------

 Rep#:   Lambda   Alpha      F1    F2    F3    F4    F5     D1,2  D1,3  D1,4  D1,5  D2,3  D2,4  D2,5  D3,4  D3,5  D4,5    Ln Like  Est Ln P(D)
 5000:    1.00    0.076    0.010 0.014 0.010 0.010 0.135    0.004 0.003 0.003 0.022 0.004 0.004 0.023 0.003 0.022 0.022   -996632    0 
 5100:    1.00    0.112    0.010 0.014 0.010 0.010 0.140    0.004 0.003 0.003 0.023 0.004 0.004 0.023 0.003 0.023 0.023   -996061    0 
 5200:    1.00    0.059    0.010 0.014 0.010 0.010 0.141    0.004 0.003 0.003 0.023 0.004 0.004 0.024 0.003 0.023 0.023   -996393    0 
 5300:    1.00    0.084    0.010 0.014 0.010 0.010 0.148    0.004 0.003 0.003 0.024 0.004 0.004 0.025 0.003 0.023 0.024   -995847    0 
 5400:    1.00    0.090    0.010 0.015 0.010 0.011 0.149    0.004 0.003 0.003 0.024 0.004 0.004 0.025 0.003 0.024 0.024   -995320    0 
 5500:    1.00    0.082    0.010 0.015 0.010 0.011 0.150    0.004 0.003 0.003 0.024 0.004 0.004 0.025 0.003 0.024 0.024   -995389    0 
 5600:    1.00    0.075    0.010 0.016 0.010 0.011 0.153    0.004 0.003 0.003 0.025 0.004 0.004 0.026 0.003 0.024 0.024   -995255    0 
 5700:    1.00    0.077    0.010 0.016 0.010 0.011 0.153    0.004 0.003 0.003 0.025 0.004 0.004 0.025 0.003 0.024 0.024   -995180    0 
 5800:    1.00    0.078    0.010 0.016 0.010 0.011 0.151    0.004 0.003 0.003 0.024 0.004 0.004 0.026 0.003 0.024 0.024   -995414    0 
 5900:    1.00    0.082    0.010 0.016 0.010 0.011 0.151    0.004 0.003 0.003 0.024 0.004 0.004 0.025 0.003 0.024 0.024   -994985    0 
 6000:    1.00    0.083    0.010 0.016 0.010 0.011 0.152    0.004 0.003 0.003 0.024 0.004 0.004 0.025 0.003 0.024 0.024   -995383    0 

MCMC completed

Inferred ancestry of individuals:
        Label (%Miss) Pop:  Inferred clusters
  1 18160D-09-0    (2)    1 :  0.070 0.078 0.137 0.620 0.095 
  2 18160D-09-0    (4)    1 :  0.107 0.026 0.015 0.717 0.136 
  3 18160D-09-0    (2)    1 :  0.004 0.009 0.143 0.046 0.797 
  4 18160D-09-0    (5)    1 :  0.004 0.002 0.010 0.013 0.971 
  5 18160D-09-0    (4)    1 :  0.035 0.002 0.012 0.010 0.942 
  6 18160D-09-0    (4)    1 :  0.004 0.005 0.011 0.037 0.944 
  7 18160D-09-0    (2)    1 :  0.011 0.004 0.005 0.007 0.973 
  8 18160D-09-0    (4)    1 :  0.250 0.019 0.022 0.644 0.065 
  9 18160D-09-0    (2)    1 :  0.070 0.848 0.051 0.028 0.003 
 10 18160D-09-1    (2)    1 :  0.012 0.973 0.012 0.002 0.002 
 11 18160D-09-1    (2)    1 :  0.020 0.932 0.023 0.016 0.009 
 12 18160D-09-1    (2)    1 :  0.107 0.818 0.054 0.011 0.009 
 13 18160D-09-1    (5)    1 :  0.333 0.017 0.296 0.187 0.167 
 14 18160D-09-1   (18)    1 :  0.169 0.013 0.127 0.607 0.085 
 15 18160D-09-1    (4)    1 :  0.112 0.037 0.211 0.631 0.009 
 16 18160D-09-1    (2)    1 :  0.018 0.946 0.025 0.006 0.005 
 17 18160D-09-1    (2)    1 :  0.063 0.047 0.164 0.638 0.089 
 18 18160D-09-1    (2)    1 :  0.029 0.019 0.036 0.901 0.015 
 19 18160D-09-1    (2)    1 :  0.130 0.005 0.181 0.623 0.061 
 20 18160D-09-2    (5)    1 :  0.272 0.044 0.245 0.383 0.056 
 21 18160D-09-2    (5)    1 :  0.152 0.050 0.447 0.269 0.081 
 22 18160D-09-2    (5)    1 :  0.916 0.040 0.008 0.027 0.009 
 23 18160D-09-2    (2)    1 :  0.054 0.017 0.050 0.825 0.055 

Command line arguments:   structure -D 495202 -K 5 -m mainparams -o k5/populations_k5_run3 
Input File:    populations.str
Output File:   k5/populations_k5_run3_f

Run parameters:
   23 individuals
   50160 loci
   5 populations assumed
   1000 Burn-in period
   5000 Reps
RANDOMIZE turned off

--------------------------------------------
Estimated Ln Prob of Data   = -53590245.7
Mean value of ln likelihood = -1004385.2
Variance of ln likelihood   = 105171720.9
Mean value of alpha         = 0.3359

Mean value of Fst_1         = 0.0101
Mean value of Fst_2         = 0.0115
Mean value of Fst_3         = 0.0099
Mean value of Fst_4         = 0.0102
Mean value of Fst_5         = 0.0881


--------------------------------------------
Proportion of membership of each pre-defined
 population in each of the 5 clusters

Given    Inferred Clusters                     Number of
 Pop       1      2      3      4      5      Individuals

  1:     0.128  0.215  0.099  0.315  0.243       23
--------------------------------------------
Final results printed to file k5/populations_k5_run3_f

