1        1   (2)      1  : 0.8608 0.1392
2        2   (4)      1  : 0.8276 0.1724
3        3   (2)      1  : 0.2500 0.7500
4        4   (5)      1  : 0.0001 0.9999
5        5   (4)      1  : 0.0971 0.9029
6        6   (4)      1  : 0.0575 0.9425
7        7   (2)      1  : 0.0036 0.9964
8        8   (4)      1  : 0.8709 0.1291
9        9   (2)      1  : 1.0000 0.0000
10       10   (2)      1  : 1.0000 0.0000
11       11   (2)      1  : 1.0000 0.0000
12       12   (2)      1  : 0.9990 0.0010
13       13   (5)      1  : 0.8340 0.1660
14       14  (18)      1  : 0.8292 0.1708
15       15   (4)      1  : 0.9141 0.0859
16       16   (2)      1  : 0.9999 0.0001
17       17   (2)      1  : 0.8647 0.1353
18       18   (2)      1  : 0.9983 0.0017
19       19   (2)      1  : 0.8996 0.1004
20       20   (5)      1  : 0.9327 0.0673
21       21   (5)      1  : 0.8502 0.1498
22       22   (5)      1  : 0.9990 0.0010
23       23   (2)      1  : 0.8970 0.1030
