

----------------------------------------------------
STRUCTURE by Pritchard, Stephens and Donnelly (2000)
     and Falush, Stephens and Pritchard (2003)
       Code by Pritchard, Falush and Hubisz
             Version 2.3.4 (Jul 2012)
----------------------------------------------------


Reading file "mainparams".
datafile is
populations.str
Reading file "extraparams".
Reading file "populations.str".


Data file "populations.str" (truncated) --

Ind:   Label Pop : Genotype_data . . . .
  1: 18160D-09-0    1  :  4   1   3   1   4   1   3  . . . .   2
  1: 18160D-09-0    1  :  4   1   3   1   4   4   4  . . . .   4
  2: 18160D-09-0    1  :  4   1   3   1   4   1   3  . . . .   2
  2: 18160D-09-0    1  :  4   1   3   1   4   4   3  . . . .   4
  3: 18160D-09-0    1  :  4   1   0   0   0   0   3  . . . .   2
  3: 18160D-09-0    1  :  4   3   0   0   0   0   3  . . . .   4
  4: 18160D-09-0    1  :  4   1   3   1   4   1   3  . . . .   2
  4: 18160D-09-0    1  :  4   3   3   1   4   1   3  . . . .   4

      *******   

 22: 18160D-09-2    1  :  4   1   3   1   4   1   3  . . . .   2
 22: 18160D-09-2    1  :  4   3   3   1   4   1   4  . . . .   4
 23: 18160D-09-2    1  :  4   1   3   1   4   1   3  . . . .   2
 23: 18160D-09-2    1  :  4   1   3   1   4   4   4  . . . .   4

Number of alleles per locus: min= 2; ave=2.0; max= 2


--------------------------------------

Finished initialization; starting MCMC 
5000 iterations + 1000 burnin


--------------------------------------------
Proportion of membership of each pre-defined
 population in each of the 9 clusters

Given    Inferred Clusters                                                 Number of
 Pop       1      2      3      4      5      6      7      8      9      Individuals

  1:     0.109  0.111  0.110  0.105  0.115  0.111  0.115  0.112  0.112       23
--------------------------------------------

 Rep#:   Lambda   Alpha      F1    F2    F3    F4    F5    F6    F7    F8    F9     D1,2  D1,3  D1,4  D1,5  D1,6  D1,7  D1,8  D1,9  D2,3  D2,4  D2,5  D2,6  D2,7  D2,8  D2,9  D3,4  D3,5  D3,6  D3,7  D3,8  D3,9  D4,5  D4,6  D4,7  D4,8  D4,9  D5,6  D5,7  D5,8  D5,9  D6,7  D6,8  D6,9  D7,8  D7,9  D8,9    Ln Like 
  100:    1.00    1.895    0.010 0.010 0.010 0.010 0.010 0.010 0.010 0.010 0.010    0.003 0.003 0.003 0.003 0.003 0.003 0.003 0.003 0.003 0.003 0.003 0.003 0.003 0.003 0.003 0.003 0.003 0.003 0.003 0.003 0.003 0.003 0.003 0.003 0.003 0.003 0.003 0.003 0.003 0.003 0.003 0.003 0.003 0.003 0.003 0.003   --  
  200:    1.00    2.580    0.010 0.010 0.010 0.010 0.010 0.010 0.010 0.010 0.010    0.003 0.003 0.003 0.003 0.003 0.003 0.003 0.003 0.003 0.003 0.003 0.003 0.003 0.003 0.003 0.003 0.003 0.003 0.003 0.003 0.003 0.003 0.003 0.003 0.003 0.003 0.003 0.003 0.003 0.003 0.003 0.003 0.003 0.003 0.003 0.003   --  
  300:    1.00    2.728    0.010 0.010 0.010 0.010 0.010 0.010 0.010 0.010 0.010    0.003 0.003 0.003 0.003 0.003 0.003 0.003 0.003 0.003 0.003 0.003 0.003 0.003 0.003 0.003 0.003 0.003 0.003 0.003 0.003 0.003 0.003 0.003 0.003 0.003 0.003 0.003 0.003 0.003 0.003 0.003 0.003 0.003 0.003 0.003 0.003   --  
  400:    1.00    3.129    0.010 0.010 0.010 0.010 0.010 0.010 0.010 0.010 0.010    0.003 0.003 0.003 0.003 0.003 0.003 0.003 0.003 0.003 0.003 0.003 0.003 0.003 0.003 0.003 0.003 0.003 0.003 0.003 0.003 0.003 0.003 0.003 0.003 0.003 0.003 0.003 0.003 0.003 0.003 0.003 0.003 0.003 0.003 0.003 0.003   --  
  500:    1.00    3.472    0.010 0.010 0.010 0.010 0.010 0.010 0.010 0.010 0.010    0.003 0.003 0.003 0.003 0.003 0.003 0.003 0.003 0.003 0.003 0.003 0.003 0.003 0.003 0.003 0.003 0.003 0.003 0.003 0.003 0.003 0.003 0.003 0.003 0.003 0.003 0.003 0.003 0.003 0.003 0.003 0.003 0.003 0.003 0.003 0.003   --  
  600:    1.00    3.662    0.010 0.010 0.010 0.010 0.010 0.010 0.010 0.010 0.010    0.003 0.003 0.003 0.003 0.003 0.003 0.003 0.003 0.003 0.003 0.003 0.003 0.003 0.003 0.003 0.003 0.003 0.003 0.003 0.003 0.003 0.003 0.003 0.003 0.003 0.003 0.003 0.003 0.003 0.003 0.003 0.003 0.003 0.003 0.003 0.003   --  
  700:    1.00    3.550    0.010 0.010 0.010 0.010 0.010 0.010 0.010 0.010 0.010    0.003 0.003 0.003 0.003 0.003 0.003 0.003 0.003 0.003 0.003 0.003 0.003 0.003 0.003 0.003 0.003 0.003 0.003 0.003 0.003 0.003 0.003 0.003 0.003 0.003 0.003 0.003 0.003 0.003 0.003 0.003 0.003 0.003 0.003 0.003 0.003   --  
  800:    1.00    4.084    0.010 0.010 0.010 0.010 0.010 0.010 0.010 0.010 0.010    0.003 0.003 0.003 0.003 0.003 0.003 0.003 0.003 0.003 0.003 0.003 0.003 0.003 0.003 0.003 0.003 0.003 0.003 0.003 0.003 0.003 0.003 0.003 0.003 0.003 0.003 0.003 0.003 0.003 0.003 0.003 0.003 0.003 0.003 0.003 0.003   --  
  900:    1.00    4.179    0.010 0.010 0.010 0.010 0.010 0.010 0.010 0.010 0.010    0.003 0.003 0.003 0.003 0.003 0.003 0.003 0.003 0.003 0.003 0.003 0.003 0.003 0.003 0.003 0.003 0.003 0.003 0.003 0.003 0.003 0.003 0.003 0.003 0.003 0.003 0.003 0.003 0.003 0.003 0.003 0.003 0.003 0.003 0.003 0.003   --  
 1000:    1.00    3.937    0.010 0.010 0.010 0.010 0.010 0.010 0.010 0.010 0.010    0.003 0.003 0.003 0.003 0.003 0.003 0.003 0.003 0.003 0.003 0.003 0.003 0.003 0.003 0.003 0.003 0.003 0.003 0.003 0.003 0.003 0.003 0.003 0.003 0.003 0.003 0.003 0.003 0.003 0.003 0.003 0.003 0.003 0.003 0.003 0.003   --  

BURNIN completed
 Rep#:   Lambda   Alpha      F1    F2    F3    F4    F5    F6    F7    F8    F9     D1,2  D1,3  D1,4  D1,5  D1,6  D1,7  D1,8  D1,9  D2,3  D2,4  D2,5  D2,6  D2,7  D2,8  D2,9  D3,4  D3,5  D3,6  D3,7  D3,8  D3,9  D4,5  D4,6  D4,7  D4,8  D4,9  D5,6  D5,7  D5,8  D5,9  D6,7  D6,8  D6,9  D7,8  D7,9  D8,9    Ln Like  Est Ln P(D)
 1100:    1.00    4.108    0.010 0.010 0.010 0.010 0.010 0.010 0.010 0.010 0.010    0.003 0.003 0.003 0.003 0.003 0.003 0.003 0.003 0.003 0.003 0.003 0.003 0.003 0.003 0.003 0.003 0.003 0.003 0.003 0.003 0.003 0.003 0.003 0.003 0.003 0.003 0.003 0.003 0.003 0.003 0.003 0.003 0.003 0.003 0.003 0.003   -1026045    0 
 1200:    1.00    3.316    0.010 0.010 0.010 0.010 0.010 0.010 0.010 0.010 0.010    0.003 0.003 0.003 0.003 0.003 0.003 0.003 0.003 0.003 0.003 0.003 0.003 0.003 0.003 0.003 0.003 0.003 0.003 0.003 0.003 0.003 0.003 0.003 0.003 0.003 0.003 0.003 0.003 0.003 0.003 0.003 0.003 0.003 0.003 0.003 0.003   -1026141    0 
 1300:    1.00    3.406    0.010 0.010 0.010 0.010 0.010 0.010 0.010 0.010 0.010    0.003 0.003 0.003 0.003 0.003 0.003 0.003 0.003 0.003 0.003 0.003 0.003 0.003 0.003 0.003 0.003 0.003 0.003 0.003 0.003 0.003 0.003 0.003 0.003 0.003 0.003 0.003 0.003 0.003 0.003 0.003 0.003 0.003 0.003 0.003 0.003   -1025954    0 
 1400:    1.00    3.172    0.010 0.010 0.010 0.010 0.010 0.010 0.010 0.010 0.010    0.003 0.003 0.003 0.003 0.003 0.003 0.003 0.003 0.003 0.003 0.003 0.003 0.003 0.003 0.003 0.003 0.003 0.003 0.003 0.003 0.003 0.003 0.003 0.003 0.003 0.003 0.003 0.003 0.003 0.003 0.003 0.003 0.003 0.003 0.003 0.003   -1025911    0 
 1500:    1.00    3.023    0.010 0.010 0.010 0.010 0.010 0.010 0.010 0.010 0.010    0.003 0.003 0.003 0.003 0.003 0.003 0.003 0.003 0.003 0.003 0.003 0.003 0.003 0.003 0.003 0.003 0.003 0.003 0.003 0.003 0.003 0.003 0.003 0.003 0.003 0.003 0.003 0.003 0.003 0.003 0.003 0.003 0.003 0.003 0.003 0.003   -1025736    0 
 1600:    1.00    3.174    0.010 0.010 0.010 0.010 0.010 0.010 0.010 0.010 0.010    0.003 0.003 0.003 0.003 0.003 0.003 0.003 0.003 0.003 0.003 0.003 0.003 0.003 0.003 0.003 0.003 0.003 0.003 0.003 0.003 0.003 0.003 0.003 0.003 0.003 0.003 0.003 0.003 0.003 0.003 0.003 0.003 0.003 0.003 0.003 0.003   -1025581    0 
 1700:    1.00    2.836    0.010 0.010 0.010 0.010 0.010 0.010 0.010 0.010 0.010    0.003 0.003 0.003 0.003 0.003 0.003 0.003 0.003 0.003 0.003 0.003 0.003 0.003 0.003 0.003 0.003 0.003 0.003 0.003 0.003 0.003 0.003 0.003 0.003 0.003 0.003 0.003 0.003 0.003 0.003 0.003 0.003 0.003 0.003 0.003 0.003   -1025841    0 
 1800:    1.00    2.592    0.010 0.010 0.010 0.010 0.010 0.010 0.010 0.010 0.010    0.003 0.003 0.003 0.003 0.003 0.003 0.003 0.003 0.003 0.003 0.003 0.003 0.003 0.003 0.003 0.003 0.003 0.003 0.003 0.003 0.003 0.003 0.003 0.003 0.003 0.003 0.003 0.003 0.003 0.003 0.003 0.003 0.003 0.003 0.003 0.003   -1025139    0 
 1900:    1.00    2.289    0.010 0.010 0.010 0.010 0.010 0.010 0.010 0.010 0.010    0.003 0.003 0.003 0.003 0.003 0.003 0.003 0.003 0.003 0.003 0.003 0.003 0.003 0.003 0.003 0.003 0.003 0.003 0.003 0.003 0.003 0.003 0.003 0.003 0.003 0.003 0.003 0.003 0.003 0.003 0.003 0.003 0.003 0.003 0.003 0.003   -1025179    0 

--------------------------------------------
Proportion of membership of each pre-defined
 population in each of the 9 clusters

Given    Inferred Clusters                                                 Number of
 Pop       1      2      3      4      5      6      7      8      9      Individuals

  1:     0.111  0.146  0.105  0.101  0.095  0.099  0.112  0.131  0.101       23
--------------------------------------------

 Rep#:   Lambda   Alpha      F1    F2    F3    F4    F5    F6    F7    F8    F9     D1,2  D1,3  D1,4  D1,5  D1,6  D1,7  D1,8  D1,9  D2,3  D2,4  D2,5  D2,6  D2,7  D2,8  D2,9  D3,4  D3,5  D3,6  D3,7  D3,8  D3,9  D4,5  D4,6  D4,7  D4,8  D4,9  D5,6  D5,7  D5,8  D5,9  D6,7  D6,8  D6,9  D7,8  D7,9  D8,9    Ln Like  Est Ln P(D)
 2000:    1.00    1.766    0.010 0.010 0.010 0.010 0.010 0.010 0.010 0.010 0.010    0.003 0.003 0.003 0.003 0.003 0.003 0.003 0.003 0.003 0.003 0.003 0.003 0.003 0.003 0.003 0.003 0.003 0.003 0.003 0.003 0.003 0.003 0.003 0.003 0.003 0.003 0.003 0.003 0.003 0.003 0.003 0.003 0.003 0.003 0.003 0.003   -1024869    0 
 2100:    1.00    1.800    0.010 0.010 0.010 0.010 0.010 0.010 0.010 0.010 0.010    0.003 0.003 0.003 0.003 0.003 0.003 0.003 0.003 0.003 0.003 0.003 0.003 0.003 0.003 0.003 0.003 0.003 0.003 0.003 0.003 0.003 0.003 0.003 0.003 0.003 0.003 0.003 0.003 0.003 0.003 0.003 0.003 0.003 0.003 0.003 0.003   -1024733    0 
 2200:    1.00    1.510    0.010 0.010 0.010 0.010 0.010 0.010 0.010 0.010 0.010    0.003 0.003 0.003 0.003 0.003 0.003 0.003 0.003 0.003 0.003 0.003 0.003 0.003 0.003 0.003 0.003 0.003 0.003 0.003 0.003 0.003 0.003 0.003 0.003 0.003 0.003 0.003 0.003 0.003 0.003 0.003 0.003 0.003 0.003 0.003 0.003   -1024539    0 
 2300:    1.00    1.264    0.010 0.010 0.010 0.010 0.010 0.010 0.010 0.010 0.010    0.003 0.003 0.003 0.003 0.003 0.003 0.003 0.003 0.003 0.003 0.003 0.003 0.003 0.003 0.003 0.003 0.003 0.003 0.003 0.003 0.003 0.003 0.003 0.003 0.003 0.003 0.003 0.003 0.003 0.003 0.003 0.003 0.003 0.003 0.003 0.003   -1023893    0 
 2400:    1.00    0.990    0.010 0.010 0.010 0.010 0.010 0.010 0.010 0.010 0.010    0.003 0.003 0.003 0.003 0.003 0.003 0.003 0.003 0.003 0.003 0.003 0.003 0.003 0.003 0.003 0.003 0.003 0.003 0.003 0.003 0.003 0.003 0.003 0.003 0.003 0.003 0.003 0.003 0.003 0.003 0.003 0.003 0.003 0.003 0.003 0.003   -1023169    0 
 2500:    1.00    0.854    0.010 0.010 0.010 0.010 0.010 0.010 0.010 0.010 0.010    0.003 0.003 0.003 0.003 0.003 0.003 0.003 0.003 0.003 0.003 0.003 0.003 0.003 0.003 0.003 0.003 0.003 0.003 0.003 0.003 0.003 0.003 0.003 0.003 0.003 0.003 0.003 0.003 0.003 0.003 0.003 0.003 0.003 0.003 0.003 0.003   -1022370    0 
 2600:    1.00    0.733    0.010 0.011 0.010 0.010 0.010 0.010 0.010 0.010 0.010    0.003 0.003 0.003 0.003 0.003 0.003 0.003 0.003 0.003 0.003 0.003 0.003 0.003 0.003 0.003 0.003 0.003 0.003 0.003 0.003 0.003 0.003 0.003 0.003 0.003 0.003 0.003 0.003 0.003 0.003 0.003 0.003 0.003 0.003 0.003 0.003   -1021173    0 
 2700:    1.00    0.656    0.010 0.011 0.010 0.010 0.010 0.010 0.010 0.010 0.010    0.003 0.003 0.003 0.003 0.003 0.003 0.003 0.003 0.003 0.003 0.003 0.003 0.003 0.003 0.003 0.003 0.003 0.003 0.003 0.003 0.003 0.003 0.003 0.003 0.003 0.003 0.003 0.003 0.003 0.003 0.003 0.003 0.003 0.003 0.003 0.003   -1020743    0 
 2800:    1.00    0.654    0.010 0.011 0.010 0.010 0.010 0.010 0.010 0.010 0.010    0.003 0.003 0.003 0.003 0.003 0.003 0.003 0.003 0.003 0.003 0.003 0.003 0.003 0.003 0.003 0.003 0.003 0.003 0.003 0.003 0.003 0.003 0.003 0.003 0.003 0.003 0.003 0.003 0.003 0.003 0.003 0.003 0.003 0.003 0.003 0.003   -1019810    0 
 2900:    1.00    0.469    0.010 0.012 0.010 0.010 0.010 0.010 0.010 0.010 0.010    0.003 0.003 0.003 0.003 0.003 0.003 0.003 0.003 0.003 0.003 0.003 0.003 0.003 0.003 0.003 0.003 0.003 0.003 0.003 0.003 0.003 0.003 0.003 0.003 0.003 0.003 0.003 0.003 0.003 0.003 0.003 0.003 0.003 0.003 0.003 0.003   -1018974    0 

--------------------------------------------
Proportion of membership of each pre-defined
 population in each of the 9 clusters

Given    Inferred Clusters                                                 Number of
 Pop       1      2      3      4      5      6      7      8      9      Individuals

  1:     0.102  0.237  0.064  0.099  0.059  0.070  0.109  0.194  0.066       23
--------------------------------------------

 Rep#:   Lambda   Alpha      F1    F2    F3    F4    F5    F6    F7    F8    F9     D1,2  D1,3  D1,4  D1,5  D1,6  D1,7  D1,8  D1,9  D2,3  D2,4  D2,5  D2,6  D2,7  D2,8  D2,9  D3,4  D3,5  D3,6  D3,7  D3,8  D3,9  D4,5  D4,6  D4,7  D4,8  D4,9  D5,6  D5,7  D5,8  D5,9  D6,7  D6,8  D6,9  D7,8  D7,9  D8,9    Ln Like  Est Ln P(D)
 3000:    1.00    0.453    0.010 0.013 0.009 0.010 0.010 0.010 0.010 0.010 0.010    0.003 0.003 0.003 0.003 0.003 0.003 0.003 0.003 0.003 0.004 0.003 0.003 0.004 0.004 0.004 0.003 0.003 0.003 0.003 0.003 0.003 0.003 0.003 0.003 0.003 0.003 0.003 0.003 0.003 0.003 0.003 0.003 0.003 0.003 0.003 0.003   -1018304    0 
 3100:    1.00    0.341    0.010 0.013 0.009 0.010 0.010 0.010 0.010 0.010 0.010    0.004 0.003 0.003 0.003 0.003 0.003 0.003 0.003 0.003 0.004 0.004 0.004 0.004 0.004 0.004 0.003 0.003 0.003 0.003 0.003 0.003 0.003 0.003 0.003 0.003 0.003 0.003 0.003 0.003 0.003 0.003 0.003 0.003 0.003 0.003 0.003   -1017869    0 
 3200:    1.00    0.323    0.010 0.015 0.009 0.010 0.010 0.010 0.010 0.010 0.010    0.004 0.003 0.003 0.003 0.003 0.003 0.003 0.003 0.004 0.004 0.004 0.004 0.004 0.004 0.004 0.003 0.003 0.003 0.003 0.003 0.003 0.003 0.003 0.003 0.003 0.003 0.003 0.003 0.003 0.003 0.003 0.003 0.003 0.003 0.003 0.003   -1016716    0 
 3300:    1.00    0.295    0.010 0.017 0.009 0.010 0.010 0.010 0.010 0.011 0.010    0.004 0.003 0.003 0.003 0.003 0.003 0.003 0.003 0.004 0.004 0.004 0.004 0.004 0.005 0.004 0.003 0.003 0.003 0.003 0.003 0.003 0.003 0.003 0.003 0.003 0.003 0.003 0.003 0.003 0.003 0.003 0.003 0.003 0.003 0.003 0.003   -1015134    0 
 3400:    1.00    0.302    0.010 0.019 0.009 0.010 0.010 0.010 0.010 0.012 0.010    0.005 0.003 0.003 0.003 0.003 0.003 0.003 0.003 0.004 0.005 0.005 0.005 0.005 0.005 0.005 0.003 0.003 0.003 0.003 0.003 0.003 0.003 0.003 0.003 0.003 0.003 0.003 0.003 0.003 0.003 0.003 0.003 0.003 0.003 0.003 0.003   -1014524    0 
 3500:    1.00    0.225    0.010 0.022 0.009 0.010 0.010 0.010 0.010 0.012 0.010    0.005 0.003 0.003 0.003 0.003 0.003 0.003 0.003 0.005 0.005 0.005 0.005 0.005 0.006 0.005 0.003 0.003 0.003 0.003 0.003 0.003 0.003 0.003 0.003 0.003 0.003 0.003 0.003 0.003 0.003 0.003 0.003 0.003 0.003 0.003 0.003   -1012692    0 
 3600:    1.00    0.203    0.010 0.025 0.009 0.010 0.010 0.010 0.010 0.012 0.010    0.006 0.003 0.003 0.003 0.003 0.003 0.003 0.003 0.006 0.006 0.006 0.006 0.006 0.006 0.006 0.003 0.003 0.003 0.003 0.003 0.003 0.003 0.003 0.003 0.003 0.003 0.003 0.003 0.003 0.003 0.003 0.003 0.003 0.003 0.003 0.003   -1011219    0 
 3700:    1.00    0.192    0.010 0.034 0.009 0.010 0.010 0.010 0.010 0.012 0.010    0.007 0.003 0.003 0.003 0.003 0.003 0.003 0.003 0.007 0.007 0.007 0.007 0.007 0.008 0.007 0.003 0.003 0.003 0.003 0.003 0.003 0.003 0.003 0.003 0.003 0.003 0.003 0.003 0.003 0.003 0.003 0.003 0.003 0.003 0.003 0.003   -1008908    0 
 3800:    1.00    0.164    0.010 0.055 0.009 0.010 0.010 0.010 0.010 0.012 0.010    0.010 0.003 0.003 0.003 0.003 0.003 0.003 0.003 0.010 0.010 0.010 0.010 0.010 0.011 0.010 0.003 0.003 0.003 0.003 0.003 0.003 0.003 0.003 0.003 0.003 0.003 0.003 0.003 0.003 0.003 0.003 0.003 0.003 0.003 0.003 0.003   -1004935    0 
 3900:    1.00    0.174    0.010 0.089 0.009 0.010 0.010 0.010 0.010 0.013 0.010    0.015 0.003 0.003 0.003 0.003 0.003 0.004 0.003 0.015 0.015 0.015 0.015 0.015 0.016 0.015 0.003 0.003 0.003 0.003 0.003 0.003 0.003 0.003 0.003 0.004 0.003 0.003 0.003 0.004 0.003 0.003 0.004 0.003 0.004 0.003 0.004   -1000691    0 

--------------------------------------------
Proportion of membership of each pre-defined
 population in each of the 9 clusters

Given    Inferred Clusters                                                 Number of
 Pop       1      2      3      4      5      6      7      8      9      Individuals

  1:     0.120  0.231  0.048  0.089  0.057  0.063  0.110  0.227  0.056       23
--------------------------------------------

 Rep#:   Lambda   Alpha      F1    F2    F3    F4    F5    F6    F7    F8    F9     D1,2  D1,3  D1,4  D1,5  D1,6  D1,7  D1,8  D1,9  D2,3  D2,4  D2,5  D2,6  D2,7  D2,8  D2,9  D3,4  D3,5  D3,6  D3,7  D3,8  D3,9  D4,5  D4,6  D4,7  D4,8  D4,9  D5,6  D5,7  D5,8  D5,9  D6,7  D6,8  D6,9  D7,8  D7,9  D8,9    Ln Like  Est Ln P(D)
 4000:    1.00    0.147    0.010 0.103 0.009 0.010 0.010 0.010 0.010 0.013 0.010    0.017 0.003 0.003 0.003 0.003 0.003 0.004 0.003 0.017 0.017 0.017 0.017 0.017 0.018 0.017 0.003 0.003 0.003 0.003 0.003 0.003 0.003 0.003 0.003 0.004 0.003 0.003 0.003 0.004 0.003 0.003 0.004 0.003 0.004 0.003 0.004   -998517    0 
 4100:    1.00    0.143    0.010 0.109 0.009 0.010 0.010 0.010 0.010 0.014 0.010    0.018 0.003 0.003 0.003 0.003 0.003 0.004 0.003 0.018 0.018 0.018 0.018 0.018 0.019 0.018 0.003 0.003 0.003 0.003 0.004 0.003 0.003 0.003 0.003 0.004 0.003 0.003 0.003 0.004 0.003 0.003 0.004 0.003 0.004 0.003 0.004   -997367    0 
 4200:    1.00    0.145    0.010 0.111 0.009 0.010 0.010 0.010 0.010 0.015 0.010    0.018 0.003 0.003 0.003 0.003 0.003 0.004 0.003 0.018 0.018 0.018 0.018 0.018 0.019 0.018 0.003 0.003 0.003 0.003 0.004 0.003 0.003 0.003 0.003 0.004 0.003 0.003 0.003 0.004 0.003 0.003 0.004 0.003 0.004 0.003 0.004   -997028    0 
 4300:    1.00    0.154    0.010 0.117 0.009 0.010 0.010 0.010 0.010 0.015 0.010    0.019 0.003 0.003 0.003 0.003 0.003 0.004 0.003 0.019 0.019 0.019 0.019 0.019 0.020 0.019 0.003 0.003 0.003 0.003 0.004 0.003 0.003 0.003 0.003 0.004 0.003 0.003 0.003 0.004 0.003 0.003 0.004 0.003 0.004 0.003 0.004   -996859    0 
 4400:    1.00    0.153    0.010 0.117 0.009 0.010 0.010 0.010 0.010 0.015 0.010    0.019 0.003 0.003 0.003 0.003 0.003 0.004 0.003 0.019 0.019 0.019 0.019 0.019 0.020 0.019 0.003 0.003 0.003 0.003 0.004 0.003 0.003 0.003 0.003 0.004 0.003 0.003 0.003 0.004 0.003 0.003 0.004 0.003 0.004 0.003 0.004   -997026    0 
 4500:    1.00    0.129    0.010 0.121 0.009 0.010 0.010 0.010 0.010 0.015 0.010    0.020 0.003 0.003 0.003 0.003 0.003 0.004 0.003 0.020 0.020 0.020 0.020 0.020 0.021 0.020 0.003 0.003 0.003 0.003 0.004 0.003 0.003 0.003 0.003 0.004 0.003 0.003 0.003 0.004 0.003 0.003 0.004 0.003 0.004 0.003 0.004   -996784    0 
 4600:    1.00    0.130    0.010 0.125 0.009 0.011 0.010 0.010 0.010 0.016 0.010    0.020 0.003 0.003 0.003 0.003 0.003 0.004 0.003 0.021 0.021 0.021 0.021 0.021 0.022 0.021 0.003 0.003 0.003 0.003 0.004 0.003 0.003 0.003 0.003 0.004 0.003 0.003 0.003 0.004 0.003 0.003 0.004 0.003 0.004 0.003 0.004   -995907    0 
 4700:    1.00    0.127    0.010 0.125 0.009 0.011 0.010 0.010 0.010 0.016 0.010    0.020 0.003 0.003 0.003 0.003 0.003 0.004 0.003 0.020 0.021 0.020 0.021 0.021 0.022 0.021 0.003 0.003 0.003 0.003 0.004 0.003 0.003 0.003 0.003 0.004 0.003 0.003 0.003 0.004 0.003 0.003 0.004 0.003 0.004 0.003 0.004   -996534    0 
 4800:    1.00    0.122    0.010 0.126 0.009 0.011 0.010 0.010 0.010 0.017 0.010    0.021 0.003 0.003 0.003 0.003 0.003 0.004 0.003 0.021 0.021 0.021 0.021 0.021 0.022 0.021 0.003 0.003 0.003 0.003 0.004 0.003 0.003 0.003 0.003 0.004 0.003 0.003 0.003 0.004 0.003 0.003 0.004 0.003 0.004 0.003 0.004   -995834    0 
 4900:    1.00    0.130    0.010 0.126 0.009 0.011 0.010 0.010 0.010 0.017 0.010    0.021 0.003 0.003 0.003 0.003 0.003 0.004 0.003 0.021 0.021 0.021 0.021 0.021 0.022 0.021 0.003 0.003 0.003 0.003 0.004 0.003 0.003 0.003 0.003 0.004 0.003 0.003 0.003 0.004 0.003 0.003 0.004 0.003 0.004 0.003 0.004   -996103    0 

--------------------------------------------
Proportion of membership of each pre-defined
 population in each of the 9 clusters

Given    Inferred Clusters                                                 Number of
 Pop       1      2      3      4      5      6      7      8      9      Individuals

  1:     0.160  0.219  0.044  0.084  0.056  0.056  0.116  0.219  0.046       23
--------------------------------------------

 Rep#:   Lambda   Alpha      F1    F2    F3    F4    F5    F6    F7    F8    F9     D1,2  D1,3  D1,4  D1,5  D1,6  D1,7  D1,8  D1,9  D2,3  D2,4  D2,5  D2,6  D2,7  D2,8  D2,9  D3,4  D3,5  D3,6  D3,7  D3,8  D3,9  D4,5  D4,6  D4,7  D4,8  D4,9  D5,6  D5,7  D5,8  D5,9  D6,7  D6,8  D6,9  D7,8  D7,9  D8,9    Ln Like  Est Ln P(D)
 5000:    1.00    0.118    0.010 0.126 0.009 0.011 0.010 0.010 0.010 0.017 0.010    0.021 0.003 0.003 0.003 0.003 0.003 0.004 0.003 0.020 0.021 0.021 0.021 0.021 0.022 0.021 0.003 0.003 0.003 0.003 0.004 0.003 0.003 0.003 0.003 0.004 0.003 0.003 0.003 0.004 0.003 0.003 0.004 0.003 0.004 0.003 0.004   -995826    0 
 5100:    1.00    0.100    0.010 0.128 0.009 0.011 0.010 0.010 0.010 0.018 0.010    0.021 0.003 0.003 0.003 0.003 0.003 0.004 0.003 0.021 0.021 0.021 0.021 0.021 0.022 0.021 0.003 0.003 0.003 0.003 0.004 0.003 0.003 0.003 0.003 0.004 0.003 0.003 0.003 0.004 0.003 0.003 0.004 0.003 0.004 0.003 0.004   -995882    0 
 5200:    1.00    0.102    0.010 0.129 0.009 0.011 0.010 0.010 0.010 0.019 0.010    0.021 0.003 0.003 0.003 0.003 0.003 0.005 0.003 0.021 0.021 0.021 0.021 0.021 0.023 0.021 0.003 0.003 0.003 0.003 0.004 0.003 0.003 0.003 0.003 0.005 0.003 0.003 0.003 0.004 0.003 0.003 0.005 0.003 0.005 0.003 0.005   -995471    0 
 5300:    1.00    0.122    0.010 0.132 0.009 0.011 0.010 0.010 0.010 0.020 0.010    0.021 0.003 0.003 0.003 0.003 0.003 0.005 0.003 0.021 0.021 0.021 0.021 0.021 0.023 0.021 0.003 0.003 0.003 0.003 0.004 0.003 0.003 0.003 0.003 0.005 0.003 0.003 0.003 0.005 0.003 0.003 0.005 0.003 0.005 0.003 0.005   -994942    0 
 5400:    1.00    0.112    0.010 0.132 0.009 0.011 0.010 0.010 0.010 0.020 0.010    0.021 0.003 0.003 0.003 0.003 0.003 0.005 0.003 0.021 0.021 0.021 0.021 0.021 0.023 0.021 0.003 0.003 0.003 0.003 0.005 0.003 0.003 0.003 0.003 0.005 0.003 0.003 0.003 0.005 0.003 0.003 0.005 0.003 0.005 0.003 0.005   -994775    0 
 5500:    1.00    0.108    0.010 0.133 0.009 0.010 0.010 0.010 0.010 0.020 0.010    0.021 0.003 0.003 0.003 0.003 0.003 0.005 0.003 0.021 0.022 0.021 0.022 0.022 0.023 0.022 0.003 0.003 0.003 0.003 0.005 0.003 0.003 0.003 0.003 0.005 0.003 0.003 0.003 0.005 0.003 0.003 0.005 0.003 0.005 0.003 0.005   -995155    0 
 5600:    1.00    0.095    0.010 0.133 0.009 0.010 0.010 0.010 0.010 0.020 0.010    0.021 0.003 0.003 0.003 0.003 0.003 0.005 0.003 0.021 0.022 0.021 0.021 0.022 0.023 0.021 0.003 0.003 0.003 0.003 0.005 0.003 0.003 0.003 0.003 0.005 0.003 0.003 0.003 0.005 0.003 0.003 0.005 0.003 0.005 0.003 0.005   -994776    0 
 5700:    1.00    0.118    0.011 0.133 0.009 0.011 0.010 0.010 0.010 0.023 0.010    0.022 0.003 0.003 0.003 0.003 0.003 0.005 0.003 0.022 0.022 0.022 0.022 0.022 0.024 0.022 0.003 0.003 0.003 0.003 0.005 0.003 0.003 0.003 0.003 0.005 0.003 0.003 0.003 0.005 0.003 0.003 0.005 0.003 0.005 0.003 0.005   -993884    0 
 5800:    1.00    0.104    0.011 0.133 0.009 0.011 0.010 0.010 0.010 0.023 0.010    0.022 0.003 0.003 0.003 0.003 0.003 0.005 0.003 0.022 0.022 0.022 0.022 0.022 0.024 0.022 0.003 0.003 0.003 0.003 0.005 0.003 0.003 0.003 0.003 0.005 0.003 0.003 0.003 0.005 0.003 0.003 0.005 0.003 0.005 0.003 0.005   -993807    0 
 5900:    1.00    0.090    0.011 0.134 0.009 0.011 0.010 0.010 0.010 0.024 0.010    0.022 0.003 0.003 0.003 0.003 0.003 0.006 0.003 0.022 0.022 0.022 0.022 0.022 0.024 0.022 0.003 0.003 0.003 0.003 0.005 0.003 0.003 0.003 0.003 0.006 0.003 0.003 0.003 0.005 0.003 0.003 0.005 0.003 0.006 0.003 0.005   -993361    0 
 6000:    1.00    0.073    0.011 0.135 0.009 0.011 0.010 0.010 0.010 0.024 0.010    0.022 0.003 0.003 0.003 0.003 0.003 0.006 0.003 0.022 0.022 0.022 0.022 0.022 0.025 0.022 0.003 0.003 0.003 0.003 0.005 0.003 0.003 0.003 0.003 0.006 0.003 0.003 0.003 0.005 0.003 0.003 0.005 0.003 0.005 0.003 0.005   -993323    0 

MCMC completed

Inferred ancestry of individuals:
        Label (%Miss) Pop:  Inferred clusters
  1 18160D-09-0    (2)    1 :  0.190 0.049 0.084 0.160 0.057 0.094 0.246 0.060 0.060 
  2 18160D-09-0    (4)    1 :  0.172 0.101 0.189 0.047 0.033 0.202 0.213 0.012 0.030 
  3 18160D-09-0    (2)    1 :  0.088 0.653 0.041 0.071 0.037 0.025 0.020 0.035 0.030 
  4 18160D-09-0    (5)    1 :  0.026 0.798 0.035 0.018 0.042 0.027 0.036 0.010 0.009 
  5 18160D-09-0    (4)    1 :  0.024 0.772 0.036 0.013 0.046 0.046 0.026 0.016 0.020 
  6 18160D-09-0    (4)    1 :  0.016 0.818 0.027 0.019 0.055 0.022 0.021 0.009 0.013 
  7 18160D-09-0    (2)    1 :  0.006 0.809 0.036 0.014 0.037 0.057 0.016 0.005 0.021 
  8 18160D-09-0    (4)    1 :  0.056 0.062 0.129 0.218 0.185 0.088 0.083 0.047 0.131 
  9 18160D-09-0    (2)    1 :  0.032 0.014 0.040 0.039 0.064 0.021 0.029 0.728 0.033 
 10 18160D-09-1    (2)    1 :  0.018 0.008 0.057 0.007 0.037 0.006 0.011 0.794 0.063 
 11 18160D-09-1    (2)    1 :  0.045 0.010 0.046 0.044 0.033 0.021 0.026 0.704 0.070 
 12 18160D-09-1    (2)    1 :  0.039 0.008 0.090 0.059 0.050 0.024 0.020 0.638 0.072 
 13 18160D-09-1    (5)    1 :  0.142 0.075 0.101 0.083 0.079 0.147 0.113 0.068 0.192 
 14 18160D-09-1   (18)    1 :  0.364 0.110 0.055 0.034 0.164 0.144 0.055 0.036 0.038 
 15 18160D-09-1    (4)    1 :  0.390 0.025 0.053 0.106 0.037 0.058 0.076 0.112 0.141 
 16 18160D-09-1    (2)    1 :  0.016 0.018 0.080 0.014 0.035 0.012 0.026 0.728 0.072 
 17 18160D-09-1    (2)    1 :  0.206 0.087 0.041 0.092 0.088 0.183 0.050 0.061 0.192 
 18 18160D-09-1    (2)    1 :  0.047 0.018 0.045 0.720 0.013 0.017 0.089 0.025 0.026 
 19 18160D-09-1    (2)    1 :  0.397 0.038 0.227 0.110 0.015 0.061 0.095 0.027 0.029 
 20 18160D-09-2    (5)    1 :  0.025 0.019 0.045 0.100 0.159 0.198 0.325 0.052 0.077 
 21 18160D-09-2    (5)    1 :  0.130 0.041 0.008 0.032 0.167 0.161 0.149 0.094 0.219 
 22 18160D-09-2    (5)    1 :  0.018 0.020 0.016 0.065 0.025 0.018 0.799 0.016 0.022 
 23 18160D-09-2    (2)    1 :  0.468 0.053 0.035 0.126 0.138 0.055 0.030 0.047 0.049 

Command line arguments:   structure -D 450701 -K 9 -m mainparams -o k9/populations_k9_run5 
Input File:    populations.str
Output File:   k9/populations_k9_run5_f

Run parameters:
   23 individuals
   50160 loci
   9 populations assumed
   1000 Burn-in period
   5000 Reps
RANDOMIZE turned off

--------------------------------------------
Estimated Ln Prob of Data   = -85434429.8
Mean value of ln likelihood = -1010113.2
Variance of ln likelihood   = 168848633.2
Mean value of alpha         = 0.9156

Mean value of Fst_1         = 0.0100
Mean value of Fst_2         = 0.0610
Mean value of Fst_3         = 0.0094
Mean value of Fst_4         = 0.0103
Mean value of Fst_5         = 0.0099
Mean value of Fst_6         = 0.0102
Mean value of Fst_7         = 0.0102
Mean value of Fst_8         = 0.0136
Mean value of Fst_9         = 0.0101


--------------------------------------------
Proportion of membership of each pre-defined
 population in each of the 9 clusters

Given    Inferred Clusters                                                 Number of
 Pop       1      2      3      4      5      6      7      8      9      Individuals

  1:     0.127  0.200  0.066  0.095  0.069  0.073  0.111  0.188  0.070       23
--------------------------------------------
Final results printed to file k9/populations_k9_run5_f

