

----------------------------------------------------
STRUCTURE by Pritchard, Stephens and Donnelly (2000)
     and Falush, Stephens and Pritchard (2003)
       Code by Pritchard, Falush and Hubisz
             Version 2.3.4 (Jul 2012)
----------------------------------------------------


Reading file "mainparams".
datafile is
populations.str
Reading file "extraparams".
Reading file "populations.str".


Data file "populations.str" (truncated) --

Ind:   Label Pop : Genotype_data . . . .
  1: 18160D-09-0    1  :  4   1   3   1   4   1   3  . . . .   2
  1: 18160D-09-0    1  :  4   1   3   1   4   4   4  . . . .   4
  2: 18160D-09-0    1  :  4   1   3   1   4   1   3  . . . .   2
  2: 18160D-09-0    1  :  4   1   3   1   4   4   3  . . . .   4
  3: 18160D-09-0    1  :  4   1   0   0   0   0   3  . . . .   2
  3: 18160D-09-0    1  :  4   3   0   0   0   0   3  . . . .   4
  4: 18160D-09-0    1  :  4   1   3   1   4   1   3  . . . .   2
  4: 18160D-09-0    1  :  4   3   3   1   4   1   3  . . . .   4

      *******   

 22: 18160D-09-2    1  :  4   1   3   1   4   1   3  . . . .   2
 22: 18160D-09-2    1  :  4   3   3   1   4   1   4  . . . .   4
 23: 18160D-09-2    1  :  4   1   3   1   4   1   3  . . . .   2
 23: 18160D-09-2    1  :  4   1   3   1   4   4   4  . . . .   4

Number of alleles per locus: min= 2; ave=2.0; max= 2


--------------------------------------

Finished initialization; starting MCMC 
5000 iterations + 1000 burnin


--------------------------------------------
Proportion of membership of each pre-defined
 population in each of the 9 clusters

Given    Inferred Clusters                                                 Number of
 Pop       1      2      3      4      5      6      7      8      9      Individuals

  1:     0.108  0.113  0.115  0.116  0.102  0.116  0.107  0.110  0.111       23
--------------------------------------------

 Rep#:   Lambda   Alpha      F1    F2    F3    F4    F5    F6    F7    F8    F9     D1,2  D1,3  D1,4  D1,5  D1,6  D1,7  D1,8  D1,9  D2,3  D2,4  D2,5  D2,6  D2,7  D2,8  D2,9  D3,4  D3,5  D3,6  D3,7  D3,8  D3,9  D4,5  D4,6  D4,7  D4,8  D4,9  D5,6  D5,7  D5,8  D5,9  D6,7  D6,8  D6,9  D7,8  D7,9  D8,9    Ln Like 
  100:    1.00    1.931    0.010 0.010 0.010 0.010 0.010 0.010 0.010 0.010 0.010    0.003 0.003 0.003 0.003 0.003 0.003 0.003 0.003 0.003 0.003 0.003 0.003 0.003 0.003 0.003 0.003 0.003 0.003 0.003 0.003 0.003 0.003 0.003 0.003 0.003 0.003 0.003 0.003 0.003 0.003 0.003 0.003 0.003 0.003 0.003 0.003   --  
  200:    1.00    2.702    0.010 0.010 0.010 0.010 0.010 0.010 0.010 0.010 0.010    0.003 0.003 0.003 0.003 0.003 0.003 0.003 0.003 0.003 0.003 0.003 0.003 0.003 0.003 0.003 0.003 0.003 0.003 0.003 0.003 0.003 0.003 0.003 0.003 0.003 0.003 0.003 0.003 0.003 0.003 0.003 0.003 0.003 0.003 0.003 0.003   --  
  300:    1.00    3.090    0.010 0.010 0.010 0.010 0.010 0.010 0.010 0.010 0.010    0.003 0.003 0.003 0.003 0.003 0.003 0.003 0.003 0.003 0.003 0.003 0.003 0.003 0.003 0.003 0.003 0.003 0.003 0.003 0.003 0.003 0.003 0.003 0.003 0.003 0.003 0.003 0.003 0.003 0.003 0.003 0.003 0.003 0.003 0.003 0.003   --  
  400:    1.00    3.426    0.010 0.010 0.010 0.010 0.010 0.010 0.010 0.010 0.010    0.003 0.003 0.003 0.003 0.003 0.003 0.003 0.003 0.003 0.003 0.003 0.003 0.003 0.003 0.003 0.003 0.003 0.003 0.003 0.003 0.003 0.003 0.003 0.003 0.003 0.003 0.003 0.003 0.003 0.003 0.003 0.003 0.003 0.003 0.003 0.003   --  
  500:    1.00    3.515    0.010 0.010 0.010 0.010 0.010 0.010 0.010 0.010 0.010    0.003 0.003 0.003 0.003 0.003 0.003 0.003 0.003 0.003 0.003 0.003 0.003 0.003 0.003 0.003 0.003 0.003 0.003 0.003 0.003 0.003 0.003 0.003 0.003 0.003 0.003 0.003 0.003 0.003 0.003 0.003 0.003 0.003 0.003 0.003 0.003   --  
  600:    1.00    3.818    0.010 0.010 0.010 0.010 0.010 0.010 0.010 0.010 0.010    0.003 0.003 0.003 0.003 0.003 0.003 0.003 0.003 0.003 0.003 0.003 0.003 0.003 0.003 0.003 0.003 0.003 0.003 0.003 0.003 0.003 0.003 0.003 0.003 0.003 0.003 0.003 0.003 0.003 0.003 0.003 0.003 0.003 0.003 0.003 0.003   --  
  700:    1.00    3.973    0.010 0.010 0.010 0.010 0.010 0.010 0.010 0.010 0.010    0.003 0.003 0.003 0.003 0.003 0.003 0.003 0.003 0.003 0.003 0.003 0.003 0.003 0.003 0.003 0.003 0.003 0.003 0.003 0.003 0.003 0.003 0.003 0.003 0.003 0.003 0.003 0.003 0.003 0.003 0.003 0.003 0.003 0.003 0.003 0.003   --  
  800:    1.00    3.821    0.010 0.010 0.010 0.010 0.010 0.010 0.010 0.010 0.010    0.003 0.003 0.003 0.003 0.003 0.003 0.003 0.003 0.003 0.003 0.003 0.003 0.003 0.003 0.003 0.003 0.003 0.003 0.003 0.003 0.003 0.003 0.003 0.003 0.003 0.003 0.003 0.003 0.003 0.003 0.003 0.003 0.003 0.003 0.003 0.003   --  
  900:    1.00    3.815    0.010 0.010 0.010 0.010 0.010 0.010 0.010 0.010 0.010    0.003 0.003 0.003 0.003 0.003 0.003 0.003 0.003 0.003 0.003 0.003 0.003 0.003 0.003 0.003 0.003 0.003 0.003 0.003 0.003 0.003 0.003 0.003 0.003 0.003 0.003 0.003 0.003 0.003 0.003 0.003 0.003 0.003 0.003 0.003 0.003   --  
 1000:    1.00    3.753    0.010 0.010 0.010 0.010 0.010 0.010 0.010 0.010 0.010    0.003 0.003 0.003 0.003 0.003 0.003 0.003 0.003 0.003 0.003 0.003 0.003 0.003 0.003 0.003 0.003 0.003 0.003 0.003 0.003 0.003 0.003 0.003 0.003 0.003 0.003 0.003 0.003 0.003 0.003 0.003 0.003 0.003 0.003 0.003 0.003   --  

BURNIN completed
 Rep#:   Lambda   Alpha      F1    F2    F3    F4    F5    F6    F7    F8    F9     D1,2  D1,3  D1,4  D1,5  D1,6  D1,7  D1,8  D1,9  D2,3  D2,4  D2,5  D2,6  D2,7  D2,8  D2,9  D3,4  D3,5  D3,6  D3,7  D3,8  D3,9  D4,5  D4,6  D4,7  D4,8  D4,9  D5,6  D5,7  D5,8  D5,9  D6,7  D6,8  D6,9  D7,8  D7,9  D8,9    Ln Like  Est Ln P(D)
 1100:    1.00    3.807    0.010 0.010 0.010 0.010 0.010 0.010 0.010 0.010 0.010    0.003 0.003 0.003 0.003 0.003 0.003 0.003 0.003 0.003 0.003 0.003 0.003 0.003 0.003 0.003 0.003 0.003 0.003 0.003 0.003 0.003 0.003 0.003 0.003 0.003 0.003 0.003 0.003 0.003 0.003 0.003 0.003 0.003 0.003 0.003 0.003   -1026458    0 
 1200:    1.00    3.599    0.010 0.010 0.010 0.010 0.010 0.010 0.010 0.010 0.010    0.003 0.003 0.003 0.003 0.003 0.003 0.003 0.003 0.003 0.003 0.003 0.003 0.003 0.003 0.003 0.003 0.003 0.003 0.003 0.003 0.003 0.003 0.003 0.003 0.003 0.003 0.003 0.003 0.003 0.003 0.003 0.003 0.003 0.003 0.003 0.003   -1026120    0 
 1300:    1.00    3.463    0.010 0.010 0.010 0.010 0.010 0.010 0.010 0.010 0.010    0.003 0.003 0.003 0.003 0.003 0.003 0.003 0.003 0.003 0.003 0.003 0.003 0.003 0.003 0.003 0.003 0.003 0.003 0.003 0.003 0.003 0.003 0.003 0.003 0.003 0.003 0.003 0.003 0.003 0.003 0.003 0.003 0.003 0.003 0.003 0.003   -1026262    0 
 1400:    1.00    3.506    0.010 0.010 0.010 0.010 0.010 0.010 0.010 0.010 0.010    0.003 0.003 0.003 0.003 0.003 0.003 0.003 0.003 0.003 0.003 0.003 0.003 0.003 0.003 0.003 0.003 0.003 0.003 0.003 0.003 0.003 0.003 0.003 0.003 0.003 0.003 0.003 0.003 0.003 0.003 0.003 0.003 0.003 0.003 0.003 0.003   -1026317    0 
 1500:    1.00    3.492    0.010 0.010 0.010 0.010 0.010 0.010 0.010 0.010 0.010    0.003 0.003 0.003 0.003 0.003 0.003 0.003 0.003 0.003 0.003 0.003 0.003 0.003 0.003 0.003 0.003 0.003 0.003 0.003 0.003 0.003 0.003 0.003 0.003 0.003 0.003 0.003 0.003 0.003 0.003 0.003 0.003 0.003 0.003 0.003 0.003   -1026335    0 
 1600:    1.00    3.220    0.010 0.010 0.010 0.010 0.010 0.010 0.010 0.010 0.010    0.003 0.003 0.003 0.003 0.003 0.003 0.003 0.003 0.003 0.003 0.003 0.003 0.003 0.003 0.003 0.003 0.003 0.003 0.003 0.003 0.003 0.003 0.003 0.003 0.003 0.003 0.003 0.003 0.003 0.003 0.003 0.003 0.003 0.003 0.003 0.003   -1026322    0 
 1700:    1.00    3.282    0.010 0.010 0.010 0.010 0.010 0.010 0.010 0.010 0.010    0.003 0.003 0.003 0.003 0.003 0.003 0.003 0.003 0.003 0.003 0.003 0.003 0.003 0.003 0.003 0.003 0.003 0.003 0.003 0.003 0.003 0.003 0.003 0.003 0.003 0.003 0.003 0.003 0.003 0.003 0.003 0.003 0.003 0.003 0.003 0.003   -1026107    0 
 1800:    1.00    3.373    0.010 0.010 0.010 0.010 0.010 0.010 0.010 0.010 0.010    0.003 0.003 0.003 0.003 0.003 0.003 0.003 0.003 0.003 0.003 0.003 0.003 0.003 0.003 0.003 0.003 0.003 0.003 0.003 0.003 0.003 0.003 0.003 0.003 0.003 0.003 0.003 0.003 0.003 0.003 0.003 0.003 0.003 0.003 0.003 0.003   -1026040    0 
 1900:    1.00    3.313    0.010 0.010 0.010 0.010 0.010 0.010 0.010 0.010 0.010    0.003 0.003 0.003 0.003 0.003 0.003 0.003 0.003 0.003 0.003 0.003 0.003 0.003 0.003 0.003 0.003 0.003 0.003 0.003 0.003 0.003 0.003 0.003 0.003 0.003 0.003 0.003 0.003 0.003 0.003 0.003 0.003 0.003 0.003 0.003 0.003   -1025763    0 

--------------------------------------------
Proportion of membership of each pre-defined
 population in each of the 9 clusters

Given    Inferred Clusters                                                 Number of
 Pop       1      2      3      4      5      6      7      8      9      Individuals

  1:     0.106  0.110  0.120  0.121  0.108  0.103  0.105  0.113  0.114       23
--------------------------------------------

 Rep#:   Lambda   Alpha      F1    F2    F3    F4    F5    F6    F7    F8    F9     D1,2  D1,3  D1,4  D1,5  D1,6  D1,7  D1,8  D1,9  D2,3  D2,4  D2,5  D2,6  D2,7  D2,8  D2,9  D3,4  D3,5  D3,6  D3,7  D3,8  D3,9  D4,5  D4,6  D4,7  D4,8  D4,9  D5,6  D5,7  D5,8  D5,9  D6,7  D6,8  D6,9  D7,8  D7,9  D8,9    Ln Like  Est Ln P(D)
 2000:    1.00    2.816    0.010 0.010 0.010 0.010 0.010 0.010 0.010 0.010 0.010    0.003 0.003 0.003 0.003 0.003 0.003 0.003 0.003 0.003 0.003 0.003 0.003 0.003 0.003 0.003 0.003 0.003 0.003 0.003 0.003 0.003 0.003 0.003 0.003 0.003 0.003 0.003 0.003 0.003 0.003 0.003 0.003 0.003 0.003 0.003 0.003   -1025839    0 
 2100:    1.00    2.566    0.010 0.010 0.010 0.010 0.010 0.010 0.010 0.010 0.010    0.003 0.003 0.003 0.003 0.003 0.003 0.003 0.003 0.003 0.003 0.003 0.003 0.003 0.003 0.003 0.003 0.003 0.003 0.003 0.003 0.003 0.003 0.003 0.003 0.003 0.003 0.003 0.003 0.003 0.003 0.003 0.003 0.003 0.003 0.003 0.003   -1026001    0 
 2200:    1.00    2.271    0.010 0.010 0.010 0.010 0.010 0.010 0.010 0.010 0.010    0.003 0.003 0.003 0.003 0.003 0.003 0.003 0.003 0.003 0.003 0.003 0.003 0.003 0.003 0.003 0.003 0.003 0.003 0.003 0.003 0.003 0.003 0.003 0.003 0.003 0.003 0.003 0.003 0.003 0.003 0.003 0.003 0.003 0.003 0.003 0.003   -1025566    0 
 2300:    1.00    2.145    0.010 0.010 0.010 0.010 0.010 0.010 0.010 0.010 0.010    0.003 0.003 0.003 0.003 0.003 0.003 0.003 0.003 0.003 0.003 0.003 0.003 0.003 0.003 0.003 0.003 0.003 0.003 0.003 0.003 0.003 0.003 0.003 0.003 0.003 0.003 0.003 0.003 0.003 0.003 0.003 0.003 0.003 0.003 0.003 0.003   -1025448    0 
 2400:    1.00    2.182    0.010 0.010 0.010 0.010 0.010 0.010 0.010 0.010 0.010    0.003 0.003 0.003 0.003 0.003 0.003 0.003 0.003 0.003 0.003 0.003 0.003 0.003 0.003 0.003 0.003 0.003 0.003 0.003 0.003 0.003 0.003 0.003 0.003 0.003 0.003 0.003 0.003 0.003 0.003 0.003 0.003 0.003 0.003 0.003 0.003   -1025458    0 
 2500:    1.00    1.470    0.010 0.010 0.010 0.010 0.010 0.010 0.010 0.010 0.010    0.003 0.003 0.003 0.003 0.003 0.003 0.003 0.003 0.003 0.003 0.003 0.003 0.003 0.003 0.003 0.003 0.003 0.003 0.003 0.003 0.003 0.003 0.003 0.003 0.003 0.003 0.003 0.003 0.003 0.003 0.003 0.003 0.003 0.003 0.003 0.003   -1024780    0 
 2600:    1.00    1.679    0.010 0.010 0.010 0.010 0.010 0.010 0.010 0.010 0.010    0.003 0.003 0.003 0.003 0.003 0.003 0.003 0.003 0.003 0.003 0.003 0.003 0.003 0.003 0.003 0.003 0.003 0.003 0.003 0.003 0.003 0.003 0.003 0.003 0.003 0.003 0.003 0.003 0.003 0.003 0.003 0.003 0.003 0.003 0.003 0.003   -1024789    0 
 2700:    1.00    1.743    0.010 0.010 0.010 0.010 0.010 0.010 0.010 0.010 0.010    0.003 0.003 0.003 0.003 0.003 0.003 0.003 0.003 0.003 0.003 0.003 0.003 0.003 0.003 0.003 0.003 0.003 0.003 0.003 0.003 0.003 0.003 0.003 0.003 0.003 0.003 0.003 0.003 0.003 0.003 0.003 0.003 0.003 0.003 0.003 0.003   -1024655    0 
 2800:    1.00    1.228    0.010 0.010 0.010 0.010 0.010 0.010 0.010 0.010 0.010    0.003 0.003 0.003 0.003 0.003 0.003 0.003 0.003 0.003 0.003 0.003 0.003 0.003 0.003 0.003 0.003 0.003 0.003 0.003 0.003 0.003 0.003 0.003 0.003 0.003 0.003 0.003 0.003 0.003 0.003 0.003 0.003 0.003 0.003 0.003 0.003   -1023916    0 
 2900:    1.00    1.190    0.010 0.010 0.010 0.010 0.010 0.010 0.010 0.010 0.010    0.003 0.003 0.003 0.003 0.003 0.003 0.003 0.003 0.003 0.003 0.003 0.003 0.003 0.003 0.003 0.003 0.003 0.003 0.003 0.003 0.003 0.003 0.003 0.003 0.003 0.003 0.003 0.003 0.003 0.003 0.003 0.003 0.003 0.003 0.003 0.003   -1023774    0 

--------------------------------------------
Proportion of membership of each pre-defined
 population in each of the 9 clusters

Given    Inferred Clusters                                                 Number of
 Pop       1      2      3      4      5      6      7      8      9      Individuals

  1:     0.108  0.105  0.149  0.108  0.104  0.143  0.083  0.091  0.109       23
--------------------------------------------

 Rep#:   Lambda   Alpha      F1    F2    F3    F4    F5    F6    F7    F8    F9     D1,2  D1,3  D1,4  D1,5  D1,6  D1,7  D1,8  D1,9  D2,3  D2,4  D2,5  D2,6  D2,7  D2,8  D2,9  D3,4  D3,5  D3,6  D3,7  D3,8  D3,9  D4,5  D4,6  D4,7  D4,8  D4,9  D5,6  D5,7  D5,8  D5,9  D6,7  D6,8  D6,9  D7,8  D7,9  D8,9    Ln Like  Est Ln P(D)
 3000:    1.00    0.987    0.010 0.010 0.010 0.010 0.010 0.010 0.010 0.010 0.010    0.003 0.003 0.003 0.003 0.003 0.003 0.003 0.003 0.003 0.003 0.003 0.003 0.003 0.003 0.003 0.003 0.003 0.003 0.003 0.003 0.003 0.003 0.003 0.003 0.003 0.003 0.003 0.003 0.003 0.003 0.003 0.003 0.003 0.003 0.003 0.003   -1023383    0 
 3100:    1.00    0.868    0.010 0.010 0.011 0.010 0.010 0.010 0.010 0.010 0.010    0.003 0.003 0.003 0.003 0.003 0.003 0.003 0.003 0.003 0.003 0.003 0.003 0.003 0.003 0.003 0.003 0.003 0.003 0.003 0.003 0.003 0.003 0.003 0.003 0.003 0.003 0.003 0.003 0.003 0.003 0.003 0.003 0.003 0.003 0.003 0.003   -1022473    0 
 3200:    1.00    0.881    0.010 0.010 0.011 0.010 0.010 0.010 0.010 0.010 0.010    0.003 0.003 0.003 0.003 0.003 0.003 0.003 0.003 0.003 0.003 0.003 0.003 0.003 0.003 0.003 0.003 0.003 0.003 0.003 0.003 0.003 0.003 0.003 0.003 0.003 0.003 0.003 0.003 0.003 0.003 0.003 0.003 0.003 0.003 0.003 0.003   -1022413    0 
 3300:    1.00    0.567    0.010 0.010 0.011 0.010 0.010 0.010 0.010 0.010 0.010    0.003 0.003 0.003 0.003 0.003 0.003 0.003 0.003 0.003 0.003 0.003 0.003 0.003 0.003 0.003 0.003 0.003 0.003 0.003 0.003 0.003 0.003 0.003 0.003 0.003 0.003 0.003 0.003 0.003 0.003 0.003 0.003 0.003 0.003 0.003 0.003   -1021864    0 
 3400:    1.00    0.586    0.010 0.010 0.011 0.010 0.010 0.010 0.010 0.010 0.010    0.003 0.003 0.003 0.003 0.003 0.003 0.003 0.003 0.003 0.003 0.003 0.003 0.003 0.003 0.003 0.003 0.003 0.003 0.003 0.003 0.003 0.003 0.003 0.003 0.003 0.003 0.003 0.003 0.003 0.003 0.003 0.003 0.003 0.003 0.003 0.003   -1021830    0 
 3500:    1.00    0.559    0.010 0.010 0.011 0.010 0.010 0.011 0.010 0.010 0.010    0.003 0.003 0.003 0.003 0.003 0.003 0.003 0.003 0.003 0.003 0.003 0.003 0.003 0.003 0.003 0.003 0.003 0.003 0.003 0.003 0.003 0.003 0.003 0.003 0.003 0.003 0.003 0.003 0.003 0.003 0.003 0.003 0.003 0.003 0.003 0.003   -1021226    0 
 3600:    1.00    0.457    0.010 0.010 0.011 0.010 0.010 0.011 0.010 0.010 0.010    0.003 0.003 0.003 0.003 0.003 0.003 0.003 0.003 0.003 0.003 0.003 0.003 0.003 0.003 0.003 0.003 0.003 0.003 0.003 0.003 0.003 0.003 0.003 0.003 0.003 0.003 0.003 0.003 0.003 0.003 0.003 0.003 0.003 0.003 0.003 0.003   -1020463    0 
 3700:    1.00    0.476    0.010 0.010 0.011 0.010 0.010 0.011 0.010 0.010 0.010    0.003 0.003 0.003 0.003 0.003 0.003 0.003 0.003 0.003 0.003 0.003 0.003 0.003 0.003 0.003 0.003 0.003 0.004 0.003 0.003 0.003 0.003 0.003 0.003 0.003 0.003 0.003 0.003 0.003 0.003 0.003 0.003 0.003 0.003 0.003 0.003   -1019887    0 
 3800:    1.00    0.474    0.010 0.010 0.011 0.010 0.010 0.011 0.010 0.010 0.010    0.003 0.003 0.003 0.003 0.003 0.003 0.003 0.003 0.003 0.003 0.003 0.003 0.003 0.003 0.003 0.003 0.003 0.004 0.003 0.003 0.003 0.003 0.003 0.003 0.003 0.003 0.003 0.003 0.003 0.003 0.003 0.003 0.003 0.003 0.003 0.003   -1019280    0 
 3900:    1.00    0.404    0.010 0.010 0.012 0.010 0.010 0.012 0.010 0.010 0.010    0.003 0.003 0.003 0.003 0.003 0.003 0.003 0.003 0.003 0.003 0.003 0.003 0.003 0.003 0.003 0.003 0.003 0.004 0.003 0.003 0.003 0.003 0.003 0.003 0.003 0.003 0.003 0.003 0.003 0.003 0.003 0.003 0.003 0.003 0.003 0.003   -1018405    0 

--------------------------------------------
Proportion of membership of each pre-defined
 population in each of the 9 clusters

Given    Inferred Clusters                                                 Number of
 Pop       1      2      3      4      5      6      7      8      9      Individuals

  1:     0.056  0.098  0.170  0.090  0.094  0.226  0.071  0.077  0.119       23
--------------------------------------------

 Rep#:   Lambda   Alpha      F1    F2    F3    F4    F5    F6    F7    F8    F9     D1,2  D1,3  D1,4  D1,5  D1,6  D1,7  D1,8  D1,9  D2,3  D2,4  D2,5  D2,6  D2,7  D2,8  D2,9  D3,4  D3,5  D3,6  D3,7  D3,8  D3,9  D4,5  D4,6  D4,7  D4,8  D4,9  D5,6  D5,7  D5,8  D5,9  D6,7  D6,8  D6,9  D7,8  D7,9  D8,9    Ln Like  Est Ln P(D)
 4000:    1.00    0.315    0.010 0.010 0.012 0.010 0.010 0.012 0.010 0.010 0.010    0.003 0.003 0.003 0.003 0.003 0.003 0.003 0.003 0.003 0.003 0.003 0.003 0.003 0.003 0.003 0.003 0.003 0.004 0.003 0.003 0.003 0.003 0.003 0.003 0.003 0.003 0.003 0.003 0.003 0.003 0.003 0.003 0.003 0.003 0.003 0.003   -1018392    0 
 4100:    1.00    0.271    0.010 0.010 0.012 0.010 0.010 0.012 0.010 0.010 0.010    0.003 0.003 0.003 0.003 0.003 0.003 0.003 0.003 0.003 0.003 0.003 0.003 0.003 0.003 0.003 0.003 0.003 0.004 0.003 0.003 0.003 0.003 0.003 0.003 0.003 0.003 0.003 0.003 0.003 0.003 0.003 0.003 0.003 0.003 0.003 0.003   -1017249    0 
 4200:    1.00    0.303    0.010 0.010 0.012 0.010 0.010 0.012 0.010 0.010 0.010    0.003 0.003 0.003 0.003 0.003 0.003 0.003 0.003 0.003 0.003 0.003 0.003 0.003 0.003 0.003 0.003 0.003 0.004 0.003 0.003 0.003 0.003 0.003 0.003 0.003 0.003 0.003 0.003 0.003 0.003 0.003 0.003 0.003 0.003 0.003 0.003   -1017262    0 
 4300:    1.00    0.250    0.010 0.010 0.012 0.010 0.010 0.012 0.010 0.010 0.010    0.003 0.003 0.003 0.003 0.003 0.003 0.003 0.003 0.003 0.003 0.003 0.003 0.003 0.003 0.003 0.003 0.003 0.004 0.003 0.003 0.003 0.003 0.003 0.003 0.003 0.003 0.003 0.003 0.003 0.003 0.003 0.004 0.003 0.003 0.003 0.003   -1017134    0 
 4400:    1.00    0.256    0.010 0.010 0.012 0.010 0.010 0.012 0.010 0.010 0.010    0.003 0.003 0.003 0.003 0.003 0.003 0.003 0.003 0.003 0.003 0.003 0.003 0.003 0.003 0.003 0.003 0.003 0.004 0.003 0.003 0.003 0.003 0.003 0.003 0.003 0.003 0.003 0.003 0.003 0.003 0.003 0.003 0.003 0.003 0.003 0.003   -1016583    0 
 4500:    1.00    0.208    0.010 0.010 0.012 0.010 0.010 0.013 0.010 0.010 0.010    0.003 0.003 0.003 0.003 0.004 0.003 0.003 0.003 0.003 0.003 0.003 0.004 0.003 0.003 0.003 0.003 0.003 0.004 0.003 0.003 0.003 0.003 0.004 0.003 0.003 0.003 0.004 0.003 0.003 0.003 0.004 0.004 0.004 0.003 0.003 0.003   -1015967    0 
 4600:    1.00    0.210    0.010 0.010 0.012 0.010 0.010 0.016 0.010 0.010 0.010    0.003 0.003 0.003 0.003 0.004 0.003 0.003 0.003 0.003 0.003 0.003 0.004 0.003 0.003 0.003 0.003 0.003 0.004 0.003 0.003 0.003 0.003 0.004 0.003 0.003 0.003 0.004 0.003 0.003 0.003 0.004 0.004 0.004 0.003 0.003 0.003   -1015053    0 
 4700:    1.00    0.234    0.010 0.010 0.013 0.010 0.010 0.016 0.010 0.010 0.010    0.003 0.004 0.003 0.003 0.004 0.003 0.003 0.003 0.004 0.003 0.003 0.004 0.003 0.003 0.003 0.004 0.004 0.005 0.004 0.004 0.004 0.003 0.004 0.003 0.003 0.003 0.004 0.003 0.003 0.003 0.004 0.004 0.004 0.003 0.003 0.003   -1014356    0 
 4800:    1.00    0.182    0.010 0.010 0.013 0.010 0.010 0.017 0.010 0.011 0.010    0.003 0.004 0.003 0.003 0.004 0.003 0.003 0.003 0.004 0.003 0.003 0.004 0.003 0.003 0.003 0.004 0.004 0.005 0.004 0.004 0.004 0.003 0.004 0.003 0.003 0.003 0.004 0.003 0.003 0.003 0.004 0.004 0.004 0.003 0.003 0.003   -1013851    0 
 4900:    1.00    0.188    0.010 0.010 0.013 0.010 0.010 0.017 0.010 0.011 0.010    0.003 0.004 0.003 0.003 0.004 0.003 0.003 0.003 0.004 0.003 0.003 0.004 0.003 0.003 0.003 0.004 0.004 0.005 0.004 0.004 0.004 0.003 0.004 0.003 0.003 0.003 0.004 0.003 0.003 0.003 0.004 0.004 0.004 0.003 0.003 0.003   -1013551    0 

--------------------------------------------
Proportion of membership of each pre-defined
 population in each of the 9 clusters

Given    Inferred Clusters                                                 Number of
 Pop       1      2      3      4      5      6      7      8      9      Individuals

  1:     0.039  0.110  0.208  0.084  0.080  0.227  0.061  0.083  0.107       23
--------------------------------------------

 Rep#:   Lambda   Alpha      F1    F2    F3    F4    F5    F6    F7    F8    F9     D1,2  D1,3  D1,4  D1,5  D1,6  D1,7  D1,8  D1,9  D2,3  D2,4  D2,5  D2,6  D2,7  D2,8  D2,9  D3,4  D3,5  D3,6  D3,7  D3,8  D3,9  D4,5  D4,6  D4,7  D4,8  D4,9  D5,6  D5,7  D5,8  D5,9  D6,7  D6,8  D6,9  D7,8  D7,9  D8,9    Ln Like  Est Ln P(D)
 5000:    1.00    0.190    0.010 0.010 0.015 0.010 0.010 0.020 0.010 0.011 0.010    0.003 0.004 0.003 0.003 0.005 0.003 0.003 0.003 0.004 0.003 0.003 0.005 0.003 0.003 0.003 0.004 0.004 0.006 0.004 0.004 0.004 0.003 0.005 0.003 0.003 0.003 0.005 0.003 0.003 0.003 0.005 0.005 0.005 0.003 0.003 0.003   -1011602    0 
 5100:    1.00    0.158    0.010 0.010 0.016 0.010 0.010 0.022 0.010 0.011 0.010    0.003 0.004 0.003 0.003 0.005 0.003 0.003 0.003 0.004 0.003 0.003 0.005 0.003 0.003 0.003 0.004 0.004 0.006 0.004 0.004 0.004 0.003 0.005 0.003 0.003 0.003 0.005 0.003 0.003 0.003 0.005 0.005 0.005 0.003 0.003 0.003   -1010723    0 
 5200:    1.00    0.156    0.010 0.010 0.016 0.010 0.010 0.024 0.010 0.011 0.010    0.003 0.004 0.003 0.003 0.005 0.003 0.003 0.003 0.004 0.003 0.003 0.006 0.003 0.003 0.003 0.004 0.004 0.007 0.004 0.004 0.004 0.003 0.005 0.003 0.003 0.003 0.005 0.003 0.003 0.003 0.005 0.006 0.005 0.003 0.003 0.003   -1009891    0 
 5300:    1.00    0.155    0.010 0.010 0.016 0.010 0.010 0.042 0.010 0.011 0.010    0.003 0.004 0.003 0.003 0.008 0.003 0.003 0.003 0.004 0.003 0.003 0.008 0.003 0.003 0.003 0.004 0.004 0.010 0.004 0.004 0.004 0.003 0.008 0.003 0.003 0.003 0.008 0.003 0.003 0.003 0.008 0.008 0.008 0.003 0.003 0.003   -1005432    0 
 5400:    1.00    0.159    0.010 0.010 0.017 0.010 0.010 0.055 0.010 0.011 0.010    0.003 0.004 0.003 0.003 0.010 0.003 0.003 0.003 0.004 0.003 0.003 0.010 0.003 0.003 0.003 0.004 0.004 0.012 0.004 0.004 0.004 0.003 0.010 0.003 0.003 0.003 0.010 0.003 0.003 0.003 0.010 0.010 0.010 0.003 0.003 0.003   -1002860    0 
 5500:    1.00    0.136    0.010 0.010 0.018 0.010 0.010 0.095 0.010 0.011 0.010    0.003 0.004 0.003 0.003 0.016 0.003 0.003 0.003 0.004 0.003 0.003 0.016 0.003 0.003 0.003 0.004 0.004 0.018 0.004 0.005 0.004 0.003 0.016 0.003 0.003 0.003 0.016 0.003 0.003 0.003 0.016 0.016 0.016 0.003 0.003 0.003   -997671    0 
 5600:    1.00    0.114    0.010 0.010 0.020 0.009 0.010 0.107 0.010 0.011 0.010    0.003 0.005 0.003 0.003 0.018 0.003 0.003 0.003 0.005 0.003 0.003 0.018 0.003 0.003 0.003 0.005 0.005 0.020 0.005 0.005 0.005 0.003 0.018 0.003 0.003 0.003 0.018 0.003 0.003 0.003 0.018 0.018 0.018 0.003 0.003 0.003   -996486    0 
 5700:    1.00    0.135    0.010 0.010 0.020 0.009 0.010 0.108 0.010 0.011 0.010    0.003 0.005 0.003 0.003 0.018 0.003 0.003 0.003 0.005 0.003 0.003 0.018 0.003 0.003 0.003 0.005 0.005 0.020 0.005 0.005 0.005 0.003 0.018 0.003 0.003 0.003 0.018 0.003 0.003 0.003 0.018 0.018 0.018 0.003 0.003 0.003   -996420    0 
 5800:    1.00    0.118    0.010 0.010 0.021 0.009 0.010 0.112 0.010 0.011 0.010    0.003 0.005 0.003 0.003 0.018 0.003 0.003 0.003 0.005 0.003 0.003 0.019 0.003 0.003 0.003 0.005 0.005 0.021 0.005 0.005 0.005 0.003 0.018 0.003 0.003 0.003 0.019 0.003 0.003 0.003 0.018 0.019 0.019 0.003 0.003 0.003   -995433    0 
 5900:    1.00    0.118    0.010 0.010 0.022 0.010 0.010 0.118 0.010 0.011 0.010    0.003 0.005 0.003 0.003 0.019 0.003 0.003 0.003 0.005 0.003 0.003 0.020 0.003 0.003 0.003 0.005 0.005 0.022 0.005 0.005 0.005 0.003 0.019 0.003 0.003 0.003 0.019 0.003 0.003 0.003 0.019 0.019 0.019 0.003 0.003 0.003   -995137    0 
 6000:    1.00    0.119    0.010 0.010 0.023 0.010 0.011 0.118 0.010 0.011 0.010    0.003 0.005 0.003 0.003 0.019 0.003 0.003 0.003 0.005 0.003 0.003 0.020 0.003 0.003 0.003 0.005 0.005 0.022 0.005 0.005 0.005 0.003 0.019 0.003 0.003 0.003 0.019 0.003 0.003 0.003 0.019 0.020 0.020 0.003 0.003 0.003   -994818    0 

MCMC completed

Inferred ancestry of individuals:
        Label (%Miss) Pop:  Inferred clusters
  1 18160D-09-0    (2)    1 :  0.056 0.119 0.074 0.137 0.273 0.080 0.081 0.091 0.089 
  2 18160D-09-0    (4)    1 :  0.018 0.221 0.071 0.088 0.113 0.048 0.184 0.190 0.065 
  3 18160D-09-0    (2)    1 :  0.167 0.052 0.022 0.033 0.025 0.588 0.024 0.072 0.018 
  4 18160D-09-0    (5)    1 :  0.085 0.028 0.020 0.065 0.008 0.640 0.020 0.125 0.009 
  5 18160D-09-0    (4)    1 :  0.072 0.047 0.045 0.072 0.019 0.623 0.021 0.084 0.018 
  6 18160D-09-0    (4)    1 :  0.147 0.037 0.020 0.043 0.010 0.630 0.029 0.059 0.025 
  7 18160D-09-0    (2)    1 :  0.177 0.026 0.041 0.048 0.018 0.612 0.014 0.030 0.035 
  8 18160D-09-0    (4)    1 :  0.074 0.297 0.020 0.261 0.111 0.044 0.077 0.028 0.088 
  9 18160D-09-0    (2)    1 :  0.037 0.074 0.540 0.065 0.110 0.040 0.041 0.028 0.065 
 10 18160D-09-1    (2)    1 :  0.015 0.028 0.760 0.052 0.042 0.009 0.056 0.019 0.020 
 11 18160D-09-1    (2)    1 :  0.076 0.041 0.467 0.061 0.164 0.035 0.113 0.029 0.015 
 12 18160D-09-1    (2)    1 :  0.038 0.074 0.399 0.213 0.088 0.038 0.027 0.034 0.089 
 13 18160D-09-1    (5)    1 :  0.031 0.146 0.092 0.112 0.094 0.092 0.116 0.199 0.119 
 14 18160D-09-1   (18)    1 :  0.096 0.093 0.048 0.144 0.046 0.046 0.301 0.098 0.129 
 15 18160D-09-1    (4)    1 :  0.102 0.033 0.034 0.157 0.193 0.097 0.053 0.258 0.073 
 16 18160D-09-1    (2)    1 :  0.019 0.036 0.737 0.036 0.035 0.024 0.056 0.038 0.020 
 17 18160D-09-1    (2)    1 :  0.034 0.361 0.018 0.103 0.113 0.041 0.091 0.055 0.184 
 18 18160D-09-1    (2)    1 :  0.035 0.036 0.018 0.067 0.049 0.016 0.033 0.046 0.701 
 19 18160D-09-1    (2)    1 :  0.187 0.051 0.058 0.050 0.075 0.060 0.115 0.216 0.188 
 20 18160D-09-2    (5)    1 :  0.036 0.249 0.053 0.275 0.142 0.024 0.046 0.046 0.129 
 21 18160D-09-2    (5)    1 :  0.108 0.087 0.039 0.157 0.074 0.071 0.306 0.114 0.044 
 22 18160D-09-2    (5)    1 :  0.022 0.269 0.066 0.085 0.188 0.080 0.015 0.164 0.111 
 23 18160D-09-2    (2)    1 :  0.132 0.033 0.056 0.054 0.205 0.059 0.059 0.080 0.323 

Command line arguments:   structure -D 357375 -K 9 -m mainparams -o k9/populations_k9_run3 
Input File:    populations.str
Output File:   k9/populations_k9_run3_f

Run parameters:
   23 individuals
   50160 loci
   9 populations assumed
   1000 Burn-in period
   5000 Reps
RANDOMIZE turned off

--------------------------------------------
Estimated Ln Prob of Data   = -45670180.3
Mean value of ln likelihood = -1017785.7
Variance of ln likelihood   = 89304789.2
Mean value of alpha         = 1.2503

Mean value of Fst_1         = 0.0098
Mean value of Fst_2         = 0.0101
Mean value of Fst_3         = 0.0125
Mean value of Fst_4         = 0.0098
Mean value of Fst_5         = 0.0100
Mean value of Fst_6         = 0.0239
Mean value of Fst_7         = 0.0099
Mean value of Fst_8         = 0.0104
Mean value of Fst_9         = 0.0100


--------------------------------------------
Proportion of membership of each pre-defined
 population in each of the 9 clusters

Given    Inferred Clusters                                                 Number of
 Pop       1      2      3      4      5      6      7      8      9      Individuals

  1:     0.077  0.106  0.161  0.103  0.095  0.174  0.082  0.091  0.111       23
--------------------------------------------
Final results printed to file k9/populations_k9_run3_f

