

----------------------------------------------------
STRUCTURE by Pritchard, Stephens and Donnelly (2000)
     and Falush, Stephens and Pritchard (2003)
       Code by Pritchard, Falush and Hubisz
             Version 2.3.4 (Jul 2012)
----------------------------------------------------


Reading file "mainparams".
datafile is
populations.str
Reading file "extraparams".
Reading file "populations.str".


Data file "populations.str" (truncated) --

Ind:   Label Pop : Genotype_data . . . .
  1: 18160D-09-0    1  :  4   1   3   1   4   1   3  . . . .   2
  1: 18160D-09-0    1  :  4   1   3   1   4   4   4  . . . .   4
  2: 18160D-09-0    1  :  4   1   3   1   4   1   3  . . . .   2
  2: 18160D-09-0    1  :  4   1   3   1   4   4   3  . . . .   4
  3: 18160D-09-0    1  :  4   1   0   0   0   0   3  . . . .   2
  3: 18160D-09-0    1  :  4   3   0   0   0   0   3  . . . .   4
  4: 18160D-09-0    1  :  4   1   3   1   4   1   3  . . . .   2
  4: 18160D-09-0    1  :  4   3   3   1   4   1   3  . . . .   4

      *******   

 22: 18160D-09-2    1  :  4   1   3   1   4   1   3  . . . .   2
 22: 18160D-09-2    1  :  4   3   3   1   4   1   4  . . . .   4
 23: 18160D-09-2    1  :  4   1   3   1   4   1   3  . . . .   2
 23: 18160D-09-2    1  :  4   1   3   1   4   4   4  . . . .   4

Number of alleles per locus: min= 2; ave=2.0; max= 2


--------------------------------------

Finished initialization; starting MCMC 
5000 iterations + 1000 burnin


--------------------------------------------
Proportion of membership of each pre-defined
 population in each of the 9 clusters

Given    Inferred Clusters                                                 Number of
 Pop       1      2      3      4      5      6      7      8      9      Individuals

  1:     0.112  0.109  0.112  0.111  0.113  0.110  0.115  0.105  0.113       23
--------------------------------------------

 Rep#:   Lambda   Alpha      F1    F2    F3    F4    F5    F6    F7    F8    F9     D1,2  D1,3  D1,4  D1,5  D1,6  D1,7  D1,8  D1,9  D2,3  D2,4  D2,5  D2,6  D2,7  D2,8  D2,9  D3,4  D3,5  D3,6  D3,7  D3,8  D3,9  D4,5  D4,6  D4,7  D4,8  D4,9  D5,6  D5,7  D5,8  D5,9  D6,7  D6,8  D6,9  D7,8  D7,9  D8,9    Ln Like 
  100:    1.00    1.832    0.010 0.010 0.010 0.010 0.010 0.010 0.010 0.010 0.010    0.003 0.003 0.003 0.003 0.003 0.003 0.003 0.003 0.003 0.003 0.003 0.003 0.003 0.003 0.003 0.003 0.003 0.003 0.003 0.003 0.003 0.003 0.003 0.003 0.003 0.003 0.003 0.003 0.003 0.003 0.003 0.003 0.003 0.003 0.003 0.003   --  
  200:    1.00    2.385    0.010 0.010 0.010 0.010 0.010 0.010 0.010 0.010 0.010    0.003 0.003 0.003 0.003 0.003 0.003 0.003 0.003 0.003 0.003 0.003 0.003 0.003 0.003 0.003 0.003 0.003 0.003 0.003 0.003 0.003 0.003 0.003 0.003 0.003 0.003 0.003 0.003 0.003 0.003 0.003 0.003 0.003 0.003 0.003 0.003   --  
  300:    1.00    3.063    0.010 0.010 0.010 0.010 0.010 0.010 0.010 0.010 0.010    0.003 0.003 0.003 0.003 0.003 0.003 0.003 0.003 0.003 0.003 0.003 0.003 0.003 0.003 0.003 0.003 0.003 0.003 0.003 0.003 0.003 0.003 0.003 0.003 0.003 0.003 0.003 0.003 0.003 0.003 0.003 0.003 0.003 0.003 0.003 0.003   --  
  400:    1.00    3.438    0.010 0.010 0.010 0.010 0.010 0.010 0.010 0.010 0.010    0.003 0.003 0.003 0.003 0.003 0.003 0.003 0.003 0.003 0.003 0.003 0.003 0.003 0.003 0.003 0.003 0.003 0.003 0.003 0.003 0.003 0.003 0.003 0.003 0.003 0.003 0.003 0.003 0.003 0.003 0.003 0.003 0.003 0.003 0.003 0.003   --  
  500:    1.00    3.689    0.010 0.010 0.010 0.010 0.010 0.010 0.010 0.010 0.010    0.003 0.003 0.003 0.003 0.003 0.003 0.003 0.003 0.003 0.003 0.003 0.003 0.003 0.003 0.003 0.003 0.003 0.003 0.003 0.003 0.003 0.003 0.003 0.003 0.003 0.003 0.003 0.003 0.003 0.003 0.003 0.003 0.003 0.003 0.003 0.003   --  
  600:    1.00    3.981    0.010 0.010 0.010 0.010 0.010 0.010 0.010 0.010 0.010    0.003 0.003 0.003 0.003 0.003 0.003 0.003 0.003 0.003 0.003 0.003 0.003 0.003 0.003 0.003 0.003 0.003 0.003 0.003 0.003 0.003 0.003 0.003 0.003 0.003 0.003 0.003 0.003 0.003 0.003 0.003 0.003 0.003 0.003 0.003 0.003   --  
  700:    1.00    3.895    0.010 0.010 0.010 0.010 0.010 0.010 0.010 0.010 0.010    0.003 0.003 0.003 0.003 0.003 0.003 0.003 0.003 0.003 0.003 0.003 0.003 0.003 0.003 0.003 0.003 0.003 0.003 0.003 0.003 0.003 0.003 0.003 0.003 0.003 0.003 0.003 0.003 0.003 0.003 0.003 0.003 0.003 0.003 0.003 0.003   --  
  800:    1.00    4.582    0.010 0.010 0.010 0.010 0.010 0.010 0.010 0.010 0.010    0.003 0.003 0.003 0.003 0.003 0.003 0.003 0.003 0.003 0.003 0.003 0.003 0.003 0.003 0.003 0.003 0.003 0.003 0.003 0.003 0.003 0.003 0.003 0.003 0.003 0.003 0.003 0.003 0.003 0.003 0.003 0.003 0.003 0.003 0.003 0.003   --  
  900:    1.00    4.688    0.010 0.010 0.010 0.010 0.010 0.010 0.010 0.010 0.010    0.003 0.003 0.003 0.003 0.003 0.003 0.003 0.003 0.003 0.003 0.003 0.003 0.003 0.003 0.003 0.003 0.003 0.003 0.003 0.003 0.003 0.003 0.003 0.003 0.003 0.003 0.003 0.003 0.003 0.003 0.003 0.003 0.003 0.003 0.003 0.003   --  
 1000:    1.00    4.530    0.010 0.010 0.010 0.010 0.010 0.010 0.010 0.010 0.010    0.003 0.003 0.003 0.003 0.003 0.003 0.003 0.003 0.003 0.003 0.003 0.003 0.003 0.003 0.003 0.003 0.003 0.003 0.003 0.003 0.003 0.003 0.003 0.003 0.003 0.003 0.003 0.003 0.003 0.003 0.003 0.003 0.003 0.003 0.003 0.003   --  

BURNIN completed
 Rep#:   Lambda   Alpha      F1    F2    F3    F4    F5    F6    F7    F8    F9     D1,2  D1,3  D1,4  D1,5  D1,6  D1,7  D1,8  D1,9  D2,3  D2,4  D2,5  D2,6  D2,7  D2,8  D2,9  D3,4  D3,5  D3,6  D3,7  D3,8  D3,9  D4,5  D4,6  D4,7  D4,8  D4,9  D5,6  D5,7  D5,8  D5,9  D6,7  D6,8  D6,9  D7,8  D7,9  D8,9    Ln Like  Est Ln P(D)
 1100:    1.00    4.479    0.010 0.010 0.010 0.010 0.010 0.010 0.010 0.010 0.010    0.003 0.003 0.003 0.003 0.003 0.003 0.003 0.003 0.003 0.003 0.003 0.003 0.003 0.003 0.003 0.003 0.003 0.003 0.003 0.003 0.003 0.003 0.003 0.003 0.003 0.003 0.003 0.003 0.003 0.003 0.003 0.003 0.003 0.003 0.003 0.003   -1026190    0 
 1200:    1.00    4.058    0.010 0.010 0.010 0.010 0.010 0.010 0.010 0.010 0.010    0.003 0.003 0.003 0.003 0.003 0.003 0.003 0.003 0.003 0.003 0.003 0.003 0.003 0.003 0.003 0.003 0.003 0.003 0.003 0.003 0.003 0.003 0.003 0.003 0.003 0.003 0.003 0.003 0.003 0.003 0.003 0.003 0.003 0.003 0.003 0.003   -1026316    0 
 1300:    1.00    3.787    0.010 0.010 0.010 0.010 0.010 0.010 0.010 0.010 0.010    0.003 0.003 0.003 0.003 0.003 0.003 0.003 0.003 0.003 0.003 0.003 0.003 0.003 0.003 0.003 0.003 0.003 0.003 0.003 0.003 0.003 0.003 0.003 0.003 0.003 0.003 0.003 0.003 0.003 0.003 0.003 0.003 0.003 0.003 0.003 0.003   -1026049    0 
 1400:    1.00    3.731    0.010 0.010 0.010 0.010 0.010 0.010 0.010 0.010 0.010    0.003 0.003 0.003 0.003 0.003 0.003 0.003 0.003 0.003 0.003 0.003 0.003 0.003 0.003 0.003 0.003 0.003 0.003 0.003 0.003 0.003 0.003 0.003 0.003 0.003 0.003 0.003 0.003 0.003 0.003 0.003 0.003 0.003 0.003 0.003 0.003   -1026150    0 
 1500:    1.00    3.768    0.010 0.010 0.010 0.010 0.010 0.010 0.010 0.010 0.010    0.003 0.003 0.003 0.003 0.003 0.003 0.003 0.003 0.003 0.003 0.003 0.003 0.003 0.003 0.003 0.003 0.003 0.003 0.003 0.003 0.003 0.003 0.003 0.003 0.003 0.003 0.003 0.003 0.003 0.003 0.003 0.003 0.003 0.003 0.003 0.003   -1026188    0 
 1600:    1.00    3.668    0.010 0.010 0.010 0.010 0.010 0.010 0.010 0.010 0.010    0.003 0.003 0.003 0.003 0.003 0.003 0.003 0.003 0.003 0.003 0.003 0.003 0.003 0.003 0.003 0.003 0.003 0.003 0.003 0.003 0.003 0.003 0.003 0.003 0.003 0.003 0.003 0.003 0.003 0.003 0.003 0.003 0.003 0.003 0.003 0.003   -1026185    0 
 1700:    1.00    3.292    0.010 0.010 0.010 0.010 0.010 0.010 0.010 0.010 0.010    0.003 0.003 0.003 0.003 0.003 0.003 0.003 0.003 0.003 0.003 0.003 0.003 0.003 0.003 0.003 0.003 0.003 0.003 0.003 0.003 0.003 0.003 0.003 0.003 0.003 0.003 0.003 0.003 0.003 0.003 0.003 0.003 0.003 0.003 0.003 0.003   -1025842    0 
 1800:    1.00    3.362    0.010 0.010 0.010 0.010 0.010 0.010 0.010 0.010 0.010    0.003 0.003 0.003 0.003 0.003 0.003 0.003 0.003 0.003 0.003 0.003 0.003 0.003 0.003 0.003 0.003 0.003 0.003 0.003 0.003 0.003 0.003 0.003 0.003 0.003 0.003 0.003 0.003 0.003 0.003 0.003 0.003 0.003 0.003 0.003 0.003   -1026081    0 
 1900:    1.00    2.772    0.011 0.010 0.010 0.010 0.010 0.010 0.010 0.010 0.010    0.003 0.003 0.003 0.003 0.003 0.003 0.003 0.003 0.003 0.003 0.003 0.003 0.003 0.003 0.003 0.003 0.003 0.003 0.003 0.003 0.003 0.003 0.003 0.003 0.003 0.003 0.003 0.003 0.003 0.003 0.003 0.003 0.003 0.003 0.003 0.003   -1025565    0 

--------------------------------------------
Proportion of membership of each pre-defined
 population in each of the 9 clusters

Given    Inferred Clusters                                                 Number of
 Pop       1      2      3      4      5      6      7      8      9      Individuals

  1:     0.095  0.114  0.117  0.106  0.114  0.105  0.108  0.118  0.123       23
--------------------------------------------

 Rep#:   Lambda   Alpha      F1    F2    F3    F4    F5    F6    F7    F8    F9     D1,2  D1,3  D1,4  D1,5  D1,6  D1,7  D1,8  D1,9  D2,3  D2,4  D2,5  D2,6  D2,7  D2,8  D2,9  D3,4  D3,5  D3,6  D3,7  D3,8  D3,9  D4,5  D4,6  D4,7  D4,8  D4,9  D5,6  D5,7  D5,8  D5,9  D6,7  D6,8  D6,9  D7,8  D7,9  D8,9    Ln Like  Est Ln P(D)
 2000:    1.00    2.513    0.011 0.010 0.010 0.010 0.010 0.010 0.010 0.010 0.010    0.003 0.003 0.003 0.003 0.003 0.003 0.003 0.003 0.003 0.003 0.003 0.003 0.003 0.003 0.003 0.003 0.003 0.003 0.003 0.003 0.003 0.003 0.003 0.003 0.003 0.003 0.003 0.003 0.003 0.003 0.003 0.003 0.003 0.003 0.003 0.003   -1025379    0 
 2100:    1.00    2.440    0.011 0.010 0.010 0.010 0.010 0.010 0.010 0.010 0.010    0.003 0.003 0.003 0.003 0.003 0.003 0.003 0.003 0.003 0.003 0.003 0.003 0.003 0.003 0.003 0.003 0.003 0.003 0.003 0.003 0.003 0.003 0.003 0.003 0.003 0.003 0.003 0.003 0.003 0.003 0.003 0.003 0.003 0.003 0.003 0.003   -1025148    0 
 2200:    1.00    2.021    0.011 0.010 0.010 0.010 0.010 0.010 0.010 0.010 0.010    0.003 0.003 0.003 0.003 0.003 0.003 0.003 0.003 0.003 0.003 0.003 0.003 0.003 0.003 0.003 0.003 0.003 0.003 0.003 0.003 0.003 0.003 0.003 0.003 0.003 0.003 0.003 0.003 0.003 0.003 0.003 0.003 0.003 0.003 0.003 0.003   -1024556    0 
 2300:    1.00    1.777    0.011 0.010 0.010 0.010 0.010 0.010 0.010 0.010 0.010    0.003 0.003 0.003 0.003 0.003 0.003 0.003 0.003 0.003 0.003 0.003 0.003 0.003 0.003 0.003 0.003 0.003 0.003 0.003 0.003 0.003 0.003 0.003 0.003 0.003 0.003 0.003 0.003 0.003 0.003 0.003 0.003 0.003 0.003 0.003 0.003   -1024129    0 
 2400:    1.00    1.371    0.011 0.010 0.010 0.010 0.010 0.010 0.010 0.010 0.011    0.003 0.003 0.003 0.003 0.003 0.003 0.003 0.003 0.003 0.003 0.003 0.003 0.003 0.003 0.003 0.003 0.003 0.003 0.003 0.003 0.003 0.003 0.003 0.003 0.003 0.003 0.003 0.003 0.003 0.003 0.003 0.003 0.003 0.003 0.003 0.003   -1023680    0 
 2500:    1.00    1.059    0.011 0.010 0.010 0.010 0.010 0.010 0.010 0.010 0.011    0.003 0.003 0.003 0.003 0.003 0.003 0.003 0.003 0.003 0.003 0.003 0.003 0.003 0.003 0.003 0.003 0.003 0.003 0.003 0.003 0.003 0.003 0.003 0.003 0.003 0.003 0.003 0.003 0.003 0.003 0.003 0.003 0.003 0.003 0.003 0.003   -1023281    0 
 2600:    1.00    1.084    0.011 0.010 0.010 0.010 0.010 0.010 0.010 0.010 0.011    0.003 0.003 0.003 0.003 0.003 0.003 0.003 0.003 0.003 0.003 0.003 0.003 0.003 0.003 0.003 0.003 0.003 0.003 0.003 0.003 0.003 0.003 0.003 0.003 0.003 0.003 0.003 0.003 0.003 0.003 0.003 0.003 0.003 0.003 0.003 0.003   -1022057    0 
 2700:    1.00    0.787    0.011 0.010 0.010 0.010 0.010 0.010 0.010 0.010 0.011    0.003 0.003 0.003 0.003 0.003 0.003 0.003 0.003 0.003 0.003 0.003 0.003 0.003 0.003 0.003 0.003 0.003 0.003 0.003 0.003 0.003 0.003 0.003 0.003 0.003 0.003 0.003 0.003 0.003 0.003 0.003 0.003 0.003 0.003 0.003 0.003   -1021966    0 
 2800:    1.00    0.684    0.011 0.010 0.010 0.010 0.010 0.010 0.010 0.010 0.011    0.003 0.003 0.003 0.003 0.003 0.003 0.003 0.003 0.003 0.003 0.003 0.003 0.003 0.003 0.003 0.003 0.003 0.003 0.003 0.003 0.003 0.003 0.003 0.003 0.003 0.003 0.003 0.003 0.003 0.003 0.003 0.003 0.003 0.003 0.003 0.003   -1021630    0 
 2900:    1.00    0.589    0.011 0.010 0.010 0.010 0.010 0.010 0.010 0.010 0.012    0.003 0.003 0.003 0.003 0.003 0.003 0.003 0.003 0.003 0.003 0.003 0.003 0.003 0.003 0.003 0.003 0.003 0.003 0.003 0.003 0.003 0.003 0.003 0.003 0.003 0.003 0.003 0.003 0.003 0.003 0.003 0.003 0.003 0.003 0.003 0.003   -1020957    0 

--------------------------------------------
Proportion of membership of each pre-defined
 population in each of the 9 clusters

Given    Inferred Clusters                                                 Number of
 Pop       1      2      3      4      5      6      7      8      9      Individuals

  1:     0.063  0.114  0.114  0.122  0.093  0.097  0.086  0.084  0.228       23
--------------------------------------------

 Rep#:   Lambda   Alpha      F1    F2    F3    F4    F5    F6    F7    F8    F9     D1,2  D1,3  D1,4  D1,5  D1,6  D1,7  D1,8  D1,9  D2,3  D2,4  D2,5  D2,6  D2,7  D2,8  D2,9  D3,4  D3,5  D3,6  D3,7  D3,8  D3,9  D4,5  D4,6  D4,7  D4,8  D4,9  D5,6  D5,7  D5,8  D5,9  D6,7  D6,8  D6,9  D7,8  D7,9  D8,9    Ln Like  Est Ln P(D)
 3000:    1.00    0.499    0.011 0.010 0.010 0.010 0.010 0.010 0.010 0.010 0.013    0.003 0.003 0.003 0.003 0.003 0.003 0.003 0.004 0.003 0.003 0.003 0.003 0.003 0.003 0.004 0.003 0.003 0.003 0.003 0.003 0.004 0.003 0.003 0.003 0.003 0.004 0.003 0.003 0.003 0.004 0.003 0.003 0.004 0.003 0.004 0.004   -1019980    0 
 3100:    1.00    0.433    0.011 0.010 0.010 0.010 0.010 0.010 0.010 0.010 0.016    0.003 0.003 0.003 0.003 0.003 0.003 0.003 0.004 0.003 0.003 0.003 0.003 0.003 0.003 0.004 0.003 0.003 0.003 0.003 0.003 0.004 0.003 0.003 0.003 0.003 0.004 0.003 0.003 0.003 0.004 0.003 0.003 0.004 0.003 0.004 0.004   -1018881    0 
 3200:    1.00    0.437    0.011 0.010 0.010 0.010 0.010 0.010 0.010 0.010 0.024    0.003 0.003 0.003 0.003 0.003 0.003 0.003 0.005 0.003 0.003 0.003 0.003 0.003 0.003 0.005 0.003 0.003 0.003 0.003 0.003 0.005 0.003 0.003 0.003 0.003 0.005 0.003 0.003 0.003 0.005 0.003 0.003 0.005 0.003 0.005 0.005   -1016048    0 
 3300:    1.00    0.409    0.011 0.010 0.010 0.010 0.010 0.010 0.010 0.010 0.039    0.003 0.003 0.003 0.003 0.003 0.003 0.003 0.008 0.003 0.003 0.003 0.003 0.003 0.003 0.008 0.003 0.003 0.003 0.003 0.003 0.008 0.003 0.003 0.003 0.003 0.008 0.003 0.003 0.003 0.008 0.003 0.003 0.008 0.003 0.008 0.008   -1011971    0 
 3400:    1.00    0.337    0.011 0.010 0.010 0.010 0.010 0.010 0.010 0.010 0.053    0.003 0.003 0.003 0.003 0.003 0.003 0.003 0.010 0.003 0.003 0.003 0.003 0.003 0.003 0.010 0.003 0.003 0.003 0.003 0.003 0.010 0.003 0.003 0.003 0.003 0.010 0.003 0.003 0.003 0.010 0.003 0.003 0.010 0.003 0.010 0.010   -1009163    0 
 3500:    1.00    0.301    0.011 0.010 0.010 0.010 0.010 0.010 0.010 0.010 0.072    0.003 0.003 0.003 0.003 0.003 0.003 0.003 0.013 0.003 0.003 0.003 0.003 0.003 0.003 0.013 0.003 0.003 0.003 0.003 0.003 0.013 0.003 0.003 0.003 0.003 0.013 0.003 0.003 0.003 0.013 0.003 0.003 0.013 0.003 0.013 0.013   -1006018    0 
 3600:    1.00    0.255    0.011 0.010 0.010 0.010 0.010 0.010 0.010 0.010 0.079    0.003 0.003 0.003 0.003 0.003 0.003 0.003 0.014 0.003 0.003 0.003 0.003 0.003 0.003 0.014 0.003 0.003 0.003 0.003 0.003 0.014 0.003 0.003 0.003 0.003 0.014 0.003 0.003 0.003 0.014 0.003 0.003 0.014 0.003 0.014 0.014   -1005245    0 
 3700:    1.00    0.273    0.011 0.010 0.011 0.010 0.010 0.010 0.010 0.010 0.101    0.003 0.003 0.003 0.003 0.003 0.003 0.003 0.017 0.003 0.003 0.003 0.003 0.003 0.003 0.017 0.003 0.003 0.003 0.003 0.003 0.017 0.003 0.003 0.003 0.003 0.017 0.003 0.003 0.003 0.017 0.003 0.003 0.017 0.003 0.017 0.017   -1002698    0 
 3800:    1.00    0.320    0.011 0.010 0.011 0.010 0.010 0.010 0.010 0.010 0.101    0.003 0.003 0.003 0.003 0.003 0.003 0.003 0.017 0.003 0.003 0.003 0.003 0.003 0.003 0.017 0.003 0.003 0.003 0.003 0.003 0.017 0.003 0.003 0.003 0.003 0.017 0.003 0.003 0.003 0.017 0.003 0.003 0.017 0.003 0.017 0.017   -1002476    0 
 3900:    1.00    0.244    0.011 0.010 0.011 0.010 0.010 0.010 0.010 0.010 0.108    0.003 0.003 0.003 0.003 0.003 0.003 0.003 0.018 0.003 0.003 0.003 0.003 0.003 0.003 0.018 0.003 0.003 0.003 0.003 0.003 0.018 0.003 0.003 0.003 0.003 0.018 0.003 0.003 0.003 0.018 0.003 0.003 0.018 0.003 0.018 0.018   -1001708    0 

--------------------------------------------
Proportion of membership of each pre-defined
 population in each of the 9 clusters

Given    Inferred Clusters                                                 Number of
 Pop       1      2      3      4      5      6      7      8      9      Individuals

  1:     0.054  0.108  0.119  0.144  0.099  0.088  0.082  0.082  0.224       23
--------------------------------------------

 Rep#:   Lambda   Alpha      F1    F2    F3    F4    F5    F6    F7    F8    F9     D1,2  D1,3  D1,4  D1,5  D1,6  D1,7  D1,8  D1,9  D2,3  D2,4  D2,5  D2,6  D2,7  D2,8  D2,9  D3,4  D3,5  D3,6  D3,7  D3,8  D3,9  D4,5  D4,6  D4,7  D4,8  D4,9  D5,6  D5,7  D5,8  D5,9  D6,7  D6,8  D6,9  D7,8  D7,9  D8,9    Ln Like  Est Ln P(D)
 4000:    1.00    0.272    0.011 0.010 0.011 0.010 0.010 0.010 0.010 0.010 0.110    0.003 0.003 0.003 0.003 0.003 0.003 0.003 0.019 0.003 0.003 0.003 0.003 0.003 0.003 0.019 0.003 0.003 0.003 0.003 0.003 0.019 0.003 0.003 0.003 0.003 0.019 0.003 0.003 0.003 0.019 0.003 0.003 0.019 0.003 0.018 0.019   -1001460    0 
 4100:    1.00    0.256    0.011 0.010 0.011 0.010 0.010 0.010 0.010 0.010 0.118    0.003 0.003 0.003 0.003 0.003 0.003 0.003 0.019 0.003 0.003 0.003 0.003 0.003 0.003 0.019 0.003 0.003 0.003 0.003 0.003 0.019 0.003 0.003 0.003 0.003 0.019 0.003 0.003 0.003 0.019 0.003 0.003 0.019 0.003 0.019 0.019   -1001402    0 
 4200:    1.00    0.260    0.011 0.010 0.011 0.010 0.010 0.010 0.010 0.010 0.122    0.003 0.003 0.003 0.003 0.003 0.003 0.003 0.020 0.003 0.003 0.003 0.003 0.003 0.003 0.020 0.003 0.003 0.003 0.003 0.003 0.020 0.003 0.003 0.003 0.003 0.020 0.003 0.003 0.003 0.020 0.003 0.003 0.020 0.003 0.020 0.020   -1000363    0 
 4300:    1.00    0.243    0.011 0.010 0.011 0.010 0.010 0.010 0.010 0.010 0.124    0.003 0.003 0.003 0.003 0.003 0.003 0.003 0.020 0.003 0.003 0.003 0.003 0.003 0.003 0.020 0.003 0.003 0.003 0.003 0.003 0.020 0.003 0.003 0.003 0.003 0.021 0.003 0.003 0.003 0.020 0.003 0.003 0.020 0.003 0.020 0.020   -1000362    0 
 4400:    1.00    0.270    0.011 0.010 0.011 0.010 0.010 0.010 0.010 0.010 0.125    0.003 0.003 0.003 0.003 0.003 0.003 0.003 0.021 0.003 0.003 0.003 0.003 0.003 0.003 0.021 0.003 0.003 0.003 0.003 0.003 0.021 0.003 0.003 0.003 0.003 0.021 0.003 0.003 0.003 0.021 0.003 0.003 0.021 0.003 0.021 0.021   -1000258    0 
 4500:    1.00    0.204    0.011 0.010 0.011 0.010 0.010 0.010 0.010 0.010 0.125    0.003 0.003 0.003 0.003 0.003 0.003 0.003 0.021 0.003 0.003 0.003 0.003 0.003 0.003 0.021 0.003 0.003 0.003 0.003 0.003 0.021 0.003 0.003 0.003 0.003 0.021 0.003 0.003 0.003 0.021 0.003 0.003 0.021 0.003 0.021 0.021   -1000374    0 
 4600:    1.00    0.219    0.011 0.010 0.011 0.010 0.010 0.010 0.010 0.010 0.126    0.003 0.003 0.003 0.003 0.003 0.003 0.003 0.021 0.003 0.003 0.003 0.003 0.003 0.003 0.021 0.003 0.003 0.003 0.003 0.003 0.021 0.003 0.003 0.003 0.003 0.021 0.003 0.003 0.003 0.021 0.003 0.003 0.021 0.003 0.021 0.021   -1000277    0 
 4700:    1.00    0.248    0.011 0.010 0.011 0.010 0.010 0.010 0.010 0.010 0.129    0.003 0.003 0.003 0.003 0.003 0.003 0.003 0.021 0.003 0.003 0.003 0.003 0.003 0.003 0.021 0.003 0.003 0.003 0.003 0.003 0.021 0.003 0.003 0.003 0.003 0.021 0.003 0.003 0.003 0.021 0.003 0.003 0.021 0.003 0.021 0.021   -1000239    0 
 4800:    1.00    0.222    0.011 0.010 0.011 0.010 0.010 0.010 0.010 0.010 0.133    0.003 0.003 0.003 0.003 0.003 0.003 0.003 0.022 0.003 0.003 0.003 0.003 0.003 0.003 0.022 0.003 0.003 0.003 0.003 0.003 0.022 0.003 0.003 0.003 0.003 0.022 0.003 0.003 0.003 0.022 0.003 0.003 0.022 0.003 0.022 0.022   -999923    0 
 4900:    1.00    0.238    0.011 0.010 0.011 0.010 0.010 0.010 0.010 0.010 0.137    0.003 0.003 0.003 0.003 0.003 0.003 0.003 0.022 0.003 0.003 0.003 0.003 0.003 0.003 0.022 0.003 0.003 0.003 0.003 0.003 0.022 0.003 0.003 0.003 0.003 0.022 0.003 0.003 0.003 0.022 0.003 0.003 0.022 0.003 0.022 0.022   -998956    0 

--------------------------------------------
Proportion of membership of each pre-defined
 population in each of the 9 clusters

Given    Inferred Clusters                                                 Number of
 Pop       1      2      3      4      5      6      7      8      9      Individuals

  1:     0.050  0.118  0.113  0.119  0.101  0.090  0.087  0.095  0.227       23
--------------------------------------------

 Rep#:   Lambda   Alpha      F1    F2    F3    F4    F5    F6    F7    F8    F9     D1,2  D1,3  D1,4  D1,5  D1,6  D1,7  D1,8  D1,9  D2,3  D2,4  D2,5  D2,6  D2,7  D2,8  D2,9  D3,4  D3,5  D3,6  D3,7  D3,8  D3,9  D4,5  D4,6  D4,7  D4,8  D4,9  D5,6  D5,7  D5,8  D5,9  D6,7  D6,8  D6,9  D7,8  D7,9  D8,9    Ln Like  Est Ln P(D)
 5000:    1.00    0.196    0.011 0.010 0.011 0.010 0.010 0.010 0.010 0.010 0.138    0.003 0.003 0.003 0.003 0.003 0.003 0.003 0.022 0.003 0.003 0.003 0.003 0.003 0.003 0.022 0.003 0.003 0.003 0.003 0.003 0.023 0.003 0.003 0.003 0.003 0.022 0.003 0.003 0.003 0.022 0.003 0.003 0.022 0.003 0.022 0.022   -999033    0 
 5100:    1.00    0.182    0.011 0.010 0.011 0.010 0.010 0.010 0.010 0.010 0.138    0.003 0.003 0.003 0.003 0.003 0.003 0.003 0.023 0.003 0.003 0.003 0.003 0.003 0.003 0.023 0.003 0.003 0.003 0.003 0.003 0.023 0.003 0.003 0.003 0.003 0.023 0.003 0.003 0.003 0.023 0.003 0.003 0.022 0.003 0.022 0.023   -999331    0 
 5200:    1.00    0.177    0.011 0.010 0.011 0.010 0.010 0.010 0.010 0.010 0.141    0.003 0.003 0.003 0.003 0.003 0.003 0.003 0.023 0.003 0.003 0.003 0.003 0.003 0.003 0.023 0.003 0.003 0.003 0.003 0.003 0.023 0.003 0.003 0.003 0.003 0.023 0.003 0.003 0.003 0.023 0.003 0.003 0.023 0.003 0.023 0.023   -999291    0 
 5300:    1.00    0.189    0.011 0.010 0.011 0.010 0.010 0.010 0.010 0.010 0.142    0.003 0.003 0.003 0.003 0.003 0.003 0.003 0.023 0.003 0.003 0.003 0.003 0.003 0.003 0.023 0.003 0.003 0.003 0.003 0.003 0.023 0.003 0.003 0.003 0.003 0.023 0.003 0.003 0.003 0.023 0.003 0.003 0.023 0.003 0.023 0.023   -999120    0 
 5400:    1.00    0.179    0.011 0.010 0.011 0.011 0.010 0.010 0.010 0.010 0.143    0.003 0.003 0.003 0.003 0.003 0.003 0.003 0.023 0.003 0.003 0.003 0.003 0.003 0.003 0.023 0.003 0.003 0.003 0.003 0.003 0.023 0.003 0.003 0.003 0.003 0.024 0.003 0.003 0.003 0.023 0.003 0.003 0.023 0.003 0.023 0.023   -999099    0 
 5500:    1.00    0.190    0.011 0.010 0.011 0.011 0.010 0.010 0.010 0.010 0.145    0.003 0.003 0.003 0.003 0.003 0.003 0.003 0.023 0.003 0.003 0.003 0.003 0.003 0.003 0.023 0.003 0.003 0.003 0.003 0.003 0.023 0.003 0.003 0.003 0.003 0.024 0.003 0.003 0.003 0.023 0.003 0.003 0.023 0.003 0.023 0.023   -998752    0 
 5600:    1.00    0.163    0.011 0.010 0.011 0.011 0.010 0.010 0.010 0.010 0.146    0.003 0.003 0.003 0.003 0.003 0.003 0.003 0.024 0.003 0.003 0.003 0.003 0.003 0.003 0.024 0.003 0.003 0.003 0.003 0.003 0.024 0.003 0.003 0.003 0.003 0.024 0.003 0.003 0.003 0.024 0.003 0.003 0.024 0.003 0.024 0.024   -998340    0 
 5700:    1.00    0.171    0.011 0.010 0.011 0.011 0.010 0.010 0.010 0.010 0.149    0.003 0.003 0.003 0.003 0.003 0.003 0.003 0.024 0.003 0.003 0.003 0.003 0.003 0.003 0.024 0.003 0.003 0.003 0.003 0.003 0.024 0.003 0.003 0.003 0.003 0.024 0.003 0.003 0.003 0.024 0.003 0.003 0.024 0.003 0.024 0.024   -998388    0 
 5800:    1.00    0.213    0.011 0.010 0.011 0.011 0.010 0.010 0.010 0.010 0.149    0.003 0.003 0.003 0.003 0.003 0.003 0.003 0.024 0.003 0.003 0.003 0.003 0.003 0.003 0.024 0.003 0.003 0.003 0.003 0.003 0.024 0.003 0.003 0.003 0.003 0.024 0.003 0.003 0.003 0.024 0.003 0.003 0.024 0.003 0.024 0.024   -998411    0 
 5900:    1.00    0.194    0.011 0.010 0.011 0.011 0.010 0.010 0.010 0.010 0.152    0.003 0.003 0.003 0.003 0.003 0.003 0.003 0.025 0.003 0.003 0.003 0.003 0.003 0.003 0.025 0.003 0.003 0.003 0.003 0.003 0.025 0.003 0.003 0.003 0.003 0.025 0.003 0.003 0.003 0.025 0.003 0.003 0.025 0.003 0.024 0.025   -998085    0 
 6000:    1.00    0.192    0.011 0.010 0.011 0.011 0.010 0.010 0.010 0.010 0.151    0.003 0.003 0.003 0.003 0.003 0.003 0.003 0.024 0.003 0.003 0.003 0.003 0.003 0.003 0.025 0.003 0.003 0.003 0.003 0.003 0.024 0.003 0.003 0.003 0.003 0.025 0.003 0.003 0.003 0.025 0.003 0.003 0.024 0.003 0.024 0.024   -998073    0 

MCMC completed

Inferred ancestry of individuals:
        Label (%Miss) Pop:  Inferred clusters
  1 18160D-09-0    (2)    1 :  0.046 0.075 0.049 0.079 0.191 0.082 0.158 0.274 0.046 
  2 18160D-09-0    (4)    1 :  0.084 0.067 0.248 0.044 0.038 0.125 0.277 0.053 0.064 
  3 18160D-09-0    (2)    1 :  0.045 0.007 0.018 0.030 0.018 0.048 0.129 0.055 0.651 
  4 18160D-09-0    (5)    1 :  0.029 0.018 0.014 0.018 0.010 0.014 0.043 0.027 0.827 
  5 18160D-09-0    (4)    1 :  0.029 0.019 0.014 0.017 0.022 0.009 0.068 0.079 0.743 
  6 18160D-09-0    (4)    1 :  0.029 0.023 0.013 0.027 0.019 0.035 0.025 0.032 0.799 
  7 18160D-09-0    (2)    1 :  0.016 0.016 0.013 0.015 0.023 0.016 0.062 0.042 0.798 
  8 18160D-09-0    (4)    1 :  0.035 0.063 0.105 0.075 0.163 0.067 0.280 0.141 0.070 
  9 18160D-09-0    (2)    1 :  0.062 0.418 0.164 0.035 0.110 0.080 0.021 0.096 0.015 
 10 18160D-09-1    (2)    1 :  0.078 0.121 0.059 0.638 0.045 0.017 0.013 0.018 0.011 
 11 18160D-09-1    (2)    1 :  0.017 0.566 0.138 0.044 0.069 0.082 0.024 0.046 0.013 
 12 18160D-09-1    (2)    1 :  0.058 0.393 0.358 0.019 0.062 0.056 0.032 0.012 0.009 
 13 18160D-09-1    (5)    1 :  0.019 0.192 0.071 0.117 0.085 0.140 0.024 0.269 0.082 
 14 18160D-09-1   (18)    1 :  0.032 0.074 0.123 0.093 0.058 0.361 0.189 0.034 0.037 
 15 18160D-09-1    (4)    1 :  0.058 0.096 0.140 0.145 0.042 0.293 0.084 0.120 0.022 
 16 18160D-09-1    (2)    1 :  0.090 0.079 0.042 0.665 0.034 0.027 0.033 0.012 0.018 
 17 18160D-09-1    (2)    1 :  0.119 0.037 0.207 0.050 0.091 0.149 0.150 0.136 0.061 
 18 18160D-09-1    (2)    1 :  0.074 0.024 0.226 0.346 0.142 0.100 0.027 0.032 0.029 
 19 18160D-09-1    (2)    1 :  0.180 0.063 0.061 0.068 0.188 0.042 0.057 0.298 0.043 
 20 18160D-09-2    (5)    1 :  0.087 0.062 0.269 0.016 0.101 0.114 0.091 0.230 0.030 
 21 18160D-09-2    (5)    1 :  0.213 0.126 0.201 0.049 0.148 0.058 0.051 0.089 0.064 
 22 18160D-09-2    (5)    1 :  0.031 0.035 0.028 0.027 0.642 0.029 0.156 0.033 0.018 
 23 18160D-09-2    (2)    1 :  0.114 0.093 0.083 0.134 0.063 0.261 0.086 0.125 0.043 

Command line arguments:   structure -D 625793 -K 9 -m mainparams -o k9/populations_k9_run10 
Input File:    populations.str
Output File:   k9/populations_k9_run10_f

Run parameters:
   23 individuals
   50160 loci
   9 populations assumed
   1000 Burn-in period
   5000 Reps
RANDOMIZE turned off

--------------------------------------------
Estimated Ln Prob of Data   = -69795103.4
Mean value of ln likelihood = -1011234.4
Variance of ln likelihood   = 137567738.0
Mean value of alpha         = 1.1479

Mean value of Fst_1         = 0.0106
Mean value of Fst_2         = 0.0102
Mean value of Fst_3         = 0.0104
Mean value of Fst_4         = 0.0100
Mean value of Fst_5         = 0.0103
Mean value of Fst_6         = 0.0102
Mean value of Fst_7         = 0.0098
Mean value of Fst_8         = 0.0099
Mean value of Fst_9         = 0.0716


--------------------------------------------
Proportion of membership of each pre-defined
 population in each of the 9 clusters

Given    Inferred Clusters                                                 Number of
 Pop       1      2      3      4      5      6      7      8      9      Individuals

  1:     0.067  0.116  0.115  0.120  0.103  0.096  0.090  0.098  0.195       23
--------------------------------------------
Final results printed to file k9/populations_k9_run10_f

