

----------------------------------------------------
STRUCTURE by Pritchard, Stephens and Donnelly (2000)
     and Falush, Stephens and Pritchard (2003)
       Code by Pritchard, Falush and Hubisz
             Version 2.3.4 (Jul 2012)
----------------------------------------------------


Reading file "mainparams".
datafile is
populations.str
Reading file "extraparams".
Reading file "populations.str".


Data file "populations.str" (truncated) --

Ind:   Label Pop : Genotype_data . . . .
  1: 18160D-09-0    1  :  4   1   3   1   4   1   3  . . . .   2
  1: 18160D-09-0    1  :  4   1   3   1   4   4   4  . . . .   4
  2: 18160D-09-0    1  :  4   1   3   1   4   1   3  . . . .   2
  2: 18160D-09-0    1  :  4   1   3   1   4   4   3  . . . .   4
  3: 18160D-09-0    1  :  4   1   0   0   0   0   3  . . . .   2
  3: 18160D-09-0    1  :  4   3   0   0   0   0   3  . . . .   4
  4: 18160D-09-0    1  :  4   1   3   1   4   1   3  . . . .   2
  4: 18160D-09-0    1  :  4   3   3   1   4   1   3  . . . .   4

      *******   

 22: 18160D-09-2    1  :  4   1   3   1   4   1   3  . . . .   2
 22: 18160D-09-2    1  :  4   3   3   1   4   1   4  . . . .   4
 23: 18160D-09-2    1  :  4   1   3   1   4   1   3  . . . .   2
 23: 18160D-09-2    1  :  4   1   3   1   4   4   4  . . . .   4

Number of alleles per locus: min= 2; ave=2.0; max= 2


--------------------------------------

Finished initialization; starting MCMC 
5000 iterations + 1000 burnin


--------------------------------------------
Proportion of membership of each pre-defined
 population in each of the 9 clusters

Given    Inferred Clusters                                                 Number of
 Pop       1      2      3      4      5      6      7      8      9      Individuals

  1:     0.111  0.112  0.111  0.115  0.105  0.113  0.113  0.111  0.110       23
--------------------------------------------

 Rep#:   Lambda   Alpha      F1    F2    F3    F4    F5    F6    F7    F8    F9     D1,2  D1,3  D1,4  D1,5  D1,6  D1,7  D1,8  D1,9  D2,3  D2,4  D2,5  D2,6  D2,7  D2,8  D2,9  D3,4  D3,5  D3,6  D3,7  D3,8  D3,9  D4,5  D4,6  D4,7  D4,8  D4,9  D5,6  D5,7  D5,8  D5,9  D6,7  D6,8  D6,9  D7,8  D7,9  D8,9    Ln Like 
  100:    1.00    1.858    0.010 0.010 0.010 0.010 0.010 0.010 0.010 0.010 0.010    0.003 0.003 0.003 0.003 0.003 0.003 0.003 0.003 0.003 0.003 0.003 0.003 0.003 0.003 0.003 0.003 0.003 0.003 0.003 0.003 0.003 0.003 0.003 0.003 0.003 0.003 0.003 0.003 0.003 0.003 0.003 0.003 0.003 0.003 0.003 0.003   --  
  200:    1.00    2.406    0.010 0.010 0.010 0.010 0.010 0.010 0.010 0.010 0.010    0.003 0.003 0.003 0.003 0.003 0.003 0.003 0.003 0.003 0.003 0.003 0.003 0.003 0.003 0.003 0.003 0.003 0.003 0.003 0.003 0.003 0.003 0.003 0.003 0.003 0.003 0.003 0.003 0.003 0.003 0.003 0.003 0.003 0.003 0.003 0.003   --  
  300:    1.00    3.158    0.010 0.010 0.010 0.010 0.010 0.010 0.010 0.010 0.010    0.003 0.003 0.003 0.003 0.003 0.003 0.003 0.003 0.003 0.003 0.003 0.003 0.003 0.003 0.003 0.003 0.003 0.003 0.003 0.003 0.003 0.003 0.003 0.003 0.003 0.003 0.003 0.003 0.003 0.003 0.003 0.003 0.003 0.003 0.003 0.003   --  
  400:    1.00    3.619    0.010 0.010 0.010 0.010 0.010 0.010 0.010 0.010 0.010    0.003 0.003 0.003 0.003 0.003 0.003 0.003 0.003 0.003 0.003 0.003 0.003 0.003 0.003 0.003 0.003 0.003 0.003 0.003 0.003 0.003 0.003 0.003 0.003 0.003 0.003 0.003 0.003 0.003 0.003 0.003 0.003 0.003 0.003 0.003 0.003   --  
  500:    1.00    4.031    0.010 0.010 0.010 0.010 0.010 0.010 0.010 0.010 0.010    0.003 0.003 0.003 0.003 0.003 0.003 0.003 0.003 0.003 0.003 0.003 0.003 0.003 0.003 0.003 0.003 0.003 0.003 0.003 0.003 0.003 0.003 0.003 0.003 0.003 0.003 0.003 0.003 0.003 0.003 0.003 0.003 0.003 0.003 0.003 0.003   --  
  600:    1.00    3.930    0.010 0.010 0.010 0.010 0.010 0.010 0.010 0.010 0.010    0.003 0.003 0.003 0.003 0.003 0.003 0.003 0.003 0.003 0.003 0.003 0.003 0.003 0.003 0.003 0.003 0.003 0.003 0.003 0.003 0.003 0.003 0.003 0.003 0.003 0.003 0.003 0.003 0.003 0.003 0.003 0.003 0.003 0.003 0.003 0.003   --  
  700:    1.00    4.447    0.010 0.010 0.010 0.010 0.010 0.010 0.010 0.010 0.010    0.003 0.003 0.003 0.003 0.003 0.003 0.003 0.003 0.003 0.003 0.003 0.003 0.003 0.003 0.003 0.003 0.003 0.003 0.003 0.003 0.003 0.003 0.003 0.003 0.003 0.003 0.003 0.003 0.003 0.003 0.003 0.003 0.003 0.003 0.003 0.003   --  
  800:    1.00    4.499    0.010 0.010 0.010 0.010 0.010 0.010 0.010 0.010 0.010    0.003 0.003 0.003 0.003 0.003 0.003 0.003 0.003 0.003 0.003 0.003 0.003 0.003 0.003 0.003 0.003 0.003 0.003 0.003 0.003 0.003 0.003 0.003 0.003 0.003 0.003 0.003 0.003 0.003 0.003 0.003 0.003 0.003 0.003 0.003 0.003   --  
  900:    1.00    4.644    0.010 0.010 0.010 0.010 0.010 0.010 0.010 0.010 0.010    0.003 0.003 0.003 0.003 0.003 0.003 0.003 0.003 0.003 0.003 0.003 0.003 0.003 0.003 0.003 0.003 0.003 0.003 0.003 0.003 0.003 0.003 0.003 0.003 0.003 0.003 0.003 0.003 0.003 0.003 0.003 0.003 0.003 0.003 0.003 0.003   --  
 1000:    1.00    4.738    0.010 0.010 0.010 0.010 0.010 0.010 0.010 0.010 0.010    0.003 0.003 0.003 0.003 0.003 0.003 0.003 0.003 0.003 0.003 0.003 0.003 0.003 0.003 0.003 0.003 0.003 0.003 0.003 0.003 0.003 0.003 0.003 0.003 0.003 0.003 0.003 0.003 0.003 0.003 0.003 0.003 0.003 0.003 0.003 0.003   --  

BURNIN completed
 Rep#:   Lambda   Alpha      F1    F2    F3    F4    F5    F6    F7    F8    F9     D1,2  D1,3  D1,4  D1,5  D1,6  D1,7  D1,8  D1,9  D2,3  D2,4  D2,5  D2,6  D2,7  D2,8  D2,9  D3,4  D3,5  D3,6  D3,7  D3,8  D3,9  D4,5  D4,6  D4,7  D4,8  D4,9  D5,6  D5,7  D5,8  D5,9  D6,7  D6,8  D6,9  D7,8  D7,9  D8,9    Ln Like  Est Ln P(D)
 1100:    1.00    4.660    0.010 0.010 0.010 0.010 0.010 0.010 0.010 0.010 0.010    0.003 0.003 0.003 0.003 0.003 0.003 0.003 0.003 0.003 0.003 0.003 0.003 0.003 0.003 0.003 0.003 0.003 0.003 0.003 0.003 0.003 0.003 0.003 0.003 0.003 0.003 0.003 0.003 0.003 0.003 0.003 0.003 0.003 0.003 0.003 0.003   -1026613    0 
 1200:    1.00    4.510    0.010 0.010 0.010 0.010 0.010 0.010 0.010 0.010 0.010    0.003 0.003 0.003 0.003 0.003 0.003 0.003 0.003 0.003 0.003 0.003 0.003 0.003 0.003 0.003 0.003 0.003 0.003 0.003 0.003 0.003 0.003 0.003 0.003 0.003 0.003 0.003 0.003 0.003 0.003 0.003 0.003 0.003 0.003 0.003 0.003   -1026139    0 
 1300:    1.00    4.257    0.010 0.010 0.010 0.010 0.010 0.010 0.010 0.010 0.010    0.003 0.003 0.003 0.003 0.003 0.003 0.003 0.003 0.003 0.003 0.003 0.003 0.003 0.003 0.003 0.003 0.003 0.003 0.003 0.003 0.003 0.003 0.003 0.003 0.003 0.003 0.003 0.003 0.003 0.003 0.003 0.003 0.003 0.003 0.003 0.003   -1025955    0 
 1400:    1.00    3.781    0.010 0.010 0.010 0.010 0.010 0.010 0.010 0.010 0.010    0.003 0.003 0.003 0.003 0.003 0.003 0.003 0.003 0.003 0.003 0.003 0.003 0.003 0.003 0.003 0.003 0.003 0.003 0.003 0.003 0.003 0.003 0.003 0.003 0.003 0.003 0.003 0.003 0.003 0.003 0.003 0.003 0.003 0.003 0.003 0.003   -1025967    0 
 1500:    1.00    3.587    0.010 0.010 0.010 0.010 0.010 0.010 0.010 0.010 0.010    0.003 0.003 0.003 0.003 0.003 0.003 0.003 0.003 0.003 0.003 0.003 0.003 0.003 0.003 0.003 0.003 0.003 0.003 0.003 0.003 0.003 0.003 0.003 0.003 0.003 0.003 0.003 0.003 0.003 0.003 0.003 0.003 0.003 0.003 0.003 0.003   -1025645    0 
 1600:    1.00    3.351    0.010 0.010 0.010 0.010 0.010 0.010 0.010 0.010 0.010    0.003 0.003 0.003 0.003 0.003 0.003 0.003 0.003 0.003 0.003 0.003 0.003 0.003 0.003 0.003 0.003 0.003 0.003 0.003 0.003 0.003 0.003 0.003 0.003 0.003 0.003 0.003 0.003 0.003 0.003 0.003 0.003 0.003 0.003 0.003 0.003   -1025338    0 
 1700:    1.00    3.112    0.010 0.010 0.010 0.010 0.010 0.010 0.010 0.010 0.010    0.003 0.003 0.003 0.003 0.003 0.003 0.003 0.003 0.003 0.003 0.003 0.003 0.003 0.003 0.003 0.003 0.003 0.003 0.003 0.003 0.003 0.003 0.003 0.003 0.003 0.003 0.003 0.003 0.003 0.003 0.003 0.003 0.003 0.003 0.003 0.003   -1025171    0 
 1800:    1.00    2.610    0.010 0.010 0.010 0.010 0.010 0.010 0.010 0.010 0.010    0.003 0.003 0.003 0.003 0.003 0.003 0.003 0.003 0.003 0.003 0.003 0.003 0.003 0.003 0.003 0.003 0.003 0.003 0.003 0.003 0.003 0.003 0.003 0.003 0.003 0.003 0.003 0.003 0.003 0.003 0.003 0.003 0.003 0.003 0.003 0.003   -1024942    0 
 1900:    1.00    2.194    0.010 0.010 0.010 0.010 0.010 0.010 0.010 0.010 0.010    0.003 0.003 0.003 0.003 0.003 0.003 0.003 0.003 0.003 0.003 0.003 0.003 0.003 0.003 0.003 0.003 0.003 0.003 0.003 0.003 0.003 0.003 0.003 0.003 0.003 0.003 0.003 0.003 0.003 0.003 0.003 0.003 0.003 0.003 0.003 0.003   -1024885    0 

--------------------------------------------
Proportion of membership of each pre-defined
 population in each of the 9 clusters

Given    Inferred Clusters                                                 Number of
 Pop       1      2      3      4      5      6      7      8      9      Individuals

  1:     0.107  0.102  0.102  0.169  0.094  0.124  0.096  0.097  0.109       23
--------------------------------------------

 Rep#:   Lambda   Alpha      F1    F2    F3    F4    F5    F6    F7    F8    F9     D1,2  D1,3  D1,4  D1,5  D1,6  D1,7  D1,8  D1,9  D2,3  D2,4  D2,5  D2,6  D2,7  D2,8  D2,9  D3,4  D3,5  D3,6  D3,7  D3,8  D3,9  D4,5  D4,6  D4,7  D4,8  D4,9  D5,6  D5,7  D5,8  D5,9  D6,7  D6,8  D6,9  D7,8  D7,9  D8,9    Ln Like  Est Ln P(D)
 2000:    1.00    1.792    0.010 0.010 0.010 0.010 0.010 0.010 0.010 0.010 0.010    0.003 0.003 0.003 0.003 0.003 0.003 0.003 0.003 0.003 0.003 0.003 0.003 0.003 0.003 0.003 0.003 0.003 0.003 0.003 0.003 0.003 0.003 0.003 0.003 0.003 0.003 0.003 0.003 0.003 0.003 0.003 0.003 0.003 0.003 0.003 0.003   -1024336    0 
 2100:    1.00    1.414    0.010 0.010 0.010 0.010 0.010 0.010 0.010 0.010 0.010    0.003 0.003 0.003 0.003 0.003 0.003 0.003 0.003 0.003 0.003 0.003 0.003 0.003 0.003 0.003 0.003 0.003 0.003 0.003 0.003 0.003 0.003 0.003 0.003 0.003 0.003 0.003 0.003 0.003 0.003 0.003 0.003 0.003 0.003 0.003 0.003   -1023968    0 
 2200:    1.00    1.166    0.010 0.010 0.010 0.010 0.010 0.010 0.010 0.010 0.010    0.003 0.003 0.003 0.003 0.003 0.003 0.003 0.003 0.003 0.003 0.003 0.003 0.003 0.003 0.003 0.003 0.003 0.003 0.003 0.003 0.003 0.003 0.003 0.003 0.003 0.003 0.003 0.003 0.003 0.003 0.003 0.003 0.003 0.003 0.003 0.003   -1023241    0 
 2300:    1.00    0.937    0.010 0.010 0.010 0.010 0.010 0.010 0.010 0.010 0.010    0.003 0.003 0.003 0.003 0.003 0.003 0.003 0.003 0.003 0.003 0.003 0.003 0.003 0.003 0.003 0.003 0.003 0.003 0.003 0.003 0.003 0.003 0.003 0.003 0.003 0.003 0.003 0.003 0.003 0.003 0.003 0.003 0.003 0.003 0.003 0.003   -1022377    0 
 2400:    1.00    0.711    0.010 0.010 0.010 0.010 0.010 0.011 0.010 0.010 0.010    0.003 0.003 0.003 0.003 0.003 0.003 0.003 0.003 0.003 0.003 0.003 0.003 0.003 0.003 0.003 0.003 0.003 0.003 0.003 0.003 0.003 0.003 0.003 0.003 0.003 0.003 0.003 0.003 0.003 0.003 0.003 0.003 0.003 0.003 0.003 0.003   -1021868    0 
 2500:    1.00    0.661    0.010 0.010 0.010 0.011 0.010 0.011 0.010 0.010 0.010    0.003 0.003 0.003 0.003 0.003 0.003 0.003 0.003 0.003 0.003 0.003 0.003 0.003 0.003 0.003 0.003 0.003 0.003 0.003 0.003 0.003 0.003 0.003 0.003 0.003 0.003 0.003 0.003 0.003 0.003 0.003 0.003 0.003 0.003 0.003 0.003   -1021302    0 
 2600:    1.00    0.593    0.010 0.010 0.010 0.011 0.010 0.011 0.010 0.010 0.010    0.003 0.003 0.003 0.003 0.003 0.003 0.003 0.003 0.003 0.003 0.003 0.003 0.003 0.003 0.003 0.003 0.003 0.003 0.003 0.003 0.003 0.003 0.003 0.003 0.003 0.003 0.003 0.003 0.003 0.003 0.003 0.003 0.003 0.003 0.003 0.003   -1020464    0 
 2700:    1.00    0.580    0.010 0.010 0.010 0.011 0.010 0.011 0.010 0.010 0.010    0.003 0.003 0.003 0.003 0.003 0.003 0.003 0.003 0.003 0.003 0.003 0.003 0.003 0.003 0.003 0.003 0.003 0.003 0.003 0.003 0.003 0.003 0.003 0.003 0.003 0.003 0.003 0.003 0.003 0.003 0.003 0.003 0.003 0.003 0.003 0.003   -1020201    0 
 2800:    1.00    0.449    0.010 0.010 0.010 0.012 0.010 0.011 0.010 0.010 0.010    0.003 0.003 0.003 0.003 0.003 0.003 0.003 0.003 0.003 0.003 0.003 0.003 0.003 0.003 0.003 0.003 0.003 0.003 0.003 0.003 0.003 0.003 0.004 0.003 0.003 0.003 0.003 0.003 0.003 0.003 0.003 0.003 0.003 0.003 0.003 0.003   -1019059    0 
 2900:    1.00    0.490    0.010 0.010 0.010 0.013 0.010 0.011 0.010 0.010 0.010    0.003 0.003 0.004 0.003 0.003 0.003 0.003 0.003 0.003 0.004 0.003 0.003 0.003 0.003 0.003 0.004 0.003 0.003 0.003 0.003 0.003 0.004 0.004 0.004 0.004 0.004 0.003 0.003 0.003 0.003 0.003 0.003 0.003 0.003 0.003 0.003   -1018537    0 

--------------------------------------------
Proportion of membership of each pre-defined
 population in each of the 9 clusters

Given    Inferred Clusters                                                 Number of
 Pop       1      2      3      4      5      6      7      8      9      Individuals

  1:     0.094  0.100  0.085  0.244  0.078  0.160  0.053  0.072  0.114       23
--------------------------------------------

 Rep#:   Lambda   Alpha      F1    F2    F3    F4    F5    F6    F7    F8    F9     D1,2  D1,3  D1,4  D1,5  D1,6  D1,7  D1,8  D1,9  D2,3  D2,4  D2,5  D2,6  D2,7  D2,8  D2,9  D3,4  D3,5  D3,6  D3,7  D3,8  D3,9  D4,5  D4,6  D4,7  D4,8  D4,9  D5,6  D5,7  D5,8  D5,9  D6,7  D6,8  D6,9  D7,8  D7,9  D8,9    Ln Like  Est Ln P(D)
 3000:    1.00    0.355    0.010 0.010 0.010 0.014 0.010 0.011 0.010 0.010 0.010    0.003 0.003 0.004 0.003 0.003 0.003 0.003 0.003 0.003 0.004 0.003 0.003 0.003 0.003 0.003 0.004 0.003 0.003 0.003 0.003 0.003 0.004 0.004 0.004 0.004 0.004 0.003 0.003 0.003 0.003 0.003 0.003 0.003 0.003 0.003 0.003   -1018171    0 
 3100:    1.00    0.360    0.010 0.010 0.011 0.014 0.010 0.011 0.010 0.010 0.010    0.003 0.003 0.004 0.003 0.003 0.003 0.003 0.003 0.003 0.004 0.003 0.003 0.003 0.003 0.003 0.004 0.003 0.003 0.003 0.003 0.003 0.004 0.004 0.004 0.004 0.004 0.003 0.003 0.003 0.003 0.003 0.003 0.003 0.003 0.003 0.003   -1017847    0 
 3200:    1.00    0.309    0.010 0.010 0.011 0.015 0.010 0.011 0.010 0.010 0.010    0.003 0.003 0.004 0.003 0.003 0.003 0.003 0.003 0.003 0.004 0.003 0.003 0.003 0.003 0.003 0.004 0.003 0.003 0.003 0.003 0.003 0.004 0.004 0.004 0.004 0.004 0.003 0.003 0.003 0.003 0.003 0.003 0.003 0.003 0.003 0.003   -1016772    0 
 3300:    1.00    0.286    0.010 0.010 0.011 0.015 0.010 0.011 0.010 0.010 0.010    0.003 0.003 0.004 0.003 0.003 0.003 0.003 0.003 0.003 0.004 0.003 0.003 0.003 0.003 0.003 0.004 0.003 0.003 0.003 0.003 0.003 0.004 0.004 0.004 0.004 0.004 0.003 0.003 0.003 0.003 0.003 0.003 0.003 0.003 0.003 0.003   -1016975    0 
 3400:    1.00    0.190    0.010 0.010 0.011 0.015 0.010 0.012 0.010 0.010 0.010    0.003 0.003 0.004 0.003 0.003 0.003 0.003 0.003 0.003 0.004 0.003 0.003 0.003 0.003 0.003 0.004 0.003 0.004 0.003 0.003 0.003 0.004 0.004 0.004 0.004 0.004 0.003 0.003 0.003 0.003 0.003 0.003 0.003 0.003 0.003 0.003   -1016191    0 
 3500:    1.00    0.208    0.010 0.010 0.011 0.017 0.010 0.012 0.010 0.010 0.010    0.003 0.003 0.004 0.003 0.003 0.003 0.003 0.003 0.003 0.004 0.003 0.003 0.003 0.003 0.003 0.004 0.003 0.003 0.003 0.003 0.003 0.004 0.005 0.004 0.004 0.004 0.003 0.003 0.003 0.003 0.003 0.003 0.003 0.003 0.003 0.003   -1015581    0 
 3600:    1.00    0.199    0.010 0.010 0.011 0.021 0.010 0.012 0.010 0.010 0.010    0.003 0.003 0.005 0.003 0.003 0.003 0.003 0.003 0.003 0.005 0.003 0.003 0.003 0.003 0.003 0.005 0.003 0.003 0.003 0.003 0.003 0.005 0.005 0.005 0.005 0.005 0.003 0.003 0.003 0.003 0.003 0.003 0.003 0.003 0.003 0.003   -1013661    0 
 3700:    1.00    0.168    0.010 0.010 0.011 0.033 0.010 0.012 0.010 0.010 0.010    0.003 0.003 0.007 0.003 0.003 0.003 0.003 0.003 0.003 0.007 0.003 0.003 0.003 0.003 0.003 0.007 0.003 0.003 0.003 0.003 0.003 0.007 0.007 0.007 0.007 0.007 0.003 0.003 0.003 0.003 0.003 0.003 0.003 0.003 0.003 0.003   -1010221    0 
 3800:    1.00    0.164    0.010 0.010 0.011 0.045 0.010 0.012 0.010 0.010 0.010    0.003 0.003 0.009 0.003 0.003 0.003 0.003 0.003 0.003 0.009 0.003 0.003 0.003 0.003 0.003 0.009 0.003 0.004 0.003 0.003 0.003 0.009 0.009 0.009 0.009 0.009 0.003 0.003 0.003 0.003 0.003 0.003 0.003 0.003 0.003 0.003   -1007480    0 
 3900:    1.00    0.179    0.010 0.010 0.011 0.078 0.010 0.012 0.010 0.010 0.010    0.003 0.003 0.014 0.003 0.003 0.003 0.003 0.003 0.003 0.014 0.003 0.003 0.003 0.003 0.003 0.014 0.003 0.003 0.003 0.003 0.003 0.014 0.014 0.014 0.014 0.014 0.003 0.003 0.003 0.003 0.003 0.003 0.003 0.003 0.003 0.003   -1002536    0 

--------------------------------------------
Proportion of membership of each pre-defined
 population in each of the 9 clusters

Given    Inferred Clusters                                                 Number of
 Pop       1      2      3      4      5      6      7      8      9      Individuals

  1:     0.088  0.097  0.094  0.226  0.073  0.190  0.044  0.062  0.126       23
--------------------------------------------

 Rep#:   Lambda   Alpha      F1    F2    F3    F4    F5    F6    F7    F8    F9     D1,2  D1,3  D1,4  D1,5  D1,6  D1,7  D1,8  D1,9  D2,3  D2,4  D2,5  D2,6  D2,7  D2,8  D2,9  D3,4  D3,5  D3,6  D3,7  D3,8  D3,9  D4,5  D4,6  D4,7  D4,8  D4,9  D5,6  D5,7  D5,8  D5,9  D6,7  D6,8  D6,9  D7,8  D7,9  D8,9    Ln Like  Est Ln P(D)
 4000:    1.00    0.176    0.010 0.010 0.011 0.101 0.010 0.012 0.010 0.010 0.010    0.003 0.003 0.017 0.003 0.003 0.003 0.003 0.003 0.003 0.017 0.003 0.003 0.003 0.003 0.003 0.017 0.003 0.004 0.003 0.003 0.003 0.017 0.018 0.017 0.017 0.017 0.003 0.003 0.003 0.003 0.003 0.003 0.003 0.003 0.003 0.003   -1000164    0 
 4100:    1.00    0.130    0.010 0.010 0.011 0.110 0.010 0.012 0.010 0.010 0.010    0.003 0.003 0.018 0.003 0.003 0.003 0.003 0.003 0.003 0.018 0.003 0.003 0.003 0.003 0.003 0.018 0.003 0.004 0.003 0.003 0.003 0.018 0.019 0.018 0.018 0.018 0.003 0.003 0.003 0.003 0.003 0.003 0.003 0.003 0.003 0.003   -999242    0 
 4200:    1.00    0.159    0.010 0.010 0.011 0.113 0.010 0.012 0.010 0.010 0.010    0.003 0.003 0.019 0.003 0.003 0.003 0.003 0.003 0.003 0.019 0.003 0.003 0.003 0.003 0.003 0.019 0.003 0.004 0.003 0.003 0.003 0.019 0.019 0.019 0.019 0.019 0.003 0.003 0.003 0.003 0.003 0.003 0.003 0.003 0.003 0.003   -999000    0 
 4300:    1.00    0.184    0.010 0.010 0.011 0.114 0.010 0.012 0.010 0.010 0.010    0.003 0.003 0.019 0.003 0.003 0.003 0.003 0.003 0.003 0.019 0.003 0.003 0.003 0.003 0.003 0.019 0.003 0.004 0.003 0.003 0.003 0.019 0.019 0.019 0.019 0.019 0.003 0.003 0.003 0.003 0.003 0.003 0.003 0.003 0.003 0.003   -999099    0 
 4400:    1.00    0.173    0.010 0.010 0.011 0.116 0.010 0.012 0.010 0.010 0.010    0.003 0.003 0.019 0.003 0.003 0.003 0.003 0.003 0.003 0.019 0.003 0.003 0.003 0.003 0.003 0.019 0.003 0.004 0.003 0.003 0.003 0.019 0.020 0.019 0.019 0.019 0.003 0.003 0.003 0.003 0.003 0.003 0.003 0.003 0.003 0.003   -998579    0 
 4500:    1.00    0.144    0.010 0.010 0.011 0.120 0.010 0.012 0.010 0.010 0.010    0.003 0.003 0.019 0.003 0.003 0.003 0.003 0.003 0.003 0.020 0.003 0.003 0.003 0.003 0.003 0.020 0.003 0.003 0.003 0.003 0.003 0.020 0.020 0.020 0.020 0.020 0.003 0.003 0.003 0.003 0.003 0.003 0.003 0.003 0.003 0.003   -998832    0 
 4600:    1.00    0.142    0.010 0.010 0.011 0.125 0.010 0.012 0.010 0.010 0.010    0.003 0.003 0.021 0.003 0.003 0.003 0.003 0.003 0.003 0.020 0.003 0.003 0.003 0.003 0.003 0.021 0.003 0.004 0.003 0.003 0.003 0.021 0.021 0.020 0.020 0.020 0.003 0.003 0.003 0.003 0.003 0.003 0.003 0.003 0.003 0.003   -998233    0 
 4700:    1.00    0.139    0.010 0.010 0.011 0.128 0.010 0.012 0.010 0.010 0.010    0.003 0.003 0.021 0.003 0.003 0.003 0.003 0.003 0.003 0.021 0.003 0.003 0.003 0.003 0.003 0.021 0.003 0.004 0.003 0.003 0.003 0.021 0.021 0.021 0.021 0.021 0.003 0.003 0.003 0.003 0.003 0.003 0.003 0.003 0.003 0.003   -998132    0 
 4800:    1.00    0.140    0.010 0.010 0.011 0.129 0.010 0.012 0.010 0.010 0.010    0.003 0.003 0.021 0.003 0.003 0.003 0.003 0.003 0.003 0.021 0.003 0.003 0.003 0.003 0.003 0.021 0.003 0.004 0.003 0.003 0.003 0.021 0.022 0.021 0.021 0.021 0.003 0.003 0.003 0.003 0.003 0.003 0.003 0.003 0.003 0.003   -997590    0 
 4900:    1.00    0.148    0.010 0.010 0.011 0.134 0.010 0.012 0.010 0.010 0.010    0.003 0.003 0.021 0.003 0.003 0.003 0.003 0.003 0.003 0.022 0.003 0.003 0.003 0.003 0.003 0.022 0.003 0.004 0.003 0.003 0.003 0.021 0.022 0.021 0.022 0.022 0.003 0.003 0.003 0.003 0.003 0.003 0.003 0.003 0.003 0.003   -997495    0 

--------------------------------------------
Proportion of membership of each pre-defined
 population in each of the 9 clusters

Given    Inferred Clusters                                                 Number of
 Pop       1      2      3      4      5      6      7      8      9      Individuals

  1:     0.067  0.110  0.087  0.214  0.076  0.211  0.033  0.056  0.147       23
--------------------------------------------

 Rep#:   Lambda   Alpha      F1    F2    F3    F4    F5    F6    F7    F8    F9     D1,2  D1,3  D1,4  D1,5  D1,6  D1,7  D1,8  D1,9  D2,3  D2,4  D2,5  D2,6  D2,7  D2,8  D2,9  D3,4  D3,5  D3,6  D3,7  D3,8  D3,9  D4,5  D4,6  D4,7  D4,8  D4,9  D5,6  D5,7  D5,8  D5,9  D6,7  D6,8  D6,9  D7,8  D7,9  D8,9    Ln Like  Est Ln P(D)
 5000:    1.00    0.130    0.010 0.010 0.011 0.134 0.010 0.012 0.010 0.010 0.010    0.003 0.003 0.022 0.003 0.003 0.003 0.003 0.003 0.003 0.022 0.003 0.003 0.003 0.003 0.003 0.022 0.003 0.004 0.003 0.003 0.003 0.022 0.022 0.022 0.022 0.022 0.004 0.003 0.003 0.003 0.003 0.004 0.004 0.003 0.003 0.003   -997354    0 
 5100:    1.00    0.153    0.010 0.010 0.011 0.134 0.010 0.012 0.010 0.010 0.010    0.003 0.003 0.022 0.003 0.003 0.003 0.003 0.003 0.003 0.022 0.003 0.003 0.003 0.003 0.003 0.022 0.003 0.004 0.003 0.003 0.003 0.022 0.022 0.022 0.022 0.022 0.003 0.003 0.003 0.003 0.003 0.003 0.003 0.003 0.003 0.003   -997793    0 
 5200:    1.00    0.137    0.010 0.010 0.011 0.134 0.010 0.013 0.010 0.010 0.010    0.003 0.003 0.022 0.003 0.004 0.003 0.003 0.003 0.003 0.022 0.003 0.004 0.003 0.003 0.003 0.022 0.003 0.004 0.003 0.003 0.003 0.022 0.023 0.022 0.022 0.022 0.004 0.003 0.003 0.003 0.004 0.004 0.004 0.003 0.003 0.003   -997377    0 
 5300:    1.00    0.126    0.010 0.010 0.011 0.134 0.010 0.014 0.010 0.010 0.010    0.003 0.003 0.022 0.003 0.004 0.003 0.003 0.003 0.003 0.022 0.003 0.004 0.003 0.003 0.003 0.022 0.003 0.004 0.003 0.003 0.003 0.022 0.023 0.022 0.022 0.022 0.004 0.003 0.003 0.003 0.004 0.004 0.004 0.003 0.003 0.003   -996639    0 
 5400:    1.00    0.107    0.010 0.010 0.011 0.134 0.010 0.014 0.010 0.010 0.010    0.003 0.003 0.022 0.003 0.004 0.003 0.003 0.003 0.003 0.022 0.003 0.004 0.003 0.003 0.003 0.022 0.003 0.004 0.003 0.003 0.003 0.022 0.023 0.022 0.022 0.022 0.004 0.003 0.003 0.003 0.004 0.004 0.004 0.003 0.003 0.003   -997046    0 
 5500:    1.00    0.125    0.010 0.010 0.011 0.135 0.010 0.015 0.010 0.010 0.010    0.003 0.003 0.022 0.003 0.004 0.003 0.003 0.003 0.003 0.022 0.003 0.004 0.003 0.003 0.003 0.022 0.003 0.004 0.003 0.003 0.003 0.022 0.023 0.022 0.022 0.022 0.004 0.003 0.003 0.003 0.004 0.004 0.004 0.003 0.003 0.003   -996457    0 
 5600:    1.00    0.137    0.010 0.010 0.011 0.135 0.010 0.015 0.010 0.010 0.010    0.003 0.003 0.022 0.003 0.004 0.003 0.003 0.003 0.003 0.022 0.003 0.004 0.003 0.003 0.003 0.022 0.003 0.004 0.003 0.003 0.003 0.022 0.023 0.022 0.022 0.022 0.004 0.003 0.003 0.003 0.004 0.004 0.004 0.003 0.003 0.003   -996774    0 
 5700:    1.00    0.122    0.010 0.010 0.011 0.134 0.010 0.015 0.010 0.010 0.010    0.003 0.003 0.022 0.003 0.004 0.003 0.003 0.003 0.003 0.022 0.003 0.004 0.003 0.003 0.003 0.022 0.003 0.004 0.003 0.003 0.003 0.022 0.023 0.022 0.022 0.022 0.004 0.003 0.003 0.003 0.004 0.004 0.004 0.003 0.003 0.003   -996797    0 
 5800:    1.00    0.124    0.010 0.010 0.011 0.139 0.010 0.017 0.010 0.010 0.010    0.003 0.003 0.022 0.003 0.004 0.003 0.003 0.003 0.003 0.022 0.003 0.004 0.003 0.003 0.003 0.023 0.003 0.004 0.003 0.003 0.003 0.022 0.024 0.022 0.022 0.022 0.004 0.003 0.003 0.003 0.004 0.004 0.004 0.003 0.003 0.003   -995942    0 
 5900:    1.00    0.144    0.010 0.010 0.011 0.142 0.010 0.018 0.010 0.010 0.010    0.003 0.003 0.023 0.003 0.004 0.003 0.003 0.003 0.003 0.023 0.003 0.004 0.003 0.003 0.003 0.023 0.003 0.005 0.003 0.003 0.003 0.023 0.024 0.023 0.023 0.023 0.004 0.003 0.003 0.003 0.004 0.004 0.004 0.003 0.003 0.003   -995486    0 
 6000:    1.00    0.131    0.010 0.010 0.011 0.144 0.010 0.018 0.010 0.010 0.010    0.003 0.003 0.023 0.003 0.004 0.003 0.003 0.003 0.003 0.023 0.003 0.004 0.003 0.003 0.003 0.023 0.003 0.005 0.003 0.003 0.003 0.023 0.025 0.023 0.023 0.023 0.004 0.003 0.003 0.003 0.004 0.004 0.004 0.003 0.003 0.003   -995339    0 

MCMC completed

Inferred ancestry of individuals:
        Label (%Miss) Pop:  Inferred clusters
  1 18160D-09-0    (2)    1 :  0.224 0.019 0.131 0.078 0.051 0.019 0.379 0.026 0.074 
  2 18160D-09-0    (4)    1 :  0.059 0.213 0.130 0.075 0.205 0.030 0.131 0.058 0.101 
  3 18160D-09-0    (2)    1 :  0.033 0.032 0.035 0.700 0.039 0.010 0.032 0.079 0.041 
  4 18160D-09-0    (5)    1 :  0.019 0.024 0.022 0.832 0.029 0.007 0.026 0.027 0.015 
  5 18160D-09-0    (4)    1 :  0.022 0.034 0.011 0.790 0.023 0.012 0.044 0.027 0.036 
  6 18160D-09-0    (4)    1 :  0.017 0.009 0.037 0.808 0.011 0.012 0.065 0.027 0.013 
  7 18160D-09-0    (2)    1 :  0.019 0.024 0.031 0.859 0.010 0.014 0.013 0.013 0.016 
  8 18160D-09-0    (4)    1 :  0.233 0.120 0.028 0.044 0.032 0.037 0.062 0.085 0.358 
  9 18160D-09-0    (2)    1 :  0.128 0.096 0.043 0.012 0.075 0.475 0.016 0.059 0.095 
 10 18160D-09-1    (2)    1 :  0.013 0.010 0.011 0.015 0.060 0.845 0.019 0.011 0.015 
 11 18160D-09-1    (2)    1 :  0.028 0.043 0.068 0.039 0.059 0.617 0.087 0.038 0.021 
 12 18160D-09-1    (2)    1 :  0.070 0.101 0.062 0.009 0.063 0.587 0.021 0.041 0.047 
 13 18160D-09-1    (5)    1 :  0.206 0.119 0.019 0.075 0.273 0.027 0.134 0.098 0.049 
 14 18160D-09-1   (18)    1 :  0.090 0.207 0.050 0.111 0.165 0.044 0.038 0.070 0.227 
 15 18160D-09-1    (4)    1 :  0.137 0.155 0.167 0.042 0.148 0.027 0.014 0.145 0.164 
 16 18160D-09-1    (2)    1 :  0.012 0.009 0.016 0.018 0.055 0.821 0.037 0.006 0.026 
 17 18160D-09-1    (2)    1 :  0.224 0.206 0.253 0.023 0.119 0.030 0.018 0.053 0.073 
 18 18160D-09-1    (2)    1 :  0.051 0.039 0.698 0.012 0.040 0.029 0.016 0.077 0.038 
 19 18160D-09-1    (2)    1 :  0.021 0.467 0.024 0.023 0.105 0.028 0.068 0.039 0.223 
 20 18160D-09-2    (5)    1 :  0.102 0.179 0.043 0.030 0.069 0.044 0.022 0.100 0.411 
 21 18160D-09-2    (5)    1 :  0.073 0.133 0.049 0.027 0.142 0.074 0.071 0.221 0.208 
 22 18160D-09-2    (5)    1 :  0.132 0.092 0.021 0.055 0.004 0.068 0.017 0.344 0.268 
 23 18160D-09-2    (2)    1 :  0.073 0.128 0.136 0.036 0.146 0.064 0.013 0.047 0.358 

Command line arguments:   structure -D 104871 -K 9 -m mainparams -o k9/populations_k9_run9 
Input File:    populations.str
Output File:   k9/populations_k9_run9_f

Run parameters:
   23 individuals
   50160 loci
   9 populations assumed
   1000 Burn-in period
   5000 Reps
RANDOMIZE turned off

--------------------------------------------
Estimated Ln Prob of Data   = -73314814.1
Mean value of ln likelihood = -1010889.3
Variance of ln likelihood   = 144607849.6
Mean value of alpha         = 0.9753

Mean value of Fst_1         = 0.0100
Mean value of Fst_2         = 0.0102
Mean value of Fst_3         = 0.0107
Mean value of Fst_4         = 0.0617
Mean value of Fst_5         = 0.0102
Mean value of Fst_6         = 0.0118
Mean value of Fst_7         = 0.0100
Mean value of Fst_8         = 0.0102
Mean value of Fst_9         = 0.0102


--------------------------------------------
Proportion of membership of each pre-defined
 population in each of the 9 clusters

Given    Inferred Clusters                                                 Number of
 Pop       1      2      3      4      5      6      7      8      9      Individuals

  1:     0.086  0.107  0.091  0.205  0.084  0.170  0.058  0.074  0.125       23
--------------------------------------------
Final results printed to file k9/populations_k9_run9_f

