

----------------------------------------------------
STRUCTURE by Pritchard, Stephens and Donnelly (2000)
     and Falush, Stephens and Pritchard (2003)
       Code by Pritchard, Falush and Hubisz
             Version 2.3.4 (Jul 2012)
----------------------------------------------------


Reading file "mainparams".
datafile is
populations.str
Reading file "extraparams".
Reading file "populations.str".


Data file "populations.str" (truncated) --

Ind:   Label Pop : Genotype_data . . . .
  1: 18160D-09-0    1  :  4   1   3   1   4   1   3  . . . .   2
  1: 18160D-09-0    1  :  4   1   3   1   4   4   4  . . . .   4
  2: 18160D-09-0    1  :  4   1   3   1   4   1   3  . . . .   2
  2: 18160D-09-0    1  :  4   1   3   1   4   4   3  . . . .   4
  3: 18160D-09-0    1  :  4   1   0   0   0   0   3  . . . .   2
  3: 18160D-09-0    1  :  4   3   0   0   0   0   3  . . . .   4
  4: 18160D-09-0    1  :  4   1   3   1   4   1   3  . . . .   2
  4: 18160D-09-0    1  :  4   3   3   1   4   1   3  . . . .   4

      *******   

 22: 18160D-09-2    1  :  4   1   3   1   4   1   3  . . . .   2
 22: 18160D-09-2    1  :  4   3   3   1   4   1   4  . . . .   4
 23: 18160D-09-2    1  :  4   1   3   1   4   1   3  . . . .   2
 23: 18160D-09-2    1  :  4   1   3   1   4   4   4  . . . .   4

Number of alleles per locus: min= 2; ave=2.0; max= 2


--------------------------------------

Finished initialization; starting MCMC 
5000 iterations + 1000 burnin


--------------------------------------------
Proportion of membership of each pre-defined
 population in each of the 9 clusters

Given    Inferred Clusters                                                 Number of
 Pop       1      2      3      4      5      6      7      8      9      Individuals

  1:     0.109  0.113  0.111  0.114  0.110  0.106  0.112  0.113  0.112       23
--------------------------------------------

 Rep#:   Lambda   Alpha      F1    F2    F3    F4    F5    F6    F7    F8    F9     D1,2  D1,3  D1,4  D1,5  D1,6  D1,7  D1,8  D1,9  D2,3  D2,4  D2,5  D2,6  D2,7  D2,8  D2,9  D3,4  D3,5  D3,6  D3,7  D3,8  D3,9  D4,5  D4,6  D4,7  D4,8  D4,9  D5,6  D5,7  D5,8  D5,9  D6,7  D6,8  D6,9  D7,8  D7,9  D8,9    Ln Like 
  100:    1.00    1.781    0.010 0.010 0.010 0.010 0.010 0.010 0.010 0.010 0.010    0.003 0.003 0.003 0.003 0.003 0.003 0.003 0.003 0.003 0.003 0.003 0.003 0.003 0.003 0.003 0.003 0.003 0.003 0.003 0.003 0.003 0.003 0.003 0.003 0.003 0.003 0.003 0.003 0.003 0.003 0.003 0.003 0.003 0.003 0.003 0.003   --  
  200:    1.00    2.189    0.010 0.010 0.010 0.010 0.010 0.010 0.010 0.010 0.010    0.003 0.003 0.003 0.003 0.003 0.003 0.003 0.003 0.003 0.003 0.003 0.003 0.003 0.003 0.003 0.003 0.003 0.003 0.003 0.003 0.003 0.003 0.003 0.003 0.003 0.003 0.003 0.003 0.003 0.003 0.003 0.003 0.003 0.003 0.003 0.003   --  
  300:    1.00    2.450    0.010 0.010 0.010 0.010 0.010 0.010 0.010 0.010 0.010    0.003 0.003 0.003 0.003 0.003 0.003 0.003 0.003 0.003 0.003 0.003 0.003 0.003 0.003 0.003 0.003 0.003 0.003 0.003 0.003 0.003 0.003 0.003 0.003 0.003 0.003 0.003 0.003 0.003 0.003 0.003 0.003 0.003 0.003 0.003 0.003   --  
  400:    1.00    3.296    0.010 0.010 0.010 0.010 0.010 0.010 0.010 0.010 0.010    0.003 0.003 0.003 0.003 0.003 0.003 0.003 0.003 0.003 0.003 0.003 0.003 0.003 0.003 0.003 0.003 0.003 0.003 0.003 0.003 0.003 0.003 0.003 0.003 0.003 0.003 0.003 0.003 0.003 0.003 0.003 0.003 0.003 0.003 0.003 0.003   --  
  500:    1.00    3.570    0.010 0.010 0.010 0.010 0.010 0.010 0.010 0.010 0.010    0.003 0.003 0.003 0.003 0.003 0.003 0.003 0.003 0.003 0.003 0.003 0.003 0.003 0.003 0.003 0.003 0.003 0.003 0.003 0.003 0.003 0.003 0.003 0.003 0.003 0.003 0.003 0.003 0.003 0.003 0.003 0.003 0.003 0.003 0.003 0.003   --  
  600:    1.00    3.655    0.010 0.010 0.010 0.010 0.010 0.010 0.010 0.010 0.010    0.003 0.003 0.003 0.003 0.003 0.003 0.003 0.003 0.003 0.003 0.003 0.003 0.003 0.003 0.003 0.003 0.003 0.003 0.003 0.003 0.003 0.003 0.003 0.003 0.003 0.003 0.003 0.003 0.003 0.003 0.003 0.003 0.003 0.003 0.003 0.003   --  
  700:    1.00    4.099    0.010 0.010 0.010 0.010 0.010 0.010 0.010 0.010 0.010    0.003 0.003 0.003 0.003 0.003 0.003 0.003 0.003 0.003 0.003 0.003 0.003 0.003 0.003 0.003 0.003 0.003 0.003 0.003 0.003 0.003 0.003 0.003 0.003 0.003 0.003 0.003 0.003 0.003 0.003 0.003 0.003 0.003 0.003 0.003 0.003   --  
  800:    1.00    4.385    0.010 0.010 0.010 0.010 0.010 0.010 0.010 0.010 0.010    0.003 0.003 0.003 0.003 0.003 0.003 0.003 0.003 0.003 0.003 0.003 0.003 0.003 0.003 0.003 0.003 0.003 0.003 0.003 0.003 0.003 0.003 0.003 0.003 0.003 0.003 0.003 0.003 0.003 0.003 0.003 0.003 0.003 0.003 0.003 0.003   --  
  900:    1.00    4.264    0.010 0.010 0.010 0.010 0.010 0.010 0.010 0.010 0.010    0.003 0.003 0.003 0.003 0.003 0.003 0.003 0.003 0.003 0.003 0.003 0.003 0.003 0.003 0.003 0.003 0.003 0.003 0.003 0.003 0.003 0.003 0.003 0.003 0.003 0.003 0.003 0.003 0.003 0.003 0.003 0.003 0.003 0.003 0.003 0.003   --  
 1000:    1.00    3.832    0.010 0.010 0.010 0.010 0.010 0.010 0.010 0.010 0.010    0.003 0.003 0.003 0.003 0.003 0.003 0.003 0.003 0.003 0.003 0.003 0.003 0.003 0.003 0.003 0.003 0.003 0.003 0.003 0.003 0.003 0.003 0.003 0.003 0.003 0.003 0.003 0.003 0.003 0.003 0.003 0.003 0.003 0.003 0.003 0.003   --  

BURNIN completed
 Rep#:   Lambda   Alpha      F1    F2    F3    F4    F5    F6    F7    F8    F9     D1,2  D1,3  D1,4  D1,5  D1,6  D1,7  D1,8  D1,9  D2,3  D2,4  D2,5  D2,6  D2,7  D2,8  D2,9  D3,4  D3,5  D3,6  D3,7  D3,8  D3,9  D4,5  D4,6  D4,7  D4,8  D4,9  D5,6  D5,7  D5,8  D5,9  D6,7  D6,8  D6,9  D7,8  D7,9  D8,9    Ln Like  Est Ln P(D)
 1100:    1.00    3.743    0.010 0.010 0.010 0.010 0.010 0.010 0.010 0.010 0.010    0.003 0.003 0.003 0.003 0.003 0.003 0.003 0.003 0.003 0.003 0.003 0.003 0.003 0.003 0.003 0.003 0.003 0.003 0.003 0.003 0.003 0.003 0.003 0.003 0.003 0.003 0.003 0.003 0.003 0.003 0.003 0.003 0.003 0.003 0.003 0.003   -1026446    0 
 1200:    1.00    3.341    0.010 0.010 0.010 0.010 0.010 0.010 0.010 0.010 0.010    0.003 0.003 0.003 0.003 0.003 0.003 0.003 0.003 0.003 0.003 0.003 0.003 0.003 0.003 0.003 0.003 0.003 0.003 0.003 0.003 0.003 0.003 0.003 0.003 0.003 0.003 0.003 0.003 0.003 0.003 0.003 0.003 0.003 0.003 0.003 0.003   -1026151    0 
 1300:    1.00    3.324    0.010 0.010 0.010 0.010 0.010 0.010 0.010 0.010 0.010    0.003 0.003 0.003 0.003 0.003 0.003 0.003 0.003 0.003 0.003 0.003 0.003 0.003 0.003 0.003 0.003 0.003 0.003 0.003 0.003 0.003 0.003 0.003 0.003 0.003 0.003 0.003 0.003 0.003 0.003 0.003 0.003 0.003 0.003 0.003 0.003   -1026138    0 
 1400:    1.00    3.356    0.010 0.010 0.010 0.010 0.010 0.010 0.010 0.010 0.010    0.003 0.003 0.003 0.003 0.003 0.003 0.003 0.003 0.003 0.003 0.003 0.003 0.003 0.003 0.003 0.003 0.003 0.003 0.003 0.003 0.003 0.003 0.003 0.003 0.003 0.003 0.003 0.003 0.003 0.003 0.003 0.003 0.003 0.003 0.003 0.003   -1025838    0 
 1500:    1.00    3.264    0.010 0.010 0.010 0.010 0.010 0.010 0.010 0.010 0.010    0.003 0.003 0.003 0.003 0.003 0.003 0.003 0.003 0.003 0.003 0.003 0.003 0.003 0.003 0.003 0.003 0.003 0.003 0.003 0.003 0.003 0.003 0.003 0.003 0.003 0.003 0.003 0.003 0.003 0.003 0.003 0.003 0.003 0.003 0.003 0.003   -1025697    0 
 1600:    1.00    2.740    0.010 0.010 0.010 0.010 0.010 0.010 0.010 0.010 0.010    0.003 0.003 0.003 0.003 0.003 0.003 0.003 0.003 0.003 0.003 0.003 0.003 0.003 0.003 0.003 0.003 0.003 0.003 0.003 0.003 0.003 0.003 0.003 0.003 0.003 0.003 0.003 0.003 0.003 0.003 0.003 0.003 0.003 0.003 0.003 0.003   -1025630    0 
 1700:    1.00    2.018    0.010 0.010 0.010 0.010 0.010 0.010 0.010 0.010 0.010    0.003 0.003 0.003 0.003 0.003 0.003 0.003 0.003 0.003 0.003 0.003 0.003 0.003 0.003 0.003 0.003 0.003 0.003 0.003 0.003 0.003 0.003 0.003 0.003 0.003 0.003 0.003 0.003 0.003 0.003 0.003 0.003 0.003 0.003 0.003 0.003   -1025273    0 
 1800:    1.00    1.595    0.010 0.010 0.010 0.010 0.010 0.010 0.010 0.010 0.010    0.003 0.003 0.003 0.003 0.003 0.003 0.003 0.003 0.003 0.003 0.003 0.003 0.003 0.003 0.003 0.003 0.003 0.003 0.003 0.003 0.003 0.003 0.003 0.003 0.003 0.003 0.003 0.003 0.003 0.003 0.003 0.003 0.003 0.003 0.003 0.003   -1025021    0 
 1900:    1.00    1.691    0.010 0.010 0.010 0.010 0.010 0.010 0.010 0.010 0.010    0.003 0.003 0.003 0.003 0.003 0.003 0.003 0.003 0.003 0.003 0.003 0.003 0.003 0.003 0.003 0.003 0.003 0.003 0.003 0.003 0.003 0.003 0.003 0.003 0.003 0.003 0.003 0.003 0.003 0.003 0.003 0.003 0.003 0.003 0.003 0.003   -1024621    0 

--------------------------------------------
Proportion of membership of each pre-defined
 population in each of the 9 clusters

Given    Inferred Clusters                                                 Number of
 Pop       1      2      3      4      5      6      7      8      9      Individuals

  1:     0.100  0.116  0.100  0.124  0.077  0.094  0.103  0.100  0.186       23
--------------------------------------------

 Rep#:   Lambda   Alpha      F1    F2    F3    F4    F5    F6    F7    F8    F9     D1,2  D1,3  D1,4  D1,5  D1,6  D1,7  D1,8  D1,9  D2,3  D2,4  D2,5  D2,6  D2,7  D2,8  D2,9  D3,4  D3,5  D3,6  D3,7  D3,8  D3,9  D4,5  D4,6  D4,7  D4,8  D4,9  D5,6  D5,7  D5,8  D5,9  D6,7  D6,8  D6,9  D7,8  D7,9  D8,9    Ln Like  Est Ln P(D)
 2000:    1.00    1.638    0.010 0.010 0.010 0.010 0.010 0.010 0.010 0.010 0.010    0.003 0.003 0.003 0.003 0.003 0.003 0.003 0.003 0.003 0.003 0.003 0.003 0.003 0.003 0.003 0.003 0.003 0.003 0.003 0.003 0.003 0.003 0.003 0.003 0.003 0.003 0.003 0.003 0.003 0.003 0.003 0.003 0.003 0.003 0.003 0.003   -1024148    0 
 2100:    1.00    1.302    0.010 0.010 0.010 0.010 0.010 0.010 0.010 0.010 0.010    0.003 0.003 0.003 0.003 0.003 0.003 0.003 0.003 0.003 0.003 0.003 0.003 0.003 0.003 0.003 0.003 0.003 0.003 0.003 0.003 0.003 0.003 0.003 0.003 0.003 0.003 0.003 0.003 0.003 0.003 0.003 0.003 0.003 0.003 0.003 0.003   -1023392    0 
 2200:    1.00    1.086    0.010 0.010 0.010 0.010 0.010 0.010 0.010 0.010 0.010    0.003 0.003 0.003 0.003 0.003 0.003 0.003 0.003 0.003 0.003 0.003 0.003 0.003 0.003 0.003 0.003 0.003 0.003 0.003 0.003 0.003 0.003 0.003 0.003 0.003 0.003 0.003 0.003 0.003 0.003 0.003 0.003 0.003 0.003 0.003 0.003   -1023082    0 
 2300:    1.00    0.978    0.010 0.010 0.010 0.010 0.010 0.010 0.010 0.010 0.010    0.003 0.003 0.003 0.003 0.003 0.003 0.003 0.003 0.003 0.003 0.003 0.003 0.003 0.003 0.003 0.003 0.003 0.003 0.003 0.003 0.003 0.003 0.003 0.003 0.003 0.003 0.003 0.003 0.003 0.003 0.003 0.003 0.003 0.003 0.003 0.003   -1022818    0 
 2400:    1.00    0.818    0.010 0.010 0.010 0.010 0.010 0.010 0.010 0.010 0.010    0.003 0.003 0.003 0.003 0.003 0.003 0.003 0.003 0.003 0.003 0.003 0.003 0.003 0.003 0.003 0.003 0.003 0.003 0.003 0.003 0.003 0.003 0.003 0.003 0.003 0.003 0.003 0.003 0.003 0.003 0.003 0.003 0.003 0.003 0.003 0.003   -1022020    0 
 2500:    1.00    0.755    0.010 0.010 0.010 0.010 0.010 0.010 0.010 0.010 0.010    0.003 0.003 0.003 0.003 0.003 0.003 0.003 0.003 0.003 0.003 0.003 0.003 0.003 0.003 0.003 0.003 0.003 0.003 0.003 0.003 0.003 0.003 0.003 0.003 0.003 0.003 0.003 0.003 0.003 0.003 0.003 0.003 0.003 0.003 0.003 0.003   -1021528    0 
 2600:    1.00    0.587    0.010 0.010 0.010 0.010 0.010 0.010 0.010 0.010 0.011    0.003 0.003 0.003 0.003 0.003 0.003 0.003 0.003 0.003 0.003 0.003 0.003 0.003 0.003 0.003 0.003 0.003 0.003 0.003 0.003 0.003 0.003 0.003 0.003 0.003 0.003 0.003 0.003 0.003 0.003 0.003 0.003 0.003 0.003 0.003 0.003   -1020846    0 
 2700:    1.00    0.557    0.010 0.010 0.010 0.010 0.010 0.010 0.010 0.010 0.011    0.003 0.003 0.003 0.003 0.003 0.003 0.003 0.003 0.003 0.003 0.003 0.003 0.003 0.003 0.003 0.003 0.003 0.003 0.003 0.003 0.003 0.003 0.003 0.003 0.003 0.003 0.003 0.003 0.003 0.003 0.003 0.003 0.003 0.003 0.003 0.003   -1020397    0 
 2800:    1.00    0.356    0.010 0.010 0.010 0.010 0.010 0.010 0.010 0.010 0.011    0.003 0.003 0.003 0.003 0.003 0.003 0.003 0.003 0.003 0.003 0.003 0.003 0.003 0.003 0.003 0.003 0.003 0.003 0.003 0.003 0.003 0.003 0.003 0.003 0.003 0.003 0.003 0.003 0.003 0.003 0.003 0.003 0.003 0.003 0.003 0.003   -1019937    0 
 2900:    1.00    0.410    0.010 0.010 0.010 0.010 0.010 0.010 0.010 0.010 0.011    0.003 0.003 0.003 0.003 0.003 0.003 0.003 0.003 0.003 0.003 0.003 0.003 0.003 0.003 0.003 0.003 0.003 0.003 0.003 0.003 0.003 0.003 0.003 0.003 0.003 0.003 0.003 0.003 0.003 0.003 0.003 0.003 0.003 0.003 0.003 0.003   -1019693    0 

--------------------------------------------
Proportion of membership of each pre-defined
 population in each of the 9 clusters

Given    Inferred Clusters                                                 Number of
 Pop       1      2      3      4      5      6      7      8      9      Individuals

  1:     0.078  0.108  0.083  0.084  0.060  0.096  0.151  0.103  0.238       23
--------------------------------------------

 Rep#:   Lambda   Alpha      F1    F2    F3    F4    F5    F6    F7    F8    F9     D1,2  D1,3  D1,4  D1,5  D1,6  D1,7  D1,8  D1,9  D2,3  D2,4  D2,5  D2,6  D2,7  D2,8  D2,9  D3,4  D3,5  D3,6  D3,7  D3,8  D3,9  D4,5  D4,6  D4,7  D4,8  D4,9  D5,6  D5,7  D5,8  D5,9  D6,7  D6,8  D6,9  D7,8  D7,9  D8,9    Ln Like  Est Ln P(D)
 3000:    1.00    0.343    0.010 0.010 0.010 0.010 0.010 0.010 0.010 0.010 0.011    0.003 0.003 0.003 0.003 0.003 0.003 0.003 0.003 0.003 0.003 0.003 0.003 0.003 0.003 0.003 0.003 0.003 0.003 0.003 0.003 0.003 0.003 0.003 0.003 0.003 0.003 0.003 0.003 0.003 0.003 0.003 0.003 0.003 0.003 0.003 0.003   -1019613    0 
 3100:    1.00    0.358    0.010 0.010 0.010 0.010 0.010 0.010 0.010 0.010 0.011    0.003 0.003 0.003 0.003 0.003 0.003 0.003 0.003 0.003 0.003 0.003 0.003 0.003 0.003 0.003 0.003 0.003 0.003 0.003 0.003 0.003 0.003 0.003 0.003 0.003 0.003 0.003 0.003 0.003 0.003 0.003 0.003 0.003 0.003 0.003 0.003   -1019129    0 
 3200:    1.00    0.317    0.010 0.010 0.010 0.010 0.010 0.010 0.010 0.010 0.014    0.003 0.003 0.003 0.003 0.003 0.003 0.003 0.004 0.003 0.003 0.003 0.003 0.003 0.003 0.004 0.003 0.003 0.003 0.003 0.003 0.004 0.003 0.003 0.003 0.003 0.004 0.003 0.003 0.003 0.004 0.003 0.003 0.004 0.003 0.004 0.004   -1017530    0 
 3300:    1.00    0.319    0.010 0.010 0.010 0.010 0.010 0.010 0.010 0.010 0.015    0.003 0.003 0.003 0.003 0.003 0.003 0.003 0.004 0.003 0.003 0.003 0.003 0.003 0.003 0.004 0.003 0.003 0.003 0.003 0.003 0.004 0.003 0.003 0.003 0.003 0.004 0.003 0.003 0.003 0.004 0.003 0.003 0.004 0.003 0.004 0.004   -1017146    0 
 3400:    1.00    0.278    0.010 0.010 0.010 0.010 0.010 0.010 0.010 0.010 0.015    0.003 0.003 0.003 0.003 0.003 0.003 0.003 0.004 0.003 0.003 0.003 0.003 0.003 0.003 0.004 0.003 0.003 0.003 0.003 0.003 0.004 0.003 0.003 0.003 0.003 0.004 0.003 0.003 0.003 0.004 0.003 0.003 0.004 0.003 0.004 0.004   -1016849    0 
 3500:    1.00    0.264    0.010 0.010 0.010 0.010 0.010 0.010 0.010 0.010 0.018    0.003 0.003 0.003 0.003 0.003 0.003 0.003 0.004 0.003 0.003 0.003 0.003 0.003 0.003 0.004 0.003 0.003 0.003 0.003 0.003 0.004 0.003 0.003 0.003 0.003 0.004 0.003 0.003 0.003 0.004 0.003 0.003 0.004 0.003 0.004 0.004   -1015737    0 
 3600:    1.00    0.281    0.010 0.010 0.010 0.010 0.010 0.010 0.010 0.010 0.018    0.003 0.003 0.003 0.003 0.003 0.003 0.003 0.004 0.003 0.003 0.003 0.003 0.003 0.003 0.004 0.003 0.003 0.003 0.003 0.003 0.004 0.003 0.003 0.003 0.003 0.004 0.003 0.003 0.003 0.004 0.003 0.003 0.004 0.003 0.005 0.004   -1015778    0 
 3700:    1.00    0.231    0.010 0.010 0.010 0.010 0.010 0.010 0.010 0.010 0.020    0.003 0.003 0.003 0.003 0.003 0.003 0.003 0.005 0.003 0.003 0.003 0.003 0.003 0.003 0.005 0.003 0.003 0.003 0.003 0.003 0.005 0.003 0.003 0.003 0.003 0.005 0.003 0.003 0.003 0.005 0.003 0.003 0.005 0.003 0.005 0.005   -1015176    0 
 3800:    1.00    0.183    0.010 0.010 0.010 0.010 0.010 0.010 0.010 0.010 0.021    0.003 0.003 0.003 0.003 0.003 0.003 0.003 0.005 0.003 0.003 0.003 0.003 0.003 0.003 0.005 0.003 0.003 0.003 0.003 0.003 0.005 0.003 0.003 0.003 0.003 0.005 0.003 0.003 0.003 0.005 0.003 0.003 0.005 0.003 0.005 0.005   -1014354    0 
 3900:    1.00    0.222    0.010 0.010 0.010 0.010 0.010 0.010 0.010 0.010 0.043    0.003 0.003 0.003 0.003 0.003 0.003 0.003 0.009 0.003 0.003 0.003 0.003 0.003 0.003 0.008 0.003 0.003 0.003 0.003 0.003 0.009 0.003 0.003 0.003 0.003 0.009 0.003 0.003 0.003 0.008 0.003 0.003 0.008 0.003 0.009 0.008   -1008897    0 

--------------------------------------------
Proportion of membership of each pre-defined
 population in each of the 9 clusters

Given    Inferred Clusters                                                 Number of
 Pop       1      2      3      4      5      6      7      8      9      Individuals

  1:     0.066  0.112  0.079  0.085  0.056  0.083  0.166  0.127  0.226       23
--------------------------------------------

 Rep#:   Lambda   Alpha      F1    F2    F3    F4    F5    F6    F7    F8    F9     D1,2  D1,3  D1,4  D1,5  D1,6  D1,7  D1,8  D1,9  D2,3  D2,4  D2,5  D2,6  D2,7  D2,8  D2,9  D3,4  D3,5  D3,6  D3,7  D3,8  D3,9  D4,5  D4,6  D4,7  D4,8  D4,9  D5,6  D5,7  D5,8  D5,9  D6,7  D6,8  D6,9  D7,8  D7,9  D8,9    Ln Like  Est Ln P(D)
 4000:    1.00    0.175    0.010 0.010 0.010 0.010 0.010 0.010 0.010 0.010 0.047    0.003 0.003 0.003 0.003 0.003 0.003 0.003 0.009 0.003 0.003 0.003 0.003 0.003 0.003 0.009 0.003 0.003 0.003 0.003 0.003 0.009 0.003 0.003 0.003 0.003 0.009 0.003 0.003 0.003 0.009 0.003 0.003 0.009 0.003 0.009 0.009   -1008189    0 
 4100:    1.00    0.162    0.010 0.010 0.010 0.010 0.010 0.010 0.010 0.010 0.064    0.003 0.003 0.003 0.003 0.003 0.003 0.003 0.012 0.003 0.003 0.003 0.003 0.003 0.003 0.012 0.003 0.003 0.003 0.003 0.003 0.012 0.003 0.003 0.003 0.003 0.012 0.003 0.003 0.003 0.012 0.003 0.003 0.012 0.003 0.012 0.012   -1004938    0 
 4200:    1.00    0.163    0.010 0.010 0.010 0.010 0.010 0.010 0.011 0.010 0.079    0.003 0.003 0.003 0.003 0.003 0.003 0.003 0.014 0.003 0.003 0.003 0.003 0.003 0.003 0.014 0.003 0.003 0.003 0.003 0.003 0.014 0.003 0.003 0.003 0.003 0.014 0.003 0.003 0.003 0.014 0.003 0.003 0.014 0.003 0.014 0.014   -1003132    0 
 4300:    1.00    0.148    0.010 0.010 0.010 0.010 0.010 0.010 0.011 0.010 0.102    0.003 0.003 0.003 0.003 0.003 0.003 0.003 0.017 0.003 0.003 0.003 0.003 0.003 0.003 0.017 0.003 0.003 0.003 0.003 0.003 0.017 0.003 0.003 0.003 0.003 0.017 0.003 0.003 0.003 0.017 0.003 0.003 0.017 0.003 0.018 0.017   -1000743    0 
 4400:    1.00    0.213    0.010 0.010 0.010 0.010 0.010 0.010 0.012 0.010 0.103    0.003 0.003 0.003 0.003 0.003 0.003 0.003 0.018 0.003 0.003 0.003 0.003 0.003 0.003 0.017 0.003 0.003 0.003 0.003 0.003 0.018 0.003 0.003 0.003 0.003 0.018 0.003 0.003 0.003 0.017 0.003 0.003 0.017 0.003 0.018 0.017   -1000313    0 
 4500:    1.00    0.168    0.010 0.010 0.010 0.010 0.010 0.010 0.012 0.010 0.112    0.003 0.003 0.003 0.003 0.003 0.003 0.003 0.018 0.003 0.003 0.003 0.003 0.003 0.003 0.018 0.003 0.003 0.003 0.003 0.003 0.018 0.003 0.003 0.003 0.003 0.018 0.003 0.003 0.003 0.018 0.003 0.003 0.018 0.003 0.019 0.018   -999874    0 
 4600:    1.00    0.171    0.010 0.010 0.010 0.010 0.010 0.010 0.012 0.010 0.113    0.003 0.003 0.003 0.003 0.003 0.003 0.003 0.019 0.003 0.003 0.003 0.003 0.003 0.003 0.019 0.003 0.003 0.003 0.003 0.003 0.019 0.003 0.003 0.003 0.003 0.019 0.003 0.003 0.003 0.019 0.003 0.003 0.019 0.003 0.019 0.019   -999847    0 
 4700:    1.00    0.170    0.010 0.010 0.010 0.010 0.010 0.010 0.012 0.010 0.113    0.003 0.003 0.003 0.003 0.003 0.003 0.003 0.019 0.003 0.003 0.003 0.003 0.003 0.003 0.019 0.003 0.003 0.003 0.003 0.003 0.019 0.003 0.003 0.003 0.003 0.019 0.003 0.003 0.003 0.019 0.003 0.003 0.019 0.003 0.019 0.019   -999295    0 
 4800:    1.00    0.175    0.010 0.010 0.010 0.010 0.010 0.010 0.012 0.010 0.115    0.003 0.003 0.003 0.003 0.003 0.003 0.003 0.019 0.003 0.003 0.003 0.003 0.003 0.003 0.019 0.003 0.003 0.003 0.004 0.003 0.019 0.003 0.003 0.003 0.003 0.019 0.003 0.003 0.003 0.019 0.003 0.003 0.019 0.003 0.020 0.019   -999635    0 
 4900:    1.00    0.160    0.010 0.010 0.010 0.010 0.010 0.010 0.012 0.010 0.121    0.003 0.003 0.003 0.003 0.003 0.003 0.003 0.020 0.003 0.003 0.003 0.003 0.003 0.003 0.020 0.003 0.003 0.003 0.004 0.003 0.020 0.003 0.003 0.003 0.003 0.020 0.003 0.003 0.003 0.020 0.003 0.003 0.020 0.003 0.021 0.020   -999071    0 

--------------------------------------------
Proportion of membership of each pre-defined
 population in each of the 9 clusters

Given    Inferred Clusters                                                 Number of
 Pop       1      2      3      4      5      6      7      8      9      Individuals

  1:     0.056  0.119  0.075  0.093  0.067  0.063  0.169  0.137  0.221       23
--------------------------------------------

 Rep#:   Lambda   Alpha      F1    F2    F3    F4    F5    F6    F7    F8    F9     D1,2  D1,3  D1,4  D1,5  D1,6  D1,7  D1,8  D1,9  D2,3  D2,4  D2,5  D2,6  D2,7  D2,8  D2,9  D3,4  D3,5  D3,6  D3,7  D3,8  D3,9  D4,5  D4,6  D4,7  D4,8  D4,9  D5,6  D5,7  D5,8  D5,9  D6,7  D6,8  D6,9  D7,8  D7,9  D8,9    Ln Like  Est Ln P(D)
 5000:    1.00    0.147    0.010 0.010 0.010 0.010 0.010 0.010 0.012 0.010 0.122    0.003 0.003 0.003 0.003 0.003 0.003 0.003 0.020 0.003 0.003 0.003 0.003 0.003 0.003 0.020 0.003 0.003 0.003 0.003 0.003 0.020 0.003 0.003 0.003 0.003 0.020 0.003 0.003 0.003 0.020 0.003 0.003 0.020 0.003 0.021 0.020   -998541    0 
 5100:    1.00    0.144    0.010 0.010 0.010 0.010 0.010 0.010 0.012 0.010 0.125    0.003 0.003 0.003 0.003 0.003 0.003 0.003 0.021 0.003 0.003 0.003 0.003 0.004 0.003 0.020 0.003 0.003 0.003 0.004 0.003 0.021 0.003 0.003 0.003 0.003 0.021 0.003 0.003 0.003 0.020 0.003 0.003 0.020 0.003 0.021 0.020   -999264    0 
 5200:    1.00    0.158    0.010 0.010 0.010 0.010 0.010 0.010 0.013 0.010 0.125    0.003 0.003 0.003 0.003 0.003 0.004 0.003 0.021 0.003 0.003 0.003 0.003 0.004 0.003 0.021 0.003 0.003 0.003 0.004 0.003 0.021 0.003 0.003 0.004 0.003 0.021 0.003 0.004 0.003 0.020 0.003 0.003 0.020 0.004 0.021 0.021   -998618    0 
 5300:    1.00    0.140    0.010 0.010 0.010 0.010 0.010 0.010 0.013 0.010 0.129    0.003 0.003 0.003 0.003 0.003 0.004 0.003 0.021 0.003 0.003 0.003 0.003 0.004 0.003 0.021 0.003 0.003 0.003 0.004 0.003 0.021 0.003 0.003 0.004 0.003 0.021 0.003 0.004 0.003 0.021 0.003 0.003 0.021 0.003 0.022 0.021   -998168    0 
 5400:    1.00    0.135    0.010 0.010 0.010 0.010 0.010 0.010 0.013 0.010 0.131    0.003 0.003 0.003 0.003 0.003 0.004 0.003 0.022 0.003 0.003 0.003 0.003 0.004 0.003 0.021 0.003 0.003 0.003 0.004 0.003 0.021 0.003 0.003 0.004 0.003 0.021 0.003 0.004 0.003 0.021 0.003 0.003 0.021 0.003 0.022 0.021   -998416    0 
 5500:    1.00    0.151    0.010 0.010 0.010 0.010 0.010 0.010 0.013 0.010 0.133    0.003 0.003 0.003 0.003 0.003 0.004 0.003 0.022 0.003 0.003 0.003 0.003 0.004 0.003 0.022 0.003 0.003 0.003 0.004 0.003 0.022 0.003 0.003 0.004 0.003 0.022 0.003 0.004 0.003 0.022 0.004 0.003 0.022 0.004 0.022 0.021   -997283    0 
 5600:    1.00    0.133    0.010 0.010 0.010 0.010 0.010 0.010 0.014 0.010 0.137    0.003 0.003 0.003 0.003 0.003 0.004 0.003 0.022 0.003 0.003 0.003 0.003 0.004 0.003 0.022 0.003 0.003 0.003 0.004 0.003 0.022 0.003 0.003 0.004 0.003 0.022 0.003 0.004 0.003 0.022 0.004 0.003 0.022 0.004 0.023 0.022   -997768    0 
 5700:    1.00    0.107    0.010 0.010 0.011 0.010 0.010 0.010 0.014 0.010 0.138    0.003 0.003 0.003 0.003 0.003 0.004 0.003 0.022 0.003 0.003 0.003 0.003 0.004 0.003 0.022 0.003 0.003 0.003 0.004 0.003 0.022 0.003 0.003 0.004 0.003 0.022 0.003 0.004 0.003 0.022 0.004 0.003 0.022 0.004 0.023 0.022   -997330    0 
 5800:    1.00    0.147    0.010 0.010 0.011 0.011 0.010 0.010 0.014 0.010 0.142    0.003 0.003 0.003 0.003 0.003 0.004 0.003 0.023 0.003 0.003 0.003 0.003 0.004 0.003 0.023 0.003 0.003 0.003 0.004 0.003 0.023 0.003 0.003 0.004 0.003 0.023 0.003 0.004 0.003 0.023 0.004 0.003 0.023 0.004 0.024 0.023   -997179    0 
 5900:    1.00    0.134    0.010 0.010 0.011 0.011 0.010 0.010 0.015 0.010 0.144    0.003 0.003 0.003 0.003 0.003 0.004 0.003 0.023 0.003 0.003 0.003 0.003 0.004 0.003 0.023 0.003 0.003 0.003 0.004 0.003 0.023 0.003 0.003 0.004 0.003 0.023 0.003 0.004 0.003 0.023 0.004 0.003 0.023 0.004 0.024 0.023   -996700    0 
 6000:    1.00    0.138    0.010 0.010 0.011 0.011 0.010 0.010 0.015 0.010 0.144    0.003 0.003 0.003 0.003 0.003 0.004 0.003 0.023 0.003 0.003 0.003 0.003 0.004 0.003 0.023 0.003 0.003 0.003 0.004 0.003 0.023 0.003 0.003 0.004 0.003 0.023 0.003 0.004 0.003 0.023 0.004 0.003 0.023 0.004 0.024 0.023   -997042    0 

MCMC completed

Inferred ancestry of individuals:
        Label (%Miss) Pop:  Inferred clusters
  1 18160D-09-0    (2)    1 :  0.020 0.151 0.056 0.094 0.147 0.222 0.021 0.248 0.040 
  2 18160D-09-0    (4)    1 :  0.091 0.347 0.020 0.112 0.072 0.106 0.021 0.138 0.094 
  3 18160D-09-0    (2)    1 :  0.011 0.033 0.031 0.008 0.072 0.048 0.013 0.026 0.757 
  4 18160D-09-0    (5)    1 :  0.018 0.027 0.018 0.006 0.030 0.008 0.008 0.016 0.870 
  5 18160D-09-0    (4)    1 :  0.012 0.033 0.008 0.020 0.016 0.016 0.009 0.025 0.860 
  6 18160D-09-0    (4)    1 :  0.022 0.014 0.021 0.028 0.035 0.015 0.018 0.010 0.837 
  7 18160D-09-0    (2)    1 :  0.022 0.034 0.007 0.034 0.021 0.009 0.013 0.008 0.851 
  8 18160D-09-0    (4)    1 :  0.127 0.183 0.216 0.135 0.098 0.022 0.039 0.143 0.036 
  9 18160D-09-0    (2)    1 :  0.354 0.025 0.307 0.037 0.020 0.035 0.160 0.040 0.021 
 10 18160D-09-1    (2)    1 :  0.034 0.010 0.024 0.065 0.011 0.021 0.786 0.038 0.011 
 11 18160D-09-1    (2)    1 :  0.026 0.068 0.079 0.071 0.092 0.019 0.604 0.026 0.016 
 12 18160D-09-1    (2)    1 :  0.186 0.013 0.253 0.062 0.016 0.034 0.368 0.053 0.015 
 13 18160D-09-1    (5)    1 :  0.069 0.159 0.069 0.024 0.058 0.205 0.053 0.302 0.060 
 14 18160D-09-1   (18)    1 :  0.177 0.194 0.052 0.102 0.059 0.053 0.008 0.319 0.034 
 15 18160D-09-1    (4)    1 :  0.040 0.335 0.163 0.082 0.076 0.120 0.038 0.106 0.039 
 16 18160D-09-1    (2)    1 :  0.027 0.021 0.039 0.106 0.015 0.041 0.713 0.025 0.012 
 17 18160D-09-1    (2)    1 :  0.027 0.341 0.080 0.082 0.051 0.056 0.027 0.268 0.067 
 18 18160D-09-1    (2)    1 :  0.066 0.044 0.022 0.173 0.293 0.050 0.200 0.130 0.024 
 19 18160D-09-1    (2)    1 :  0.078 0.084 0.044 0.091 0.095 0.407 0.033 0.155 0.014 
 20 18160D-09-2    (5)    1 :  0.075 0.244 0.314 0.062 0.099 0.028 0.007 0.142 0.029 
 21 18160D-09-2    (5)    1 :  0.125 0.197 0.063 0.077 0.033 0.089 0.104 0.218 0.093 
 22 18160D-09-2    (5)    1 :  0.026 0.096 0.030 0.532 0.038 0.219 0.020 0.028 0.009 
 23 18160D-09-2    (2)    1 :  0.098 0.032 0.043 0.216 0.154 0.098 0.038 0.294 0.027 

Command line arguments:   structure -D 912450 -K 9 -m mainparams -o k9/populations_k9_run6 
Input File:    populations.str
Output File:   k9/populations_k9_run6_f

Run parameters:
   23 individuals
   50160 loci
   9 populations assumed
   1000 Burn-in period
   5000 Reps
RANDOMIZE turned off

--------------------------------------------
Estimated Ln Prob of Data   = -64061903.4
Mean value of ln likelihood = -1012267.6
Variance of ln likelihood   = 126099271.5
Mean value of alpha         = 0.8326

Mean value of Fst_1         = 0.0102
Mean value of Fst_2         = 0.0103
Mean value of Fst_3         = 0.0103
Mean value of Fst_4         = 0.0102
Mean value of Fst_5         = 0.0100
Mean value of Fst_6         = 0.0096
Mean value of Fst_7         = 0.0111
Mean value of Fst_8         = 0.0099
Mean value of Fst_9         = 0.0553


--------------------------------------------
Proportion of membership of each pre-defined
 population in each of the 9 clusters

Given    Inferred Clusters                                                 Number of
 Pop       1      2      3      4      5      6      7      8      9      Individuals

  1:     0.075  0.117  0.085  0.097  0.070  0.084  0.144  0.120  0.209       23
--------------------------------------------
Final results printed to file k9/populations_k9_run6_f

