

----------------------------------------------------
STRUCTURE by Pritchard, Stephens and Donnelly (2000)
     and Falush, Stephens and Pritchard (2003)
       Code by Pritchard, Falush and Hubisz
             Version 2.3.4 (Jul 2012)
----------------------------------------------------


Reading file "mainparams".
datafile is
populations.str
Reading file "extraparams".
Reading file "populations.str".


Data file "populations.str" (truncated) --

Ind:   Label Pop : Genotype_data . . . .
  1: 18160D-09-0    1  :  4   1   3   1   4   1   3  . . . .   2
  1: 18160D-09-0    1  :  4   1   3   1   4   4   4  . . . .   4
  2: 18160D-09-0    1  :  4   1   3   1   4   1   3  . . . .   2
  2: 18160D-09-0    1  :  4   1   3   1   4   4   3  . . . .   4
  3: 18160D-09-0    1  :  4   1   0   0   0   0   3  . . . .   2
  3: 18160D-09-0    1  :  4   3   0   0   0   0   3  . . . .   4
  4: 18160D-09-0    1  :  4   1   3   1   4   1   3  . . . .   2
  4: 18160D-09-0    1  :  4   3   3   1   4   1   3  . . . .   4

      *******   

 22: 18160D-09-2    1  :  4   1   3   1   4   1   3  . . . .   2
 22: 18160D-09-2    1  :  4   3   3   1   4   1   4  . . . .   4
 23: 18160D-09-2    1  :  4   1   3   1   4   1   3  . . . .   2
 23: 18160D-09-2    1  :  4   1   3   1   4   4   4  . . . .   4

Number of alleles per locus: min= 2; ave=2.0; max= 2


--------------------------------------

Finished initialization; starting MCMC 
5000 iterations + 1000 burnin


--------------------------------------------
Proportion of membership of each pre-defined
 population in each of the 9 clusters

Given    Inferred Clusters                                                 Number of
 Pop       1      2      3      4      5      6      7      8      9      Individuals

  1:     0.111  0.107  0.113  0.106  0.109  0.114  0.119  0.113  0.108       23
--------------------------------------------

 Rep#:   Lambda   Alpha      F1    F2    F3    F4    F5    F6    F7    F8    F9     D1,2  D1,3  D1,4  D1,5  D1,6  D1,7  D1,8  D1,9  D2,3  D2,4  D2,5  D2,6  D2,7  D2,8  D2,9  D3,4  D3,5  D3,6  D3,7  D3,8  D3,9  D4,5  D4,6  D4,7  D4,8  D4,9  D5,6  D5,7  D5,8  D5,9  D6,7  D6,8  D6,9  D7,8  D7,9  D8,9    Ln Like 
  100:    1.00    1.886    0.010 0.010 0.010 0.010 0.010 0.010 0.010 0.010 0.010    0.003 0.003 0.003 0.003 0.003 0.003 0.003 0.003 0.003 0.003 0.003 0.003 0.003 0.003 0.003 0.003 0.003 0.003 0.003 0.003 0.003 0.003 0.003 0.003 0.003 0.003 0.003 0.003 0.003 0.003 0.003 0.003 0.003 0.003 0.003 0.003   --  
  200:    1.00    2.860    0.010 0.010 0.010 0.010 0.010 0.010 0.010 0.010 0.010    0.003 0.003 0.003 0.003 0.003 0.003 0.003 0.003 0.003 0.003 0.003 0.003 0.003 0.003 0.003 0.003 0.003 0.003 0.003 0.003 0.003 0.003 0.003 0.003 0.003 0.003 0.003 0.003 0.003 0.003 0.003 0.003 0.003 0.003 0.003 0.003   --  
  300:    1.00    3.011    0.010 0.010 0.010 0.010 0.010 0.010 0.010 0.010 0.010    0.003 0.003 0.003 0.003 0.003 0.003 0.003 0.003 0.003 0.003 0.003 0.003 0.003 0.003 0.003 0.003 0.003 0.003 0.003 0.003 0.003 0.003 0.003 0.003 0.003 0.003 0.003 0.003 0.003 0.003 0.003 0.003 0.003 0.003 0.003 0.003   --  
  400:    1.00    3.818    0.010 0.010 0.010 0.010 0.010 0.010 0.010 0.010 0.010    0.003 0.003 0.003 0.003 0.003 0.003 0.003 0.003 0.003 0.003 0.003 0.003 0.003 0.003 0.003 0.003 0.003 0.003 0.003 0.003 0.003 0.003 0.003 0.003 0.003 0.003 0.003 0.003 0.003 0.003 0.003 0.003 0.003 0.003 0.003 0.003   --  
  500:    1.00    3.983    0.010 0.010 0.010 0.010 0.010 0.010 0.010 0.010 0.010    0.003 0.003 0.003 0.003 0.003 0.003 0.003 0.003 0.003 0.003 0.003 0.003 0.003 0.003 0.003 0.003 0.003 0.003 0.003 0.003 0.003 0.003 0.003 0.003 0.003 0.003 0.003 0.003 0.003 0.003 0.003 0.003 0.003 0.003 0.003 0.003   --  
  600:    1.00    4.056    0.010 0.010 0.010 0.010 0.010 0.010 0.010 0.010 0.010    0.003 0.003 0.003 0.003 0.003 0.003 0.003 0.003 0.003 0.003 0.003 0.003 0.003 0.003 0.003 0.003 0.003 0.003 0.003 0.003 0.003 0.003 0.003 0.003 0.003 0.003 0.003 0.003 0.003 0.003 0.003 0.003 0.003 0.003 0.003 0.003   --  
  700:    1.00    4.190    0.010 0.010 0.010 0.010 0.010 0.010 0.010 0.010 0.010    0.003 0.003 0.003 0.003 0.003 0.003 0.003 0.003 0.003 0.003 0.003 0.003 0.003 0.003 0.003 0.003 0.003 0.003 0.003 0.003 0.003 0.003 0.003 0.003 0.003 0.003 0.003 0.003 0.003 0.003 0.003 0.003 0.003 0.003 0.003 0.003   --  
  800:    1.00    4.256    0.010 0.010 0.010 0.010 0.010 0.010 0.010 0.010 0.010    0.003 0.003 0.003 0.003 0.003 0.003 0.003 0.003 0.003 0.003 0.003 0.003 0.003 0.003 0.003 0.003 0.003 0.003 0.003 0.003 0.003 0.003 0.003 0.003 0.003 0.003 0.003 0.003 0.003 0.003 0.003 0.003 0.003 0.003 0.003 0.003   --  
  900:    1.00    4.375    0.010 0.010 0.010 0.010 0.010 0.010 0.010 0.010 0.010    0.003 0.003 0.003 0.003 0.003 0.003 0.003 0.003 0.003 0.003 0.003 0.003 0.003 0.003 0.003 0.003 0.003 0.003 0.003 0.003 0.003 0.003 0.003 0.003 0.003 0.003 0.003 0.003 0.003 0.003 0.003 0.003 0.003 0.003 0.003 0.003   --  
 1000:    1.00    4.444    0.010 0.010 0.010 0.010 0.010 0.010 0.010 0.010 0.010    0.003 0.003 0.003 0.003 0.003 0.003 0.003 0.003 0.003 0.003 0.003 0.003 0.003 0.003 0.003 0.003 0.003 0.003 0.003 0.003 0.003 0.003 0.003 0.003 0.003 0.003 0.003 0.003 0.003 0.003 0.003 0.003 0.003 0.003 0.003 0.003   --  

BURNIN completed
 Rep#:   Lambda   Alpha      F1    F2    F3    F4    F5    F6    F7    F8    F9     D1,2  D1,3  D1,4  D1,5  D1,6  D1,7  D1,8  D1,9  D2,3  D2,4  D2,5  D2,6  D2,7  D2,8  D2,9  D3,4  D3,5  D3,6  D3,7  D3,8  D3,9  D4,5  D4,6  D4,7  D4,8  D4,9  D5,6  D5,7  D5,8  D5,9  D6,7  D6,8  D6,9  D7,8  D7,9  D8,9    Ln Like  Est Ln P(D)
 1100:    1.00    4.650    0.010 0.010 0.010 0.010 0.010 0.010 0.010 0.010 0.010    0.003 0.003 0.003 0.003 0.003 0.003 0.003 0.003 0.003 0.003 0.003 0.003 0.003 0.003 0.003 0.003 0.003 0.003 0.003 0.003 0.003 0.003 0.003 0.003 0.003 0.003 0.003 0.003 0.003 0.003 0.003 0.003 0.003 0.003 0.003 0.003   -1026304    0 
 1200:    1.00    4.944    0.010 0.010 0.010 0.010 0.010 0.010 0.010 0.010 0.010    0.003 0.003 0.003 0.003 0.003 0.003 0.003 0.003 0.003 0.003 0.003 0.003 0.003 0.003 0.003 0.003 0.003 0.003 0.003 0.003 0.003 0.003 0.003 0.003 0.003 0.003 0.003 0.003 0.003 0.003 0.003 0.003 0.003 0.003 0.003 0.003   -1026037    0 
 1300:    1.00    5.389    0.009 0.010 0.010 0.010 0.010 0.010 0.010 0.010 0.010    0.003 0.003 0.003 0.003 0.003 0.003 0.003 0.003 0.003 0.003 0.003 0.003 0.003 0.003 0.003 0.003 0.003 0.003 0.003 0.003 0.003 0.003 0.003 0.003 0.003 0.003 0.003 0.003 0.003 0.003 0.003 0.003 0.003 0.003 0.003 0.003   -1026086    0 
 1400:    1.00    5.430    0.009 0.010 0.010 0.010 0.010 0.010 0.010 0.010 0.010    0.003 0.003 0.003 0.003 0.003 0.003 0.003 0.003 0.003 0.003 0.003 0.003 0.003 0.003 0.003 0.003 0.003 0.003 0.003 0.003 0.003 0.003 0.003 0.003 0.003 0.003 0.003 0.003 0.003 0.003 0.003 0.003 0.003 0.003 0.003 0.003   -1025834    0 
 1500:    1.00    4.853    0.009 0.010 0.010 0.010 0.010 0.010 0.010 0.010 0.010    0.003 0.003 0.003 0.003 0.003 0.003 0.003 0.003 0.003 0.003 0.003 0.003 0.003 0.003 0.003 0.003 0.003 0.003 0.003 0.003 0.003 0.003 0.003 0.003 0.003 0.003 0.003 0.003 0.003 0.003 0.003 0.003 0.003 0.003 0.003 0.003   -1025863    0 
 1600:    1.00    4.725    0.009 0.010 0.010 0.010 0.010 0.010 0.010 0.010 0.010    0.003 0.003 0.003 0.003 0.003 0.003 0.003 0.003 0.003 0.003 0.003 0.003 0.003 0.003 0.003 0.003 0.003 0.003 0.003 0.003 0.003 0.003 0.003 0.003 0.003 0.003 0.003 0.003 0.003 0.003 0.003 0.003 0.003 0.003 0.003 0.003   -1026091    0 
 1700:    1.00    4.205    0.009 0.010 0.010 0.010 0.010 0.010 0.010 0.010 0.010    0.003 0.003 0.003 0.003 0.003 0.003 0.003 0.003 0.003 0.003 0.003 0.003 0.003 0.003 0.003 0.003 0.003 0.003 0.003 0.003 0.003 0.003 0.003 0.003 0.003 0.003 0.003 0.003 0.003 0.003 0.003 0.003 0.003 0.003 0.003 0.003   -1025794    0 
 1800:    1.00    4.282    0.009 0.010 0.010 0.010 0.010 0.010 0.010 0.010 0.010    0.003 0.003 0.003 0.003 0.003 0.003 0.003 0.003 0.003 0.003 0.003 0.003 0.003 0.003 0.003 0.003 0.003 0.003 0.003 0.003 0.003 0.003 0.003 0.003 0.003 0.003 0.003 0.003 0.003 0.003 0.003 0.003 0.003 0.003 0.003 0.003   -1026206    0 
 1900:    1.00    4.176    0.009 0.010 0.010 0.010 0.010 0.010 0.010 0.010 0.010    0.003 0.003 0.003 0.003 0.003 0.003 0.003 0.003 0.003 0.003 0.003 0.003 0.003 0.003 0.003 0.003 0.003 0.003 0.003 0.003 0.003 0.003 0.003 0.003 0.003 0.003 0.003 0.003 0.003 0.003 0.003 0.003 0.003 0.003 0.003 0.003   -1025828    0 

--------------------------------------------
Proportion of membership of each pre-defined
 population in each of the 9 clusters

Given    Inferred Clusters                                                 Number of
 Pop       1      2      3      4      5      6      7      8      9      Individuals

  1:     0.112  0.092  0.111  0.106  0.124  0.121  0.098  0.122  0.113       23
--------------------------------------------

 Rep#:   Lambda   Alpha      F1    F2    F3    F4    F5    F6    F7    F8    F9     D1,2  D1,3  D1,4  D1,5  D1,6  D1,7  D1,8  D1,9  D2,3  D2,4  D2,5  D2,6  D2,7  D2,8  D2,9  D3,4  D3,5  D3,6  D3,7  D3,8  D3,9  D4,5  D4,6  D4,7  D4,8  D4,9  D5,6  D5,7  D5,8  D5,9  D6,7  D6,8  D6,9  D7,8  D7,9  D8,9    Ln Like  Est Ln P(D)
 2000:    1.00    3.755    0.009 0.010 0.010 0.010 0.010 0.010 0.010 0.010 0.010    0.003 0.003 0.003 0.003 0.003 0.003 0.003 0.003 0.003 0.003 0.003 0.003 0.003 0.003 0.003 0.003 0.003 0.003 0.003 0.003 0.003 0.003 0.003 0.003 0.003 0.003 0.003 0.003 0.003 0.003 0.003 0.003 0.003 0.003 0.003 0.003   -1025697    0 
 2100:    1.00    3.733    0.009 0.010 0.010 0.010 0.010 0.010 0.010 0.010 0.010    0.003 0.003 0.003 0.003 0.003 0.003 0.003 0.003 0.003 0.003 0.003 0.003 0.003 0.003 0.003 0.003 0.003 0.003 0.003 0.003 0.003 0.003 0.003 0.003 0.003 0.003 0.003 0.003 0.003 0.003 0.003 0.003 0.003 0.003 0.003 0.003   -1025669    0 
 2200:    1.00    3.365    0.009 0.010 0.010 0.010 0.010 0.010 0.010 0.010 0.010    0.003 0.003 0.003 0.003 0.003 0.003 0.003 0.003 0.003 0.003 0.003 0.003 0.003 0.003 0.003 0.003 0.003 0.003 0.003 0.003 0.003 0.003 0.003 0.003 0.003 0.003 0.003 0.003 0.003 0.003 0.003 0.003 0.003 0.003 0.003 0.003   -1025460    0 
 2300:    1.00    3.000    0.009 0.010 0.010 0.010 0.010 0.010 0.010 0.010 0.010    0.003 0.003 0.003 0.003 0.003 0.003 0.003 0.003 0.003 0.003 0.003 0.003 0.003 0.003 0.003 0.003 0.003 0.003 0.003 0.003 0.003 0.003 0.003 0.003 0.003 0.003 0.003 0.003 0.003 0.003 0.003 0.003 0.003 0.003 0.003 0.003   -1025379    0 
 2400:    1.00    2.920    0.009 0.010 0.010 0.010 0.010 0.010 0.010 0.010 0.010    0.003 0.003 0.003 0.003 0.003 0.003 0.003 0.003 0.003 0.003 0.003 0.003 0.003 0.003 0.003 0.003 0.003 0.003 0.003 0.003 0.003 0.003 0.003 0.003 0.003 0.003 0.003 0.003 0.003 0.003 0.003 0.003 0.003 0.003 0.003 0.003   -1025183    0 
 2500:    1.00    2.796    0.009 0.010 0.010 0.010 0.010 0.010 0.010 0.010 0.010    0.003 0.003 0.003 0.003 0.003 0.003 0.003 0.003 0.003 0.003 0.003 0.003 0.003 0.003 0.003 0.003 0.003 0.003 0.003 0.003 0.003 0.003 0.003 0.003 0.003 0.003 0.003 0.003 0.003 0.003 0.003 0.003 0.003 0.003 0.003 0.003   -1025319    0 
 2600:    1.00    2.166    0.009 0.010 0.010 0.010 0.010 0.010 0.010 0.010 0.010    0.003 0.003 0.003 0.003 0.003 0.003 0.003 0.003 0.003 0.003 0.003 0.003 0.003 0.003 0.003 0.003 0.003 0.003 0.003 0.003 0.003 0.003 0.003 0.003 0.003 0.003 0.003 0.003 0.003 0.003 0.003 0.003 0.003 0.003 0.003 0.003   -1025201    0 
 2700:    1.00    1.962    0.009 0.010 0.010 0.010 0.010 0.010 0.010 0.010 0.010    0.003 0.003 0.003 0.003 0.003 0.003 0.003 0.003 0.003 0.003 0.003 0.003 0.003 0.003 0.003 0.003 0.003 0.003 0.003 0.003 0.003 0.003 0.003 0.003 0.003 0.003 0.003 0.003 0.003 0.003 0.003 0.003 0.003 0.003 0.003 0.003   -1024886    0 
 2800:    1.00    1.609    0.009 0.010 0.010 0.010 0.010 0.010 0.010 0.010 0.010    0.003 0.003 0.003 0.003 0.003 0.003 0.003 0.003 0.003 0.003 0.003 0.003 0.003 0.003 0.003 0.003 0.003 0.003 0.003 0.003 0.003 0.003 0.003 0.003 0.003 0.003 0.003 0.003 0.003 0.003 0.003 0.003 0.003 0.003 0.003 0.003   -1024846    0 
 2900:    1.00    1.314    0.009 0.010 0.010 0.010 0.010 0.010 0.010 0.010 0.010    0.003 0.003 0.003 0.003 0.003 0.003 0.003 0.003 0.003 0.003 0.003 0.003 0.003 0.003 0.003 0.003 0.003 0.003 0.003 0.003 0.003 0.003 0.003 0.003 0.003 0.003 0.003 0.003 0.003 0.003 0.003 0.003 0.003 0.003 0.003 0.003   -1024601    0 

--------------------------------------------
Proportion of membership of each pre-defined
 population in each of the 9 clusters

Given    Inferred Clusters                                                 Number of
 Pop       1      2      3      4      5      6      7      8      9      Individuals

  1:     0.085  0.096  0.114  0.104  0.127  0.119  0.109  0.145  0.100       23
--------------------------------------------

 Rep#:   Lambda   Alpha      F1    F2    F3    F4    F5    F6    F7    F8    F9     D1,2  D1,3  D1,4  D1,5  D1,6  D1,7  D1,8  D1,9  D2,3  D2,4  D2,5  D2,6  D2,7  D2,8  D2,9  D3,4  D3,5  D3,6  D3,7  D3,8  D3,9  D4,5  D4,6  D4,7  D4,8  D4,9  D5,6  D5,7  D5,8  D5,9  D6,7  D6,8  D6,9  D7,8  D7,9  D8,9    Ln Like  Est Ln P(D)
 3000:    1.00    1.092    0.009 0.010 0.010 0.010 0.010 0.010 0.011 0.010 0.010    0.003 0.003 0.003 0.003 0.003 0.003 0.003 0.003 0.003 0.003 0.003 0.003 0.003 0.003 0.003 0.003 0.003 0.003 0.003 0.003 0.003 0.003 0.003 0.003 0.003 0.003 0.003 0.003 0.003 0.003 0.003 0.003 0.003 0.003 0.003 0.003   -1024281    0 
 3100:    1.00    0.880    0.009 0.010 0.010 0.010 0.010 0.010 0.011 0.011 0.010    0.003 0.003 0.003 0.003 0.003 0.003 0.003 0.003 0.003 0.003 0.003 0.003 0.003 0.003 0.003 0.003 0.003 0.003 0.003 0.003 0.003 0.003 0.003 0.003 0.003 0.003 0.003 0.003 0.003 0.003 0.003 0.003 0.003 0.003 0.003 0.003   -1023850    0 
 3200:    1.00    0.821    0.009 0.010 0.010 0.010 0.010 0.010 0.011 0.011 0.010    0.003 0.003 0.003 0.003 0.003 0.003 0.003 0.003 0.003 0.003 0.003 0.003 0.003 0.003 0.003 0.003 0.003 0.003 0.003 0.003 0.003 0.003 0.003 0.003 0.003 0.003 0.003 0.003 0.003 0.003 0.003 0.003 0.003 0.003 0.003 0.003   -1023899    0 
 3300:    1.00    1.042    0.009 0.010 0.010 0.010 0.010 0.010 0.011 0.011 0.010    0.003 0.003 0.003 0.003 0.003 0.003 0.003 0.003 0.003 0.003 0.003 0.003 0.003 0.003 0.003 0.003 0.003 0.003 0.003 0.003 0.003 0.003 0.003 0.003 0.003 0.003 0.003 0.003 0.003 0.003 0.003 0.003 0.003 0.003 0.003 0.003   -1023455    0 
 3400:    1.00    0.854    0.009 0.010 0.010 0.010 0.010 0.010 0.011 0.011 0.010    0.003 0.003 0.003 0.003 0.003 0.003 0.003 0.003 0.003 0.003 0.003 0.003 0.003 0.003 0.003 0.003 0.003 0.003 0.003 0.003 0.003 0.003 0.003 0.003 0.003 0.003 0.003 0.003 0.003 0.003 0.003 0.003 0.003 0.003 0.003 0.003   -1022751    0 
 3500:    1.00    0.814    0.009 0.010 0.010 0.010 0.010 0.010 0.011 0.011 0.010    0.003 0.003 0.003 0.003 0.003 0.003 0.003 0.003 0.003 0.003 0.003 0.003 0.003 0.003 0.003 0.003 0.003 0.003 0.003 0.003 0.003 0.003 0.003 0.003 0.003 0.003 0.003 0.003 0.003 0.003 0.003 0.003 0.003 0.003 0.003 0.003   -1022535    0 
 3600:    1.00    0.677    0.009 0.010 0.010 0.010 0.010 0.010 0.011 0.011 0.010    0.003 0.003 0.003 0.003 0.003 0.003 0.003 0.003 0.003 0.003 0.003 0.003 0.003 0.003 0.003 0.003 0.003 0.003 0.003 0.003 0.003 0.003 0.003 0.003 0.003 0.003 0.003 0.003 0.003 0.003 0.003 0.003 0.003 0.003 0.003 0.003   -1022075    0 
 3700:    1.00    0.706    0.009 0.010 0.010 0.010 0.010 0.010 0.011 0.011 0.010    0.003 0.003 0.003 0.003 0.003 0.003 0.003 0.003 0.003 0.003 0.003 0.003 0.003 0.003 0.003 0.003 0.003 0.003 0.003 0.003 0.003 0.003 0.003 0.003 0.003 0.003 0.003 0.003 0.003 0.003 0.003 0.003 0.003 0.003 0.003 0.003   -1021821    0 
 3800:    1.00    0.534    0.009 0.010 0.010 0.010 0.010 0.010 0.011 0.013 0.010    0.003 0.003 0.003 0.003 0.003 0.003 0.003 0.003 0.003 0.003 0.003 0.003 0.003 0.003 0.003 0.003 0.003 0.003 0.003 0.003 0.003 0.003 0.003 0.003 0.003 0.003 0.003 0.003 0.003 0.003 0.003 0.003 0.003 0.004 0.003 0.003   -1020646    0 
 3900:    1.00    0.497    0.009 0.010 0.010 0.010 0.010 0.010 0.011 0.013 0.010    0.003 0.003 0.003 0.003 0.003 0.003 0.003 0.003 0.003 0.003 0.003 0.003 0.003 0.004 0.003 0.003 0.003 0.003 0.003 0.004 0.003 0.003 0.003 0.003 0.004 0.003 0.003 0.003 0.004 0.003 0.003 0.004 0.003 0.004 0.003 0.004   -1020007    0 

--------------------------------------------
Proportion of membership of each pre-defined
 population in each of the 9 clusters

Given    Inferred Clusters                                                 Number of
 Pop       1      2      3      4      5      6      7      8      9      Individuals

  1:     0.086  0.088  0.101  0.080  0.128  0.126  0.134  0.209  0.048       23
--------------------------------------------

 Rep#:   Lambda   Alpha      F1    F2    F3    F4    F5    F6    F7    F8    F9     D1,2  D1,3  D1,4  D1,5  D1,6  D1,7  D1,8  D1,9  D2,3  D2,4  D2,5  D2,6  D2,7  D2,8  D2,9  D3,4  D3,5  D3,6  D3,7  D3,8  D3,9  D4,5  D4,6  D4,7  D4,8  D4,9  D5,6  D5,7  D5,8  D5,9  D6,7  D6,8  D6,9  D7,8  D7,9  D8,9    Ln Like  Est Ln P(D)
 4000:    1.00    0.324    0.009 0.010 0.010 0.010 0.010 0.010 0.011 0.013 0.010    0.003 0.003 0.003 0.003 0.003 0.003 0.003 0.003 0.003 0.003 0.003 0.003 0.003 0.004 0.003 0.003 0.003 0.003 0.003 0.004 0.003 0.003 0.003 0.003 0.004 0.003 0.003 0.003 0.004 0.003 0.003 0.004 0.003 0.004 0.003 0.004   -1019807    0 
 4100:    1.00    0.378    0.009 0.010 0.010 0.010 0.010 0.010 0.011 0.014 0.010    0.003 0.003 0.003 0.003 0.003 0.003 0.004 0.003 0.003 0.003 0.003 0.003 0.003 0.004 0.003 0.003 0.003 0.003 0.003 0.004 0.003 0.003 0.003 0.003 0.004 0.003 0.003 0.003 0.004 0.003 0.003 0.004 0.003 0.004 0.003 0.004   -1019116    0 
 4200:    1.00    0.371    0.009 0.010 0.010 0.010 0.010 0.010 0.011 0.014 0.010    0.003 0.003 0.003 0.003 0.003 0.003 0.004 0.003 0.003 0.003 0.003 0.003 0.003 0.004 0.003 0.003 0.003 0.003 0.003 0.004 0.003 0.003 0.003 0.003 0.004 0.003 0.003 0.003 0.004 0.003 0.003 0.004 0.003 0.004 0.003 0.004   -1018787    0 
 4300:    1.00    0.302    0.009 0.010 0.010 0.010 0.010 0.010 0.011 0.015 0.010    0.003 0.003 0.003 0.003 0.003 0.003 0.004 0.003 0.003 0.003 0.003 0.003 0.003 0.004 0.003 0.003 0.003 0.003 0.003 0.004 0.003 0.003 0.003 0.003 0.004 0.003 0.003 0.003 0.004 0.003 0.003 0.004 0.003 0.004 0.003 0.004   -1018147    0 
 4400:    1.00    0.380    0.009 0.010 0.010 0.010 0.010 0.010 0.011 0.016 0.010    0.003 0.003 0.003 0.003 0.003 0.003 0.004 0.003 0.003 0.003 0.003 0.003 0.003 0.004 0.003 0.003 0.003 0.003 0.003 0.004 0.003 0.003 0.003 0.003 0.004 0.003 0.003 0.003 0.004 0.003 0.003 0.004 0.003 0.004 0.003 0.004   -1017459    0 
 4500:    1.00    0.264    0.009 0.010 0.010 0.010 0.010 0.011 0.011 0.017 0.010    0.003 0.003 0.003 0.003 0.003 0.003 0.004 0.003 0.003 0.003 0.003 0.003 0.003 0.004 0.003 0.003 0.003 0.003 0.003 0.004 0.003 0.003 0.003 0.003 0.004 0.003 0.003 0.003 0.004 0.003 0.003 0.004 0.003 0.005 0.003 0.004   -1016233    0 
 4600:    1.00    0.250    0.009 0.010 0.010 0.010 0.010 0.011 0.011 0.017 0.010    0.003 0.003 0.003 0.003 0.003 0.003 0.004 0.003 0.003 0.003 0.003 0.003 0.003 0.004 0.003 0.003 0.003 0.003 0.003 0.004 0.003 0.003 0.003 0.003 0.004 0.003 0.003 0.003 0.004 0.003 0.003 0.004 0.003 0.005 0.003 0.004   -1016632    0 
 4700:    1.00    0.272    0.009 0.010 0.010 0.010 0.010 0.011 0.011 0.019 0.010    0.003 0.003 0.003 0.003 0.003 0.003 0.004 0.003 0.003 0.003 0.003 0.003 0.003 0.005 0.003 0.003 0.003 0.003 0.003 0.005 0.003 0.003 0.003 0.003 0.005 0.003 0.003 0.003 0.005 0.003 0.003 0.005 0.003 0.005 0.003 0.005   -1015314    0 
 4800:    1.00    0.249    0.009 0.010 0.010 0.010 0.010 0.011 0.011 0.020 0.010    0.003 0.003 0.003 0.003 0.003 0.003 0.005 0.003 0.003 0.003 0.003 0.003 0.003 0.005 0.003 0.003 0.003 0.003 0.003 0.005 0.003 0.003 0.003 0.003 0.005 0.003 0.003 0.003 0.005 0.003 0.003 0.005 0.003 0.005 0.003 0.005   -1014483    0 
 4900:    1.00    0.234    0.009 0.010 0.010 0.010 0.010 0.011 0.011 0.020 0.010    0.003 0.003 0.003 0.003 0.003 0.003 0.005 0.003 0.003 0.003 0.003 0.003 0.003 0.005 0.003 0.003 0.003 0.003 0.003 0.005 0.003 0.003 0.003 0.003 0.005 0.003 0.003 0.003 0.005 0.003 0.003 0.005 0.003 0.005 0.003 0.005   -1014087    0 

--------------------------------------------
Proportion of membership of each pre-defined
 population in each of the 9 clusters

Given    Inferred Clusters                                                 Number of
 Pop       1      2      3      4      5      6      7      8      9      Individuals

  1:     0.067  0.055  0.058  0.050  0.157  0.142  0.221  0.217  0.033       23
--------------------------------------------

 Rep#:   Lambda   Alpha      F1    F2    F3    F4    F5    F6    F7    F8    F9     D1,2  D1,3  D1,4  D1,5  D1,6  D1,7  D1,8  D1,9  D2,3  D2,4  D2,5  D2,6  D2,7  D2,8  D2,9  D3,4  D3,5  D3,6  D3,7  D3,8  D3,9  D4,5  D4,6  D4,7  D4,8  D4,9  D5,6  D5,7  D5,8  D5,9  D6,7  D6,8  D6,9  D7,8  D7,9  D8,9    Ln Like  Est Ln P(D)
 5000:    1.00    0.231    0.009 0.010 0.010 0.010 0.010 0.011 0.012 0.020 0.010    0.003 0.003 0.003 0.003 0.003 0.003 0.005 0.003 0.003 0.003 0.003 0.003 0.003 0.005 0.003 0.003 0.003 0.003 0.003 0.005 0.003 0.003 0.003 0.003 0.005 0.003 0.003 0.003 0.005 0.003 0.004 0.005 0.003 0.005 0.003 0.005   -1013714    0 
 5100:    1.00    0.205    0.009 0.010 0.010 0.010 0.010 0.011 0.012 0.022 0.010    0.003 0.003 0.003 0.003 0.003 0.003 0.005 0.003 0.003 0.003 0.003 0.003 0.003 0.005 0.003 0.003 0.003 0.003 0.003 0.005 0.003 0.003 0.003 0.003 0.005 0.003 0.003 0.003 0.005 0.003 0.003 0.005 0.003 0.005 0.003 0.005   -1012716    0 
 5200:    1.00    0.188    0.009 0.010 0.010 0.010 0.010 0.011 0.012 0.025 0.010    0.003 0.003 0.003 0.003 0.003 0.003 0.005 0.003 0.003 0.003 0.003 0.003 0.003 0.006 0.003 0.003 0.003 0.003 0.003 0.006 0.003 0.003 0.003 0.003 0.005 0.003 0.003 0.003 0.006 0.003 0.004 0.006 0.003 0.006 0.003 0.005   -1011945    0 
 5300:    1.00    0.176    0.009 0.010 0.010 0.010 0.010 0.011 0.013 0.025 0.010    0.003 0.003 0.003 0.003 0.003 0.003 0.005 0.003 0.003 0.003 0.003 0.003 0.003 0.006 0.003 0.003 0.003 0.003 0.004 0.005 0.003 0.003 0.003 0.003 0.006 0.003 0.003 0.004 0.006 0.003 0.004 0.006 0.003 0.006 0.003 0.005   -1011310    0 
 5400:    1.00    0.149    0.009 0.010 0.010 0.010 0.010 0.011 0.013 0.028 0.010    0.003 0.003 0.003 0.003 0.003 0.003 0.006 0.003 0.003 0.003 0.003 0.003 0.004 0.006 0.003 0.003 0.003 0.003 0.004 0.006 0.003 0.003 0.003 0.004 0.006 0.003 0.003 0.004 0.006 0.003 0.004 0.006 0.003 0.007 0.004 0.006   -1010514    0 
 5500:    1.00    0.139    0.009 0.010 0.010 0.010 0.010 0.011 0.015 0.028 0.010    0.003 0.003 0.003 0.003 0.003 0.004 0.006 0.003 0.003 0.003 0.003 0.003 0.004 0.006 0.003 0.003 0.003 0.003 0.004 0.006 0.003 0.003 0.003 0.004 0.006 0.003 0.003 0.004 0.006 0.003 0.004 0.006 0.003 0.007 0.004 0.006   -1009672    0 
 5600:    1.00    0.134    0.009 0.010 0.010 0.010 0.010 0.011 0.015 0.031 0.010    0.003 0.003 0.003 0.003 0.003 0.004 0.006 0.003 0.003 0.003 0.003 0.003 0.004 0.006 0.003 0.003 0.003 0.003 0.004 0.006 0.003 0.003 0.003 0.004 0.006 0.003 0.003 0.004 0.006 0.003 0.004 0.007 0.003 0.008 0.004 0.006   -1008444    0 
 5700:    1.00    0.101    0.009 0.010 0.010 0.010 0.010 0.011 0.016 0.031 0.010    0.003 0.003 0.003 0.003 0.003 0.004 0.006 0.003 0.003 0.003 0.003 0.003 0.004 0.006 0.003 0.003 0.003 0.003 0.004 0.007 0.003 0.003 0.003 0.004 0.006 0.003 0.003 0.004 0.006 0.003 0.004 0.007 0.003 0.008 0.004 0.006   -1008221    0 
 5800:    1.00    0.093    0.009 0.010 0.010 0.010 0.010 0.011 0.024 0.037 0.010    0.003 0.003 0.003 0.003 0.003 0.005 0.007 0.003 0.003 0.003 0.003 0.003 0.005 0.007 0.003 0.003 0.003 0.003 0.005 0.007 0.003 0.003 0.003 0.005 0.007 0.003 0.003 0.005 0.007 0.003 0.006 0.008 0.003 0.010 0.005 0.007   -1004317    0 
 5900:    1.00    0.104    0.009 0.010 0.010 0.010 0.010 0.011 0.028 0.041 0.010    0.003 0.003 0.003 0.003 0.003 0.006 0.008 0.003 0.003 0.003 0.003 0.003 0.006 0.008 0.003 0.003 0.003 0.003 0.006 0.008 0.003 0.003 0.003 0.006 0.008 0.003 0.003 0.006 0.008 0.003 0.006 0.008 0.003 0.011 0.006 0.008   -1002128    0 
 6000:    1.00    0.091    0.009 0.010 0.010 0.010 0.010 0.011 0.033 0.045 0.010    0.003 0.003 0.003 0.003 0.003 0.007 0.008 0.003 0.003 0.003 0.003 0.003 0.007 0.009 0.003 0.003 0.003 0.003 0.007 0.009 0.003 0.003 0.003 0.007 0.009 0.003 0.003 0.007 0.009 0.003 0.007 0.009 0.003 0.013 0.007 0.009   -1000176    0 

MCMC completed

Inferred ancestry of individuals:
        Label (%Miss) Pop:  Inferred clusters
  1 18160D-09-0    (2)    1 :  0.128 0.108 0.065 0.145 0.170 0.275 0.041 0.020 0.048 
  2 18160D-09-0    (4)    1 :  0.066 0.041 0.165 0.081 0.240 0.239 0.082 0.031 0.055 
  3 18160D-09-0    (2)    1 :  0.121 0.332 0.154 0.045 0.041 0.043 0.216 0.018 0.030 
  4 18160D-09-0    (5)    1 :  0.069 0.163 0.098 0.069 0.048 0.056 0.446 0.010 0.041 
  5 18160D-09-0    (4)    1 :  0.033 0.100 0.105 0.153 0.050 0.046 0.460 0.019 0.034 
  6 18160D-09-0    (4)    1 :  0.052 0.084 0.098 0.105 0.031 0.059 0.484 0.028 0.059 
  7 18160D-09-0    (2)    1 :  0.034 0.071 0.106 0.127 0.024 0.050 0.519 0.024 0.045 
  8 18160D-09-0    (4)    1 :  0.267 0.032 0.094 0.062 0.290 0.111 0.038 0.033 0.073 
  9 18160D-09-0    (2)    1 :  0.063 0.018 0.028 0.033 0.076 0.069 0.023 0.609 0.081 
 10 18160D-09-1    (2)    1 :  0.019 0.009 0.017 0.013 0.012 0.015 0.011 0.753 0.151 
 11 18160D-09-1    (2)    1 :  0.023 0.042 0.025 0.050 0.072 0.017 0.021 0.644 0.107 
 12 18160D-09-1    (2)    1 :  0.070 0.041 0.030 0.038 0.048 0.039 0.040 0.657 0.038 
 13 18160D-09-1    (5)    1 :  0.058 0.048 0.148 0.052 0.360 0.219 0.051 0.024 0.040 
 14 18160D-09-1   (18)    1 :  0.123 0.070 0.154 0.050 0.227 0.158 0.085 0.028 0.106 
 15 18160D-09-1    (4)    1 :  0.082 0.086 0.217 0.040 0.327 0.111 0.066 0.051 0.021 
 16 18160D-09-1    (2)    1 :  0.015 0.015 0.018 0.010 0.024 0.020 0.018 0.675 0.206 
 17 18160D-09-1    (2)    1 :  0.116 0.100 0.161 0.172 0.188 0.079 0.046 0.027 0.111 
 18 18160D-09-1    (2)    1 :  0.077 0.045 0.012 0.239 0.067 0.027 0.402 0.075 0.056 
 19 18160D-09-1    (2)    1 :  0.150 0.062 0.056 0.120 0.102 0.325 0.078 0.049 0.057 
 20 18160D-09-2    (5)    1 :  0.235 0.135 0.062 0.081 0.275 0.071 0.043 0.041 0.057 
 21 18160D-09-2    (5)    1 :  0.121 0.073 0.127 0.050 0.169 0.234 0.093 0.051 0.082 
 22 18160D-09-2    (5)    1 :  0.040 0.065 0.084 0.071 0.040 0.566 0.030 0.065 0.039 
 23 18160D-09-2    (2)    1 :  0.069 0.069 0.150 0.187 0.279 0.050 0.063 0.043 0.091 

Command line arguments:   structure -D 323995 -K 9 -m mainparams -o k9/populations_k9_run4 
Input File:    populations.str
Output File:   k9/populations_k9_run4_f

Run parameters:
   23 individuals
   50160 loci
   9 populations assumed
   1000 Burn-in period
   5000 Reps
RANDOMIZE turned off

--------------------------------------------
Estimated Ln Prob of Data   = -23568521.5
Mean value of ln likelihood = -1019761.4
Variance of ln likelihood   = 45097520.4
Mean value of alpha         = 1.6731

Mean value of Fst_1         = 0.0092
Mean value of Fst_2         = 0.0100
Mean value of Fst_3         = 0.0101
Mean value of Fst_4         = 0.0100
Mean value of Fst_5         = 0.0101
Mean value of Fst_6         = 0.0105
Mean value of Fst_7         = 0.0118
Mean value of Fst_8         = 0.0157
Mean value of Fst_9         = 0.0099


--------------------------------------------
Proportion of membership of each pre-defined
 population in each of the 9 clusters

Given    Inferred Clusters                                                 Number of
 Pop       1      2      3      4      5      6      7      8      9      Individuals

  1:     0.088  0.079  0.094  0.087  0.137  0.125  0.146  0.173  0.071       23
--------------------------------------------
Final results printed to file k9/populations_k9_run4_f

