

----------------------------------------------------
STRUCTURE by Pritchard, Stephens and Donnelly (2000)
     and Falush, Stephens and Pritchard (2003)
       Code by Pritchard, Falush and Hubisz
             Version 2.3.4 (Jul 2012)
----------------------------------------------------


Reading file "mainparams".
datafile is
populations.str
Reading file "extraparams".
Reading file "populations.str".


Data file "populations.str" (truncated) --

Ind:   Label Pop : Genotype_data . . . .
  1: 18160D-09-0    1  :  4   1   3   1   4   1   3  . . . .   2
  1: 18160D-09-0    1  :  4   1   3   1   4   4   4  . . . .   4
  2: 18160D-09-0    1  :  4   1   3   1   4   1   3  . . . .   2
  2: 18160D-09-0    1  :  4   1   3   1   4   4   3  . . . .   4
  3: 18160D-09-0    1  :  4   1   0   0   0   0   3  . . . .   2
  3: 18160D-09-0    1  :  4   3   0   0   0   0   3  . . . .   4
  4: 18160D-09-0    1  :  4   1   3   1   4   1   3  . . . .   2
  4: 18160D-09-0    1  :  4   3   3   1   4   1   3  . . . .   4

      *******   

 22: 18160D-09-2    1  :  4   1   3   1   4   1   3  . . . .   2
 22: 18160D-09-2    1  :  4   3   3   1   4   1   4  . . . .   4
 23: 18160D-09-2    1  :  4   1   3   1   4   1   3  . . . .   2
 23: 18160D-09-2    1  :  4   1   3   1   4   4   4  . . . .   4

Number of alleles per locus: min= 2; ave=2.0; max= 2


--------------------------------------

Finished initialization; starting MCMC 
5000 iterations + 1000 burnin


--------------------------------------------
Proportion of membership of each pre-defined
 population in each of the 9 clusters

Given    Inferred Clusters                                                 Number of
 Pop       1      2      3      4      5      6      7      8      9      Individuals

  1:     0.111  0.114  0.112  0.110  0.115  0.111  0.109  0.107  0.112       23
--------------------------------------------

 Rep#:   Lambda   Alpha      F1    F2    F3    F4    F5    F6    F7    F8    F9     D1,2  D1,3  D1,4  D1,5  D1,6  D1,7  D1,8  D1,9  D2,3  D2,4  D2,5  D2,6  D2,7  D2,8  D2,9  D3,4  D3,5  D3,6  D3,7  D3,8  D3,9  D4,5  D4,6  D4,7  D4,8  D4,9  D5,6  D5,7  D5,8  D5,9  D6,7  D6,8  D6,9  D7,8  D7,9  D8,9    Ln Like 
  100:    1.00    1.939    0.010 0.010 0.010 0.010 0.010 0.010 0.010 0.010 0.010    0.003 0.003 0.003 0.003 0.003 0.003 0.003 0.003 0.003 0.003 0.003 0.003 0.003 0.003 0.003 0.003 0.003 0.003 0.003 0.003 0.003 0.003 0.003 0.003 0.003 0.003 0.003 0.003 0.003 0.003 0.003 0.003 0.003 0.003 0.003 0.003   --  
  200:    1.00    2.489    0.010 0.010 0.010 0.010 0.010 0.010 0.010 0.010 0.010    0.003 0.003 0.003 0.003 0.003 0.003 0.003 0.003 0.003 0.003 0.003 0.003 0.003 0.003 0.003 0.003 0.003 0.003 0.003 0.003 0.003 0.003 0.003 0.003 0.003 0.003 0.003 0.003 0.003 0.003 0.003 0.003 0.003 0.003 0.003 0.003   --  
  300:    1.00    3.014    0.010 0.010 0.010 0.010 0.010 0.010 0.010 0.010 0.010    0.003 0.003 0.003 0.003 0.003 0.003 0.003 0.003 0.003 0.003 0.003 0.003 0.003 0.003 0.003 0.003 0.003 0.003 0.003 0.003 0.003 0.003 0.003 0.003 0.003 0.003 0.003 0.003 0.003 0.003 0.003 0.003 0.003 0.003 0.003 0.003   --  
  400:    1.00    3.304    0.010 0.010 0.010 0.010 0.010 0.010 0.010 0.010 0.010    0.003 0.003 0.003 0.003 0.003 0.003 0.003 0.003 0.003 0.003 0.003 0.003 0.003 0.003 0.003 0.003 0.003 0.003 0.003 0.003 0.003 0.003 0.003 0.003 0.003 0.003 0.003 0.003 0.003 0.003 0.003 0.003 0.003 0.003 0.003 0.003   --  
  500:    1.00    3.780    0.010 0.010 0.010 0.010 0.010 0.010 0.010 0.010 0.010    0.003 0.003 0.003 0.003 0.003 0.003 0.003 0.003 0.003 0.003 0.003 0.003 0.003 0.003 0.003 0.003 0.003 0.003 0.003 0.003 0.003 0.003 0.003 0.003 0.003 0.003 0.003 0.003 0.003 0.003 0.003 0.003 0.003 0.003 0.003 0.003   --  
  600:    1.00    3.623    0.010 0.010 0.010 0.010 0.010 0.010 0.010 0.010 0.010    0.003 0.003 0.003 0.003 0.003 0.003 0.003 0.003 0.003 0.003 0.003 0.003 0.003 0.003 0.003 0.003 0.003 0.003 0.003 0.003 0.003 0.003 0.003 0.003 0.003 0.003 0.003 0.003 0.003 0.003 0.003 0.003 0.003 0.003 0.003 0.003   --  
  700:    1.00    3.392    0.010 0.010 0.010 0.010 0.010 0.010 0.010 0.010 0.010    0.003 0.003 0.003 0.003 0.003 0.003 0.003 0.003 0.003 0.003 0.003 0.003 0.003 0.003 0.003 0.003 0.003 0.003 0.003 0.003 0.003 0.003 0.003 0.003 0.003 0.003 0.003 0.003 0.003 0.003 0.003 0.003 0.003 0.003 0.003 0.003   --  
  800:    1.00    3.697    0.010 0.010 0.010 0.010 0.010 0.010 0.010 0.010 0.010    0.003 0.003 0.003 0.003 0.003 0.003 0.003 0.003 0.003 0.003 0.003 0.003 0.003 0.003 0.003 0.003 0.003 0.003 0.003 0.003 0.003 0.003 0.003 0.003 0.003 0.003 0.003 0.003 0.003 0.003 0.003 0.003 0.003 0.003 0.003 0.003   --  
  900:    1.00    3.557    0.010 0.010 0.010 0.010 0.010 0.010 0.010 0.010 0.010    0.003 0.003 0.003 0.003 0.003 0.003 0.003 0.003 0.003 0.003 0.003 0.003 0.003 0.003 0.003 0.003 0.003 0.003 0.003 0.003 0.003 0.003 0.003 0.003 0.003 0.003 0.003 0.003 0.003 0.003 0.003 0.003 0.003 0.003 0.003 0.003   --  
 1000:    1.00    3.673    0.010 0.010 0.010 0.010 0.010 0.010 0.010 0.010 0.010    0.003 0.003 0.003 0.003 0.003 0.003 0.003 0.003 0.003 0.003 0.003 0.003 0.003 0.003 0.003 0.003 0.003 0.003 0.003 0.003 0.003 0.003 0.003 0.003 0.003 0.003 0.003 0.003 0.003 0.003 0.003 0.003 0.003 0.003 0.003 0.003   --  

BURNIN completed
 Rep#:   Lambda   Alpha      F1    F2    F3    F4    F5    F6    F7    F8    F9     D1,2  D1,3  D1,4  D1,5  D1,6  D1,7  D1,8  D1,9  D2,3  D2,4  D2,5  D2,6  D2,7  D2,8  D2,9  D3,4  D3,5  D3,6  D3,7  D3,8  D3,9  D4,5  D4,6  D4,7  D4,8  D4,9  D5,6  D5,7  D5,8  D5,9  D6,7  D6,8  D6,9  D7,8  D7,9  D8,9    Ln Like  Est Ln P(D)
 1100:    1.00    3.325    0.010 0.010 0.010 0.010 0.010 0.010 0.010 0.010 0.010    0.003 0.003 0.003 0.003 0.003 0.003 0.003 0.003 0.003 0.003 0.003 0.003 0.003 0.003 0.003 0.003 0.003 0.003 0.003 0.003 0.003 0.003 0.003 0.003 0.003 0.003 0.003 0.003 0.003 0.003 0.003 0.003 0.003 0.003 0.003 0.003   -1025904    0 
 1200:    1.00    3.200    0.010 0.010 0.010 0.010 0.010 0.010 0.010 0.010 0.010    0.003 0.003 0.003 0.003 0.003 0.003 0.003 0.003 0.003 0.003 0.003 0.003 0.003 0.003 0.003 0.003 0.003 0.003 0.003 0.003 0.003 0.003 0.003 0.003 0.003 0.003 0.003 0.003 0.003 0.003 0.003 0.003 0.003 0.003 0.003 0.003   -1025910    0 
 1300:    1.00    2.856    0.010 0.010 0.010 0.010 0.010 0.010 0.010 0.010 0.010    0.003 0.003 0.003 0.003 0.003 0.003 0.003 0.003 0.003 0.003 0.003 0.003 0.003 0.003 0.003 0.003 0.003 0.003 0.003 0.003 0.003 0.003 0.003 0.003 0.003 0.003 0.003 0.003 0.003 0.003 0.003 0.003 0.003 0.003 0.003 0.003   -1025819    0 
 1400:    1.00    2.579    0.010 0.010 0.010 0.010 0.010 0.010 0.010 0.010 0.010    0.003 0.003 0.003 0.003 0.003 0.003 0.003 0.003 0.003 0.003 0.003 0.003 0.003 0.003 0.003 0.003 0.003 0.003 0.003 0.003 0.003 0.003 0.003 0.003 0.003 0.003 0.003 0.003 0.003 0.003 0.003 0.003 0.003 0.003 0.003 0.003   -1025906    0 
 1500:    1.00    2.915    0.010 0.010 0.010 0.010 0.010 0.010 0.010 0.010 0.010    0.003 0.003 0.003 0.003 0.003 0.003 0.003 0.003 0.003 0.003 0.003 0.003 0.003 0.003 0.003 0.003 0.003 0.003 0.003 0.003 0.003 0.003 0.003 0.003 0.003 0.003 0.003 0.003 0.003 0.003 0.003 0.003 0.003 0.003 0.003 0.003   -1025747    0 
 1600:    1.00    2.374    0.010 0.010 0.010 0.010 0.010 0.010 0.010 0.010 0.010    0.003 0.003 0.003 0.003 0.003 0.003 0.003 0.003 0.003 0.003 0.003 0.003 0.003 0.003 0.003 0.003 0.003 0.003 0.003 0.003 0.003 0.003 0.003 0.003 0.003 0.003 0.003 0.003 0.003 0.003 0.003 0.003 0.003 0.003 0.003 0.003   -1025982    0 
 1700:    1.00    2.354    0.010 0.010 0.010 0.010 0.010 0.010 0.010 0.010 0.010    0.003 0.003 0.003 0.003 0.003 0.003 0.003 0.003 0.003 0.003 0.003 0.003 0.003 0.003 0.003 0.003 0.003 0.003 0.003 0.003 0.003 0.003 0.003 0.003 0.003 0.003 0.003 0.003 0.003 0.003 0.003 0.003 0.003 0.003 0.003 0.003   -1026027    0 
 1800:    1.00    2.330    0.010 0.010 0.010 0.010 0.010 0.010 0.010 0.010 0.010    0.003 0.003 0.003 0.003 0.003 0.003 0.003 0.003 0.003 0.003 0.003 0.003 0.003 0.003 0.003 0.003 0.003 0.003 0.003 0.003 0.003 0.003 0.003 0.003 0.003 0.003 0.003 0.003 0.003 0.003 0.003 0.003 0.003 0.003 0.003 0.003   -1025806    0 
 1900:    1.00    2.162    0.010 0.010 0.010 0.010 0.010 0.010 0.010 0.010 0.010    0.003 0.003 0.003 0.003 0.003 0.003 0.003 0.003 0.003 0.003 0.003 0.003 0.003 0.003 0.003 0.003 0.003 0.003 0.003 0.003 0.003 0.003 0.003 0.003 0.003 0.003 0.003 0.003 0.003 0.003 0.003 0.003 0.003 0.003 0.003 0.003   -1025762    0 

--------------------------------------------
Proportion of membership of each pre-defined
 population in each of the 9 clusters

Given    Inferred Clusters                                                 Number of
 Pop       1      2      3      4      5      6      7      8      9      Individuals

  1:     0.101  0.123  0.116  0.104  0.107  0.126  0.097  0.107  0.119       23
--------------------------------------------

 Rep#:   Lambda   Alpha      F1    F2    F3    F4    F5    F6    F7    F8    F9     D1,2  D1,3  D1,4  D1,5  D1,6  D1,7  D1,8  D1,9  D2,3  D2,4  D2,5  D2,6  D2,7  D2,8  D2,9  D3,4  D3,5  D3,6  D3,7  D3,8  D3,9  D4,5  D4,6  D4,7  D4,8  D4,9  D5,6  D5,7  D5,8  D5,9  D6,7  D6,8  D6,9  D7,8  D7,9  D8,9    Ln Like  Est Ln P(D)
 2000:    1.00    2.314    0.010 0.010 0.010 0.010 0.010 0.010 0.010 0.010 0.010    0.003 0.003 0.003 0.003 0.003 0.003 0.003 0.003 0.003 0.003 0.003 0.003 0.003 0.003 0.003 0.003 0.003 0.003 0.003 0.003 0.003 0.003 0.003 0.003 0.003 0.003 0.003 0.003 0.003 0.003 0.003 0.003 0.003 0.003 0.003 0.003   -1025648    0 
 2100:    1.00    2.024    0.010 0.010 0.010 0.010 0.010 0.010 0.010 0.010 0.010    0.003 0.003 0.003 0.003 0.003 0.003 0.003 0.003 0.003 0.003 0.003 0.003 0.003 0.003 0.003 0.003 0.003 0.003 0.003 0.003 0.003 0.003 0.003 0.003 0.003 0.003 0.003 0.003 0.003 0.003 0.003 0.003 0.003 0.003 0.003 0.003   -1025334    0 
 2200:    1.00    2.021    0.010 0.010 0.010 0.010 0.010 0.010 0.010 0.010 0.010    0.003 0.003 0.003 0.003 0.003 0.003 0.003 0.003 0.003 0.003 0.003 0.003 0.003 0.003 0.003 0.003 0.003 0.003 0.003 0.003 0.003 0.003 0.003 0.003 0.003 0.003 0.003 0.003 0.003 0.003 0.003 0.003 0.003 0.003 0.003 0.003   -1025213    0 
 2300:    1.00    1.927    0.010 0.010 0.010 0.010 0.010 0.010 0.010 0.010 0.010    0.003 0.003 0.003 0.003 0.003 0.003 0.003 0.003 0.003 0.003 0.003 0.003 0.003 0.003 0.003 0.003 0.003 0.003 0.003 0.003 0.003 0.003 0.003 0.003 0.003 0.003 0.003 0.003 0.003 0.003 0.003 0.003 0.003 0.003 0.003 0.003   -1025395    0 
 2400:    1.00    1.835    0.010 0.010 0.010 0.010 0.010 0.010 0.010 0.010 0.010    0.003 0.003 0.003 0.003 0.003 0.003 0.003 0.003 0.003 0.003 0.003 0.003 0.003 0.003 0.003 0.003 0.003 0.003 0.003 0.003 0.003 0.003 0.003 0.003 0.003 0.003 0.003 0.003 0.003 0.003 0.003 0.003 0.003 0.003 0.003 0.003   -1025415    0 
 2500:    1.00    1.252    0.010 0.010 0.010 0.010 0.010 0.010 0.010 0.010 0.010    0.003 0.003 0.003 0.003 0.003 0.003 0.003 0.003 0.003 0.003 0.003 0.003 0.003 0.003 0.003 0.003 0.003 0.003 0.003 0.003 0.003 0.003 0.003 0.003 0.003 0.003 0.003 0.003 0.003 0.003 0.003 0.003 0.003 0.003 0.003 0.003   -1024709    0 
 2600:    1.00    1.417    0.010 0.010 0.010 0.010 0.010 0.010 0.010 0.010 0.010    0.003 0.003 0.003 0.003 0.003 0.003 0.003 0.003 0.003 0.003 0.003 0.003 0.003 0.003 0.003 0.003 0.003 0.003 0.003 0.003 0.003 0.003 0.003 0.003 0.003 0.003 0.003 0.003 0.003 0.003 0.003 0.003 0.003 0.003 0.003 0.003   -1024447    0 
 2700:    1.00    1.171    0.010 0.010 0.010 0.010 0.010 0.010 0.010 0.010 0.010    0.003 0.003 0.003 0.003 0.003 0.003 0.003 0.003 0.003 0.003 0.003 0.003 0.003 0.003 0.003 0.003 0.003 0.003 0.003 0.003 0.003 0.003 0.003 0.003 0.003 0.003 0.003 0.003 0.003 0.003 0.003 0.003 0.003 0.003 0.003 0.003   -1024052    0 
 2800:    1.00    1.005    0.010 0.010 0.010 0.010 0.010 0.010 0.010 0.010 0.010    0.003 0.003 0.003 0.003 0.003 0.003 0.003 0.003 0.003 0.003 0.003 0.003 0.003 0.003 0.003 0.003 0.003 0.003 0.003 0.003 0.003 0.003 0.003 0.003 0.003 0.003 0.003 0.003 0.003 0.003 0.003 0.003 0.003 0.003 0.003 0.003   -1023725    0 
 2900:    1.00    0.848    0.010 0.010 0.010 0.010 0.010 0.010 0.010 0.010 0.010    0.003 0.003 0.003 0.003 0.003 0.003 0.003 0.003 0.003 0.003 0.003 0.003 0.003 0.003 0.003 0.003 0.003 0.003 0.003 0.003 0.003 0.003 0.003 0.003 0.003 0.003 0.003 0.003 0.003 0.003 0.003 0.003 0.003 0.003 0.003 0.003   -1023196    0 

--------------------------------------------
Proportion of membership of each pre-defined
 population in each of the 9 clusters

Given    Inferred Clusters                                                 Number of
 Pop       1      2      3      4      5      6      7      8      9      Individuals

  1:     0.077  0.115  0.141  0.080  0.089  0.151  0.095  0.158  0.096       23
--------------------------------------------

 Rep#:   Lambda   Alpha      F1    F2    F3    F4    F5    F6    F7    F8    F9     D1,2  D1,3  D1,4  D1,5  D1,6  D1,7  D1,8  D1,9  D2,3  D2,4  D2,5  D2,6  D2,7  D2,8  D2,9  D3,4  D3,5  D3,6  D3,7  D3,8  D3,9  D4,5  D4,6  D4,7  D4,8  D4,9  D5,6  D5,7  D5,8  D5,9  D6,7  D6,8  D6,9  D7,8  D7,9  D8,9    Ln Like  Est Ln P(D)
 3000:    1.00    0.799    0.010 0.010 0.010 0.010 0.010 0.010 0.010 0.010 0.010    0.003 0.003 0.003 0.003 0.003 0.003 0.003 0.003 0.003 0.003 0.003 0.003 0.003 0.003 0.003 0.003 0.003 0.003 0.003 0.003 0.003 0.003 0.003 0.003 0.003 0.003 0.003 0.003 0.003 0.003 0.003 0.003 0.003 0.003 0.003 0.003   -1022905    0 
 3100:    1.00    0.691    0.010 0.010 0.010 0.010 0.010 0.010 0.010 0.010 0.010    0.003 0.003 0.003 0.003 0.003 0.003 0.003 0.003 0.003 0.003 0.003 0.003 0.003 0.003 0.003 0.003 0.003 0.003 0.003 0.003 0.003 0.003 0.003 0.003 0.003 0.003 0.003 0.003 0.003 0.003 0.003 0.003 0.003 0.003 0.003 0.003   -1022201    0 
 3200:    1.00    0.599    0.010 0.010 0.010 0.010 0.010 0.010 0.010 0.010 0.010    0.003 0.003 0.003 0.003 0.003 0.003 0.003 0.003 0.003 0.003 0.003 0.003 0.003 0.003 0.003 0.003 0.003 0.003 0.003 0.003 0.003 0.003 0.003 0.003 0.003 0.003 0.003 0.003 0.003 0.003 0.003 0.003 0.003 0.003 0.003 0.003   -1021463    0 
 3300:    1.00    0.594    0.010 0.010 0.010 0.010 0.010 0.010 0.010 0.010 0.010    0.003 0.003 0.003 0.003 0.003 0.003 0.003 0.003 0.003 0.003 0.003 0.003 0.003 0.003 0.003 0.003 0.003 0.003 0.003 0.003 0.003 0.003 0.003 0.003 0.003 0.003 0.003 0.003 0.003 0.003 0.003 0.003 0.003 0.003 0.003 0.003   -1021079    0 
 3400:    1.00    0.471    0.010 0.010 0.010 0.010 0.010 0.010 0.010 0.011 0.010    0.003 0.003 0.003 0.003 0.003 0.003 0.003 0.003 0.003 0.003 0.003 0.003 0.003 0.003 0.003 0.003 0.003 0.003 0.003 0.003 0.003 0.003 0.003 0.003 0.003 0.003 0.003 0.003 0.003 0.003 0.003 0.003 0.003 0.003 0.003 0.003   -1020293    0 
 3500:    1.00    0.471    0.010 0.010 0.010 0.010 0.010 0.010 0.010 0.011 0.010    0.003 0.003 0.003 0.003 0.003 0.003 0.003 0.003 0.003 0.003 0.003 0.003 0.003 0.003 0.003 0.003 0.003 0.003 0.003 0.003 0.003 0.003 0.003 0.003 0.003 0.003 0.003 0.003 0.003 0.003 0.003 0.003 0.003 0.003 0.003 0.003   -1019393    0 
 3600:    1.00    0.365    0.010 0.010 0.010 0.010 0.010 0.010 0.010 0.011 0.010    0.003 0.003 0.003 0.003 0.003 0.003 0.003 0.003 0.003 0.003 0.003 0.003 0.003 0.003 0.003 0.003 0.003 0.003 0.003 0.003 0.003 0.003 0.003 0.003 0.003 0.003 0.003 0.003 0.003 0.003 0.003 0.003 0.003 0.003 0.003 0.003   -1019011    0 
 3700:    1.00    0.385    0.010 0.010 0.010 0.010 0.010 0.011 0.010 0.012 0.010    0.003 0.003 0.003 0.003 0.003 0.003 0.003 0.003 0.003 0.003 0.003 0.003 0.003 0.003 0.003 0.003 0.003 0.003 0.003 0.003 0.003 0.003 0.003 0.003 0.003 0.003 0.003 0.003 0.003 0.003 0.003 0.004 0.003 0.003 0.003 0.003   -1018260    0 
 3800:    1.00    0.312    0.010 0.010 0.010 0.010 0.010 0.011 0.010 0.013 0.010    0.003 0.003 0.003 0.003 0.003 0.003 0.004 0.003 0.003 0.003 0.003 0.003 0.003 0.004 0.003 0.003 0.003 0.003 0.003 0.004 0.003 0.003 0.003 0.003 0.004 0.003 0.003 0.003 0.004 0.003 0.003 0.004 0.003 0.004 0.003 0.004   -1017839    0 
 3900:    1.00    0.251    0.010 0.010 0.010 0.010 0.010 0.011 0.010 0.014 0.010    0.003 0.003 0.003 0.003 0.003 0.003 0.004 0.003 0.003 0.003 0.003 0.003 0.003 0.004 0.003 0.003 0.003 0.003 0.003 0.004 0.003 0.003 0.003 0.003 0.004 0.003 0.003 0.003 0.004 0.003 0.003 0.004 0.003 0.004 0.003 0.004   -1017371    0 

--------------------------------------------
Proportion of membership of each pre-defined
 population in each of the 9 clusters

Given    Inferred Clusters                                                 Number of
 Pop       1      2      3      4      5      6      7      8      9      Individuals

  1:     0.058  0.111  0.149  0.053  0.053  0.190  0.083  0.235  0.070       23
--------------------------------------------

 Rep#:   Lambda   Alpha      F1    F2    F3    F4    F5    F6    F7    F8    F9     D1,2  D1,3  D1,4  D1,5  D1,6  D1,7  D1,8  D1,9  D2,3  D2,4  D2,5  D2,6  D2,7  D2,8  D2,9  D3,4  D3,5  D3,6  D3,7  D3,8  D3,9  D4,5  D4,6  D4,7  D4,8  D4,9  D5,6  D5,7  D5,8  D5,9  D6,7  D6,8  D6,9  D7,8  D7,9  D8,9    Ln Like  Est Ln P(D)
 4000:    1.00    0.251    0.010 0.010 0.010 0.010 0.010 0.011 0.010 0.014 0.010    0.003 0.003 0.003 0.003 0.003 0.003 0.004 0.003 0.003 0.003 0.003 0.003 0.003 0.004 0.003 0.003 0.003 0.003 0.003 0.004 0.003 0.003 0.003 0.003 0.004 0.003 0.003 0.003 0.004 0.003 0.003 0.004 0.003 0.004 0.003 0.004   -1016510    0 
 4100:    1.00    0.279    0.010 0.010 0.010 0.010 0.010 0.011 0.010 0.014 0.010    0.003 0.003 0.003 0.003 0.003 0.003 0.004 0.003 0.003 0.003 0.003 0.003 0.003 0.004 0.003 0.003 0.003 0.003 0.003 0.004 0.003 0.003 0.003 0.003 0.004 0.003 0.003 0.003 0.004 0.003 0.003 0.004 0.003 0.004 0.003 0.004   -1016286    0 
 4200:    1.00    0.205    0.010 0.010 0.010 0.010 0.010 0.011 0.010 0.016 0.010    0.003 0.003 0.003 0.003 0.003 0.003 0.004 0.003 0.003 0.003 0.003 0.003 0.003 0.004 0.003 0.003 0.003 0.003 0.003 0.004 0.003 0.003 0.003 0.003 0.004 0.003 0.003 0.003 0.004 0.003 0.003 0.004 0.003 0.004 0.003 0.004   -1015224    0 
 4300:    1.00    0.202    0.010 0.010 0.010 0.010 0.010 0.011 0.010 0.017 0.010    0.003 0.003 0.003 0.003 0.003 0.003 0.004 0.003 0.003 0.003 0.003 0.003 0.003 0.004 0.003 0.003 0.003 0.003 0.003 0.004 0.003 0.003 0.003 0.003 0.004 0.003 0.003 0.003 0.004 0.003 0.003 0.004 0.003 0.004 0.003 0.004   -1015178    0 
 4400:    1.00    0.156    0.010 0.010 0.010 0.010 0.010 0.011 0.010 0.021 0.010    0.003 0.003 0.003 0.003 0.003 0.003 0.005 0.003 0.003 0.003 0.003 0.003 0.003 0.005 0.003 0.003 0.003 0.003 0.003 0.005 0.003 0.003 0.003 0.003 0.005 0.003 0.003 0.003 0.005 0.003 0.003 0.005 0.003 0.005 0.003 0.005   -1013247    0 
 4500:    1.00    0.179    0.010 0.010 0.010 0.010 0.010 0.011 0.010 0.029 0.010    0.003 0.003 0.003 0.003 0.003 0.003 0.006 0.003 0.003 0.003 0.003 0.003 0.003 0.006 0.003 0.003 0.003 0.003 0.003 0.006 0.003 0.003 0.003 0.003 0.006 0.003 0.003 0.003 0.006 0.003 0.003 0.006 0.003 0.006 0.003 0.006   -1011306    0 
 4600:    1.00    0.175    0.010 0.010 0.010 0.010 0.010 0.011 0.010 0.031 0.010    0.003 0.003 0.003 0.003 0.003 0.003 0.007 0.003 0.003 0.003 0.003 0.003 0.003 0.007 0.003 0.003 0.003 0.003 0.003 0.007 0.003 0.003 0.003 0.003 0.007 0.003 0.003 0.003 0.007 0.003 0.003 0.007 0.003 0.007 0.003 0.007   -1010661    0 
 4700:    1.00    0.152    0.010 0.010 0.010 0.010 0.010 0.011 0.010 0.051 0.010    0.003 0.003 0.003 0.003 0.003 0.003 0.010 0.003 0.003 0.003 0.003 0.003 0.003 0.010 0.003 0.003 0.003 0.003 0.003 0.010 0.003 0.003 0.003 0.003 0.010 0.003 0.003 0.003 0.010 0.003 0.003 0.010 0.003 0.010 0.003 0.010   -1006060    0 
 4800:    1.00    0.133    0.010 0.010 0.010 0.010 0.010 0.011 0.010 0.062 0.010    0.003 0.003 0.003 0.003 0.003 0.003 0.012 0.003 0.003 0.003 0.003 0.003 0.003 0.012 0.003 0.003 0.003 0.003 0.003 0.012 0.003 0.003 0.003 0.003 0.012 0.003 0.003 0.003 0.012 0.003 0.003 0.012 0.003 0.011 0.003 0.012   -1004387    0 
 4900:    1.00    0.125    0.010 0.010 0.010 0.010 0.010 0.011 0.010 0.085 0.010    0.003 0.003 0.003 0.003 0.003 0.003 0.015 0.003 0.003 0.003 0.003 0.003 0.003 0.015 0.003 0.003 0.003 0.003 0.003 0.015 0.003 0.003 0.003 0.003 0.015 0.003 0.003 0.003 0.015 0.003 0.003 0.015 0.003 0.015 0.003 0.015   -1001303    0 

--------------------------------------------
Proportion of membership of each pre-defined
 population in each of the 9 clusters

Given    Inferred Clusters                                                 Number of
 Pop       1      2      3      4      5      6      7      8      9      Individuals

  1:     0.030  0.107  0.167  0.054  0.069  0.217  0.075  0.225  0.055       23
--------------------------------------------

 Rep#:   Lambda   Alpha      F1    F2    F3    F4    F5    F6    F7    F8    F9     D1,2  D1,3  D1,4  D1,5  D1,6  D1,7  D1,8  D1,9  D2,3  D2,4  D2,5  D2,6  D2,7  D2,8  D2,9  D3,4  D3,5  D3,6  D3,7  D3,8  D3,9  D4,5  D4,6  D4,7  D4,8  D4,9  D5,6  D5,7  D5,8  D5,9  D6,7  D6,8  D6,9  D7,8  D7,9  D8,9    Ln Like  Est Ln P(D)
 5000:    1.00    0.133    0.010 0.010 0.010 0.010 0.010 0.011 0.010 0.101 0.010    0.003 0.003 0.003 0.003 0.003 0.003 0.017 0.003 0.003 0.003 0.003 0.003 0.003 0.017 0.003 0.003 0.003 0.003 0.003 0.017 0.003 0.003 0.003 0.003 0.017 0.003 0.003 0.003 0.017 0.003 0.003 0.017 0.003 0.017 0.003 0.017   -1000007    0 
 5100:    1.00    0.147    0.010 0.010 0.010 0.010 0.010 0.011 0.010 0.105 0.010    0.003 0.003 0.003 0.003 0.003 0.003 0.017 0.003 0.003 0.003 0.003 0.003 0.003 0.017 0.003 0.003 0.003 0.003 0.003 0.017 0.003 0.003 0.003 0.003 0.017 0.003 0.003 0.003 0.017 0.003 0.003 0.018 0.003 0.017 0.003 0.018   -999742    0 
 5200:    1.00    0.154    0.010 0.010 0.010 0.010 0.010 0.012 0.010 0.111 0.010    0.003 0.003 0.003 0.003 0.003 0.003 0.019 0.003 0.003 0.003 0.003 0.003 0.003 0.018 0.003 0.003 0.003 0.003 0.003 0.018 0.003 0.003 0.003 0.003 0.019 0.003 0.003 0.003 0.019 0.003 0.003 0.019 0.003 0.018 0.003 0.018   -998637    0 
 5300:    1.00    0.141    0.010 0.010 0.010 0.010 0.010 0.012 0.010 0.113 0.010    0.003 0.003 0.003 0.003 0.003 0.003 0.019 0.003 0.003 0.003 0.003 0.003 0.003 0.019 0.003 0.003 0.003 0.004 0.003 0.019 0.003 0.003 0.003 0.003 0.019 0.003 0.003 0.003 0.019 0.003 0.003 0.019 0.003 0.019 0.003 0.019   -998339    0 
 5400:    1.00    0.139    0.010 0.010 0.010 0.010 0.010 0.012 0.010 0.118 0.010    0.003 0.003 0.003 0.003 0.003 0.003 0.019 0.003 0.003 0.003 0.003 0.003 0.003 0.019 0.003 0.003 0.003 0.004 0.003 0.019 0.003 0.003 0.003 0.003 0.019 0.003 0.003 0.003 0.019 0.003 0.003 0.020 0.003 0.019 0.003 0.020   -998270    0 
 5500:    1.00    0.119    0.010 0.010 0.010 0.010 0.010 0.013 0.010 0.120 0.010    0.003 0.003 0.003 0.003 0.003 0.003 0.020 0.003 0.003 0.003 0.003 0.003 0.003 0.020 0.003 0.003 0.003 0.003 0.003 0.020 0.003 0.003 0.003 0.003 0.020 0.003 0.003 0.003 0.020 0.003 0.003 0.020 0.004 0.020 0.003 0.020   -998749    0 
 5600:    1.00    0.137    0.010 0.010 0.010 0.010 0.010 0.013 0.010 0.124 0.010    0.003 0.003 0.003 0.003 0.003 0.003 0.020 0.003 0.003 0.003 0.003 0.003 0.003 0.020 0.003 0.003 0.003 0.003 0.003 0.020 0.003 0.003 0.003 0.003 0.020 0.003 0.003 0.003 0.020 0.003 0.003 0.021 0.003 0.020 0.003 0.020   -998375    0 
 5700:    1.00    0.143    0.010 0.010 0.010 0.010 0.010 0.013 0.010 0.129 0.010    0.003 0.003 0.003 0.003 0.003 0.003 0.021 0.003 0.003 0.003 0.003 0.003 0.003 0.021 0.003 0.003 0.003 0.004 0.003 0.021 0.003 0.003 0.004 0.003 0.021 0.003 0.003 0.003 0.021 0.003 0.004 0.022 0.004 0.021 0.003 0.021   -998083    0 
 5800:    1.00    0.154    0.010 0.010 0.010 0.010 0.010 0.013 0.010 0.131 0.010    0.003 0.003 0.003 0.003 0.003 0.003 0.021 0.003 0.003 0.003 0.003 0.003 0.003 0.021 0.003 0.003 0.003 0.004 0.003 0.021 0.003 0.003 0.003 0.003 0.021 0.003 0.003 0.003 0.021 0.003 0.003 0.022 0.003 0.021 0.003 0.021   -997163    0 
 5900:    1.00    0.142    0.010 0.010 0.010 0.010 0.010 0.013 0.010 0.131 0.010    0.003 0.003 0.003 0.003 0.003 0.003 0.021 0.003 0.003 0.003 0.003 0.003 0.003 0.021 0.003 0.003 0.003 0.004 0.003 0.021 0.003 0.003 0.004 0.003 0.021 0.003 0.003 0.003 0.021 0.003 0.004 0.022 0.004 0.021 0.003 0.021   -997538    0 
 6000:    1.00    0.141    0.010 0.010 0.010 0.010 0.010 0.014 0.010 0.135 0.010    0.003 0.003 0.003 0.003 0.004 0.003 0.022 0.003 0.003 0.003 0.003 0.004 0.003 0.022 0.003 0.003 0.003 0.004 0.003 0.022 0.003 0.003 0.004 0.003 0.022 0.003 0.004 0.003 0.022 0.003 0.004 0.023 0.004 0.022 0.003 0.022   -997366    0 

MCMC completed

Inferred ancestry of individuals:
        Label (%Miss) Pop:  Inferred clusters
  1 18160D-09-0    (2)    1 :  0.050 0.143 0.134 0.071 0.281 0.060 0.110 0.027 0.125 
  2 18160D-09-0    (4)    1 :  0.024 0.352 0.169 0.054 0.062 0.049 0.127 0.094 0.069 
  3 18160D-09-0    (2)    1 :  0.023 0.030 0.053 0.054 0.051 0.046 0.023 0.611 0.109 
  4 18160D-09-0    (5)    1 :  0.024 0.024 0.054 0.051 0.071 0.022 0.010 0.675 0.069 
  5 18160D-09-0    (4)    1 :  0.050 0.033 0.055 0.071 0.064 0.011 0.028 0.638 0.049 
  6 18160D-09-0    (4)    1 :  0.025 0.038 0.035 0.047 0.098 0.021 0.012 0.671 0.052 
  7 18160D-09-0    (2)    1 :  0.034 0.053 0.023 0.034 0.099 0.009 0.013 0.669 0.066 
  8 18160D-09-0    (4)    1 :  0.030 0.219 0.248 0.068 0.107 0.076 0.043 0.071 0.138 
  9 18160D-09-0    (2)    1 :  0.047 0.083 0.050 0.013 0.008 0.592 0.040 0.050 0.117 
 10 18160D-09-1    (2)    1 :  0.097 0.019 0.011 0.078 0.008 0.743 0.024 0.007 0.014 
 11 18160D-09-1    (2)    1 :  0.082 0.021 0.037 0.026 0.015 0.587 0.131 0.018 0.084 
 12 18160D-09-1    (2)    1 :  0.164 0.088 0.023 0.073 0.021 0.507 0.064 0.012 0.049 
 13 18160D-09-1    (5)    1 :  0.062 0.073 0.123 0.115 0.085 0.029 0.191 0.117 0.203 
 14 18160D-09-1   (18)    1 :  0.091 0.188 0.193 0.171 0.018 0.028 0.085 0.082 0.144 
 15 18160D-09-1    (4)    1 :  0.061 0.167 0.395 0.017 0.098 0.018 0.117 0.035 0.092 
 16 18160D-09-1    (2)    1 :  0.090 0.021 0.015 0.074 0.022 0.696 0.048 0.018 0.016 
 17 18160D-09-1    (2)    1 :  0.049 0.296 0.066 0.069 0.116 0.053 0.186 0.090 0.075 
 18 18160D-09-1    (2)    1 :  0.137 0.071 0.054 0.277 0.092 0.224 0.105 0.015 0.025 
 19 18160D-09-1    (2)    1 :  0.085 0.157 0.289 0.162 0.059 0.031 0.054 0.070 0.093 
 20 18160D-09-2    (5)    1 :  0.064 0.068 0.113 0.023 0.309 0.038 0.285 0.020 0.080 
 21 18160D-09-2    (5)    1 :  0.085 0.138 0.209 0.152 0.058 0.027 0.238 0.034 0.060 
 22 18160D-09-2    (5)    1 :  0.018 0.019 0.793 0.037 0.014 0.023 0.033 0.007 0.055 
 23 18160D-09-2    (2)    1 :  0.127 0.287 0.192 0.031 0.054 0.038 0.080 0.038 0.153 

Command line arguments:   structure -D 408378 -K 9 -m mainparams -o k9/populations_k9_run8 
Input File:    populations.str
Output File:   k9/populations_k9_run8_f

Run parameters:
   23 individuals
   50160 loci
   9 populations assumed
   1000 Burn-in period
   5000 Reps
RANDOMIZE turned off

--------------------------------------------
Estimated Ln Prob of Data   = -58090519.9
Mean value of ln likelihood = -1015699.0
Variance of ln likelihood   = 114149641.7
Mean value of alpha         = 0.9994

Mean value of Fst_1         = 0.0098
Mean value of Fst_2         = 0.0098
Mean value of Fst_3         = 0.0100
Mean value of Fst_4         = 0.0099
Mean value of Fst_5         = 0.0100
Mean value of Fst_6         = 0.0108
Mean value of Fst_7         = 0.0098
Mean value of Fst_8         = 0.0382
Mean value of Fst_9         = 0.0101


--------------------------------------------
Proportion of membership of each pre-defined
 population in each of the 9 clusters

Given    Inferred Clusters                                                 Number of
 Pop       1      2      3      4      5      6      7      8      9      Individuals

  1:     0.066  0.112  0.145  0.077  0.079  0.171  0.089  0.177  0.084       23
--------------------------------------------
Final results printed to file k9/populations_k9_run8_f

