

----------------------------------------------------
STRUCTURE by Pritchard, Stephens and Donnelly (2000)
     and Falush, Stephens and Pritchard (2003)
       Code by Pritchard, Falush and Hubisz
             Version 2.3.4 (Jul 2012)
----------------------------------------------------


Reading file "mainparams".
datafile is
populations.str
Reading file "extraparams".
Reading file "populations.str".


Data file "populations.str" (truncated) --

Ind:   Label Pop : Genotype_data . . . .
  1: 18160D-09-0    1  :  4   1   3   1   4   1   3  . . . .   2
  1: 18160D-09-0    1  :  4   1   3   1   4   4   4  . . . .   4
  2: 18160D-09-0    1  :  4   1   3   1   4   1   3  . . . .   2
  2: 18160D-09-0    1  :  4   1   3   1   4   4   3  . . . .   4
  3: 18160D-09-0    1  :  4   1   0   0   0   0   3  . . . .   2
  3: 18160D-09-0    1  :  4   3   0   0   0   0   3  . . . .   4
  4: 18160D-09-0    1  :  4   1   3   1   4   1   3  . . . .   2
  4: 18160D-09-0    1  :  4   3   3   1   4   1   3  . . . .   4

      *******   

 22: 18160D-09-2    1  :  4   1   3   1   4   1   3  . . . .   2
 22: 18160D-09-2    1  :  4   3   3   1   4   1   4  . . . .   4
 23: 18160D-09-2    1  :  4   1   3   1   4   1   3  . . . .   2
 23: 18160D-09-2    1  :  4   1   3   1   4   4   4  . . . .   4

Number of alleles per locus: min= 2; ave=2.0; max= 2


--------------------------------------

Finished initialization; starting MCMC 
5000 iterations + 1000 burnin


--------------------------------------------
Proportion of membership of each pre-defined
 population in each of the 9 clusters

Given    Inferred Clusters                                                 Number of
 Pop       1      2      3      4      5      6      7      8      9      Individuals

  1:     0.110  0.109  0.106  0.113  0.112  0.113  0.111  0.115  0.111       23
--------------------------------------------

 Rep#:   Lambda   Alpha      F1    F2    F3    F4    F5    F6    F7    F8    F9     D1,2  D1,3  D1,4  D1,5  D1,6  D1,7  D1,8  D1,9  D2,3  D2,4  D2,5  D2,6  D2,7  D2,8  D2,9  D3,4  D3,5  D3,6  D3,7  D3,8  D3,9  D4,5  D4,6  D4,7  D4,8  D4,9  D5,6  D5,7  D5,8  D5,9  D6,7  D6,8  D6,9  D7,8  D7,9  D8,9    Ln Like 
  100:    1.00    1.742    0.010 0.010 0.010 0.010 0.010 0.010 0.010 0.010 0.010    0.003 0.003 0.003 0.003 0.003 0.003 0.003 0.003 0.003 0.003 0.003 0.003 0.003 0.003 0.003 0.003 0.003 0.003 0.003 0.003 0.003 0.003 0.003 0.003 0.003 0.003 0.003 0.003 0.003 0.003 0.003 0.003 0.003 0.003 0.003 0.003   --  
  200:    1.00    2.462    0.010 0.010 0.010 0.010 0.010 0.010 0.010 0.010 0.010    0.003 0.003 0.003 0.003 0.003 0.003 0.003 0.003 0.003 0.003 0.003 0.003 0.003 0.003 0.003 0.003 0.003 0.003 0.003 0.003 0.003 0.003 0.003 0.003 0.003 0.003 0.003 0.003 0.003 0.003 0.003 0.003 0.003 0.003 0.003 0.003   --  
  300:    1.00    2.845    0.010 0.010 0.010 0.010 0.010 0.010 0.010 0.010 0.010    0.003 0.003 0.003 0.003 0.003 0.003 0.003 0.003 0.003 0.003 0.003 0.003 0.003 0.003 0.003 0.003 0.003 0.003 0.003 0.003 0.003 0.003 0.003 0.003 0.003 0.003 0.003 0.003 0.003 0.003 0.003 0.003 0.003 0.003 0.003 0.003   --  
  400:    1.00    3.685    0.010 0.010 0.010 0.010 0.010 0.010 0.010 0.010 0.010    0.003 0.003 0.003 0.003 0.003 0.003 0.003 0.003 0.003 0.003 0.003 0.003 0.003 0.003 0.003 0.003 0.003 0.003 0.003 0.003 0.003 0.003 0.003 0.003 0.003 0.003 0.003 0.003 0.003 0.003 0.003 0.003 0.003 0.003 0.003 0.003   --  
  500:    1.00    4.019    0.010 0.010 0.010 0.010 0.010 0.010 0.010 0.010 0.010    0.003 0.003 0.003 0.003 0.003 0.003 0.003 0.003 0.003 0.003 0.003 0.003 0.003 0.003 0.003 0.003 0.003 0.003 0.003 0.003 0.003 0.003 0.003 0.003 0.003 0.003 0.003 0.003 0.003 0.003 0.003 0.003 0.003 0.003 0.003 0.003   --  
  600:    1.00    3.913    0.010 0.010 0.010 0.010 0.010 0.010 0.010 0.010 0.010    0.003 0.003 0.003 0.003 0.003 0.003 0.003 0.003 0.003 0.003 0.003 0.003 0.003 0.003 0.003 0.003 0.003 0.003 0.003 0.003 0.003 0.003 0.003 0.003 0.003 0.003 0.003 0.003 0.003 0.003 0.003 0.003 0.003 0.003 0.003 0.003   --  
  700:    1.00    4.140    0.010 0.010 0.010 0.010 0.010 0.010 0.010 0.010 0.010    0.003 0.003 0.003 0.003 0.003 0.003 0.003 0.003 0.003 0.003 0.003 0.003 0.003 0.003 0.003 0.003 0.003 0.003 0.003 0.003 0.003 0.003 0.003 0.003 0.003 0.003 0.003 0.003 0.003 0.003 0.003 0.003 0.003 0.003 0.003 0.003   --  
  800:    1.00    4.106    0.010 0.010 0.010 0.010 0.010 0.010 0.010 0.010 0.010    0.003 0.003 0.003 0.003 0.003 0.003 0.003 0.003 0.003 0.003 0.003 0.003 0.003 0.003 0.003 0.003 0.003 0.003 0.003 0.003 0.003 0.003 0.003 0.003 0.003 0.003 0.003 0.003 0.003 0.003 0.003 0.003 0.003 0.003 0.003 0.003   --  
  900:    1.00    4.255    0.010 0.010 0.010 0.010 0.010 0.010 0.010 0.010 0.010    0.003 0.003 0.003 0.003 0.003 0.003 0.003 0.003 0.003 0.003 0.003 0.003 0.003 0.003 0.003 0.003 0.003 0.003 0.003 0.003 0.003 0.003 0.003 0.003 0.003 0.003 0.003 0.003 0.003 0.003 0.003 0.003 0.003 0.003 0.003 0.003   --  
 1000:    1.00    4.029    0.010 0.010 0.010 0.010 0.010 0.010 0.010 0.010 0.010    0.003 0.003 0.003 0.003 0.003 0.003 0.003 0.003 0.003 0.003 0.003 0.003 0.003 0.003 0.003 0.003 0.003 0.003 0.003 0.003 0.003 0.003 0.003 0.003 0.003 0.003 0.003 0.003 0.003 0.003 0.003 0.003 0.003 0.003 0.003 0.003   --  

BURNIN completed
 Rep#:   Lambda   Alpha      F1    F2    F3    F4    F5    F6    F7    F8    F9     D1,2  D1,3  D1,4  D1,5  D1,6  D1,7  D1,8  D1,9  D2,3  D2,4  D2,5  D2,6  D2,7  D2,8  D2,9  D3,4  D3,5  D3,6  D3,7  D3,8  D3,9  D4,5  D4,6  D4,7  D4,8  D4,9  D5,6  D5,7  D5,8  D5,9  D6,7  D6,8  D6,9  D7,8  D7,9  D8,9    Ln Like  Est Ln P(D)
 1100:    1.00    4.162    0.010 0.010 0.010 0.010 0.010 0.010 0.010 0.010 0.010    0.003 0.003 0.003 0.003 0.003 0.003 0.003 0.003 0.003 0.003 0.003 0.003 0.003 0.003 0.003 0.003 0.003 0.003 0.003 0.003 0.003 0.003 0.003 0.003 0.003 0.003 0.003 0.003 0.003 0.003 0.003 0.003 0.003 0.003 0.003 0.003   -1025902    0 
 1200:    1.00    4.026    0.010 0.010 0.010 0.010 0.010 0.010 0.010 0.010 0.010    0.003 0.003 0.003 0.003 0.003 0.003 0.003 0.003 0.003 0.003 0.003 0.003 0.003 0.003 0.003 0.003 0.003 0.003 0.003 0.003 0.003 0.003 0.003 0.003 0.003 0.003 0.003 0.003 0.003 0.003 0.003 0.003 0.003 0.003 0.003 0.003   -1025754    0 
 1300:    1.00    3.818    0.010 0.010 0.010 0.010 0.010 0.010 0.010 0.010 0.010    0.003 0.003 0.003 0.003 0.003 0.003 0.003 0.003 0.003 0.003 0.003 0.003 0.003 0.003 0.003 0.003 0.003 0.003 0.003 0.003 0.003 0.003 0.003 0.003 0.003 0.003 0.003 0.003 0.003 0.003 0.003 0.003 0.003 0.003 0.003 0.003   -1026290    0 
 1400:    1.00    4.048    0.010 0.010 0.010 0.010 0.010 0.010 0.010 0.010 0.010    0.003 0.003 0.003 0.003 0.003 0.003 0.003 0.003 0.003 0.003 0.003 0.003 0.003 0.003 0.003 0.003 0.003 0.003 0.003 0.003 0.003 0.003 0.003 0.003 0.003 0.003 0.003 0.003 0.003 0.003 0.003 0.003 0.003 0.003 0.003 0.003   -1026186    0 
 1500:    1.00    3.471    0.010 0.010 0.010 0.010 0.010 0.010 0.010 0.010 0.011    0.003 0.003 0.003 0.003 0.003 0.003 0.003 0.003 0.003 0.003 0.003 0.003 0.003 0.003 0.003 0.003 0.003 0.003 0.003 0.003 0.003 0.003 0.003 0.003 0.003 0.003 0.003 0.003 0.003 0.003 0.003 0.003 0.003 0.003 0.003 0.003   -1026221    0 
 1600:    1.00    3.487    0.010 0.010 0.010 0.010 0.010 0.010 0.010 0.010 0.011    0.003 0.003 0.003 0.003 0.003 0.003 0.003 0.003 0.003 0.003 0.003 0.003 0.003 0.003 0.003 0.003 0.003 0.003 0.003 0.003 0.003 0.003 0.003 0.003 0.003 0.003 0.003 0.003 0.003 0.003 0.003 0.003 0.003 0.003 0.003 0.003   -1025944    0 
 1700:    1.00    3.463    0.010 0.010 0.010 0.010 0.010 0.010 0.010 0.010 0.011    0.003 0.003 0.003 0.003 0.003 0.003 0.003 0.003 0.003 0.003 0.003 0.003 0.003 0.003 0.003 0.003 0.003 0.003 0.003 0.003 0.003 0.003 0.003 0.003 0.003 0.003 0.003 0.003 0.003 0.003 0.003 0.003 0.003 0.003 0.003 0.003   -1026230    0 
 1800:    1.00    3.324    0.010 0.010 0.010 0.010 0.010 0.010 0.010 0.010 0.011    0.003 0.003 0.003 0.003 0.003 0.003 0.003 0.003 0.003 0.003 0.003 0.003 0.003 0.003 0.003 0.003 0.003 0.003 0.003 0.003 0.003 0.003 0.003 0.003 0.003 0.003 0.003 0.003 0.003 0.003 0.003 0.003 0.003 0.003 0.003 0.003   -1025997    0 
 1900:    1.00    3.128    0.010 0.010 0.010 0.010 0.010 0.010 0.010 0.010 0.011    0.003 0.003 0.003 0.003 0.003 0.003 0.003 0.003 0.003 0.003 0.003 0.003 0.003 0.003 0.003 0.003 0.003 0.003 0.003 0.003 0.003 0.003 0.003 0.003 0.003 0.003 0.003 0.003 0.003 0.003 0.003 0.003 0.003 0.003 0.003 0.003   -1025940    0 

--------------------------------------------
Proportion of membership of each pre-defined
 population in each of the 9 clusters

Given    Inferred Clusters                                                 Number of
 Pop       1      2      3      4      5      6      7      8      9      Individuals

  1:     0.116  0.117  0.105  0.152  0.093  0.112  0.112  0.093  0.099       23
--------------------------------------------

 Rep#:   Lambda   Alpha      F1    F2    F3    F4    F5    F6    F7    F8    F9     D1,2  D1,3  D1,4  D1,5  D1,6  D1,7  D1,8  D1,9  D2,3  D2,4  D2,5  D2,6  D2,7  D2,8  D2,9  D3,4  D3,5  D3,6  D3,7  D3,8  D3,9  D4,5  D4,6  D4,7  D4,8  D4,9  D5,6  D5,7  D5,8  D5,9  D6,7  D6,8  D6,9  D7,8  D7,9  D8,9    Ln Like  Est Ln P(D)
 2000:    1.00    2.870    0.010 0.010 0.010 0.010 0.010 0.010 0.010 0.010 0.010    0.003 0.003 0.003 0.003 0.003 0.003 0.003 0.003 0.003 0.003 0.003 0.003 0.003 0.003 0.003 0.003 0.003 0.003 0.003 0.003 0.003 0.003 0.003 0.003 0.003 0.003 0.003 0.003 0.003 0.003 0.003 0.003 0.003 0.003 0.003 0.003   -1025665    0 
 2100:    1.00    2.766    0.010 0.010 0.010 0.010 0.010 0.010 0.010 0.010 0.011    0.003 0.003 0.003 0.003 0.003 0.003 0.003 0.003 0.003 0.003 0.003 0.003 0.003 0.003 0.003 0.003 0.003 0.003 0.003 0.003 0.003 0.003 0.003 0.003 0.003 0.003 0.003 0.003 0.003 0.003 0.003 0.003 0.003 0.003 0.003 0.003   -1025559    0 
 2200:    1.00    2.704    0.010 0.010 0.010 0.010 0.010 0.010 0.010 0.010 0.011    0.003 0.003 0.003 0.003 0.003 0.003 0.003 0.003 0.003 0.003 0.003 0.003 0.003 0.003 0.003 0.003 0.003 0.003 0.003 0.003 0.003 0.003 0.003 0.003 0.003 0.003 0.003 0.003 0.003 0.003 0.003 0.003 0.003 0.003 0.003 0.003   -1025437    0 
 2300:    1.00    2.077    0.010 0.010 0.010 0.010 0.010 0.010 0.010 0.010 0.010    0.003 0.003 0.003 0.003 0.003 0.003 0.003 0.003 0.003 0.003 0.003 0.003 0.003 0.003 0.003 0.003 0.003 0.003 0.003 0.003 0.003 0.003 0.003 0.003 0.003 0.003 0.003 0.003 0.003 0.003 0.003 0.003 0.003 0.003 0.003 0.003   -1025364    0 
 2400:    1.00    2.023    0.010 0.010 0.010 0.010 0.010 0.010 0.010 0.010 0.010    0.003 0.003 0.003 0.003 0.003 0.003 0.003 0.003 0.003 0.003 0.003 0.003 0.003 0.003 0.003 0.003 0.003 0.003 0.003 0.003 0.003 0.003 0.003 0.003 0.003 0.003 0.003 0.003 0.003 0.003 0.003 0.003 0.003 0.003 0.003 0.003   -1025097    0 
 2500:    1.00    1.846    0.010 0.010 0.010 0.010 0.010 0.010 0.010 0.010 0.010    0.003 0.003 0.003 0.003 0.003 0.003 0.003 0.003 0.003 0.003 0.003 0.003 0.003 0.003 0.003 0.003 0.003 0.003 0.003 0.003 0.003 0.003 0.003 0.003 0.003 0.003 0.003 0.003 0.003 0.003 0.003 0.003 0.003 0.003 0.003 0.003   -1024736    0 
 2600:    1.00    1.720    0.010 0.010 0.010 0.010 0.010 0.010 0.010 0.010 0.010    0.003 0.003 0.003 0.003 0.003 0.003 0.003 0.003 0.003 0.003 0.003 0.003 0.003 0.003 0.003 0.003 0.003 0.003 0.003 0.003 0.003 0.003 0.003 0.003 0.003 0.003 0.003 0.003 0.003 0.003 0.003 0.003 0.003 0.003 0.003 0.003   -1024267    0 
 2700:    1.00    1.571    0.010 0.010 0.010 0.010 0.010 0.010 0.010 0.010 0.010    0.003 0.003 0.003 0.003 0.003 0.003 0.003 0.003 0.003 0.003 0.003 0.003 0.003 0.003 0.003 0.003 0.003 0.003 0.003 0.003 0.003 0.003 0.003 0.003 0.003 0.003 0.003 0.003 0.003 0.003 0.003 0.003 0.003 0.003 0.003 0.003   -1023832    0 
 2800:    1.00    1.265    0.010 0.010 0.010 0.010 0.010 0.010 0.010 0.010 0.010    0.003 0.003 0.003 0.003 0.003 0.003 0.003 0.003 0.003 0.003 0.003 0.003 0.003 0.003 0.003 0.003 0.003 0.003 0.003 0.003 0.003 0.003 0.003 0.003 0.003 0.003 0.003 0.003 0.003 0.003 0.003 0.003 0.003 0.003 0.003 0.003   -1023213    0 
 2900:    1.00    1.124    0.010 0.010 0.010 0.010 0.010 0.010 0.010 0.010 0.010    0.003 0.003 0.003 0.003 0.003 0.003 0.003 0.003 0.003 0.003 0.003 0.003 0.003 0.003 0.003 0.003 0.003 0.003 0.003 0.003 0.003 0.003 0.003 0.003 0.003 0.003 0.003 0.003 0.003 0.003 0.003 0.003 0.003 0.003 0.003 0.003   -1022661    0 

--------------------------------------------
Proportion of membership of each pre-defined
 population in each of the 9 clusters

Given    Inferred Clusters                                                 Number of
 Pop       1      2      3      4      5      6      7      8      9      Individuals

  1:     0.159  0.107  0.085  0.219  0.067  0.104  0.106  0.073  0.080       23
--------------------------------------------

 Rep#:   Lambda   Alpha      F1    F2    F3    F4    F5    F6    F7    F8    F9     D1,2  D1,3  D1,4  D1,5  D1,6  D1,7  D1,8  D1,9  D2,3  D2,4  D2,5  D2,6  D2,7  D2,8  D2,9  D3,4  D3,5  D3,6  D3,7  D3,8  D3,9  D4,5  D4,6  D4,7  D4,8  D4,9  D5,6  D5,7  D5,8  D5,9  D6,7  D6,8  D6,9  D7,8  D7,9  D8,9    Ln Like  Est Ln P(D)
 3000:    1.00    0.868    0.010 0.010 0.010 0.010 0.010 0.010 0.010 0.010 0.010    0.003 0.003 0.003 0.003 0.003 0.003 0.003 0.003 0.003 0.003 0.003 0.003 0.003 0.003 0.003 0.003 0.003 0.003 0.003 0.003 0.003 0.003 0.003 0.003 0.003 0.003 0.003 0.003 0.003 0.003 0.003 0.003 0.003 0.003 0.003 0.003   -1022100    0 
 3100:    1.00    0.838    0.010 0.010 0.010 0.011 0.010 0.010 0.010 0.010 0.010    0.003 0.003 0.003 0.003 0.003 0.003 0.003 0.003 0.003 0.003 0.003 0.003 0.003 0.003 0.003 0.003 0.003 0.003 0.003 0.003 0.003 0.003 0.003 0.003 0.003 0.003 0.003 0.003 0.003 0.003 0.003 0.003 0.003 0.003 0.003 0.003   -1020549    0 
 3200:    1.00    0.581    0.010 0.010 0.010 0.011 0.010 0.010 0.010 0.010 0.010    0.003 0.003 0.003 0.003 0.003 0.003 0.003 0.003 0.003 0.003 0.003 0.003 0.003 0.003 0.003 0.003 0.003 0.003 0.003 0.003 0.003 0.003 0.003 0.003 0.003 0.003 0.003 0.003 0.003 0.003 0.003 0.003 0.003 0.003 0.003 0.003   -1020024    0 
 3300:    1.00    0.593    0.010 0.010 0.010 0.011 0.010 0.010 0.010 0.010 0.010    0.003 0.003 0.003 0.003 0.003 0.003 0.003 0.003 0.003 0.003 0.003 0.003 0.003 0.003 0.003 0.003 0.003 0.003 0.003 0.003 0.003 0.003 0.003 0.003 0.003 0.003 0.003 0.003 0.003 0.003 0.003 0.003 0.003 0.003 0.003 0.003   -1019449    0 
 3400:    1.00    0.590    0.010 0.010 0.010 0.011 0.010 0.010 0.010 0.010 0.010    0.003 0.003 0.003 0.003 0.003 0.003 0.003 0.003 0.003 0.003 0.003 0.003 0.003 0.003 0.003 0.003 0.003 0.003 0.003 0.003 0.003 0.003 0.003 0.003 0.003 0.003 0.003 0.003 0.003 0.003 0.003 0.003 0.003 0.003 0.003 0.003   -1018984    0 
 3500:    1.00    0.403    0.010 0.010 0.010 0.011 0.010 0.010 0.010 0.010 0.010    0.003 0.003 0.003 0.003 0.003 0.003 0.003 0.003 0.003 0.003 0.003 0.003 0.003 0.003 0.003 0.003 0.003 0.003 0.003 0.003 0.003 0.003 0.003 0.003 0.003 0.003 0.003 0.003 0.003 0.003 0.003 0.003 0.003 0.003 0.003 0.003   -1018883    0 
 3600:    1.00    0.317    0.010 0.010 0.010 0.011 0.010 0.010 0.010 0.010 0.010    0.003 0.003 0.003 0.003 0.003 0.003 0.003 0.003 0.003 0.003 0.003 0.003 0.003 0.003 0.003 0.003 0.003 0.003 0.003 0.003 0.003 0.003 0.003 0.003 0.003 0.003 0.003 0.003 0.003 0.003 0.003 0.003 0.003 0.003 0.003 0.003   -1018507    0 
 3700:    1.00    0.303    0.011 0.010 0.010 0.012 0.010 0.010 0.010 0.010 0.010    0.003 0.003 0.004 0.003 0.003 0.003 0.003 0.003 0.003 0.003 0.003 0.003 0.003 0.003 0.003 0.003 0.003 0.003 0.003 0.003 0.003 0.003 0.003 0.003 0.003 0.004 0.003 0.003 0.003 0.003 0.003 0.003 0.003 0.003 0.003 0.003   -1017456    0 
 3800:    1.00    0.302    0.011 0.010 0.010 0.013 0.010 0.010 0.010 0.010 0.010    0.003 0.003 0.004 0.003 0.003 0.003 0.003 0.003 0.003 0.004 0.003 0.003 0.003 0.003 0.003 0.004 0.003 0.003 0.003 0.003 0.003 0.004 0.004 0.004 0.003 0.004 0.003 0.003 0.003 0.003 0.003 0.003 0.003 0.003 0.003 0.003   -1017519    0 
 3900:    1.00    0.260    0.012 0.010 0.010 0.013 0.010 0.010 0.010 0.010 0.010    0.003 0.003 0.004 0.003 0.003 0.003 0.003 0.003 0.003 0.004 0.003 0.003 0.003 0.003 0.003 0.004 0.003 0.003 0.003 0.003 0.003 0.004 0.004 0.004 0.004 0.004 0.003 0.003 0.003 0.003 0.003 0.003 0.003 0.003 0.003 0.003   -1016440    0 

--------------------------------------------
Proportion of membership of each pre-defined
 population in each of the 9 clusters

Given    Inferred Clusters                                                 Number of
 Pop       1      2      3      4      5      6      7      8      9      Individuals

  1:     0.197  0.102  0.079  0.243  0.052  0.099  0.106  0.048  0.074       23
--------------------------------------------

 Rep#:   Lambda   Alpha      F1    F2    F3    F4    F5    F6    F7    F8    F9     D1,2  D1,3  D1,4  D1,5  D1,6  D1,7  D1,8  D1,9  D2,3  D2,4  D2,5  D2,6  D2,7  D2,8  D2,9  D3,4  D3,5  D3,6  D3,7  D3,8  D3,9  D4,5  D4,6  D4,7  D4,8  D4,9  D5,6  D5,7  D5,8  D5,9  D6,7  D6,8  D6,9  D7,8  D7,9  D8,9    Ln Like  Est Ln P(D)
 4000:    1.00    0.246    0.012 0.010 0.010 0.015 0.010 0.010 0.010 0.010 0.010    0.003 0.003 0.004 0.003 0.003 0.003 0.003 0.003 0.003 0.004 0.003 0.003 0.003 0.003 0.003 0.004 0.003 0.003 0.003 0.003 0.003 0.004 0.004 0.004 0.004 0.004 0.003 0.003 0.003 0.003 0.003 0.003 0.003 0.003 0.003 0.003   -1015707    0 
 4100:    1.00    0.203    0.012 0.010 0.010 0.017 0.010 0.010 0.010 0.010 0.010    0.003 0.003 0.005 0.003 0.003 0.003 0.003 0.003 0.003 0.004 0.003 0.003 0.003 0.003 0.003 0.004 0.003 0.003 0.003 0.003 0.003 0.004 0.004 0.004 0.004 0.004 0.003 0.003 0.003 0.003 0.003 0.003 0.003 0.003 0.003 0.003   -1014722    0 
 4200:    1.00    0.172    0.012 0.010 0.010 0.022 0.010 0.010 0.010 0.010 0.010    0.003 0.003 0.005 0.003 0.003 0.003 0.003 0.003 0.003 0.005 0.003 0.003 0.003 0.003 0.003 0.005 0.003 0.003 0.003 0.003 0.003 0.005 0.005 0.005 0.005 0.005 0.003 0.003 0.003 0.003 0.003 0.003 0.003 0.003 0.003 0.003   -1013514    0 
 4300:    1.00    0.200    0.012 0.010 0.010 0.039 0.010 0.010 0.010 0.010 0.010    0.003 0.003 0.008 0.003 0.003 0.003 0.003 0.003 0.003 0.008 0.003 0.003 0.003 0.003 0.003 0.008 0.003 0.003 0.003 0.003 0.003 0.008 0.008 0.008 0.008 0.008 0.003 0.003 0.003 0.003 0.003 0.003 0.003 0.003 0.003 0.003   -1008586    0 
 4400:    1.00    0.201    0.012 0.010 0.010 0.062 0.010 0.010 0.010 0.010 0.010    0.003 0.003 0.012 0.003 0.003 0.003 0.003 0.003 0.003 0.012 0.003 0.003 0.003 0.003 0.003 0.012 0.003 0.003 0.003 0.003 0.003 0.012 0.012 0.012 0.012 0.012 0.003 0.003 0.003 0.003 0.003 0.003 0.003 0.003 0.003 0.003   -1004369    0 
 4500:    1.00    0.175    0.012 0.010 0.010 0.079 0.010 0.010 0.010 0.010 0.010    0.003 0.003 0.014 0.003 0.003 0.003 0.003 0.003 0.003 0.014 0.003 0.003 0.003 0.003 0.003 0.014 0.003 0.003 0.003 0.003 0.003 0.014 0.014 0.014 0.014 0.014 0.003 0.003 0.003 0.003 0.003 0.003 0.003 0.003 0.003 0.003   -1001720    0 
 4600:    1.00    0.140    0.012 0.010 0.010 0.088 0.010 0.010 0.010 0.010 0.010    0.003 0.003 0.016 0.003 0.003 0.003 0.003 0.003 0.003 0.015 0.003 0.003 0.003 0.003 0.003 0.015 0.003 0.003 0.003 0.003 0.003 0.015 0.015 0.015 0.015 0.015 0.003 0.003 0.003 0.003 0.003 0.003 0.003 0.003 0.003 0.003   -1000975    0 
 4700:    1.00    0.127    0.012 0.010 0.010 0.096 0.010 0.010 0.010 0.010 0.010    0.003 0.003 0.017 0.003 0.003 0.003 0.003 0.003 0.003 0.016 0.003 0.003 0.003 0.003 0.003 0.016 0.003 0.003 0.003 0.003 0.003 0.016 0.016 0.016 0.016 0.016 0.003 0.003 0.003 0.003 0.003 0.003 0.003 0.003 0.003 0.003   -999758    0 
 4800:    1.00    0.162    0.012 0.010 0.010 0.097 0.010 0.010 0.010 0.010 0.010    0.003 0.003 0.017 0.003 0.003 0.003 0.003 0.003 0.003 0.017 0.003 0.003 0.003 0.003 0.003 0.016 0.003 0.003 0.003 0.003 0.003 0.017 0.016 0.017 0.016 0.017 0.003 0.003 0.003 0.003 0.003 0.003 0.003 0.003 0.003 0.003   -999585    0 
 4900:    1.00    0.168    0.012 0.010 0.010 0.103 0.010 0.010 0.010 0.010 0.010    0.003 0.003 0.018 0.003 0.003 0.003 0.003 0.003 0.003 0.017 0.003 0.003 0.003 0.003 0.003 0.017 0.003 0.003 0.003 0.003 0.003 0.017 0.017 0.017 0.017 0.017 0.003 0.003 0.003 0.003 0.003 0.003 0.003 0.003 0.003 0.003   -999119    0 

--------------------------------------------
Proportion of membership of each pre-defined
 population in each of the 9 clusters

Given    Inferred Clusters                                                 Number of
 Pop       1      2      3      4      5      6      7      8      9      Individuals

  1:     0.213  0.126  0.072  0.228  0.036  0.106  0.097  0.043  0.077       23
--------------------------------------------

 Rep#:   Lambda   Alpha      F1    F2    F3    F4    F5    F6    F7    F8    F9     D1,2  D1,3  D1,4  D1,5  D1,6  D1,7  D1,8  D1,9  D2,3  D2,4  D2,5  D2,6  D2,7  D2,8  D2,9  D3,4  D3,5  D3,6  D3,7  D3,8  D3,9  D4,5  D4,6  D4,7  D4,8  D4,9  D5,6  D5,7  D5,8  D5,9  D6,7  D6,8  D6,9  D7,8  D7,9  D8,9    Ln Like  Est Ln P(D)
 5000:    1.00    0.149    0.013 0.010 0.010 0.106 0.010 0.010 0.010 0.010 0.010    0.004 0.004 0.018 0.004 0.004 0.004 0.004 0.004 0.003 0.017 0.003 0.003 0.003 0.003 0.003 0.018 0.003 0.003 0.003 0.003 0.003 0.018 0.018 0.018 0.018 0.018 0.003 0.003 0.003 0.003 0.003 0.003 0.003 0.003 0.003 0.003   -998374    0 
 5100:    1.00    0.136    0.013 0.010 0.010 0.109 0.010 0.010 0.010 0.010 0.010    0.004 0.003 0.019 0.004 0.004 0.004 0.004 0.004 0.003 0.018 0.003 0.003 0.003 0.003 0.003 0.018 0.003 0.003 0.003 0.003 0.003 0.018 0.018 0.018 0.018 0.018 0.003 0.003 0.003 0.003 0.003 0.003 0.003 0.003 0.003 0.003   -997787    0 
 5200:    1.00    0.152    0.014 0.010 0.010 0.113 0.010 0.010 0.010 0.010 0.010    0.004 0.004 0.020 0.004 0.004 0.004 0.004 0.004 0.003 0.019 0.003 0.003 0.003 0.003 0.003 0.019 0.003 0.003 0.003 0.003 0.003 0.019 0.019 0.019 0.019 0.019 0.003 0.003 0.003 0.003 0.003 0.003 0.003 0.003 0.003 0.003   -997082    0 
 5300:    1.00    0.128    0.014 0.010 0.010 0.114 0.010 0.010 0.010 0.010 0.010    0.004 0.004 0.020 0.004 0.004 0.004 0.004 0.004 0.003 0.019 0.003 0.003 0.003 0.003 0.003 0.019 0.003 0.003 0.003 0.003 0.003 0.019 0.019 0.019 0.019 0.019 0.003 0.003 0.003 0.003 0.003 0.003 0.003 0.003 0.003 0.003   -996977    0 
 5400:    1.00    0.133    0.014 0.010 0.010 0.118 0.010 0.010 0.010 0.010 0.010    0.004 0.004 0.020 0.004 0.004 0.004 0.004 0.004 0.003 0.019 0.003 0.003 0.003 0.003 0.003 0.019 0.003 0.003 0.003 0.003 0.003 0.019 0.019 0.019 0.019 0.019 0.003 0.003 0.003 0.003 0.003 0.003 0.003 0.003 0.003 0.003   -997664    0 
 5500:    1.00    0.134    0.014 0.010 0.010 0.121 0.010 0.010 0.010 0.010 0.010    0.004 0.004 0.021 0.004 0.004 0.004 0.004 0.004 0.003 0.020 0.003 0.003 0.003 0.003 0.003 0.020 0.003 0.003 0.003 0.003 0.003 0.020 0.020 0.020 0.020 0.020 0.003 0.003 0.003 0.003 0.003 0.003 0.003 0.003 0.003 0.003   -997130    0 
 5600:    1.00    0.165    0.014 0.010 0.010 0.123 0.010 0.010 0.010 0.010 0.010    0.004 0.004 0.021 0.004 0.004 0.004 0.004 0.004 0.003 0.020 0.003 0.003 0.003 0.003 0.003 0.020 0.003 0.003 0.003 0.003 0.003 0.020 0.020 0.020 0.020 0.020 0.003 0.003 0.003 0.003 0.003 0.003 0.003 0.003 0.003 0.003   -997229    0 
 5700:    1.00    0.111    0.014 0.010 0.010 0.128 0.010 0.010 0.010 0.010 0.010    0.004 0.004 0.022 0.004 0.004 0.004 0.004 0.004 0.003 0.021 0.003 0.003 0.003 0.003 0.003 0.021 0.003 0.003 0.003 0.003 0.003 0.021 0.021 0.021 0.021 0.021 0.003 0.003 0.003 0.003 0.003 0.003 0.003 0.003 0.003 0.003   -996945    0 
 5800:    1.00    0.122    0.014 0.010 0.010 0.131 0.010 0.010 0.010 0.010 0.010    0.004 0.004 0.022 0.004 0.004 0.004 0.004 0.004 0.003 0.021 0.003 0.003 0.003 0.003 0.003 0.021 0.003 0.003 0.003 0.003 0.003 0.021 0.021 0.021 0.021 0.021 0.003 0.003 0.003 0.003 0.003 0.003 0.003 0.003 0.003 0.003   -996884    0 
 5900:    1.00    0.130    0.014 0.010 0.010 0.131 0.010 0.010 0.010 0.010 0.010    0.004 0.004 0.022 0.004 0.004 0.004 0.004 0.004 0.003 0.021 0.003 0.003 0.003 0.003 0.003 0.021 0.003 0.003 0.003 0.003 0.003 0.021 0.021 0.021 0.021 0.021 0.003 0.003 0.003 0.003 0.003 0.003 0.003 0.003 0.003 0.003   -996458    0 
 6000:    1.00    0.109    0.014 0.010 0.010 0.132 0.010 0.010 0.010 0.010 0.010    0.004 0.004 0.022 0.004 0.004 0.004 0.004 0.004 0.003 0.022 0.003 0.003 0.003 0.003 0.003 0.022 0.003 0.003 0.003 0.003 0.003 0.022 0.022 0.021 0.022 0.022 0.003 0.003 0.003 0.003 0.003 0.003 0.003 0.003 0.003 0.003   -996495    0 

MCMC completed

Inferred ancestry of individuals:
        Label (%Miss) Pop:  Inferred clusters
  1 18160D-09-0    (2)    1 :  0.053 0.208 0.167 0.075 0.054 0.105 0.233 0.057 0.047 
  2 18160D-09-0    (4)    1 :  0.020 0.262 0.049 0.109 0.038 0.233 0.154 0.041 0.094 
  3 18160D-09-0    (2)    1 :  0.021 0.046 0.039 0.669 0.056 0.054 0.032 0.061 0.023 
  4 18160D-09-0    (5)    1 :  0.029 0.048 0.014 0.713 0.031 0.060 0.010 0.044 0.051 
  5 18160D-09-0    (4)    1 :  0.031 0.037 0.021 0.685 0.027 0.061 0.033 0.058 0.047 
  6 18160D-09-0    (4)    1 :  0.018 0.033 0.024 0.736 0.009 0.015 0.033 0.058 0.074 
  7 18160D-09-0    (2)    1 :  0.016 0.024 0.021 0.782 0.026 0.031 0.025 0.021 0.053 
  8 18160D-09-0    (4)    1 :  0.057 0.159 0.045 0.129 0.122 0.105 0.081 0.275 0.027 
  9 18160D-09-0    (2)    1 :  0.463 0.028 0.040 0.033 0.113 0.068 0.100 0.116 0.039 
 10 18160D-09-1    (2)    1 :  0.768 0.026 0.098 0.007 0.028 0.015 0.012 0.033 0.014 
 11 18160D-09-1    (2)    1 :  0.655 0.058 0.058 0.018 0.048 0.007 0.039 0.067 0.049 
 12 18160D-09-1    (2)    1 :  0.599 0.024 0.048 0.036 0.027 0.057 0.071 0.028 0.109 
 13 18160D-09-1    (5)    1 :  0.062 0.063 0.037 0.103 0.065 0.270 0.219 0.063 0.118 
 14 18160D-09-1   (18)    1 :  0.035 0.113 0.102 0.057 0.050 0.190 0.287 0.037 0.128 
 15 18160D-09-1    (4)    1 :  0.033 0.326 0.064 0.102 0.056 0.110 0.147 0.061 0.102 
 16 18160D-09-1    (2)    1 :  0.743 0.027 0.092 0.019 0.027 0.014 0.028 0.018 0.032 
 17 18160D-09-1    (2)    1 :  0.017 0.093 0.075 0.045 0.174 0.195 0.098 0.127 0.177 
 18 18160D-09-1    (2)    1 :  0.047 0.085 0.079 0.048 0.068 0.038 0.134 0.045 0.457 
 19 18160D-09-1    (2)    1 :  0.041 0.117 0.081 0.054 0.140 0.346 0.105 0.056 0.061 
 20 18160D-09-2    (5)    1 :  0.021 0.414 0.139 0.041 0.065 0.150 0.053 0.079 0.037 
 21 18160D-09-2    (5)    1 :  0.032 0.139 0.052 0.086 0.099 0.189 0.227 0.134 0.041 
 22 18160D-09-2    (5)    1 :  0.056 0.056 0.598 0.036 0.039 0.037 0.130 0.032 0.017 
 23 18160D-09-2    (2)    1 :  0.075 0.296 0.055 0.058 0.047 0.123 0.156 0.041 0.149 

Command line arguments:   structure -D 465206 -K 9 -m mainparams -o k9/populations_k9_run2 
Input File:    populations.str
Output File:   k9/populations_k9_run2_f

Run parameters:
   23 individuals
   50160 loci
   9 populations assumed
   1000 Burn-in period
   5000 Reps
RANDOMIZE turned off

--------------------------------------------
Estimated Ln Prob of Data   = -69183124.2
Mean value of ln likelihood = -1014236.3
Variance of ln likelihood   = 136337775.8
Mean value of alpha         = 1.2624

Mean value of Fst_1         = 0.0113
Mean value of Fst_2         = 0.0100
Mean value of Fst_3         = 0.0098
Mean value of Fst_4         = 0.0437
Mean value of Fst_5         = 0.0099
Mean value of Fst_6         = 0.0099
Mean value of Fst_7         = 0.0099
Mean value of Fst_8         = 0.0099
Mean value of Fst_9         = 0.0104


--------------------------------------------
Proportion of membership of each pre-defined
 population in each of the 9 clusters

Given    Inferred Clusters                                                 Number of
 Pop       1      2      3      4      5      6      7      8      9      Individuals

  1:     0.169  0.117  0.087  0.202  0.061  0.107  0.105  0.067  0.085       23
--------------------------------------------
Final results printed to file k9/populations_k9_run2_f

