

----------------------------------------------------
STRUCTURE by Pritchard, Stephens and Donnelly (2000)
     and Falush, Stephens and Pritchard (2003)
       Code by Pritchard, Falush and Hubisz
             Version 2.3.4 (Jul 2012)
----------------------------------------------------


Reading file "mainparams".
datafile is
populations.str
Reading file "extraparams".
Reading file "populations.str".


Data file "populations.str" (truncated) --

Ind:   Label Pop : Genotype_data . . . .
  1: 18160D-09-0    1  :  4   1   3   1   4   1   3  . . . .   2
  1: 18160D-09-0    1  :  4   1   3   1   4   4   4  . . . .   4
  2: 18160D-09-0    1  :  4   1   3   1   4   1   3  . . . .   2
  2: 18160D-09-0    1  :  4   1   3   1   4   4   3  . . . .   4
  3: 18160D-09-0    1  :  4   1   0   0   0   0   3  . . . .   2
  3: 18160D-09-0    1  :  4   3   0   0   0   0   3  . . . .   4
  4: 18160D-09-0    1  :  4   1   3   1   4   1   3  . . . .   2
  4: 18160D-09-0    1  :  4   3   3   1   4   1   3  . . . .   4

      *******   

 22: 18160D-09-2    1  :  4   1   3   1   4   1   3  . . . .   2
 22: 18160D-09-2    1  :  4   3   3   1   4   1   4  . . . .   4
 23: 18160D-09-2    1  :  4   1   3   1   4   1   3  . . . .   2
 23: 18160D-09-2    1  :  4   1   3   1   4   4   4  . . . .   4

Number of alleles per locus: min= 2; ave=2.0; max= 2


--------------------------------------

Finished initialization; starting MCMC 
5000 iterations + 1000 burnin


--------------------------------------------
Proportion of membership of each pre-defined
 population in each of the 9 clusters

Given    Inferred Clusters                                                 Number of
 Pop       1      2      3      4      5      6      7      8      9      Individuals

  1:     0.110  0.112  0.117  0.109  0.113  0.109  0.112  0.107  0.112       23
--------------------------------------------

 Rep#:   Lambda   Alpha      F1    F2    F3    F4    F5    F6    F7    F8    F9     D1,2  D1,3  D1,4  D1,5  D1,6  D1,7  D1,8  D1,9  D2,3  D2,4  D2,5  D2,6  D2,7  D2,8  D2,9  D3,4  D3,5  D3,6  D3,7  D3,8  D3,9  D4,5  D4,6  D4,7  D4,8  D4,9  D5,6  D5,7  D5,8  D5,9  D6,7  D6,8  D6,9  D7,8  D7,9  D8,9    Ln Like 
  100:    1.00    1.804    0.010 0.010 0.010 0.010 0.010 0.010 0.010 0.010 0.010    0.003 0.003 0.003 0.003 0.003 0.003 0.003 0.003 0.003 0.003 0.003 0.003 0.003 0.003 0.003 0.003 0.003 0.003 0.003 0.003 0.003 0.003 0.003 0.003 0.003 0.003 0.003 0.003 0.003 0.003 0.003 0.003 0.003 0.003 0.003 0.003   --  
  200:    1.00    2.443    0.010 0.010 0.010 0.010 0.010 0.010 0.010 0.010 0.010    0.003 0.003 0.003 0.003 0.003 0.003 0.003 0.003 0.003 0.003 0.003 0.003 0.003 0.003 0.003 0.003 0.003 0.003 0.003 0.003 0.003 0.003 0.003 0.003 0.003 0.003 0.003 0.003 0.003 0.003 0.003 0.003 0.003 0.003 0.003 0.003   --  
  300:    1.00    2.730    0.010 0.010 0.010 0.010 0.010 0.010 0.010 0.010 0.010    0.003 0.003 0.003 0.003 0.003 0.003 0.003 0.003 0.003 0.003 0.003 0.003 0.003 0.003 0.003 0.003 0.003 0.003 0.003 0.003 0.003 0.003 0.003 0.003 0.003 0.003 0.003 0.003 0.003 0.003 0.003 0.003 0.003 0.003 0.003 0.003   --  
  400:    1.00    2.892    0.010 0.010 0.010 0.010 0.010 0.010 0.010 0.010 0.010    0.003 0.003 0.003 0.003 0.003 0.003 0.003 0.003 0.003 0.003 0.003 0.003 0.003 0.003 0.003 0.003 0.003 0.003 0.003 0.003 0.003 0.003 0.003 0.003 0.003 0.003 0.003 0.003 0.003 0.003 0.003 0.003 0.003 0.003 0.003 0.003   --  
  500:    1.00    3.235    0.010 0.010 0.010 0.010 0.010 0.010 0.010 0.010 0.010    0.003 0.003 0.003 0.003 0.003 0.003 0.003 0.003 0.003 0.003 0.003 0.003 0.003 0.003 0.003 0.003 0.003 0.003 0.003 0.003 0.003 0.003 0.003 0.003 0.003 0.003 0.003 0.003 0.003 0.003 0.003 0.003 0.003 0.003 0.003 0.003   --  
  600:    1.00    3.206    0.010 0.010 0.010 0.010 0.010 0.010 0.010 0.010 0.010    0.003 0.003 0.003 0.003 0.003 0.003 0.003 0.003 0.003 0.003 0.003 0.003 0.003 0.003 0.003 0.003 0.003 0.003 0.003 0.003 0.003 0.003 0.003 0.003 0.003 0.003 0.003 0.003 0.003 0.003 0.003 0.003 0.003 0.003 0.003 0.003   --  
  700:    1.00    3.367    0.010 0.010 0.010 0.010 0.010 0.010 0.010 0.010 0.010    0.003 0.003 0.003 0.003 0.003 0.003 0.003 0.003 0.003 0.003 0.003 0.003 0.003 0.003 0.003 0.003 0.003 0.003 0.003 0.003 0.003 0.003 0.003 0.003 0.003 0.003 0.003 0.003 0.003 0.003 0.003 0.003 0.003 0.003 0.003 0.003   --  
  800:    1.00    3.720    0.010 0.010 0.010 0.010 0.010 0.010 0.010 0.010 0.010    0.003 0.003 0.003 0.003 0.003 0.003 0.003 0.003 0.003 0.003 0.003 0.003 0.003 0.003 0.003 0.003 0.003 0.003 0.003 0.003 0.003 0.003 0.003 0.003 0.003 0.003 0.003 0.003 0.003 0.003 0.003 0.003 0.003 0.003 0.003 0.003   --  
  900:    1.00    3.634    0.010 0.010 0.010 0.010 0.010 0.010 0.010 0.010 0.010    0.003 0.003 0.003 0.003 0.003 0.003 0.003 0.003 0.003 0.003 0.003 0.003 0.003 0.003 0.003 0.003 0.003 0.003 0.003 0.003 0.003 0.003 0.003 0.003 0.003 0.003 0.003 0.003 0.003 0.003 0.003 0.003 0.003 0.003 0.003 0.003   --  
 1000:    1.00    3.476    0.010 0.010 0.010 0.010 0.010 0.010 0.010 0.010 0.010    0.003 0.003 0.003 0.003 0.003 0.003 0.003 0.003 0.003 0.003 0.003 0.003 0.003 0.003 0.003 0.003 0.003 0.003 0.003 0.003 0.003 0.003 0.003 0.003 0.003 0.003 0.003 0.003 0.003 0.003 0.003 0.003 0.003 0.003 0.003 0.003   --  

BURNIN completed
 Rep#:   Lambda   Alpha      F1    F2    F3    F4    F5    F6    F7    F8    F9     D1,2  D1,3  D1,4  D1,5  D1,6  D1,7  D1,8  D1,9  D2,3  D2,4  D2,5  D2,6  D2,7  D2,8  D2,9  D3,4  D3,5  D3,6  D3,7  D3,8  D3,9  D4,5  D4,6  D4,7  D4,8  D4,9  D5,6  D5,7  D5,8  D5,9  D6,7  D6,8  D6,9  D7,8  D7,9  D8,9    Ln Like  Est Ln P(D)
 1100:    1.00    3.375    0.010 0.010 0.010 0.010 0.010 0.010 0.010 0.010 0.010    0.003 0.003 0.003 0.003 0.003 0.003 0.003 0.003 0.003 0.003 0.003 0.003 0.003 0.003 0.003 0.003 0.003 0.003 0.003 0.003 0.003 0.003 0.003 0.003 0.003 0.003 0.003 0.003 0.003 0.003 0.003 0.003 0.003 0.003 0.003 0.003   -1026400    0 
 1200:    1.00    3.509    0.010 0.010 0.010 0.010 0.010 0.010 0.010 0.010 0.010    0.003 0.003 0.003 0.003 0.003 0.003 0.003 0.003 0.003 0.003 0.003 0.003 0.003 0.003 0.003 0.003 0.003 0.003 0.003 0.003 0.003 0.003 0.003 0.003 0.003 0.003 0.003 0.003 0.003 0.003 0.003 0.003 0.003 0.003 0.003 0.003   -1026187    0 
 1300:    1.00    3.258    0.010 0.010 0.010 0.010 0.010 0.010 0.010 0.010 0.010    0.003 0.003 0.003 0.003 0.003 0.003 0.003 0.003 0.003 0.003 0.003 0.003 0.003 0.003 0.003 0.003 0.003 0.003 0.003 0.003 0.003 0.003 0.003 0.003 0.003 0.003 0.003 0.003 0.003 0.003 0.003 0.003 0.003 0.003 0.003 0.003   -1025865    0 
 1400:    1.00    2.997    0.010 0.010 0.010 0.010 0.010 0.010 0.010 0.010 0.010    0.003 0.003 0.003 0.003 0.003 0.003 0.003 0.003 0.003 0.003 0.003 0.003 0.003 0.003 0.003 0.003 0.003 0.003 0.003 0.003 0.003 0.003 0.003 0.003 0.003 0.003 0.003 0.003 0.003 0.003 0.003 0.003 0.003 0.003 0.003 0.003   -1025509    0 
 1500:    1.00    2.528    0.010 0.010 0.010 0.010 0.010 0.010 0.010 0.010 0.010    0.003 0.003 0.003 0.003 0.003 0.003 0.003 0.003 0.003 0.003 0.003 0.003 0.003 0.003 0.003 0.003 0.003 0.003 0.003 0.003 0.003 0.003 0.003 0.003 0.003 0.003 0.003 0.003 0.003 0.003 0.003 0.003 0.003 0.003 0.003 0.003   -1025342    0 
 1600:    1.00    2.352    0.010 0.010 0.010 0.010 0.010 0.010 0.010 0.010 0.010    0.003 0.003 0.003 0.003 0.003 0.003 0.003 0.003 0.003 0.003 0.003 0.003 0.003 0.003 0.003 0.003 0.003 0.003 0.003 0.003 0.003 0.003 0.003 0.003 0.003 0.003 0.003 0.003 0.003 0.003 0.003 0.003 0.003 0.003 0.003 0.003   -1025624    0 
 1700:    1.00    2.230    0.010 0.010 0.010 0.010 0.010 0.010 0.010 0.010 0.010    0.003 0.003 0.003 0.003 0.003 0.003 0.003 0.003 0.003 0.003 0.003 0.003 0.003 0.003 0.003 0.003 0.003 0.003 0.003 0.003 0.003 0.003 0.003 0.003 0.003 0.003 0.003 0.003 0.003 0.003 0.003 0.003 0.003 0.003 0.003 0.003   -1024880    0 
 1800:    1.00    1.606    0.010 0.010 0.010 0.010 0.010 0.010 0.010 0.010 0.010    0.003 0.003 0.003 0.003 0.003 0.003 0.003 0.003 0.003 0.003 0.003 0.003 0.003 0.003 0.003 0.003 0.003 0.003 0.003 0.003 0.003 0.003 0.003 0.003 0.003 0.003 0.003 0.003 0.003 0.003 0.003 0.003 0.003 0.003 0.003 0.003   -1024471    0 
 1900:    1.00    1.340    0.010 0.010 0.010 0.010 0.010 0.010 0.010 0.010 0.010    0.003 0.003 0.003 0.003 0.003 0.003 0.003 0.003 0.003 0.003 0.003 0.003 0.003 0.003 0.003 0.003 0.003 0.003 0.003 0.003 0.003 0.003 0.003 0.003 0.003 0.003 0.003 0.003 0.003 0.003 0.003 0.003 0.003 0.003 0.003 0.003   -1024210    0 

--------------------------------------------
Proportion of membership of each pre-defined
 population in each of the 9 clusters

Given    Inferred Clusters                                                 Number of
 Pop       1      2      3      4      5      6      7      8      9      Individuals

  1:     0.103  0.111  0.083  0.087  0.098  0.092  0.212  0.104  0.110       23
--------------------------------------------

 Rep#:   Lambda   Alpha      F1    F2    F3    F4    F5    F6    F7    F8    F9     D1,2  D1,3  D1,4  D1,5  D1,6  D1,7  D1,8  D1,9  D2,3  D2,4  D2,5  D2,6  D2,7  D2,8  D2,9  D3,4  D3,5  D3,6  D3,7  D3,8  D3,9  D4,5  D4,6  D4,7  D4,8  D4,9  D5,6  D5,7  D5,8  D5,9  D6,7  D6,8  D6,9  D7,8  D7,9  D8,9    Ln Like  Est Ln P(D)
 2000:    1.00    1.153    0.010 0.010 0.010 0.010 0.010 0.010 0.010 0.010 0.010    0.003 0.003 0.003 0.003 0.003 0.003 0.003 0.003 0.003 0.003 0.003 0.003 0.003 0.003 0.003 0.003 0.003 0.003 0.003 0.003 0.003 0.003 0.003 0.003 0.003 0.003 0.003 0.003 0.003 0.003 0.003 0.003 0.003 0.003 0.003 0.003   -1023783    0 
 2100:    1.00    1.153    0.010 0.010 0.010 0.010 0.010 0.010 0.010 0.010 0.010    0.003 0.003 0.003 0.003 0.003 0.003 0.003 0.003 0.003 0.003 0.003 0.003 0.003 0.003 0.003 0.003 0.003 0.003 0.003 0.003 0.003 0.003 0.003 0.003 0.003 0.003 0.003 0.003 0.003 0.003 0.003 0.003 0.003 0.003 0.003 0.003   -1023137    0 
 2200:    1.00    0.869    0.010 0.010 0.010 0.010 0.010 0.010 0.010 0.010 0.010    0.003 0.003 0.003 0.003 0.003 0.003 0.003 0.003 0.003 0.003 0.003 0.003 0.003 0.003 0.003 0.003 0.003 0.003 0.003 0.003 0.003 0.003 0.003 0.003 0.003 0.003 0.003 0.003 0.003 0.003 0.003 0.003 0.003 0.003 0.003 0.003   -1022386    0 
 2300:    1.00    0.779    0.010 0.010 0.010 0.010 0.010 0.010 0.010 0.010 0.010    0.003 0.003 0.003 0.003 0.003 0.003 0.003 0.003 0.003 0.003 0.003 0.003 0.003 0.003 0.003 0.003 0.003 0.003 0.003 0.003 0.003 0.003 0.003 0.003 0.003 0.003 0.003 0.003 0.003 0.003 0.003 0.003 0.003 0.003 0.003 0.003   -1021614    0 
 2400:    1.00    0.679    0.010 0.010 0.010 0.010 0.010 0.010 0.010 0.010 0.010    0.003 0.003 0.003 0.003 0.003 0.003 0.003 0.003 0.003 0.003 0.003 0.003 0.003 0.003 0.003 0.003 0.003 0.003 0.003 0.003 0.003 0.003 0.003 0.003 0.003 0.003 0.003 0.003 0.003 0.003 0.003 0.003 0.003 0.003 0.003 0.003   -1020868    0 
 2500:    1.00    0.565    0.011 0.010 0.010 0.010 0.010 0.010 0.010 0.010 0.010    0.003 0.003 0.003 0.003 0.003 0.003 0.003 0.003 0.003 0.003 0.003 0.003 0.003 0.003 0.003 0.003 0.003 0.003 0.003 0.003 0.003 0.003 0.003 0.003 0.003 0.003 0.003 0.003 0.003 0.003 0.003 0.003 0.003 0.003 0.003 0.003   -1020435    0 
 2600:    1.00    0.471    0.011 0.010 0.010 0.010 0.010 0.010 0.010 0.010 0.010    0.003 0.003 0.003 0.003 0.003 0.003 0.003 0.003 0.003 0.003 0.003 0.003 0.003 0.003 0.003 0.003 0.003 0.003 0.003 0.003 0.003 0.003 0.003 0.003 0.003 0.003 0.003 0.003 0.003 0.003 0.003 0.003 0.003 0.003 0.003 0.003   -1019907    0 
 2700:    1.00    0.430    0.011 0.010 0.010 0.010 0.010 0.010 0.011 0.010 0.010    0.003 0.003 0.003 0.003 0.003 0.003 0.003 0.003 0.003 0.003 0.003 0.003 0.003 0.003 0.003 0.003 0.003 0.003 0.003 0.003 0.003 0.003 0.003 0.003 0.003 0.003 0.003 0.003 0.003 0.003 0.003 0.003 0.003 0.003 0.003 0.003   -1018927    0 
 2800:    1.00    0.348    0.011 0.010 0.010 0.010 0.010 0.010 0.012 0.010 0.010    0.003 0.003 0.003 0.003 0.003 0.003 0.003 0.003 0.003 0.003 0.003 0.003 0.003 0.003 0.003 0.003 0.003 0.003 0.003 0.003 0.003 0.003 0.003 0.003 0.003 0.003 0.003 0.003 0.003 0.003 0.003 0.003 0.003 0.003 0.003 0.003   -1018494    0 
 2900:    1.00    0.294    0.011 0.010 0.010 0.010 0.010 0.010 0.014 0.010 0.010    0.003 0.003 0.003 0.003 0.003 0.004 0.003 0.003 0.003 0.003 0.003 0.003 0.004 0.003 0.003 0.003 0.003 0.003 0.004 0.003 0.003 0.003 0.003 0.004 0.003 0.003 0.003 0.004 0.003 0.003 0.004 0.003 0.003 0.004 0.004 0.003   -1017773    0 

--------------------------------------------
Proportion of membership of each pre-defined
 population in each of the 9 clusters

Given    Inferred Clusters                                                 Number of
 Pop       1      2      3      4      5      6      7      8      9      Individuals

  1:     0.104  0.147  0.069  0.072  0.079  0.094  0.237  0.092  0.105       23
--------------------------------------------

 Rep#:   Lambda   Alpha      F1    F2    F3    F4    F5    F6    F7    F8    F9     D1,2  D1,3  D1,4  D1,5  D1,6  D1,7  D1,8  D1,9  D2,3  D2,4  D2,5  D2,6  D2,7  D2,8  D2,9  D3,4  D3,5  D3,6  D3,7  D3,8  D3,9  D4,5  D4,6  D4,7  D4,8  D4,9  D5,6  D5,7  D5,8  D5,9  D6,7  D6,8  D6,9  D7,8  D7,9  D8,9    Ln Like  Est Ln P(D)
 3000:    1.00    0.222    0.011 0.010 0.010 0.010 0.010 0.010 0.015 0.010 0.010    0.003 0.003 0.003 0.003 0.003 0.004 0.003 0.003 0.003 0.003 0.003 0.003 0.004 0.003 0.003 0.003 0.003 0.003 0.004 0.003 0.003 0.003 0.003 0.004 0.003 0.003 0.003 0.004 0.003 0.003 0.004 0.003 0.003 0.004 0.004 0.003   -1016810    0 
 3100:    1.00    0.222    0.011 0.010 0.010 0.010 0.010 0.010 0.018 0.010 0.010    0.003 0.003 0.003 0.003 0.003 0.004 0.003 0.003 0.003 0.003 0.003 0.003 0.004 0.003 0.003 0.003 0.003 0.003 0.004 0.003 0.003 0.003 0.003 0.004 0.003 0.003 0.003 0.004 0.003 0.003 0.004 0.003 0.003 0.004 0.004 0.003   -1016059    0 
 3200:    1.00    0.240    0.011 0.010 0.010 0.010 0.010 0.010 0.021 0.010 0.010    0.003 0.003 0.003 0.003 0.003 0.005 0.003 0.003 0.003 0.003 0.003 0.003 0.005 0.003 0.003 0.003 0.003 0.003 0.005 0.003 0.003 0.003 0.003 0.005 0.003 0.003 0.003 0.005 0.003 0.003 0.005 0.003 0.003 0.005 0.005 0.003   -1014910    0 
 3300:    1.00    0.258    0.011 0.010 0.010 0.010 0.010 0.010 0.027 0.010 0.010    0.003 0.003 0.003 0.003 0.003 0.006 0.003 0.003 0.003 0.003 0.003 0.003 0.006 0.003 0.003 0.003 0.003 0.003 0.006 0.003 0.003 0.003 0.003 0.006 0.003 0.003 0.003 0.006 0.003 0.003 0.006 0.003 0.003 0.006 0.006 0.003   -1013132    0 
 3400:    1.00    0.194    0.011 0.010 0.010 0.010 0.010 0.010 0.037 0.010 0.010    0.003 0.003 0.003 0.003 0.003 0.008 0.003 0.003 0.003 0.003 0.003 0.003 0.008 0.003 0.003 0.003 0.003 0.003 0.007 0.003 0.003 0.003 0.003 0.008 0.003 0.003 0.003 0.008 0.003 0.003 0.008 0.003 0.003 0.008 0.008 0.003   -1010253    0 
 3500:    1.00    0.203    0.011 0.010 0.010 0.010 0.010 0.010 0.061 0.010 0.010    0.003 0.003 0.003 0.003 0.003 0.011 0.003 0.003 0.003 0.003 0.003 0.003 0.012 0.003 0.003 0.003 0.003 0.003 0.011 0.003 0.003 0.003 0.003 0.011 0.003 0.003 0.003 0.011 0.003 0.003 0.011 0.003 0.003 0.011 0.011 0.003   -1005638    0 
 3600:    1.00    0.160    0.011 0.010 0.010 0.010 0.010 0.010 0.098 0.010 0.010    0.003 0.003 0.003 0.003 0.003 0.017 0.003 0.003 0.003 0.003 0.003 0.003 0.017 0.003 0.003 0.003 0.003 0.003 0.016 0.003 0.003 0.003 0.003 0.017 0.003 0.003 0.003 0.017 0.003 0.003 0.017 0.003 0.003 0.017 0.017 0.003   -1001411    0 
 3700:    1.00    0.188    0.011 0.010 0.010 0.010 0.010 0.010 0.105 0.010 0.010    0.003 0.003 0.003 0.003 0.003 0.018 0.003 0.003 0.003 0.003 0.003 0.003 0.018 0.003 0.003 0.003 0.003 0.003 0.017 0.003 0.003 0.003 0.003 0.017 0.003 0.003 0.003 0.017 0.003 0.003 0.017 0.003 0.003 0.017 0.017 0.003   -1000421    0 
 3800:    1.00    0.166    0.011 0.011 0.010 0.010 0.010 0.010 0.110 0.010 0.010    0.003 0.003 0.003 0.003 0.003 0.018 0.003 0.003 0.003 0.003 0.003 0.003 0.019 0.003 0.003 0.003 0.003 0.003 0.018 0.003 0.003 0.003 0.003 0.018 0.003 0.003 0.003 0.018 0.003 0.003 0.018 0.003 0.003 0.018 0.018 0.003   -1000403    0 
 3900:    1.00    0.160    0.010 0.011 0.010 0.010 0.010 0.010 0.114 0.010 0.010    0.003 0.003 0.003 0.003 0.003 0.019 0.003 0.003 0.003 0.003 0.003 0.003 0.019 0.003 0.003 0.003 0.003 0.003 0.019 0.003 0.003 0.003 0.003 0.019 0.003 0.003 0.003 0.019 0.003 0.003 0.019 0.003 0.003 0.019 0.019 0.003   -999994    0 

--------------------------------------------
Proportion of membership of each pre-defined
 population in each of the 9 clusters

Given    Inferred Clusters                                                 Number of
 Pop       1      2      3      4      5      6      7      8      9      Individuals

  1:     0.117  0.160  0.078  0.079  0.091  0.090  0.226  0.070  0.088       23
--------------------------------------------

 Rep#:   Lambda   Alpha      F1    F2    F3    F4    F5    F6    F7    F8    F9     D1,2  D1,3  D1,4  D1,5  D1,6  D1,7  D1,8  D1,9  D2,3  D2,4  D2,5  D2,6  D2,7  D2,8  D2,9  D3,4  D3,5  D3,6  D3,7  D3,8  D3,9  D4,5  D4,6  D4,7  D4,8  D4,9  D5,6  D5,7  D5,8  D5,9  D6,7  D6,8  D6,9  D7,8  D7,9  D8,9    Ln Like  Est Ln P(D)
 4000:    1.00    0.169    0.010 0.011 0.010 0.010 0.010 0.010 0.115 0.010 0.010    0.003 0.003 0.003 0.003 0.003 0.019 0.003 0.003 0.003 0.003 0.003 0.003 0.019 0.003 0.003 0.003 0.003 0.003 0.019 0.003 0.003 0.003 0.003 0.019 0.003 0.003 0.003 0.019 0.003 0.003 0.019 0.003 0.003 0.019 0.019 0.003   -999725    0 
 4100:    1.00    0.166    0.010 0.011 0.010 0.010 0.010 0.010 0.116 0.010 0.010    0.003 0.003 0.003 0.003 0.003 0.019 0.003 0.003 0.003 0.003 0.003 0.003 0.020 0.003 0.003 0.003 0.003 0.003 0.019 0.003 0.003 0.003 0.003 0.019 0.003 0.003 0.003 0.019 0.003 0.003 0.019 0.003 0.003 0.019 0.019 0.003   -999616    0 
 4200:    1.00    0.155    0.010 0.011 0.010 0.010 0.010 0.010 0.122 0.010 0.010    0.003 0.003 0.003 0.003 0.003 0.020 0.003 0.003 0.003 0.003 0.003 0.003 0.020 0.003 0.003 0.003 0.003 0.003 0.020 0.003 0.003 0.003 0.003 0.020 0.003 0.003 0.003 0.020 0.003 0.003 0.020 0.003 0.003 0.020 0.020 0.003   -999464    0 
 4300:    1.00    0.160    0.010 0.011 0.010 0.010 0.010 0.010 0.126 0.010 0.010    0.003 0.003 0.003 0.003 0.003 0.021 0.003 0.003 0.003 0.003 0.003 0.003 0.021 0.003 0.003 0.003 0.003 0.003 0.021 0.003 0.003 0.003 0.003 0.021 0.003 0.003 0.003 0.021 0.003 0.003 0.021 0.003 0.003 0.021 0.021 0.003   -998889    0 
 4400:    1.00    0.176    0.010 0.011 0.010 0.010 0.010 0.010 0.126 0.010 0.010    0.003 0.003 0.003 0.003 0.003 0.021 0.003 0.003 0.003 0.003 0.003 0.003 0.021 0.003 0.003 0.003 0.003 0.003 0.021 0.003 0.003 0.003 0.003 0.021 0.003 0.003 0.003 0.021 0.003 0.003 0.021 0.003 0.003 0.021 0.021 0.003   -998492    0 
 4500:    1.00    0.165    0.010 0.011 0.010 0.010 0.010 0.010 0.126 0.010 0.010    0.003 0.003 0.003 0.003 0.003 0.020 0.003 0.003 0.003 0.003 0.003 0.003 0.021 0.003 0.003 0.003 0.003 0.003 0.020 0.003 0.003 0.003 0.003 0.020 0.003 0.003 0.003 0.020 0.003 0.003 0.020 0.003 0.003 0.021 0.020 0.003   -998824    0 
 4600:    1.00    0.171    0.010 0.011 0.010 0.010 0.010 0.010 0.127 0.010 0.010    0.003 0.003 0.003 0.003 0.003 0.021 0.003 0.003 0.003 0.003 0.003 0.003 0.021 0.003 0.003 0.003 0.003 0.003 0.021 0.003 0.003 0.003 0.003 0.021 0.003 0.003 0.003 0.021 0.003 0.003 0.021 0.003 0.003 0.021 0.021 0.003   -998366    0 
 4700:    1.00    0.179    0.010 0.011 0.010 0.010 0.010 0.010 0.127 0.010 0.010    0.003 0.003 0.003 0.003 0.003 0.021 0.003 0.003 0.003 0.003 0.003 0.003 0.021 0.003 0.003 0.003 0.003 0.003 0.021 0.003 0.003 0.003 0.003 0.021 0.003 0.003 0.003 0.021 0.003 0.003 0.021 0.003 0.003 0.021 0.021 0.003   -998564    0 
 4800:    1.00    0.156    0.010 0.011 0.010 0.010 0.010 0.010 0.129 0.010 0.010    0.003 0.003 0.003 0.003 0.003 0.021 0.003 0.003 0.003 0.003 0.003 0.003 0.022 0.003 0.003 0.003 0.003 0.003 0.021 0.003 0.003 0.003 0.003 0.021 0.003 0.003 0.003 0.021 0.003 0.003 0.021 0.003 0.003 0.021 0.021 0.003   -997963    0 
 4900:    1.00    0.171    0.010 0.012 0.010 0.010 0.010 0.010 0.131 0.010 0.010    0.003 0.003 0.003 0.003 0.003 0.021 0.003 0.003 0.003 0.003 0.003 0.003 0.022 0.003 0.003 0.003 0.003 0.003 0.021 0.003 0.003 0.003 0.003 0.021 0.003 0.003 0.003 0.021 0.003 0.003 0.021 0.003 0.003 0.021 0.021 0.003   -997507    0 

--------------------------------------------
Proportion of membership of each pre-defined
 population in each of the 9 clusters

Given    Inferred Clusters                                                 Number of
 Pop       1      2      3      4      5      6      7      8      9      Individuals

  1:     0.131  0.182  0.096  0.065  0.101  0.070  0.226  0.058  0.072       23
--------------------------------------------

 Rep#:   Lambda   Alpha      F1    F2    F3    F4    F5    F6    F7    F8    F9     D1,2  D1,3  D1,4  D1,5  D1,6  D1,7  D1,8  D1,9  D2,3  D2,4  D2,5  D2,6  D2,7  D2,8  D2,9  D3,4  D3,5  D3,6  D3,7  D3,8  D3,9  D4,5  D4,6  D4,7  D4,8  D4,9  D5,6  D5,7  D5,8  D5,9  D6,7  D6,8  D6,9  D7,8  D7,9  D8,9    Ln Like  Est Ln P(D)
 5000:    1.00    0.146    0.010 0.012 0.010 0.010 0.010 0.010 0.131 0.010 0.010    0.003 0.003 0.003 0.003 0.003 0.021 0.003 0.003 0.003 0.003 0.003 0.003 0.021 0.003 0.003 0.003 0.003 0.003 0.021 0.003 0.003 0.003 0.003 0.021 0.003 0.003 0.003 0.021 0.003 0.003 0.021 0.003 0.003 0.021 0.021 0.003   -997798    0 
 5100:    1.00    0.120    0.010 0.012 0.010 0.010 0.010 0.010 0.130 0.010 0.010    0.003 0.003 0.003 0.003 0.003 0.021 0.003 0.003 0.003 0.003 0.003 0.003 0.022 0.003 0.003 0.003 0.003 0.003 0.021 0.003 0.003 0.003 0.003 0.021 0.003 0.003 0.003 0.021 0.003 0.003 0.021 0.003 0.003 0.021 0.021 0.003   -997471    0 
 5200:    1.00    0.129    0.010 0.012 0.010 0.010 0.010 0.010 0.134 0.010 0.010    0.003 0.003 0.003 0.003 0.003 0.022 0.003 0.003 0.003 0.003 0.003 0.003 0.022 0.003 0.003 0.003 0.003 0.003 0.022 0.003 0.003 0.003 0.003 0.022 0.003 0.003 0.003 0.022 0.003 0.003 0.022 0.003 0.003 0.022 0.022 0.003   -997418    0 
 5300:    1.00    0.126    0.010 0.012 0.010 0.010 0.010 0.010 0.133 0.010 0.010    0.003 0.003 0.003 0.003 0.003 0.022 0.003 0.003 0.003 0.003 0.003 0.003 0.022 0.003 0.003 0.003 0.003 0.003 0.022 0.003 0.003 0.003 0.003 0.022 0.003 0.003 0.003 0.022 0.003 0.003 0.021 0.003 0.003 0.022 0.021 0.003   -997157    0 
 5400:    1.00    0.126    0.010 0.012 0.010 0.010 0.010 0.010 0.133 0.010 0.010    0.003 0.003 0.003 0.003 0.003 0.022 0.003 0.003 0.003 0.003 0.003 0.003 0.022 0.003 0.003 0.003 0.003 0.003 0.022 0.003 0.003 0.003 0.003 0.022 0.003 0.003 0.003 0.022 0.003 0.003 0.022 0.003 0.003 0.022 0.022 0.003   -997460    0 
 5500:    1.00    0.152    0.010 0.012 0.010 0.010 0.010 0.010 0.132 0.010 0.010    0.003 0.003 0.003 0.003 0.003 0.022 0.003 0.003 0.003 0.003 0.003 0.003 0.022 0.003 0.003 0.003 0.003 0.003 0.022 0.003 0.003 0.003 0.003 0.022 0.003 0.003 0.003 0.022 0.003 0.003 0.022 0.003 0.003 0.022 0.022 0.003   -997080    0 
 5600:    1.00    0.118    0.010 0.012 0.010 0.010 0.010 0.010 0.132 0.010 0.010    0.003 0.003 0.003 0.003 0.003 0.021 0.003 0.003 0.003 0.003 0.003 0.003 0.022 0.004 0.003 0.003 0.003 0.003 0.022 0.003 0.003 0.003 0.003 0.022 0.003 0.003 0.003 0.021 0.003 0.003 0.022 0.003 0.003 0.022 0.021 0.003   -997211    0 
 5700:    1.00    0.108    0.010 0.012 0.010 0.010 0.010 0.010 0.133 0.010 0.010    0.003 0.003 0.003 0.003 0.003 0.022 0.003 0.003 0.003 0.003 0.003 0.003 0.022 0.003 0.003 0.003 0.003 0.003 0.022 0.003 0.003 0.003 0.003 0.022 0.003 0.003 0.003 0.022 0.003 0.003 0.022 0.003 0.003 0.022 0.022 0.003   -997055    0 
 5800:    1.00    0.104    0.010 0.013 0.010 0.010 0.010 0.010 0.136 0.010 0.010    0.004 0.003 0.003 0.003 0.003 0.022 0.003 0.003 0.004 0.004 0.003 0.003 0.023 0.004 0.003 0.003 0.003 0.003 0.022 0.003 0.003 0.003 0.003 0.022 0.003 0.003 0.003 0.022 0.003 0.003 0.022 0.003 0.003 0.022 0.022 0.003   -996766    0 
 5900:    1.00    0.105    0.010 0.013 0.010 0.010 0.010 0.010 0.136 0.010 0.010    0.004 0.003 0.003 0.003 0.003 0.022 0.003 0.003 0.004 0.004 0.003 0.004 0.022 0.004 0.003 0.003 0.003 0.003 0.022 0.003 0.003 0.003 0.003 0.022 0.003 0.003 0.003 0.022 0.003 0.003 0.022 0.003 0.003 0.022 0.022 0.003   -997009    0 
 6000:    1.00    0.088    0.010 0.013 0.010 0.010 0.010 0.010 0.135 0.010 0.010    0.004 0.003 0.003 0.003 0.003 0.022 0.003 0.003 0.003 0.004 0.003 0.003 0.023 0.004 0.003 0.003 0.003 0.003 0.022 0.003 0.003 0.003 0.003 0.022 0.003 0.003 0.003 0.022 0.003 0.003 0.022 0.003 0.003 0.022 0.022 0.003   -996123    0 

MCMC completed

Inferred ancestry of individuals:
        Label (%Miss) Pop:  Inferred clusters
  1 18160D-09-0    (2)    1 :  0.047 0.027 0.063 0.331 0.094 0.184 0.118 0.034 0.101 
  2 18160D-09-0    (4)    1 :  0.540 0.024 0.031 0.079 0.032 0.092 0.091 0.041 0.070 
  3 18160D-09-0    (2)    1 :  0.010 0.014 0.037 0.028 0.016 0.011 0.775 0.091 0.018 
  4 18160D-09-0    (5)    1 :  0.010 0.005 0.008 0.015 0.023 0.016 0.906 0.004 0.013 
  5 18160D-09-0    (4)    1 :  0.023 0.029 0.006 0.034 0.033 0.012 0.844 0.005 0.015 
  6 18160D-09-0    (4)    1 :  0.020 0.016 0.034 0.019 0.029 0.015 0.840 0.010 0.017 
  7 18160D-09-0    (2)    1 :  0.015 0.024 0.026 0.015 0.010 0.010 0.871 0.016 0.013 
  8 18160D-09-0    (4)    1 :  0.203 0.032 0.086 0.015 0.033 0.004 0.030 0.137 0.460 
  9 18160D-09-0    (2)    1 :  0.049 0.263 0.105 0.123 0.038 0.172 0.008 0.168 0.075 
 10 18160D-09-1    (2)    1 :  0.013 0.812 0.028 0.009 0.043 0.025 0.004 0.049 0.017 
 11 18160D-09-1    (2)    1 :  0.020 0.683 0.018 0.004 0.033 0.097 0.014 0.083 0.046 
 12 18160D-09-1    (2)    1 :  0.054 0.397 0.036 0.060 0.041 0.089 0.017 0.211 0.093 
 13 18160D-09-1    (5)    1 :  0.152 0.014 0.038 0.056 0.277 0.241 0.060 0.066 0.097 
 14 18160D-09-1   (18)    1 :  0.078 0.079 0.013 0.215 0.228 0.090 0.135 0.077 0.086 
 15 18160D-09-1    (4)    1 :  0.126 0.035 0.048 0.182 0.372 0.090 0.032 0.030 0.086 
 16 18160D-09-1    (2)    1 :  0.026 0.796 0.036 0.022 0.031 0.019 0.012 0.022 0.036 
 17 18160D-09-1    (2)    1 :  0.120 0.034 0.070 0.031 0.156 0.173 0.054 0.237 0.126 
 18 18160D-09-1    (2)    1 :  0.027 0.009 0.481 0.046 0.039 0.088 0.027 0.111 0.174 
 19 18160D-09-1    (2)    1 :  0.601 0.008 0.042 0.057 0.070 0.050 0.044 0.103 0.026 
 20 18160D-09-2    (5)    1 :  0.190 0.005 0.049 0.271 0.012 0.050 0.028 0.127 0.267 
 21 18160D-09-2    (5)    1 :  0.229 0.114 0.052 0.037 0.078 0.309 0.039 0.049 0.094 
 22 18160D-09-2    (5)    1 :  0.133 0.014 0.566 0.022 0.050 0.050 0.006 0.033 0.126 
 23 18160D-09-2    (2)    1 :  0.037 0.026 0.060 0.091 0.432 0.121 0.029 0.132 0.073 

Command line arguments:   structure -D 422504 -K 9 -m mainparams -o k9/populations_k9_run7 
Input File:    populations.str
Output File:   k9/populations_k9_run7_f

Run parameters:
   23 individuals
   50160 loci
   9 populations assumed
   1000 Burn-in period
   5000 Reps
RANDOMIZE turned off

--------------------------------------------
Estimated Ln Prob of Data   = -70350412.0
Mean value of ln likelihood = -1009728.8
Variance of ln likelihood   = 138681366.5
Mean value of alpha         = 0.7384

Mean value of Fst_1         = 0.0103
Mean value of Fst_2         = 0.0108
Mean value of Fst_3         = 0.0098
Mean value of Fst_4         = 0.0102
Mean value of Fst_5         = 0.0098
Mean value of Fst_6         = 0.0099
Mean value of Fst_7         = 0.0689
Mean value of Fst_8         = 0.0103
Mean value of Fst_9         = 0.0098


--------------------------------------------
Proportion of membership of each pre-defined
 population in each of the 9 clusters

Given    Inferred Clusters                                                 Number of
 Pop       1      2      3      4      5      6      7      8      9      Individuals

  1:     0.118  0.150  0.084  0.077  0.094  0.087  0.217  0.080  0.092       23
--------------------------------------------
Final results printed to file k9/populations_k9_run7_f

