1        1   (2)      1  : 0.1010 0.0325 0.0000 0.0055 0.0060 0.8550
2        2   (4)      1  : 0.7883 0.1081 0.0000 0.0125 0.0836 0.0075
3        3   (2)      1  : 0.0255 0.7052 0.0000 0.0010 0.2683 0.0000
4        4   (5)      1  : 0.0005 0.9995 0.0000 0.0000 0.0000 0.0000
5        5   (4)      1  : 0.0895 0.8590 0.0000 0.0000 0.0000 0.0515
6        6   (4)      1  : 0.0860 0.9060 0.0000 0.0015 0.0020 0.0045
7        7   (2)      1  : 0.0170 0.9755 0.0000 0.0015 0.0025 0.0035
8        8   (4)      1  : 0.5413 0.0665 0.0000 0.3148 0.0734 0.0040
9        9   (2)      1  : 0.0000 0.0000 0.0475 0.9460 0.0060 0.0005
10       10   (2)      1  : 0.0000 0.0000 0.9955 0.0045 0.0000 0.0000
11       11   (2)      1  : 0.0000 0.0000 0.2079 0.7631 0.0265 0.0025
12       12   (2)      1  : 0.0000 0.0000 0.0585 0.7545 0.1860 0.0010
13       13   (5)      1  : 0.7289 0.1076 0.0000 0.0035 0.0020 0.1580
14       14  (18)      1  : 0.7950 0.1110 0.0000 0.0005 0.0010 0.0925
15       15   (4)      1  : 0.8420 0.0275 0.0000 0.0020 0.1205 0.0080
16       16   (2)      1  : 0.0700 0.0015 0.8675 0.0005 0.0060 0.0545
17       17   (2)      1  : 0.4374 0.0731 0.0000 0.2392 0.2497 0.0005
18       18   (2)      1  : 0.0005 0.0000 0.0000 0.0000 0.9995 0.0000
19       19   (2)      1  : 0.6196 0.0175 0.0000 0.0000 0.0000 0.3629
20       20   (5)      1  : 0.5960 0.0220 0.0000 0.3145 0.0505 0.0170
21       21   (5)      1  : 0.7560 0.0895 0.0005 0.0055 0.0135 0.1350
22       22   (5)      1  : 1.0000 0.0000 0.0000 0.0000 0.0000 0.0000
23       23   (2)      1  : 0.6642 0.0180 0.0000 0.0035 0.3138 0.0005
