

----------------------------------------------------
STRUCTURE by Pritchard, Stephens and Donnelly (2000)
     and Falush, Stephens and Pritchard (2003)
       Code by Pritchard, Falush and Hubisz
             Version 2.3.4 (Jul 2012)
----------------------------------------------------


Reading file "mainparams".
datafile is
populations.str
Reading file "extraparams".
Reading file "populations.str".


Data file "populations.str" (truncated) --

Ind:   Label Pop : Genotype_data . . . .
  1: 18160D-09-0    1  :  4   1   3   1   4   1   3  . . . .   2
  1: 18160D-09-0    1  :  4   1   3   1   4   4   4  . . . .   4
  2: 18160D-09-0    1  :  4   1   3   1   4   1   3  . . . .   2
  2: 18160D-09-0    1  :  4   1   3   1   4   4   3  . . . .   4
  3: 18160D-09-0    1  :  4   1   0   0   0   0   3  . . . .   2
  3: 18160D-09-0    1  :  4   3   0   0   0   0   3  . . . .   4
  4: 18160D-09-0    1  :  4   1   3   1   4   1   3  . . . .   2
  4: 18160D-09-0    1  :  4   3   3   1   4   1   3  . . . .   4

      *******   

 22: 18160D-09-2    1  :  4   1   3   1   4   1   3  . . . .   2
 22: 18160D-09-2    1  :  4   3   3   1   4   1   4  . . . .   4
 23: 18160D-09-2    1  :  4   1   3   1   4   1   3  . . . .   2
 23: 18160D-09-2    1  :  4   1   3   1   4   4   4  . . . .   4

Number of alleles per locus: min= 2; ave=2.0; max= 2


--------------------------------------

Finished initialization; starting MCMC 
5000 iterations + 1000 burnin


 Rep#:   Lambda   Alpha      F1       Ln Like 
  100:    1.00    1.041    0.010      --  
  200:    1.00    1.002    0.010      --  
  300:    1.00    0.939    0.010      --  
  400:    1.00    0.937    0.009      --  
  500:    1.00    0.839    0.009      --  
  600:    1.00    0.583    0.009      --  
  700:    1.00    0.413    0.009      --  
  800:    1.00    0.665    0.009      --  
  900:    1.00    0.718    0.009      --  
 1000:    1.00    0.444    0.009      --  

BURNIN completed
 Rep#:   Lambda   Alpha      F1       Ln Like  Est Ln P(D)
 1100:    1.00    0.695    0.009      -1026533    0 
 1200:    1.00    0.362    0.009      -1026718    0 
 1300:    1.00    0.546    0.009      -1026670    0 
 1400:    1.00    0.398    0.009      -1026816    0 
 1500:    1.00    0.500    0.009      -1026642    0 
 1600:    1.00    0.294    0.009      -1026610    0 
 1700:    1.00    0.112    0.008      -1026656    0 
 1800:    1.00    0.346    0.008      -1026710    0 
 1900:    1.00    0.161    0.008      -1026682    0 

 Rep#:   Lambda   Alpha      F1       Ln Like  Est Ln P(D)
 2000:    1.00    0.155    0.008      -1026846    0 
 2100:    1.00    0.363    0.008      -1026461    0 
 2200:    1.00    0.556    0.008      -1026565    0 
 2300:    1.00    0.638    0.008      -1026764    0 
 2400:    1.00    0.883    0.008      -1026693    0 
 2500:    1.00    1.328    0.008      -1026730    0 
 2600:    1.00    1.760    0.008      -1026871    0 
 2700:    1.00    1.338    0.008      -1026479    0 
 2800:    1.00    1.146    0.008      -1026612    0 
 2900:    1.00    1.290    0.008      -1026502    0 

 Rep#:   Lambda   Alpha      F1       Ln Like  Est Ln P(D)
 3000:    1.00    1.517    0.008      -1026689    0 
 3100:    1.00    1.694    0.008      -1026729    0 
 3200:    1.00    1.562    0.008      -1026726    0 
 3300:    1.00    1.501    0.008      -1026655    0 
 3400:    1.00    2.182    0.008      -1026699    0 
 3500:    1.00    1.909    0.008      -1026777    0 
 3600:    1.00    1.938    0.008      -1026752    0 
 3700:    1.00    1.806    0.008      -1026786    0 
 3800:    1.00    1.696    0.008      -1026620    0 
 3900:    1.00    2.139    0.008      -1026660    0 

 Rep#:   Lambda   Alpha      F1       Ln Like  Est Ln P(D)
 4000:    1.00    2.426    0.008      -1026668    0 
 4100:    1.00    2.471    0.008      -1026514    0 
 4200:    1.00    2.322    0.008      -1026618    0 
 4300:    1.00    2.277    0.008      -1026738    0 
 4400:    1.00    2.590    0.008      -1026912    0 
 4500:    1.00    3.117    0.008      -1026355    0 
 4600:    1.00    2.727    0.008      -1026628    0 
 4700:    1.00    2.411    0.008      -1026395    0 
 4800:    1.00    2.378    0.008      -1026474    0 
 4900:    1.00    2.569    0.008      -1026635    0 

 Rep#:   Lambda   Alpha      F1       Ln Like  Est Ln P(D)
 5000:    1.00    2.671    0.008      -1026436    0 
 5100:    1.00    2.541    0.008      -1026668    0 
 5200:    1.00    2.498    0.008      -1026479    0 
 5300:    1.00    2.839    0.008      -1026660    0 
 5400:    1.00    2.724    0.008      -1026628    0 
 5500:    1.00    2.917    0.008      -1026692    0 
 5600:    1.00    2.907    0.008      -1026678    0 
 5700:    1.00    2.727    0.008      -1026259    0 
 5800:    1.00    2.905    0.008      -1026489    0 
 5900:    1.00    3.222    0.008      -1026809    0 
 6000:    1.00    2.898    0.008      -1026581    0 

MCMC completed

Inferred ancestry of individuals:
        Label (%Miss) Pop:  Inferred clusters
  1 18160D-09-0    (2)    1 :  1.000 
  2 18160D-09-0    (4)    1 :  1.000 
  3 18160D-09-0    (2)    1 :  1.000 
  4 18160D-09-0    (5)    1 :  1.000 
  5 18160D-09-0    (4)    1 :  1.000 
  6 18160D-09-0    (4)    1 :  1.000 
  7 18160D-09-0    (2)    1 :  1.000 
  8 18160D-09-0    (4)    1 :  1.000 
  9 18160D-09-0    (2)    1 :  1.000 
 10 18160D-09-1    (2)    1 :  1.000 
 11 18160D-09-1    (2)    1 :  1.000 
 12 18160D-09-1    (2)    1 :  1.000 
 13 18160D-09-1    (5)    1 :  1.000 
 14 18160D-09-1   (18)    1 :  1.000 
 15 18160D-09-1    (4)    1 :  1.000 
 16 18160D-09-1    (2)    1 :  1.000 
 17 18160D-09-1    (2)    1 :  1.000 
 18 18160D-09-1    (2)    1 :  1.000 
 19 18160D-09-1    (2)    1 :  1.000 
 20 18160D-09-2    (5)    1 :  1.000 
 21 18160D-09-2    (5)    1 :  1.000 
 22 18160D-09-2    (5)    1 :  1.000 
 23 18160D-09-2    (2)    1 :  1.000 

Command line arguments:   structure -D 547969 -K 1 -m mainparams -o k1/populations_k1_run1 
Input File:    populations.str
Output File:   k1/populations_k1_run1_f

Run parameters:
   23 individuals
   50160 loci
   1 populations assumed
   1000 Burn-in period
   5000 Reps
RANDOMIZE turned off

--------------------------------------------
Estimated Ln Prob of Data   = -1038942.3
Mean value of ln likelihood = -1026640.2
Variance of ln likelihood   = 24604.4

Mean value of Fst_1         = 0.0080


--------------------------------------------
Proportion of membership of each pre-defined
 population in each of the 1 clusters

Given    Inferred Clusters       Number of
 Pop       1                    Individuals

  1:     1.000                     23
--------------------------------------------
Final results printed to file k1/populations_k1_run1_f

