

----------------------------------------------------
STRUCTURE by Pritchard, Stephens and Donnelly (2000)
     and Falush, Stephens and Pritchard (2003)
       Code by Pritchard, Falush and Hubisz
             Version 2.3.4 (Jul 2012)
----------------------------------------------------


Reading file "mainparams".
datafile is
populations.str
Reading file "extraparams".
Reading file "populations.str".


Data file "populations.str" (truncated) --

Ind:   Label Pop : Genotype_data . . . .
  1: 18160D-09-0    1  :  4   1   3   1   4   1   3  . . . .   2
  1: 18160D-09-0    1  :  4   1   3   1   4   4   4  . . . .   4
  2: 18160D-09-0    1  :  4   1   3   1   4   1   3  . . . .   2
  2: 18160D-09-0    1  :  4   1   3   1   4   4   3  . . . .   4
  3: 18160D-09-0    1  :  4   1   0   0   0   0   3  . . . .   2
  3: 18160D-09-0    1  :  4   3   0   0   0   0   3  . . . .   4
  4: 18160D-09-0    1  :  4   1   3   1   4   1   3  . . . .   2
  4: 18160D-09-0    1  :  4   3   3   1   4   1   3  . . . .   4

      *******   

 22: 18160D-09-2    1  :  4   1   3   1   4   1   3  . . . .   2
 22: 18160D-09-2    1  :  4   3   3   1   4   1   4  . . . .   4
 23: 18160D-09-2    1  :  4   1   3   1   4   1   3  . . . .   2
 23: 18160D-09-2    1  :  4   1   3   1   4   4   4  . . . .   4

Number of alleles per locus: min= 2; ave=2.0; max= 2


--------------------------------------

Finished initialization; starting MCMC 
5000 iterations + 1000 burnin


 Rep#:   Lambda   Alpha      F1       Ln Like 
  100:    1.00    1.353    0.010      --  
  200:    1.00    1.731    0.010      --  
  300:    1.00    1.796    0.010      --  
  400:    1.00    2.064    0.010      --  
  500:    1.00    2.045    0.010      --  
  600:    1.00    2.043    0.009      --  
  700:    1.00    2.003    0.009      --  
  800:    1.00    2.447    0.009      --  
  900:    1.00    2.512    0.009      --  
 1000:    1.00    2.647    0.009      --  

BURNIN completed
 Rep#:   Lambda   Alpha      F1       Ln Like  Est Ln P(D)
 1100:    1.00    2.586    0.009      -1026719    0 
 1200:    1.00    2.492    0.009      -1026668    0 
 1300:    1.00    2.533    0.009      -1026427    0 
 1400:    1.00    2.076    0.009      -1026857    0 
 1500:    1.00    2.247    0.009      -1026690    0 
 1600:    1.00    2.371    0.009      -1026420    0 
 1700:    1.00    2.394    0.009      -1026623    0 
 1800:    1.00    2.047    0.009      -1026703    0 
 1900:    1.00    2.129    0.009      -1026472    0 

 Rep#:   Lambda   Alpha      F1       Ln Like  Est Ln P(D)
 2000:    1.00    2.323    0.009      -1026532    0 
 2100:    1.00    2.157    0.009      -1026602    0 
 2200:    1.00    2.179    0.009      -1026425    0 
 2300:    1.00    1.993    0.009      -1026505    0 
 2400:    1.00    2.346    0.009      -1026600    0 
 2500:    1.00    2.422    0.009      -1026429    0 
 2600:    1.00    1.984    0.009      -1026584    0 
 2700:    1.00    1.977    0.009      -1026575    0 
 2800:    1.00    1.773    0.009      -1026675    0 
 2900:    1.00    1.714    0.009      -1026708    0 

 Rep#:   Lambda   Alpha      F1       Ln Like  Est Ln P(D)
 3000:    1.00    1.201    0.008      -1026414    0 
 3100:    1.00    0.906    0.008      -1026652    0 
 3200:    1.00    0.755    0.008      -1026574    0 
 3300:    1.00    0.808    0.008      -1026801    0 
 3400:    1.00    0.922    0.008      -1026690    0 
 3500:    1.00    0.902    0.008      -1026603    0 
 3600:    1.00    0.758    0.008      -1026465    0 
 3700:    1.00    0.656    0.008      -1026582    0 
 3800:    1.00    0.250    0.008      -1026451    0 
 3900:    1.00    0.061    0.008      -1026557    0 

 Rep#:   Lambda   Alpha      F1       Ln Like  Est Ln P(D)
 4000:    1.00    0.120    0.008      -1026573    0 
 4100:    1.00    0.135    0.008      -1026492    0 
 4200:    1.00    0.195    0.008      -1026699    0 
 4300:    1.00    0.409    0.008      -1026839    0 
 4400:    1.00    0.424    0.008      -1026749    0 
 4500:    1.00    0.569    0.008      -1026528    0 
 4600:    1.00    0.802    0.008      -1026433    0 
 4700:    1.00    1.322    0.008      -1026466    0 
 4800:    1.00    1.275    0.008      -1026635    0 
 4900:    1.00    1.071    0.008      -1026848    0 

 Rep#:   Lambda   Alpha      F1       Ln Like  Est Ln P(D)
 5000:    1.00    1.329    0.008      -1026788    0 
 5100:    1.00    1.386    0.008      -1026450    0 
 5200:    1.00    0.903    0.008      -1026507    0 
 5300:    1.00    0.689    0.008      -1026768    0 
 5400:    1.00    0.700    0.008      -1026553    0 
 5500:    1.00    0.565    0.008      -1026895    0 
 5600:    1.00    0.836    0.008      -1026729    0 
 5700:    1.00    0.815    0.008      -1026407    0 
 5800:    1.00    0.598    0.008      -1026416    0 
 5900:    1.00    0.901    0.008      -1026542    0 
 6000:    1.00    0.971    0.008      -1026742    0 

MCMC completed

Inferred ancestry of individuals:
        Label (%Miss) Pop:  Inferred clusters
  1 18160D-09-0    (2)    1 :  1.000 
  2 18160D-09-0    (4)    1 :  1.000 
  3 18160D-09-0    (2)    1 :  1.000 
  4 18160D-09-0    (5)    1 :  1.000 
  5 18160D-09-0    (4)    1 :  1.000 
  6 18160D-09-0    (4)    1 :  1.000 
  7 18160D-09-0    (2)    1 :  1.000 
  8 18160D-09-0    (4)    1 :  1.000 
  9 18160D-09-0    (2)    1 :  1.000 
 10 18160D-09-1    (2)    1 :  1.000 
 11 18160D-09-1    (2)    1 :  1.000 
 12 18160D-09-1    (2)    1 :  1.000 
 13 18160D-09-1    (5)    1 :  1.000 
 14 18160D-09-1   (18)    1 :  1.000 
 15 18160D-09-1    (4)    1 :  1.000 
 16 18160D-09-1    (2)    1 :  1.000 
 17 18160D-09-1    (2)    1 :  1.000 
 18 18160D-09-1    (2)    1 :  1.000 
 19 18160D-09-1    (2)    1 :  1.000 
 20 18160D-09-2    (5)    1 :  1.000 
 21 18160D-09-2    (5)    1 :  1.000 
 22 18160D-09-2    (5)    1 :  1.000 
 23 18160D-09-2    (2)    1 :  1.000 

Command line arguments:   structure -D 999370 -K 1 -m mainparams -o k1/populations_k1_run5 
Input File:    populations.str
Output File:   k1/populations_k1_run5_f

Run parameters:
   23 individuals
   50160 loci
   1 populations assumed
   1000 Burn-in period
   5000 Reps
RANDOMIZE turned off

--------------------------------------------
Estimated Ln Prob of Data   = -1039313.4
Mean value of ln likelihood = -1026640.7
Variance of ln likelihood   = 25345.4

Mean value of Fst_1         = 0.0082


--------------------------------------------
Proportion of membership of each pre-defined
 population in each of the 1 clusters

Given    Inferred Clusters       Number of
 Pop       1                    Individuals

  1:     1.000                     23
--------------------------------------------
Final results printed to file k1/populations_k1_run5_f

