

----------------------------------------------------
STRUCTURE by Pritchard, Stephens and Donnelly (2000)
     and Falush, Stephens and Pritchard (2003)
       Code by Pritchard, Falush and Hubisz
             Version 2.3.4 (Jul 2012)
----------------------------------------------------


Reading file "mainparams".
datafile is
populations.str
Reading file "extraparams".
Reading file "populations.str".


Data file "populations.str" (truncated) --

Ind:   Label Pop : Genotype_data . . . .
  1: 18160D-09-0    1  :  4   1   3   1   4   1   3  . . . .   2
  1: 18160D-09-0    1  :  4   1   3   1   4   4   4  . . . .   4
  2: 18160D-09-0    1  :  4   1   3   1   4   1   3  . . . .   2
  2: 18160D-09-0    1  :  4   1   3   1   4   4   3  . . . .   4
  3: 18160D-09-0    1  :  4   1   0   0   0   0   3  . . . .   2
  3: 18160D-09-0    1  :  4   3   0   0   0   0   3  . . . .   4
  4: 18160D-09-0    1  :  4   1   3   1   4   1   3  . . . .   2
  4: 18160D-09-0    1  :  4   3   3   1   4   1   3  . . . .   4

      *******   

 22: 18160D-09-2    1  :  4   1   3   1   4   1   3  . . . .   2
 22: 18160D-09-2    1  :  4   3   3   1   4   1   4  . . . .   4
 23: 18160D-09-2    1  :  4   1   3   1   4   1   3  . . . .   2
 23: 18160D-09-2    1  :  4   1   3   1   4   4   4  . . . .   4

Number of alleles per locus: min= 2; ave=2.0; max= 2


--------------------------------------

Finished initialization; starting MCMC 
5000 iterations + 1000 burnin


 Rep#:   Lambda   Alpha      F1       Ln Like 
  100:    1.00    1.299    0.010      --  
  200:    1.00    0.852    0.010      --  
  300:    1.00    0.851    0.010      --  
  400:    1.00    1.150    0.010      --  
  500:    1.00    1.015    0.010      --  
  600:    1.00    0.666    0.010      --  
  700:    1.00    0.703    0.010      --  
  800:    1.00    0.811    0.010      --  
  900:    1.00    1.058    0.010      --  
 1000:    1.00    0.901    0.010      --  

BURNIN completed
 Rep#:   Lambda   Alpha      F1       Ln Like  Est Ln P(D)
 1100:    1.00    0.871    0.010      -1026531    0 
 1200:    1.00    0.865    0.010      -1026752    0 
 1300:    1.00    0.699    0.009      -1026549    0 
 1400:    1.00    0.666    0.009      -1026732    0 
 1500:    1.00    0.669    0.009      -1026551    0 
 1600:    1.00    0.707    0.009      -1026927    0 
 1700:    1.00    0.614    0.009      -1026627    0 
 1800:    1.00    0.455    0.009      -1026810    0 
 1900:    1.00    0.275    0.009      -1026730    0 

 Rep#:   Lambda   Alpha      F1       Ln Like  Est Ln P(D)
 2000:    1.00    0.182    0.009      -1026550    0 
 2100:    1.00    0.179    0.009      -1026825    0 
 2200:    1.00    0.534    0.009      -1026654    0 
 2300:    1.00    0.825    0.009      -1026746    0 
 2400:    1.00    0.737    0.009      -1026873    0 
 2500:    1.00    0.554    0.009      -1026724    0 
 2600:    1.00    0.859    0.009      -1026826    0 
 2700:    1.00    1.072    0.009      -1026765    0 
 2800:    1.00    1.225    0.009      -1026626    0 
 2900:    1.00    1.549    0.009      -1026457    0 

 Rep#:   Lambda   Alpha      F1       Ln Like  Est Ln P(D)
 3000:    1.00    1.759    0.009      -1026556    0 
 3100:    1.00    1.847    0.009      -1026345    0 
 3200:    1.00    1.700    0.009      -1026724    0 
 3300:    1.00    1.892    0.009      -1026708    0 
 3400:    1.00    1.795    0.009      -1026661    0 
 3500:    1.00    1.379    0.009      -1026595    0 
 3600:    1.00    1.345    0.009      -1026736    0 
 3700:    1.00    1.296    0.009      -1026909    0 
 3800:    1.00    1.705    0.009      -1026550    0 
 3900:    1.00    1.752    0.008      -1026894    0 

 Rep#:   Lambda   Alpha      F1       Ln Like  Est Ln P(D)
 4000:    1.00    1.753    0.008      -1026662    0 
 4100:    1.00    1.420    0.008      -1026720    0 
 4200:    1.00    1.292    0.008      -1026575    0 
 4300:    1.00    1.495    0.008      -1026767    0 
 4400:    1.00    1.628    0.008      -1026590    0 
 4500:    1.00    1.869    0.008      -1026473    0 
 4600:    1.00    2.027    0.008      -1026601    0 
 4700:    1.00    1.704    0.008      -1026667    0 
 4800:    1.00    1.955    0.008      -1026657    0 
 4900:    1.00    2.102    0.008      -1026608    0 

 Rep#:   Lambda   Alpha      F1       Ln Like  Est Ln P(D)
 5000:    1.00    1.497    0.008      -1026631    0 
 5100:    1.00    1.681    0.008      -1026776    0 
 5200:    1.00    1.695    0.008      -1026534    0 
 5300:    1.00    1.789    0.008      -1026572    0 
 5400:    1.00    1.750    0.008      -1026501    0 
 5500:    1.00    2.116    0.008      -1026846    0 
 5600:    1.00    2.299    0.008      -1026573    0 
 5700:    1.00    2.005    0.008      -1026691    0 
 5800:    1.00    2.046    0.008      -1026592    0 
 5900:    1.00    2.156    0.008      -1026654    0 
 6000:    1.00    2.329    0.008      -1026716    0 

MCMC completed

Inferred ancestry of individuals:
        Label (%Miss) Pop:  Inferred clusters
  1 18160D-09-0    (2)    1 :  1.000 
  2 18160D-09-0    (4)    1 :  1.000 
  3 18160D-09-0    (2)    1 :  1.000 
  4 18160D-09-0    (5)    1 :  1.000 
  5 18160D-09-0    (4)    1 :  1.000 
  6 18160D-09-0    (4)    1 :  1.000 
  7 18160D-09-0    (2)    1 :  1.000 
  8 18160D-09-0    (4)    1 :  1.000 
  9 18160D-09-0    (2)    1 :  1.000 
 10 18160D-09-1    (2)    1 :  1.000 
 11 18160D-09-1    (2)    1 :  1.000 
 12 18160D-09-1    (2)    1 :  1.000 
 13 18160D-09-1    (5)    1 :  1.000 
 14 18160D-09-1   (18)    1 :  1.000 
 15 18160D-09-1    (4)    1 :  1.000 
 16 18160D-09-1    (2)    1 :  1.000 
 17 18160D-09-1    (2)    1 :  1.000 
 18 18160D-09-1    (2)    1 :  1.000 
 19 18160D-09-1    (2)    1 :  1.000 
 20 18160D-09-2    (5)    1 :  1.000 
 21 18160D-09-2    (5)    1 :  1.000 
 22 18160D-09-2    (5)    1 :  1.000 
 23 18160D-09-2    (2)    1 :  1.000 

Command line arguments:   structure -D 742861 -K 1 -m mainparams -o k1/populations_k1_run7 
Input File:    populations.str
Output File:   k1/populations_k1_run7_f

Run parameters:
   23 individuals
   50160 loci
   1 populations assumed
   1000 Burn-in period
   5000 Reps
RANDOMIZE turned off

--------------------------------------------
Estimated Ln Prob of Data   = -1038777.5
Mean value of ln likelihood = -1026641.6
Variance of ln likelihood   = 24271.8

Mean value of Fst_1         = 0.0086


--------------------------------------------
Proportion of membership of each pre-defined
 population in each of the 1 clusters

Given    Inferred Clusters       Number of
 Pop       1                    Individuals

  1:     1.000                     23
--------------------------------------------
Final results printed to file k1/populations_k1_run7_f

