

----------------------------------------------------
STRUCTURE by Pritchard, Stephens and Donnelly (2000)
     and Falush, Stephens and Pritchard (2003)
       Code by Pritchard, Falush and Hubisz
             Version 2.3.4 (Jul 2012)
----------------------------------------------------


Reading file "mainparams".
datafile is
populations.str
Reading file "extraparams".
Reading file "populations.str".


Data file "populations.str" (truncated) --

Ind:   Label Pop : Genotype_data . . . .
  1: 18160D-09-0    1  :  4   1   3   1   4   1   3  . . . .   2
  1: 18160D-09-0    1  :  4   1   3   1   4   4   4  . . . .   4
  2: 18160D-09-0    1  :  4   1   3   1   4   1   3  . . . .   2
  2: 18160D-09-0    1  :  4   1   3   1   4   4   3  . . . .   4
  3: 18160D-09-0    1  :  4   1   0   0   0   0   3  . . . .   2
  3: 18160D-09-0    1  :  4   3   0   0   0   0   3  . . . .   4
  4: 18160D-09-0    1  :  4   1   3   1   4   1   3  . . . .   2
  4: 18160D-09-0    1  :  4   3   3   1   4   1   3  . . . .   4

      *******   

 22: 18160D-09-2    1  :  4   1   3   1   4   1   3  . . . .   2
 22: 18160D-09-2    1  :  4   3   3   1   4   1   4  . . . .   4
 23: 18160D-09-2    1  :  4   1   3   1   4   1   3  . . . .   2
 23: 18160D-09-2    1  :  4   1   3   1   4   4   4  . . . .   4

Number of alleles per locus: min= 2; ave=2.0; max= 2


--------------------------------------

Finished initialization; starting MCMC 
5000 iterations + 1000 burnin


 Rep#:   Lambda   Alpha      F1       Ln Like 
  100:    1.00    0.924    0.010      --  
  200:    1.00    0.872    0.010      --  
  300:    1.00    1.129    0.010      --  
  400:    1.00    1.239    0.010      --  
  500:    1.00    1.094    0.010      --  
  600:    1.00    1.202    0.010      --  
  700:    1.00    1.082    0.010      --  
  800:    1.00    1.119    0.010      --  
  900:    1.00    1.098    0.010      --  
 1000:    1.00    1.308    0.010      --  

BURNIN completed
 Rep#:   Lambda   Alpha      F1       Ln Like  Est Ln P(D)
 1100:    1.00    1.602    0.010      -1026447    0 
 1200:    1.00    1.553    0.010      -1026765    0 
 1300:    1.00    1.528    0.010      -1026478    0 
 1400:    1.00    1.295    0.010      -1026412    0 
 1500:    1.00    1.673    0.010      -1026668    0 
 1600:    1.00    1.692    0.010      -1026526    0 
 1700:    1.00    1.738    0.010      -1026829    0 
 1800:    1.00    1.806    0.010      -1026642    0 
 1900:    1.00    1.673    0.010      -1026580    0 

 Rep#:   Lambda   Alpha      F1       Ln Like  Est Ln P(D)
 2000:    1.00    1.146    0.010      -1026572    0 
 2100:    1.00    1.513    0.010      -1026493    0 
 2200:    1.00    1.385    0.010      -1026897    0 
 2300:    1.00    1.544    0.009      -1026555    0 
 2400:    1.00    1.293    0.009      -1026528    0 
 2500:    1.00    0.995    0.009      -1026787    0 
 2600:    1.00    1.124    0.009      -1026909    0 
 2700:    1.00    1.238    0.009      -1026461    0 
 2800:    1.00    1.324    0.009      -1026716    0 
 2900:    1.00    1.261    0.009      -1026761    0 

 Rep#:   Lambda   Alpha      F1       Ln Like  Est Ln P(D)
 3000:    1.00    1.320    0.009      -1026678    0 
 3100:    1.00    1.308    0.009      -1026695    0 
 3200:    1.00    1.555    0.009      -1026785    0 
 3300:    1.00    1.407    0.009      -1026805    0 
 3400:    1.00    1.185    0.009      -1026584    0 
 3500:    1.00    0.793    0.008      -1026323    0 
 3600:    1.00    0.953    0.008      -1026711    0 
 3700:    1.00    0.838    0.008      -1026795    0 
 3800:    1.00    1.199    0.008      -1026790    0 
 3900:    1.00    1.233    0.008      -1026388    0 

 Rep#:   Lambda   Alpha      F1       Ln Like  Est Ln P(D)
 4000:    1.00    1.315    0.008      -1026703    0 
 4100:    1.00    1.617    0.008      -1026683    0 
 4200:    1.00    1.533    0.008      -1026369    0 
 4300:    1.00    1.884    0.008      -1026522    0 
 4400:    1.00    1.577    0.008      -1026722    0 
 4500:    1.00    1.463    0.008      -1026776    0 
 4600:    1.00    1.662    0.008      -1026457    0 
 4700:    1.00    1.763    0.008      -1026899    0 
 4800:    1.00    1.835    0.008      -1026727    0 
 4900:    1.00    1.267    0.008      -1026505    0 

 Rep#:   Lambda   Alpha      F1       Ln Like  Est Ln P(D)
 5000:    1.00    1.681    0.008      -1026515    0 
 5100:    1.00    1.268    0.008      -1026586    0 
 5200:    1.00    1.302    0.007      -1026520    0 
 5300:    1.00    1.332    0.007      -1026589    0 
 5400:    1.00    1.058    0.007      -1026724    0 
 5500:    1.00    1.210    0.007      -1026385    0 
 5600:    1.00    1.692    0.007      -1026541    0 
 5700:    1.00    1.624    0.007      -1026475    0 
 5800:    1.00    1.623    0.007      -1026630    0 
 5900:    1.00    1.686    0.007      -1026593    0 
 6000:    1.00    1.257    0.007      -1026577    0 

MCMC completed

Inferred ancestry of individuals:
        Label (%Miss) Pop:  Inferred clusters
  1 18160D-09-0    (2)    1 :  1.000 
  2 18160D-09-0    (4)    1 :  1.000 
  3 18160D-09-0    (2)    1 :  1.000 
  4 18160D-09-0    (5)    1 :  1.000 
  5 18160D-09-0    (4)    1 :  1.000 
  6 18160D-09-0    (4)    1 :  1.000 
  7 18160D-09-0    (2)    1 :  1.000 
  8 18160D-09-0    (4)    1 :  1.000 
  9 18160D-09-0    (2)    1 :  1.000 
 10 18160D-09-1    (2)    1 :  1.000 
 11 18160D-09-1    (2)    1 :  1.000 
 12 18160D-09-1    (2)    1 :  1.000 
 13 18160D-09-1    (5)    1 :  1.000 
 14 18160D-09-1   (18)    1 :  1.000 
 15 18160D-09-1    (4)    1 :  1.000 
 16 18160D-09-1    (2)    1 :  1.000 
 17 18160D-09-1    (2)    1 :  1.000 
 18 18160D-09-1    (2)    1 :  1.000 
 19 18160D-09-1    (2)    1 :  1.000 
 20 18160D-09-2    (5)    1 :  1.000 
 21 18160D-09-2    (5)    1 :  1.000 
 22 18160D-09-2    (5)    1 :  1.000 
 23 18160D-09-2    (2)    1 :  1.000 

Command line arguments:   structure -D 218372 -K 1 -m mainparams -o k1/populations_k1_run3 
Input File:    populations.str
Output File:   k1/populations_k1_run3_f

Run parameters:
   23 individuals
   50160 loci
   1 populations assumed
   1000 Burn-in period
   5000 Reps
RANDOMIZE turned off

--------------------------------------------
Estimated Ln Prob of Data   = -1038858.8
Mean value of ln likelihood = -1026640.0
Variance of ln likelihood   = 24437.6

Mean value of Fst_1         = 0.0085


--------------------------------------------
Proportion of membership of each pre-defined
 population in each of the 1 clusters

Given    Inferred Clusters       Number of
 Pop       1                    Individuals

  1:     1.000                     23
--------------------------------------------
Final results printed to file k1/populations_k1_run3_f

