

----------------------------------------------------
STRUCTURE by Pritchard, Stephens and Donnelly (2000)
     and Falush, Stephens and Pritchard (2003)
       Code by Pritchard, Falush and Hubisz
             Version 2.3.4 (Jul 2012)
----------------------------------------------------


Reading file "mainparams".
datafile is
populations.str
Reading file "extraparams".
Reading file "populations.str".


Data file "populations.str" (truncated) --

Ind:   Label Pop : Genotype_data . . . .
  1: 18160D-09-0    1  :  4   1   3   1   4   1   3  . . . .   2
  1: 18160D-09-0    1  :  4   1   3   1   4   4   4  . . . .   4
  2: 18160D-09-0    1  :  4   1   3   1   4   1   3  . . . .   2
  2: 18160D-09-0    1  :  4   1   3   1   4   4   3  . . . .   4
  3: 18160D-09-0    1  :  4   1   0   0   0   0   3  . . . .   2
  3: 18160D-09-0    1  :  4   3   0   0   0   0   3  . . . .   4
  4: 18160D-09-0    1  :  4   1   3   1   4   1   3  . . . .   2
  4: 18160D-09-0    1  :  4   3   3   1   4   1   3  . . . .   4

      *******   

 22: 18160D-09-2    1  :  4   1   3   1   4   1   3  . . . .   2
 22: 18160D-09-2    1  :  4   3   3   1   4   1   4  . . . .   4
 23: 18160D-09-2    1  :  4   1   3   1   4   1   3  . . . .   2
 23: 18160D-09-2    1  :  4   1   3   1   4   4   4  . . . .   4

Number of alleles per locus: min= 2; ave=2.0; max= 2


--------------------------------------

Finished initialization; starting MCMC 
5000 iterations + 1000 burnin


 Rep#:   Lambda   Alpha      F1       Ln Like 
  100:    1.00    0.852    0.010      --  
  200:    1.00    0.670    0.010      --  
  300:    1.00    0.521    0.010      --  
  400:    1.00    0.466    0.009      --  
  500:    1.00    0.030    0.009      --  
  600:    1.00    0.082    0.009      --  
  700:    1.00    0.485    0.009      --  
  800:    1.00    0.236    0.009      --  
  900:    1.00    0.389    0.009      --  
 1000:    1.00    0.195    0.009      --  

BURNIN completed
 Rep#:   Lambda   Alpha      F1       Ln Like  Est Ln P(D)
 1100:    1.00    0.243    0.009      -1026383    0 
 1200:    1.00    0.015    0.009      -1026814    0 
 1300:    1.00    0.140    0.009      -1026536    0 
 1400:    1.00    0.034    0.009      -1026816    0 
 1500:    1.00    0.120    0.009      -1026805    0 
 1600:    1.00    0.422    0.009      -1026679    0 
 1700:    1.00    0.642    0.008      -1026637    0 
 1800:    1.00    0.839    0.008      -1026515    0 
 1900:    1.00    0.972    0.008      -1026575    0 

 Rep#:   Lambda   Alpha      F1       Ln Like  Est Ln P(D)
 2000:    1.00    0.893    0.008      -1026661    0 
 2100:    1.00    0.571    0.008      -1026469    0 
 2200:    1.00    0.709    0.008      -1027011    0 
 2300:    1.00    0.756    0.008      -1026300    0 
 2400:    1.00    0.442    0.008      -1026850    0 
 2500:    1.00    0.299    0.008      -1026652    0 
 2600:    1.00    0.683    0.008      -1026880    0 
 2700:    1.00    0.847    0.008      -1026681    0 
 2800:    1.00    0.769    0.008      -1026618    0 
 2900:    1.00    1.284    0.008      -1026749    0 

 Rep#:   Lambda   Alpha      F1       Ln Like  Est Ln P(D)
 3000:    1.00    1.044    0.008      -1026430    0 
 3100:    1.00    0.769    0.008      -1026569    0 
 3200:    1.00    0.385    0.008      -1026541    0 
 3300:    1.00    0.380    0.007      -1026671    0 
 3400:    1.00    0.394    0.007      -1026696    0 
 3500:    1.00    0.519    0.007      -1026656    0 
 3600:    1.00    0.306    0.007      -1026588    0 
 3700:    1.00    0.275    0.007      -1026555    0 
 3800:    1.00    0.642    0.007      -1026789    0 
 3900:    1.00    0.578    0.007      -1026469    0 

 Rep#:   Lambda   Alpha      F1       Ln Like  Est Ln P(D)
 4000:    1.00    0.541    0.007      -1026813    0 
 4100:    1.00    0.518    0.007      -1026758    0 
 4200:    1.00    0.554    0.008      -1026512    0 
 4300:    1.00    0.690    0.008      -1026597    0 
 4400:    1.00    0.560    0.008      -1026354    0 
 4500:    1.00    0.784    0.008      -1026623    0 
 4600:    1.00    0.564    0.008      -1026367    0 
 4700:    1.00    0.476    0.008      -1026951    0 
 4800:    1.00    0.575    0.008      -1026628    0 
 4900:    1.00    0.776    0.008      -1026763    0 

 Rep#:   Lambda   Alpha      F1       Ln Like  Est Ln P(D)
 5000:    1.00    0.528    0.007      -1026650    0 
 5100:    1.00    0.428    0.007      -1026786    0 
 5200:    1.00    0.752    0.007      -1026635    0 
 5300:    1.00    0.571    0.007      -1026595    0 
 5400:    1.00    0.513    0.007      -1026426    0 
 5500:    1.00    0.513    0.007      -1026682    0 
 5600:    1.00    0.086    0.007      -1026635    0 
 5700:    1.00    0.106    0.007      -1026549    0 
 5800:    1.00    0.467    0.007      -1026978    0 
 5900:    1.00    0.344    0.007      -1026506    0 
 6000:    1.00    0.103    0.007      -1026690    0 

MCMC completed

Inferred ancestry of individuals:
        Label (%Miss) Pop:  Inferred clusters
  1 18160D-09-0    (2)    1 :  1.000 
  2 18160D-09-0    (4)    1 :  1.000 
  3 18160D-09-0    (2)    1 :  1.000 
  4 18160D-09-0    (5)    1 :  1.000 
  5 18160D-09-0    (4)    1 :  1.000 
  6 18160D-09-0    (4)    1 :  1.000 
  7 18160D-09-0    (2)    1 :  1.000 
  8 18160D-09-0    (4)    1 :  1.000 
  9 18160D-09-0    (2)    1 :  1.000 
 10 18160D-09-1    (2)    1 :  1.000 
 11 18160D-09-1    (2)    1 :  1.000 
 12 18160D-09-1    (2)    1 :  1.000 
 13 18160D-09-1    (5)    1 :  1.000 
 14 18160D-09-1   (18)    1 :  1.000 
 15 18160D-09-1    (4)    1 :  1.000 
 16 18160D-09-1    (2)    1 :  1.000 
 17 18160D-09-1    (2)    1 :  1.000 
 18 18160D-09-1    (2)    1 :  1.000 
 19 18160D-09-1    (2)    1 :  1.000 
 20 18160D-09-2    (5)    1 :  1.000 
 21 18160D-09-2    (5)    1 :  1.000 
 22 18160D-09-2    (5)    1 :  1.000 
 23 18160D-09-2    (2)    1 :  1.000 

Command line arguments:   structure -D 662712 -K 1 -m mainparams -o k1/populations_k1_run2 
Input File:    populations.str
Output File:   k1/populations_k1_run2_f

Run parameters:
   23 individuals
   50160 loci
   1 populations assumed
   1000 Burn-in period
   5000 Reps
RANDOMIZE turned off

--------------------------------------------
Estimated Ln Prob of Data   = -1038717.0
Mean value of ln likelihood = -1026640.5
Variance of ln likelihood   = 24152.9

Mean value of Fst_1         = 0.0078


--------------------------------------------
Proportion of membership of each pre-defined
 population in each of the 1 clusters

Given    Inferred Clusters       Number of
 Pop       1                    Individuals

  1:     1.000                     23
--------------------------------------------
Final results printed to file k1/populations_k1_run2_f

