

----------------------------------------------------
STRUCTURE by Pritchard, Stephens and Donnelly (2000)
     and Falush, Stephens and Pritchard (2003)
       Code by Pritchard, Falush and Hubisz
             Version 2.3.4 (Jul 2012)
----------------------------------------------------


Reading file "mainparams".
datafile is
populations.str
Reading file "extraparams".
Reading file "populations.str".


Data file "populations.str" (truncated) --

Ind:   Label Pop : Genotype_data . . . .
  1: 18160D-09-0    1  :  4   1   3   1   4   1   3  . . . .   2
  1: 18160D-09-0    1  :  4   1   3   1   4   4   4  . . . .   4
  2: 18160D-09-0    1  :  4   1   3   1   4   1   3  . . . .   2
  2: 18160D-09-0    1  :  4   1   3   1   4   4   3  . . . .   4
  3: 18160D-09-0    1  :  4   1   0   0   0   0   3  . . . .   2
  3: 18160D-09-0    1  :  4   3   0   0   0   0   3  . . . .   4
  4: 18160D-09-0    1  :  4   1   3   1   4   1   3  . . . .   2
  4: 18160D-09-0    1  :  4   3   3   1   4   1   3  . . . .   4

      *******   

 22: 18160D-09-2    1  :  4   1   3   1   4   1   3  . . . .   2
 22: 18160D-09-2    1  :  4   3   3   1   4   1   4  . . . .   4
 23: 18160D-09-2    1  :  4   1   3   1   4   1   3  . . . .   2
 23: 18160D-09-2    1  :  4   1   3   1   4   4   4  . . . .   4

Number of alleles per locus: min= 2; ave=2.0; max= 2


--------------------------------------

Finished initialization; starting MCMC 
5000 iterations + 1000 burnin


 Rep#:   Lambda   Alpha      F1       Ln Like 
  100:    1.00    0.991    0.010      --  
  200:    1.00    0.915    0.010      --  
  300:    1.00    0.732    0.010      --  
  400:    1.00    0.655    0.010      --  
  500:    1.00    0.308    0.010      --  
  600:    1.00    0.398    0.010      --  
  700:    1.00    0.715    0.009      --  
  800:    1.00    0.503    0.009      --  
  900:    1.00    0.612    0.009      --  
 1000:    1.00    0.852    0.009      --  

BURNIN completed
 Rep#:   Lambda   Alpha      F1       Ln Like  Est Ln P(D)
 1100:    1.00    0.973    0.009      -1026592    0 
 1200:    1.00    0.466    0.009      -1026576    0 
 1300:    1.00    0.652    0.009      -1026773    0 
 1400:    1.00    0.895    0.009      -1026597    0 
 1500:    1.00    0.998    0.009      -1027009    0 
 1600:    1.00    1.309    0.009      -1026966    0 
 1700:    1.00    1.197    0.009      -1026592    0 
 1800:    1.00    1.080    0.009      -1026468    0 
 1900:    1.00    1.223    0.009      -1026620    0 

 Rep#:   Lambda   Alpha      F1       Ln Like  Est Ln P(D)
 2000:    1.00    1.435    0.009      -1026686    0 
 2100:    1.00    1.575    0.009      -1026852    0 
 2200:    1.00    1.464    0.009      -1026629    0 
 2300:    1.00    1.532    0.009      -1026479    0 
 2400:    1.00    1.410    0.009      -1026773    0 
 2500:    1.00    1.648    0.009      -1026916    0 
 2600:    1.00    2.027    0.009      -1026536    0 
 2700:    1.00    2.069    0.009      -1026848    0 
 2800:    1.00    2.141    0.009      -1026640    0 
 2900:    1.00    1.995    0.009      -1026378    0 

 Rep#:   Lambda   Alpha      F1       Ln Like  Est Ln P(D)
 3000:    1.00    2.598    0.009      -1026479    0 
 3100:    1.00    2.975    0.009      -1026486    0 
 3200:    1.00    2.556    0.009      -1026668    0 
 3300:    1.00    2.364    0.009      -1026589    0 
 3400:    1.00    2.354    0.009      -1026721    0 
 3500:    1.00    2.268    0.009      -1026552    0 
 3600:    1.00    2.364    0.009      -1026825    0 
 3700:    1.00    2.935    0.009      -1026556    0 
 3800:    1.00    2.776    0.009      -1026700    0 
 3900:    1.00    2.838    0.009      -1026496    0 

 Rep#:   Lambda   Alpha      F1       Ln Like  Est Ln P(D)
 4000:    1.00    2.683    0.009      -1026749    0 
 4100:    1.00    2.930    0.009      -1026578    0 
 4200:    1.00    2.752    0.009      -1026453    0 
 4300:    1.00    2.497    0.009      -1027003    0 
 4400:    1.00    1.941    0.009      -1026770    0 
 4500:    1.00    2.222    0.009      -1026714    0 
 4600:    1.00    2.195    0.009      -1026805    0 
 4700:    1.00    2.038    0.009      -1026850    0 
 4800:    1.00    1.777    0.008      -1026251    0 
 4900:    1.00    1.493    0.008      -1026469    0 

 Rep#:   Lambda   Alpha      F1       Ln Like  Est Ln P(D)
 5000:    1.00    1.234    0.008      -1026470    0 
 5100:    1.00    0.850    0.008      -1026706    0 
 5200:    1.00    0.651    0.008      -1026728    0 
 5300:    1.00    0.797    0.008      -1026640    0 
 5400:    1.00    0.749    0.008      -1026835    0 
 5500:    1.00    0.654    0.008      -1026542    0 
 5600:    1.00    0.540    0.008      -1026722    0 
 5700:    1.00    0.633    0.008      -1026707    0 
 5800:    1.00    0.852    0.008      -1026530    0 
 5900:    1.00    0.535    0.008      -1026503    0 
 6000:    1.00    0.867    0.008      -1026704    0 

MCMC completed

Inferred ancestry of individuals:
        Label (%Miss) Pop:  Inferred clusters
  1 18160D-09-0    (2)    1 :  1.000 
  2 18160D-09-0    (4)    1 :  1.000 
  3 18160D-09-0    (2)    1 :  1.000 
  4 18160D-09-0    (5)    1 :  1.000 
  5 18160D-09-0    (4)    1 :  1.000 
  6 18160D-09-0    (4)    1 :  1.000 
  7 18160D-09-0    (2)    1 :  1.000 
  8 18160D-09-0    (4)    1 :  1.000 
  9 18160D-09-0    (2)    1 :  1.000 
 10 18160D-09-1    (2)    1 :  1.000 
 11 18160D-09-1    (2)    1 :  1.000 
 12 18160D-09-1    (2)    1 :  1.000 
 13 18160D-09-1    (5)    1 :  1.000 
 14 18160D-09-1   (18)    1 :  1.000 
 15 18160D-09-1    (4)    1 :  1.000 
 16 18160D-09-1    (2)    1 :  1.000 
 17 18160D-09-1    (2)    1 :  1.000 
 18 18160D-09-1    (2)    1 :  1.000 
 19 18160D-09-1    (2)    1 :  1.000 
 20 18160D-09-2    (5)    1 :  1.000 
 21 18160D-09-2    (5)    1 :  1.000 
 22 18160D-09-2    (5)    1 :  1.000 
 23 18160D-09-2    (2)    1 :  1.000 

Command line arguments:   structure -D 148822 -K 1 -m mainparams -o k1/populations_k1_run9 
Input File:    populations.str
Output File:   k1/populations_k1_run9_f

Run parameters:
   23 individuals
   50160 loci
   1 populations assumed
   1000 Burn-in period
   5000 Reps
RANDOMIZE turned off

--------------------------------------------
Estimated Ln Prob of Data   = -1039011.3
Mean value of ln likelihood = -1026647.3
Variance of ln likelihood   = 24727.9

Mean value of Fst_1         = 0.0088


--------------------------------------------
Proportion of membership of each pre-defined
 population in each of the 1 clusters

Given    Inferred Clusters       Number of
 Pop       1                    Individuals

  1:     1.000                     23
--------------------------------------------
Final results printed to file k1/populations_k1_run9_f

