

----------------------------------------------------
STRUCTURE by Pritchard, Stephens and Donnelly (2000)
     and Falush, Stephens and Pritchard (2003)
       Code by Pritchard, Falush and Hubisz
             Version 2.3.4 (Jul 2012)
----------------------------------------------------


Reading file "mainparams".
datafile is
populations.str
Reading file "extraparams".
Reading file "populations.str".


Data file "populations.str" (truncated) --

Ind:   Label Pop : Genotype_data . . . .
  1: 18160D-09-0    1  :  4   1   3   1   4   1   3  . . . .   2
  1: 18160D-09-0    1  :  4   1   3   1   4   4   4  . . . .   4
  2: 18160D-09-0    1  :  4   1   3   1   4   1   3  . . . .   2
  2: 18160D-09-0    1  :  4   1   3   1   4   4   3  . . . .   4
  3: 18160D-09-0    1  :  4   1   0   0   0   0   3  . . . .   2
  3: 18160D-09-0    1  :  4   3   0   0   0   0   3  . . . .   4
  4: 18160D-09-0    1  :  4   1   3   1   4   1   3  . . . .   2
  4: 18160D-09-0    1  :  4   3   3   1   4   1   3  . . . .   4

      *******   

 22: 18160D-09-2    1  :  4   1   3   1   4   1   3  . . . .   2
 22: 18160D-09-2    1  :  4   3   3   1   4   1   4  . . . .   4
 23: 18160D-09-2    1  :  4   1   3   1   4   1   3  . . . .   2
 23: 18160D-09-2    1  :  4   1   3   1   4   4   4  . . . .   4

Number of alleles per locus: min= 2; ave=2.0; max= 2


--------------------------------------

Finished initialization; starting MCMC 
5000 iterations + 1000 burnin


 Rep#:   Lambda   Alpha      F1       Ln Like 
  100:    1.00    0.762    0.010      --  
  200:    1.00    1.281    0.010      --  
  300:    1.00    1.461    0.010      --  
  400:    1.00    1.295    0.010      --  
  500:    1.00    0.935    0.010      --  
  600:    1.00    0.915    0.010      --  
  700:    1.00    0.918    0.010      --  
  800:    1.00    1.058    0.010      --  
  900:    1.00    0.937    0.010      --  
 1000:    1.00    0.843    0.010      --  

BURNIN completed
 Rep#:   Lambda   Alpha      F1       Ln Like  Est Ln P(D)
 1100:    1.00    0.235    0.009      -1026431    0 
 1200:    1.00    0.205    0.009      -1026702    0 
 1300:    1.00    0.125    0.009      -1026655    0 
 1400:    1.00    0.436    0.009      -1026768    0 
 1500:    1.00    0.272    0.009      -1026670    0 
 1600:    1.00    0.536    0.009      -1026476    0 
 1700:    1.00    0.323    0.009      -1026761    0 
 1800:    1.00    0.498    0.009      -1026424    0 
 1900:    1.00    0.757    0.009      -1026473    0 

 Rep#:   Lambda   Alpha      F1       Ln Like  Est Ln P(D)
 2000:    1.00    0.664    0.009      -1026344    0 
 2100:    1.00    0.212    0.009      -1026837    0 
 2200:    1.00    0.420    0.009      -1027159    0 
 2300:    1.00    0.188    0.009      -1026475    0 
 2400:    1.00    0.138    0.009      -1026500    0 
 2500:    1.00    0.017    0.009      -1026675    0 
 2600:    1.00    0.126    0.008      -1026384    0 
 2700:    1.00    0.087    0.008      -1026845    0 
 2800:    1.00    0.008    0.008      -1026633    0 
 2900:    1.00    0.349    0.008      -1026765    0 

 Rep#:   Lambda   Alpha      F1       Ln Like  Est Ln P(D)
 3000:    1.00    0.240    0.008      -1026797    0 
 3100:    1.00    0.405    0.008      -1026448    0 
 3200:    1.00    0.248    0.008      -1026693    0 
 3300:    1.00    0.036    0.008      -1026692    0 
 3400:    1.00    0.077    0.008      -1026673    0 
 3500:    1.00    0.172    0.008      -1026635    0 
 3600:    1.00    0.152    0.008      -1026509    0 
 3700:    1.00    0.347    0.008      -1026548    0 
 3800:    1.00    0.511    0.008      -1026862    0 
 3900:    1.00    0.264    0.008      -1026596    0 

 Rep#:   Lambda   Alpha      F1       Ln Like  Est Ln P(D)
 4000:    1.00    0.498    0.008      -1026534    0 
 4100:    1.00    0.247    0.008      -1026474    0 
 4200:    1.00    0.039    0.008      -1026582    0 
 4300:    1.00    0.160    0.008      -1026388    0 
 4400:    1.00    0.257    0.008      -1026491    0 
 4500:    1.00    0.470    0.007      -1026525    0 
 4600:    1.00    0.247    0.007      -1026639    0 
 4700:    1.00    0.331    0.007      -1026549    0 
 4800:    1.00    0.369    0.007      -1026791    0 
 4900:    1.00    0.463    0.007      -1026495    0 

 Rep#:   Lambda   Alpha      F1       Ln Like  Est Ln P(D)
 5000:    1.00    0.651    0.007      -1027028    0 
 5100:    1.00    0.313    0.007      -1026584    0 
 5200:    1.00    0.318    0.007      -1026664    0 
 5300:    1.00    0.464    0.007      -1026736    0 
 5400:    1.00    0.200    0.007      -1026650    0 
 5500:    1.00    0.323    0.007      -1026590    0 
 5600:    1.00    0.618    0.007      -1026694    0 
 5700:    1.00    0.559    0.007      -1026451    0 
 5800:    1.00    0.766    0.007      -1026754    0 
 5900:    1.00    1.007    0.007      -1026532    0 
 6000:    1.00    1.288    0.007      -1026485    0 

MCMC completed

Inferred ancestry of individuals:
        Label (%Miss) Pop:  Inferred clusters
  1 18160D-09-0    (2)    1 :  1.000 
  2 18160D-09-0    (4)    1 :  1.000 
  3 18160D-09-0    (2)    1 :  1.000 
  4 18160D-09-0    (5)    1 :  1.000 
  5 18160D-09-0    (4)    1 :  1.000 
  6 18160D-09-0    (4)    1 :  1.000 
  7 18160D-09-0    (2)    1 :  1.000 
  8 18160D-09-0    (4)    1 :  1.000 
  9 18160D-09-0    (2)    1 :  1.000 
 10 18160D-09-1    (2)    1 :  1.000 
 11 18160D-09-1    (2)    1 :  1.000 
 12 18160D-09-1    (2)    1 :  1.000 
 13 18160D-09-1    (5)    1 :  1.000 
 14 18160D-09-1   (18)    1 :  1.000 
 15 18160D-09-1    (4)    1 :  1.000 
 16 18160D-09-1    (2)    1 :  1.000 
 17 18160D-09-1    (2)    1 :  1.000 
 18 18160D-09-1    (2)    1 :  1.000 
 19 18160D-09-1    (2)    1 :  1.000 
 20 18160D-09-2    (5)    1 :  1.000 
 21 18160D-09-2    (5)    1 :  1.000 
 22 18160D-09-2    (5)    1 :  1.000 
 23 18160D-09-2    (2)    1 :  1.000 

Command line arguments:   structure -D 977125 -K 1 -m mainparams -o k1/populations_k1_run6 
Input File:    populations.str
Output File:   k1/populations_k1_run6_f

Run parameters:
   23 individuals
   50160 loci
   1 populations assumed
   1000 Burn-in period
   5000 Reps
RANDOMIZE turned off

--------------------------------------------
Estimated Ln Prob of Data   = -1038718.3
Mean value of ln likelihood = -1026638.9
Variance of ln likelihood   = 24158.7

Mean value of Fst_1         = 0.0079


--------------------------------------------
Proportion of membership of each pre-defined
 population in each of the 1 clusters

Given    Inferred Clusters       Number of
 Pop       1                    Individuals

  1:     1.000                     23
--------------------------------------------
Final results printed to file k1/populations_k1_run6_f

