

----------------------------------------------------
STRUCTURE by Pritchard, Stephens and Donnelly (2000)
     and Falush, Stephens and Pritchard (2003)
       Code by Pritchard, Falush and Hubisz
             Version 2.3.4 (Jul 2012)
----------------------------------------------------


Reading file "mainparams".
datafile is
populations.str
Reading file "extraparams".
Reading file "populations.str".


Data file "populations.str" (truncated) --

Ind:   Label Pop : Genotype_data . . . .
  1: 18160D-09-0    1  :  4   1   3   1   4   1   3  . . . .   2
  1: 18160D-09-0    1  :  4   1   3   1   4   4   4  . . . .   4
  2: 18160D-09-0    1  :  4   1   3   1   4   1   3  . . . .   2
  2: 18160D-09-0    1  :  4   1   3   1   4   4   3  . . . .   4
  3: 18160D-09-0    1  :  4   1   0   0   0   0   3  . . . .   2
  3: 18160D-09-0    1  :  4   3   0   0   0   0   3  . . . .   4
  4: 18160D-09-0    1  :  4   1   3   1   4   1   3  . . . .   2
  4: 18160D-09-0    1  :  4   3   3   1   4   1   3  . . . .   4

      *******   

 22: 18160D-09-2    1  :  4   1   3   1   4   1   3  . . . .   2
 22: 18160D-09-2    1  :  4   3   3   1   4   1   4  . . . .   4
 23: 18160D-09-2    1  :  4   1   3   1   4   1   3  . . . .   2
 23: 18160D-09-2    1  :  4   1   3   1   4   4   4  . . . .   4

Number of alleles per locus: min= 2; ave=2.0; max= 2


--------------------------------------

Finished initialization; starting MCMC 
50000 iterations + 10000 burnin


--------------------------------------------
Proportion of membership of each pre-defined
 population in each of the 2 clusters

Given    Inferred Clusters       Number of
 Pop       1      2             Individuals

  1:     0.507  0.493              23
--------------------------------------------

 Rep#:   Lambda   Alpha      F1    F2     D1,2    Ln Like 
  100:    1.00    1.207    0.010 0.010    0.003   --  
  200:    1.00    1.479    0.010 0.010    0.003   --  
  300:    1.00    1.452    0.010 0.010    0.003   --  
  400:    1.00    1.661    0.010 0.010    0.003   --  
  500:    1.00    1.601    0.010 0.010    0.003   --  
  600:    1.00    1.365    0.010 0.010    0.003   --  
  700:    1.00    1.108    0.010 0.010    0.003   --  
  800:    1.00    0.771    0.010 0.010    0.003   --  
  900:    1.00    0.385    0.010 0.010    0.003   --  

--------------------------------------------
Proportion of membership of each pre-defined
 population in each of the 2 clusters

Given    Inferred Clusters       Number of
 Pop       1      2             Individuals

  1:     0.339  0.661              23
--------------------------------------------

 Rep#:   Lambda   Alpha      F1    F2     D1,2    Ln Like 
 1000:    1.00    0.111    0.010 0.010    0.003   --  
 1100:    1.00    0.026    0.011 0.010    0.003   --  
 1200:    1.00    0.059    0.011 0.010    0.003   --  
 1300:    1.00    0.018    0.011 0.011    0.003   --  
 1400:    1.00    0.068    0.011 0.011    0.003   --  
 1500:    1.00    0.038    0.011 0.011    0.003   --  
 1600:    1.00    0.026    0.012 0.011    0.004   --  
 1700:    1.00    0.034    0.012 0.011    0.004   --  
 1800:    1.00    0.031    0.012 0.011    0.004   --  
 1900:    1.00    0.026    0.013 0.011    0.004   --  

--------------------------------------------
Proportion of membership of each pre-defined
 population in each of the 2 clusters

Given    Inferred Clusters       Number of
 Pop       1      2             Individuals

  1:     0.315  0.685              23
--------------------------------------------

 Rep#:   Lambda   Alpha      F1    F2     D1,2    Ln Like 
 2000:    1.00    0.025    0.013 0.011    0.004   --  
 2100:    1.00    0.021    0.013 0.011    0.004   --  
 2200:    1.00    0.019    0.013 0.011    0.004   --  
 2300:    1.00    0.027    0.013 0.013    0.004   --  
 2400:    1.00    0.022    0.013 0.013    0.004   --  
 2500:    1.00    0.052    0.013 0.013    0.004   --  
 2600:    1.00    0.025    0.013 0.014    0.004   --  
 2700:    1.00    0.031    0.013 0.014    0.004   --  
 2800:    1.00    0.031    0.013 0.014    0.004   --  
 2900:    1.00    0.019    0.013 0.017    0.005   --  

--------------------------------------------
Proportion of membership of each pre-defined
 population in each of the 2 clusters

Given    Inferred Clusters       Number of
 Pop       1      2             Individuals

  1:     0.314  0.686              23
--------------------------------------------

 Rep#:   Lambda   Alpha      F1    F2     D1,2    Ln Like 
 3000:    1.00    0.026    0.013 0.017    0.005   --  
 3100:    1.00    0.027    0.013 0.017    0.005   --  
 3200:    1.00    0.018    0.013 0.018    0.005   --  
 3300:    1.00    0.019    0.013 0.021    0.005   --  
 3400:    1.00    0.044    0.013 0.021    0.005   --  
 3500:    1.00    0.054    0.013 0.021    0.005   --  
 3600:    1.00    0.036    0.013 0.022    0.006   --  
 3700:    1.00    0.054    0.013 0.022    0.006   --  
 3800:    1.00    0.033    0.013 0.022    0.006   --  
 3900:    1.00    0.037    0.013 0.024    0.006   --  

--------------------------------------------
Proportion of membership of each pre-defined
 population in each of the 2 clusters

Given    Inferred Clusters       Number of
 Pop       1      2             Individuals

  1:     0.319  0.681              23
--------------------------------------------

 Rep#:   Lambda   Alpha      F1    F2     D1,2    Ln Like 
 4000:    1.00    0.039    0.013 0.024    0.006   --  
 4100:    1.00    0.028    0.013 0.024    0.006   --  
 4200:    1.00    0.030    0.013 0.025    0.006   --  
 4300:    1.00    0.031    0.013 0.025    0.006   --  
 4400:    1.00    0.039    0.013 0.025    0.006   --  
 4500:    1.00    0.040    0.013 0.026    0.006   --  
 4600:    1.00    0.045    0.013 0.026    0.006   --  
 4700:    1.00    0.052    0.013 0.027    0.006   --  
 4800:    1.00    0.080    0.013 0.027    0.006   --  
 4900:    1.00    0.073    0.013 0.027    0.006   --  

--------------------------------------------
Proportion of membership of each pre-defined
 population in each of the 2 clusters

Given    Inferred Clusters       Number of
 Pop       1      2             Individuals

  1:     0.337  0.663              23
--------------------------------------------

 Rep#:   Lambda   Alpha      F1    F2     D1,2    Ln Like 
 5000:    1.00    0.107    0.013 0.027    0.006   --  
 5100:    1.00    0.081    0.013 0.029    0.007   --  
 5200:    1.00    0.083    0.013 0.029    0.007   --  
 5300:    1.00    0.073    0.013 0.030    0.007   --  
 5400:    1.00    0.070    0.013 0.030    0.007   --  
 5500:    1.00    0.087    0.014 0.031    0.007   --  
 5600:    1.00    0.151    0.014 0.031    0.007   --  
 5700:    1.00    0.084    0.014 0.031    0.007   --  
 5800:    1.00    0.102    0.014 0.032    0.007   --  
 5900:    1.00    0.073    0.014 0.036    0.008   --  

--------------------------------------------
Proportion of membership of each pre-defined
 population in each of the 2 clusters

Given    Inferred Clusters       Number of
 Pop       1      2             Individuals

  1:     0.385  0.615              23
--------------------------------------------

 Rep#:   Lambda   Alpha      F1    F2     D1,2    Ln Like 
 6000:    1.00    0.094    0.014 0.037    0.008   --  
 6100:    1.00    0.247    0.014 0.040    0.009   --  
 6200:    1.00    0.141    0.014 0.042    0.009   --  
 6300:    1.00    0.072    0.014 0.045    0.009   --  
 6400:    1.00    0.249    0.014 0.047    0.010   --  
 6500:    1.00    0.204    0.014 0.048    0.010   --  
 6600:    1.00    0.086    0.014 0.049    0.010   --  
 6700:    1.00    0.136    0.014 0.065    0.013   --  
 6800:    1.00    0.090    0.014 0.071    0.014   --  
 6900:    1.00    0.145    0.014 0.085    0.016   --  

--------------------------------------------
Proportion of membership of each pre-defined
 population in each of the 2 clusters

Given    Inferred Clusters       Number of
 Pop       1      2             Individuals

  1:     0.570  0.430              23
--------------------------------------------

 Rep#:   Lambda   Alpha      F1    F2     D1,2    Ln Like 
 7000:    1.00    0.175    0.014 0.095    0.017   --  
 7100:    1.00    0.262    0.014 0.104    0.019   --  
 7200:    1.00    0.215    0.014 0.107    0.019   --  
 7300:    1.00    0.182    0.014 0.109    0.019   --  
 7400:    1.00    0.129    0.014 0.119    0.020   --  
 7500:    1.00    0.170    0.014 0.121    0.021   --  
 7600:    1.00    0.240    0.014 0.122    0.021   --  
 7700:    1.00    0.149    0.014 0.122    0.021   --  
 7800:    1.00    0.135    0.014 0.125    0.021   --  
 7900:    1.00    0.130    0.014 0.126    0.022   --  

--------------------------------------------
Proportion of membership of each pre-defined
 population in each of the 2 clusters

Given    Inferred Clusters       Number of
 Pop       1      2             Individuals

  1:     0.702  0.298              23
--------------------------------------------

 Rep#:   Lambda   Alpha      F1    F2     D1,2    Ln Like 
 8000:    1.00    0.142    0.014 0.129    0.021   --  
 8100:    1.00    0.249    0.014 0.134    0.022   --  
 8200:    1.00    0.212    0.014 0.133    0.022   --  
 8300:    1.00    0.111    0.014 0.133    0.022   --  
 8400:    1.00    0.093    0.014 0.135    0.023   --  
 8500:    1.00    0.283    0.014 0.135    0.022   --  
 8600:    1.00    0.149    0.014 0.138    0.023   --  
 8700:    1.00    0.164    0.013 0.141    0.023   --  
 8800:    1.00    0.162    0.013 0.143    0.023   --  
 8900:    1.00    0.084    0.013 0.143    0.023   --  

--------------------------------------------
Proportion of membership of each pre-defined
 population in each of the 2 clusters

Given    Inferred Clusters       Number of
 Pop       1      2             Individuals

  1:     0.724  0.276              23
--------------------------------------------

 Rep#:   Lambda   Alpha      F1    F2     D1,2    Ln Like 
 9000:    1.00    0.180    0.013 0.140    0.023   --  
 9100:    1.00    0.196    0.013 0.141    0.023   --  
 9200:    1.00    0.185    0.013 0.142    0.023   --  
 9300:    1.00    0.147    0.013 0.141    0.023   --  
 9400:    1.00    0.178    0.013 0.141    0.023   --  
 9500:    1.00    0.140    0.013 0.141    0.023   --  
 9600:    1.00    0.235    0.013 0.145    0.024   --  
 9700:    1.00    0.168    0.013 0.141    0.023   --  
 9800:    1.00    0.159    0.013 0.141    0.023   --  
 9900:    1.00    0.143    0.013 0.142    0.023   --  
10000:    1.00    0.223    0.013 0.142    0.023   --  

BURNIN completed
 Rep#:   Lambda   Alpha      F1    F2     D1,2    Ln Like  Est Ln P(D)
10100:    1.00    0.260    0.013 0.140    0.023   -1003278    0 
10200:    1.00    0.179    0.013 0.140    0.023   -1003241    0 
10300:    1.00    0.229    0.013 0.141    0.023   -1003523    0 
10400:    1.00    0.257    0.013 0.142    0.023   -1003430    0 
10500:    1.00    0.217    0.013 0.144    0.024   -1003577    0 
10600:    1.00    0.142    0.013 0.144    0.024   -1003358    0 
10700:    1.00    0.149    0.013 0.145    0.024   -1002903    0 
10800:    1.00    0.246    0.013 0.145    0.023   -1002816    0 
10900:    1.00    0.262    0.013 0.145    0.024   -1003451    0 

--------------------------------------------
Proportion of membership of each pre-defined
 population in each of the 2 clusters

Given    Inferred Clusters       Number of
 Pop       1      2             Individuals

  1:     0.730  0.270              23
--------------------------------------------

 Rep#:   Lambda   Alpha      F1    F2     D1,2    Ln Like  Est Ln P(D)
11000:    1.00    0.233    0.013 0.145    0.024   -1003302    0 
11100:    1.00    0.156    0.012 0.145    0.024   -1003323    0 
11200:    1.00    0.177    0.012 0.143    0.024   -1003568    0 
11300:    1.00    0.189    0.012 0.146    0.024   -1003187    0 
11400:    1.00    0.217    0.012 0.145    0.024   -1003415    0 
11500:    1.00    0.175    0.012 0.145    0.024   -1003556    0 
11600:    1.00    0.158    0.012 0.145    0.024   -1003037    0 
11700:    1.00    0.120    0.012 0.144    0.023   -1003324    0 
11800:    1.00    0.189    0.012 0.144    0.024   -1003063    0 
11900:    1.00    0.125    0.012 0.143    0.023   -1003475    0 

--------------------------------------------
Proportion of membership of each pre-defined
 population in each of the 2 clusters

Given    Inferred Clusters       Number of
 Pop       1      2             Individuals

  1:     0.727  0.273              23
--------------------------------------------

 Rep#:   Lambda   Alpha      F1    F2     D1,2    Ln Like  Est Ln P(D)
12000:    1.00    0.167    0.012 0.148    0.024   -1002787    0 
12100:    1.00    0.158    0.012 0.148    0.024   -1003167    0 
12200:    1.00    0.334    0.012 0.146    0.024   -1003400    0 
12300:    1.00    0.217    0.012 0.148    0.024   -1003749    0 
12400:    1.00    0.307    0.012 0.147    0.024   -1003302    0 
12500:    1.00    0.225    0.012 0.151    0.025   -1002753    0 
12600:    1.00    0.228    0.012 0.150    0.024   -1002871    0 
12700:    1.00    0.193    0.012 0.153    0.024   -1002946    0 
12800:    1.00    0.152    0.012 0.150    0.024   -1003299    0 
12900:    1.00    0.228    0.012 0.150    0.024   -1003120    0 

--------------------------------------------
Proportion of membership of each pre-defined
 population in each of the 2 clusters

Given    Inferred Clusters       Number of
 Pop       1      2             Individuals

  1:     0.733  0.267              23
--------------------------------------------

 Rep#:   Lambda   Alpha      F1    F2     D1,2    Ln Like  Est Ln P(D)
13000:    1.00    0.199    0.012 0.150    0.025   -1003182    0 
13100:    1.00    0.206    0.012 0.151    0.025   -1002980    0 
13200:    1.00    0.145    0.012 0.151    0.024   -1002755    0 
13300:    1.00    0.175    0.012 0.149    0.024   -1003066    0 
13400:    1.00    0.243    0.012 0.150    0.024   -1003000    0 
13500:    1.00    0.223    0.012 0.146    0.024   -1003263    0 
13600:    1.00    0.155    0.012 0.143    0.023   -1003523    0 
13700:    1.00    0.316    0.012 0.143    0.023   -1003365    0 
13800:    1.00    0.184    0.012 0.143    0.024   -1003636    0 
13900:    1.00    0.200    0.012 0.143    0.023   -1003112    0 

--------------------------------------------
Proportion of membership of each pre-defined
 population in each of the 2 clusters

Given    Inferred Clusters       Number of
 Pop       1      2             Individuals

  1:     0.728  0.272              23
--------------------------------------------

 Rep#:   Lambda   Alpha      F1    F2     D1,2    Ln Like  Est Ln P(D)
14000:    1.00    0.289    0.012 0.144    0.023   -1003264    0 
14100:    1.00    0.278    0.012 0.146    0.024   -1003352    0 
14200:    1.00    0.248    0.012 0.146    0.024   -1003067    0 
14300:    1.00    0.218    0.012 0.147    0.024   -1003346    0 
14400:    1.00    0.205    0.012 0.149    0.024   -1003140    0 
14500:    1.00    0.144    0.012 0.149    0.024   -1003193    0 
14600:    1.00    0.120    0.012 0.147    0.024   -1003113    0 
14700:    1.00    0.217    0.012 0.147    0.024   -1003269    0 
14800:    1.00    0.260    0.012 0.147    0.024   -1003463    0 
14900:    1.00    0.212    0.012 0.147    0.024   -1003826    0 

--------------------------------------------
Proportion of membership of each pre-defined
 population in each of the 2 clusters

Given    Inferred Clusters       Number of
 Pop       1      2             Individuals

  1:     0.732  0.268              23
--------------------------------------------

 Rep#:   Lambda   Alpha      F1    F2     D1,2    Ln Like  Est Ln P(D)
15000:    1.00    0.170    0.012 0.149    0.024   -1003229    0 
15100:    1.00    0.230    0.012 0.149    0.024   -1003164    0 
15200:    1.00    0.355    0.012 0.147    0.024   -1003249    0 
15300:    1.00    0.247    0.012 0.147    0.024   -1003322    0 
15400:    1.00    0.169    0.011 0.148    0.024   -1003544    0 
15500:    1.00    0.186    0.011 0.147    0.024   -1003405    0 
15600:    1.00    0.173    0.011 0.146    0.024   -1003184    0 
15700:    1.00    0.158    0.011 0.150    0.024   -1002911    0 
15800:    1.00    0.172    0.011 0.150    0.024   -1003064    0 
15900:    1.00    0.217    0.011 0.149    0.024   -1003172    0 

--------------------------------------------
Proportion of membership of each pre-defined
 population in each of the 2 clusters

Given    Inferred Clusters       Number of
 Pop       1      2             Individuals

  1:     0.740  0.260              23
--------------------------------------------

 Rep#:   Lambda   Alpha      F1    F2     D1,2    Ln Like  Est Ln P(D)
16000:    1.00    0.266    0.011 0.150    0.024   -1002916    0 
16100:    1.00    0.244    0.011 0.149    0.024   -1002957    0 
16200:    1.00    0.273    0.011 0.149    0.024   -1003362    0 
16300:    1.00    0.185    0.011 0.149    0.024   -1003171    0 
16400:    1.00    0.167    0.011 0.150    0.024   -1002966    0 
16500:    1.00    0.150    0.011 0.151    0.024   -1003146    0 
16600:    1.00    0.143    0.011 0.151    0.025   -1003281    0 
16700:    1.00    0.170    0.011 0.151    0.024   -1002956    0 
16800:    1.00    0.211    0.011 0.151    0.024   -1002864    0 
16900:    1.00    0.180    0.011 0.151    0.024   -1003111    0 

--------------------------------------------
Proportion of membership of each pre-defined
 population in each of the 2 clusters

Given    Inferred Clusters       Number of
 Pop       1      2             Individuals

  1:     0.733  0.267              23
--------------------------------------------

 Rep#:   Lambda   Alpha      F1    F2     D1,2    Ln Like  Est Ln P(D)
17000:    1.00    0.211    0.011 0.150    0.024   -1003306    0 
17100:    1.00    0.310    0.011 0.150    0.024   -1003333    0 
17200:    1.00    0.194    0.011 0.151    0.024   -1003329    0 
17300:    1.00    0.194    0.011 0.152    0.024   -1003045    0 
17400:    1.00    0.150    0.011 0.152    0.024   -1002784    0 
17500:    1.00    0.229    0.011 0.152    0.025   -1003071    0 
17600:    1.00    0.241    0.011 0.151    0.024   -1003259    0 
17700:    1.00    0.321    0.011 0.151    0.024   -1003210    0 
17800:    1.00    0.189    0.011 0.151    0.024   -1003277    0 
17900:    1.00    0.241    0.011 0.153    0.025   -1003178    0 

--------------------------------------------
Proportion of membership of each pre-defined
 population in each of the 2 clusters

Given    Inferred Clusters       Number of
 Pop       1      2             Individuals

  1:     0.732  0.268              23
--------------------------------------------

 Rep#:   Lambda   Alpha      F1    F2     D1,2    Ln Like  Est Ln P(D)
18000:    1.00    0.216    0.011 0.153    0.025   -1003311    0 
18100:    1.00    0.178    0.011 0.154    0.025   -1002965    0 
18200:    1.00    0.184    0.011 0.156    0.025   -1003141    0 
18300:    1.00    0.238    0.011 0.156    0.025   -1003524    0 
18400:    1.00    0.160    0.011 0.156    0.025   -1002761    0 
18500:    1.00    0.334    0.011 0.155    0.025   -1003250    0 
18600:    1.00    0.240    0.011 0.155    0.025   -1003003    0 
18700:    1.00    0.216    0.011 0.151    0.024   -1003187    0 
18800:    1.00    0.215    0.011 0.150    0.024   -1003527    0 
18900:    1.00    0.267    0.011 0.150    0.024   -1003368    0 

--------------------------------------------
Proportion of membership of each pre-defined
 population in each of the 2 clusters

Given    Inferred Clusters       Number of
 Pop       1      2             Individuals

  1:     0.732  0.268              23
--------------------------------------------

 Rep#:   Lambda   Alpha      F1    F2     D1,2    Ln Like  Est Ln P(D)
19000:    1.00    0.281    0.011 0.148    0.024   -1003248    0 
19100:    1.00    0.174    0.011 0.148    0.024   -1003066    0 
19200:    1.00    0.199    0.011 0.147    0.024   -1003193    0 
19300:    1.00    0.333    0.011 0.147    0.024   -1003517    0 
19400:    1.00    0.249    0.011 0.145    0.023   -1003350    0 
19500:    1.00    0.192    0.011 0.145    0.023   -1003281    0 
19600:    1.00    0.289    0.011 0.147    0.024   -1002929    0 
19700:    1.00    0.252    0.011 0.147    0.024   -1003405    0 
19800:    1.00    0.137    0.011 0.144    0.023   -1003315    0 
19900:    1.00    0.120    0.011 0.144    0.023   -1003405    0 

--------------------------------------------
Proportion of membership of each pre-defined
 population in each of the 2 clusters

Given    Inferred Clusters       Number of
 Pop       1      2             Individuals

  1:     0.737  0.263              23
--------------------------------------------

 Rep#:   Lambda   Alpha      F1    F2     D1,2    Ln Like  Est Ln P(D)
20000:    1.00    0.297    0.011 0.146    0.024   -1003109    0 
20100:    1.00    0.151    0.010 0.147    0.024   -1003084    0 
20200:    1.00    0.140    0.010 0.147    0.024   -1003594    0 
20300:    1.00    0.170    0.010 0.147    0.024   -1003237    0 
20400:    1.00    0.165    0.010 0.148    0.024   -1003132    0 
20500:    1.00    0.135    0.010 0.148    0.024   -1003002    0 
20600:    1.00    0.219    0.010 0.150    0.024   -1002966    0 
20700:    1.00    0.246    0.010 0.152    0.024   -1003255    0 
20800:    1.00    0.163    0.010 0.151    0.024   -1003214    0 
20900:    1.00    0.185    0.010 0.150    0.024   -1003005    0 

--------------------------------------------
Proportion of membership of each pre-defined
 population in each of the 2 clusters

Given    Inferred Clusters       Number of
 Pop       1      2             Individuals

  1:     0.735  0.265              23
--------------------------------------------

 Rep#:   Lambda   Alpha      F1    F2     D1,2    Ln Like  Est Ln P(D)
21000:    1.00    0.267    0.010 0.150    0.024   -1003602    0 
21100:    1.00    0.164    0.010 0.151    0.024   -1002996    0 
21200:    1.00    0.192    0.010 0.151    0.024   -1002817    0 
21300:    1.00    0.186    0.010 0.152    0.024   -1003665    0 
21400:    1.00    0.246    0.010 0.150    0.024   -1003619    0 
21500:    1.00    0.285    0.010 0.150    0.024   -1003599    0 
21600:    1.00    0.237    0.010 0.150    0.024   -1003445    0 
21700:    1.00    0.274    0.010 0.152    0.024   -1003288    0 
21800:    1.00    0.256    0.010 0.151    0.024   -1003660    0 
21900:    1.00    0.269    0.010 0.151    0.024   -1003242    0 

--------------------------------------------
Proportion of membership of each pre-defined
 population in each of the 2 clusters

Given    Inferred Clusters       Number of
 Pop       1      2             Individuals

  1:     0.734  0.266              23
--------------------------------------------

 Rep#:   Lambda   Alpha      F1    F2     D1,2    Ln Like  Est Ln P(D)
22000:    1.00    0.248    0.010 0.151    0.024   -1003358    0 
22100:    1.00    0.168    0.010 0.151    0.024   -1003399    0 
22200:    1.00    0.139    0.010 0.153    0.025   -1003292    0 
22300:    1.00    0.113    0.010 0.153    0.025   -1002978    0 
22400:    1.00    0.271    0.010 0.152    0.024   -1003375    0 
22500:    1.00    0.168    0.010 0.148    0.024   -1003411    0 
22600:    1.00    0.181    0.010 0.151    0.024   -1003295    0 
22700:    1.00    0.148    0.010 0.148    0.024   -1003236    0 
22800:    1.00    0.210    0.010 0.148    0.024   -1003177    0 
22900:    1.00    0.300    0.010 0.149    0.024   -1003467    0 

--------------------------------------------
Proportion of membership of each pre-defined
 population in each of the 2 clusters

Given    Inferred Clusters       Number of
 Pop       1      2             Individuals

  1:     0.734  0.266              23
--------------------------------------------

 Rep#:   Lambda   Alpha      F1    F2     D1,2    Ln Like  Est Ln P(D)
23000:    1.00    0.183    0.010 0.149    0.024   -1003459    0 
23100:    1.00    0.231    0.010 0.149    0.024   -1003384    0 
23200:    1.00    0.140    0.010 0.150    0.024   -1003302    0 
23300:    1.00    0.184    0.010 0.149    0.024   -1003111    0 
23400:    1.00    0.214    0.010 0.152    0.024   -1003244    0 
23500:    1.00    0.177    0.010 0.151    0.024   -1002963    0 
23600:    1.00    0.104    0.010 0.154    0.025   -1002763    0 
23700:    1.00    0.196    0.010 0.155    0.025   -1003096    0 
23800:    1.00    0.129    0.010 0.153    0.024   -1003488    0 
23900:    1.00    0.247    0.010 0.154    0.025   -1003292    0 

--------------------------------------------
Proportion of membership of each pre-defined
 population in each of the 2 clusters

Given    Inferred Clusters       Number of
 Pop       1      2             Individuals

  1:     0.732  0.268              23
--------------------------------------------

 Rep#:   Lambda   Alpha      F1    F2     D1,2    Ln Like  Est Ln P(D)
24000:    1.00    0.150    0.010 0.153    0.025   -1002818    0 
24100:    1.00    0.189    0.010 0.153    0.024   -1003476    0 
24200:    1.00    0.158    0.010 0.153    0.024   -1003112    0 
24300:    1.00    0.352    0.010 0.152    0.025   -1003382    0 
24400:    1.00    0.232    0.010 0.151    0.024   -1003167    0 
24500:    1.00    0.196    0.010 0.153    0.025   -1003053    0 
24600:    1.00    0.216    0.010 0.151    0.024   -1003152    0 
24700:    1.00    0.180    0.010 0.151    0.024   -1003548    0 
24800:    1.00    0.272    0.010 0.151    0.024   -1003424    0 
24900:    1.00    0.285    0.010 0.153    0.024   -1003244    0 

--------------------------------------------
Proportion of membership of each pre-defined
 population in each of the 2 clusters

Given    Inferred Clusters       Number of
 Pop       1      2             Individuals

  1:     0.732  0.268              23
--------------------------------------------

 Rep#:   Lambda   Alpha      F1    F2     D1,2    Ln Like  Est Ln P(D)
25000:    1.00    0.180    0.010 0.154    0.024   -1003294    0 
25100:    1.00    0.187    0.010 0.153    0.024   -1002887    0 
25200:    1.00    0.191    0.010 0.153    0.024   -1003118    0 
25300:    1.00    0.127    0.010 0.153    0.024   -1003492    0 
25400:    1.00    0.172    0.010 0.154    0.024   -1003105    0 
25500:    1.00    0.171    0.010 0.153    0.025   -1003089    0 
25600:    1.00    0.211    0.010 0.153    0.025   -1002997    0 
25700:    1.00    0.135    0.010 0.153    0.024   -1003095    0 
25800:    1.00    0.201    0.010 0.152    0.024   -1003251    0 
25900:    1.00    0.140    0.010 0.152    0.025   -1003067    0 

--------------------------------------------
Proportion of membership of each pre-defined
 population in each of the 2 clusters

Given    Inferred Clusters       Number of
 Pop       1      2             Individuals

  1:     0.738  0.262              23
--------------------------------------------

 Rep#:   Lambda   Alpha      F1    F2     D1,2    Ln Like  Est Ln P(D)
26000:    1.00    0.308    0.010 0.154    0.025   -1003171    0 
26100:    1.00    0.169    0.010 0.152    0.024   -1003367    0 
26200:    1.00    0.146    0.010 0.152    0.024   -1003325    0 
26300:    1.00    0.209    0.010 0.150    0.024   -1002947    0 
26400:    1.00    0.273    0.010 0.150    0.024   -1002906    0 
26500:    1.00    0.261    0.010 0.150    0.024   -1002950    0 
26600:    1.00    0.174    0.010 0.151    0.024   -1003127    0 
26700:    1.00    0.154    0.010 0.148    0.024   -1003041    0 
26800:    1.00    0.192    0.010 0.148    0.024   -1003580    0 
26900:    1.00    0.273    0.010 0.148    0.024   -1003160    0 

--------------------------------------------
Proportion of membership of each pre-defined
 population in each of the 2 clusters

Given    Inferred Clusters       Number of
 Pop       1      2             Individuals

  1:     0.734  0.266              23
--------------------------------------------

 Rep#:   Lambda   Alpha      F1    F2     D1,2    Ln Like  Est Ln P(D)
27000:    1.00    0.126    0.010 0.148    0.024   -1003120    0 
27100:    1.00    0.289    0.010 0.148    0.024   -1003188    0 
27200:    1.00    0.180    0.010 0.150    0.024   -1003346    0 
27300:    1.00    0.209    0.010 0.150    0.024   -1003083    0 
27400:    1.00    0.232    0.010 0.150    0.024   -1003520    0 
27500:    1.00    0.215    0.010 0.151    0.024   -1003345    0 
27600:    1.00    0.167    0.010 0.151    0.024   -1002745    0 
27700:    1.00    0.171    0.010 0.151    0.024   -1003061    0 
27800:    1.00    0.124    0.010 0.153    0.025   -1002959    0 
27900:    1.00    0.202    0.010 0.153    0.024   -1003344    0 

--------------------------------------------
Proportion of membership of each pre-defined
 population in each of the 2 clusters

Given    Inferred Clusters       Number of
 Pop       1      2             Individuals

  1:     0.738  0.262              23
--------------------------------------------

 Rep#:   Lambda   Alpha      F1    F2     D1,2    Ln Like  Est Ln P(D)
28000:    1.00    0.137    0.010 0.153    0.024   -1003194    0 
28100:    1.00    0.133    0.010 0.153    0.024   -1003389    0 
28200:    1.00    0.322    0.010 0.151    0.024   -1002880    0 
28300:    1.00    0.117    0.010 0.151    0.024   -1003601    0 
28400:    1.00    0.143    0.010 0.151    0.024   -1003040    0 
28500:    1.00    0.244    0.010 0.148    0.024   -1003670    0 
28600:    1.00    0.125    0.010 0.151    0.024   -1002863    0 
28700:    1.00    0.326    0.009 0.151    0.024   -1003464    0 
28800:    1.00    0.180    0.009 0.149    0.024   -1003442    0 
28900:    1.00    0.265    0.009 0.146    0.023   -1003534    0 

--------------------------------------------
Proportion of membership of each pre-defined
 population in each of the 2 clusters

Given    Inferred Clusters       Number of
 Pop       1      2             Individuals

  1:     0.738  0.262              23
--------------------------------------------

 Rep#:   Lambda   Alpha      F1    F2     D1,2    Ln Like  Est Ln P(D)
29000:    1.00    0.127    0.009 0.146    0.023   -1003696    0 
29100:    1.00    0.267    0.009 0.146    0.023   -1003169    0 
29200:    1.00    0.154    0.009 0.147    0.023   -1003658    0 
29300:    1.00    0.113    0.009 0.145    0.023   -1003142    0 
29400:    1.00    0.212    0.009 0.145    0.023   -1003186    0 
29500:    1.00    0.147    0.009 0.145    0.023   -1003543    0 
29600:    1.00    0.155    0.009 0.146    0.023   -1003457    0 
29700:    1.00    0.263    0.009 0.146    0.023   -1003332    0 
29800:    1.00    0.158    0.009 0.145    0.023   -1002980    0 
29900:    1.00    0.188    0.009 0.144    0.023   -1003320    0 

--------------------------------------------
Proportion of membership of each pre-defined
 population in each of the 2 clusters

Given    Inferred Clusters       Number of
 Pop       1      2             Individuals

  1:     0.741  0.259              23
--------------------------------------------

 Rep#:   Lambda   Alpha      F1    F2     D1,2    Ln Like  Est Ln P(D)
30000:    1.00    0.254    0.009 0.145    0.023   -1003540    0 
30100:    1.00    0.164    0.009 0.145    0.023   -1003272    0 
30200:    1.00    0.117    0.009 0.144    0.023   -1003373    0 
30300:    1.00    0.130    0.009 0.146    0.023   -1003334    0 
30400:    1.00    0.214    0.009 0.144    0.023   -1002993    0 
30500:    1.00    0.204    0.009 0.143    0.023   -1003210    0 
30600:    1.00    0.256    0.009 0.143    0.023   -1003166    0 
30700:    1.00    0.156    0.009 0.144    0.023   -1003284    0 
30800:    1.00    0.322    0.009 0.147    0.024   -1003015    0 
30900:    1.00    0.209    0.009 0.145    0.023   -1003503    0 

--------------------------------------------
Proportion of membership of each pre-defined
 population in each of the 2 clusters

Given    Inferred Clusters       Number of
 Pop       1      2             Individuals

  1:     0.735  0.265              23
--------------------------------------------

 Rep#:   Lambda   Alpha      F1    F2     D1,2    Ln Like  Est Ln P(D)
31000:    1.00    0.178    0.009 0.147    0.024   -1003379    0 
31100:    1.00    0.252    0.009 0.148    0.024   -1003342    0 
31200:    1.00    0.096    0.009 0.147    0.023   -1003188    0 
31300:    1.00    0.156    0.009 0.145    0.023   -1003085    0 
31400:    1.00    0.238    0.009 0.146    0.023   -1003476    0 
31500:    1.00    0.164    0.009 0.146    0.023   -1003476    0 
31600:    1.00    0.236    0.009 0.147    0.024   -1003093    0 
31700:    1.00    0.219    0.009 0.147    0.023   -1003492    0 
31800:    1.00    0.168    0.009 0.148    0.024   -1002799    0 
31900:    1.00    0.123    0.009 0.148    0.024   -1003642    0 

--------------------------------------------
Proportion of membership of each pre-defined
 population in each of the 2 clusters

Given    Inferred Clusters       Number of
 Pop       1      2             Individuals

  1:     0.735  0.265              23
--------------------------------------------

 Rep#:   Lambda   Alpha      F1    F2     D1,2    Ln Like  Est Ln P(D)
32000:    1.00    0.143    0.009 0.148    0.024   -1003212    0 
32100:    1.00    0.122    0.009 0.147    0.024   -1003084    0 
32200:    1.00    0.185    0.009 0.146    0.023   -1003356    0 
32300:    1.00    0.366    0.009 0.146    0.023   -1003505    0 
32400:    1.00    0.276    0.009 0.146    0.023   -1003572    0 
32500:    1.00    0.161    0.009 0.146    0.023   -1003069    0 
32600:    1.00    0.247    0.009 0.147    0.024   -1003223    0 
32700:    1.00    0.210    0.009 0.147    0.023   -1003437    0 
32800:    1.00    0.212    0.009 0.147    0.023   -1003229    0 
32900:    1.00    0.268    0.009 0.144    0.023   -1003791    0 

--------------------------------------------
Proportion of membership of each pre-defined
 population in each of the 2 clusters

Given    Inferred Clusters       Number of
 Pop       1      2             Individuals

  1:     0.737  0.263              23
--------------------------------------------

 Rep#:   Lambda   Alpha      F1    F2     D1,2    Ln Like  Est Ln P(D)
33000:    1.00    0.145    0.009 0.149    0.023   -1003447    0 
33100:    1.00    0.125    0.009 0.149    0.024   -1003773    0 
33200:    1.00    0.169    0.009 0.149    0.024   -1003434    0 
33300:    1.00    0.145    0.009 0.151    0.024   -1003295    0 
33400:    1.00    0.202    0.009 0.148    0.024   -1003219    0 
33500:    1.00    0.285    0.009 0.152    0.024   -1003325    0 
33600:    1.00    0.288    0.009 0.152    0.024   -1003653    0 
33700:    1.00    0.167    0.009 0.155    0.024   -1003124    0 
33800:    1.00    0.179    0.009 0.155    0.025   -1002938    0 
33900:    1.00    0.226    0.008 0.156    0.025   -1003154    0 

--------------------------------------------
Proportion of membership of each pre-defined
 population in each of the 2 clusters

Given    Inferred Clusters       Number of
 Pop       1      2             Individuals

  1:     0.741  0.259              23
--------------------------------------------

 Rep#:   Lambda   Alpha      F1    F2     D1,2    Ln Like  Est Ln P(D)
34000:    1.00    0.244    0.008 0.155    0.025   -1003509    0 
34100:    1.00    0.219    0.008 0.158    0.025   -1003127    0 
34200:    1.00    0.239    0.008 0.158    0.025   -1003436    0 
34300:    1.00    0.180    0.008 0.158    0.025   -1003220    0 
34400:    1.00    0.180    0.008 0.155    0.024   -1003301    0 
34500:    1.00    0.167    0.008 0.154    0.024   -1003099    0 
34600:    1.00    0.215    0.008 0.155    0.025   -1003461    0 
34700:    1.00    0.279    0.008 0.156    0.025   -1003574    0 
34800:    1.00    0.216    0.008 0.155    0.025   -1003175    0 
34900:    1.00    0.215    0.008 0.154    0.025   -1003348    0 

--------------------------------------------
Proportion of membership of each pre-defined
 population in each of the 2 clusters

Given    Inferred Clusters       Number of
 Pop       1      2             Individuals

  1:     0.741  0.259              23
--------------------------------------------

 Rep#:   Lambda   Alpha      F1    F2     D1,2    Ln Like  Est Ln P(D)
35000:    1.00    0.283    0.008 0.154    0.024   -1003377    0 
35100:    1.00    0.273    0.008 0.153    0.024   -1003398    0 
35200:    1.00    0.276    0.008 0.151    0.024   -1003218    0 
35300:    1.00    0.170    0.008 0.148    0.024   -1003740    0 
35400:    1.00    0.203    0.008 0.150    0.024   -1003320    0 
35500:    1.00    0.212    0.008 0.152    0.024   -1003294    0 
35600:    1.00    0.178    0.008 0.151    0.024   -1003538    0 
35700:    1.00    0.129    0.008 0.151    0.024   -1003358    0 
35800:    1.00    0.308    0.008 0.150    0.024   -1003744    0 
35900:    1.00    0.257    0.008 0.151    0.024   -1003143    0 

--------------------------------------------
Proportion of membership of each pre-defined
 population in each of the 2 clusters

Given    Inferred Clusters       Number of
 Pop       1      2             Individuals

  1:     0.739  0.261              23
--------------------------------------------

 Rep#:   Lambda   Alpha      F1    F2     D1,2    Ln Like  Est Ln P(D)
36000:    1.00    0.121    0.008 0.151    0.024   -1003394    0 
36100:    1.00    0.196    0.008 0.150    0.024   -1003121    0 
36200:    1.00    0.117    0.008 0.148    0.023   -1003234    0 
36300:    1.00    0.122    0.008 0.147    0.024   -1003123    0 
36400:    1.00    0.146    0.008 0.152    0.024   -1003124    0 
36500:    1.00    0.098    0.008 0.152    0.024   -1003302    0 
36600:    1.00    0.230    0.008 0.151    0.024   -1003522    0 
36700:    1.00    0.244    0.008 0.150    0.024   -1002980    0 
36800:    1.00    0.122    0.008 0.151    0.024   -1002884    0 
36900:    1.00    0.165    0.008 0.151    0.024   -1002881    0 

--------------------------------------------
Proportion of membership of each pre-defined
 population in each of the 2 clusters

Given    Inferred Clusters       Number of
 Pop       1      2             Individuals

  1:     0.737  0.263              23
--------------------------------------------

 Rep#:   Lambda   Alpha      F1    F2     D1,2    Ln Like  Est Ln P(D)
37000:    1.00    0.224    0.008 0.151    0.024   -1003306    0 
37100:    1.00    0.297    0.008 0.151    0.024   -1003209    0 
37200:    1.00    0.222    0.008 0.153    0.024   -1003360    0 
37300:    1.00    0.187    0.008 0.153    0.024   -1003337    0 
37400:    1.00    0.162    0.008 0.153    0.024   -1002975    0 
37500:    1.00    0.235    0.008 0.151    0.024   -1003388    0 
37600:    1.00    0.198    0.008 0.151    0.024   -1003255    0 
37700:    1.00    0.166    0.008 0.151    0.024   -1003305    0 
37800:    1.00    0.200    0.008 0.151    0.024   -1003227    0 
37900:    1.00    0.131    0.008 0.151    0.024   -1003180    0 

--------------------------------------------
Proportion of membership of each pre-defined
 population in each of the 2 clusters

Given    Inferred Clusters       Number of
 Pop       1      2             Individuals

  1:     0.739  0.261              23
--------------------------------------------

 Rep#:   Lambda   Alpha      F1    F2     D1,2    Ln Like  Est Ln P(D)
38000:    1.00    0.158    0.008 0.153    0.024   -1003261    0 
38100:    1.00    0.177    0.008 0.151    0.024   -1003614    0 
38200:    1.00    0.124    0.008 0.152    0.024   -1003207    0 
38300:    1.00    0.347    0.008 0.149    0.024   -1003491    0 
38400:    1.00    0.147    0.008 0.149    0.024   -1003166    0 
38500:    1.00    0.154    0.008 0.148    0.023   -1003541    0 
38600:    1.00    0.317    0.008 0.148    0.024   -1003434    0 
38700:    1.00    0.214    0.008 0.148    0.024   -1002926    0 
38800:    1.00    0.240    0.008 0.149    0.024   -1003418    0 
38900:    1.00    0.181    0.008 0.149    0.024   -1003618    0 

--------------------------------------------
Proportion of membership of each pre-defined
 population in each of the 2 clusters

Given    Inferred Clusters       Number of
 Pop       1      2             Individuals

  1:     0.739  0.261              23
--------------------------------------------

 Rep#:   Lambda   Alpha      F1    F2     D1,2    Ln Like  Est Ln P(D)
39000:    1.00    0.242    0.008 0.148    0.024   -1003356    0 
39100:    1.00    0.283    0.008 0.147    0.023   -1003802    0 
39200:    1.00    0.318    0.008 0.147    0.023   -1003628    0 
39300:    1.00    0.270    0.008 0.147    0.024   -1003284    0 
39400:    1.00    0.288    0.008 0.148    0.023   -1002990    0 
39500:    1.00    0.237    0.008 0.148    0.023   -1003540    0 
39600:    1.00    0.252    0.008 0.149    0.024   -1003370    0 
39700:    1.00    0.217    0.008 0.150    0.023   -1003383    0 
39800:    1.00    0.088    0.008 0.150    0.024   -1003567    0 
39900:    1.00    0.312    0.008 0.149    0.024   -1003316    0 

--------------------------------------------
Proportion of membership of each pre-defined
 population in each of the 2 clusters

Given    Inferred Clusters       Number of
 Pop       1      2             Individuals

  1:     0.731  0.269              23
--------------------------------------------

 Rep#:   Lambda   Alpha      F1    F2     D1,2    Ln Like  Est Ln P(D)
40000:    1.00    0.200    0.008 0.151    0.024   -1003401    0 
40100:    1.00    0.183    0.008 0.153    0.024   -1002704    0 
40200:    1.00    0.194    0.008 0.152    0.024   -1003290    0 
40300:    1.00    0.141    0.008 0.152    0.024   -1003188    0 
40400:    1.00    0.366    0.008 0.152    0.024   -1003234    0 
40500:    1.00    0.119    0.008 0.152    0.024   -1003181    0 
40600:    1.00    0.289    0.008 0.151    0.024   -1003513    0 
40700:    1.00    0.116    0.008 0.151    0.024   -1003142    0 
40800:    1.00    0.179    0.008 0.152    0.024   -1003256    0 
40900:    1.00    0.132    0.008 0.150    0.024   -1003277    0 

--------------------------------------------
Proportion of membership of each pre-defined
 population in each of the 2 clusters

Given    Inferred Clusters       Number of
 Pop       1      2             Individuals

  1:     0.743  0.257              23
--------------------------------------------

 Rep#:   Lambda   Alpha      F1    F2     D1,2    Ln Like  Est Ln P(D)
41000:    1.00    0.150    0.008 0.152    0.024   -1003220    0 
41100:    1.00    0.168    0.008 0.150    0.024   -1003663    0 
41200:    1.00    0.238    0.008 0.153    0.024   -1003312    0 
41300:    1.00    0.212    0.008 0.154    0.024   -1003165    0 
41400:    1.00    0.260    0.008 0.154    0.024   -1003449    0 
41500:    1.00    0.239    0.008 0.152    0.024   -1002997    0 
41600:    1.00    0.158    0.008 0.148    0.024   -1003464    0 
41700:    1.00    0.169    0.008 0.149    0.024   -1003297    0 
41800:    1.00    0.253    0.008 0.150    0.024   -1003175    0 
41900:    1.00    0.145    0.008 0.151    0.024   -1003389    0 

--------------------------------------------
Proportion of membership of each pre-defined
 population in each of the 2 clusters

Given    Inferred Clusters       Number of
 Pop       1      2             Individuals

  1:     0.740  0.260              23
--------------------------------------------

 Rep#:   Lambda   Alpha      F1    F2     D1,2    Ln Like  Est Ln P(D)
42000:    1.00    0.334    0.008 0.149    0.024   -1003967    0 
42100:    1.00    0.175    0.008 0.152    0.024   -1003098    0 
42200:    1.00    0.164    0.008 0.151    0.024   -1003643    0 
42300:    1.00    0.180    0.008 0.151    0.024   -1003614    0 
42400:    1.00    0.145    0.008 0.151    0.024   -1003393    0 
42500:    1.00    0.221    0.008 0.152    0.024   -1003087    0 
42600:    1.00    0.266    0.008 0.151    0.024   -1003136    0 
42700:    1.00    0.204    0.008 0.151    0.024   -1003451    0 
42800:    1.00    0.295    0.008 0.150    0.024   -1003332    0 
42900:    1.00    0.300    0.008 0.154    0.024   -1003670    0 

--------------------------------------------
Proportion of membership of each pre-defined
 population in each of the 2 clusters

Given    Inferred Clusters       Number of
 Pop       1      2             Individuals

  1:     0.738  0.262              23
--------------------------------------------

 Rep#:   Lambda   Alpha      F1    F2     D1,2    Ln Like  Est Ln P(D)
43000:    1.00    0.364    0.008 0.154    0.024   -1003686    0 
43100:    1.00    0.248    0.008 0.154    0.024   -1003056    0 
43200:    1.00    0.278    0.008 0.154    0.024   -1003152    0 
43300:    1.00    0.220    0.008 0.153    0.024   -1003440    0 
43400:    1.00    0.141    0.008 0.150    0.024   -1003404    0 
43500:    1.00    0.184    0.008 0.147    0.024   -1003483    0 
43600:    1.00    0.229    0.008 0.149    0.024   -1003495    0 
43700:    1.00    0.209    0.008 0.150    0.024   -1003445    0 
43800:    1.00    0.114    0.008 0.153    0.024   -1003275    0 
43900:    1.00    0.248    0.008 0.155    0.024   -1003419    0 

--------------------------------------------
Proportion of membership of each pre-defined
 population in each of the 2 clusters

Given    Inferred Clusters       Number of
 Pop       1      2             Individuals

  1:     0.740  0.260              23
--------------------------------------------

 Rep#:   Lambda   Alpha      F1    F2     D1,2    Ln Like  Est Ln P(D)
44000:    1.00    0.174    0.008 0.154    0.024   -1003241    0 
44100:    1.00    0.229    0.008 0.153    0.025   -1003378    0 
44200:    1.00    0.201    0.008 0.155    0.024   -1003244    0 
44300:    1.00    0.316    0.008 0.155    0.024   -1003070    0 
44400:    1.00    0.145    0.008 0.154    0.024   -1003470    0 
44500:    1.00    0.177    0.008 0.154    0.024   -1002953    0 
44600:    1.00    0.126    0.008 0.154    0.024   -1003541    0 
44700:    1.00    0.236    0.008 0.156    0.025   -1003299    0 
44800:    1.00    0.172    0.008 0.156    0.024   -1002993    0 
44900:    1.00    0.120    0.008 0.153    0.024   -1003517    0 

--------------------------------------------
Proportion of membership of each pre-defined
 population in each of the 2 clusters

Given    Inferred Clusters       Number of
 Pop       1      2             Individuals

  1:     0.742  0.258              23
--------------------------------------------

 Rep#:   Lambda   Alpha      F1    F2     D1,2    Ln Like  Est Ln P(D)
45000:    1.00    0.232    0.008 0.153    0.024   -1003713    0 
45100:    1.00    0.152    0.008 0.151    0.024   -1003133    0 
45200:    1.00    0.164    0.008 0.150    0.024   -1003553    0 
45300:    1.00    0.128    0.008 0.148    0.023   -1003333    0 
45400:    1.00    0.118    0.008 0.148    0.023   -1003421    0 
45500:    1.00    0.195    0.008 0.146    0.023   -1003354    0 
45600:    1.00    0.175    0.008 0.148    0.024   -1003563    0 
45700:    1.00    0.109    0.008 0.147    0.023   -1003021    0 
45800:    1.00    0.222    0.008 0.147    0.023   -1003139    0 
45900:    1.00    0.205    0.008 0.147    0.023   -1002807    0 

--------------------------------------------
Proportion of membership of each pre-defined
 population in each of the 2 clusters

Given    Inferred Clusters       Number of
 Pop       1      2             Individuals

  1:     0.736  0.264              23
--------------------------------------------

 Rep#:   Lambda   Alpha      F1    F2     D1,2    Ln Like  Est Ln P(D)
46000:    1.00    0.238    0.008 0.145    0.023   -1003393    0 
46100:    1.00    0.312    0.008 0.145    0.023   -1003354    0 
46200:    1.00    0.235    0.008 0.145    0.023   -1003105    0 
46300:    1.00    0.247    0.008 0.145    0.023   -1002976    0 
46400:    1.00    0.115    0.008 0.145    0.023   -1003394    0 
46500:    1.00    0.144    0.008 0.145    0.023   -1003013    0 
46600:    1.00    0.096    0.008 0.145    0.023   -1003637    0 
46700:    1.00    0.161    0.008 0.146    0.023   -1003415    0 
46800:    1.00    0.145    0.008 0.146    0.023   -1003393    0 
46900:    1.00    0.180    0.008 0.146    0.023   -1003480    0 

--------------------------------------------
Proportion of membership of each pre-defined
 population in each of the 2 clusters

Given    Inferred Clusters       Number of
 Pop       1      2             Individuals

  1:     0.735  0.265              23
--------------------------------------------

 Rep#:   Lambda   Alpha      F1    F2     D1,2    Ln Like  Est Ln P(D)
47000:    1.00    0.176    0.008 0.144    0.023   -1003553    0 
47100:    1.00    0.246    0.008 0.148    0.024   -1003330    0 
47200:    1.00    0.232    0.008 0.148    0.023   -1003167    0 
47300:    1.00    0.240    0.008 0.149    0.024   -1002917    0 
47400:    1.00    0.273    0.008 0.150    0.024   -1003360    0 
47500:    1.00    0.129    0.008 0.149    0.024   -1003808    0 
47600:    1.00    0.227    0.008 0.150    0.024   -1003592    0 
47700:    1.00    0.206    0.008 0.150    0.024   -1003181    0 
47800:    1.00    0.237    0.008 0.151    0.024   -1003404    0 
47900:    1.00    0.155    0.008 0.148    0.024   -1003561    0 

--------------------------------------------
Proportion of membership of each pre-defined
 population in each of the 2 clusters

Given    Inferred Clusters       Number of
 Pop       1      2             Individuals

  1:     0.739  0.261              23
--------------------------------------------

 Rep#:   Lambda   Alpha      F1    F2     D1,2    Ln Like  Est Ln P(D)
48000:    1.00    0.145    0.008 0.148    0.024   -1003391    0 
48100:    1.00    0.225    0.008 0.148    0.023   -1003199    0 
48200:    1.00    0.316    0.008 0.148    0.024   -1003500    0 
48300:    1.00    0.262    0.008 0.148    0.023   -1003562    0 
48400:    1.00    0.250    0.008 0.148    0.024   -1002972    0 
48500:    1.00    0.167    0.008 0.149    0.024   -1003104    0 
48600:    1.00    0.244    0.008 0.152    0.024   -1003007    0 
48700:    1.00    0.293    0.008 0.152    0.024   -1003153    0 
48800:    1.00    0.171    0.008 0.153    0.024   -1003293    0 
48900:    1.00    0.204    0.008 0.154    0.024   -1003287    0 

--------------------------------------------
Proportion of membership of each pre-defined
 population in each of the 2 clusters

Given    Inferred Clusters       Number of
 Pop       1      2             Individuals

  1:     0.740  0.260              23
--------------------------------------------

 Rep#:   Lambda   Alpha      F1    F2     D1,2    Ln Like  Est Ln P(D)
49000:    1.00    0.241    0.008 0.152    0.024   -1003160    0 
49100:    1.00    0.229    0.008 0.155    0.024   -1003427    0 
49200:    1.00    0.282    0.008 0.155    0.024   -1003255    0 
49300:    1.00    0.206    0.008 0.155    0.025   -1003384    0 
49400:    1.00    0.257    0.008 0.154    0.024   -1003093    0 
49500:    1.00    0.304    0.008 0.153    0.024   -1003188    0 
49600:    1.00    0.229    0.008 0.151    0.024   -1003567    0 
49700:    1.00    0.290    0.008 0.152    0.024   -1003029    0 
49800:    1.00    0.172    0.008 0.151    0.024   -1003061    0 
49900:    1.00    0.182    0.008 0.152    0.024   -1003493    0 

--------------------------------------------
Proportion of membership of each pre-defined
 population in each of the 2 clusters

Given    Inferred Clusters       Number of
 Pop       1      2             Individuals

  1:     0.745  0.255              23
--------------------------------------------

 Rep#:   Lambda   Alpha      F1    F2     D1,2    Ln Like  Est Ln P(D)
50000:    1.00    0.249    0.008 0.152    0.024   -1003027    0 
50100:    1.00    0.172    0.008 0.151    0.024   -1003354    0 
50200:    1.00    0.166    0.008 0.152    0.024   -1003198    0 
50300:    1.00    0.230    0.008 0.152    0.024   -1003550    0 
50400:    1.00    0.152    0.008 0.152    0.024   -1003683    0 
50500:    1.00    0.146    0.008 0.154    0.024   -1003452    0 
50600:    1.00    0.312    0.008 0.154    0.024   -1003399    0 
50700:    1.00    0.206    0.008 0.154    0.024   -1003363    0 
50800:    1.00    0.181    0.008 0.154    0.024   -1003081    0 
50900:    1.00    0.242    0.008 0.155    0.025   -1003163    0 

--------------------------------------------
Proportion of membership of each pre-defined
 population in each of the 2 clusters

Given    Inferred Clusters       Number of
 Pop       1      2             Individuals

  1:     0.743  0.257              23
--------------------------------------------

 Rep#:   Lambda   Alpha      F1    F2     D1,2    Ln Like  Est Ln P(D)
51000:    1.00    0.091    0.008 0.156    0.024   -1002846    0 
51100:    1.00    0.309    0.008 0.155    0.024   -1002948    0 
51200:    1.00    0.263    0.008 0.154    0.025   -1002749    0 
51300:    1.00    0.159    0.008 0.156    0.024   -1002990    0 
51400:    1.00    0.195    0.008 0.154    0.025   -1003494    0 
51500:    1.00    0.200    0.008 0.154    0.024   -1002940    0 
51600:    1.00    0.179    0.008 0.152    0.024   -1003091    0 
51700:    1.00    0.184    0.008 0.154    0.024   -1003537    0 
51800:    1.00    0.215    0.008 0.153    0.024   -1003069    0 
51900:    1.00    0.231    0.008 0.152    0.024   -1003384    0 

--------------------------------------------
Proportion of membership of each pre-defined
 population in each of the 2 clusters

Given    Inferred Clusters       Number of
 Pop       1      2             Individuals

  1:     0.736  0.264              23
--------------------------------------------

 Rep#:   Lambda   Alpha      F1    F2     D1,2    Ln Like  Est Ln P(D)
52000:    1.00    0.190    0.008 0.150    0.024   -1003272    0 
52100:    1.00    0.206    0.008 0.150    0.024   -1003248    0 
52200:    1.00    0.154    0.008 0.150    0.024   -1003541    0 
52300:    1.00    0.227    0.008 0.147    0.023   -1003750    0 
52400:    1.00    0.105    0.008 0.143    0.023   -1003339    0 
52500:    1.00    0.314    0.008 0.145    0.023   -1003694    0 
52600:    1.00    0.202    0.008 0.145    0.023   -1003895    0 
52700:    1.00    0.216    0.008 0.145    0.023   -1003453    0 
52800:    1.00    0.154    0.008 0.148    0.023   -1003012    0 
52900:    1.00    0.167    0.008 0.148    0.024   -1003345    0 

--------------------------------------------
Proportion of membership of each pre-defined
 population in each of the 2 clusters

Given    Inferred Clusters       Number of
 Pop       1      2             Individuals

  1:     0.735  0.265              23
--------------------------------------------

 Rep#:   Lambda   Alpha      F1    F2     D1,2    Ln Like  Est Ln P(D)
53000:    1.00    0.140    0.008 0.148    0.024   -1003227    0 
53100:    1.00    0.162    0.008 0.148    0.023   -1003521    0 
53200:    1.00    0.136    0.008 0.146    0.023   -1003434    0 
53300:    1.00    0.296    0.008 0.147    0.023   -1003423    0 
53400:    1.00    0.148    0.008 0.147    0.024   -1003610    0 
53500:    1.00    0.236    0.008 0.147    0.024   -1003342    0 
53600:    1.00    0.184    0.008 0.148    0.023   -1003683    0 
53700:    1.00    0.241    0.008 0.148    0.024   -1003674    0 
53800:    1.00    0.236    0.008 0.148    0.024   -1003616    0 
53900:    1.00    0.164    0.008 0.149    0.024   -1003081    0 

--------------------------------------------
Proportion of membership of each pre-defined
 population in each of the 2 clusters

Given    Inferred Clusters       Number of
 Pop       1      2             Individuals

  1:     0.741  0.259              23
--------------------------------------------

 Rep#:   Lambda   Alpha      F1    F2     D1,2    Ln Like  Est Ln P(D)
54000:    1.00    0.199    0.008 0.148    0.024   -1003081    0 
54100:    1.00    0.101    0.008 0.148    0.024   -1003344    0 
54200:    1.00    0.165    0.008 0.148    0.024   -1003248    0 
54300:    1.00    0.219    0.008 0.148    0.023   -1003447    0 
54400:    1.00    0.186    0.008 0.147    0.023   -1003362    0 
54500:    1.00    0.163    0.008 0.148    0.024   -1003404    0 
54600:    1.00    0.263    0.008 0.146    0.023   -1003174    0 
54700:    1.00    0.250    0.008 0.146    0.023   -1003725    0 
54800:    1.00    0.237    0.008 0.147    0.023   -1003814    0 
54900:    1.00    0.369    0.008 0.147    0.023   -1003312    0 

--------------------------------------------
Proportion of membership of each pre-defined
 population in each of the 2 clusters

Given    Inferred Clusters       Number of
 Pop       1      2             Individuals

  1:     0.739  0.261              23
--------------------------------------------

 Rep#:   Lambda   Alpha      F1    F2     D1,2    Ln Like  Est Ln P(D)
55000:    1.00    0.262    0.008 0.145    0.023   -1003632    0 
55100:    1.00    0.213    0.008 0.145    0.023   -1003502    0 
55200:    1.00    0.157    0.008 0.144    0.023   -1003343    0 
55300:    1.00    0.233    0.008 0.146    0.024   -1003207    0 
55400:    1.00    0.150    0.008 0.147    0.023   -1003438    0 
55500:    1.00    0.166    0.007 0.149    0.023   -1003177    0 
55600:    1.00    0.181    0.007 0.148    0.023   -1003440    0 
55700:    1.00    0.324    0.007 0.146    0.023   -1003696    0 
55800:    1.00    0.228    0.007 0.146    0.023   -1003243    0 
55900:    1.00    0.145    0.007 0.147    0.023   -1003616    0 

--------------------------------------------
Proportion of membership of each pre-defined
 population in each of the 2 clusters

Given    Inferred Clusters       Number of
 Pop       1      2             Individuals

  1:     0.745  0.255              23
--------------------------------------------

 Rep#:   Lambda   Alpha      F1    F2     D1,2    Ln Like  Est Ln P(D)
56000:    1.00    0.192    0.007 0.150    0.024   -1003393    0 
56100:    1.00    0.271    0.007 0.150    0.024   -1003533    0 
56200:    1.00    0.304    0.007 0.150    0.024   -1003485    0 
56300:    1.00    0.184    0.007 0.152    0.024   -1003238    0 
56400:    1.00    0.139    0.007 0.149    0.023   -1003618    0 
56500:    1.00    0.200    0.007 0.150    0.024   -1003176    0 
56600:    1.00    0.217    0.007 0.151    0.024   -1002888    0 
56700:    1.00    0.323    0.007 0.151    0.024   -1003259    0 
56800:    1.00    0.185    0.007 0.151    0.024   -1003277    0 
56900:    1.00    0.093    0.007 0.151    0.024   -1003037    0 

--------------------------------------------
Proportion of membership of each pre-defined
 population in each of the 2 clusters

Given    Inferred Clusters       Number of
 Pop       1      2             Individuals

  1:     0.736  0.264              23
--------------------------------------------

 Rep#:   Lambda   Alpha      F1    F2     D1,2    Ln Like  Est Ln P(D)
57000:    1.00    0.315    0.007 0.149    0.024   -1003442    0 
57100:    1.00    0.232    0.007 0.149    0.024   -1003097    0 
57200:    1.00    0.185    0.007 0.149    0.024   -1003092    0 
57300:    1.00    0.169    0.007 0.148    0.023   -1003183    0 
57400:    1.00    0.174    0.007 0.150    0.024   -1003385    0 
57500:    1.00    0.254    0.007 0.150    0.023   -1003203    0 
57600:    1.00    0.191    0.007 0.148    0.023   -1003291    0 
57700:    1.00    0.097    0.007 0.147    0.023   -1003033    0 
57800:    1.00    0.257    0.007 0.147    0.023   -1003515    0 
57900:    1.00    0.249    0.007 0.151    0.024   -1003004    0 

--------------------------------------------
Proportion of membership of each pre-defined
 population in each of the 2 clusters

Given    Inferred Clusters       Number of
 Pop       1      2             Individuals

  1:     0.732  0.268              23
--------------------------------------------

 Rep#:   Lambda   Alpha      F1    F2     D1,2    Ln Like  Est Ln P(D)
58000:    1.00    0.222    0.007 0.151    0.024   -1003064    0 
58100:    1.00    0.220    0.007 0.151    0.023   -1003273    0 
58200:    1.00    0.172    0.007 0.153    0.024   -1002935    0 
58300:    1.00    0.206    0.007 0.153    0.024   -1003551    0 
58400:    1.00    0.131    0.007 0.154    0.024   -1003430    0 
58500:    1.00    0.221    0.007 0.155    0.025   -1003010    0 
58600:    1.00    0.250    0.007 0.153    0.024   -1003798    0 
58700:    1.00    0.213    0.007 0.154    0.024   -1003528    0 
58800:    1.00    0.165    0.007 0.157    0.025   -1003241    0 
58900:    1.00    0.127    0.007 0.156    0.025   -1003398    0 

--------------------------------------------
Proportion of membership of each pre-defined
 population in each of the 2 clusters

Given    Inferred Clusters       Number of
 Pop       1      2             Individuals

  1:     0.743  0.257              23
--------------------------------------------

 Rep#:   Lambda   Alpha      F1    F2     D1,2    Ln Like  Est Ln P(D)
59000:    1.00    0.180    0.007 0.157    0.025   -1003486    0 
59100:    1.00    0.268    0.007 0.157    0.025   -1003207    0 
59200:    1.00    0.169    0.007 0.155    0.024   -1003326    0 
59300:    1.00    0.275    0.007 0.156    0.024   -1003543    0 
59400:    1.00    0.217    0.007 0.156    0.025   -1003261    0 
59500:    1.00    0.241    0.007 0.155    0.024   -1003338    0 
59600:    1.00    0.231    0.007 0.154    0.024   -1003483    0 
59700:    1.00    0.383    0.007 0.155    0.024   -1002899    0 
59800:    1.00    0.195    0.007 0.153    0.024   -1003470    0 
59900:    1.00    0.210    0.007 0.152    0.024   -1003737    0 
60000:    1.00    0.145    0.007 0.151    0.024   -1003324    0 

MCMC completed

Inferred ancestry of individuals:
        Label (%Miss) Pop:  Inferred clusters
  1 18160D-09-0    (2)    1 :  0.858 0.142 
  2 18160D-09-0    (4)    1 :  0.824 0.176 
  3 18160D-09-0    (2)    1 :  0.249 0.751 
  4 18160D-09-0    (5)    1 :  0.001 0.999 
  5 18160D-09-0    (4)    1 :  0.097 0.903 
  6 18160D-09-0    (4)    1 :  0.056 0.944 
  7 18160D-09-0    (2)    1 :  0.003 0.997 
  8 18160D-09-0    (4)    1 :  0.868 0.132 
  9 18160D-09-0    (2)    1 :  1.000 0.000 
 10 18160D-09-1    (2)    1 :  1.000 0.000 
 11 18160D-09-1    (2)    1 :  1.000 0.000 
 12 18160D-09-1    (2)    1 :  0.999 0.001 
 13 18160D-09-1    (5)    1 :  0.831 0.169 
 14 18160D-09-1   (18)    1 :  0.827 0.173 
 15 18160D-09-1    (4)    1 :  0.911 0.089 
 16 18160D-09-1    (2)    1 :  1.000 0.000 
 17 18160D-09-1    (2)    1 :  0.862 0.138 
 18 18160D-09-1    (2)    1 :  0.998 0.002 
 19 18160D-09-1    (2)    1 :  0.896 0.104 
 20 18160D-09-2    (5)    1 :  0.930 0.070 
 21 18160D-09-2    (5)    1 :  0.847 0.153 
 22 18160D-09-2    (5)    1 :  0.999 0.001 
 23 18160D-09-2    (2)    1 :  0.894 0.106 

Command line arguments:   structure -D 161125 -K 2 -m mainparams -o k2/populations_k2_run7 
Input File:    populations.str
Output File:   k2/populations_k2_run7_f

Run parameters:
   23 individuals
   50160 loci
   2 populations assumed
   10000 Burn-in period
   50000 Reps
RANDOMIZE turned off

--------------------------------------------
Estimated Ln Prob of Data   = -1030330.1
Mean value of ln likelihood = -1003281.6
Variance of ln likelihood   = 54097.2
Mean value of alpha         = 0.2035

Mean value of Fst_1         = 0.0091
Mean value of Fst_2         = 0.1498


--------------------------------------------
Proportion of membership of each pre-defined
 population in each of the 2 clusters

Given    Inferred Clusters       Number of
 Pop       1      2             Individuals

  1:     0.737  0.263              23
--------------------------------------------
Final results printed to file k2/populations_k2_run7_f

