

----------------------------------------------------
STRUCTURE by Pritchard, Stephens and Donnelly (2000)
     and Falush, Stephens and Pritchard (2003)
       Code by Pritchard, Falush and Hubisz
             Version 2.3.4 (Jul 2012)
----------------------------------------------------


Reading file "mainparams".
datafile is
populations.str
Reading file "extraparams".
Reading file "populations.str".


Data file "populations.str" (truncated) --

Ind:   Label Pop : Genotype_data . . . .
  1: 18160D-09-0    1  :  4   1   3   1   4   1   3  . . . .   2
  1: 18160D-09-0    1  :  4   1   3   1   4   4   4  . . . .   4
  2: 18160D-09-0    1  :  4   1   3   1   4   1   3  . . . .   2
  2: 18160D-09-0    1  :  4   1   3   1   4   4   3  . . . .   4
  3: 18160D-09-0    1  :  4   1   0   0   0   0   3  . . . .   2
  3: 18160D-09-0    1  :  4   3   0   0   0   0   3  . . . .   4
  4: 18160D-09-0    1  :  4   1   3   1   4   1   3  . . . .   2
  4: 18160D-09-0    1  :  4   3   3   1   4   1   3  . . . .   4

      *******   

 22: 18160D-09-2    1  :  4   1   3   1   4   1   3  . . . .   2
 22: 18160D-09-2    1  :  4   3   3   1   4   1   4  . . . .   4
 23: 18160D-09-2    1  :  4   1   3   1   4   1   3  . . . .   2
 23: 18160D-09-2    1  :  4   1   3   1   4   4   4  . . . .   4

Number of alleles per locus: min= 2; ave=2.0; max= 2


--------------------------------------

Finished initialization; starting MCMC 
50000 iterations + 10000 burnin


--------------------------------------------
Proportion of membership of each pre-defined
 population in each of the 2 clusters

Given    Inferred Clusters       Number of
 Pop       1      2             Individuals

  1:     0.494  0.506              23
--------------------------------------------

 Rep#:   Lambda   Alpha      F1    F2     D1,2    Ln Like 
  100:    1.00    1.336    0.010 0.010    0.003   --  
  200:    1.00    1.284    0.010 0.010    0.003   --  
  300:    1.00    1.117    0.010 0.010    0.003   --  
  400:    1.00    0.983    0.010 0.010    0.003   --  
  500:    1.00    1.274    0.011 0.011    0.003   --  
  600:    1.00    0.905    0.011 0.011    0.004   --  
  700:    1.00    0.425    0.011 0.012    0.004   --  
  800:    1.00    0.127    0.011 0.012    0.004   --  
  900:    1.00    0.144    0.011 0.012    0.004   --  

--------------------------------------------
Proportion of membership of each pre-defined
 population in each of the 2 clusters

Given    Inferred Clusters       Number of
 Pop       1      2             Individuals

  1:     0.566  0.434              23
--------------------------------------------

 Rep#:   Lambda   Alpha      F1    F2     D1,2    Ln Like 
 1000:    1.00    0.081    0.011 0.012    0.004   --  
 1100:    1.00    0.088    0.012 0.012    0.004   --  
 1200:    1.00    0.184    0.012 0.012    0.004   --  
 1300:    1.00    0.086    0.012 0.012    0.004   --  
 1400:    1.00    0.063    0.013 0.012    0.004   --  
 1500:    1.00    0.084    0.015 0.012    0.004   --  
 1600:    1.00    0.072    0.015 0.012    0.004   --  
 1700:    1.00    0.059    0.017 0.012    0.005   --  
 1800:    1.00    0.065    0.017 0.012    0.005   --  
 1900:    1.00    0.079    0.017 0.012    0.005   --  

--------------------------------------------
Proportion of membership of each pre-defined
 population in each of the 2 clusters

Given    Inferred Clusters       Number of
 Pop       1      2             Individuals

  1:     0.647  0.353              23
--------------------------------------------

 Rep#:   Lambda   Alpha      F1    F2     D1,2    Ln Like 
 2000:    1.00    0.055    0.017 0.012    0.005   --  
 2100:    1.00    0.052    0.018 0.012    0.005   --  
 2200:    1.00    0.079    0.019 0.012    0.005   --  
 2300:    1.00    0.046    0.019 0.012    0.005   --  
 2400:    1.00    0.030    0.019 0.012    0.005   --  
 2500:    1.00    0.029    0.021 0.012    0.005   --  
 2600:    1.00    0.063    0.021 0.012    0.005   --  
 2700:    1.00    0.081    0.021 0.012    0.005   --  
 2800:    1.00    0.062    0.021 0.012    0.005   --  
 2900:    1.00    0.048    0.023 0.013    0.006   --  

--------------------------------------------
Proportion of membership of each pre-defined
 population in each of the 2 clusters

Given    Inferred Clusters       Number of
 Pop       1      2             Individuals

  1:     0.652  0.348              23
--------------------------------------------

 Rep#:   Lambda   Alpha      F1    F2     D1,2    Ln Like 
 3000:    1.00    0.033    0.025 0.014    0.006   --  
 3100:    1.00    0.074    0.027 0.014    0.007   --  
 3200:    1.00    0.055    0.029 0.014    0.007   --  
 3300:    1.00    0.052    0.029 0.014    0.007   --  
 3400:    1.00    0.090    0.030 0.014    0.007   --  
 3500:    1.00    0.090    0.033 0.015    0.008   --  
 3600:    1.00    0.099    0.034 0.015    0.008   --  
 3700:    1.00    0.155    0.034 0.015    0.008   --  
 3800:    1.00    0.146    0.035 0.015    0.008   --  
 3900:    1.00    0.154    0.036 0.015    0.008   --  

--------------------------------------------
Proportion of membership of each pre-defined
 population in each of the 2 clusters

Given    Inferred Clusters       Number of
 Pop       1      2             Individuals

  1:     0.601  0.399              23
--------------------------------------------

 Rep#:   Lambda   Alpha      F1    F2     D1,2    Ln Like 
 4000:    1.00    0.083    0.037 0.015    0.008   --  
 4100:    1.00    0.117    0.038 0.015    0.008   --  
 4200:    1.00    0.150    0.039 0.015    0.009   --  
 4300:    1.00    0.092    0.041 0.015    0.009   --  
 4400:    1.00    0.141    0.044 0.015    0.010   --  
 4500:    1.00    0.217    0.050 0.015    0.010   --  
 4600:    1.00    0.081    0.052 0.015    0.011   --  
 4700:    1.00    0.161    0.055 0.015    0.011   --  
 4800:    1.00    0.144    0.061 0.015    0.012   --  
 4900:    1.00    0.102    0.081 0.015    0.015   --  

--------------------------------------------
Proportion of membership of each pre-defined
 population in each of the 2 clusters

Given    Inferred Clusters       Number of
 Pop       1      2             Individuals

  1:     0.401  0.599              23
--------------------------------------------

 Rep#:   Lambda   Alpha      F1    F2     D1,2    Ln Like 
 5000:    1.00    0.250    0.093 0.015    0.017   --  
 5100:    1.00    0.217    0.103 0.015    0.018   --  
 5200:    1.00    0.165    0.109 0.015    0.019   --  
 5300:    1.00    0.169    0.117 0.015    0.020   --  
 5400:    1.00    0.193    0.120 0.015    0.021   --  
 5500:    1.00    0.256    0.124 0.015    0.021   --  
 5600:    1.00    0.136    0.128 0.015    0.022   --  
 5700:    1.00    0.188    0.129 0.015    0.022   --  
 5800:    1.00    0.199    0.132 0.015    0.022   --  
 5900:    1.00    0.099    0.133 0.015    0.022   --  

--------------------------------------------
Proportion of membership of each pre-defined
 population in each of the 2 clusters

Given    Inferred Clusters       Number of
 Pop       1      2             Individuals

  1:     0.297  0.703              23
--------------------------------------------

 Rep#:   Lambda   Alpha      F1    F2     D1,2    Ln Like 
 6000:    1.00    0.167    0.134 0.015    0.022   --  
 6100:    1.00    0.226    0.134 0.015    0.022   --  
 6200:    1.00    0.362    0.138 0.015    0.023   --  
 6300:    1.00    0.220    0.138 0.015    0.023   --  
 6400:    1.00    0.152    0.138 0.015    0.023   --  
 6500:    1.00    0.290    0.139 0.015    0.023   --  
 6600:    1.00    0.182    0.142 0.015    0.024   --  
 6700:    1.00    0.190    0.145 0.015    0.024   --  
 6800:    1.00    0.185    0.141 0.014    0.023   --  
 6900:    1.00    0.216    0.140 0.014    0.023   --  

--------------------------------------------
Proportion of membership of each pre-defined
 population in each of the 2 clusters

Given    Inferred Clusters       Number of
 Pop       1      2             Individuals

  1:     0.277  0.723              23
--------------------------------------------

 Rep#:   Lambda   Alpha      F1    F2     D1,2    Ln Like 
 7000:    1.00    0.124    0.140 0.014    0.023   --  
 7100:    1.00    0.142    0.142 0.014    0.023   --  
 7200:    1.00    0.094    0.143 0.014    0.023   --  
 7300:    1.00    0.193    0.144 0.014    0.024   --  
 7400:    1.00    0.193    0.143 0.014    0.024   --  
 7500:    1.00    0.114    0.143 0.014    0.024   --  
 7600:    1.00    0.165    0.143 0.014    0.024   --  
 7700:    1.00    0.184    0.143 0.014    0.024   --  
 7800:    1.00    0.212    0.145 0.014    0.024   --  
 7900:    1.00    0.256    0.146 0.014    0.024   --  

--------------------------------------------
Proportion of membership of each pre-defined
 population in each of the 2 clusters

Given    Inferred Clusters       Number of
 Pop       1      2             Individuals

  1:     0.274  0.726              23
--------------------------------------------

 Rep#:   Lambda   Alpha      F1    F2     D1,2    Ln Like 
 8000:    1.00    0.195    0.146 0.014    0.024   --  
 8100:    1.00    0.203    0.147 0.014    0.024   --  
 8200:    1.00    0.211    0.147 0.014    0.024   --  
 8300:    1.00    0.203    0.150 0.014    0.025   --  
 8400:    1.00    0.185    0.152 0.014    0.025   --  
 8500:    1.00    0.320    0.152 0.014    0.025   --  
 8600:    1.00    0.332    0.151 0.014    0.024   --  
 8700:    1.00    0.262    0.150 0.014    0.025   --  
 8800:    1.00    0.170    0.150 0.014    0.025   --  
 8900:    1.00    0.169    0.149 0.013    0.025   --  

--------------------------------------------
Proportion of membership of each pre-defined
 population in each of the 2 clusters

Given    Inferred Clusters       Number of
 Pop       1      2             Individuals

  1:     0.272  0.728              23
--------------------------------------------

 Rep#:   Lambda   Alpha      F1    F2     D1,2    Ln Like 
 9000:    1.00    0.192    0.148 0.013    0.024   --  
 9100:    1.00    0.120    0.148 0.013    0.024   --  
 9200:    1.00    0.208    0.148 0.013    0.024   --  
 9300:    1.00    0.218    0.149 0.013    0.025   --  
 9400:    1.00    0.184    0.150 0.013    0.025   --  
 9500:    1.00    0.211    0.151 0.013    0.025   --  
 9600:    1.00    0.216    0.151 0.013    0.025   --  
 9700:    1.00    0.263    0.151 0.013    0.024   --  
 9800:    1.00    0.144    0.149 0.013    0.024   --  
 9900:    1.00    0.207    0.148 0.013    0.024   --  
10000:    1.00    0.187    0.147 0.013    0.024   --  

BURNIN completed
 Rep#:   Lambda   Alpha      F1    F2     D1,2    Ln Like  Est Ln P(D)
10100:    1.00    0.228    0.147 0.013    0.024   -1003032    0 
10200:    1.00    0.266    0.147 0.013    0.024   -1003180    0 
10300:    1.00    0.201    0.147 0.013    0.024   -1003708    0 
10400:    1.00    0.186    0.147 0.013    0.024   -1003507    0 
10500:    1.00    0.170    0.146 0.013    0.024   -1003160    0 
10600:    1.00    0.202    0.148 0.012    0.024   -1003226    0 
10700:    1.00    0.172    0.150 0.012    0.024   -1002786    0 
10800:    1.00    0.206    0.150 0.012    0.024   -1003514    0 
10900:    1.00    0.177    0.150 0.012    0.024   -1002897    0 

--------------------------------------------
Proportion of membership of each pre-defined
 population in each of the 2 clusters

Given    Inferred Clusters       Number of
 Pop       1      2             Individuals

  1:     0.271  0.729              23
--------------------------------------------

 Rep#:   Lambda   Alpha      F1    F2     D1,2    Ln Like  Est Ln P(D)
11000:    1.00    0.167    0.148 0.012    0.024   -1003014    0 
11100:    1.00    0.213    0.148 0.012    0.024   -1003412    0 
11200:    1.00    0.258    0.149 0.012    0.024   -1003095    0 
11300:    1.00    0.256    0.148 0.012    0.024   -1003252    0 
11400:    1.00    0.133    0.147 0.012    0.024   -1002838    0 
11500:    1.00    0.178    0.148 0.012    0.024   -1003236    0 
11600:    1.00    0.152    0.148 0.012    0.024   -1002976    0 
11700:    1.00    0.268    0.143 0.012    0.023   -1003154    0 
11800:    1.00    0.239    0.144 0.012    0.023   -1003606    0 
11900:    1.00    0.270    0.143 0.012    0.023   -1003338    0 

--------------------------------------------
Proportion of membership of each pre-defined
 population in each of the 2 clusters

Given    Inferred Clusters       Number of
 Pop       1      2             Individuals

  1:     0.272  0.728              23
--------------------------------------------

 Rep#:   Lambda   Alpha      F1    F2     D1,2    Ln Like  Est Ln P(D)
12000:    1.00    0.149    0.143 0.012    0.023   -1003029    0 
12100:    1.00    0.099    0.143 0.012    0.024   -1002950    0 
12200:    1.00    0.177    0.144 0.012    0.023   -1003358    0 
12300:    1.00    0.162    0.144 0.012    0.024   -1003298    0 
12400:    1.00    0.225    0.145 0.012    0.023   -1003080    0 
12500:    1.00    0.219    0.145 0.012    0.024   -1003434    0 
12600:    1.00    0.190    0.148 0.012    0.024   -1003180    0 
12700:    1.00    0.161    0.147 0.012    0.024   -1002899    0 
12800:    1.00    0.206    0.148 0.012    0.024   -1002991    0 
12900:    1.00    0.192    0.148 0.012    0.024   -1003267    0 

--------------------------------------------
Proportion of membership of each pre-defined
 population in each of the 2 clusters

Given    Inferred Clusters       Number of
 Pop       1      2             Individuals

  1:     0.271  0.729              23
--------------------------------------------

 Rep#:   Lambda   Alpha      F1    F2     D1,2    Ln Like  Est Ln P(D)
13000:    1.00    0.161    0.148 0.012    0.024   -1002877    0 
13100:    1.00    0.188    0.148 0.012    0.024   -1003159    0 
13200:    1.00    0.219    0.148 0.012    0.024   -1003249    0 
13300:    1.00    0.234    0.148 0.012    0.024   -1003156    0 
13400:    1.00    0.180    0.147 0.012    0.024   -1003049    0 
13500:    1.00    0.191    0.147 0.012    0.024   -1003164    0 
13600:    1.00    0.135    0.147 0.012    0.024   -1003133    0 
13700:    1.00    0.242    0.146 0.012    0.024   -1003083    0 
13800:    1.00    0.213    0.146 0.011    0.024   -1003122    0 
13900:    1.00    0.208    0.147 0.011    0.024   -1003069    0 

--------------------------------------------
Proportion of membership of each pre-defined
 population in each of the 2 clusters

Given    Inferred Clusters       Number of
 Pop       1      2             Individuals

  1:     0.269  0.731              23
--------------------------------------------

 Rep#:   Lambda   Alpha      F1    F2     D1,2    Ln Like  Est Ln P(D)
14000:    1.00    0.261    0.145 0.011    0.024   -1003473    0 
14100:    1.00    0.394    0.145 0.011    0.024   -1003023    0 
14200:    1.00    0.210    0.145 0.011    0.024   -1002913    0 
14300:    1.00    0.160    0.147 0.011    0.024   -1003248    0 
14400:    1.00    0.263    0.146 0.011    0.024   -1003209    0 
14500:    1.00    0.193    0.146 0.011    0.024   -1003035    0 
14600:    1.00    0.262    0.147 0.011    0.024   -1003208    0 
14700:    1.00    0.145    0.147 0.011    0.024   -1002955    0 
14800:    1.00    0.220    0.146 0.011    0.023   -1003031    0 
14900:    1.00    0.186    0.145 0.011    0.024   -1003250    0 

--------------------------------------------
Proportion of membership of each pre-defined
 population in each of the 2 clusters

Given    Inferred Clusters       Number of
 Pop       1      2             Individuals

  1:     0.268  0.732              23
--------------------------------------------

 Rep#:   Lambda   Alpha      F1    F2     D1,2    Ln Like  Est Ln P(D)
15000:    1.00    0.209    0.146 0.011    0.024   -1003001    0 
15100:    1.00    0.100    0.146 0.011    0.023   -1003103    0 
15200:    1.00    0.171    0.146 0.011    0.024   -1003200    0 
15300:    1.00    0.140    0.150 0.011    0.024   -1003192    0 
15400:    1.00    0.114    0.153 0.011    0.025   -1003157    0 
15500:    1.00    0.216    0.154 0.011    0.024   -1003101    0 
15600:    1.00    0.288    0.153 0.011    0.024   -1003329    0 
15700:    1.00    0.220    0.149 0.011    0.024   -1003270    0 
15800:    1.00    0.101    0.149 0.011    0.024   -1002742    0 
15900:    1.00    0.182    0.149 0.011    0.024   -1003131    0 

--------------------------------------------
Proportion of membership of each pre-defined
 population in each of the 2 clusters

Given    Inferred Clusters       Number of
 Pop       1      2             Individuals

  1:     0.263  0.737              23
--------------------------------------------

 Rep#:   Lambda   Alpha      F1    F2     D1,2    Ln Like  Est Ln P(D)
16000:    1.00    0.237    0.149 0.011    0.024   -1003213    0 
16100:    1.00    0.176    0.149 0.011    0.024   -1003409    0 
16200:    1.00    0.206    0.148 0.011    0.024   -1002943    0 
16300:    1.00    0.280    0.147 0.011    0.024   -1002909    0 
16400:    1.00    0.132    0.147 0.011    0.024   -1003353    0 
16500:    1.00    0.185    0.147 0.011    0.024   -1003222    0 
16600:    1.00    0.242    0.146 0.010    0.024   -1003289    0 
16700:    1.00    0.316    0.143 0.010    0.023   -1003199    0 
16800:    1.00    0.152    0.142 0.010    0.023   -1003355    0 
16900:    1.00    0.191    0.142 0.010    0.023   -1003276    0 

--------------------------------------------
Proportion of membership of each pre-defined
 population in each of the 2 clusters

Given    Inferred Clusters       Number of
 Pop       1      2             Individuals

  1:     0.266  0.734              23
--------------------------------------------

 Rep#:   Lambda   Alpha      F1    F2     D1,2    Ln Like  Est Ln P(D)
17000:    1.00    0.189    0.144 0.010    0.023   -1003749    0 
17100:    1.00    0.318    0.144 0.010    0.023   -1003502    0 
17200:    1.00    0.195    0.143 0.010    0.023   -1003441    0 
17300:    1.00    0.172    0.142 0.010    0.023   -1003337    0 
17400:    1.00    0.140    0.143 0.010    0.023   -1003287    0 
17500:    1.00    0.107    0.143 0.010    0.023   -1003227    0 
17600:    1.00    0.199    0.143 0.010    0.023   -1003408    0 
17700:    1.00    0.183    0.144 0.010    0.023   -1003010    0 
17800:    1.00    0.199    0.143 0.010    0.023   -1003527    0 
17900:    1.00    0.133    0.145 0.010    0.024   -1003153    0 

--------------------------------------------
Proportion of membership of each pre-defined
 population in each of the 2 clusters

Given    Inferred Clusters       Number of
 Pop       1      2             Individuals

  1:     0.265  0.735              23
--------------------------------------------

 Rep#:   Lambda   Alpha      F1    F2     D1,2    Ln Like  Est Ln P(D)
18000:    1.00    0.261    0.146 0.010    0.024   -1003246    0 
18100:    1.00    0.222    0.145 0.010    0.023   -1002941    0 
18200:    1.00    0.240    0.146 0.010    0.024   -1003419    0 
18300:    1.00    0.216    0.145 0.010    0.024   -1003505    0 
18400:    1.00    0.140    0.145 0.010    0.024   -1003347    0 
18500:    1.00    0.185    0.146 0.010    0.024   -1003311    0 
18600:    1.00    0.135    0.147 0.010    0.024   -1003025    0 
18700:    1.00    0.141    0.147 0.010    0.023   -1003682    0 
18800:    1.00    0.167    0.144 0.010    0.023   -1003238    0 
18900:    1.00    0.167    0.146 0.010    0.023   -1003543    0 

--------------------------------------------
Proportion of membership of each pre-defined
 population in each of the 2 clusters

Given    Inferred Clusters       Number of
 Pop       1      2             Individuals

  1:     0.269  0.731              23
--------------------------------------------

 Rep#:   Lambda   Alpha      F1    F2     D1,2    Ln Like  Est Ln P(D)
19000:    1.00    0.211    0.148 0.010    0.023   -1003233    0 
19100:    1.00    0.203    0.147 0.010    0.023   -1003298    0 
19200:    1.00    0.258    0.146 0.010    0.023   -1003167    0 
19300:    1.00    0.188    0.149 0.010    0.024   -1003384    0 
19400:    1.00    0.155    0.149 0.010    0.024   -1003052    0 
19500:    1.00    0.181    0.149 0.010    0.024   -1003248    0 
19600:    1.00    0.205    0.152 0.010    0.024   -1002998    0 
19700:    1.00    0.201    0.152 0.010    0.024   -1002769    0 
19800:    1.00    0.195    0.153 0.010    0.024   -1003287    0 
19900:    1.00    0.190    0.151 0.010    0.024   -1003223    0 

--------------------------------------------
Proportion of membership of each pre-defined
 population in each of the 2 clusters

Given    Inferred Clusters       Number of
 Pop       1      2             Individuals

  1:     0.264  0.736              23
--------------------------------------------

 Rep#:   Lambda   Alpha      F1    F2     D1,2    Ln Like  Est Ln P(D)
20000:    1.00    0.264    0.152 0.010    0.024   -1003012    0 
20100:    1.00    0.158    0.153 0.010    0.024   -1003137    0 
20200:    1.00    0.196    0.153 0.010    0.025   -1003659    0 
20300:    1.00    0.231    0.153 0.010    0.024   -1002887    0 
20400:    1.00    0.188    0.153 0.010    0.024   -1003048    0 
20500:    1.00    0.182    0.154 0.010    0.024   -1003170    0 
20600:    1.00    0.229    0.154 0.010    0.025   -1003033    0 
20700:    1.00    0.254    0.154 0.010    0.025   -1002832    0 
20800:    1.00    0.343    0.154 0.010    0.024   -1003394    0 
20900:    1.00    0.189    0.153 0.010    0.025   -1003042    0 

--------------------------------------------
Proportion of membership of each pre-defined
 population in each of the 2 clusters

Given    Inferred Clusters       Number of
 Pop       1      2             Individuals

  1:     0.267  0.733              23
--------------------------------------------

 Rep#:   Lambda   Alpha      F1    F2     D1,2    Ln Like  Est Ln P(D)
21000:    1.00    0.171    0.153 0.010    0.024   -1003243    0 
21100:    1.00    0.182    0.152 0.010    0.024   -1003130    0 
21200:    1.00    0.149    0.152 0.010    0.024   -1003259    0 
21300:    1.00    0.155    0.149 0.009    0.024   -1003369    0 
21400:    1.00    0.218    0.149 0.009    0.024   -1002870    0 
21500:    1.00    0.165    0.147 0.009    0.024   -1003196    0 
21600:    1.00    0.274    0.151 0.009    0.024   -1003249    0 
21700:    1.00    0.134    0.149 0.009    0.024   -1003375    0 
21800:    1.00    0.230    0.149 0.009    0.024   -1003299    0 
21900:    1.00    0.212    0.152 0.009    0.024   -1003634    0 

--------------------------------------------
Proportion of membership of each pre-defined
 population in each of the 2 clusters

Given    Inferred Clusters       Number of
 Pop       1      2             Individuals

  1:     0.265  0.735              23
--------------------------------------------

 Rep#:   Lambda   Alpha      F1    F2     D1,2    Ln Like  Est Ln P(D)
22000:    1.00    0.101    0.152 0.009    0.024   -1003130    0 
22100:    1.00    0.282    0.151 0.009    0.024   -1003193    0 
22200:    1.00    0.216    0.151 0.009    0.024   -1003150    0 
22300:    1.00    0.140    0.154 0.009    0.024   -1003317    0 
22400:    1.00    0.125    0.151 0.009    0.024   -1003162    0 
22500:    1.00    0.124    0.154 0.009    0.025   -1002695    0 
22600:    1.00    0.188    0.155 0.009    0.024   -1002943    0 
22700:    1.00    0.161    0.155 0.009    0.024   -1003228    0 
22800:    1.00    0.185    0.155 0.009    0.025   -1003749    0 
22900:    1.00    0.328    0.155 0.009    0.025   -1003335    0 

--------------------------------------------
Proportion of membership of each pre-defined
 population in each of the 2 clusters

Given    Inferred Clusters       Number of
 Pop       1      2             Individuals

  1:     0.265  0.735              23
--------------------------------------------

 Rep#:   Lambda   Alpha      F1    F2     D1,2    Ln Like  Est Ln P(D)
23000:    1.00    0.220    0.153 0.009    0.024   -1003140    0 
23100:    1.00    0.262    0.153 0.009    0.024   -1003141    0 
23200:    1.00    0.262    0.153 0.009    0.024   -1003328    0 
23300:    1.00    0.184    0.152 0.009    0.024   -1002888    0 
23400:    1.00    0.141    0.151 0.009    0.024   -1003347    0 
23500:    1.00    0.246    0.150 0.009    0.024   -1002773    0 
23600:    1.00    0.170    0.151 0.009    0.024   -1003197    0 
23700:    1.00    0.165    0.151 0.009    0.024   -1003018    0 
23800:    1.00    0.141    0.151 0.009    0.024   -1003300    0 
23900:    1.00    0.173    0.150 0.009    0.023   -1003354    0 

--------------------------------------------
Proportion of membership of each pre-defined
 population in each of the 2 clusters

Given    Inferred Clusters       Number of
 Pop       1      2             Individuals

  1:     0.255  0.745              23
--------------------------------------------

 Rep#:   Lambda   Alpha      F1    F2     D1,2    Ln Like  Est Ln P(D)
24000:    1.00    0.175    0.150 0.009    0.024   -1003604    0 
24100:    1.00    0.118    0.148 0.009    0.024   -1003307    0 
24200:    1.00    0.119    0.152 0.009    0.024   -1003311    0 
24300:    1.00    0.206    0.149 0.009    0.024   -1003661    0 
24400:    1.00    0.157    0.150 0.009    0.024   -1003053    0 
24500:    1.00    0.170    0.151 0.009    0.024   -1003619    0 
24600:    1.00    0.149    0.151 0.009    0.024   -1003353    0 
24700:    1.00    0.298    0.151 0.009    0.024   -1003173    0 
24800:    1.00    0.256    0.152 0.009    0.024   -1003451    0 
24900:    1.00    0.270    0.151 0.009    0.024   -1003540    0 

--------------------------------------------
Proportion of membership of each pre-defined
 population in each of the 2 clusters

Given    Inferred Clusters       Number of
 Pop       1      2             Individuals

  1:     0.265  0.735              23
--------------------------------------------

 Rep#:   Lambda   Alpha      F1    F2     D1,2    Ln Like  Est Ln P(D)
25000:    1.00    0.231    0.151 0.009    0.024   -1002928    0 
25100:    1.00    0.282    0.151 0.009    0.024   -1003108    0 
25200:    1.00    0.128    0.150 0.009    0.024   -1003177    0 
25300:    1.00    0.210    0.150 0.008    0.024   -1003400    0 
25400:    1.00    0.220    0.148 0.008    0.024   -1002920    0 
25500:    1.00    0.226    0.150 0.008    0.024   -1003494    0 
25600:    1.00    0.169    0.151 0.008    0.024   -1003658    0 
25700:    1.00    0.162    0.146 0.008    0.023   -1003624    0 
25800:    1.00    0.119    0.148 0.008    0.024   -1003343    0 
25900:    1.00    0.172    0.150 0.008    0.024   -1002892    0 

--------------------------------------------
Proportion of membership of each pre-defined
 population in each of the 2 clusters

Given    Inferred Clusters       Number of
 Pop       1      2             Individuals

  1:     0.259  0.741              23
--------------------------------------------

 Rep#:   Lambda   Alpha      F1    F2     D1,2    Ln Like  Est Ln P(D)
26000:    1.00    0.247    0.151 0.008    0.024   -1003132    0 
26100:    1.00    0.227    0.147 0.008    0.023   -1003619    0 
26200:    1.00    0.168    0.148 0.008    0.024   -1003279    0 
26300:    1.00    0.172    0.147 0.008    0.024   -1003485    0 
26400:    1.00    0.277    0.146 0.008    0.023   -1003645    0 
26500:    1.00    0.270    0.147 0.008    0.023   -1003577    0 
26600:    1.00    0.161    0.146 0.008    0.023   -1003269    0 
26700:    1.00    0.275    0.148 0.008    0.023   -1003323    0 
26800:    1.00    0.129    0.148 0.008    0.024   -1003240    0 
26900:    1.00    0.173    0.150 0.008    0.024   -1003156    0 

--------------------------------------------
Proportion of membership of each pre-defined
 population in each of the 2 clusters

Given    Inferred Clusters       Number of
 Pop       1      2             Individuals

  1:     0.263  0.737              23
--------------------------------------------

 Rep#:   Lambda   Alpha      F1    F2     D1,2    Ln Like  Est Ln P(D)
27000:    1.00    0.163    0.150 0.008    0.024   -1003303    0 
27100:    1.00    0.181    0.151 0.008    0.024   -1003554    0 
27200:    1.00    0.113    0.151 0.008    0.024   -1003204    0 
27300:    1.00    0.193    0.151 0.008    0.024   -1003125    0 
27400:    1.00    0.241    0.152 0.008    0.024   -1003119    0 
27500:    1.00    0.209    0.152 0.008    0.024   -1003116    0 
27600:    1.00    0.212    0.152 0.008    0.024   -1003328    0 
27700:    1.00    0.225    0.152 0.008    0.024   -1003284    0 
27800:    1.00    0.170    0.150 0.008    0.024   -1003642    0 
27900:    1.00    0.170    0.148 0.008    0.023   -1003706    0 

--------------------------------------------
Proportion of membership of each pre-defined
 population in each of the 2 clusters

Given    Inferred Clusters       Number of
 Pop       1      2             Individuals

  1:     0.264  0.736              23
--------------------------------------------

 Rep#:   Lambda   Alpha      F1    F2     D1,2    Ln Like  Est Ln P(D)
28000:    1.00    0.181    0.148 0.008    0.023   -1003712    0 
28100:    1.00    0.128    0.149 0.008    0.024   -1003355    0 
28200:    1.00    0.124    0.150 0.008    0.024   -1003252    0 
28300:    1.00    0.155    0.149 0.008    0.024   -1003351    0 
28400:    1.00    0.207    0.150 0.008    0.024   -1003539    0 
28500:    1.00    0.219    0.153 0.008    0.024   -1003341    0 
28600:    1.00    0.262    0.153 0.008    0.024   -1003256    0 
28700:    1.00    0.163    0.152 0.008    0.024   -1003109    0 
28800:    1.00    0.190    0.154 0.008    0.024   -1003229    0 
28900:    1.00    0.186    0.157 0.008    0.025   -1003381    0 

--------------------------------------------
Proportion of membership of each pre-defined
 population in each of the 2 clusters

Given    Inferred Clusters       Number of
 Pop       1      2             Individuals

  1:     0.262  0.738              23
--------------------------------------------

 Rep#:   Lambda   Alpha      F1    F2     D1,2    Ln Like  Est Ln P(D)
29000:    1.00    0.123    0.157 0.008    0.025   -1003006    0 
29100:    1.00    0.186    0.154 0.008    0.024   -1003273    0 
29200:    1.00    0.160    0.154 0.008    0.025   -1003097    0 
29300:    1.00    0.173    0.155 0.008    0.025   -1003346    0 
29400:    1.00    0.185    0.153 0.008    0.024   -1003426    0 
29500:    1.00    0.192    0.152 0.008    0.024   -1003553    0 
29600:    1.00    0.239    0.152 0.008    0.024   -1002935    0 
29700:    1.00    0.248    0.151 0.008    0.024   -1003089    0 
29800:    1.00    0.251    0.147 0.008    0.023   -1003294    0 
29900:    1.00    0.180    0.148 0.008    0.024   -1003538    0 

--------------------------------------------
Proportion of membership of each pre-defined
 population in each of the 2 clusters

Given    Inferred Clusters       Number of
 Pop       1      2             Individuals

  1:     0.261  0.739              23
--------------------------------------------

 Rep#:   Lambda   Alpha      F1    F2     D1,2    Ln Like  Est Ln P(D)
30000:    1.00    0.222    0.149 0.008    0.024   -1003261    0 
30100:    1.00    0.167    0.150 0.008    0.024   -1003223    0 
30200:    1.00    0.228    0.148 0.008    0.024   -1003300    0 
30300:    1.00    0.127    0.149 0.008    0.024   -1003339    0 
30400:    1.00    0.157    0.147 0.008    0.024   -1003443    0 
30500:    1.00    0.181    0.147 0.008    0.023   -1003502    0 
30600:    1.00    0.162    0.147 0.008    0.024   -1003204    0 
30700:    1.00    0.155    0.146 0.008    0.023   -1003812    0 
30800:    1.00    0.251    0.146 0.008    0.023   -1003476    0 
30900:    1.00    0.235    0.147 0.008    0.023   -1003132    0 

--------------------------------------------
Proportion of membership of each pre-defined
 population in each of the 2 clusters

Given    Inferred Clusters       Number of
 Pop       1      2             Individuals

  1:     0.269  0.731              23
--------------------------------------------

 Rep#:   Lambda   Alpha      F1    F2     D1,2    Ln Like  Est Ln P(D)
31000:    1.00    0.238    0.149 0.008    0.024   -1003280    0 
31100:    1.00    0.186    0.149 0.008    0.024   -1003338    0 
31200:    1.00    0.202    0.149 0.008    0.024   -1003077    0 
31300:    1.00    0.199    0.150 0.008    0.024   -1003270    0 
31400:    1.00    0.354    0.150 0.008    0.024   -1003141    0 
31500:    1.00    0.266    0.149 0.008    0.024   -1003311    0 
31600:    1.00    0.175    0.151 0.008    0.024   -1003256    0 
31700:    1.00    0.242    0.151 0.008    0.024   -1003115    0 
31800:    1.00    0.090    0.151 0.008    0.024   -1003263    0 
31900:    1.00    0.185    0.150 0.008    0.024   -1003213    0 

--------------------------------------------
Proportion of membership of each pre-defined
 population in each of the 2 clusters

Given    Inferred Clusters       Number of
 Pop       1      2             Individuals

  1:     0.269  0.731              23
--------------------------------------------

 Rep#:   Lambda   Alpha      F1    F2     D1,2    Ln Like  Est Ln P(D)
32000:    1.00    0.247    0.149 0.008    0.024   -1003347    0 
32100:    1.00    0.176    0.151 0.008    0.024   -1003370    0 
32200:    1.00    0.116    0.150 0.008    0.024   -1003012    0 
32300:    1.00    0.188    0.151 0.008    0.024   -1003284    0 
32400:    1.00    0.122    0.147 0.008    0.023   -1003460    0 
32500:    1.00    0.304    0.148 0.008    0.024   -1003053    0 
32600:    1.00    0.182    0.151 0.008    0.024   -1003636    0 
32700:    1.00    0.161    0.151 0.008    0.024   -1003289    0 
32800:    1.00    0.281    0.150 0.008    0.024   -1003449    0 
32900:    1.00    0.182    0.150 0.008    0.024   -1003180    0 

--------------------------------------------
Proportion of membership of each pre-defined
 population in each of the 2 clusters

Given    Inferred Clusters       Number of
 Pop       1      2             Individuals

  1:     0.260  0.740              23
--------------------------------------------

 Rep#:   Lambda   Alpha      F1    F2     D1,2    Ln Like  Est Ln P(D)
33000:    1.00    0.246    0.150 0.008    0.024   -1003181    0 
33100:    1.00    0.197    0.151 0.008    0.024   -1003457    0 
33200:    1.00    0.224    0.151 0.008    0.024   -1003143    0 
33300:    1.00    0.146    0.152 0.008    0.024   -1003194    0 
33400:    1.00    0.128    0.149 0.008    0.024   -1003660    0 
33500:    1.00    0.171    0.149 0.008    0.024   -1003242    0 
33600:    1.00    0.172    0.149 0.008    0.024   -1003374    0 
33700:    1.00    0.177    0.148 0.008    0.024   -1003411    0 
33800:    1.00    0.187    0.148 0.007    0.024   -1003476    0 
33900:    1.00    0.163    0.148 0.007    0.023   -1003636    0 

--------------------------------------------
Proportion of membership of each pre-defined
 population in each of the 2 clusters

Given    Inferred Clusters       Number of
 Pop       1      2             Individuals

  1:     0.258  0.742              23
--------------------------------------------

 Rep#:   Lambda   Alpha      F1    F2     D1,2    Ln Like  Est Ln P(D)
34000:    1.00    0.169    0.148 0.007    0.023   -1003298    0 
34100:    1.00    0.139    0.148 0.007    0.023   -1003377    0 
34200:    1.00    0.246    0.151 0.007    0.024   -1003325    0 
34300:    1.00    0.213    0.151 0.007    0.024   -1003603    0 
34400:    1.00    0.180    0.151 0.007    0.024   -1003562    0 
34500:    1.00    0.220    0.152 0.007    0.024   -1003048    0 
34600:    1.00    0.170    0.152 0.007    0.024   -1003418    0 
34700:    1.00    0.155    0.149 0.007    0.023   -1003385    0 
34800:    1.00    0.189    0.149 0.007    0.024   -1003525    0 
34900:    1.00    0.373    0.150 0.007    0.024   -1003652    0 

--------------------------------------------
Proportion of membership of each pre-defined
 population in each of the 2 clusters

Given    Inferred Clusters       Number of
 Pop       1      2             Individuals

  1:     0.256  0.744              23
--------------------------------------------

 Rep#:   Lambda   Alpha      F1    F2     D1,2    Ln Like  Est Ln P(D)
35000:    1.00    0.210    0.150 0.007    0.024   -1003439    0 
35100:    1.00    0.197    0.149 0.007    0.024   -1003416    0 
35200:    1.00    0.198    0.152 0.007    0.024   -1003516    0 
35300:    1.00    0.216    0.152 0.007    0.024   -1003667    0 
35400:    1.00    0.181    0.155 0.007    0.024   -1003590    0 
35500:    1.00    0.352    0.155 0.007    0.024   -1003669    0 
35600:    1.00    0.134    0.155 0.007    0.024   -1003201    0 
35700:    1.00    0.174    0.152 0.007    0.024   -1003257    0 
35800:    1.00    0.146    0.149 0.007    0.024   -1003634    0 
35900:    1.00    0.165    0.152 0.007    0.024   -1003607    0 

--------------------------------------------
Proportion of membership of each pre-defined
 population in each of the 2 clusters

Given    Inferred Clusters       Number of
 Pop       1      2             Individuals

  1:     0.262  0.738              23
--------------------------------------------

 Rep#:   Lambda   Alpha      F1    F2     D1,2    Ln Like  Est Ln P(D)
36000:    1.00    0.199    0.149 0.007    0.024   -1003341    0 
36100:    1.00    0.180    0.148 0.007    0.024   -1003787    0 
36200:    1.00    0.174    0.147 0.007    0.023   -1003724    0 
36300:    1.00    0.236    0.148 0.007    0.024   -1003379    0 
36400:    1.00    0.168    0.146 0.007    0.023   -1003269    0 
36500:    1.00    0.253    0.149 0.007    0.024   -1003378    0 
36600:    1.00    0.178    0.151 0.007    0.024   -1003280    0 
36700:    1.00    0.186    0.150 0.007    0.024   -1003518    0 
36800:    1.00    0.176    0.151 0.007    0.024   -1003463    0 
36900:    1.00    0.219    0.149 0.007    0.024   -1003446    0 

--------------------------------------------
Proportion of membership of each pre-defined
 population in each of the 2 clusters

Given    Inferred Clusters       Number of
 Pop       1      2             Individuals

  1:     0.261  0.739              23
--------------------------------------------

 Rep#:   Lambda   Alpha      F1    F2     D1,2    Ln Like  Est Ln P(D)
37000:    1.00    0.156    0.152 0.007    0.024   -1003008    0 
37100:    1.00    0.218    0.152 0.007    0.024   -1003490    0 
37200:    1.00    0.234    0.151 0.007    0.024   -1003215    0 
37300:    1.00    0.214    0.149 0.007    0.024   -1003213    0 
37400:    1.00    0.179    0.149 0.008    0.024   -1003263    0 
37500:    1.00    0.234    0.147 0.008    0.024   -1003369    0 
37600:    1.00    0.184    0.149 0.008    0.024   -1003048    0 
37700:    1.00    0.200    0.150 0.008    0.024   -1003008    0 
37800:    1.00    0.201    0.147 0.007    0.023   -1003336    0 
37900:    1.00    0.205    0.147 0.007    0.023   -1003172    0 

--------------------------------------------
Proportion of membership of each pre-defined
 population in each of the 2 clusters

Given    Inferred Clusters       Number of
 Pop       1      2             Individuals

  1:     0.259  0.741              23
--------------------------------------------

 Rep#:   Lambda   Alpha      F1    F2     D1,2    Ln Like  Est Ln P(D)
38000:    1.00    0.202    0.146 0.007    0.023   -1003074    0 
38100:    1.00    0.159    0.146 0.007    0.023   -1003370    0 
38200:    1.00    0.224    0.147 0.007    0.023   -1003252    0 
38300:    1.00    0.184    0.148 0.007    0.023   -1002929    0 
38400:    1.00    0.243    0.147 0.007    0.023   -1003545    0 
38500:    1.00    0.172    0.147 0.007    0.023   -1003341    0 
38600:    1.00    0.171    0.151 0.007    0.024   -1003476    0 
38700:    1.00    0.156    0.154 0.007    0.024   -1003187    0 
38800:    1.00    0.101    0.152 0.007    0.024   -1002878    0 
38900:    1.00    0.228    0.152 0.007    0.024   -1003146    0 

--------------------------------------------
Proportion of membership of each pre-defined
 population in each of the 2 clusters

Given    Inferred Clusters       Number of
 Pop       1      2             Individuals

  1:     0.255  0.745              23
--------------------------------------------

 Rep#:   Lambda   Alpha      F1    F2     D1,2    Ln Like  Est Ln P(D)
39000:    1.00    0.183    0.152 0.007    0.024   -1003327    0 
39100:    1.00    0.211    0.150 0.007    0.024   -1003584    0 
39200:    1.00    0.189    0.149 0.007    0.023   -1002865    0 
39300:    1.00    0.224    0.149 0.007    0.023   -1003589    0 
39400:    1.00    0.282    0.150 0.007    0.024   -1003341    0 
39500:    1.00    0.281    0.150 0.007    0.024   -1003207    0 
39600:    1.00    0.152    0.149 0.007    0.023   -1003564    0 
39700:    1.00    0.159    0.150 0.007    0.024   -1003302    0 
39800:    1.00    0.094    0.148 0.007    0.023   -1003169    0 
39900:    1.00    0.186    0.147 0.007    0.023   -1003306    0 

--------------------------------------------
Proportion of membership of each pre-defined
 population in each of the 2 clusters

Given    Inferred Clusters       Number of
 Pop       1      2             Individuals

  1:     0.268  0.732              23
--------------------------------------------

 Rep#:   Lambda   Alpha      F1    F2     D1,2    Ln Like  Est Ln P(D)
40000:    1.00    0.128    0.147 0.007    0.023   -1003586    0 
40100:    1.00    0.221    0.148 0.007    0.024   -1003563    0 
40200:    1.00    0.140    0.148 0.007    0.023   -1003058    0 
40300:    1.00    0.167    0.148 0.007    0.023   -1003130    0 
40400:    1.00    0.219    0.149 0.007    0.024   -1003366    0 
40500:    1.00    0.225    0.148 0.007    0.023   -1003288    0 
40600:    1.00    0.238    0.149 0.007    0.023   -1003469    0 
40700:    1.00    0.111    0.148 0.007    0.023   -1003393    0 
40800:    1.00    0.233    0.148 0.007    0.024   -1003115    0 
40900:    1.00    0.208    0.149 0.007    0.023   -1003227    0 

--------------------------------------------
Proportion of membership of each pre-defined
 population in each of the 2 clusters

Given    Inferred Clusters       Number of
 Pop       1      2             Individuals

  1:     0.257  0.743              23
--------------------------------------------

 Rep#:   Lambda   Alpha      F1    F2     D1,2    Ln Like  Est Ln P(D)
41000:    1.00    0.214    0.150 0.007    0.024   -1003043    0 
41100:    1.00    0.139    0.150 0.007    0.024   -1003258    0 
41200:    1.00    0.119    0.150 0.007    0.024   -1003430    0 
41300:    1.00    0.158    0.152 0.007    0.024   -1003043    0 
41400:    1.00    0.296    0.150 0.007    0.024   -1003381    0 
41500:    1.00    0.299    0.152 0.007    0.024   -1003602    0 
41600:    1.00    0.221    0.152 0.007    0.024   -1003490    0 
41700:    1.00    0.234    0.152 0.007    0.024   -1003343    0 
41800:    1.00    0.183    0.151 0.007    0.024   -1003429    0 
41900:    1.00    0.155    0.150 0.007    0.023   -1003646    0 

--------------------------------------------
Proportion of membership of each pre-defined
 population in each of the 2 clusters

Given    Inferred Clusters       Number of
 Pop       1      2             Individuals

  1:     0.258  0.742              23
--------------------------------------------

 Rep#:   Lambda   Alpha      F1    F2     D1,2    Ln Like  Est Ln P(D)
42000:    1.00    0.204    0.148 0.007    0.023   -1003509    0 
42100:    1.00    0.149    0.147 0.007    0.023   -1003138    0 
42200:    1.00    0.147    0.147 0.007    0.023   -1003324    0 
42300:    1.00    0.166    0.147 0.007    0.024   -1003486    0 
42400:    1.00    0.172    0.148 0.007    0.023   -1003666    0 
42500:    1.00    0.234    0.148 0.007    0.023   -1003641    0 
42600:    1.00    0.179    0.149 0.007    0.024   -1003523    0 
42700:    1.00    0.127    0.149 0.007    0.024   -1003186    0 
42800:    1.00    0.148    0.151 0.007    0.024   -1002965    0 
42900:    1.00    0.138    0.153 0.007    0.024   -1003623    0 

--------------------------------------------
Proportion of membership of each pre-defined
 population in each of the 2 clusters

Given    Inferred Clusters       Number of
 Pop       1      2             Individuals

  1:     0.259  0.741              23
--------------------------------------------

 Rep#:   Lambda   Alpha      F1    F2     D1,2    Ln Like  Est Ln P(D)
43000:    1.00    0.161    0.153 0.007    0.024   -1003147    0 
43100:    1.00    0.291    0.153 0.007    0.024   -1003122    0 
43200:    1.00    0.130    0.153 0.007    0.024   -1003580    0 
43300:    1.00    0.200    0.154 0.007    0.024   -1003629    0 
43400:    1.00    0.143    0.153 0.007    0.024   -1003382    0 
43500:    1.00    0.149    0.153 0.007    0.024   -1003063    0 
43600:    1.00    0.261    0.152 0.007    0.024   -1003345    0 
43700:    1.00    0.220    0.152 0.007    0.024   -1003115    0 
43800:    1.00    0.291    0.153 0.007    0.024   -1002951    0 
43900:    1.00    0.169    0.155 0.007    0.024   -1003279    0 

--------------------------------------------
Proportion of membership of each pre-defined
 population in each of the 2 clusters

Given    Inferred Clusters       Number of
 Pop       1      2             Individuals

  1:     0.261  0.739              23
--------------------------------------------

 Rep#:   Lambda   Alpha      F1    F2     D1,2    Ln Like  Est Ln P(D)
44000:    1.00    0.195    0.154 0.007    0.024   -1003647    0 
44100:    1.00    0.118    0.154 0.007    0.024   -1003515    0 
44200:    1.00    0.321    0.153 0.007    0.024   -1003274    0 
44300:    1.00    0.199    0.154 0.007    0.024   -1003237    0 
44400:    1.00    0.117    0.151 0.007    0.024   -1003553    0 
44500:    1.00    0.179    0.151 0.007    0.024   -1003439    0 
44600:    1.00    0.198    0.150 0.007    0.024   -1003490    0 
44700:    1.00    0.213    0.147 0.007    0.023   -1003547    0 
44800:    1.00    0.188    0.148 0.007    0.023   -1003730    0 
44900:    1.00    0.121    0.149 0.007    0.023   -1003594    0 

--------------------------------------------
Proportion of membership of each pre-defined
 population in each of the 2 clusters

Given    Inferred Clusters       Number of
 Pop       1      2             Individuals

  1:     0.262  0.738              23
--------------------------------------------

 Rep#:   Lambda   Alpha      F1    F2     D1,2    Ln Like  Est Ln P(D)
45000:    1.00    0.186    0.148 0.007    0.023   -1003579    0 
45100:    1.00    0.161    0.148 0.007    0.023   -1003279    0 
45200:    1.00    0.158    0.150 0.007    0.023   -1003603    0 
45300:    1.00    0.199    0.148 0.007    0.023   -1003634    0 
45400:    1.00    0.196    0.150 0.007    0.024   -1003503    0 
45500:    1.00    0.204    0.148 0.007    0.023   -1003648    0 
45600:    1.00    0.225    0.148 0.007    0.023   -1003403    0 
45700:    1.00    0.227    0.152 0.007    0.024   -1003178    0 
45800:    1.00    0.123    0.150 0.007    0.023   -1003550    0 
45900:    1.00    0.315    0.150 0.007    0.024   -1003467    0 

--------------------------------------------
Proportion of membership of each pre-defined
 population in each of the 2 clusters

Given    Inferred Clusters       Number of
 Pop       1      2             Individuals

  1:     0.257  0.743              23
--------------------------------------------

 Rep#:   Lambda   Alpha      F1    F2     D1,2    Ln Like  Est Ln P(D)
46000:    1.00    0.358    0.149 0.007    0.024   -1003552    0 
46100:    1.00    0.191    0.152 0.007    0.024   -1003578    0 
46200:    1.00    0.203    0.151 0.007    0.024   -1003322    0 
46300:    1.00    0.229    0.151 0.007    0.024   -1003864    0 
46400:    1.00    0.230    0.150 0.007    0.024   -1003260    0 
46500:    1.00    0.180    0.149 0.007    0.023   -1003578    0 
46600:    1.00    0.176    0.152 0.007    0.024   -1003433    0 
46700:    1.00    0.159    0.150 0.007    0.024   -1003422    0 
46800:    1.00    0.122    0.150 0.007    0.024   -1003698    0 
46900:    1.00    0.227    0.150 0.007    0.024   -1003047    0 

--------------------------------------------
Proportion of membership of each pre-defined
 population in each of the 2 clusters

Given    Inferred Clusters       Number of
 Pop       1      2             Individuals

  1:     0.256  0.744              23
--------------------------------------------

 Rep#:   Lambda   Alpha      F1    F2     D1,2    Ln Like  Est Ln P(D)
47000:    1.00    0.166    0.150 0.007    0.023   -1003713    0 
47100:    1.00    0.203    0.150 0.007    0.023   -1003358    0 
47200:    1.00    0.281    0.152 0.007    0.024   -1003142    0 
47300:    1.00    0.231    0.151 0.007    0.024   -1003448    0 
47400:    1.00    0.211    0.149 0.007    0.024   -1003302    0 
47500:    1.00    0.175    0.151 0.007    0.024   -1003444    0 
47600:    1.00    0.152    0.153 0.007    0.024   -1003229    0 
47700:    1.00    0.299    0.153 0.007    0.024   -1003188    0 
47800:    1.00    0.151    0.153 0.007    0.024   -1003204    0 
47900:    1.00    0.248    0.149 0.007    0.024   -1003354    0 

--------------------------------------------
Proportion of membership of each pre-defined
 population in each of the 2 clusters

Given    Inferred Clusters       Number of
 Pop       1      2             Individuals

  1:     0.261  0.739              23
--------------------------------------------

 Rep#:   Lambda   Alpha      F1    F2     D1,2    Ln Like  Est Ln P(D)
48000:    1.00    0.259    0.149 0.007    0.023   -1003151    0 
48100:    1.00    0.204    0.150 0.007    0.024   -1003266    0 
48200:    1.00    0.175    0.150 0.007    0.023   -1003977    0 
48300:    1.00    0.230    0.150 0.007    0.024   -1003359    0 
48400:    1.00    0.174    0.149 0.007    0.024   -1003507    0 
48500:    1.00    0.249    0.149 0.007    0.024   -1003191    0 
48600:    1.00    0.209    0.149 0.007    0.024   -1003253    0 
48700:    1.00    0.281    0.150 0.007    0.024   -1003574    0 
48800:    1.00    0.212    0.149 0.007    0.024   -1003366    0 
48900:    1.00    0.177    0.152 0.007    0.024   -1003315    0 

--------------------------------------------
Proportion of membership of each pre-defined
 population in each of the 2 clusters

Given    Inferred Clusters       Number of
 Pop       1      2             Individuals

  1:     0.259  0.741              23
--------------------------------------------

 Rep#:   Lambda   Alpha      F1    F2     D1,2    Ln Like  Est Ln P(D)
49000:    1.00    0.272    0.153 0.007    0.024   -1002976    0 
49100:    1.00    0.215    0.153 0.007    0.024   -1003257    0 
49200:    1.00    0.378    0.152 0.007    0.024   -1003222    0 
49300:    1.00    0.211    0.152 0.007    0.024   -1003367    0 
49400:    1.00    0.219    0.151 0.007    0.024   -1003831    0 
49500:    1.00    0.239    0.152 0.007    0.024   -1003788    0 
49600:    1.00    0.256    0.154 0.007    0.024   -1003818    0 
49700:    1.00    0.249    0.157 0.007    0.025   -1003486    0 
49800:    1.00    0.282    0.157 0.007    0.025   -1003351    0 
49900:    1.00    0.219    0.156 0.007    0.025   -1003317    0 

--------------------------------------------
Proportion of membership of each pre-defined
 population in each of the 2 clusters

Given    Inferred Clusters       Number of
 Pop       1      2             Individuals

  1:     0.259  0.741              23
--------------------------------------------

 Rep#:   Lambda   Alpha      F1    F2     D1,2    Ln Like  Est Ln P(D)
50000:    1.00    0.215    0.156 0.007    0.024   -1003292    0 
50100:    1.00    0.270    0.154 0.007    0.024   -1003297    0 
50200:    1.00    0.126    0.154 0.007    0.024   -1003701    0 
50300:    1.00    0.298    0.152 0.007    0.024   -1003535    0 
50400:    1.00    0.295    0.152 0.007    0.024   -1003185    0 
50500:    1.00    0.301    0.154 0.007    0.024   -1002998    0 
50600:    1.00    0.221    0.152 0.007    0.024   -1003374    0 
50700:    1.00    0.311    0.153 0.007    0.024   -1003322    0 
50800:    1.00    0.267    0.153 0.007    0.024   -1003579    0 
50900:    1.00    0.199    0.156 0.007    0.025   -1003376    0 

--------------------------------------------
Proportion of membership of each pre-defined
 population in each of the 2 clusters

Given    Inferred Clusters       Number of
 Pop       1      2             Individuals

  1:     0.259  0.741              23
--------------------------------------------

 Rep#:   Lambda   Alpha      F1    F2     D1,2    Ln Like  Est Ln P(D)
51000:    1.00    0.200    0.156 0.007    0.024   -1003239    0 
51100:    1.00    0.281    0.156 0.007    0.024   -1003271    0 
51200:    1.00    0.217    0.156 0.007    0.024   -1003245    0 
51300:    1.00    0.162    0.155 0.007    0.024   -1003588    0 
51400:    1.00    0.259    0.153 0.007    0.024   -1003454    0 
51500:    1.00    0.263    0.154 0.007    0.024   -1003508    0 
51600:    1.00    0.144    0.154 0.007    0.024   -1003397    0 
51700:    1.00    0.232    0.154 0.007    0.024   -1003290    0 
51800:    1.00    0.239    0.153 0.007    0.024   -1003280    0 
51900:    1.00    0.121    0.154 0.007    0.024   -1003562    0 

--------------------------------------------
Proportion of membership of each pre-defined
 population in each of the 2 clusters

Given    Inferred Clusters       Number of
 Pop       1      2             Individuals

  1:     0.261  0.739              23
--------------------------------------------

 Rep#:   Lambda   Alpha      F1    F2     D1,2    Ln Like  Est Ln P(D)
52000:    1.00    0.152    0.157 0.007    0.024   -1003017    0 
52100:    1.00    0.232    0.156 0.007    0.024   -1003237    0 
52200:    1.00    0.196    0.156 0.007    0.025   -1003164    0 
52300:    1.00    0.191    0.154 0.007    0.024   -1003487    0 
52400:    1.00    0.189    0.153 0.007    0.024   -1003155    0 
52500:    1.00    0.224    0.153 0.007    0.024   -1003112    0 
52600:    1.00    0.150    0.151 0.007    0.024   -1003477    0 
52700:    1.00    0.145    0.151 0.007    0.024   -1003568    0 
52800:    1.00    0.229    0.150 0.007    0.024   -1003148    0 
52900:    1.00    0.237    0.147 0.007    0.023   -1003262    0 

--------------------------------------------
Proportion of membership of each pre-defined
 population in each of the 2 clusters

Given    Inferred Clusters       Number of
 Pop       1      2             Individuals

  1:     0.258  0.742              23
--------------------------------------------

 Rep#:   Lambda   Alpha      F1    F2     D1,2    Ln Like  Est Ln P(D)
53000:    1.00    0.256    0.147 0.007    0.023   -1003694    0 
53100:    1.00    0.134    0.147 0.007    0.023   -1003563    0 
53200:    1.00    0.196    0.149 0.007    0.024   -1003286    0 
53300:    1.00    0.185    0.147 0.007    0.023   -1003671    0 
53400:    1.00    0.215    0.149 0.007    0.024   -1003406    0 
53500:    1.00    0.219    0.148 0.007    0.023   -1002601    0 
53600:    1.00    0.228    0.148 0.007    0.023   -1003392    0 
53700:    1.00    0.209    0.149 0.007    0.024   -1003300    0 
53800:    1.00    0.172    0.149 0.007    0.024   -1003162    0 
53900:    1.00    0.196    0.150 0.007    0.024   -1003516    0 

--------------------------------------------
Proportion of membership of each pre-defined
 population in each of the 2 clusters

Given    Inferred Clusters       Number of
 Pop       1      2             Individuals

  1:     0.258  0.742              23
--------------------------------------------

 Rep#:   Lambda   Alpha      F1    F2     D1,2    Ln Like  Est Ln P(D)
54000:    1.00    0.159    0.151 0.007    0.024   -1003216    0 
54100:    1.00    0.217    0.151 0.007    0.024   -1003650    0 
54200:    1.00    0.118    0.152 0.007    0.024   -1003393    0 
54300:    1.00    0.163    0.154 0.007    0.024   -1002974    0 
54400:    1.00    0.147    0.156 0.007    0.024   -1003281    0 
54500:    1.00    0.127    0.156 0.007    0.025   -1003147    0 
54600:    1.00    0.225    0.155 0.007    0.024   -1002762    0 
54700:    1.00    0.229    0.152 0.007    0.024   -1003387    0 
54800:    1.00    0.283    0.151 0.007    0.024   -1003418    0 
54900:    1.00    0.271    0.150 0.007    0.024   -1003377    0 

--------------------------------------------
Proportion of membership of each pre-defined
 population in each of the 2 clusters

Given    Inferred Clusters       Number of
 Pop       1      2             Individuals

  1:     0.260  0.740              23
--------------------------------------------

 Rep#:   Lambda   Alpha      F1    F2     D1,2    Ln Like  Est Ln P(D)
55000:    1.00    0.195    0.150 0.007    0.024   -1002927    0 
55100:    1.00    0.145    0.150 0.007    0.024   -1003334    0 
55200:    1.00    0.136    0.152 0.007    0.024   -1002980    0 
55300:    1.00    0.179    0.151 0.007    0.024   -1003812    0 
55400:    1.00    0.236    0.151 0.007    0.024   -1003235    0 
55500:    1.00    0.131    0.150 0.007    0.024   -1002892    0 
55600:    1.00    0.298    0.150 0.007    0.023   -1003031    0 
55700:    1.00    0.127    0.150 0.007    0.024   -1003627    0 
55800:    1.00    0.290    0.150 0.007    0.024   -1003841    0 
55900:    1.00    0.218    0.149 0.007    0.023   -1003593    0 

--------------------------------------------
Proportion of membership of each pre-defined
 population in each of the 2 clusters

Given    Inferred Clusters       Number of
 Pop       1      2             Individuals

  1:     0.252  0.748              23
--------------------------------------------

 Rep#:   Lambda   Alpha      F1    F2     D1,2    Ln Like  Est Ln P(D)
56000:    1.00    0.214    0.149 0.007    0.024   -1003353    0 
56100:    1.00    0.213    0.149 0.007    0.024   -1003190    0 
56200:    1.00    0.178    0.150 0.007    0.024   -1003318    0 
56300:    1.00    0.210    0.150 0.007    0.024   -1003228    0 
56400:    1.00    0.077    0.150 0.007    0.024   -1003272    0 
56500:    1.00    0.087    0.150 0.007    0.023   -1003319    0 
56600:    1.00    0.200    0.150 0.007    0.024   -1003887    0 
56700:    1.00    0.222    0.151 0.007    0.023   -1003173    0 
56800:    1.00    0.114    0.152 0.007    0.024   -1003150    0 
56900:    1.00    0.354    0.151 0.007    0.024   -1003211    0 

--------------------------------------------
Proportion of membership of each pre-defined
 population in each of the 2 clusters

Given    Inferred Clusters       Number of
 Pop       1      2             Individuals

  1:     0.261  0.739              23
--------------------------------------------

 Rep#:   Lambda   Alpha      F1    F2     D1,2    Ln Like  Est Ln P(D)
57000:    1.00    0.246    0.151 0.007    0.024   -1003468    0 
57100:    1.00    0.266    0.151 0.007    0.024   -1003635    0 
57200:    1.00    0.128    0.151 0.007    0.024   -1003473    0 
57300:    1.00    0.242    0.152 0.007    0.024   -1003570    0 
57400:    1.00    0.211    0.153 0.007    0.024   -1002986    0 
57500:    1.00    0.217    0.151 0.007    0.024   -1003677    0 
57600:    1.00    0.179    0.152 0.007    0.024   -1003624    0 
57700:    1.00    0.251    0.151 0.007    0.024   -1003196    0 
57800:    1.00    0.171    0.153 0.007    0.024   -1003646    0 
57900:    1.00    0.226    0.154 0.007    0.024   -1003299    0 

--------------------------------------------
Proportion of membership of each pre-defined
 population in each of the 2 clusters

Given    Inferred Clusters       Number of
 Pop       1      2             Individuals

  1:     0.253  0.747              23
--------------------------------------------

 Rep#:   Lambda   Alpha      F1    F2     D1,2    Ln Like  Est Ln P(D)
58000:    1.00    0.214    0.156 0.007    0.025   -1003474    0 
58100:    1.00    0.190    0.156 0.007    0.025   -1003799    0 
58200:    1.00    0.238    0.156 0.007    0.024   -1003107    0 
58300:    1.00    0.215    0.157 0.007    0.024   -1002980    0 
58400:    1.00    0.139    0.156 0.007    0.025   -1002978    0 
58500:    1.00    0.237    0.153 0.007    0.024   -1003740    0 
58600:    1.00    0.140    0.153 0.007    0.024   -1003472    0 
58700:    1.00    0.219    0.155 0.007    0.024   -1003411    0 
58800:    1.00    0.316    0.153 0.007    0.024   -1003132    0 
58900:    1.00    0.300    0.156 0.007    0.024   -1003395    0 

--------------------------------------------
Proportion of membership of each pre-defined
 population in each of the 2 clusters

Given    Inferred Clusters       Number of
 Pop       1      2             Individuals

  1:     0.258  0.742              23
--------------------------------------------

 Rep#:   Lambda   Alpha      F1    F2     D1,2    Ln Like  Est Ln P(D)
59000:    1.00    0.267    0.156 0.007    0.024   -1003305    0 
59100:    1.00    0.271    0.154 0.007    0.024   -1003892    0 
59200:    1.00    0.257    0.155 0.007    0.024   -1003272    0 
59300:    1.00    0.276    0.155 0.007    0.024   -1003013    0 
59400:    1.00    0.189    0.155 0.007    0.024   -1003494    0 
59500:    1.00    0.264    0.155 0.007    0.024   -1003654    0 
59600:    1.00    0.220    0.155 0.007    0.024   -1003739    0 
59700:    1.00    0.224    0.154 0.007    0.025   -1003463    0 
59800:    1.00    0.179    0.155 0.007    0.024   -1003408    0 
59900:    1.00    0.152    0.154 0.007    0.024   -1003435    0 
60000:    1.00    0.230    0.152 0.007    0.024   -1003627    0 

MCMC completed

Inferred ancestry of individuals:
        Label (%Miss) Pop:  Inferred clusters
  1 18160D-09-0    (2)    1 :  0.142 0.858 
  2 18160D-09-0    (4)    1 :  0.173 0.827 
  3 18160D-09-0    (2)    1 :  0.751 0.249 
  4 18160D-09-0    (5)    1 :  1.000 0.000 
  5 18160D-09-0    (4)    1 :  0.902 0.098 
  6 18160D-09-0    (4)    1 :  0.942 0.058 
  7 18160D-09-0    (2)    1 :  0.996 0.004 
  8 18160D-09-0    (4)    1 :  0.130 0.870 
  9 18160D-09-0    (2)    1 :  0.000 1.000 
 10 18160D-09-1    (2)    1 :  0.000 1.000 
 11 18160D-09-1    (2)    1 :  0.000 1.000 
 12 18160D-09-1    (2)    1 :  0.001 0.999 
 13 18160D-09-1    (5)    1 :  0.167 0.833 
 14 18160D-09-1   (18)    1 :  0.171 0.829 
 15 18160D-09-1    (4)    1 :  0.088 0.912 
 16 18160D-09-1    (2)    1 :  0.000 1.000 
 17 18160D-09-1    (2)    1 :  0.137 0.863 
 18 18160D-09-1    (2)    1 :  0.002 0.998 
 19 18160D-09-1    (2)    1 :  0.102 0.898 
 20 18160D-09-2    (5)    1 :  0.069 0.931 
 21 18160D-09-2    (5)    1 :  0.151 0.849 
 22 18160D-09-2    (5)    1 :  0.001 0.999 
 23 18160D-09-2    (2)    1 :  0.103 0.897 

Command line arguments:   structure -D 958505 -K 2 -m mainparams -o k2/populations_k2_run5 
Input File:    populations.str
Output File:   k2/populations_k2_run5_f

Run parameters:
   23 individuals
   50160 loci
   2 populations assumed
   10000 Burn-in period
   50000 Reps
RANDOMIZE turned off

--------------------------------------------
Estimated Ln Prob of Data   = -1030211.7
Mean value of ln likelihood = -1003328.9
Variance of ln likelihood   = 53765.6
Mean value of alpha         = 0.2019

Mean value of Fst_1         = 0.1501
Mean value of Fst_2         = 0.0082


--------------------------------------------
Proportion of membership of each pre-defined
 population in each of the 2 clusters

Given    Inferred Clusters       Number of
 Pop       1      2             Individuals

  1:     0.262  0.738              23
--------------------------------------------
Final results printed to file k2/populations_k2_run5_f

