

----------------------------------------------------
STRUCTURE by Pritchard, Stephens and Donnelly (2000)
     and Falush, Stephens and Pritchard (2003)
       Code by Pritchard, Falush and Hubisz
             Version 2.3.4 (Jul 2012)
----------------------------------------------------


Reading file "mainparams".
datafile is
populations.str
Reading file "extraparams".
Reading file "populations.str".


Data file "populations.str" (truncated) --

Ind:   Label Pop : Genotype_data . . . .
  1: 18160D-09-0    1  :  4   1   3   1   4   1   3  . . . .   2
  1: 18160D-09-0    1  :  4   1   3   1   4   4   4  . . . .   4
  2: 18160D-09-0    1  :  4   1   3   1   4   1   3  . . . .   2
  2: 18160D-09-0    1  :  4   1   3   1   4   4   3  . . . .   4
  3: 18160D-09-0    1  :  4   1   0   0   0   0   3  . . . .   2
  3: 18160D-09-0    1  :  4   3   0   0   0   0   3  . . . .   4
  4: 18160D-09-0    1  :  4   1   3   1   4   1   3  . . . .   2
  4: 18160D-09-0    1  :  4   3   3   1   4   1   3  . . . .   4

      *******   

 22: 18160D-09-2    1  :  4   1   3   1   4   1   3  . . . .   2
 22: 18160D-09-2    1  :  4   3   3   1   4   1   4  . . . .   4
 23: 18160D-09-2    1  :  4   1   3   1   4   1   3  . . . .   2
 23: 18160D-09-2    1  :  4   1   3   1   4   4   4  . . . .   4

Number of alleles per locus: min= 2; ave=2.0; max= 2


--------------------------------------

Finished initialization; starting MCMC 
50000 iterations + 10000 burnin


--------------------------------------------
Proportion of membership of each pre-defined
 population in each of the 2 clusters

Given    Inferred Clusters       Number of
 Pop       1      2             Individuals

  1:     0.510  0.490              23
--------------------------------------------

 Rep#:   Lambda   Alpha      F1    F2     D1,2    Ln Like 
  100:    1.00    1.623    0.010 0.010    0.003   --  
  200:    1.00    1.520    0.010 0.010    0.003   --  
  300:    1.00    1.675    0.010 0.010    0.003   --  
  400:    1.00    1.836    0.010 0.010    0.003   --  
  500:    1.00    1.558    0.010 0.010    0.003   --  
  600:    1.00    1.549    0.010 0.010    0.003   --  
  700:    1.00    1.221    0.011 0.010    0.003   --  
  800:    1.00    0.928    0.011 0.010    0.003   --  
  900:    1.00    0.744    0.011 0.010    0.003   --  

--------------------------------------------
Proportion of membership of each pre-defined
 population in each of the 2 clusters

Given    Inferred Clusters       Number of
 Pop       1      2             Individuals

  1:     0.430  0.570              23
--------------------------------------------

 Rep#:   Lambda   Alpha      F1    F2     D1,2    Ln Like 
 1000:    1.00    0.566    0.011 0.010    0.003   --  
 1100:    1.00    0.291    0.011 0.010    0.003   --  
 1200:    1.00    0.150    0.011 0.010    0.003   --  
 1300:    1.00    0.145    0.011 0.010    0.003   --  
 1400:    1.00    0.163    0.011 0.010    0.003   --  
 1500:    1.00    0.109    0.011 0.010    0.003   --  
 1600:    1.00    0.124    0.012 0.010    0.003   --  
 1700:    1.00    0.079    0.012 0.010    0.004   --  
 1800:    1.00    0.086    0.014 0.010    0.004   --  
 1900:    1.00    0.058    0.014 0.010    0.004   --  

--------------------------------------------
Proportion of membership of each pre-defined
 population in each of the 2 clusters

Given    Inferred Clusters       Number of
 Pop       1      2             Individuals

  1:     0.352  0.648              23
--------------------------------------------

 Rep#:   Lambda   Alpha      F1    F2     D1,2    Ln Like 
 2000:    1.00    0.147    0.015 0.010    0.004   --  
 2100:    1.00    0.161    0.016 0.010    0.004   --  
 2200:    1.00    0.100    0.017 0.010    0.005   --  
 2300:    1.00    0.158    0.018 0.010    0.005   --  
 2400:    1.00    0.096    0.021 0.010    0.005   --  
 2500:    1.00    0.118    0.027 0.010    0.006   --  
 2600:    1.00    0.088    0.040 0.010    0.008   --  
 2700:    1.00    0.084    0.050 0.010    0.010   --  
 2800:    1.00    0.117    0.081 0.010    0.014   --  
 2900:    1.00    0.133    0.104 0.010    0.017   --  

--------------------------------------------
Proportion of membership of each pre-defined
 population in each of the 2 clusters

Given    Inferred Clusters       Number of
 Pop       1      2             Individuals

  1:     0.275  0.725              23
--------------------------------------------

 Rep#:   Lambda   Alpha      F1    F2     D1,2    Ln Like 
 3000:    1.00    0.149    0.115 0.010    0.019   --  
 3100:    1.00    0.130    0.119 0.010    0.019   --  
 3200:    1.00    0.186    0.123 0.010    0.020   --  
 3300:    1.00    0.170    0.123 0.010    0.020   --  
 3400:    1.00    0.118    0.124 0.010    0.021   --  
 3500:    1.00    0.157    0.127 0.010    0.021   --  
 3600:    1.00    0.224    0.133 0.010    0.022   --  
 3700:    1.00    0.219    0.135 0.010    0.022   --  
 3800:    1.00    0.190    0.137 0.010    0.022   --  
 3900:    1.00    0.145    0.137 0.010    0.022   --  

--------------------------------------------
Proportion of membership of each pre-defined
 population in each of the 2 clusters

Given    Inferred Clusters       Number of
 Pop       1      2             Individuals

  1:     0.270  0.730              23
--------------------------------------------

 Rep#:   Lambda   Alpha      F1    F2     D1,2    Ln Like 
 4000:    1.00    0.131    0.137 0.010    0.022   --  
 4100:    1.00    0.115    0.139 0.010    0.022   --  
 4200:    1.00    0.140    0.139 0.010    0.023   --  
 4300:    1.00    0.160    0.145 0.010    0.023   --  
 4400:    1.00    0.151    0.145 0.010    0.024   --  
 4500:    1.00    0.273    0.146 0.010    0.024   --  
 4600:    1.00    0.212    0.146 0.010    0.024   --  
 4700:    1.00    0.200    0.146 0.010    0.023   --  
 4800:    1.00    0.286    0.146 0.010    0.023   --  
 4900:    1.00    0.240    0.146 0.010    0.024   --  

--------------------------------------------
Proportion of membership of each pre-defined
 population in each of the 2 clusters

Given    Inferred Clusters       Number of
 Pop       1      2             Individuals

  1:     0.264  0.736              23
--------------------------------------------

 Rep#:   Lambda   Alpha      F1    F2     D1,2    Ln Like 
 5000:    1.00    0.191    0.145 0.010    0.023   --  
 5100:    1.00    0.260    0.146 0.010    0.024   --  
 5200:    1.00    0.255    0.146 0.010    0.023   --  
 5300:    1.00    0.202    0.146 0.010    0.024   --  
 5400:    1.00    0.131    0.147 0.010    0.024   --  
 5500:    1.00    0.181    0.148 0.010    0.024   --  
 5600:    1.00    0.217    0.148 0.010    0.024   --  
 5700:    1.00    0.155    0.147 0.010    0.024   --  
 5800:    1.00    0.249    0.148 0.010    0.024   --  
 5900:    1.00    0.186    0.148 0.010    0.024   --  

--------------------------------------------
Proportion of membership of each pre-defined
 population in each of the 2 clusters

Given    Inferred Clusters       Number of
 Pop       1      2             Individuals

  1:     0.261  0.739              23
--------------------------------------------

 Rep#:   Lambda   Alpha      F1    F2     D1,2    Ln Like 
 6000:    1.00    0.198    0.149 0.010    0.024   --  
 6100:    1.00    0.133    0.149 0.010    0.024   --  
 6200:    1.00    0.164    0.149 0.010    0.024   --  
 6300:    1.00    0.170    0.150 0.010    0.024   --  
 6400:    1.00    0.125    0.152 0.010    0.024   --  
 6500:    1.00    0.180    0.152 0.010    0.024   --  
 6600:    1.00    0.152    0.151 0.010    0.024   --  
 6700:    1.00    0.215    0.151 0.010    0.024   --  
 6800:    1.00    0.178    0.151 0.010    0.024   --  
 6900:    1.00    0.262    0.151 0.010    0.024   --  

--------------------------------------------
Proportion of membership of each pre-defined
 population in each of the 2 clusters

Given    Inferred Clusters       Number of
 Pop       1      2             Individuals

  1:     0.265  0.735              23
--------------------------------------------

 Rep#:   Lambda   Alpha      F1    F2     D1,2    Ln Like 
 7000:    1.00    0.262    0.151 0.009    0.024   --  
 7100:    1.00    0.265    0.150 0.009    0.024   --  
 7200:    1.00    0.231    0.150 0.009    0.024   --  
 7300:    1.00    0.141    0.149 0.009    0.024   --  
 7400:    1.00    0.118    0.149 0.009    0.024   --  
 7500:    1.00    0.153    0.149 0.009    0.024   --  
 7600:    1.00    0.179    0.149 0.009    0.024   --  
 7700:    1.00    0.138    0.151 0.009    0.024   --  
 7800:    1.00    0.285    0.151 0.009    0.024   --  
 7900:    1.00    0.188    0.152 0.009    0.024   --  

--------------------------------------------
Proportion of membership of each pre-defined
 population in each of the 2 clusters

Given    Inferred Clusters       Number of
 Pop       1      2             Individuals

  1:     0.261  0.739              23
--------------------------------------------

 Rep#:   Lambda   Alpha      F1    F2     D1,2    Ln Like 
 8000:    1.00    0.125    0.153 0.009    0.024   --  
 8100:    1.00    0.233    0.150 0.009    0.024   --  
 8200:    1.00    0.228    0.150 0.009    0.024   --  
 8300:    1.00    0.171    0.151 0.009    0.024   --  
 8400:    1.00    0.255    0.151 0.009    0.024   --  
 8500:    1.00    0.194    0.151 0.009    0.024   --  
 8600:    1.00    0.174    0.151 0.009    0.024   --  
 8700:    1.00    0.241    0.152 0.009    0.024   --  
 8800:    1.00    0.246    0.150 0.009    0.024   --  
 8900:    1.00    0.295    0.151 0.009    0.024   --  

--------------------------------------------
Proportion of membership of each pre-defined
 population in each of the 2 clusters

Given    Inferred Clusters       Number of
 Pop       1      2             Individuals

  1:     0.268  0.732              23
--------------------------------------------

 Rep#:   Lambda   Alpha      F1    F2     D1,2    Ln Like 
 9000:    1.00    0.210    0.150 0.009    0.024   --  
 9100:    1.00    0.283    0.148 0.009    0.024   --  
 9200:    1.00    0.211    0.150 0.009    0.024   --  
 9300:    1.00    0.181    0.148 0.009    0.024   --  
 9400:    1.00    0.184    0.149 0.009    0.024   --  
 9500:    1.00    0.303    0.150 0.009    0.024   --  
 9600:    1.00    0.154    0.149 0.009    0.024   --  
 9700:    1.00    0.154    0.151 0.009    0.024   --  
 9800:    1.00    0.109    0.150 0.009    0.024   --  
 9900:    1.00    0.158    0.152 0.009    0.024   --  
10000:    1.00    0.181    0.153 0.009    0.024   --  

BURNIN completed
 Rep#:   Lambda   Alpha      F1    F2     D1,2    Ln Like  Est Ln P(D)
10100:    1.00    0.219    0.153 0.009    0.024   -1003245    0 
10200:    1.00    0.239    0.151 0.009    0.024   -1003450    0 
10300:    1.00    0.167    0.153 0.009    0.024   -1003322    0 
10400:    1.00    0.158    0.152 0.009    0.024   -1003482    0 
10500:    1.00    0.158    0.153 0.009    0.025   -1004076    0 
10600:    1.00    0.240    0.152 0.009    0.024   -1003266    0 
10700:    1.00    0.220    0.153 0.009    0.024   -1003281    0 
10800:    1.00    0.221    0.152 0.009    0.024   -1003174    0 
10900:    1.00    0.187    0.153 0.009    0.024   -1003110    0 

--------------------------------------------
Proportion of membership of each pre-defined
 population in each of the 2 clusters

Given    Inferred Clusters       Number of
 Pop       1      2             Individuals

  1:     0.268  0.732              23
--------------------------------------------

 Rep#:   Lambda   Alpha      F1    F2     D1,2    Ln Like  Est Ln P(D)
11000:    1.00    0.174    0.151 0.009    0.024   -1003231    0 
11100:    1.00    0.136    0.151 0.009    0.024   -1003314    0 
11200:    1.00    0.199    0.151 0.009    0.024   -1003640    0 
11300:    1.00    0.215    0.151 0.009    0.024   -1002869    0 
11400:    1.00    0.139    0.149 0.009    0.024   -1003015    0 
11500:    1.00    0.296    0.149 0.009    0.024   -1002814    0 
11600:    1.00    0.149    0.149 0.009    0.024   -1003410    0 
11700:    1.00    0.243    0.148 0.009    0.024   -1003227    0 
11800:    1.00    0.225    0.147 0.009    0.024   -1003602    0 
11900:    1.00    0.257    0.149 0.009    0.024   -1003361    0 

--------------------------------------------
Proportion of membership of each pre-defined
 population in each of the 2 clusters

Given    Inferred Clusters       Number of
 Pop       1      2             Individuals

  1:     0.262  0.738              23
--------------------------------------------

 Rep#:   Lambda   Alpha      F1    F2     D1,2    Ln Like  Est Ln P(D)
12000:    1.00    0.217    0.151 0.009    0.024   -1003284    0 
12100:    1.00    0.189    0.151 0.009    0.024   -1003409    0 
12200:    1.00    0.254    0.151 0.009    0.024   -1003294    0 
12300:    1.00    0.194    0.147 0.009    0.024   -1003578    0 
12400:    1.00    0.162    0.147 0.009    0.024   -1003461    0 
12500:    1.00    0.313    0.147 0.009    0.023   -1003707    0 
12600:    1.00    0.157    0.147 0.009    0.023   -1003274    0 
12700:    1.00    0.190    0.146 0.009    0.023   -1003307    0 
12800:    1.00    0.204    0.146 0.009    0.023   -1003317    0 
12900:    1.00    0.292    0.146 0.009    0.023   -1003540    0 

--------------------------------------------
Proportion of membership of each pre-defined
 population in each of the 2 clusters

Given    Inferred Clusters       Number of
 Pop       1      2             Individuals

  1:     0.265  0.735              23
--------------------------------------------

 Rep#:   Lambda   Alpha      F1    F2     D1,2    Ln Like  Est Ln P(D)
13000:    1.00    0.177    0.145 0.009    0.023   -1003114    0 
13100:    1.00    0.189    0.147 0.009    0.024   -1003783    0 
13200:    1.00    0.222    0.146 0.009    0.023   -1003207    0 
13300:    1.00    0.205    0.146 0.009    0.024   -1003599    0 
13400:    1.00    0.352    0.144 0.009    0.023   -1003396    0 
13500:    1.00    0.165    0.144 0.009    0.023   -1003416    0 
13600:    1.00    0.191    0.144 0.009    0.023   -1003405    0 
13700:    1.00    0.105    0.144 0.009    0.023   -1003294    0 
13800:    1.00    0.136    0.144 0.009    0.023   -1003008    0 
13900:    1.00    0.246    0.146 0.009    0.023   -1003135    0 

--------------------------------------------
Proportion of membership of each pre-defined
 population in each of the 2 clusters

Given    Inferred Clusters       Number of
 Pop       1      2             Individuals

  1:     0.265  0.735              23
--------------------------------------------

 Rep#:   Lambda   Alpha      F1    F2     D1,2    Ln Like  Est Ln P(D)
14000:    1.00    0.161    0.146 0.009    0.023   -1003078    0 
14100:    1.00    0.189    0.146 0.009    0.023   -1003326    0 
14200:    1.00    0.173    0.146 0.009    0.024   -1003464    0 
14300:    1.00    0.121    0.146 0.009    0.023   -1003563    0 
14400:    1.00    0.279    0.146 0.009    0.023   -1003209    0 
14500:    1.00    0.223    0.147 0.009    0.023   -1003263    0 
14600:    1.00    0.172    0.147 0.009    0.024   -1003335    0 
14700:    1.00    0.204    0.144 0.009    0.023   -1003450    0 
14800:    1.00    0.221    0.145 0.009    0.023   -1003238    0 
14900:    1.00    0.195    0.144 0.009    0.023   -1003754    0 

--------------------------------------------
Proportion of membership of each pre-defined
 population in each of the 2 clusters

Given    Inferred Clusters       Number of
 Pop       1      2             Individuals

  1:     0.264  0.736              23
--------------------------------------------

 Rep#:   Lambda   Alpha      F1    F2     D1,2    Ln Like  Est Ln P(D)
15000:    1.00    0.197    0.147 0.009    0.024   -1003225    0 
15100:    1.00    0.261    0.149 0.009    0.023   -1003056    0 
15200:    1.00    0.253    0.151 0.009    0.024   -1003077    0 
15300:    1.00    0.181    0.153 0.009    0.024   -1003242    0 
15400:    1.00    0.258    0.152 0.009    0.024   -1003792    0 
15500:    1.00    0.203    0.154 0.009    0.024   -1003442    0 
15600:    1.00    0.293    0.151 0.009    0.024   -1003347    0 
15700:    1.00    0.255    0.151 0.009    0.024   -1003375    0 
15800:    1.00    0.346    0.150 0.009    0.024   -1003373    0 
15900:    1.00    0.152    0.150 0.009    0.024   -1003399    0 

--------------------------------------------
Proportion of membership of each pre-defined
 population in each of the 2 clusters

Given    Inferred Clusters       Number of
 Pop       1      2             Individuals

  1:     0.272  0.728              23
--------------------------------------------

 Rep#:   Lambda   Alpha      F1    F2     D1,2    Ln Like  Est Ln P(D)
16000:    1.00    0.453    0.150 0.009    0.024   -1003110    0 
16100:    1.00    0.221    0.150 0.009    0.024   -1003268    0 
16200:    1.00    0.266    0.151 0.009    0.024   -1003430    0 
16300:    1.00    0.307    0.149 0.009    0.024   -1003214    0 
16400:    1.00    0.192    0.149 0.009    0.024   -1003524    0 
16500:    1.00    0.168    0.150 0.009    0.024   -1003423    0 
16600:    1.00    0.239    0.150 0.009    0.024   -1003184    0 
16700:    1.00    0.096    0.150 0.009    0.024   -1003431    0 
16800:    1.00    0.180    0.151 0.009    0.024   -1003278    0 
16900:    1.00    0.173    0.150 0.009    0.024   -1003319    0 

--------------------------------------------
Proportion of membership of each pre-defined
 population in each of the 2 clusters

Given    Inferred Clusters       Number of
 Pop       1      2             Individuals

  1:     0.268  0.732              23
--------------------------------------------

 Rep#:   Lambda   Alpha      F1    F2     D1,2    Ln Like  Est Ln P(D)
17000:    1.00    0.267    0.148 0.009    0.024   -1003368    0 
17100:    1.00    0.161    0.148 0.009    0.024   -1003224    0 
17200:    1.00    0.184    0.149 0.009    0.024   -1003221    0 
17300:    1.00    0.207    0.148 0.009    0.024   -1003751    0 
17400:    1.00    0.297    0.148 0.009    0.024   -1003595    0 
17500:    1.00    0.243    0.150 0.009    0.024   -1003445    0 
17600:    1.00    0.135    0.148 0.009    0.024   -1003380    0 
17700:    1.00    0.164    0.150 0.009    0.024   -1003370    0 
17800:    1.00    0.106    0.150 0.009    0.024   -1003391    0 
17900:    1.00    0.178    0.150 0.009    0.024   -1003370    0 

--------------------------------------------
Proportion of membership of each pre-defined
 population in each of the 2 clusters

Given    Inferred Clusters       Number of
 Pop       1      2             Individuals

  1:     0.269  0.731              23
--------------------------------------------

 Rep#:   Lambda   Alpha      F1    F2     D1,2    Ln Like  Est Ln P(D)
18000:    1.00    0.291    0.149 0.009    0.024   -1003099    0 
18100:    1.00    0.296    0.149 0.009    0.024   -1003029    0 
18200:    1.00    0.263    0.149 0.008    0.024   -1003082    0 
18300:    1.00    0.199    0.150 0.008    0.024   -1003084    0 
18400:    1.00    0.172    0.150 0.008    0.024   -1002846    0 
18500:    1.00    0.286    0.149 0.008    0.024   -1003764    0 
18600:    1.00    0.319    0.149 0.008    0.024   -1003532    0 
18700:    1.00    0.254    0.150 0.008    0.024   -1003419    0 
18800:    1.00    0.211    0.150 0.008    0.024   -1003094    0 
18900:    1.00    0.159    0.152 0.008    0.024   -1002977    0 

--------------------------------------------
Proportion of membership of each pre-defined
 population in each of the 2 clusters

Given    Inferred Clusters       Number of
 Pop       1      2             Individuals

  1:     0.260  0.740              23
--------------------------------------------

 Rep#:   Lambda   Alpha      F1    F2     D1,2    Ln Like  Est Ln P(D)
19000:    1.00    0.256    0.152 0.008    0.024   -1002993    0 
19100:    1.00    0.198    0.153 0.008    0.024   -1003340    0 
19200:    1.00    0.149    0.153 0.008    0.024   -1003103    0 
19300:    1.00    0.243    0.151 0.008    0.024   -1003409    0 
19400:    1.00    0.187    0.151 0.008    0.024   -1003840    0 
19500:    1.00    0.204    0.150 0.008    0.024   -1003374    0 
19600:    1.00    0.182    0.149 0.008    0.024   -1003292    0 
19700:    1.00    0.207    0.149 0.008    0.024   -1003549    0 
19800:    1.00    0.117    0.150 0.008    0.024   -1002906    0 
19900:    1.00    0.171    0.150 0.008    0.024   -1003563    0 

--------------------------------------------
Proportion of membership of each pre-defined
 population in each of the 2 clusters

Given    Inferred Clusters       Number of
 Pop       1      2             Individuals

  1:     0.273  0.727              23
--------------------------------------------

 Rep#:   Lambda   Alpha      F1    F2     D1,2    Ln Like  Est Ln P(D)
20000:    1.00    0.145    0.148 0.008    0.024   -1003438    0 
20100:    1.00    0.236    0.147 0.008    0.023   -1003547    0 
20200:    1.00    0.193    0.146 0.008    0.023   -1003097    0 
20300:    1.00    0.090    0.145 0.008    0.023   -1003487    0 
20400:    1.00    0.178    0.145 0.008    0.023   -1003454    0 
20500:    1.00    0.164    0.144 0.008    0.023   -1003311    0 
20600:    1.00    0.143    0.148 0.008    0.024   -1003230    0 
20700:    1.00    0.196    0.148 0.008    0.023   -1003386    0 
20800:    1.00    0.204    0.150 0.008    0.024   -1003055    0 
20900:    1.00    0.231    0.150 0.008    0.024   -1003294    0 

--------------------------------------------
Proportion of membership of each pre-defined
 population in each of the 2 clusters

Given    Inferred Clusters       Number of
 Pop       1      2             Individuals

  1:     0.258  0.742              23
--------------------------------------------

 Rep#:   Lambda   Alpha      F1    F2     D1,2    Ln Like  Est Ln P(D)
21000:    1.00    0.192    0.150 0.008    0.024   -1003270    0 
21100:    1.00    0.238    0.151 0.008    0.024   -1003025    0 
21200:    1.00    0.198    0.149 0.008    0.024   -1003314    0 
21300:    1.00    0.090    0.152 0.008    0.024   -1002751    0 
21400:    1.00    0.259    0.152 0.008    0.024   -1003247    0 
21500:    1.00    0.119    0.149 0.008    0.024   -1003245    0 
21600:    1.00    0.235    0.150 0.008    0.024   -1003312    0 
21700:    1.00    0.252    0.148 0.008    0.023   -1003234    0 
21800:    1.00    0.185    0.149 0.008    0.024   -1003547    0 
21900:    1.00    0.186    0.148 0.008    0.023   -1003348    0 

--------------------------------------------
Proportion of membership of each pre-defined
 population in each of the 2 clusters

Given    Inferred Clusters       Number of
 Pop       1      2             Individuals

  1:     0.264  0.736              23
--------------------------------------------

 Rep#:   Lambda   Alpha      F1    F2     D1,2    Ln Like  Est Ln P(D)
22000:    1.00    0.222    0.149 0.008    0.024   -1003260    0 
22100:    1.00    0.177    0.149 0.008    0.024   -1003516    0 
22200:    1.00    0.132    0.149 0.008    0.024   -1003396    0 
22300:    1.00    0.174    0.149 0.008    0.024   -1003376    0 
22400:    1.00    0.130    0.150 0.008    0.024   -1003020    0 
22500:    1.00    0.225    0.149 0.008    0.024   -1003509    0 
22600:    1.00    0.203    0.149 0.008    0.024   -1003519    0 
22700:    1.00    0.247    0.149 0.008    0.024   -1003445    0 
22800:    1.00    0.209    0.151 0.008    0.024   -1002901    0 
22900:    1.00    0.174    0.149 0.008    0.024   -1003433    0 

--------------------------------------------
Proportion of membership of each pre-defined
 population in each of the 2 clusters

Given    Inferred Clusters       Number of
 Pop       1      2             Individuals

  1:     0.258  0.742              23
--------------------------------------------

 Rep#:   Lambda   Alpha      F1    F2     D1,2    Ln Like  Est Ln P(D)
23000:    1.00    0.204    0.148 0.008    0.024   -1003413    0 
23100:    1.00    0.141    0.150 0.008    0.024   -1003113    0 
23200:    1.00    0.133    0.150 0.008    0.024   -1003200    0 
23300:    1.00    0.194    0.148 0.008    0.023   -1003491    0 
23400:    1.00    0.212    0.150 0.008    0.024   -1003290    0 
23500:    1.00    0.111    0.145 0.008    0.023   -1003412    0 
23600:    1.00    0.225    0.147 0.008    0.023   -1003458    0 
23700:    1.00    0.184    0.149 0.008    0.024   -1003165    0 
23800:    1.00    0.153    0.149 0.008    0.023   -1003491    0 
23900:    1.00    0.296    0.149 0.008    0.024   -1003282    0 

--------------------------------------------
Proportion of membership of each pre-defined
 population in each of the 2 clusters

Given    Inferred Clusters       Number of
 Pop       1      2             Individuals

  1:     0.254  0.746              23
--------------------------------------------

 Rep#:   Lambda   Alpha      F1    F2     D1,2    Ln Like  Est Ln P(D)
24000:    1.00    0.228    0.150 0.008    0.024   -1003155    0 
24100:    1.00    0.277    0.149 0.008    0.024   -1003729    0 
24200:    1.00    0.320    0.152 0.008    0.024   -1003457    0 
24300:    1.00    0.224    0.152 0.008    0.024   -1003347    0 
24400:    1.00    0.231    0.150 0.008    0.024   -1003393    0 
24500:    1.00    0.176    0.148 0.008    0.023   -1003726    0 
24600:    1.00    0.254    0.148 0.008    0.023   -1003515    0 
24700:    1.00    0.221    0.148 0.008    0.024   -1003190    0 
24800:    1.00    0.258    0.149 0.008    0.024   -1003133    0 
24900:    1.00    0.104    0.149 0.008    0.024   -1003088    0 

--------------------------------------------
Proportion of membership of each pre-defined
 population in each of the 2 clusters

Given    Inferred Clusters       Number of
 Pop       1      2             Individuals

  1:     0.258  0.742              23
--------------------------------------------

 Rep#:   Lambda   Alpha      F1    F2     D1,2    Ln Like  Est Ln P(D)
25000:    1.00    0.201    0.146 0.008    0.023   -1003492    0 
25100:    1.00    0.318    0.146 0.008    0.023   -1003059    0 
25200:    1.00    0.238    0.148 0.008    0.023   -1003338    0 
25300:    1.00    0.163    0.148 0.008    0.023   -1003145    0 
25400:    1.00    0.133    0.144 0.008    0.023   -1003767    0 
25500:    1.00    0.248    0.146 0.008    0.023   -1003318    0 
25600:    1.00    0.202    0.146 0.008    0.023   -1003160    0 
25700:    1.00    0.204    0.146 0.008    0.023   -1003462    0 
25800:    1.00    0.184    0.148 0.008    0.024   -1003743    0 
25900:    1.00    0.231    0.148 0.008    0.023   -1003518    0 

--------------------------------------------
Proportion of membership of each pre-defined
 population in each of the 2 clusters

Given    Inferred Clusters       Number of
 Pop       1      2             Individuals

  1:     0.260  0.740              23
--------------------------------------------

 Rep#:   Lambda   Alpha      F1    F2     D1,2    Ln Like  Est Ln P(D)
26000:    1.00    0.098    0.147 0.008    0.023   -1003098    0 
26100:    1.00    0.216    0.147 0.008    0.023   -1002995    0 
26200:    1.00    0.181    0.148 0.008    0.024   -1003152    0 
26300:    1.00    0.225    0.147 0.008    0.023   -1003317    0 
26400:    1.00    0.249    0.145 0.008    0.023   -1003565    0 
26500:    1.00    0.272    0.147 0.008    0.024   -1003603    0 
26600:    1.00    0.277    0.147 0.008    0.023   -1003842    0 
26700:    1.00    0.214    0.146 0.008    0.024   -1002686    0 
26800:    1.00    0.226    0.147 0.008    0.023   -1003321    0 
26900:    1.00    0.182    0.147 0.008    0.024   -1003565    0 

--------------------------------------------
Proportion of membership of each pre-defined
 population in each of the 2 clusters

Given    Inferred Clusters       Number of
 Pop       1      2             Individuals

  1:     0.263  0.737              23
--------------------------------------------

 Rep#:   Lambda   Alpha      F1    F2     D1,2    Ln Like  Est Ln P(D)
27000:    1.00    0.257    0.147 0.008    0.024   -1003609    0 
27100:    1.00    0.247    0.148 0.008    0.024   -1003580    0 
27200:    1.00    0.200    0.146 0.008    0.023   -1003427    0 
27300:    1.00    0.151    0.148 0.008    0.024   -1003073    0 
27400:    1.00    0.251    0.148 0.008    0.024   -1003114    0 
27500:    1.00    0.105    0.148 0.008    0.023   -1003421    0 
27600:    1.00    0.149    0.150 0.008    0.024   -1003760    0 
27700:    1.00    0.140    0.152 0.008    0.024   -1002928    0 
27800:    1.00    0.261    0.152 0.008    0.024   -1003177    0 
27900:    1.00    0.238    0.151 0.008    0.024   -1002947    0 

--------------------------------------------
Proportion of membership of each pre-defined
 population in each of the 2 clusters

Given    Inferred Clusters       Number of
 Pop       1      2             Individuals

  1:     0.258  0.742              23
--------------------------------------------

 Rep#:   Lambda   Alpha      F1    F2     D1,2    Ln Like  Est Ln P(D)
28000:    1.00    0.129    0.151 0.008    0.024   -1003253    0 
28100:    1.00    0.186    0.151 0.008    0.024   -1003090    0 
28200:    1.00    0.149    0.151 0.008    0.024   -1003626    0 
28300:    1.00    0.149    0.151 0.007    0.024   -1003307    0 
28400:    1.00    0.186    0.151 0.007    0.024   -1003207    0 
28500:    1.00    0.208    0.153 0.007    0.024   -1003279    0 
28600:    1.00    0.164    0.153 0.007    0.024   -1003223    0 
28700:    1.00    0.157    0.154 0.007    0.024   -1002892    0 
28800:    1.00    0.195    0.153 0.007    0.024   -1003481    0 
28900:    1.00    0.198    0.153 0.007    0.024   -1003578    0 

--------------------------------------------
Proportion of membership of each pre-defined
 population in each of the 2 clusters

Given    Inferred Clusters       Number of
 Pop       1      2             Individuals

  1:     0.259  0.741              23
--------------------------------------------

 Rep#:   Lambda   Alpha      F1    F2     D1,2    Ln Like  Est Ln P(D)
29000:    1.00    0.219    0.151 0.007    0.024   -1003271    0 
29100:    1.00    0.252    0.150 0.007    0.024   -1003499    0 
29200:    1.00    0.198    0.150 0.007    0.024   -1003533    0 
29300:    1.00    0.193    0.153 0.007    0.024   -1003256    0 
29400:    1.00    0.250    0.152 0.007    0.024   -1003239    0 
29500:    1.00    0.190    0.151 0.007    0.024   -1003414    0 
29600:    1.00    0.172    0.149 0.007    0.024   -1003332    0 
29700:    1.00    0.234    0.148 0.007    0.023   -1003476    0 
29800:    1.00    0.249    0.149 0.007    0.023   -1003129    0 
29900:    1.00    0.159    0.149 0.007    0.023   -1003221    0 

--------------------------------------------
Proportion of membership of each pre-defined
 population in each of the 2 clusters

Given    Inferred Clusters       Number of
 Pop       1      2             Individuals

  1:     0.257  0.743              23
--------------------------------------------

 Rep#:   Lambda   Alpha      F1    F2     D1,2    Ln Like  Est Ln P(D)
30000:    1.00    0.185    0.149 0.007    0.024   -1003391    0 
30100:    1.00    0.285    0.149 0.007    0.024   -1003239    0 
30200:    1.00    0.292    0.149 0.007    0.024   -1003588    0 
30300:    1.00    0.212    0.152 0.007    0.024   -1003051    0 
30400:    1.00    0.119    0.151 0.007    0.024   -1003514    0 
30500:    1.00    0.243    0.153 0.007    0.024   -1003543    0 
30600:    1.00    0.240    0.152 0.007    0.024   -1003097    0 
30700:    1.00    0.136    0.152 0.007    0.024   -1003417    0 
30800:    1.00    0.219    0.152 0.007    0.024   -1003496    0 
30900:    1.00    0.269    0.150 0.007    0.024   -1003546    0 

--------------------------------------------
Proportion of membership of each pre-defined
 population in each of the 2 clusters

Given    Inferred Clusters       Number of
 Pop       1      2             Individuals

  1:     0.259  0.741              23
--------------------------------------------

 Rep#:   Lambda   Alpha      F1    F2     D1,2    Ln Like  Est Ln P(D)
31000:    1.00    0.246    0.155 0.007    0.025   -1003188    0 
31100:    1.00    0.236    0.154 0.007    0.025   -1003454    0 
31200:    1.00    0.179    0.148 0.007    0.023   -1003173    0 
31300:    1.00    0.185    0.149 0.007    0.024   -1003544    0 
31400:    1.00    0.209    0.149 0.007    0.024   -1003553    0 
31500:    1.00    0.301    0.149 0.007    0.023   -1003310    0 
31600:    1.00    0.173    0.150 0.007    0.024   -1003272    0 
31700:    1.00    0.283    0.150 0.007    0.024   -1003219    0 
31800:    1.00    0.275    0.150 0.007    0.024   -1003237    0 
31900:    1.00    0.265    0.149 0.007    0.024   -1002989    0 

--------------------------------------------
Proportion of membership of each pre-defined
 population in each of the 2 clusters

Given    Inferred Clusters       Number of
 Pop       1      2             Individuals

  1:     0.258  0.742              23
--------------------------------------------

 Rep#:   Lambda   Alpha      F1    F2     D1,2    Ln Like  Est Ln P(D)
32000:    1.00    0.188    0.149 0.007    0.024   -1003465    0 
32100:    1.00    0.150    0.150 0.007    0.024   -1002915    0 
32200:    1.00    0.182    0.148 0.007    0.024   -1003516    0 
32300:    1.00    0.165    0.148 0.007    0.023   -1003965    0 
32400:    1.00    0.192    0.151 0.007    0.024   -1003153    0 
32500:    1.00    0.228    0.150 0.007    0.024   -1003254    0 
32600:    1.00    0.240    0.148 0.007    0.023   -1003728    0 
32700:    1.00    0.195    0.149 0.007    0.023   -1003490    0 
32800:    1.00    0.136    0.149 0.007    0.024   -1003849    0 
32900:    1.00    0.164    0.150 0.007    0.024   -1002805    0 

--------------------------------------------
Proportion of membership of each pre-defined
 population in each of the 2 clusters

Given    Inferred Clusters       Number of
 Pop       1      2             Individuals

  1:     0.257  0.743              23
--------------------------------------------

 Rep#:   Lambda   Alpha      F1    F2     D1,2    Ln Like  Est Ln P(D)
33000:    1.00    0.163    0.150 0.007    0.023   -1003383    0 
33100:    1.00    0.192    0.148 0.007    0.023   -1003641    0 
33200:    1.00    0.297    0.149 0.007    0.024   -1003591    0 
33300:    1.00    0.264    0.153 0.007    0.024   -1003356    0 
33400:    1.00    0.150    0.151 0.007    0.024   -1003258    0 
33500:    1.00    0.212    0.149 0.007    0.024   -1003787    0 
33600:    1.00    0.143    0.149 0.007    0.024   -1003026    0 
33700:    1.00    0.155    0.149 0.007    0.024   -1003049    0 
33800:    1.00    0.208    0.149 0.007    0.024   -1003822    0 
33900:    1.00    0.259    0.149 0.007    0.024   -1003550    0 

--------------------------------------------
Proportion of membership of each pre-defined
 population in each of the 2 clusters

Given    Inferred Clusters       Number of
 Pop       1      2             Individuals

  1:     0.258  0.742              23
--------------------------------------------

 Rep#:   Lambda   Alpha      F1    F2     D1,2    Ln Like  Est Ln P(D)
34000:    1.00    0.182    0.151 0.007    0.024   -1003496    0 
34100:    1.00    0.189    0.151 0.007    0.024   -1003301    0 
34200:    1.00    0.143    0.151 0.007    0.024   -1002887    0 
34300:    1.00    0.125    0.152 0.007    0.024   -1003160    0 
34400:    1.00    0.221    0.153 0.007    0.024   -1003074    0 
34500:    1.00    0.090    0.151 0.007    0.024   -1003397    0 
34600:    1.00    0.132    0.151 0.007    0.024   -1003226    0 
34700:    1.00    0.242    0.152 0.007    0.024   -1003559    0 
34800:    1.00    0.114    0.150 0.007    0.024   -1003591    0 
34900:    1.00    0.199    0.150 0.007    0.024   -1003126    0 

--------------------------------------------
Proportion of membership of each pre-defined
 population in each of the 2 clusters

Given    Inferred Clusters       Number of
 Pop       1      2             Individuals

  1:     0.262  0.738              23
--------------------------------------------

 Rep#:   Lambda   Alpha      F1    F2     D1,2    Ln Like  Est Ln P(D)
35000:    1.00    0.204    0.152 0.007    0.024   -1003293    0 
35100:    1.00    0.207    0.153 0.007    0.024   -1003267    0 
35200:    1.00    0.208    0.152 0.007    0.024   -1003314    0 
35300:    1.00    0.186    0.149 0.007    0.023   -1003071    0 
35400:    1.00    0.200    0.150 0.007    0.024   -1003347    0 
35500:    1.00    0.191    0.151 0.007    0.024   -1003685    0 
35600:    1.00    0.177    0.151 0.007    0.024   -1003410    0 
35700:    1.00    0.150    0.151 0.007    0.024   -1003217    0 
35800:    1.00    0.166    0.151 0.007    0.024   -1003229    0 
35900:    1.00    0.188    0.150 0.007    0.024   -1003697    0 

--------------------------------------------
Proportion of membership of each pre-defined
 population in each of the 2 clusters

Given    Inferred Clusters       Number of
 Pop       1      2             Individuals

  1:     0.260  0.740              23
--------------------------------------------

 Rep#:   Lambda   Alpha      F1    F2     D1,2    Ln Like  Est Ln P(D)
36000:    1.00    0.220    0.150 0.007    0.024   -1003640    0 
36100:    1.00    0.227    0.149 0.007    0.024   -1003496    0 
36200:    1.00    0.370    0.150 0.007    0.024   -1003462    0 
36300:    1.00    0.161    0.152 0.007    0.024   -1003425    0 
36400:    1.00    0.158    0.153 0.007    0.024   -1003665    0 
36500:    1.00    0.214    0.154 0.007    0.024   -1003342    0 
36600:    1.00    0.135    0.154 0.007    0.024   -1003170    0 
36700:    1.00    0.132    0.151 0.007    0.024   -1003381    0 
36800:    1.00    0.119    0.151 0.007    0.024   -1003208    0 
36900:    1.00    0.198    0.151 0.007    0.024   -1003611    0 

--------------------------------------------
Proportion of membership of each pre-defined
 population in each of the 2 clusters

Given    Inferred Clusters       Number of
 Pop       1      2             Individuals

  1:     0.258  0.742              23
--------------------------------------------

 Rep#:   Lambda   Alpha      F1    F2     D1,2    Ln Like  Est Ln P(D)
37000:    1.00    0.143    0.151 0.007    0.024   -1003061    0 
37100:    1.00    0.239    0.151 0.007    0.023   -1003674    0 
37200:    1.00    0.208    0.149 0.007    0.024   -1003609    0 
37300:    1.00    0.204    0.149 0.007    0.024   -1003315    0 
37400:    1.00    0.149    0.151 0.007    0.024   -1003245    0 
37500:    1.00    0.289    0.152 0.007    0.024   -1003356    0 
37600:    1.00    0.203    0.152 0.007    0.024   -1003048    0 
37700:    1.00    0.126    0.153 0.007    0.024   -1002936    0 
37800:    1.00    0.342    0.153 0.007    0.024   -1003160    0 
37900:    1.00    0.294    0.153 0.007    0.024   -1003415    0 

--------------------------------------------
Proportion of membership of each pre-defined
 population in each of the 2 clusters

Given    Inferred Clusters       Number of
 Pop       1      2             Individuals

  1:     0.263  0.737              23
--------------------------------------------

 Rep#:   Lambda   Alpha      F1    F2     D1,2    Ln Like  Est Ln P(D)
38000:    1.00    0.213    0.151 0.007    0.024   -1003201    0 
38100:    1.00    0.205    0.152 0.007    0.024   -1003426    0 
38200:    1.00    0.183    0.152 0.007    0.024   -1003272    0 
38300:    1.00    0.144    0.152 0.007    0.024   -1003124    0 
38400:    1.00    0.246    0.150 0.007    0.024   -1003552    0 
38500:    1.00    0.139    0.147 0.007    0.023   -1003482    0 
38600:    1.00    0.118    0.145 0.007    0.023   -1003266    0 
38700:    1.00    0.220    0.147 0.007    0.023   -1003511    0 
38800:    1.00    0.275    0.145 0.007    0.023   -1003151    0 
38900:    1.00    0.158    0.145 0.007    0.023   -1003871    0 

--------------------------------------------
Proportion of membership of each pre-defined
 population in each of the 2 clusters

Given    Inferred Clusters       Number of
 Pop       1      2             Individuals

  1:     0.256  0.744              23
--------------------------------------------

 Rep#:   Lambda   Alpha      F1    F2     D1,2    Ln Like  Est Ln P(D)
39000:    1.00    0.257    0.145 0.007    0.023   -1003630    0 
39100:    1.00    0.131    0.149 0.007    0.024   -1003481    0 
39200:    1.00    0.160    0.148 0.007    0.023   -1003688    0 
39300:    1.00    0.190    0.148 0.007    0.024   -1003089    0 
39400:    1.00    0.279    0.148 0.007    0.023   -1003534    0 
39500:    1.00    0.196    0.150 0.007    0.024   -1003251    0 
39600:    1.00    0.233    0.149 0.007    0.023   -1003334    0 
39700:    1.00    0.294    0.150 0.007    0.024   -1003495    0 
39800:    1.00    0.267    0.151 0.007    0.024   -1003199    0 
39900:    1.00    0.220    0.151 0.007    0.024   -1003246    0 

--------------------------------------------
Proportion of membership of each pre-defined
 population in each of the 2 clusters

Given    Inferred Clusters       Number of
 Pop       1      2             Individuals

  1:     0.259  0.741              23
--------------------------------------------

 Rep#:   Lambda   Alpha      F1    F2     D1,2    Ln Like  Est Ln P(D)
40000:    1.00    0.206    0.153 0.007    0.024   -1002911    0 
40100:    1.00    0.175    0.153 0.007    0.024   -1002948    0 
40200:    1.00    0.212    0.153 0.007    0.024   -1003242    0 
40300:    1.00    0.200    0.151 0.007    0.024   -1003614    0 
40400:    1.00    0.194    0.152 0.007    0.024   -1003796    0 
40500:    1.00    0.225    0.153 0.007    0.024   -1003093    0 
40600:    1.00    0.253    0.154 0.007    0.024   -1003453    0 
40700:    1.00    0.195    0.154 0.007    0.024   -1003550    0 
40800:    1.00    0.205    0.152 0.007    0.024   -1003335    0 
40900:    1.00    0.175    0.153 0.007    0.024   -1003613    0 

--------------------------------------------
Proportion of membership of each pre-defined
 population in each of the 2 clusters

Given    Inferred Clusters       Number of
 Pop       1      2             Individuals

  1:     0.254  0.746              23
--------------------------------------------

 Rep#:   Lambda   Alpha      F1    F2     D1,2    Ln Like  Est Ln P(D)
41000:    1.00    0.144    0.153 0.007    0.024   -1004016    0 
41100:    1.00    0.277    0.153 0.007    0.024   -1003836    0 
41200:    1.00    0.254    0.153 0.007    0.024   -1003599    0 
41300:    1.00    0.273    0.154 0.007    0.024   -1003680    0 
41400:    1.00    0.297    0.155 0.007    0.024   -1003751    0 
41500:    1.00    0.224    0.158 0.007    0.024   -1003481    0 
41600:    1.00    0.195    0.157 0.007    0.025   -1003472    0 
41700:    1.00    0.281    0.163 0.007    0.026   -1003063    0 
41800:    1.00    0.218    0.162 0.007    0.026   -1003309    0 
41900:    1.00    0.229    0.161 0.007    0.025   -1003084    0 

--------------------------------------------
Proportion of membership of each pre-defined
 population in each of the 2 clusters

Given    Inferred Clusters       Number of
 Pop       1      2             Individuals

  1:     0.248  0.752              23
--------------------------------------------

 Rep#:   Lambda   Alpha      F1    F2     D1,2    Ln Like  Est Ln P(D)
42000:    1.00    0.261    0.161 0.007    0.025   -1003566    0 
42100:    1.00    0.176    0.161 0.007    0.025   -1003214    0 
42200:    1.00    0.178    0.157 0.007    0.025   -1003324    0 
42300:    1.00    0.316    0.154 0.007    0.024   -1003522    0 
42400:    1.00    0.277    0.154 0.007    0.024   -1003470    0 
42500:    1.00    0.193    0.153 0.007    0.024   -1003455    0 
42600:    1.00    0.167    0.153 0.007    0.024   -1002972    0 
42700:    1.00    0.068    0.153 0.007    0.024   -1003250    0 
42800:    1.00    0.224    0.151 0.007    0.024   -1003846    0 
42900:    1.00    0.198    0.152 0.007    0.024   -1003198    0 

--------------------------------------------
Proportion of membership of each pre-defined
 population in each of the 2 clusters

Given    Inferred Clusters       Number of
 Pop       1      2             Individuals

  1:     0.259  0.741              23
--------------------------------------------

 Rep#:   Lambda   Alpha      F1    F2     D1,2    Ln Like  Est Ln P(D)
43000:    1.00    0.236    0.153 0.007    0.024   -1003373    0 
43100:    1.00    0.268    0.152 0.007    0.024   -1003306    0 
43200:    1.00    0.327    0.152 0.007    0.024   -1002935    0 
43300:    1.00    0.124    0.152 0.007    0.024   -1003340    0 
43400:    1.00    0.248    0.152 0.007    0.024   -1003343    0 
43500:    1.00    0.200    0.148 0.007    0.023   -1003469    0 
43600:    1.00    0.205    0.148 0.007    0.024   -1003831    0 
43700:    1.00    0.225    0.148 0.007    0.024   -1003614    0 
43800:    1.00    0.156    0.148 0.007    0.023   -1003244    0 
43900:    1.00    0.271    0.150 0.007    0.024   -1003553    0 

--------------------------------------------
Proportion of membership of each pre-defined
 population in each of the 2 clusters

Given    Inferred Clusters       Number of
 Pop       1      2             Individuals

  1:     0.261  0.739              23
--------------------------------------------

 Rep#:   Lambda   Alpha      F1    F2     D1,2    Ln Like  Est Ln P(D)
44000:    1.00    0.280    0.150 0.007    0.024   -1003579    0 
44100:    1.00    0.116    0.150 0.007    0.024   -1003422    0 
44200:    1.00    0.162    0.150 0.007    0.024   -1002964    0 
44300:    1.00    0.157    0.151 0.007    0.024   -1003559    0 
44400:    1.00    0.108    0.150 0.007    0.024   -1002964    0 
44500:    1.00    0.209    0.150 0.007    0.024   -1003658    0 
44600:    1.00    0.190    0.148 0.007    0.023   -1003616    0 
44700:    1.00    0.212    0.148 0.007    0.023   -1003497    0 
44800:    1.00    0.140    0.147 0.007    0.023   -1003392    0 
44900:    1.00    0.122    0.147 0.007    0.023   -1003138    0 

--------------------------------------------
Proportion of membership of each pre-defined
 population in each of the 2 clusters

Given    Inferred Clusters       Number of
 Pop       1      2             Individuals

  1:     0.265  0.735              23
--------------------------------------------

 Rep#:   Lambda   Alpha      F1    F2     D1,2    Ln Like  Est Ln P(D)
45000:    1.00    0.167    0.146 0.007    0.023   -1003270    0 
45100:    1.00    0.114    0.147 0.007    0.023   -1004030    0 
45200:    1.00    0.166    0.148 0.007    0.023   -1003558    0 
45300:    1.00    0.162    0.147 0.007    0.023   -1003322    0 
45400:    1.00    0.134    0.145 0.007    0.023   -1003553    0 
45500:    1.00    0.135    0.148 0.007    0.023   -1003457    0 
45600:    1.00    0.191    0.148 0.007    0.023   -1003364    0 
45700:    1.00    0.230    0.148 0.007    0.024   -1003282    0 
45800:    1.00    0.213    0.151 0.007    0.024   -1003233    0 
45900:    1.00    0.110    0.150 0.007    0.024   -1003258    0 

--------------------------------------------
Proportion of membership of each pre-defined
 population in each of the 2 clusters

Given    Inferred Clusters       Number of
 Pop       1      2             Individuals

  1:     0.261  0.739              23
--------------------------------------------

 Rep#:   Lambda   Alpha      F1    F2     D1,2    Ln Like  Est Ln P(D)
46000:    1.00    0.123    0.146 0.007    0.023   -1003502    0 
46100:    1.00    0.168    0.146 0.006    0.023   -1003435    0 
46200:    1.00    0.224    0.149 0.006    0.023   -1003483    0 
46300:    1.00    0.209    0.149 0.006    0.023   -1003354    0 
46400:    1.00    0.339    0.148 0.006    0.023   -1003365    0 
46500:    1.00    0.193    0.145 0.006    0.023   -1003757    0 
46600:    1.00    0.259    0.143 0.006    0.023   -1003477    0 
46700:    1.00    0.106    0.143 0.006    0.023   -1003883    0 
46800:    1.00    0.192    0.144 0.006    0.023   -1003294    0 
46900:    1.00    0.209    0.144 0.006    0.023   -1003464    0 

--------------------------------------------
Proportion of membership of each pre-defined
 population in each of the 2 clusters

Given    Inferred Clusters       Number of
 Pop       1      2             Individuals

  1:     0.258  0.742              23
--------------------------------------------

 Rep#:   Lambda   Alpha      F1    F2     D1,2    Ln Like  Est Ln P(D)
47000:    1.00    0.271    0.145 0.006    0.023   -1003655    0 
47100:    1.00    0.215    0.144 0.006    0.023   -1003331    0 
47200:    1.00    0.163    0.142 0.006    0.023   -1003583    0 
47300:    1.00    0.202    0.141 0.006    0.022   -1003445    0 
47400:    1.00    0.148    0.142 0.006    0.022   -1003298    0 
47500:    1.00    0.256    0.144 0.006    0.023   -1003446    0 
47600:    1.00    0.131    0.145 0.006    0.023   -1003578    0 
47700:    1.00    0.171    0.145 0.006    0.023   -1003371    0 
47800:    1.00    0.174    0.146 0.006    0.023   -1003187    0 
47900:    1.00    0.170    0.146 0.006    0.023   -1003991    0 

--------------------------------------------
Proportion of membership of each pre-defined
 population in each of the 2 clusters

Given    Inferred Clusters       Number of
 Pop       1      2             Individuals

  1:     0.261  0.739              23
--------------------------------------------

 Rep#:   Lambda   Alpha      F1    F2     D1,2    Ln Like  Est Ln P(D)
48000:    1.00    0.188    0.146 0.007    0.023   -1003763    0 
48100:    1.00    0.274    0.148 0.007    0.023   -1003167    0 
48200:    1.00    0.114    0.146 0.007    0.023   -1003601    0 
48300:    1.00    0.179    0.147 0.007    0.023   -1003625    0 
48400:    1.00    0.153    0.147 0.007    0.023   -1003208    0 
48500:    1.00    0.115    0.144 0.007    0.023   -1004073    0 
48600:    1.00    0.180    0.146 0.007    0.023   -1003829    0 
48700:    1.00    0.233    0.146 0.007    0.023   -1003391    0 
48800:    1.00    0.158    0.148 0.006    0.023   -1003335    0 
48900:    1.00    0.280    0.147 0.006    0.023   -1003500    0 

--------------------------------------------
Proportion of membership of each pre-defined
 population in each of the 2 clusters

Given    Inferred Clusters       Number of
 Pop       1      2             Individuals

  1:     0.267  0.733              23
--------------------------------------------

 Rep#:   Lambda   Alpha      F1    F2     D1,2    Ln Like  Est Ln P(D)
49000:    1.00    0.236    0.146 0.006    0.023   -1003452    0 
49100:    1.00    0.173    0.146 0.006    0.023   -1003411    0 
49200:    1.00    0.137    0.146 0.006    0.023   -1003617    0 
49300:    1.00    0.143    0.147 0.006    0.023   -1003395    0 
49400:    1.00    0.132    0.148 0.006    0.023   -1003728    0 
49500:    1.00    0.228    0.149 0.006    0.023   -1003463    0 
49600:    1.00    0.174    0.148 0.006    0.024   -1003687    0 
49700:    1.00    0.235    0.147 0.006    0.023   -1003278    0 
49800:    1.00    0.163    0.147 0.006    0.023   -1003493    0 
49900:    1.00    0.222    0.147 0.006    0.023   -1003502    0 

--------------------------------------------
Proportion of membership of each pre-defined
 population in each of the 2 clusters

Given    Inferred Clusters       Number of
 Pop       1      2             Individuals

  1:     0.264  0.736              23
--------------------------------------------

 Rep#:   Lambda   Alpha      F1    F2     D1,2    Ln Like  Est Ln P(D)
50000:    1.00    0.177    0.149 0.006    0.023   -1003322    0 
50100:    1.00    0.248    0.149 0.006    0.023   -1003066    0 
50200:    1.00    0.222    0.152 0.006    0.024   -1003784    0 
50300:    1.00    0.193    0.152 0.006    0.024   -1003476    0 
50400:    1.00    0.120    0.151 0.006    0.024   -1003650    0 
50500:    1.00    0.296    0.149 0.006    0.024   -1003791    0 
50600:    1.00    0.216    0.150 0.006    0.024   -1003531    0 
50700:    1.00    0.148    0.149 0.006    0.023   -1003741    0 
50800:    1.00    0.186    0.149 0.006    0.023   -1003651    0 
50900:    1.00    0.200    0.149 0.006    0.024   -1003599    0 

--------------------------------------------
Proportion of membership of each pre-defined
 population in each of the 2 clusters

Given    Inferred Clusters       Number of
 Pop       1      2             Individuals

  1:     0.259  0.741              23
--------------------------------------------

 Rep#:   Lambda   Alpha      F1    F2     D1,2    Ln Like  Est Ln P(D)
51000:    1.00    0.218    0.149 0.006    0.023   -1003381    0 
51100:    1.00    0.212    0.148 0.006    0.023   -1003491    0 
51200:    1.00    0.138    0.150 0.006    0.023   -1003422    0 
51300:    1.00    0.250    0.151 0.006    0.024   -1002939    0 
51400:    1.00    0.223    0.150 0.006    0.024   -1003041    0 
51500:    1.00    0.212    0.150 0.006    0.024   -1003303    0 
51600:    1.00    0.217    0.151 0.006    0.024   -1003461    0 
51700:    1.00    0.172    0.149 0.006    0.024   -1003312    0 
51800:    1.00    0.179    0.149 0.006    0.023   -1003354    0 
51900:    1.00    0.218    0.152 0.006    0.024   -1003330    0 

--------------------------------------------
Proportion of membership of each pre-defined
 population in each of the 2 clusters

Given    Inferred Clusters       Number of
 Pop       1      2             Individuals

  1:     0.255  0.745              23
--------------------------------------------

 Rep#:   Lambda   Alpha      F1    F2     D1,2    Ln Like  Est Ln P(D)
52000:    1.00    0.093    0.153 0.006    0.024   -1003518    0 
52100:    1.00    0.310    0.152 0.006    0.024   -1002937    0 
52200:    1.00    0.185    0.151 0.006    0.024   -1003609    0 
52300:    1.00    0.157    0.150 0.006    0.023   -1003571    0 
52400:    1.00    0.214    0.150 0.006    0.024   -1003455    0 
52500:    1.00    0.154    0.148 0.006    0.023   -1003366    0 
52600:    1.00    0.186    0.147 0.006    0.023   -1003145    0 
52700:    1.00    0.215    0.146 0.006    0.023   -1003188    0 
52800:    1.00    0.245    0.151 0.006    0.024   -1003116    0 
52900:    1.00    0.110    0.151 0.006    0.024   -1003470    0 

--------------------------------------------
Proportion of membership of each pre-defined
 population in each of the 2 clusters

Given    Inferred Clusters       Number of
 Pop       1      2             Individuals

  1:     0.261  0.739              23
--------------------------------------------

 Rep#:   Lambda   Alpha      F1    F2     D1,2    Ln Like  Est Ln P(D)
53000:    1.00    0.204    0.149 0.006    0.024   -1003286    0 
53100:    1.00    0.174    0.149 0.006    0.023   -1003383    0 
53200:    1.00    0.153    0.150 0.006    0.024   -1003320    0 
53300:    1.00    0.152    0.154 0.006    0.024   -1003310    0 
53400:    1.00    0.244    0.154 0.006    0.024   -1003240    0 
53500:    1.00    0.269    0.153 0.006    0.024   -1003287    0 
53600:    1.00    0.268    0.151 0.006    0.024   -1002897    0 
53700:    1.00    0.252    0.149 0.006    0.024   -1003112    0 
53800:    1.00    0.154    0.150 0.006    0.023   -1003094    0 
53900:    1.00    0.154    0.150 0.006    0.024   -1003710    0 

--------------------------------------------
Proportion of membership of each pre-defined
 population in each of the 2 clusters

Given    Inferred Clusters       Number of
 Pop       1      2             Individuals

  1:     0.256  0.744              23
--------------------------------------------

 Rep#:   Lambda   Alpha      F1    F2     D1,2    Ln Like  Est Ln P(D)
54000:    1.00    0.231    0.151 0.006    0.024   -1003346    0 
54100:    1.00    0.226    0.150 0.006    0.024   -1003422    0 
54200:    1.00    0.249    0.149 0.006    0.024   -1003301    0 
54300:    1.00    0.186    0.149 0.006    0.023   -1003313    0 
54400:    1.00    0.187    0.149 0.006    0.023   -1003874    0 
54500:    1.00    0.320    0.151 0.006    0.024   -1003527    0 
54600:    1.00    0.331    0.150 0.006    0.024   -1003352    0 
54700:    1.00    0.208    0.151 0.006    0.024   -1003562    0 
54800:    1.00    0.356    0.151 0.006    0.024   -1003493    0 
54900:    1.00    0.215    0.150 0.006    0.023   -1003409    0 

--------------------------------------------
Proportion of membership of each pre-defined
 population in each of the 2 clusters

Given    Inferred Clusters       Number of
 Pop       1      2             Individuals

  1:     0.264  0.736              23
--------------------------------------------

 Rep#:   Lambda   Alpha      F1    F2     D1,2    Ln Like  Est Ln P(D)
55000:    1.00    0.212    0.152 0.006    0.024   -1003549    0 
55100:    1.00    0.242    0.151 0.006    0.024   -1003471    0 
55200:    1.00    0.143    0.150 0.006    0.024   -1003626    0 
55300:    1.00    0.246    0.150 0.006    0.024   -1003525    0 
55400:    1.00    0.243    0.151 0.006    0.024   -1003365    0 
55500:    1.00    0.115    0.151 0.006    0.023   -1003334    0 
55600:    1.00    0.233    0.149 0.006    0.024   -1003723    0 
55700:    1.00    0.193    0.149 0.006    0.024   -1003436    0 
55800:    1.00    0.189    0.151 0.006    0.024   -1003274    0 
55900:    1.00    0.226    0.153 0.006    0.024   -1003656    0 

--------------------------------------------
Proportion of membership of each pre-defined
 population in each of the 2 clusters

Given    Inferred Clusters       Number of
 Pop       1      2             Individuals

  1:     0.253  0.747              23
--------------------------------------------

 Rep#:   Lambda   Alpha      F1    F2     D1,2    Ln Like  Est Ln P(D)
56000:    1.00    0.189    0.153 0.006    0.024   -1003167    0 
56100:    1.00    0.278    0.151 0.006    0.024   -1004008    0 
56200:    1.00    0.151    0.152 0.006    0.024   -1003420    0 
56300:    1.00    0.150    0.152 0.006    0.024   -1003774    0 
56400:    1.00    0.225    0.150 0.006    0.023   -1003301    0 
56500:    1.00    0.190    0.153 0.006    0.024   -1003417    0 
56600:    1.00    0.266    0.153 0.006    0.024   -1003182    0 
56700:    1.00    0.210    0.152 0.006    0.024   -1003470    0 
56800:    1.00    0.182    0.152 0.006    0.024   -1003297    0 
56900:    1.00    0.258    0.151 0.006    0.023   -1003135    0 

--------------------------------------------
Proportion of membership of each pre-defined
 population in each of the 2 clusters

Given    Inferred Clusters       Number of
 Pop       1      2             Individuals

  1:     0.255  0.745              23
--------------------------------------------

 Rep#:   Lambda   Alpha      F1    F2     D1,2    Ln Like  Est Ln P(D)
57000:    1.00    0.253    0.149 0.006    0.023   -1003738    0 
57100:    1.00    0.189    0.153 0.006    0.024   -1003366    0 
57200:    1.00    0.159    0.151 0.006    0.024   -1003444    0 
57300:    1.00    0.229    0.150 0.006    0.024   -1003343    0 
57400:    1.00    0.195    0.150 0.006    0.024   -1003484    0 
57500:    1.00    0.176    0.150 0.006    0.024   -1003685    0 
57600:    1.00    0.274    0.151 0.006    0.024   -1003348    0 
57700:    1.00    0.264    0.151 0.006    0.024   -1003419    0 
57800:    1.00    0.206    0.151 0.006    0.024   -1003485    0 
57900:    1.00    0.223    0.150 0.006    0.024   -1003174    0 

--------------------------------------------
Proportion of membership of each pre-defined
 population in each of the 2 clusters

Given    Inferred Clusters       Number of
 Pop       1      2             Individuals

  1:     0.261  0.739              23
--------------------------------------------

 Rep#:   Lambda   Alpha      F1    F2     D1,2    Ln Like  Est Ln P(D)
58000:    1.00    0.122    0.151 0.006    0.023   -1003553    0 
58100:    1.00    0.129    0.152 0.006    0.023   -1003532    0 
58200:    1.00    0.140    0.150 0.006    0.024   -1002916    0 
58300:    1.00    0.248    0.149 0.006    0.023   -1003369    0 
58400:    1.00    0.136    0.152 0.006    0.024   -1003354    0 
58500:    1.00    0.169    0.151 0.006    0.024   -1003515    0 
58600:    1.00    0.181    0.150 0.006    0.024   -1003678    0 
58700:    1.00    0.277    0.151 0.006    0.024   -1003494    0 
58800:    1.00    0.304    0.148 0.006    0.023   -1003728    0 
58900:    1.00    0.159    0.149 0.006    0.023   -1003594    0 

--------------------------------------------
Proportion of membership of each pre-defined
 population in each of the 2 clusters

Given    Inferred Clusters       Number of
 Pop       1      2             Individuals

  1:     0.261  0.739              23
--------------------------------------------

 Rep#:   Lambda   Alpha      F1    F2     D1,2    Ln Like  Est Ln P(D)
59000:    1.00    0.235    0.149 0.006    0.023   -1003502    0 
59100:    1.00    0.158    0.149 0.006    0.024   -1003592    0 
59200:    1.00    0.161    0.149 0.006    0.023   -1003610    0 
59300:    1.00    0.247    0.150 0.006    0.024   -1003476    0 
59400:    1.00    0.230    0.149 0.006    0.023   -1003695    0 
59500:    1.00    0.268    0.149 0.006    0.024   -1003476    0 
59600:    1.00    0.199    0.151 0.006    0.024   -1003311    0 
59700:    1.00    0.164    0.151 0.006    0.024   -1003728    0 
59800:    1.00    0.148    0.151 0.006    0.023   -1003448    0 
59900:    1.00    0.249    0.152 0.006    0.023   -1003123    0 
60000:    1.00    0.121    0.149 0.006    0.024   -1003625    0 

MCMC completed

Inferred ancestry of individuals:
        Label (%Miss) Pop:  Inferred clusters
  1 18160D-09-0    (2)    1 :  0.135 0.865 
  2 18160D-09-0    (4)    1 :  0.170 0.830 
  3 18160D-09-0    (2)    1 :  0.747 0.253 
  4 18160D-09-0    (5)    1 :  1.000 0.000 
  5 18160D-09-0    (4)    1 :  0.903 0.097 
  6 18160D-09-0    (4)    1 :  0.944 0.056 
  7 18160D-09-0    (2)    1 :  0.996 0.004 
  8 18160D-09-0    (4)    1 :  0.127 0.873 
  9 18160D-09-0    (2)    1 :  0.000 1.000 
 10 18160D-09-1    (2)    1 :  0.000 1.000 
 11 18160D-09-1    (2)    1 :  0.000 1.000 
 12 18160D-09-1    (2)    1 :  0.001 0.999 
 13 18160D-09-1    (5)    1 :  0.163 0.837 
 14 18160D-09-1   (18)    1 :  0.169 0.831 
 15 18160D-09-1    (4)    1 :  0.083 0.917 
 16 18160D-09-1    (2)    1 :  0.000 1.000 
 17 18160D-09-1    (2)    1 :  0.131 0.869 
 18 18160D-09-1    (2)    1 :  0.002 0.998 
 19 18160D-09-1    (2)    1 :  0.099 0.901 
 20 18160D-09-2    (5)    1 :  0.063 0.937 
 21 18160D-09-2    (5)    1 :  0.147 0.853 
 22 18160D-09-2    (5)    1 :  0.001 0.999 
 23 18160D-09-2    (2)    1 :  0.099 0.901 

Command line arguments:   structure -D 434491 -K 2 -m mainparams -o k2/populations_k2_run10 
Input File:    populations.str
Output File:   k2/populations_k2_run10_f

Run parameters:
   23 individuals
   50160 loci
   2 populations assumed
   10000 Burn-in period
   50000 Reps
RANDOMIZE turned off

--------------------------------------------
Estimated Ln Prob of Data   = -1030359.4
Mean value of ln likelihood = -1003378.9
Variance of ln likelihood   = 53961.1
Mean value of alpha         = 0.1991

Mean value of Fst_1         = 0.1496
Mean value of Fst_2         = 0.0073


--------------------------------------------
Proportion of membership of each pre-defined
 population in each of the 2 clusters

Given    Inferred Clusters       Number of
 Pop       1      2             Individuals

  1:     0.260  0.740              23
--------------------------------------------
Final results printed to file k2/populations_k2_run10_f

