

----------------------------------------------------
STRUCTURE by Pritchard, Stephens and Donnelly (2000)
     and Falush, Stephens and Pritchard (2003)
       Code by Pritchard, Falush and Hubisz
             Version 2.3.4 (Jul 2012)
----------------------------------------------------


Reading file "mainparams".
datafile is
populations.str
Reading file "extraparams".
Reading file "populations.str".


Data file "populations.str" (truncated) --

Ind:   Label Pop : Genotype_data . . . .
  1: 18160D-09-0    1  :  4   1   3   1   4   1   3  . . . .   2
  1: 18160D-09-0    1  :  4   1   3   1   4   4   4  . . . .   4
  2: 18160D-09-0    1  :  4   1   3   1   4   1   3  . . . .   2
  2: 18160D-09-0    1  :  4   1   3   1   4   4   3  . . . .   4
  3: 18160D-09-0    1  :  4   1   0   0   0   0   3  . . . .   2
  3: 18160D-09-0    1  :  4   3   0   0   0   0   3  . . . .   4
  4: 18160D-09-0    1  :  4   1   3   1   4   1   3  . . . .   2
  4: 18160D-09-0    1  :  4   3   3   1   4   1   3  . . . .   4

      *******   

 22: 18160D-09-2    1  :  4   1   3   1   4   1   3  . . . .   2
 22: 18160D-09-2    1  :  4   3   3   1   4   1   4  . . . .   4
 23: 18160D-09-2    1  :  4   1   3   1   4   1   3  . . . .   2
 23: 18160D-09-2    1  :  4   1   3   1   4   4   4  . . . .   4

Number of alleles per locus: min= 2; ave=2.0; max= 2


--------------------------------------

Finished initialization; starting MCMC 
50000 iterations + 10000 burnin


--------------------------------------------
Proportion of membership of each pre-defined
 population in each of the 2 clusters

Given    Inferred Clusters       Number of
 Pop       1      2             Individuals

  1:     0.493  0.507              23
--------------------------------------------

 Rep#:   Lambda   Alpha      F1    F2     D1,2    Ln Like 
  100:    1.00    1.203    0.010 0.010    0.003   --  
  200:    1.00    1.012    0.010 0.010    0.003   --  
  300:    1.00    0.672    0.010 0.010    0.003   --  
  400:    1.00    0.416    0.010 0.010    0.003   --  
  500:    1.00    0.101    0.010 0.010    0.003   --  
  600:    1.00    0.177    0.010 0.010    0.003   --  
  700:    1.00    0.121    0.010 0.010    0.003   --  
  800:    1.00    0.108    0.010 0.010    0.003   --  
  900:    1.00    0.139    0.010 0.010    0.003   --  

--------------------------------------------
Proportion of membership of each pre-defined
 population in each of the 2 clusters

Given    Inferred Clusters       Number of
 Pop       1      2             Individuals

  1:     0.553  0.447              23
--------------------------------------------

 Rep#:   Lambda   Alpha      F1    F2     D1,2    Ln Like 
 1000:    1.00    0.114    0.010 0.010    0.003   --  
 1100:    1.00    0.098    0.010 0.011    0.003   --  
 1200:    1.00    0.271    0.010 0.011    0.003   --  
 1300:    1.00    0.200    0.010 0.011    0.003   --  
 1400:    1.00    0.187    0.010 0.011    0.003   --  
 1500:    1.00    0.150    0.010 0.011    0.003   --  
 1600:    1.00    0.125    0.010 0.012    0.004   --  
 1700:    1.00    0.172    0.010 0.012    0.004   --  
 1800:    1.00    0.169    0.010 0.012    0.004   --  
 1900:    1.00    0.139    0.010 0.012    0.004   --  

--------------------------------------------
Proportion of membership of each pre-defined
 population in each of the 2 clusters

Given    Inferred Clusters       Number of
 Pop       1      2             Individuals

  1:     0.521  0.479              23
--------------------------------------------

 Rep#:   Lambda   Alpha      F1    F2     D1,2    Ln Like 
 2000:    1.00    0.117    0.010 0.013    0.004   --  
 2100:    1.00    0.110    0.011 0.013    0.004   --  
 2200:    1.00    0.149    0.011 0.013    0.004   --  
 2300:    1.00    0.161    0.011 0.014    0.004   --  
 2400:    1.00    0.097    0.011 0.015    0.004   --  
 2500:    1.00    0.176    0.011 0.016    0.004   --  
 2600:    1.00    0.109    0.011 0.017    0.005   --  
 2700:    1.00    0.142    0.011 0.021    0.005   --  
 2800:    1.00    0.121    0.011 0.023    0.006   --  
 2900:    1.00    0.194    0.011 0.024    0.006   --  

--------------------------------------------
Proportion of membership of each pre-defined
 population in each of the 2 clusters

Given    Inferred Clusters       Number of
 Pop       1      2             Individuals

  1:     0.521  0.479              23
--------------------------------------------

 Rep#:   Lambda   Alpha      F1    F2     D1,2    Ln Like 
 3000:    1.00    0.296    0.012 0.027    0.006   --  
 3100:    1.00    0.114    0.012 0.037    0.008   --  
 3200:    1.00    0.188    0.012 0.040    0.008   --  
 3300:    1.00    0.128    0.012 0.055    0.011   --  
 3400:    1.00    0.133    0.012 0.077    0.014   --  
 3500:    1.00    0.220    0.012 0.090    0.016   --  
 3600:    1.00    0.137    0.012 0.102    0.018   --  
 3700:    1.00    0.164    0.012 0.111    0.019   --  
 3800:    1.00    0.105    0.012 0.117    0.020   --  
 3900:    1.00    0.113    0.012 0.126    0.021   --  

--------------------------------------------
Proportion of membership of each pre-defined
 population in each of the 2 clusters

Given    Inferred Clusters       Number of
 Pop       1      2             Individuals

  1:     0.695  0.305              23
--------------------------------------------

 Rep#:   Lambda   Alpha      F1    F2     D1,2    Ln Like 
 4000:    1.00    0.204    0.012 0.126    0.021   --  
 4100:    1.00    0.160    0.012 0.131    0.022   --  
 4200:    1.00    0.221    0.012 0.135    0.022   --  
 4300:    1.00    0.135    0.012 0.135    0.022   --  
 4400:    1.00    0.062    0.012 0.135    0.022   --  
 4500:    1.00    0.179    0.012 0.132    0.022   --  
 4600:    1.00    0.107    0.012 0.134    0.022   --  
 4700:    1.00    0.197    0.012 0.135    0.022   --  
 4800:    1.00    0.162    0.012 0.138    0.023   --  
 4900:    1.00    0.158    0.012 0.138    0.023   --  

--------------------------------------------
Proportion of membership of each pre-defined
 population in each of the 2 clusters

Given    Inferred Clusters       Number of
 Pop       1      2             Individuals

  1:     0.721  0.279              23
--------------------------------------------

 Rep#:   Lambda   Alpha      F1    F2     D1,2    Ln Like 
 5000:    1.00    0.138    0.012 0.139    0.023   --  
 5100:    1.00    0.213    0.012 0.142    0.023   --  
 5200:    1.00    0.196    0.012 0.142    0.023   --  
 5300:    1.00    0.152    0.012 0.142    0.023   --  
 5400:    1.00    0.130    0.012 0.142    0.023   --  
 5500:    1.00    0.257    0.012 0.144    0.024   --  
 5600:    1.00    0.280    0.012 0.143    0.023   --  
 5700:    1.00    0.297    0.012 0.143    0.023   --  
 5800:    1.00    0.217    0.012 0.144    0.024   --  
 5900:    1.00    0.188    0.012 0.144    0.023   --  

--------------------------------------------
Proportion of membership of each pre-defined
 population in each of the 2 clusters

Given    Inferred Clusters       Number of
 Pop       1      2             Individuals

  1:     0.725  0.275              23
--------------------------------------------

 Rep#:   Lambda   Alpha      F1    F2     D1,2    Ln Like 
 6000:    1.00    0.207    0.012 0.144    0.023   --  
 6100:    1.00    0.277    0.012 0.147    0.023   --  
 6200:    1.00    0.185    0.011 0.145    0.024   --  
 6300:    1.00    0.172    0.011 0.145    0.023   --  
 6400:    1.00    0.153    0.011 0.144    0.023   --  
 6500:    1.00    0.197    0.011 0.145    0.024   --  
 6600:    1.00    0.159    0.011 0.145    0.024   --  
 6700:    1.00    0.217    0.011 0.146    0.024   --  
 6800:    1.00    0.201    0.011 0.146    0.023   --  
 6900:    1.00    0.194    0.011 0.143    0.023   --  

--------------------------------------------
Proportion of membership of each pre-defined
 population in each of the 2 clusters

Given    Inferred Clusters       Number of
 Pop       1      2             Individuals

  1:     0.731  0.269              23
--------------------------------------------

 Rep#:   Lambda   Alpha      F1    F2     D1,2    Ln Like 
 7000:    1.00    0.224    0.011 0.143    0.023   --  
 7100:    1.00    0.255    0.011 0.145    0.024   --  
 7200:    1.00    0.218    0.011 0.145    0.024   --  
 7300:    1.00    0.215    0.011 0.146    0.024   --  
 7400:    1.00    0.165    0.011 0.146    0.024   --  
 7500:    1.00    0.252    0.011 0.146    0.024   --  
 7600:    1.00    0.191    0.011 0.147    0.024   --  
 7700:    1.00    0.188    0.011 0.147    0.024   --  
 7800:    1.00    0.192    0.011 0.147    0.024   --  
 7900:    1.00    0.216    0.011 0.145    0.024   --  

--------------------------------------------
Proportion of membership of each pre-defined
 population in each of the 2 clusters

Given    Inferred Clusters       Number of
 Pop       1      2             Individuals

  1:     0.729  0.271              23
--------------------------------------------

 Rep#:   Lambda   Alpha      F1    F2     D1,2    Ln Like 
 8000:    1.00    0.179    0.011 0.146    0.024   --  
 8100:    1.00    0.163    0.011 0.148    0.024   --  
 8200:    1.00    0.206    0.011 0.148    0.024   --  
 8300:    1.00    0.127    0.011 0.148    0.024   --  
 8400:    1.00    0.223    0.011 0.148    0.024   --  
 8500:    1.00    0.194    0.011 0.149    0.024   --  
 8600:    1.00    0.269    0.011 0.147    0.024   --  
 8700:    1.00    0.150    0.011 0.147    0.024   --  
 8800:    1.00    0.189    0.011 0.148    0.024   --  
 8900:    1.00    0.311    0.011 0.149    0.024   --  

--------------------------------------------
Proportion of membership of each pre-defined
 population in each of the 2 clusters

Given    Inferred Clusters       Number of
 Pop       1      2             Individuals

  1:     0.735  0.265              23
--------------------------------------------

 Rep#:   Lambda   Alpha      F1    F2     D1,2    Ln Like 
 9000:    1.00    0.264    0.011 0.149    0.024   --  
 9100:    1.00    0.224    0.011 0.148    0.024   --  
 9200:    1.00    0.301    0.011 0.150    0.024   --  
 9300:    1.00    0.167    0.011 0.152    0.024   --  
 9400:    1.00    0.291    0.011 0.153    0.025   --  
 9500:    1.00    0.166    0.011 0.153    0.024   --  
 9600:    1.00    0.209    0.011 0.154    0.025   --  
 9700:    1.00    0.216    0.010 0.155    0.025   --  
 9800:    1.00    0.250    0.010 0.153    0.024   --  
 9900:    1.00    0.175    0.010 0.154    0.025   --  
10000:    1.00    0.195    0.010 0.153    0.024   --  

BURNIN completed
 Rep#:   Lambda   Alpha      F1    F2     D1,2    Ln Like  Est Ln P(D)
10100:    1.00    0.227    0.010 0.153    0.024   -1003297    0 
10200:    1.00    0.127    0.010 0.153    0.024   -1003223    0 
10300:    1.00    0.141    0.010 0.152    0.024   -1003089    0 
10400:    1.00    0.154    0.010 0.149    0.024   -1002782    0 
10500:    1.00    0.199    0.010 0.149    0.024   -1003663    0 
10600:    1.00    0.189    0.010 0.146    0.023   -1003103    0 
10700:    1.00    0.212    0.010 0.148    0.024   -1003020    0 
10800:    1.00    0.177    0.010 0.149    0.024   -1003167    0 
10900:    1.00    0.163    0.010 0.150    0.024   -1003199    0 

--------------------------------------------
Proportion of membership of each pre-defined
 population in each of the 2 clusters

Given    Inferred Clusters       Number of
 Pop       1      2             Individuals

  1:     0.738  0.262              23
--------------------------------------------

 Rep#:   Lambda   Alpha      F1    F2     D1,2    Ln Like  Est Ln P(D)
11000:    1.00    0.210    0.010 0.150    0.024   -1003277    0 
11100:    1.00    0.228    0.010 0.150    0.024   -1003358    0 
11200:    1.00    0.142    0.009 0.151    0.024   -1003522    0 
11300:    1.00    0.128    0.009 0.151    0.024   -1003478    0 
11400:    1.00    0.071    0.009 0.153    0.024   -1003411    0 
11500:    1.00    0.228    0.009 0.151    0.024   -1003252    0 
11600:    1.00    0.112    0.009 0.151    0.024   -1003489    0 
11700:    1.00    0.253    0.009 0.151    0.024   -1003123    0 
11800:    1.00    0.161    0.009 0.150    0.024   -1003234    0 
11900:    1.00    0.212    0.009 0.150    0.024   -1003584    0 

--------------------------------------------
Proportion of membership of each pre-defined
 population in each of the 2 clusters

Given    Inferred Clusters       Number of
 Pop       1      2             Individuals

  1:     0.735  0.265              23
--------------------------------------------

 Rep#:   Lambda   Alpha      F1    F2     D1,2    Ln Like  Est Ln P(D)
12000:    1.00    0.124    0.009 0.150    0.024   -1003517    0 
12100:    1.00    0.255    0.009 0.151    0.024   -1003295    0 
12200:    1.00    0.209    0.009 0.152    0.024   -1003254    0 
12300:    1.00    0.152    0.009 0.153    0.024   -1003449    0 
12400:    1.00    0.254    0.009 0.153    0.024   -1003371    0 
12500:    1.00    0.265    0.009 0.154    0.025   -1003497    0 
12600:    1.00    0.273    0.009 0.154    0.025   -1003027    0 
12700:    1.00    0.178    0.009 0.153    0.024   -1003197    0 
12800:    1.00    0.304    0.009 0.155    0.025   -1003383    0 
12900:    1.00    0.302    0.009 0.152    0.024   -1003289    0 

--------------------------------------------
Proportion of membership of each pre-defined
 population in each of the 2 clusters

Given    Inferred Clusters       Number of
 Pop       1      2             Individuals

  1:     0.744  0.256              23
--------------------------------------------

 Rep#:   Lambda   Alpha      F1    F2     D1,2    Ln Like  Est Ln P(D)
13000:    1.00    0.151    0.009 0.152    0.024   -1003593    0 
13100:    1.00    0.333    0.009 0.152    0.024   -1003545    0 
13200:    1.00    0.330    0.009 0.152    0.024   -1003125    0 
13300:    1.00    0.139    0.009 0.151    0.024   -1003616    0 
13400:    1.00    0.205    0.009 0.151    0.024   -1003398    0 
13500:    1.00    0.143    0.009 0.152    0.024   -1003401    0 
13600:    1.00    0.181    0.009 0.150    0.024   -1003088    0 
13700:    1.00    0.187    0.009 0.150    0.024   -1003308    0 
13800:    1.00    0.279    0.009 0.150    0.024   -1003360    0 
13900:    1.00    0.274    0.009 0.150    0.024   -1003355    0 

--------------------------------------------
Proportion of membership of each pre-defined
 population in each of the 2 clusters

Given    Inferred Clusters       Number of
 Pop       1      2             Individuals

  1:     0.741  0.259              23
--------------------------------------------

 Rep#:   Lambda   Alpha      F1    F2     D1,2    Ln Like  Est Ln P(D)
14000:    1.00    0.163    0.009 0.150    0.024   -1003679    0 
14100:    1.00    0.261    0.009 0.150    0.024   -1003294    0 
14200:    1.00    0.255    0.009 0.151    0.024   -1003211    0 
14300:    1.00    0.209    0.009 0.150    0.024   -1003443    0 
14400:    1.00    0.162    0.009 0.150    0.024   -1003180    0 
14500:    1.00    0.127    0.009 0.147    0.023   -1003491    0 
14600:    1.00    0.148    0.009 0.148    0.024   -1003315    0 
14700:    1.00    0.320    0.009 0.149    0.023   -1003314    0 
14800:    1.00    0.219    0.009 0.149    0.024   -1003399    0 
14900:    1.00    0.207    0.009 0.149    0.024   -1003318    0 

--------------------------------------------
Proportion of membership of each pre-defined
 population in each of the 2 clusters

Given    Inferred Clusters       Number of
 Pop       1      2             Individuals

  1:     0.732  0.268              23
--------------------------------------------

 Rep#:   Lambda   Alpha      F1    F2     D1,2    Ln Like  Est Ln P(D)
15000:    1.00    0.264    0.009 0.149    0.024   -1003728    0 
15100:    1.00    0.189    0.009 0.147    0.023   -1003227    0 
15200:    1.00    0.188    0.009 0.148    0.024   -1003131    0 
15300:    1.00    0.212    0.009 0.149    0.024   -1003153    0 
15400:    1.00    0.201    0.009 0.148    0.024   -1003712    0 
15500:    1.00    0.172    0.009 0.146    0.024   -1003446    0 
15600:    1.00    0.351    0.009 0.147    0.024   -1003706    0 
15700:    1.00    0.202    0.009 0.146    0.024   -1003469    0 
15800:    1.00    0.329    0.009 0.147    0.023   -1003397    0 
15900:    1.00    0.288    0.009 0.147    0.024   -1003154    0 

--------------------------------------------
Proportion of membership of each pre-defined
 population in each of the 2 clusters

Given    Inferred Clusters       Number of
 Pop       1      2             Individuals

  1:     0.733  0.267              23
--------------------------------------------

 Rep#:   Lambda   Alpha      F1    F2     D1,2    Ln Like  Est Ln P(D)
16000:    1.00    0.194    0.009 0.147    0.024   -1003251    0 
16100:    1.00    0.142    0.009 0.147    0.024   -1003762    0 
16200:    1.00    0.243    0.009 0.147    0.023   -1003297    0 
16300:    1.00    0.225    0.009 0.147    0.024   -1003154    0 
16400:    1.00    0.164    0.009 0.149    0.024   -1003403    0 
16500:    1.00    0.120    0.009 0.149    0.024   -1003182    0 
16600:    1.00    0.144    0.009 0.147    0.024   -1004021    0 
16700:    1.00    0.254    0.009 0.148    0.024   -1003257    0 
16800:    1.00    0.205    0.009 0.151    0.024   -1003627    0 
16900:    1.00    0.234    0.009 0.150    0.024   -1003327    0 

--------------------------------------------
Proportion of membership of each pre-defined
 population in each of the 2 clusters

Given    Inferred Clusters       Number of
 Pop       1      2             Individuals

  1:     0.736  0.264              23
--------------------------------------------

 Rep#:   Lambda   Alpha      F1    F2     D1,2    Ln Like  Est Ln P(D)
17000:    1.00    0.173    0.009 0.151    0.024   -1003245    0 
17100:    1.00    0.173    0.009 0.152    0.024   -1003269    0 
17200:    1.00    0.309    0.009 0.152    0.024   -1002914    0 
17300:    1.00    0.180    0.009 0.151    0.024   -1003524    0 
17400:    1.00    0.232    0.009 0.151    0.024   -1003611    0 
17500:    1.00    0.115    0.009 0.153    0.024   -1003406    0 
17600:    1.00    0.123    0.009 0.152    0.024   -1003276    0 
17700:    1.00    0.149    0.009 0.155    0.025   -1002867    0 
17800:    1.00    0.267    0.009 0.155    0.025   -1003269    0 
17900:    1.00    0.158    0.009 0.154    0.025   -1002879    0 

--------------------------------------------
Proportion of membership of each pre-defined
 population in each of the 2 clusters

Given    Inferred Clusters       Number of
 Pop       1      2             Individuals

  1:     0.734  0.266              23
--------------------------------------------

 Rep#:   Lambda   Alpha      F1    F2     D1,2    Ln Like  Est Ln P(D)
18000:    1.00    0.246    0.009 0.151    0.024   -1003314    0 
18100:    1.00    0.261    0.009 0.151    0.024   -1002888    0 
18200:    1.00    0.151    0.009 0.150    0.024   -1002909    0 
18300:    1.00    0.168    0.009 0.153    0.024   -1003116    0 
18400:    1.00    0.175    0.009 0.154    0.025   -1003099    0 
18500:    1.00    0.114    0.009 0.154    0.025   -1003370    0 
18600:    1.00    0.175    0.009 0.154    0.025   -1003122    0 
18700:    1.00    0.206    0.009 0.154    0.024   -1003221    0 
18800:    1.00    0.247    0.009 0.155    0.025   -1003091    0 
18900:    1.00    0.275    0.009 0.153    0.024   -1003579    0 

--------------------------------------------
Proportion of membership of each pre-defined
 population in each of the 2 clusters

Given    Inferred Clusters       Number of
 Pop       1      2             Individuals

  1:     0.734  0.266              23
--------------------------------------------

 Rep#:   Lambda   Alpha      F1    F2     D1,2    Ln Like  Est Ln P(D)
19000:    1.00    0.175    0.009 0.152    0.024   -1003097    0 
19100:    1.00    0.359    0.009 0.152    0.024   -1002996    0 
19200:    1.00    0.330    0.009 0.154    0.025   -1003135    0 
19300:    1.00    0.160    0.009 0.154    0.024   -1003391    0 
19400:    1.00    0.270    0.009 0.149    0.024   -1003367    0 
19500:    1.00    0.182    0.009 0.149    0.024   -1003137    0 
19600:    1.00    0.216    0.009 0.149    0.024   -1003373    0 
19700:    1.00    0.188    0.009 0.149    0.024   -1003432    0 
19800:    1.00    0.144    0.009 0.149    0.024   -1003668    0 
19900:    1.00    0.126    0.009 0.150    0.024   -1002966    0 

--------------------------------------------
Proportion of membership of each pre-defined
 population in each of the 2 clusters

Given    Inferred Clusters       Number of
 Pop       1      2             Individuals

  1:     0.735  0.265              23
--------------------------------------------

 Rep#:   Lambda   Alpha      F1    F2     D1,2    Ln Like  Est Ln P(D)
20000:    1.00    0.181    0.009 0.150    0.024   -1003207    0 
20100:    1.00    0.251    0.009 0.152    0.024   -1003188    0 
20200:    1.00    0.197    0.009 0.152    0.024   -1003021    0 
20300:    1.00    0.155    0.009 0.151    0.024   -1003449    0 
20400:    1.00    0.235    0.009 0.150    0.024   -1003244    0 
20500:    1.00    0.180    0.009 0.150    0.024   -1003431    0 
20600:    1.00    0.196    0.009 0.150    0.024   -1003597    0 
20700:    1.00    0.230    0.009 0.149    0.024   -1003447    0 
20800:    1.00    0.183    0.009 0.148    0.024   -1003336    0 
20900:    1.00    0.203    0.009 0.150    0.024   -1003446    0 

--------------------------------------------
Proportion of membership of each pre-defined
 population in each of the 2 clusters

Given    Inferred Clusters       Number of
 Pop       1      2             Individuals

  1:     0.731  0.269              23
--------------------------------------------

 Rep#:   Lambda   Alpha      F1    F2     D1,2    Ln Like  Est Ln P(D)
21000:    1.00    0.255    0.009 0.150    0.024   -1003404    0 
21100:    1.00    0.202    0.009 0.152    0.024   -1003466    0 
21200:    1.00    0.278    0.009 0.153    0.024   -1003417    0 
21300:    1.00    0.234    0.009 0.153    0.024   -1003206    0 
21400:    1.00    0.268    0.009 0.153    0.024   -1003062    0 
21500:    1.00    0.249    0.009 0.154    0.024   -1002903    0 
21600:    1.00    0.121    0.009 0.153    0.024   -1002947    0 
21700:    1.00    0.200    0.009 0.149    0.024   -1003680    0 
21800:    1.00    0.230    0.009 0.149    0.024   -1003267    0 
21900:    1.00    0.300    0.009 0.150    0.024   -1003832    0 

--------------------------------------------
Proportion of membership of each pre-defined
 population in each of the 2 clusters

Given    Inferred Clusters       Number of
 Pop       1      2             Individuals

  1:     0.741  0.259              23
--------------------------------------------

 Rep#:   Lambda   Alpha      F1    F2     D1,2    Ln Like  Est Ln P(D)
22000:    1.00    0.280    0.009 0.150    0.024   -1003350    0 
22100:    1.00    0.175    0.009 0.153    0.024   -1003223    0 
22200:    1.00    0.206    0.009 0.153    0.024   -1003420    0 
22300:    1.00    0.303    0.009 0.152    0.024   -1003432    0 
22400:    1.00    0.315    0.009 0.151    0.024   -1003211    0 
22500:    1.00    0.071    0.009 0.149    0.024   -1003414    0 
22600:    1.00    0.118    0.009 0.149    0.024   -1003605    0 
22700:    1.00    0.230    0.009 0.150    0.024   -1003199    0 
22800:    1.00    0.209    0.009 0.147    0.024   -1003136    0 
22900:    1.00    0.169    0.009 0.148    0.023   -1003492    0 

--------------------------------------------
Proportion of membership of each pre-defined
 population in each of the 2 clusters

Given    Inferred Clusters       Number of
 Pop       1      2             Individuals

  1:     0.734  0.266              23
--------------------------------------------

 Rep#:   Lambda   Alpha      F1    F2     D1,2    Ln Like  Est Ln P(D)
23000:    1.00    0.214    0.009 0.147    0.023   -1003283    0 
23100:    1.00    0.203    0.009 0.146    0.023   -1003300    0 
23200:    1.00    0.246    0.009 0.149    0.024   -1003406    0 
23300:    1.00    0.217    0.009 0.149    0.024   -1003288    0 
23400:    1.00    0.262    0.009 0.149    0.024   -1003358    0 
23500:    1.00    0.163    0.009 0.149    0.024   -1003627    0 
23600:    1.00    0.204    0.009 0.148    0.024   -1003149    0 
23700:    1.00    0.192    0.009 0.147    0.024   -1003377    0 
23800:    1.00    0.105    0.009 0.147    0.023   -1003336    0 
23900:    1.00    0.182    0.009 0.145    0.023   -1003083    0 

--------------------------------------------
Proportion of membership of each pre-defined
 population in each of the 2 clusters

Given    Inferred Clusters       Number of
 Pop       1      2             Individuals

  1:     0.731  0.269              23
--------------------------------------------

 Rep#:   Lambda   Alpha      F1    F2     D1,2    Ln Like  Est Ln P(D)
24000:    1.00    0.214    0.009 0.146    0.023   -1003050    0 
24100:    1.00    0.253    0.009 0.146    0.023   -1003652    0 
24200:    1.00    0.319    0.009 0.146    0.023   -1003226    0 
24300:    1.00    0.196    0.009 0.151    0.024   -1003194    0 
24400:    1.00    0.221    0.009 0.148    0.024   -1003248    0 
24500:    1.00    0.175    0.009 0.150    0.024   -1002900    0 
24600:    1.00    0.239    0.009 0.150    0.024   -1003327    0 
24700:    1.00    0.236    0.009 0.150    0.024   -1003129    0 
24800:    1.00    0.222    0.008 0.152    0.024   -1003596    0 
24900:    1.00    0.131    0.008 0.151    0.024   -1003356    0 

--------------------------------------------
Proportion of membership of each pre-defined
 population in each of the 2 clusters

Given    Inferred Clusters       Number of
 Pop       1      2             Individuals

  1:     0.735  0.265              23
--------------------------------------------

 Rep#:   Lambda   Alpha      F1    F2     D1,2    Ln Like  Est Ln P(D)
25000:    1.00    0.187    0.008 0.151    0.024   -1003202    0 
25100:    1.00    0.151    0.008 0.150    0.024   -1003478    0 
25200:    1.00    0.179    0.008 0.149    0.024   -1003442    0 
25300:    1.00    0.288    0.008 0.149    0.024   -1002752    0 
25400:    1.00    0.203    0.008 0.150    0.024   -1003524    0 
25500:    1.00    0.268    0.008 0.151    0.024   -1003376    0 
25600:    1.00    0.243    0.008 0.151    0.024   -1003026    0 
25700:    1.00    0.307    0.008 0.152    0.024   -1003122    0 
25800:    1.00    0.187    0.008 0.150    0.024   -1003298    0 
25900:    1.00    0.202    0.008 0.150    0.024   -1003507    0 

--------------------------------------------
Proportion of membership of each pre-defined
 population in each of the 2 clusters

Given    Inferred Clusters       Number of
 Pop       1      2             Individuals

  1:     0.736  0.264              23
--------------------------------------------

 Rep#:   Lambda   Alpha      F1    F2     D1,2    Ln Like  Est Ln P(D)
26000:    1.00    0.149    0.008 0.148    0.024   -1003424    0 
26100:    1.00    0.297    0.008 0.147    0.023   -1003340    0 
26200:    1.00    0.201    0.008 0.147    0.024   -1003570    0 
26300:    1.00    0.148    0.008 0.147    0.023   -1003454    0 
26400:    1.00    0.187    0.008 0.146    0.023   -1003380    0 
26500:    1.00    0.326    0.008 0.145    0.023   -1003300    0 
26600:    1.00    0.218    0.008 0.147    0.024   -1003079    0 
26700:    1.00    0.226    0.008 0.148    0.024   -1003493    0 
26800:    1.00    0.182    0.008 0.147    0.023   -1003765    0 
26900:    1.00    0.162    0.008 0.148    0.023   -1003519    0 

--------------------------------------------
Proportion of membership of each pre-defined
 population in each of the 2 clusters

Given    Inferred Clusters       Number of
 Pop       1      2             Individuals

  1:     0.737  0.263              23
--------------------------------------------

 Rep#:   Lambda   Alpha      F1    F2     D1,2    Ln Like  Est Ln P(D)
27000:    1.00    0.196    0.008 0.149    0.024   -1002893    0 
27100:    1.00    0.162    0.008 0.149    0.024   -1003361    0 
27200:    1.00    0.232    0.008 0.151    0.024   -1003498    0 
27300:    1.00    0.196    0.008 0.149    0.024   -1003293    0 
27400:    1.00    0.169    0.008 0.149    0.024   -1003277    0 
27500:    1.00    0.134    0.008 0.150    0.024   -1003436    0 
27600:    1.00    0.258    0.008 0.148    0.024   -1003384    0 
27700:    1.00    0.197    0.008 0.148    0.024   -1003316    0 
27800:    1.00    0.245    0.008 0.147    0.023   -1003373    0 
27900:    1.00    0.194    0.008 0.147    0.024   -1003555    0 

--------------------------------------------
Proportion of membership of each pre-defined
 population in each of the 2 clusters

Given    Inferred Clusters       Number of
 Pop       1      2             Individuals

  1:     0.734  0.266              23
--------------------------------------------

 Rep#:   Lambda   Alpha      F1    F2     D1,2    Ln Like  Est Ln P(D)
28000:    1.00    0.238    0.008 0.150    0.023   -1003456    0 
28100:    1.00    0.226    0.008 0.149    0.024   -1003311    0 
28200:    1.00    0.213    0.008 0.148    0.024   -1003558    0 
28300:    1.00    0.210    0.008 0.147    0.023   -1003430    0 
28400:    1.00    0.192    0.008 0.147    0.023   -1003546    0 
28500:    1.00    0.227    0.008 0.148    0.024   -1002953    0 
28600:    1.00    0.189    0.008 0.147    0.024   -1003611    0 
28700:    1.00    0.152    0.008 0.149    0.024   -1003286    0 
28800:    1.00    0.140    0.008 0.149    0.024   -1003450    0 
28900:    1.00    0.187    0.008 0.146    0.023   -1003344    0 

--------------------------------------------
Proportion of membership of each pre-defined
 population in each of the 2 clusters

Given    Inferred Clusters       Number of
 Pop       1      2             Individuals

  1:     0.736  0.264              23
--------------------------------------------

 Rep#:   Lambda   Alpha      F1    F2     D1,2    Ln Like  Est Ln P(D)
29000:    1.00    0.296    0.008 0.143    0.023   -1003126    0 
29100:    1.00    0.143    0.008 0.143    0.023   -1003499    0 
29200:    1.00    0.261    0.008 0.142    0.023   -1003589    0 
29300:    1.00    0.176    0.008 0.142    0.023   -1003677    0 
29400:    1.00    0.195    0.008 0.142    0.023   -1003522    0 
29500:    1.00    0.202    0.008 0.143    0.023   -1003206    0 
29600:    1.00    0.217    0.008 0.144    0.023   -1003567    0 
29700:    1.00    0.155    0.008 0.144    0.023   -1003541    0 
29800:    1.00    0.223    0.008 0.144    0.023   -1003646    0 
29900:    1.00    0.153    0.008 0.147    0.024   -1003165    0 

--------------------------------------------
Proportion of membership of each pre-defined
 population in each of the 2 clusters

Given    Inferred Clusters       Number of
 Pop       1      2             Individuals

  1:     0.738  0.262              23
--------------------------------------------

 Rep#:   Lambda   Alpha      F1    F2     D1,2    Ln Like  Est Ln P(D)
30000:    1.00    0.229    0.008 0.145    0.023   -1002980    0 
30100:    1.00    0.189    0.008 0.147    0.023   -1003475    0 
30200:    1.00    0.115    0.008 0.145    0.023   -1003536    0 
30300:    1.00    0.242    0.008 0.146    0.023   -1003685    0 
30400:    1.00    0.310    0.008 0.148    0.024   -1003632    0 
30500:    1.00    0.236    0.008 0.148    0.023   -1003341    0 
30600:    1.00    0.242    0.008 0.147    0.024   -1003425    0 
30700:    1.00    0.154    0.008 0.148    0.023   -1003262    0 
30800:    1.00    0.120    0.008 0.149    0.024   -1003363    0 
30900:    1.00    0.192    0.008 0.152    0.024   -1003518    0 

--------------------------------------------
Proportion of membership of each pre-defined
 population in each of the 2 clusters

Given    Inferred Clusters       Number of
 Pop       1      2             Individuals

  1:     0.745  0.255              23
--------------------------------------------

 Rep#:   Lambda   Alpha      F1    F2     D1,2    Ln Like  Est Ln P(D)
31000:    1.00    0.217    0.008 0.155    0.024   -1003214    0 
31100:    1.00    0.125    0.008 0.155    0.025   -1003338    0 
31200:    1.00    0.248    0.008 0.155    0.024   -1003136    0 
31300:    1.00    0.210    0.008 0.155    0.024   -1003477    0 
31400:    1.00    0.252    0.008 0.154    0.024   -1003498    0 
31500:    1.00    0.172    0.008 0.154    0.024   -1003372    0 
31600:    1.00    0.149    0.008 0.154    0.024   -1003480    0 
31700:    1.00    0.137    0.008 0.154    0.024   -1003095    0 
31800:    1.00    0.154    0.008 0.153    0.024   -1003327    0 
31900:    1.00    0.170    0.008 0.154    0.024   -1003245    0 

--------------------------------------------
Proportion of membership of each pre-defined
 population in each of the 2 clusters

Given    Inferred Clusters       Number of
 Pop       1      2             Individuals

  1:     0.737  0.263              23
--------------------------------------------

 Rep#:   Lambda   Alpha      F1    F2     D1,2    Ln Like  Est Ln P(D)
32000:    1.00    0.241    0.008 0.153    0.024   -1003582    0 
32100:    1.00    0.223    0.008 0.154    0.024   -1003515    0 
32200:    1.00    0.180    0.008 0.152    0.024   -1003019    0 
32300:    1.00    0.190    0.008 0.152    0.024   -1003571    0 
32400:    1.00    0.165    0.008 0.151    0.024   -1003908    0 
32500:    1.00    0.144    0.008 0.152    0.024   -1003222    0 
32600:    1.00    0.195    0.008 0.154    0.024   -1003358    0 
32700:    1.00    0.158    0.008 0.153    0.024   -1003050    0 
32800:    1.00    0.191    0.008 0.153    0.024   -1003238    0 
32900:    1.00    0.191    0.008 0.151    0.024   -1003343    0 

--------------------------------------------
Proportion of membership of each pre-defined
 population in each of the 2 clusters

Given    Inferred Clusters       Number of
 Pop       1      2             Individuals

  1:     0.744  0.256              23
--------------------------------------------

 Rep#:   Lambda   Alpha      F1    F2     D1,2    Ln Like  Est Ln P(D)
33000:    1.00    0.235    0.008 0.152    0.024   -1003298    0 
33100:    1.00    0.176    0.008 0.151    0.024   -1003256    0 
33200:    1.00    0.174    0.008 0.151    0.024   -1004046    0 
33300:    1.00    0.118    0.008 0.151    0.024   -1003413    0 
33400:    1.00    0.253    0.008 0.152    0.024   -1003399    0 
33500:    1.00    0.188    0.008 0.155    0.024   -1003483    0 
33600:    1.00    0.218    0.008 0.155    0.024   -1003197    0 
33700:    1.00    0.151    0.008 0.155    0.024   -1003617    0 
33800:    1.00    0.140    0.008 0.157    0.024   -1003185    0 
33900:    1.00    0.236    0.007 0.157    0.025   -1003073    0 

--------------------------------------------
Proportion of membership of each pre-defined
 population in each of the 2 clusters

Given    Inferred Clusters       Number of
 Pop       1      2             Individuals

  1:     0.743  0.257              23
--------------------------------------------

 Rep#:   Lambda   Alpha      F1    F2     D1,2    Ln Like  Est Ln P(D)
34000:    1.00    0.199    0.007 0.155    0.025   -1003493    0 
34100:    1.00    0.198    0.007 0.154    0.024   -1003272    0 
34200:    1.00    0.180    0.007 0.153    0.024   -1003475    0 
34300:    1.00    0.256    0.007 0.153    0.024   -1003295    0 
34400:    1.00    0.169    0.007 0.155    0.025   -1003267    0 
34500:    1.00    0.219    0.007 0.153    0.024   -1003028    0 
34600:    1.00    0.132    0.007 0.152    0.024   -1003720    0 
34700:    1.00    0.302    0.007 0.151    0.024   -1003759    0 
34800:    1.00    0.257    0.007 0.153    0.024   -1003110    0 
34900:    1.00    0.193    0.007 0.153    0.024   -1003359    0 

--------------------------------------------
Proportion of membership of each pre-defined
 population in each of the 2 clusters

Given    Inferred Clusters       Number of
 Pop       1      2             Individuals

  1:     0.740  0.260              23
--------------------------------------------

 Rep#:   Lambda   Alpha      F1    F2     D1,2    Ln Like  Est Ln P(D)
35000:    1.00    0.163    0.007 0.153    0.024   -1003070    0 
35100:    1.00    0.205    0.007 0.152    0.024   -1003415    0 
35200:    1.00    0.233    0.007 0.151    0.024   -1003591    0 
35300:    1.00    0.210    0.007 0.150    0.024   -1003234    0 
35400:    1.00    0.202    0.007 0.152    0.024   -1003162    0 
35500:    1.00    0.125    0.007 0.151    0.024   -1003330    0 
35600:    1.00    0.198    0.007 0.149    0.024   -1003418    0 
35700:    1.00    0.229    0.007 0.150    0.024   -1003216    0 
35800:    1.00    0.209    0.007 0.149    0.024   -1003429    0 
35900:    1.00    0.138    0.007 0.149    0.024   -1003471    0 

--------------------------------------------
Proportion of membership of each pre-defined
 population in each of the 2 clusters

Given    Inferred Clusters       Number of
 Pop       1      2             Individuals

  1:     0.740  0.260              23
--------------------------------------------

 Rep#:   Lambda   Alpha      F1    F2     D1,2    Ln Like  Est Ln P(D)
36000:    1.00    0.158    0.007 0.152    0.024   -1003262    0 
36100:    1.00    0.136    0.007 0.153    0.024   -1003797    0 
36200:    1.00    0.155    0.007 0.151    0.024   -1003416    0 
36300:    1.00    0.163    0.007 0.151    0.024   -1003060    0 
36400:    1.00    0.168    0.007 0.151    0.024   -1003153    0 
36500:    1.00    0.265    0.007 0.151    0.024   -1003374    0 
36600:    1.00    0.178    0.007 0.150    0.024   -1003283    0 
36700:    1.00    0.331    0.007 0.151    0.024   -1003450    0 
36800:    1.00    0.153    0.007 0.153    0.024   -1003327    0 
36900:    1.00    0.184    0.007 0.153    0.024   -1003652    0 

--------------------------------------------
Proportion of membership of each pre-defined
 population in each of the 2 clusters

Given    Inferred Clusters       Number of
 Pop       1      2             Individuals

  1:     0.736  0.264              23
--------------------------------------------

 Rep#:   Lambda   Alpha      F1    F2     D1,2    Ln Like  Est Ln P(D)
37000:    1.00    0.124    0.007 0.153    0.024   -1003671    0 
37100:    1.00    0.161    0.007 0.152    0.024   -1003464    0 
37200:    1.00    0.123    0.007 0.152    0.024   -1003006    0 
37300:    1.00    0.275    0.007 0.152    0.024   -1003252    0 
37400:    1.00    0.256    0.007 0.149    0.024   -1003035    0 
37500:    1.00    0.191    0.007 0.146    0.023   -1003455    0 
37600:    1.00    0.105    0.007 0.147    0.024   -1003698    0 
37700:    1.00    0.294    0.007 0.150    0.024   -1003290    0 
37800:    1.00    0.131    0.007 0.148    0.023   -1003198    0 
37900:    1.00    0.253    0.007 0.145    0.023   -1003688    0 

--------------------------------------------
Proportion of membership of each pre-defined
 population in each of the 2 clusters

Given    Inferred Clusters       Number of
 Pop       1      2             Individuals

  1:     0.737  0.263              23
--------------------------------------------

 Rep#:   Lambda   Alpha      F1    F2     D1,2    Ln Like  Est Ln P(D)
38000:    1.00    0.278    0.007 0.145    0.023   -1003650    0 
38100:    1.00    0.240    0.007 0.147    0.023   -1003180    0 
38200:    1.00    0.200    0.007 0.146    0.023   -1003053    0 
38300:    1.00    0.208    0.007 0.145    0.023   -1003564    0 
38400:    1.00    0.132    0.007 0.145    0.023   -1003275    0 
38500:    1.00    0.177    0.007 0.144    0.023   -1003534    0 
38600:    1.00    0.216    0.007 0.144    0.023   -1003438    0 
38700:    1.00    0.209    0.007 0.143    0.023   -1003251    0 
38800:    1.00    0.169    0.007 0.148    0.023   -1003347    0 
38900:    1.00    0.195    0.007 0.148    0.023   -1003759    0 

--------------------------------------------
Proportion of membership of each pre-defined
 population in each of the 2 clusters

Given    Inferred Clusters       Number of
 Pop       1      2             Individuals

  1:     0.741  0.259              23
--------------------------------------------

 Rep#:   Lambda   Alpha      F1    F2     D1,2    Ln Like  Est Ln P(D)
39000:    1.00    0.127    0.007 0.149    0.024   -1003372    0 
39100:    1.00    0.236    0.007 0.149    0.023   -1003591    0 
39200:    1.00    0.236    0.007 0.152    0.024   -1003517    0 
39300:    1.00    0.237    0.007 0.151    0.024   -1002941    0 
39400:    1.00    0.127    0.007 0.153    0.024   -1003507    0 
39500:    1.00    0.209    0.007 0.152    0.024   -1003427    0 
39600:    1.00    0.215    0.007 0.153    0.024   -1003486    0 
39700:    1.00    0.230    0.007 0.151    0.024   -1003554    0 
39800:    1.00    0.178    0.007 0.151    0.024   -1003244    0 
39900:    1.00    0.149    0.007 0.150    0.024   -1003363    0 

--------------------------------------------
Proportion of membership of each pre-defined
 population in each of the 2 clusters

Given    Inferred Clusters       Number of
 Pop       1      2             Individuals

  1:     0.742  0.258              23
--------------------------------------------

 Rep#:   Lambda   Alpha      F1    F2     D1,2    Ln Like  Est Ln P(D)
40000:    1.00    0.222    0.007 0.152    0.024   -1003393    0 
40100:    1.00    0.188    0.007 0.150    0.024   -1003446    0 
40200:    1.00    0.124    0.007 0.149    0.024   -1003389    0 
40300:    1.00    0.146    0.007 0.150    0.024   -1003388    0 
40400:    1.00    0.251    0.007 0.154    0.024   -1003303    0 
40500:    1.00    0.242    0.007 0.153    0.024   -1003578    0 
40600:    1.00    0.186    0.007 0.152    0.024   -1003381    0 
40700:    1.00    0.245    0.007 0.150    0.024   -1003409    0 
40800:    1.00    0.223    0.007 0.150    0.024   -1003436    0 
40900:    1.00    0.177    0.007 0.151    0.024   -1003511    0 

--------------------------------------------
Proportion of membership of each pre-defined
 population in each of the 2 clusters

Given    Inferred Clusters       Number of
 Pop       1      2             Individuals

  1:     0.738  0.262              23
--------------------------------------------

 Rep#:   Lambda   Alpha      F1    F2     D1,2    Ln Like  Est Ln P(D)
41000:    1.00    0.226    0.007 0.151    0.024   -1003684    0 
41100:    1.00    0.175    0.007 0.151    0.024   -1003384    0 
41200:    1.00    0.134    0.007 0.151    0.024   -1003155    0 
41300:    1.00    0.174    0.007 0.151    0.024   -1003202    0 
41400:    1.00    0.197    0.007 0.152    0.024   -1003110    0 
41500:    1.00    0.166    0.007 0.153    0.024   -1003272    0 
41600:    1.00    0.261    0.007 0.150    0.024   -1003751    0 
41700:    1.00    0.264    0.007 0.151    0.024   -1003264    0 
41800:    1.00    0.272    0.007 0.151    0.024   -1003355    0 
41900:    1.00    0.234    0.007 0.150    0.024   -1003317    0 

--------------------------------------------
Proportion of membership of each pre-defined
 population in each of the 2 clusters

Given    Inferred Clusters       Number of
 Pop       1      2             Individuals

  1:     0.742  0.258              23
--------------------------------------------

 Rep#:   Lambda   Alpha      F1    F2     D1,2    Ln Like  Est Ln P(D)
42000:    1.00    0.234    0.007 0.150    0.024   -1002997    0 
42100:    1.00    0.127    0.007 0.153    0.024   -1003333    0 
42200:    1.00    0.188    0.007 0.147    0.023   -1003252    0 
42300:    1.00    0.185    0.007 0.147    0.023   -1003520    0 
42400:    1.00    0.170    0.007 0.147    0.023   -1003582    0 
42500:    1.00    0.188    0.007 0.147    0.023   -1003558    0 
42600:    1.00    0.179    0.007 0.147    0.023   -1003339    0 
42700:    1.00    0.219    0.007 0.147    0.023   -1003333    0 
42800:    1.00    0.198    0.007 0.147    0.023   -1003388    0 
42900:    1.00    0.232    0.007 0.147    0.023   -1003290    0 

--------------------------------------------
Proportion of membership of each pre-defined
 population in each of the 2 clusters

Given    Inferred Clusters       Number of
 Pop       1      2             Individuals

  1:     0.744  0.256              23
--------------------------------------------

 Rep#:   Lambda   Alpha      F1    F2     D1,2    Ln Like  Est Ln P(D)
43000:    1.00    0.124    0.007 0.147    0.023   -1003441    0 
43100:    1.00    0.095    0.007 0.147    0.023   -1003179    0 
43200:    1.00    0.168    0.007 0.146    0.023   -1003318    0 
43300:    1.00    0.179    0.007 0.144    0.023   -1003498    0 
43400:    1.00    0.157    0.007 0.144    0.023   -1003619    0 
43500:    1.00    0.218    0.007 0.145    0.023   -1003487    0 
43600:    1.00    0.105    0.007 0.144    0.023   -1003283    0 
43700:    1.00    0.125    0.007 0.144    0.023   -1003987    0 
43800:    1.00    0.221    0.007 0.146    0.023   -1003577    0 
43900:    1.00    0.199    0.007 0.145    0.023   -1003453    0 

--------------------------------------------
Proportion of membership of each pre-defined
 population in each of the 2 clusters

Given    Inferred Clusters       Number of
 Pop       1      2             Individuals

  1:     0.739  0.261              23
--------------------------------------------

 Rep#:   Lambda   Alpha      F1    F2     D1,2    Ln Like  Est Ln P(D)
44000:    1.00    0.210    0.007 0.145    0.023   -1003440    0 
44100:    1.00    0.227    0.007 0.145    0.023   -1003094    0 
44200:    1.00    0.147    0.007 0.145    0.023   -1003805    0 
44300:    1.00    0.228    0.007 0.149    0.023   -1003030    0 
44400:    1.00    0.175    0.007 0.149    0.024   -1003338    0 
44500:    1.00    0.213    0.007 0.149    0.023   -1003584    0 
44600:    1.00    0.269    0.007 0.149    0.024   -1003437    0 
44700:    1.00    0.232    0.007 0.149    0.023   -1003614    0 
44800:    1.00    0.195    0.007 0.150    0.023   -1003397    0 
44900:    1.00    0.156    0.007 0.149    0.024   -1003542    0 

--------------------------------------------
Proportion of membership of each pre-defined
 population in each of the 2 clusters

Given    Inferred Clusters       Number of
 Pop       1      2             Individuals

  1:     0.739  0.261              23
--------------------------------------------

 Rep#:   Lambda   Alpha      F1    F2     D1,2    Ln Like  Est Ln P(D)
45000:    1.00    0.235    0.007 0.149    0.023   -1003236    0 
45100:    1.00    0.277    0.007 0.148    0.024   -1003144    0 
45200:    1.00    0.213    0.007 0.149    0.023   -1003836    0 
45300:    1.00    0.197    0.007 0.149    0.024   -1003221    0 
45400:    1.00    0.210    0.007 0.152    0.024   -1003234    0 
45500:    1.00    0.262    0.007 0.150    0.024   -1003392    0 
45600:    1.00    0.204    0.007 0.152    0.024   -1002992    0 
45700:    1.00    0.163    0.007 0.153    0.024   -1003357    0 
45800:    1.00    0.180    0.007 0.156    0.024   -1003399    0 
45900:    1.00    0.257    0.007 0.159    0.025   -1003291    0 

--------------------------------------------
Proportion of membership of each pre-defined
 population in each of the 2 clusters

Given    Inferred Clusters       Number of
 Pop       1      2             Individuals

  1:     0.748  0.252              23
--------------------------------------------

 Rep#:   Lambda   Alpha      F1    F2     D1,2    Ln Like  Est Ln P(D)
46000:    1.00    0.217    0.007 0.159    0.025   -1003255    0 
46100:    1.00    0.125    0.007 0.156    0.024   -1003400    0 
46200:    1.00    0.318    0.007 0.156    0.025   -1003400    0 
46300:    1.00    0.146    0.007 0.156    0.025   -1002956    0 
46400:    1.00    0.210    0.007 0.156    0.024   -1003299    0 
46500:    1.00    0.258    0.007 0.157    0.025   -1003187    0 
46600:    1.00    0.197    0.007 0.154    0.024   -1003708    0 
46700:    1.00    0.175    0.007 0.154    0.024   -1003388    0 
46800:    1.00    0.281    0.007 0.155    0.025   -1003401    0 
46900:    1.00    0.254    0.007 0.157    0.025   -1003090    0 

--------------------------------------------
Proportion of membership of each pre-defined
 population in each of the 2 clusters

Given    Inferred Clusters       Number of
 Pop       1      2             Individuals

  1:     0.744  0.256              23
--------------------------------------------

 Rep#:   Lambda   Alpha      F1    F2     D1,2    Ln Like  Est Ln P(D)
47000:    1.00    0.197    0.007 0.157    0.024   -1003089    0 
47100:    1.00    0.175    0.007 0.155    0.024   -1003542    0 
47200:    1.00    0.138    0.007 0.154    0.024   -1003244    0 
47300:    1.00    0.198    0.007 0.154    0.024   -1003503    0 
47400:    1.00    0.210    0.007 0.154    0.024   -1003597    0 
47500:    1.00    0.299    0.007 0.152    0.024   -1003738    0 
47600:    1.00    0.191    0.007 0.149    0.023   -1003643    0 
47700:    1.00    0.208    0.007 0.149    0.023   -1003441    0 
47800:    1.00    0.121    0.007 0.147    0.023   -1003769    0 
47900:    1.00    0.102    0.007 0.148    0.023   -1003512    0 

--------------------------------------------
Proportion of membership of each pre-defined
 population in each of the 2 clusters

Given    Inferred Clusters       Number of
 Pop       1      2             Individuals

  1:     0.736  0.264              23
--------------------------------------------

 Rep#:   Lambda   Alpha      F1    F2     D1,2    Ln Like  Est Ln P(D)
48000:    1.00    0.145    0.007 0.147    0.023   -1003570    0 
48100:    1.00    0.171    0.007 0.148    0.023   -1003380    0 
48200:    1.00    0.224    0.007 0.147    0.023   -1003661    0 
48300:    1.00    0.162    0.007 0.149    0.023   -1003232    0 
48400:    1.00    0.141    0.007 0.149    0.024   -1003574    0 
48500:    1.00    0.243    0.007 0.150    0.024   -1003412    0 
48600:    1.00    0.109    0.007 0.149    0.024   -1003168    0 
48700:    1.00    0.157    0.007 0.151    0.024   -1003572    0 
48800:    1.00    0.239    0.007 0.151    0.024   -1003463    0 
48900:    1.00    0.109    0.007 0.150    0.024   -1003002    0 

--------------------------------------------
Proportion of membership of each pre-defined
 population in each of the 2 clusters

Given    Inferred Clusters       Number of
 Pop       1      2             Individuals

  1:     0.739  0.261              23
--------------------------------------------

 Rep#:   Lambda   Alpha      F1    F2     D1,2    Ln Like  Est Ln P(D)
49000:    1.00    0.079    0.007 0.149    0.024   -1003489    0 
49100:    1.00    0.218    0.007 0.149    0.023   -1003655    0 
49200:    1.00    0.201    0.007 0.149    0.023   -1003292    0 
49300:    1.00    0.210    0.007 0.150    0.024   -1003259    0 
49400:    1.00    0.250    0.007 0.150    0.024   -1003026    0 
49500:    1.00    0.097    0.007 0.148    0.023   -1003219    0 
49600:    1.00    0.212    0.007 0.148    0.023   -1003439    0 
49700:    1.00    0.133    0.007 0.148    0.023   -1003531    0 
49800:    1.00    0.212    0.007 0.149    0.023   -1003222    0 
49900:    1.00    0.194    0.007 0.149    0.023   -1003350    0 

--------------------------------------------
Proportion of membership of each pre-defined
 population in each of the 2 clusters

Given    Inferred Clusters       Number of
 Pop       1      2             Individuals

  1:     0.739  0.261              23
--------------------------------------------

 Rep#:   Lambda   Alpha      F1    F2     D1,2    Ln Like  Est Ln P(D)
50000:    1.00    0.180    0.007 0.148    0.024   -1003566    0 
50100:    1.00    0.184    0.007 0.148    0.023   -1003458    0 
50200:    1.00    0.088    0.007 0.150    0.024   -1003593    0 
50300:    1.00    0.126    0.007 0.150    0.023   -1003368    0 
50400:    1.00    0.164    0.007 0.154    0.024   -1003385    0 
50500:    1.00    0.220    0.007 0.156    0.024   -1003460    0 
50600:    1.00    0.167    0.007 0.156    0.025   -1003148    0 
50700:    1.00    0.156    0.007 0.156    0.024   -1003288    0 
50800:    1.00    0.199    0.007 0.156    0.025   -1003014    0 
50900:    1.00    0.169    0.007 0.154    0.024   -1003137    0 

--------------------------------------------
Proportion of membership of each pre-defined
 population in each of the 2 clusters

Given    Inferred Clusters       Number of
 Pop       1      2             Individuals

  1:     0.748  0.252              23
--------------------------------------------

 Rep#:   Lambda   Alpha      F1    F2     D1,2    Ln Like  Est Ln P(D)
51000:    1.00    0.133    0.007 0.154    0.024   -1003198    0 
51100:    1.00    0.212    0.007 0.151    0.024   -1003310    0 
51200:    1.00    0.318    0.007 0.152    0.024   -1003160    0 
51300:    1.00    0.253    0.007 0.149    0.024   -1003183    0 
51400:    1.00    0.277    0.007 0.148    0.024   -1003197    0 
51500:    1.00    0.284    0.007 0.151    0.024   -1003183    0 
51600:    1.00    0.159    0.007 0.151    0.024   -1003029    0 
51700:    1.00    0.198    0.007 0.151    0.024   -1003749    0 
51800:    1.00    0.141    0.007 0.152    0.024   -1003696    0 
51900:    1.00    0.168    0.007 0.151    0.024   -1003307    0 

--------------------------------------------
Proportion of membership of each pre-defined
 population in each of the 2 clusters

Given    Inferred Clusters       Number of
 Pop       1      2             Individuals

  1:     0.740  0.260              23
--------------------------------------------

 Rep#:   Lambda   Alpha      F1    F2     D1,2    Ln Like  Est Ln P(D)
52000:    1.00    0.139    0.007 0.149    0.024   -1003552    0 
52100:    1.00    0.212    0.007 0.149    0.023   -1003595    0 
52200:    1.00    0.264    0.007 0.151    0.024   -1003566    0 
52300:    1.00    0.262    0.007 0.150    0.024   -1003522    0 
52400:    1.00    0.257    0.007 0.150    0.024   -1002949    0 
52500:    1.00    0.243    0.007 0.150    0.024   -1003659    0 
52600:    1.00    0.178    0.007 0.150    0.024   -1003080    0 
52700:    1.00    0.201    0.007 0.148    0.023   -1003992    0 
52800:    1.00    0.204    0.007 0.149    0.024   -1003311    0 
52900:    1.00    0.185    0.007 0.151    0.024   -1003163    0 

--------------------------------------------
Proportion of membership of each pre-defined
 population in each of the 2 clusters

Given    Inferred Clusters       Number of
 Pop       1      2             Individuals

  1:     0.737  0.263              23
--------------------------------------------

 Rep#:   Lambda   Alpha      F1    F2     D1,2    Ln Like  Est Ln P(D)
53000:    1.00    0.178    0.007 0.150    0.024   -1003490    0 
53100:    1.00    0.213    0.007 0.150    0.024   -1003543    0 
53200:    1.00    0.161    0.007 0.150    0.024   -1003380    0 
53300:    1.00    0.165    0.007 0.151    0.024   -1003189    0 
53400:    1.00    0.176    0.007 0.149    0.024   -1003495    0 
53500:    1.00    0.139    0.007 0.147    0.023   -1003441    0 
53600:    1.00    0.181    0.007 0.147    0.023   -1003677    0 
53700:    1.00    0.073    0.007 0.147    0.023   -1002993    0 
53800:    1.00    0.194    0.007 0.146    0.023   -1003294    0 
53900:    1.00    0.129    0.007 0.147    0.023   -1003673    0 

--------------------------------------------
Proportion of membership of each pre-defined
 population in each of the 2 clusters

Given    Inferred Clusters       Number of
 Pop       1      2             Individuals

  1:     0.744  0.256              23
--------------------------------------------

 Rep#:   Lambda   Alpha      F1    F2     D1,2    Ln Like  Est Ln P(D)
54000:    1.00    0.209    0.007 0.147    0.023   -1003748    0 
54100:    1.00    0.240    0.007 0.147    0.023   -1003438    0 
54200:    1.00    0.138    0.007 0.146    0.023   -1003603    0 
54300:    1.00    0.231    0.007 0.148    0.023   -1003283    0 
54400:    1.00    0.105    0.007 0.149    0.024   -1002927    0 
54500:    1.00    0.194    0.007 0.150    0.024   -1003327    0 
54600:    1.00    0.194    0.007 0.150    0.024   -1003412    0 
54700:    1.00    0.216    0.007 0.152    0.024   -1003263    0 
54800:    1.00    0.153    0.007 0.153    0.024   -1003074    0 
54900:    1.00    0.110    0.007 0.152    0.024   -1003276    0 

--------------------------------------------
Proportion of membership of each pre-defined
 population in each of the 2 clusters

Given    Inferred Clusters       Number of
 Pop       1      2             Individuals

  1:     0.741  0.259              23
--------------------------------------------

 Rep#:   Lambda   Alpha      F1    F2     D1,2    Ln Like  Est Ln P(D)
55000:    1.00    0.189    0.007 0.152    0.024   -1003152    0 
55100:    1.00    0.192    0.007 0.152    0.024   -1003116    0 
55200:    1.00    0.179    0.007 0.151    0.024   -1002886    0 
55300:    1.00    0.181    0.007 0.150    0.024   -1003237    0 
55400:    1.00    0.157    0.007 0.150    0.024   -1003507    0 
55500:    1.00    0.162    0.007 0.150    0.024   -1003733    0 
55600:    1.00    0.185    0.007 0.150    0.024   -1003456    0 
55700:    1.00    0.147    0.007 0.150    0.024   -1003294    0 
55800:    1.00    0.185    0.007 0.150    0.024   -1003455    0 
55900:    1.00    0.133    0.007 0.150    0.024   -1003811    0 

--------------------------------------------
Proportion of membership of each pre-defined
 population in each of the 2 clusters

Given    Inferred Clusters       Number of
 Pop       1      2             Individuals

  1:     0.738  0.262              23
--------------------------------------------

 Rep#:   Lambda   Alpha      F1    F2     D1,2    Ln Like  Est Ln P(D)
56000:    1.00    0.209    0.007 0.149    0.024   -1003829    0 
56100:    1.00    0.213    0.007 0.152    0.024   -1003645    0 
56200:    1.00    0.159    0.007 0.152    0.024   -1003611    0 
56300:    1.00    0.251    0.007 0.153    0.024   -1003045    0 
56400:    1.00    0.174    0.007 0.153    0.024   -1003349    0 
56500:    1.00    0.161    0.007 0.153    0.024   -1003194    0 
56600:    1.00    0.117    0.007 0.152    0.024   -1003389    0 
56700:    1.00    0.160    0.007 0.154    0.024   -1003235    0 
56800:    1.00    0.244    0.007 0.153    0.024   -1002860    0 
56900:    1.00    0.265    0.007 0.150    0.024   -1003174    0 

--------------------------------------------
Proportion of membership of each pre-defined
 population in each of the 2 clusters

Given    Inferred Clusters       Number of
 Pop       1      2             Individuals

  1:     0.736  0.264              23
--------------------------------------------

 Rep#:   Lambda   Alpha      F1    F2     D1,2    Ln Like  Est Ln P(D)
57000:    1.00    0.203    0.007 0.152    0.024   -1003497    0 
57100:    1.00    0.188    0.007 0.152    0.024   -1003203    0 
57200:    1.00    0.167    0.007 0.152    0.024   -1003298    0 
57300:    1.00    0.297    0.007 0.152    0.024   -1003168    0 
57400:    1.00    0.209    0.007 0.152    0.024   -1003407    0 
57500:    1.00    0.183    0.007 0.151    0.024   -1003142    0 
57600:    1.00    0.214    0.007 0.152    0.024   -1003297    0 
57700:    1.00    0.192    0.007 0.153    0.024   -1003553    0 
57800:    1.00    0.143    0.007 0.151    0.024   -1003521    0 
57900:    1.00    0.156    0.007 0.149    0.023   -1003447    0 

--------------------------------------------
Proportion of membership of each pre-defined
 population in each of the 2 clusters

Given    Inferred Clusters       Number of
 Pop       1      2             Individuals

  1:     0.742  0.258              23
--------------------------------------------

 Rep#:   Lambda   Alpha      F1    F2     D1,2    Ln Like  Est Ln P(D)
58000:    1.00    0.119    0.007 0.149    0.023   -1003395    0 
58100:    1.00    0.191    0.007 0.149    0.023   -1003003    0 
58200:    1.00    0.193    0.007 0.150    0.024   -1003242    0 
58300:    1.00    0.192    0.007 0.152    0.024   -1003449    0 
58400:    1.00    0.114    0.007 0.152    0.024   -1003223    0 
58500:    1.00    0.269    0.007 0.152    0.024   -1003695    0 
58600:    1.00    0.154    0.007 0.150    0.024   -1003684    0 
58700:    1.00    0.123    0.007 0.152    0.024   -1003624    0 
58800:    1.00    0.108    0.007 0.150    0.024   -1003657    0 
58900:    1.00    0.186    0.007 0.148    0.023   -1003665    0 

--------------------------------------------
Proportion of membership of each pre-defined
 population in each of the 2 clusters

Given    Inferred Clusters       Number of
 Pop       1      2             Individuals

  1:     0.744  0.256              23
--------------------------------------------

 Rep#:   Lambda   Alpha      F1    F2     D1,2    Ln Like  Est Ln P(D)
59000:    1.00    0.297    0.007 0.156    0.024   -1003376    0 
59100:    1.00    0.211    0.007 0.156    0.024   -1003224    0 
59200:    1.00    0.173    0.007 0.151    0.024   -1003467    0 
59300:    1.00    0.261    0.007 0.152    0.024   -1002953    0 
59400:    1.00    0.192    0.007 0.154    0.024   -1003315    0 
59500:    1.00    0.324    0.007 0.152    0.024   -1003579    0 
59600:    1.00    0.160    0.007 0.152    0.024   -1003255    0 
59700:    1.00    0.230    0.007 0.152    0.024   -1003513    0 
59800:    1.00    0.213    0.007 0.152    0.024   -1003283    0 
59900:    1.00    0.212    0.007 0.152    0.024   -1003449    0 
60000:    1.00    0.160    0.007 0.151    0.024   -1003241    0 

MCMC completed

Inferred ancestry of individuals:
        Label (%Miss) Pop:  Inferred clusters
  1 18160D-09-0    (2)    1 :  0.861 0.139 
  2 18160D-09-0    (4)    1 :  0.828 0.172 
  3 18160D-09-0    (2)    1 :  0.251 0.749 
  4 18160D-09-0    (5)    1 :  0.000 1.000 
  5 18160D-09-0    (4)    1 :  0.099 0.901 
  6 18160D-09-0    (4)    1 :  0.059 0.941 
  7 18160D-09-0    (2)    1 :  0.004 0.996 
  8 18160D-09-0    (4)    1 :  0.871 0.129 
  9 18160D-09-0    (2)    1 :  1.000 0.000 
 10 18160D-09-1    (2)    1 :  1.000 0.000 
 11 18160D-09-1    (2)    1 :  1.000 0.000 
 12 18160D-09-1    (2)    1 :  0.999 0.001 
 13 18160D-09-1    (5)    1 :  0.834 0.166 
 14 18160D-09-1   (18)    1 :  0.832 0.168 
 15 18160D-09-1    (4)    1 :  0.914 0.086 
 16 18160D-09-1    (2)    1 :  1.000 0.000 
 17 18160D-09-1    (2)    1 :  0.866 0.134 
 18 18160D-09-1    (2)    1 :  0.999 0.001 
 19 18160D-09-1    (2)    1 :  0.900 0.100 
 20 18160D-09-2    (5)    1 :  0.932 0.068 
 21 18160D-09-2    (5)    1 :  0.851 0.149 
 22 18160D-09-2    (5)    1 :  0.999 0.001 
 23 18160D-09-2    (2)    1 :  0.897 0.103 

Command line arguments:   structure -D 202782 -K 2 -m mainparams -o k2/populations_k2_run2 
Input File:    populations.str
Output File:   k2/populations_k2_run2_f

Run parameters:
   23 individuals
   50160 loci
   2 populations assumed
   10000 Burn-in period
   50000 Reps
RANDOMIZE turned off

--------------------------------------------
Estimated Ln Prob of Data   = -1030149.5
Mean value of ln likelihood = -1003348.8
Variance of ln likelihood   = 53601.3
Mean value of alpha         = 0.1998

Mean value of Fst_1         = 0.0079
Mean value of Fst_2         = 0.1502


--------------------------------------------
Proportion of membership of each pre-defined
 population in each of the 2 clusters

Given    Inferred Clusters       Number of
 Pop       1      2             Individuals

  1:     0.739  0.261              23
--------------------------------------------
Final results printed to file k2/populations_k2_run2_f

