

----------------------------------------------------
STRUCTURE by Pritchard, Stephens and Donnelly (2000)
     and Falush, Stephens and Pritchard (2003)
       Code by Pritchard, Falush and Hubisz
             Version 2.3.4 (Jul 2012)
----------------------------------------------------


Reading file "mainparams".
datafile is
populations.str
Reading file "extraparams".
Reading file "populations.str".


Data file "populations.str" (truncated) --

Ind:   Label Pop : Genotype_data . . . .
  1: 18160D-09-0    1  :  4   1   3   1   4   1   3  . . . .   2
  1: 18160D-09-0    1  :  4   1   3   1   4   4   4  . . . .   4
  2: 18160D-09-0    1  :  4   1   3   1   4   1   3  . . . .   2
  2: 18160D-09-0    1  :  4   1   3   1   4   4   3  . . . .   4
  3: 18160D-09-0    1  :  4   1   0   0   0   0   3  . . . .   2
  3: 18160D-09-0    1  :  4   3   0   0   0   0   3  . . . .   4
  4: 18160D-09-0    1  :  4   1   3   1   4   1   3  . . . .   2
  4: 18160D-09-0    1  :  4   3   3   1   4   1   3  . . . .   4

      *******   

 22: 18160D-09-2    1  :  4   1   3   1   4   1   3  . . . .   2
 22: 18160D-09-2    1  :  4   3   3   1   4   1   4  . . . .   4
 23: 18160D-09-2    1  :  4   1   3   1   4   1   3  . . . .   2
 23: 18160D-09-2    1  :  4   1   3   1   4   4   4  . . . .   4

Number of alleles per locus: min= 2; ave=2.0; max= 2


--------------------------------------

Finished initialization; starting MCMC 
50000 iterations + 10000 burnin


--------------------------------------------
Proportion of membership of each pre-defined
 population in each of the 2 clusters

Given    Inferred Clusters       Number of
 Pop       1      2             Individuals

  1:     0.488  0.512              23
--------------------------------------------

 Rep#:   Lambda   Alpha      F1    F2     D1,2    Ln Like 
  100:    1.00    1.266    0.010 0.010    0.003   --  
  200:    1.00    1.520    0.010 0.010    0.003   --  
  300:    1.00    1.609    0.010 0.010    0.003   --  
  400:    1.00    1.351    0.010 0.010    0.003   --  
  500:    1.00    0.935    0.010 0.010    0.003   --  
  600:    1.00    0.658    0.011 0.011    0.003   --  
  700:    1.00    0.238    0.011 0.011    0.004   --  
  800:    1.00    0.231    0.011 0.011    0.004   --  
  900:    1.00    0.211    0.011 0.011    0.003   --  

--------------------------------------------
Proportion of membership of each pre-defined
 population in each of the 2 clusters

Given    Inferred Clusters       Number of
 Pop       1      2             Individuals

  1:     0.419  0.581              23
--------------------------------------------

 Rep#:   Lambda   Alpha      F1    F2     D1,2    Ln Like 
 1000:    1.00    0.126    0.011 0.012    0.004   --  
 1100:    1.00    0.081    0.011 0.012    0.004   --  
 1200:    1.00    0.154    0.011 0.013    0.004   --  
 1300:    1.00    0.054    0.011 0.013    0.004   --  
 1400:    1.00    0.059    0.011 0.013    0.004   --  
 1500:    1.00    0.057    0.011 0.016    0.004   --  
 1600:    1.00    0.070    0.011 0.016    0.004   --  
 1700:    1.00    0.032    0.012 0.016    0.004   --  
 1800:    1.00    0.019    0.012 0.016    0.005   --  
 1900:    1.00    0.043    0.012 0.020    0.005   --  

--------------------------------------------
Proportion of membership of each pre-defined
 population in each of the 2 clusters

Given    Inferred Clusters       Number of
 Pop       1      2             Individuals

  1:     0.354  0.646              23
--------------------------------------------

 Rep#:   Lambda   Alpha      F1    F2     D1,2    Ln Like 
 2000:    1.00    0.072    0.012 0.020    0.005   --  
 2100:    1.00    0.037    0.012 0.020    0.005   --  
 2200:    1.00    0.045    0.013 0.020    0.005   --  
 2300:    1.00    0.051    0.013 0.020    0.005   --  
 2400:    1.00    0.028    0.013 0.021    0.006   --  
 2500:    1.00    0.043    0.013 0.021    0.006   --  
 2600:    1.00    0.052    0.014 0.021    0.006   --  
 2700:    1.00    0.064    0.014 0.022    0.006   --  
 2800:    1.00    0.064    0.014 0.022    0.006   --  
 2900:    1.00    0.085    0.014 0.025    0.006   --  

--------------------------------------------
Proportion of membership of each pre-defined
 population in each of the 2 clusters

Given    Inferred Clusters       Number of
 Pop       1      2             Individuals

  1:     0.348  0.652              23
--------------------------------------------

 Rep#:   Lambda   Alpha      F1    F2     D1,2    Ln Like 
 3000:    1.00    0.044    0.014 0.025    0.006   --  
 3100:    1.00    0.063    0.014 0.025    0.006   --  
 3200:    1.00    0.037    0.014 0.027    0.006   --  
 3300:    1.00    0.103    0.015 0.029    0.007   --  
 3400:    1.00    0.106    0.015 0.029    0.007   --  
 3500:    1.00    0.072    0.015 0.029    0.007   --  
 3600:    1.00    0.176    0.015 0.030    0.007   --  
 3700:    1.00    0.133    0.015 0.032    0.007   --  
 3800:    1.00    0.117    0.015 0.032    0.007   --  
 3900:    1.00    0.112    0.016 0.033    0.008   --  

--------------------------------------------
Proportion of membership of each pre-defined
 population in each of the 2 clusters

Given    Inferred Clusters       Number of
 Pop       1      2             Individuals

  1:     0.401  0.599              23
--------------------------------------------

 Rep#:   Lambda   Alpha      F1    F2     D1,2    Ln Like 
 4000:    1.00    0.167    0.016 0.034    0.008   --  
 4100:    1.00    0.063    0.016 0.036    0.008   --  
 4200:    1.00    0.118    0.016 0.037    0.008   --  
 4300:    1.00    0.129    0.016 0.039    0.009   --  
 4400:    1.00    0.217    0.016 0.049    0.010   --  
 4500:    1.00    0.200    0.016 0.051    0.011   --  
 4600:    1.00    0.098    0.016 0.053    0.011   --  
 4700:    1.00    0.141    0.016 0.059    0.012   --  
 4800:    1.00    0.224    0.016 0.064    0.013   --  
 4900:    1.00    0.167    0.016 0.076    0.015   --  

--------------------------------------------
Proportion of membership of each pre-defined
 population in each of the 2 clusters

Given    Inferred Clusters       Number of
 Pop       1      2             Individuals

  1:     0.598  0.402              23
--------------------------------------------

 Rep#:   Lambda   Alpha      F1    F2     D1,2    Ln Like 
 5000:    1.00    0.118    0.016 0.099    0.018   --  
 5100:    1.00    0.196    0.016 0.105    0.019   --  
 5200:    1.00    0.143    0.016 0.113    0.020   --  
 5300:    1.00    0.148    0.016 0.122    0.021   --  
 5400:    1.00    0.161    0.016 0.125    0.021   --  
 5500:    1.00    0.217    0.016 0.126    0.022   --  
 5600:    1.00    0.220    0.016 0.126    0.022   --  
 5700:    1.00    0.160    0.016 0.131    0.022   --  
 5800:    1.00    0.157    0.016 0.133    0.022   --  
 5900:    1.00    0.207    0.016 0.133    0.023   --  

--------------------------------------------
Proportion of membership of each pre-defined
 population in each of the 2 clusters

Given    Inferred Clusters       Number of
 Pop       1      2             Individuals

  1:     0.700  0.300              23
--------------------------------------------

 Rep#:   Lambda   Alpha      F1    F2     D1,2    Ln Like 
 6000:    1.00    0.136    0.016 0.135    0.023   --  
 6100:    1.00    0.141    0.016 0.135    0.023   --  
 6200:    1.00    0.184    0.016 0.136    0.023   --  
 6300:    1.00    0.172    0.016 0.138    0.023   --  
 6400:    1.00    0.145    0.016 0.138    0.023   --  
 6500:    1.00    0.218    0.016 0.138    0.023   --  
 6600:    1.00    0.286    0.016 0.137    0.023   --  
 6700:    1.00    0.114    0.016 0.137    0.023   --  
 6800:    1.00    0.145    0.015 0.141    0.023   --  
 6900:    1.00    0.194    0.015 0.141    0.024   --  

--------------------------------------------
Proportion of membership of each pre-defined
 population in each of the 2 clusters

Given    Inferred Clusters       Number of
 Pop       1      2             Individuals

  1:     0.716  0.284              23
--------------------------------------------

 Rep#:   Lambda   Alpha      F1    F2     D1,2    Ln Like 
 7000:    1.00    0.214    0.015 0.142    0.024   --  
 7100:    1.00    0.348    0.015 0.144    0.024   --  
 7200:    1.00    0.316    0.015 0.145    0.024   --  
 7300:    1.00    0.235    0.015 0.145    0.024   --  
 7400:    1.00    0.119    0.015 0.146    0.024   --  
 7500:    1.00    0.241    0.015 0.148    0.025   --  
 7600:    1.00    0.231    0.015 0.149    0.025   --  
 7700:    1.00    0.137    0.015 0.150    0.025   --  
 7800:    1.00    0.152    0.015 0.151    0.024   --  
 7900:    1.00    0.105    0.015 0.150    0.025   --  

--------------------------------------------
Proportion of membership of each pre-defined
 population in each of the 2 clusters

Given    Inferred Clusters       Number of
 Pop       1      2             Individuals

  1:     0.720  0.280              23
--------------------------------------------

 Rep#:   Lambda   Alpha      F1    F2     D1,2    Ln Like 
 8000:    1.00    0.207    0.014 0.149    0.024   --  
 8100:    1.00    0.205    0.014 0.149    0.025   --  
 8200:    1.00    0.276    0.014 0.149    0.025   --  
 8300:    1.00    0.170    0.014 0.148    0.024   --  
 8400:    1.00    0.261    0.014 0.147    0.024   --  
 8500:    1.00    0.217    0.014 0.146    0.024   --  
 8600:    1.00    0.217    0.014 0.146    0.024   --  
 8700:    1.00    0.279    0.014 0.148    0.024   --  
 8800:    1.00    0.187    0.014 0.148    0.024   --  
 8900:    1.00    0.135    0.014 0.148    0.025   --  

--------------------------------------------
Proportion of membership of each pre-defined
 population in each of the 2 clusters

Given    Inferred Clusters       Number of
 Pop       1      2             Individuals

  1:     0.725  0.275              23
--------------------------------------------

 Rep#:   Lambda   Alpha      F1    F2     D1,2    Ln Like 
 9000:    1.00    0.165    0.014 0.148    0.024   --  
 9100:    1.00    0.182    0.014 0.149    0.024   --  
 9200:    1.00    0.166    0.014 0.148    0.024   --  
 9300:    1.00    0.282    0.014 0.147    0.024   --  
 9400:    1.00    0.163    0.014 0.145    0.024   --  
 9500:    1.00    0.209    0.014 0.144    0.024   --  
 9600:    1.00    0.153    0.014 0.144    0.024   --  
 9700:    1.00    0.189    0.014 0.144    0.024   --  
 9800:    1.00    0.154    0.013 0.146    0.024   --  
 9900:    1.00    0.266    0.013 0.146    0.024   --  
10000:    1.00    0.176    0.013 0.146    0.024   --  

BURNIN completed
 Rep#:   Lambda   Alpha      F1    F2     D1,2    Ln Like  Est Ln P(D)
10100:    1.00    0.226    0.013 0.147    0.024   -1003280    0 
10200:    1.00    0.216    0.013 0.147    0.024   -1002935    0 
10300:    1.00    0.165    0.013 0.148    0.024   -1003380    0 
10400:    1.00    0.205    0.013 0.149    0.024   -1002935    0 
10500:    1.00    0.292    0.013 0.150    0.024   -1003162    0 
10600:    1.00    0.235    0.013 0.150    0.024   -1003179    0 
10700:    1.00    0.171    0.013 0.150    0.025   -1003107    0 
10800:    1.00    0.161    0.013 0.150    0.024   -1003138    0 
10900:    1.00    0.337    0.013 0.150    0.025   -1003206    0 

--------------------------------------------
Proportion of membership of each pre-defined
 population in each of the 2 clusters

Given    Inferred Clusters       Number of
 Pop       1      2             Individuals

  1:     0.727  0.273              23
--------------------------------------------

 Rep#:   Lambda   Alpha      F1    F2     D1,2    Ln Like  Est Ln P(D)
11000:    1.00    0.109    0.013 0.150    0.024   -1003439    0 
11100:    1.00    0.254    0.013 0.150    0.024   -1003037    0 
11200:    1.00    0.291    0.013 0.150    0.024   -1002946    0 
11300:    1.00    0.129    0.013 0.150    0.024   -1002589    0 
11400:    1.00    0.135    0.013 0.150    0.024   -1002504    0 
11500:    1.00    0.176    0.012 0.150    0.025   -1002879    0 
11600:    1.00    0.216    0.012 0.150    0.025   -1002887    0 
11700:    1.00    0.183    0.012 0.149    0.025   -1003304    0 
11800:    1.00    0.121    0.012 0.149    0.024   -1003389    0 
11900:    1.00    0.237    0.012 0.150    0.024   -1003038    0 

--------------------------------------------
Proportion of membership of each pre-defined
 population in each of the 2 clusters

Given    Inferred Clusters       Number of
 Pop       1      2             Individuals

  1:     0.734  0.266              23
--------------------------------------------

 Rep#:   Lambda   Alpha      F1    F2     D1,2    Ln Like  Est Ln P(D)
12000:    1.00    0.191    0.012 0.155    0.025   -1003174    0 
12100:    1.00    0.171    0.012 0.154    0.025   -1003483    0 
12200:    1.00    0.237    0.012 0.153    0.025   -1003301    0 
12300:    1.00    0.212    0.012 0.152    0.024   -1003177    0 
12400:    1.00    0.298    0.012 0.151    0.024   -1003335    0 
12500:    1.00    0.191    0.012 0.150    0.024   -1003095    0 
12600:    1.00    0.342    0.012 0.148    0.024   -1003261    0 
12700:    1.00    0.268    0.012 0.151    0.025   -1002909    0 
12800:    1.00    0.232    0.012 0.150    0.024   -1002753    0 
12900:    1.00    0.165    0.012 0.150    0.024   -1003283    0 

--------------------------------------------
Proportion of membership of each pre-defined
 population in each of the 2 clusters

Given    Inferred Clusters       Number of
 Pop       1      2             Individuals

  1:     0.730  0.270              23
--------------------------------------------

 Rep#:   Lambda   Alpha      F1    F2     D1,2    Ln Like  Est Ln P(D)
13000:    1.00    0.282    0.012 0.148    0.024   -1003274    0 
13100:    1.00    0.265    0.012 0.149    0.024   -1003115    0 
13200:    1.00    0.268    0.012 0.148    0.024   -1002906    0 
13300:    1.00    0.197    0.012 0.150    0.024   -1003386    0 
13400:    1.00    0.241    0.012 0.150    0.024   -1003097    0 
13500:    1.00    0.156    0.012 0.149    0.024   -1003491    0 
13600:    1.00    0.126    0.012 0.149    0.024   -1003018    0 
13700:    1.00    0.171    0.012 0.150    0.024   -1003052    0 
13800:    1.00    0.152    0.012 0.150    0.024   -1003162    0 
13900:    1.00    0.198    0.012 0.150    0.024   -1002980    0 

--------------------------------------------
Proportion of membership of each pre-defined
 population in each of the 2 clusters

Given    Inferred Clusters       Number of
 Pop       1      2             Individuals

  1:     0.735  0.265              23
--------------------------------------------

 Rep#:   Lambda   Alpha      F1    F2     D1,2    Ln Like  Est Ln P(D)
14000:    1.00    0.144    0.012 0.146    0.024   -1003130    0 
14100:    1.00    0.247    0.012 0.146    0.024   -1003072    0 
14200:    1.00    0.271    0.012 0.146    0.024   -1002690    0 
14300:    1.00    0.136    0.012 0.146    0.024   -1003528    0 
14400:    1.00    0.211    0.012 0.147    0.024   -1003142    0 
14500:    1.00    0.266    0.012 0.146    0.024   -1003197    0 
14600:    1.00    0.142    0.012 0.145    0.024   -1003476    0 
14700:    1.00    0.139    0.011 0.148    0.024   -1002989    0 
14800:    1.00    0.136    0.011 0.150    0.024   -1003198    0 
14900:    1.00    0.278    0.011 0.150    0.024   -1003605    0 

--------------------------------------------
Proportion of membership of each pre-defined
 population in each of the 2 clusters

Given    Inferred Clusters       Number of
 Pop       1      2             Individuals

  1:     0.732  0.268              23
--------------------------------------------

 Rep#:   Lambda   Alpha      F1    F2     D1,2    Ln Like  Est Ln P(D)
15000:    1.00    0.176    0.011 0.146    0.024   -1003338    0 
15100:    1.00    0.174    0.011 0.146    0.024   -1003143    0 
15200:    1.00    0.213    0.011 0.148    0.024   -1003093    0 
15300:    1.00    0.225    0.011 0.148    0.024   -1003358    0 
15400:    1.00    0.157    0.011 0.151    0.024   -1003224    0 
15500:    1.00    0.262    0.011 0.149    0.025   -1003329    0 
15600:    1.00    0.184    0.011 0.153    0.024   -1003330    0 
15700:    1.00    0.184    0.011 0.153    0.025   -1002809    0 
15800:    1.00    0.246    0.011 0.154    0.025   -1002897    0 
15900:    1.00    0.149    0.011 0.155    0.025   -1003305    0 

--------------------------------------------
Proportion of membership of each pre-defined
 population in each of the 2 clusters

Given    Inferred Clusters       Number of
 Pop       1      2             Individuals

  1:     0.733  0.267              23
--------------------------------------------

 Rep#:   Lambda   Alpha      F1    F2     D1,2    Ln Like  Est Ln P(D)
16000:    1.00    0.171    0.011 0.153    0.025   -1002902    0 
16100:    1.00    0.147    0.011 0.149    0.024   -1003482    0 
16200:    1.00    0.197    0.011 0.149    0.024   -1004011    0 
16300:    1.00    0.191    0.011 0.150    0.024   -1003521    0 
16400:    1.00    0.204    0.011 0.148    0.024   -1003491    0 
16500:    1.00    0.206    0.011 0.147    0.024   -1003257    0 
16600:    1.00    0.224    0.011 0.148    0.024   -1003253    0 
16700:    1.00    0.220    0.011 0.147    0.024   -1003322    0 
16800:    1.00    0.155    0.011 0.147    0.024   -1003139    0 
16900:    1.00    0.184    0.011 0.145    0.023   -1003208    0 

--------------------------------------------
Proportion of membership of each pre-defined
 population in each of the 2 clusters

Given    Inferred Clusters       Number of
 Pop       1      2             Individuals

  1:     0.741  0.259              23
--------------------------------------------

 Rep#:   Lambda   Alpha      F1    F2     D1,2    Ln Like  Est Ln P(D)
17000:    1.00    0.189    0.011 0.146    0.024   -1003309    0 
17100:    1.00    0.209    0.011 0.146    0.024   -1003603    0 
17200:    1.00    0.159    0.011 0.147    0.024   -1003372    0 
17300:    1.00    0.301    0.011 0.145    0.024   -1003461    0 
17400:    1.00    0.153    0.011 0.146    0.023   -1003273    0 
17500:    1.00    0.250    0.010 0.147    0.024   -1003722    0 
17600:    1.00    0.183    0.010 0.147    0.024   -1003213    0 
17700:    1.00    0.267    0.010 0.145    0.024   -1003229    0 
17800:    1.00    0.219    0.010 0.147    0.023   -1003370    0 
17900:    1.00    0.178    0.010 0.147    0.024   -1003101    0 

--------------------------------------------
Proportion of membership of each pre-defined
 population in each of the 2 clusters

Given    Inferred Clusters       Number of
 Pop       1      2             Individuals

  1:     0.733  0.267              23
--------------------------------------------

 Rep#:   Lambda   Alpha      F1    F2     D1,2    Ln Like  Est Ln P(D)
18000:    1.00    0.163    0.010 0.148    0.024   -1003187    0 
18100:    1.00    0.173    0.010 0.148    0.024   -1003266    0 
18200:    1.00    0.199    0.010 0.148    0.024   -1003111    0 
18300:    1.00    0.283    0.010 0.149    0.024   -1003227    0 
18400:    1.00    0.120    0.010 0.150    0.024   -1003180    0 
18500:    1.00    0.143    0.010 0.150    0.024   -1003309    0 
18600:    1.00    0.195    0.010 0.150    0.024   -1003251    0 
18700:    1.00    0.236    0.010 0.149    0.024   -1003009    0 
18800:    1.00    0.330    0.010 0.151    0.024   -1003253    0 
18900:    1.00    0.166    0.010 0.151    0.024   -1003298    0 

--------------------------------------------
Proportion of membership of each pre-defined
 population in each of the 2 clusters

Given    Inferred Clusters       Number of
 Pop       1      2             Individuals

  1:     0.737  0.263              23
--------------------------------------------

 Rep#:   Lambda   Alpha      F1    F2     D1,2    Ln Like  Est Ln P(D)
19000:    1.00    0.304    0.010 0.150    0.024   -1003180    0 
19100:    1.00    0.242    0.010 0.152    0.024   -1002982    0 
19200:    1.00    0.208    0.010 0.152    0.024   -1002807    0 
19300:    1.00    0.127    0.010 0.151    0.024   -1003129    0 
19400:    1.00    0.267    0.010 0.149    0.024   -1002974    0 
19500:    1.00    0.248    0.010 0.149    0.024   -1003033    0 
19600:    1.00    0.163    0.010 0.148    0.024   -1003109    0 
19700:    1.00    0.180    0.010 0.149    0.024   -1003124    0 
19800:    1.00    0.172    0.010 0.149    0.024   -1003181    0 
19900:    1.00    0.174    0.010 0.149    0.024   -1003280    0 

--------------------------------------------
Proportion of membership of each pre-defined
 population in each of the 2 clusters

Given    Inferred Clusters       Number of
 Pop       1      2             Individuals

  1:     0.736  0.264              23
--------------------------------------------

 Rep#:   Lambda   Alpha      F1    F2     D1,2    Ln Like  Est Ln P(D)
20000:    1.00    0.285    0.010 0.148    0.024   -1003116    0 
20100:    1.00    0.183    0.010 0.148    0.024   -1003437    0 
20200:    1.00    0.275    0.010 0.148    0.024   -1003541    0 
20300:    1.00    0.203    0.010 0.147    0.024   -1003255    0 
20400:    1.00    0.184    0.010 0.149    0.024   -1003036    0 
20500:    1.00    0.164    0.010 0.149    0.024   -1003104    0 
20600:    1.00    0.310    0.010 0.149    0.024   -1002916    0 
20700:    1.00    0.232    0.010 0.148    0.024   -1002841    0 
20800:    1.00    0.234    0.010 0.148    0.024   -1003269    0 
20900:    1.00    0.207    0.010 0.147    0.024   -1003518    0 

--------------------------------------------
Proportion of membership of each pre-defined
 population in each of the 2 clusters

Given    Inferred Clusters       Number of
 Pop       1      2             Individuals

  1:     0.736  0.264              23
--------------------------------------------

 Rep#:   Lambda   Alpha      F1    F2     D1,2    Ln Like  Est Ln P(D)
21000:    1.00    0.193    0.010 0.147    0.023   -1003180    0 
21100:    1.00    0.202    0.010 0.147    0.024   -1003174    0 
21200:    1.00    0.218    0.010 0.148    0.024   -1003223    0 
21300:    1.00    0.394    0.010 0.147    0.023   -1003273    0 
21400:    1.00    0.129    0.010 0.147    0.024   -1003658    0 
21500:    1.00    0.160    0.010 0.152    0.024   -1002892    0 
21600:    1.00    0.239    0.010 0.152    0.024   -1003226    0 
21700:    1.00    0.118    0.010 0.152    0.025   -1003237    0 
21800:    1.00    0.219    0.010 0.153    0.025   -1003340    0 
21900:    1.00    0.138    0.010 0.153    0.024   -1003287    0 

--------------------------------------------
Proportion of membership of each pre-defined
 population in each of the 2 clusters

Given    Inferred Clusters       Number of
 Pop       1      2             Individuals

  1:     0.729  0.271              23
--------------------------------------------

 Rep#:   Lambda   Alpha      F1    F2     D1,2    Ln Like  Est Ln P(D)
22000:    1.00    0.251    0.010 0.154    0.024   -1002953    0 
22100:    1.00    0.186    0.010 0.155    0.025   -1003219    0 
22200:    1.00    0.255    0.010 0.154    0.025   -1003426    0 
22300:    1.00    0.186    0.010 0.154    0.025   -1002994    0 
22400:    1.00    0.146    0.009 0.153    0.024   -1003171    0 
22500:    1.00    0.138    0.009 0.153    0.025   -1003334    0 
22600:    1.00    0.201    0.009 0.150    0.024   -1003227    0 
22700:    1.00    0.174    0.009 0.147    0.024   -1003369    0 
22800:    1.00    0.167    0.009 0.147    0.023   -1003194    0 
22900:    1.00    0.158    0.009 0.144    0.023   -1003280    0 

--------------------------------------------
Proportion of membership of each pre-defined
 population in each of the 2 clusters

Given    Inferred Clusters       Number of
 Pop       1      2             Individuals

  1:     0.732  0.268              23
--------------------------------------------

 Rep#:   Lambda   Alpha      F1    F2     D1,2    Ln Like  Est Ln P(D)
23000:    1.00    0.238    0.009 0.146    0.023   -1003541    0 
23100:    1.00    0.194    0.009 0.146    0.024   -1003702    0 
23200:    1.00    0.183    0.009 0.146    0.023   -1003121    0 
23300:    1.00    0.246    0.009 0.146    0.024   -1003314    0 
23400:    1.00    0.252    0.009 0.145    0.023   -1003666    0 
23500:    1.00    0.243    0.009 0.147    0.024   -1002749    0 
23600:    1.00    0.225    0.009 0.147    0.023   -1003275    0 
23700:    1.00    0.181    0.009 0.147    0.024   -1003358    0 
23800:    1.00    0.248    0.009 0.146    0.024   -1003724    0 
23900:    1.00    0.299    0.009 0.148    0.024   -1003338    0 

--------------------------------------------
Proportion of membership of each pre-defined
 population in each of the 2 clusters

Given    Inferred Clusters       Number of
 Pop       1      2             Individuals

  1:     0.729  0.271              23
--------------------------------------------

 Rep#:   Lambda   Alpha      F1    F2     D1,2    Ln Like  Est Ln P(D)
24000:    1.00    0.264    0.009 0.148    0.024   -1003420    0 
24100:    1.00    0.289    0.009 0.148    0.024   -1003640    0 
24200:    1.00    0.151    0.009 0.150    0.024   -1003471    0 
24300:    1.00    0.198    0.009 0.150    0.024   -1003434    0 
24400:    1.00    0.223    0.009 0.150    0.024   -1003297    0 
24500:    1.00    0.281    0.009 0.150    0.024   -1003103    0 
24600:    1.00    0.183    0.009 0.151    0.024   -1002955    0 
24700:    1.00    0.391    0.009 0.149    0.024   -1003129    0 
24800:    1.00    0.111    0.009 0.150    0.024   -1003319    0 
24900:    1.00    0.178    0.009 0.149    0.024   -1003532    0 

--------------------------------------------
Proportion of membership of each pre-defined
 population in each of the 2 clusters

Given    Inferred Clusters       Number of
 Pop       1      2             Individuals

  1:     0.737  0.263              23
--------------------------------------------

 Rep#:   Lambda   Alpha      F1    F2     D1,2    Ln Like  Est Ln P(D)
25000:    1.00    0.311    0.009 0.147    0.024   -1003346    0 
25100:    1.00    0.178    0.009 0.147    0.024   -1003647    0 
25200:    1.00    0.193    0.009 0.147    0.024   -1003045    0 
25300:    1.00    0.226    0.009 0.149    0.023   -1003340    0 
25400:    1.00    0.205    0.009 0.147    0.023   -1003393    0 
25500:    1.00    0.194    0.009 0.147    0.024   -1003045    0 
25600:    1.00    0.199    0.009 0.147    0.023   -1002943    0 
25700:    1.00    0.184    0.009 0.147    0.023   -1003198    0 
25800:    1.00    0.213    0.009 0.142    0.023   -1003792    0 
25900:    1.00    0.208    0.009 0.143    0.023   -1003405    0 

--------------------------------------------
Proportion of membership of each pre-defined
 population in each of the 2 clusters

Given    Inferred Clusters       Number of
 Pop       1      2             Individuals

  1:     0.731  0.269              23
--------------------------------------------

 Rep#:   Lambda   Alpha      F1    F2     D1,2    Ln Like  Est Ln P(D)
26000:    1.00    0.129    0.009 0.143    0.023   -1003121    0 
26100:    1.00    0.201    0.009 0.142    0.023   -1003478    0 
26200:    1.00    0.135    0.009 0.142    0.023   -1003669    0 
26300:    1.00    0.108    0.009 0.143    0.023   -1003592    0 
26400:    1.00    0.147    0.009 0.146    0.023   -1003102    0 
26500:    1.00    0.185    0.009 0.145    0.023   -1003792    0 
26600:    1.00    0.153    0.009 0.145    0.023   -1003398    0 
26700:    1.00    0.285    0.009 0.144    0.023   -1003223    0 
26800:    1.00    0.116    0.009 0.144    0.023   -1003724    0 
26900:    1.00    0.313    0.009 0.148    0.024   -1003041    0 

--------------------------------------------
Proportion of membership of each pre-defined
 population in each of the 2 clusters

Given    Inferred Clusters       Number of
 Pop       1      2             Individuals

  1:     0.737  0.263              23
--------------------------------------------

 Rep#:   Lambda   Alpha      F1    F2     D1,2    Ln Like  Est Ln P(D)
27000:    1.00    0.220    0.009 0.149    0.024   -1003129    0 
27100:    1.00    0.120    0.009 0.149    0.023   -1002923    0 
27200:    1.00    0.183    0.009 0.149    0.024   -1003010    0 
27300:    1.00    0.221    0.009 0.148    0.024   -1003052    0 
27400:    1.00    0.170    0.009 0.147    0.023   -1003478    0 
27500:    1.00    0.201    0.009 0.149    0.024   -1003082    0 
27600:    1.00    0.169    0.009 0.151    0.024   -1003334    0 
27700:    1.00    0.245    0.009 0.152    0.024   -1003411    0 
27800:    1.00    0.149    0.009 0.152    0.024   -1003251    0 
27900:    1.00    0.194    0.009 0.152    0.024   -1002911    0 

--------------------------------------------
Proportion of membership of each pre-defined
 population in each of the 2 clusters

Given    Inferred Clusters       Number of
 Pop       1      2             Individuals

  1:     0.742  0.258              23
--------------------------------------------

 Rep#:   Lambda   Alpha      F1    F2     D1,2    Ln Like  Est Ln P(D)
28000:    1.00    0.159    0.009 0.150    0.024   -1003769    0 
28100:    1.00    0.174    0.009 0.148    0.024   -1003359    0 
28200:    1.00    0.218    0.009 0.147    0.024   -1003214    0 
28300:    1.00    0.191    0.009 0.147    0.023   -1003301    0 
28400:    1.00    0.278    0.009 0.147    0.023   -1003438    0 
28500:    1.00    0.218    0.009 0.148    0.024   -1002934    0 
28600:    1.00    0.181    0.009 0.146    0.023   -1003205    0 
28700:    1.00    0.190    0.009 0.147    0.023   -1003630    0 
28800:    1.00    0.175    0.009 0.147    0.023   -1003312    0 
28900:    1.00    0.261    0.009 0.147    0.023   -1003274    0 

--------------------------------------------
Proportion of membership of each pre-defined
 population in each of the 2 clusters

Given    Inferred Clusters       Number of
 Pop       1      2             Individuals

  1:     0.736  0.264              23
--------------------------------------------

 Rep#:   Lambda   Alpha      F1    F2     D1,2    Ln Like  Est Ln P(D)
29000:    1.00    0.150    0.009 0.146    0.023   -1003023    0 
29100:    1.00    0.159    0.009 0.147    0.024   -1003216    0 
29200:    1.00    0.116    0.009 0.145    0.023   -1003186    0 
29300:    1.00    0.161    0.009 0.144    0.023   -1003461    0 
29400:    1.00    0.228    0.009 0.144    0.023   -1003475    0 
29500:    1.00    0.205    0.009 0.144    0.023   -1003193    0 
29600:    1.00    0.235    0.009 0.144    0.023   -1003265    0 
29700:    1.00    0.222    0.009 0.144    0.023   -1003815    0 
29800:    1.00    0.206    0.009 0.141    0.023   -1003510    0 
29900:    1.00    0.109    0.009 0.143    0.023   -1003202    0 

--------------------------------------------
Proportion of membership of each pre-defined
 population in each of the 2 clusters

Given    Inferred Clusters       Number of
 Pop       1      2             Individuals

  1:     0.737  0.263              23
--------------------------------------------

 Rep#:   Lambda   Alpha      F1    F2     D1,2    Ln Like  Est Ln P(D)
30000:    1.00    0.249    0.009 0.143    0.023   -1003329    0 
30100:    1.00    0.142    0.009 0.143    0.023   -1003521    0 
30200:    1.00    0.196    0.009 0.148    0.023   -1003366    0 
30300:    1.00    0.220    0.009 0.148    0.023   -1003188    0 
30400:    1.00    0.184    0.009 0.149    0.024   -1003293    0 
30500:    1.00    0.231    0.009 0.149    0.024   -1003346    0 
30600:    1.00    0.169    0.009 0.148    0.024   -1003620    0 
30700:    1.00    0.374    0.009 0.148    0.023   -1003343    0 
30800:    1.00    0.122    0.009 0.147    0.023   -1003065    0 
30900:    1.00    0.142    0.009 0.145    0.024   -1003337    0 

--------------------------------------------
Proportion of membership of each pre-defined
 population in each of the 2 clusters

Given    Inferred Clusters       Number of
 Pop       1      2             Individuals

  1:     0.741  0.259              23
--------------------------------------------

 Rep#:   Lambda   Alpha      F1    F2     D1,2    Ln Like  Est Ln P(D)
31000:    1.00    0.221    0.009 0.145    0.023   -1003396    0 
31100:    1.00    0.144    0.009 0.144    0.023   -1003173    0 
31200:    1.00    0.158    0.009 0.145    0.023   -1003312    0 
31300:    1.00    0.220    0.009 0.146    0.023   -1003385    0 
31400:    1.00    0.151    0.009 0.147    0.023   -1002573    0 
31500:    1.00    0.181    0.009 0.147    0.024   -1003740    0 
31600:    1.00    0.125    0.009 0.148    0.024   -1002871    0 
31700:    1.00    0.131    0.009 0.150    0.024   -1003497    0 
31800:    1.00    0.191    0.009 0.152    0.024   -1003232    0 
31900:    1.00    0.171    0.009 0.152    0.024   -1002971    0 

--------------------------------------------
Proportion of membership of each pre-defined
 population in each of the 2 clusters

Given    Inferred Clusters       Number of
 Pop       1      2             Individuals

  1:     0.741  0.259              23
--------------------------------------------

 Rep#:   Lambda   Alpha      F1    F2     D1,2    Ln Like  Est Ln P(D)
32000:    1.00    0.240    0.009 0.152    0.024   -1003561    0 
32100:    1.00    0.174    0.009 0.152    0.024   -1003014    0 
32200:    1.00    0.211    0.009 0.150    0.024   -1002986    0 
32300:    1.00    0.274    0.008 0.154    0.024   -1003128    0 
32400:    1.00    0.115    0.008 0.152    0.024   -1003124    0 
32500:    1.00    0.171    0.008 0.153    0.024   -1003420    0 
32600:    1.00    0.243    0.008 0.152    0.024   -1003432    0 
32700:    1.00    0.207    0.008 0.152    0.024   -1003345    0 
32800:    1.00    0.129    0.008 0.149    0.024   -1003553    0 
32900:    1.00    0.221    0.008 0.153    0.024   -1003420    0 

--------------------------------------------
Proportion of membership of each pre-defined
 population in each of the 2 clusters

Given    Inferred Clusters       Number of
 Pop       1      2             Individuals

  1:     0.743  0.257              23
--------------------------------------------

 Rep#:   Lambda   Alpha      F1    F2     D1,2    Ln Like  Est Ln P(D)
33000:    1.00    0.222    0.008 0.151    0.024   -1003649    0 
33100:    1.00    0.224    0.008 0.148    0.024   -1003414    0 
33200:    1.00    0.186    0.008 0.149    0.024   -1003545    0 
33300:    1.00    0.169    0.008 0.149    0.024   -1003462    0 
33400:    1.00    0.194    0.008 0.148    0.023   -1003399    0 
33500:    1.00    0.171    0.008 0.148    0.024   -1003304    0 
33600:    1.00    0.202    0.008 0.148    0.024   -1003597    0 
33700:    1.00    0.208    0.008 0.150    0.024   -1003789    0 
33800:    1.00    0.160    0.008 0.151    0.024   -1003414    0 
33900:    1.00    0.186    0.008 0.150    0.024   -1003161    0 

--------------------------------------------
Proportion of membership of each pre-defined
 population in each of the 2 clusters

Given    Inferred Clusters       Number of
 Pop       1      2             Individuals

  1:     0.745  0.255              23
--------------------------------------------

 Rep#:   Lambda   Alpha      F1    F2     D1,2    Ln Like  Est Ln P(D)
34000:    1.00    0.179    0.008 0.150    0.024   -1003531    0 
34100:    1.00    0.244    0.008 0.149    0.023   -1003770    0 
34200:    1.00    0.226    0.008 0.149    0.024   -1003231    0 
34300:    1.00    0.229    0.008 0.149    0.024   -1003490    0 
34400:    1.00    0.186    0.008 0.150    0.024   -1003214    0 
34500:    1.00    0.205    0.008 0.150    0.024   -1003498    0 
34600:    1.00    0.198    0.008 0.150    0.023   -1003316    0 
34700:    1.00    0.174    0.008 0.149    0.024   -1003073    0 
34800:    1.00    0.209    0.008 0.149    0.024   -1003482    0 
34900:    1.00    0.218    0.008 0.149    0.023   -1003613    0 

--------------------------------------------
Proportion of membership of each pre-defined
 population in each of the 2 clusters

Given    Inferred Clusters       Number of
 Pop       1      2             Individuals

  1:     0.744  0.256              23
--------------------------------------------

 Rep#:   Lambda   Alpha      F1    F2     D1,2    Ln Like  Est Ln P(D)
35000:    1.00    0.220    0.008 0.149    0.024   -1003619    0 
35100:    1.00    0.229    0.008 0.151    0.024   -1003070    0 
35200:    1.00    0.197    0.008 0.151    0.024   -1003401    0 
35300:    1.00    0.221    0.008 0.151    0.024   -1003179    0 
35400:    1.00    0.164    0.008 0.153    0.025   -1003151    0 
35500:    1.00    0.178    0.008 0.150    0.024   -1003540    0 
35600:    1.00    0.104    0.008 0.147    0.023   -1003672    0 
35700:    1.00    0.210    0.008 0.150    0.024   -1002955    0 
35800:    1.00    0.134    0.008 0.149    0.024   -1003330    0 
35900:    1.00    0.219    0.008 0.150    0.024   -1003397    0 

--------------------------------------------
Proportion of membership of each pre-defined
 population in each of the 2 clusters

Given    Inferred Clusters       Number of
 Pop       1      2             Individuals

  1:     0.743  0.257              23
--------------------------------------------

 Rep#:   Lambda   Alpha      F1    F2     D1,2    Ln Like  Est Ln P(D)
36000:    1.00    0.319    0.008 0.150    0.024   -1003147    0 
36100:    1.00    0.380    0.008 0.150    0.024   -1003651    0 
36200:    1.00    0.113    0.008 0.148    0.023   -1003467    0 
36300:    1.00    0.164    0.008 0.147    0.024   -1003681    0 
36400:    1.00    0.174    0.008 0.149    0.024   -1003312    0 
36500:    1.00    0.122    0.008 0.149    0.024   -1003160    0 
36600:    1.00    0.232    0.008 0.152    0.024   -1003137    0 
36700:    1.00    0.226    0.008 0.152    0.024   -1003173    0 
36800:    1.00    0.208    0.008 0.149    0.024   -1003721    0 
36900:    1.00    0.301    0.008 0.151    0.024   -1002804    0 

--------------------------------------------
Proportion of membership of each pre-defined
 population in each of the 2 clusters

Given    Inferred Clusters       Number of
 Pop       1      2             Individuals

  1:     0.739  0.261              23
--------------------------------------------

 Rep#:   Lambda   Alpha      F1    F2     D1,2    Ln Like  Est Ln P(D)
37000:    1.00    0.206    0.008 0.149    0.024   -1003340    0 
37100:    1.00    0.218    0.008 0.149    0.024   -1003310    0 
37200:    1.00    0.159    0.008 0.149    0.024   -1003154    0 
37300:    1.00    0.166    0.008 0.151    0.024   -1003331    0 
37400:    1.00    0.169    0.008 0.151    0.024   -1003208    0 
37500:    1.00    0.170    0.008 0.152    0.024   -1002772    0 
37600:    1.00    0.232    0.008 0.152    0.024   -1003517    0 
37700:    1.00    0.182    0.008 0.154    0.024   -1003313    0 
37800:    1.00    0.146    0.008 0.153    0.024   -1003619    0 
37900:    1.00    0.163    0.008 0.153    0.024   -1003351    0 

--------------------------------------------
Proportion of membership of each pre-defined
 population in each of the 2 clusters

Given    Inferred Clusters       Number of
 Pop       1      2             Individuals

  1:     0.736  0.264              23
--------------------------------------------

 Rep#:   Lambda   Alpha      F1    F2     D1,2    Ln Like  Est Ln P(D)
38000:    1.00    0.154    0.008 0.153    0.024   -1003758    0 
38100:    1.00    0.172    0.008 0.150    0.024   -1003489    0 
38200:    1.00    0.102    0.008 0.152    0.024   -1003215    0 
38300:    1.00    0.118    0.008 0.148    0.024   -1003511    0 
38400:    1.00    0.214    0.008 0.150    0.024   -1003110    0 
38500:    1.00    0.102    0.008 0.150    0.023   -1003575    0 
38600:    1.00    0.210    0.008 0.149    0.024   -1003051    0 
38700:    1.00    0.293    0.008 0.149    0.023   -1003014    0 
38800:    1.00    0.220    0.008 0.149    0.024   -1003350    0 
38900:    1.00    0.181    0.008 0.148    0.023   -1003377    0 

--------------------------------------------
Proportion of membership of each pre-defined
 population in each of the 2 clusters

Given    Inferred Clusters       Number of
 Pop       1      2             Individuals

  1:     0.739  0.261              23
--------------------------------------------

 Rep#:   Lambda   Alpha      F1    F2     D1,2    Ln Like  Est Ln P(D)
39000:    1.00    0.200    0.008 0.148    0.024   -1003725    0 
39100:    1.00    0.156    0.008 0.148    0.024   -1003705    0 
39200:    1.00    0.225    0.008 0.145    0.023   -1003503    0 
39300:    1.00    0.269    0.008 0.148    0.024   -1003047    0 
39400:    1.00    0.257    0.008 0.148    0.023   -1003499    0 
39500:    1.00    0.196    0.008 0.147    0.024   -1003114    0 
39600:    1.00    0.146    0.007 0.148    0.023   -1003268    0 
39700:    1.00    0.165    0.007 0.146    0.023   -1003753    0 
39800:    1.00    0.125    0.007 0.146    0.023   -1003425    0 
39900:    1.00    0.169    0.007 0.146    0.023   -1003320    0 

--------------------------------------------
Proportion of membership of each pre-defined
 population in each of the 2 clusters

Given    Inferred Clusters       Number of
 Pop       1      2             Individuals

  1:     0.741  0.259              23
--------------------------------------------

 Rep#:   Lambda   Alpha      F1    F2     D1,2    Ln Like  Est Ln P(D)
40000:    1.00    0.212    0.007 0.146    0.023   -1003173    0 
40100:    1.00    0.120    0.007 0.146    0.023   -1003562    0 
40200:    1.00    0.143    0.007 0.147    0.023   -1003323    0 
40300:    1.00    0.140    0.007 0.145    0.023   -1003722    0 
40400:    1.00    0.139    0.007 0.150    0.024   -1003740    0 
40500:    1.00    0.255    0.007 0.150    0.024   -1003284    0 
40600:    1.00    0.185    0.007 0.151    0.024   -1003243    0 
40700:    1.00    0.128    0.007 0.150    0.024   -1003606    0 
40800:    1.00    0.164    0.007 0.149    0.024   -1003327    0 
40900:    1.00    0.142    0.007 0.151    0.024   -1003391    0 

--------------------------------------------
Proportion of membership of each pre-defined
 population in each of the 2 clusters

Given    Inferred Clusters       Number of
 Pop       1      2             Individuals

  1:     0.742  0.258              23
--------------------------------------------

 Rep#:   Lambda   Alpha      F1    F2     D1,2    Ln Like  Est Ln P(D)
41000:    1.00    0.117    0.007 0.150    0.024   -1003050    0 
41100:    1.00    0.117    0.007 0.149    0.024   -1003350    0 
41200:    1.00    0.254    0.007 0.150    0.024   -1003560    0 
41300:    1.00    0.255    0.007 0.152    0.024   -1003186    0 
41400:    1.00    0.135    0.007 0.152    0.024   -1003479    0 
41500:    1.00    0.193    0.007 0.149    0.023   -1003490    0 
41600:    1.00    0.221    0.007 0.151    0.024   -1003745    0 
41700:    1.00    0.274    0.007 0.151    0.024   -1003724    0 
41800:    1.00    0.185    0.007 0.151    0.024   -1002883    0 
41900:    1.00    0.117    0.007 0.152    0.024   -1003191    0 

--------------------------------------------
Proportion of membership of each pre-defined
 population in each of the 2 clusters

Given    Inferred Clusters       Number of
 Pop       1      2             Individuals

  1:     0.741  0.259              23
--------------------------------------------

 Rep#:   Lambda   Alpha      F1    F2     D1,2    Ln Like  Est Ln P(D)
42000:    1.00    0.196    0.007 0.150    0.024   -1003193    0 
42100:    1.00    0.155    0.007 0.149    0.024   -1003118    0 
42200:    1.00    0.262    0.007 0.147    0.023   -1003339    0 
42300:    1.00    0.212    0.007 0.148    0.023   -1003143    0 
42400:    1.00    0.208    0.007 0.149    0.024   -1003661    0 
42500:    1.00    0.303    0.007 0.148    0.024   -1003508    0 
42600:    1.00    0.180    0.007 0.150    0.024   -1002972    0 
42700:    1.00    0.096    0.007 0.149    0.024   -1003560    0 
42800:    1.00    0.171    0.007 0.149    0.024   -1003042    0 
42900:    1.00    0.127    0.007 0.148    0.023   -1003184    0 

--------------------------------------------
Proportion of membership of each pre-defined
 population in each of the 2 clusters

Given    Inferred Clusters       Number of
 Pop       1      2             Individuals

  1:     0.741  0.259              23
--------------------------------------------

 Rep#:   Lambda   Alpha      F1    F2     D1,2    Ln Like  Est Ln P(D)
43000:    1.00    0.187    0.007 0.149    0.024   -1003205    0 
43100:    1.00    0.184    0.007 0.148    0.023   -1003892    0 
43200:    1.00    0.152    0.007 0.150    0.024   -1003337    0 
43300:    1.00    0.200    0.007 0.153    0.024   -1002993    0 
43400:    1.00    0.190    0.007 0.151    0.024   -1003551    0 
43500:    1.00    0.168    0.007 0.151    0.024   -1003786    0 
43600:    1.00    0.291    0.007 0.151    0.024   -1003129    0 
43700:    1.00    0.173    0.007 0.151    0.024   -1003326    0 
43800:    1.00    0.210    0.007 0.151    0.024   -1003732    0 
43900:    1.00    0.176    0.007 0.149    0.024   -1003735    0 

--------------------------------------------
Proportion of membership of each pre-defined
 population in each of the 2 clusters

Given    Inferred Clusters       Number of
 Pop       1      2             Individuals

  1:     0.736  0.264              23
--------------------------------------------

 Rep#:   Lambda   Alpha      F1    F2     D1,2    Ln Like  Est Ln P(D)
44000:    1.00    0.085    0.007 0.148    0.023   -1003596    0 
44100:    1.00    0.195    0.007 0.149    0.023   -1003272    0 
44200:    1.00    0.132    0.007 0.147    0.024   -1003644    0 
44300:    1.00    0.188    0.007 0.148    0.023   -1003218    0 
44400:    1.00    0.225    0.007 0.149    0.023   -1003192    0 
44500:    1.00    0.208    0.007 0.149    0.024   -1003662    0 
44600:    1.00    0.222    0.007 0.150    0.024   -1003476    0 
44700:    1.00    0.264    0.007 0.150    0.023   -1003313    0 
44800:    1.00    0.193    0.007 0.149    0.024   -1003415    0 
44900:    1.00    0.175    0.007 0.151    0.024   -1003637    0 

--------------------------------------------
Proportion of membership of each pre-defined
 population in each of the 2 clusters

Given    Inferred Clusters       Number of
 Pop       1      2             Individuals

  1:     0.741  0.259              23
--------------------------------------------

 Rep#:   Lambda   Alpha      F1    F2     D1,2    Ln Like  Est Ln P(D)
45000:    1.00    0.186    0.007 0.151    0.024   -1003145    0 
45100:    1.00    0.252    0.007 0.151    0.024   -1003367    0 
45200:    1.00    0.246    0.007 0.151    0.024   -1003165    0 
45300:    1.00    0.219    0.007 0.149    0.023   -1003430    0 
45400:    1.00    0.160    0.007 0.148    0.024   -1003609    0 
45500:    1.00    0.211    0.007 0.149    0.024   -1002993    0 
45600:    1.00    0.172    0.007 0.149    0.024   -1003266    0 
45700:    1.00    0.272    0.007 0.147    0.023   -1003296    0 
45800:    1.00    0.133    0.007 0.145    0.023   -1003396    0 
45900:    1.00    0.190    0.007 0.146    0.024   -1003552    0 

--------------------------------------------
Proportion of membership of each pre-defined
 population in each of the 2 clusters

Given    Inferred Clusters       Number of
 Pop       1      2             Individuals

  1:     0.740  0.260              23
--------------------------------------------

 Rep#:   Lambda   Alpha      F1    F2     D1,2    Ln Like  Est Ln P(D)
46000:    1.00    0.203    0.007 0.146    0.023   -1003286    0 
46100:    1.00    0.130    0.007 0.149    0.023   -1003501    0 
46200:    1.00    0.265    0.007 0.149    0.023   -1003620    0 
46300:    1.00    0.226    0.007 0.149    0.023   -1003833    0 
46400:    1.00    0.270    0.007 0.148    0.023   -1003343    0 
46500:    1.00    0.207    0.007 0.147    0.023   -1003397    0 
46600:    1.00    0.228    0.007 0.147    0.023   -1003313    0 
46700:    1.00    0.211    0.007 0.148    0.023   -1003249    0 
46800:    1.00    0.232    0.007 0.150    0.024   -1003147    0 
46900:    1.00    0.195    0.007 0.150    0.023   -1003451    0 

--------------------------------------------
Proportion of membership of each pre-defined
 population in each of the 2 clusters

Given    Inferred Clusters       Number of
 Pop       1      2             Individuals

  1:     0.741  0.259              23
--------------------------------------------

 Rep#:   Lambda   Alpha      F1    F2     D1,2    Ln Like  Est Ln P(D)
47000:    1.00    0.148    0.007 0.150    0.024   -1003364    0 
47100:    1.00    0.232    0.007 0.150    0.024   -1003466    0 
47200:    1.00    0.208    0.007 0.152    0.024   -1003209    0 
47300:    1.00    0.226    0.007 0.150    0.024   -1003433    0 
47400:    1.00    0.228    0.007 0.149    0.024   -1003292    0 
47500:    1.00    0.306    0.007 0.150    0.024   -1003416    0 
47600:    1.00    0.263    0.007 0.153    0.024   -1003314    0 
47700:    1.00    0.195    0.007 0.152    0.024   -1003177    0 
47800:    1.00    0.268    0.007 0.154    0.024   -1003209    0 
47900:    1.00    0.268    0.007 0.154    0.024   -1003018    0 

--------------------------------------------
Proportion of membership of each pre-defined
 population in each of the 2 clusters

Given    Inferred Clusters       Number of
 Pop       1      2             Individuals

  1:     0.743  0.257              23
--------------------------------------------

 Rep#:   Lambda   Alpha      F1    F2     D1,2    Ln Like  Est Ln P(D)
48000:    1.00    0.100    0.007 0.153    0.024   -1003469    0 
48100:    1.00    0.289    0.007 0.153    0.024   -1003087    0 
48200:    1.00    0.203    0.007 0.152    0.024   -1003224    0 
48300:    1.00    0.201    0.007 0.154    0.024   -1003513    0 
48400:    1.00    0.201    0.007 0.154    0.024   -1003696    0 
48500:    1.00    0.260    0.007 0.154    0.024   -1003249    0 
48600:    1.00    0.256    0.007 0.154    0.024   -1003421    0 
48700:    1.00    0.219    0.007 0.154    0.024   -1003444    0 
48800:    1.00    0.232    0.007 0.157    0.025   -1003271    0 
48900:    1.00    0.172    0.007 0.157    0.025   -1003498    0 

--------------------------------------------
Proportion of membership of each pre-defined
 population in each of the 2 clusters

Given    Inferred Clusters       Number of
 Pop       1      2             Individuals

  1:     0.751  0.249              23
--------------------------------------------

 Rep#:   Lambda   Alpha      F1    F2     D1,2    Ln Like  Est Ln P(D)
49000:    1.00    0.224    0.007 0.157    0.025   -1003069    0 
49100:    1.00    0.231    0.007 0.155    0.025   -1003647    0 
49200:    1.00    0.416    0.007 0.155    0.024   -1003823    0 
49300:    1.00    0.202    0.007 0.156    0.024   -1003243    0 
49400:    1.00    0.359    0.007 0.156    0.025   -1003508    0 
49500:    1.00    0.170    0.007 0.155    0.024   -1003483    0 
49600:    1.00    0.288    0.007 0.155    0.024   -1003151    0 
49700:    1.00    0.102    0.007 0.153    0.024   -1003300    0 
49800:    1.00    0.197    0.007 0.155    0.024   -1003457    0 
49900:    1.00    0.235    0.007 0.150    0.024   -1003653    0 

--------------------------------------------
Proportion of membership of each pre-defined
 population in each of the 2 clusters

Given    Inferred Clusters       Number of
 Pop       1      2             Individuals

  1:     0.743  0.257              23
--------------------------------------------

 Rep#:   Lambda   Alpha      F1    F2     D1,2    Ln Like  Est Ln P(D)
50000:    1.00    0.181    0.007 0.150    0.023   -1003657    0 
50100:    1.00    0.202    0.007 0.150    0.023   -1003675    0 
50200:    1.00    0.133    0.007 0.148    0.023   -1003353    0 
50300:    1.00    0.208    0.007 0.148    0.023   -1003286    0 
50400:    1.00    0.261    0.007 0.149    0.023   -1003515    0 
50500:    1.00    0.189    0.007 0.149    0.024   -1003554    0 
50600:    1.00    0.137    0.007 0.150    0.024   -1003637    0 
50700:    1.00    0.162    0.007 0.151    0.024   -1003259    0 
50800:    1.00    0.164    0.007 0.148    0.024   -1003284    0 
50900:    1.00    0.171    0.007 0.150    0.024   -1003145    0 

--------------------------------------------
Proportion of membership of each pre-defined
 population in each of the 2 clusters

Given    Inferred Clusters       Number of
 Pop       1      2             Individuals

  1:     0.739  0.261              23
--------------------------------------------

 Rep#:   Lambda   Alpha      F1    F2     D1,2    Ln Like  Est Ln P(D)
51000:    1.00    0.143    0.007 0.150    0.024   -1003286    0 
51100:    1.00    0.140    0.007 0.147    0.023   -1003304    0 
51200:    1.00    0.152    0.007 0.147    0.023   -1003482    0 
51300:    1.00    0.305    0.007 0.146    0.023   -1003684    0 
51400:    1.00    0.206    0.007 0.146    0.023   -1003078    0 
51500:    1.00    0.177    0.007 0.147    0.023   -1003129    0 
51600:    1.00    0.176    0.007 0.148    0.023   -1004147    0 
51700:    1.00    0.158    0.007 0.148    0.024   -1003482    0 
51800:    1.00    0.133    0.007 0.152    0.024   -1003178    0 
51900:    1.00    0.140    0.007 0.153    0.024   -1003018    0 

--------------------------------------------
Proportion of membership of each pre-defined
 population in each of the 2 clusters

Given    Inferred Clusters       Number of
 Pop       1      2             Individuals

  1:     0.747  0.253              23
--------------------------------------------

 Rep#:   Lambda   Alpha      F1    F2     D1,2    Ln Like  Est Ln P(D)
52000:    1.00    0.167    0.007 0.150    0.024   -1003747    0 
52100:    1.00    0.251    0.007 0.148    0.023   -1003648    0 
52200:    1.00    0.139    0.007 0.150    0.023   -1003625    0 
52300:    1.00    0.150    0.007 0.150    0.024   -1003132    0 
52400:    1.00    0.246    0.007 0.149    0.024   -1003468    0 
52500:    1.00    0.117    0.007 0.149    0.023   -1003331    0 
52600:    1.00    0.174    0.007 0.149    0.023   -1003765    0 
52700:    1.00    0.196    0.007 0.152    0.024   -1003378    0 
52800:    1.00    0.151    0.007 0.152    0.024   -1003655    0 
52900:    1.00    0.241    0.007 0.149    0.024   -1003318    0 

--------------------------------------------
Proportion of membership of each pre-defined
 population in each of the 2 clusters

Given    Inferred Clusters       Number of
 Pop       1      2             Individuals

  1:     0.739  0.261              23
--------------------------------------------

 Rep#:   Lambda   Alpha      F1    F2     D1,2    Ln Like  Est Ln P(D)
53000:    1.00    0.208    0.007 0.147    0.023   -1003415    0 
53100:    1.00    0.170    0.007 0.148    0.023   -1003598    0 
53200:    1.00    0.196    0.007 0.148    0.024   -1003057    0 
53300:    1.00    0.157    0.007 0.152    0.024   -1003511    0 
53400:    1.00    0.170    0.007 0.147    0.023   -1003590    0 
53500:    1.00    0.195    0.007 0.147    0.023   -1003421    0 
53600:    1.00    0.103    0.007 0.147    0.023   -1003206    0 
53700:    1.00    0.115    0.007 0.147    0.023   -1003657    0 
53800:    1.00    0.201    0.007 0.149    0.023   -1003340    0 
53900:    1.00    0.172    0.007 0.148    0.023   -1003350    0 

--------------------------------------------
Proportion of membership of each pre-defined
 population in each of the 2 clusters

Given    Inferred Clusters       Number of
 Pop       1      2             Individuals

  1:     0.742  0.258              23
--------------------------------------------

 Rep#:   Lambda   Alpha      F1    F2     D1,2    Ln Like  Est Ln P(D)
54000:    1.00    0.217    0.007 0.148    0.023   -1003591    0 
54100:    1.00    0.177    0.007 0.150    0.024   -1003477    0 
54200:    1.00    0.158    0.007 0.151    0.024   -1003879    0 
54300:    1.00    0.223    0.007 0.152    0.024   -1003580    0 
54400:    1.00    0.107    0.007 0.151    0.024   -1003116    0 
54500:    1.00    0.180    0.007 0.151    0.024   -1003736    0 
54600:    1.00    0.181    0.007 0.152    0.024   -1003632    0 
54700:    1.00    0.210    0.006 0.154    0.024   -1003215    0 
54800:    1.00    0.206    0.006 0.154    0.024   -1003344    0 
54900:    1.00    0.143    0.006 0.152    0.024   -1003531    0 

--------------------------------------------
Proportion of membership of each pre-defined
 population in each of the 2 clusters

Given    Inferred Clusters       Number of
 Pop       1      2             Individuals

  1:     0.741  0.259              23
--------------------------------------------

 Rep#:   Lambda   Alpha      F1    F2     D1,2    Ln Like  Est Ln P(D)
55000:    1.00    0.242    0.006 0.152    0.024   -1003105    0 
55100:    1.00    0.216    0.006 0.151    0.024   -1003213    0 
55200:    1.00    0.227    0.006 0.153    0.024   -1002766    0 
55300:    1.00    0.170    0.006 0.153    0.024   -1003291    0 
55400:    1.00    0.177    0.006 0.151    0.024   -1003906    0 
55500:    1.00    0.132    0.006 0.149    0.024   -1002981    0 
55600:    1.00    0.164    0.006 0.149    0.023   -1004120    0 
55700:    1.00    0.146    0.006 0.153    0.024   -1003629    0 
55800:    1.00    0.229    0.006 0.153    0.024   -1003210    0 
55900:    1.00    0.175    0.006 0.151    0.024   -1003656    0 

--------------------------------------------
Proportion of membership of each pre-defined
 population in each of the 2 clusters

Given    Inferred Clusters       Number of
 Pop       1      2             Individuals

  1:     0.738  0.262              23
--------------------------------------------

 Rep#:   Lambda   Alpha      F1    F2     D1,2    Ln Like  Est Ln P(D)
56000:    1.00    0.237    0.006 0.151    0.024   -1003632    0 
56100:    1.00    0.194    0.006 0.149    0.023   -1003856    0 
56200:    1.00    0.130    0.006 0.148    0.023   -1003322    0 
56300:    1.00    0.147    0.006 0.149    0.023   -1003173    0 
56400:    1.00    0.231    0.006 0.150    0.023   -1003161    0 
56500:    1.00    0.218    0.006 0.150    0.023   -1003226    0 
56600:    1.00    0.137    0.006 0.150    0.024   -1003240    0 
56700:    1.00    0.207    0.006 0.150    0.023   -1003481    0 
56800:    1.00    0.243    0.006 0.150    0.023   -1003500    0 
56900:    1.00    0.196    0.006 0.150    0.024   -1003706    0 

--------------------------------------------
Proportion of membership of each pre-defined
 population in each of the 2 clusters

Given    Inferred Clusters       Number of
 Pop       1      2             Individuals

  1:     0.745  0.255              23
--------------------------------------------

 Rep#:   Lambda   Alpha      F1    F2     D1,2    Ln Like  Est Ln P(D)
57000:    1.00    0.168    0.006 0.151    0.024   -1003377    0 
57100:    1.00    0.142    0.006 0.150    0.023   -1003069    0 
57200:    1.00    0.169    0.006 0.151    0.024   -1003234    0 
57300:    1.00    0.200    0.006 0.149    0.024   -1003486    0 
57400:    1.00    0.244    0.006 0.150    0.024   -1003393    0 
57500:    1.00    0.232    0.006 0.150    0.024   -1003189    0 
57600:    1.00    0.237    0.006 0.148    0.023   -1003291    0 
57700:    1.00    0.163    0.006 0.148    0.023   -1003429    0 
57800:    1.00    0.207    0.006 0.149    0.023   -1003208    0 
57900:    1.00    0.230    0.006 0.149    0.023   -1003505    0 

--------------------------------------------
Proportion of membership of each pre-defined
 population in each of the 2 clusters

Given    Inferred Clusters       Number of
 Pop       1      2             Individuals

  1:     0.740  0.260              23
--------------------------------------------

 Rep#:   Lambda   Alpha      F1    F2     D1,2    Ln Like  Est Ln P(D)
58000:    1.00    0.169    0.006 0.149    0.023   -1003633    0 
58100:    1.00    0.292    0.006 0.149    0.024   -1003443    0 
58200:    1.00    0.129    0.006 0.148    0.023   -1003457    0 
58300:    1.00    0.240    0.006 0.147    0.023   -1003663    0 
58400:    1.00    0.166    0.006 0.148    0.023   -1003684    0 
58500:    1.00    0.146    0.006 0.149    0.023   -1003368    0 
58600:    1.00    0.155    0.006 0.147    0.023   -1003824    0 
58700:    1.00    0.191    0.006 0.147    0.023   -1003177    0 
58800:    1.00    0.314    0.006 0.147    0.023   -1003733    0 
58900:    1.00    0.176    0.006 0.147    0.023   -1003365    0 

--------------------------------------------
Proportion of membership of each pre-defined
 population in each of the 2 clusters

Given    Inferred Clusters       Number of
 Pop       1      2             Individuals

  1:     0.746  0.254              23
--------------------------------------------

 Rep#:   Lambda   Alpha      F1    F2     D1,2    Ln Like  Est Ln P(D)
59000:    1.00    0.174    0.006 0.147    0.023   -1003768    0 
59100:    1.00    0.220    0.006 0.147    0.023   -1003373    0 
59200:    1.00    0.104    0.006 0.147    0.023   -1003560    0 
59300:    1.00    0.247    0.006 0.148    0.023   -1003746    0 
59400:    1.00    0.232    0.006 0.148    0.023   -1003645    0 
59500:    1.00    0.217    0.006 0.149    0.023   -1003202    0 
59600:    1.00    0.140    0.006 0.148    0.023   -1003338    0 
59700:    1.00    0.234    0.006 0.150    0.024   -1003153    0 
59800:    1.00    0.230    0.006 0.146    0.023   -1003446    0 
59900:    1.00    0.136    0.006 0.147    0.023   -1003121    0 
60000:    1.00    0.154    0.006 0.147    0.023   -1003021    0 

MCMC completed

Inferred ancestry of individuals:
        Label (%Miss) Pop:  Inferred clusters
  1 18160D-09-0    (2)    1 :  0.861 0.139 
  2 18160D-09-0    (4)    1 :  0.827 0.173 
  3 18160D-09-0    (2)    1 :  0.249 0.751 
  4 18160D-09-0    (5)    1 :  0.000 1.000 
  5 18160D-09-0    (4)    1 :  0.096 0.904 
  6 18160D-09-0    (4)    1 :  0.056 0.944 
  7 18160D-09-0    (2)    1 :  0.002 0.998 
  8 18160D-09-0    (4)    1 :  0.871 0.129 
  9 18160D-09-0    (2)    1 :  1.000 0.000 
 10 18160D-09-1    (2)    1 :  1.000 0.000 
 11 18160D-09-1    (2)    1 :  1.000 0.000 
 12 18160D-09-1    (2)    1 :  0.999 0.001 
 13 18160D-09-1    (5)    1 :  0.835 0.165 
 14 18160D-09-1   (18)    1 :  0.828 0.172 
 15 18160D-09-1    (4)    1 :  0.915 0.085 
 16 18160D-09-1    (2)    1 :  1.000 0.000 
 17 18160D-09-1    (2)    1 :  0.864 0.136 
 18 18160D-09-1    (2)    1 :  0.998 0.002 
 19 18160D-09-1    (2)    1 :  0.899 0.101 
 20 18160D-09-2    (5)    1 :  0.930 0.070 
 21 18160D-09-2    (5)    1 :  0.850 0.150 
 22 18160D-09-2    (5)    1 :  0.999 0.001 
 23 18160D-09-2    (2)    1 :  0.898 0.102 

Command line arguments:   structure -D 244130 -K 2 -m mainparams -o k2/populations_k2_run3 
Input File:    populations.str
Output File:   k2/populations_k2_run3_f

Run parameters:
   23 individuals
   50160 loci
   2 populations assumed
   10000 Burn-in period
   50000 Reps
RANDOMIZE turned off

--------------------------------------------
Estimated Ln Prob of Data   = -1032251.1
Mean value of ln likelihood = -1003322.9
Variance of ln likelihood   = 57856.4
Mean value of alpha         = 0.1986

Mean value of Fst_1         = 0.0084
Mean value of Fst_2         = 0.1492


--------------------------------------------
Proportion of membership of each pre-defined
 population in each of the 2 clusters

Given    Inferred Clusters       Number of
 Pop       1      2             Individuals

  1:     0.738  0.262              23
--------------------------------------------
Final results printed to file k2/populations_k2_run3_f

