

----------------------------------------------------
STRUCTURE by Pritchard, Stephens and Donnelly (2000)
     and Falush, Stephens and Pritchard (2003)
       Code by Pritchard, Falush and Hubisz
             Version 2.3.4 (Jul 2012)
----------------------------------------------------


Reading file "mainparams".
datafile is
populations.str
Reading file "extraparams".
Reading file "populations.str".


Data file "populations.str" (truncated) --

Ind:   Label Pop : Genotype_data . . . .
  1: 18160D-09-0    1  :  4   1   3   1   4   1   3  . . . .   2
  1: 18160D-09-0    1  :  4   1   3   1   4   4   4  . . . .   4
  2: 18160D-09-0    1  :  4   1   3   1   4   1   3  . . . .   2
  2: 18160D-09-0    1  :  4   1   3   1   4   4   3  . . . .   4
  3: 18160D-09-0    1  :  4   1   0   0   0   0   3  . . . .   2
  3: 18160D-09-0    1  :  4   3   0   0   0   0   3  . . . .   4
  4: 18160D-09-0    1  :  4   1   3   1   4   1   3  . . . .   2
  4: 18160D-09-0    1  :  4   3   3   1   4   1   3  . . . .   4

      *******   

 22: 18160D-09-2    1  :  4   1   3   1   4   1   3  . . . .   2
 22: 18160D-09-2    1  :  4   3   3   1   4   1   4  . . . .   4
 23: 18160D-09-2    1  :  4   1   3   1   4   1   3  . . . .   2
 23: 18160D-09-2    1  :  4   1   3   1   4   4   4  . . . .   4

Number of alleles per locus: min= 2; ave=2.0; max= 2


--------------------------------------

Finished initialization; starting MCMC 
50000 iterations + 10000 burnin


--------------------------------------------
Proportion of membership of each pre-defined
 population in each of the 2 clusters

Given    Inferred Clusters       Number of
 Pop       1      2             Individuals

  1:     0.509  0.491              23
--------------------------------------------

 Rep#:   Lambda   Alpha      F1    F2     D1,2    Ln Like 
  100:    1.00    1.300    0.010 0.010    0.003   --  
  200:    1.00    1.290    0.010 0.010    0.003   --  
  300:    1.00    1.206    0.010 0.010    0.003   --  
  400:    1.00    1.712    0.010 0.010    0.003   --  
  500:    1.00    1.591    0.010 0.010    0.003   --  
  600:    1.00    1.442    0.010 0.010    0.003   --  
  700:    1.00    1.332    0.010 0.010    0.003   --  
  800:    1.00    1.003    0.010 0.010    0.003   --  
  900:    1.00    0.286    0.010 0.010    0.003   --  

--------------------------------------------
Proportion of membership of each pre-defined
 population in each of the 2 clusters

Given    Inferred Clusters       Number of
 Pop       1      2             Individuals

  1:     0.606  0.394              23
--------------------------------------------

 Rep#:   Lambda   Alpha      F1    F2     D1,2    Ln Like 
 1000:    1.00    0.062    0.010 0.010    0.003   --  
 1100:    1.00    0.068    0.010 0.010    0.003   --  
 1200:    1.00    0.092    0.011 0.010    0.003   --  
 1300:    1.00    0.070    0.011 0.010    0.003   --  
 1400:    1.00    0.132    0.012 0.010    0.003   --  
 1500:    1.00    0.052    0.012 0.010    0.003   --  
 1600:    1.00    0.082    0.012 0.010    0.004   --  
 1700:    1.00    0.056    0.012 0.010    0.004   --  
 1800:    1.00    0.073    0.012 0.010    0.004   --  
 1900:    1.00    0.034    0.012 0.010    0.004   --  

--------------------------------------------
Proportion of membership of each pre-defined
 population in each of the 2 clusters

Given    Inferred Clusters       Number of
 Pop       1      2             Individuals

  1:     0.651  0.349              23
--------------------------------------------

 Rep#:   Lambda   Alpha      F1    F2     D1,2    Ln Like 
 2000:    1.00    0.029    0.013 0.010    0.004   --  
 2100:    1.00    0.031    0.013 0.010    0.004   --  
 2200:    1.00    0.048    0.015 0.010    0.004   --  
 2300:    1.00    0.053    0.016 0.010    0.004   --  
 2400:    1.00    0.021    0.016 0.010    0.004   --  
 2500:    1.00    0.079    0.017 0.011    0.004   --  
 2600:    1.00    0.030    0.017 0.011    0.004   --  
 2700:    1.00    0.059    0.019 0.011    0.005   --  
 2800:    1.00    0.025    0.021 0.011    0.005   --  
 2900:    1.00    0.031    0.021 0.011    0.005   --  

--------------------------------------------
Proportion of membership of each pre-defined
 population in each of the 2 clusters

Given    Inferred Clusters       Number of
 Pop       1      2             Individuals

  1:     0.672  0.328              23
--------------------------------------------

 Rep#:   Lambda   Alpha      F1    F2     D1,2    Ln Like 
 3000:    1.00    0.046    0.021 0.011    0.005   --  
 3100:    1.00    0.045    0.022 0.011    0.005   --  
 3200:    1.00    0.048    0.022 0.011    0.005   --  
 3300:    1.00    0.063    0.022 0.011    0.005   --  
 3400:    1.00    0.045    0.023 0.011    0.005   --  
 3500:    1.00    0.028    0.023 0.011    0.005   --  
 3600:    1.00    0.056    0.024 0.011    0.006   --  
 3700:    1.00    0.046    0.024 0.011    0.006   --  
 3800:    1.00    0.060    0.025 0.011    0.006   --  
 3900:    1.00    0.068    0.026 0.011    0.006   --  

--------------------------------------------
Proportion of membership of each pre-defined
 population in each of the 2 clusters

Given    Inferred Clusters       Number of
 Pop       1      2             Individuals

  1:     0.662  0.338              23
--------------------------------------------

 Rep#:   Lambda   Alpha      F1    F2     D1,2    Ln Like 
 4000:    1.00    0.069    0.027 0.011    0.006   --  
 4100:    1.00    0.077    0.028 0.011    0.006   --  
 4200:    1.00    0.077    0.029 0.011    0.006   --  
 4300:    1.00    0.070    0.032 0.011    0.007   --  
 4400:    1.00    0.091    0.033 0.011    0.007   --  
 4500:    1.00    0.114    0.034 0.011    0.007   --  
 4600:    1.00    0.104    0.034 0.011    0.007   --  
 4700:    1.00    0.141    0.035 0.011    0.007   --  
 4800:    1.00    0.142    0.039 0.011    0.008   --  
 4900:    1.00    0.119    0.040 0.012    0.008   --  

--------------------------------------------
Proportion of membership of each pre-defined
 population in each of the 2 clusters

Given    Inferred Clusters       Number of
 Pop       1      2             Individuals

  1:     0.596  0.404              23
--------------------------------------------

 Rep#:   Lambda   Alpha      F1    F2     D1,2    Ln Like 
 5000:    1.00    0.168    0.040 0.012    0.008   --  
 5100:    1.00    0.194    0.042 0.012    0.009   --  
 5200:    1.00    0.099    0.045 0.012    0.009   --  
 5300:    1.00    0.104    0.045 0.012    0.009   --  
 5400:    1.00    0.112    0.060 0.012    0.011   --  
 5500:    1.00    0.125    0.068 0.012    0.013   --  
 5600:    1.00    0.111    0.074 0.012    0.014   --  
 5700:    1.00    0.095    0.085 0.012    0.015   --  
 5800:    1.00    0.153    0.094 0.012    0.017   --  
 5900:    1.00    0.239    0.107 0.012    0.018   --  

--------------------------------------------
Proportion of membership of each pre-defined
 population in each of the 2 clusters

Given    Inferred Clusters       Number of
 Pop       1      2             Individuals

  1:     0.357  0.643              23
--------------------------------------------

 Rep#:   Lambda   Alpha      F1    F2     D1,2    Ln Like 
 6000:    1.00    0.131    0.107 0.012    0.019   --  
 6100:    1.00    0.155    0.118 0.012    0.020   --  
 6200:    1.00    0.157    0.122 0.012    0.020   --  
 6300:    1.00    0.202    0.122 0.012    0.021   --  
 6400:    1.00    0.119    0.123 0.012    0.021   --  
 6500:    1.00    0.120    0.125 0.012    0.021   --  
 6600:    1.00    0.120    0.125 0.012    0.021   --  
 6700:    1.00    0.160    0.126 0.012    0.021   --  
 6800:    1.00    0.151    0.127 0.012    0.021   --  
 6900:    1.00    0.237    0.128 0.012    0.021   --  

--------------------------------------------
Proportion of membership of each pre-defined
 population in each of the 2 clusters

Given    Inferred Clusters       Number of
 Pop       1      2             Individuals

  1:     0.285  0.715              23
--------------------------------------------

 Rep#:   Lambda   Alpha      F1    F2     D1,2    Ln Like 
 7000:    1.00    0.178    0.129 0.012    0.021   --  
 7100:    1.00    0.148    0.133 0.012    0.022   --  
 7200:    1.00    0.160    0.133 0.012    0.022   --  
 7300:    1.00    0.191    0.134 0.012    0.022   --  
 7400:    1.00    0.155    0.134 0.012    0.022   --  
 7500:    1.00    0.140    0.137 0.012    0.023   --  
 7600:    1.00    0.212    0.137 0.012    0.022   --  
 7700:    1.00    0.141    0.141 0.012    0.023   --  
 7800:    1.00    0.194    0.140 0.012    0.023   --  
 7900:    1.00    0.210    0.140 0.012    0.023   --  

--------------------------------------------
Proportion of membership of each pre-defined
 population in each of the 2 clusters

Given    Inferred Clusters       Number of
 Pop       1      2             Individuals

  1:     0.270  0.730              23
--------------------------------------------

 Rep#:   Lambda   Alpha      F1    F2     D1,2    Ln Like 
 8000:    1.00    0.247    0.142 0.012    0.023   --  
 8100:    1.00    0.253    0.142 0.012    0.023   --  
 8200:    1.00    0.181    0.142 0.012    0.023   --  
 8300:    1.00    0.185    0.142 0.012    0.023   --  
 8400:    1.00    0.223    0.147 0.012    0.024   --  
 8500:    1.00    0.178    0.147 0.012    0.024   --  
 8600:    1.00    0.196    0.148 0.011    0.024   --  
 8700:    1.00    0.200    0.150 0.011    0.024   --  
 8800:    1.00    0.190    0.149 0.011    0.024   --  
 8900:    1.00    0.229    0.152 0.011    0.025   --  

--------------------------------------------
Proportion of membership of each pre-defined
 population in each of the 2 clusters

Given    Inferred Clusters       Number of
 Pop       1      2             Individuals

  1:     0.263  0.737              23
--------------------------------------------

 Rep#:   Lambda   Alpha      F1    F2     D1,2    Ln Like 
 9000:    1.00    0.223    0.152 0.011    0.025   --  
 9100:    1.00    0.219    0.150 0.011    0.024   --  
 9200:    1.00    0.216    0.149 0.011    0.024   --  
 9300:    1.00    0.192    0.152 0.011    0.025   --  
 9400:    1.00    0.182    0.148 0.011    0.024   --  
 9500:    1.00    0.122    0.148 0.011    0.024   --  
 9600:    1.00    0.253    0.148 0.011    0.024   --  
 9700:    1.00    0.242    0.148 0.011    0.024   --  
 9800:    1.00    0.246    0.148 0.011    0.024   --  
 9900:    1.00    0.142    0.148 0.011    0.024   --  
10000:    1.00    0.283    0.148 0.011    0.024   --  

BURNIN completed
 Rep#:   Lambda   Alpha      F1    F2     D1,2    Ln Like  Est Ln P(D)
10100:    1.00    0.256    0.144 0.011    0.024   -1003556    0 
10200:    1.00    0.122    0.144 0.011    0.023   -1003137    0 
10300:    1.00    0.196    0.144 0.011    0.024   -1003184    0 
10400:    1.00    0.410    0.143 0.011    0.024   -1003287    0 
10500:    1.00    0.202    0.146 0.011    0.024   -1003174    0 
10600:    1.00    0.158    0.147 0.011    0.024   -1003187    0 
10700:    1.00    0.089    0.147 0.011    0.024   -1003138    0 
10800:    1.00    0.235    0.149 0.011    0.024   -1003064    0 
10900:    1.00    0.233    0.148 0.011    0.024   -1002994    0 

--------------------------------------------
Proportion of membership of each pre-defined
 population in each of the 2 clusters

Given    Inferred Clusters       Number of
 Pop       1      2             Individuals

  1:     0.271  0.729              23
--------------------------------------------

 Rep#:   Lambda   Alpha      F1    F2     D1,2    Ln Like  Est Ln P(D)
11000:    1.00    0.225    0.148 0.011    0.024   -1003129    0 
11100:    1.00    0.161    0.150 0.011    0.024   -1003198    0 
11200:    1.00    0.159    0.150 0.011    0.024   -1003254    0 
11300:    1.00    0.330    0.151 0.011    0.024   -1002970    0 
11400:    1.00    0.255    0.152 0.011    0.024   -1003099    0 
11500:    1.00    0.358    0.153 0.011    0.025   -1003217    0 
11600:    1.00    0.226    0.151 0.011    0.024   -1003436    0 
11700:    1.00    0.173    0.151 0.011    0.024   -1003125    0 
11800:    1.00    0.219    0.150 0.011    0.024   -1003211    0 
11900:    1.00    0.186    0.151 0.011    0.024   -1003601    0 

--------------------------------------------
Proportion of membership of each pre-defined
 population in each of the 2 clusters

Given    Inferred Clusters       Number of
 Pop       1      2             Individuals

  1:     0.268  0.732              23
--------------------------------------------

 Rep#:   Lambda   Alpha      F1    F2     D1,2    Ln Like  Est Ln P(D)
12000:    1.00    0.230    0.151 0.011    0.024   -1003260    0 
12100:    1.00    0.221    0.150 0.011    0.024   -1003346    0 
12200:    1.00    0.138    0.151 0.011    0.024   -1003213    0 
12300:    1.00    0.147    0.151 0.011    0.024   -1003224    0 
12400:    1.00    0.200    0.150 0.011    0.024   -1002842    0 
12500:    1.00    0.122    0.149 0.011    0.024   -1003089    0 
12600:    1.00    0.145    0.148 0.011    0.024   -1002827    0 
12700:    1.00    0.175    0.148 0.011    0.024   -1003138    0 
12800:    1.00    0.235    0.148 0.011    0.024   -1003078    0 
12900:    1.00    0.222    0.148 0.011    0.024   -1003127    0 

--------------------------------------------
Proportion of membership of each pre-defined
 population in each of the 2 clusters

Given    Inferred Clusters       Number of
 Pop       1      2             Individuals

  1:     0.269  0.731              23
--------------------------------------------

 Rep#:   Lambda   Alpha      F1    F2     D1,2    Ln Like  Est Ln P(D)
13000:    1.00    0.211    0.150 0.011    0.024   -1003507    0 
13100:    1.00    0.320    0.150 0.011    0.024   -1003447    0 
13200:    1.00    0.123    0.149 0.011    0.024   -1003246    0 
13300:    1.00    0.193    0.153 0.011    0.024   -1002964    0 
13400:    1.00    0.241    0.150 0.011    0.024   -1003248    0 
13500:    1.00    0.169    0.151 0.011    0.024   -1003226    0 
13600:    1.00    0.295    0.151 0.011    0.024   -1003759    0 
13700:    1.00    0.405    0.150 0.011    0.024   -1003474    0 
13800:    1.00    0.158    0.150 0.011    0.024   -1002848    0 
13900:    1.00    0.182    0.150 0.011    0.024   -1003288    0 

--------------------------------------------
Proportion of membership of each pre-defined
 population in each of the 2 clusters

Given    Inferred Clusters       Number of
 Pop       1      2             Individuals

  1:     0.265  0.735              23
--------------------------------------------

 Rep#:   Lambda   Alpha      F1    F2     D1,2    Ln Like  Est Ln P(D)
14000:    1.00    0.126    0.151 0.011    0.024   -1003603    0 
14100:    1.00    0.328    0.152 0.011    0.024   -1003512    0 
14200:    1.00    0.186    0.150 0.011    0.024   -1003370    0 
14300:    1.00    0.231    0.150 0.011    0.024   -1003187    0 
14400:    1.00    0.176    0.150 0.011    0.024   -1003373    0 
14500:    1.00    0.175    0.150 0.011    0.024   -1002814    0 
14600:    1.00    0.212    0.151 0.011    0.024   -1003288    0 
14700:    1.00    0.266    0.150 0.011    0.024   -1002915    0 
14800:    1.00    0.238    0.150 0.011    0.024   -1003045    0 
14900:    1.00    0.317    0.149 0.011    0.024   -1002904    0 

--------------------------------------------
Proportion of membership of each pre-defined
 population in each of the 2 clusters

Given    Inferred Clusters       Number of
 Pop       1      2             Individuals

  1:     0.263  0.737              23
--------------------------------------------

 Rep#:   Lambda   Alpha      F1    F2     D1,2    Ln Like  Est Ln P(D)
15000:    1.00    0.274    0.149 0.011    0.024   -1002939    0 
15100:    1.00    0.161    0.147 0.011    0.024   -1003032    0 
15200:    1.00    0.185    0.147 0.011    0.024   -1003463    0 
15300:    1.00    0.104    0.152 0.011    0.024   -1003257    0 
15400:    1.00    0.180    0.152 0.011    0.024   -1003084    0 
15500:    1.00    0.178    0.150 0.011    0.024   -1003068    0 
15600:    1.00    0.198    0.156 0.011    0.025   -1002973    0 
15700:    1.00    0.183    0.153 0.011    0.025   -1003209    0 
15800:    1.00    0.234    0.151 0.011    0.025   -1003145    0 
15900:    1.00    0.149    0.151 0.011    0.024   -1002888    0 

--------------------------------------------
Proportion of membership of each pre-defined
 population in each of the 2 clusters

Given    Inferred Clusters       Number of
 Pop       1      2             Individuals

  1:     0.266  0.734              23
--------------------------------------------

 Rep#:   Lambda   Alpha      F1    F2     D1,2    Ln Like  Est Ln P(D)
16000:    1.00    0.154    0.152 0.011    0.025   -1003105    0 
16100:    1.00    0.213    0.151 0.010    0.024   -1003216    0 
16200:    1.00    0.216    0.152 0.010    0.025   -1003072    0 
16300:    1.00    0.182    0.152 0.010    0.024   -1003025    0 
16400:    1.00    0.251    0.152 0.010    0.025   -1003598    0 
16500:    1.00    0.144    0.152 0.010    0.024   -1003455    0 
16600:    1.00    0.159    0.152 0.010    0.025   -1003169    0 
16700:    1.00    0.192    0.152 0.010    0.025   -1003362    0 
16800:    1.00    0.201    0.155 0.010    0.025   -1003083    0 
16900:    1.00    0.152    0.155 0.010    0.025   -1003373    0 

--------------------------------------------
Proportion of membership of each pre-defined
 population in each of the 2 clusters

Given    Inferred Clusters       Number of
 Pop       1      2             Individuals

  1:     0.264  0.736              23
--------------------------------------------

 Rep#:   Lambda   Alpha      F1    F2     D1,2    Ln Like  Est Ln P(D)
17000:    1.00    0.207    0.152 0.010    0.024   -1003459    0 
17100:    1.00    0.225    0.149 0.010    0.024   -1003231    0 
17200:    1.00    0.249    0.147 0.010    0.024   -1003209    0 
17300:    1.00    0.126    0.147 0.010    0.024   -1003301    0 
17400:    1.00    0.153    0.144 0.010    0.023   -1003649    0 
17500:    1.00    0.178    0.143 0.010    0.023   -1003438    0 
17600:    1.00    0.180    0.145 0.010    0.023   -1003318    0 
17700:    1.00    0.228    0.147 0.010    0.024   -1002834    0 
17800:    1.00    0.185    0.147 0.010    0.024   -1003053    0 
17900:    1.00    0.126    0.147 0.010    0.024   -1003013    0 

--------------------------------------------
Proportion of membership of each pre-defined
 population in each of the 2 clusters

Given    Inferred Clusters       Number of
 Pop       1      2             Individuals

  1:     0.265  0.735              23
--------------------------------------------

 Rep#:   Lambda   Alpha      F1    F2     D1,2    Ln Like  Est Ln P(D)
18000:    1.00    0.212    0.146 0.010    0.023   -1003508    0 
18100:    1.00    0.114    0.147 0.010    0.023   -1003552    0 
18200:    1.00    0.195    0.147 0.010    0.024   -1003156    0 
18300:    1.00    0.243    0.148 0.010    0.023   -1003424    0 
18400:    1.00    0.163    0.148 0.010    0.024   -1003194    0 
18500:    1.00    0.180    0.149 0.010    0.024   -1002734    0 
18600:    1.00    0.205    0.149 0.010    0.024   -1003369    0 
18700:    1.00    0.208    0.149 0.010    0.024   -1002964    0 
18800:    1.00    0.173    0.148 0.010    0.024   -1003591    0 
18900:    1.00    0.240    0.148 0.010    0.024   -1003053    0 

--------------------------------------------
Proportion of membership of each pre-defined
 population in each of the 2 clusters

Given    Inferred Clusters       Number of
 Pop       1      2             Individuals

  1:     0.265  0.735              23
--------------------------------------------

 Rep#:   Lambda   Alpha      F1    F2     D1,2    Ln Like  Est Ln P(D)
19000:    1.00    0.320    0.149 0.010    0.024   -1003417    0 
19100:    1.00    0.216    0.149 0.010    0.024   -1003248    0 
19200:    1.00    0.153    0.149 0.010    0.024   -1003395    0 
19300:    1.00    0.242    0.150 0.010    0.024   -1003324    0 
19400:    1.00    0.261    0.147 0.010    0.024   -1003345    0 
19500:    1.00    0.147    0.151 0.010    0.024   -1003144    0 
19600:    1.00    0.203    0.149 0.010    0.024   -1003249    0 
19700:    1.00    0.373    0.146 0.010    0.024   -1003467    0 
19800:    1.00    0.268    0.146 0.010    0.023   -1003032    0 
19900:    1.00    0.080    0.146 0.010    0.023   -1003491    0 

--------------------------------------------
Proportion of membership of each pre-defined
 population in each of the 2 clusters

Given    Inferred Clusters       Number of
 Pop       1      2             Individuals

  1:     0.261  0.739              23
--------------------------------------------

 Rep#:   Lambda   Alpha      F1    F2     D1,2    Ln Like  Est Ln P(D)
20000:    1.00    0.232    0.146 0.010    0.023   -1003212    0 
20100:    1.00    0.169    0.148 0.010    0.024   -1003334    0 
20200:    1.00    0.227    0.150 0.010    0.024   -1003327    0 
20300:    1.00    0.172    0.146 0.010    0.024   -1003363    0 
20400:    1.00    0.263    0.144 0.010    0.023   -1003666    0 
20500:    1.00    0.236    0.148 0.010    0.023   -1003464    0 
20600:    1.00    0.177    0.151 0.010    0.024   -1003509    0 
20700:    1.00    0.247    0.151 0.010    0.024   -1003228    0 
20800:    1.00    0.284    0.150 0.010    0.024   -1003390    0 
20900:    1.00    0.140    0.149 0.010    0.024   -1003237    0 

--------------------------------------------
Proportion of membership of each pre-defined
 population in each of the 2 clusters

Given    Inferred Clusters       Number of
 Pop       1      2             Individuals

  1:     0.261  0.739              23
--------------------------------------------

 Rep#:   Lambda   Alpha      F1    F2     D1,2    Ln Like  Est Ln P(D)
21000:    1.00    0.243    0.149 0.010    0.024   -1003339    0 
21100:    1.00    0.153    0.149 0.010    0.024   -1003495    0 
21200:    1.00    0.307    0.148 0.010    0.024   -1003242    0 
21300:    1.00    0.245    0.147 0.010    0.024   -1003142    0 
21400:    1.00    0.198    0.146 0.010    0.023   -1002913    0 
21500:    1.00    0.184    0.146 0.010    0.023   -1003412    0 
21600:    1.00    0.263    0.143 0.010    0.023   -1003220    0 
21700:    1.00    0.108    0.143 0.010    0.023   -1003636    0 
21800:    1.00    0.160    0.143 0.010    0.023   -1003433    0 
21900:    1.00    0.215    0.145 0.010    0.023   -1003295    0 

--------------------------------------------
Proportion of membership of each pre-defined
 population in each of the 2 clusters

Given    Inferred Clusters       Number of
 Pop       1      2             Individuals

  1:     0.268  0.732              23
--------------------------------------------

 Rep#:   Lambda   Alpha      F1    F2     D1,2    Ln Like  Est Ln P(D)
22000:    1.00    0.183    0.145 0.010    0.023   -1003154    0 
22100:    1.00    0.177    0.146 0.010    0.023   -1003243    0 
22200:    1.00    0.169    0.146 0.010    0.024   -1003066    0 
22300:    1.00    0.105    0.146 0.010    0.023   -1003282    0 
22400:    1.00    0.186    0.145 0.010    0.023   -1003039    0 
22500:    1.00    0.101    0.144 0.010    0.023   -1003618    0 
22600:    1.00    0.188    0.144 0.009    0.023   -1002970    0 
22700:    1.00    0.202    0.148 0.009    0.024   -1002637    0 
22800:    1.00    0.181    0.146 0.009    0.023   -1003096    0 
22900:    1.00    0.237    0.148 0.009    0.024   -1003305    0 

--------------------------------------------
Proportion of membership of each pre-defined
 population in each of the 2 clusters

Given    Inferred Clusters       Number of
 Pop       1      2             Individuals

  1:     0.258  0.742              23
--------------------------------------------

 Rep#:   Lambda   Alpha      F1    F2     D1,2    Ln Like  Est Ln P(D)
23000:    1.00    0.106    0.150 0.009    0.024   -1003315    0 
23100:    1.00    0.271    0.151 0.009    0.024   -1002980    0 
23200:    1.00    0.279    0.148 0.009    0.024   -1003428    0 
23300:    1.00    0.163    0.147 0.009    0.023   -1003431    0 
23400:    1.00    0.121    0.147 0.009    0.024   -1003210    0 
23500:    1.00    0.144    0.148 0.009    0.024   -1003157    0 
23600:    1.00    0.235    0.150 0.009    0.024   -1003514    0 
23700:    1.00    0.109    0.150 0.009    0.024   -1003464    0 
23800:    1.00    0.092    0.150 0.009    0.024   -1003216    0 
23900:    1.00    0.123    0.150 0.009    0.024   -1003476    0 

--------------------------------------------
Proportion of membership of each pre-defined
 population in each of the 2 clusters

Given    Inferred Clusters       Number of
 Pop       1      2             Individuals

  1:     0.265  0.735              23
--------------------------------------------

 Rep#:   Lambda   Alpha      F1    F2     D1,2    Ln Like  Est Ln P(D)
24000:    1.00    0.184    0.149 0.009    0.024   -1003306    0 
24100:    1.00    0.188    0.150 0.009    0.024   -1003484    0 
24200:    1.00    0.157    0.145 0.009    0.023   -1003411    0 
24300:    1.00    0.160    0.149 0.009    0.024   -1003341    0 
24400:    1.00    0.289    0.152 0.009    0.024   -1003391    0 
24500:    1.00    0.200    0.152 0.009    0.024   -1003222    0 
24600:    1.00    0.245    0.155 0.009    0.025   -1003751    0 
24700:    1.00    0.239    0.155 0.009    0.025   -1003095    0 
24800:    1.00    0.172    0.155 0.009    0.025   -1002835    0 
24900:    1.00    0.261    0.155 0.009    0.025   -1003263    0 

--------------------------------------------
Proportion of membership of each pre-defined
 population in each of the 2 clusters

Given    Inferred Clusters       Number of
 Pop       1      2             Individuals

  1:     0.264  0.736              23
--------------------------------------------

 Rep#:   Lambda   Alpha      F1    F2     D1,2    Ln Like  Est Ln P(D)
25000:    1.00    0.334    0.153 0.009    0.024   -1003286    0 
25100:    1.00    0.166    0.153 0.009    0.024   -1002768    0 
25200:    1.00    0.143    0.154 0.009    0.024   -1003246    0 
25300:    1.00    0.140    0.149 0.009    0.024   -1003585    0 
25400:    1.00    0.182    0.149 0.009    0.024   -1003403    0 
25500:    1.00    0.174    0.150 0.009    0.024   -1003108    0 
25600:    1.00    0.226    0.152 0.009    0.024   -1002946    0 
25700:    1.00    0.241    0.151 0.009    0.024   -1003311    0 
25800:    1.00    0.241    0.150 0.009    0.024   -1003050    0 
25900:    1.00    0.181    0.149 0.009    0.024   -1003370    0 

--------------------------------------------
Proportion of membership of each pre-defined
 population in each of the 2 clusters

Given    Inferred Clusters       Number of
 Pop       1      2             Individuals

  1:     0.258  0.742              23
--------------------------------------------

 Rep#:   Lambda   Alpha      F1    F2     D1,2    Ln Like  Est Ln P(D)
26000:    1.00    0.223    0.149 0.009    0.024   -1003999    0 
26100:    1.00    0.234    0.149 0.009    0.024   -1003510    0 
26200:    1.00    0.182    0.150 0.009    0.024   -1003213    0 
26300:    1.00    0.140    0.149 0.009    0.024   -1003497    0 
26400:    1.00    0.221    0.150 0.009    0.024   -1003277    0 
26500:    1.00    0.206    0.149 0.009    0.024   -1003221    0 
26600:    1.00    0.217    0.150 0.009    0.024   -1003519    0 
26700:    1.00    0.229    0.151 0.009    0.024   -1003526    0 
26800:    1.00    0.160    0.153 0.009    0.024   -1003115    0 
26900:    1.00    0.199    0.152 0.009    0.024   -1003205    0 

--------------------------------------------
Proportion of membership of each pre-defined
 population in each of the 2 clusters

Given    Inferred Clusters       Number of
 Pop       1      2             Individuals

  1:     0.263  0.737              23
--------------------------------------------

 Rep#:   Lambda   Alpha      F1    F2     D1,2    Ln Like  Est Ln P(D)
27000:    1.00    0.148    0.152 0.009    0.024   -1002962    0 
27100:    1.00    0.224    0.152 0.009    0.024   -1002753    0 
27200:    1.00    0.179    0.152 0.009    0.024   -1003035    0 
27300:    1.00    0.239    0.152 0.009    0.024   -1003408    0 
27400:    1.00    0.193    0.150 0.009    0.024   -1003449    0 
27500:    1.00    0.255    0.150 0.009    0.024   -1003003    0 
27600:    1.00    0.224    0.154 0.009    0.025   -1003429    0 
27700:    1.00    0.232    0.156 0.009    0.025   -1003471    0 
27800:    1.00    0.135    0.155 0.008    0.024   -1003513    0 
27900:    1.00    0.337    0.151 0.008    0.024   -1003058    0 

--------------------------------------------
Proportion of membership of each pre-defined
 population in each of the 2 clusters

Given    Inferred Clusters       Number of
 Pop       1      2             Individuals

  1:     0.263  0.737              23
--------------------------------------------

 Rep#:   Lambda   Alpha      F1    F2     D1,2    Ln Like  Est Ln P(D)
28000:    1.00    0.180    0.151 0.009    0.024   -1003128    0 
28100:    1.00    0.200    0.150 0.009    0.024   -1003356    0 
28200:    1.00    0.164    0.151 0.009    0.024   -1003623    0 
28300:    1.00    0.167    0.149 0.008    0.024   -1003378    0 
28400:    1.00    0.149    0.151 0.008    0.024   -1003396    0 
28500:    1.00    0.139    0.151 0.008    0.024   -1003343    0 
28600:    1.00    0.202    0.150 0.008    0.024   -1003139    0 
28700:    1.00    0.212    0.149 0.008    0.024   -1003438    0 
28800:    1.00    0.335    0.149 0.008    0.024   -1003352    0 
28900:    1.00    0.232    0.151 0.008    0.024   -1002840    0 

--------------------------------------------
Proportion of membership of each pre-defined
 population in each of the 2 clusters

Given    Inferred Clusters       Number of
 Pop       1      2             Individuals

  1:     0.255  0.745              23
--------------------------------------------

 Rep#:   Lambda   Alpha      F1    F2     D1,2    Ln Like  Est Ln P(D)
29000:    1.00    0.121    0.150 0.008    0.024   -1003097    0 
29100:    1.00    0.247    0.151 0.008    0.024   -1003569    0 
29200:    1.00    0.187    0.151 0.008    0.024   -1002820    0 
29300:    1.00    0.120    0.151 0.008    0.024   -1003171    0 
29400:    1.00    0.125    0.154 0.008    0.024   -1003187    0 
29500:    1.00    0.124    0.155 0.008    0.024   -1003148    0 
29600:    1.00    0.123    0.155 0.008    0.025   -1002642    0 
29700:    1.00    0.253    0.152 0.008    0.024   -1003353    0 
29800:    1.00    0.190    0.156 0.008    0.025   -1003459    0 
29900:    1.00    0.219    0.157 0.008    0.025   -1003296    0 

--------------------------------------------
Proportion of membership of each pre-defined
 population in each of the 2 clusters

Given    Inferred Clusters       Number of
 Pop       1      2             Individuals

  1:     0.261  0.739              23
--------------------------------------------

 Rep#:   Lambda   Alpha      F1    F2     D1,2    Ln Like  Est Ln P(D)
30000:    1.00    0.320    0.156 0.008    0.024   -1003016    0 
30100:    1.00    0.178    0.154 0.008    0.024   -1003423    0 
30200:    1.00    0.221    0.154 0.008    0.024   -1003174    0 
30300:    1.00    0.155    0.152 0.008    0.024   -1003777    0 
30400:    1.00    0.267    0.152 0.008    0.024   -1003699    0 
30500:    1.00    0.240    0.152 0.008    0.024   -1003656    0 
30600:    1.00    0.124    0.151 0.008    0.024   -1003319    0 
30700:    1.00    0.137    0.152 0.008    0.024   -1003490    0 
30800:    1.00    0.180    0.149 0.008    0.024   -1003907    0 
30900:    1.00    0.225    0.149 0.008    0.024   -1003301    0 

--------------------------------------------
Proportion of membership of each pre-defined
 population in each of the 2 clusters

Given    Inferred Clusters       Number of
 Pop       1      2             Individuals

  1:     0.259  0.741              23
--------------------------------------------

 Rep#:   Lambda   Alpha      F1    F2     D1,2    Ln Like  Est Ln P(D)
31000:    1.00    0.149    0.147 0.008    0.023   -1003211    0 
31100:    1.00    0.192    0.144 0.008    0.023   -1003487    0 
31200:    1.00    0.167    0.144 0.008    0.023   -1003527    0 
31300:    1.00    0.234    0.147 0.008    0.024   -1003292    0 
31400:    1.00    0.129    0.147 0.008    0.024   -1003459    0 
31500:    1.00    0.158    0.146 0.008    0.023   -1003588    0 
31600:    1.00    0.268    0.147 0.008    0.023   -1003506    0 
31700:    1.00    0.162    0.146 0.008    0.023   -1003335    0 
31800:    1.00    0.198    0.148 0.008    0.024   -1003202    0 
31900:    1.00    0.147    0.149 0.008    0.024   -1003267    0 

--------------------------------------------
Proportion of membership of each pre-defined
 population in each of the 2 clusters

Given    Inferred Clusters       Number of
 Pop       1      2             Individuals

  1:     0.264  0.736              23
--------------------------------------------

 Rep#:   Lambda   Alpha      F1    F2     D1,2    Ln Like  Est Ln P(D)
32000:    1.00    0.135    0.150 0.008    0.024   -1003317    0 
32100:    1.00    0.179    0.150 0.008    0.024   -1003124    0 
32200:    1.00    0.200    0.150 0.008    0.024   -1003488    0 
32300:    1.00    0.179    0.152 0.008    0.024   -1002891    0 
32400:    1.00    0.143    0.151 0.008    0.024   -1003152    0 
32500:    1.00    0.211    0.151 0.008    0.024   -1003286    0 
32600:    1.00    0.131    0.146 0.008    0.023   -1003136    0 
32700:    1.00    0.171    0.148 0.008    0.023   -1002887    0 
32800:    1.00    0.285    0.148 0.008    0.024   -1003120    0 
32900:    1.00    0.242    0.146 0.008    0.023   -1003049    0 

--------------------------------------------
Proportion of membership of each pre-defined
 population in each of the 2 clusters

Given    Inferred Clusters       Number of
 Pop       1      2             Individuals

  1:     0.259  0.741              23
--------------------------------------------

 Rep#:   Lambda   Alpha      F1    F2     D1,2    Ln Like  Est Ln P(D)
33000:    1.00    0.327    0.145 0.008    0.023   -1003252    0 
33100:    1.00    0.150    0.145 0.008    0.023   -1003495    0 
33200:    1.00    0.134    0.145 0.008    0.023   -1003555    0 
33300:    1.00    0.117    0.145 0.008    0.023   -1003448    0 
33400:    1.00    0.213    0.145 0.008    0.023   -1003433    0 
33500:    1.00    0.100    0.147 0.008    0.023   -1003465    0 
33600:    1.00    0.180    0.147 0.008    0.023   -1003111    0 
33700:    1.00    0.194    0.148 0.008    0.024   -1003263    0 
33800:    1.00    0.213    0.148 0.008    0.023   -1003041    0 
33900:    1.00    0.163    0.146 0.008    0.023   -1003274    0 

--------------------------------------------
Proportion of membership of each pre-defined
 population in each of the 2 clusters

Given    Inferred Clusters       Number of
 Pop       1      2             Individuals

  1:     0.265  0.735              23
--------------------------------------------

 Rep#:   Lambda   Alpha      F1    F2     D1,2    Ln Like  Est Ln P(D)
34000:    1.00    0.174    0.150 0.008    0.024   -1003282    0 
34100:    1.00    0.144    0.150 0.008    0.024   -1002921    0 
34200:    1.00    0.184    0.150 0.008    0.024   -1003199    0 
34300:    1.00    0.156    0.148 0.008    0.024   -1003124    0 
34400:    1.00    0.134    0.148 0.008    0.024   -1003178    0 
34500:    1.00    0.209    0.149 0.008    0.024   -1003107    0 
34600:    1.00    0.259    0.150 0.008    0.024   -1003733    0 
34700:    1.00    0.229    0.150 0.008    0.024   -1003715    0 
34800:    1.00    0.249    0.151 0.008    0.024   -1003542    0 
34900:    1.00    0.233    0.151 0.008    0.024   -1003267    0 

--------------------------------------------
Proportion of membership of each pre-defined
 population in each of the 2 clusters

Given    Inferred Clusters       Number of
 Pop       1      2             Individuals

  1:     0.259  0.741              23
--------------------------------------------

 Rep#:   Lambda   Alpha      F1    F2     D1,2    Ln Like  Est Ln P(D)
35000:    1.00    0.178    0.151 0.008    0.024   -1003523    0 
35100:    1.00    0.194    0.151 0.008    0.024   -1003368    0 
35200:    1.00    0.188    0.151 0.008    0.024   -1003263    0 
35300:    1.00    0.145    0.152 0.008    0.024   -1003540    0 
35400:    1.00    0.260    0.154 0.008    0.024   -1002886    0 
35500:    1.00    0.316    0.151 0.008    0.024   -1003498    0 
35600:    1.00    0.186    0.145 0.008    0.023   -1003523    0 
35700:    1.00    0.149    0.145 0.008    0.023   -1003608    0 
35800:    1.00    0.193    0.147 0.008    0.024   -1003119    0 
35900:    1.00    0.182    0.146 0.008    0.023   -1003499    0 

--------------------------------------------
Proportion of membership of each pre-defined
 population in each of the 2 clusters

Given    Inferred Clusters       Number of
 Pop       1      2             Individuals

  1:     0.264  0.736              23
--------------------------------------------

 Rep#:   Lambda   Alpha      F1    F2     D1,2    Ln Like  Est Ln P(D)
36000:    1.00    0.148    0.146 0.008    0.023   -1003151    0 
36100:    1.00    0.222    0.146 0.008    0.023   -1003356    0 
36200:    1.00    0.204    0.147 0.008    0.023   -1003561    0 
36300:    1.00    0.312    0.147 0.008    0.023   -1003512    0 
36400:    1.00    0.218    0.147 0.008    0.023   -1003490    0 
36500:    1.00    0.150    0.147 0.008    0.024   -1003178    0 
36600:    1.00    0.278    0.147 0.008    0.024   -1003066    0 
36700:    1.00    0.245    0.149 0.008    0.024   -1003397    0 
36800:    1.00    0.110    0.148 0.008    0.023   -1003131    0 
36900:    1.00    0.193    0.148 0.008    0.023   -1003262    0 

--------------------------------------------
Proportion of membership of each pre-defined
 population in each of the 2 clusters

Given    Inferred Clusters       Number of
 Pop       1      2             Individuals

  1:     0.263  0.737              23
--------------------------------------------

 Rep#:   Lambda   Alpha      F1    F2     D1,2    Ln Like  Est Ln P(D)
37000:    1.00    0.183    0.150 0.008    0.024   -1002922    0 
37100:    1.00    0.120    0.150 0.008    0.024   -1003156    0 
37200:    1.00    0.165    0.151 0.008    0.024   -1003332    0 
37300:    1.00    0.150    0.152 0.008    0.024   -1003168    0 
37400:    1.00    0.117    0.151 0.008    0.024   -1003263    0 
37500:    1.00    0.225    0.152 0.008    0.024   -1003099    0 
37600:    1.00    0.415    0.152 0.008    0.024   -1003309    0 
37700:    1.00    0.175    0.153 0.008    0.024   -1003222    0 
37800:    1.00    0.199    0.152 0.008    0.024   -1003646    0 
37900:    1.00    0.233    0.150 0.008    0.024   -1003366    0 

--------------------------------------------
Proportion of membership of each pre-defined
 population in each of the 2 clusters

Given    Inferred Clusters       Number of
 Pop       1      2             Individuals

  1:     0.260  0.740              23
--------------------------------------------

 Rep#:   Lambda   Alpha      F1    F2     D1,2    Ln Like  Est Ln P(D)
38000:    1.00    0.130    0.151 0.008    0.024   -1003314    0 
38100:    1.00    0.138    0.152 0.008    0.024   -1003062    0 
38200:    1.00    0.165    0.151 0.008    0.024   -1003442    0 
38300:    1.00    0.212    0.151 0.008    0.024   -1003340    0 
38400:    1.00    0.101    0.151 0.008    0.024   -1003428    0 
38500:    1.00    0.144    0.149 0.008    0.024   -1003424    0 
38600:    1.00    0.166    0.147 0.008    0.023   -1003266    0 
38700:    1.00    0.275    0.148 0.008    0.024   -1003067    0 
38800:    1.00    0.170    0.148 0.008    0.024   -1003391    0 
38900:    1.00    0.189    0.148 0.008    0.023   -1003251    0 

--------------------------------------------
Proportion of membership of each pre-defined
 population in each of the 2 clusters

Given    Inferred Clusters       Number of
 Pop       1      2             Individuals

  1:     0.265  0.735              23
--------------------------------------------

 Rep#:   Lambda   Alpha      F1    F2     D1,2    Ln Like  Est Ln P(D)
39000:    1.00    0.213    0.145 0.008    0.023   -1003420    0 
39100:    1.00    0.131    0.145 0.008    0.023   -1003483    0 
39200:    1.00    0.234    0.145 0.008    0.023   -1003418    0 
39300:    1.00    0.175    0.147 0.008    0.023   -1003528    0 
39400:    1.00    0.289    0.148 0.008    0.023   -1003291    0 
39500:    1.00    0.258    0.144 0.008    0.023   -1003631    0 
39600:    1.00    0.141    0.144 0.008    0.023   -1003300    0 
39700:    1.00    0.220    0.146 0.008    0.023   -1003468    0 
39800:    1.00    0.171    0.145 0.008    0.023   -1003364    0 
39900:    1.00    0.165    0.145 0.008    0.023   -1003652    0 

--------------------------------------------
Proportion of membership of each pre-defined
 population in each of the 2 clusters

Given    Inferred Clusters       Number of
 Pop       1      2             Individuals

  1:     0.265  0.735              23
--------------------------------------------

 Rep#:   Lambda   Alpha      F1    F2     D1,2    Ln Like  Est Ln P(D)
40000:    1.00    0.309    0.145 0.008    0.023   -1004037    0 
40100:    1.00    0.157    0.145 0.008    0.023   -1003558    0 
40200:    1.00    0.183    0.147 0.008    0.023   -1003491    0 
40300:    1.00    0.167    0.147 0.008    0.024   -1003643    0 
40400:    1.00    0.081    0.148 0.008    0.023   -1002800    0 
40500:    1.00    0.135    0.148 0.008    0.023   -1003517    0 
40600:    1.00    0.271    0.148 0.008    0.023   -1003418    0 
40700:    1.00    0.097    0.148 0.008    0.023   -1003593    0 
40800:    1.00    0.213    0.147 0.008    0.023   -1003693    0 
40900:    1.00    0.248    0.148 0.008    0.023   -1003379    0 

--------------------------------------------
Proportion of membership of each pre-defined
 population in each of the 2 clusters

Given    Inferred Clusters       Number of
 Pop       1      2             Individuals

  1:     0.260  0.740              23
--------------------------------------------

 Rep#:   Lambda   Alpha      F1    F2     D1,2    Ln Like  Est Ln P(D)
41000:    1.00    0.220    0.150 0.008    0.024   -1003503    0 
41100:    1.00    0.179    0.151 0.008    0.024   -1003490    0 
41200:    1.00    0.267    0.151 0.008    0.024   -1003222    0 
41300:    1.00    0.201    0.150 0.008    0.024   -1003109    0 
41400:    1.00    0.191    0.150 0.008    0.024   -1003261    0 
41500:    1.00    0.195    0.152 0.008    0.024   -1003328    0 
41600:    1.00    0.297    0.154 0.008    0.024   -1003713    0 
41700:    1.00    0.141    0.153 0.008    0.024   -1003417    0 
41800:    1.00    0.167    0.153 0.008    0.024   -1003368    0 
41900:    1.00    0.102    0.152 0.008    0.024   -1003283    0 

--------------------------------------------
Proportion of membership of each pre-defined
 population in each of the 2 clusters

Given    Inferred Clusters       Number of
 Pop       1      2             Individuals

  1:     0.261  0.739              23
--------------------------------------------

 Rep#:   Lambda   Alpha      F1    F2     D1,2    Ln Like  Est Ln P(D)
42000:    1.00    0.126    0.152 0.008    0.024   -1003507    0 
42100:    1.00    0.283    0.152 0.008    0.024   -1003278    0 
42200:    1.00    0.158    0.153 0.008    0.024   -1003615    0 
42300:    1.00    0.207    0.155 0.008    0.024   -1003302    0 
42400:    1.00    0.169    0.152 0.008    0.024   -1003448    0 
42500:    1.00    0.099    0.152 0.008    0.024   -1003278    0 
42600:    1.00    0.150    0.151 0.008    0.024   -1003475    0 
42700:    1.00    0.263    0.151 0.008    0.024   -1003553    0 
42800:    1.00    0.233    0.150 0.008    0.023   -1003539    0 
42900:    1.00    0.242    0.150 0.008    0.024   -1003301    0 

--------------------------------------------
Proportion of membership of each pre-defined
 population in each of the 2 clusters

Given    Inferred Clusters       Number of
 Pop       1      2             Individuals

  1:     0.255  0.745              23
--------------------------------------------

 Rep#:   Lambda   Alpha      F1    F2     D1,2    Ln Like  Est Ln P(D)
43000:    1.00    0.148    0.151 0.008    0.024   -1002911    0 
43100:    1.00    0.206    0.151 0.008    0.024   -1003126    0 
43200:    1.00    0.160    0.149 0.008    0.024   -1003295    0 
43300:    1.00    0.154    0.152 0.008    0.024   -1003273    0 
43400:    1.00    0.129    0.148 0.008    0.024   -1003314    0 
43500:    1.00    0.203    0.148 0.008    0.024   -1003202    0 
43600:    1.00    0.195    0.149 0.008    0.024   -1003400    0 
43700:    1.00    0.197    0.148 0.008    0.024   -1003404    0 
43800:    1.00    0.256    0.150 0.008    0.024   -1003457    0 
43900:    1.00    0.177    0.148 0.008    0.023   -1003651    0 

--------------------------------------------
Proportion of membership of each pre-defined
 population in each of the 2 clusters

Given    Inferred Clusters       Number of
 Pop       1      2             Individuals

  1:     0.260  0.740              23
--------------------------------------------

 Rep#:   Lambda   Alpha      F1    F2     D1,2    Ln Like  Est Ln P(D)
44000:    1.00    0.332    0.150 0.008    0.024   -1003280    0 
44100:    1.00    0.242    0.150 0.008    0.024   -1003082    0 
44200:    1.00    0.301    0.152 0.008    0.024   -1003166    0 
44300:    1.00    0.170    0.152 0.008    0.024   -1003365    0 
44400:    1.00    0.163    0.150 0.008    0.024   -1003316    0 
44500:    1.00    0.140    0.152 0.008    0.024   -1003533    0 
44600:    1.00    0.217    0.152 0.008    0.024   -1003006    0 
44700:    1.00    0.092    0.152 0.008    0.024   -1003143    0 
44800:    1.00    0.128    0.153 0.008    0.024   -1003267    0 
44900:    1.00    0.207    0.153 0.008    0.024   -1003155    0 

--------------------------------------------
Proportion of membership of each pre-defined
 population in each of the 2 clusters

Given    Inferred Clusters       Number of
 Pop       1      2             Individuals

  1:     0.255  0.745              23
--------------------------------------------

 Rep#:   Lambda   Alpha      F1    F2     D1,2    Ln Like  Est Ln P(D)
45000:    1.00    0.108    0.152 0.008    0.024   -1003679    0 
45100:    1.00    0.209    0.152 0.008    0.024   -1003677    0 
45200:    1.00    0.278    0.152 0.008    0.024   -1003195    0 
45300:    1.00    0.261    0.153 0.008    0.024   -1003255    0 
45400:    1.00    0.192    0.153 0.008    0.024   -1003427    0 
45500:    1.00    0.176    0.153 0.008    0.024   -1003205    0 
45600:    1.00    0.329    0.153 0.008    0.024   -1003253    0 
45700:    1.00    0.317    0.153 0.008    0.024   -1002884    0 
45800:    1.00    0.154    0.153 0.008    0.024   -1003025    0 
45900:    1.00    0.181    0.151 0.008    0.024   -1002897    0 

--------------------------------------------
Proportion of membership of each pre-defined
 population in each of the 2 clusters

Given    Inferred Clusters       Number of
 Pop       1      2             Individuals

  1:     0.261  0.739              23
--------------------------------------------

 Rep#:   Lambda   Alpha      F1    F2     D1,2    Ln Like  Est Ln P(D)
46000:    1.00    0.219    0.155 0.008    0.024   -1002926    0 
46100:    1.00    0.250    0.155 0.008    0.024   -1003598    0 
46200:    1.00    0.165    0.151 0.007    0.024   -1003388    0 
46300:    1.00    0.219    0.151 0.007    0.024   -1003575    0 
46400:    1.00    0.169    0.153 0.007    0.024   -1003318    0 
46500:    1.00    0.171    0.153 0.007    0.024   -1003122    0 
46600:    1.00    0.159    0.153 0.007    0.024   -1003618    0 
46700:    1.00    0.283    0.152 0.007    0.024   -1003105    0 
46800:    1.00    0.231    0.152 0.007    0.024   -1003353    0 
46900:    1.00    0.247    0.152 0.007    0.024   -1003875    0 

--------------------------------------------
Proportion of membership of each pre-defined
 population in each of the 2 clusters

Given    Inferred Clusters       Number of
 Pop       1      2             Individuals

  1:     0.255  0.745              23
--------------------------------------------

 Rep#:   Lambda   Alpha      F1    F2     D1,2    Ln Like  Est Ln P(D)
47000:    1.00    0.212    0.150 0.007    0.024   -1003676    0 
47100:    1.00    0.232    0.151 0.007    0.024   -1003231    0 
47200:    1.00    0.200    0.147 0.007    0.023   -1003432    0 
47300:    1.00    0.199    0.147 0.007    0.023   -1003615    0 
47400:    1.00    0.137    0.147 0.007    0.023   -1003567    0 
47500:    1.00    0.198    0.147 0.007    0.023   -1003460    0 
47600:    1.00    0.190    0.148 0.007    0.023   -1003786    0 
47700:    1.00    0.235    0.149 0.007    0.023   -1003197    0 
47800:    1.00    0.128    0.149 0.007    0.024   -1003497    0 
47900:    1.00    0.226    0.151 0.007    0.024   -1003554    0 

--------------------------------------------
Proportion of membership of each pre-defined
 population in each of the 2 clusters

Given    Inferred Clusters       Number of
 Pop       1      2             Individuals

  1:     0.258  0.742              23
--------------------------------------------

 Rep#:   Lambda   Alpha      F1    F2     D1,2    Ln Like  Est Ln P(D)
48000:    1.00    0.133    0.151 0.007    0.024   -1003388    0 
48100:    1.00    0.164    0.150 0.007    0.024   -1003456    0 
48200:    1.00    0.165    0.150 0.007    0.024   -1003347    0 
48300:    1.00    0.181    0.150 0.007    0.023   -1003046    0 
48400:    1.00    0.268    0.150 0.007    0.024   -1003703    0 
48500:    1.00    0.187    0.150 0.007    0.024   -1003416    0 
48600:    1.00    0.158    0.148 0.007    0.023   -1003340    0 
48700:    1.00    0.276    0.148 0.007    0.024   -1003429    0 
48800:    1.00    0.261    0.148 0.007    0.023   -1003597    0 
48900:    1.00    0.197    0.149 0.007    0.023   -1003312    0 

--------------------------------------------
Proportion of membership of each pre-defined
 population in each of the 2 clusters

Given    Inferred Clusters       Number of
 Pop       1      2             Individuals

  1:     0.263  0.737              23
--------------------------------------------

 Rep#:   Lambda   Alpha      F1    F2     D1,2    Ln Like  Est Ln P(D)
49000:    1.00    0.189    0.149 0.007    0.023   -1002912    0 
49100:    1.00    0.165    0.148 0.007    0.023   -1003399    0 
49200:    1.00    0.247    0.150 0.007    0.024   -1003539    0 
49300:    1.00    0.170    0.151 0.007    0.024   -1003159    0 
49400:    1.00    0.256    0.151 0.007    0.024   -1003181    0 
49500:    1.00    0.173    0.151 0.007    0.024   -1003257    0 
49600:    1.00    0.275    0.151 0.007    0.024   -1003015    0 
49700:    1.00    0.194    0.150 0.007    0.024   -1003574    0 
49800:    1.00    0.132    0.150 0.007    0.024   -1003417    0 
49900:    1.00    0.167    0.149 0.007    0.024   -1003282    0 

--------------------------------------------
Proportion of membership of each pre-defined
 population in each of the 2 clusters

Given    Inferred Clusters       Number of
 Pop       1      2             Individuals

  1:     0.260  0.740              23
--------------------------------------------

 Rep#:   Lambda   Alpha      F1    F2     D1,2    Ln Like  Est Ln P(D)
50000:    1.00    0.136    0.153 0.007    0.024   -1003361    0 
50100:    1.00    0.159    0.152 0.007    0.024   -1003116    0 
50200:    1.00    0.158    0.151 0.007    0.024   -1003210    0 
50300:    1.00    0.354    0.152 0.007    0.024   -1003283    0 
50400:    1.00    0.212    0.151 0.007    0.024   -1003333    0 
50500:    1.00    0.196    0.151 0.007    0.024   -1003036    0 
50600:    1.00    0.314    0.151 0.007    0.024   -1003211    0 
50700:    1.00    0.216    0.151 0.007    0.024   -1003018    0 
50800:    1.00    0.166    0.154 0.007    0.024   -1003408    0 
50900:    1.00    0.235    0.153 0.007    0.024   -1003241    0 

--------------------------------------------
Proportion of membership of each pre-defined
 population in each of the 2 clusters

Given    Inferred Clusters       Number of
 Pop       1      2             Individuals

  1:     0.257  0.743              23
--------------------------------------------

 Rep#:   Lambda   Alpha      F1    F2     D1,2    Ln Like  Est Ln P(D)
51000:    1.00    0.326    0.152 0.007    0.024   -1003558    0 
51100:    1.00    0.158    0.152 0.007    0.024   -1003450    0 
51200:    1.00    0.152    0.152 0.007    0.024   -1003419    0 
51300:    1.00    0.203    0.151 0.007    0.024   -1003499    0 
51400:    1.00    0.189    0.151 0.007    0.024   -1003313    0 
51500:    1.00    0.208    0.151 0.007    0.024   -1002906    0 
51600:    1.00    0.175    0.148 0.007    0.023   -1003070    0 
51700:    1.00    0.212    0.149 0.007    0.024   -1003342    0 
51800:    1.00    0.184    0.148 0.007    0.023   -1003723    0 
51900:    1.00    0.184    0.146 0.007    0.023   -1003538    0 

--------------------------------------------
Proportion of membership of each pre-defined
 population in each of the 2 clusters

Given    Inferred Clusters       Number of
 Pop       1      2             Individuals

  1:     0.259  0.741              23
--------------------------------------------

 Rep#:   Lambda   Alpha      F1    F2     D1,2    Ln Like  Est Ln P(D)
52000:    1.00    0.154    0.147 0.007    0.023   -1003268    0 
52100:    1.00    0.114    0.149 0.007    0.024   -1003689    0 
52200:    1.00    0.170    0.147 0.007    0.023   -1003476    0 
52300:    1.00    0.193    0.148 0.007    0.023   -1003007    0 
52400:    1.00    0.140    0.148 0.007    0.024   -1003165    0 
52500:    1.00    0.211    0.147 0.007    0.023   -1003445    0 
52600:    1.00    0.204    0.147 0.007    0.023   -1003624    0 
52700:    1.00    0.210    0.148 0.007    0.024   -1003365    0 
52800:    1.00    0.222    0.146 0.007    0.023   -1003508    0 
52900:    1.00    0.248    0.149 0.007    0.023   -1002857    0 

--------------------------------------------
Proportion of membership of each pre-defined
 population in each of the 2 clusters

Given    Inferred Clusters       Number of
 Pop       1      2             Individuals

  1:     0.265  0.735              23
--------------------------------------------

 Rep#:   Lambda   Alpha      F1    F2     D1,2    Ln Like  Est Ln P(D)
53000:    1.00    0.162    0.147 0.007    0.023   -1003529    0 
53100:    1.00    0.252    0.146 0.007    0.023   -1003218    0 
53200:    1.00    0.137    0.145 0.007    0.023   -1003486    0 
53300:    1.00    0.166    0.147 0.007    0.023   -1003595    0 
53400:    1.00    0.271    0.147 0.007    0.023   -1003808    0 
53500:    1.00    0.140    0.147 0.007    0.023   -1003620    0 
53600:    1.00    0.146    0.149 0.007    0.023   -1003549    0 
53700:    1.00    0.186    0.150 0.007    0.024   -1003644    0 
53800:    1.00    0.127    0.150 0.007    0.024   -1003486    0 
53900:    1.00    0.208    0.151 0.007    0.024   -1003512    0 

--------------------------------------------
Proportion of membership of each pre-defined
 population in each of the 2 clusters

Given    Inferred Clusters       Number of
 Pop       1      2             Individuals

  1:     0.257  0.743              23
--------------------------------------------

 Rep#:   Lambda   Alpha      F1    F2     D1,2    Ln Like  Est Ln P(D)
54000:    1.00    0.157    0.150 0.007    0.024   -1003444    0 
54100:    1.00    0.176    0.150 0.007    0.024   -1003034    0 
54200:    1.00    0.136    0.150 0.007    0.024   -1003750    0 
54300:    1.00    0.226    0.152 0.007    0.024   -1003219    0 
54400:    1.00    0.195    0.153 0.007    0.024   -1003170    0 
54500:    1.00    0.231    0.154 0.007    0.024   -1003234    0 
54600:    1.00    0.119    0.154 0.007    0.024   -1002828    0 
54700:    1.00    0.205    0.151 0.007    0.024   -1003643    0 
54800:    1.00    0.151    0.151 0.007    0.024   -1003419    0 
54900:    1.00    0.121    0.153 0.007    0.024   -1003568    0 

--------------------------------------------
Proportion of membership of each pre-defined
 population in each of the 2 clusters

Given    Inferred Clusters       Number of
 Pop       1      2             Individuals

  1:     0.253  0.747              23
--------------------------------------------

 Rep#:   Lambda   Alpha      F1    F2     D1,2    Ln Like  Est Ln P(D)
55000:    1.00    0.212    0.153 0.007    0.024   -1003238    0 
55100:    1.00    0.363    0.155 0.007    0.024   -1003230    0 
55200:    1.00    0.152    0.155 0.007    0.024   -1003130    0 
55300:    1.00    0.256    0.155 0.007    0.024   -1003372    0 
55400:    1.00    0.139    0.156 0.007    0.025   -1003167    0 
55500:    1.00    0.207    0.153 0.007    0.024   -1003374    0 
55600:    1.00    0.228    0.152 0.007    0.024   -1003318    0 
55700:    1.00    0.211    0.152 0.007    0.024   -1003352    0 
55800:    1.00    0.184    0.151 0.007    0.024   -1003703    0 
55900:    1.00    0.185    0.152 0.007    0.024   -1003691    0 

--------------------------------------------
Proportion of membership of each pre-defined
 population in each of the 2 clusters

Given    Inferred Clusters       Number of
 Pop       1      2             Individuals

  1:     0.253  0.747              23
--------------------------------------------

 Rep#:   Lambda   Alpha      F1    F2     D1,2    Ln Like  Est Ln P(D)
56000:    1.00    0.228    0.152 0.007    0.024   -1003406    0 
56100:    1.00    0.211    0.152 0.007    0.024   -1003040    0 
56200:    1.00    0.332    0.154 0.007    0.024   -1002954    0 
56300:    1.00    0.333    0.153 0.007    0.024   -1003130    0 
56400:    1.00    0.243    0.152 0.007    0.024   -1003128    0 
56500:    1.00    0.243    0.153 0.007    0.024   -1003125    0 
56600:    1.00    0.137    0.153 0.007    0.024   -1003264    0 
56700:    1.00    0.192    0.153 0.007    0.024   -1003723    0 
56800:    1.00    0.163    0.153 0.007    0.024   -1003290    0 
56900:    1.00    0.172    0.154 0.007    0.024   -1003399    0 

--------------------------------------------
Proportion of membership of each pre-defined
 population in each of the 2 clusters

Given    Inferred Clusters       Number of
 Pop       1      2             Individuals

  1:     0.258  0.742              23
--------------------------------------------

 Rep#:   Lambda   Alpha      F1    F2     D1,2    Ln Like  Est Ln P(D)
57000:    1.00    0.154    0.154 0.007    0.024   -1003491    0 
57100:    1.00    0.182    0.154 0.007    0.024   -1003337    0 
57200:    1.00    0.294    0.151 0.007    0.024   -1003202    0 
57300:    1.00    0.130    0.150 0.007    0.024   -1003446    0 
57400:    1.00    0.167    0.150 0.007    0.024   -1003391    0 
57500:    1.00    0.185    0.150 0.007    0.023   -1003881    0 
57600:    1.00    0.206    0.150 0.007    0.023   -1003620    0 
57700:    1.00    0.205    0.150 0.007    0.024   -1003102    0 
57800:    1.00    0.187    0.150 0.007    0.024   -1003520    0 
57900:    1.00    0.273    0.150 0.007    0.024   -1003332    0 

--------------------------------------------
Proportion of membership of each pre-defined
 population in each of the 2 clusters

Given    Inferred Clusters       Number of
 Pop       1      2             Individuals

  1:     0.255  0.745              23
--------------------------------------------

 Rep#:   Lambda   Alpha      F1    F2     D1,2    Ln Like  Est Ln P(D)
58000:    1.00    0.197    0.149 0.007    0.023   -1003717    0 
58100:    1.00    0.173    0.150 0.007    0.024   -1003270    0 
58200:    1.00    0.096    0.148 0.007    0.023   -1003573    0 
58300:    1.00    0.144    0.147 0.007    0.023   -1003826    0 
58400:    1.00    0.192    0.149 0.007    0.023   -1003561    0 
58500:    1.00    0.131    0.149 0.007    0.024   -1003422    0 
58600:    1.00    0.241    0.150 0.007    0.024   -1003017    0 
58700:    1.00    0.187    0.149 0.007    0.023   -1003188    0 
58800:    1.00    0.143    0.149 0.007    0.023   -1003622    0 
58900:    1.00    0.146    0.149 0.006    0.024   -1003127    0 

--------------------------------------------
Proportion of membership of each pre-defined
 population in each of the 2 clusters

Given    Inferred Clusters       Number of
 Pop       1      2             Individuals

  1:     0.261  0.739              23
--------------------------------------------

 Rep#:   Lambda   Alpha      F1    F2     D1,2    Ln Like  Est Ln P(D)
59000:    1.00    0.291    0.149 0.006    0.023   -1003690    0 
59100:    1.00    0.120    0.153 0.007    0.024   -1003181    0 
59200:    1.00    0.182    0.151 0.007    0.024   -1003280    0 
59300:    1.00    0.228    0.150 0.007    0.024   -1003538    0 
59400:    1.00    0.270    0.150 0.007    0.024   -1003365    0 
59500:    1.00    0.218    0.151 0.007    0.024   -1003367    0 
59600:    1.00    0.315    0.151 0.007    0.024   -1003305    0 
59700:    1.00    0.216    0.151 0.006    0.024   -1003586    0 
59800:    1.00    0.220    0.150 0.006    0.024   -1003322    0 
59900:    1.00    0.190    0.148 0.006    0.023   -1003523    0 
60000:    1.00    0.090    0.148 0.006    0.023   -1003255    0 

MCMC completed

Inferred ancestry of individuals:
        Label (%Miss) Pop:  Inferred clusters
  1 18160D-09-0    (2)    1 :  0.139 0.861 
  2 18160D-09-0    (4)    1 :  0.170 0.830 
  3 18160D-09-0    (2)    1 :  0.749 0.251 
  4 18160D-09-0    (5)    1 :  1.000 0.000 
  5 18160D-09-0    (4)    1 :  0.902 0.098 
  6 18160D-09-0    (4)    1 :  0.942 0.058 
  7 18160D-09-0    (2)    1 :  0.997 0.003 
  8 18160D-09-0    (4)    1 :  0.128 0.872 
  9 18160D-09-0    (2)    1 :  0.000 1.000 
 10 18160D-09-1    (2)    1 :  0.000 1.000 
 11 18160D-09-1    (2)    1 :  0.000 1.000 
 12 18160D-09-1    (2)    1 :  0.001 0.999 
 13 18160D-09-1    (5)    1 :  0.165 0.835 
 14 18160D-09-1   (18)    1 :  0.171 0.829 
 15 18160D-09-1    (4)    1 :  0.085 0.915 
 16 18160D-09-1    (2)    1 :  0.000 1.000 
 17 18160D-09-1    (2)    1 :  0.135 0.865 
 18 18160D-09-1    (2)    1 :  0.002 0.998 
 19 18160D-09-1    (2)    1 :  0.098 0.902 
 20 18160D-09-2    (5)    1 :  0.065 0.935 
 21 18160D-09-2    (5)    1 :  0.150 0.850 
 22 18160D-09-2    (5)    1 :  0.001 0.999 
 23 18160D-09-2    (2)    1 :  0.103 0.897 

Command line arguments:   structure -D 660427 -K 2 -m mainparams -o k2/populations_k2_run9 
Input File:    populations.str
Output File:   k2/populations_k2_run9_f

Run parameters:
   23 individuals
   50160 loci
   2 populations assumed
   10000 Burn-in period
   50000 Reps
RANDOMIZE turned off

--------------------------------------------
Estimated Ln Prob of Data   = -1030963.2
Mean value of ln likelihood = -1003323.3
Variance of ln likelihood   = 55279.7
Mean value of alpha         = 0.1970

Mean value of Fst_1         = 0.1497
Mean value of Fst_2         = 0.0084


--------------------------------------------
Proportion of membership of each pre-defined
 population in each of the 2 clusters

Given    Inferred Clusters       Number of
 Pop       1      2             Individuals

  1:     0.261  0.739              23
--------------------------------------------
Final results printed to file k2/populations_k2_run9_f

