

----------------------------------------------------
STRUCTURE by Pritchard, Stephens and Donnelly (2000)
     and Falush, Stephens and Pritchard (2003)
       Code by Pritchard, Falush and Hubisz
             Version 2.3.4 (Jul 2012)
----------------------------------------------------


Reading file "mainparams".
datafile is
populations.str
Reading file "extraparams".
Reading file "populations.str".


Data file "populations.str" (truncated) --

Ind:   Label Pop : Genotype_data . . . .
  1: 18160D-09-0    1  :  4   1   3   1   4   1   3  . . . .   2
  1: 18160D-09-0    1  :  4   1   3   1   4   4   4  . . . .   4
  2: 18160D-09-0    1  :  4   1   3   1   4   1   3  . . . .   2
  2: 18160D-09-0    1  :  4   1   3   1   4   4   3  . . . .   4
  3: 18160D-09-0    1  :  4   1   0   0   0   0   3  . . . .   2
  3: 18160D-09-0    1  :  4   3   0   0   0   0   3  . . . .   4
  4: 18160D-09-0    1  :  4   1   3   1   4   1   3  . . . .   2
  4: 18160D-09-0    1  :  4   3   3   1   4   1   3  . . . .   4

      *******   

 22: 18160D-09-2    1  :  4   1   3   1   4   1   3  . . . .   2
 22: 18160D-09-2    1  :  4   3   3   1   4   1   4  . . . .   4
 23: 18160D-09-2    1  :  4   1   3   1   4   1   3  . . . .   2
 23: 18160D-09-2    1  :  4   1   3   1   4   4   4  . . . .   4

Number of alleles per locus: min= 2; ave=2.0; max= 2


--------------------------------------

Finished initialization; starting MCMC 
50000 iterations + 10000 burnin


--------------------------------------------
Proportion of membership of each pre-defined
 population in each of the 2 clusters

Given    Inferred Clusters       Number of
 Pop       1      2             Individuals

  1:     0.515  0.485              23
--------------------------------------------

 Rep#:   Lambda   Alpha      F1    F2     D1,2    Ln Like 
  100:    1.00    1.345    0.010 0.010    0.003   --  
  200:    1.00    1.805    0.010 0.010    0.003   --  
  300:    1.00    1.983    0.010 0.010    0.003   --  
  400:    1.00    1.479    0.010 0.010    0.003   --  
  500:    1.00    1.311    0.010 0.010    0.003   --  
  600:    1.00    0.833    0.010 0.010    0.003   --  
  700:    1.00    0.076    0.010 0.010    0.003   --  
  800:    1.00    0.022    0.010 0.011    0.003   --  
  900:    1.00    0.043    0.010 0.011    0.003   --  

--------------------------------------------
Proportion of membership of each pre-defined
 population in each of the 2 clusters

Given    Inferred Clusters       Number of
 Pop       1      2             Individuals

  1:     0.366  0.634              23
--------------------------------------------

 Rep#:   Lambda   Alpha      F1    F2     D1,2    Ln Like 
 1000:    1.00    0.034    0.011 0.011    0.003   --  
 1100:    1.00    0.044    0.011 0.011    0.003   --  
 1200:    1.00    0.020    0.011 0.011    0.003   --  
 1300:    1.00    0.026    0.011 0.011    0.004   --  
 1400:    1.00    0.031    0.011 0.012    0.004   --  
 1500:    1.00    0.016    0.011 0.012    0.004   --  
 1600:    1.00    0.045    0.011 0.012    0.004   --  
 1700:    1.00    0.037    0.011 0.012    0.004   --  
 1800:    1.00    0.026    0.011 0.012    0.004   --  
 1900:    1.00    0.041    0.011 0.012    0.004   --  

--------------------------------------------
Proportion of membership of each pre-defined
 population in each of the 2 clusters

Given    Inferred Clusters       Number of
 Pop       1      2             Individuals

  1:     0.376  0.624              23
--------------------------------------------

 Rep#:   Lambda   Alpha      F1    F2     D1,2    Ln Like 
 2000:    1.00    0.032    0.011 0.012    0.004   --  
 2100:    1.00    0.052    0.011 0.012    0.004   --  
 2200:    1.00    0.063    0.011 0.012    0.004   --  
 2300:    1.00    0.041    0.011 0.013    0.004   --  
 2400:    1.00    0.025    0.011 0.013    0.004   --  
 2500:    1.00    0.024    0.011 0.013    0.004   --  
 2600:    1.00    0.027    0.011 0.013    0.004   --  
 2700:    1.00    0.066    0.011 0.014    0.004   --  
 2800:    1.00    0.018    0.011 0.014    0.004   --  
 2900:    1.00    0.018    0.012 0.014    0.004   --  

--------------------------------------------
Proportion of membership of each pre-defined
 population in each of the 2 clusters

Given    Inferred Clusters       Number of
 Pop       1      2             Individuals

  1:     0.385  0.615              23
--------------------------------------------

 Rep#:   Lambda   Alpha      F1    F2     D1,2    Ln Like 
 3000:    1.00    0.029    0.012 0.014    0.004   --  
 3100:    1.00    0.042    0.012 0.014    0.004   --  
 3200:    1.00    0.024    0.012 0.014    0.004   --  
 3300:    1.00    0.019    0.013 0.014    0.004   --  
 3400:    1.00    0.029    0.013 0.015    0.004   --  
 3500:    1.00    0.019    0.013 0.015    0.004   --  
 3600:    1.00    0.021    0.013 0.015    0.004   --  
 3700:    1.00    0.032    0.013 0.015    0.004   --  
 3800:    1.00    0.028    0.013 0.015    0.004   --  
 3900:    1.00    0.049    0.014 0.015    0.005   --  

--------------------------------------------
Proportion of membership of each pre-defined
 population in each of the 2 clusters

Given    Inferred Clusters       Number of
 Pop       1      2             Individuals

  1:     0.384  0.616              23
--------------------------------------------

 Rep#:   Lambda   Alpha      F1    F2     D1,2    Ln Like 
 4000:    1.00    0.028    0.014 0.016    0.005   --  
 4100:    1.00    0.019    0.014 0.016    0.005   --  
 4200:    1.00    0.027    0.014 0.016    0.005   --  
 4300:    1.00    0.027    0.014 0.016    0.005   --  
 4400:    1.00    0.022    0.014 0.016    0.005   --  
 4500:    1.00    0.036    0.014 0.016    0.005   --  
 4600:    1.00    0.030    0.015 0.017    0.005   --  
 4700:    1.00    0.054    0.015 0.018    0.005   --  
 4800:    1.00    0.041    0.015 0.018    0.005   --  
 4900:    1.00    0.044    0.015 0.018    0.005   --  

--------------------------------------------
Proportion of membership of each pre-defined
 population in each of the 2 clusters

Given    Inferred Clusters       Number of
 Pop       1      2             Individuals

  1:     0.381  0.619              23
--------------------------------------------

 Rep#:   Lambda   Alpha      F1    F2     D1,2    Ln Like 
 5000:    1.00    0.056    0.015 0.018    0.005   --  
 5100:    1.00    0.073    0.015 0.019    0.006   --  
 5200:    1.00    0.052    0.015 0.019    0.005   --  
 5300:    1.00    0.055    0.015 0.019    0.005   --  
 5400:    1.00    0.040    0.016 0.019    0.006   --  
 5500:    1.00    0.036    0.016 0.019    0.006   --  
 5600:    1.00    0.040    0.017 0.019    0.006   --  
 5700:    1.00    0.030    0.018 0.019    0.006   --  
 5800:    1.00    0.022    0.018 0.019    0.006   --  
 5900:    1.00    0.055    0.018 0.019    0.006   --  

--------------------------------------------
Proportion of membership of each pre-defined
 population in each of the 2 clusters

Given    Inferred Clusters       Number of
 Pop       1      2             Individuals

  1:     0.378  0.622              23
--------------------------------------------

 Rep#:   Lambda   Alpha      F1    F2     D1,2    Ln Like 
 6000:    1.00    0.029    0.018 0.019    0.006   --  
 6100:    1.00    0.031    0.018 0.020    0.006   --  
 6200:    1.00    0.023    0.018 0.020    0.006   --  
 6300:    1.00    0.030    0.018 0.020    0.006   --  
 6400:    1.00    0.035    0.018 0.020    0.006   --  
 6500:    1.00    0.015    0.018 0.020    0.006   --  
 6600:    1.00    0.036    0.018 0.020    0.006   --  
 6700:    1.00    0.021    0.021 0.020    0.006   --  
 6800:    1.00    0.037    0.021 0.020    0.006   --  
 6900:    1.00    0.022    0.023 0.020    0.007   --  

--------------------------------------------
Proportion of membership of each pre-defined
 population in each of the 2 clusters

Given    Inferred Clusters       Number of
 Pop       1      2             Individuals

  1:     0.364  0.636              23
--------------------------------------------

 Rep#:   Lambda   Alpha      F1    F2     D1,2    Ln Like 
 7000:    1.00    0.047    0.023 0.021    0.007   --  
 7100:    1.00    0.035    0.024 0.021    0.007   --  
 7200:    1.00    0.030    0.024 0.021    0.007   --  
 7300:    1.00    0.039    0.025 0.021    0.007   --  
 7400:    1.00    0.034    0.025 0.021    0.007   --  
 7500:    1.00    0.032    0.025 0.021    0.007   --  
 7600:    1.00    0.032    0.028 0.021    0.008   --  
 7700:    1.00    0.024    0.028 0.021    0.008   --  
 7800:    1.00    0.066    0.029 0.021    0.008   --  
 7900:    1.00    0.042    0.029 0.020    0.008   --  

--------------------------------------------
Proportion of membership of each pre-defined
 population in each of the 2 clusters

Given    Inferred Clusters       Number of
 Pop       1      2             Individuals

  1:     0.345  0.655              23
--------------------------------------------

 Rep#:   Lambda   Alpha      F1    F2     D1,2    Ln Like 
 8000:    1.00    0.077    0.030 0.020    0.008   --  
 8100:    1.00    0.048    0.033 0.020    0.008   --  
 8200:    1.00    0.024    0.036 0.020    0.009   --  
 8300:    1.00    0.053    0.036 0.020    0.009   --  
 8400:    1.00    0.029    0.036 0.020    0.009   --  
 8500:    1.00    0.038    0.036 0.020    0.009   --  
 8600:    1.00    0.039    0.039 0.020    0.009   --  
 8700:    1.00    0.028    0.042 0.020    0.010   --  
 8800:    1.00    0.039    0.043 0.020    0.010   --  
 8900:    1.00    0.049    0.044 0.020    0.010   --  

--------------------------------------------
Proportion of membership of each pre-defined
 population in each of the 2 clusters

Given    Inferred Clusters       Number of
 Pop       1      2             Individuals

  1:     0.325  0.675              23
--------------------------------------------

 Rep#:   Lambda   Alpha      F1    F2     D1,2    Ln Like 
 9000:    1.00    0.073    0.046 0.020    0.010   --  
 9100:    1.00    0.034    0.048 0.019    0.010   --  
 9200:    1.00    0.097    0.048 0.019    0.010   --  
 9300:    1.00    0.039    0.049 0.019    0.010   --  
 9400:    1.00    0.072    0.051 0.018    0.011   --  
 9500:    1.00    0.066    0.051 0.018    0.010   --  
 9600:    1.00    0.061    0.053 0.018    0.011   --  
 9700:    1.00    0.076    0.056 0.018    0.012   --  
 9800:    1.00    0.044    0.058 0.018    0.012   --  
 9900:    1.00    0.110    0.061 0.018    0.012   --  
10000:    1.00    0.043    0.068 0.018    0.013   --  

BURNIN completed
 Rep#:   Lambda   Alpha      F1    F2     D1,2    Ln Like  Est Ln P(D)
10100:    1.00    0.047    0.086 0.017    0.016   -1005311    0 
10200:    1.00    0.072    0.091 0.017    0.017   -1004670    0 
10300:    1.00    0.062    0.100 0.016    0.018   -1004086    0 
10400:    1.00    0.154    0.106 0.016    0.019   -1003588    0 
10500:    1.00    0.112    0.119 0.015    0.020   -1003246    0 
10600:    1.00    0.107    0.123 0.015    0.021   -1003458    0 
10700:    1.00    0.131    0.125 0.015    0.021   -1003676    0 
10800:    1.00    0.132    0.126 0.014    0.021   -1002972    0 
10900:    1.00    0.151    0.131 0.014    0.022   -1003266    0 

--------------------------------------------
Proportion of membership of each pre-defined
 population in each of the 2 clusters

Given    Inferred Clusters       Number of
 Pop       1      2             Individuals

  1:     0.258  0.742              23
--------------------------------------------

 Rep#:   Lambda   Alpha      F1    F2     D1,2    Ln Like  Est Ln P(D)
11000:    1.00    0.122    0.133 0.014    0.022   -1003441    0 
11100:    1.00    0.134    0.132 0.014    0.022   -1003748    0 
11200:    1.00    0.229    0.133 0.014    0.022   -1003179    0 
11300:    1.00    0.113    0.134 0.014    0.022   -1003472    0 
11400:    1.00    0.182    0.138 0.014    0.023   -1003085    0 
11500:    1.00    0.123    0.139 0.014    0.023   -1002560    0 
11600:    1.00    0.164    0.139 0.014    0.023   -1002567    0 
11700:    1.00    0.319    0.141 0.014    0.023   -1002988    0 
11800:    1.00    0.149    0.142 0.013    0.023   -1002988    0 
11900:    1.00    0.172    0.142 0.013    0.023   -1003248    0 

--------------------------------------------
Proportion of membership of each pre-defined
 population in each of the 2 clusters

Given    Inferred Clusters       Number of
 Pop       1      2             Individuals

  1:     0.268  0.732              23
--------------------------------------------

 Rep#:   Lambda   Alpha      F1    F2     D1,2    Ln Like  Est Ln P(D)
12000:    1.00    0.162    0.141 0.013    0.023   -1002916    0 
12100:    1.00    0.229    0.139 0.013    0.023   -1003360    0 
12200:    1.00    0.366    0.140 0.013    0.023   -1003681    0 
12300:    1.00    0.306    0.140 0.013    0.023   -1003378    0 
12400:    1.00    0.158    0.140 0.013    0.023   -1003528    0 
12500:    1.00    0.167    0.140 0.013    0.023   -1003402    0 
12600:    1.00    0.149    0.140 0.013    0.023   -1003368    0 
12700:    1.00    0.242    0.142 0.012    0.023   -1003316    0 
12800:    1.00    0.173    0.142 0.012    0.023   -1002713    0 
12900:    1.00    0.138    0.142 0.012    0.023   -1003127    0 

--------------------------------------------
Proportion of membership of each pre-defined
 population in each of the 2 clusters

Given    Inferred Clusters       Number of
 Pop       1      2             Individuals

  1:     0.279  0.721              23
--------------------------------------------

 Rep#:   Lambda   Alpha      F1    F2     D1,2    Ln Like  Est Ln P(D)
13000:    1.00    0.218    0.142 0.012    0.023   -1003394    0 
13100:    1.00    0.088    0.142 0.012    0.023   -1003442    0 
13200:    1.00    0.141    0.142 0.012    0.023   -1002942    0 
13300:    1.00    0.195    0.144 0.012    0.024   -1002894    0 
13400:    1.00    0.255    0.145 0.012    0.024   -1003297    0 
13500:    1.00    0.304    0.146 0.012    0.024   -1003093    0 
13600:    1.00    0.246    0.146 0.012    0.024   -1003141    0 
13700:    1.00    0.157    0.147 0.012    0.024   -1002901    0 
13800:    1.00    0.139    0.147 0.012    0.024   -1003629    0 
13900:    1.00    0.184    0.148 0.012    0.024   -1003336    0 

--------------------------------------------
Proportion of membership of each pre-defined
 population in each of the 2 clusters

Given    Inferred Clusters       Number of
 Pop       1      2             Individuals

  1:     0.272  0.728              23
--------------------------------------------

 Rep#:   Lambda   Alpha      F1    F2     D1,2    Ln Like  Est Ln P(D)
14000:    1.00    0.224    0.149 0.012    0.024   -1003416    0 
14100:    1.00    0.224    0.149 0.012    0.024   -1002936    0 
14200:    1.00    0.229    0.146 0.012    0.024   -1003006    0 
14300:    1.00    0.235    0.148 0.012    0.024   -1003196    0 
14400:    1.00    0.224    0.148 0.012    0.024   -1003261    0 
14500:    1.00    0.163    0.149 0.012    0.024   -1003237    0 
14600:    1.00    0.143    0.149 0.012    0.024   -1003342    0 
14700:    1.00    0.275    0.152 0.012    0.024   -1003354    0 
14800:    1.00    0.349    0.152 0.012    0.025   -1003342    0 
14900:    1.00    0.214    0.149 0.012    0.024   -1003308    0 

--------------------------------------------
Proportion of membership of each pre-defined
 population in each of the 2 clusters

Given    Inferred Clusters       Number of
 Pop       1      2             Individuals

  1:     0.261  0.739              23
--------------------------------------------

 Rep#:   Lambda   Alpha      F1    F2     D1,2    Ln Like  Est Ln P(D)
15000:    1.00    0.153    0.149 0.012    0.024   -1003129    0 
15100:    1.00    0.211    0.147 0.012    0.024   -1003261    0 
15200:    1.00    0.240    0.148 0.012    0.024   -1002981    0 
15300:    1.00    0.148    0.148 0.012    0.024   -1003156    0 
15400:    1.00    0.208    0.150 0.012    0.024   -1003320    0 
15500:    1.00    0.294    0.151 0.011    0.024   -1003125    0 
15600:    1.00    0.190    0.152 0.011    0.025   -1003093    0 
15700:    1.00    0.204    0.151 0.011    0.025   -1003227    0 
15800:    1.00    0.207    0.151 0.011    0.025   -1003293    0 
15900:    1.00    0.211    0.150 0.011    0.024   -1003347    0 

--------------------------------------------
Proportion of membership of each pre-defined
 population in each of the 2 clusters

Given    Inferred Clusters       Number of
 Pop       1      2             Individuals

  1:     0.270  0.730              23
--------------------------------------------

 Rep#:   Lambda   Alpha      F1    F2     D1,2    Ln Like  Est Ln P(D)
16000:    1.00    0.170    0.147 0.011    0.024   -1003219    0 
16100:    1.00    0.201    0.147 0.011    0.024   -1003192    0 
16200:    1.00    0.192    0.146 0.011    0.024   -1003101    0 
16300:    1.00    0.191    0.145 0.011    0.024   -1002970    0 
16400:    1.00    0.147    0.146 0.011    0.024   -1003365    0 
16500:    1.00    0.123    0.145 0.011    0.024   -1003406    0 
16600:    1.00    0.192    0.147 0.011    0.024   -1002550    0 
16700:    1.00    0.117    0.143 0.011    0.023   -1003002    0 
16800:    1.00    0.200    0.144 0.011    0.023   -1003178    0 
16900:    1.00    0.251    0.143 0.011    0.023   -1002953    0 

--------------------------------------------
Proportion of membership of each pre-defined
 population in each of the 2 clusters

Given    Inferred Clusters       Number of
 Pop       1      2             Individuals

  1:     0.268  0.732              23
--------------------------------------------

 Rep#:   Lambda   Alpha      F1    F2     D1,2    Ln Like  Est Ln P(D)
17000:    1.00    0.301    0.146 0.011    0.024   -1002746    0 
17100:    1.00    0.154    0.146 0.011    0.023   -1003236    0 
17200:    1.00    0.170    0.142 0.011    0.023   -1003701    0 
17300:    1.00    0.181    0.144 0.010    0.023   -1003136    0 
17400:    1.00    0.205    0.144 0.010    0.023   -1003219    0 
17500:    1.00    0.136    0.143 0.010    0.023   -1003102    0 
17600:    1.00    0.148    0.145 0.010    0.023   -1003147    0 
17700:    1.00    0.142    0.145 0.010    0.023   -1003386    0 
17800:    1.00    0.171    0.142 0.010    0.023   -1003236    0 
17900:    1.00    0.112    0.142 0.010    0.023   -1003490    0 

--------------------------------------------
Proportion of membership of each pre-defined
 population in each of the 2 clusters

Given    Inferred Clusters       Number of
 Pop       1      2             Individuals

  1:     0.269  0.731              23
--------------------------------------------

 Rep#:   Lambda   Alpha      F1    F2     D1,2    Ln Like  Est Ln P(D)
18000:    1.00    0.199    0.145 0.010    0.024   -1003712    0 
18100:    1.00    0.195    0.144 0.010    0.023   -1003074    0 
18200:    1.00    0.136    0.145 0.010    0.024   -1003041    0 
18300:    1.00    0.166    0.147 0.010    0.023   -1003094    0 
18400:    1.00    0.161    0.149 0.010    0.024   -1003407    0 
18500:    1.00    0.234    0.149 0.010    0.024   -1003265    0 
18600:    1.00    0.156    0.149 0.010    0.024   -1003256    0 
18700:    1.00    0.175    0.151 0.010    0.024   -1003495    0 
18800:    1.00    0.170    0.150 0.010    0.024   -1003190    0 
18900:    1.00    0.135    0.153 0.010    0.024   -1003100    0 

--------------------------------------------
Proportion of membership of each pre-defined
 population in each of the 2 clusters

Given    Inferred Clusters       Number of
 Pop       1      2             Individuals

  1:     0.257  0.743              23
--------------------------------------------

 Rep#:   Lambda   Alpha      F1    F2     D1,2    Ln Like  Est Ln P(D)
19000:    1.00    0.206    0.150 0.010    0.024   -1002796    0 
19100:    1.00    0.234    0.148 0.010    0.024   -1002884    0 
19200:    1.00    0.205    0.147 0.010    0.024   -1003408    0 
19300:    1.00    0.209    0.147 0.010    0.024   -1003472    0 
19400:    1.00    0.218    0.146 0.010    0.023   -1003728    0 
19500:    1.00    0.134    0.146 0.010    0.023   -1003633    0 
19600:    1.00    0.234    0.145 0.010    0.023   -1003174    0 
19700:    1.00    0.348    0.144 0.010    0.023   -1003865    0 
19800:    1.00    0.137    0.145 0.010    0.024   -1003433    0 
19900:    1.00    0.241    0.145 0.010    0.024   -1003365    0 

--------------------------------------------
Proportion of membership of each pre-defined
 population in each of the 2 clusters

Given    Inferred Clusters       Number of
 Pop       1      2             Individuals

  1:     0.268  0.732              23
--------------------------------------------

 Rep#:   Lambda   Alpha      F1    F2     D1,2    Ln Like  Est Ln P(D)
20000:    1.00    0.241    0.147 0.010    0.024   -1003383    0 
20100:    1.00    0.220    0.146 0.010    0.023   -1003045    0 
20200:    1.00    0.193    0.146 0.010    0.023   -1003436    0 
20300:    1.00    0.277    0.152 0.010    0.024   -1003130    0 
20400:    1.00    0.288    0.151 0.010    0.024   -1003223    0 
20500:    1.00    0.126    0.150 0.010    0.024   -1003247    0 
20600:    1.00    0.266    0.146 0.010    0.023   -1003390    0 
20700:    1.00    0.216    0.147 0.010    0.024   -1003117    0 
20800:    1.00    0.231    0.148 0.010    0.024   -1002998    0 
20900:    1.00    0.211    0.152 0.010    0.025   -1002879    0 

--------------------------------------------
Proportion of membership of each pre-defined
 population in each of the 2 clusters

Given    Inferred Clusters       Number of
 Pop       1      2             Individuals

  1:     0.264  0.736              23
--------------------------------------------

 Rep#:   Lambda   Alpha      F1    F2     D1,2    Ln Like  Est Ln P(D)
21000:    1.00    0.130    0.151 0.010    0.024   -1003382    0 
21100:    1.00    0.218    0.152 0.010    0.024   -1003136    0 
21200:    1.00    0.285    0.151 0.010    0.024   -1003295    0 
21300:    1.00    0.247    0.151 0.010    0.024   -1002753    0 
21400:    1.00    0.172    0.149 0.010    0.024   -1002943    0 
21500:    1.00    0.190    0.151 0.010    0.024   -1003050    0 
21600:    1.00    0.204    0.152 0.010    0.024   -1003009    0 
21700:    1.00    0.221    0.153 0.010    0.025   -1003199    0 
21800:    1.00    0.100    0.153 0.010    0.024   -1003241    0 
21900:    1.00    0.150    0.153 0.010    0.025   -1003374    0 

--------------------------------------------
Proportion of membership of each pre-defined
 population in each of the 2 clusters

Given    Inferred Clusters       Number of
 Pop       1      2             Individuals

  1:     0.263  0.737              23
--------------------------------------------

 Rep#:   Lambda   Alpha      F1    F2     D1,2    Ln Like  Est Ln P(D)
22000:    1.00    0.198    0.152 0.010    0.024   -1003496    0 
22100:    1.00    0.189    0.153 0.010    0.024   -1003209    0 
22200:    1.00    0.218    0.153 0.010    0.025   -1003076    0 
22300:    1.00    0.080    0.153 0.010    0.024   -1003205    0 
22400:    1.00    0.231    0.153 0.010    0.024   -1003441    0 
22500:    1.00    0.160    0.153 0.010    0.025   -1003381    0 
22600:    1.00    0.198    0.149 0.010    0.024   -1003422    0 
22700:    1.00    0.238    0.149 0.010    0.024   -1003150    0 
22800:    1.00    0.286    0.152 0.010    0.024   -1003099    0 
22900:    1.00    0.250    0.152 0.010    0.024   -1003405    0 

--------------------------------------------
Proportion of membership of each pre-defined
 population in each of the 2 clusters

Given    Inferred Clusters       Number of
 Pop       1      2             Individuals

  1:     0.262  0.738              23
--------------------------------------------

 Rep#:   Lambda   Alpha      F1    F2     D1,2    Ln Like  Est Ln P(D)
23000:    1.00    0.266    0.149 0.010    0.024   -1003227    0 
23100:    1.00    0.180    0.149 0.010    0.024   -1003616    0 
23200:    1.00    0.213    0.151 0.010    0.024   -1002828    0 
23300:    1.00    0.262    0.151 0.010    0.024   -1003361    0 
23400:    1.00    0.196    0.151 0.010    0.024   -1003500    0 
23500:    1.00    0.252    0.153 0.010    0.024   -1003223    0 
23600:    1.00    0.230    0.153 0.010    0.024   -1003702    0 
23700:    1.00    0.187    0.152 0.010    0.025   -1003157    0 
23800:    1.00    0.165    0.153 0.010    0.024   -1003399    0 
23900:    1.00    0.299    0.153 0.010    0.024   -1003430    0 

--------------------------------------------
Proportion of membership of each pre-defined
 population in each of the 2 clusters

Given    Inferred Clusters       Number of
 Pop       1      2             Individuals

  1:     0.268  0.732              23
--------------------------------------------

 Rep#:   Lambda   Alpha      F1    F2     D1,2    Ln Like  Est Ln P(D)
24000:    1.00    0.234    0.153 0.010    0.025   -1003459    0 
24100:    1.00    0.281    0.152 0.010    0.024   -1003367    0 
24200:    1.00    0.271    0.151 0.010    0.024   -1003471    0 
24300:    1.00    0.243    0.153 0.010    0.024   -1003096    0 
24400:    1.00    0.308    0.150 0.010    0.024   -1003225    0 
24500:    1.00    0.168    0.153 0.010    0.024   -1003222    0 
24600:    1.00    0.197    0.152 0.010    0.024   -1003327    0 
24700:    1.00    0.170    0.152 0.010    0.024   -1003121    0 
24800:    1.00    0.242    0.153 0.009    0.024   -1003112    0 
24900:    1.00    0.234    0.153 0.009    0.024   -1002965    0 

--------------------------------------------
Proportion of membership of each pre-defined
 population in each of the 2 clusters

Given    Inferred Clusters       Number of
 Pop       1      2             Individuals

  1:     0.265  0.735              23
--------------------------------------------

 Rep#:   Lambda   Alpha      F1    F2     D1,2    Ln Like  Est Ln P(D)
25000:    1.00    0.169    0.153 0.009    0.024   -1003222    0 
25100:    1.00    0.142    0.153 0.009    0.024   -1003217    0 
25200:    1.00    0.261    0.152 0.009    0.024   -1003472    0 
25300:    1.00    0.235    0.152 0.009    0.024   -1003474    0 
25400:    1.00    0.292    0.153 0.009    0.024   -1003266    0 
25500:    1.00    0.197    0.153 0.009    0.024   -1003121    0 
25600:    1.00    0.221    0.151 0.009    0.024   -1003019    0 
25700:    1.00    0.226    0.151 0.009    0.024   -1003324    0 
25800:    1.00    0.209    0.151 0.009    0.024   -1003256    0 
25900:    1.00    0.217    0.147 0.009    0.024   -1003243    0 

--------------------------------------------
Proportion of membership of each pre-defined
 population in each of the 2 clusters

Given    Inferred Clusters       Number of
 Pop       1      2             Individuals

  1:     0.268  0.732              23
--------------------------------------------

 Rep#:   Lambda   Alpha      F1    F2     D1,2    Ln Like  Est Ln P(D)
26000:    1.00    0.264    0.147 0.009    0.024   -1003192    0 
26100:    1.00    0.212    0.148 0.009    0.024   -1003366    0 
26200:    1.00    0.165    0.148 0.009    0.024   -1003077    0 
26300:    1.00    0.131    0.149 0.009    0.024   -1003360    0 
26400:    1.00    0.230    0.150 0.009    0.024   -1003280    0 
26500:    1.00    0.305    0.151 0.009    0.024   -1002933    0 
26600:    1.00    0.166    0.151 0.009    0.024   -1002797    0 
26700:    1.00    0.167    0.151 0.009    0.024   -1003637    0 
26800:    1.00    0.268    0.149 0.009    0.024   -1003482    0 
26900:    1.00    0.275    0.150 0.009    0.024   -1003398    0 

--------------------------------------------
Proportion of membership of each pre-defined
 population in each of the 2 clusters

Given    Inferred Clusters       Number of
 Pop       1      2             Individuals

  1:     0.265  0.735              23
--------------------------------------------

 Rep#:   Lambda   Alpha      F1    F2     D1,2    Ln Like  Est Ln P(D)
27000:    1.00    0.247    0.151 0.009    0.024   -1003504    0 
27100:    1.00    0.289    0.151 0.009    0.024   -1003303    0 
27200:    1.00    0.193    0.149 0.009    0.024   -1003497    0 
27300:    1.00    0.161    0.151 0.009    0.024   -1003589    0 
27400:    1.00    0.384    0.151 0.009    0.025   -1003288    0 
27500:    1.00    0.248    0.152 0.009    0.024   -1003109    0 
27600:    1.00    0.143    0.150 0.009    0.024   -1002995    0 
27700:    1.00    0.200    0.149 0.009    0.024   -1003449    0 
27800:    1.00    0.261    0.148 0.009    0.024   -1003541    0 
27900:    1.00    0.323    0.147 0.009    0.024   -1003325    0 

--------------------------------------------
Proportion of membership of each pre-defined
 population in each of the 2 clusters

Given    Inferred Clusters       Number of
 Pop       1      2             Individuals

  1:     0.259  0.741              23
--------------------------------------------

 Rep#:   Lambda   Alpha      F1    F2     D1,2    Ln Like  Est Ln P(D)
28000:    1.00    0.336    0.147 0.009    0.024   -1003413    0 
28100:    1.00    0.144    0.149 0.009    0.023   -1003074    0 
28200:    1.00    0.170    0.147 0.009    0.023   -1003507    0 
28300:    1.00    0.219    0.144 0.009    0.023   -1003375    0 
28400:    1.00    0.161    0.145 0.009    0.023   -1003238    0 
28500:    1.00    0.228    0.144 0.009    0.023   -1003621    0 
28600:    1.00    0.214    0.144 0.009    0.023   -1003565    0 
28700:    1.00    0.284    0.144 0.009    0.023   -1003574    0 
28800:    1.00    0.180    0.145 0.009    0.023   -1003361    0 
28900:    1.00    0.246    0.145 0.009    0.023   -1003577    0 

--------------------------------------------
Proportion of membership of each pre-defined
 population in each of the 2 clusters

Given    Inferred Clusters       Number of
 Pop       1      2             Individuals

  1:     0.263  0.737              23
--------------------------------------------

 Rep#:   Lambda   Alpha      F1    F2     D1,2    Ln Like  Est Ln P(D)
29000:    1.00    0.223    0.146 0.009    0.023   -1003429    0 
29100:    1.00    0.277    0.148 0.009    0.024   -1003396    0 
29200:    1.00    0.320    0.148 0.009    0.024   -1003453    0 
29300:    1.00    0.128    0.149 0.009    0.024   -1003595    0 
29400:    1.00    0.242    0.150 0.009    0.024   -1003376    0 
29500:    1.00    0.183    0.148 0.009    0.024   -1003646    0 
29600:    1.00    0.155    0.149 0.009    0.024   -1003178    0 
29700:    1.00    0.216    0.149 0.009    0.024   -1003680    0 
29800:    1.00    0.170    0.147 0.009    0.024   -1003281    0 
29900:    1.00    0.257    0.147 0.009    0.023   -1003220    0 

--------------------------------------------
Proportion of membership of each pre-defined
 population in each of the 2 clusters

Given    Inferred Clusters       Number of
 Pop       1      2             Individuals

  1:     0.263  0.737              23
--------------------------------------------

 Rep#:   Lambda   Alpha      F1    F2     D1,2    Ln Like  Est Ln P(D)
30000:    1.00    0.171    0.150 0.009    0.024   -1003299    0 
30100:    1.00    0.107    0.148 0.009    0.024   -1003440    0 
30200:    1.00    0.138    0.145 0.009    0.023   -1003370    0 
30300:    1.00    0.161    0.150 0.009    0.024   -1003306    0 
30400:    1.00    0.203    0.149 0.009    0.024   -1003289    0 
30500:    1.00    0.130    0.151 0.009    0.024   -1003190    0 
30600:    1.00    0.183    0.150 0.009    0.024   -1003142    0 
30700:    1.00    0.342    0.151 0.009    0.024   -1003544    0 
30800:    1.00    0.166    0.153 0.009    0.025   -1003035    0 
30900:    1.00    0.184    0.153 0.009    0.025   -1003625    0 

--------------------------------------------
Proportion of membership of each pre-defined
 population in each of the 2 clusters

Given    Inferred Clusters       Number of
 Pop       1      2             Individuals

  1:     0.262  0.738              23
--------------------------------------------

 Rep#:   Lambda   Alpha      F1    F2     D1,2    Ln Like  Est Ln P(D)
31000:    1.00    0.237    0.153 0.009    0.024   -1003687    0 
31100:    1.00    0.185    0.153 0.009    0.024   -1003430    0 
31200:    1.00    0.244    0.152 0.009    0.024   -1003394    0 
31300:    1.00    0.191    0.152 0.009    0.025   -1003512    0 
31400:    1.00    0.305    0.151 0.009    0.024   -1003248    0 
31500:    1.00    0.164    0.152 0.009    0.024   -1003077    0 
31600:    1.00    0.170    0.152 0.009    0.024   -1002808    0 
31700:    1.00    0.076    0.152 0.009    0.024   -1002956    0 
31800:    1.00    0.193    0.151 0.009    0.024   -1003597    0 
31900:    1.00    0.171    0.151 0.009    0.024   -1003511    0 

--------------------------------------------
Proportion of membership of each pre-defined
 population in each of the 2 clusters

Given    Inferred Clusters       Number of
 Pop       1      2             Individuals

  1:     0.263  0.737              23
--------------------------------------------

 Rep#:   Lambda   Alpha      F1    F2     D1,2    Ln Like  Est Ln P(D)
32000:    1.00    0.128    0.152 0.009    0.024   -1003062    0 
32100:    1.00    0.159    0.152 0.009    0.024   -1002976    0 
32200:    1.00    0.149    0.151 0.009    0.024   -1003182    0 
32300:    1.00    0.153    0.148 0.009    0.024   -1002917    0 
32400:    1.00    0.217    0.148 0.009    0.024   -1003287    0 
32500:    1.00    0.198    0.148 0.009    0.023   -1003525    0 
32600:    1.00    0.254    0.151 0.009    0.024   -1003017    0 
32700:    1.00    0.218    0.151 0.009    0.024   -1003590    0 
32800:    1.00    0.217    0.148 0.009    0.024   -1003390    0 
32900:    1.00    0.266    0.148 0.009    0.024   -1003330    0 

--------------------------------------------
Proportion of membership of each pre-defined
 population in each of the 2 clusters

Given    Inferred Clusters       Number of
 Pop       1      2             Individuals

  1:     0.257  0.743              23
--------------------------------------------

 Rep#:   Lambda   Alpha      F1    F2     D1,2    Ln Like  Est Ln P(D)
33000:    1.00    0.183    0.150 0.009    0.024   -1003312    0 
33100:    1.00    0.214    0.150 0.009    0.024   -1002805    0 
33200:    1.00    0.236    0.151 0.009    0.024   -1003150    0 
33300:    1.00    0.185    0.151 0.009    0.024   -1003163    0 
33400:    1.00    0.171    0.150 0.009    0.024   -1003482    0 
33500:    1.00    0.153    0.150 0.009    0.024   -1003371    0 
33600:    1.00    0.265    0.150 0.009    0.024   -1003260    0 
33700:    1.00    0.166    0.152 0.009    0.024   -1003096    0 
33800:    1.00    0.191    0.151 0.009    0.024   -1003225    0 
33900:    1.00    0.188    0.150 0.009    0.024   -1003598    0 

--------------------------------------------
Proportion of membership of each pre-defined
 population in each of the 2 clusters

Given    Inferred Clusters       Number of
 Pop       1      2             Individuals

  1:     0.267  0.733              23
--------------------------------------------

 Rep#:   Lambda   Alpha      F1    F2     D1,2    Ln Like  Est Ln P(D)
34000:    1.00    0.095    0.151 0.009    0.024   -1003584    0 
34100:    1.00    0.168    0.154 0.009    0.025   -1003372    0 
34200:    1.00    0.196    0.154 0.009    0.025   -1002753    0 
34300:    1.00    0.197    0.152 0.009    0.024   -1003277    0 
34400:    1.00    0.184    0.151 0.009    0.024   -1003298    0 
34500:    1.00    0.157    0.149 0.009    0.024   -1003178    0 
34600:    1.00    0.202    0.147 0.009    0.023   -1003219    0 
34700:    1.00    0.171    0.150 0.009    0.024   -1002894    0 
34800:    1.00    0.138    0.153 0.009    0.024   -1002969    0 
34900:    1.00    0.233    0.151 0.009    0.024   -1002861    0 

--------------------------------------------
Proportion of membership of each pre-defined
 population in each of the 2 clusters

Given    Inferred Clusters       Number of
 Pop       1      2             Individuals

  1:     0.257  0.743              23
--------------------------------------------

 Rep#:   Lambda   Alpha      F1    F2     D1,2    Ln Like  Est Ln P(D)
35000:    1.00    0.141    0.151 0.009    0.024   -1002780    0 
35100:    1.00    0.236    0.151 0.009    0.024   -1002960    0 
35200:    1.00    0.182    0.151 0.009    0.024   -1003179    0 
35300:    1.00    0.308    0.149 0.009    0.024   -1003111    0 
35400:    1.00    0.128    0.150 0.009    0.024   -1003117    0 
35500:    1.00    0.101    0.150 0.009    0.024   -1003414    0 
35600:    1.00    0.192    0.150 0.009    0.024   -1003659    0 
35700:    1.00    0.144    0.151 0.009    0.024   -1003496    0 
35800:    1.00    0.122    0.151 0.009    0.024   -1003733    0 
35900:    1.00    0.263    0.152 0.009    0.024   -1003295    0 

--------------------------------------------
Proportion of membership of each pre-defined
 population in each of the 2 clusters

Given    Inferred Clusters       Number of
 Pop       1      2             Individuals

  1:     0.258  0.742              23
--------------------------------------------

 Rep#:   Lambda   Alpha      F1    F2     D1,2    Ln Like  Est Ln P(D)
36000:    1.00    0.223    0.151 0.009    0.024   -1002926    0 
36100:    1.00    0.200    0.150 0.009    0.024   -1003111    0 
36200:    1.00    0.107    0.148 0.009    0.024   -1003307    0 
36300:    1.00    0.247    0.149 0.009    0.024   -1003706    0 
36400:    1.00    0.309    0.149 0.009    0.024   -1003310    0 
36500:    1.00    0.379    0.148 0.009    0.024   -1003186    0 
36600:    1.00    0.271    0.149 0.009    0.023   -1003018    0 
36700:    1.00    0.254    0.151 0.009    0.024   -1003176    0 
36800:    1.00    0.288    0.151 0.009    0.024   -1003653    0 
36900:    1.00    0.240    0.152 0.009    0.024   -1003230    0 

--------------------------------------------
Proportion of membership of each pre-defined
 population in each of the 2 clusters

Given    Inferred Clusters       Number of
 Pop       1      2             Individuals

  1:     0.264  0.736              23
--------------------------------------------

 Rep#:   Lambda   Alpha      F1    F2     D1,2    Ln Like  Est Ln P(D)
37000:    1.00    0.166    0.152 0.009    0.024   -1003820    0 
37100:    1.00    0.227    0.151 0.009    0.024   -1003381    0 
37200:    1.00    0.117    0.149 0.009    0.024   -1003444    0 
37300:    1.00    0.196    0.148 0.008    0.024   -1003538    0 
37400:    1.00    0.329    0.148 0.008    0.024   -1003483    0 
37500:    1.00    0.220    0.148 0.008    0.024   -1003462    0 
37600:    1.00    0.170    0.149 0.008    0.024   -1003266    0 
37700:    1.00    0.184    0.148 0.008    0.024   -1003520    0 
37800:    1.00    0.190    0.148 0.008    0.023   -1003378    0 
37900:    1.00    0.159    0.150 0.008    0.024   -1003198    0 

--------------------------------------------
Proportion of membership of each pre-defined
 population in each of the 2 clusters

Given    Inferred Clusters       Number of
 Pop       1      2             Individuals

  1:     0.258  0.742              23
--------------------------------------------

 Rep#:   Lambda   Alpha      F1    F2     D1,2    Ln Like  Est Ln P(D)
38000:    1.00    0.225    0.151 0.008    0.024   -1003273    0 
38100:    1.00    0.108    0.151 0.008    0.024   -1003467    0 
38200:    1.00    0.104    0.150 0.008    0.024   -1003194    0 
38300:    1.00    0.103    0.152 0.008    0.024   -1003206    0 
38400:    1.00    0.162    0.153 0.008    0.024   -1003247    0 
38500:    1.00    0.317    0.153 0.008    0.024   -1003104    0 
38600:    1.00    0.105    0.154 0.008    0.024   -1003352    0 
38700:    1.00    0.154    0.152 0.008    0.024   -1003379    0 
38800:    1.00    0.215    0.152 0.008    0.024   -1003243    0 
38900:    1.00    0.373    0.152 0.008    0.024   -1002812    0 

--------------------------------------------
Proportion of membership of each pre-defined
 population in each of the 2 clusters

Given    Inferred Clusters       Number of
 Pop       1      2             Individuals

  1:     0.260  0.740              23
--------------------------------------------

 Rep#:   Lambda   Alpha      F1    F2     D1,2    Ln Like  Est Ln P(D)
39000:    1.00    0.196    0.150 0.008    0.024   -1003416    0 
39100:    1.00    0.241    0.151 0.008    0.024   -1003086    0 
39200:    1.00    0.250    0.151 0.008    0.024   -1003404    0 
39300:    1.00    0.145    0.151 0.008    0.024   -1003236    0 
39400:    1.00    0.182    0.148 0.008    0.024   -1003675    0 
39500:    1.00    0.130    0.148 0.008    0.024   -1003728    0 
39600:    1.00    0.211    0.148 0.008    0.023   -1003560    0 
39700:    1.00    0.205    0.150 0.008    0.024   -1003768    0 
39800:    1.00    0.384    0.150 0.008    0.024   -1003597    0 
39900:    1.00    0.168    0.150 0.008    0.024   -1003481    0 

--------------------------------------------
Proportion of membership of each pre-defined
 population in each of the 2 clusters

Given    Inferred Clusters       Number of
 Pop       1      2             Individuals

  1:     0.266  0.734              23
--------------------------------------------

 Rep#:   Lambda   Alpha      F1    F2     D1,2    Ln Like  Est Ln P(D)
40000:    1.00    0.177    0.150 0.008    0.024   -1003056    0 
40100:    1.00    0.209    0.147 0.008    0.023   -1004140    0 
40200:    1.00    0.143    0.147 0.008    0.023   -1003257    0 
40300:    1.00    0.151    0.147 0.008    0.023   -1003405    0 
40400:    1.00    0.273    0.147 0.008    0.023   -1003438    0 
40500:    1.00    0.118    0.150 0.008    0.024   -1003201    0 
40600:    1.00    0.153    0.152 0.008    0.024   -1003530    0 
40700:    1.00    0.243    0.152 0.008    0.024   -1003010    0 
40800:    1.00    0.121    0.149 0.008    0.024   -1003156    0 
40900:    1.00    0.148    0.149 0.008    0.024   -1003153    0 

--------------------------------------------
Proportion of membership of each pre-defined
 population in each of the 2 clusters

Given    Inferred Clusters       Number of
 Pop       1      2             Individuals

  1:     0.259  0.741              23
--------------------------------------------

 Rep#:   Lambda   Alpha      F1    F2     D1,2    Ln Like  Est Ln P(D)
41000:    1.00    0.174    0.152 0.008    0.024   -1003460    0 
41100:    1.00    0.181    0.152 0.008    0.024   -1003352    0 
41200:    1.00    0.170    0.152 0.008    0.024   -1003518    0 
41300:    1.00    0.330    0.153 0.008    0.024   -1003961    0 
41400:    1.00    0.238    0.152 0.008    0.024   -1003653    0 
41500:    1.00    0.323    0.153 0.008    0.024   -1003549    0 
41600:    1.00    0.224    0.154 0.008    0.025   -1003458    0 
41700:    1.00    0.201    0.154 0.008    0.024   -1003115    0 
41800:    1.00    0.151    0.155 0.008    0.025   -1003122    0 
41900:    1.00    0.286    0.154 0.008    0.024   -1002763    0 

--------------------------------------------
Proportion of membership of each pre-defined
 population in each of the 2 clusters

Given    Inferred Clusters       Number of
 Pop       1      2             Individuals

  1:     0.262  0.738              23
--------------------------------------------

 Rep#:   Lambda   Alpha      F1    F2     D1,2    Ln Like  Est Ln P(D)
42000:    1.00    0.191    0.152 0.008    0.024   -1003284    0 
42100:    1.00    0.225    0.153 0.008    0.024   -1003316    0 
42200:    1.00    0.223    0.156 0.008    0.024   -1003577    0 
42300:    1.00    0.254    0.155 0.008    0.025   -1002979    0 
42400:    1.00    0.234    0.154 0.008    0.024   -1003289    0 
42500:    1.00    0.158    0.157 0.008    0.025   -1003236    0 
42600:    1.00    0.217    0.158 0.008    0.025   -1003569    0 
42700:    1.00    0.338    0.156 0.008    0.025   -1003086    0 
42800:    1.00    0.344    0.155 0.008    0.024   -1003562    0 
42900:    1.00    0.192    0.155 0.008    0.024   -1003452    0 

--------------------------------------------
Proportion of membership of each pre-defined
 population in each of the 2 clusters

Given    Inferred Clusters       Number of
 Pop       1      2             Individuals

  1:     0.261  0.739              23
--------------------------------------------

 Rep#:   Lambda   Alpha      F1    F2     D1,2    Ln Like  Est Ln P(D)
43000:    1.00    0.280    0.154 0.008    0.025   -1003295    0 
43100:    1.00    0.250    0.155 0.008    0.025   -1003513    0 
43200:    1.00    0.195    0.155 0.008    0.024   -1003280    0 
43300:    1.00    0.162    0.153 0.008    0.024   -1003310    0 
43400:    1.00    0.168    0.153 0.008    0.024   -1003649    0 
43500:    1.00    0.240    0.152 0.008    0.024   -1003355    0 
43600:    1.00    0.190    0.152 0.008    0.024   -1003353    0 
43700:    1.00    0.169    0.150 0.008    0.024   -1003574    0 
43800:    1.00    0.195    0.150 0.008    0.024   -1003228    0 
43900:    1.00    0.204    0.151 0.008    0.024   -1003467    0 

--------------------------------------------
Proportion of membership of each pre-defined
 population in each of the 2 clusters

Given    Inferred Clusters       Number of
 Pop       1      2             Individuals

  1:     0.261  0.739              23
--------------------------------------------

 Rep#:   Lambda   Alpha      F1    F2     D1,2    Ln Like  Est Ln P(D)
44000:    1.00    0.156    0.152 0.008    0.024   -1003601    0 
44100:    1.00    0.255    0.151 0.008    0.024   -1003216    0 
44200:    1.00    0.218    0.153 0.008    0.024   -1003158    0 
44300:    1.00    0.177    0.152 0.008    0.024   -1003420    0 
44400:    1.00    0.121    0.151 0.008    0.024   -1003547    0 
44500:    1.00    0.114    0.152 0.008    0.024   -1003505    0 
44600:    1.00    0.181    0.152 0.008    0.024   -1003056    0 
44700:    1.00    0.195    0.151 0.008    0.024   -1002883    0 
44800:    1.00    0.180    0.150 0.008    0.024   -1003295    0 
44900:    1.00    0.204    0.151 0.008    0.024   -1003018    0 

--------------------------------------------
Proportion of membership of each pre-defined
 population in each of the 2 clusters

Given    Inferred Clusters       Number of
 Pop       1      2             Individuals

  1:     0.264  0.736              23
--------------------------------------------

 Rep#:   Lambda   Alpha      F1    F2     D1,2    Ln Like  Est Ln P(D)
45000:    1.00    0.194    0.151 0.008    0.024   -1003465    0 
45100:    1.00    0.197    0.151 0.008    0.024   -1003699    0 
45200:    1.00    0.176    0.153 0.008    0.024   -1003221    0 
45300:    1.00    0.231    0.153 0.008    0.024   -1003406    0 
45400:    1.00    0.153    0.150 0.008    0.024   -1003504    0 
45500:    1.00    0.145    0.150 0.008    0.024   -1003257    0 
45600:    1.00    0.192    0.153 0.008    0.024   -1003332    0 
45700:    1.00    0.160    0.152 0.008    0.024   -1003541    0 
45800:    1.00    0.089    0.153 0.008    0.024   -1003527    0 
45900:    1.00    0.283    0.152 0.008    0.024   -1003250    0 

--------------------------------------------
Proportion of membership of each pre-defined
 population in each of the 2 clusters

Given    Inferred Clusters       Number of
 Pop       1      2             Individuals

  1:     0.263  0.737              23
--------------------------------------------

 Rep#:   Lambda   Alpha      F1    F2     D1,2    Ln Like  Est Ln P(D)
46000:    1.00    0.175    0.152 0.008    0.024   -1003001    0 
46100:    1.00    0.127    0.153 0.008    0.024   -1003025    0 
46200:    1.00    0.184    0.151 0.008    0.024   -1003407    0 
46300:    1.00    0.145    0.151 0.008    0.024   -1002811    0 
46400:    1.00    0.270    0.150 0.008    0.024   -1003407    0 
46500:    1.00    0.230    0.151 0.008    0.024   -1003748    0 
46600:    1.00    0.267    0.151 0.008    0.024   -1003142    0 
46700:    1.00    0.226    0.150 0.008    0.024   -1003122    0 
46800:    1.00    0.252    0.150 0.008    0.024   -1003183    0 
46900:    1.00    0.150    0.150 0.008    0.024   -1003670    0 

--------------------------------------------
Proportion of membership of each pre-defined
 population in each of the 2 clusters

Given    Inferred Clusters       Number of
 Pop       1      2             Individuals

  1:     0.261  0.739              23
--------------------------------------------

 Rep#:   Lambda   Alpha      F1    F2     D1,2    Ln Like  Est Ln P(D)
47000:    1.00    0.176    0.149 0.008    0.024   -1003389    0 
47100:    1.00    0.282    0.147 0.008    0.023   -1003108    0 
47200:    1.00    0.184    0.148 0.008    0.024   -1003211    0 
47300:    1.00    0.181    0.147 0.008    0.023   -1003615    0 
47400:    1.00    0.196    0.149 0.008    0.024   -1003971    0 
47500:    1.00    0.177    0.149 0.008    0.024   -1003559    0 
47600:    1.00    0.317    0.148 0.008    0.023   -1003377    0 
47700:    1.00    0.151    0.149 0.008    0.024   -1003116    0 
47800:    1.00    0.238    0.151 0.007    0.024   -1003211    0 
47900:    1.00    0.132    0.151 0.007    0.024   -1003100    0 

--------------------------------------------
Proportion of membership of each pre-defined
 population in each of the 2 clusters

Given    Inferred Clusters       Number of
 Pop       1      2             Individuals

  1:     0.266  0.734              23
--------------------------------------------

 Rep#:   Lambda   Alpha      F1    F2     D1,2    Ln Like  Est Ln P(D)
48000:    1.00    0.192    0.149 0.007    0.024   -1003217    0 
48100:    1.00    0.376    0.149 0.007    0.024   -1003116    0 
48200:    1.00    0.236    0.152 0.007    0.024   -1003090    0 
48300:    1.00    0.159    0.150 0.007    0.024   -1003803    0 
48400:    1.00    0.223    0.150 0.007    0.024   -1003073    0 
48500:    1.00    0.140    0.150 0.007    0.024   -1003712    0 
48600:    1.00    0.174    0.152 0.007    0.024   -1003443    0 
48700:    1.00    0.216    0.152 0.007    0.024   -1003409    0 
48800:    1.00    0.134    0.152 0.007    0.024   -1003393    0 
48900:    1.00    0.206    0.154 0.007    0.024   -1003537    0 

--------------------------------------------
Proportion of membership of each pre-defined
 population in each of the 2 clusters

Given    Inferred Clusters       Number of
 Pop       1      2             Individuals

  1:     0.254  0.746              23
--------------------------------------------

 Rep#:   Lambda   Alpha      F1    F2     D1,2    Ln Like  Est Ln P(D)
49000:    1.00    0.131    0.153 0.007    0.024   -1003472    0 
49100:    1.00    0.129    0.156 0.007    0.024   -1003324    0 
49200:    1.00    0.349    0.155 0.007    0.024   -1003597    0 
49300:    1.00    0.267    0.156 0.007    0.025   -1003525    0 
49400:    1.00    0.308    0.156 0.007    0.025   -1003237    0 
49500:    1.00    0.189    0.156 0.007    0.025   -1003462    0 
49600:    1.00    0.214    0.159 0.007    0.025   -1002870    0 
49700:    1.00    0.194    0.159 0.007    0.025   -1003453    0 
49800:    1.00    0.141    0.160 0.007    0.025   -1003340    0 
49900:    1.00    0.116    0.157 0.007    0.024   -1003467    0 

--------------------------------------------
Proportion of membership of each pre-defined
 population in each of the 2 clusters

Given    Inferred Clusters       Number of
 Pop       1      2             Individuals

  1:     0.258  0.742              23
--------------------------------------------

 Rep#:   Lambda   Alpha      F1    F2     D1,2    Ln Like  Est Ln P(D)
50000:    1.00    0.236    0.159 0.007    0.025   -1003802    0 
50100:    1.00    0.258    0.158 0.007    0.025   -1003726    0 
50200:    1.00    0.249    0.156 0.007    0.025   -1003350    0 
50300:    1.00    0.116    0.156 0.007    0.025   -1003668    0 
50400:    1.00    0.210    0.155 0.007    0.024   -1003366    0 
50500:    1.00    0.152    0.156 0.007    0.025   -1003246    0 
50600:    1.00    0.131    0.156 0.007    0.025   -1003292    0 
50700:    1.00    0.179    0.157 0.007    0.024   -1003066    0 
50800:    1.00    0.204    0.157 0.007    0.025   -1003190    0 
50900:    1.00    0.240    0.159 0.007    0.025   -1003199    0 

--------------------------------------------
Proportion of membership of each pre-defined
 population in each of the 2 clusters

Given    Inferred Clusters       Number of
 Pop       1      2             Individuals

  1:     0.262  0.738              23
--------------------------------------------

 Rep#:   Lambda   Alpha      F1    F2     D1,2    Ln Like  Est Ln P(D)
51000:    1.00    0.278    0.159 0.007    0.025   -1003291    0 
51100:    1.00    0.314    0.159 0.007    0.025   -1003257    0 
51200:    1.00    0.171    0.156 0.007    0.025   -1003386    0 
51300:    1.00    0.268    0.156 0.007    0.025   -1003062    0 
51400:    1.00    0.170    0.156 0.007    0.025   -1003378    0 
51500:    1.00    0.282    0.157 0.007    0.025   -1003543    0 
51600:    1.00    0.171    0.154 0.007    0.024   -1003437    0 
51700:    1.00    0.156    0.150 0.007    0.024   -1003292    0 
51800:    1.00    0.177    0.150 0.007    0.024   -1003611    0 
51900:    1.00    0.170    0.151 0.007    0.024   -1003471    0 

--------------------------------------------
Proportion of membership of each pre-defined
 population in each of the 2 clusters

Given    Inferred Clusters       Number of
 Pop       1      2             Individuals

  1:     0.263  0.737              23
--------------------------------------------

 Rep#:   Lambda   Alpha      F1    F2     D1,2    Ln Like  Est Ln P(D)
52000:    1.00    0.266    0.151 0.007    0.024   -1003507    0 
52100:    1.00    0.340    0.152 0.007    0.024   -1003846    0 
52200:    1.00    0.209    0.149 0.007    0.024   -1003550    0 
52300:    1.00    0.207    0.149 0.007    0.024   -1003192    0 
52400:    1.00    0.214    0.149 0.007    0.024   -1003363    0 
52500:    1.00    0.223    0.149 0.007    0.024   -1003612    0 
52600:    1.00    0.156    0.149 0.007    0.024   -1003592    0 
52700:    1.00    0.186    0.148 0.007    0.023   -1003461    0 
52800:    1.00    0.251    0.148 0.007    0.024   -1003322    0 
52900:    1.00    0.157    0.148 0.007    0.023   -1003545    0 

--------------------------------------------
Proportion of membership of each pre-defined
 population in each of the 2 clusters

Given    Inferred Clusters       Number of
 Pop       1      2             Individuals

  1:     0.261  0.739              23
--------------------------------------------

 Rep#:   Lambda   Alpha      F1    F2     D1,2    Ln Like  Est Ln P(D)
53000:    1.00    0.181    0.148 0.007    0.023   -1003489    0 
53100:    1.00    0.193    0.150 0.007    0.024   -1003588    0 
53200:    1.00    0.217    0.151 0.007    0.024   -1003132    0 
53300:    1.00    0.153    0.150 0.007    0.024   -1003180    0 
53400:    1.00    0.232    0.149 0.007    0.024   -1003268    0 
53500:    1.00    0.235    0.149 0.007    0.024   -1003335    0 
53600:    1.00    0.219    0.149 0.007    0.024   -1003651    0 
53700:    1.00    0.182    0.149 0.007    0.023   -1003697    0 
53800:    1.00    0.209    0.149 0.007    0.024   -1003575    0 
53900:    1.00    0.181    0.149 0.007    0.024   -1003341    0 

--------------------------------------------
Proportion of membership of each pre-defined
 population in each of the 2 clusters

Given    Inferred Clusters       Number of
 Pop       1      2             Individuals

  1:     0.260  0.740              23
--------------------------------------------

 Rep#:   Lambda   Alpha      F1    F2     D1,2    Ln Like  Est Ln P(D)
54000:    1.00    0.135    0.152 0.007    0.024   -1003511    0 
54100:    1.00    0.201    0.153 0.007    0.024   -1002946    0 
54200:    1.00    0.142    0.149 0.007    0.024   -1003302    0 
54300:    1.00    0.173    0.147 0.007    0.023   -1003539    0 
54400:    1.00    0.225    0.147 0.007    0.023   -1003562    0 
54500:    1.00    0.182    0.146 0.007    0.023   -1003587    0 
54600:    1.00    0.184    0.146 0.007    0.023   -1003635    0 
54700:    1.00    0.194    0.146 0.007    0.023   -1003367    0 
54800:    1.00    0.156    0.146 0.007    0.023   -1003454    0 
54900:    1.00    0.135    0.147 0.007    0.023   -1003176    0 

--------------------------------------------
Proportion of membership of each pre-defined
 population in each of the 2 clusters

Given    Inferred Clusters       Number of
 Pop       1      2             Individuals

  1:     0.258  0.742              23
--------------------------------------------

 Rep#:   Lambda   Alpha      F1    F2     D1,2    Ln Like  Est Ln P(D)
55000:    1.00    0.124    0.147 0.007    0.023   -1003252    0 
55100:    1.00    0.179    0.150 0.007    0.024   -1003263    0 
55200:    1.00    0.226    0.147 0.007    0.023   -1003328    0 
55300:    1.00    0.198    0.147 0.007    0.023   -1003196    0 
55400:    1.00    0.221    0.148 0.007    0.024   -1003209    0 
55500:    1.00    0.270    0.149 0.007    0.023   -1003138    0 
55600:    1.00    0.183    0.149 0.007    0.024   -1003358    0 
55700:    1.00    0.197    0.150 0.007    0.023   -1003156    0 
55800:    1.00    0.231    0.151 0.007    0.024   -1003135    0 
55900:    1.00    0.167    0.152 0.007    0.024   -1003396    0 

--------------------------------------------
Proportion of membership of each pre-defined
 population in each of the 2 clusters

Given    Inferred Clusters       Number of
 Pop       1      2             Individuals

  1:     0.259  0.741              23
--------------------------------------------

 Rep#:   Lambda   Alpha      F1    F2     D1,2    Ln Like  Est Ln P(D)
56000:    1.00    0.173    0.153 0.007    0.024   -1003016    0 
56100:    1.00    0.223    0.153 0.007    0.024   -1003215    0 
56200:    1.00    0.176    0.154 0.007    0.024   -1003345    0 
56300:    1.00    0.198    0.153 0.007    0.024   -1003298    0 
56400:    1.00    0.117    0.151 0.007    0.024   -1003980    0 
56500:    1.00    0.154    0.149 0.007    0.024   -1003699    0 
56600:    1.00    0.243    0.150 0.007    0.024   -1003155    0 
56700:    1.00    0.121    0.149 0.007    0.023   -1003377    0 
56800:    1.00    0.125    0.149 0.007    0.024   -1003441    0 
56900:    1.00    0.170    0.149 0.007    0.023   -1003114    0 

--------------------------------------------
Proportion of membership of each pre-defined
 population in each of the 2 clusters

Given    Inferred Clusters       Number of
 Pop       1      2             Individuals

  1:     0.256  0.744              23
--------------------------------------------

 Rep#:   Lambda   Alpha      F1    F2     D1,2    Ln Like  Est Ln P(D)
57000:    1.00    0.137    0.150 0.007    0.024   -1003106    0 
57100:    1.00    0.196    0.151 0.007    0.024   -1003340    0 
57200:    1.00    0.114    0.147 0.007    0.024   -1003768    0 
57300:    1.00    0.351    0.149 0.007    0.023   -1003482    0 
57400:    1.00    0.246    0.150 0.007    0.024   -1003247    0 
57500:    1.00    0.181    0.152 0.007    0.024   -1003486    0 
57600:    1.00    0.249    0.154 0.007    0.024   -1003420    0 
57700:    1.00    0.207    0.153 0.007    0.024   -1003139    0 
57800:    1.00    0.162    0.151 0.007    0.024   -1003957    0 
57900:    1.00    0.230    0.151 0.007    0.024   -1003291    0 

--------------------------------------------
Proportion of membership of each pre-defined
 population in each of the 2 clusters

Given    Inferred Clusters       Number of
 Pop       1      2             Individuals

  1:     0.256  0.744              23
--------------------------------------------

 Rep#:   Lambda   Alpha      F1    F2     D1,2    Ln Like  Est Ln P(D)
58000:    1.00    0.190    0.151 0.007    0.024   -1003436    0 
58100:    1.00    0.106    0.151 0.007    0.024   -1003225    0 
58200:    1.00    0.185    0.151 0.007    0.024   -1003239    0 
58300:    1.00    0.131    0.150 0.007    0.024   -1003376    0 
58400:    1.00    0.377    0.151 0.007    0.024   -1003462    0 
58500:    1.00    0.159    0.148 0.007    0.024   -1003367    0 
58600:    1.00    0.172    0.148 0.007    0.023   -1003316    0 
58700:    1.00    0.206    0.148 0.007    0.023   -1003411    0 
58800:    1.00    0.256    0.148 0.007    0.024   -1003283    0 
58900:    1.00    0.170    0.148 0.007    0.023   -1003336    0 

--------------------------------------------
Proportion of membership of each pre-defined
 population in each of the 2 clusters

Given    Inferred Clusters       Number of
 Pop       1      2             Individuals

  1:     0.254  0.746              23
--------------------------------------------

 Rep#:   Lambda   Alpha      F1    F2     D1,2    Ln Like  Est Ln P(D)
59000:    1.00    0.275    0.148 0.007    0.023   -1003464    0 
59100:    1.00    0.190    0.149 0.007    0.023   -1003622    0 
59200:    1.00    0.191    0.151 0.007    0.024   -1003368    0 
59300:    1.00    0.202    0.150 0.007    0.023   -1003518    0 
59400:    1.00    0.258    0.149 0.007    0.023   -1003332    0 
59500:    1.00    0.234    0.149 0.007    0.023   -1003145    0 
59600:    1.00    0.230    0.151 0.007    0.024   -1003336    0 
59700:    1.00    0.171    0.151 0.007    0.024   -1003191    0 
59800:    1.00    0.181    0.150 0.007    0.024   -1003349    0 
59900:    1.00    0.220    0.150 0.007    0.024   -1003550    0 
60000:    1.00    0.163    0.150 0.007    0.024   -1002985    0 

MCMC completed

Inferred ancestry of individuals:
        Label (%Miss) Pop:  Inferred clusters
  1 18160D-09-0    (2)    1 :  0.140 0.860 
  2 18160D-09-0    (4)    1 :  0.173 0.827 
  3 18160D-09-0    (2)    1 :  0.752 0.248 
  4 18160D-09-0    (5)    1 :  1.000 0.000 
  5 18160D-09-0    (4)    1 :  0.904 0.096 
  6 18160D-09-0    (4)    1 :  0.943 0.057 
  7 18160D-09-0    (2)    1 :  0.995 0.005 
  8 18160D-09-0    (4)    1 :  0.130 0.870 
  9 18160D-09-0    (2)    1 :  0.000 1.000 
 10 18160D-09-1    (2)    1 :  0.000 1.000 
 11 18160D-09-1    (2)    1 :  0.000 1.000 
 12 18160D-09-1    (2)    1 :  0.001 0.999 
 13 18160D-09-1    (5)    1 :  0.168 0.832 
 14 18160D-09-1   (18)    1 :  0.172 0.828 
 15 18160D-09-1    (4)    1 :  0.088 0.912 
 16 18160D-09-1    (2)    1 :  0.001 0.999 
 17 18160D-09-1    (2)    1 :  0.137 0.863 
 18 18160D-09-1    (2)    1 :  0.002 0.998 
 19 18160D-09-1    (2)    1 :  0.102 0.898 
 20 18160D-09-2    (5)    1 :  0.068 0.932 
 21 18160D-09-2    (5)    1 :  0.151 0.849 
 22 18160D-09-2    (5)    1 :  0.001 0.999 
 23 18160D-09-2    (2)    1 :  0.104 0.896 

Command line arguments:   structure -D 649584 -K 2 -m mainparams -o k2/populations_k2_run8 
Input File:    populations.str
Output File:   k2/populations_k2_run8_f

Run parameters:
   23 individuals
   50160 loci
   2 populations assumed
   10000 Burn-in period
   50000 Reps
RANDOMIZE turned off

--------------------------------------------
Estimated Ln Prob of Data   = -1049816.9
Mean value of ln likelihood = -1003337.5
Variance of ln likelihood   = 92958.9
Mean value of alpha         = 0.2015

Mean value of Fst_1         = 0.1490
Mean value of Fst_2         = 0.0090


--------------------------------------------
Proportion of membership of each pre-defined
 population in each of the 2 clusters

Given    Inferred Clusters       Number of
 Pop       1      2             Individuals

  1:     0.262  0.738              23
--------------------------------------------
Final results printed to file k2/populations_k2_run8_f

