

----------------------------------------------------
STRUCTURE by Pritchard, Stephens and Donnelly (2000)
     and Falush, Stephens and Pritchard (2003)
       Code by Pritchard, Falush and Hubisz
             Version 2.3.4 (Jul 2012)
----------------------------------------------------


Reading file "mainparams".
datafile is
populations.str
Reading file "extraparams".
Reading file "populations.str".


Data file "populations.str" (truncated) --

Ind:   Label Pop : Genotype_data . . . .
  1: 18160D-09-0    1  :  4   1   3   1   4   1   3  . . . .   2
  1: 18160D-09-0    1  :  4   1   3   1   4   4   4  . . . .   4
  2: 18160D-09-0    1  :  4   1   3   1   4   1   3  . . . .   2
  2: 18160D-09-0    1  :  4   1   3   1   4   4   3  . . . .   4
  3: 18160D-09-0    1  :  4   1   0   0   0   0   3  . . . .   2
  3: 18160D-09-0    1  :  4   3   0   0   0   0   3  . . . .   4
  4: 18160D-09-0    1  :  4   1   3   1   4   1   3  . . . .   2
  4: 18160D-09-0    1  :  4   3   3   1   4   1   3  . . . .   4

      *******   

 22: 18160D-09-2    1  :  4   1   3   1   4   1   3  . . . .   2
 22: 18160D-09-2    1  :  4   3   3   1   4   1   4  . . . .   4
 23: 18160D-09-2    1  :  4   1   3   1   4   1   3  . . . .   2
 23: 18160D-09-2    1  :  4   1   3   1   4   4   4  . . . .   4

Number of alleles per locus: min= 2; ave=2.0; max= 2


--------------------------------------

Finished initialization; starting MCMC 
50000 iterations + 10000 burnin


--------------------------------------------
Proportion of membership of each pre-defined
 population in each of the 2 clusters

Given    Inferred Clusters       Number of
 Pop       1      2             Individuals

  1:     0.508  0.492              23
--------------------------------------------

 Rep#:   Lambda   Alpha      F1    F2     D1,2    Ln Like 
  100:    1.00    1.076    0.010 0.010    0.003   --  
  200:    1.00    1.545    0.010 0.010    0.003   --  
  300:    1.00    1.173    0.010 0.010    0.003   --  
  400:    1.00    1.063    0.010 0.010    0.003   --  
  500:    1.00    0.597    0.010 0.010    0.003   --  
  600:    1.00    0.406    0.010 0.010    0.003   --  
  700:    1.00    0.188    0.010 0.010    0.003   --  
  800:    1.00    0.198    0.010 0.010    0.003   --  
  900:    1.00    0.150    0.010 0.010    0.003   --  

--------------------------------------------
Proportion of membership of each pre-defined
 population in each of the 2 clusters

Given    Inferred Clusters       Number of
 Pop       1      2             Individuals

  1:     0.509  0.491              23
--------------------------------------------

 Rep#:   Lambda   Alpha      F1    F2     D1,2    Ln Like 
 1000:    1.00    0.163    0.010 0.010    0.003   --  
 1100:    1.00    0.099    0.010 0.010    0.003   --  
 1200:    1.00    0.143    0.010 0.010    0.003   --  
 1300:    1.00    0.139    0.011 0.010    0.003   --  
 1400:    1.00    0.152    0.011 0.010    0.003   --  
 1500:    1.00    0.089    0.011 0.010    0.003   --  
 1600:    1.00    0.091    0.011 0.010    0.003   --  
 1700:    1.00    0.115    0.011 0.010    0.003   --  
 1800:    1.00    0.110    0.011 0.010    0.003   --  
 1900:    1.00    0.151    0.011 0.010    0.003   --  

--------------------------------------------
Proportion of membership of each pre-defined
 population in each of the 2 clusters

Given    Inferred Clusters       Number of
 Pop       1      2             Individuals

  1:     0.422  0.578              23
--------------------------------------------

 Rep#:   Lambda   Alpha      F1    F2     D1,2    Ln Like 
 2000:    1.00    0.103    0.011 0.011    0.003   --  
 2100:    1.00    0.065    0.011 0.011    0.003   --  
 2200:    1.00    0.051    0.011 0.011    0.004   --  
 2300:    1.00    0.064    0.011 0.011    0.004   --  
 2400:    1.00    0.141    0.011 0.012    0.004   --  
 2500:    1.00    0.109    0.011 0.012    0.004   --  
 2600:    1.00    0.059    0.011 0.013    0.004   --  
 2700:    1.00    0.042    0.011 0.013    0.004   --  
 2800:    1.00    0.050    0.011 0.013    0.004   --  
 2900:    1.00    0.057    0.011 0.015    0.004   --  

--------------------------------------------
Proportion of membership of each pre-defined
 population in each of the 2 clusters

Given    Inferred Clusters       Number of
 Pop       1      2             Individuals

  1:     0.377  0.623              23
--------------------------------------------

 Rep#:   Lambda   Alpha      F1    F2     D1,2    Ln Like 
 3000:    1.00    0.072    0.011 0.015    0.004   --  
 3100:    1.00    0.040    0.011 0.015    0.004   --  
 3200:    1.00    0.062    0.011 0.015    0.004   --  
 3300:    1.00    0.087    0.011 0.015    0.004   --  
 3400:    1.00    0.071    0.011 0.016    0.004   --  
 3500:    1.00    0.037    0.011 0.016    0.004   --  
 3600:    1.00    0.055    0.012 0.017    0.005   --  
 3700:    1.00    0.029    0.013 0.017    0.005   --  
 3800:    1.00    0.035    0.013 0.017    0.005   --  
 3900:    1.00    0.065    0.013 0.018    0.005   --  

--------------------------------------------
Proportion of membership of each pre-defined
 population in each of the 2 clusters

Given    Inferred Clusters       Number of
 Pop       1      2             Individuals

  1:     0.347  0.653              23
--------------------------------------------

 Rep#:   Lambda   Alpha      F1    F2     D1,2    Ln Like 
 4000:    1.00    0.073    0.013 0.018    0.005   --  
 4100:    1.00    0.030    0.013 0.018    0.005   --  
 4200:    1.00    0.067    0.014 0.019    0.005   --  
 4300:    1.00    0.044    0.014 0.020    0.005   --  
 4400:    1.00    0.025    0.014 0.022    0.006   --  
 4500:    1.00    0.042    0.014 0.022    0.006   --  
 4600:    1.00    0.038    0.014 0.022    0.006   --  
 4700:    1.00    0.068    0.014 0.022    0.006   --  
 4800:    1.00    0.053    0.014 0.022    0.006   --  
 4900:    1.00    0.046    0.014 0.024    0.006   --  

--------------------------------------------
Proportion of membership of each pre-defined
 population in each of the 2 clusters

Given    Inferred Clusters       Number of
 Pop       1      2             Individuals

  1:     0.349  0.651              23
--------------------------------------------

 Rep#:   Lambda   Alpha      F1    F2     D1,2    Ln Like 
 5000:    1.00    0.069    0.014 0.024    0.006   --  
 5100:    1.00    0.043    0.014 0.026    0.006   --  
 5200:    1.00    0.066    0.014 0.028    0.007   --  
 5300:    1.00    0.100    0.014 0.031    0.007   --  
 5400:    1.00    0.047    0.014 0.032    0.007   --  
 5500:    1.00    0.076    0.014 0.033    0.008   --  
 5600:    1.00    0.035    0.014 0.035    0.008   --  
 5700:    1.00    0.107    0.014 0.038    0.008   --  
 5800:    1.00    0.130    0.014 0.039    0.008   --  
 5900:    1.00    0.151    0.014 0.041    0.009   --  

--------------------------------------------
Proportion of membership of each pre-defined
 population in each of the 2 clusters

Given    Inferred Clusters       Number of
 Pop       1      2             Individuals

  1:     0.408  0.592              23
--------------------------------------------

 Rep#:   Lambda   Alpha      F1    F2     D1,2    Ln Like 
 6000:    1.00    0.187    0.014 0.042    0.009   --  
 6100:    1.00    0.130    0.014 0.043    0.009   --  
 6200:    1.00    0.134    0.014 0.048    0.010   --  
 6300:    1.00    0.130    0.014 0.048    0.010   --  
 6400:    1.00    0.124    0.014 0.051    0.010   --  
 6500:    1.00    0.155    0.014 0.055    0.011   --  
 6600:    1.00    0.088    0.014 0.057    0.011   --  
 6700:    1.00    0.066    0.014 0.061    0.012   --  
 6800:    1.00    0.156    0.014 0.078    0.014   --  
 6900:    1.00    0.162    0.014 0.087    0.016   --  

--------------------------------------------
Proportion of membership of each pre-defined
 population in each of the 2 clusters

Given    Inferred Clusters       Number of
 Pop       1      2             Individuals

  1:     0.629  0.371              23
--------------------------------------------

 Rep#:   Lambda   Alpha      F1    F2     D1,2    Ln Like 
 7000:    1.00    0.217    0.014 0.105    0.019   --  
 7100:    1.00    0.243    0.014 0.111    0.019   --  
 7200:    1.00    0.262    0.014 0.115    0.020   --  
 7300:    1.00    0.226    0.014 0.118    0.020   --  
 7400:    1.00    0.112    0.014 0.120    0.021   --  
 7500:    1.00    0.164    0.014 0.124    0.021   --  
 7600:    1.00    0.106    0.014 0.130    0.022   --  
 7700:    1.00    0.185    0.014 0.129    0.022   --  
 7800:    1.00    0.187    0.014 0.133    0.022   --  
 7900:    1.00    0.099    0.014 0.133    0.022   --  

--------------------------------------------
Proportion of membership of each pre-defined
 population in each of the 2 clusters

Given    Inferred Clusters       Number of
 Pop       1      2             Individuals

  1:     0.711  0.289              23
--------------------------------------------

 Rep#:   Lambda   Alpha      F1    F2     D1,2    Ln Like 
 8000:    1.00    0.243    0.014 0.133    0.022   --  
 8100:    1.00    0.236    0.014 0.136    0.023   --  
 8200:    1.00    0.162    0.014 0.136    0.023   --  
 8300:    1.00    0.220    0.014 0.136    0.023   --  
 8400:    1.00    0.211    0.013 0.138    0.023   --  
 8500:    1.00    0.197    0.013 0.139    0.023   --  
 8600:    1.00    0.194    0.013 0.140    0.023   --  
 8700:    1.00    0.211    0.013 0.141    0.023   --  
 8800:    1.00    0.223    0.013 0.141    0.023   --  
 8900:    1.00    0.179    0.013 0.141    0.023   --  

--------------------------------------------
Proportion of membership of each pre-defined
 population in each of the 2 clusters

Given    Inferred Clusters       Number of
 Pop       1      2             Individuals

  1:     0.720  0.280              23
--------------------------------------------

 Rep#:   Lambda   Alpha      F1    F2     D1,2    Ln Like 
 9000:    1.00    0.271    0.013 0.146    0.024   --  
 9100:    1.00    0.270    0.013 0.146    0.024   --  
 9200:    1.00    0.153    0.012 0.145    0.024   --  
 9300:    1.00    0.166    0.012 0.144    0.023   --  
 9400:    1.00    0.284    0.012 0.144    0.023   --  
 9500:    1.00    0.347    0.012 0.145    0.023   --  
 9600:    1.00    0.245    0.012 0.141    0.023   --  
 9700:    1.00    0.268    0.012 0.141    0.023   --  
 9800:    1.00    0.182    0.012 0.143    0.023   --  
 9900:    1.00    0.259    0.012 0.139    0.023   --  
10000:    1.00    0.160    0.012 0.139    0.023   --  

BURNIN completed
 Rep#:   Lambda   Alpha      F1    F2     D1,2    Ln Like  Est Ln P(D)
10100:    1.00    0.188    0.012 0.144    0.024   -1003433    0 
10200:    1.00    0.186    0.012 0.144    0.024   -1003576    0 
10300:    1.00    0.226    0.012 0.144    0.024   -1003091    0 
10400:    1.00    0.098    0.012 0.144    0.023   -1003248    0 
10500:    1.00    0.201    0.012 0.144    0.024   -1003107    0 
10600:    1.00    0.188    0.012 0.144    0.023   -1003347    0 
10700:    1.00    0.132    0.012 0.146    0.024   -1003035    0 
10800:    1.00    0.148    0.012 0.146    0.024   -1003263    0 
10900:    1.00    0.095    0.012 0.146    0.024   -1003407    0 

--------------------------------------------
Proportion of membership of each pre-defined
 population in each of the 2 clusters

Given    Inferred Clusters       Number of
 Pop       1      2             Individuals

  1:     0.731  0.269              23
--------------------------------------------

 Rep#:   Lambda   Alpha      F1    F2     D1,2    Ln Like  Est Ln P(D)
11000:    1.00    0.232    0.012 0.146    0.024   -1003363    0 
11100:    1.00    0.182    0.012 0.146    0.024   -1003305    0 
11200:    1.00    0.285    0.012 0.146    0.024   -1003512    0 
11300:    1.00    0.208    0.012 0.145    0.024   -1003085    0 
11400:    1.00    0.125    0.012 0.144    0.024   -1003401    0 
11500:    1.00    0.129    0.012 0.142    0.023   -1003107    0 
11600:    1.00    0.235    0.012 0.144    0.024   -1003245    0 
11700:    1.00    0.287    0.012 0.143    0.024   -1003031    0 
11800:    1.00    0.228    0.012 0.143    0.024   -1003071    0 
11900:    1.00    0.204    0.012 0.145    0.024   -1003122    0 

--------------------------------------------
Proportion of membership of each pre-defined
 population in each of the 2 clusters

Given    Inferred Clusters       Number of
 Pop       1      2             Individuals

  1:     0.728  0.272              23
--------------------------------------------

 Rep#:   Lambda   Alpha      F1    F2     D1,2    Ln Like  Est Ln P(D)
12000:    1.00    0.253    0.012 0.147    0.024   -1003382    0 
12100:    1.00    0.300    0.012 0.148    0.024   -1002945    0 
12200:    1.00    0.177    0.012 0.148    0.024   -1003068    0 
12300:    1.00    0.208    0.012 0.148    0.024   -1003156    0 
12400:    1.00    0.177    0.012 0.149    0.024   -1002944    0 
12500:    1.00    0.251    0.012 0.149    0.024   -1003175    0 
12600:    1.00    0.189    0.012 0.149    0.024   -1003434    0 
12700:    1.00    0.133    0.012 0.149    0.024   -1003261    0 
12800:    1.00    0.178    0.012 0.150    0.024   -1003207    0 
12900:    1.00    0.278    0.012 0.149    0.025   -1003207    0 

--------------------------------------------
Proportion of membership of each pre-defined
 population in each of the 2 clusters

Given    Inferred Clusters       Number of
 Pop       1      2             Individuals

  1:     0.733  0.267              23
--------------------------------------------

 Rep#:   Lambda   Alpha      F1    F2     D1,2    Ln Like  Est Ln P(D)
13000:    1.00    0.216    0.012 0.147    0.024   -1003024    0 
13100:    1.00    0.141    0.012 0.147    0.024   -1003090    0 
13200:    1.00    0.218    0.012 0.148    0.024   -1003459    0 
13300:    1.00    0.198    0.012 0.148    0.024   -1003422    0 
13400:    1.00    0.155    0.012 0.152    0.025   -1003374    0 
13500:    1.00    0.138    0.012 0.151    0.025   -1002886    0 
13600:    1.00    0.161    0.012 0.150    0.025   -1003167    0 
13700:    1.00    0.184    0.012 0.149    0.024   -1003212    0 
13800:    1.00    0.230    0.012 0.151    0.025   -1003052    0 
13900:    1.00    0.267    0.012 0.148    0.024   -1003410    0 

--------------------------------------------
Proportion of membership of each pre-defined
 population in each of the 2 clusters

Given    Inferred Clusters       Number of
 Pop       1      2             Individuals

  1:     0.734  0.266              23
--------------------------------------------

 Rep#:   Lambda   Alpha      F1    F2     D1,2    Ln Like  Est Ln P(D)
14000:    1.00    0.314    0.012 0.148    0.024   -1003014    0 
14100:    1.00    0.261    0.012 0.149    0.024   -1003089    0 
14200:    1.00    0.272    0.012 0.148    0.024   -1002954    0 
14300:    1.00    0.236    0.012 0.148    0.024   -1002751    0 
14400:    1.00    0.207    0.012 0.147    0.024   -1002829    0 
14500:    1.00    0.113    0.012 0.151    0.024   -1002782    0 
14600:    1.00    0.156    0.012 0.150    0.024   -1003118    0 
14700:    1.00    0.225    0.012 0.150    0.024   -1003141    0 
14800:    1.00    0.366    0.012 0.149    0.024   -1003128    0 
14900:    1.00    0.183    0.012 0.148    0.024   -1003303    0 

--------------------------------------------
Proportion of membership of each pre-defined
 population in each of the 2 clusters

Given    Inferred Clusters       Number of
 Pop       1      2             Individuals

  1:     0.722  0.278              23
--------------------------------------------

 Rep#:   Lambda   Alpha      F1    F2     D1,2    Ln Like  Est Ln P(D)
15000:    1.00    0.362    0.012 0.146    0.024   -1003344    0 
15100:    1.00    0.187    0.012 0.148    0.024   -1003142    0 
15200:    1.00    0.203    0.012 0.150    0.024   -1003464    0 
15300:    1.00    0.205    0.012 0.150    0.024   -1002969    0 
15400:    1.00    0.343    0.012 0.152    0.025   -1002977    0 
15500:    1.00    0.249    0.012 0.152    0.025   -1003407    0 
15600:    1.00    0.207    0.011 0.152    0.025   -1003275    0 
15700:    1.00    0.273    0.011 0.150    0.024   -1003000    0 
15800:    1.00    0.246    0.011 0.152    0.025   -1003252    0 
15900:    1.00    0.188    0.011 0.151    0.024   -1003318    0 

--------------------------------------------
Proportion of membership of each pre-defined
 population in each of the 2 clusters

Given    Inferred Clusters       Number of
 Pop       1      2             Individuals

  1:     0.734  0.266              23
--------------------------------------------

 Rep#:   Lambda   Alpha      F1    F2     D1,2    Ln Like  Est Ln P(D)
16000:    1.00    0.166    0.011 0.151    0.024   -1002964    0 
16100:    1.00    0.253    0.011 0.150    0.024   -1003452    0 
16200:    1.00    0.276    0.011 0.150    0.024   -1003408    0 
16300:    1.00    0.351    0.011 0.148    0.024   -1003325    0 
16400:    1.00    0.141    0.011 0.147    0.024   -1003064    0 
16500:    1.00    0.256    0.011 0.149    0.024   -1003235    0 
16600:    1.00    0.206    0.011 0.149    0.024   -1003350    0 
16700:    1.00    0.248    0.011 0.150    0.024   -1003706    0 
16800:    1.00    0.245    0.011 0.152    0.024   -1003219    0 
16900:    1.00    0.201    0.011 0.151    0.024   -1003098    0 

--------------------------------------------
Proportion of membership of each pre-defined
 population in each of the 2 clusters

Given    Inferred Clusters       Number of
 Pop       1      2             Individuals

  1:     0.734  0.266              23
--------------------------------------------

 Rep#:   Lambda   Alpha      F1    F2     D1,2    Ln Like  Est Ln P(D)
17000:    1.00    0.293    0.011 0.150    0.024   -1003375    0 
17100:    1.00    0.258    0.011 0.150    0.024   -1002778    0 
17200:    1.00    0.118    0.011 0.151    0.024   -1003405    0 
17300:    1.00    0.196    0.011 0.151    0.024   -1003156    0 
17400:    1.00    0.147    0.011 0.150    0.024   -1003152    0 
17500:    1.00    0.164    0.011 0.150    0.024   -1003458    0 
17600:    1.00    0.286    0.011 0.152    0.024   -1003176    0 
17700:    1.00    0.253    0.011 0.152    0.024   -1003279    0 
17800:    1.00    0.179    0.011 0.153    0.025   -1002983    0 
17900:    1.00    0.146    0.011 0.149    0.024   -1003266    0 

--------------------------------------------
Proportion of membership of each pre-defined
 population in each of the 2 clusters

Given    Inferred Clusters       Number of
 Pop       1      2             Individuals

  1:     0.734  0.266              23
--------------------------------------------

 Rep#:   Lambda   Alpha      F1    F2     D1,2    Ln Like  Est Ln P(D)
18000:    1.00    0.211    0.011 0.149    0.024   -1003278    0 
18100:    1.00    0.266    0.011 0.151    0.024   -1003400    0 
18200:    1.00    0.246    0.011 0.150    0.024   -1003167    0 
18300:    1.00    0.155    0.011 0.150    0.024   -1002932    0 
18400:    1.00    0.335    0.011 0.150    0.024   -1003272    0 
18500:    1.00    0.251    0.011 0.151    0.024   -1003099    0 
18600:    1.00    0.142    0.011 0.151    0.024   -1003618    0 
18700:    1.00    0.196    0.011 0.151    0.024   -1003141    0 
18800:    1.00    0.212    0.011 0.153    0.025   -1002993    0 
18900:    1.00    0.120    0.011 0.152    0.025   -1003394    0 

--------------------------------------------
Proportion of membership of each pre-defined
 population in each of the 2 clusters

Given    Inferred Clusters       Number of
 Pop       1      2             Individuals

  1:     0.735  0.265              23
--------------------------------------------

 Rep#:   Lambda   Alpha      F1    F2     D1,2    Ln Like  Est Ln P(D)
19000:    1.00    0.305    0.011 0.148    0.024   -1003133    0 
19100:    1.00    0.192    0.011 0.147    0.024   -1003138    0 
19200:    1.00    0.167    0.011 0.149    0.024   -1003424    0 
19300:    1.00    0.272    0.011 0.149    0.024   -1003147    0 
19400:    1.00    0.219    0.011 0.149    0.024   -1003604    0 
19500:    1.00    0.241    0.011 0.149    0.024   -1002699    0 
19600:    1.00    0.114    0.010 0.149    0.024   -1003367    0 
19700:    1.00    0.199    0.010 0.149    0.024   -1003133    0 
19800:    1.00    0.217    0.010 0.149    0.024   -1003022    0 
19900:    1.00    0.230    0.010 0.144    0.023   -1003359    0 

--------------------------------------------
Proportion of membership of each pre-defined
 population in each of the 2 clusters

Given    Inferred Clusters       Number of
 Pop       1      2             Individuals

  1:     0.736  0.264              23
--------------------------------------------

 Rep#:   Lambda   Alpha      F1    F2     D1,2    Ln Like  Est Ln P(D)
20000:    1.00    0.139    0.010 0.144    0.023   -1003365    0 
20100:    1.00    0.119    0.010 0.143    0.023   -1003405    0 
20200:    1.00    0.149    0.010 0.144    0.023   -1003230    0 
20300:    1.00    0.251    0.010 0.145    0.024   -1003400    0 
20400:    1.00    0.408    0.010 0.147    0.024   -1003487    0 
20500:    1.00    0.191    0.010 0.147    0.024   -1003469    0 
20600:    1.00    0.259    0.010 0.146    0.023   -1003518    0 
20700:    1.00    0.173    0.010 0.146    0.024   -1003428    0 
20800:    1.00    0.158    0.010 0.146    0.024   -1002933    0 
20900:    1.00    0.222    0.010 0.147    0.024   -1003116    0 

--------------------------------------------
Proportion of membership of each pre-defined
 population in each of the 2 clusters

Given    Inferred Clusters       Number of
 Pop       1      2             Individuals

  1:     0.731  0.269              23
--------------------------------------------

 Rep#:   Lambda   Alpha      F1    F2     D1,2    Ln Like  Est Ln P(D)
21000:    1.00    0.222    0.010 0.146    0.024   -1003269    0 
21100:    1.00    0.136    0.010 0.145    0.024   -1003201    0 
21200:    1.00    0.216    0.010 0.148    0.024   -1003269    0 
21300:    1.00    0.151    0.010 0.148    0.024   -1003376    0 
21400:    1.00    0.153    0.010 0.148    0.024   -1003243    0 
21500:    1.00    0.162    0.010 0.150    0.024   -1003394    0 
21600:    1.00    0.207    0.010 0.150    0.024   -1003096    0 
21700:    1.00    0.105    0.010 0.150    0.024   -1003494    0 
21800:    1.00    0.191    0.010 0.151    0.024   -1003126    0 
21900:    1.00    0.135    0.010 0.149    0.024   -1003002    0 

--------------------------------------------
Proportion of membership of each pre-defined
 population in each of the 2 clusters

Given    Inferred Clusters       Number of
 Pop       1      2             Individuals

  1:     0.734  0.266              23
--------------------------------------------

 Rep#:   Lambda   Alpha      F1    F2     D1,2    Ln Like  Est Ln P(D)
22000:    1.00    0.138    0.010 0.149    0.024   -1003428    0 
22100:    1.00    0.223    0.010 0.149    0.024   -1002949    0 
22200:    1.00    0.176    0.010 0.149    0.024   -1002922    0 
22300:    1.00    0.159    0.010 0.150    0.024   -1003356    0 
22400:    1.00    0.299    0.010 0.149    0.024   -1003182    0 
22500:    1.00    0.140    0.010 0.149    0.024   -1003111    0 
22600:    1.00    0.091    0.010 0.149    0.024   -1003412    0 
22700:    1.00    0.181    0.010 0.149    0.024   -1003042    0 
22800:    1.00    0.268    0.010 0.148    0.024   -1003328    0 
22900:    1.00    0.232    0.010 0.149    0.024   -1003376    0 

--------------------------------------------
Proportion of membership of each pre-defined
 population in each of the 2 clusters

Given    Inferred Clusters       Number of
 Pop       1      2             Individuals

  1:     0.733  0.267              23
--------------------------------------------

 Rep#:   Lambda   Alpha      F1    F2     D1,2    Ln Like  Est Ln P(D)
23000:    1.00    0.186    0.010 0.150    0.024   -1003434    0 
23100:    1.00    0.138    0.010 0.150    0.024   -1002867    0 
23200:    1.00    0.326    0.010 0.150    0.024   -1003100    0 
23300:    1.00    0.215    0.010 0.148    0.024   -1003551    0 
23400:    1.00    0.159    0.010 0.148    0.024   -1003255    0 
23500:    1.00    0.234    0.010 0.149    0.024   -1003354    0 
23600:    1.00    0.138    0.010 0.149    0.024   -1003448    0 
23700:    1.00    0.118    0.010 0.149    0.024   -1003216    0 
23800:    1.00    0.174    0.010 0.149    0.024   -1003275    0 
23900:    1.00    0.147    0.010 0.149    0.024   -1003297    0 

--------------------------------------------
Proportion of membership of each pre-defined
 population in each of the 2 clusters

Given    Inferred Clusters       Number of
 Pop       1      2             Individuals

  1:     0.735  0.265              23
--------------------------------------------

 Rep#:   Lambda   Alpha      F1    F2     D1,2    Ln Like  Est Ln P(D)
24000:    1.00    0.176    0.010 0.147    0.024   -1003542    0 
24100:    1.00    0.206    0.010 0.146    0.024   -1003104    0 
24200:    1.00    0.258    0.010 0.149    0.024   -1003453    0 
24300:    1.00    0.235    0.010 0.150    0.024   -1003596    0 
24400:    1.00    0.139    0.010 0.150    0.024   -1002971    0 
24500:    1.00    0.195    0.010 0.148    0.024   -1003486    0 
24600:    1.00    0.147    0.010 0.156    0.025   -1003210    0 
24700:    1.00    0.156    0.010 0.155    0.025   -1002953    0 
24800:    1.00    0.145    0.010 0.150    0.024   -1003174    0 
24900:    1.00    0.249    0.010 0.153    0.024   -1002962    0 

--------------------------------------------
Proportion of membership of each pre-defined
 population in each of the 2 clusters

Given    Inferred Clusters       Number of
 Pop       1      2             Individuals

  1:     0.734  0.266              23
--------------------------------------------

 Rep#:   Lambda   Alpha      F1    F2     D1,2    Ln Like  Est Ln P(D)
25000:    1.00    0.122    0.010 0.153    0.025   -1002757    0 
25100:    1.00    0.151    0.010 0.153    0.025   -1003061    0 
25200:    1.00    0.182    0.010 0.154    0.024   -1003085    0 
25300:    1.00    0.206    0.010 0.153    0.025   -1002919    0 
25400:    1.00    0.191    0.010 0.153    0.024   -1003111    0 
25500:    1.00    0.274    0.010 0.154    0.025   -1002968    0 
25600:    1.00    0.170    0.010 0.156    0.025   -1003273    0 
25700:    1.00    0.192    0.010 0.153    0.025   -1003090    0 
25800:    1.00    0.202    0.010 0.153    0.024   -1003600    0 
25900:    1.00    0.316    0.010 0.152    0.024   -1003180    0 

--------------------------------------------
Proportion of membership of each pre-defined
 population in each of the 2 clusters

Given    Inferred Clusters       Number of
 Pop       1      2             Individuals

  1:     0.735  0.265              23
--------------------------------------------

 Rep#:   Lambda   Alpha      F1    F2     D1,2    Ln Like  Est Ln P(D)
26000:    1.00    0.333    0.010 0.152    0.025   -1003222    0 
26100:    1.00    0.203    0.010 0.152    0.024   -1002950    0 
26200:    1.00    0.187    0.010 0.150    0.024   -1003067    0 
26300:    1.00    0.133    0.010 0.149    0.024   -1003331    0 
26400:    1.00    0.145    0.010 0.149    0.024   -1002913    0 
26500:    1.00    0.230    0.010 0.149    0.024   -1003122    0 
26600:    1.00    0.231    0.010 0.148    0.024   -1003548    0 
26700:    1.00    0.149    0.010 0.148    0.024   -1003058    0 
26800:    1.00    0.168    0.010 0.147    0.024   -1002862    0 
26900:    1.00    0.188    0.010 0.151    0.024   -1002918    0 

--------------------------------------------
Proportion of membership of each pre-defined
 population in each of the 2 clusters

Given    Inferred Clusters       Number of
 Pop       1      2             Individuals

  1:     0.738  0.262              23
--------------------------------------------

 Rep#:   Lambda   Alpha      F1    F2     D1,2    Ln Like  Est Ln P(D)
27000:    1.00    0.116    0.010 0.151    0.024   -1002828    0 
27100:    1.00    0.283    0.010 0.151    0.024   -1003125    0 
27200:    1.00    0.181    0.010 0.151    0.024   -1003333    0 
27300:    1.00    0.175    0.010 0.151    0.024   -1003169    0 
27400:    1.00    0.202    0.010 0.150    0.024   -1003339    0 
27500:    1.00    0.201    0.010 0.149    0.024   -1003245    0 
27600:    1.00    0.263    0.010 0.150    0.024   -1003051    0 
27700:    1.00    0.305    0.010 0.146    0.023   -1003488    0 
27800:    1.00    0.205    0.010 0.147    0.024   -1003048    0 
27900:    1.00    0.306    0.010 0.146    0.023   -1003366    0 

--------------------------------------------
Proportion of membership of each pre-defined
 population in each of the 2 clusters

Given    Inferred Clusters       Number of
 Pop       1      2             Individuals

  1:     0.733  0.267              23
--------------------------------------------

 Rep#:   Lambda   Alpha      F1    F2     D1,2    Ln Like  Est Ln P(D)
28000:    1.00    0.221    0.010 0.146    0.023   -1003267    0 
28100:    1.00    0.250    0.010 0.145    0.023   -1003332    0 
28200:    1.00    0.152    0.010 0.145    0.023   -1002853    0 
28300:    1.00    0.191    0.010 0.146    0.024   -1002844    0 
28400:    1.00    0.260    0.010 0.146    0.024   -1003517    0 
28500:    1.00    0.196    0.010 0.147    0.024   -1003524    0 
28600:    1.00    0.185    0.010 0.148    0.024   -1003004    0 
28700:    1.00    0.192    0.010 0.149    0.024   -1003516    0 
28800:    1.00    0.125    0.010 0.146    0.023   -1003453    0 
28900:    1.00    0.140    0.010 0.148    0.024   -1003149    0 

--------------------------------------------
Proportion of membership of each pre-defined
 population in each of the 2 clusters

Given    Inferred Clusters       Number of
 Pop       1      2             Individuals

  1:     0.733  0.267              23
--------------------------------------------

 Rep#:   Lambda   Alpha      F1    F2     D1,2    Ln Like  Est Ln P(D)
29000:    1.00    0.172    0.010 0.148    0.024   -1003585    0 
29100:    1.00    0.118    0.010 0.149    0.024   -1003183    0 
29200:    1.00    0.243    0.010 0.150    0.024   -1003498    0 
29300:    1.00    0.278    0.010 0.150    0.024   -1003300    0 
29400:    1.00    0.167    0.010 0.148    0.024   -1003335    0 
29500:    1.00    0.268    0.010 0.148    0.024   -1003252    0 
29600:    1.00    0.190    0.010 0.148    0.024   -1002994    0 
29700:    1.00    0.139    0.010 0.149    0.024   -1003224    0 
29800:    1.00    0.143    0.010 0.149    0.024   -1003167    0 
29900:    1.00    0.185    0.010 0.153    0.024   -1003379    0 

--------------------------------------------
Proportion of membership of each pre-defined
 population in each of the 2 clusters

Given    Inferred Clusters       Number of
 Pop       1      2             Individuals

  1:     0.742  0.258              23
--------------------------------------------

 Rep#:   Lambda   Alpha      F1    F2     D1,2    Ln Like  Est Ln P(D)
30000:    1.00    0.299    0.010 0.149    0.024   -1002841    0 
30100:    1.00    0.232    0.010 0.149    0.024   -1003423    0 
30200:    1.00    0.155    0.010 0.149    0.024   -1003301    0 
30300:    1.00    0.374    0.010 0.150    0.024   -1003177    0 
30400:    1.00    0.231    0.010 0.150    0.024   -1003027    0 
30500:    1.00    0.107    0.010 0.150    0.024   -1003325    0 
30600:    1.00    0.165    0.010 0.148    0.024   -1003465    0 
30700:    1.00    0.214    0.010 0.147    0.024   -1003220    0 
30800:    1.00    0.187    0.010 0.147    0.024   -1003157    0 
30900:    1.00    0.182    0.010 0.148    0.024   -1003467    0 

--------------------------------------------
Proportion of membership of each pre-defined
 population in each of the 2 clusters

Given    Inferred Clusters       Number of
 Pop       1      2             Individuals

  1:     0.736  0.264              23
--------------------------------------------

 Rep#:   Lambda   Alpha      F1    F2     D1,2    Ln Like  Est Ln P(D)
31000:    1.00    0.244    0.010 0.149    0.024   -1003758    0 
31100:    1.00    0.223    0.010 0.148    0.024   -1003411    0 
31200:    1.00    0.192    0.010 0.148    0.024   -1003650    0 
31300:    1.00    0.149    0.009 0.147    0.024   -1003672    0 
31400:    1.00    0.236    0.009 0.147    0.024   -1003808    0 
31500:    1.00    0.169    0.009 0.147    0.024   -1003084    0 
31600:    1.00    0.233    0.009 0.147    0.024   -1003377    0 
31700:    1.00    0.212    0.009 0.147    0.024   -1003484    0 
31800:    1.00    0.172    0.009 0.147    0.024   -1003163    0 
31900:    1.00    0.236    0.009 0.149    0.024   -1003233    0 

--------------------------------------------
Proportion of membership of each pre-defined
 population in each of the 2 clusters

Given    Inferred Clusters       Number of
 Pop       1      2             Individuals

  1:     0.739  0.261              23
--------------------------------------------

 Rep#:   Lambda   Alpha      F1    F2     D1,2    Ln Like  Est Ln P(D)
32000:    1.00    0.186    0.009 0.152    0.024   -1003138    0 
32100:    1.00    0.149    0.009 0.153    0.024   -1003228    0 
32200:    1.00    0.284    0.009 0.153    0.024   -1003339    0 
32300:    1.00    0.155    0.009 0.153    0.024   -1003035    0 
32400:    1.00    0.190    0.009 0.155    0.025   -1003338    0 
32500:    1.00    0.204    0.009 0.155    0.025   -1003230    0 
32600:    1.00    0.210    0.009 0.152    0.024   -1003614    0 
32700:    1.00    0.210    0.009 0.149    0.024   -1003458    0 
32800:    1.00    0.237    0.009 0.150    0.024   -1003077    0 
32900:    1.00    0.284    0.009 0.149    0.024   -1003059    0 

--------------------------------------------
Proportion of membership of each pre-defined
 population in each of the 2 clusters

Given    Inferred Clusters       Number of
 Pop       1      2             Individuals

  1:     0.737  0.263              23
--------------------------------------------

 Rep#:   Lambda   Alpha      F1    F2     D1,2    Ln Like  Est Ln P(D)
33000:    1.00    0.179    0.009 0.147    0.024   -1002757    0 
33100:    1.00    0.215    0.009 0.148    0.024   -1003131    0 
33200:    1.00    0.126    0.009 0.149    0.024   -1003297    0 
33300:    1.00    0.171    0.009 0.149    0.024   -1002769    0 
33400:    1.00    0.287    0.009 0.149    0.024   -1003289    0 
33500:    1.00    0.253    0.009 0.150    0.024   -1003246    0 
33600:    1.00    0.220    0.009 0.149    0.024   -1003423    0 
33700:    1.00    0.241    0.009 0.150    0.024   -1003150    0 
33800:    1.00    0.221    0.009 0.150    0.024   -1003197    0 
33900:    1.00    0.185    0.009 0.149    0.024   -1003113    0 

--------------------------------------------
Proportion of membership of each pre-defined
 population in each of the 2 clusters

Given    Inferred Clusters       Number of
 Pop       1      2             Individuals

  1:     0.741  0.259              23
--------------------------------------------

 Rep#:   Lambda   Alpha      F1    F2     D1,2    Ln Like  Est Ln P(D)
34000:    1.00    0.232    0.009 0.149    0.024   -1003587    0 
34100:    1.00    0.187    0.009 0.149    0.024   -1003365    0 
34200:    1.00    0.156    0.009 0.149    0.024   -1003233    0 
34300:    1.00    0.129    0.009 0.149    0.024   -1003402    0 
34400:    1.00    0.159    0.009 0.149    0.024   -1003247    0 
34500:    1.00    0.195    0.009 0.148    0.024   -1003400    0 
34600:    1.00    0.127    0.009 0.149    0.024   -1003249    0 
34700:    1.00    0.164    0.009 0.147    0.024   -1003120    0 
34800:    1.00    0.180    0.009 0.147    0.024   -1003345    0 
34900:    1.00    0.228    0.009 0.148    0.024   -1003125    0 

--------------------------------------------
Proportion of membership of each pre-defined
 population in each of the 2 clusters

Given    Inferred Clusters       Number of
 Pop       1      2             Individuals

  1:     0.728  0.272              23
--------------------------------------------

 Rep#:   Lambda   Alpha      F1    F2     D1,2    Ln Like  Est Ln P(D)
35000:    1.00    0.215    0.009 0.148    0.024   -1003060    0 
35100:    1.00    0.303    0.009 0.148    0.024   -1003179    0 
35200:    1.00    0.159    0.009 0.146    0.023   -1003690    0 
35300:    1.00    0.174    0.009 0.146    0.023   -1003356    0 
35400:    1.00    0.087    0.009 0.146    0.023   -1003000    0 
35500:    1.00    0.170    0.009 0.142    0.023   -1003671    0 
35600:    1.00    0.225    0.009 0.142    0.023   -1003639    0 
35700:    1.00    0.126    0.009 0.145    0.023   -1003264    0 
35800:    1.00    0.187    0.009 0.145    0.023   -1003090    0 
35900:    1.00    0.183    0.009 0.145    0.023   -1002892    0 

--------------------------------------------
Proportion of membership of each pre-defined
 population in each of the 2 clusters

Given    Inferred Clusters       Number of
 Pop       1      2             Individuals

  1:     0.730  0.270              23
--------------------------------------------

 Rep#:   Lambda   Alpha      F1    F2     D1,2    Ln Like  Est Ln P(D)
36000:    1.00    0.139    0.009 0.144    0.023   -1003697    0 
36100:    1.00    0.185    0.009 0.144    0.023   -1003668    0 
36200:    1.00    0.269    0.009 0.144    0.023   -1003354    0 
36300:    1.00    0.176    0.009 0.145    0.023   -1003187    0 
36400:    1.00    0.190    0.009 0.145    0.023   -1003235    0 
36500:    1.00    0.217    0.009 0.147    0.024   -1003294    0 
36600:    1.00    0.258    0.009 0.146    0.023   -1003558    0 
36700:    1.00    0.153    0.009 0.146    0.023   -1003325    0 
36800:    1.00    0.211    0.009 0.146    0.023   -1003383    0 
36900:    1.00    0.182    0.009 0.146    0.023   -1003087    0 

--------------------------------------------
Proportion of membership of each pre-defined
 population in each of the 2 clusters

Given    Inferred Clusters       Number of
 Pop       1      2             Individuals

  1:     0.734  0.266              23
--------------------------------------------

 Rep#:   Lambda   Alpha      F1    F2     D1,2    Ln Like  Est Ln P(D)
37000:    1.00    0.232    0.009 0.146    0.023   -1003380    0 
37100:    1.00    0.179    0.009 0.146    0.024   -1003167    0 
37200:    1.00    0.176    0.009 0.146    0.023   -1003738    0 
37300:    1.00    0.255    0.009 0.147    0.023   -1003256    0 
37400:    1.00    0.143    0.009 0.146    0.023   -1003180    0 
37500:    1.00    0.243    0.009 0.146    0.023   -1003316    0 
37600:    1.00    0.205    0.009 0.147    0.023   -1003641    0 
37700:    1.00    0.195    0.009 0.147    0.023   -1003257    0 
37800:    1.00    0.263    0.009 0.147    0.023   -1003372    0 
37900:    1.00    0.253    0.009 0.149    0.024   -1003102    0 

--------------------------------------------
Proportion of membership of each pre-defined
 population in each of the 2 clusters

Given    Inferred Clusters       Number of
 Pop       1      2             Individuals

  1:     0.733  0.267              23
--------------------------------------------

 Rep#:   Lambda   Alpha      F1    F2     D1,2    Ln Like  Est Ln P(D)
38000:    1.00    0.191    0.009 0.150    0.024   -1003358    0 
38100:    1.00    0.161    0.009 0.150    0.024   -1003439    0 
38200:    1.00    0.190    0.009 0.150    0.024   -1003463    0 
38300:    1.00    0.232    0.009 0.149    0.024   -1002956    0 
38400:    1.00    0.149    0.009 0.149    0.024   -1003512    0 
38500:    1.00    0.194    0.009 0.149    0.024   -1003638    0 
38600:    1.00    0.134    0.009 0.149    0.024   -1003541    0 
38700:    1.00    0.148    0.009 0.148    0.024   -1003308    0 
38800:    1.00    0.307    0.009 0.146    0.023   -1003429    0 
38900:    1.00    0.175    0.009 0.150    0.024   -1003213    0 

--------------------------------------------
Proportion of membership of each pre-defined
 population in each of the 2 clusters

Given    Inferred Clusters       Number of
 Pop       1      2             Individuals

  1:     0.733  0.267              23
--------------------------------------------

 Rep#:   Lambda   Alpha      F1    F2     D1,2    Ln Like  Est Ln P(D)
39000:    1.00    0.203    0.009 0.149    0.024   -1003048    0 
39100:    1.00    0.148    0.009 0.149    0.024   -1002922    0 
39200:    1.00    0.286    0.009 0.147    0.023   -1002990    0 
39300:    1.00    0.233    0.008 0.148    0.024   -1003278    0 
39400:    1.00    0.183    0.008 0.149    0.024   -1002998    0 
39500:    1.00    0.227    0.008 0.149    0.024   -1003129    0 
39600:    1.00    0.324    0.008 0.149    0.024   -1003849    0 
39700:    1.00    0.284    0.008 0.152    0.024   -1003459    0 
39800:    1.00    0.146    0.008 0.152    0.024   -1003483    0 
39900:    1.00    0.184    0.008 0.150    0.024   -1003638    0 

--------------------------------------------
Proportion of membership of each pre-defined
 population in each of the 2 clusters

Given    Inferred Clusters       Number of
 Pop       1      2             Individuals

  1:     0.735  0.265              23
--------------------------------------------

 Rep#:   Lambda   Alpha      F1    F2     D1,2    Ln Like  Est Ln P(D)
40000:    1.00    0.183    0.008 0.152    0.024   -1003445    0 
40100:    1.00    0.270    0.008 0.154    0.025   -1003085    0 
40200:    1.00    0.311    0.008 0.151    0.024   -1003295    0 
40300:    1.00    0.099    0.008 0.152    0.024   -1003202    0 
40400:    1.00    0.287    0.008 0.152    0.024   -1003059    0 
40500:    1.00    0.155    0.008 0.152    0.024   -1003030    0 
40600:    1.00    0.191    0.008 0.150    0.024   -1003458    0 
40700:    1.00    0.247    0.008 0.149    0.023   -1003116    0 
40800:    1.00    0.179    0.008 0.149    0.023   -1003416    0 
40900:    1.00    0.167    0.008 0.146    0.023   -1003188    0 

--------------------------------------------
Proportion of membership of each pre-defined
 population in each of the 2 clusters

Given    Inferred Clusters       Number of
 Pop       1      2             Individuals

  1:     0.742  0.258              23
--------------------------------------------

 Rep#:   Lambda   Alpha      F1    F2     D1,2    Ln Like  Est Ln P(D)
41000:    1.00    0.213    0.008 0.149    0.024   -1003263    0 
41100:    1.00    0.141    0.008 0.149    0.024   -1003098    0 
41200:    1.00    0.154    0.008 0.149    0.024   -1003156    0 
41300:    1.00    0.224    0.008 0.146    0.023   -1003402    0 
41400:    1.00    0.189    0.008 0.147    0.023   -1003395    0 
41500:    1.00    0.245    0.008 0.146    0.023   -1003583    0 
41600:    1.00    0.251    0.008 0.144    0.023   -1003145    0 
41700:    1.00    0.163    0.008 0.146    0.023   -1003283    0 
41800:    1.00    0.206    0.008 0.145    0.023   -1003809    0 
41900:    1.00    0.189    0.008 0.148    0.024   -1003137    0 

--------------------------------------------
Proportion of membership of each pre-defined
 population in each of the 2 clusters

Given    Inferred Clusters       Number of
 Pop       1      2             Individuals

  1:     0.742  0.258              23
--------------------------------------------

 Rep#:   Lambda   Alpha      F1    F2     D1,2    Ln Like  Est Ln P(D)
42000:    1.00    0.220    0.008 0.151    0.024   -1003416    0 
42100:    1.00    0.269    0.008 0.151    0.024   -1003580    0 
42200:    1.00    0.284    0.008 0.151    0.024   -1003307    0 
42300:    1.00    0.243    0.008 0.151    0.024   -1003198    0 
42400:    1.00    0.184    0.008 0.154    0.024   -1003385    0 
42500:    1.00    0.142    0.008 0.154    0.024   -1002724    0 
42600:    1.00    0.289    0.008 0.154    0.025   -1003705    0 
42700:    1.00    0.211    0.008 0.154    0.024   -1003730    0 
42800:    1.00    0.084    0.008 0.155    0.024   -1003262    0 
42900:    1.00    0.192    0.008 0.155    0.024   -1003117    0 

--------------------------------------------
Proportion of membership of each pre-defined
 population in each of the 2 clusters

Given    Inferred Clusters       Number of
 Pop       1      2             Individuals

  1:     0.740  0.260              23
--------------------------------------------

 Rep#:   Lambda   Alpha      F1    F2     D1,2    Ln Like  Est Ln P(D)
43000:    1.00    0.240    0.008 0.155    0.025   -1003074    0 
43100:    1.00    0.354    0.008 0.155    0.025   -1003736    0 
43200:    1.00    0.275    0.008 0.155    0.025   -1003428    0 
43300:    1.00    0.119    0.008 0.154    0.024   -1003780    0 
43400:    1.00    0.290    0.008 0.154    0.024   -1003792    0 
43500:    1.00    0.278    0.008 0.155    0.025   -1003819    0 
43600:    1.00    0.174    0.008 0.155    0.024   -1003298    0 
43700:    1.00    0.147    0.008 0.154    0.024   -1003587    0 
43800:    1.00    0.351    0.008 0.155    0.025   -1003303    0 
43900:    1.00    0.300    0.008 0.154    0.024   -1003397    0 

--------------------------------------------
Proportion of membership of each pre-defined
 population in each of the 2 clusters

Given    Inferred Clusters       Number of
 Pop       1      2             Individuals

  1:     0.738  0.262              23
--------------------------------------------

 Rep#:   Lambda   Alpha      F1    F2     D1,2    Ln Like  Est Ln P(D)
44000:    1.00    0.168    0.008 0.155    0.024   -1003490    0 
44100:    1.00    0.202    0.008 0.155    0.025   -1003219    0 
44200:    1.00    0.235    0.008 0.153    0.024   -1003943    0 
44300:    1.00    0.256    0.008 0.153    0.024   -1003523    0 
44400:    1.00    0.222    0.008 0.152    0.024   -1003266    0 
44500:    1.00    0.213    0.008 0.151    0.024   -1003567    0 
44600:    1.00    0.191    0.008 0.151    0.024   -1003489    0 
44700:    1.00    0.233    0.008 0.154    0.024   -1002824    0 
44800:    1.00    0.174    0.008 0.153    0.024   -1003138    0 
44900:    1.00    0.160    0.008 0.153    0.024   -1003403    0 

--------------------------------------------
Proportion of membership of each pre-defined
 population in each of the 2 clusters

Given    Inferred Clusters       Number of
 Pop       1      2             Individuals

  1:     0.742  0.258              23
--------------------------------------------

 Rep#:   Lambda   Alpha      F1    F2     D1,2    Ln Like  Est Ln P(D)
45000:    1.00    0.200    0.008 0.153    0.024   -1003128    0 
45100:    1.00    0.289    0.008 0.152    0.024   -1003135    0 
45200:    1.00    0.137    0.008 0.155    0.025   -1002991    0 
45300:    1.00    0.217    0.008 0.155    0.024   -1003531    0 
45400:    1.00    0.243    0.008 0.155    0.024   -1003123    0 
45500:    1.00    0.129    0.008 0.155    0.024   -1002815    0 
45600:    1.00    0.217    0.008 0.154    0.024   -1002860    0 
45700:    1.00    0.186    0.008 0.151    0.024   -1003376    0 
45800:    1.00    0.122    0.008 0.152    0.024   -1003332    0 
45900:    1.00    0.344    0.008 0.150    0.024   -1003304    0 

--------------------------------------------
Proportion of membership of each pre-defined
 population in each of the 2 clusters

Given    Inferred Clusters       Number of
 Pop       1      2             Individuals

  1:     0.742  0.258              23
--------------------------------------------

 Rep#:   Lambda   Alpha      F1    F2     D1,2    Ln Like  Est Ln P(D)
46000:    1.00    0.190    0.008 0.149    0.024   -1003590    0 
46100:    1.00    0.233    0.008 0.151    0.024   -1003326    0 
46200:    1.00    0.219    0.008 0.149    0.024   -1002962    0 
46300:    1.00    0.266    0.008 0.151    0.024   -1003089    0 
46400:    1.00    0.251    0.008 0.151    0.024   -1003189    0 
46500:    1.00    0.308    0.008 0.149    0.024   -1003173    0 
46600:    1.00    0.174    0.008 0.148    0.024   -1002905    0 
46700:    1.00    0.246    0.008 0.148    0.024   -1003653    0 
46800:    1.00    0.140    0.008 0.148    0.024   -1003293    0 
46900:    1.00    0.168    0.008 0.149    0.024   -1003365    0 

--------------------------------------------
Proportion of membership of each pre-defined
 population in each of the 2 clusters

Given    Inferred Clusters       Number of
 Pop       1      2             Individuals

  1:     0.738  0.262              23
--------------------------------------------

 Rep#:   Lambda   Alpha      F1    F2     D1,2    Ln Like  Est Ln P(D)
47000:    1.00    0.195    0.008 0.149    0.023   -1003428    0 
47100:    1.00    0.237    0.008 0.150    0.024   -1003517    0 
47200:    1.00    0.197    0.008 0.151    0.024   -1003023    0 
47300:    1.00    0.186    0.008 0.152    0.024   -1003346    0 
47400:    1.00    0.157    0.008 0.152    0.024   -1003297    0 
47500:    1.00    0.159    0.008 0.154    0.025   -1002832    0 
47600:    1.00    0.222    0.008 0.154    0.024   -1002894    0 
47700:    1.00    0.298    0.008 0.155    0.025   -1003513    0 
47800:    1.00    0.198    0.008 0.155    0.024   -1003486    0 
47900:    1.00    0.157    0.008 0.155    0.025   -1003196    0 

--------------------------------------------
Proportion of membership of each pre-defined
 population in each of the 2 clusters

Given    Inferred Clusters       Number of
 Pop       1      2             Individuals

  1:     0.747  0.253              23
--------------------------------------------

 Rep#:   Lambda   Alpha      F1    F2     D1,2    Ln Like  Est Ln P(D)
48000:    1.00    0.154    0.008 0.158    0.025   -1003412    0 
48100:    1.00    0.239    0.008 0.158    0.025   -1002831    0 
48200:    1.00    0.268    0.008 0.155    0.025   -1003490    0 
48300:    1.00    0.158    0.008 0.155    0.025   -1003142    0 
48400:    1.00    0.213    0.008 0.153    0.024   -1003493    0 
48500:    1.00    0.110    0.008 0.150    0.024   -1003191    0 
48600:    1.00    0.150    0.008 0.152    0.024   -1003474    0 
48700:    1.00    0.235    0.008 0.152    0.024   -1003197    0 
48800:    1.00    0.189    0.008 0.152    0.024   -1003245    0 
48900:    1.00    0.232    0.008 0.151    0.024   -1003371    0 

--------------------------------------------
Proportion of membership of each pre-defined
 population in each of the 2 clusters

Given    Inferred Clusters       Number of
 Pop       1      2             Individuals

  1:     0.739  0.261              23
--------------------------------------------

 Rep#:   Lambda   Alpha      F1    F2     D1,2    Ln Like  Est Ln P(D)
49000:    1.00    0.215    0.008 0.153    0.024   -1003175    0 
49100:    1.00    0.199    0.008 0.153    0.024   -1003006    0 
49200:    1.00    0.161    0.008 0.153    0.024   -1003950    0 
49300:    1.00    0.165    0.008 0.153    0.024   -1003199    0 
49400:    1.00    0.168    0.008 0.151    0.024   -1003455    0 
49500:    1.00    0.228    0.008 0.151    0.024   -1003401    0 
49600:    1.00    0.269    0.008 0.147    0.023   -1003340    0 
49700:    1.00    0.085    0.008 0.145    0.023   -1003446    0 
49800:    1.00    0.145    0.008 0.148    0.023   -1003243    0 
49900:    1.00    0.166    0.008 0.150    0.023   -1003435    0 

--------------------------------------------
Proportion of membership of each pre-defined
 population in each of the 2 clusters

Given    Inferred Clusters       Number of
 Pop       1      2             Individuals

  1:     0.734  0.266              23
--------------------------------------------

 Rep#:   Lambda   Alpha      F1    F2     D1,2    Ln Like  Est Ln P(D)
50000:    1.00    0.231    0.008 0.150    0.024   -1002838    0 
50100:    1.00    0.220    0.008 0.151    0.024   -1003227    0 
50200:    1.00    0.225    0.008 0.151    0.024   -1003256    0 
50300:    1.00    0.159    0.008 0.147    0.023   -1003784    0 
50400:    1.00    0.288    0.008 0.148    0.024   -1003387    0 
50500:    1.00    0.259    0.008 0.150    0.024   -1003126    0 
50600:    1.00    0.264    0.008 0.150    0.024   -1003270    0 
50700:    1.00    0.278    0.008 0.150    0.024   -1003697    0 
50800:    1.00    0.135    0.008 0.150    0.024   -1003531    0 
50900:    1.00    0.177    0.008 0.148    0.023   -1003241    0 

--------------------------------------------
Proportion of membership of each pre-defined
 population in each of the 2 clusters

Given    Inferred Clusters       Number of
 Pop       1      2             Individuals

  1:     0.744  0.256              23
--------------------------------------------

 Rep#:   Lambda   Alpha      F1    F2     D1,2    Ln Like  Est Ln P(D)
51000:    1.00    0.230    0.008 0.148    0.024   -1003620    0 
51100:    1.00    0.145    0.008 0.148    0.024   -1003566    0 
51200:    1.00    0.281    0.008 0.147    0.024   -1003742    0 
51300:    1.00    0.133    0.008 0.147    0.024   -1003642    0 
51400:    1.00    0.236    0.008 0.148    0.024   -1003593    0 
51500:    1.00    0.094    0.008 0.148    0.023   -1003437    0 
51600:    1.00    0.324    0.008 0.147    0.023   -1003555    0 
51700:    1.00    0.248    0.008 0.148    0.023   -1003155    0 
51800:    1.00    0.109    0.008 0.149    0.024   -1003370    0 
51900:    1.00    0.204    0.008 0.148    0.024   -1003679    0 

--------------------------------------------
Proportion of membership of each pre-defined
 population in each of the 2 clusters

Given    Inferred Clusters       Number of
 Pop       1      2             Individuals

  1:     0.742  0.258              23
--------------------------------------------

 Rep#:   Lambda   Alpha      F1    F2     D1,2    Ln Like  Est Ln P(D)
52000:    1.00    0.243    0.008 0.148    0.024   -1003371    0 
52100:    1.00    0.261    0.008 0.148    0.024   -1003515    0 
52200:    1.00    0.165    0.008 0.147    0.023   -1003339    0 
52300:    1.00    0.238    0.008 0.146    0.023   -1003240    0 
52400:    1.00    0.192    0.008 0.146    0.023   -1003437    0 
52500:    1.00    0.158    0.008 0.147    0.023   -1003217    0 
52600:    1.00    0.192    0.008 0.147    0.024   -1003446    0 
52700:    1.00    0.187    0.008 0.147    0.023   -1003691    0 
52800:    1.00    0.202    0.008 0.147    0.024   -1003471    0 
52900:    1.00    0.152    0.008 0.147    0.023   -1003700    0 

--------------------------------------------
Proportion of membership of each pre-defined
 population in each of the 2 clusters

Given    Inferred Clusters       Number of
 Pop       1      2             Individuals

  1:     0.736  0.264              23
--------------------------------------------

 Rep#:   Lambda   Alpha      F1    F2     D1,2    Ln Like  Est Ln P(D)
53000:    1.00    0.236    0.008 0.147    0.024   -1003490    0 
53100:    1.00    0.215    0.008 0.149    0.024   -1003239    0 
53200:    1.00    0.223    0.008 0.151    0.024   -1003131    0 
53300:    1.00    0.277    0.008 0.150    0.024   -1003632    0 
53400:    1.00    0.153    0.008 0.149    0.024   -1003435    0 
53500:    1.00    0.273    0.008 0.148    0.024   -1003464    0 
53600:    1.00    0.186    0.008 0.148    0.024   -1003615    0 
53700:    1.00    0.156    0.008 0.149    0.023   -1003239    0 
53800:    1.00    0.198    0.008 0.147    0.023   -1003170    0 
53900:    1.00    0.154    0.008 0.145    0.023   -1003227    0 

--------------------------------------------
Proportion of membership of each pre-defined
 population in each of the 2 clusters

Given    Inferred Clusters       Number of
 Pop       1      2             Individuals

  1:     0.737  0.263              23
--------------------------------------------

 Rep#:   Lambda   Alpha      F1    F2     D1,2    Ln Like  Est Ln P(D)
54000:    1.00    0.189    0.008 0.145    0.023   -1003469    0 
54100:    1.00    0.157    0.008 0.144    0.023   -1003603    0 
54200:    1.00    0.184    0.008 0.146    0.023   -1003271    0 
54300:    1.00    0.201    0.008 0.146    0.023   -1003621    0 
54400:    1.00    0.275    0.008 0.148    0.024   -1003576    0 
54500:    1.00    0.139    0.008 0.150    0.024   -1003402    0 
54600:    1.00    0.221    0.008 0.150    0.024   -1003132    0 
54700:    1.00    0.091    0.008 0.149    0.024   -1003206    0 
54800:    1.00    0.143    0.008 0.150    0.024   -1003226    0 
54900:    1.00    0.224    0.008 0.149    0.023   -1003236    0 

--------------------------------------------
Proportion of membership of each pre-defined
 population in each of the 2 clusters

Given    Inferred Clusters       Number of
 Pop       1      2             Individuals

  1:     0.740  0.260              23
--------------------------------------------

 Rep#:   Lambda   Alpha      F1    F2     D1,2    Ln Like  Est Ln P(D)
55000:    1.00    0.126    0.008 0.148    0.024   -1003515    0 
55100:    1.00    0.213    0.008 0.148    0.024   -1003267    0 
55200:    1.00    0.163    0.008 0.147    0.023   -1003143    0 
55300:    1.00    0.331    0.008 0.149    0.024   -1003252    0 
55400:    1.00    0.187    0.008 0.146    0.023   -1003449    0 
55500:    1.00    0.114    0.008 0.147    0.023   -1003623    0 
55600:    1.00    0.232    0.008 0.148    0.023   -1003358    0 
55700:    1.00    0.275    0.008 0.148    0.024   -1003365    0 
55800:    1.00    0.181    0.008 0.147    0.023   -1003456    0 
55900:    1.00    0.124    0.008 0.146    0.024   -1003307    0 

--------------------------------------------
Proportion of membership of each pre-defined
 population in each of the 2 clusters

Given    Inferred Clusters       Number of
 Pop       1      2             Individuals

  1:     0.737  0.263              23
--------------------------------------------

 Rep#:   Lambda   Alpha      F1    F2     D1,2    Ln Like  Est Ln P(D)
56000:    1.00    0.194    0.008 0.146    0.023   -1003330    0 
56100:    1.00    0.139    0.008 0.148    0.023   -1003180    0 
56200:    1.00    0.147    0.008 0.148    0.023   -1003837    0 
56300:    1.00    0.105    0.008 0.146    0.023   -1003317    0 
56400:    1.00    0.147    0.008 0.146    0.023   -1003226    0 
56500:    1.00    0.172    0.008 0.147    0.023   -1003522    0 
56600:    1.00    0.184    0.008 0.146    0.023   -1003453    0 
56700:    1.00    0.183    0.008 0.146    0.023   -1003372    0 
56800:    1.00    0.228    0.008 0.146    0.024   -1003477    0 
56900:    1.00    0.190    0.008 0.148    0.023   -1003677    0 

--------------------------------------------
Proportion of membership of each pre-defined
 population in each of the 2 clusters

Given    Inferred Clusters       Number of
 Pop       1      2             Individuals

  1:     0.739  0.261              23
--------------------------------------------

 Rep#:   Lambda   Alpha      F1    F2     D1,2    Ln Like  Est Ln P(D)
57000:    1.00    0.265    0.008 0.149    0.024   -1003429    0 
57100:    1.00    0.079    0.008 0.151    0.024   -1003386    0 
57200:    1.00    0.215    0.008 0.152    0.024   -1002885    0 
57300:    1.00    0.096    0.008 0.150    0.024   -1003251    0 
57400:    1.00    0.118    0.008 0.151    0.024   -1002731    0 
57500:    1.00    0.219    0.007 0.150    0.024   -1003523    0 
57600:    1.00    0.200    0.007 0.152    0.024   -1003496    0 
57700:    1.00    0.229    0.007 0.154    0.024   -1003292    0 
57800:    1.00    0.242    0.007 0.153    0.024   -1003543    0 
57900:    1.00    0.308    0.007 0.152    0.024   -1003468    0 

--------------------------------------------
Proportion of membership of each pre-defined
 population in each of the 2 clusters

Given    Inferred Clusters       Number of
 Pop       1      2             Individuals

  1:     0.743  0.257              23
--------------------------------------------

 Rep#:   Lambda   Alpha      F1    F2     D1,2    Ln Like  Est Ln P(D)
58000:    1.00    0.309    0.007 0.150    0.024   -1003350    0 
58100:    1.00    0.188    0.007 0.150    0.024   -1003483    0 
58200:    1.00    0.152    0.007 0.150    0.024   -1003419    0 
58300:    1.00    0.245    0.007 0.149    0.024   -1003504    0 
58400:    1.00    0.291    0.007 0.149    0.024   -1003557    0 
58500:    1.00    0.217    0.007 0.149    0.024   -1003505    0 
58600:    1.00    0.261    0.007 0.150    0.024   -1003325    0 
58700:    1.00    0.283    0.007 0.152    0.024   -1003235    0 
58800:    1.00    0.210    0.007 0.152    0.024   -1003510    0 
58900:    1.00    0.146    0.007 0.152    0.024   -1003689    0 

--------------------------------------------
Proportion of membership of each pre-defined
 population in each of the 2 clusters

Given    Inferred Clusters       Number of
 Pop       1      2             Individuals

  1:     0.742  0.258              23
--------------------------------------------

 Rep#:   Lambda   Alpha      F1    F2     D1,2    Ln Like  Est Ln P(D)
59000:    1.00    0.262    0.007 0.149    0.024   -1003684    0 
59100:    1.00    0.272    0.007 0.151    0.024   -1003511    0 
59200:    1.00    0.228    0.007 0.147    0.023   -1003606    0 
59300:    1.00    0.211    0.007 0.147    0.023   -1003268    0 
59400:    1.00    0.253    0.007 0.147    0.023   -1003608    0 
59500:    1.00    0.258    0.007 0.145    0.023   -1003788    0 
59600:    1.00    0.272    0.007 0.146    0.023   -1003621    0 
59700:    1.00    0.190    0.007 0.145    0.023   -1003315    0 
59800:    1.00    0.149    0.007 0.145    0.023   -1003589    0 
59900:    1.00    0.169    0.007 0.145    0.023   -1003777    0 
60000:    1.00    0.149    0.007 0.147    0.023   -1003607    0 

MCMC completed

Inferred ancestry of individuals:
        Label (%Miss) Pop:  Inferred clusters
  1 18160D-09-0    (2)    1 :  0.857 0.143 
  2 18160D-09-0    (4)    1 :  0.824 0.176 
  3 18160D-09-0    (2)    1 :  0.247 0.753 
  4 18160D-09-0    (5)    1 :  0.000 1.000 
  5 18160D-09-0    (4)    1 :  0.094 0.906 
  6 18160D-09-0    (4)    1 :  0.056 0.944 
  7 18160D-09-0    (2)    1 :  0.003 0.997 
  8 18160D-09-0    (4)    1 :  0.867 0.133 
  9 18160D-09-0    (2)    1 :  1.000 0.000 
 10 18160D-09-1    (2)    1 :  1.000 0.000 
 11 18160D-09-1    (2)    1 :  1.000 0.000 
 12 18160D-09-1    (2)    1 :  0.999 0.001 
 13 18160D-09-1    (5)    1 :  0.831 0.169 
 14 18160D-09-1   (18)    1 :  0.825 0.175 
 15 18160D-09-1    (4)    1 :  0.912 0.088 
 16 18160D-09-1    (2)    1 :  1.000 0.000 
 17 18160D-09-1    (2)    1 :  0.861 0.139 
 18 18160D-09-1    (2)    1 :  0.998 0.002 
 19 18160D-09-1    (2)    1 :  0.896 0.104 
 20 18160D-09-2    (5)    1 :  0.930 0.070 
 21 18160D-09-2    (5)    1 :  0.847 0.153 
 22 18160D-09-2    (5)    1 :  0.999 0.001 
 23 18160D-09-2    (2)    1 :  0.892 0.108 

Command line arguments:   structure -D 843735 -K 2 -m mainparams -o k2/populations_k2_run1 
Input File:    populations.str
Output File:   k2/populations_k2_run1_f

Run parameters:
   23 individuals
   50160 loci
   2 populations assumed
   10000 Burn-in period
   50000 Reps
RANDOMIZE turned off

--------------------------------------------
Estimated Ln Prob of Data   = -1032136.6
Mean value of ln likelihood = -1003281.2
Variance of ln likelihood   = 57710.8
Mean value of alpha         = 0.2021

Mean value of Fst_1         = 0.0093
Mean value of Fst_2         = 0.1491


--------------------------------------------
Proportion of membership of each pre-defined
 population in each of the 2 clusters

Given    Inferred Clusters       Number of
 Pop       1      2             Individuals

  1:     0.736  0.264              23
--------------------------------------------
Final results printed to file k2/populations_k2_run1_f

