

----------------------------------------------------
STRUCTURE by Pritchard, Stephens and Donnelly (2000)
     and Falush, Stephens and Pritchard (2003)
       Code by Pritchard, Falush and Hubisz
             Version 2.3.4 (Jul 2012)
----------------------------------------------------


Reading file "mainparams".
datafile is
populations.str
Reading file "extraparams".
Reading file "populations.str".


Data file "populations.str" (truncated) --

Ind:   Label Pop : Genotype_data . . . .
  1: 18160D-09-0    1  :  4   1   3   1   4   1   3  . . . .   2
  1: 18160D-09-0    1  :  4   1   3   1   4   4   4  . . . .   4
  2: 18160D-09-0    1  :  4   1   3   1   4   1   3  . . . .   2
  2: 18160D-09-0    1  :  4   1   3   1   4   4   3  . . . .   4
  3: 18160D-09-0    1  :  4   1   0   0   0   0   3  . . . .   2
  3: 18160D-09-0    1  :  4   3   0   0   0   0   3  . . . .   4
  4: 18160D-09-0    1  :  4   1   3   1   4   1   3  . . . .   2
  4: 18160D-09-0    1  :  4   3   3   1   4   1   3  . . . .   4

      *******   

 22: 18160D-09-2    1  :  4   1   3   1   4   1   3  . . . .   2
 22: 18160D-09-2    1  :  4   3   3   1   4   1   4  . . . .   4
 23: 18160D-09-2    1  :  4   1   3   1   4   1   3  . . . .   2
 23: 18160D-09-2    1  :  4   1   3   1   4   4   4  . . . .   4

Number of alleles per locus: min= 2; ave=2.0; max= 2


--------------------------------------

Finished initialization; starting MCMC 
50000 iterations + 10000 burnin


--------------------------------------------
Proportion of membership of each pre-defined
 population in each of the 2 clusters

Given    Inferred Clusters       Number of
 Pop       1      2             Individuals

  1:     0.476  0.524              23
--------------------------------------------

 Rep#:   Lambda   Alpha      F1    F2     D1,2    Ln Like 
  100:    1.00    1.410    0.010 0.010    0.003   --  
  200:    1.00    2.222    0.010 0.010    0.003   --  
  300:    1.00    1.851    0.010 0.010    0.003   --  
  400:    1.00    1.389    0.010 0.010    0.003   --  
  500:    1.00    1.425    0.010 0.010    0.003   --  
  600:    1.00    1.210    0.010 0.010    0.003   --  
  700:    1.00    0.904    0.010 0.010    0.003   --  
  800:    1.00    0.486    0.010 0.011    0.003   --  
  900:    1.00    0.261    0.010 0.011    0.003   --  

--------------------------------------------
Proportion of membership of each pre-defined
 population in each of the 2 clusters

Given    Inferred Clusters       Number of
 Pop       1      2             Individuals

  1:     0.395  0.605              23
--------------------------------------------

 Rep#:   Lambda   Alpha      F1    F2     D1,2    Ln Like 
 1000:    1.00    0.089    0.010 0.011    0.003   --  
 1100:    1.00    0.039    0.011 0.012    0.004   --  
 1200:    1.00    0.073    0.011 0.012    0.004   --  
 1300:    1.00    0.060    0.011 0.012    0.004   --  
 1400:    1.00    0.037    0.011 0.012    0.004   --  
 1500:    1.00    0.038    0.011 0.012    0.004   --  
 1600:    1.00    0.023    0.011 0.013    0.004   --  
 1700:    1.00    0.054    0.011 0.013    0.004   --  
 1800:    1.00    0.023    0.011 0.013    0.004   --  
 1900:    1.00    0.059    0.011 0.013    0.004   --  

--------------------------------------------
Proportion of membership of each pre-defined
 population in each of the 2 clusters

Given    Inferred Clusters       Number of
 Pop       1      2             Individuals

  1:     0.341  0.659              23
--------------------------------------------

 Rep#:   Lambda   Alpha      F1    F2     D1,2    Ln Like 
 2000:    1.00    0.077    0.011 0.013    0.004   --  
 2100:    1.00    0.020    0.011 0.013    0.004   --  
 2200:    1.00    0.025    0.011 0.013    0.004   --  
 2300:    1.00    0.100    0.011 0.013    0.004   --  
 2400:    1.00    0.023    0.011 0.014    0.004   --  
 2500:    1.00    0.039    0.011 0.015    0.004   --  
 2600:    1.00    0.030    0.011 0.015    0.004   --  
 2700:    1.00    0.040    0.011 0.015    0.004   --  
 2800:    1.00    0.034    0.011 0.015    0.004   --  
 2900:    1.00    0.025    0.011 0.015    0.004   --  

--------------------------------------------
Proportion of membership of each pre-defined
 population in each of the 2 clusters

Given    Inferred Clusters       Number of
 Pop       1      2             Individuals

  1:     0.332  0.668              23
--------------------------------------------

 Rep#:   Lambda   Alpha      F1    F2     D1,2    Ln Like 
 3000:    1.00    0.027    0.011 0.016    0.004   --  
 3100:    1.00    0.025    0.011 0.017    0.004   --  
 3200:    1.00    0.049    0.011 0.017    0.004   --  
 3300:    1.00    0.020    0.011 0.018    0.005   --  
 3400:    1.00    0.030    0.011 0.018    0.005   --  
 3500:    1.00    0.047    0.011 0.020    0.005   --  
 3600:    1.00    0.029    0.011 0.020    0.005   --  
 3700:    1.00    0.051    0.011 0.020    0.005   --  
 3800:    1.00    0.123    0.011 0.021    0.005   --  
 3900:    1.00    0.064    0.011 0.024    0.006   --  

--------------------------------------------
Proportion of membership of each pre-defined
 population in each of the 2 clusters

Given    Inferred Clusters       Number of
 Pop       1      2             Individuals

  1:     0.337  0.663              23
--------------------------------------------

 Rep#:   Lambda   Alpha      F1    F2     D1,2    Ln Like 
 4000:    1.00    0.064    0.012 0.024    0.006   --  
 4100:    1.00    0.092    0.012 0.025    0.006   --  
 4200:    1.00    0.075    0.012 0.025    0.006   --  
 4300:    1.00    0.072    0.012 0.025    0.006   --  
 4400:    1.00    0.068    0.012 0.026    0.006   --  
 4500:    1.00    0.112    0.013 0.027    0.006   --  
 4600:    1.00    0.076    0.013 0.028    0.006   --  
 4700:    1.00    0.087    0.013 0.028    0.006   --  
 4800:    1.00    0.098    0.013 0.028    0.006   --  
 4900:    1.00    0.106    0.013 0.028    0.006   --  

--------------------------------------------
Proportion of membership of each pre-defined
 population in each of the 2 clusters

Given    Inferred Clusters       Number of
 Pop       1      2             Individuals

  1:     0.353  0.647              23
--------------------------------------------

 Rep#:   Lambda   Alpha      F1    F2     D1,2    Ln Like 
 5000:    1.00    0.093    0.013 0.029    0.007   --  
 5100:    1.00    0.118    0.013 0.029    0.007   --  
 5200:    1.00    0.062    0.013 0.031    0.007   --  
 5300:    1.00    0.075    0.013 0.032    0.007   --  
 5400:    1.00    0.172    0.013 0.032    0.007   --  
 5500:    1.00    0.098    0.013 0.034    0.007   --  
 5600:    1.00    0.125    0.013 0.036    0.008   --  
 5700:    1.00    0.207    0.013 0.040    0.008   --  
 5800:    1.00    0.181    0.013 0.049    0.010   --  
 5900:    1.00    0.152    0.013 0.052    0.010   --  

--------------------------------------------
Proportion of membership of each pre-defined
 population in each of the 2 clusters

Given    Inferred Clusters       Number of
 Pop       1      2             Individuals

  1:     0.455  0.545              23
--------------------------------------------

 Rep#:   Lambda   Alpha      F1    F2     D1,2    Ln Like 
 6000:    1.00    0.054    0.013 0.053    0.011   --  
 6100:    1.00    0.102    0.014 0.053    0.011   --  
 6200:    1.00    0.087    0.014 0.056    0.011   --  
 6300:    1.00    0.206    0.014 0.066    0.013   --  
 6400:    1.00    0.174    0.014 0.086    0.016   --  
 6500:    1.00    0.147    0.014 0.093    0.017   --  
 6600:    1.00    0.111    0.014 0.109    0.019   --  
 6700:    1.00    0.150    0.014 0.112    0.019   --  
 6800:    1.00    0.255    0.014 0.113    0.019   --  
 6900:    1.00    0.170    0.014 0.122    0.021   --  

--------------------------------------------
Proportion of membership of each pre-defined
 population in each of the 2 clusters

Given    Inferred Clusters       Number of
 Pop       1      2             Individuals

  1:     0.679  0.321              23
--------------------------------------------

 Rep#:   Lambda   Alpha      F1    F2     D1,2    Ln Like 
 7000:    1.00    0.131    0.014 0.122    0.021   --  
 7100:    1.00    0.184    0.014 0.124    0.021   --  
 7200:    1.00    0.109    0.014 0.124    0.021   --  
 7300:    1.00    0.244    0.014 0.125    0.021   --  
 7400:    1.00    0.155    0.014 0.129    0.022   --  
 7500:    1.00    0.228    0.014 0.130    0.022   --  
 7600:    1.00    0.236    0.014 0.130    0.022   --  
 7700:    1.00    0.139    0.014 0.132    0.022   --  
 7800:    1.00    0.128    0.014 0.135    0.023   --  
 7900:    1.00    0.180    0.014 0.136    0.023   --  

--------------------------------------------
Proportion of membership of each pre-defined
 population in each of the 2 clusters

Given    Inferred Clusters       Number of
 Pop       1      2             Individuals

  1:     0.714  0.286              23
--------------------------------------------

 Rep#:   Lambda   Alpha      F1    F2     D1,2    Ln Like 
 8000:    1.00    0.247    0.014 0.137    0.023   --  
 8100:    1.00    0.127    0.014 0.138    0.023   --  
 8200:    1.00    0.214    0.014 0.138    0.023   --  
 8300:    1.00    0.123    0.014 0.138    0.023   --  
 8400:    1.00    0.233    0.014 0.137    0.023   --  
 8500:    1.00    0.272    0.014 0.141    0.023   --  
 8600:    1.00    0.189    0.014 0.141    0.023   --  
 8700:    1.00    0.230    0.014 0.141    0.023   --  
 8800:    1.00    0.251    0.014 0.141    0.024   --  
 8900:    1.00    0.198    0.014 0.141    0.024   --  

--------------------------------------------
Proportion of membership of each pre-defined
 population in each of the 2 clusters

Given    Inferred Clusters       Number of
 Pop       1      2             Individuals

  1:     0.724  0.276              23
--------------------------------------------

 Rep#:   Lambda   Alpha      F1    F2     D1,2    Ln Like 
 9000:    1.00    0.361    0.014 0.143    0.024   --  
 9100:    1.00    0.203    0.014 0.143    0.024   --  
 9200:    1.00    0.201    0.014 0.143    0.024   --  
 9300:    1.00    0.088    0.014 0.146    0.024   --  
 9400:    1.00    0.267    0.014 0.145    0.024   --  
 9500:    1.00    0.193    0.014 0.144    0.024   --  
 9600:    1.00    0.239    0.014 0.144    0.024   --  
 9700:    1.00    0.187    0.014 0.144    0.024   --  
 9800:    1.00    0.178    0.013 0.143    0.024   --  
 9900:    1.00    0.191    0.013 0.140    0.023   --  
10000:    1.00    0.179    0.013 0.142    0.024   --  

BURNIN completed
 Rep#:   Lambda   Alpha      F1    F2     D1,2    Ln Like  Est Ln P(D)
10100:    1.00    0.189    0.013 0.142    0.023   -1003170    0 
10200:    1.00    0.192    0.013 0.143    0.023   -1003086    0 
10300:    1.00    0.194    0.013 0.145    0.024   -1003751    0 
10400:    1.00    0.272    0.013 0.148    0.024   -1003292    0 
10500:    1.00    0.234    0.013 0.145    0.024   -1002885    0 
10600:    1.00    0.119    0.013 0.146    0.024   -1002954    0 
10700:    1.00    0.122    0.013 0.146    0.024   -1003575    0 
10800:    1.00    0.147    0.013 0.146    0.024   -1003228    0 
10900:    1.00    0.270    0.013 0.145    0.024   -1003411    0 

--------------------------------------------
Proportion of membership of each pre-defined
 population in each of the 2 clusters

Given    Inferred Clusters       Number of
 Pop       1      2             Individuals

  1:     0.728  0.272              23
--------------------------------------------

 Rep#:   Lambda   Alpha      F1    F2     D1,2    Ln Like  Est Ln P(D)
11000:    1.00    0.190    0.013 0.145    0.024   -1003283    0 
11100:    1.00    0.158    0.013 0.145    0.024   -1003026    0 
11200:    1.00    0.137    0.013 0.141    0.023   -1003172    0 
11300:    1.00    0.278    0.013 0.141    0.023   -1003363    0 
11400:    1.00    0.200    0.013 0.144    0.024   -1003136    0 
11500:    1.00    0.139    0.013 0.144    0.023   -1003168    0 
11600:    1.00    0.213    0.013 0.143    0.024   -1002950    0 
11700:    1.00    0.254    0.013 0.143    0.024   -1003216    0 
11800:    1.00    0.237    0.013 0.142    0.023   -1002972    0 
11900:    1.00    0.107    0.013 0.142    0.023   -1003184    0 

--------------------------------------------
Proportion of membership of each pre-defined
 population in each of the 2 clusters

Given    Inferred Clusters       Number of
 Pop       1      2             Individuals

  1:     0.719  0.281              23
--------------------------------------------

 Rep#:   Lambda   Alpha      F1    F2     D1,2    Ln Like  Est Ln P(D)
12000:    1.00    0.190    0.013 0.140    0.023   -1003454    0 
12100:    1.00    0.215    0.013 0.141    0.023   -1003533    0 
12200:    1.00    0.330    0.013 0.139    0.023   -1003251    0 
12300:    1.00    0.270    0.013 0.140    0.023   -1003605    0 
12400:    1.00    0.229    0.013 0.141    0.023   -1003469    0 
12500:    1.00    0.202    0.012 0.141    0.023   -1003155    0 
12600:    1.00    0.226    0.012 0.143    0.023   -1003281    0 
12700:    1.00    0.176    0.012 0.143    0.023   -1003178    0 
12800:    1.00    0.198    0.012 0.144    0.024   -1003555    0 
12900:    1.00    0.339    0.012 0.146    0.024   -1003000    0 

--------------------------------------------
Proportion of membership of each pre-defined
 population in each of the 2 clusters

Given    Inferred Clusters       Number of
 Pop       1      2             Individuals

  1:     0.729  0.271              23
--------------------------------------------

 Rep#:   Lambda   Alpha      F1    F2     D1,2    Ln Like  Est Ln P(D)
13000:    1.00    0.328    0.012 0.146    0.024   -1003131    0 
13100:    1.00    0.195    0.012 0.147    0.024   -1003090    0 
13200:    1.00    0.242    0.012 0.150    0.024   -1002747    0 
13300:    1.00    0.234    0.012 0.146    0.024   -1003074    0 
13400:    1.00    0.233    0.012 0.148    0.024   -1003082    0 
13500:    1.00    0.248    0.012 0.148    0.024   -1003375    0 
13600:    1.00    0.223    0.012 0.150    0.024   -1003474    0 
13700:    1.00    0.112    0.012 0.149    0.024   -1003569    0 
13800:    1.00    0.072    0.012 0.149    0.024   -1002687    0 
13900:    1.00    0.331    0.012 0.149    0.024   -1003271    0 

--------------------------------------------
Proportion of membership of each pre-defined
 population in each of the 2 clusters

Given    Inferred Clusters       Number of
 Pop       1      2             Individuals

  1:     0.735  0.265              23
--------------------------------------------

 Rep#:   Lambda   Alpha      F1    F2     D1,2    Ln Like  Est Ln P(D)
14000:    1.00    0.135    0.012 0.149    0.024   -1003076    0 
14100:    1.00    0.127    0.011 0.151    0.024   -1003231    0 
14200:    1.00    0.155    0.011 0.151    0.024   -1002961    0 
14300:    1.00    0.246    0.011 0.152    0.024   -1003096    0 
14400:    1.00    0.284    0.011 0.147    0.024   -1003302    0 
14500:    1.00    0.307    0.011 0.147    0.024   -1003547    0 
14600:    1.00    0.227    0.011 0.149    0.024   -1003214    0 
14700:    1.00    0.159    0.011 0.149    0.024   -1003044    0 
14800:    1.00    0.177    0.011 0.149    0.024   -1003153    0 
14900:    1.00    0.114    0.011 0.148    0.024   -1002960    0 

--------------------------------------------
Proportion of membership of each pre-defined
 population in each of the 2 clusters

Given    Inferred Clusters       Number of
 Pop       1      2             Individuals

  1:     0.732  0.268              23
--------------------------------------------

 Rep#:   Lambda   Alpha      F1    F2     D1,2    Ln Like  Est Ln P(D)
15000:    1.00    0.269    0.011 0.147    0.023   -1003687    0 
15100:    1.00    0.298    0.011 0.149    0.024   -1003271    0 
15200:    1.00    0.218    0.011 0.146    0.024   -1003720    0 
15300:    1.00    0.188    0.011 0.148    0.024   -1003219    0 
15400:    1.00    0.131    0.011 0.146    0.024   -1003554    0 
15500:    1.00    0.181    0.011 0.146    0.024   -1003062    0 
15600:    1.00    0.134    0.011 0.148    0.024   -1003190    0 
15700:    1.00    0.179    0.011 0.148    0.024   -1003240    0 
15800:    1.00    0.105    0.011 0.148    0.024   -1003035    0 
15900:    1.00    0.148    0.011 0.149    0.024   -1003247    0 

--------------------------------------------
Proportion of membership of each pre-defined
 population in each of the 2 clusters

Given    Inferred Clusters       Number of
 Pop       1      2             Individuals

  1:     0.738  0.262              23
--------------------------------------------

 Rep#:   Lambda   Alpha      F1    F2     D1,2    Ln Like  Est Ln P(D)
16000:    1.00    0.220    0.011 0.148    0.024   -1003260    0 
16100:    1.00    0.152    0.011 0.149    0.024   -1003064    0 
16200:    1.00    0.167    0.011 0.151    0.024   -1003027    0 
16300:    1.00    0.166    0.011 0.151    0.024   -1003502    0 
16400:    1.00    0.222    0.011 0.152    0.024   -1003230    0 
16500:    1.00    0.235    0.011 0.149    0.024   -1003336    0 
16600:    1.00    0.241    0.011 0.149    0.024   -1003312    0 
16700:    1.00    0.211    0.011 0.149    0.024   -1002850    0 
16800:    1.00    0.320    0.011 0.149    0.024   -1003085    0 
16900:    1.00    0.110    0.011 0.147    0.024   -1003189    0 

--------------------------------------------
Proportion of membership of each pre-defined
 population in each of the 2 clusters

Given    Inferred Clusters       Number of
 Pop       1      2             Individuals

  1:     0.733  0.267              23
--------------------------------------------

 Rep#:   Lambda   Alpha      F1    F2     D1,2    Ln Like  Est Ln P(D)
17000:    1.00    0.203    0.011 0.145    0.023   -1003072    0 
17100:    1.00    0.280    0.011 0.145    0.023   -1003453    0 
17200:    1.00    0.149    0.011 0.147    0.024   -1003709    0 
17300:    1.00    0.117    0.011 0.145    0.024   -1002845    0 
17400:    1.00    0.202    0.011 0.145    0.023   -1003448    0 
17500:    1.00    0.202    0.011 0.145    0.024   -1003148    0 
17600:    1.00    0.200    0.010 0.146    0.023   -1003391    0 
17700:    1.00    0.137    0.010 0.145    0.023   -1003676    0 
17800:    1.00    0.123    0.010 0.148    0.024   -1003003    0 
17900:    1.00    0.167    0.010 0.148    0.024   -1003091    0 

--------------------------------------------
Proportion of membership of each pre-defined
 population in each of the 2 clusters

Given    Inferred Clusters       Number of
 Pop       1      2             Individuals

  1:     0.735  0.265              23
--------------------------------------------

 Rep#:   Lambda   Alpha      F1    F2     D1,2    Ln Like  Est Ln P(D)
18000:    1.00    0.155    0.010 0.151    0.024   -1003006    0 
18100:    1.00    0.118    0.010 0.151    0.024   -1002951    0 
18200:    1.00    0.135    0.010 0.150    0.024   -1003193    0 
18300:    1.00    0.186    0.010 0.147    0.024   -1003246    0 
18400:    1.00    0.163    0.010 0.149    0.024   -1003123    0 
18500:    1.00    0.145    0.011 0.147    0.024   -1002987    0 
18600:    1.00    0.134    0.011 0.147    0.024   -1003320    0 
18700:    1.00    0.207    0.011 0.147    0.024   -1003227    0 
18800:    1.00    0.171    0.011 0.147    0.024   -1003735    0 
18900:    1.00    0.235    0.010 0.148    0.024   -1003372    0 

--------------------------------------------
Proportion of membership of each pre-defined
 population in each of the 2 clusters

Given    Inferred Clusters       Number of
 Pop       1      2             Individuals

  1:     0.737  0.263              23
--------------------------------------------

 Rep#:   Lambda   Alpha      F1    F2     D1,2    Ln Like  Est Ln P(D)
19000:    1.00    0.187    0.010 0.152    0.025   -1003322    0 
19100:    1.00    0.212    0.010 0.150    0.024   -1003021    0 
19200:    1.00    0.177    0.010 0.150    0.024   -1003268    0 
19300:    1.00    0.200    0.010 0.152    0.024   -1003287    0 
19400:    1.00    0.169    0.010 0.151    0.024   -1003044    0 
19500:    1.00    0.128    0.010 0.150    0.024   -1003200    0 
19600:    1.00    0.212    0.010 0.152    0.024   -1003250    0 
19700:    1.00    0.270    0.010 0.152    0.024   -1003314    0 
19800:    1.00    0.185    0.010 0.152    0.024   -1003499    0 
19900:    1.00    0.122    0.010 0.149    0.024   -1003280    0 

--------------------------------------------
Proportion of membership of each pre-defined
 population in each of the 2 clusters

Given    Inferred Clusters       Number of
 Pop       1      2             Individuals

  1:     0.736  0.264              23
--------------------------------------------

 Rep#:   Lambda   Alpha      F1    F2     D1,2    Ln Like  Est Ln P(D)
20000:    1.00    0.116    0.010 0.152    0.024   -1003369    0 
20100:    1.00    0.254    0.010 0.149    0.024   -1003323    0 
20200:    1.00    0.140    0.010 0.150    0.024   -1003279    0 
20300:    1.00    0.151    0.010 0.150    0.024   -1003269    0 
20400:    1.00    0.231    0.010 0.151    0.024   -1003109    0 
20500:    1.00    0.116    0.010 0.150    0.024   -1002949    0 
20600:    1.00    0.176    0.010 0.147    0.023   -1003552    0 
20700:    1.00    0.234    0.010 0.146    0.023   -1003187    0 
20800:    1.00    0.204    0.010 0.146    0.023   -1003239    0 
20900:    1.00    0.114    0.010 0.146    0.023   -1003520    0 

--------------------------------------------
Proportion of membership of each pre-defined
 population in each of the 2 clusters

Given    Inferred Clusters       Number of
 Pop       1      2             Individuals

  1:     0.735  0.265              23
--------------------------------------------

 Rep#:   Lambda   Alpha      F1    F2     D1,2    Ln Like  Est Ln P(D)
21000:    1.00    0.232    0.010 0.146    0.023   -1003079    0 
21100:    1.00    0.212    0.010 0.148    0.024   -1002716    0 
21200:    1.00    0.166    0.010 0.148    0.024   -1002949    0 
21300:    1.00    0.167    0.010 0.149    0.024   -1002779    0 
21400:    1.00    0.207    0.010 0.149    0.024   -1003290    0 
21500:    1.00    0.193    0.010 0.148    0.024   -1003418    0 
21600:    1.00    0.218    0.010 0.148    0.024   -1003237    0 
21700:    1.00    0.167    0.010 0.146    0.024   -1003721    0 
21800:    1.00    0.235    0.010 0.147    0.024   -1003321    0 
21900:    1.00    0.180    0.009 0.150    0.024   -1003112    0 

--------------------------------------------
Proportion of membership of each pre-defined
 population in each of the 2 clusters

Given    Inferred Clusters       Number of
 Pop       1      2             Individuals

  1:     0.739  0.261              23
--------------------------------------------

 Rep#:   Lambda   Alpha      F1    F2     D1,2    Ln Like  Est Ln P(D)
22000:    1.00    0.196    0.009 0.148    0.024   -1002882    0 
22100:    1.00    0.186    0.009 0.149    0.024   -1003112    0 
22200:    1.00    0.208    0.009 0.146    0.024   -1003326    0 
22300:    1.00    0.121    0.009 0.146    0.023   -1003566    0 
22400:    1.00    0.237    0.009 0.146    0.024   -1002837    0 
22500:    1.00    0.215    0.009 0.147    0.023   -1002981    0 
22600:    1.00    0.223    0.009 0.145    0.023   -1003362    0 
22700:    1.00    0.209    0.009 0.146    0.023   -1003488    0 
22800:    1.00    0.136    0.009 0.146    0.024   -1003538    0 
22900:    1.00    0.155    0.009 0.146    0.023   -1003482    0 

--------------------------------------------
Proportion of membership of each pre-defined
 population in each of the 2 clusters

Given    Inferred Clusters       Number of
 Pop       1      2             Individuals

  1:     0.731  0.269              23
--------------------------------------------

 Rep#:   Lambda   Alpha      F1    F2     D1,2    Ln Like  Est Ln P(D)
23000:    1.00    0.170    0.009 0.146    0.024   -1003487    0 
23100:    1.00    0.172    0.009 0.148    0.024   -1003070    0 
23200:    1.00    0.313    0.009 0.150    0.024   -1003437    0 
23300:    1.00    0.266    0.009 0.149    0.024   -1003281    0 
23400:    1.00    0.142    0.009 0.149    0.024   -1003152    0 
23500:    1.00    0.258    0.009 0.149    0.024   -1003240    0 
23600:    1.00    0.166    0.009 0.149    0.024   -1003254    0 
23700:    1.00    0.166    0.009 0.150    0.024   -1003030    0 
23800:    1.00    0.190    0.009 0.148    0.024   -1003641    0 
23900:    1.00    0.227    0.009 0.148    0.023   -1003616    0 

--------------------------------------------
Proportion of membership of each pre-defined
 population in each of the 2 clusters

Given    Inferred Clusters       Number of
 Pop       1      2             Individuals

  1:     0.736  0.264              23
--------------------------------------------

 Rep#:   Lambda   Alpha      F1    F2     D1,2    Ln Like  Est Ln P(D)
24000:    1.00    0.155    0.009 0.150    0.024   -1003462    0 
24100:    1.00    0.180    0.009 0.148    0.024   -1003501    0 
24200:    1.00    0.241    0.009 0.149    0.023   -1003639    0 
24300:    1.00    0.193    0.009 0.149    0.024   -1003257    0 
24400:    1.00    0.191    0.009 0.149    0.024   -1003542    0 
24500:    1.00    0.255    0.009 0.147    0.023   -1003421    0 
24600:    1.00    0.195    0.009 0.145    0.023   -1003471    0 
24700:    1.00    0.224    0.009 0.149    0.024   -1003428    0 
24800:    1.00    0.170    0.009 0.151    0.024   -1002970    0 
24900:    1.00    0.210    0.009 0.150    0.024   -1002888    0 

--------------------------------------------
Proportion of membership of each pre-defined
 population in each of the 2 clusters

Given    Inferred Clusters       Number of
 Pop       1      2             Individuals

  1:     0.741  0.259              23
--------------------------------------------

 Rep#:   Lambda   Alpha      F1    F2     D1,2    Ln Like  Est Ln P(D)
25000:    1.00    0.127    0.009 0.148    0.023   -1003295    0 
25100:    1.00    0.182    0.009 0.148    0.023   -1003506    0 
25200:    1.00    0.099    0.009 0.149    0.024   -1003308    0 
25300:    1.00    0.219    0.009 0.147    0.024   -1003538    0 
25400:    1.00    0.253    0.008 0.148    0.024   -1003464    0 
25500:    1.00    0.216    0.008 0.148    0.023   -1003084    0 
25600:    1.00    0.291    0.008 0.148    0.024   -1003648    0 
25700:    1.00    0.238    0.008 0.146    0.023   -1003629    0 
25800:    1.00    0.258    0.008 0.147    0.023   -1002952    0 
25900:    1.00    0.232    0.008 0.149    0.024   -1003316    0 

--------------------------------------------
Proportion of membership of each pre-defined
 population in each of the 2 clusters

Given    Inferred Clusters       Number of
 Pop       1      2             Individuals

  1:     0.738  0.262              23
--------------------------------------------

 Rep#:   Lambda   Alpha      F1    F2     D1,2    Ln Like  Est Ln P(D)
26000:    1.00    0.204    0.008 0.149    0.024   -1003570    0 
26100:    1.00    0.195    0.008 0.151    0.024   -1003248    0 
26200:    1.00    0.145    0.008 0.152    0.024   -1003209    0 
26300:    1.00    0.205    0.008 0.151    0.024   -1003478    0 
26400:    1.00    0.305    0.008 0.151    0.024   -1003140    0 
26500:    1.00    0.363    0.008 0.149    0.024   -1003418    0 
26600:    1.00    0.168    0.008 0.148    0.024   -1003792    0 
26700:    1.00    0.155    0.008 0.148    0.023   -1003581    0 
26800:    1.00    0.123    0.008 0.148    0.024   -1003273    0 
26900:    1.00    0.154    0.008 0.148    0.024   -1003714    0 

--------------------------------------------
Proportion of membership of each pre-defined
 population in each of the 2 clusters

Given    Inferred Clusters       Number of
 Pop       1      2             Individuals

  1:     0.736  0.264              23
--------------------------------------------

 Rep#:   Lambda   Alpha      F1    F2     D1,2    Ln Like  Est Ln P(D)
27000:    1.00    0.170    0.008 0.146    0.023   -1003467    0 
27100:    1.00    0.158    0.008 0.147    0.023   -1003589    0 
27200:    1.00    0.270    0.008 0.146    0.023   -1003788    0 
27300:    1.00    0.227    0.008 0.145    0.023   -1003433    0 
27400:    1.00    0.235    0.008 0.145    0.023   -1003133    0 
27500:    1.00    0.146    0.008 0.148    0.023   -1003261    0 
27600:    1.00    0.121    0.008 0.148    0.023   -1003429    0 
27700:    1.00    0.189    0.008 0.148    0.024   -1003241    0 
27800:    1.00    0.185    0.008 0.149    0.024   -1003056    0 
27900:    1.00    0.154    0.008 0.148    0.023   -1003262    0 

--------------------------------------------
Proportion of membership of each pre-defined
 population in each of the 2 clusters

Given    Inferred Clusters       Number of
 Pop       1      2             Individuals

  1:     0.743  0.257              23
--------------------------------------------

 Rep#:   Lambda   Alpha      F1    F2     D1,2    Ln Like  Est Ln P(D)
28000:    1.00    0.139    0.008 0.148    0.024   -1003498    0 
28100:    1.00    0.143    0.008 0.149    0.024   -1003332    0 
28200:    1.00    0.246    0.008 0.150    0.024   -1003441    0 
28300:    1.00    0.123    0.008 0.152    0.024   -1003296    0 
28400:    1.00    0.208    0.008 0.151    0.024   -1003271    0 
28500:    1.00    0.187    0.008 0.151    0.024   -1003079    0 
28600:    1.00    0.182    0.008 0.150    0.024   -1003742    0 
28700:    1.00    0.290    0.008 0.154    0.024   -1003408    0 
28800:    1.00    0.103    0.008 0.153    0.024   -1003234    0 
28900:    1.00    0.304    0.008 0.149    0.024   -1003508    0 

--------------------------------------------
Proportion of membership of each pre-defined
 population in each of the 2 clusters

Given    Inferred Clusters       Number of
 Pop       1      2             Individuals

  1:     0.739  0.261              23
--------------------------------------------

 Rep#:   Lambda   Alpha      F1    F2     D1,2    Ln Like  Est Ln P(D)
29000:    1.00    0.159    0.008 0.149    0.024   -1003533    0 
29100:    1.00    0.173    0.008 0.148    0.024   -1003355    0 
29200:    1.00    0.176    0.008 0.147    0.024   -1003488    0 
29300:    1.00    0.130    0.008 0.147    0.023   -1003268    0 
29400:    1.00    0.221    0.008 0.147    0.023   -1003404    0 
29500:    1.00    0.197    0.008 0.148    0.024   -1003231    0 
29600:    1.00    0.188    0.008 0.149    0.024   -1003422    0 
29700:    1.00    0.216    0.008 0.149    0.024   -1003728    0 
29800:    1.00    0.113    0.008 0.149    0.024   -1003637    0 
29900:    1.00    0.167    0.008 0.149    0.024   -1003318    0 

--------------------------------------------
Proportion of membership of each pre-defined
 population in each of the 2 clusters

Given    Inferred Clusters       Number of
 Pop       1      2             Individuals

  1:     0.746  0.254              23
--------------------------------------------

 Rep#:   Lambda   Alpha      F1    F2     D1,2    Ln Like  Est Ln P(D)
30000:    1.00    0.168    0.008 0.147    0.023   -1003204    0 
30100:    1.00    0.156    0.008 0.147    0.023   -1003318    0 
30200:    1.00    0.123    0.008 0.148    0.024   -1003260    0 
30300:    1.00    0.142    0.008 0.149    0.024   -1003066    0 
30400:    1.00    0.199    0.008 0.149    0.023   -1003525    0 
30500:    1.00    0.204    0.008 0.149    0.024   -1003379    0 
30600:    1.00    0.208    0.008 0.150    0.024   -1003227    0 
30700:    1.00    0.207    0.008 0.148    0.024   -1003593    0 
30800:    1.00    0.138    0.008 0.147    0.023   -1003678    0 
30900:    1.00    0.106    0.008 0.147    0.023   -1003472    0 

--------------------------------------------
Proportion of membership of each pre-defined
 population in each of the 2 clusters

Given    Inferred Clusters       Number of
 Pop       1      2             Individuals

  1:     0.732  0.268              23
--------------------------------------------

 Rep#:   Lambda   Alpha      F1    F2     D1,2    Ln Like  Est Ln P(D)
31000:    1.00    0.206    0.008 0.146    0.023   -1003267    0 
31100:    1.00    0.195    0.008 0.147    0.023   -1003545    0 
31200:    1.00    0.184    0.008 0.147    0.023   -1003741    0 
31300:    1.00    0.317    0.008 0.145    0.023   -1003489    0 
31400:    1.00    0.316    0.008 0.145    0.023   -1003862    0 
31500:    1.00    0.138    0.008 0.150    0.024   -1003542    0 
31600:    1.00    0.167    0.008 0.149    0.024   -1002979    0 
31700:    1.00    0.138    0.008 0.148    0.024   -1002845    0 
31800:    1.00    0.266    0.008 0.147    0.023   -1003264    0 
31900:    1.00    0.198    0.008 0.148    0.023   -1003530    0 

--------------------------------------------
Proportion of membership of each pre-defined
 population in each of the 2 clusters

Given    Inferred Clusters       Number of
 Pop       1      2             Individuals

  1:     0.742  0.258              23
--------------------------------------------

 Rep#:   Lambda   Alpha      F1    F2     D1,2    Ln Like  Est Ln P(D)
32000:    1.00    0.251    0.008 0.150    0.024   -1003240    0 
32100:    1.00    0.205    0.008 0.150    0.024   -1003498    0 
32200:    1.00    0.226    0.008 0.149    0.024   -1003003    0 
32300:    1.00    0.165    0.008 0.149    0.023   -1003400    0 
32400:    1.00    0.294    0.008 0.148    0.024   -1003476    0 
32500:    1.00    0.111    0.008 0.148    0.023   -1003482    0 
32600:    1.00    0.131    0.008 0.146    0.023   -1003720    0 
32700:    1.00    0.138    0.008 0.146    0.023   -1003206    0 
32800:    1.00    0.189    0.008 0.146    0.023   -1003334    0 
32900:    1.00    0.142    0.008 0.144    0.023   -1003577    0 

--------------------------------------------
Proportion of membership of each pre-defined
 population in each of the 2 clusters

Given    Inferred Clusters       Number of
 Pop       1      2             Individuals

  1:     0.739  0.261              23
--------------------------------------------

 Rep#:   Lambda   Alpha      F1    F2     D1,2    Ln Like  Est Ln P(D)
33000:    1.00    0.174    0.008 0.146    0.023   -1003306    0 
33100:    1.00    0.166    0.008 0.149    0.023   -1002839    0 
33200:    1.00    0.157    0.008 0.148    0.024   -1003061    0 
33300:    1.00    0.241    0.008 0.149    0.024   -1003148    0 
33400:    1.00    0.233    0.008 0.149    0.024   -1003312    0 
33500:    1.00    0.152    0.008 0.150    0.023   -1002975    0 
33600:    1.00    0.268    0.008 0.149    0.024   -1003615    0 
33700:    1.00    0.208    0.008 0.149    0.024   -1003372    0 
33800:    1.00    0.228    0.008 0.148    0.024   -1003398    0 
33900:    1.00    0.300    0.008 0.148    0.024   -1003215    0 

--------------------------------------------
Proportion of membership of each pre-defined
 population in each of the 2 clusters

Given    Inferred Clusters       Number of
 Pop       1      2             Individuals

  1:     0.734  0.266              23
--------------------------------------------

 Rep#:   Lambda   Alpha      F1    F2     D1,2    Ln Like  Est Ln P(D)
34000:    1.00    0.293    0.008 0.148    0.024   -1003340    0 
34100:    1.00    0.224    0.008 0.149    0.024   -1003500    0 
34200:    1.00    0.237    0.008 0.149    0.024   -1003457    0 
34300:    1.00    0.241    0.008 0.149    0.024   -1003320    0 
34400:    1.00    0.187    0.008 0.148    0.024   -1003306    0 
34500:    1.00    0.198    0.008 0.148    0.023   -1003490    0 
34600:    1.00    0.149    0.008 0.149    0.024   -1003088    0 
34700:    1.00    0.174    0.008 0.148    0.023   -1003137    0 
34800:    1.00    0.178    0.008 0.146    0.023   -1003445    0 
34900:    1.00    0.246    0.008 0.145    0.023   -1003170    0 

--------------------------------------------
Proportion of membership of each pre-defined
 population in each of the 2 clusters

Given    Inferred Clusters       Number of
 Pop       1      2             Individuals

  1:     0.745  0.255              23
--------------------------------------------

 Rep#:   Lambda   Alpha      F1    F2     D1,2    Ln Like  Est Ln P(D)
35000:    1.00    0.261    0.008 0.145    0.023   -1003528    0 
35100:    1.00    0.163    0.008 0.144    0.023   -1003556    0 
35200:    1.00    0.245    0.008 0.145    0.023   -1003749    0 
35300:    1.00    0.161    0.008 0.145    0.023   -1003389    0 
35400:    1.00    0.177    0.008 0.147    0.023   -1003463    0 
35500:    1.00    0.202    0.008 0.150    0.024   -1003089    0 
35600:    1.00    0.186    0.008 0.148    0.023   -1003673    0 
35700:    1.00    0.163    0.008 0.149    0.024   -1002862    0 
35800:    1.00    0.159    0.008 0.150    0.024   -1003713    0 
35900:    1.00    0.170    0.008 0.148    0.023   -1003589    0 

--------------------------------------------
Proportion of membership of each pre-defined
 population in each of the 2 clusters

Given    Inferred Clusters       Number of
 Pop       1      2             Individuals

  1:     0.745  0.255              23
--------------------------------------------

 Rep#:   Lambda   Alpha      F1    F2     D1,2    Ln Like  Est Ln P(D)
36000:    1.00    0.221    0.008 0.150    0.024   -1003235    0 
36100:    1.00    0.155    0.008 0.150    0.024   -1003392    0 
36200:    1.00    0.221    0.008 0.150    0.024   -1003112    0 
36300:    1.00    0.169    0.008 0.149    0.024   -1003443    0 
36400:    1.00    0.175    0.008 0.150    0.024   -1003642    0 
36500:    1.00    0.200    0.008 0.152    0.024   -1003457    0 
36600:    1.00    0.162    0.008 0.154    0.024   -1003160    0 
36700:    1.00    0.142    0.008 0.154    0.024   -1003318    0 
36800:    1.00    0.279    0.008 0.152    0.024   -1003499    0 
36900:    1.00    0.198    0.008 0.151    0.024   -1003314    0 

--------------------------------------------
Proportion of membership of each pre-defined
 population in each of the 2 clusters

Given    Inferred Clusters       Number of
 Pop       1      2             Individuals

  1:     0.737  0.263              23
--------------------------------------------

 Rep#:   Lambda   Alpha      F1    F2     D1,2    Ln Like  Est Ln P(D)
37000:    1.00    0.190    0.008 0.151    0.024   -1002903    0 
37100:    1.00    0.141    0.008 0.152    0.024   -1003195    0 
37200:    1.00    0.108    0.008 0.152    0.024   -1003489    0 
37300:    1.00    0.170    0.008 0.152    0.024   -1003276    0 
37400:    1.00    0.204    0.008 0.154    0.024   -1003302    0 
37500:    1.00    0.220    0.008 0.153    0.024   -1003044    0 
37600:    1.00    0.240    0.008 0.153    0.024   -1003557    0 
37700:    1.00    0.149    0.008 0.151    0.024   -1003140    0 
37800:    1.00    0.298    0.008 0.151    0.024   -1003141    0 
37900:    1.00    0.128    0.008 0.153    0.024   -1003348    0 

--------------------------------------------
Proportion of membership of each pre-defined
 population in each of the 2 clusters

Given    Inferred Clusters       Number of
 Pop       1      2             Individuals

  1:     0.739  0.261              23
--------------------------------------------

 Rep#:   Lambda   Alpha      F1    F2     D1,2    Ln Like  Est Ln P(D)
38000:    1.00    0.188    0.008 0.154    0.024   -1003232    0 
38100:    1.00    0.173    0.008 0.151    0.024   -1002851    0 
38200:    1.00    0.177    0.007 0.152    0.024   -1003116    0 
38300:    1.00    0.210    0.007 0.151    0.024   -1003504    0 
38400:    1.00    0.218    0.007 0.151    0.024   -1003353    0 
38500:    1.00    0.162    0.007 0.150    0.024   -1002870    0 
38600:    1.00    0.184    0.007 0.150    0.024   -1003521    0 
38700:    1.00    0.237    0.007 0.150    0.024   -1002971    0 
38800:    1.00    0.144    0.007 0.150    0.024   -1003086    0 
38900:    1.00    0.189    0.007 0.150    0.024   -1003142    0 

--------------------------------------------
Proportion of membership of each pre-defined
 population in each of the 2 clusters

Given    Inferred Clusters       Number of
 Pop       1      2             Individuals

  1:     0.741  0.259              23
--------------------------------------------

 Rep#:   Lambda   Alpha      F1    F2     D1,2    Ln Like  Est Ln P(D)
39000:    1.00    0.217    0.007 0.149    0.024   -1003642    0 
39100:    1.00    0.239    0.007 0.149    0.024   -1003375    0 
39200:    1.00    0.200    0.007 0.150    0.024   -1003320    0 
39300:    1.00    0.213    0.007 0.151    0.024   -1003564    0 
39400:    1.00    0.182    0.007 0.150    0.023   -1003421    0 
39500:    1.00    0.191    0.007 0.154    0.024   -1003483    0 
39600:    1.00    0.323    0.007 0.154    0.024   -1003024    0 
39700:    1.00    0.226    0.007 0.152    0.024   -1003236    0 
39800:    1.00    0.222    0.007 0.155    0.024   -1003046    0 
39900:    1.00    0.151    0.007 0.153    0.024   -1003353    0 

--------------------------------------------
Proportion of membership of each pre-defined
 population in each of the 2 clusters

Given    Inferred Clusters       Number of
 Pop       1      2             Individuals

  1:     0.742  0.258              23
--------------------------------------------

 Rep#:   Lambda   Alpha      F1    F2     D1,2    Ln Like  Est Ln P(D)
40000:    1.00    0.181    0.007 0.150    0.024   -1003240    0 
40100:    1.00    0.161    0.007 0.151    0.024   -1002955    0 
40200:    1.00    0.212    0.007 0.151    0.024   -1003013    0 
40300:    1.00    0.265    0.007 0.152    0.024   -1002919    0 
40400:    1.00    0.237    0.007 0.152    0.024   -1003676    0 
40500:    1.00    0.232    0.007 0.151    0.024   -1003365    0 
40600:    1.00    0.240    0.007 0.153    0.024   -1003702    0 
40700:    1.00    0.166    0.007 0.152    0.024   -1003270    0 
40800:    1.00    0.130    0.007 0.154    0.024   -1003344    0 
40900:    1.00    0.123    0.007 0.154    0.024   -1003330    0 

--------------------------------------------
Proportion of membership of each pre-defined
 population in each of the 2 clusters

Given    Inferred Clusters       Number of
 Pop       1      2             Individuals

  1:     0.745  0.255              23
--------------------------------------------

 Rep#:   Lambda   Alpha      F1    F2     D1,2    Ln Like  Est Ln P(D)
41000:    1.00    0.326    0.007 0.154    0.024   -1003599    0 
41100:    1.00    0.276    0.007 0.154    0.024   -1003463    0 
41200:    1.00    0.170    0.007 0.153    0.024   -1003489    0 
41300:    1.00    0.240    0.007 0.153    0.024   -1003283    0 
41400:    1.00    0.235    0.007 0.153    0.024   -1003300    0 
41500:    1.00    0.155    0.007 0.153    0.024   -1003063    0 
41600:    1.00    0.281    0.007 0.151    0.024   -1003402    0 
41700:    1.00    0.227    0.007 0.151    0.024   -1003456    0 
41800:    1.00    0.189    0.007 0.151    0.024   -1003364    0 
41900:    1.00    0.161    0.007 0.151    0.024   -1003147    0 

--------------------------------------------
Proportion of membership of each pre-defined
 population in each of the 2 clusters

Given    Inferred Clusters       Number of
 Pop       1      2             Individuals

  1:     0.745  0.255              23
--------------------------------------------

 Rep#:   Lambda   Alpha      F1    F2     D1,2    Ln Like  Est Ln P(D)
42000:    1.00    0.261    0.007 0.152    0.024   -1003555    0 
42100:    1.00    0.223    0.007 0.152    0.024   -1003147    0 
42200:    1.00    0.269    0.007 0.152    0.024   -1003315    0 
42300:    1.00    0.190    0.007 0.152    0.024   -1003231    0 
42400:    1.00    0.244    0.007 0.153    0.024   -1003432    0 
42500:    1.00    0.204    0.007 0.151    0.024   -1003485    0 
42600:    1.00    0.171    0.007 0.151    0.024   -1003713    0 
42700:    1.00    0.233    0.007 0.151    0.024   -1003648    0 
42800:    1.00    0.207    0.007 0.151    0.024   -1003555    0 
42900:    1.00    0.236    0.007 0.151    0.024   -1003765    0 

--------------------------------------------
Proportion of membership of each pre-defined
 population in each of the 2 clusters

Given    Inferred Clusters       Number of
 Pop       1      2             Individuals

  1:     0.741  0.259              23
--------------------------------------------

 Rep#:   Lambda   Alpha      F1    F2     D1,2    Ln Like  Est Ln P(D)
43000:    1.00    0.155    0.007 0.152    0.024   -1003191    0 
43100:    1.00    0.244    0.007 0.153    0.024   -1003190    0 
43200:    1.00    0.323    0.007 0.151    0.024   -1003510    0 
43300:    1.00    0.185    0.007 0.150    0.024   -1003277    0 
43400:    1.00    0.109    0.007 0.149    0.023   -1003436    0 
43500:    1.00    0.244    0.007 0.148    0.023   -1003360    0 
43600:    1.00    0.132    0.007 0.148    0.023   -1003294    0 
43700:    1.00    0.122    0.007 0.149    0.023   -1003500    0 
43800:    1.00    0.178    0.007 0.151    0.024   -1003097    0 
43900:    1.00    0.250    0.007 0.147    0.023   -1003299    0 

--------------------------------------------
Proportion of membership of each pre-defined
 population in each of the 2 clusters

Given    Inferred Clusters       Number of
 Pop       1      2             Individuals

  1:     0.734  0.266              23
--------------------------------------------

 Rep#:   Lambda   Alpha      F1    F2     D1,2    Ln Like  Est Ln P(D)
44000:    1.00    0.155    0.007 0.147    0.023   -1003402    0 
44100:    1.00    0.181    0.007 0.147    0.023   -1003571    0 
44200:    1.00    0.146    0.007 0.149    0.024   -1003449    0 
44300:    1.00    0.254    0.007 0.149    0.023   -1003522    0 
44400:    1.00    0.228    0.007 0.151    0.024   -1003236    0 
44500:    1.00    0.176    0.007 0.152    0.024   -1003765    0 
44600:    1.00    0.161    0.007 0.152    0.024   -1003072    0 
44700:    1.00    0.095    0.007 0.152    0.024   -1003192    0 
44800:    1.00    0.135    0.007 0.152    0.024   -1003412    0 
44900:    1.00    0.226    0.007 0.150    0.024   -1003769    0 

--------------------------------------------
Proportion of membership of each pre-defined
 population in each of the 2 clusters

Given    Inferred Clusters       Number of
 Pop       1      2             Individuals

  1:     0.743  0.257              23
--------------------------------------------

 Rep#:   Lambda   Alpha      F1    F2     D1,2    Ln Like  Est Ln P(D)
45000:    1.00    0.114    0.007 0.147    0.023   -1003400    0 
45100:    1.00    0.202    0.007 0.147    0.023   -1003279    0 
45200:    1.00    0.113    0.007 0.146    0.023   -1003686    0 
45300:    1.00    0.274    0.007 0.149    0.024   -1003429    0 
45400:    1.00    0.229    0.007 0.149    0.024   -1003314    0 
45500:    1.00    0.168    0.007 0.149    0.024   -1003383    0 
45600:    1.00    0.283    0.007 0.151    0.024   -1003417    0 
45700:    1.00    0.224    0.007 0.153    0.024   -1003799    0 
45800:    1.00    0.272    0.007 0.151    0.024   -1003234    0 
45900:    1.00    0.249    0.007 0.148    0.024   -1003554    0 

--------------------------------------------
Proportion of membership of each pre-defined
 population in each of the 2 clusters

Given    Inferred Clusters       Number of
 Pop       1      2             Individuals

  1:     0.739  0.261              23
--------------------------------------------

 Rep#:   Lambda   Alpha      F1    F2     D1,2    Ln Like  Est Ln P(D)
46000:    1.00    0.139    0.007 0.150    0.024   -1003587    0 
46100:    1.00    0.104    0.007 0.150    0.024   -1002913    0 
46200:    1.00    0.131    0.007 0.150    0.024   -1003225    0 
46300:    1.00    0.128    0.007 0.150    0.024   -1003216    0 
46400:    1.00    0.211    0.007 0.154    0.024   -1003107    0 
46500:    1.00    0.092    0.007 0.151    0.024   -1003104    0 
46600:    1.00    0.120    0.007 0.153    0.024   -1003211    0 
46700:    1.00    0.117    0.007 0.152    0.024   -1003489    0 
46800:    1.00    0.136    0.007 0.152    0.024   -1003211    0 
46900:    1.00    0.226    0.007 0.150    0.024   -1003007    0 

--------------------------------------------
Proportion of membership of each pre-defined
 population in each of the 2 clusters

Given    Inferred Clusters       Number of
 Pop       1      2             Individuals

  1:     0.737  0.263              23
--------------------------------------------

 Rep#:   Lambda   Alpha      F1    F2     D1,2    Ln Like  Est Ln P(D)
47000:    1.00    0.261    0.007 0.151    0.024   -1003307    0 
47100:    1.00    0.336    0.007 0.152    0.024   -1003329    0 
47200:    1.00    0.174    0.007 0.153    0.024   -1003524    0 
47300:    1.00    0.151    0.007 0.153    0.024   -1003574    0 
47400:    1.00    0.260    0.007 0.152    0.024   -1003581    0 
47500:    1.00    0.177    0.007 0.154    0.024   -1002985    0 
47600:    1.00    0.144    0.007 0.154    0.024   -1003506    0 
47700:    1.00    0.340    0.007 0.154    0.025   -1003042    0 
47800:    1.00    0.273    0.007 0.155    0.024   -1003532    0 
47900:    1.00    0.130    0.007 0.155    0.024   -1003785    0 

--------------------------------------------
Proportion of membership of each pre-defined
 population in each of the 2 clusters

Given    Inferred Clusters       Number of
 Pop       1      2             Individuals

  1:     0.740  0.260              23
--------------------------------------------

 Rep#:   Lambda   Alpha      F1    F2     D1,2    Ln Like  Est Ln P(D)
48000:    1.00    0.157    0.007 0.156    0.024   -1003332    0 
48100:    1.00    0.228    0.007 0.155    0.025   -1003366    0 
48200:    1.00    0.185    0.007 0.153    0.024   -1003666    0 
48300:    1.00    0.192    0.007 0.153    0.024   -1003472    0 
48400:    1.00    0.175    0.007 0.153    0.024   -1003161    0 
48500:    1.00    0.157    0.007 0.154    0.024   -1003928    0 
48600:    1.00    0.214    0.007 0.153    0.024   -1003211    0 
48700:    1.00    0.202    0.007 0.154    0.024   -1003316    0 
48800:    1.00    0.125    0.007 0.152    0.024   -1003546    0 
48900:    1.00    0.160    0.007 0.153    0.024   -1003603    0 

--------------------------------------------
Proportion of membership of each pre-defined
 population in each of the 2 clusters

Given    Inferred Clusters       Number of
 Pop       1      2             Individuals

  1:     0.739  0.261              23
--------------------------------------------

 Rep#:   Lambda   Alpha      F1    F2     D1,2    Ln Like  Est Ln P(D)
49000:    1.00    0.305    0.007 0.153    0.024   -1003523    0 
49100:    1.00    0.196    0.007 0.153    0.024   -1003035    0 
49200:    1.00    0.259    0.007 0.152    0.024   -1003335    0 
49300:    1.00    0.191    0.007 0.151    0.024   -1003649    0 
49400:    1.00    0.248    0.007 0.151    0.024   -1003447    0 
49500:    1.00    0.160    0.007 0.152    0.024   -1003123    0 
49600:    1.00    0.125    0.007 0.152    0.024   -1002882    0 
49700:    1.00    0.109    0.007 0.150    0.024   -1003331    0 
49800:    1.00    0.160    0.007 0.150    0.024   -1003235    0 
49900:    1.00    0.261    0.007 0.150    0.023   -1003366    0 

--------------------------------------------
Proportion of membership of each pre-defined
 population in each of the 2 clusters

Given    Inferred Clusters       Number of
 Pop       1      2             Individuals

  1:     0.740  0.260              23
--------------------------------------------

 Rep#:   Lambda   Alpha      F1    F2     D1,2    Ln Like  Est Ln P(D)
50000:    1.00    0.203    0.007 0.150    0.023   -1003355    0 
50100:    1.00    0.118    0.007 0.151    0.024   -1003445    0 
50200:    1.00    0.270    0.007 0.151    0.024   -1003456    0 
50300:    1.00    0.137    0.007 0.148    0.023   -1003668    0 
50400:    1.00    0.241    0.007 0.149    0.023   -1003468    0 
50500:    1.00    0.206    0.007 0.148    0.024   -1003498    0 
50600:    1.00    0.172    0.007 0.149    0.024   -1003303    0 
50700:    1.00    0.258    0.007 0.150    0.024   -1003101    0 
50800:    1.00    0.164    0.007 0.149    0.023   -1003292    0 
50900:    1.00    0.165    0.007 0.151    0.024   -1003204    0 

--------------------------------------------
Proportion of membership of each pre-defined
 population in each of the 2 clusters

Given    Inferred Clusters       Number of
 Pop       1      2             Individuals

  1:     0.739  0.261              23
--------------------------------------------

 Rep#:   Lambda   Alpha      F1    F2     D1,2    Ln Like  Est Ln P(D)
51000:    1.00    0.275    0.007 0.150    0.024   -1003581    0 
51100:    1.00    0.204    0.007 0.149    0.023   -1003331    0 
51200:    1.00    0.252    0.007 0.149    0.024   -1003294    0 
51300:    1.00    0.145    0.007 0.150    0.024   -1003046    0 
51400:    1.00    0.180    0.007 0.151    0.024   -1003602    0 
51500:    1.00    0.265    0.007 0.154    0.024   -1003195    0 
51600:    1.00    0.138    0.007 0.151    0.024   -1003400    0 
51700:    1.00    0.196    0.007 0.151    0.024   -1003413    0 
51800:    1.00    0.317    0.007 0.151    0.024   -1003495    0 
51900:    1.00    0.214    0.007 0.152    0.024   -1003223    0 

--------------------------------------------
Proportion of membership of each pre-defined
 population in each of the 2 clusters

Given    Inferred Clusters       Number of
 Pop       1      2             Individuals

  1:     0.744  0.256              23
--------------------------------------------

 Rep#:   Lambda   Alpha      F1    F2     D1,2    Ln Like  Est Ln P(D)
52000:    1.00    0.200    0.007 0.149    0.024   -1003406    0 
52100:    1.00    0.210    0.007 0.150    0.024   -1003122    0 
52200:    1.00    0.219    0.007 0.150    0.023   -1003477    0 
52300:    1.00    0.139    0.006 0.150    0.024   -1003504    0 
52400:    1.00    0.168    0.006 0.151    0.024   -1003439    0 
52500:    1.00    0.182    0.006 0.151    0.024   -1003239    0 
52600:    1.00    0.239    0.006 0.151    0.024   -1003139    0 
52700:    1.00    0.199    0.006 0.150    0.024   -1003357    0 
52800:    1.00    0.170    0.006 0.150    0.024   -1003881    0 
52900:    1.00    0.148    0.006 0.151    0.024   -1003513    0 

--------------------------------------------
Proportion of membership of each pre-defined
 population in each of the 2 clusters

Given    Inferred Clusters       Number of
 Pop       1      2             Individuals

  1:     0.742  0.258              23
--------------------------------------------

 Rep#:   Lambda   Alpha      F1    F2     D1,2    Ln Like  Est Ln P(D)
53000:    1.00    0.181    0.006 0.152    0.024   -1003049    0 
53100:    1.00    0.142    0.006 0.151    0.024   -1003497    0 
53200:    1.00    0.155    0.006 0.148    0.023   -1003248    0 
53300:    1.00    0.220    0.006 0.150    0.024   -1003448    0 
53400:    1.00    0.188    0.006 0.149    0.023   -1003155    0 
53500:    1.00    0.181    0.006 0.148    0.023   -1003237    0 
53600:    1.00    0.220    0.006 0.149    0.024   -1003577    0 
53700:    1.00    0.229    0.006 0.149    0.023   -1003575    0 
53800:    1.00    0.143    0.006 0.149    0.023   -1003423    0 
53900:    1.00    0.131    0.006 0.149    0.023   -1003007    0 

--------------------------------------------
Proportion of membership of each pre-defined
 population in each of the 2 clusters

Given    Inferred Clusters       Number of
 Pop       1      2             Individuals

  1:     0.744  0.256              23
--------------------------------------------

 Rep#:   Lambda   Alpha      F1    F2     D1,2    Ln Like  Est Ln P(D)
54000:    1.00    0.191    0.006 0.149    0.024   -1003022    0 
54100:    1.00    0.118    0.006 0.149    0.023   -1003458    0 
54200:    1.00    0.255    0.006 0.149    0.023   -1003238    0 
54300:    1.00    0.182    0.006 0.149    0.023   -1003379    0 
54400:    1.00    0.156    0.006 0.149    0.024   -1003157    0 
54500:    1.00    0.190    0.006 0.148    0.023   -1003634    0 
54600:    1.00    0.292    0.006 0.148    0.023   -1003487    0 
54700:    1.00    0.236    0.006 0.148    0.023   -1003606    0 
54800:    1.00    0.106    0.006 0.147    0.023   -1003891    0 
54900:    1.00    0.223    0.006 0.149    0.023   -1003503    0 

--------------------------------------------
Proportion of membership of each pre-defined
 population in each of the 2 clusters

Given    Inferred Clusters       Number of
 Pop       1      2             Individuals

  1:     0.740  0.260              23
--------------------------------------------

 Rep#:   Lambda   Alpha      F1    F2     D1,2    Ln Like  Est Ln P(D)
55000:    1.00    0.237    0.006 0.149    0.024   -1003563    0 
55100:    1.00    0.156    0.006 0.153    0.024   -1003248    0 
55200:    1.00    0.251    0.006 0.149    0.023   -1003132    0 
55300:    1.00    0.295    0.006 0.148    0.024   -1003354    0 
55400:    1.00    0.144    0.006 0.147    0.023   -1003815    0 
55500:    1.00    0.134    0.006 0.147    0.023   -1003420    0 
55600:    1.00    0.173    0.006 0.147    0.023   -1003861    0 
55700:    1.00    0.089    0.006 0.148    0.023   -1003443    0 
55800:    1.00    0.194    0.006 0.149    0.023   -1003332    0 
55900:    1.00    0.179    0.006 0.148    0.023   -1003464    0 

--------------------------------------------
Proportion of membership of each pre-defined
 population in each of the 2 clusters

Given    Inferred Clusters       Number of
 Pop       1      2             Individuals

  1:     0.735  0.265              23
--------------------------------------------

 Rep#:   Lambda   Alpha      F1    F2     D1,2    Ln Like  Est Ln P(D)
56000:    1.00    0.225    0.006 0.150    0.024   -1003285    0 
56100:    1.00    0.237    0.006 0.150    0.024   -1003394    0 
56200:    1.00    0.135    0.006 0.150    0.024   -1003258    0 
56300:    1.00    0.245    0.006 0.150    0.024   -1003268    0 
56400:    1.00    0.125    0.006 0.148    0.023   -1003548    0 
56500:    1.00    0.117    0.006 0.148    0.023   -1003332    0 
56600:    1.00    0.154    0.006 0.151    0.023   -1003366    0 
56700:    1.00    0.216    0.006 0.149    0.024   -1003523    0 
56800:    1.00    0.188    0.006 0.150    0.024   -1003383    0 
56900:    1.00    0.185    0.006 0.150    0.024   -1002918    0 

--------------------------------------------
Proportion of membership of each pre-defined
 population in each of the 2 clusters

Given    Inferred Clusters       Number of
 Pop       1      2             Individuals

  1:     0.740  0.260              23
--------------------------------------------

 Rep#:   Lambda   Alpha      F1    F2     D1,2    Ln Like  Est Ln P(D)
57000:    1.00    0.129    0.006 0.151    0.023   -1003134    0 
57100:    1.00    0.269    0.006 0.152    0.024   -1003497    0 
57200:    1.00    0.222    0.006 0.151    0.024   -1003885    0 
57300:    1.00    0.165    0.006 0.150    0.023   -1003164    0 
57400:    1.00    0.184    0.006 0.150    0.024   -1003217    0 
57500:    1.00    0.303    0.006 0.148    0.023   -1003403    0 
57600:    1.00    0.138    0.006 0.147    0.023   -1003455    0 
57700:    1.00    0.160    0.006 0.146    0.023   -1003418    0 
57800:    1.00    0.148    0.006 0.146    0.023   -1003539    0 
57900:    1.00    0.184    0.006 0.148    0.023   -1003017    0 

--------------------------------------------
Proportion of membership of each pre-defined
 population in each of the 2 clusters

Given    Inferred Clusters       Number of
 Pop       1      2             Individuals

  1:     0.739  0.261              23
--------------------------------------------

 Rep#:   Lambda   Alpha      F1    F2     D1,2    Ln Like  Est Ln P(D)
58000:    1.00    0.234    0.006 0.150    0.024   -1003520    0 
58100:    1.00    0.241    0.006 0.150    0.024   -1003265    0 
58200:    1.00    0.174    0.006 0.150    0.024   -1003460    0 
58300:    1.00    0.151    0.006 0.150    0.023   -1003420    0 
58400:    1.00    0.092    0.006 0.151    0.024   -1003378    0 
58500:    1.00    0.174    0.006 0.151    0.024   -1003303    0 
58600:    1.00    0.266    0.006 0.152    0.024   -1003575    0 
58700:    1.00    0.162    0.006 0.151    0.024   -1003472    0 
58800:    1.00    0.377    0.006 0.151    0.023   -1003195    0 
58900:    1.00    0.184    0.006 0.151    0.024   -1003324    0 

--------------------------------------------
Proportion of membership of each pre-defined
 population in each of the 2 clusters

Given    Inferred Clusters       Number of
 Pop       1      2             Individuals

  1:     0.741  0.259              23
--------------------------------------------

 Rep#:   Lambda   Alpha      F1    F2     D1,2    Ln Like  Est Ln P(D)
59000:    1.00    0.139    0.006 0.151    0.023   -1003652    0 
59100:    1.00    0.293    0.006 0.151    0.024   -1003077    0 
59200:    1.00    0.129    0.006 0.151    0.024   -1002972    0 
59300:    1.00    0.207    0.006 0.153    0.024   -1003614    0 
59400:    1.00    0.138    0.006 0.153    0.024   -1003623    0 
59500:    1.00    0.222    0.006 0.152    0.024   -1003162    0 
59600:    1.00    0.288    0.006 0.151    0.024   -1003493    0 
59700:    1.00    0.280    0.006 0.152    0.024   -1003697    0 
59800:    1.00    0.384    0.006 0.153    0.024   -1003842    0 
59900:    1.00    0.246    0.006 0.153    0.024   -1003300    0 
60000:    1.00    0.159    0.006 0.153    0.024   -1003011    0 

MCMC completed

Inferred ancestry of individuals:
        Label (%Miss) Pop:  Inferred clusters
  1 18160D-09-0    (2)    1 :  0.862 0.138 
  2 18160D-09-0    (4)    1 :  0.827 0.173 
  3 18160D-09-0    (2)    1 :  0.248 0.752 
  4 18160D-09-0    (5)    1 :  0.000 1.000 
  5 18160D-09-0    (4)    1 :  0.096 0.904 
  6 18160D-09-0    (4)    1 :  0.057 0.943 
  7 18160D-09-0    (2)    1 :  0.003 0.997 
  8 18160D-09-0    (4)    1 :  0.871 0.129 
  9 18160D-09-0    (2)    1 :  1.000 0.000 
 10 18160D-09-1    (2)    1 :  1.000 0.000 
 11 18160D-09-1    (2)    1 :  1.000 0.000 
 12 18160D-09-1    (2)    1 :  0.999 0.001 
 13 18160D-09-1    (5)    1 :  0.833 0.167 
 14 18160D-09-1   (18)    1 :  0.830 0.170 
 15 18160D-09-1    (4)    1 :  0.914 0.086 
 16 18160D-09-1    (2)    1 :  1.000 0.000 
 17 18160D-09-1    (2)    1 :  0.865 0.135 
 18 18160D-09-1    (2)    1 :  0.999 0.001 
 19 18160D-09-1    (2)    1 :  0.900 0.100 
 20 18160D-09-2    (5)    1 :  0.932 0.068 
 21 18160D-09-2    (5)    1 :  0.851 0.149 
 22 18160D-09-2    (5)    1 :  0.999 0.001 
 23 18160D-09-2    (2)    1 :  0.896 0.104 

Command line arguments:   structure -D 444345 -K 2 -m mainparams -o k2/populations_k2_run4 
Input File:    populations.str
Output File:   k2/populations_k2_run4_f

Run parameters:
   23 individuals
   50160 loci
   2 populations assumed
   10000 Burn-in period
   50000 Reps
RANDOMIZE turned off

--------------------------------------------
Estimated Ln Prob of Data   = -1030737.5
Mean value of ln likelihood = -1003340.6
Variance of ln likelihood   = 54793.7
Mean value of alpha         = 0.1950

Mean value of Fst_1         = 0.0082
Mean value of Fst_2         = 0.1491


--------------------------------------------
Proportion of membership of each pre-defined
 population in each of the 2 clusters

Given    Inferred Clusters       Number of
 Pop       1      2             Individuals

  1:     0.738  0.262              23
--------------------------------------------
Final results printed to file k2/populations_k2_run4_f

