

----------------------------------------------------
STRUCTURE by Pritchard, Stephens and Donnelly (2000)
     and Falush, Stephens and Pritchard (2003)
       Code by Pritchard, Falush and Hubisz
             Version 2.3.4 (Jul 2012)
----------------------------------------------------


Reading file "mainparams".
datafile is
populations.str
Reading file "extraparams".
Reading file "populations.str".


Data file "populations.str" (truncated) --

Ind:   Label Pop : Genotype_data . . . .
  1: 18160D-09-0    1  :  4   1   3   1   4   1   3  . . . .   2
  1: 18160D-09-0    1  :  4   1   3   1   4   4   4  . . . .   4
  2: 18160D-09-0    1  :  4   1   3   1   4   1   3  . . . .   2
  2: 18160D-09-0    1  :  4   1   3   1   4   4   3  . . . .   4
  3: 18160D-09-0    1  :  4   1   0   0   0   0   3  . . . .   2
  3: 18160D-09-0    1  :  4   3   0   0   0   0   3  . . . .   4
  4: 18160D-09-0    1  :  4   1   3   1   4   1   3  . . . .   2
  4: 18160D-09-0    1  :  4   3   3   1   4   1   3  . . . .   4

      *******   

 22: 18160D-09-2    1  :  4   1   3   1   4   1   3  . . . .   2
 22: 18160D-09-2    1  :  4   3   3   1   4   1   4  . . . .   4
 23: 18160D-09-2    1  :  4   1   3   1   4   1   3  . . . .   2
 23: 18160D-09-2    1  :  4   1   3   1   4   4   4  . . . .   4

Number of alleles per locus: min= 2; ave=2.0; max= 2


--------------------------------------

Finished initialization; starting MCMC 
50000 iterations + 10000 burnin


--------------------------------------------
Proportion of membership of each pre-defined
 population in each of the 2 clusters

Given    Inferred Clusters       Number of
 Pop       1      2             Individuals

  1:     0.479  0.521              23
--------------------------------------------

 Rep#:   Lambda   Alpha      F1    F2     D1,2    Ln Like 
  100:    1.00    1.551    0.010 0.010    0.003   --  
  200:    1.00    1.941    0.010 0.010    0.003   --  
  300:    1.00    1.967    0.010 0.010    0.003   --  
  400:    1.00    1.746    0.010 0.010    0.003   --  
  500:    1.00    1.483    0.010 0.010    0.003   --  
  600:    1.00    0.928    0.010 0.012    0.003   --  
  700:    1.00    0.631    0.010 0.013    0.004   --  
  800:    1.00    0.452    0.010 0.015    0.004   --  
  900:    1.00    0.176    0.010 0.016    0.004   --  

--------------------------------------------
Proportion of membership of each pre-defined
 population in each of the 2 clusters

Given    Inferred Clusters       Number of
 Pop       1      2             Individuals

  1:     0.483  0.517              23
--------------------------------------------

 Rep#:   Lambda   Alpha      F1    F2     D1,2    Ln Like 
 1000:    1.00    0.086    0.010 0.016    0.004   --  
 1100:    1.00    0.049    0.010 0.016    0.004   --  
 1200:    1.00    0.142    0.010 0.016    0.004   --  
 1300:    1.00    0.192    0.010 0.016    0.004   --  
 1400:    1.00    0.101    0.010 0.016    0.004   --  
 1500:    1.00    0.097    0.010 0.018    0.004   --  
 1600:    1.00    0.125    0.010 0.018    0.004   --  
 1700:    1.00    0.112    0.010 0.018    0.004   --  
 1800:    1.00    0.086    0.010 0.021    0.005   --  
 1900:    1.00    0.108    0.010 0.023    0.005   --  

--------------------------------------------
Proportion of membership of each pre-defined
 population in each of the 2 clusters

Given    Inferred Clusters       Number of
 Pop       1      2             Individuals

  1:     0.441  0.559              23
--------------------------------------------

 Rep#:   Lambda   Alpha      F1    F2     D1,2    Ln Like 
 2000:    1.00    0.124    0.010 0.023    0.005   --  
 2100:    1.00    0.073    0.010 0.024    0.005   --  
 2200:    1.00    0.091    0.010 0.024    0.005   --  
 2300:    1.00    0.161    0.010 0.026    0.006   --  
 2400:    1.00    0.155    0.010 0.026    0.006   --  
 2500:    1.00    0.078    0.010 0.027    0.006   --  
 2600:    1.00    0.115    0.010 0.031    0.007   --  
 2700:    1.00    0.083    0.010 0.031    0.007   --  
 2800:    1.00    0.105    0.010 0.034    0.007   --  
 2900:    1.00    0.291    0.010 0.034    0.007   --  

--------------------------------------------
Proportion of membership of each pre-defined
 population in each of the 2 clusters

Given    Inferred Clusters       Number of
 Pop       1      2             Individuals

  1:     0.475  0.525              23
--------------------------------------------

 Rep#:   Lambda   Alpha      F1    F2     D1,2    Ln Like 
 3000:    1.00    0.132    0.010 0.049    0.009   --  
 3100:    1.00    0.115    0.010 0.060    0.011   --  
 3200:    1.00    0.118    0.010 0.074    0.013   --  
 3300:    1.00    0.139    0.010 0.092    0.016   --  
 3400:    1.00    0.146    0.010 0.103    0.018   --  
 3500:    1.00    0.220    0.010 0.106    0.018   --  
 3600:    1.00    0.166    0.010 0.116    0.019   --  
 3700:    1.00    0.165    0.010 0.120    0.020   --  
 3800:    1.00    0.171    0.010 0.127    0.021   --  
 3900:    1.00    0.157    0.010 0.127    0.021   --  

--------------------------------------------
Proportion of membership of each pre-defined
 population in each of the 2 clusters

Given    Inferred Clusters       Number of
 Pop       1      2             Individuals

  1:     0.711  0.289              23
--------------------------------------------

 Rep#:   Lambda   Alpha      F1    F2     D1,2    Ln Like 
 4000:    1.00    0.120    0.010 0.131    0.021   --  
 4100:    1.00    0.182    0.010 0.131    0.021   --  
 4200:    1.00    0.155    0.010 0.130    0.021   --  
 4300:    1.00    0.236    0.010 0.131    0.021   --  
 4400:    1.00    0.117    0.010 0.131    0.021   --  
 4500:    1.00    0.158    0.010 0.134    0.022   --  
 4600:    1.00    0.183    0.010 0.134    0.022   --  
 4700:    1.00    0.095    0.010 0.134    0.022   --  
 4800:    1.00    0.192    0.010 0.135    0.022   --  
 4900:    1.00    0.273    0.010 0.138    0.022   --  

--------------------------------------------
Proportion of membership of each pre-defined
 population in each of the 2 clusters

Given    Inferred Clusters       Number of
 Pop       1      2             Individuals

  1:     0.728  0.272              23
--------------------------------------------

 Rep#:   Lambda   Alpha      F1    F2     D1,2    Ln Like 
 5000:    1.00    0.295    0.010 0.139    0.023   --  
 5100:    1.00    0.356    0.010 0.140    0.023   --  
 5200:    1.00    0.221    0.010 0.140    0.022   --  
 5300:    1.00    0.153    0.010 0.140    0.023   --  
 5400:    1.00    0.175    0.010 0.140    0.023   --  
 5500:    1.00    0.141    0.010 0.142    0.023   --  
 5600:    1.00    0.229    0.010 0.142    0.023   --  
 5700:    1.00    0.134    0.010 0.143    0.023   --  
 5800:    1.00    0.294    0.010 0.143    0.023   --  
 5900:    1.00    0.208    0.010 0.143    0.023   --  

--------------------------------------------
Proportion of membership of each pre-defined
 population in each of the 2 clusters

Given    Inferred Clusters       Number of
 Pop       1      2             Individuals

  1:     0.725  0.275              23
--------------------------------------------

 Rep#:   Lambda   Alpha      F1    F2     D1,2    Ln Like 
 6000:    1.00    0.187    0.010 0.143    0.023   --  
 6100:    1.00    0.150    0.010 0.143    0.023   --  
 6200:    1.00    0.184    0.010 0.144    0.023   --  
 6300:    1.00    0.283    0.010 0.144    0.023   --  
 6400:    1.00    0.169    0.010 0.146    0.023   --  
 6500:    1.00    0.292    0.010 0.147    0.024   --  
 6600:    1.00    0.188    0.010 0.150    0.024   --  
 6700:    1.00    0.212    0.010 0.149    0.024   --  
 6800:    1.00    0.178    0.010 0.148    0.024   --  
 6900:    1.00    0.271    0.010 0.149    0.024   --  

--------------------------------------------
Proportion of membership of each pre-defined
 population in each of the 2 clusters

Given    Inferred Clusters       Number of
 Pop       1      2             Individuals

  1:     0.731  0.269              23
--------------------------------------------

 Rep#:   Lambda   Alpha      F1    F2     D1,2    Ln Like 
 7000:    1.00    0.286    0.009 0.150    0.024   --  
 7100:    1.00    0.210    0.009 0.150    0.024   --  
 7200:    1.00    0.158    0.009 0.151    0.024   --  
 7300:    1.00    0.304    0.009 0.152    0.024   --  
 7400:    1.00    0.113    0.009 0.151    0.024   --  
 7500:    1.00    0.203    0.009 0.152    0.024   --  
 7600:    1.00    0.109    0.009 0.155    0.025   --  
 7700:    1.00    0.097    0.009 0.155    0.025   --  
 7800:    1.00    0.170    0.009 0.157    0.025   --  
 7900:    1.00    0.175    0.009 0.155    0.025   --  

--------------------------------------------
Proportion of membership of each pre-defined
 population in each of the 2 clusters

Given    Inferred Clusters       Number of
 Pop       1      2             Individuals

  1:     0.737  0.263              23
--------------------------------------------

 Rep#:   Lambda   Alpha      F1    F2     D1,2    Ln Like 
 8000:    1.00    0.302    0.009 0.157    0.025   --  
 8100:    1.00    0.258    0.009 0.154    0.024   --  
 8200:    1.00    0.209    0.009 0.154    0.024   --  
 8300:    1.00    0.239    0.009 0.153    0.024   --  
 8400:    1.00    0.236    0.009 0.154    0.025   --  
 8500:    1.00    0.221    0.009 0.149    0.024   --  
 8600:    1.00    0.261    0.009 0.148    0.024   --  
 8700:    1.00    0.268    0.009 0.148    0.024   --  
 8800:    1.00    0.136    0.009 0.148    0.024   --  
 8900:    1.00    0.179    0.009 0.148    0.024   --  

--------------------------------------------
Proportion of membership of each pre-defined
 population in each of the 2 clusters

Given    Inferred Clusters       Number of
 Pop       1      2             Individuals

  1:     0.740  0.260              23
--------------------------------------------

 Rep#:   Lambda   Alpha      F1    F2     D1,2    Ln Like 
 9000:    1.00    0.133    0.009 0.149    0.024   --  
 9100:    1.00    0.247    0.009 0.149    0.024   --  
 9200:    1.00    0.176    0.009 0.146    0.023   --  
 9300:    1.00    0.209    0.009 0.147    0.023   --  
 9400:    1.00    0.275    0.009 0.146    0.023   --  
 9500:    1.00    0.247    0.009 0.145    0.023   --  
 9600:    1.00    0.167    0.009 0.146    0.023   --  
 9700:    1.00    0.125    0.009 0.146    0.023   --  
 9800:    1.00    0.083    0.009 0.145    0.023   --  
 9900:    1.00    0.149    0.009 0.145    0.023   --  
10000:    1.00    0.189    0.009 0.147    0.024   --  

BURNIN completed
 Rep#:   Lambda   Alpha      F1    F2     D1,2    Ln Like  Est Ln P(D)
10100:    1.00    0.096    0.009 0.145    0.023   -1003008    0 
10200:    1.00    0.167    0.009 0.145    0.023   -1003136    0 
10300:    1.00    0.140    0.009 0.144    0.023   -1003452    0 
10400:    1.00    0.152    0.009 0.148    0.024   -1003670    0 
10500:    1.00    0.187    0.009 0.148    0.023   -1003442    0 
10600:    1.00    0.243    0.009 0.149    0.024   -1003246    0 
10700:    1.00    0.196    0.009 0.149    0.024   -1003184    0 
10800:    1.00    0.145    0.009 0.148    0.024   -1003572    0 
10900:    1.00    0.237    0.009 0.148    0.024   -1003613    0 

--------------------------------------------
Proportion of membership of each pre-defined
 population in each of the 2 clusters

Given    Inferred Clusters       Number of
 Pop       1      2             Individuals

  1:     0.734  0.266              23
--------------------------------------------

 Rep#:   Lambda   Alpha      F1    F2     D1,2    Ln Like  Est Ln P(D)
11000:    1.00    0.173    0.009 0.148    0.024   -1003482    0 
11100:    1.00    0.184    0.009 0.147    0.023   -1003357    0 
11200:    1.00    0.388    0.009 0.147    0.024   -1003709    0 
11300:    1.00    0.123    0.009 0.148    0.023   -1003510    0 
11400:    1.00    0.275    0.009 0.147    0.024   -1003413    0 
11500:    1.00    0.150    0.009 0.148    0.023   -1003194    0 
11600:    1.00    0.228    0.009 0.148    0.024   -1003366    0 
11700:    1.00    0.229    0.009 0.150    0.024   -1003303    0 
11800:    1.00    0.291    0.009 0.149    0.024   -1003530    0 
11900:    1.00    0.219    0.009 0.149    0.024   -1003272    0 

--------------------------------------------
Proportion of membership of each pre-defined
 population in each of the 2 clusters

Given    Inferred Clusters       Number of
 Pop       1      2             Individuals

  1:     0.734  0.266              23
--------------------------------------------

 Rep#:   Lambda   Alpha      F1    F2     D1,2    Ln Like  Est Ln P(D)
12000:    1.00    0.114    0.009 0.149    0.024   -1003156    0 
12100:    1.00    0.157    0.009 0.149    0.024   -1003439    0 
12200:    1.00    0.287    0.009 0.149    0.024   -1003525    0 
12300:    1.00    0.235    0.009 0.150    0.024   -1003643    0 
12400:    1.00    0.144    0.009 0.153    0.024   -1003072    0 
12500:    1.00    0.256    0.009 0.155    0.025   -1003414    0 
12600:    1.00    0.225    0.009 0.153    0.024   -1003640    0 
12700:    1.00    0.176    0.009 0.153    0.024   -1003364    0 
12800:    1.00    0.190    0.009 0.153    0.024   -1004088    0 
12900:    1.00    0.331    0.009 0.154    0.024   -1003228    0 

--------------------------------------------
Proportion of membership of each pre-defined
 population in each of the 2 clusters

Given    Inferred Clusters       Number of
 Pop       1      2             Individuals

  1:     0.743  0.257              23
--------------------------------------------

 Rep#:   Lambda   Alpha      F1    F2     D1,2    Ln Like  Est Ln P(D)
13000:    1.00    0.298    0.009 0.154    0.024   -1003534    0 
13100:    1.00    0.141    0.009 0.153    0.025   -1002945    0 
13200:    1.00    0.328    0.009 0.149    0.024   -1003448    0 
13300:    1.00    0.286    0.009 0.150    0.024   -1003240    0 
13400:    1.00    0.259    0.009 0.148    0.023   -1003168    0 
13500:    1.00    0.248    0.009 0.146    0.023   -1003252    0 
13600:    1.00    0.217    0.009 0.152    0.024   -1003460    0 
13700:    1.00    0.251    0.009 0.150    0.024   -1003052    0 
13800:    1.00    0.231    0.009 0.150    0.024   -1003155    0 
13900:    1.00    0.258    0.009 0.153    0.024   -1002936    0 

--------------------------------------------
Proportion of membership of each pre-defined
 population in each of the 2 clusters

Given    Inferred Clusters       Number of
 Pop       1      2             Individuals

  1:     0.737  0.263              23
--------------------------------------------

 Rep#:   Lambda   Alpha      F1    F2     D1,2    Ln Like  Est Ln P(D)
14000:    1.00    0.323    0.009 0.153    0.024   -1003033    0 
14100:    1.00    0.173    0.009 0.153    0.024   -1002962    0 
14200:    1.00    0.231    0.009 0.153    0.024   -1003092    0 
14300:    1.00    0.356    0.009 0.153    0.024   -1003243    0 
14400:    1.00    0.175    0.009 0.155    0.025   -1002999    0 
14500:    1.00    0.213    0.009 0.155    0.024   -1003322    0 
14600:    1.00    0.258    0.009 0.153    0.024   -1003301    0 
14700:    1.00    0.283    0.009 0.153    0.024   -1003211    0 
14800:    1.00    0.228    0.009 0.153    0.024   -1003270    0 
14900:    1.00    0.280    0.009 0.154    0.024   -1003460    0 

--------------------------------------------
Proportion of membership of each pre-defined
 population in each of the 2 clusters

Given    Inferred Clusters       Number of
 Pop       1      2             Individuals

  1:     0.735  0.265              23
--------------------------------------------

 Rep#:   Lambda   Alpha      F1    F2     D1,2    Ln Like  Est Ln P(D)
15000:    1.00    0.180    0.009 0.153    0.024   -1003492    0 
15100:    1.00    0.206    0.009 0.153    0.025   -1003669    0 
15200:    1.00    0.157    0.009 0.153    0.025   -1003728    0 
15300:    1.00    0.246    0.009 0.156    0.025   -1003184    0 
15400:    1.00    0.280    0.009 0.156    0.025   -1003433    0 
15500:    1.00    0.186    0.009 0.156    0.025   -1003738    0 
15600:    1.00    0.112    0.009 0.156    0.025   -1003425    0 
15700:    1.00    0.131    0.009 0.154    0.024   -1003445    0 
15800:    1.00    0.142    0.009 0.154    0.024   -1003839    0 
15900:    1.00    0.204    0.009 0.153    0.024   -1003238    0 

--------------------------------------------
Proportion of membership of each pre-defined
 population in each of the 2 clusters

Given    Inferred Clusters       Number of
 Pop       1      2             Individuals

  1:     0.742  0.258              23
--------------------------------------------

 Rep#:   Lambda   Alpha      F1    F2     D1,2    Ln Like  Est Ln P(D)
16000:    1.00    0.252    0.009 0.155    0.024   -1003193    0 
16100:    1.00    0.246    0.009 0.153    0.024   -1003336    0 
16200:    1.00    0.226    0.009 0.154    0.025   -1003591    0 
16300:    1.00    0.210    0.009 0.154    0.024   -1002929    0 
16400:    1.00    0.222    0.009 0.154    0.024   -1003137    0 
16500:    1.00    0.132    0.009 0.153    0.024   -1003594    0 
16600:    1.00    0.218    0.009 0.153    0.024   -1003094    0 
16700:    1.00    0.308    0.009 0.157    0.024   -1003010    0 
16800:    1.00    0.253    0.009 0.156    0.025   -1003715    0 
16900:    1.00    0.269    0.009 0.155    0.025   -1003525    0 

--------------------------------------------
Proportion of membership of each pre-defined
 population in each of the 2 clusters

Given    Inferred Clusters       Number of
 Pop       1      2             Individuals

  1:     0.740  0.260              23
--------------------------------------------

 Rep#:   Lambda   Alpha      F1    F2     D1,2    Ln Like  Est Ln P(D)
17000:    1.00    0.217    0.009 0.153    0.024   -1003254    0 
17100:    1.00    0.204    0.009 0.153    0.024   -1002856    0 
17200:    1.00    0.223    0.009 0.151    0.024   -1003436    0 
17300:    1.00    0.222    0.009 0.151    0.024   -1003099    0 
17400:    1.00    0.144    0.009 0.151    0.024   -1003154    0 
17500:    1.00    0.176    0.009 0.153    0.024   -1003324    0 
17600:    1.00    0.329    0.008 0.151    0.024   -1002933    0 
17700:    1.00    0.154    0.008 0.151    0.024   -1003026    0 
17800:    1.00    0.208    0.008 0.151    0.024   -1003211    0 
17900:    1.00    0.120    0.008 0.151    0.024   -1002689    0 

--------------------------------------------
Proportion of membership of each pre-defined
 population in each of the 2 clusters

Given    Inferred Clusters       Number of
 Pop       1      2             Individuals

  1:     0.743  0.257              23
--------------------------------------------

 Rep#:   Lambda   Alpha      F1    F2     D1,2    Ln Like  Est Ln P(D)
18000:    1.00    0.205    0.008 0.151    0.024   -1002861    0 
18100:    1.00    0.160    0.008 0.149    0.024   -1003470    0 
18200:    1.00    0.195    0.008 0.149    0.024   -1003546    0 
18300:    1.00    0.192    0.008 0.153    0.024   -1003340    0 
18400:    1.00    0.217    0.008 0.153    0.024   -1003251    0 
18500:    1.00    0.261    0.008 0.150    0.024   -1003344    0 
18600:    1.00    0.147    0.008 0.150    0.024   -1003254    0 
18700:    1.00    0.166    0.008 0.150    0.024   -1002949    0 
18800:    1.00    0.208    0.008 0.152    0.024   -1003606    0 
18900:    1.00    0.209    0.008 0.153    0.024   -1003286    0 

--------------------------------------------
Proportion of membership of each pre-defined
 population in each of the 2 clusters

Given    Inferred Clusters       Number of
 Pop       1      2             Individuals

  1:     0.737  0.263              23
--------------------------------------------

 Rep#:   Lambda   Alpha      F1    F2     D1,2    Ln Like  Est Ln P(D)
19000:    1.00    0.120    0.008 0.154    0.024   -1003725    0 
19100:    1.00    0.195    0.008 0.155    0.024   -1003274    0 
19200:    1.00    0.255    0.008 0.155    0.024   -1002818    0 
19300:    1.00    0.200    0.008 0.154    0.025   -1003006    0 
19400:    1.00    0.262    0.008 0.154    0.024   -1003403    0 
19500:    1.00    0.175    0.008 0.154    0.025   -1003245    0 
19600:    1.00    0.205    0.008 0.154    0.024   -1003600    0 
19700:    1.00    0.171    0.008 0.154    0.024   -1003308    0 
19800:    1.00    0.153    0.008 0.154    0.024   -1003104    0 
19900:    1.00    0.162    0.008 0.154    0.024   -1003041    0 

--------------------------------------------
Proportion of membership of each pre-defined
 population in each of the 2 clusters

Given    Inferred Clusters       Number of
 Pop       1      2             Individuals

  1:     0.738  0.262              23
--------------------------------------------

 Rep#:   Lambda   Alpha      F1    F2     D1,2    Ln Like  Est Ln P(D)
20000:    1.00    0.114    0.008 0.152    0.024   -1003447    0 
20100:    1.00    0.173    0.008 0.149    0.024   -1003242    0 
20200:    1.00    0.200    0.008 0.148    0.024   -1003290    0 
20300:    1.00    0.212    0.008 0.148    0.023   -1003456    0 
20400:    1.00    0.264    0.008 0.149    0.023   -1003019    0 
20500:    1.00    0.223    0.008 0.150    0.024   -1003240    0 
20600:    1.00    0.166    0.008 0.150    0.024   -1003943    0 
20700:    1.00    0.116    0.008 0.150    0.024   -1002848    0 
20800:    1.00    0.188    0.008 0.150    0.023   -1003229    0 
20900:    1.00    0.159    0.008 0.149    0.023   -1003378    0 

--------------------------------------------
Proportion of membership of each pre-defined
 population in each of the 2 clusters

Given    Inferred Clusters       Number of
 Pop       1      2             Individuals

  1:     0.736  0.264              23
--------------------------------------------

 Rep#:   Lambda   Alpha      F1    F2     D1,2    Ln Like  Est Ln P(D)
21000:    1.00    0.259    0.008 0.149    0.023   -1003136    0 
21100:    1.00    0.245    0.008 0.147    0.023   -1003185    0 
21200:    1.00    0.225    0.008 0.151    0.024   -1003091    0 
21300:    1.00    0.229    0.008 0.151    0.024   -1003260    0 
21400:    1.00    0.200    0.008 0.151    0.024   -1003362    0 
21500:    1.00    0.178    0.008 0.151    0.024   -1003085    0 
21600:    1.00    0.227    0.008 0.151    0.024   -1003321    0 
21700:    1.00    0.282    0.008 0.151    0.024   -1003168    0 
21800:    1.00    0.284    0.008 0.150    0.024   -1003607    0 
21900:    1.00    0.172    0.008 0.152    0.024   -1003430    0 

--------------------------------------------
Proportion of membership of each pre-defined
 population in each of the 2 clusters

Given    Inferred Clusters       Number of
 Pop       1      2             Individuals

  1:     0.743  0.257              23
--------------------------------------------

 Rep#:   Lambda   Alpha      F1    F2     D1,2    Ln Like  Est Ln P(D)
22000:    1.00    0.127    0.008 0.152    0.024   -1003195    0 
22100:    1.00    0.225    0.008 0.151    0.024   -1003489    0 
22200:    1.00    0.177    0.008 0.151    0.024   -1003067    0 
22300:    1.00    0.184    0.008 0.150    0.024   -1003609    0 
22400:    1.00    0.108    0.008 0.148    0.023   -1003243    0 
22500:    1.00    0.303    0.008 0.148    0.023   -1003536    0 
22600:    1.00    0.238    0.008 0.147    0.023   -1003335    0 
22700:    1.00    0.184    0.008 0.149    0.024   -1003250    0 
22800:    1.00    0.153    0.008 0.149    0.024   -1002861    0 
22900:    1.00    0.183    0.008 0.149    0.024   -1003076    0 

--------------------------------------------
Proportion of membership of each pre-defined
 population in each of the 2 clusters

Given    Inferred Clusters       Number of
 Pop       1      2             Individuals

  1:     0.738  0.262              23
--------------------------------------------

 Rep#:   Lambda   Alpha      F1    F2     D1,2    Ln Like  Est Ln P(D)
23000:    1.00    0.192    0.008 0.147    0.024   -1003562    0 
23100:    1.00    0.198    0.008 0.148    0.024   -1003431    0 
23200:    1.00    0.203    0.008 0.147    0.023   -1003356    0 
23300:    1.00    0.275    0.008 0.147    0.023   -1003481    0 
23400:    1.00    0.181    0.008 0.145    0.023   -1003553    0 
23500:    1.00    0.196    0.008 0.144    0.023   -1003668    0 
23600:    1.00    0.169    0.008 0.145    0.023   -1003702    0 
23700:    1.00    0.134    0.008 0.147    0.023   -1003376    0 
23800:    1.00    0.271    0.008 0.150    0.024   -1003673    0 
23900:    1.00    0.185    0.008 0.150    0.024   -1003451    0 

--------------------------------------------
Proportion of membership of each pre-defined
 population in each of the 2 clusters

Given    Inferred Clusters       Number of
 Pop       1      2             Individuals

  1:     0.743  0.257              23
--------------------------------------------

 Rep#:   Lambda   Alpha      F1    F2     D1,2    Ln Like  Est Ln P(D)
24000:    1.00    0.210    0.008 0.149    0.023   -1003528    0 
24100:    1.00    0.175    0.008 0.151    0.024   -1003172    0 
24200:    1.00    0.134    0.008 0.151    0.024   -1002838    0 
24300:    1.00    0.251    0.008 0.150    0.024   -1003253    0 
24400:    1.00    0.357    0.008 0.150    0.024   -1003581    0 
24500:    1.00    0.143    0.008 0.146    0.024   -1003442    0 
24600:    1.00    0.219    0.008 0.147    0.023   -1003596    0 
24700:    1.00    0.226    0.008 0.150    0.024   -1003292    0 
24800:    1.00    0.127    0.008 0.151    0.024   -1003085    0 
24900:    1.00    0.153    0.008 0.150    0.023   -1003399    0 

--------------------------------------------
Proportion of membership of each pre-defined
 population in each of the 2 clusters

Given    Inferred Clusters       Number of
 Pop       1      2             Individuals

  1:     0.740  0.260              23
--------------------------------------------

 Rep#:   Lambda   Alpha      F1    F2     D1,2    Ln Like  Est Ln P(D)
25000:    1.00    0.204    0.008 0.147    0.023   -1003452    0 
25100:    1.00    0.153    0.008 0.148    0.023   -1003465    0 
25200:    1.00    0.273    0.007 0.147    0.023   -1003222    0 
25300:    1.00    0.185    0.007 0.147    0.023   -1003551    0 
25400:    1.00    0.150    0.007 0.148    0.024   -1003355    0 
25500:    1.00    0.173    0.007 0.149    0.024   -1003152    0 
25600:    1.00    0.119    0.007 0.151    0.024   -1003302    0 
25700:    1.00    0.129    0.007 0.151    0.024   -1003473    0 
25800:    1.00    0.140    0.007 0.151    0.024   -1003006    0 
25900:    1.00    0.165    0.007 0.148    0.023   -1003191    0 

--------------------------------------------
Proportion of membership of each pre-defined
 population in each of the 2 clusters

Given    Inferred Clusters       Number of
 Pop       1      2             Individuals

  1:     0.742  0.258              23
--------------------------------------------

 Rep#:   Lambda   Alpha      F1    F2     D1,2    Ln Like  Est Ln P(D)
26000:    1.00    0.155    0.007 0.149    0.023   -1003244    0 
26100:    1.00    0.248    0.007 0.149    0.024   -1003419    0 
26200:    1.00    0.207    0.007 0.151    0.024   -1003466    0 
26300:    1.00    0.246    0.007 0.151    0.024   -1003182    0 
26400:    1.00    0.227    0.007 0.151    0.024   -1003203    0 
26500:    1.00    0.199    0.007 0.148    0.023   -1003645    0 
26600:    1.00    0.190    0.007 0.148    0.023   -1003450    0 
26700:    1.00    0.192    0.007 0.148    0.024   -1003324    0 
26800:    1.00    0.195    0.007 0.148    0.024   -1003443    0 
26900:    1.00    0.194    0.007 0.149    0.024   -1003007    0 

--------------------------------------------
Proportion of membership of each pre-defined
 population in each of the 2 clusters

Given    Inferred Clusters       Number of
 Pop       1      2             Individuals

  1:     0.737  0.263              23
--------------------------------------------

 Rep#:   Lambda   Alpha      F1    F2     D1,2    Ln Like  Est Ln P(D)
27000:    1.00    0.149    0.007 0.150    0.024   -1003611    0 
27100:    1.00    0.234    0.007 0.152    0.024   -1003436    0 
27200:    1.00    0.163    0.007 0.153    0.024   -1003367    0 
27300:    1.00    0.152    0.007 0.152    0.024   -1003599    0 
27400:    1.00    0.219    0.007 0.152    0.024   -1003786    0 
27500:    1.00    0.208    0.007 0.151    0.024   -1003394    0 
27600:    1.00    0.311    0.007 0.151    0.024   -1003353    0 
27700:    1.00    0.181    0.007 0.151    0.024   -1003264    0 
27800:    1.00    0.187    0.007 0.151    0.024   -1002952    0 
27900:    1.00    0.180    0.007 0.151    0.024   -1003454    0 

--------------------------------------------
Proportion of membership of each pre-defined
 population in each of the 2 clusters

Given    Inferred Clusters       Number of
 Pop       1      2             Individuals

  1:     0.738  0.262              23
--------------------------------------------

 Rep#:   Lambda   Alpha      F1    F2     D1,2    Ln Like  Est Ln P(D)
28000:    1.00    0.240    0.007 0.149    0.023   -1003013    0 
28100:    1.00    0.263    0.007 0.150    0.023   -1003321    0 
28200:    1.00    0.291    0.007 0.145    0.023   -1003352    0 
28300:    1.00    0.167    0.007 0.145    0.023   -1003735    0 
28400:    1.00    0.220    0.007 0.145    0.023   -1003563    0 
28500:    1.00    0.177    0.007 0.146    0.023   -1003271    0 
28600:    1.00    0.221    0.007 0.146    0.023   -1003020    0 
28700:    1.00    0.156    0.007 0.147    0.023   -1003586    0 
28800:    1.00    0.122    0.007 0.147    0.023   -1003571    0 
28900:    1.00    0.201    0.007 0.147    0.023   -1003510    0 

--------------------------------------------
Proportion of membership of each pre-defined
 population in each of the 2 clusters

Given    Inferred Clusters       Number of
 Pop       1      2             Individuals

  1:     0.736  0.264              23
--------------------------------------------

 Rep#:   Lambda   Alpha      F1    F2     D1,2    Ln Like  Est Ln P(D)
29000:    1.00    0.283    0.007 0.148    0.023   -1003488    0 
29100:    1.00    0.192    0.007 0.147    0.023   -1003627    0 
29200:    1.00    0.195    0.007 0.148    0.023   -1002803    0 
29300:    1.00    0.172    0.007 0.149    0.024   -1003432    0 
29400:    1.00    0.303    0.007 0.148    0.023   -1003464    0 
29500:    1.00    0.176    0.007 0.148    0.023   -1003250    0 
29600:    1.00    0.188    0.007 0.148    0.023   -1003154    0 
29700:    1.00    0.241    0.007 0.149    0.024   -1003192    0 
29800:    1.00    0.189    0.007 0.149    0.024   -1003417    0 
29900:    1.00    0.135    0.007 0.148    0.024   -1003448    0 

--------------------------------------------
Proportion of membership of each pre-defined
 population in each of the 2 clusters

Given    Inferred Clusters       Number of
 Pop       1      2             Individuals

  1:     0.740  0.260              23
--------------------------------------------

 Rep#:   Lambda   Alpha      F1    F2     D1,2    Ln Like  Est Ln P(D)
30000:    1.00    0.123    0.007 0.149    0.023   -1003583    0 
30100:    1.00    0.152    0.007 0.148    0.023   -1003444    0 
30200:    1.00    0.175    0.007 0.147    0.023   -1003771    0 
30300:    1.00    0.118    0.007 0.149    0.024   -1003429    0 
30400:    1.00    0.127    0.007 0.149    0.024   -1003380    0 
30500:    1.00    0.180    0.007 0.149    0.023   -1003620    0 
30600:    1.00    0.276    0.007 0.149    0.024   -1003160    0 
30700:    1.00    0.199    0.007 0.149    0.024   -1003448    0 
30800:    1.00    0.166    0.007 0.149    0.023   -1003299    0 
30900:    1.00    0.211    0.007 0.147    0.023   -1003596    0 

--------------------------------------------
Proportion of membership of each pre-defined
 population in each of the 2 clusters

Given    Inferred Clusters       Number of
 Pop       1      2             Individuals

  1:     0.744  0.256              23
--------------------------------------------

 Rep#:   Lambda   Alpha      F1    F2     D1,2    Ln Like  Est Ln P(D)
31000:    1.00    0.173    0.007 0.146    0.023   -1003336    0 
31100:    1.00    0.146    0.007 0.149    0.023   -1003379    0 
31200:    1.00    0.206    0.007 0.147    0.023   -1003253    0 
31300:    1.00    0.201    0.007 0.147    0.023   -1003397    0 
31400:    1.00    0.238    0.007 0.148    0.023   -1003132    0 
31500:    1.00    0.262    0.007 0.150    0.024   -1003470    0 
31600:    1.00    0.219    0.007 0.149    0.024   -1003219    0 
31700:    1.00    0.173    0.007 0.150    0.024   -1003156    0 
31800:    1.00    0.272    0.007 0.151    0.024   -1003340    0 
31900:    1.00    0.282    0.007 0.152    0.024   -1003030    0 

--------------------------------------------
Proportion of membership of each pre-defined
 population in each of the 2 clusters

Given    Inferred Clusters       Number of
 Pop       1      2             Individuals

  1:     0.745  0.255              23
--------------------------------------------

 Rep#:   Lambda   Alpha      F1    F2     D1,2    Ln Like  Est Ln P(D)
32000:    1.00    0.277    0.007 0.152    0.024   -1003356    0 
32100:    1.00    0.211    0.007 0.151    0.024   -1003171    0 
32200:    1.00    0.226    0.007 0.151    0.024   -1003273    0 
32300:    1.00    0.212    0.007 0.151    0.024   -1003118    0 
32400:    1.00    0.211    0.007 0.151    0.024   -1003711    0 
32500:    1.00    0.172    0.007 0.151    0.024   -1003954    0 
32600:    1.00    0.212    0.007 0.153    0.024   -1003530    0 
32700:    1.00    0.228    0.007 0.153    0.024   -1003262    0 
32800:    1.00    0.175    0.007 0.154    0.024   -1002934    0 
32900:    1.00    0.137    0.007 0.154    0.024   -1003529    0 

--------------------------------------------
Proportion of membership of each pre-defined
 population in each of the 2 clusters

Given    Inferred Clusters       Number of
 Pop       1      2             Individuals

  1:     0.743  0.257              23
--------------------------------------------

 Rep#:   Lambda   Alpha      F1    F2     D1,2    Ln Like  Est Ln P(D)
33000:    1.00    0.123    0.007 0.156    0.025   -1003580    0 
33100:    1.00    0.126    0.007 0.157    0.025   -1003184    0 
33200:    1.00    0.230    0.007 0.157    0.025   -1003448    0 
33300:    1.00    0.297    0.007 0.157    0.024   -1003615    0 
33400:    1.00    0.167    0.007 0.154    0.024   -1003093    0 
33500:    1.00    0.229    0.007 0.152    0.024   -1003805    0 
33600:    1.00    0.210    0.007 0.151    0.024   -1003517    0 
33700:    1.00    0.220    0.007 0.152    0.024   -1003522    0 
33800:    1.00    0.227    0.007 0.152    0.024   -1003705    0 
33900:    1.00    0.130    0.007 0.153    0.024   -1003017    0 

--------------------------------------------
Proportion of membership of each pre-defined
 population in each of the 2 clusters

Given    Inferred Clusters       Number of
 Pop       1      2             Individuals

  1:     0.744  0.256              23
--------------------------------------------

 Rep#:   Lambda   Alpha      F1    F2     D1,2    Ln Like  Est Ln P(D)
34000:    1.00    0.257    0.007 0.156    0.024   -1003106    0 
34100:    1.00    0.183    0.007 0.156    0.024   -1003351    0 
34200:    1.00    0.273    0.007 0.156    0.024   -1003457    0 
34300:    1.00    0.334    0.007 0.155    0.025   -1003393    0 
34400:    1.00    0.211    0.007 0.155    0.024   -1003224    0 
34500:    1.00    0.299    0.007 0.152    0.024   -1003049    0 
34600:    1.00    0.215    0.007 0.150    0.024   -1003290    0 
34700:    1.00    0.138    0.007 0.150    0.024   -1003490    0 
34800:    1.00    0.290    0.007 0.150    0.024   -1003487    0 
34900:    1.00    0.154    0.007 0.149    0.024   -1003562    0 

--------------------------------------------
Proportion of membership of each pre-defined
 population in each of the 2 clusters

Given    Inferred Clusters       Number of
 Pop       1      2             Individuals

  1:     0.744  0.256              23
--------------------------------------------

 Rep#:   Lambda   Alpha      F1    F2     D1,2    Ln Like  Est Ln P(D)
35000:    1.00    0.152    0.007 0.150    0.023   -1003579    0 
35100:    1.00    0.110    0.007 0.150    0.024   -1003839    0 
35200:    1.00    0.240    0.007 0.150    0.023   -1003818    0 
35300:    1.00    0.274    0.007 0.150    0.024   -1003994    0 
35400:    1.00    0.077    0.007 0.150    0.024   -1002790    0 
35500:    1.00    0.172    0.007 0.148    0.023   -1003632    0 
35600:    1.00    0.135    0.007 0.148    0.023   -1003440    0 
35700:    1.00    0.181    0.007 0.147    0.023   -1003699    0 
35800:    1.00    0.194    0.007 0.147    0.023   -1003576    0 
35900:    1.00    0.205    0.007 0.147    0.023   -1003611    0 

--------------------------------------------
Proportion of membership of each pre-defined
 population in each of the 2 clusters

Given    Inferred Clusters       Number of
 Pop       1      2             Individuals

  1:     0.741  0.259              23
--------------------------------------------

 Rep#:   Lambda   Alpha      F1    F2     D1,2    Ln Like  Est Ln P(D)
36000:    1.00    0.180    0.007 0.147    0.023   -1003366    0 
36100:    1.00    0.164    0.007 0.147    0.023   -1003495    0 
36200:    1.00    0.172    0.007 0.148    0.023   -1003477    0 
36300:    1.00    0.246    0.007 0.148    0.023   -1003179    0 
36400:    1.00    0.157    0.007 0.148    0.023   -1003345    0 
36500:    1.00    0.247    0.007 0.150    0.023   -1003369    0 
36600:    1.00    0.182    0.007 0.148    0.023   -1003190    0 
36700:    1.00    0.165    0.007 0.150    0.024   -1003086    0 
36800:    1.00    0.305    0.007 0.149    0.023   -1003520    0 
36900:    1.00    0.173    0.007 0.149    0.024   -1003193    0 

--------------------------------------------
Proportion of membership of each pre-defined
 population in each of the 2 clusters

Given    Inferred Clusters       Number of
 Pop       1      2             Individuals

  1:     0.745  0.255              23
--------------------------------------------

 Rep#:   Lambda   Alpha      F1    F2     D1,2    Ln Like  Est Ln P(D)
37000:    1.00    0.203    0.007 0.149    0.023   -1003578    0 
37100:    1.00    0.183    0.007 0.150    0.024   -1003327    0 
37200:    1.00    0.123    0.007 0.151    0.024   -1003161    0 
37300:    1.00    0.274    0.007 0.151    0.024   -1003445    0 
37400:    1.00    0.155    0.007 0.150    0.024   -1003259    0 
37500:    1.00    0.229    0.007 0.150    0.024   -1003030    0 
37600:    1.00    0.161    0.007 0.151    0.024   -1003631    0 
37700:    1.00    0.258    0.007 0.152    0.024   -1003117    0 
37800:    1.00    0.213    0.007 0.152    0.024   -1003710    0 
37900:    1.00    0.337    0.007 0.153    0.024   -1003146    0 

--------------------------------------------
Proportion of membership of each pre-defined
 population in each of the 2 clusters

Given    Inferred Clusters       Number of
 Pop       1      2             Individuals

  1:     0.741  0.259              23
--------------------------------------------

 Rep#:   Lambda   Alpha      F1    F2     D1,2    Ln Like  Est Ln P(D)
38000:    1.00    0.210    0.007 0.156    0.025   -1003098    0 
38100:    1.00    0.196    0.007 0.152    0.024   -1003292    0 
38200:    1.00    0.275    0.007 0.148    0.024   -1003286    0 
38300:    1.00    0.110    0.007 0.151    0.024   -1003068    0 
38400:    1.00    0.211    0.007 0.151    0.024   -1003477    0 
38500:    1.00    0.243    0.007 0.151    0.024   -1003693    0 
38600:    1.00    0.240    0.007 0.151    0.024   -1003540    0 
38700:    1.00    0.254    0.007 0.149    0.024   -1003620    0 
38800:    1.00    0.216    0.007 0.151    0.024   -1003427    0 
38900:    1.00    0.161    0.007 0.150    0.024   -1003589    0 

--------------------------------------------
Proportion of membership of each pre-defined
 population in each of the 2 clusters

Given    Inferred Clusters       Number of
 Pop       1      2             Individuals

  1:     0.736  0.264              23
--------------------------------------------

 Rep#:   Lambda   Alpha      F1    F2     D1,2    Ln Like  Est Ln P(D)
39000:    1.00    0.177    0.007 0.148    0.023   -1003243    0 
39100:    1.00    0.192    0.007 0.149    0.023   -1003226    0 
39200:    1.00    0.234    0.007 0.152    0.024   -1003529    0 
39300:    1.00    0.173    0.007 0.152    0.024   -1003361    0 
39400:    1.00    0.179    0.007 0.151    0.024   -1003301    0 
39500:    1.00    0.212    0.007 0.153    0.024   -1003359    0 
39600:    1.00    0.124    0.007 0.153    0.024   -1003396    0 
39700:    1.00    0.276    0.007 0.152    0.024   -1003117    0 
39800:    1.00    0.178    0.007 0.149    0.024   -1003359    0 
39900:    1.00    0.137    0.007 0.149    0.023   -1003846    0 

--------------------------------------------
Proportion of membership of each pre-defined
 population in each of the 2 clusters

Given    Inferred Clusters       Number of
 Pop       1      2             Individuals

  1:     0.737  0.263              23
--------------------------------------------

 Rep#:   Lambda   Alpha      F1    F2     D1,2    Ln Like  Est Ln P(D)
40000:    1.00    0.136    0.007 0.148    0.023   -1003538    0 
40100:    1.00    0.318    0.007 0.148    0.024   -1003583    0 
40200:    1.00    0.263    0.007 0.146    0.023   -1003871    0 
40300:    1.00    0.150    0.007 0.147    0.023   -1003615    0 
40400:    1.00    0.266    0.007 0.147    0.023   -1003669    0 
40500:    1.00    0.211    0.007 0.147    0.023   -1003426    0 
40600:    1.00    0.267    0.007 0.146    0.023   -1003351    0 
40700:    1.00    0.231    0.007 0.146    0.023   -1003105    0 
40800:    1.00    0.182    0.007 0.147    0.023   -1003339    0 
40900:    1.00    0.167    0.007 0.147    0.023   -1003468    0 

--------------------------------------------
Proportion of membership of each pre-defined
 population in each of the 2 clusters

Given    Inferred Clusters       Number of
 Pop       1      2             Individuals

  1:     0.739  0.261              23
--------------------------------------------

 Rep#:   Lambda   Alpha      F1    F2     D1,2    Ln Like  Est Ln P(D)
41000:    1.00    0.189    0.007 0.147    0.023   -1003515    0 
41100:    1.00    0.198    0.007 0.146    0.023   -1003626    0 
41200:    1.00    0.148    0.007 0.146    0.023   -1003215    0 
41300:    1.00    0.158    0.007 0.147    0.023   -1003372    0 
41400:    1.00    0.270    0.007 0.147    0.023   -1003314    0 
41500:    1.00    0.256    0.007 0.147    0.023   -1003627    0 
41600:    1.00    0.182    0.007 0.149    0.023   -1003173    0 
41700:    1.00    0.180    0.007 0.148    0.024   -1003326    0 
41800:    1.00    0.158    0.007 0.147    0.023   -1004047    0 
41900:    1.00    0.183    0.007 0.148    0.023   -1003269    0 

--------------------------------------------
Proportion of membership of each pre-defined
 population in each of the 2 clusters

Given    Inferred Clusters       Number of
 Pop       1      2             Individuals

  1:     0.745  0.255              23
--------------------------------------------

 Rep#:   Lambda   Alpha      F1    F2     D1,2    Ln Like  Est Ln P(D)
42000:    1.00    0.189    0.007 0.147    0.023   -1003866    0 
42100:    1.00    0.195    0.007 0.147    0.023   -1003436    0 
42200:    1.00    0.206    0.007 0.148    0.023   -1003862    0 
42300:    1.00    0.127    0.007 0.151    0.024   -1003455    0 
42400:    1.00    0.182    0.007 0.151    0.024   -1003254    0 
42500:    1.00    0.145    0.007 0.151    0.024   -1003432    0 
42600:    1.00    0.268    0.007 0.151    0.024   -1003502    0 
42700:    1.00    0.182    0.007 0.153    0.024   -1003363    0 
42800:    1.00    0.279    0.007 0.153    0.024   -1003465    0 
42900:    1.00    0.130    0.007 0.152    0.024   -1003249    0 

--------------------------------------------
Proportion of membership of each pre-defined
 population in each of the 2 clusters

Given    Inferred Clusters       Number of
 Pop       1      2             Individuals

  1:     0.740  0.260              23
--------------------------------------------

 Rep#:   Lambda   Alpha      F1    F2     D1,2    Ln Like  Est Ln P(D)
43000:    1.00    0.246    0.007 0.152    0.024   -1003331    0 
43100:    1.00    0.174    0.007 0.152    0.024   -1003807    0 
43200:    1.00    0.152    0.007 0.152    0.024   -1003538    0 
43300:    1.00    0.184    0.007 0.153    0.024   -1003684    0 
43400:    1.00    0.291    0.007 0.152    0.024   -1003328    0 
43500:    1.00    0.257    0.007 0.152    0.024   -1003300    0 
43600:    1.00    0.172    0.007 0.150    0.024   -1003352    0 
43700:    1.00    0.208    0.007 0.151    0.024   -1003522    0 
43800:    1.00    0.196    0.007 0.152    0.024   -1003581    0 
43900:    1.00    0.190    0.007 0.152    0.024   -1003832    0 

--------------------------------------------
Proportion of membership of each pre-defined
 population in each of the 2 clusters

Given    Inferred Clusters       Number of
 Pop       1      2             Individuals

  1:     0.747  0.253              23
--------------------------------------------

 Rep#:   Lambda   Alpha      F1    F2     D1,2    Ln Like  Est Ln P(D)
44000:    1.00    0.169    0.006 0.151    0.024   -1003885    0 
44100:    1.00    0.252    0.006 0.151    0.024   -1003757    0 
44200:    1.00    0.251    0.006 0.152    0.024   -1003313    0 
44300:    1.00    0.297    0.006 0.151    0.024   -1003410    0 
44400:    1.00    0.259    0.006 0.150    0.024   -1003301    0 
44500:    1.00    0.324    0.006 0.149    0.023   -1003172    0 
44600:    1.00    0.232    0.006 0.148    0.023   -1003373    0 
44700:    1.00    0.219    0.006 0.149    0.023   -1003449    0 
44800:    1.00    0.232    0.006 0.148    0.023   -1003505    0 
44900:    1.00    0.221    0.006 0.148    0.023   -1003767    0 

--------------------------------------------
Proportion of membership of each pre-defined
 population in each of the 2 clusters

Given    Inferred Clusters       Number of
 Pop       1      2             Individuals

  1:     0.744  0.256              23
--------------------------------------------

 Rep#:   Lambda   Alpha      F1    F2     D1,2    Ln Like  Est Ln P(D)
45000:    1.00    0.186    0.006 0.149    0.024   -1003361    0 
45100:    1.00    0.216    0.006 0.149    0.023   -1003654    0 
45200:    1.00    0.237    0.006 0.150    0.023   -1003385    0 
45300:    1.00    0.096    0.006 0.149    0.023   -1003664    0 
45400:    1.00    0.140    0.006 0.149    0.023   -1003737    0 
45500:    1.00    0.240    0.006 0.149    0.023   -1003475    0 
45600:    1.00    0.362    0.006 0.147    0.023   -1003439    0 
45700:    1.00    0.135    0.006 0.147    0.023   -1003885    0 
45800:    1.00    0.220    0.006 0.146    0.023   -1003993    0 
45900:    1.00    0.168    0.006 0.146    0.023   -1003536    0 

--------------------------------------------
Proportion of membership of each pre-defined
 population in each of the 2 clusters

Given    Inferred Clusters       Number of
 Pop       1      2             Individuals

  1:     0.742  0.258              23
--------------------------------------------

 Rep#:   Lambda   Alpha      F1    F2     D1,2    Ln Like  Est Ln P(D)
46000:    1.00    0.121    0.006 0.146    0.023   -1003530    0 
46100:    1.00    0.142    0.006 0.147    0.023   -1003686    0 
46200:    1.00    0.095    0.006 0.148    0.023   -1003534    0 
46300:    1.00    0.178    0.006 0.148    0.023   -1003344    0 
46400:    1.00    0.196    0.006 0.146    0.023   -1003045    0 
46500:    1.00    0.133    0.006 0.147    0.023   -1003602    0 
46600:    1.00    0.222    0.006 0.147    0.023   -1003287    0 
46700:    1.00    0.106    0.006 0.147    0.023   -1003240    0 
46800:    1.00    0.104    0.006 0.149    0.024   -1003434    0 
46900:    1.00    0.148    0.006 0.148    0.023   -1003461    0 

--------------------------------------------
Proportion of membership of each pre-defined
 population in each of the 2 clusters

Given    Inferred Clusters       Number of
 Pop       1      2             Individuals

  1:     0.741  0.259              23
--------------------------------------------

 Rep#:   Lambda   Alpha      F1    F2     D1,2    Ln Like  Est Ln P(D)
47000:    1.00    0.201    0.006 0.148    0.023   -1003268    0 
47100:    1.00    0.155    0.006 0.148    0.023   -1003595    0 
47200:    1.00    0.202    0.006 0.150    0.024   -1003425    0 
47300:    1.00    0.105    0.006 0.150    0.024   -1003398    0 
47400:    1.00    0.190    0.006 0.152    0.024   -1003232    0 
47500:    1.00    0.200    0.006 0.152    0.024   -1003237    0 
47600:    1.00    0.195    0.006 0.151    0.024   -1003358    0 
47700:    1.00    0.226    0.006 0.154    0.024   -1003343    0 
47800:    1.00    0.270    0.006 0.152    0.024   -1003897    0 
47900:    1.00    0.149    0.006 0.151    0.024   -1003114    0 

--------------------------------------------
Proportion of membership of each pre-defined
 population in each of the 2 clusters

Given    Inferred Clusters       Number of
 Pop       1      2             Individuals

  1:     0.748  0.252              23
--------------------------------------------

 Rep#:   Lambda   Alpha      F1    F2     D1,2    Ln Like  Est Ln P(D)
48000:    1.00    0.219    0.006 0.149    0.024   -1003847    0 
48100:    1.00    0.195    0.006 0.148    0.023   -1003492    0 
48200:    1.00    0.215    0.006 0.147    0.023   -1003856    0 
48300:    1.00    0.172    0.006 0.149    0.024   -1003354    0 
48400:    1.00    0.203    0.006 0.152    0.024   -1003226    0 
48500:    1.00    0.250    0.006 0.153    0.024   -1003139    0 
48600:    1.00    0.183    0.006 0.153    0.024   -1002764    0 
48700:    1.00    0.136    0.006 0.152    0.024   -1003024    0 
48800:    1.00    0.158    0.006 0.150    0.024   -1003146    0 
48900:    1.00    0.105    0.006 0.150    0.024   -1003080    0 

--------------------------------------------
Proportion of membership of each pre-defined
 population in each of the 2 clusters

Given    Inferred Clusters       Number of
 Pop       1      2             Individuals

  1:     0.756  0.244              23
--------------------------------------------

 Rep#:   Lambda   Alpha      F1    F2     D1,2    Ln Like  Est Ln P(D)
49000:    1.00    0.144    0.006 0.152    0.024   -1003198    0 
49100:    1.00    0.172    0.006 0.150    0.024   -1003305    0 
49200:    1.00    0.168    0.006 0.147    0.023   -1003433    0 
49300:    1.00    0.100    0.006 0.147    0.023   -1003627    0 
49400:    1.00    0.209    0.006 0.153    0.024   -1003067    0 
49500:    1.00    0.166    0.006 0.152    0.024   -1003347    0 
49600:    1.00    0.128    0.006 0.153    0.024   -1003479    0 
49700:    1.00    0.148    0.006 0.154    0.024   -1003745    0 
49800:    1.00    0.292    0.006 0.155    0.024   -1003042    0 
49900:    1.00    0.272    0.006 0.155    0.024   -1003528    0 

--------------------------------------------
Proportion of membership of each pre-defined
 population in each of the 2 clusters

Given    Inferred Clusters       Number of
 Pop       1      2             Individuals

  1:     0.745  0.255              23
--------------------------------------------

 Rep#:   Lambda   Alpha      F1    F2     D1,2    Ln Like  Est Ln P(D)
50000:    1.00    0.245    0.006 0.155    0.024   -1003324    0 
50100:    1.00    0.184    0.006 0.157    0.024   -1003357    0 
50200:    1.00    0.363    0.006 0.157    0.025   -1003426    0 
50300:    1.00    0.234    0.006 0.157    0.024   -1003844    0 
50400:    1.00    0.202    0.006 0.158    0.024   -1003314    0 
50500:    1.00    0.282    0.006 0.158    0.025   -1003418    0 
50600:    1.00    0.201    0.006 0.159    0.024   -1003074    0 
50700:    1.00    0.256    0.006 0.160    0.025   -1003570    0 
50800:    1.00    0.355    0.006 0.157    0.025   -1003796    0 
50900:    1.00    0.264    0.006 0.157    0.024   -1003211    0 

--------------------------------------------
Proportion of membership of each pre-defined
 population in each of the 2 clusters

Given    Inferred Clusters       Number of
 Pop       1      2             Individuals

  1:     0.744  0.256              23
--------------------------------------------

 Rep#:   Lambda   Alpha      F1    F2     D1,2    Ln Like  Est Ln P(D)
51000:    1.00    0.188    0.006 0.158    0.025   -1003233    0 
51100:    1.00    0.210    0.006 0.156    0.024   -1003547    0 
51200:    1.00    0.167    0.006 0.152    0.024   -1003488    0 
51300:    1.00    0.275    0.006 0.152    0.024   -1003426    0 
51400:    1.00    0.278    0.006 0.153    0.024   -1003203    0 
51500:    1.00    0.181    0.006 0.153    0.024   -1003999    0 
51600:    1.00    0.234    0.006 0.153    0.024   -1003461    0 
51700:    1.00    0.213    0.006 0.152    0.024   -1003324    0 
51800:    1.00    0.344    0.006 0.152    0.024   -1003273    0 
51900:    1.00    0.204    0.006 0.153    0.024   -1003156    0 

--------------------------------------------
Proportion of membership of each pre-defined
 population in each of the 2 clusters

Given    Inferred Clusters       Number of
 Pop       1      2             Individuals

  1:     0.744  0.256              23
--------------------------------------------

 Rep#:   Lambda   Alpha      F1    F2     D1,2    Ln Like  Est Ln P(D)
52000:    1.00    0.189    0.006 0.156    0.024   -1003555    0 
52100:    1.00    0.143    0.006 0.153    0.024   -1003530    0 
52200:    1.00    0.238    0.006 0.154    0.024   -1003390    0 
52300:    1.00    0.145    0.006 0.153    0.024   -1003297    0 
52400:    1.00    0.237    0.006 0.152    0.024   -1003379    0 
52500:    1.00    0.167    0.006 0.152    0.024   -1003402    0 
52600:    1.00    0.194    0.006 0.151    0.024   -1003426    0 
52700:    1.00    0.224    0.006 0.153    0.024   -1003415    0 
52800:    1.00    0.160    0.006 0.154    0.024   -1003385    0 
52900:    1.00    0.213    0.006 0.153    0.024   -1003284    0 

--------------------------------------------
Proportion of membership of each pre-defined
 population in each of the 2 clusters

Given    Inferred Clusters       Number of
 Pop       1      2             Individuals

  1:     0.745  0.255              23
--------------------------------------------

 Rep#:   Lambda   Alpha      F1    F2     D1,2    Ln Like  Est Ln P(D)
53000:    1.00    0.139    0.006 0.153    0.024   -1003147    0 
53100:    1.00    0.171    0.006 0.153    0.024   -1003516    0 
53200:    1.00    0.210    0.006 0.153    0.024   -1003359    0 
53300:    1.00    0.137    0.006 0.154    0.024   -1003402    0 
53400:    1.00    0.208    0.006 0.154    0.024   -1003302    0 
53500:    1.00    0.217    0.006 0.154    0.024   -1003033    0 
53600:    1.00    0.192    0.006 0.154    0.024   -1003089    0 
53700:    1.00    0.220    0.006 0.155    0.024   -1003395    0 
53800:    1.00    0.162    0.006 0.151    0.023   -1003648    0 
53900:    1.00    0.207    0.006 0.153    0.024   -1003415    0 

--------------------------------------------
Proportion of membership of each pre-defined
 population in each of the 2 clusters

Given    Inferred Clusters       Number of
 Pop       1      2             Individuals

  1:     0.743  0.257              23
--------------------------------------------

 Rep#:   Lambda   Alpha      F1    F2     D1,2    Ln Like  Est Ln P(D)
54000:    1.00    0.184    0.006 0.150    0.023   -1003509    0 
54100:    1.00    0.159    0.006 0.150    0.023   -1003516    0 
54200:    1.00    0.220    0.006 0.148    0.023   -1003476    0 
54300:    1.00    0.157    0.006 0.148    0.023   -1003111    0 
54400:    1.00    0.181    0.006 0.148    0.023   -1003436    0 
54500:    1.00    0.246    0.006 0.148    0.023   -1003210    0 
54600:    1.00    0.131    0.006 0.148    0.023   -1003338    0 
54700:    1.00    0.223    0.006 0.151    0.024   -1003113    0 
54800:    1.00    0.163    0.006 0.151    0.023   -1003565    0 
54900:    1.00    0.262    0.006 0.151    0.024   -1003706    0 

--------------------------------------------
Proportion of membership of each pre-defined
 population in each of the 2 clusters

Given    Inferred Clusters       Number of
 Pop       1      2             Individuals

  1:     0.739  0.261              23
--------------------------------------------

 Rep#:   Lambda   Alpha      F1    F2     D1,2    Ln Like  Est Ln P(D)
55000:    1.00    0.199    0.006 0.152    0.024   -1003525    0 
55100:    1.00    0.192    0.006 0.152    0.024   -1003251    0 
55200:    1.00    0.200    0.006 0.149    0.023   -1003472    0 
55300:    1.00    0.231    0.006 0.150    0.023   -1003831    0 
55400:    1.00    0.225    0.006 0.151    0.023   -1003378    0 
55500:    1.00    0.149    0.006 0.151    0.023   -1003482    0 
55600:    1.00    0.208    0.006 0.149    0.023   -1003214    0 
55700:    1.00    0.122    0.006 0.151    0.023   -1003294    0 
55800:    1.00    0.238    0.006 0.152    0.024   -1003362    0 
55900:    1.00    0.231    0.006 0.151    0.024   -1003406    0 

--------------------------------------------
Proportion of membership of each pre-defined
 population in each of the 2 clusters

Given    Inferred Clusters       Number of
 Pop       1      2             Individuals

  1:     0.743  0.257              23
--------------------------------------------

 Rep#:   Lambda   Alpha      F1    F2     D1,2    Ln Like  Est Ln P(D)
56000:    1.00    0.198    0.006 0.151    0.024   -1003251    0 
56100:    1.00    0.105    0.006 0.150    0.024   -1003368    0 
56200:    1.00    0.132    0.006 0.150    0.023   -1003348    0 
56300:    1.00    0.209    0.006 0.150    0.024   -1003968    0 
56400:    1.00    0.194    0.006 0.150    0.024   -1003508    0 
56500:    1.00    0.152    0.006 0.150    0.024   -1003547    0 
56600:    1.00    0.276    0.006 0.151    0.024   -1003287    0 
56700:    1.00    0.168    0.006 0.151    0.024   -1003820    0 
56800:    1.00    0.211    0.006 0.152    0.024   -1003419    0 
56900:    1.00    0.221    0.006 0.152    0.024   -1003614    0 

--------------------------------------------
Proportion of membership of each pre-defined
 population in each of the 2 clusters

Given    Inferred Clusters       Number of
 Pop       1      2             Individuals

  1:     0.745  0.255              23
--------------------------------------------

 Rep#:   Lambda   Alpha      F1    F2     D1,2    Ln Like  Est Ln P(D)
57000:    1.00    0.186    0.006 0.152    0.024   -1003354    0 
57100:    1.00    0.283    0.006 0.152    0.024   -1003449    0 
57200:    1.00    0.273    0.006 0.152    0.024   -1003486    0 
57300:    1.00    0.096    0.006 0.151    0.024   -1003325    0 
57400:    1.00    0.180    0.006 0.151    0.024   -1003348    0 
57500:    1.00    0.297    0.006 0.151    0.024   -1003350    0 
57600:    1.00    0.279    0.006 0.153    0.024   -1003472    0 
57700:    1.00    0.173    0.006 0.149    0.024   -1003425    0 
57800:    1.00    0.312    0.006 0.149    0.023   -1003480    0 
57900:    1.00    0.236    0.006 0.150    0.023   -1003360    0 

--------------------------------------------
Proportion of membership of each pre-defined
 population in each of the 2 clusters

Given    Inferred Clusters       Number of
 Pop       1      2             Individuals

  1:     0.748  0.252              23
--------------------------------------------

 Rep#:   Lambda   Alpha      F1    F2     D1,2    Ln Like  Est Ln P(D)
58000:    1.00    0.166    0.006 0.149    0.023   -1003487    0 
58100:    1.00    0.097    0.006 0.151    0.023   -1003057    0 
58200:    1.00    0.303    0.006 0.151    0.023   -1003899    0 
58300:    1.00    0.193    0.006 0.150    0.024   -1003412    0 
58400:    1.00    0.158    0.006 0.150    0.024   -1003407    0 
58500:    1.00    0.215    0.006 0.151    0.023   -1003648    0 
58600:    1.00    0.120    0.006 0.150    0.024   -1003298    0 
58700:    1.00    0.155    0.006 0.151    0.023   -1003288    0 
58800:    1.00    0.138    0.006 0.151    0.023   -1003393    0 
58900:    1.00    0.283    0.006 0.152    0.024   -1003733    0 

--------------------------------------------
Proportion of membership of each pre-defined
 population in each of the 2 clusters

Given    Inferred Clusters       Number of
 Pop       1      2             Individuals

  1:     0.744  0.256              23
--------------------------------------------

 Rep#:   Lambda   Alpha      F1    F2     D1,2    Ln Like  Est Ln P(D)
59000:    1.00    0.126    0.006 0.153    0.024   -1003384    0 
59100:    1.00    0.175    0.006 0.153    0.024   -1003455    0 
59200:    1.00    0.127    0.006 0.150    0.024   -1003708    0 
59300:    1.00    0.167    0.006 0.151    0.024   -1003807    0 
59400:    1.00    0.221    0.006 0.152    0.024   -1003404    0 
59500:    1.00    0.114    0.006 0.151    0.023   -1003766    0 
59600:    1.00    0.172    0.006 0.153    0.024   -1003440    0 
59700:    1.00    0.251    0.006 0.153    0.024   -1003818    0 
59800:    1.00    0.221    0.006 0.154    0.024   -1003773    0 
59900:    1.00    0.243    0.006 0.154    0.024   -1003753    0 
60000:    1.00    0.214    0.006 0.155    0.024   -1003795    0 

MCMC completed

Inferred ancestry of individuals:
        Label (%Miss) Pop:  Inferred clusters
  1 18160D-09-0    (2)    1 :  0.865 0.135 
  2 18160D-09-0    (4)    1 :  0.832 0.168 
  3 18160D-09-0    (2)    1 :  0.255 0.745 
  4 18160D-09-0    (5)    1 :  0.000 1.000 
  5 18160D-09-0    (4)    1 :  0.100 0.900 
  6 18160D-09-0    (4)    1 :  0.062 0.938 
  7 18160D-09-0    (2)    1 :  0.005 0.995 
  8 18160D-09-0    (4)    1 :  0.876 0.124 
  9 18160D-09-0    (2)    1 :  1.000 0.000 
 10 18160D-09-1    (2)    1 :  1.000 0.000 
 11 18160D-09-1    (2)    1 :  1.000 0.000 
 12 18160D-09-1    (2)    1 :  0.999 0.001 
 13 18160D-09-1    (5)    1 :  0.839 0.161 
 14 18160D-09-1   (18)    1 :  0.833 0.167 
 15 18160D-09-1    (4)    1 :  0.919 0.081 
 16 18160D-09-1    (2)    1 :  1.000 0.000 
 17 18160D-09-1    (2)    1 :  0.869 0.131 
 18 18160D-09-1    (2)    1 :  0.999 0.001 
 19 18160D-09-1    (2)    1 :  0.906 0.094 
 20 18160D-09-2    (5)    1 :  0.938 0.062 
 21 18160D-09-2    (5)    1 :  0.855 0.145 
 22 18160D-09-2    (5)    1 :  0.999 0.001 
 23 18160D-09-2    (2)    1 :  0.902 0.098 

Command line arguments:   structure -D 933054 -K 2 -m mainparams -o k2/populations_k2_run6 
Input File:    populations.str
Output File:   k2/populations_k2_run6_f

Run parameters:
   23 individuals
   50160 loci
   2 populations assumed
   10000 Burn-in period
   50000 Reps
RANDOMIZE turned off

--------------------------------------------
Estimated Ln Prob of Data   = -1030497.6
Mean value of ln likelihood = -1003396.3
Variance of ln likelihood   = 54202.5
Mean value of alpha         = 0.2001

Mean value of Fst_1         = 0.0071
Mean value of Fst_2         = 0.1506


--------------------------------------------
Proportion of membership of each pre-defined
 population in each of the 2 clusters

Given    Inferred Clusters       Number of
 Pop       1      2             Individuals

  1:     0.741  0.259              23
--------------------------------------------
Final results printed to file k2/populations_k2_run6_f

