1        1   (2)      1  : 0.6100 0.0605 0.0000 0.3295
2        2   (4)      1  : 0.7945 0.0730 0.0000 0.1325
3        3   (2)      1  : 0.2894 0.7046 0.0000 0.0060
4        4   (5)      1  : 0.0005 0.9995 0.0000 0.0000
5        5   (4)      1  : 0.0670 0.8745 0.0000 0.0585
6        6   (4)      1  : 0.0765 0.9120 0.0000 0.0115
7        7   (2)      1  : 0.0050 0.9915 0.0000 0.0035
8        8   (4)      1  : 0.9330 0.0395 0.0000 0.0275
9        9   (2)      1  : 0.7178 0.0000 0.1526 0.1296
10       10   (2)      1  : 0.0000 0.0000 1.0000 0.0000
11       11   (2)      1  : 0.7122 0.0000 0.2878 0.0000
12       12   (2)      1  : 0.7470 0.0000 0.1625 0.0905
13       13   (5)      1  : 0.7149 0.0840 0.0000 0.2011
14       14  (18)      1  : 0.9140 0.0790 0.0000 0.0070
15       15   (4)      1  : 0.9640 0.0010 0.0000 0.0350
16       16   (2)      1  : 0.0245 0.0145 0.8380 0.1230
17       17   (2)      1  : 0.9430 0.0505 0.0000 0.0065
18       18   (2)      1  : 0.2540 0.0000 0.0000 0.7460
19       19   (2)      1  : 0.6028 0.0040 0.0000 0.3932
20       20   (5)      1  : 0.9855 0.0000 0.0000 0.0145
21       21   (5)      1  : 0.9290 0.0570 0.0000 0.0140
22       22   (5)      1  : 0.0000 0.0020 0.0000 0.9980
23       23   (2)      1  : 0.6468 0.0030 0.0000 0.3502
