1        1   (2)      1  : 0.1647 0.0391 0.0000 0.1518 0.1004 0.5439
2        2   (4)      1  : 0.8749 0.0765 0.0000 0.0011 0.0410 0.0064
3        3   (2)      1  : 0.1689 0.6914 0.0000 0.0275 0.0309 0.0813
4        4   (5)      1  : 0.0050 0.9946 0.0000 0.0001 0.0001 0.0001
5        5   (4)      1  : 0.0672 0.8533 0.0000 0.0006 0.0479 0.0310
6        6   (4)      1  : 0.0817 0.8948 0.0000 0.0021 0.0120 0.0094
7        7   (2)      1  : 0.0244 0.9640 0.0000 0.0039 0.0027 0.0050
8        8   (4)      1  : 0.3704 0.0353 0.0000 0.0861 0.2447 0.2635
9        9   (2)      1  : 0.0301 0.0000 0.0695 0.7826 0.1176 0.0001
10       10   (2)      1  : 0.0000 0.0000 0.9784 0.0216 0.0000 0.0000
11       11   (2)      1  : 0.0395 0.0000 0.2153 0.7117 0.0006 0.0329
12       12   (2)      1  : 0.0285 0.0000 0.0799 0.6932 0.1035 0.0949
13       13   (5)      1  : 0.7826 0.0855 0.0000 0.0093 0.0648 0.0579
14       14  (18)      1  : 0.8907 0.0795 0.0000 0.0019 0.0113 0.0166
15       15   (4)      1  : 0.9633 0.0021 0.0000 0.0219 0.0093 0.0034
16       16   (2)      1  : 0.0713 0.0041 0.8478 0.0013 0.0453 0.0303
17       17   (2)      1  : 0.7938 0.0499 0.0000 0.0130 0.0239 0.1194
18       18   (2)      1  : 0.1292 0.0000 0.0000 0.3163 0.1798 0.3747
19       19   (2)      1  : 0.7682 0.0060 0.0000 0.0000 0.0038 0.2220
20       20   (5)      1  : 0.4367 0.0018 0.0000 0.0881 0.2262 0.2473
21       21   (5)      1  : 0.9095 0.0620 0.0000 0.0084 0.0077 0.0124
22       22   (5)      1  : 0.0000 0.0000 0.0000 0.0000 1.0000 0.0000
23       23   (2)      1  : 0.8459 0.0064 0.0000 0.0075 0.0153 0.1250
