

----------------------------------------------------
STRUCTURE by Pritchard, Stephens and Donnelly (2000)
     and Falush, Stephens and Pritchard (2003)
       Code by Pritchard, Falush and Hubisz
             Version 2.3.4 (Jul 2012)
----------------------------------------------------


Reading file "mainparams".
datafile is
populations.str
Reading file "extraparams".
Reading file "populations.str".


Data file "populations.str" (truncated) --

Ind:   Label Pop : Genotype_data . . . .
  1: 18160D-09-0    1  :  4   1   3   1   4   1   3  . . . .   2
  1: 18160D-09-0    1  :  4   1   3   1   4   4   4  . . . .   4
  2: 18160D-09-0    1  :  4   1   3   1   4   1   3  . . . .   2
  2: 18160D-09-0    1  :  4   1   3   1   4   4   3  . . . .   4
  3: 18160D-09-0    1  :  4   1   0   0   0   0   3  . . . .   2
  3: 18160D-09-0    1  :  4   3   0   0   0   0   3  . . . .   4
  4: 18160D-09-0    1  :  4   1   3   1   4   1   3  . . . .   2
  4: 18160D-09-0    1  :  4   3   3   1   4   1   3  . . . .   4

      *******   

 22: 18160D-09-2    1  :  4   1   3   1   4   1   3  . . . .   2
 22: 18160D-09-2    1  :  4   3   3   1   4   1   4  . . . .   4
 23: 18160D-09-2    1  :  4   1   3   1   4   1   3  . . . .   2
 23: 18160D-09-2    1  :  4   1   3   1   4   4   4  . . . .   4

Number of alleles per locus: min= 2; ave=2.0; max= 2


--------------------------------------

Finished initialization; starting MCMC 
5000 iterations + 1000 burnin


--------------------------------------------
Proportion of membership of each pre-defined
 population in each of the 3 clusters

Given    Inferred Clusters       Number of
 Pop       1      2      3      Individuals

  1:     0.337  0.332  0.331       23
--------------------------------------------

 Rep#:   Lambda   Alpha      F1    F2    F3     D1,2  D1,3  D2,3    Ln Like 
  100:    1.00    1.359    0.010 0.010 0.010    0.003 0.003 0.003   --  
  200:    1.00    1.962    0.010 0.010 0.010    0.003 0.003 0.003   --  
  300:    1.00    2.669    0.010 0.010 0.010    0.003 0.003 0.003   --  
  400:    1.00    2.817    0.010 0.010 0.010    0.003 0.003 0.003   --  
  500:    1.00    2.496    0.010 0.010 0.010    0.003 0.003 0.003   --  
  600:    1.00    2.242    0.010 0.010 0.010    0.003 0.003 0.003   --  
  700:    1.00    1.975    0.010 0.010 0.010    0.003 0.003 0.003   --  
  800:    1.00    1.532    0.010 0.010 0.011    0.003 0.003 0.003   --  
  900:    1.00    1.007    0.010 0.010 0.011    0.003 0.003 0.003   --  
 1000:    1.00    0.369    0.010 0.010 0.011    0.003 0.003 0.003   --  

BURNIN completed
 Rep#:   Lambda   Alpha      F1    F2    F3     D1,2  D1,3  D2,3    Ln Like  Est Ln P(D)
 1100:    1.00    0.276    0.010 0.010 0.011    0.003 0.003 0.003   -1016547    0 
 1200:    1.00    0.162    0.010 0.010 0.011    0.003 0.003 0.003   -1015526    0 
 1300:    1.00    0.094    0.010 0.010 0.012    0.003 0.004 0.004   -1014182    0 
 1400:    1.00    0.052    0.010 0.010 0.013    0.003 0.004 0.004   -1013525    0 
 1500:    1.00    0.029    0.010 0.011 0.013    0.003 0.004 0.004   -1013473    0 
 1600:    1.00    0.052    0.010 0.011 0.013    0.003 0.004 0.004   -1013175    0 
 1700:    1.00    0.049    0.010 0.011 0.014    0.003 0.004 0.004   -1012895    0 
 1800:    1.00    0.037    0.010 0.012 0.017    0.004 0.005 0.005   -1011505    0 
 1900:    1.00    0.052    0.011 0.012 0.018    0.004 0.005 0.005   -1010962    0 

--------------------------------------------
Proportion of membership of each pre-defined
 population in each of the 3 clusters

Given    Inferred Clusters       Number of
 Pop       1      2      3      Individuals

  1:     0.249  0.529  0.222       23
--------------------------------------------

 Rep#:   Lambda   Alpha      F1    F2    F3     D1,2  D1,3  D2,3    Ln Like  Est Ln P(D)
 2000:    1.00    0.047    0.011 0.012 0.019    0.004 0.005 0.005   -1010264    0 
 2100:    1.00    0.034    0.011 0.013 0.021    0.004 0.005 0.005   -1009842    0 
 2200:    1.00    0.026    0.011 0.013 0.040    0.004 0.008 0.009   -1005164    0 
 2300:    1.00    0.026    0.011 0.013 0.051    0.004 0.010 0.010   -1003237    0 
 2400:    1.00    0.023    0.011 0.013 0.062    0.004 0.012 0.012   -1001496    0 
 2500:    1.00    0.024    0.011 0.014 0.074    0.004 0.014 0.014   -999641    0 
 2600:    1.00    0.032    0.011 0.014 0.084    0.004 0.015 0.015   -998481    0 
 2700:    1.00    0.030    0.011 0.014 0.105    0.004 0.018 0.018   -996894    0 
 2800:    1.00    0.041    0.012 0.014 0.110    0.004 0.019 0.018   -996896    0 
 2900:    1.00    0.046    0.012 0.014 0.117    0.004 0.020 0.020   -996757    0 

--------------------------------------------
Proportion of membership of each pre-defined
 population in each of the 3 clusters

Given    Inferred Clusters       Number of
 Pop       1      2      3      Individuals

  1:     0.245  0.540  0.215       23
--------------------------------------------

 Rep#:   Lambda   Alpha      F1    F2    F3     D1,2  D1,3  D2,3    Ln Like  Est Ln P(D)
 3000:    1.00    0.026    0.012 0.014 0.120    0.004 0.020 0.020   -996303    0 
 3100:    1.00    0.043    0.013 0.014 0.123    0.004 0.021 0.021   -996229    0 
 3200:    1.00    0.033    0.013 0.014 0.124    0.004 0.021 0.020   -996368    0 
 3300:    1.00    0.045    0.013 0.014 0.126    0.004 0.021 0.021   -996044    0 
 3400:    1.00    0.039    0.013 0.014 0.127    0.004 0.022 0.021   -996026    0 
 3500:    1.00    0.076    0.013 0.014 0.126    0.004 0.022 0.021   -996370    0 
 3600:    1.00    0.116    0.013 0.014 0.129    0.004 0.022 0.022   -996234    0 
 3700:    1.00    0.084    0.014 0.014 0.132    0.004 0.023 0.022   -995585    0 
 3800:    1.00    0.050    0.015 0.014 0.133    0.005 0.022 0.022   -995085    0 
 3900:    1.00    0.042    0.015 0.015 0.133    0.005 0.023 0.022   -995052    0 

--------------------------------------------
Proportion of membership of each pre-defined
 population in each of the 3 clusters

Given    Inferred Clusters       Number of
 Pop       1      2      3      Individuals

  1:     0.233  0.550  0.217       23
--------------------------------------------

 Rep#:   Lambda   Alpha      F1    F2    F3     D1,2  D1,3  D2,3    Ln Like  Est Ln P(D)
 4000:    1.00    0.033    0.015 0.015 0.135    0.005 0.023 0.022   -995304    0 
 4100:    1.00    0.067    0.015 0.015 0.134    0.005 0.023 0.022   -995437    0 
 4200:    1.00    0.049    0.015 0.015 0.134    0.005 0.023 0.022   -995360    0 
 4300:    1.00    0.092    0.015 0.015 0.141    0.005 0.024 0.023   -995087    0 
 4400:    1.00    0.072    0.015 0.015 0.141    0.005 0.024 0.023   -995547    0 
 4500:    1.00    0.083    0.015 0.015 0.142    0.005 0.024 0.024   -995842    0 
 4600:    1.00    0.104    0.015 0.015 0.143    0.005 0.024 0.024   -995204    0 
 4700:    1.00    0.090    0.015 0.016 0.145    0.005 0.025 0.024   -994956    0 
 4800:    1.00    0.067    0.015 0.016 0.145    0.005 0.025 0.024   -995053    0 
 4900:    1.00    0.063    0.016 0.016 0.145    0.005 0.025 0.024   -995038    0 

--------------------------------------------
Proportion of membership of each pre-defined
 population in each of the 3 clusters

Given    Inferred Clusters       Number of
 Pop       1      2      3      Individuals

  1:     0.217  0.550  0.232       23
--------------------------------------------

 Rep#:   Lambda   Alpha      F1    F2    F3     D1,2  D1,3  D2,3    Ln Like  Est Ln P(D)
 5000:    1.00    0.091    0.016 0.016 0.147    0.005 0.025 0.024   -994738    0 
 5100:    1.00    0.069    0.016 0.016 0.148    0.005 0.025 0.025   -994748    0 
 5200:    1.00    0.088    0.016 0.017 0.148    0.005 0.025 0.025   -994630    0 
 5300:    1.00    0.087    0.017 0.017 0.148    0.005 0.025 0.025   -994568    0 
 5400:    1.00    0.103    0.017 0.017 0.148    0.005 0.026 0.025   -994423    0 
 5500:    1.00    0.069    0.017 0.017 0.150    0.005 0.026 0.025   -993942    0 
 5600:    1.00    0.066    0.017 0.017 0.151    0.005 0.026 0.025   -994481    0 
 5700:    1.00    0.080    0.017 0.018 0.151    0.005 0.026 0.025   -994104    0 
 5800:    1.00    0.061    0.018 0.018 0.150    0.006 0.025 0.025   -993858    0 
 5900:    1.00    0.033    0.019 0.018 0.149    0.006 0.026 0.025   -993306    0 
 6000:    1.00    0.099    0.020 0.019 0.152    0.006 0.026 0.025   -993079    0 

MCMC completed

Inferred ancestry of individuals:
        Label (%Miss) Pop:  Inferred clusters
  1 18160D-09-0    (2)    1 :  0.036 0.865 0.099 
  2 18160D-09-0    (4)    1 :  0.001 0.942 0.057 
  3 18160D-09-0    (2)    1 :  0.016 0.153 0.831 
  4 18160D-09-0    (5)    1 :  0.000 0.000 0.999 
  5 18160D-09-0    (4)    1 :  0.001 0.069 0.931 
  6 18160D-09-0    (4)    1 :  0.000 0.032 0.967 
  7 18160D-09-0    (2)    1 :  0.000 0.004 0.996 
  8 18160D-09-0    (4)    1 :  0.002 0.962 0.037 
  9 18160D-09-0    (2)    1 :  1.000 0.000 0.000 
 10 18160D-09-1    (2)    1 :  1.000 0.000 0.000 
 11 18160D-09-1    (2)    1 :  0.999 0.000 0.000 
 12 18160D-09-1    (2)    1 :  0.991 0.007 0.003 
 13 18160D-09-1    (5)    1 :  0.003 0.907 0.090 
 14 18160D-09-1   (18)    1 :  0.002 0.946 0.051 
 15 18160D-09-1    (4)    1 :  0.001 0.986 0.013 
 16 18160D-09-1    (2)    1 :  0.999 0.000 0.001 
 17 18160D-09-1    (2)    1 :  0.011 0.906 0.083 
 18 18160D-09-1    (2)    1 :  0.378 0.614 0.009 
 19 18160D-09-1    (2)    1 :  0.002 0.982 0.016 
 20 18160D-09-2    (5)    1 :  0.003 0.990 0.008 
 21 18160D-09-2    (5)    1 :  0.006 0.940 0.054 
 22 18160D-09-2    (5)    1 :  0.001 0.999 0.001 
 23 18160D-09-2    (2)    1 :  0.004 0.974 0.022 

Command line arguments:   structure -D 503753 -K 3 -m mainparams -o k3/populations_k3_run9 
Input File:    populations.str
Output File:   k3/populations_k3_run9_f

Run parameters:
   23 individuals
   50160 loci
   3 populations assumed
   1000 Burn-in period
   5000 Reps
RANDOMIZE turned off

--------------------------------------------
Estimated Ln Prob of Data   = -29457912.6
Mean value of ln likelihood = -1000038.7
Variance of ln likelihood   = 56915747.8
Mean value of alpha         = 0.0683

Mean value of Fst_1         = 0.0134
Mean value of Fst_2         = 0.0142
Mean value of Fst_3         = 0.1011


--------------------------------------------
Proportion of membership of each pre-defined
 population in each of the 3 clusters

Given    Inferred Clusters       Number of
 Pop       1      2      3      Individuals

  1:     0.237  0.534  0.229       23
--------------------------------------------
Final results printed to file k3/populations_k3_run9_f

