

----------------------------------------------------
STRUCTURE by Pritchard, Stephens and Donnelly (2000)
     and Falush, Stephens and Pritchard (2003)
       Code by Pritchard, Falush and Hubisz
             Version 2.3.4 (Jul 2012)
----------------------------------------------------


Reading file "mainparams".
datafile is
populations.str
Reading file "extraparams".
Reading file "populations.str".


Data file "populations.str" (truncated) --

Ind:   Label Pop : Genotype_data . . . .
  1: 18160D-09-0    1  :  4   1   3   1   4   1   3  . . . .   2
  1: 18160D-09-0    1  :  4   1   3   1   4   4   4  . . . .   4
  2: 18160D-09-0    1  :  4   1   3   1   4   1   3  . . . .   2
  2: 18160D-09-0    1  :  4   1   3   1   4   4   3  . . . .   4
  3: 18160D-09-0    1  :  4   1   0   0   0   0   3  . . . .   2
  3: 18160D-09-0    1  :  4   3   0   0   0   0   3  . . . .   4
  4: 18160D-09-0    1  :  4   1   3   1   4   1   3  . . . .   2
  4: 18160D-09-0    1  :  4   3   3   1   4   1   3  . . . .   4

      *******   

 22: 18160D-09-2    1  :  4   1   3   1   4   1   3  . . . .   2
 22: 18160D-09-2    1  :  4   3   3   1   4   1   4  . . . .   4
 23: 18160D-09-2    1  :  4   1   3   1   4   1   3  . . . .   2
 23: 18160D-09-2    1  :  4   1   3   1   4   4   4  . . . .   4

Number of alleles per locus: min= 2; ave=2.0; max= 2


--------------------------------------

Finished initialization; starting MCMC 
5000 iterations + 1000 burnin


--------------------------------------------
Proportion of membership of each pre-defined
 population in each of the 3 clusters

Given    Inferred Clusters       Number of
 Pop       1      2      3      Individuals

  1:     0.335  0.327  0.338       23
--------------------------------------------

 Rep#:   Lambda   Alpha      F1    F2    F3     D1,2  D1,3  D2,3    Ln Like 
  100:    1.00    1.376    0.010 0.010 0.010    0.003 0.003 0.003   --  
  200:    1.00    1.650    0.010 0.010 0.010    0.003 0.003 0.003   --  
  300:    1.00    1.923    0.010 0.010 0.010    0.003 0.003 0.003   --  
  400:    1.00    2.263    0.010 0.010 0.010    0.003 0.003 0.003   --  
  500:    1.00    2.329    0.010 0.010 0.010    0.003 0.003 0.003   --  
  600:    1.00    2.379    0.010 0.010 0.010    0.003 0.003 0.003   --  
  700:    1.00    2.440    0.010 0.010 0.010    0.003 0.003 0.003   --  
  800:    1.00    2.648    0.010 0.010 0.010    0.003 0.003 0.003   --  
  900:    1.00    2.316    0.010 0.010 0.010    0.003 0.003 0.003   --  
 1000:    1.00    1.842    0.010 0.010 0.010    0.003 0.003 0.003   --  

BURNIN completed
 Rep#:   Lambda   Alpha      F1    F2    F3     D1,2  D1,3  D2,3    Ln Like  Est Ln P(D)
 1100:    1.00    1.521    0.010 0.010 0.010    0.003 0.003 0.003   -1019425    0 
 1200:    1.00    1.019    0.011 0.010 0.010    0.003 0.003 0.003   -1017837    0 
 1300:    1.00    0.517    0.012 0.010 0.010    0.004 0.004 0.003   -1016039    0 
 1400:    1.00    0.241    0.015 0.010 0.010    0.004 0.004 0.003   -1013879    0 
 1500:    1.00    0.085    0.016 0.010 0.011    0.004 0.004 0.003   -1012678    0 
 1600:    1.00    0.028    0.017 0.010 0.011    0.004 0.004 0.003   -1011939    0 
 1700:    1.00    0.032    0.019 0.010 0.011    0.005 0.005 0.003   -1010829    0 
 1800:    1.00    0.025    0.022 0.010 0.012    0.005 0.006 0.004   -1009354    0 
 1900:    1.00    0.023    0.025 0.010 0.013    0.006 0.006 0.004   -1009386    0 

--------------------------------------------
Proportion of membership of each pre-defined
 population in each of the 3 clusters

Given    Inferred Clusters       Number of
 Pop       1      2      3      Individuals

  1:     0.224  0.557  0.220       23
--------------------------------------------

 Rep#:   Lambda   Alpha      F1    F2    F3     D1,2  D1,3  D2,3    Ln Like  Est Ln P(D)
 2000:    1.00    0.027    0.032 0.011 0.013    0.007 0.007 0.004   -1006850    0 
 2100:    1.00    0.019    0.038 0.011 0.014    0.008 0.009 0.004   -1004967    0 
 2200:    1.00    0.020    0.069 0.011 0.014    0.013 0.013 0.004   -1000276    0 
 2300:    1.00    0.023    0.077 0.011 0.014    0.014 0.015 0.004   -999093    0 
 2400:    1.00    0.018    0.091 0.011 0.014    0.016 0.017 0.004   -997401    0 
 2500:    1.00    0.030    0.102 0.011 0.016    0.017 0.018 0.004   -996327    0 
 2600:    1.00    0.028    0.107 0.012 0.016    0.018 0.019 0.004   -996156    0 
 2700:    1.00    0.022    0.116 0.012 0.016    0.019 0.020 0.004   -996222    0 
 2800:    1.00    0.020    0.118 0.012 0.016    0.020 0.021 0.004   -995616    0 
 2900:    1.00    0.033    0.118 0.012 0.016    0.020 0.021 0.005   -995559    0 

--------------------------------------------
Proportion of membership of each pre-defined
 population in each of the 3 clusters

Given    Inferred Clusters       Number of
 Pop       1      2      3      Individuals

  1:     0.218  0.563  0.219       23
--------------------------------------------

 Rep#:   Lambda   Alpha      F1    F2    F3     D1,2  D1,3  D2,3    Ln Like  Est Ln P(D)
 3000:    1.00    0.039    0.122 0.012 0.016    0.020 0.021 0.005   -995373    0 
 3100:    1.00    0.033    0.122 0.012 0.016    0.020 0.021 0.005   -995296    0 
 3200:    1.00    0.034    0.123 0.012 0.018    0.020 0.022 0.005   -995229    0 
 3300:    1.00    0.024    0.125 0.012 0.018    0.021 0.022 0.005   -995060    0 
 3400:    1.00    0.048    0.126 0.012 0.018    0.021 0.022 0.005   -995560    0 
 3500:    1.00    0.025    0.127 0.012 0.019    0.021 0.023 0.005   -994807    0 
 3600:    1.00    0.036    0.128 0.012 0.019    0.021 0.023 0.005   -994367    0 
 3700:    1.00    0.042    0.131 0.013 0.019    0.021 0.023 0.005   -994539    0 
 3800:    1.00    0.053    0.131 0.014 0.020    0.022 0.023 0.005   -994133    0 
 3900:    1.00    0.029    0.133 0.014 0.020    0.022 0.024 0.005   -994309    0 

--------------------------------------------
Proportion of membership of each pre-defined
 population in each of the 3 clusters

Given    Inferred Clusters       Number of
 Pop       1      2      3      Individuals

  1:     0.216  0.567  0.217       23
--------------------------------------------

 Rep#:   Lambda   Alpha      F1    F2    F3     D1,2  D1,3  D2,3    Ln Like  Est Ln P(D)
 4000:    1.00    0.030    0.135 0.014 0.020    0.022 0.024 0.005   -993613    0 
 4100:    1.00    0.058    0.135 0.015 0.020    0.022 0.024 0.005   -994228    0 
 4200:    1.00    0.040    0.134 0.015 0.021    0.022 0.024 0.006   -994074    0 
 4300:    1.00    0.054    0.134 0.015 0.024    0.022 0.025 0.006   -993411    0 
 4400:    1.00    0.051    0.134 0.015 0.025    0.022 0.025 0.006   -992845    0 
 4500:    1.00    0.036    0.133 0.015 0.025    0.022 0.025 0.006   -993116    0 
 4600:    1.00    0.083    0.134 0.015 0.025    0.022 0.025 0.006   -992913    0 
 4700:    1.00    0.090    0.134 0.015 0.026    0.022 0.025 0.007   -993162    0 
 4800:    1.00    0.050    0.138 0.015 0.027    0.023 0.026 0.007   -992680    0 
 4900:    1.00    0.063    0.139 0.015 0.028    0.023 0.026 0.007   -992182    0 

--------------------------------------------
Proportion of membership of each pre-defined
 population in each of the 3 clusters

Given    Inferred Clusters       Number of
 Pop       1      2      3      Individuals

  1:     0.227  0.556  0.217       23
--------------------------------------------

 Rep#:   Lambda   Alpha      F1    F2    F3     D1,2  D1,3  D2,3    Ln Like  Est Ln P(D)
 5000:    1.00    0.049    0.140 0.015 0.028    0.023 0.026 0.007   -992451    0 
 5100:    1.00    0.034    0.141 0.015 0.030    0.023 0.026 0.007   -992235    0 
 5200:    1.00    0.050    0.144 0.015 0.031    0.024 0.027 0.007   -991485    0 
 5300:    1.00    0.054    0.147 0.015 0.034    0.024 0.028 0.008   -991535    0 
 5400:    1.00    0.068    0.149 0.015 0.034    0.024 0.028 0.008   -991228    0 
 5500:    1.00    0.064    0.147 0.015 0.035    0.024 0.028 0.008   -991670    0 
 5600:    1.00    0.059    0.147 0.015 0.035    0.024 0.028 0.008   -991739    0 
 5700:    1.00    0.057    0.147 0.015 0.035    0.024 0.028 0.008   -991342    0 
 5800:    1.00    0.051    0.145 0.015 0.035    0.024 0.028 0.008   -991358    0 
 5900:    1.00    0.069    0.145 0.015 0.041    0.024 0.029 0.009   -990539    0 
 6000:    1.00    0.087    0.145 0.015 0.041    0.024 0.028 0.009   -991010    0 

MCMC completed

Inferred ancestry of individuals:
        Label (%Miss) Pop:  Inferred clusters
  1 18160D-09-0    (2)    1 :  0.115 0.853 0.032 
  2 18160D-09-0    (4)    1 :  0.080 0.917 0.003 
  3 18160D-09-0    (2)    1 :  0.811 0.179 0.010 
  4 18160D-09-0    (5)    1 :  0.996 0.001 0.003 
  5 18160D-09-0    (4)    1 :  0.930 0.067 0.003 
  6 18160D-09-0    (4)    1 :  0.966 0.031 0.003 
  7 18160D-09-0    (2)    1 :  0.997 0.002 0.001 
  8 18160D-09-0    (4)    1 :  0.025 0.968 0.007 
  9 18160D-09-0    (2)    1 :  0.002 0.020 0.978 
 10 18160D-09-1    (2)    1 :  0.002 0.002 0.996 
 11 18160D-09-1    (2)    1 :  0.005 0.005 0.990 
 12 18160D-09-1    (2)    1 :  0.003 0.022 0.975 
 13 18160D-09-1    (5)    1 :  0.062 0.935 0.003 
 14 18160D-09-1   (18)    1 :  0.058 0.935 0.007 
 15 18160D-09-1    (4)    1 :  0.008 0.985 0.006 
 16 18160D-09-1    (2)    1 :  0.007 0.002 0.991 
 17 18160D-09-1    (2)    1 :  0.070 0.921 0.008 
 18 18160D-09-1    (2)    1 :  0.042 0.949 0.009 
 19 18160D-09-1    (2)    1 :  0.017 0.980 0.004 
 20 18160D-09-2    (5)    1 :  0.005 0.988 0.007 
 21 18160D-09-2    (5)    1 :  0.051 0.942 0.007 
 22 18160D-09-2    (5)    1 :  0.002 0.994 0.004 
 23 18160D-09-2    (2)    1 :  0.026 0.963 0.011 

Command line arguments:   structure -D 750764 -K 3 -m mainparams -o k3/populations_k3_run8 
Input File:    populations.str
Output File:   k3/populations_k3_run8_f

Run parameters:
   23 individuals
   50160 loci
   3 populations assumed
   1000 Burn-in period
   5000 Reps
RANDOMIZE turned off

--------------------------------------------
Estimated Ln Prob of Data   = -35564613.9
Mean value of ln likelihood = -998228.9
Variance of ln likelihood   = 69132770.1
Mean value of alpha         = 0.1217

Mean value of Fst_1         = 0.1034
Mean value of Fst_2         = 0.0129
Mean value of Fst_3         = 0.0208


--------------------------------------------
Proportion of membership of each pre-defined
 population in each of the 3 clusters

Given    Inferred Clusters       Number of
 Pop       1      2      3      Individuals

  1:     0.230  0.551  0.220       23
--------------------------------------------
Final results printed to file k3/populations_k3_run8_f

