

----------------------------------------------------
STRUCTURE by Pritchard, Stephens and Donnelly (2000)
     and Falush, Stephens and Pritchard (2003)
       Code by Pritchard, Falush and Hubisz
             Version 2.3.4 (Jul 2012)
----------------------------------------------------


Reading file "mainparams".
datafile is
populations.str
Reading file "extraparams".
Reading file "populations.str".


Data file "populations.str" (truncated) --

Ind:   Label Pop : Genotype_data . . . .
  1: 18160D-09-0    1  :  4   1   3   1   4   1   3  . . . .   2
  1: 18160D-09-0    1  :  4   1   3   1   4   4   4  . . . .   4
  2: 18160D-09-0    1  :  4   1   3   1   4   1   3  . . . .   2
  2: 18160D-09-0    1  :  4   1   3   1   4   4   3  . . . .   4
  3: 18160D-09-0    1  :  4   1   0   0   0   0   3  . . . .   2
  3: 18160D-09-0    1  :  4   3   0   0   0   0   3  . . . .   4
  4: 18160D-09-0    1  :  4   1   3   1   4   1   3  . . . .   2
  4: 18160D-09-0    1  :  4   3   3   1   4   1   3  . . . .   4

      *******   

 22: 18160D-09-2    1  :  4   1   3   1   4   1   3  . . . .   2
 22: 18160D-09-2    1  :  4   3   3   1   4   1   4  . . . .   4
 23: 18160D-09-2    1  :  4   1   3   1   4   1   3  . . . .   2
 23: 18160D-09-2    1  :  4   1   3   1   4   4   4  . . . .   4

Number of alleles per locus: min= 2; ave=2.0; max= 2


--------------------------------------

Finished initialization; starting MCMC 
5000 iterations + 1000 burnin


--------------------------------------------
Proportion of membership of each pre-defined
 population in each of the 3 clusters

Given    Inferred Clusters       Number of
 Pop       1      2      3      Individuals

  1:     0.336  0.335  0.329       23
--------------------------------------------

 Rep#:   Lambda   Alpha      F1    F2    F3     D1,2  D1,3  D2,3    Ln Like 
  100:    1.00    1.319    0.010 0.010 0.010    0.003 0.003 0.003   --  
  200:    1.00    1.352    0.010 0.010 0.010    0.003 0.003 0.003   --  
  300:    1.00    1.587    0.010 0.010 0.010    0.003 0.003 0.003   --  
  400:    1.00    1.960    0.010 0.010 0.010    0.003 0.003 0.003   --  
  500:    1.00    2.097    0.010 0.010 0.010    0.003 0.003 0.003   --  
  600:    1.00    2.378    0.010 0.010 0.010    0.003 0.003 0.003   --  
  700:    1.00    2.148    0.010 0.010 0.010    0.003 0.003 0.003   --  
  800:    1.00    2.511    0.010 0.010 0.010    0.003 0.003 0.003   --  
  900:    1.00    2.463    0.010 0.010 0.010    0.003 0.003 0.003   --  
 1000:    1.00    2.199    0.010 0.010 0.010    0.003 0.003 0.003   --  

BURNIN completed
 Rep#:   Lambda   Alpha      F1    F2    F3     D1,2  D1,3  D2,3    Ln Like  Est Ln P(D)
 1100:    1.00    2.135    0.010 0.010 0.010    0.003 0.003 0.003   -1023618    0 
 1200:    1.00    2.256    0.010 0.010 0.010    0.003 0.003 0.003   -1023406    0 
 1300:    1.00    1.727    0.010 0.010 0.010    0.003 0.003 0.003   -1021770    0 
 1400:    1.00    1.541    0.010 0.010 0.010    0.003 0.003 0.003   -1020777    0 
 1500:    1.00    1.034    0.010 0.010 0.010    0.003 0.003 0.003   -1019816    0 
 1600:    1.00    0.541    0.010 0.010 0.010    0.003 0.003 0.003   -1017552    0 
 1700:    1.00    0.298    0.010 0.010 0.011    0.003 0.003 0.004   -1015914    0 
 1800:    1.00    0.193    0.010 0.011 0.012    0.003 0.003 0.004   -1014792    0 
 1900:    1.00    0.075    0.010 0.011 0.012    0.003 0.003 0.004   -1014311    0 

--------------------------------------------
Proportion of membership of each pre-defined
 population in each of the 3 clusters

Given    Inferred Clusters       Number of
 Pop       1      2      3      Individuals

  1:     0.525  0.225  0.250       23
--------------------------------------------

 Rep#:   Lambda   Alpha      F1    F2    F3     D1,2  D1,3  D2,3    Ln Like  Est Ln P(D)
 2000:    1.00    0.031    0.010 0.011 0.012    0.003 0.003 0.004   -1013830    0 
 2100:    1.00    0.029    0.010 0.011 0.012    0.003 0.003 0.004   -1013975    0 
 2200:    1.00    0.035    0.010 0.011 0.012    0.003 0.003 0.004   -1014053    0 
 2300:    1.00    0.028    0.010 0.011 0.012    0.003 0.003 0.004   -1013994    0 
 2400:    1.00    0.027    0.010 0.011 0.012    0.003 0.004 0.004   -1013074    0 
 2500:    1.00    0.023    0.010 0.011 0.014    0.003 0.004 0.004   -1012521    0 
 2600:    1.00    0.025    0.010 0.012 0.016    0.004 0.004 0.004   -1011310    0 
 2700:    1.00    0.025    0.010 0.013 0.017    0.004 0.004 0.005   -1011098    0 
 2800:    1.00    0.019    0.010 0.013 0.019    0.004 0.005 0.005   -1010307    0 
 2900:    1.00    0.021    0.010 0.013 0.023    0.004 0.005 0.006   -1009099    0 

--------------------------------------------
Proportion of membership of each pre-defined
 population in each of the 3 clusters

Given    Inferred Clusters       Number of
 Pop       1      2      3      Individuals

  1:     0.565  0.217  0.218       23
--------------------------------------------

 Rep#:   Lambda   Alpha      F1    F2    F3     D1,2  D1,3  D2,3    Ln Like  Est Ln P(D)
 3000:    1.00    0.014    0.010 0.014 0.026    0.004 0.006 0.007   -1008045    0 
 3100:    1.00    0.015    0.010 0.014 0.031    0.004 0.007 0.007   -1006857    0 
 3200:    1.00    0.015    0.010 0.014 0.044    0.004 0.009 0.010   -1003856    0 
 3300:    1.00    0.033    0.010 0.014 0.070    0.004 0.013 0.014   -999972    0 
 3400:    1.00    0.024    0.010 0.014 0.088    0.004 0.015 0.016   -998409    0 
 3500:    1.00    0.027    0.010 0.014 0.108    0.004 0.018 0.019   -996692    0 
 3600:    1.00    0.046    0.010 0.015 0.108    0.004 0.018 0.019   -996481    0 
 3700:    1.00    0.033    0.010 0.015 0.109    0.004 0.018 0.019   -996793    0 
 3800:    1.00    0.020    0.010 0.016 0.113    0.004 0.019 0.020   -996245    0 
 3900:    1.00    0.043    0.010 0.019 0.116    0.005 0.019 0.021   -995222    0 

--------------------------------------------
Proportion of membership of each pre-defined
 population in each of the 3 clusters

Given    Inferred Clusters       Number of
 Pop       1      2      3      Individuals

  1:     0.569  0.218  0.214       23
--------------------------------------------

 Rep#:   Lambda   Alpha      F1    F2    F3     D1,2  D1,3  D2,3    Ln Like  Est Ln P(D)
 4000:    1.00    0.039    0.010 0.019 0.120    0.005 0.020 0.022   -995092    0 
 4100:    1.00    0.047    0.011 0.019 0.120    0.005 0.020 0.022   -995311    0 
 4200:    1.00    0.029    0.012 0.019 0.121    0.005 0.020 0.022   -994855    0 
 4300:    1.00    0.044    0.012 0.020 0.121    0.005 0.020 0.022   -994988    0 
 4400:    1.00    0.036    0.012 0.020 0.122    0.005 0.020 0.022   -995077    0 
 4500:    1.00    0.038    0.012 0.020 0.122    0.005 0.020 0.022   -994731    0 
 4600:    1.00    0.051    0.012 0.020 0.122    0.005 0.020 0.022   -994753    0 
 4700:    1.00    0.040    0.012 0.022 0.122    0.005 0.020 0.023   -993756    0 
 4800:    1.00    0.056    0.012 0.024 0.123    0.006 0.020 0.023   -994308    0 
 4900:    1.00    0.046    0.012 0.024 0.124    0.006 0.020 0.023   -994352    0 

--------------------------------------------
Proportion of membership of each pre-defined
 population in each of the 3 clusters

Given    Inferred Clusters       Number of
 Pop       1      2      3      Individuals

  1:     0.564  0.218  0.219       23
--------------------------------------------

 Rep#:   Lambda   Alpha      F1    F2    F3     D1,2  D1,3  D2,3    Ln Like  Est Ln P(D)
 5000:    1.00    0.042    0.012 0.024 0.131    0.006 0.021 0.024   -993946    0 
 5100:    1.00    0.068    0.012 0.024 0.131    0.006 0.021 0.024   -993648    0 
 5200:    1.00    0.101    0.012 0.026 0.131    0.006 0.021 0.024   -993136    0 
 5300:    1.00    0.104    0.012 0.028 0.134    0.006 0.022 0.025   -992421    0 
 5400:    1.00    0.072    0.012 0.028 0.136    0.006 0.022 0.025   -993075    0 
 5500:    1.00    0.064    0.012 0.030 0.137    0.007 0.022 0.026   -992232    0 
 5600:    1.00    0.037    0.012 0.031 0.134    0.007 0.022 0.025   -992548    0 
 5700:    1.00    0.048    0.012 0.031 0.134    0.007 0.022 0.026   -992539    0 
 5800:    1.00    0.046    0.012 0.031 0.136    0.007 0.022 0.026   -992610    0 
 5900:    1.00    0.052    0.012 0.035 0.137    0.007 0.023 0.027   -991282    0 
 6000:    1.00    0.053    0.012 0.037 0.137    0.008 0.022 0.027   -991550    0 

MCMC completed

Inferred ancestry of individuals:
        Label (%Miss) Pop:  Inferred clusters
  1 18160D-09-0    (2)    1 :  0.863 0.021 0.116 
  2 18160D-09-0    (4)    1 :  0.902 0.014 0.084 
  3 18160D-09-0    (2)    1 :  0.151 0.004 0.846 
  4 18160D-09-0    (5)    1 :  0.018 0.002 0.980 
  5 18160D-09-0    (4)    1 :  0.049 0.012 0.939 
  6 18160D-09-0    (4)    1 :  0.035 0.003 0.962 
  7 18160D-09-0    (2)    1 :  0.027 0.004 0.970 
  8 18160D-09-0    (4)    1 :  0.931 0.047 0.022 
  9 18160D-09-0    (2)    1 :  0.015 0.941 0.043 
 10 18160D-09-1    (2)    1 :  0.003 0.995 0.002 
 11 18160D-09-1    (2)    1 :  0.005 0.963 0.032 
 12 18160D-09-1    (2)    1 :  0.007 0.928 0.066 
 13 18160D-09-1    (5)    1 :  0.919 0.023 0.058 
 14 18160D-09-1   (18)    1 :  0.901 0.036 0.063 
 15 18160D-09-1    (4)    1 :  0.943 0.043 0.014 
 16 18160D-09-1    (2)    1 :  0.018 0.978 0.004 
 17 18160D-09-1    (2)    1 :  0.827 0.028 0.145 
 18 18160D-09-1    (2)    1 :  0.919 0.057 0.023 
 19 18160D-09-1    (2)    1 :  0.945 0.034 0.021 
 20 18160D-09-2    (5)    1 :  0.957 0.009 0.034 
 21 18160D-09-2    (5)    1 :  0.852 0.075 0.073 
 22 18160D-09-2    (5)    1 :  0.975 0.024 0.001 
 23 18160D-09-2    (2)    1 :  0.965 0.019 0.016 

Command line arguments:   structure -D 307244 -K 3 -m mainparams -o k3/populations_k3_run2 
Input File:    populations.str
Output File:   k3/populations_k3_run2_f

Run parameters:
   23 individuals
   50160 loci
   3 populations assumed
   1000 Burn-in period
   5000 Reps
RANDOMIZE turned off

--------------------------------------------
Estimated Ln Prob of Data   = -57604609.8
Mean value of ln likelihood = -1003492.8
Variance of ln likelihood   = 113202233.9
Mean value of alpha         = 0.2511

Mean value of Fst_1         = 0.0108
Mean value of Fst_2         = 0.0175
Mean value of Fst_3         = 0.0739


--------------------------------------------
Proportion of membership of each pre-defined
 population in each of the 3 clusters

Given    Inferred Clusters       Number of
 Pop       1      2      3      Individuals

  1:     0.532  0.229  0.240       23
--------------------------------------------
Final results printed to file k3/populations_k3_run2_f

