

----------------------------------------------------
STRUCTURE by Pritchard, Stephens and Donnelly (2000)
     and Falush, Stephens and Pritchard (2003)
       Code by Pritchard, Falush and Hubisz
             Version 2.3.4 (Jul 2012)
----------------------------------------------------


Reading file "mainparams".
datafile is
populations.str
Reading file "extraparams".
Reading file "populations.str".


Data file "populations.str" (truncated) --

Ind:   Label Pop : Genotype_data . . . .
  1: 18160D-09-0    1  :  4   1   3   1   4   1   3  . . . .   2
  1: 18160D-09-0    1  :  4   1   3   1   4   4   4  . . . .   4
  2: 18160D-09-0    1  :  4   1   3   1   4   1   3  . . . .   2
  2: 18160D-09-0    1  :  4   1   3   1   4   4   3  . . . .   4
  3: 18160D-09-0    1  :  4   1   0   0   0   0   3  . . . .   2
  3: 18160D-09-0    1  :  4   3   0   0   0   0   3  . . . .   4
  4: 18160D-09-0    1  :  4   1   3   1   4   1   3  . . . .   2
  4: 18160D-09-0    1  :  4   3   3   1   4   1   3  . . . .   4

      *******   

 22: 18160D-09-2    1  :  4   1   3   1   4   1   3  . . . .   2
 22: 18160D-09-2    1  :  4   3   3   1   4   1   4  . . . .   4
 23: 18160D-09-2    1  :  4   1   3   1   4   1   3  . . . .   2
 23: 18160D-09-2    1  :  4   1   3   1   4   4   4  . . . .   4

Number of alleles per locus: min= 2; ave=2.0; max= 2


--------------------------------------

Finished initialization; starting MCMC 
5000 iterations + 1000 burnin


--------------------------------------------
Proportion of membership of each pre-defined
 population in each of the 3 clusters

Given    Inferred Clusters       Number of
 Pop       1      2      3      Individuals

  1:     0.341  0.326  0.333       23
--------------------------------------------

 Rep#:   Lambda   Alpha      F1    F2    F3     D1,2  D1,3  D2,3    Ln Like 
  100:    1.00    1.486    0.010 0.010 0.010    0.003 0.003 0.003   --  
  200:    1.00    2.041    0.010 0.010 0.010    0.003 0.003 0.003   --  
  300:    1.00    2.224    0.010 0.010 0.010    0.003 0.003 0.003   --  
  400:    1.00    2.736    0.010 0.010 0.010    0.003 0.003 0.003   --  
  500:    1.00    2.801    0.010 0.010 0.010    0.003 0.003 0.003   --  
  600:    1.00    2.889    0.010 0.010 0.010    0.003 0.003 0.003   --  
  700:    1.00    2.894    0.010 0.010 0.010    0.003 0.003 0.003   --  
  800:    1.00    2.783    0.010 0.010 0.010    0.003 0.003 0.003   --  
  900:    1.00    2.744    0.010 0.010 0.010    0.003 0.003 0.003   --  
 1000:    1.00    2.363    0.010 0.010 0.010    0.003 0.003 0.003   --  

BURNIN completed
 Rep#:   Lambda   Alpha      F1    F2    F3     D1,2  D1,3  D2,3    Ln Like  Est Ln P(D)
 1100:    1.00    1.960    0.010 0.010 0.010    0.003 0.003 0.003   -1022244    0 
 1200:    1.00    1.653    0.010 0.011 0.010    0.003 0.003 0.003   -1021208    0 
 1300:    1.00    0.767    0.010 0.011 0.010    0.003 0.003 0.003   -1020700    0 
 1400:    1.00    0.508    0.010 0.012 0.010    0.003 0.003 0.004   -1019826    0 
 1500:    1.00    0.426    0.010 0.012 0.010    0.003 0.003 0.003   -1018904    0 
 1600:    1.00    0.215    0.010 0.013 0.010    0.004 0.003 0.004   -1018389    0 
 1700:    1.00    0.254    0.010 0.013 0.010    0.004 0.003 0.004   -1018093    0 
 1800:    1.00    0.128    0.010 0.015 0.010    0.004 0.003 0.004   -1016924    0 
 1900:    1.00    0.143    0.010 0.016 0.011    0.004 0.003 0.004   -1016728    0 

--------------------------------------------
Proportion of membership of each pre-defined
 population in each of the 3 clusters

Given    Inferred Clusters       Number of
 Pop       1      2      3      Individuals

  1:     0.435  0.359  0.206       23
--------------------------------------------

 Rep#:   Lambda   Alpha      F1    F2    F3     D1,2  D1,3  D2,3    Ln Like  Est Ln P(D)
 2000:    1.00    0.161    0.010 0.017 0.011    0.004 0.003 0.005   -1015150    0 
 2100:    1.00    0.080    0.010 0.019 0.011    0.004 0.003 0.005   -1015488    0 
 2200:    1.00    0.078    0.010 0.019 0.012    0.005 0.003 0.005   -1014126    0 
 2300:    1.00    0.074    0.010 0.020 0.012    0.005 0.004 0.005   -1012767    0 
 2400:    1.00    0.057    0.010 0.030 0.012    0.006 0.003 0.007   -1009514    0 
 2500:    1.00    0.040    0.010 0.030 0.012    0.006 0.004 0.007   -1009805    0 
 2600:    1.00    0.044    0.010 0.052 0.012    0.010 0.004 0.010   -1005055    0 
 2700:    1.00    0.032    0.010 0.077 0.012    0.014 0.004 0.014   -1001430    0 
 2800:    1.00    0.036    0.011 0.087 0.012    0.015 0.004 0.016   -999657    0 
 2900:    1.00    0.051    0.011 0.092 0.012    0.016 0.004 0.016   -999093    0 

--------------------------------------------
Proportion of membership of each pre-defined
 population in each of the 3 clusters

Given    Inferred Clusters       Number of
 Pop       1      2      3      Individuals

  1:     0.524  0.245  0.231       23
--------------------------------------------

 Rep#:   Lambda   Alpha      F1    F2    F3     D1,2  D1,3  D2,3    Ln Like  Est Ln P(D)
 3000:    1.00    0.074    0.011 0.106 0.012    0.018 0.004 0.018   -998355    0 
 3100:    1.00    0.056    0.011 0.111 0.013    0.019 0.004 0.019   -997869    0 
 3200:    1.00    0.044    0.011 0.117 0.013    0.019 0.004 0.020   -997076    0 
 3300:    1.00    0.058    0.011 0.118 0.013    0.019 0.004 0.020   -997436    0 
 3400:    1.00    0.096    0.011 0.121 0.013    0.020 0.004 0.021   -996524    0 
 3500:    1.00    0.051    0.011 0.126 0.013    0.021 0.004 0.021   -996573    0 
 3600:    1.00    0.056    0.011 0.126 0.014    0.021 0.004 0.022   -996583    0 
 3700:    1.00    0.071    0.011 0.129 0.014    0.021 0.004 0.022   -996090    0 
 3800:    1.00    0.077    0.011 0.131 0.014    0.021 0.004 0.022   -996369    0 
 3900:    1.00    0.036    0.011 0.131 0.014    0.021 0.004 0.022   -995868    0 

--------------------------------------------
Proportion of membership of each pre-defined
 population in each of the 3 clusters

Given    Inferred Clusters       Number of
 Pop       1      2      3      Individuals

  1:     0.555  0.227  0.218       23
--------------------------------------------

 Rep#:   Lambda   Alpha      F1    F2    F3     D1,2  D1,3  D2,3    Ln Like  Est Ln P(D)
 4000:    1.00    0.028    0.011 0.131 0.014    0.021 0.004 0.022   -996198    0 
 4100:    1.00    0.044    0.011 0.133 0.015    0.021 0.004 0.023   -995637    0 
 4200:    1.00    0.064    0.011 0.134 0.015    0.022 0.004 0.023   -995887    0 
 4300:    1.00    0.051    0.011 0.135 0.015    0.022 0.004 0.023   -995570    0 
 4400:    1.00    0.046    0.011 0.136 0.017    0.022 0.004 0.024   -995005    0 
 4500:    1.00    0.063    0.011 0.138 0.017    0.022 0.004 0.024   -995336    0 
 4600:    1.00    0.058    0.012 0.138 0.018    0.023 0.005 0.024   -994917    0 
 4700:    1.00    0.040    0.012 0.137 0.018    0.022 0.005 0.024   -994995    0 
 4800:    1.00    0.044    0.012 0.139 0.020    0.022 0.005 0.024   -994875    0 
 4900:    1.00    0.065    0.013 0.138 0.020    0.023 0.005 0.024   -994460    0 

--------------------------------------------
Proportion of membership of each pre-defined
 population in each of the 3 clusters

Given    Inferred Clusters       Number of
 Pop       1      2      3      Individuals

  1:     0.560  0.223  0.217       23
--------------------------------------------

 Rep#:   Lambda   Alpha      F1    F2    F3     D1,2  D1,3  D2,3    Ln Like  Est Ln P(D)
 5000:    1.00    0.042    0.013 0.137 0.020    0.022 0.005 0.024   -994215    0 
 5100:    1.00    0.072    0.013 0.137 0.022    0.022 0.006 0.024   -993934    0 
 5200:    1.00    0.045    0.013 0.141 0.024    0.023 0.006 0.025   -993148    0 
 5300:    1.00    0.046    0.014 0.141 0.024    0.023 0.006 0.025   -993705    0 
 5400:    1.00    0.044    0.014 0.142 0.024    0.023 0.006 0.026   -993038    0 
 5500:    1.00    0.042    0.014 0.143 0.026    0.023 0.006 0.026   -992938    0 
 5600:    1.00    0.039    0.014 0.143 0.026    0.023 0.006 0.026   -992682    0 
 5700:    1.00    0.027    0.014 0.143 0.028    0.023 0.007 0.026   -992425    0 
 5800:    1.00    0.053    0.014 0.143 0.028    0.023 0.007 0.026   -992447    0 
 5900:    1.00    0.056    0.014 0.145 0.028    0.024 0.007 0.027   -992637    0 
 6000:    1.00    0.028    0.014 0.144 0.028    0.024 0.007 0.026   -992685    0 

MCMC completed

Inferred ancestry of individuals:
        Label (%Miss) Pop:  Inferred clusters
  1 18160D-09-0    (2)    1 :  0.719 0.191 0.089 
  2 18160D-09-0    (4)    1 :  0.767 0.218 0.015 
  3 18160D-09-0    (2)    1 :  0.152 0.836 0.012 
  4 18160D-09-0    (5)    1 :  0.002 0.992 0.006 
  5 18160D-09-0    (4)    1 :  0.049 0.938 0.014 
  6 18160D-09-0    (4)    1 :  0.022 0.967 0.011 
  7 18160D-09-0    (2)    1 :  0.001 0.990 0.009 
  8 18160D-09-0    (4)    1 :  0.789 0.144 0.067 
  9 18160D-09-0    (2)    1 :  0.269 0.002 0.730 
 10 18160D-09-1    (2)    1 :  0.009 0.000 0.990 
 11 18160D-09-1    (2)    1 :  0.096 0.004 0.900 
 12 18160D-09-1    (2)    1 :  0.150 0.004 0.846 
 13 18160D-09-1    (5)    1 :  0.797 0.197 0.006 
 14 18160D-09-1   (18)    1 :  0.794 0.187 0.019 
 15 18160D-09-1    (4)    1 :  0.944 0.049 0.008 
 16 18160D-09-1    (2)    1 :  0.006 0.001 0.992 
 17 18160D-09-1    (2)    1 :  0.817 0.156 0.026 
 18 18160D-09-1    (2)    1 :  0.717 0.082 0.201 
 19 18160D-09-1    (2)    1 :  0.871 0.115 0.015 
 20 18160D-09-2    (5)    1 :  0.936 0.039 0.026 
 21 18160D-09-2    (5)    1 :  0.852 0.117 0.032 
 22 18160D-09-2    (5)    1 :  0.945 0.010 0.045 
 23 18160D-09-2    (2)    1 :  0.917 0.077 0.007 

Command line arguments:   structure -D 955888 -K 3 -m mainparams -o k3/populations_k3_run1 
Input File:    populations.str
Output File:   k3/populations_k3_run1_f

Run parameters:
   23 individuals
   50160 loci
   3 populations assumed
   1000 Burn-in period
   5000 Reps
RANDOMIZE turned off

--------------------------------------------
Estimated Ln Prob of Data   = -53130910.4
Mean value of ln likelihood = -1002338.3
Variance of ln likelihood   = 104257144.2
Mean value of alpha         = 0.1885

Mean value of Fst_1         = 0.0114
Mean value of Fst_2         = 0.0923
Mean value of Fst_3         = 0.0157


--------------------------------------------
Proportion of membership of each pre-defined
 population in each of the 3 clusters

Given    Inferred Clusters       Number of
 Pop       1      2      3      Individuals

  1:     0.505  0.275  0.220       23
--------------------------------------------
Final results printed to file k3/populations_k3_run1_f

