

----------------------------------------------------
STRUCTURE by Pritchard, Stephens and Donnelly (2000)
     and Falush, Stephens and Pritchard (2003)
       Code by Pritchard, Falush and Hubisz
             Version 2.3.4 (Jul 2012)
----------------------------------------------------


Reading file "mainparams".
datafile is
populations.str
Reading file "extraparams".
Reading file "populations.str".


Data file "populations.str" (truncated) --

Ind:   Label Pop : Genotype_data . . . .
  1: 18160D-09-0    1  :  4   1   3   1   4   1   3  . . . .   2
  1: 18160D-09-0    1  :  4   1   3   1   4   4   4  . . . .   4
  2: 18160D-09-0    1  :  4   1   3   1   4   1   3  . . . .   2
  2: 18160D-09-0    1  :  4   1   3   1   4   4   3  . . . .   4
  3: 18160D-09-0    1  :  4   1   0   0   0   0   3  . . . .   2
  3: 18160D-09-0    1  :  4   3   0   0   0   0   3  . . . .   4
  4: 18160D-09-0    1  :  4   1   3   1   4   1   3  . . . .   2
  4: 18160D-09-0    1  :  4   3   3   1   4   1   3  . . . .   4

      *******   

 22: 18160D-09-2    1  :  4   1   3   1   4   1   3  . . . .   2
 22: 18160D-09-2    1  :  4   3   3   1   4   1   4  . . . .   4
 23: 18160D-09-2    1  :  4   1   3   1   4   1   3  . . . .   2
 23: 18160D-09-2    1  :  4   1   3   1   4   4   4  . . . .   4

Number of alleles per locus: min= 2; ave=2.0; max= 2


--------------------------------------

Finished initialization; starting MCMC 
5000 iterations + 1000 burnin


--------------------------------------------
Proportion of membership of each pre-defined
 population in each of the 3 clusters

Given    Inferred Clusters       Number of
 Pop       1      2      3      Individuals

  1:     0.334  0.327  0.339       23
--------------------------------------------

 Rep#:   Lambda   Alpha      F1    F2    F3     D1,2  D1,3  D2,3    Ln Like 
  100:    1.00    1.683    0.010 0.010 0.010    0.003 0.003 0.003   --  
  200:    1.00    1.989    0.010 0.010 0.010    0.003 0.003 0.003   --  
  300:    1.00    2.049    0.010 0.010 0.010    0.003 0.003 0.003   --  
  400:    1.00    2.371    0.010 0.010 0.010    0.003 0.003 0.003   --  
  500:    1.00    2.421    0.010 0.010 0.010    0.003 0.003 0.003   --  
  600:    1.00    1.816    0.010 0.010 0.010    0.003 0.003 0.003   --  
  700:    1.00    1.828    0.010 0.010 0.010    0.003 0.003 0.003   --  
  800:    1.00    1.497    0.010 0.010 0.010    0.003 0.003 0.003   --  
  900:    1.00    0.803    0.010 0.010 0.010    0.003 0.003 0.003   --  
 1000:    1.00    0.446    0.011 0.010 0.010    0.003 0.003 0.003   --  

BURNIN completed
 Rep#:   Lambda   Alpha      F1    F2    F3     D1,2  D1,3  D2,3    Ln Like  Est Ln P(D)
 1100:    1.00    0.267    0.011 0.011 0.010    0.003 0.003 0.003   -1016187    0 
 1200:    1.00    0.135    0.011 0.011 0.010    0.003 0.003 0.003   -1014495    0 
 1300:    1.00    0.026    0.011 0.012 0.010    0.004 0.003 0.003   -1013793    0 
 1400:    1.00    0.026    0.011 0.015 0.010    0.004 0.003 0.004   -1012458    0 
 1500:    1.00    0.030    0.012 0.018 0.010    0.005 0.003 0.004   -1011078    0 
 1600:    1.00    0.024    0.012 0.021 0.010    0.005 0.003 0.005   -1010438    0 
 1700:    1.00    0.015    0.012 0.023 0.010    0.006 0.003 0.005   -1009229    0 
 1800:    1.00    0.029    0.012 0.038 0.010    0.008 0.003 0.008   -1006037    0 
 1900:    1.00    0.020    0.012 0.063 0.010    0.012 0.003 0.012   -1001629    0 

--------------------------------------------
Proportion of membership of each pre-defined
 population in each of the 3 clusters

Given    Inferred Clusters       Number of
 Pop       1      2      3      Individuals

  1:     0.217  0.217  0.565       23
--------------------------------------------

 Rep#:   Lambda   Alpha      F1    F2    F3     D1,2  D1,3  D2,3    Ln Like  Est Ln P(D)
 2000:    1.00    0.016    0.012 0.068 0.010    0.013 0.003 0.012   -1000996    0 
 2100:    1.00    0.023    0.012 0.093 0.010    0.016 0.004 0.016   -998125    0 
 2200:    1.00    0.025    0.013 0.102 0.010    0.018 0.004 0.017   -997474    0 
 2300:    1.00    0.022    0.013 0.102 0.010    0.018 0.004 0.017   -997799    0 
 2400:    1.00    0.029    0.013 0.106 0.010    0.019 0.004 0.018   -997516    0 
 2500:    1.00    0.019    0.013 0.112 0.010    0.020 0.004 0.019   -997246    0 
 2600:    1.00    0.021    0.013 0.115 0.010    0.020 0.004 0.019   -997238    0 
 2700:    1.00    0.026    0.013 0.122 0.010    0.021 0.004 0.020   -996222    0 
 2800:    1.00    0.031    0.013 0.125 0.011    0.021 0.004 0.020   -996200    0 
 2900:    1.00    0.034    0.014 0.124 0.011    0.021 0.004 0.020   -995879    0 

--------------------------------------------
Proportion of membership of each pre-defined
 population in each of the 3 clusters

Given    Inferred Clusters       Number of
 Pop       1      2      3      Individuals

  1:     0.217  0.215  0.567       23
--------------------------------------------

 Rep#:   Lambda   Alpha      F1    F2    F3     D1,2  D1,3  D2,3    Ln Like  Est Ln P(D)
 3000:    1.00    0.025    0.015 0.128 0.011    0.022 0.004 0.021   -995560    0 
 3100:    1.00    0.032    0.015 0.128 0.011    0.022 0.004 0.020   -995602    0 
 3200:    1.00    0.042    0.015 0.127 0.011    0.022 0.004 0.020   -995875    0 
 3300:    1.00    0.039    0.015 0.126 0.011    0.022 0.004 0.021   -996021    0 
 3400:    1.00    0.032    0.015 0.131 0.011    0.022 0.004 0.021   -995375    0 
 3500:    1.00    0.062    0.016 0.131 0.011    0.023 0.004 0.021   -995625    0 
 3600:    1.00    0.030    0.016 0.131 0.011    0.022 0.004 0.021   -995728    0 
 3700:    1.00    0.054    0.017 0.134 0.011    0.023 0.004 0.022   -995137    0 
 3800:    1.00    0.038    0.017 0.134 0.011    0.023 0.004 0.022   -995464    0 
 3900:    1.00    0.047    0.018 0.134 0.011    0.023 0.005 0.022   -995008    0 

--------------------------------------------
Proportion of membership of each pre-defined
 population in each of the 3 clusters

Given    Inferred Clusters       Number of
 Pop       1      2      3      Individuals

  1:     0.217  0.230  0.553       23
--------------------------------------------

 Rep#:   Lambda   Alpha      F1    F2    F3     D1,2  D1,3  D2,3    Ln Like  Est Ln P(D)
 4000:    1.00    0.031    0.018 0.138 0.011    0.024 0.005 0.022   -994728    0 
 4100:    1.00    0.050    0.019 0.139 0.011    0.024 0.005 0.023   -994913    0 
 4200:    1.00    0.043    0.022 0.138 0.011    0.024 0.005 0.022   -993871    0 
 4300:    1.00    0.039    0.022 0.137 0.011    0.024 0.005 0.022   -994064    0 
 4400:    1.00    0.039    0.022 0.139 0.011    0.025 0.005 0.022   -994258    0 
 4500:    1.00    0.059    0.022 0.136 0.011    0.024 0.005 0.022   -994414    0 
 4600:    1.00    0.033    0.023 0.138 0.011    0.025 0.005 0.022   -993839    0 
 4700:    1.00    0.041    0.025 0.139 0.011    0.025 0.006 0.022   -994075    0 
 4800:    1.00    0.038    0.026 0.138 0.011    0.025 0.006 0.022   -993824    0 
 4900:    1.00    0.059    0.029 0.139 0.011    0.026 0.006 0.023   -992556    0 

--------------------------------------------
Proportion of membership of each pre-defined
 population in each of the 3 clusters

Given    Inferred Clusters       Number of
 Pop       1      2      3      Individuals

  1:     0.217  0.226  0.556       23
--------------------------------------------

 Rep#:   Lambda   Alpha      F1    F2    F3     D1,2  D1,3  D2,3    Ln Like  Est Ln P(D)
 5000:    1.00    0.050    0.031 0.139 0.011    0.026 0.007 0.022   -992742    0 
 5100:    1.00    0.042    0.032 0.139 0.011    0.027 0.007 0.023   -992520    0 
 5200:    1.00    0.053    0.037 0.142 0.011    0.028 0.008 0.023   -991416    0 
 5300:    1.00    0.090    0.038 0.143 0.011    0.028 0.008 0.023   -991229    0 
 5400:    1.00    0.064    0.039 0.141 0.011    0.028 0.008 0.023   -991395    0 
 5500:    1.00    0.054    0.040 0.143 0.011    0.028 0.008 0.023   -990833    0 
 5600:    1.00    0.071    0.040 0.142 0.011    0.028 0.008 0.023   -991159    0 
 5700:    1.00    0.089    0.040 0.143 0.011    0.028 0.008 0.023   -991186    0 
 5800:    1.00    0.041    0.044 0.143 0.011    0.029 0.009 0.023   -990437    0 
 5900:    1.00    0.038    0.044 0.143 0.011    0.029 0.009 0.023   -990904    0 
 6000:    1.00    0.055    0.044 0.140 0.012    0.028 0.009 0.023   -991087    0 

MCMC completed

Inferred ancestry of individuals:
        Label (%Miss) Pop:  Inferred clusters
  1 18160D-09-0    (2)    1 :  0.003 0.056 0.940 
  2 18160D-09-0    (4)    1 :  0.003 0.057 0.940 
  3 18160D-09-0    (2)    1 :  0.000 0.806 0.194 
  4 18160D-09-0    (5)    1 :  0.000 1.000 0.000 
  5 18160D-09-0    (4)    1 :  0.002 0.943 0.055 
  6 18160D-09-0    (4)    1 :  0.000 0.980 0.020 
  7 18160D-09-0    (2)    1 :  0.000 0.999 0.001 
  8 18160D-09-0    (4)    1 :  0.001 0.030 0.969 
  9 18160D-09-0    (2)    1 :  0.983 0.003 0.014 
 10 18160D-09-1    (2)    1 :  1.000 0.000 0.000 
 11 18160D-09-1    (2)    1 :  0.998 0.000 0.002 
 12 18160D-09-1    (2)    1 :  0.993 0.001 0.006 
 13 18160D-09-1    (5)    1 :  0.004 0.068 0.927 
 14 18160D-09-1   (18)    1 :  0.000 0.056 0.943 
 15 18160D-09-1    (4)    1 :  0.001 0.001 0.998 
 16 18160D-09-1    (2)    1 :  1.000 0.000 0.000 
 17 18160D-09-1    (2)    1 :  0.002 0.045 0.953 
 18 18160D-09-1    (2)    1 :  0.001 0.000 0.999 
 19 18160D-09-1    (2)    1 :  0.000 0.026 0.973 
 20 18160D-09-2    (5)    1 :  0.001 0.007 0.992 
 21 18160D-09-2    (5)    1 :  0.002 0.071 0.927 
 22 18160D-09-2    (5)    1 :  0.041 0.001 0.958 
 23 18160D-09-2    (2)    1 :  0.001 0.006 0.994 

Command line arguments:   structure -D 842316 -K 3 -m mainparams -o k3/populations_k3_run4 
Input File:    populations.str
Output File:   k3/populations_k3_run4_f

Run parameters:
   23 individuals
   50160 loci
   3 populations assumed
   1000 Burn-in period
   5000 Reps
RANDOMIZE turned off

--------------------------------------------
Estimated Ln Prob of Data   = -25770400.3
Mean value of ln likelihood = -997658.6
Variance of ln likelihood   = 49545483.5
Mean value of alpha         = 0.0498

Mean value of Fst_1         = 0.0206
Mean value of Fst_2         = 0.1093
Mean value of Fst_3         = 0.0108


--------------------------------------------
Proportion of membership of each pre-defined
 population in each of the 3 clusters

Given    Inferred Clusters       Number of
 Pop       1      2      3      Individuals

  1:     0.219  0.224  0.557       23
--------------------------------------------
Final results printed to file k3/populations_k3_run4_f

