

----------------------------------------------------
STRUCTURE by Pritchard, Stephens and Donnelly (2000)
     and Falush, Stephens and Pritchard (2003)
       Code by Pritchard, Falush and Hubisz
             Version 2.3.4 (Jul 2012)
----------------------------------------------------


Reading file "mainparams".
datafile is
populations.str
Reading file "extraparams".
Reading file "populations.str".


Data file "populations.str" (truncated) --

Ind:   Label Pop : Genotype_data . . . .
  1: 18160D-09-0    1  :  4   1   3   1   4   1   3  . . . .   2
  1: 18160D-09-0    1  :  4   1   3   1   4   4   4  . . . .   4
  2: 18160D-09-0    1  :  4   1   3   1   4   1   3  . . . .   2
  2: 18160D-09-0    1  :  4   1   3   1   4   4   3  . . . .   4
  3: 18160D-09-0    1  :  4   1   0   0   0   0   3  . . . .   2
  3: 18160D-09-0    1  :  4   3   0   0   0   0   3  . . . .   4
  4: 18160D-09-0    1  :  4   1   3   1   4   1   3  . . . .   2
  4: 18160D-09-0    1  :  4   3   3   1   4   1   3  . . . .   4

      *******   

 22: 18160D-09-2    1  :  4   1   3   1   4   1   3  . . . .   2
 22: 18160D-09-2    1  :  4   3   3   1   4   1   4  . . . .   4
 23: 18160D-09-2    1  :  4   1   3   1   4   1   3  . . . .   2
 23: 18160D-09-2    1  :  4   1   3   1   4   4   4  . . . .   4

Number of alleles per locus: min= 2; ave=2.0; max= 2


--------------------------------------

Finished initialization; starting MCMC 
5000 iterations + 1000 burnin


--------------------------------------------
Proportion of membership of each pre-defined
 population in each of the 3 clusters

Given    Inferred Clusters       Number of
 Pop       1      2      3      Individuals

  1:     0.331  0.332  0.337       23
--------------------------------------------

 Rep#:   Lambda   Alpha      F1    F2    F3     D1,2  D1,3  D2,3    Ln Like 
  100:    1.00    1.556    0.010 0.010 0.010    0.003 0.003 0.003   --  
  200:    1.00    1.831    0.010 0.010 0.010    0.003 0.003 0.003   --  
  300:    1.00    1.759    0.010 0.010 0.010    0.003 0.003 0.003   --  
  400:    1.00    2.224    0.010 0.010 0.010    0.003 0.003 0.003   --  
  500:    1.00    2.598    0.010 0.010 0.010    0.003 0.003 0.003   --  
  600:    1.00    2.273    0.010 0.010 0.010    0.003 0.003 0.003   --  
  700:    1.00    2.336    0.010 0.010 0.010    0.003 0.003 0.003   --  
  800:    1.00    2.243    0.010 0.010 0.010    0.003 0.003 0.003   --  
  900:    1.00    2.127    0.010 0.010 0.010    0.003 0.003 0.003   --  
 1000:    1.00    1.667    0.011 0.010 0.010    0.003 0.003 0.003   --  

BURNIN completed
 Rep#:   Lambda   Alpha      F1    F2    F3     D1,2  D1,3  D2,3    Ln Like  Est Ln P(D)
 1100:    1.00    1.713    0.011 0.010 0.010    0.003 0.003 0.003   -1021229    0 
 1200:    1.00    1.132    0.011 0.010 0.010    0.003 0.003 0.003   -1020318    0 
 1300:    1.00    0.813    0.011 0.010 0.010    0.003 0.003 0.003   -1019649    0 
 1400:    1.00    0.391    0.011 0.010 0.010    0.003 0.003 0.003   -1019201    0 
 1500:    1.00    0.360    0.011 0.010 0.010    0.003 0.003 0.003   -1019003    0 
 1600:    1.00    0.193    0.016 0.010 0.010    0.004 0.004 0.003   -1016698    0 
 1700:    1.00    0.165    0.018 0.010 0.010    0.004 0.004 0.003   -1015643    0 
 1800:    1.00    0.183    0.023 0.011 0.010    0.005 0.005 0.003   -1013993    0 
 1900:    1.00    0.105    0.024 0.011 0.010    0.006 0.005 0.003   -1013449    0 

--------------------------------------------
Proportion of membership of each pre-defined
 population in each of the 3 clusters

Given    Inferred Clusters       Number of
 Pop       1      2      3      Individuals

  1:     0.262  0.348  0.390       23
--------------------------------------------

 Rep#:   Lambda   Alpha      F1    F2    F3     D1,2  D1,3  D2,3    Ln Like  Est Ln P(D)
 2000:    1.00    0.068    0.026 0.011 0.010    0.006 0.006 0.003   -1012787    0 
 2100:    1.00    0.067    0.026 0.011 0.010    0.006 0.006 0.003   -1012605    0 
 2200:    1.00    0.082    0.027 0.011 0.010    0.006 0.006 0.003   -1012058    0 
 2300:    1.00    0.097    0.028 0.011 0.010    0.006 0.006 0.003   -1011860    0 
 2400:    1.00    0.075    0.041 0.011 0.010    0.008 0.008 0.003   -1008586    0 
 2500:    1.00    0.090    0.052 0.011 0.010    0.010 0.010 0.003   -1006147    0 
 2600:    1.00    0.027    0.078 0.011 0.010    0.014 0.014 0.003   -1002025    0 
 2700:    1.00    0.068    0.099 0.011 0.010    0.017 0.016 0.003   -999535    0 
 2800:    1.00    0.047    0.111 0.011 0.010    0.019 0.018 0.003   -998655    0 
 2900:    1.00    0.040    0.113 0.012 0.010    0.019 0.019 0.003   -997778    0 

--------------------------------------------
Proportion of membership of each pre-defined
 population in each of the 3 clusters

Given    Inferred Clusters       Number of
 Pop       1      2      3      Individuals

  1:     0.226  0.361  0.414       23
--------------------------------------------

 Rep#:   Lambda   Alpha      F1    F2    F3     D1,2  D1,3  D2,3    Ln Like  Est Ln P(D)
 3000:    1.00    0.051    0.114 0.012 0.010    0.019 0.019 0.003   -997722    0 
 3100:    1.00    0.067    0.121 0.012 0.010    0.020 0.020 0.004   -997306    0 
 3200:    1.00    0.086    0.122 0.012 0.010    0.020 0.020 0.004   -997523    0 
 3300:    1.00    0.054    0.122 0.012 0.010    0.021 0.020 0.004   -997441    0 
 3400:    1.00    0.035    0.124 0.012 0.011    0.021 0.020 0.004   -997242    0 
 3500:    1.00    0.038    0.127 0.013 0.011    0.021 0.021 0.004   -997107    0 
 3600:    1.00    0.064    0.129 0.013 0.011    0.022 0.021 0.004   -996843    0 
 3700:    1.00    0.043    0.131 0.013 0.011    0.022 0.021 0.004   -996827    0 
 3800:    1.00    0.081    0.131 0.013 0.011    0.022 0.022 0.004   -996574    0 
 3900:    1.00    0.080    0.136 0.013 0.011    0.023 0.022 0.004   -996495    0 

--------------------------------------------
Proportion of membership of each pre-defined
 population in each of the 3 clusters

Given    Inferred Clusters       Number of
 Pop       1      2      3      Individuals

  1:     0.220  0.319  0.461       23
--------------------------------------------

 Rep#:   Lambda   Alpha      F1    F2    F3     D1,2  D1,3  D2,3    Ln Like  Est Ln P(D)
 4000:    1.00    0.054    0.136 0.013 0.011    0.023 0.022 0.004   -997044    0 
 4100:    1.00    0.048    0.139 0.013 0.011    0.023 0.022 0.004   -996646    0 
 4200:    1.00    0.081    0.140 0.013 0.011    0.024 0.023 0.004   -996434    0 
 4300:    1.00    0.044    0.140 0.014 0.011    0.024 0.023 0.004   -996054    0 
 4400:    1.00    0.051    0.146 0.014 0.011    0.024 0.023 0.004   -996042    0 
 4500:    1.00    0.059    0.148 0.014 0.011    0.025 0.024 0.004   -996535    0 
 4600:    1.00    0.075    0.145 0.014 0.011    0.024 0.024 0.004   -996502    0 
 4700:    1.00    0.076    0.147 0.014 0.012    0.025 0.024 0.004   -995488    0 
 4800:    1.00    0.071    0.147 0.014 0.012    0.024 0.024 0.004   -995864    0 
 4900:    1.00    0.083    0.146 0.014 0.012    0.025 0.024 0.004   -996174    0 

--------------------------------------------
Proportion of membership of each pre-defined
 population in each of the 3 clusters

Given    Inferred Clusters       Number of
 Pop       1      2      3      Individuals

  1:     0.214  0.309  0.477       23
--------------------------------------------

 Rep#:   Lambda   Alpha      F1    F2    F3     D1,2  D1,3  D2,3    Ln Like  Est Ln P(D)
 5000:    1.00    0.079    0.148 0.014 0.012    0.025 0.024 0.004   -995522    0 
 5100:    1.00    0.063    0.148 0.014 0.012    0.025 0.024 0.004   -995845    0 
 5200:    1.00    0.042    0.149 0.014 0.012    0.025 0.024 0.004   -995833    0 
 5300:    1.00    0.078    0.147 0.014 0.012    0.024 0.024 0.004   -995941    0 
 5400:    1.00    0.048    0.146 0.014 0.012    0.024 0.024 0.004   -996279    0 
 5500:    1.00    0.030    0.146 0.014 0.012    0.024 0.023 0.004   -995930    0 
 5600:    1.00    0.075    0.147 0.014 0.012    0.024 0.024 0.004   -995762    0 
 5700:    1.00    0.048    0.147 0.014 0.012    0.024 0.024 0.004   -996003    0 
 5800:    1.00    0.046    0.144 0.014 0.012    0.024 0.023 0.004   -995865    0 
 5900:    1.00    0.060    0.145 0.014 0.012    0.024 0.023 0.004   -995893    0 
 6000:    1.00    0.068    0.145 0.014 0.012    0.024 0.023 0.004   -995738    0 

MCMC completed

Inferred ancestry of individuals:
        Label (%Miss) Pop:  Inferred clusters
  1 18160D-09-0    (2)    1 :  0.152 0.314 0.535 
  2 18160D-09-0    (4)    1 :  0.095 0.010 0.896 
  3 18160D-09-0    (2)    1 :  0.828 0.002 0.171 
  4 18160D-09-0    (5)    1 :  0.997 0.001 0.002 
  5 18160D-09-0    (4)    1 :  0.934 0.002 0.064 
  6 18160D-09-0    (4)    1 :  0.961 0.001 0.038 
  7 18160D-09-0    (2)    1 :  0.997 0.000 0.003 
  8 18160D-09-0    (4)    1 :  0.077 0.265 0.658 
  9 18160D-09-0    (2)    1 :  0.002 0.982 0.016 
 10 18160D-09-1    (2)    1 :  0.000 0.839 0.161 
 11 18160D-09-1    (2)    1 :  0.002 0.970 0.028 
 12 18160D-09-1    (2)    1 :  0.005 0.974 0.021 
 13 18160D-09-1    (5)    1 :  0.148 0.057 0.794 
 14 18160D-09-1   (18)    1 :  0.112 0.035 0.853 
 15 18160D-09-1    (4)    1 :  0.014 0.035 0.950 
 16 18160D-09-1    (2)    1 :  0.004 0.736 0.260 
 17 18160D-09-1    (2)    1 :  0.052 0.097 0.851 
 18 18160D-09-1    (2)    1 :  0.017 0.978 0.006 
 19 18160D-09-1    (2)    1 :  0.013 0.017 0.970 
 20 18160D-09-2    (5)    1 :  0.038 0.209 0.753 
 21 18160D-09-2    (5)    1 :  0.046 0.014 0.940 
 22 18160D-09-2    (5)    1 :  0.007 0.908 0.084 
 23 18160D-09-2    (2)    1 :  0.032 0.125 0.843 

Command line arguments:   structure -D 181642 -K 3 -m mainparams -o k3/populations_k3_run3 
Input File:    populations.str
Output File:   k3/populations_k3_run3_f

Run parameters:
   23 individuals
   50160 loci
   3 populations assumed
   1000 Burn-in period
   5000 Reps
RANDOMIZE turned off

--------------------------------------------
Estimated Ln Prob of Data   = -40490748.5
Mean value of ln likelihood = -1002462.7
Variance of ln likelihood   = 78976571.5
Mean value of alpha         = 0.1603

Mean value of Fst_1         = 0.0996
Mean value of Fst_2         = 0.0123
Mean value of Fst_3         = 0.0107


--------------------------------------------
Proportion of membership of each pre-defined
 population in each of the 3 clusters

Given    Inferred Clusters       Number of
 Pop       1      2      3      Individuals

  1:     0.241  0.329  0.430       23
--------------------------------------------
Final results printed to file k3/populations_k3_run3_f

