

----------------------------------------------------
STRUCTURE by Pritchard, Stephens and Donnelly (2000)
     and Falush, Stephens and Pritchard (2003)
       Code by Pritchard, Falush and Hubisz
             Version 2.3.4 (Jul 2012)
----------------------------------------------------


Reading file "mainparams".
datafile is
populations.str
Reading file "extraparams".
Reading file "populations.str".


Data file "populations.str" (truncated) --

Ind:   Label Pop : Genotype_data . . . .
  1: 18160D-09-0    1  :  4   1   3   1   4   1   3  . . . .   2
  1: 18160D-09-0    1  :  4   1   3   1   4   4   4  . . . .   4
  2: 18160D-09-0    1  :  4   1   3   1   4   1   3  . . . .   2
  2: 18160D-09-0    1  :  4   1   3   1   4   4   3  . . . .   4
  3: 18160D-09-0    1  :  4   1   0   0   0   0   3  . . . .   2
  3: 18160D-09-0    1  :  4   3   0   0   0   0   3  . . . .   4
  4: 18160D-09-0    1  :  4   1   3   1   4   1   3  . . . .   2
  4: 18160D-09-0    1  :  4   3   3   1   4   1   3  . . . .   4

      *******   

 22: 18160D-09-2    1  :  4   1   3   1   4   1   3  . . . .   2
 22: 18160D-09-2    1  :  4   3   3   1   4   1   4  . . . .   4
 23: 18160D-09-2    1  :  4   1   3   1   4   1   3  . . . .   2
 23: 18160D-09-2    1  :  4   1   3   1   4   4   4  . . . .   4

Number of alleles per locus: min= 2; ave=2.0; max= 2


--------------------------------------

Finished initialization; starting MCMC 
5000 iterations + 1000 burnin


--------------------------------------------
Proportion of membership of each pre-defined
 population in each of the 3 clusters

Given    Inferred Clusters       Number of
 Pop       1      2      3      Individuals

  1:     0.328  0.341  0.331       23
--------------------------------------------

 Rep#:   Lambda   Alpha      F1    F2    F3     D1,2  D1,3  D2,3    Ln Like 
  100:    1.00    1.615    0.010 0.010 0.010    0.003 0.003 0.003   --  
  200:    1.00    1.753    0.010 0.010 0.010    0.003 0.003 0.003   --  
  300:    1.00    2.174    0.010 0.010 0.010    0.003 0.003 0.003   --  
  400:    1.00    2.368    0.010 0.010 0.010    0.003 0.003 0.003   --  
  500:    1.00    2.334    0.010 0.010 0.010    0.003 0.003 0.003   --  
  600:    1.00    2.288    0.010 0.010 0.010    0.003 0.003 0.003   --  
  700:    1.00    2.317    0.010 0.010 0.010    0.003 0.003 0.003   --  
  800:    1.00    2.097    0.010 0.010 0.010    0.003 0.003 0.003   --  
  900:    1.00    1.556    0.010 0.010 0.010    0.003 0.003 0.003   --  
 1000:    1.00    1.024    0.010 0.010 0.010    0.003 0.003 0.003   --  

BURNIN completed
 Rep#:   Lambda   Alpha      F1    F2    F3     D1,2  D1,3  D2,3    Ln Like  Est Ln P(D)
 1100:    1.00    0.426    0.010 0.011 0.010    0.003 0.003 0.003   -1017406    0 
 1200:    1.00    0.281    0.010 0.011 0.010    0.003 0.003 0.003   -1016491    0 
 1300:    1.00    0.154    0.012 0.011 0.011    0.004 0.004 0.003   -1013843    0 
 1400:    1.00    0.140    0.012 0.011 0.011    0.004 0.004 0.003   -1013448    0 
 1500:    1.00    0.084    0.013 0.011 0.011    0.004 0.004 0.003   -1012539    0 
 1600:    1.00    0.028    0.014 0.011 0.011    0.004 0.004 0.003   -1012355    0 
 1700:    1.00    0.027    0.015 0.012 0.011    0.004 0.004 0.004   -1011718    0 
 1800:    1.00    0.033    0.015 0.012 0.011    0.004 0.004 0.004   -1011763    0 
 1900:    1.00    0.014    0.018 0.013 0.011    0.005 0.005 0.004   -1010544    0 

--------------------------------------------
Proportion of membership of each pre-defined
 population in each of the 3 clusters

Given    Inferred Clusters       Number of
 Pop       1      2      3      Individuals

  1:     0.217  0.217  0.565       23
--------------------------------------------

 Rep#:   Lambda   Alpha      F1    F2    F3     D1,2  D1,3  D2,3    Ln Like  Est Ln P(D)
 2000:    1.00    0.014    0.022 0.013 0.011    0.005 0.005 0.004   -1009907    0 
 2100:    1.00    0.026    0.022 0.013 0.011    0.006 0.005 0.004   -1009218    0 
 2200:    1.00    0.017    0.031 0.014 0.011    0.007 0.007 0.004   -1006211    0 
 2300:    1.00    0.023    0.050 0.014 0.011    0.010 0.009 0.004   -1003214    0 
 2400:    1.00    0.027    0.070 0.015 0.011    0.014 0.013 0.004   -999601    0 
 2500:    1.00    0.020    0.087 0.015 0.011    0.016 0.015 0.004   -997333    0 
 2600:    1.00    0.019    0.099 0.015 0.011    0.018 0.017 0.004   -996660    0 
 2700:    1.00    0.016    0.102 0.017 0.011    0.018 0.017 0.004   -996334    0 
 2800:    1.00    0.018    0.106 0.017 0.011    0.019 0.018 0.004   -995874    0 
 2900:    1.00    0.028    0.109 0.017 0.011    0.019 0.018 0.004   -995910    0 

--------------------------------------------
Proportion of membership of each pre-defined
 population in each of the 3 clusters

Given    Inferred Clusters       Number of
 Pop       1      2      3      Individuals

  1:     0.219  0.219  0.562       23
--------------------------------------------

 Rep#:   Lambda   Alpha      F1    F2    F3     D1,2  D1,3  D2,3    Ln Like  Est Ln P(D)
 3000:    1.00    0.035    0.110 0.018 0.012    0.020 0.018 0.005   -995142    0 
 3100:    1.00    0.041    0.111 0.019 0.012    0.020 0.018 0.005   -995219    0 
 3200:    1.00    0.049    0.111 0.019 0.012    0.020 0.018 0.005   -995609    0 
 3300:    1.00    0.026    0.115 0.019 0.012    0.021 0.019 0.005   -994747    0 
 3400:    1.00    0.030    0.117 0.019 0.012    0.021 0.019 0.005   -995024    0 
 3500:    1.00    0.058    0.120 0.019 0.012    0.021 0.020 0.005   -995281    0 
 3600:    1.00    0.036    0.124 0.020 0.013    0.023 0.021 0.005   -994344    0 
 3700:    1.00    0.029    0.127 0.022 0.013    0.023 0.021 0.006   -993973    0 
 3800:    1.00    0.036    0.129 0.024 0.013    0.024 0.021 0.006   -993423    0 
 3900:    1.00    0.036    0.130 0.024 0.013    0.024 0.021 0.006   -992993    0 

--------------------------------------------
Proportion of membership of each pre-defined
 population in each of the 3 clusters

Given    Inferred Clusters       Number of
 Pop       1      2      3      Individuals

  1:     0.213  0.217  0.569       23
--------------------------------------------

 Rep#:   Lambda   Alpha      F1    F2    F3     D1,2  D1,3  D2,3    Ln Like  Est Ln P(D)
 4000:    1.00    0.026    0.131 0.024 0.013    0.024 0.021 0.006   -993429    0 
 4100:    1.00    0.032    0.132 0.024 0.013    0.024 0.021 0.006   -993486    0 
 4200:    1.00    0.027    0.133 0.024 0.013    0.024 0.022 0.006   -993153    0 
 4300:    1.00    0.025    0.133 0.024 0.013    0.024 0.022 0.006   -993206    0 
 4400:    1.00    0.031    0.134 0.024 0.013    0.024 0.022 0.006   -993311    0 
 4500:    1.00    0.035    0.134 0.026 0.013    0.025 0.022 0.006   -992984    0 
 4600:    1.00    0.042    0.133 0.027 0.013    0.025 0.022 0.006   -992902    0 
 4700:    1.00    0.054    0.134 0.028 0.013    0.025 0.022 0.007   -992655    0 
 4800:    1.00    0.026    0.134 0.031 0.014    0.025 0.022 0.007   -992068    0 
 4900:    1.00    0.043    0.134 0.033 0.014    0.026 0.022 0.007   -991534    0 

--------------------------------------------
Proportion of membership of each pre-defined
 population in each of the 3 clusters

Given    Inferred Clusters       Number of
 Pop       1      2      3      Individuals

  1:     0.223  0.218  0.559       23
--------------------------------------------

 Rep#:   Lambda   Alpha      F1    F2    F3     D1,2  D1,3  D2,3    Ln Like  Est Ln P(D)
 5000:    1.00    0.085    0.136 0.033 0.014    0.026 0.022 0.007   -991548    0 
 5100:    1.00    0.070    0.138 0.033 0.014    0.026 0.023 0.007   -991929    0 
 5200:    1.00    0.030    0.139 0.033 0.014    0.026 0.023 0.007   -991861    0 
 5300:    1.00    0.058    0.139 0.037 0.014    0.027 0.023 0.008   -990911    0 
 5400:    1.00    0.037    0.143 0.037 0.014    0.028 0.023 0.008   -990472    0 
 5500:    1.00    0.061    0.144 0.039 0.014    0.028 0.024 0.008   -990547    0 
 5600:    1.00    0.041    0.142 0.040 0.014    0.028 0.023 0.008   -990526    0 
 5700:    1.00    0.038    0.143 0.041 0.014    0.028 0.023 0.009   -990544    0 
 5800:    1.00    0.049    0.143 0.041 0.014    0.028 0.023 0.009   -990670    0 
 5900:    1.00    0.031    0.143 0.044 0.014    0.029 0.023 0.009   -990297    0 
 6000:    1.00    0.040    0.141 0.046 0.014    0.029 0.023 0.009   -990502    0 

MCMC completed

Inferred ancestry of individuals:
        Label (%Miss) Pop:  Inferred clusters
  1 18160D-09-0    (2)    1 :  0.072 0.011 0.917 
  2 18160D-09-0    (4)    1 :  0.028 0.005 0.967 
  3 18160D-09-0    (2)    1 :  0.845 0.003 0.152 
  4 18160D-09-0    (5)    1 :  0.999 0.000 0.001 
  5 18160D-09-0    (4)    1 :  0.943 0.000 0.057 
  6 18160D-09-0    (4)    1 :  0.988 0.003 0.010 
  7 18160D-09-0    (2)    1 :  1.000 0.000 0.000 
  8 18160D-09-0    (4)    1 :  0.012 0.027 0.961 
  9 18160D-09-0    (2)    1 :  0.003 0.987 0.010 
 10 18160D-09-1    (2)    1 :  0.000 0.999 0.000 
 11 18160D-09-1    (2)    1 :  0.002 0.997 0.002 
 12 18160D-09-1    (2)    1 :  0.003 0.990 0.007 
 13 18160D-09-1    (5)    1 :  0.053 0.003 0.944 
 14 18160D-09-1   (18)    1 :  0.042 0.015 0.943 
 15 18160D-09-1    (4)    1 :  0.005 0.017 0.978 
 16 18160D-09-1    (2)    1 :  0.000 0.998 0.001 
 17 18160D-09-1    (2)    1 :  0.025 0.027 0.948 
 18 18160D-09-1    (2)    1 :  0.010 0.006 0.984 
 19 18160D-09-1    (2)    1 :  0.006 0.019 0.976 
 20 18160D-09-2    (5)    1 :  0.002 0.022 0.976 
 21 18160D-09-2    (5)    1 :  0.029 0.018 0.954 
 22 18160D-09-2    (5)    1 :  0.003 0.001 0.997 
 23 18160D-09-2    (2)    1 :  0.002 0.015 0.983 

Command line arguments:   structure -D 573898 -K 3 -m mainparams -o k3/populations_k3_run10 
Input File:    populations.str
Output File:   k3/populations_k3_run10_f

Run parameters:
   23 individuals
   50160 loci
   3 populations assumed
   1000 Burn-in period
   5000 Reps
RANDOMIZE turned off

--------------------------------------------
Estimated Ln Prob of Data   = -37778170.3
Mean value of ln likelihood = -998360.3
Variance of ln likelihood   = 73559620.0
Mean value of alpha         = 0.0632

Mean value of Fst_1         = 0.0965
Mean value of Fst_2         = 0.0225
Mean value of Fst_3         = 0.0122


--------------------------------------------
Proportion of membership of each pre-defined
 population in each of the 3 clusters

Given    Inferred Clusters       Number of
 Pop       1      2      3      Individuals

  1:     0.221  0.224  0.555       23
--------------------------------------------
Final results printed to file k3/populations_k3_run10_f

