

----------------------------------------------------
STRUCTURE by Pritchard, Stephens and Donnelly (2000)
     and Falush, Stephens and Pritchard (2003)
       Code by Pritchard, Falush and Hubisz
             Version 2.3.4 (Jul 2012)
----------------------------------------------------


Reading file "mainparams".
datafile is
populations.str
Reading file "extraparams".
Reading file "populations.str".


Data file "populations.str" (truncated) --

Ind:   Label Pop : Genotype_data . . . .
  1: 18160D-09-0    1  :  4   1   3   1   4   1   3  . . . .   2
  1: 18160D-09-0    1  :  4   1   3   1   4   4   4  . . . .   4
  2: 18160D-09-0    1  :  4   1   3   1   4   1   3  . . . .   2
  2: 18160D-09-0    1  :  4   1   3   1   4   4   3  . . . .   4
  3: 18160D-09-0    1  :  4   1   0   0   0   0   3  . . . .   2
  3: 18160D-09-0    1  :  4   3   0   0   0   0   3  . . . .   4
  4: 18160D-09-0    1  :  4   1   3   1   4   1   3  . . . .   2
  4: 18160D-09-0    1  :  4   3   3   1   4   1   3  . . . .   4

      *******   

 22: 18160D-09-2    1  :  4   1   3   1   4   1   3  . . . .   2
 22: 18160D-09-2    1  :  4   3   3   1   4   1   4  . . . .   4
 23: 18160D-09-2    1  :  4   1   3   1   4   1   3  . . . .   2
 23: 18160D-09-2    1  :  4   1   3   1   4   4   4  . . . .   4

Number of alleles per locus: min= 2; ave=2.0; max= 2


--------------------------------------

Finished initialization; starting MCMC 
50000 iterations + 10000 burnin


--------------------------------------------
Proportion of membership of each pre-defined
 population in each of the 4 clusters

Given    Inferred Clusters              Number of
 Pop       1      2      3      4      Individuals

  1:     0.250  0.252  0.247  0.251       23
--------------------------------------------

 Rep#:   Lambda   Alpha      F1    F2    F3    F4     D1,2  D1,3  D1,4  D2,3  D2,4  D3,4    Ln Like 
  100:    1.00    1.267    0.010 0.010 0.010 0.010    0.003 0.003 0.003 0.003 0.003 0.003   --  
  200:    1.00    1.711    0.010 0.010 0.010 0.010    0.003 0.003 0.003 0.003 0.003 0.003   --  
  300:    1.00    2.354    0.010 0.010 0.010 0.010    0.003 0.003 0.003 0.003 0.003 0.003   --  
  400:    1.00    2.465    0.010 0.010 0.010 0.010    0.003 0.003 0.003 0.003 0.003 0.003   --  
  500:    1.00    2.813    0.010 0.010 0.010 0.010    0.003 0.003 0.003 0.003 0.003 0.003   --  
  600:    1.00    3.036    0.010 0.010 0.010 0.010    0.003 0.003 0.003 0.003 0.003 0.003   --  
  700:    1.00    3.075    0.010 0.010 0.010 0.010    0.003 0.003 0.003 0.003 0.003 0.003   --  
  800:    1.00    3.276    0.010 0.010 0.010 0.010    0.003 0.003 0.003 0.003 0.003 0.003   --  
  900:    1.00    2.860    0.010 0.010 0.010 0.010    0.003 0.003 0.003 0.003 0.003 0.003   --  

--------------------------------------------
Proportion of membership of each pre-defined
 population in each of the 4 clusters

Given    Inferred Clusters              Number of
 Pop       1      2      3      4      Individuals

  1:     0.251  0.250  0.284  0.215       23
--------------------------------------------

 Rep#:   Lambda   Alpha      F1    F2    F3    F4     D1,2  D1,3  D1,4  D2,3  D2,4  D3,4    Ln Like 
 1000:    1.00    2.956    0.010 0.010 0.010 0.010    0.003 0.003 0.003 0.003 0.003 0.003   --  
 1100:    1.00    2.831    0.010 0.010 0.010 0.010    0.003 0.003 0.003 0.003 0.003 0.003   --  
 1200:    1.00    2.615    0.010 0.010 0.010 0.010    0.003 0.003 0.003 0.003 0.003 0.003   --  
 1300:    1.00    2.106    0.010 0.010 0.010 0.010    0.003 0.003 0.003 0.003 0.003 0.003   --  
 1400:    1.00    1.644    0.010 0.010 0.010 0.010    0.003 0.003 0.003 0.003 0.003 0.003   --  
 1500:    1.00    0.750    0.010 0.010 0.010 0.010    0.003 0.003 0.003 0.003 0.003 0.003   --  
 1600:    1.00    0.445    0.010 0.010 0.010 0.010    0.003 0.003 0.003 0.003 0.003 0.003   --  
 1700:    1.00    0.437    0.010 0.010 0.010 0.010    0.003 0.003 0.003 0.003 0.003 0.003   --  
 1800:    1.00    0.359    0.010 0.010 0.010 0.010    0.003 0.003 0.003 0.003 0.003 0.003   --  
 1900:    1.00    0.251    0.010 0.011 0.010 0.010    0.003 0.003 0.003 0.003 0.003 0.003   --  

--------------------------------------------
Proportion of membership of each pre-defined
 population in each of the 4 clusters

Given    Inferred Clusters              Number of
 Pop       1      2      3      4      Individuals

  1:     0.240  0.227  0.341  0.192       23
--------------------------------------------

 Rep#:   Lambda   Alpha      F1    F2    F3    F4     D1,2  D1,3  D1,4  D2,3  D2,4  D3,4    Ln Like 
 2000:    1.00    0.272    0.011 0.011 0.010 0.010    0.004 0.003 0.003 0.003 0.003 0.003   --  
 2100:    1.00    0.146    0.011 0.012 0.010 0.010    0.004 0.003 0.003 0.003 0.003 0.003   --  
 2200:    1.00    0.134    0.011 0.012 0.010 0.010    0.004 0.003 0.003 0.003 0.003 0.003   --  
 2300:    1.00    0.111    0.011 0.012 0.011 0.010    0.004 0.003 0.003 0.003 0.003 0.003   --  
 2400:    1.00    0.109    0.011 0.012 0.011 0.010    0.004 0.003 0.003 0.003 0.003 0.003   --  
 2500:    1.00    0.100    0.011 0.012 0.011 0.010    0.004 0.003 0.003 0.003 0.003 0.003   --  
 2600:    1.00    0.088    0.011 0.012 0.011 0.010    0.004 0.004 0.003 0.004 0.003 0.003   --  
 2700:    1.00    0.056    0.012 0.012 0.011 0.011    0.004 0.004 0.004 0.004 0.004 0.003   --  
 2800:    1.00    0.046    0.013 0.013 0.011 0.011    0.004 0.004 0.004 0.004 0.004 0.003   --  
 2900:    1.00    0.051    0.013 0.013 0.011 0.011    0.004 0.004 0.004 0.004 0.004 0.003   --  

--------------------------------------------
Proportion of membership of each pre-defined
 population in each of the 4 clusters

Given    Inferred Clusters              Number of
 Pop       1      2      3      4      Individuals

  1:     0.218  0.235  0.381  0.166       23
--------------------------------------------

 Rep#:   Lambda   Alpha      F1    F2    F3    F4     D1,2  D1,3  D1,4  D2,3  D2,4  D3,4    Ln Like 
 3000:    1.00    0.036    0.014 0.013 0.011 0.011    0.004 0.004 0.004 0.004 0.004 0.003   --  
 3100:    1.00    0.042    0.015 0.013 0.011 0.011    0.005 0.004 0.004 0.004 0.004 0.003   --  
 3200:    1.00    0.029    0.015 0.013 0.011 0.011    0.005 0.004 0.004 0.004 0.004 0.003   --  
 3300:    1.00    0.042    0.016 0.013 0.011 0.011    0.005 0.004 0.004 0.004 0.004 0.003   --  
 3400:    1.00    0.031    0.018 0.013 0.011 0.011    0.005 0.005 0.005 0.004 0.004 0.003   --  
 3500:    1.00    0.029    0.020 0.014 0.011 0.011    0.006 0.005 0.005 0.004 0.004 0.003   --  
 3600:    1.00    0.023    0.025 0.015 0.011 0.011    0.007 0.006 0.006 0.004 0.004 0.003   --  
 3700:    1.00    0.026    0.025 0.017 0.011 0.011    0.007 0.006 0.006 0.004 0.004 0.003   --  
 3800:    1.00    0.027    0.048 0.020 0.011 0.011    0.011 0.010 0.009 0.005 0.005 0.003   --  
 3900:    1.00    0.026    0.066 0.021 0.011 0.011    0.014 0.012 0.012 0.005 0.005 0.003   --  

--------------------------------------------
Proportion of membership of each pre-defined
 population in each of the 4 clusters

Given    Inferred Clusters              Number of
 Pop       1      2      3      4      Individuals

  1:     0.217  0.217  0.400  0.166       23
--------------------------------------------

 Rep#:   Lambda   Alpha      F1    F2    F3    F4     D1,2  D1,3  D1,4  D2,3  D2,4  D3,4    Ln Like 
 4000:    1.00    0.030    0.085 0.022 0.011 0.011    0.017 0.015 0.015 0.005 0.005 0.003   --  
 4100:    1.00    0.040    0.093 0.022 0.012 0.011    0.018 0.016 0.016 0.005 0.005 0.003   --  
 4200:    1.00    0.035    0.097 0.022 0.012 0.011    0.019 0.017 0.017 0.005 0.005 0.004   --  
 4300:    1.00    0.026    0.097 0.022 0.012 0.011    0.019 0.017 0.017 0.005 0.005 0.003   --  
 4400:    1.00    0.032    0.105 0.025 0.012 0.011    0.020 0.018 0.018 0.006 0.006 0.004   --  
 4500:    1.00    0.028    0.108 0.025 0.012 0.011    0.021 0.018 0.018 0.006 0.006 0.004   --  
 4600:    1.00    0.032    0.111 0.028 0.012 0.011    0.022 0.019 0.018 0.006 0.006 0.004   --  
 4700:    1.00    0.033    0.116 0.031 0.012 0.011    0.023 0.019 0.019 0.007 0.007 0.004   --  
 4800:    1.00    0.031    0.123 0.036 0.012 0.011    0.025 0.020 0.020 0.008 0.008 0.004   --  
 4900:    1.00    0.034    0.128 0.039 0.012 0.011    0.026 0.021 0.021 0.008 0.008 0.004   --  

--------------------------------------------
Proportion of membership of each pre-defined
 population in each of the 4 clusters

Given    Inferred Clusters              Number of
 Pop       1      2      3      4      Individuals

  1:     0.205  0.216  0.399  0.180       23
--------------------------------------------

 Rep#:   Lambda   Alpha      F1    F2    F3    F4     D1,2  D1,3  D1,4  D2,3  D2,4  D3,4    Ln Like 
 5000:    1.00    0.031    0.129 0.039 0.012 0.011    0.025 0.021 0.021 0.008 0.008 0.004   --  
 5100:    1.00    0.039    0.131 0.040 0.012 0.011    0.026 0.021 0.021 0.008 0.008 0.004   --  
 5200:    1.00    0.038    0.130 0.044 0.012 0.012    0.027 0.021 0.021 0.009 0.009 0.004   --  
 5300:    1.00    0.048    0.129 0.049 0.012 0.012    0.027 0.021 0.021 0.010 0.009 0.004   --  
 5400:    1.00    0.067    0.129 0.049 0.012 0.012    0.027 0.021 0.021 0.010 0.010 0.004   --  
 5500:    1.00    0.061    0.128 0.051 0.012 0.012    0.028 0.021 0.021 0.010 0.010 0.004   --  
 5600:    1.00    0.044    0.131 0.053 0.012 0.012    0.029 0.021 0.022 0.010 0.010 0.004   --  
 5700:    1.00    0.042    0.131 0.060 0.012 0.012    0.029 0.021 0.021 0.011 0.011 0.004   --  
 5800:    1.00    0.061    0.134 0.061 0.012 0.012    0.030 0.022 0.022 0.012 0.012 0.004   --  
 5900:    1.00    0.051    0.135 0.070 0.012 0.012    0.032 0.022 0.022 0.013 0.013 0.004   --  

--------------------------------------------
Proportion of membership of each pre-defined
 population in each of the 4 clusters

Given    Inferred Clusters              Number of
 Pop       1      2      3      4      Individuals

  1:     0.205  0.179  0.399  0.217       23
--------------------------------------------

 Rep#:   Lambda   Alpha      F1    F2    F3    F4     D1,2  D1,3  D1,4  D2,3  D2,4  D3,4    Ln Like 
 6000:    1.00    0.037    0.135 0.076 0.013 0.012    0.033 0.022 0.022 0.014 0.014 0.004   --  
 6100:    1.00    0.060    0.136 0.084 0.013 0.012    0.035 0.022 0.022 0.016 0.016 0.004   --  
 6200:    1.00    0.050    0.135 0.098 0.013 0.012    0.037 0.022 0.022 0.018 0.018 0.004   --  
 6300:    1.00    0.065    0.136 0.132 0.013 0.012    0.042 0.022 0.022 0.023 0.023 0.004   --  
 6400:    1.00    0.053    0.137 0.144 0.013 0.012    0.044 0.023 0.022 0.025 0.025 0.004   --  
 6500:    1.00    0.063    0.137 0.170 0.013 0.012    0.048 0.022 0.022 0.030 0.030 0.004   --  
 6600:    1.00    0.040    0.138 0.182 0.013 0.012    0.050 0.022 0.022 0.032 0.032 0.004   --  
 6700:    1.00    0.039    0.140 0.190 0.013 0.012    0.053 0.023 0.023 0.033 0.033 0.004   --  
 6800:    1.00    0.033    0.140 0.201 0.013 0.012    0.053 0.023 0.023 0.034 0.034 0.004   --  
 6900:    1.00    0.069    0.138 0.204 0.013 0.012    0.054 0.023 0.022 0.035 0.035 0.004   --  

--------------------------------------------
Proportion of membership of each pre-defined
 population in each of the 4 clusters

Given    Inferred Clusters              Number of
 Pop       1      2      3      4      Individuals

  1:     0.201  0.112  0.403  0.284       23
--------------------------------------------

 Rep#:   Lambda   Alpha      F1    F2    F3    F4     D1,2  D1,3  D1,4  D2,3  D2,4  D3,4    Ln Like 
 7000:    1.00    0.046    0.139 0.212 0.013 0.012    0.055 0.023 0.023 0.036 0.036 0.004   --  
 7100:    1.00    0.053    0.140 0.213 0.013 0.012    0.055 0.023 0.023 0.036 0.035 0.004   --  
 7200:    1.00    0.066    0.138 0.214 0.013 0.012    0.055 0.023 0.022 0.036 0.036 0.004   --  
 7300:    1.00    0.059    0.138 0.215 0.013 0.012    0.055 0.023 0.022 0.036 0.036 0.004   --  
 7400:    1.00    0.058    0.139 0.219 0.013 0.012    0.056 0.023 0.022 0.037 0.037 0.004   --  
 7500:    1.00    0.045    0.139 0.217 0.013 0.012    0.055 0.022 0.022 0.037 0.037 0.004   --  
 7600:    1.00    0.079    0.139 0.217 0.014 0.012    0.055 0.023 0.023 0.036 0.036 0.004   --  
 7700:    1.00    0.064    0.138 0.215 0.014 0.012    0.055 0.023 0.022 0.036 0.036 0.004   --  
 7800:    1.00    0.071    0.139 0.218 0.014 0.012    0.056 0.023 0.022 0.037 0.037 0.004   --  
 7900:    1.00    0.077    0.139 0.219 0.014 0.012    0.056 0.023 0.023 0.037 0.037 0.004   --  

--------------------------------------------
Proportion of membership of each pre-defined
 population in each of the 4 clusters

Given    Inferred Clusters              Number of
 Pop       1      2      3      4      Individuals

  1:     0.204  0.105  0.415  0.277       23
--------------------------------------------

 Rep#:   Lambda   Alpha      F1    F2    F3    F4     D1,2  D1,3  D1,4  D2,3  D2,4  D3,4    Ln Like 
 8000:    1.00    0.089    0.139 0.224 0.014 0.012    0.057 0.023 0.023 0.038 0.037 0.004   --  
 8100:    1.00    0.063    0.139 0.224 0.014 0.012    0.057 0.023 0.022 0.038 0.038 0.004   --  
 8200:    1.00    0.056    0.140 0.230 0.014 0.012    0.058 0.023 0.022 0.039 0.039 0.004   --  
 8300:    1.00    0.046    0.140 0.237 0.014 0.012    0.060 0.023 0.023 0.040 0.040 0.004   --  
 8400:    1.00    0.065    0.140 0.246 0.014 0.012    0.060 0.023 0.023 0.041 0.041 0.004   --  
 8500:    1.00    0.077    0.140 0.249 0.014 0.012    0.061 0.023 0.023 0.042 0.042 0.004   --  
 8600:    1.00    0.062    0.142 0.250 0.014 0.012    0.061 0.023 0.023 0.042 0.041 0.004   --  
 8700:    1.00    0.057    0.142 0.250 0.014 0.012    0.061 0.023 0.023 0.042 0.042 0.004   --  
 8800:    1.00    0.070    0.143 0.247 0.014 0.012    0.061 0.023 0.023 0.042 0.042 0.004   --  
 8900:    1.00    0.046    0.140 0.249 0.014 0.012    0.061 0.023 0.023 0.042 0.042 0.004   --  

--------------------------------------------
Proportion of membership of each pre-defined
 population in each of the 4 clusters

Given    Inferred Clusters              Number of
 Pop       1      2      3      4      Individuals

  1:     0.210  0.101  0.432  0.256       23
--------------------------------------------

 Rep#:   Lambda   Alpha      F1    F2    F3    F4     D1,2  D1,3  D1,4  D2,3  D2,4  D3,4    Ln Like 
 9000:    1.00    0.063    0.140 0.254 0.014 0.012    0.062 0.023 0.023 0.043 0.042 0.004   --  
 9100:    1.00    0.092    0.140 0.258 0.014 0.012    0.063 0.023 0.022 0.044 0.043 0.004   --  
 9200:    1.00    0.049    0.143 0.262 0.014 0.012    0.063 0.023 0.023 0.044 0.044 0.004   --  
 9300:    1.00    0.056    0.143 0.263 0.014 0.012    0.063 0.023 0.023 0.044 0.043 0.004   --  
 9400:    1.00    0.052    0.143 0.262 0.014 0.012    0.063 0.023 0.023 0.044 0.043 0.004   --  
 9500:    1.00    0.060    0.145 0.262 0.015 0.012    0.063 0.023 0.023 0.043 0.043 0.004   --  
 9600:    1.00    0.082    0.145 0.260 0.015 0.012    0.064 0.023 0.023 0.044 0.043 0.004   --  
 9700:    1.00    0.095    0.147 0.262 0.015 0.012    0.063 0.024 0.024 0.043 0.043 0.004   --  
 9800:    1.00    0.043    0.147 0.259 0.015 0.012    0.064 0.024 0.024 0.044 0.044 0.004   --  
 9900:    1.00    0.080    0.144 0.259 0.015 0.012    0.063 0.023 0.023 0.044 0.043 0.004   --  
10000:    1.00    0.058    0.147 0.261 0.015 0.012    0.063 0.024 0.024 0.044 0.043 0.004   --  

BURNIN completed
 Rep#:   Lambda   Alpha      F1    F2    F3    F4     D1,2  D1,3  D1,4  D2,3  D2,4  D3,4    Ln Like  Est Ln P(D)
10100:    1.00    0.050    0.150 0.262 0.015 0.012    0.064 0.024 0.024 0.044 0.043 0.004   -978234    0 
10200:    1.00    0.051    0.147 0.267 0.015 0.012    0.065 0.024 0.024 0.045 0.045 0.004   -978226    0 
10300:    1.00    0.058    0.149 0.267 0.015 0.012    0.065 0.024 0.024 0.045 0.044 0.004   -978399    0 
10400:    1.00    0.071    0.150 0.272 0.015 0.012    0.065 0.025 0.024 0.045 0.045 0.004   -978334    0 
10500:    1.00    0.085    0.150 0.268 0.015 0.012    0.064 0.024 0.024 0.045 0.044 0.004   -978232    0 
10600:    1.00    0.076    0.146 0.268 0.015 0.012    0.065 0.024 0.024 0.045 0.044 0.004   -978492    0 
10700:    1.00    0.067    0.149 0.265 0.015 0.012    0.064 0.024 0.024 0.044 0.044 0.004   -979113    0 
10800:    1.00    0.072    0.149 0.264 0.015 0.012    0.065 0.025 0.024 0.045 0.044 0.004   -978757    0 
10900:    1.00    0.085    0.149 0.264 0.015 0.012    0.065 0.024 0.024 0.045 0.044 0.004   -978135    0 

--------------------------------------------
Proportion of membership of each pre-defined
 population in each of the 4 clusters

Given    Inferred Clusters              Number of
 Pop       1      2      3      4      Individuals

  1:     0.219  0.097  0.452  0.232       23
--------------------------------------------

 Rep#:   Lambda   Alpha      F1    F2    F3    F4     D1,2  D1,3  D1,4  D2,3  D2,4  D3,4    Ln Like  Est Ln P(D)
11000:    1.00    0.071    0.148 0.265 0.015 0.012    0.065 0.024 0.024 0.044 0.044 0.004   -978833    0 
11100:    1.00    0.079    0.148 0.263 0.015 0.012    0.064 0.024 0.024 0.044 0.044 0.004   -978377    0 
11200:    1.00    0.054    0.150 0.263 0.016 0.012    0.064 0.024 0.024 0.044 0.043 0.004   -978450    0 
11300:    1.00    0.079    0.151 0.263 0.016 0.012    0.063 0.025 0.024 0.044 0.043 0.004   -978241    0 
11400:    1.00    0.074    0.152 0.260 0.016 0.012    0.064 0.025 0.025 0.043 0.043 0.004   -978275    0 
11500:    1.00    0.073    0.152 0.258 0.016 0.012    0.064 0.025 0.025 0.043 0.042 0.004   -978598    0 
11600:    1.00    0.069    0.152 0.262 0.016 0.012    0.065 0.025 0.025 0.044 0.044 0.004   -978463    0 
11700:    1.00    0.063    0.152 0.261 0.016 0.012    0.064 0.025 0.024 0.044 0.044 0.004   -978546    0 
11800:    1.00    0.059    0.153 0.261 0.016 0.012    0.065 0.025 0.025 0.044 0.043 0.004   -978526    0 
11900:    1.00    0.048    0.154 0.261 0.016 0.012    0.065 0.025 0.025 0.044 0.043 0.004   -978559    0 

--------------------------------------------
Proportion of membership of each pre-defined
 population in each of the 4 clusters

Given    Inferred Clusters              Number of
 Pop       1      2      3      4      Individuals

  1:     0.216  0.095  0.473  0.217       23
--------------------------------------------

 Rep#:   Lambda   Alpha      F1    F2    F3    F4     D1,2  D1,3  D1,4  D2,3  D2,4  D3,4    Ln Like  Est Ln P(D)
12000:    1.00    0.091    0.149 0.260 0.016 0.012    0.064 0.025 0.024 0.044 0.043 0.004   -978780    0 
12100:    1.00    0.059    0.149 0.263 0.016 0.012    0.065 0.025 0.024 0.045 0.044 0.004   -978317    0 
12200:    1.00    0.074    0.150 0.263 0.017 0.012    0.065 0.025 0.024 0.044 0.044 0.004   -978386    0 
12300:    1.00    0.045    0.151 0.263 0.017 0.012    0.065 0.025 0.025 0.044 0.044 0.004   -977841    0 
12400:    1.00    0.066    0.150 0.266 0.017 0.012    0.064 0.025 0.025 0.044 0.043 0.004   -978288    0 
12500:    1.00    0.089    0.153 0.266 0.017 0.012    0.065 0.025 0.025 0.045 0.044 0.004   -978675    0 
12600:    1.00    0.067    0.151 0.262 0.017 0.012    0.064 0.025 0.024 0.044 0.043 0.004   -977989    0 
12700:    1.00    0.064    0.151 0.261 0.017 0.012    0.064 0.025 0.024 0.044 0.043 0.004   -978608    0 
12800:    1.00    0.054    0.153 0.263 0.017 0.012    0.065 0.025 0.025 0.044 0.043 0.004   -978488    0 
12900:    1.00    0.069    0.155 0.262 0.017 0.012    0.065 0.025 0.025 0.044 0.043 0.004   -977851    0 

--------------------------------------------
Proportion of membership of each pre-defined
 population in each of the 4 clusters

Given    Inferred Clusters              Number of
 Pop       1      2      3      4      Individuals

  1:     0.214  0.096  0.496  0.194       23
--------------------------------------------

 Rep#:   Lambda   Alpha      F1    F2    F3    F4     D1,2  D1,3  D1,4  D2,3  D2,4  D3,4    Ln Like  Est Ln P(D)
13000:    1.00    0.083    0.154 0.262 0.017 0.012    0.065 0.025 0.025 0.044 0.043 0.004   -977994    0 
13100:    1.00    0.061    0.152 0.263 0.017 0.012    0.065 0.025 0.025 0.044 0.043 0.004   -977599    0 
13200:    1.00    0.074    0.152 0.262 0.017 0.012    0.064 0.025 0.025 0.044 0.043 0.004   -977972    0 
13300:    1.00    0.074    0.149 0.259 0.017 0.012    0.064 0.025 0.024 0.044 0.043 0.004   -978184    0 
13400:    1.00    0.070    0.153 0.258 0.018 0.012    0.063 0.025 0.024 0.043 0.042 0.004   -978381    0 
13500:    1.00    0.096    0.153 0.260 0.018 0.012    0.064 0.026 0.025 0.044 0.043 0.005   -978000    0 
13600:    1.00    0.055    0.153 0.261 0.018 0.012    0.064 0.025 0.025 0.044 0.043 0.005   -978187    0 
13700:    1.00    0.106    0.151 0.263 0.018 0.012    0.065 0.025 0.025 0.045 0.044 0.005   -977701    0 
13800:    1.00    0.067    0.151 0.263 0.018 0.012    0.064 0.025 0.024 0.044 0.043 0.005   -978278    0 
13900:    1.00    0.060    0.148 0.261 0.018 0.012    0.064 0.025 0.024 0.044 0.043 0.005   -978602    0 

--------------------------------------------
Proportion of membership of each pre-defined
 population in each of the 4 clusters

Given    Inferred Clusters              Number of
 Pop       1      2      3      4      Individuals

  1:     0.215  0.096  0.512  0.177       23
--------------------------------------------

 Rep#:   Lambda   Alpha      F1    F2    F3    F4     D1,2  D1,3  D1,4  D2,3  D2,4  D3,4    Ln Like  Est Ln P(D)
14000:    1.00    0.077    0.153 0.261 0.018 0.012    0.065 0.026 0.025 0.044 0.043 0.004   -978034    0 
14100:    1.00    0.070    0.154 0.260 0.018 0.012    0.064 0.025 0.025 0.044 0.043 0.005   -978574    0 
14200:    1.00    0.086    0.154 0.261 0.018 0.012    0.064 0.026 0.025 0.044 0.043 0.005   -977940    0 
14300:    1.00    0.090    0.156 0.259 0.018 0.012    0.065 0.026 0.025 0.044 0.043 0.005   -978430    0 
14400:    1.00    0.070    0.157 0.259 0.018 0.012    0.064 0.026 0.025 0.044 0.043 0.005   -978453    0 
14500:    1.00    0.063    0.156 0.261 0.018 0.012    0.065 0.026 0.025 0.045 0.044 0.005   -977845    0 
14600:    1.00    0.066    0.157 0.262 0.018 0.012    0.065 0.026 0.025 0.044 0.043 0.005   -978110    0 
14700:    1.00    0.067    0.156 0.264 0.018 0.012    0.065 0.026 0.025 0.045 0.044 0.005   -977849    0 
14800:    1.00    0.060    0.152 0.258 0.018 0.012    0.064 0.025 0.025 0.043 0.042 0.005   -978311    0 
14900:    1.00    0.045    0.152 0.256 0.019 0.012    0.064 0.025 0.025 0.044 0.043 0.005   -978136    0 

--------------------------------------------
Proportion of membership of each pre-defined
 population in each of the 4 clusters

Given    Inferred Clusters              Number of
 Pop       1      2      3      4      Individuals

  1:     0.219  0.094  0.531  0.157       23
--------------------------------------------

 Rep#:   Lambda   Alpha      F1    F2    F3    F4     D1,2  D1,3  D1,4  D2,3  D2,4  D3,4    Ln Like  Est Ln P(D)
15000:    1.00    0.075    0.152 0.257 0.019 0.012    0.064 0.026 0.025 0.044 0.042 0.005   -977846    0 
15100:    1.00    0.106    0.154 0.257 0.019 0.012    0.065 0.026 0.025 0.044 0.043 0.005   -978056    0 
15200:    1.00    0.081    0.154 0.258 0.019 0.012    0.064 0.026 0.025 0.044 0.042 0.005   -977837    0 
15300:    1.00    0.068    0.151 0.258 0.019 0.012    0.064 0.025 0.025 0.044 0.043 0.005   -977843    0 
15400:    1.00    0.065    0.151 0.258 0.019 0.012    0.064 0.025 0.024 0.044 0.043 0.005   -978220    0 
15500:    1.00    0.061    0.150 0.263 0.020 0.012    0.064 0.025 0.025 0.044 0.043 0.005   -977583    0 
15600:    1.00    0.044    0.150 0.264 0.020 0.012    0.065 0.025 0.024 0.045 0.043 0.005   -977897    0 
15700:    1.00    0.069    0.150 0.261 0.020 0.012    0.065 0.025 0.024 0.044 0.043 0.005   -977473    0 
15800:    1.00    0.060    0.150 0.262 0.020 0.012    0.064 0.025 0.024 0.045 0.043 0.005   -977812    0 
15900:    1.00    0.060    0.151 0.262 0.020 0.012    0.064 0.025 0.025 0.045 0.043 0.005   -977585    0 

--------------------------------------------
Proportion of membership of each pre-defined
 population in each of the 4 clusters

Given    Inferred Clusters              Number of
 Pop       1      2      3      4      Individuals

  1:     0.224  0.091  0.549  0.136       23
--------------------------------------------

 Rep#:   Lambda   Alpha      F1    F2    F3    F4     D1,2  D1,3  D1,4  D2,3  D2,4  D3,4    Ln Like  Est Ln P(D)
16000:    1.00    0.074    0.152 0.262 0.020 0.012    0.064 0.025 0.025 0.045 0.043 0.005   -977768    0 
16100:    1.00    0.052    0.152 0.262 0.020 0.012    0.065 0.025 0.025 0.045 0.044 0.005   -977687    0 
16200:    1.00    0.056    0.153 0.269 0.020 0.012    0.066 0.026 0.025 0.045 0.044 0.005   -977267    0 
16300:    1.00    0.063    0.155 0.266 0.020 0.012    0.066 0.026 0.025 0.045 0.044 0.005   -977135    0 
16400:    1.00    0.083    0.156 0.268 0.020 0.012    0.066 0.026 0.025 0.046 0.045 0.005   -977087    0 
16500:    1.00    0.101    0.154 0.267 0.020 0.012    0.065 0.026 0.025 0.045 0.043 0.005   -977350    0 
16600:    1.00    0.089    0.156 0.264 0.020 0.012    0.064 0.026 0.025 0.045 0.043 0.005   -977508    0 
16700:    1.00    0.075    0.154 0.262 0.020 0.012    0.064 0.026 0.025 0.044 0.043 0.005   -977370    0 
16800:    1.00    0.074    0.152 0.261 0.020 0.012    0.064 0.026 0.025 0.044 0.043 0.005   -978158    0 
16900:    1.00    0.074    0.153 0.262 0.020 0.012    0.064 0.026 0.025 0.044 0.043 0.005   -977247    0 

--------------------------------------------
Proportion of membership of each pre-defined
 population in each of the 4 clusters

Given    Inferred Clusters              Number of
 Pop       1      2      3      4      Individuals

  1:     0.221  0.092  0.561  0.125       23
--------------------------------------------

 Rep#:   Lambda   Alpha      F1    F2    F3    F4     D1,2  D1,3  D1,4  D2,3  D2,4  D3,4    Ln Like  Est Ln P(D)
17000:    1.00    0.083    0.156 0.259 0.020 0.012    0.065 0.026 0.025 0.044 0.043 0.005   -976625    0 
17100:    1.00    0.101    0.154 0.255 0.020 0.012    0.063 0.026 0.025 0.043 0.042 0.005   -977646    0 
17200:    1.00    0.055    0.154 0.256 0.020 0.012    0.063 0.026 0.025 0.044 0.042 0.005   -977382    0 
17300:    1.00    0.068    0.153 0.258 0.020 0.012    0.065 0.026 0.025 0.044 0.043 0.005   -977495    0 
17400:    1.00    0.061    0.154 0.260 0.020 0.012    0.065 0.026 0.025 0.044 0.043 0.005   -977238    0 
17500:    1.00    0.056    0.154 0.263 0.020 0.012    0.065 0.026 0.025 0.044 0.043 0.005   -977808    0 
17600:    1.00    0.073    0.154 0.261 0.020 0.012    0.065 0.026 0.025 0.044 0.043 0.005   -977850    0 
17700:    1.00    0.062    0.153 0.259 0.020 0.012    0.064 0.026 0.025 0.044 0.042 0.005   -978381    0 
17800:    1.00    0.079    0.153 0.257 0.020 0.012    0.064 0.026 0.025 0.043 0.042 0.005   -977291    0 
17900:    1.00    0.094    0.152 0.257 0.020 0.012    0.064 0.026 0.025 0.044 0.042 0.005   -977886    0 

--------------------------------------------
Proportion of membership of each pre-defined
 population in each of the 4 clusters

Given    Inferred Clusters              Number of
 Pop       1      2      3      4      Individuals

  1:     0.228  0.093  0.556  0.124       23
--------------------------------------------

 Rep#:   Lambda   Alpha      F1    F2    F3    F4     D1,2  D1,3  D1,4  D2,3  D2,4  D3,4    Ln Like  Est Ln P(D)
18000:    1.00    0.061    0.152 0.257 0.020 0.012    0.064 0.026 0.025 0.043 0.042 0.005   -977147    0 
18100:    1.00    0.077    0.152 0.255 0.021 0.012    0.063 0.026 0.025 0.043 0.042 0.005   -977497    0 
18200:    1.00    0.075    0.152 0.255 0.021 0.012    0.064 0.026 0.025 0.044 0.043 0.005   -977339    0 
18300:    1.00    0.065    0.150 0.258 0.021 0.012    0.064 0.025 0.024 0.045 0.043 0.005   -977434    0 
18400:    1.00    0.079    0.150 0.258 0.021 0.012    0.064 0.026 0.025 0.044 0.042 0.005   -977361    0 
18500:    1.00    0.071    0.150 0.258 0.021 0.012    0.062 0.025 0.024 0.043 0.042 0.005   -977609    0 
18600:    1.00    0.044    0.152 0.260 0.021 0.012    0.064 0.026 0.025 0.044 0.042 0.005   -977612    0 
18700:    1.00    0.056    0.157 0.260 0.021 0.012    0.065 0.026 0.025 0.044 0.043 0.005   -977538    0 
18800:    1.00    0.048    0.157 0.267 0.021 0.013    0.066 0.026 0.026 0.046 0.044 0.005   -976883    0 
18900:    1.00    0.042    0.156 0.268 0.021 0.013    0.066 0.026 0.026 0.045 0.044 0.005   -977349    0 

--------------------------------------------
Proportion of membership of each pre-defined
 population in each of the 4 clusters

Given    Inferred Clusters              Number of
 Pop       1      2      3      4      Individuals

  1:     0.232  0.088  0.556  0.124       23
--------------------------------------------

 Rep#:   Lambda   Alpha      F1    F2    F3    F4     D1,2  D1,3  D1,4  D2,3  D2,4  D3,4    Ln Like  Est Ln P(D)
19000:    1.00    0.056    0.154 0.268 0.021 0.013    0.066 0.026 0.025 0.045 0.044 0.005   -977131    0 
19100:    1.00    0.068    0.154 0.266 0.022 0.013    0.066 0.026 0.025 0.046 0.044 0.005   -977958    0 
19200:    1.00    0.044    0.155 0.267 0.022 0.013    0.066 0.026 0.025 0.045 0.044 0.005   -977820    0 
19300:    1.00    0.039    0.159 0.265 0.022 0.013    0.066 0.027 0.026 0.045 0.043 0.005   -977624    0 
19400:    1.00    0.045    0.162 0.265 0.022 0.013    0.067 0.027 0.026 0.045 0.044 0.005   -977878    0 
19500:    1.00    0.077    0.162 0.268 0.022 0.013    0.067 0.027 0.026 0.045 0.044 0.005   -977794    0 
19600:    1.00    0.051    0.158 0.272 0.022 0.013    0.068 0.027 0.026 0.047 0.045 0.005   -977796    0 
19700:    1.00    0.056    0.160 0.275 0.023 0.013    0.068 0.027 0.026 0.047 0.045 0.005   -977774    0 
19800:    1.00    0.056    0.160 0.274 0.024 0.013    0.067 0.027 0.026 0.047 0.045 0.006   -977488    0 
19900:    1.00    0.050    0.161 0.273 0.024 0.013    0.068 0.027 0.026 0.047 0.045 0.006   -977157    0 

--------------------------------------------
Proportion of membership of each pre-defined
 population in each of the 4 clusters

Given    Inferred Clusters              Number of
 Pop       1      2      3      4      Individuals

  1:     0.229  0.085  0.562  0.125       23
--------------------------------------------

 Rep#:   Lambda   Alpha      F1    F2    F3    F4     D1,2  D1,3  D1,4  D2,3  D2,4  D3,4    Ln Like  Est Ln P(D)
20000:    1.00    0.059    0.161 0.273 0.024 0.013    0.068 0.027 0.026 0.047 0.045 0.006   -977686    0 
20100:    1.00    0.068    0.164 0.277 0.024 0.013    0.068 0.028 0.026 0.047 0.045 0.006   -977510    0 
20200:    1.00    0.067    0.163 0.272 0.024 0.013    0.068 0.028 0.026 0.047 0.045 0.006   -977518    0 
20300:    1.00    0.078    0.163 0.271 0.024 0.013    0.067 0.028 0.027 0.046 0.045 0.006   -977631    0 
20400:    1.00    0.071    0.162 0.273 0.024 0.013    0.068 0.027 0.026 0.047 0.045 0.006   -977977    0 
20500:    1.00    0.054    0.164 0.274 0.024 0.013    0.069 0.028 0.027 0.047 0.045 0.006   -977732    0 
20600:    1.00    0.062    0.161 0.279 0.025 0.013    0.068 0.028 0.026 0.047 0.046 0.006   -977663    0 
20700:    1.00    0.078    0.163 0.283 0.025 0.013    0.069 0.028 0.026 0.049 0.047 0.006   -977443    0 
20800:    1.00    0.033    0.165 0.291 0.025 0.013    0.072 0.028 0.027 0.050 0.048 0.006   -977351    0 
20900:    1.00    0.067    0.163 0.291 0.025 0.013    0.070 0.028 0.026 0.050 0.048 0.006   -977628    0 

--------------------------------------------
Proportion of membership of each pre-defined
 population in each of the 4 clusters

Given    Inferred Clusters              Number of
 Pop       1      2      3      4      Individuals

  1:     0.229  0.081  0.561  0.129       23
--------------------------------------------

 Rep#:   Lambda   Alpha      F1    F2    F3    F4     D1,2  D1,3  D1,4  D2,3  D2,4  D3,4    Ln Like  Est Ln P(D)
21000:    1.00    0.042    0.161 0.295 0.026 0.013    0.072 0.028 0.026 0.051 0.049 0.006   -977584    0 
21100:    1.00    0.050    0.163 0.299 0.027 0.013    0.073 0.028 0.027 0.051 0.050 0.006   -977416    0 
21200:    1.00    0.056    0.162 0.299 0.027 0.013    0.072 0.028 0.027 0.051 0.049 0.006   -976953    0 
21300:    1.00    0.071    0.160 0.300 0.027 0.013    0.072 0.028 0.026 0.052 0.049 0.006   -977093    0 
21400:    1.00    0.053    0.160 0.302 0.027 0.013    0.072 0.028 0.026 0.052 0.050 0.006   -977039    0 
21500:    1.00    0.074    0.158 0.304 0.027 0.013    0.072 0.028 0.026 0.052 0.050 0.006   -977372    0 
21600:    1.00    0.067    0.159 0.302 0.027 0.013    0.072 0.028 0.026 0.051 0.049 0.006   -977298    0 
21700:    1.00    0.046    0.159 0.302 0.027 0.013    0.072 0.028 0.026 0.052 0.049 0.006   -977569    0 
21800:    1.00    0.057    0.158 0.300 0.027 0.013    0.071 0.027 0.026 0.051 0.049 0.006   -977259    0 
21900:    1.00    0.048    0.160 0.300 0.027 0.013    0.073 0.028 0.026 0.052 0.049 0.006   -977176    0 

--------------------------------------------
Proportion of membership of each pre-defined
 population in each of the 4 clusters

Given    Inferred Clusters              Number of
 Pop       1      2      3      4      Individuals

  1:     0.236  0.081  0.554  0.128       23
--------------------------------------------

 Rep#:   Lambda   Alpha      F1    F2    F3    F4     D1,2  D1,3  D1,4  D2,3  D2,4  D3,4    Ln Like  Est Ln P(D)
22000:    1.00    0.052    0.160 0.302 0.027 0.013    0.072 0.028 0.026 0.052 0.049 0.006   -977111    0 
22100:    1.00    0.055    0.163 0.306 0.027 0.013    0.074 0.028 0.027 0.053 0.051 0.006   -977146    0 
22200:    1.00    0.035    0.162 0.310 0.027 0.013    0.073 0.028 0.026 0.053 0.050 0.006   -977360    0 
22300:    1.00    0.047    0.162 0.309 0.027 0.013    0.072 0.028 0.027 0.053 0.050 0.006   -977768    0 
22400:    1.00    0.051    0.166 0.309 0.028 0.013    0.073 0.028 0.027 0.053 0.051 0.006   -976802    0 
22500:    1.00    0.058    0.164 0.310 0.028 0.013    0.074 0.028 0.027 0.053 0.051 0.006   -976926    0 
22600:    1.00    0.078    0.165 0.310 0.028 0.013    0.074 0.028 0.027 0.053 0.051 0.006   -977420    0 
22700:    1.00    0.046    0.167 0.310 0.029 0.013    0.075 0.029 0.027 0.053 0.051 0.006   -977062    0 
22800:    1.00    0.026    0.164 0.314 0.029 0.013    0.074 0.029 0.027 0.054 0.051 0.007   -977317    0 
22900:    1.00    0.047    0.164 0.322 0.029 0.013    0.075 0.029 0.027 0.055 0.052 0.006   -976972    0 

--------------------------------------------
Proportion of membership of each pre-defined
 population in each of the 4 clusters

Given    Inferred Clusters              Number of
 Pop       1      2      3      4      Individuals

  1:     0.239  0.077  0.553  0.131       23
--------------------------------------------

 Rep#:   Lambda   Alpha      F1    F2    F3    F4     D1,2  D1,3  D1,4  D2,3  D2,4  D3,4    Ln Like  Est Ln P(D)
23000:    1.00    0.065    0.163 0.327 0.029 0.013    0.076 0.028 0.026 0.056 0.053 0.006   -977115    0 
23100:    1.00    0.052    0.163 0.323 0.029 0.013    0.075 0.028 0.027 0.055 0.053 0.007   -977046    0 
23200:    1.00    0.056    0.163 0.319 0.029 0.013    0.074 0.028 0.026 0.055 0.052 0.007   -977641    0 
23300:    1.00    0.072    0.161 0.315 0.029 0.013    0.074 0.028 0.026 0.054 0.051 0.007   -977385    0 
23400:    1.00    0.052    0.157 0.315 0.029 0.013    0.074 0.028 0.026 0.054 0.052 0.007   -977802    0 
23500:    1.00    0.059    0.157 0.313 0.029 0.013    0.074 0.027 0.026 0.054 0.052 0.007   -977208    0 
23600:    1.00    0.064    0.158 0.313 0.029 0.013    0.074 0.028 0.026 0.054 0.051 0.007   -976992    0 
23700:    1.00    0.050    0.159 0.306 0.029 0.013    0.073 0.028 0.026 0.053 0.051 0.007   -977623    0 
23800:    1.00    0.081    0.160 0.309 0.029 0.013    0.073 0.028 0.026 0.053 0.050 0.007   -976369    0 
23900:    1.00    0.043    0.160 0.307 0.029 0.013    0.073 0.028 0.026 0.053 0.051 0.007   -977509    0 

--------------------------------------------
Proportion of membership of each pre-defined
 population in each of the 4 clusters

Given    Inferred Clusters              Number of
 Pop       1      2      3      4      Individuals

  1:     0.238  0.080  0.554  0.128       23
--------------------------------------------

 Rep#:   Lambda   Alpha      F1    F2    F3    F4     D1,2  D1,3  D1,4  D2,3  D2,4  D3,4    Ln Like  Est Ln P(D)
24000:    1.00    0.042    0.160 0.310 0.029 0.013    0.073 0.028 0.026 0.053 0.051 0.007   -976911    0 
24100:    1.00    0.051    0.160 0.310 0.029 0.013    0.074 0.028 0.026 0.054 0.051 0.007   -977103    0 
24200:    1.00    0.060    0.163 0.309 0.029 0.013    0.073 0.028 0.026 0.053 0.051 0.007   -977676    0 
24300:    1.00    0.078    0.163 0.311 0.029 0.014    0.075 0.029 0.027 0.054 0.052 0.007   -977295    0 
24400:    1.00    0.058    0.163 0.315 0.029 0.014    0.074 0.028 0.027 0.054 0.051 0.007   -977528    0 
24500:    1.00    0.059    0.159 0.316 0.029 0.014    0.073 0.028 0.026 0.054 0.051 0.007   -977158    0 
24600:    1.00    0.053    0.159 0.317 0.030 0.014    0.075 0.028 0.026 0.055 0.052 0.007   -976819    0 
24700:    1.00    0.064    0.158 0.316 0.030 0.014    0.073 0.028 0.026 0.054 0.052 0.007   -976998    0 
24800:    1.00    0.054    0.159 0.314 0.030 0.014    0.074 0.028 0.026 0.055 0.052 0.007   -977182    0 
24900:    1.00    0.050    0.160 0.321 0.030 0.014    0.075 0.028 0.026 0.055 0.053 0.007   -976792    0 

--------------------------------------------
Proportion of membership of each pre-defined
 population in each of the 4 clusters

Given    Inferred Clusters              Number of
 Pop       1      2      3      4      Individuals

  1:     0.240  0.079  0.552  0.129       23
--------------------------------------------

 Rep#:   Lambda   Alpha      F1    F2    F3    F4     D1,2  D1,3  D1,4  D2,3  D2,4  D3,4    Ln Like  Est Ln P(D)
25000:    1.00    0.058    0.161 0.321 0.030 0.014    0.076 0.028 0.026 0.055 0.053 0.007   -977268    0 
25100:    1.00    0.039    0.162 0.318 0.030 0.013    0.075 0.028 0.026 0.055 0.052 0.007   -977627    0 
25200:    1.00    0.053    0.161 0.319 0.030 0.013    0.075 0.029 0.027 0.055 0.053 0.007   -977398    0 
25300:    1.00    0.052    0.161 0.322 0.030 0.013    0.076 0.028 0.026 0.056 0.053 0.007   -976845    0 
25400:    1.00    0.063    0.163 0.324 0.030 0.013    0.076 0.028 0.027 0.056 0.053 0.007   -977526    0 
25500:    1.00    0.072    0.165 0.327 0.030 0.013    0.077 0.029 0.027 0.056 0.054 0.007   -977473    0 
25600:    1.00    0.063    0.165 0.327 0.030 0.013    0.076 0.029 0.027 0.056 0.054 0.007   -977321    0 
25700:    1.00    0.078    0.165 0.331 0.030 0.013    0.077 0.029 0.027 0.057 0.054 0.007   -976681    0 
25800:    1.00    0.097    0.164 0.334 0.030 0.013    0.078 0.029 0.027 0.058 0.055 0.007   -977410    0 
25900:    1.00    0.075    0.164 0.343 0.030 0.013    0.079 0.029 0.027 0.058 0.056 0.007   -977316    0 

--------------------------------------------
Proportion of membership of each pre-defined
 population in each of the 4 clusters

Given    Inferred Clusters              Number of
 Pop       1      2      3      4      Individuals

  1:     0.240  0.075  0.553  0.132       23
--------------------------------------------

 Rep#:   Lambda   Alpha      F1    F2    F3    F4     D1,2  D1,3  D1,4  D2,3  D2,4  D3,4    Ln Like  Est Ln P(D)
26000:    1.00    0.052    0.165 0.346 0.030 0.013    0.079 0.029 0.027 0.059 0.056 0.007   -977684    0 
26100:    1.00    0.073    0.165 0.346 0.030 0.014    0.079 0.029 0.027 0.059 0.057 0.007   -977345    0 
26200:    1.00    0.056    0.165 0.344 0.030 0.014    0.079 0.028 0.027 0.059 0.056 0.007   -977275    0 
26300:    1.00    0.051    0.164 0.349 0.030 0.014    0.080 0.029 0.027 0.059 0.057 0.007   -977582    0 
26400:    1.00    0.088    0.168 0.353 0.030 0.014    0.081 0.029 0.027 0.060 0.058 0.007   -977475    0 
26500:    1.00    0.068    0.167 0.351 0.030 0.014    0.081 0.029 0.027 0.060 0.057 0.007   -976713    0 
26600:    1.00    0.053    0.166 0.351 0.031 0.014    0.080 0.029 0.027 0.059 0.057 0.007   -976926    0 
26700:    1.00    0.049    0.167 0.348 0.031 0.014    0.081 0.029 0.027 0.060 0.058 0.007   -977089    0 
26800:    1.00    0.081    0.167 0.351 0.031 0.013    0.081 0.029 0.027 0.061 0.058 0.007   -976918    0 
26900:    1.00    0.060    0.167 0.349 0.031 0.013    0.081 0.029 0.027 0.059 0.057 0.007   -976792    0 

--------------------------------------------
Proportion of membership of each pre-defined
 population in each of the 4 clusters

Given    Inferred Clusters              Number of
 Pop       1      2      3      4      Individuals

  1:     0.237  0.075  0.556  0.132       23
--------------------------------------------

 Rep#:   Lambda   Alpha      F1    F2    F3    F4     D1,2  D1,3  D1,4  D2,3  D2,4  D3,4    Ln Like  Est Ln P(D)
27000:    1.00    0.046    0.166 0.350 0.031 0.013    0.080 0.029 0.027 0.059 0.056 0.007   -977160    0 
27100:    1.00    0.064    0.167 0.352 0.031 0.013    0.080 0.029 0.027 0.060 0.057 0.007   -977467    0 
27200:    1.00    0.079    0.165 0.353 0.031 0.013    0.080 0.029 0.027 0.060 0.057 0.007   -976942    0 
27300:    1.00    0.060    0.164 0.360 0.031 0.013    0.081 0.029 0.027 0.061 0.059 0.007   -977384    0 
27400:    1.00    0.069    0.163 0.360 0.031 0.013    0.082 0.029 0.026 0.062 0.059 0.007   -977712    0 
27500:    1.00    0.064    0.163 0.362 0.032 0.013    0.082 0.029 0.027 0.062 0.059 0.007   -976927    0 
27600:    1.00    0.073    0.165 0.363 0.032 0.013    0.083 0.029 0.027 0.063 0.060 0.007   -977080    0 
27700:    1.00    0.068    0.168 0.365 0.032 0.013    0.084 0.029 0.027 0.063 0.060 0.007   -977410    0 
27800:    1.00    0.050    0.165 0.371 0.032 0.013    0.084 0.029 0.027 0.064 0.061 0.007   -976954    0 
27900:    1.00    0.055    0.166 0.371 0.032 0.013    0.085 0.029 0.027 0.064 0.061 0.007   -977215    0 

--------------------------------------------
Proportion of membership of each pre-defined
 population in each of the 4 clusters

Given    Inferred Clusters              Number of
 Pop       1      2      3      4      Individuals

  1:     0.242  0.073  0.553  0.133       23
--------------------------------------------

 Rep#:   Lambda   Alpha      F1    F2    F3    F4     D1,2  D1,3  D1,4  D2,3  D2,4  D3,4    Ln Like  Est Ln P(D)
28000:    1.00    0.054    0.166 0.373 0.032 0.013    0.085 0.029 0.027 0.064 0.061 0.007   -977206    0 
28100:    1.00    0.061    0.165 0.377 0.032 0.013    0.085 0.029 0.027 0.064 0.062 0.007   -977830    0 
28200:    1.00    0.052    0.165 0.377 0.032 0.014    0.084 0.029 0.027 0.064 0.061 0.007   -977148    0 
28300:    1.00    0.048    0.163 0.379 0.032 0.014    0.084 0.029 0.027 0.064 0.061 0.007   -977380    0 
28400:    1.00    0.063    0.160 0.383 0.032 0.014    0.086 0.028 0.026 0.065 0.063 0.007   -977296    0 
28500:    1.00    0.062    0.161 0.384 0.032 0.014    0.086 0.028 0.026 0.066 0.063 0.007   -977304    0 
28600:    1.00    0.053    0.159 0.384 0.032 0.014    0.085 0.028 0.026 0.065 0.062 0.007   -977471    0 
28700:    1.00    0.047    0.156 0.393 0.032 0.014    0.086 0.028 0.026 0.068 0.065 0.007   -977567    0 
28800:    1.00    0.070    0.154 0.391 0.032 0.014    0.086 0.028 0.026 0.067 0.064 0.007   -977484    0 
28900:    1.00    0.037    0.160 0.395 0.032 0.014    0.087 0.028 0.026 0.068 0.065 0.007   -977369    0 

--------------------------------------------
Proportion of membership of each pre-defined
 population in each of the 4 clusters

Given    Inferred Clusters              Number of
 Pop       1      2      3      4      Individuals

  1:     0.243  0.069  0.553  0.135       23
--------------------------------------------

 Rep#:   Lambda   Alpha      F1    F2    F3    F4     D1,2  D1,3  D1,4  D2,3  D2,4  D3,4    Ln Like  Est Ln P(D)
29000:    1.00    0.061    0.160 0.395 0.032 0.014    0.087 0.028 0.026 0.068 0.065 0.007   -977078    0 
29100:    1.00    0.064    0.160 0.396 0.032 0.014    0.086 0.028 0.026 0.067 0.064 0.007   -976746    0 
29200:    1.00    0.044    0.160 0.396 0.032 0.014    0.087 0.029 0.027 0.068 0.065 0.007   -977352    0 
29300:    1.00    0.061    0.161 0.394 0.032 0.014    0.087 0.029 0.027 0.068 0.065 0.007   -977648    0 
29400:    1.00    0.049    0.162 0.392 0.032 0.014    0.086 0.029 0.026 0.066 0.063 0.007   -977610    0 
29500:    1.00    0.050    0.163 0.393 0.032 0.014    0.087 0.029 0.026 0.067 0.064 0.007   -976987    0 
29600:    1.00    0.041    0.163 0.394 0.032 0.014    0.087 0.029 0.027 0.067 0.064 0.007   -977043    0 
29700:    1.00    0.056    0.163 0.401 0.032 0.014    0.089 0.029 0.027 0.069 0.066 0.007   -977693    0 
29800:    1.00    0.050    0.163 0.404 0.032 0.014    0.088 0.029 0.027 0.068 0.065 0.007   -977076    0 
29900:    1.00    0.062    0.164 0.401 0.032 0.014    0.089 0.029 0.027 0.068 0.066 0.007   -977601    0 

--------------------------------------------
Proportion of membership of each pre-defined
 population in each of the 4 clusters

Given    Inferred Clusters              Number of
 Pop       1      2      3      4      Individuals

  1:     0.247  0.069  0.549  0.135       23
--------------------------------------------

 Rep#:   Lambda   Alpha      F1    F2    F3    F4     D1,2  D1,3  D1,4  D2,3  D2,4  D3,4    Ln Like  Est Ln P(D)
30000:    1.00    0.063    0.165 0.400 0.032 0.014    0.089 0.029 0.027 0.068 0.066 0.007   -977202    0 
30100:    1.00    0.045    0.165 0.397 0.032 0.014    0.087 0.029 0.027 0.067 0.065 0.007   -977433    0 
30200:    1.00    0.037    0.164 0.396 0.032 0.014    0.087 0.029 0.027 0.067 0.064 0.007   -976846    0 
30300:    1.00    0.061    0.165 0.394 0.032 0.014    0.088 0.029 0.027 0.068 0.065 0.007   -977049    0 
30400:    1.00    0.046    0.164 0.395 0.032 0.014    0.087 0.029 0.027 0.067 0.064 0.007   -977055    0 
30500:    1.00    0.042    0.164 0.396 0.032 0.014    0.087 0.029 0.027 0.067 0.064 0.007   -976875    0 
30600:    1.00    0.047    0.164 0.396 0.032 0.014    0.088 0.029 0.027 0.068 0.065 0.007   -976852    0 
30700:    1.00    0.060    0.162 0.395 0.032 0.014    0.088 0.029 0.027 0.068 0.064 0.007   -977532    0 
30800:    1.00    0.048    0.161 0.395 0.032 0.014    0.087 0.029 0.027 0.068 0.064 0.007   -977143    0 
30900:    1.00    0.063    0.163 0.397 0.032 0.014    0.087 0.029 0.027 0.067 0.065 0.007   -977103    0 

--------------------------------------------
Proportion of membership of each pre-defined
 population in each of the 4 clusters

Given    Inferred Clusters              Number of
 Pop       1      2      3      4      Individuals

  1:     0.247  0.070  0.548  0.135       23
--------------------------------------------

 Rep#:   Lambda   Alpha      F1    F2    F3    F4     D1,2  D1,3  D1,4  D2,3  D2,4  D3,4    Ln Like  Est Ln P(D)
31000:    1.00    0.071    0.164 0.401 0.032 0.014    0.088 0.029 0.027 0.068 0.066 0.007   -977148    0 
31100:    1.00    0.093    0.163 0.397 0.032 0.014    0.088 0.029 0.027 0.068 0.065 0.007   -977238    0 
31200:    1.00    0.090    0.163 0.396 0.032 0.014    0.088 0.029 0.027 0.068 0.065 0.007   -977251    0 
31300:    1.00    0.087    0.162 0.399 0.032 0.014    0.088 0.029 0.026 0.068 0.066 0.007   -977337    0 
31400:    1.00    0.077    0.163 0.406 0.032 0.014    0.089 0.029 0.027 0.068 0.066 0.007   -976949    0 
31500:    1.00    0.076    0.165 0.402 0.032 0.014    0.088 0.029 0.027 0.068 0.065 0.007   -977041    0 
31600:    1.00    0.070    0.165 0.405 0.032 0.014    0.090 0.029 0.027 0.069 0.067 0.007   -977448    0 
31700:    1.00    0.070    0.167 0.404 0.032 0.014    0.090 0.029 0.027 0.069 0.067 0.007   -977247    0 
31800:    1.00    0.054    0.165 0.410 0.032 0.014    0.091 0.029 0.027 0.070 0.067 0.007   -977088    0 
31900:    1.00    0.043    0.165 0.410 0.032 0.014    0.090 0.029 0.027 0.070 0.067 0.007   -977004    0 

--------------------------------------------
Proportion of membership of each pre-defined
 population in each of the 4 clusters

Given    Inferred Clusters              Number of
 Pop       1      2      3      4      Individuals

  1:     0.237  0.069  0.558  0.136       23
--------------------------------------------

 Rep#:   Lambda   Alpha      F1    F2    F3    F4     D1,2  D1,3  D1,4  D2,3  D2,4  D3,4    Ln Like  Est Ln P(D)
32000:    1.00    0.064    0.163 0.409 0.032 0.014    0.088 0.029 0.027 0.068 0.066 0.007   -977588    0 
32100:    1.00    0.070    0.161 0.414 0.032 0.014    0.090 0.028 0.026 0.070 0.067 0.007   -977634    0 
32200:    1.00    0.045    0.161 0.412 0.032 0.014    0.091 0.029 0.027 0.070 0.068 0.007   -977238    0 
32300:    1.00    0.065    0.163 0.416 0.032 0.014    0.090 0.029 0.027 0.071 0.067 0.007   -977727    0 
32400:    1.00    0.043    0.161 0.420 0.032 0.014    0.091 0.029 0.027 0.072 0.069 0.007   -977251    0 
32500:    1.00    0.061    0.164 0.423 0.032 0.014    0.092 0.029 0.027 0.072 0.069 0.007   -977430    0 
32600:    1.00    0.074    0.164 0.421 0.033 0.014    0.093 0.029 0.027 0.073 0.070 0.007   -977839    0 
32700:    1.00    0.082    0.164 0.420 0.033 0.014    0.091 0.029 0.027 0.071 0.068 0.007   -977457    0 
32800:    1.00    0.054    0.164 0.414 0.033 0.014    0.091 0.029 0.027 0.071 0.068 0.007   -977481    0 
32900:    1.00    0.065    0.164 0.415 0.033 0.014    0.091 0.029 0.027 0.071 0.068 0.007   -977359    0 

--------------------------------------------
Proportion of membership of each pre-defined
 population in each of the 4 clusters

Given    Inferred Clusters              Number of
 Pop       1      2      3      4      Individuals

  1:     0.243  0.069  0.552  0.136       23
--------------------------------------------

 Rep#:   Lambda   Alpha      F1    F2    F3    F4     D1,2  D1,3  D1,4  D2,3  D2,4  D3,4    Ln Like  Est Ln P(D)
33000:    1.00    0.044    0.166 0.411 0.033 0.014    0.091 0.029 0.027 0.070 0.068 0.007   -977534    0 
33100:    1.00    0.097    0.166 0.413 0.033 0.014    0.090 0.029 0.028 0.070 0.067 0.007   -976687    0 
33200:    1.00    0.053    0.166 0.413 0.033 0.015    0.090 0.029 0.027 0.070 0.067 0.007   -977518    0 
33300:    1.00    0.048    0.166 0.417 0.033 0.015    0.090 0.029 0.027 0.070 0.068 0.007   -977257    0 
33400:    1.00    0.044    0.166 0.420 0.033 0.015    0.091 0.029 0.027 0.071 0.068 0.007   -976964    0 
33500:    1.00    0.072    0.166 0.426 0.033 0.015    0.093 0.029 0.027 0.073 0.070 0.007   -976953    0 
33600:    1.00    0.059    0.165 0.426 0.033 0.015    0.093 0.029 0.027 0.072 0.070 0.007   -977281    0 
33700:    1.00    0.080    0.164 0.427 0.033 0.015    0.093 0.029 0.027 0.073 0.070 0.007   -977394    0 
33800:    1.00    0.069    0.166 0.428 0.033 0.015    0.093 0.029 0.027 0.073 0.071 0.007   -977434    0 
33900:    1.00    0.041    0.164 0.428 0.033 0.015    0.092 0.029 0.027 0.072 0.070 0.007   -977269    0 

--------------------------------------------
Proportion of membership of each pre-defined
 population in each of the 4 clusters

Given    Inferred Clusters              Number of
 Pop       1      2      3      4      Individuals

  1:     0.245  0.067  0.551  0.137       23
--------------------------------------------

 Rep#:   Lambda   Alpha      F1    F2    F3    F4     D1,2  D1,3  D1,4  D2,3  D2,4  D3,4    Ln Like  Est Ln P(D)
34000:    1.00    0.073    0.164 0.428 0.033 0.015    0.092 0.029 0.027 0.072 0.069 0.007   -977229    0 
34100:    1.00    0.065    0.164 0.428 0.034 0.015    0.093 0.029 0.027 0.072 0.070 0.008   -977050    0 
34200:    1.00    0.070    0.164 0.426 0.034 0.015    0.092 0.029 0.027 0.072 0.069 0.008   -976866    0 
34300:    1.00    0.078    0.163 0.429 0.034 0.015    0.093 0.029 0.027 0.073 0.070 0.008   -976587    0 
34400:    1.00    0.049    0.164 0.429 0.034 0.015    0.093 0.029 0.027 0.073 0.070 0.008   -977115    0 
34500:    1.00    0.053    0.163 0.430 0.034 0.016    0.093 0.029 0.027 0.074 0.071 0.008   -976910    0 
34600:    1.00    0.048    0.164 0.431 0.034 0.016    0.094 0.029 0.027 0.074 0.071 0.008   -976941    0 
34700:    1.00    0.052    0.166 0.441 0.034 0.016    0.096 0.029 0.027 0.075 0.073 0.008   -976765    0 
34800:    1.00    0.083    0.166 0.446 0.034 0.016    0.095 0.029 0.028 0.075 0.073 0.008   -977397    0 
34900:    1.00    0.078    0.165 0.447 0.033 0.017    0.095 0.029 0.027 0.076 0.073 0.008   -976964    0 

--------------------------------------------
Proportion of membership of each pre-defined
 population in each of the 4 clusters

Given    Inferred Clusters              Number of
 Pop       1      2      3      4      Individuals

  1:     0.249  0.065  0.547  0.139       23
--------------------------------------------

 Rep#:   Lambda   Alpha      F1    F2    F3    F4     D1,2  D1,3  D1,4  D2,3  D2,4  D3,4    Ln Like  Est Ln P(D)
35000:    1.00    0.107    0.163 0.448 0.033 0.017    0.096 0.029 0.027 0.076 0.074 0.008   -977233    0 
35100:    1.00    0.062    0.163 0.445 0.033 0.017    0.095 0.029 0.027 0.075 0.073 0.008   -977408    0 
35200:    1.00    0.085    0.162 0.449 0.033 0.017    0.097 0.029 0.027 0.077 0.074 0.008   -977328    0 
35300:    1.00    0.066    0.164 0.450 0.033 0.017    0.097 0.029 0.027 0.078 0.075 0.008   -977176    0 
35400:    1.00    0.041    0.164 0.451 0.033 0.017    0.097 0.029 0.028 0.076 0.074 0.008   -977541    0 
35500:    1.00    0.074    0.166 0.452 0.033 0.018    0.097 0.029 0.028 0.077 0.074 0.008   -977213    0 
35600:    1.00    0.066    0.164 0.454 0.033 0.018    0.096 0.029 0.028 0.076 0.074 0.008   -976846    0 
35700:    1.00    0.079    0.165 0.461 0.033 0.018    0.098 0.029 0.028 0.078 0.076 0.008   -976565    0 
35800:    1.00    0.076    0.165 0.465 0.033 0.018    0.100 0.029 0.027 0.079 0.077 0.008   -976488    0 
35900:    1.00    0.084    0.164 0.464 0.033 0.018    0.099 0.029 0.028 0.079 0.076 0.008   -976786    0 

--------------------------------------------
Proportion of membership of each pre-defined
 population in each of the 4 clusters

Given    Inferred Clusters              Number of
 Pop       1      2      3      4      Individuals

  1:     0.242  0.065  0.555  0.138       23
--------------------------------------------

 Rep#:   Lambda   Alpha      F1    F2    F3    F4     D1,2  D1,3  D1,4  D2,3  D2,4  D3,4    Ln Like  Est Ln P(D)
36000:    1.00    0.057    0.162 0.467 0.033 0.018    0.099 0.029 0.027 0.079 0.077 0.008   -976976    0 
36100:    1.00    0.053    0.162 0.472 0.033 0.018    0.099 0.029 0.027 0.080 0.077 0.008   -976612    0 
36200:    1.00    0.049    0.162 0.473 0.033 0.018    0.099 0.029 0.027 0.080 0.077 0.008   -976853    0 
36300:    1.00    0.057    0.161 0.473 0.033 0.018    0.099 0.028 0.027 0.080 0.078 0.008   -976466    0 
36400:    1.00    0.067    0.161 0.469 0.033 0.018    0.100 0.028 0.027 0.080 0.078 0.008   -977242    0 
36500:    1.00    0.046    0.159 0.469 0.034 0.018    0.099 0.029 0.027 0.080 0.078 0.008   -977043    0 
36600:    1.00    0.049    0.161 0.469 0.034 0.018    0.099 0.028 0.027 0.080 0.078 0.008   -976844    0 
36700:    1.00    0.060    0.163 0.472 0.034 0.018    0.100 0.029 0.027 0.080 0.077 0.008   -976609    0 
36800:    1.00    0.048    0.162 0.473 0.034 0.018    0.100 0.029 0.028 0.080 0.077 0.008   -976654    0 
36900:    1.00    0.069    0.161 0.471 0.034 0.020    0.100 0.029 0.028 0.080 0.078 0.008   -976408    0 

--------------------------------------------
Proportion of membership of each pre-defined
 population in each of the 4 clusters

Given    Inferred Clusters              Number of
 Pop       1      2      3      4      Individuals

  1:     0.248  0.064  0.549  0.138       23
--------------------------------------------

 Rep#:   Lambda   Alpha      F1    F2    F3    F4     D1,2  D1,3  D1,4  D2,3  D2,4  D3,4    Ln Like  Est Ln P(D)
37000:    1.00    0.054    0.165 0.469 0.034 0.020    0.100 0.029 0.028 0.080 0.079 0.008   -977000    0 
37100:    1.00    0.089    0.162 0.471 0.034 0.020    0.099 0.029 0.028 0.080 0.078 0.008   -977163    0 
37200:    1.00    0.067    0.163 0.469 0.034 0.020    0.099 0.029 0.028 0.079 0.077 0.008   -976100    0 
37300:    1.00    0.070    0.158 0.468 0.034 0.020    0.099 0.028 0.027 0.079 0.077 0.008   -976762    0 
37400:    1.00    0.081    0.159 0.469 0.034 0.020    0.100 0.029 0.027 0.080 0.078 0.008   -976750    0 
37500:    1.00    0.055    0.159 0.472 0.034 0.020    0.100 0.029 0.027 0.080 0.078 0.008   -976783    0 
37600:    1.00    0.079    0.158 0.474 0.034 0.021    0.100 0.029 0.027 0.081 0.079 0.009   -976178    0 
37700:    1.00    0.074    0.157 0.473 0.034 0.021    0.099 0.028 0.027 0.080 0.079 0.008   -976717    0 
37800:    1.00    0.060    0.157 0.472 0.034 0.021    0.099 0.028 0.027 0.080 0.078 0.009   -976466    0 
37900:    1.00    0.066    0.159 0.476 0.034 0.021    0.100 0.029 0.028 0.080 0.079 0.009   -976745    0 

--------------------------------------------
Proportion of membership of each pre-defined
 population in each of the 4 clusters

Given    Inferred Clusters              Number of
 Pop       1      2      3      4      Individuals

  1:     0.246  0.063  0.551  0.140       23
--------------------------------------------

 Rep#:   Lambda   Alpha      F1    F2    F3    F4     D1,2  D1,3  D1,4  D2,3  D2,4  D3,4    Ln Like  Est Ln P(D)
38000:    1.00    0.057    0.159 0.484 0.034 0.021    0.101 0.028 0.028 0.082 0.080 0.009   -976862    0 
38100:    1.00    0.051    0.164 0.488 0.034 0.021    0.103 0.029 0.028 0.083 0.080 0.008   -976968    0 
38200:    1.00    0.066    0.164 0.492 0.034 0.022    0.103 0.029 0.028 0.083 0.081 0.009   -976261    0 
38300:    1.00    0.051    0.169 0.489 0.034 0.022    0.104 0.030 0.029 0.083 0.081 0.009   -976635    0 
38400:    1.00    0.099    0.163 0.493 0.034 0.022    0.104 0.029 0.028 0.083 0.081 0.009   -976561    0 
38500:    1.00    0.045    0.164 0.495 0.034 0.022    0.105 0.030 0.028 0.085 0.083 0.009   -976367    0 
38600:    1.00    0.081    0.162 0.497 0.034 0.022    0.105 0.029 0.028 0.085 0.083 0.009   -976239    0 
38700:    1.00    0.071    0.162 0.498 0.034 0.022    0.104 0.029 0.028 0.085 0.083 0.009   -976800    0 
38800:    1.00    0.067    0.162 0.504 0.034 0.022    0.106 0.029 0.028 0.085 0.084 0.009   -976057    0 
38900:    1.00    0.074    0.163 0.505 0.034 0.022    0.106 0.029 0.028 0.086 0.084 0.009   -976206    0 

--------------------------------------------
Proportion of membership of each pre-defined
 population in each of the 4 clusters

Given    Inferred Clusters              Number of
 Pop       1      2      3      4      Individuals

  1:     0.242  0.061  0.551  0.146       23
--------------------------------------------

 Rep#:   Lambda   Alpha      F1    F2    F3    F4     D1,2  D1,3  D1,4  D2,3  D2,4  D3,4    Ln Like  Est Ln P(D)
39000:    1.00    0.090    0.162 0.510 0.034 0.022    0.105 0.029 0.028 0.086 0.084 0.009   -976293    0 
39100:    1.00    0.085    0.163 0.511 0.034 0.022    0.106 0.029 0.028 0.086 0.084 0.009   -976445    0 
39200:    1.00    0.071    0.161 0.514 0.034 0.022    0.107 0.029 0.028 0.087 0.085 0.009   -976081    0 
39300:    1.00    0.101    0.159 0.516 0.035 0.022    0.108 0.029 0.028 0.088 0.086 0.009   -976574    0 
39400:    1.00    0.081    0.159 0.519 0.035 0.022    0.108 0.028 0.027 0.088 0.086 0.009   -975917    0 
39500:    1.00    0.053    0.161 0.526 0.035 0.022    0.107 0.029 0.028 0.088 0.086 0.009   -976842    0 
39600:    1.00    0.064    0.164 0.541 0.035 0.022    0.111 0.029 0.028 0.092 0.090 0.009   -976445    0 
39700:    1.00    0.067    0.163 0.542 0.034 0.023    0.112 0.029 0.028 0.092 0.090 0.009   -976749    0 
39800:    1.00    0.060    0.161 0.545 0.034 0.023    0.111 0.029 0.028 0.092 0.090 0.009   -976477    0 
39900:    1.00    0.056    0.161 0.545 0.034 0.023    0.111 0.028 0.028 0.092 0.090 0.009   -977017    0 

--------------------------------------------
Proportion of membership of each pre-defined
 population in each of the 4 clusters

Given    Inferred Clusters              Number of
 Pop       1      2      3      4      Individuals

  1:     0.245  0.058  0.551  0.146       23
--------------------------------------------

 Rep#:   Lambda   Alpha      F1    F2    F3    F4     D1,2  D1,3  D1,4  D2,3  D2,4  D3,4    Ln Like  Est Ln P(D)
40000:    1.00    0.045    0.161 0.552 0.034 0.023    0.114 0.029 0.028 0.094 0.092 0.009   -976662    0 
40100:    1.00    0.055    0.164 0.563 0.034 0.023    0.115 0.029 0.028 0.094 0.093 0.009   -976893    0 
40200:    1.00    0.047    0.165 0.562 0.034 0.023    0.115 0.030 0.029 0.095 0.093 0.009   -976565    0 
40300:    1.00    0.056    0.165 0.560 0.034 0.023    0.115 0.030 0.029 0.095 0.093 0.009   -976626    0 
40400:    1.00    0.063    0.165 0.560 0.034 0.023    0.116 0.029 0.029 0.095 0.093 0.009   -976528    0 
40500:    1.00    0.058    0.165 0.562 0.034 0.023    0.116 0.029 0.029 0.095 0.094 0.009   -976556    0 
40600:    1.00    0.059    0.165 0.562 0.034 0.023    0.114 0.029 0.029 0.095 0.093 0.009   -976716    0 
40700:    1.00    0.054    0.166 0.568 0.034 0.023    0.117 0.030 0.029 0.096 0.094 0.009   -976625    0 
40800:    1.00    0.061    0.166 0.579 0.034 0.023    0.117 0.029 0.029 0.097 0.095 0.009   -976848    0 
40900:    1.00    0.059    0.165 0.577 0.034 0.023    0.117 0.029 0.028 0.097 0.095 0.009   -976631    0 

--------------------------------------------
Proportion of membership of each pre-defined
 population in each of the 4 clusters

Given    Inferred Clusters              Number of
 Pop       1      2      3      4      Individuals

  1:     0.245  0.057  0.551  0.147       23
--------------------------------------------

 Rep#:   Lambda   Alpha      F1    F2    F3    F4     D1,2  D1,3  D1,4  D2,3  D2,4  D3,4    Ln Like  Est Ln P(D)
41000:    1.00    0.067    0.166 0.580 0.034 0.023    0.117 0.029 0.028 0.098 0.096 0.009   -976657    0 
41100:    1.00    0.059    0.164 0.580 0.034 0.023    0.117 0.029 0.028 0.098 0.096 0.009   -976882    0 
41200:    1.00    0.080    0.165 0.583 0.034 0.023    0.119 0.029 0.029 0.099 0.097 0.009   -976725    0 
41300:    1.00    0.076    0.165 0.584 0.034 0.023    0.119 0.030 0.029 0.099 0.097 0.009   -976898    0 
41400:    1.00    0.090    0.164 0.593 0.035 0.023    0.120 0.029 0.028 0.100 0.098 0.009   -976808    0 
41500:    1.00    0.054    0.165 0.592 0.035 0.024    0.120 0.029 0.028 0.100 0.098 0.009   -976610    0 
41600:    1.00    0.060    0.164 0.594 0.035 0.024    0.121 0.030 0.029 0.101 0.099 0.009   -975714    0 
41700:    1.00    0.072    0.166 0.598 0.035 0.024    0.121 0.029 0.028 0.101 0.099 0.009   -976174    0 
41800:    1.00    0.053    0.167 0.601 0.035 0.024    0.123 0.030 0.029 0.102 0.100 0.009   -976497    0 
41900:    1.00    0.053    0.168 0.607 0.035 0.024    0.123 0.030 0.029 0.102 0.101 0.009   -976283    0 

--------------------------------------------
Proportion of membership of each pre-defined
 population in each of the 4 clusters

Given    Inferred Clusters              Number of
 Pop       1      2      3      4      Individuals

  1:     0.240  0.056  0.556  0.148       23
--------------------------------------------

 Rep#:   Lambda   Alpha      F1    F2    F3    F4     D1,2  D1,3  D1,4  D2,3  D2,4  D3,4    Ln Like  Est Ln P(D)
42000:    1.00    0.047    0.169 0.614 0.034 0.024    0.125 0.030 0.029 0.105 0.103 0.009   -976403    0 
42100:    1.00    0.066    0.167 0.617 0.034 0.024    0.124 0.030 0.029 0.103 0.102 0.009   -976985    0 
42200:    1.00    0.056    0.170 0.618 0.034 0.024    0.125 0.030 0.030 0.104 0.102 0.009   -976463    0 
42300:    1.00    0.073    0.170 0.620 0.034 0.025    0.126 0.030 0.030 0.104 0.103 0.009   -977033    0 
42400:    1.00    0.082    0.170 0.624 0.034 0.025    0.126 0.030 0.030 0.105 0.104 0.009   -976771    0 
42500:    1.00    0.065    0.165 0.626 0.034 0.025    0.127 0.030 0.029 0.106 0.105 0.009   -976444    0 
42600:    1.00    0.071    0.163 0.625 0.034 0.025    0.126 0.029 0.028 0.105 0.104 0.009   -976610    0 
42700:    1.00    0.070    0.165 0.624 0.033 0.025    0.126 0.029 0.029 0.105 0.104 0.009   -976665    0 
42800:    1.00    0.063    0.166 0.630 0.033 0.025    0.127 0.029 0.029 0.106 0.105 0.009   -976405    0 
42900:    1.00    0.062    0.164 0.631 0.033 0.025    0.126 0.029 0.028 0.106 0.105 0.009   -976650    0 

--------------------------------------------
Proportion of membership of each pre-defined
 population in each of the 4 clusters

Given    Inferred Clusters              Number of
 Pop       1      2      3      4      Individuals

  1:     0.242  0.055  0.554  0.149       23
--------------------------------------------

 Rep#:   Lambda   Alpha      F1    F2    F3    F4     D1,2  D1,3  D1,4  D2,3  D2,4  D3,4    Ln Like  Est Ln P(D)
43000:    1.00    0.070    0.163 0.636 0.033 0.025    0.128 0.029 0.029 0.108 0.107 0.009   -976308    0 
43100:    1.00    0.075    0.160 0.640 0.033 0.025    0.128 0.029 0.028 0.107 0.106 0.009   -977073    0 
43200:    1.00    0.070    0.158 0.648 0.033 0.025    0.128 0.028 0.028 0.110 0.108 0.009   -976100    0 
43300:    1.00    0.068    0.159 0.660 0.033 0.025    0.130 0.028 0.028 0.111 0.110 0.009   -976909    0 
43400:    1.00    0.055    0.158 0.660 0.032 0.025    0.130 0.028 0.028 0.110 0.109 0.009   -976165    0 
43500:    1.00    0.059    0.158 0.658 0.032 0.026    0.131 0.028 0.028 0.111 0.109 0.009   -976935    0 
43600:    1.00    0.078    0.159 0.658 0.032 0.026    0.131 0.028 0.028 0.111 0.110 0.009   -976593    0 
43700:    1.00    0.080    0.158 0.661 0.033 0.026    0.130 0.028 0.028 0.111 0.110 0.009   -976687    0 
43800:    1.00    0.035    0.161 0.663 0.032 0.026    0.131 0.028 0.028 0.111 0.110 0.009   -976542    0 
43900:    1.00    0.056    0.162 0.663 0.032 0.026    0.130 0.029 0.028 0.110 0.110 0.009   -976197    0 

--------------------------------------------
Proportion of membership of each pre-defined
 population in each of the 4 clusters

Given    Inferred Clusters              Number of
 Pop       1      2      3      4      Individuals

  1:     0.244  0.053  0.554  0.148       23
--------------------------------------------

 Rep#:   Lambda   Alpha      F1    F2    F3    F4     D1,2  D1,3  D1,4  D2,3  D2,4  D3,4    Ln Like  Est Ln P(D)
44000:    1.00    0.094    0.166 0.662 0.032 0.026    0.132 0.029 0.029 0.112 0.111 0.009   -976969    0 
44100:    1.00    0.093    0.165 0.666 0.033 0.026    0.134 0.029 0.028 0.113 0.112 0.009   -976425    0 
44200:    1.00    0.071    0.166 0.675 0.032 0.026    0.134 0.029 0.029 0.113 0.112 0.009   -976472    0 
44300:    1.00    0.078    0.166 0.676 0.032 0.027    0.135 0.029 0.029 0.113 0.112 0.009   -976408    0 
44400:    1.00    0.065    0.167 0.677 0.032 0.028    0.135 0.029 0.030 0.113 0.113 0.009   -976124    0 
44500:    1.00    0.085    0.165 0.679 0.032 0.028    0.135 0.029 0.029 0.114 0.113 0.009   -976197    0 
44600:    1.00    0.070    0.164 0.681 0.032 0.028    0.136 0.029 0.030 0.115 0.114 0.009   -976151    0 
44700:    1.00    0.065    0.163 0.684 0.032 0.028    0.135 0.029 0.029 0.115 0.115 0.009   -976259    0 
44800:    1.00    0.066    0.164 0.688 0.032 0.028    0.136 0.029 0.029 0.115 0.115 0.009   -976040    0 
44900:    1.00    0.071    0.162 0.685 0.032 0.028    0.135 0.028 0.029 0.115 0.114 0.009   -976232    0 

--------------------------------------------
Proportion of membership of each pre-defined
 population in each of the 4 clusters

Given    Inferred Clusters              Number of
 Pop       1      2      3      4      Individuals

  1:     0.243  0.052  0.558  0.146       23
--------------------------------------------

 Rep#:   Lambda   Alpha      F1    F2    F3    F4     D1,2  D1,3  D1,4  D2,3  D2,4  D3,4    Ln Like  Est Ln P(D)
45000:    1.00    0.063    0.162 0.687 0.032 0.028    0.135 0.029 0.029 0.116 0.116 0.009   -976429    0 
45100:    1.00    0.057    0.161 0.685 0.032 0.028    0.135 0.029 0.029 0.115 0.115 0.009   -976798    0 
45200:    1.00    0.062    0.161 0.685 0.031 0.028    0.136 0.029 0.029 0.116 0.115 0.009   -976388    0 
45300:    1.00    0.087    0.161 0.685 0.031 0.028    0.135 0.028 0.029 0.115 0.115 0.009   -976602    0 
45400:    1.00    0.062    0.161 0.686 0.031 0.028    0.133 0.028 0.029 0.114 0.113 0.009   -976556    0 
45500:    1.00    0.088    0.161 0.688 0.031 0.028    0.136 0.028 0.029 0.116 0.116 0.009   -976068    0 
45600:    1.00    0.062    0.161 0.685 0.031 0.028    0.136 0.029 0.029 0.116 0.115 0.009   -976326    0 
45700:    1.00    0.080    0.160 0.685 0.031 0.029    0.136 0.028 0.029 0.115 0.115 0.009   -975904    0 
45800:    1.00    0.067    0.158 0.692 0.031 0.029    0.135 0.028 0.028 0.116 0.116 0.009   -976405    0 
45900:    1.00    0.066    0.158 0.694 0.031 0.029    0.137 0.028 0.028 0.117 0.117 0.009   -976551    0 

--------------------------------------------
Proportion of membership of each pre-defined
 population in each of the 4 clusters

Given    Inferred Clusters              Number of
 Pop       1      2      3      4      Individuals

  1:     0.241  0.053  0.558  0.147       23
--------------------------------------------

 Rep#:   Lambda   Alpha      F1    F2    F3    F4     D1,2  D1,3  D1,4  D2,3  D2,4  D3,4    Ln Like  Est Ln P(D)
46000:    1.00    0.057    0.157 0.695 0.031 0.029    0.135 0.028 0.029 0.116 0.116 0.009   -976109    0 
46100:    1.00    0.063    0.156 0.697 0.031 0.028    0.137 0.028 0.028 0.118 0.117 0.009   -976610    0 
46200:    1.00    0.078    0.159 0.696 0.031 0.029    0.136 0.028 0.029 0.117 0.116 0.009   -976268    0 
46300:    1.00    0.071    0.160 0.700 0.031 0.029    0.137 0.028 0.029 0.117 0.117 0.009   -976201    0 
46400:    1.00    0.071    0.160 0.701 0.031 0.029    0.139 0.028 0.029 0.118 0.118 0.009   -976016    0 
46500:    1.00    0.072    0.158 0.702 0.031 0.029    0.138 0.028 0.028 0.118 0.118 0.009   -976240    0 
46600:    1.00    0.065    0.157 0.702 0.031 0.030    0.138 0.028 0.028 0.118 0.118 0.009   -976577    0 
46700:    1.00    0.042    0.159 0.702 0.031 0.030    0.138 0.029 0.029 0.119 0.118 0.009   -975666    0 
46800:    1.00    0.087    0.158 0.703 0.031 0.030    0.138 0.028 0.029 0.118 0.118 0.009   -976167    0 
46900:    1.00    0.055    0.158 0.703 0.031 0.030    0.137 0.028 0.029 0.117 0.117 0.010   -976092    0 

--------------------------------------------
Proportion of membership of each pre-defined
 population in each of the 4 clusters

Given    Inferred Clusters              Number of
 Pop       1      2      3      4      Individuals

  1:     0.247  0.051  0.556  0.146       23
--------------------------------------------

 Rep#:   Lambda   Alpha      F1    F2    F3    F4     D1,2  D1,3  D1,4  D2,3  D2,4  D3,4    Ln Like  Est Ln P(D)
47000:    1.00    0.044    0.159 0.706 0.031 0.030    0.138 0.028 0.029 0.118 0.118 0.009   -975855    0 
47100:    1.00    0.052    0.160 0.706 0.031 0.031    0.138 0.028 0.029 0.119 0.119 0.010   -975856    0 
47200:    1.00    0.055    0.160 0.707 0.031 0.031    0.140 0.028 0.029 0.119 0.119 0.010   -976351    0 
47300:    1.00    0.078    0.157 0.707 0.031 0.031    0.138 0.028 0.028 0.119 0.119 0.010   -976241    0 
47400:    1.00    0.053    0.155 0.713 0.031 0.031    0.138 0.028 0.028 0.120 0.119 0.010   -976087    0 
47500:    1.00    0.082    0.154 0.712 0.031 0.031    0.137 0.027 0.028 0.119 0.119 0.010   -976077    0 
47600:    1.00    0.059    0.154 0.710 0.030 0.031    0.139 0.027 0.028 0.119 0.119 0.009   -976244    0 
47700:    1.00    0.066    0.154 0.710 0.030 0.031    0.139 0.028 0.028 0.119 0.119 0.009   -976295    0 
47800:    1.00    0.073    0.154 0.707 0.030 0.031    0.139 0.027 0.028 0.119 0.119 0.010   -975864    0 
47900:    1.00    0.073    0.154 0.712 0.030 0.031    0.139 0.027 0.028 0.120 0.119 0.009   -976108    0 

--------------------------------------------
Proportion of membership of each pre-defined
 population in each of the 4 clusters

Given    Inferred Clusters              Number of
 Pop       1      2      3      4      Individuals

  1:     0.250  0.051  0.553  0.146       23
--------------------------------------------

 Rep#:   Lambda   Alpha      F1    F2    F3    F4     D1,2  D1,3  D1,4  D2,3  D2,4  D3,4    Ln Like  Est Ln P(D)
48000:    1.00    0.057    0.157 0.712 0.030 0.031    0.139 0.028 0.029 0.119 0.119 0.009   -976170    0 
48100:    1.00    0.052    0.157 0.716 0.030 0.031    0.140 0.028 0.029 0.120 0.120 0.009   -976228    0 
48200:    1.00    0.049    0.156 0.721 0.030 0.032    0.140 0.028 0.029 0.121 0.121 0.010   -976150    0 
48300:    1.00    0.058    0.155 0.729 0.030 0.033    0.142 0.027 0.028 0.123 0.123 0.010   -976225    0 
48400:    1.00    0.044    0.155 0.727 0.030 0.033    0.142 0.027 0.029 0.123 0.124 0.010   -975802    0 
48500:    1.00    0.049    0.154 0.728 0.030 0.033    0.142 0.027 0.028 0.123 0.124 0.010   -976107    0 
48600:    1.00    0.043    0.156 0.731 0.030 0.035    0.142 0.027 0.029 0.123 0.124 0.010   -975342    0 
48700:    1.00    0.045    0.155 0.739 0.030 0.035    0.144 0.027 0.029 0.125 0.126 0.010   -975421    0 
48800:    1.00    0.062    0.154 0.741 0.030 0.036    0.145 0.027 0.029 0.125 0.126 0.010   -975172    0 
48900:    1.00    0.068    0.153 0.742 0.030 0.036    0.144 0.027 0.029 0.124 0.125 0.010   -975446    0 

--------------------------------------------
Proportion of membership of each pre-defined
 population in each of the 4 clusters

Given    Inferred Clusters              Number of
 Pop       1      2      3      4      Individuals

  1:     0.241  0.050  0.562  0.147       23
--------------------------------------------

 Rep#:   Lambda   Alpha      F1    F2    F3    F4     D1,2  D1,3  D1,4  D2,3  D2,4  D3,4    Ln Like  Est Ln P(D)
49000:    1.00    0.042    0.154 0.746 0.030 0.036    0.144 0.027 0.029 0.125 0.126 0.010   -975442    0 
49100:    1.00    0.062    0.157 0.748 0.030 0.036    0.146 0.028 0.030 0.126 0.128 0.010   -975473    0 
49200:    1.00    0.058    0.158 0.752 0.029 0.037    0.146 0.028 0.030 0.126 0.127 0.010   -975273    0 
49300:    1.00    0.057    0.159 0.752 0.029 0.037    0.145 0.028 0.030 0.126 0.127 0.010   -975550    0 
49400:    1.00    0.063    0.160 0.752 0.029 0.037    0.146 0.028 0.030 0.125 0.126 0.010   -975557    0 
49500:    1.00    0.048    0.161 0.753 0.029 0.037    0.146 0.028 0.030 0.126 0.127 0.010   -975079    0 
49600:    1.00    0.071    0.162 0.756 0.029 0.037    0.147 0.028 0.030 0.126 0.127 0.010   -975414    0 
49700:    1.00    0.065    0.162 0.759 0.029 0.037    0.149 0.029 0.030 0.128 0.128 0.010   -975480    0 
49800:    1.00    0.086    0.161 0.764 0.029 0.037    0.148 0.028 0.030 0.128 0.129 0.010   -975453    0 
49900:    1.00    0.067    0.162 0.764 0.029 0.038    0.148 0.028 0.031 0.127 0.129 0.010   -975582    0 

--------------------------------------------
Proportion of membership of each pre-defined
 population in each of the 4 clusters

Given    Inferred Clusters              Number of
 Pop       1      2      3      4      Individuals

  1:     0.231  0.049  0.572  0.148       23
--------------------------------------------

 Rep#:   Lambda   Alpha      F1    F2    F3    F4     D1,2  D1,3  D1,4  D2,3  D2,4  D3,4    Ln Like  Est Ln P(D)
50000:    1.00    0.052    0.162 0.763 0.029 0.039    0.149 0.028 0.031 0.127 0.129 0.010   -975483    0 
50100:    1.00    0.043    0.162 0.763 0.029 0.039    0.149 0.028 0.030 0.129 0.130 0.011   -974998    0 
50200:    1.00    0.053    0.162 0.767 0.029 0.039    0.149 0.028 0.030 0.129 0.130 0.010   -975620    0 
50300:    1.00    0.081    0.162 0.768 0.029 0.040    0.149 0.028 0.030 0.129 0.131 0.011   -975624    0 
50400:    1.00    0.089    0.163 0.769 0.029 0.041    0.149 0.028 0.031 0.128 0.130 0.011   -975320    0 
50500:    1.00    0.083    0.160 0.769 0.029 0.041    0.149 0.028 0.031 0.128 0.130 0.011   -975240    0 
50600:    1.00    0.055    0.160 0.771 0.028 0.041    0.150 0.028 0.030 0.130 0.132 0.011   -975223    0 
50700:    1.00    0.082    0.159 0.771 0.028 0.041    0.150 0.028 0.030 0.129 0.131 0.011   -975104    0 
50800:    1.00    0.083    0.154 0.771 0.028 0.041    0.148 0.027 0.030 0.128 0.130 0.011   -975332    0 
50900:    1.00    0.066    0.156 0.772 0.028 0.041    0.150 0.027 0.030 0.129 0.131 0.011   -974920    0 

--------------------------------------------
Proportion of membership of each pre-defined
 population in each of the 4 clusters

Given    Inferred Clusters              Number of
 Pop       1      2      3      4      Individuals

  1:     0.235  0.049  0.568  0.148       23
--------------------------------------------

 Rep#:   Lambda   Alpha      F1    F2    F3    F4     D1,2  D1,3  D1,4  D2,3  D2,4  D3,4    Ln Like  Est Ln P(D)
51000:    1.00    0.052    0.157 0.774 0.028 0.041    0.150 0.028 0.030 0.130 0.132 0.011   -974973    0 
51100:    1.00    0.062    0.160 0.775 0.028 0.041    0.150 0.028 0.030 0.130 0.132 0.011   -974973    0 
51200:    1.00    0.043    0.159 0.779 0.028 0.041    0.150 0.027 0.030 0.130 0.133 0.011   -975452    0 
51300:    1.00    0.049    0.158 0.780 0.028 0.041    0.151 0.028 0.030 0.131 0.133 0.011   -975448    0 
51400:    1.00    0.070    0.157 0.782 0.028 0.041    0.150 0.027 0.030 0.131 0.133 0.011   -974933    0 
51500:    1.00    0.068    0.155 0.785 0.028 0.041    0.148 0.027 0.030 0.130 0.132 0.011   -975706    0 
51600:    1.00    0.067    0.157 0.787 0.028 0.041    0.152 0.027 0.030 0.132 0.134 0.011   -975804    0 
51700:    1.00    0.050    0.159 0.790 0.028 0.041    0.152 0.027 0.030 0.132 0.134 0.011   -974930    0 
51800:    1.00    0.077    0.162 0.791 0.028 0.042    0.153 0.028 0.031 0.132 0.135 0.011   -975099    0 
51900:    1.00    0.061    0.161 0.792 0.028 0.042    0.153 0.028 0.031 0.133 0.134 0.011   -974584    0 

--------------------------------------------
Proportion of membership of each pre-defined
 population in each of the 4 clusters

Given    Inferred Clusters              Number of
 Pop       1      2      3      4      Individuals

  1:     0.242  0.049  0.562  0.147       23
--------------------------------------------

 Rep#:   Lambda   Alpha      F1    F2    F3    F4     D1,2  D1,3  D1,4  D2,3  D2,4  D3,4    Ln Like  Est Ln P(D)
52000:    1.00    0.057    0.161 0.793 0.028 0.042    0.153 0.028 0.031 0.133 0.135 0.011   -974966    0 
52100:    1.00    0.040    0.162 0.795 0.028 0.042    0.154 0.029 0.031 0.133 0.135 0.011   -975081    0 
52200:    1.00    0.060    0.162 0.795 0.028 0.042    0.153 0.028 0.031 0.133 0.136 0.011   -975593    0 
52300:    1.00    0.062    0.160 0.795 0.028 0.043    0.154 0.028 0.031 0.134 0.136 0.011   -975082    0 
52400:    1.00    0.063    0.160 0.796 0.028 0.043    0.153 0.028 0.031 0.133 0.135 0.011   -974534    0 
52500:    1.00    0.037    0.160 0.796 0.028 0.043    0.154 0.028 0.031 0.133 0.136 0.011   -974645    0 
52600:    1.00    0.057    0.159 0.798 0.029 0.043    0.154 0.028 0.031 0.134 0.136 0.011   -975215    0 
52700:    1.00    0.055    0.163 0.799 0.028 0.043    0.155 0.028 0.031 0.134 0.137 0.011   -974848    0 
52800:    1.00    0.038    0.163 0.799 0.028 0.044    0.154 0.028 0.031 0.133 0.136 0.011   -974702    0 
52900:    1.00    0.062    0.164 0.799 0.028 0.044    0.154 0.028 0.031 0.134 0.136 0.011   -974847    0 

--------------------------------------------
Proportion of membership of each pre-defined
 population in each of the 4 clusters

Given    Inferred Clusters              Number of
 Pop       1      2      3      4      Individuals

  1:     0.235  0.048  0.569  0.148       23
--------------------------------------------

 Rep#:   Lambda   Alpha      F1    F2    F3    F4     D1,2  D1,3  D1,4  D2,3  D2,4  D3,4    Ln Like  Est Ln P(D)
53000:    1.00    0.044    0.164 0.800 0.028 0.044    0.155 0.028 0.032 0.133 0.135 0.011   -974879    0 
53100:    1.00    0.053    0.163 0.800 0.028 0.044    0.155 0.028 0.031 0.134 0.137 0.011   -974903    0 
53200:    1.00    0.059    0.162 0.798 0.028 0.044    0.154 0.028 0.031 0.134 0.136 0.011   -975098    0 
53300:    1.00    0.061    0.163 0.798 0.028 0.044    0.155 0.028 0.032 0.134 0.136 0.011   -974955    0 
53400:    1.00    0.067    0.163 0.802 0.028 0.045    0.155 0.028 0.032 0.134 0.137 0.011   -975029    0 
53500:    1.00    0.075    0.165 0.802 0.028 0.045    0.157 0.028 0.031 0.136 0.138 0.011   -974381    0 
53600:    1.00    0.071    0.164 0.803 0.028 0.044    0.155 0.028 0.032 0.134 0.137 0.011   -974648    0 
53700:    1.00    0.048    0.161 0.802 0.028 0.044    0.154 0.028 0.031 0.134 0.137 0.011   -974943    0 
53800:    1.00    0.042    0.158 0.803 0.028 0.045    0.154 0.028 0.031 0.133 0.135 0.011   -974958    0 
53900:    1.00    0.056    0.160 0.803 0.028 0.045    0.156 0.028 0.031 0.135 0.137 0.011   -974237    0 

--------------------------------------------
Proportion of membership of each pre-defined
 population in each of the 4 clusters

Given    Inferred Clusters              Number of
 Pop       1      2      3      4      Individuals

  1:     0.230  0.049  0.574  0.147       23
--------------------------------------------

 Rep#:   Lambda   Alpha      F1    F2    F3    F4     D1,2  D1,3  D1,4  D2,3  D2,4  D3,4    Ln Like  Est Ln P(D)
54000:    1.00    0.062    0.160 0.803 0.028 0.045    0.154 0.028 0.031 0.134 0.136 0.011   -974487    0 
54100:    1.00    0.049    0.157 0.805 0.028 0.045    0.155 0.027 0.031 0.135 0.138 0.011   -975150    0 
54200:    1.00    0.046    0.157 0.805 0.028 0.046    0.155 0.028 0.031 0.135 0.138 0.011   -974696    0 
54300:    1.00    0.051    0.154 0.804 0.029 0.046    0.152 0.027 0.031 0.134 0.136 0.011   -975072    0 
54400:    1.00    0.057    0.153 0.808 0.028 0.046    0.155 0.027 0.031 0.136 0.138 0.011   -974386    0 
54500:    1.00    0.037    0.155 0.807 0.028 0.046    0.155 0.027 0.031 0.135 0.138 0.011   -974486    0 
54600:    1.00    0.050    0.156 0.808 0.028 0.047    0.154 0.027 0.031 0.135 0.138 0.012   -974313    0 
54700:    1.00    0.045    0.158 0.809 0.028 0.047    0.155 0.027 0.031 0.135 0.138 0.012   -974350    0 
54800:    1.00    0.070    0.158 0.810 0.028 0.047    0.156 0.027 0.031 0.136 0.139 0.012   -974896    0 
54900:    1.00    0.054    0.158 0.810 0.028 0.047    0.156 0.027 0.031 0.136 0.139 0.012   -974951    0 

--------------------------------------------
Proportion of membership of each pre-defined
 population in each of the 4 clusters

Given    Inferred Clusters              Number of
 Pop       1      2      3      4      Individuals

  1:     0.236  0.048  0.568  0.148       23
--------------------------------------------

 Rep#:   Lambda   Alpha      F1    F2    F3    F4     D1,2  D1,3  D1,4  D2,3  D2,4  D3,4    Ln Like  Est Ln P(D)
55000:    1.00    0.088    0.157 0.809 0.028 0.047    0.157 0.027 0.031 0.136 0.139 0.012   -974378    0 
55100:    1.00    0.061    0.156 0.809 0.028 0.047    0.156 0.027 0.031 0.135 0.139 0.012   -974525    0 
55200:    1.00    0.046    0.156 0.810 0.028 0.047    0.155 0.027 0.031 0.135 0.139 0.012   -974415    0 
55300:    1.00    0.083    0.156 0.812 0.028 0.048    0.155 0.027 0.031 0.136 0.139 0.012   -974463    0 
55400:    1.00    0.043    0.157 0.814 0.028 0.048    0.156 0.027 0.031 0.136 0.139 0.012   -974624    0 
55500:    1.00    0.044    0.158 0.815 0.028 0.048    0.156 0.027 0.031 0.136 0.139 0.012   -974215    0 
55600:    1.00    0.037    0.156 0.820 0.027 0.048    0.158 0.027 0.031 0.138 0.141 0.012   -974892    0 
55700:    1.00    0.045    0.155 0.824 0.027 0.048    0.158 0.027 0.030 0.138 0.142 0.011   -974539    0 
55800:    1.00    0.055    0.155 0.824 0.027 0.048    0.158 0.027 0.031 0.137 0.141 0.012   -975239    0 
55900:    1.00    0.058    0.155 0.824 0.027 0.048    0.158 0.027 0.031 0.138 0.142 0.012   -974690    0 

--------------------------------------------
Proportion of membership of each pre-defined
 population in each of the 4 clusters

Given    Inferred Clusters              Number of
 Pop       1      2      3      4      Individuals

  1:     0.229  0.047  0.576  0.147       23
--------------------------------------------

 Rep#:   Lambda   Alpha      F1    F2    F3    F4     D1,2  D1,3  D1,4  D2,3  D2,4  D3,4    Ln Like  Est Ln P(D)
56000:    1.00    0.038    0.154 0.825 0.027 0.048    0.157 0.027 0.031 0.138 0.142 0.012   -974375    0 
56100:    1.00    0.070    0.155 0.827 0.027 0.049    0.158 0.027 0.031 0.138 0.142 0.012   -974693    0 
56200:    1.00    0.041    0.155 0.828 0.027 0.049    0.158 0.027 0.031 0.138 0.142 0.012   -974945    0 
56300:    1.00    0.051    0.155 0.829 0.027 0.049    0.157 0.027 0.031 0.138 0.142 0.012   -974293    0 
56400:    1.00    0.043    0.159 0.833 0.027 0.049    0.161 0.027 0.032 0.140 0.144 0.012   -974605    0 
56500:    1.00    0.057    0.159 0.832 0.028 0.049    0.160 0.027 0.032 0.139 0.144 0.012   -973854    0 
56600:    1.00    0.073    0.159 0.831 0.027 0.048    0.158 0.027 0.032 0.138 0.142 0.012   -974530    0 
56700:    1.00    0.077    0.159 0.829 0.027 0.048    0.160 0.027 0.031 0.140 0.143 0.012   -974653    0 
56800:    1.00    0.052    0.159 0.831 0.027 0.049    0.160 0.028 0.032 0.140 0.143 0.012   -975320    0 
56900:    1.00    0.058    0.160 0.830 0.027 0.049    0.159 0.028 0.032 0.138 0.142 0.012   -974589    0 

--------------------------------------------
Proportion of membership of each pre-defined
 population in each of the 4 clusters

Given    Inferred Clusters              Number of
 Pop       1      2      3      4      Individuals

  1:     0.229  0.047  0.576  0.148       23
--------------------------------------------

 Rep#:   Lambda   Alpha      F1    F2    F3    F4     D1,2  D1,3  D1,4  D2,3  D2,4  D3,4    Ln Like  Est Ln P(D)
57000:    1.00    0.035    0.160 0.830 0.027 0.048    0.159 0.027 0.032 0.138 0.141 0.012   -974479    0 
57100:    1.00    0.059    0.160 0.830 0.027 0.048    0.159 0.028 0.032 0.139 0.142 0.012   -974658    0 
57200:    1.00    0.052    0.158 0.830 0.027 0.048    0.159 0.027 0.031 0.140 0.142 0.011   -974808    0 
57300:    1.00    0.054    0.158 0.830 0.027 0.049    0.159 0.027 0.032 0.139 0.143 0.012   -974694    0 
57400:    1.00    0.048    0.158 0.830 0.027 0.049    0.160 0.027 0.031 0.139 0.142 0.012   -974787    0 
57500:    1.00    0.051    0.158 0.831 0.027 0.048    0.159 0.028 0.032 0.138 0.142 0.012   -974246    0 
57600:    1.00    0.063    0.160 0.831 0.027 0.048    0.161 0.027 0.031 0.140 0.144 0.012   -974623    0 
57700:    1.00    0.040    0.162 0.834 0.027 0.048    0.162 0.028 0.032 0.140 0.143 0.012   -974887    0 
57800:    1.00    0.042    0.162 0.834 0.027 0.050    0.162 0.028 0.033 0.141 0.145 0.012   -974546    0 
57900:    1.00    0.056    0.162 0.836 0.027 0.050    0.162 0.028 0.032 0.141 0.145 0.012   -974416    0 

--------------------------------------------
Proportion of membership of each pre-defined
 population in each of the 4 clusters

Given    Inferred Clusters              Number of
 Pop       1      2      3      4      Individuals

  1:     0.227  0.047  0.577  0.148       23
--------------------------------------------

 Rep#:   Lambda   Alpha      F1    F2    F3    F4     D1,2  D1,3  D1,4  D2,3  D2,4  D3,4    Ln Like  Est Ln P(D)
58000:    1.00    0.068    0.162 0.838 0.027 0.051    0.160 0.028 0.032 0.140 0.143 0.012   -973656    0 
58100:    1.00    0.055    0.163 0.839 0.027 0.051    0.160 0.028 0.032 0.140 0.144 0.012   -974085    0 
58200:    1.00    0.074    0.163 0.839 0.027 0.051    0.162 0.028 0.033 0.140 0.144 0.012   -973922    0 
58300:    1.00    0.051    0.161 0.841 0.027 0.051    0.161 0.028 0.032 0.141 0.145 0.012   -974185    0 
58400:    1.00    0.053    0.162 0.841 0.027 0.052    0.161 0.028 0.032 0.141 0.145 0.012   -974271    0 
58500:    1.00    0.075    0.156 0.843 0.027 0.052    0.160 0.027 0.032 0.141 0.145 0.012   -974514    0 
58600:    1.00    0.063    0.156 0.843 0.027 0.052    0.162 0.027 0.032 0.142 0.146 0.012   -974389    0 
58700:    1.00    0.049    0.158 0.843 0.027 0.052    0.160 0.027 0.032 0.140 0.144 0.012   -974333    0 
58800:    1.00    0.049    0.155 0.845 0.027 0.051    0.161 0.027 0.032 0.140 0.145 0.012   -974434    0 
58900:    1.00    0.066    0.157 0.846 0.027 0.051    0.163 0.027 0.032 0.142 0.146 0.012   -974225    0 

--------------------------------------------
Proportion of membership of each pre-defined
 population in each of the 4 clusters

Given    Inferred Clusters              Number of
 Pop       1      2      3      4      Individuals

  1:     0.229  0.047  0.576  0.149       23
--------------------------------------------

 Rep#:   Lambda   Alpha      F1    F2    F3    F4     D1,2  D1,3  D1,4  D2,3  D2,4  D3,4    Ln Like  Est Ln P(D)
59000:    1.00    0.074    0.155 0.847 0.027 0.051    0.161 0.027 0.031 0.142 0.146 0.012   -975121    0 
59100:    1.00    0.036    0.155 0.846 0.027 0.052    0.161 0.027 0.031 0.142 0.145 0.012   -974215    0 
59200:    1.00    0.070    0.155 0.846 0.027 0.052    0.160 0.027 0.032 0.141 0.145 0.012   -973625    0 
59300:    1.00    0.062    0.155 0.846 0.027 0.052    0.162 0.027 0.032 0.142 0.146 0.012   -974347    0 
59400:    1.00    0.053    0.154 0.847 0.027 0.052    0.164 0.027 0.031 0.143 0.148 0.012   -974495    0 
59500:    1.00    0.063    0.155 0.847 0.027 0.052    0.161 0.027 0.031 0.142 0.146 0.012   -974900    0 
59600:    1.00    0.070    0.155 0.848 0.027 0.052    0.162 0.027 0.032 0.142 0.147 0.012   -974750    0 
59700:    1.00    0.064    0.155 0.847 0.027 0.052    0.161 0.027 0.032 0.141 0.145 0.012   -974650    0 
59800:    1.00    0.076    0.159 0.848 0.026 0.052    0.162 0.027 0.032 0.141 0.146 0.012   -974527    0 
59900:    1.00    0.040    0.159 0.849 0.026 0.052    0.163 0.027 0.032 0.143 0.147 0.012   -974683    0 
60000:    1.00    0.044    0.159 0.849 0.026 0.052    0.161 0.027 0.032 0.142 0.145 0.012   -974487    0 

MCMC completed

Inferred ancestry of individuals:
        Label (%Miss) Pop:  Inferred clusters
  1 18160D-09-0    (2)    1 :  0.115 0.000 0.870 0.014 
  2 18160D-09-0    (4)    1 :  0.121 0.000 0.862 0.017 
  3 18160D-09-0    (2)    1 :  0.711 0.000 0.289 0.000 
  4 18160D-09-0    (5)    1 :  0.999 0.000 0.001 0.000 
  5 18160D-09-0    (4)    1 :  0.845 0.000 0.155 0.000 
  6 18160D-09-0    (4)    1 :  0.888 0.000 0.095 0.016 
  7 18160D-09-0    (2)    1 :  0.951 0.000 0.048 0.000 
  8 18160D-09-0    (4)    1 :  0.091 0.000 0.909 0.000 
  9 18160D-09-0    (2)    1 :  0.000 0.010 0.001 0.990 
 10 18160D-09-1    (2)    1 :  0.000 0.749 0.000 0.251 
 11 18160D-09-1    (2)    1 :  0.000 0.116 0.000 0.884 
 12 18160D-09-1    (2)    1 :  0.000 0.013 0.001 0.987 
 13 18160D-09-1    (5)    1 :  0.129 0.000 0.853 0.018 
 14 18160D-09-1   (18)    1 :  0.126 0.000 0.865 0.008 
 15 18160D-09-1    (4)    1 :  0.046 0.000 0.954 0.001 
 16 18160D-09-1    (2)    1 :  0.028 0.662 0.310 0.000 
 17 18160D-09-1    (2)    1 :  0.105 0.000 0.869 0.026 
 18 18160D-09-1    (2)    1 :  0.000 0.000 0.996 0.003 
 19 18160D-09-1    (2)    1 :  0.061 0.000 0.839 0.099 
 20 18160D-09-2    (5)    1 :  0.031 0.000 0.968 0.001 
 21 18160D-09-2    (5)    1 :  0.117 0.000 0.838 0.045 
 22 18160D-09-2    (5)    1 :  0.000 0.000 1.000 0.000 
 23 18160D-09-2    (2)    1 :  0.059 0.000 0.940 0.001 

Command line arguments:   structure -D 902958 -K 4 -m mainparams -o k4/populations_k4_run1 
Input File:    populations.str
Output File:   k4/populations_k4_run1_f

Run parameters:
   23 individuals
   50160 loci
   4 populations assumed
   10000 Burn-in period
   50000 Reps
RANDOMIZE turned off

--------------------------------------------
Estimated Ln Prob of Data   = -1650824.6
Mean value of ln likelihood = -976629.6
Variance of ln likelihood   = 1348389.9
Mean value of alpha         = 0.0635

Mean value of Fst_1         = 0.1596
Mean value of Fst_2         = 0.5057
Mean value of Fst_3         = 0.0282
Mean value of Fst_4         = 0.0235


--------------------------------------------
Proportion of membership of each pre-defined
 population in each of the 4 clusters

Given    Inferred Clusters              Number of
 Pop       1      2      3      4      Individuals

  1:     0.236  0.067  0.551  0.146       23
--------------------------------------------
Final results printed to file k4/populations_k4_run1_f

