

----------------------------------------------------
STRUCTURE by Pritchard, Stephens and Donnelly (2000)
     and Falush, Stephens and Pritchard (2003)
       Code by Pritchard, Falush and Hubisz
             Version 2.3.4 (Jul 2012)
----------------------------------------------------


Reading file "mainparams".
datafile is
populations.str
Reading file "extraparams".
Reading file "populations.str".


Data file "populations.str" (truncated) --

Ind:   Label Pop : Genotype_data . . . .
  1: 18160D-09-0    1  :  4   1   3   1   4   1   3  . . . .   2
  1: 18160D-09-0    1  :  4   1   3   1   4   4   4  . . . .   4
  2: 18160D-09-0    1  :  4   1   3   1   4   1   3  . . . .   2
  2: 18160D-09-0    1  :  4   1   3   1   4   4   3  . . . .   4
  3: 18160D-09-0    1  :  4   1   0   0   0   0   3  . . . .   2
  3: 18160D-09-0    1  :  4   3   0   0   0   0   3  . . . .   4
  4: 18160D-09-0    1  :  4   1   3   1   4   1   3  . . . .   2
  4: 18160D-09-0    1  :  4   3   3   1   4   1   3  . . . .   4

      *******   

 22: 18160D-09-2    1  :  4   1   3   1   4   1   3  . . . .   2
 22: 18160D-09-2    1  :  4   3   3   1   4   1   4  . . . .   4
 23: 18160D-09-2    1  :  4   1   3   1   4   1   3  . . . .   2
 23: 18160D-09-2    1  :  4   1   3   1   4   4   4  . . . .   4

Number of alleles per locus: min= 2; ave=2.0; max= 2


--------------------------------------

Finished initialization; starting MCMC 
50000 iterations + 10000 burnin


--------------------------------------------
Proportion of membership of each pre-defined
 population in each of the 4 clusters

Given    Inferred Clusters              Number of
 Pop       1      2      3      4      Individuals

  1:     0.245  0.251  0.252  0.251       23
--------------------------------------------

 Rep#:   Lambda   Alpha      F1    F2    F3    F4     D1,2  D1,3  D1,4  D2,3  D2,4  D3,4    Ln Like 
  100:    1.00    1.441    0.010 0.010 0.010 0.010    0.003 0.003 0.003 0.003 0.003 0.003   --  
  200:    1.00    2.032    0.010 0.010 0.010 0.010    0.003 0.003 0.003 0.003 0.003 0.003   --  
  300:    1.00    2.139    0.010 0.010 0.010 0.010    0.003 0.003 0.003 0.003 0.003 0.003   --  
  400:    1.00    2.496    0.010 0.010 0.010 0.010    0.003 0.003 0.003 0.003 0.003 0.003   --  
  500:    1.00    2.668    0.010 0.010 0.010 0.010    0.003 0.003 0.003 0.003 0.003 0.003   --  
  600:    1.00    2.374    0.010 0.010 0.010 0.010    0.003 0.003 0.003 0.003 0.003 0.003   --  
  700:    1.00    1.960    0.010 0.010 0.010 0.010    0.003 0.003 0.003 0.003 0.003 0.003   --  
  800:    1.00    1.709    0.010 0.010 0.010 0.010    0.003 0.003 0.003 0.003 0.003 0.003   --  
  900:    1.00    1.244    0.010 0.010 0.010 0.010    0.003 0.003 0.003 0.003 0.003 0.003   --  

--------------------------------------------
Proportion of membership of each pre-defined
 population in each of the 4 clusters

Given    Inferred Clusters              Number of
 Pop       1      2      3      4      Individuals

  1:     0.226  0.292  0.253  0.229       23
--------------------------------------------

 Rep#:   Lambda   Alpha      F1    F2    F3    F4     D1,2  D1,3  D1,4  D2,3  D2,4  D3,4    Ln Like 
 1000:    1.00    1.027    0.010 0.010 0.010 0.010    0.003 0.003 0.003 0.003 0.003 0.003   --  
 1100:    1.00    0.606    0.010 0.010 0.010 0.010    0.003 0.003 0.003 0.003 0.003 0.003   --  
 1200:    1.00    0.347    0.010 0.011 0.010 0.010    0.003 0.003 0.003 0.003 0.003 0.003   --  
 1300:    1.00    0.363    0.010 0.012 0.010 0.010    0.003 0.003 0.003 0.003 0.004 0.003   --  
 1400:    1.00    0.288    0.010 0.012 0.010 0.011    0.004 0.003 0.003 0.003 0.004 0.003   --  
 1500:    1.00    0.308    0.010 0.014 0.010 0.011    0.004 0.003 0.003 0.004 0.004 0.003   --  
 1600:    1.00    0.255    0.010 0.015 0.010 0.011    0.004 0.003 0.003 0.004 0.004 0.003   --  
 1700:    1.00    0.188    0.010 0.016 0.010 0.011    0.004 0.003 0.003 0.004 0.004 0.003   --  
 1800:    1.00    0.234    0.010 0.016 0.010 0.011    0.004 0.003 0.003 0.004 0.004 0.003   --  
 1900:    1.00    0.135    0.010 0.018 0.010 0.011    0.004 0.003 0.003 0.004 0.005 0.003   --  

--------------------------------------------
Proportion of membership of each pre-defined
 population in each of the 4 clusters

Given    Inferred Clusters              Number of
 Pop       1      2      3      4      Individuals

  1:     0.275  0.225  0.275  0.224       23
--------------------------------------------

 Rep#:   Lambda   Alpha      F1    F2    F3    F4     D1,2  D1,3  D1,4  D2,3  D2,4  D3,4    Ln Like 
 2000:    1.00    0.111    0.010 0.019 0.010 0.011    0.005 0.003 0.003 0.005 0.005 0.003   --  
 2100:    1.00    0.095    0.010 0.024 0.010 0.012    0.005 0.003 0.003 0.005 0.006 0.003   --  
 2200:    1.00    0.091    0.010 0.027 0.010 0.012    0.006 0.003 0.003 0.006 0.006 0.003   --  
 2300:    1.00    0.058    0.010 0.032 0.010 0.013    0.007 0.003 0.004 0.007 0.007 0.004   --  
 2400:    1.00    0.072    0.010 0.069 0.010 0.014    0.012 0.003 0.004 0.012 0.013 0.004   --  
 2500:    1.00    0.059    0.010 0.077 0.010 0.015    0.014 0.003 0.004 0.014 0.015 0.004   --  
 2600:    1.00    0.054    0.011 0.091 0.010 0.015    0.016 0.003 0.004 0.016 0.017 0.004   --  
 2700:    1.00    0.050    0.011 0.099 0.010 0.015    0.017 0.003 0.004 0.017 0.018 0.004   --  
 2800:    1.00    0.063    0.011 0.105 0.010 0.017    0.018 0.003 0.004 0.018 0.019 0.004   --  
 2900:    1.00    0.046    0.011 0.111 0.010 0.017    0.018 0.003 0.004 0.018 0.020 0.004   --  

--------------------------------------------
Proportion of membership of each pre-defined
 population in each of the 4 clusters

Given    Inferred Clusters              Number of
 Pop       1      2      3      4      Individuals

  1:     0.312  0.214  0.254  0.219       23
--------------------------------------------

 Rep#:   Lambda   Alpha      F1    F2    F3    F4     D1,2  D1,3  D1,4  D2,3  D2,4  D3,4    Ln Like 
 3000:    1.00    0.065    0.011 0.116 0.010 0.018    0.019 0.003 0.005 0.019 0.021 0.004   --  
 3100:    1.00    0.054    0.011 0.118 0.010 0.018    0.019 0.003 0.005 0.020 0.021 0.004   --  
 3200:    1.00    0.048    0.011 0.122 0.010 0.018    0.020 0.003 0.005 0.020 0.022 0.004   --  
 3300:    1.00    0.055    0.011 0.123 0.010 0.019    0.020 0.003 0.005 0.020 0.022 0.005   --  
 3400:    1.00    0.083    0.011 0.126 0.010 0.019    0.020 0.003 0.005 0.020 0.022 0.005   --  
 3500:    1.00    0.063    0.011 0.126 0.010 0.022    0.021 0.003 0.005 0.021 0.023 0.005   --  
 3600:    1.00    0.037    0.011 0.128 0.010 0.023    0.021 0.003 0.005 0.021 0.023 0.005   --  
 3700:    1.00    0.039    0.011 0.130 0.010 0.024    0.021 0.003 0.006 0.021 0.024 0.005   --  
 3800:    1.00    0.048    0.011 0.133 0.010 0.028    0.022 0.003 0.006 0.022 0.025 0.006   --  
 3900:    1.00    0.056    0.011 0.134 0.010 0.028    0.022 0.003 0.006 0.022 0.025 0.006   --  

--------------------------------------------
Proportion of membership of each pre-defined
 population in each of the 4 clusters

Given    Inferred Clusters              Number of
 Pop       1      2      3      4      Individuals

  1:     0.321  0.203  0.258  0.217       23
--------------------------------------------

 Rep#:   Lambda   Alpha      F1    F2    F3    F4     D1,2  D1,3  D1,4  D2,3  D2,4  D3,4    Ln Like 
 4000:    1.00    0.050    0.011 0.137 0.010 0.028    0.022 0.003 0.006 0.022 0.025 0.006   --  
 4100:    1.00    0.037    0.011 0.137 0.010 0.030    0.022 0.003 0.007 0.022 0.026 0.006   --  
 4200:    1.00    0.057    0.011 0.140 0.010 0.030    0.023 0.003 0.006 0.023 0.026 0.006   --  
 4300:    1.00    0.044    0.011 0.140 0.010 0.031    0.023 0.003 0.007 0.022 0.026 0.007   --  
 4400:    1.00    0.050    0.011 0.145 0.010 0.032    0.023 0.003 0.007 0.023 0.027 0.007   --  
 4500:    1.00    0.059    0.011 0.145 0.010 0.037    0.023 0.003 0.008 0.023 0.028 0.007   --  
 4600:    1.00    0.052    0.011 0.144 0.010 0.039    0.023 0.003 0.008 0.023 0.028 0.008   --  
 4700:    1.00    0.085    0.012 0.144 0.010 0.042    0.023 0.003 0.009 0.023 0.029 0.008   --  
 4800:    1.00    0.043    0.012 0.143 0.010 0.046    0.023 0.003 0.009 0.023 0.029 0.009   --  
 4900:    1.00    0.047    0.012 0.143 0.010 0.049    0.023 0.003 0.010 0.023 0.029 0.009   --  

--------------------------------------------
Proportion of membership of each pre-defined
 population in each of the 4 clusters

Given    Inferred Clusters              Number of
 Pop       1      2      3      4      Individuals

  1:     0.343  0.206  0.237  0.213       23
--------------------------------------------

 Rep#:   Lambda   Alpha      F1    F2    F3    F4     D1,2  D1,3  D1,4  D2,3  D2,4  D3,4    Ln Like 
 5000:    1.00    0.060    0.012 0.144 0.010 0.050    0.023 0.003 0.010 0.023 0.030 0.009   --  
 5100:    1.00    0.069    0.012 0.144 0.010 0.053    0.023 0.003 0.010 0.023 0.030 0.010   --  
 5200:    1.00    0.057    0.012 0.145 0.010 0.053    0.024 0.003 0.010 0.023 0.031 0.010   --  
 5300:    1.00    0.072    0.012 0.145 0.010 0.058    0.024 0.003 0.011 0.023 0.032 0.011   --  
 5400:    1.00    0.060    0.012 0.145 0.010 0.060    0.023 0.003 0.012 0.023 0.032 0.011   --  
 5500:    1.00    0.054    0.012 0.145 0.010 0.070    0.024 0.003 0.013 0.024 0.034 0.013   --  
 5600:    1.00    0.063    0.012 0.145 0.010 0.084    0.023 0.003 0.015 0.023 0.035 0.015   --  
 5700:    1.00    0.053    0.012 0.146 0.010 0.087    0.023 0.003 0.016 0.023 0.036 0.016   --  
 5800:    1.00    0.060    0.012 0.145 0.010 0.103    0.023 0.003 0.019 0.023 0.039 0.018   --  
 5900:    1.00    0.070    0.012 0.146 0.010 0.117    0.023 0.003 0.021 0.023 0.041 0.021   --  

--------------------------------------------
Proportion of membership of each pre-defined
 population in each of the 4 clusters

Given    Inferred Clusters              Number of
 Pop       1      2      3      4      Individuals

  1:     0.398  0.203  0.262  0.138       23
--------------------------------------------

 Rep#:   Lambda   Alpha      F1    F2    F3    F4     D1,2  D1,3  D1,4  D2,3  D2,4  D3,4    Ln Like 
 6000:    1.00    0.062    0.012 0.146 0.010 0.131    0.023 0.003 0.023 0.023 0.043 0.023   --  
 6100:    1.00    0.070    0.012 0.146 0.010 0.173    0.024 0.003 0.029 0.023 0.049 0.029   --  
 6200:    1.00    0.076    0.012 0.147 0.010 0.184    0.023 0.003 0.032 0.023 0.051 0.031   --  
 6300:    1.00    0.056    0.012 0.148 0.010 0.184    0.024 0.003 0.032 0.024 0.052 0.032   --  
 6400:    1.00    0.050    0.012 0.148 0.010 0.195    0.024 0.003 0.034 0.023 0.054 0.033   --  
 6500:    1.00    0.090    0.012 0.148 0.010 0.205    0.024 0.003 0.035 0.023 0.055 0.034   --  
 6600:    1.00    0.077    0.012 0.146 0.010 0.209    0.023 0.003 0.035 0.023 0.055 0.035   --  
 6700:    1.00    0.056    0.012 0.146 0.010 0.213    0.024 0.003 0.036 0.023 0.056 0.035   --  
 6800:    1.00    0.070    0.012 0.146 0.010 0.214    0.024 0.003 0.037 0.023 0.056 0.036   --  
 6900:    1.00    0.072    0.012 0.145 0.010 0.218    0.024 0.003 0.037 0.023 0.057 0.037   --  

--------------------------------------------
Proportion of membership of each pre-defined
 population in each of the 4 clusters

Given    Inferred Clusters              Number of
 Pop       1      2      3      4      Individuals

  1:     0.429  0.203  0.257  0.111       23
--------------------------------------------

 Rep#:   Lambda   Alpha      F1    F2    F3    F4     D1,2  D1,3  D1,4  D2,3  D2,4  D3,4    Ln Like 
 7000:    1.00    0.059    0.012 0.146 0.010 0.218    0.024 0.003 0.038 0.023 0.058 0.037   --  
 7100:    1.00    0.057    0.012 0.146 0.010 0.225    0.024 0.003 0.038 0.023 0.058 0.038   --  
 7200:    1.00    0.074    0.012 0.146 0.010 0.232    0.023 0.003 0.039 0.023 0.060 0.039   --  
 7300:    1.00    0.075    0.012 0.146 0.010 0.233    0.024 0.003 0.039 0.023 0.059 0.039   --  
 7400:    1.00    0.040    0.012 0.146 0.010 0.235    0.024 0.003 0.040 0.024 0.060 0.040   --  
 7500:    1.00    0.053    0.012 0.148 0.010 0.235    0.023 0.003 0.040 0.023 0.060 0.039   --  
 7600:    1.00    0.079    0.012 0.148 0.010 0.245    0.024 0.003 0.042 0.024 0.061 0.041   --  
 7700:    1.00    0.086    0.012 0.148 0.010 0.244    0.024 0.003 0.041 0.023 0.062 0.041   --  
 7800:    1.00    0.080    0.012 0.147 0.010 0.245    0.024 0.003 0.041 0.023 0.061 0.041   --  
 7900:    1.00    0.059    0.012 0.148 0.010 0.246    0.024 0.003 0.041 0.023 0.062 0.041   --  

--------------------------------------------
Proportion of membership of each pre-defined
 population in each of the 4 clusters

Given    Inferred Clusters              Number of
 Pop       1      2      3      4      Individuals

  1:     0.432  0.203  0.259  0.106       23
--------------------------------------------

 Rep#:   Lambda   Alpha      F1    F2    F3    F4     D1,2  D1,3  D1,4  D2,3  D2,4  D3,4    Ln Like 
 8000:    1.00    0.065    0.012 0.148 0.010 0.252    0.024 0.003 0.042 0.024 0.063 0.042   --  
 8100:    1.00    0.053    0.012 0.148 0.010 0.252    0.024 0.003 0.042 0.023 0.063 0.042   --  
 8200:    1.00    0.062    0.012 0.149 0.010 0.253    0.024 0.003 0.043 0.024 0.063 0.042   --  
 8300:    1.00    0.045    0.012 0.149 0.010 0.256    0.024 0.003 0.043 0.024 0.063 0.043   --  
 8400:    1.00    0.044    0.012 0.151 0.010 0.256    0.024 0.003 0.043 0.024 0.064 0.042   --  
 8500:    1.00    0.052    0.012 0.151 0.010 0.257    0.024 0.003 0.044 0.024 0.064 0.043   --  
 8600:    1.00    0.069    0.012 0.153 0.010 0.260    0.025 0.003 0.044 0.024 0.065 0.043   --  
 8700:    1.00    0.058    0.012 0.155 0.010 0.251    0.025 0.004 0.043 0.025 0.064 0.042   --  
 8800:    1.00    0.063    0.012 0.152 0.010 0.262    0.024 0.003 0.044 0.024 0.065 0.044   --  
 8900:    1.00    0.068    0.012 0.154 0.010 0.259    0.024 0.003 0.043 0.024 0.064 0.043   --  

--------------------------------------------
Proportion of membership of each pre-defined
 population in each of the 4 clusters

Given    Inferred Clusters              Number of
 Pop       1      2      3      4      Individuals

  1:     0.447  0.201  0.246  0.106       23
--------------------------------------------

 Rep#:   Lambda   Alpha      F1    F2    F3    F4     D1,2  D1,3  D1,4  D2,3  D2,4  D3,4    Ln Like 
 9000:    1.00    0.065    0.012 0.152 0.010 0.259    0.024 0.003 0.044 0.024 0.064 0.043   --  
 9100:    1.00    0.068    0.012 0.152 0.010 0.258    0.024 0.003 0.044 0.024 0.064 0.043   --  
 9200:    1.00    0.056    0.012 0.152 0.010 0.262    0.024 0.003 0.043 0.024 0.065 0.043   --  
 9300:    1.00    0.049    0.012 0.147 0.010 0.262    0.024 0.003 0.044 0.023 0.064 0.043   --  
 9400:    1.00    0.056    0.012 0.146 0.011 0.262    0.024 0.003 0.044 0.024 0.064 0.043   --  
 9500:    1.00    0.057    0.012 0.145 0.011 0.262    0.024 0.004 0.044 0.024 0.064 0.043   --  
 9600:    1.00    0.060    0.012 0.145 0.011 0.263    0.023 0.004 0.044 0.023 0.064 0.044   --  
 9700:    1.00    0.072    0.012 0.142 0.011 0.259    0.023 0.004 0.043 0.023 0.062 0.043   --  
 9800:    1.00    0.052    0.012 0.143 0.011 0.258    0.023 0.004 0.043 0.023 0.063 0.043   --  
 9900:    1.00    0.037    0.012 0.143 0.011 0.255    0.023 0.004 0.043 0.023 0.062 0.043   --  
10000:    1.00    0.034    0.012 0.143 0.011 0.258    0.023 0.004 0.043 0.023 0.062 0.043   --  

BURNIN completed
 Rep#:   Lambda   Alpha      F1    F2    F3    F4     D1,2  D1,3  D1,4  D2,3  D2,4  D3,4    Ln Like  Est Ln P(D)
10100:    1.00    0.065    0.012 0.142 0.011 0.258    0.023 0.004 0.043 0.023 0.063 0.043   -979236    0 
10200:    1.00    0.039    0.012 0.142 0.011 0.255    0.023 0.004 0.043 0.023 0.063 0.043   -978676    0 
10300:    1.00    0.038    0.012 0.142 0.011 0.255    0.023 0.004 0.043 0.023 0.063 0.043   -978985    0 
10400:    1.00    0.048    0.012 0.141 0.011 0.257    0.023 0.004 0.043 0.023 0.062 0.043   -978752    0 
10500:    1.00    0.056    0.012 0.141 0.011 0.258    0.023 0.003 0.043 0.023 0.063 0.043   -979050    0 
10600:    1.00    0.082    0.012 0.144 0.011 0.258    0.023 0.004 0.043 0.023 0.063 0.043   -979178    0 
10700:    1.00    0.092    0.012 0.143 0.011 0.255    0.023 0.004 0.043 0.023 0.062 0.043   -978691    0 
10800:    1.00    0.107    0.012 0.143 0.011 0.255    0.023 0.004 0.043 0.023 0.062 0.043   -979191    0 
10900:    1.00    0.057    0.012 0.144 0.011 0.255    0.024 0.004 0.043 0.023 0.063 0.043   -979263    0 

--------------------------------------------
Proportion of membership of each pre-defined
 population in each of the 4 clusters

Given    Inferred Clusters              Number of
 Pop       1      2      3      4      Individuals

  1:     0.442  0.206  0.247  0.106       23
--------------------------------------------

 Rep#:   Lambda   Alpha      F1    F2    F3    F4     D1,2  D1,3  D1,4  D2,3  D2,4  D3,4    Ln Like  Est Ln P(D)
11000:    1.00    0.093    0.013 0.144 0.011 0.257    0.023 0.004 0.043 0.023 0.063 0.043   -978981    0 
11100:    1.00    0.081    0.013 0.144 0.011 0.257    0.023 0.004 0.044 0.023 0.063 0.043   -979318    0 
11200:    1.00    0.063    0.013 0.144 0.011 0.257    0.023 0.004 0.044 0.023 0.063 0.043   -978146    0 
11300:    1.00    0.061    0.013 0.142 0.011 0.255    0.023 0.004 0.043 0.023 0.062 0.043   -979039    0 
11400:    1.00    0.084    0.013 0.143 0.011 0.252    0.023 0.004 0.042 0.023 0.062 0.042   -979047    0 
11500:    1.00    0.057    0.013 0.143 0.011 0.255    0.023 0.004 0.043 0.023 0.063 0.043   -978761    0 
11600:    1.00    0.063    0.013 0.143 0.011 0.255    0.023 0.004 0.043 0.023 0.062 0.042   -979020    0 
11700:    1.00    0.057    0.013 0.142 0.011 0.256    0.023 0.004 0.044 0.023 0.063 0.043   -978641    0 
11800:    1.00    0.059    0.013 0.142 0.011 0.256    0.023 0.004 0.043 0.023 0.062 0.042   -978804    0 
11900:    1.00    0.061    0.013 0.142 0.011 0.256    0.023 0.004 0.043 0.023 0.063 0.043   -978460    0 

--------------------------------------------
Proportion of membership of each pre-defined
 population in each of the 4 clusters

Given    Inferred Clusters              Number of
 Pop       1      2      3      4      Individuals

  1:     0.442  0.212  0.239  0.107       23
--------------------------------------------

 Rep#:   Lambda   Alpha      F1    F2    F3    F4     D1,2  D1,3  D1,4  D2,3  D2,4  D3,4    Ln Like  Est Ln P(D)
12000:    1.00    0.065    0.013 0.142 0.011 0.257    0.023 0.004 0.044 0.023 0.063 0.043   -979206    0 
12100:    1.00    0.085    0.013 0.143 0.011 0.256    0.023 0.004 0.043 0.023 0.062 0.043   -978773    0 
12200:    1.00    0.048    0.013 0.143 0.011 0.254    0.023 0.004 0.043 0.023 0.062 0.042   -978636    0 
12300:    1.00    0.090    0.013 0.143 0.012 0.254    0.023 0.004 0.043 0.023 0.062 0.043   -978888    0 
12400:    1.00    0.085    0.013 0.145 0.012 0.253    0.024 0.004 0.042 0.023 0.063 0.042   -978205    0 
12500:    1.00    0.062    0.013 0.147 0.012 0.254    0.024 0.004 0.043 0.024 0.062 0.042   -979211    0 
12600:    1.00    0.067    0.013 0.146 0.012 0.250    0.024 0.004 0.043 0.023 0.062 0.042   -978935    0 
12700:    1.00    0.070    0.013 0.147 0.012 0.255    0.024 0.004 0.043 0.024 0.063 0.043   -979395    0 
12800:    1.00    0.072    0.013 0.144 0.012 0.256    0.023 0.004 0.043 0.023 0.063 0.043   -979179    0 
12900:    1.00    0.062    0.013 0.146 0.012 0.256    0.024 0.004 0.043 0.024 0.063 0.043   -978728    0 

--------------------------------------------
Proportion of membership of each pre-defined
 population in each of the 4 clusters

Given    Inferred Clusters              Number of
 Pop       1      2      3      4      Individuals

  1:     0.434  0.212  0.248  0.106       23
--------------------------------------------

 Rep#:   Lambda   Alpha      F1    F2    F3    F4     D1,2  D1,3  D1,4  D2,3  D2,4  D3,4    Ln Like  Est Ln P(D)
13000:    1.00    0.070    0.013 0.144 0.012 0.258    0.023 0.004 0.043 0.023 0.063 0.043   -978888    0 
13100:    1.00    0.068    0.013 0.143 0.012 0.261    0.023 0.004 0.044 0.023 0.063 0.043   -978763    0 
13200:    1.00    0.067    0.013 0.144 0.012 0.256    0.023 0.004 0.043 0.023 0.062 0.043   -979260    0 
13300:    1.00    0.054    0.013 0.144 0.012 0.258    0.023 0.004 0.044 0.023 0.063 0.043   -978855    0 
13400:    1.00    0.048    0.013 0.142 0.012 0.259    0.023 0.004 0.043 0.023 0.063 0.043   -978836    0 
13500:    1.00    0.068    0.013 0.141 0.012 0.254    0.023 0.004 0.042 0.023 0.062 0.042   -979376    0 
13600:    1.00    0.066    0.013 0.143 0.012 0.256    0.023 0.004 0.043 0.023 0.063 0.043   -978647    0 
13700:    1.00    0.075    0.013 0.145 0.012 0.251    0.024 0.004 0.043 0.024 0.063 0.043   -978361    0 
13800:    1.00    0.076    0.013 0.144 0.012 0.255    0.024 0.004 0.043 0.023 0.063 0.043   -978524    0 
13900:    1.00    0.066    0.013 0.144 0.012 0.253    0.024 0.004 0.043 0.023 0.063 0.043   -978382    0 

--------------------------------------------
Proportion of membership of each pre-defined
 population in each of the 4 clusters

Given    Inferred Clusters              Number of
 Pop       1      2      3      4      Individuals

  1:     0.433  0.214  0.249  0.105       23
--------------------------------------------

 Rep#:   Lambda   Alpha      F1    F2    F3    F4     D1,2  D1,3  D1,4  D2,3  D2,4  D3,4    Ln Like  Est Ln P(D)
14000:    1.00    0.078    0.013 0.145 0.012 0.257    0.023 0.004 0.043 0.024 0.063 0.043   -978379    0 
14100:    1.00    0.073    0.013 0.146 0.012 0.256    0.024 0.004 0.043 0.024 0.063 0.043   -978627    0 
14200:    1.00    0.079    0.013 0.147 0.012 0.256    0.024 0.004 0.043 0.024 0.063 0.043   -978033    0 
14300:    1.00    0.056    0.013 0.144 0.012 0.255    0.023 0.004 0.043 0.023 0.062 0.043   -978692    0 
14400:    1.00    0.083    0.013 0.144 0.012 0.256    0.023 0.004 0.043 0.024 0.063 0.042   -978171    0 
14500:    1.00    0.065    0.013 0.144 0.012 0.260    0.023 0.004 0.044 0.023 0.063 0.044   -978405    0 
14600:    1.00    0.046    0.013 0.141 0.012 0.258    0.023 0.004 0.043 0.023 0.063 0.043   -978038    0 
14700:    1.00    0.067    0.013 0.142 0.012 0.260    0.023 0.004 0.044 0.023 0.063 0.044   -978337    0 
14800:    1.00    0.052    0.013 0.142 0.012 0.258    0.023 0.004 0.043 0.023 0.063 0.043   -978605    0 
14900:    1.00    0.059    0.013 0.145 0.012 0.257    0.024 0.004 0.043 0.023 0.063 0.043   -977988    0 

--------------------------------------------
Proportion of membership of each pre-defined
 population in each of the 4 clusters

Given    Inferred Clusters              Number of
 Pop       1      2      3      4      Individuals

  1:     0.434  0.212  0.247  0.107       23
--------------------------------------------

 Rep#:   Lambda   Alpha      F1    F2    F3    F4     D1,2  D1,3  D1,4  D2,3  D2,4  D3,4    Ln Like  Est Ln P(D)
15000:    1.00    0.073    0.013 0.145 0.012 0.252    0.023 0.004 0.043 0.023 0.062 0.043   -978530    0 
15100:    1.00    0.081    0.013 0.143 0.012 0.253    0.023 0.004 0.043 0.023 0.062 0.042   -978498    0 
15200:    1.00    0.072    0.013 0.142 0.012 0.255    0.023 0.004 0.043 0.023 0.063 0.043   -978235    0 
15300:    1.00    0.071    0.013 0.142 0.012 0.257    0.023 0.004 0.043 0.023 0.063 0.043   -978026    0 
15400:    1.00    0.079    0.013 0.142 0.012 0.254    0.023 0.004 0.043 0.023 0.062 0.043   -979191    0 
15500:    1.00    0.063    0.013 0.142 0.012 0.257    0.023 0.004 0.043 0.023 0.062 0.043   -978864    0 
15600:    1.00    0.074    0.013 0.140 0.012 0.258    0.023 0.004 0.044 0.023 0.063 0.043   -978473    0 
15700:    1.00    0.070    0.013 0.142 0.012 0.260    0.023 0.004 0.044 0.023 0.063 0.043   -978208    0 
15800:    1.00    0.075    0.013 0.141 0.012 0.262    0.023 0.004 0.044 0.023 0.063 0.044   -978467    0 
15900:    1.00    0.095    0.013 0.141 0.012 0.262    0.023 0.004 0.044 0.023 0.063 0.044   -977984    0 

--------------------------------------------
Proportion of membership of each pre-defined
 population in each of the 4 clusters

Given    Inferred Clusters              Number of
 Pop       1      2      3      4      Individuals

  1:     0.430  0.213  0.250  0.107       23
--------------------------------------------

 Rep#:   Lambda   Alpha      F1    F2    F3    F4     D1,2  D1,3  D1,4  D2,3  D2,4  D3,4    Ln Like  Est Ln P(D)
16000:    1.00    0.064    0.013 0.140 0.012 0.262    0.023 0.004 0.044 0.023 0.063 0.044   -978079    0 
16100:    1.00    0.062    0.013 0.141 0.012 0.261    0.023 0.004 0.044 0.023 0.063 0.044   -978044    0 
16200:    1.00    0.066    0.013 0.139 0.012 0.254    0.023 0.004 0.043 0.023 0.061 0.043   -978278    0 
16300:    1.00    0.046    0.013 0.140 0.012 0.253    0.023 0.004 0.042 0.023 0.062 0.042   -978402    0 
16400:    1.00    0.036    0.013 0.140 0.012 0.254    0.023 0.004 0.043 0.023 0.062 0.042   -978462    0 
16500:    1.00    0.041    0.013 0.138 0.012 0.254    0.022 0.004 0.043 0.022 0.062 0.043   -978492    0 
16600:    1.00    0.048    0.013 0.138 0.012 0.256    0.023 0.004 0.043 0.023 0.062 0.043   -978477    0 
16700:    1.00    0.079    0.013 0.140 0.012 0.252    0.023 0.004 0.042 0.023 0.061 0.042   -978466    0 
16800:    1.00    0.071    0.013 0.139 0.012 0.254    0.023 0.004 0.043 0.023 0.062 0.043   -978398    0 
16900:    1.00    0.060    0.013 0.140 0.012 0.258    0.023 0.004 0.043 0.023 0.062 0.043   -978135    0 

--------------------------------------------
Proportion of membership of each pre-defined
 population in each of the 4 clusters

Given    Inferred Clusters              Number of
 Pop       1      2      3      4      Individuals

  1:     0.439  0.213  0.242  0.106       23
--------------------------------------------

 Rep#:   Lambda   Alpha      F1    F2    F3    F4     D1,2  D1,3  D1,4  D2,3  D2,4  D3,4    Ln Like  Est Ln P(D)
17000:    1.00    0.053    0.013 0.140 0.012 0.260    0.023 0.004 0.043 0.023 0.062 0.043   -978019    0 
17100:    1.00    0.070    0.013 0.140 0.012 0.260    0.023 0.004 0.044 0.023 0.063 0.044   -978437    0 
17200:    1.00    0.061    0.013 0.138 0.012 0.257    0.023 0.004 0.044 0.023 0.063 0.043   -978381    0 
17300:    1.00    0.059    0.013 0.139 0.012 0.257    0.023 0.004 0.043 0.023 0.062 0.043   -978047    0 
17400:    1.00    0.051    0.013 0.139 0.012 0.258    0.023 0.004 0.044 0.023 0.062 0.044   -978185    0 
17500:    1.00    0.062    0.013 0.140 0.012 0.258    0.023 0.004 0.043 0.023 0.062 0.043   -978698    0 
17600:    1.00    0.049    0.013 0.143 0.012 0.258    0.023 0.004 0.043 0.023 0.063 0.043   -978480    0 
17700:    1.00    0.030    0.013 0.144 0.012 0.260    0.023 0.004 0.043 0.023 0.063 0.043   -978162    0 
17800:    1.00    0.041    0.013 0.143 0.012 0.257    0.023 0.004 0.044 0.023 0.063 0.043   -978105    0 
17900:    1.00    0.053    0.013 0.143 0.012 0.263    0.023 0.004 0.044 0.024 0.064 0.044   -978651    0 

--------------------------------------------
Proportion of membership of each pre-defined
 population in each of the 4 clusters

Given    Inferred Clusters              Number of
 Pop       1      2      3      4      Individuals

  1:     0.444  0.211  0.240  0.105       23
--------------------------------------------

 Rep#:   Lambda   Alpha      F1    F2    F3    F4     D1,2  D1,3  D1,4  D2,3  D2,4  D3,4    Ln Like  Est Ln P(D)
18000:    1.00    0.051    0.013 0.143 0.012 0.264    0.023 0.004 0.044 0.023 0.064 0.044   -978345    0 
18100:    1.00    0.051    0.013 0.143 0.012 0.263    0.023 0.004 0.044 0.023 0.063 0.044   -978035    0 
18200:    1.00    0.048    0.013 0.145 0.012 0.258    0.023 0.004 0.043 0.023 0.064 0.043   -978466    0 
18300:    1.00    0.036    0.013 0.145 0.012 0.262    0.024 0.004 0.044 0.024 0.064 0.044   -977370    0 
18400:    1.00    0.065    0.013 0.143 0.012 0.259    0.023 0.004 0.044 0.023 0.063 0.043   -978703    0 
18500:    1.00    0.053    0.013 0.144 0.012 0.256    0.023 0.004 0.043 0.023 0.063 0.043   -978191    0 
18600:    1.00    0.070    0.013 0.144 0.012 0.259    0.023 0.004 0.044 0.023 0.063 0.044   -978400    0 
18700:    1.00    0.055    0.013 0.143 0.012 0.262    0.023 0.004 0.044 0.023 0.064 0.044   -978372    0 
18800:    1.00    0.081    0.013 0.144 0.012 0.266    0.023 0.004 0.044 0.024 0.064 0.044   -978806    0 
18900:    1.00    0.039    0.013 0.144 0.012 0.263    0.024 0.004 0.044 0.024 0.064 0.044   -978126    0 

--------------------------------------------
Proportion of membership of each pre-defined
 population in each of the 4 clusters

Given    Inferred Clusters              Number of
 Pop       1      2      3      4      Individuals

  1:     0.449  0.211  0.234  0.107       23
--------------------------------------------

 Rep#:   Lambda   Alpha      F1    F2    F3    F4     D1,2  D1,3  D1,4  D2,3  D2,4  D3,4    Ln Like  Est Ln P(D)
19000:    1.00    0.067    0.013 0.144 0.012 0.263    0.023 0.004 0.044 0.023 0.063 0.044   -978246    0 
19100:    1.00    0.065    0.013 0.140 0.012 0.261    0.023 0.004 0.044 0.023 0.063 0.044   -978340    0 
19200:    1.00    0.082    0.013 0.142 0.012 0.263    0.023 0.004 0.044 0.023 0.063 0.044   -978551    0 
19300:    1.00    0.045    0.013 0.142 0.012 0.264    0.023 0.004 0.044 0.023 0.064 0.044   -978501    0 
19400:    1.00    0.052    0.013 0.142 0.012 0.264    0.023 0.004 0.044 0.023 0.064 0.044   -978385    0 
19500:    1.00    0.055    0.013 0.142 0.012 0.263    0.023 0.004 0.044 0.023 0.064 0.044   -978315    0 
19600:    1.00    0.069    0.013 0.143 0.012 0.260    0.023 0.004 0.044 0.023 0.063 0.043   -978650    0 
19700:    1.00    0.059    0.013 0.144 0.012 0.261    0.023 0.004 0.044 0.023 0.064 0.044   -978226    0 
19800:    1.00    0.057    0.013 0.145 0.012 0.261    0.024 0.004 0.044 0.024 0.063 0.044   -978430    0 
19900:    1.00    0.047    0.013 0.144 0.012 0.259    0.023 0.004 0.044 0.023 0.063 0.043   -978438    0 

--------------------------------------------
Proportion of membership of each pre-defined
 population in each of the 4 clusters

Given    Inferred Clusters              Number of
 Pop       1      2      3      4      Individuals

  1:     0.449  0.210  0.235  0.106       23
--------------------------------------------

 Rep#:   Lambda   Alpha      F1    F2    F3    F4     D1,2  D1,3  D1,4  D2,3  D2,4  D3,4    Ln Like  Est Ln P(D)
20000:    1.00    0.055    0.013 0.144 0.012 0.260    0.024 0.004 0.044 0.023 0.063 0.044   -978368    0 
20100:    1.00    0.048    0.013 0.146 0.012 0.256    0.024 0.004 0.043 0.024 0.063 0.043   -977994    0 
20200:    1.00    0.073    0.013 0.145 0.012 0.257    0.024 0.004 0.044 0.024 0.063 0.043   -978382    0 
20300:    1.00    0.058    0.013 0.144 0.012 0.257    0.023 0.004 0.044 0.023 0.063 0.043   -978681    0 
20400:    1.00    0.044    0.013 0.144 0.012 0.258    0.024 0.004 0.044 0.024 0.063 0.043   -978326    0 
20500:    1.00    0.072    0.013 0.144 0.012 0.258    0.024 0.004 0.044 0.024 0.064 0.044   -978644    0 
20600:    1.00    0.058    0.013 0.145 0.012 0.258    0.023 0.004 0.043 0.023 0.063 0.043   -978799    0 
20700:    1.00    0.073    0.013 0.145 0.012 0.257    0.023 0.004 0.044 0.024 0.063 0.043   -978559    0 
20800:    1.00    0.058    0.013 0.145 0.012 0.255    0.023 0.004 0.043 0.023 0.062 0.043   -978829    0 
20900:    1.00    0.069    0.013 0.144 0.012 0.254    0.023 0.004 0.043 0.023 0.062 0.042   -978525    0 

--------------------------------------------
Proportion of membership of each pre-defined
 population in each of the 4 clusters

Given    Inferred Clusters              Number of
 Pop       1      2      3      4      Individuals

  1:     0.448  0.208  0.237  0.106       23
--------------------------------------------

 Rep#:   Lambda   Alpha      F1    F2    F3    F4     D1,2  D1,3  D1,4  D2,3  D2,4  D3,4    Ln Like  Est Ln P(D)
21000:    1.00    0.085    0.013 0.144 0.012 0.253    0.023 0.004 0.043 0.023 0.062 0.043   -978677    0 
21100:    1.00    0.069    0.013 0.144 0.012 0.253    0.024 0.004 0.043 0.023 0.062 0.043   -978561    0 
21200:    1.00    0.060    0.013 0.141 0.012 0.253    0.023 0.004 0.043 0.023 0.062 0.042   -978301    0 
21300:    1.00    0.054    0.014 0.141 0.012 0.254    0.023 0.004 0.043 0.023 0.062 0.043   -978380    0 
21400:    1.00    0.067    0.014 0.146 0.012 0.256    0.024 0.004 0.043 0.024 0.062 0.043   -978593    0 
21500:    1.00    0.054    0.014 0.146 0.012 0.256    0.024 0.004 0.043 0.024 0.063 0.043   -978608    0 
21600:    1.00    0.059    0.014 0.148 0.012 0.256    0.024 0.004 0.043 0.024 0.063 0.043   -977978    0 
21700:    1.00    0.077    0.014 0.146 0.012 0.258    0.024 0.004 0.043 0.024 0.063 0.043   -977783    0 
21800:    1.00    0.085    0.014 0.146 0.012 0.260    0.024 0.004 0.044 0.024 0.064 0.044   -978420    0 
21900:    1.00    0.078    0.014 0.145 0.012 0.261    0.024 0.004 0.044 0.023 0.064 0.044   -977697    0 

--------------------------------------------
Proportion of membership of each pre-defined
 population in each of the 4 clusters

Given    Inferred Clusters              Number of
 Pop       1      2      3      4      Individuals

  1:     0.451  0.210  0.234  0.105       23
--------------------------------------------

 Rep#:   Lambda   Alpha      F1    F2    F3    F4     D1,2  D1,3  D1,4  D2,3  D2,4  D3,4    Ln Like  Est Ln P(D)
22000:    1.00    0.065    0.014 0.145 0.013 0.259    0.024 0.004 0.044 0.024 0.064 0.044   -978352    0 
22100:    1.00    0.072    0.014 0.145 0.013 0.256    0.024 0.004 0.043 0.024 0.063 0.043   -977645    0 
22200:    1.00    0.057    0.014 0.146 0.013 0.258    0.024 0.004 0.043 0.024 0.063 0.043   -977783    0 
22300:    1.00    0.057    0.014 0.146 0.013 0.257    0.024 0.004 0.044 0.024 0.063 0.043   -978510    0 
22400:    1.00    0.087    0.014 0.146 0.013 0.261    0.024 0.004 0.043 0.024 0.063 0.043   -977967    0 
22500:    1.00    0.057    0.014 0.146 0.013 0.259    0.024 0.004 0.043 0.024 0.063 0.043   -978158    0 
22600:    1.00    0.058    0.014 0.146 0.013 0.260    0.024 0.004 0.044 0.024 0.064 0.044   -978756    0 
22700:    1.00    0.062    0.014 0.148 0.013 0.262    0.024 0.004 0.045 0.024 0.065 0.044   -978200    0 
22800:    1.00    0.072    0.014 0.148 0.013 0.262    0.024 0.004 0.045 0.024 0.065 0.044   -978160    0 
22900:    1.00    0.058    0.014 0.148 0.013 0.262    0.024 0.004 0.044 0.024 0.064 0.044   -978371    0 

--------------------------------------------
Proportion of membership of each pre-defined
 population in each of the 4 clusters

Given    Inferred Clusters              Number of
 Pop       1      2      3      4      Individuals

  1:     0.452  0.206  0.235  0.106       23
--------------------------------------------

 Rep#:   Lambda   Alpha      F1    F2    F3    F4     D1,2  D1,3  D1,4  D2,3  D2,4  D3,4    Ln Like  Est Ln P(D)
23000:    1.00    0.054    0.014 0.150 0.013 0.262    0.024 0.004 0.044 0.024 0.065 0.044   -978104    0 
23100:    1.00    0.055    0.014 0.153 0.013 0.260    0.025 0.004 0.044 0.025 0.065 0.044   -978603    0 
23200:    1.00    0.066    0.014 0.151 0.013 0.257    0.025 0.004 0.043 0.025 0.064 0.043   -978657    0 
23300:    1.00    0.053    0.014 0.151 0.013 0.259    0.024 0.004 0.044 0.024 0.064 0.044   -977835    0 
23400:    1.00    0.086    0.014 0.151 0.013 0.258    0.024 0.004 0.044 0.024 0.064 0.043   -978400    0 
23500:    1.00    0.052    0.014 0.149 0.013 0.255    0.024 0.004 0.043 0.024 0.064 0.043   -978440    0 
23600:    1.00    0.074    0.014 0.149 0.013 0.260    0.024 0.004 0.043 0.024 0.063 0.043   -978137    0 
23700:    1.00    0.074    0.014 0.146 0.013 0.258    0.024 0.004 0.044 0.024 0.064 0.044   -978390    0 
23800:    1.00    0.051    0.014 0.146 0.013 0.260    0.024 0.004 0.044 0.024 0.064 0.043   -978205    0 
23900:    1.00    0.060    0.014 0.146 0.013 0.257    0.024 0.004 0.043 0.024 0.063 0.043   -978807    0 

--------------------------------------------
Proportion of membership of each pre-defined
 population in each of the 4 clusters

Given    Inferred Clusters              Number of
 Pop       1      2      3      4      Individuals

  1:     0.443  0.209  0.243  0.105       23
--------------------------------------------

 Rep#:   Lambda   Alpha      F1    F2    F3    F4     D1,2  D1,3  D1,4  D2,3  D2,4  D3,4    Ln Like  Est Ln P(D)
24000:    1.00    0.062    0.014 0.147 0.013 0.257    0.024 0.004 0.043 0.024 0.064 0.043   -978106    0 
24100:    1.00    0.049    0.014 0.148 0.013 0.258    0.024 0.004 0.044 0.024 0.064 0.044   -978011    0 
24200:    1.00    0.067    0.014 0.148 0.013 0.257    0.024 0.004 0.044 0.024 0.064 0.044   -978181    0 
24300:    1.00    0.090    0.014 0.149 0.013 0.258    0.024 0.004 0.043 0.024 0.064 0.043   -978455    0 
24400:    1.00    0.093    0.014 0.150 0.013 0.256    0.024 0.004 0.043 0.024 0.063 0.043   -978024    0 
24500:    1.00    0.079    0.014 0.149 0.013 0.257    0.024 0.004 0.043 0.024 0.063 0.043   -978597    0 
24600:    1.00    0.068    0.014 0.147 0.013 0.259    0.024 0.004 0.044 0.024 0.064 0.044   -978488    0 
24700:    1.00    0.065    0.014 0.149 0.013 0.263    0.024 0.004 0.044 0.024 0.065 0.044   -978044    0 
24800:    1.00    0.085    0.014 0.148 0.013 0.262    0.024 0.004 0.044 0.024 0.065 0.044   -978738    0 
24900:    1.00    0.058    0.014 0.148 0.013 0.261    0.024 0.004 0.044 0.024 0.064 0.044   -978549    0 

--------------------------------------------
Proportion of membership of each pre-defined
 population in each of the 4 clusters

Given    Inferred Clusters              Number of
 Pop       1      2      3      4      Individuals

  1:     0.436  0.205  0.253  0.106       23
--------------------------------------------

 Rep#:   Lambda   Alpha      F1    F2    F3    F4     D1,2  D1,3  D1,4  D2,3  D2,4  D3,4    Ln Like  Est Ln P(D)
25000:    1.00    0.060    0.014 0.151 0.013 0.261    0.024 0.004 0.044 0.025 0.065 0.044   -977510    0 
25100:    1.00    0.081    0.014 0.152 0.013 0.260    0.025 0.004 0.044 0.025 0.064 0.043   -978418    0 
25200:    1.00    0.080    0.014 0.152 0.013 0.257    0.025 0.004 0.044 0.025 0.065 0.043   -978127    0 
25300:    1.00    0.087    0.014 0.150 0.013 0.259    0.024 0.004 0.044 0.024 0.064 0.043   -978403    0 
25400:    1.00    0.073    0.014 0.150 0.013 0.254    0.024 0.004 0.043 0.024 0.063 0.043   -978379    0 
25500:    1.00    0.073    0.014 0.147 0.013 0.254    0.024 0.004 0.043 0.024 0.063 0.043   -978388    0 
25600:    1.00    0.057    0.014 0.147 0.013 0.256    0.024 0.004 0.043 0.024 0.063 0.043   -977714    0 
25700:    1.00    0.063    0.014 0.147 0.013 0.255    0.024 0.004 0.042 0.024 0.062 0.042   -977949    0 
25800:    1.00    0.064    0.014 0.145 0.013 0.251    0.024 0.004 0.042 0.024 0.062 0.042   -978039    0 
25900:    1.00    0.084    0.014 0.145 0.013 0.255    0.024 0.004 0.044 0.024 0.063 0.043   -978838    0 

--------------------------------------------
Proportion of membership of each pre-defined
 population in each of the 4 clusters

Given    Inferred Clusters              Number of
 Pop       1      2      3      4      Individuals

  1:     0.423  0.208  0.263  0.106       23
--------------------------------------------

 Rep#:   Lambda   Alpha      F1    F2    F3    F4     D1,2  D1,3  D1,4  D2,3  D2,4  D3,4    Ln Like  Est Ln P(D)
26000:    1.00    0.111    0.014 0.146 0.013 0.255    0.024 0.004 0.043 0.024 0.063 0.043   -977997    0 
26100:    1.00    0.079    0.014 0.146 0.013 0.257    0.024 0.004 0.043 0.024 0.063 0.043   -978631    0 
26200:    1.00    0.066    0.014 0.145 0.013 0.254    0.024 0.004 0.043 0.024 0.063 0.043   -978347    0 
26300:    1.00    0.056    0.014 0.146 0.013 0.255    0.024 0.004 0.043 0.024 0.063 0.043   -978071    0 
26400:    1.00    0.044    0.014 0.146 0.013 0.255    0.024 0.004 0.043 0.024 0.063 0.043   -977957    0 
26500:    1.00    0.056    0.014 0.147 0.013 0.253    0.024 0.004 0.042 0.024 0.063 0.042   -978506    0 
26600:    1.00    0.062    0.014 0.144 0.013 0.253    0.024 0.004 0.043 0.024 0.062 0.042   -977978    0 
26700:    1.00    0.057    0.015 0.145 0.013 0.253    0.024 0.004 0.043 0.024 0.063 0.043   -977898    0 
26800:    1.00    0.084    0.015 0.146 0.013 0.254    0.024 0.004 0.043 0.024 0.063 0.043   -977752    0 
26900:    1.00    0.061    0.015 0.146 0.013 0.254    0.024 0.004 0.043 0.024 0.063 0.043   -977422    0 

--------------------------------------------
Proportion of membership of each pre-defined
 population in each of the 4 clusters

Given    Inferred Clusters              Number of
 Pop       1      2      3      4      Individuals

  1:     0.410  0.213  0.271  0.106       23
--------------------------------------------

 Rep#:   Lambda   Alpha      F1    F2    F3    F4     D1,2  D1,3  D1,4  D2,3  D2,4  D3,4    Ln Like  Est Ln P(D)
27000:    1.00    0.043    0.015 0.146 0.013 0.257    0.024 0.004 0.043 0.024 0.063 0.043   -978195    0 
27100:    1.00    0.059    0.015 0.146 0.013 0.252    0.024 0.004 0.043 0.024 0.062 0.042   -977801    0 
27200:    1.00    0.058    0.015 0.145 0.013 0.251    0.024 0.004 0.043 0.024 0.063 0.042   -977578    0 
27300:    1.00    0.067    0.015 0.145 0.013 0.251    0.024 0.004 0.043 0.024 0.063 0.043   -977732    0 
27400:    1.00    0.070    0.015 0.145 0.013 0.253    0.024 0.004 0.042 0.024 0.062 0.042   -977713    0 
27500:    1.00    0.052    0.015 0.145 0.013 0.253    0.024 0.004 0.042 0.024 0.062 0.042   -977856    0 
27600:    1.00    0.080    0.015 0.147 0.013 0.256    0.024 0.004 0.044 0.024 0.064 0.043   -977130    0 
27700:    1.00    0.063    0.015 0.147 0.013 0.254    0.024 0.004 0.043 0.024 0.063 0.043   -977938    0 
27800:    1.00    0.047    0.014 0.148 0.013 0.255    0.024 0.004 0.043 0.024 0.063 0.043   -977874    0 
27900:    1.00    0.066    0.015 0.150 0.013 0.257    0.025 0.004 0.044 0.024 0.064 0.043   -977506    0 

--------------------------------------------
Proportion of membership of each pre-defined
 population in each of the 4 clusters

Given    Inferred Clusters              Number of
 Pop       1      2      3      4      Individuals

  1:     0.412  0.210  0.271  0.107       23
--------------------------------------------

 Rep#:   Lambda   Alpha      F1    F2    F3    F4     D1,2  D1,3  D1,4  D2,3  D2,4  D3,4    Ln Like  Est Ln P(D)
28000:    1.00    0.058    0.015 0.152 0.013 0.258    0.025 0.004 0.044 0.025 0.065 0.043   -977699    0 
28100:    1.00    0.070    0.015 0.154 0.013 0.257    0.025 0.004 0.043 0.025 0.064 0.043   -977653    0 
28200:    1.00    0.075    0.015 0.154 0.013 0.258    0.025 0.004 0.044 0.025 0.064 0.043   -977244    0 
28300:    1.00    0.035    0.015 0.154 0.013 0.252    0.025 0.004 0.043 0.025 0.064 0.042   -977791    0 
28400:    1.00    0.063    0.015 0.152 0.013 0.252    0.025 0.004 0.042 0.025 0.063 0.042   -977733    0 
28500:    1.00    0.078    0.015 0.152 0.013 0.255    0.025 0.004 0.043 0.025 0.064 0.043   -977217    0 
28600:    1.00    0.062    0.015 0.152 0.013 0.257    0.025 0.004 0.044 0.025 0.064 0.043   -977782    0 
28700:    1.00    0.058    0.015 0.152 0.013 0.252    0.025 0.004 0.044 0.024 0.064 0.043   -977887    0 
28800:    1.00    0.083    0.015 0.152 0.013 0.251    0.025 0.004 0.042 0.025 0.063 0.042   -977962    0 
28900:    1.00    0.087    0.015 0.156 0.013 0.247    0.026 0.004 0.043 0.025 0.064 0.042   -977980    0 

--------------------------------------------
Proportion of membership of each pre-defined
 population in each of the 4 clusters

Given    Inferred Clusters              Number of
 Pop       1      2      3      4      Individuals

  1:     0.417  0.211  0.267  0.104       23
--------------------------------------------

 Rep#:   Lambda   Alpha      F1    F2    F3    F4     D1,2  D1,3  D1,4  D2,3  D2,4  D3,4    Ln Like  Est Ln P(D)
29000:    1.00    0.084    0.015 0.156 0.013 0.247    0.026 0.004 0.042 0.025 0.063 0.042   -978638    0 
29100:    1.00    0.070    0.015 0.158 0.013 0.247    0.026 0.004 0.042 0.026 0.063 0.041   -977493    0 
29200:    1.00    0.062    0.015 0.158 0.013 0.249    0.026 0.004 0.042 0.026 0.064 0.042   -977673    0 
29300:    1.00    0.054    0.016 0.158 0.013 0.249    0.026 0.004 0.042 0.026 0.064 0.042   -977671    0 
29400:    1.00    0.109    0.016 0.157 0.013 0.247    0.026 0.004 0.041 0.026 0.063 0.041   -977860    0 
29500:    1.00    0.080    0.016 0.156 0.013 0.251    0.025 0.004 0.042 0.025 0.064 0.042   -977725    0 
29600:    1.00    0.086    0.016 0.156 0.013 0.250    0.026 0.004 0.043 0.025 0.064 0.042   -977988    0 
29700:    1.00    0.117    0.016 0.156 0.013 0.248    0.026 0.004 0.042 0.025 0.063 0.042   -977357    0 
29800:    1.00    0.072    0.016 0.156 0.013 0.252    0.026 0.004 0.043 0.025 0.065 0.043   -977266    0 
29900:    1.00    0.077    0.016 0.156 0.013 0.248    0.026 0.004 0.043 0.025 0.064 0.042   -977549    0 

--------------------------------------------
Proportion of membership of each pre-defined
 population in each of the 4 clusters

Given    Inferred Clusters              Number of
 Pop       1      2      3      4      Individuals

  1:     0.403  0.206  0.286  0.105       23
--------------------------------------------

 Rep#:   Lambda   Alpha      F1    F2    F3    F4     D1,2  D1,3  D1,4  D2,3  D2,4  D3,4    Ln Like  Est Ln P(D)
30000:    1.00    0.079    0.016 0.154 0.013 0.249    0.025 0.004 0.042 0.025 0.063 0.042   -977703    0 
30100:    1.00    0.073    0.016 0.154 0.013 0.249    0.025 0.004 0.043 0.025 0.063 0.042   -977805    0 
30200:    1.00    0.079    0.016 0.154 0.013 0.251    0.025 0.004 0.043 0.025 0.064 0.043   -977797    0 
30300:    1.00    0.054    0.016 0.149 0.013 0.250    0.025 0.004 0.043 0.024 0.063 0.042   -977589    0 
30400:    1.00    0.092    0.016 0.146 0.013 0.250    0.024 0.004 0.042 0.024 0.062 0.042   -977771    0 
30500:    1.00    0.073    0.016 0.147 0.013 0.250    0.024 0.005 0.042 0.024 0.061 0.042   -977533    0 
30600:    1.00    0.066    0.016 0.148 0.013 0.255    0.024 0.004 0.043 0.024 0.062 0.042   -977697    0 
30700:    1.00    0.075    0.016 0.148 0.013 0.258    0.025 0.004 0.044 0.024 0.064 0.043   -977189    0 
30800:    1.00    0.083    0.016 0.147 0.013 0.259    0.024 0.004 0.044 0.024 0.064 0.043   -976966    0 
30900:    1.00    0.075    0.016 0.150 0.013 0.257    0.025 0.004 0.043 0.024 0.063 0.043   -977726    0 

--------------------------------------------
Proportion of membership of each pre-defined
 population in each of the 4 clusters

Given    Inferred Clusters              Number of
 Pop       1      2      3      4      Individuals

  1:     0.400  0.207  0.292  0.101       23
--------------------------------------------

 Rep#:   Lambda   Alpha      F1    F2    F3    F4     D1,2  D1,3  D1,4  D2,3  D2,4  D3,4    Ln Like  Est Ln P(D)
31000:    1.00    0.076    0.016 0.152 0.013 0.254    0.025 0.004 0.043 0.025 0.064 0.043   -977585    0 
31100:    1.00    0.059    0.016 0.154 0.013 0.256    0.025 0.004 0.043 0.025 0.063 0.043   -977359    0 
31200:    1.00    0.051    0.016 0.149 0.013 0.255    0.024 0.004 0.044 0.024 0.064 0.043   -977686    0 
31300:    1.00    0.081    0.016 0.150 0.013 0.256    0.025 0.004 0.044 0.024 0.064 0.043   -977066    0 
31400:    1.00    0.049    0.016 0.150 0.013 0.255    0.025 0.004 0.043 0.024 0.063 0.042   -977406    0 
31500:    1.00    0.064    0.016 0.151 0.013 0.253    0.025 0.004 0.044 0.024 0.064 0.043   -976444    0 
31600:    1.00    0.062    0.017 0.148 0.013 0.250    0.025 0.005 0.043 0.024 0.062 0.042   -977210    0 
31700:    1.00    0.054    0.017 0.148 0.013 0.249    0.025 0.005 0.043 0.024 0.063 0.042   -977425    0 
31800:    1.00    0.084    0.017 0.150 0.013 0.252    0.025 0.005 0.043 0.025 0.063 0.042   -977026    0 
31900:    1.00    0.075    0.017 0.150 0.013 0.253    0.025 0.005 0.043 0.024 0.062 0.042   -977276    0 

--------------------------------------------
Proportion of membership of each pre-defined
 population in each of the 4 clusters

Given    Inferred Clusters              Number of
 Pop       1      2      3      4      Individuals

  1:     0.397  0.212  0.291  0.100       23
--------------------------------------------

 Rep#:   Lambda   Alpha      F1    F2    F3    F4     D1,2  D1,3  D1,4  D2,3  D2,4  D3,4    Ln Like  Est Ln P(D)
32000:    1.00    0.071    0.017 0.149 0.013 0.253    0.025 0.005 0.042 0.025 0.062 0.042   -977057    0 
32100:    1.00    0.091    0.017 0.151 0.013 0.254    0.025 0.005 0.043 0.024 0.063 0.042   -977226    0 
32200:    1.00    0.073    0.017 0.151 0.013 0.255    0.025 0.005 0.043 0.025 0.064 0.043   -977188    0 
32300:    1.00    0.041    0.017 0.151 0.013 0.249    0.025 0.005 0.043 0.024 0.063 0.042   -976996    0 
32400:    1.00    0.041    0.017 0.150 0.013 0.248    0.025 0.005 0.043 0.025 0.063 0.042   -977142    0 
32500:    1.00    0.064    0.017 0.150 0.013 0.249    0.025 0.005 0.042 0.025 0.063 0.042   -977483    0 
32600:    1.00    0.062    0.017 0.151 0.013 0.249    0.025 0.005 0.042 0.025 0.063 0.042   -977471    0 
32700:    1.00    0.044    0.017 0.151 0.013 0.249    0.025 0.005 0.042 0.024 0.063 0.042   -976884    0 
32800:    1.00    0.069    0.017 0.152 0.013 0.248    0.025 0.005 0.043 0.025 0.063 0.042   -976926    0 
32900:    1.00    0.074    0.018 0.151 0.013 0.254    0.025 0.005 0.043 0.025 0.064 0.043   -977161    0 

--------------------------------------------
Proportion of membership of each pre-defined
 population in each of the 4 clusters

Given    Inferred Clusters              Number of
 Pop       1      2      3      4      Individuals

  1:     0.396  0.214  0.288  0.102       23
--------------------------------------------

 Rep#:   Lambda   Alpha      F1    F2    F3    F4     D1,2  D1,3  D1,4  D2,3  D2,4  D3,4    Ln Like  Est Ln P(D)
33000:    1.00    0.098    0.018 0.150 0.013 0.255    0.025 0.005 0.043 0.025 0.064 0.043   -976721    0 
33100:    1.00    0.092    0.018 0.149 0.013 0.257    0.025 0.005 0.044 0.024 0.064 0.043   -977065    0 
33200:    1.00    0.073    0.018 0.151 0.013 0.253    0.025 0.005 0.043 0.025 0.063 0.043   -976844    0 
33300:    1.00    0.082    0.018 0.151 0.013 0.254    0.025 0.005 0.043 0.025 0.063 0.043   -976794    0 
33400:    1.00    0.076    0.018 0.150 0.013 0.256    0.025 0.005 0.044 0.024 0.064 0.043   -976637    0 
33500:    1.00    0.080    0.018 0.153 0.013 0.257    0.025 0.005 0.044 0.025 0.064 0.043   -976721    0 
33600:    1.00    0.059    0.018 0.153 0.013 0.256    0.025 0.005 0.043 0.025 0.064 0.043   -976871    0 
33700:    1.00    0.066    0.018 0.155 0.013 0.256    0.026 0.005 0.043 0.025 0.065 0.043   -976288    0 
33800:    1.00    0.037    0.018 0.154 0.013 0.257    0.026 0.005 0.043 0.025 0.064 0.043   -976687    0 
33900:    1.00    0.033    0.018 0.154 0.013 0.256    0.025 0.005 0.044 0.025 0.064 0.043   -976502    0 

--------------------------------------------
Proportion of membership of each pre-defined
 population in each of the 4 clusters

Given    Inferred Clusters              Number of
 Pop       1      2      3      4      Individuals

  1:     0.404  0.207  0.287  0.101       23
--------------------------------------------

 Rep#:   Lambda   Alpha      F1    F2    F3    F4     D1,2  D1,3  D1,4  D2,3  D2,4  D3,4    Ln Like  Est Ln P(D)
34000:    1.00    0.063    0.018 0.154 0.013 0.257    0.026 0.005 0.044 0.025 0.064 0.043   -976718    0 
34100:    1.00    0.059    0.018 0.155 0.013 0.260    0.026 0.005 0.044 0.025 0.064 0.043   -977103    0 
34200:    1.00    0.064    0.018 0.155 0.013 0.260    0.026 0.005 0.044 0.025 0.065 0.043   -976714    0 
34300:    1.00    0.069    0.018 0.154 0.013 0.259    0.025 0.005 0.044 0.025 0.064 0.043   -977265    0 
34400:    1.00    0.074    0.018 0.154 0.013 0.264    0.026 0.005 0.044 0.025 0.065 0.044   -977232    0 
34500:    1.00    0.038    0.018 0.154 0.013 0.263    0.026 0.005 0.044 0.025 0.065 0.044   -977083    0 
34600:    1.00    0.051    0.018 0.154 0.013 0.261    0.026 0.005 0.044 0.025 0.064 0.044   -977129    0 
34700:    1.00    0.043    0.019 0.157 0.013 0.259    0.026 0.005 0.043 0.026 0.064 0.043   -976766    0 
34800:    1.00    0.065    0.019 0.157 0.013 0.256    0.026 0.005 0.043 0.026 0.065 0.043   -977079    0 
34900:    1.00    0.046    0.019 0.156 0.013 0.259    0.026 0.005 0.044 0.025 0.064 0.043   -976423    0 

--------------------------------------------
Proportion of membership of each pre-defined
 population in each of the 4 clusters

Given    Inferred Clusters              Number of
 Pop       1      2      3      4      Individuals

  1:     0.416  0.210  0.273  0.100       23
--------------------------------------------

 Rep#:   Lambda   Alpha      F1    F2    F3    F4     D1,2  D1,3  D1,4  D2,3  D2,4  D3,4    Ln Like  Est Ln P(D)
35000:    1.00    0.064    0.019 0.154 0.013 0.259    0.026 0.005 0.044 0.025 0.065 0.043   -976925    0 
35100:    1.00    0.041    0.019 0.154 0.013 0.259    0.026 0.005 0.044 0.025 0.064 0.043   -976774    0 
35200:    1.00    0.049    0.019 0.154 0.013 0.259    0.026 0.005 0.044 0.025 0.065 0.043   -976919    0 
35300:    1.00    0.080    0.019 0.154 0.013 0.259    0.026 0.005 0.045 0.025 0.065 0.044   -977008    0 
35400:    1.00    0.056    0.019 0.154 0.013 0.264    0.026 0.005 0.045 0.025 0.065 0.044   -976705    0 
35500:    1.00    0.074    0.019 0.154 0.013 0.259    0.026 0.005 0.044 0.025 0.064 0.043   -976657    0 
35600:    1.00    0.097    0.019 0.154 0.013 0.256    0.026 0.005 0.044 0.025 0.064 0.043   -976301    0 
35700:    1.00    0.074    0.019 0.152 0.013 0.254    0.026 0.005 0.043 0.025 0.064 0.043   -976766    0 
35800:    1.00    0.055    0.019 0.156 0.013 0.252    0.026 0.005 0.043 0.025 0.064 0.042   -976718    0 
35900:    1.00    0.066    0.019 0.152 0.013 0.249    0.026 0.005 0.043 0.025 0.063 0.042   -976892    0 

--------------------------------------------
Proportion of membership of each pre-defined
 population in each of the 4 clusters

Given    Inferred Clusters              Number of
 Pop       1      2      3      4      Individuals

  1:     0.409  0.214  0.276  0.100       23
--------------------------------------------

 Rep#:   Lambda   Alpha      F1    F2    F3    F4     D1,2  D1,3  D1,4  D2,3  D2,4  D3,4    Ln Like  Est Ln P(D)
36000:    1.00    0.087    0.020 0.156 0.013 0.246    0.026 0.005 0.042 0.025 0.063 0.042   -976474    0 
36100:    1.00    0.077    0.020 0.156 0.013 0.247    0.026 0.005 0.042 0.025 0.062 0.041   -977167    0 
36200:    1.00    0.066    0.020 0.156 0.013 0.249    0.026 0.005 0.043 0.025 0.063 0.042   -977047    0 
36300:    1.00    0.042    0.020 0.157 0.013 0.250    0.026 0.005 0.043 0.025 0.063 0.042   -976865    0 
36400:    1.00    0.054    0.020 0.157 0.013 0.258    0.026 0.005 0.044 0.025 0.065 0.043   -976869    0 
36500:    1.00    0.062    0.020 0.157 0.013 0.260    0.026 0.005 0.044 0.025 0.064 0.043   -976224    0 
36600:    1.00    0.057    0.020 0.156 0.013 0.259    0.026 0.005 0.044 0.025 0.065 0.043   -976344    0 
36700:    1.00    0.075    0.020 0.152 0.013 0.261    0.026 0.005 0.045 0.025 0.065 0.044   -976620    0 
36800:    1.00    0.061    0.020 0.151 0.013 0.261    0.026 0.005 0.044 0.025 0.064 0.043   -977118    0 
36900:    1.00    0.061    0.020 0.151 0.013 0.253    0.025 0.005 0.043 0.025 0.063 0.042   -976779    0 

--------------------------------------------
Proportion of membership of each pre-defined
 population in each of the 4 clusters

Given    Inferred Clusters              Number of
 Pop       1      2      3      4      Individuals

  1:     0.412  0.215  0.275  0.098       23
--------------------------------------------

 Rep#:   Lambda   Alpha      F1    F2    F3    F4     D1,2  D1,3  D1,4  D2,3  D2,4  D3,4    Ln Like  Est Ln P(D)
37000:    1.00    0.075    0.020 0.150 0.013 0.260    0.025 0.005 0.044 0.024 0.064 0.043   -976542    0 
37100:    1.00    0.081    0.020 0.149 0.013 0.261    0.025 0.005 0.045 0.024 0.064 0.044   -976520    0 
37200:    1.00    0.085    0.021 0.149 0.013 0.254    0.025 0.005 0.044 0.024 0.063 0.043   -977489    0 
37300:    1.00    0.088    0.021 0.151 0.013 0.254    0.026 0.005 0.044 0.025 0.063 0.042   -976611    0 
37400:    1.00    0.064    0.021 0.151 0.013 0.254    0.025 0.005 0.044 0.025 0.064 0.043   -976523    0 
37500:    1.00    0.063    0.021 0.151 0.013 0.254    0.026 0.005 0.043 0.025 0.063 0.042   -976099    0 
37600:    1.00    0.088    0.021 0.151 0.013 0.258    0.025 0.005 0.044 0.025 0.064 0.043   -976439    0 
37700:    1.00    0.086    0.021 0.150 0.013 0.258    0.025 0.005 0.044 0.024 0.063 0.043   -976978    0 
37800:    1.00    0.089    0.021 0.150 0.013 0.258    0.025 0.005 0.044 0.025 0.064 0.043   -977088    0 
37900:    1.00    0.049    0.021 0.150 0.014 0.258    0.025 0.005 0.044 0.025 0.064 0.043   -976959    0 

--------------------------------------------
Proportion of membership of each pre-defined
 population in each of the 4 clusters

Given    Inferred Clusters              Number of
 Pop       1      2      3      4      Individuals

  1:     0.427  0.213  0.260  0.100       23
--------------------------------------------

 Rep#:   Lambda   Alpha      F1    F2    F3    F4     D1,2  D1,3  D1,4  D2,3  D2,4  D3,4    Ln Like  Est Ln P(D)
38000:    1.00    0.042    0.021 0.149 0.014 0.259    0.025 0.005 0.044 0.024 0.063 0.043   -976695    0 
38100:    1.00    0.086    0.021 0.149 0.014 0.256    0.025 0.005 0.044 0.025 0.064 0.043   -976997    0 
38200:    1.00    0.060    0.022 0.152 0.014 0.256    0.026 0.005 0.045 0.025 0.064 0.043   -976454    0 
38300:    1.00    0.083    0.022 0.153 0.014 0.256    0.026 0.005 0.045 0.025 0.064 0.043   -976800    0 
38400:    1.00    0.084    0.022 0.153 0.014 0.256    0.026 0.006 0.044 0.025 0.064 0.042   -977278    0 
38500:    1.00    0.060    0.022 0.153 0.014 0.257    0.026 0.005 0.044 0.025 0.064 0.043   -976730    0 
38600:    1.00    0.051    0.022 0.153 0.014 0.254    0.026 0.005 0.044 0.025 0.064 0.043   -976658    0 
38700:    1.00    0.070    0.023 0.154 0.014 0.254    0.026 0.006 0.044 0.025 0.064 0.043   -976059    0 
38800:    1.00    0.072    0.023 0.154 0.014 0.257    0.026 0.006 0.045 0.025 0.065 0.043   -976990    0 
38900:    1.00    0.063    0.023 0.154 0.014 0.257    0.026 0.005 0.044 0.025 0.065 0.043   -976430    0 

--------------------------------------------
Proportion of membership of each pre-defined
 population in each of the 4 clusters

Given    Inferred Clusters              Number of
 Pop       1      2      3      4      Individuals

  1:     0.436  0.208  0.260  0.097       23
--------------------------------------------

 Rep#:   Lambda   Alpha      F1    F2    F3    F4     D1,2  D1,3  D1,4  D2,3  D2,4  D3,4    Ln Like  Est Ln P(D)
39000:    1.00    0.052    0.023 0.155 0.014 0.260    0.026 0.005 0.045 0.025 0.065 0.044   -976460    0 
39100:    1.00    0.074    0.023 0.155 0.014 0.262    0.026 0.006 0.045 0.025 0.066 0.044   -976107    0 
39200:    1.00    0.056    0.023 0.154 0.014 0.261    0.026 0.005 0.045 0.025 0.065 0.043   -976504    0 
39300:    1.00    0.073    0.023 0.154 0.014 0.259    0.026 0.006 0.045 0.025 0.065 0.043   -976951    0 
39400:    1.00    0.074    0.023 0.155 0.014 0.259    0.026 0.006 0.044 0.025 0.064 0.043   -976513    0 
39500:    1.00    0.059    0.023 0.152 0.014 0.259    0.026 0.006 0.045 0.025 0.064 0.043   -976967    0 
39600:    1.00    0.077    0.023 0.153 0.014 0.257    0.026 0.006 0.044 0.025 0.064 0.043   -976636    0 
39700:    1.00    0.077    0.023 0.153 0.014 0.257    0.026 0.006 0.044 0.025 0.064 0.043   -976324    0 
39800:    1.00    0.050    0.023 0.154 0.014 0.258    0.026 0.006 0.044 0.025 0.064 0.043   -976887    0 
39900:    1.00    0.074    0.024 0.155 0.014 0.259    0.026 0.006 0.045 0.026 0.065 0.044   -976631    0 

--------------------------------------------
Proportion of membership of each pre-defined
 population in each of the 4 clusters

Given    Inferred Clusters              Number of
 Pop       1      2      3      4      Individuals

  1:     0.448  0.212  0.243  0.096       23
--------------------------------------------

 Rep#:   Lambda   Alpha      F1    F2    F3    F4     D1,2  D1,3  D1,4  D2,3  D2,4  D3,4    Ln Like  Est Ln P(D)
40000:    1.00    0.092    0.024 0.155 0.014 0.263    0.027 0.006 0.046 0.026 0.065 0.044   -976330    0 
40100:    1.00    0.076    0.024 0.155 0.014 0.262    0.026 0.006 0.045 0.025 0.065 0.044   -975971    0 
40200:    1.00    0.073    0.024 0.154 0.014 0.262    0.026 0.006 0.045 0.025 0.065 0.044   -976308    0 
40300:    1.00    0.051    0.025 0.155 0.014 0.261    0.026 0.006 0.046 0.025 0.065 0.044   -975974    0 
40400:    1.00    0.072    0.025 0.157 0.014 0.260    0.027 0.006 0.045 0.026 0.066 0.044   -976501    0 
40500:    1.00    0.086    0.025 0.156 0.014 0.262    0.027 0.006 0.045 0.026 0.065 0.044   -976520    0 
40600:    1.00    0.050    0.025 0.157 0.014 0.258    0.027 0.006 0.044 0.025 0.064 0.043   -976541    0 
40700:    1.00    0.080    0.025 0.157 0.014 0.255    0.027 0.006 0.044 0.026 0.065 0.043   -976597    0 
40800:    1.00    0.059    0.025 0.155 0.014 0.254    0.026 0.006 0.044 0.025 0.063 0.043   -977155    0 
40900:    1.00    0.055    0.025 0.156 0.014 0.250    0.027 0.006 0.044 0.026 0.064 0.042   -977142    0 

--------------------------------------------
Proportion of membership of each pre-defined
 population in each of the 4 clusters

Given    Inferred Clusters              Number of
 Pop       1      2      3      4      Individuals

  1:     0.472  0.213  0.218  0.097       23
--------------------------------------------

 Rep#:   Lambda   Alpha      F1    F2    F3    F4     D1,2  D1,3  D1,4  D2,3  D2,4  D3,4    Ln Like  Est Ln P(D)
41000:    1.00    0.104    0.025 0.153 0.015 0.249    0.026 0.006 0.043 0.025 0.063 0.042   -976854    0 
41100:    1.00    0.060    0.025 0.154 0.015 0.253    0.026 0.006 0.044 0.025 0.064 0.042   -976068    0 
41200:    1.00    0.062    0.025 0.155 0.015 0.255    0.026 0.006 0.044 0.026 0.063 0.042   -976039    0 
41300:    1.00    0.050    0.025 0.157 0.015 0.255    0.027 0.006 0.044 0.026 0.064 0.042   -976251    0 
41400:    1.00    0.055    0.025 0.160 0.015 0.255    0.027 0.006 0.044 0.026 0.065 0.043   -976532    0 
41500:    1.00    0.051    0.025 0.159 0.015 0.254    0.027 0.006 0.044 0.026 0.064 0.043   -976074    0 
41600:    1.00    0.049    0.025 0.160 0.015 0.253    0.027 0.006 0.044 0.026 0.064 0.042   -976244    0 
41700:    1.00    0.072    0.026 0.159 0.015 0.253    0.027 0.006 0.044 0.026 0.064 0.043   -976372    0 
41800:    1.00    0.051    0.026 0.159 0.015 0.256    0.028 0.006 0.044 0.026 0.064 0.043   -975573    0 
41900:    1.00    0.053    0.026 0.159 0.015 0.256    0.028 0.006 0.045 0.027 0.065 0.043   -976299    0 

--------------------------------------------
Proportion of membership of each pre-defined
 population in each of the 4 clusters

Given    Inferred Clusters              Number of
 Pop       1      2      3      4      Individuals

  1:     0.498  0.214  0.193  0.095       23
--------------------------------------------

 Rep#:   Lambda   Alpha      F1    F2    F3    F4     D1,2  D1,3  D1,4  D2,3  D2,4  D3,4    Ln Like  Est Ln P(D)
42000:    1.00    0.067    0.026 0.161 0.015 0.257    0.027 0.006 0.045 0.026 0.065 0.043   -976229    0 
42100:    1.00    0.067    0.026 0.161 0.015 0.255    0.027 0.006 0.044 0.026 0.065 0.043   -976072    0 
42200:    1.00    0.066    0.026 0.161 0.015 0.257    0.028 0.006 0.044 0.027 0.065 0.043   -975867    0 
42300:    1.00    0.061    0.026 0.161 0.015 0.258    0.027 0.006 0.045 0.026 0.066 0.043   -975924    0 
42400:    1.00    0.054    0.027 0.162 0.015 0.258    0.028 0.006 0.045 0.027 0.065 0.043   -975776    0 
42500:    1.00    0.049    0.027 0.162 0.015 0.255    0.028 0.006 0.045 0.027 0.066 0.043   -976415    0 
42600:    1.00    0.094    0.027 0.162 0.015 0.255    0.028 0.006 0.045 0.027 0.066 0.043   -976127    0 
42700:    1.00    0.052    0.028 0.158 0.015 0.258    0.028 0.006 0.045 0.026 0.065 0.043   -975943    0 
42800:    1.00    0.047    0.028 0.160 0.015 0.258    0.028 0.007 0.045 0.026 0.065 0.043   -975842    0 
42900:    1.00    0.077    0.028 0.160 0.015 0.256    0.028 0.007 0.045 0.026 0.065 0.043   -976329    0 

--------------------------------------------
Proportion of membership of each pre-defined
 population in each of the 4 clusters

Given    Inferred Clusters              Number of
 Pop       1      2      3      4      Individuals

  1:     0.508  0.215  0.182  0.095       23
--------------------------------------------

 Rep#:   Lambda   Alpha      F1    F2    F3    F4     D1,2  D1,3  D1,4  D2,3  D2,4  D3,4    Ln Like  Est Ln P(D)
43000:    1.00    0.057    0.028 0.160 0.015 0.254    0.028 0.007 0.044 0.027 0.065 0.043   -975904    0 
43100:    1.00    0.055    0.028 0.160 0.015 0.259    0.028 0.007 0.045 0.026 0.066 0.043   -975576    0 
43200:    1.00    0.075    0.028 0.160 0.015 0.259    0.028 0.007 0.045 0.026 0.065 0.043   -975383    0 
43300:    1.00    0.050    0.028 0.161 0.015 0.257    0.028 0.007 0.045 0.027 0.065 0.043   -975231    0 
43400:    1.00    0.051    0.028 0.161 0.015 0.256    0.028 0.007 0.045 0.027 0.064 0.043   -975448    0 
43500:    1.00    0.034    0.028 0.160 0.015 0.256    0.028 0.007 0.044 0.026 0.065 0.042   -976155    0 
43600:    1.00    0.049    0.028 0.162 0.015 0.256    0.028 0.007 0.044 0.026 0.065 0.042   -975676    0 
43700:    1.00    0.057    0.028 0.162 0.015 0.259    0.028 0.007 0.045 0.027 0.065 0.044   -975595    0 
43800:    1.00    0.073    0.028 0.161 0.015 0.257    0.028 0.007 0.045 0.026 0.065 0.043   -975467    0 
43900:    1.00    0.054    0.028 0.161 0.015 0.255    0.028 0.007 0.045 0.026 0.065 0.043   -975614    0 

--------------------------------------------
Proportion of membership of each pre-defined
 population in each of the 4 clusters

Given    Inferred Clusters              Number of
 Pop       1      2      3      4      Individuals

  1:     0.504  0.220  0.183  0.093       23
--------------------------------------------

 Rep#:   Lambda   Alpha      F1    F2    F3    F4     D1,2  D1,3  D1,4  D2,3  D2,4  D3,4    Ln Like  Est Ln P(D)
44000:    1.00    0.060    0.028 0.160 0.015 0.255    0.028 0.007 0.045 0.026 0.065 0.043   -975723    0 
44100:    1.00    0.088    0.028 0.159 0.015 0.254    0.028 0.007 0.045 0.026 0.064 0.042   -975297    0 
44200:    1.00    0.045    0.028 0.161 0.015 0.254    0.028 0.007 0.045 0.026 0.064 0.043   -975373    0 
44300:    1.00    0.050    0.028 0.161 0.015 0.255    0.028 0.007 0.045 0.027 0.065 0.043   -975445    0 
44400:    1.00    0.054    0.028 0.160 0.015 0.255    0.028 0.007 0.045 0.026 0.065 0.043   -975523    0 
44500:    1.00    0.081    0.029 0.161 0.015 0.255    0.028 0.007 0.045 0.027 0.065 0.043   -975083    0 
44600:    1.00    0.072    0.029 0.161 0.015 0.258    0.028 0.007 0.045 0.026 0.065 0.043   -975721    0 
44700:    1.00    0.045    0.029 0.161 0.015 0.258    0.028 0.007 0.045 0.027 0.065 0.043   -975686    0 
44800:    1.00    0.057    0.029 0.162 0.015 0.257    0.028 0.007 0.045 0.027 0.065 0.043   -975484    0 
44900:    1.00    0.062    0.029 0.163 0.016 0.255    0.028 0.007 0.045 0.027 0.065 0.043   -975546    0 

--------------------------------------------
Proportion of membership of each pre-defined
 population in each of the 4 clusters

Given    Inferred Clusters              Number of
 Pop       1      2      3      4      Individuals

  1:     0.503  0.221  0.182  0.094       23
--------------------------------------------

 Rep#:   Lambda   Alpha      F1    F2    F3    F4     D1,2  D1,3  D1,4  D2,3  D2,4  D3,4    Ln Like  Est Ln P(D)
45000:    1.00    0.060    0.029 0.162 0.016 0.252    0.028 0.007 0.044 0.027 0.064 0.043   -975542    0 
45100:    1.00    0.062    0.029 0.159 0.016 0.251    0.028 0.007 0.044 0.026 0.064 0.042   -976023    0 
45200:    1.00    0.057    0.030 0.158 0.016 0.252    0.028 0.007 0.044 0.026 0.064 0.042   -975735    0 
45300:    1.00    0.045    0.030 0.158 0.016 0.252    0.028 0.007 0.044 0.026 0.063 0.042   -975168    0 
45400:    1.00    0.066    0.030 0.159 0.016 0.252    0.028 0.007 0.044 0.026 0.064 0.042   -975164    0 
45500:    1.00    0.055    0.030 0.159 0.016 0.253    0.028 0.007 0.044 0.026 0.064 0.043   -975249    0 
45600:    1.00    0.057    0.031 0.158 0.016 0.256    0.028 0.007 0.045 0.027 0.065 0.043   -975393    0 
45700:    1.00    0.052    0.031 0.158 0.016 0.259    0.028 0.007 0.046 0.026 0.065 0.044   -975451    0 
45800:    1.00    0.054    0.031 0.159 0.016 0.256    0.028 0.007 0.045 0.027 0.065 0.043   -975491    0 
45900:    1.00    0.087    0.031 0.158 0.016 0.252    0.028 0.007 0.045 0.026 0.064 0.042   -975355    0 

--------------------------------------------
Proportion of membership of each pre-defined
 population in each of the 4 clusters

Given    Inferred Clusters              Number of
 Pop       1      2      3      4      Individuals

  1:     0.502  0.225  0.179  0.095       23
--------------------------------------------

 Rep#:   Lambda   Alpha      F1    F2    F3    F4     D1,2  D1,3  D1,4  D2,3  D2,4  D3,4    Ln Like  Est Ln P(D)
46000:    1.00    0.052    0.031 0.159 0.016 0.256    0.028 0.007 0.045 0.026 0.064 0.043   -975649    0 
46100:    1.00    0.048    0.031 0.157 0.016 0.253    0.028 0.007 0.045 0.026 0.064 0.042   -975894    0 
46200:    1.00    0.062    0.031 0.157 0.016 0.253    0.028 0.007 0.045 0.026 0.064 0.042   -975469    0 
46300:    1.00    0.083    0.031 0.157 0.016 0.248    0.028 0.007 0.044 0.026 0.063 0.042   -975660    0 
46400:    1.00    0.077    0.031 0.156 0.016 0.249    0.028 0.007 0.044 0.026 0.064 0.042   -975881    0 
46500:    1.00    0.071    0.031 0.158 0.016 0.251    0.028 0.007 0.044 0.026 0.064 0.042   -975283    0 
46600:    1.00    0.060    0.031 0.155 0.016 0.251    0.027 0.007 0.044 0.026 0.063 0.042   -975716    0 
46700:    1.00    0.077    0.031 0.154 0.016 0.251    0.027 0.007 0.044 0.026 0.063 0.042   -975559    0 
46800:    1.00    0.058    0.031 0.157 0.016 0.251    0.028 0.007 0.044 0.026 0.063 0.042   -975509    0 
46900:    1.00    0.044    0.031 0.155 0.016 0.247    0.028 0.007 0.043 0.026 0.063 0.041   -975474    0 

--------------------------------------------
Proportion of membership of each pre-defined
 population in each of the 4 clusters

Given    Inferred Clusters              Number of
 Pop       1      2      3      4      Individuals

  1:     0.495  0.228  0.183  0.094       23
--------------------------------------------

 Rep#:   Lambda   Alpha      F1    F2    F3    F4     D1,2  D1,3  D1,4  D2,3  D2,4  D3,4    Ln Like  Est Ln P(D)
47000:    1.00    0.065    0.031 0.155 0.016 0.247    0.028 0.007 0.044 0.026 0.063 0.041   -975881    0 
47100:    1.00    0.063    0.032 0.154 0.016 0.247    0.028 0.007 0.044 0.026 0.063 0.041   -975481    0 
47200:    1.00    0.044    0.031 0.152 0.016 0.246    0.027 0.007 0.044 0.025 0.063 0.042   -975226    0 
47300:    1.00    0.051    0.031 0.154 0.016 0.246    0.027 0.007 0.043 0.026 0.062 0.041   -975236    0 
47400:    1.00    0.053    0.031 0.154 0.016 0.249    0.027 0.007 0.043 0.026 0.063 0.041   -976433    0 
47500:    1.00    0.046    0.031 0.154 0.016 0.252    0.027 0.007 0.045 0.026 0.063 0.042   -975302    0 
47600:    1.00    0.053    0.031 0.154 0.016 0.251    0.027 0.007 0.044 0.026 0.063 0.042   -975481    0 
47700:    1.00    0.074    0.032 0.155 0.016 0.246    0.028 0.007 0.044 0.026 0.062 0.041   -975868    0 
47800:    1.00    0.069    0.032 0.155 0.016 0.251    0.027 0.007 0.045 0.026 0.063 0.042   -975508    0 
47900:    1.00    0.076    0.032 0.155 0.016 0.252    0.028 0.007 0.045 0.026 0.064 0.042   -975464    0 

--------------------------------------------
Proportion of membership of each pre-defined
 population in each of the 4 clusters

Given    Inferred Clusters              Number of
 Pop       1      2      3      4      Individuals

  1:     0.496  0.225  0.185  0.094       23
--------------------------------------------

 Rep#:   Lambda   Alpha      F1    F2    F3    F4     D1,2  D1,3  D1,4  D2,3  D2,4  D3,4    Ln Like  Est Ln P(D)
48000:    1.00    0.064    0.032 0.158 0.016 0.250    0.028 0.007 0.044 0.026 0.064 0.042   -975449    0 
48100:    1.00    0.042    0.032 0.158 0.016 0.254    0.028 0.007 0.045 0.026 0.064 0.042   -975010    0 
48200:    1.00    0.071    0.032 0.158 0.016 0.256    0.028 0.007 0.045 0.026 0.065 0.043   -975307    0 
48300:    1.00    0.080    0.032 0.158 0.016 0.253    0.028 0.007 0.045 0.026 0.064 0.043   -975442    0 
48400:    1.00    0.037    0.032 0.158 0.016 0.254    0.028 0.007 0.045 0.026 0.064 0.042   -975350    0 
48500:    1.00    0.078    0.032 0.156 0.016 0.255    0.028 0.007 0.045 0.026 0.063 0.042   -975144    0 
48600:    1.00    0.073    0.033 0.155 0.016 0.255    0.028 0.007 0.045 0.026 0.064 0.043   -975075    0 
48700:    1.00    0.088    0.033 0.157 0.016 0.255    0.028 0.007 0.045 0.026 0.064 0.043   -974998    0 
48800:    1.00    0.057    0.033 0.155 0.016 0.252    0.028 0.007 0.044 0.026 0.062 0.041   -974735    0 
48900:    1.00    0.052    0.033 0.155 0.016 0.251    0.028 0.007 0.044 0.026 0.064 0.042   -975345    0 

--------------------------------------------
Proportion of membership of each pre-defined
 population in each of the 4 clusters

Given    Inferred Clusters              Number of
 Pop       1      2      3      4      Individuals

  1:     0.485  0.234  0.186  0.094       23
--------------------------------------------

 Rep#:   Lambda   Alpha      F1    F2    F3    F4     D1,2  D1,3  D1,4  D2,3  D2,4  D3,4    Ln Like  Est Ln P(D)
49000:    1.00    0.077    0.033 0.155 0.016 0.254    0.028 0.007 0.045 0.026 0.063 0.042   -975014    0 
49100:    1.00    0.084    0.033 0.152 0.016 0.254    0.027 0.007 0.044 0.025 0.063 0.042   -975091    0 
49200:    1.00    0.063    0.033 0.154 0.016 0.253    0.027 0.007 0.044 0.026 0.063 0.042   -975093    0 
49300:    1.00    0.087    0.033 0.154 0.016 0.253    0.027 0.007 0.045 0.026 0.063 0.042   -975325    0 
49400:    1.00    0.077    0.033 0.154 0.016 0.248    0.028 0.007 0.045 0.025 0.063 0.042   -975178    0 
49500:    1.00    0.070    0.033 0.154 0.016 0.250    0.027 0.007 0.044 0.025 0.062 0.042   -975375    0 
49600:    1.00    0.085    0.033 0.154 0.016 0.251    0.028 0.007 0.045 0.026 0.064 0.042   -975710    0 
49700:    1.00    0.081    0.033 0.153 0.016 0.251    0.028 0.007 0.045 0.026 0.063 0.042   -974942    0 
49800:    1.00    0.094    0.033 0.152 0.016 0.251    0.027 0.007 0.044 0.026 0.063 0.042   -975203    0 
49900:    1.00    0.089    0.033 0.151 0.016 0.252    0.027 0.007 0.045 0.025 0.064 0.043   -975473    0 

--------------------------------------------
Proportion of membership of each pre-defined
 population in each of the 4 clusters

Given    Inferred Clusters              Number of
 Pop       1      2      3      4      Individuals

  1:     0.491  0.230  0.186  0.093       23
--------------------------------------------

 Rep#:   Lambda   Alpha      F1    F2    F3    F4     D1,2  D1,3  D1,4  D2,3  D2,4  D3,4    Ln Like  Est Ln P(D)
50000:    1.00    0.091    0.033 0.155 0.016 0.252    0.027 0.007 0.045 0.026 0.063 0.042   -975024    0 
50100:    1.00    0.101    0.033 0.156 0.016 0.252    0.028 0.007 0.044 0.026 0.063 0.042   -975044    0 
50200:    1.00    0.057    0.034 0.155 0.016 0.251    0.028 0.008 0.045 0.026 0.063 0.042   -975168    0 
50300:    1.00    0.090    0.033 0.155 0.016 0.253    0.028 0.007 0.045 0.026 0.064 0.043   -975032    0 
50400:    1.00    0.048    0.033 0.156 0.016 0.254    0.028 0.008 0.045 0.026 0.064 0.043   -975115    0 
50500:    1.00    0.076    0.034 0.153 0.016 0.255    0.028 0.008 0.045 0.025 0.063 0.043   -975154    0 
50600:    1.00    0.085    0.035 0.153 0.016 0.253    0.028 0.008 0.045 0.026 0.063 0.043   -974934    0 
50700:    1.00    0.100    0.034 0.151 0.016 0.254    0.027 0.007 0.045 0.025 0.063 0.043   -975781    0 
50800:    1.00    0.098    0.034 0.156 0.016 0.256    0.028 0.008 0.046 0.026 0.064 0.043   -975172    0 
50900:    1.00    0.070    0.034 0.155 0.016 0.256    0.028 0.008 0.045 0.026 0.064 0.043   -974949    0 

--------------------------------------------
Proportion of membership of each pre-defined
 population in each of the 4 clusters

Given    Inferred Clusters              Number of
 Pop       1      2      3      4      Individuals

  1:     0.491  0.233  0.182  0.094       23
--------------------------------------------

 Rep#:   Lambda   Alpha      F1    F2    F3    F4     D1,2  D1,3  D1,4  D2,3  D2,4  D3,4    Ln Like  Est Ln P(D)
51000:    1.00    0.068    0.034 0.156 0.016 0.253    0.028 0.008 0.045 0.026 0.064 0.042   -975570    0 
51100:    1.00    0.068    0.034 0.154 0.016 0.250    0.028 0.008 0.045 0.026 0.063 0.042   -974884    0 
51200:    1.00    0.059    0.034 0.154 0.016 0.252    0.027 0.008 0.045 0.025 0.064 0.042   -975364    0 
51300:    1.00    0.050    0.034 0.154 0.016 0.252    0.028 0.008 0.045 0.026 0.064 0.043   -974869    0 
51400:    1.00    0.051    0.034 0.154 0.015 0.254    0.028 0.007 0.045 0.026 0.064 0.042   -975572    0 
51500:    1.00    0.057    0.034 0.154 0.015 0.254    0.028 0.008 0.046 0.026 0.064 0.043   -974973    0 
51600:    1.00    0.076    0.034 0.154 0.015 0.252    0.028 0.008 0.045 0.026 0.063 0.042   -974674    0 
51700:    1.00    0.064    0.034 0.154 0.015 0.252    0.028 0.008 0.045 0.025 0.063 0.042   -975337    0 
51800:    1.00    0.070    0.034 0.156 0.015 0.250    0.028 0.008 0.044 0.026 0.063 0.041   -975026    0 
51900:    1.00    0.087    0.034 0.157 0.015 0.252    0.028 0.008 0.045 0.026 0.063 0.042   -974866    0 

--------------------------------------------
Proportion of membership of each pre-defined
 population in each of the 4 clusters

Given    Inferred Clusters              Number of
 Pop       1      2      3      4      Individuals

  1:     0.491  0.231  0.186  0.092       23
--------------------------------------------

 Rep#:   Lambda   Alpha      F1    F2    F3    F4     D1,2  D1,3  D1,4  D2,3  D2,4  D3,4    Ln Like  Est Ln P(D)
52000:    1.00    0.071    0.034 0.157 0.015 0.252    0.028 0.008 0.045 0.026 0.064 0.042   -974637    0 
52100:    1.00    0.082    0.034 0.156 0.015 0.252    0.028 0.008 0.045 0.026 0.063 0.042   -974871    0 
52200:    1.00    0.090    0.034 0.155 0.016 0.252    0.028 0.008 0.045 0.026 0.064 0.042   -974780    0 
52300:    1.00    0.070    0.035 0.156 0.016 0.252    0.028 0.008 0.045 0.026 0.063 0.042   -975464    0 
52400:    1.00    0.067    0.035 0.158 0.016 0.251    0.028 0.008 0.045 0.026 0.064 0.043   -975148    0 
52500:    1.00    0.063    0.035 0.159 0.016 0.251    0.029 0.008 0.045 0.026 0.064 0.042   -974729    0 
52600:    1.00    0.102    0.035 0.159 0.016 0.253    0.029 0.008 0.044 0.027 0.063 0.042   -975319    0 
52700:    1.00    0.064    0.035 0.158 0.016 0.246    0.029 0.008 0.044 0.026 0.062 0.041   -975239    0 
52800:    1.00    0.087    0.035 0.158 0.016 0.247    0.029 0.008 0.044 0.026 0.062 0.041   -974873    0 
52900:    1.00    0.061    0.036 0.158 0.016 0.250    0.029 0.008 0.045 0.027 0.064 0.042   -974325    0 

--------------------------------------------
Proportion of membership of each pre-defined
 population in each of the 4 clusters

Given    Inferred Clusters              Number of
 Pop       1      2      3      4      Individuals

  1:     0.487  0.235  0.186  0.092       23
--------------------------------------------

 Rep#:   Lambda   Alpha      F1    F2    F3    F4     D1,2  D1,3  D1,4  D2,3  D2,4  D3,4    Ln Like  Est Ln P(D)
53000:    1.00    0.056    0.036 0.157 0.016 0.250    0.028 0.008 0.045 0.026 0.063 0.042   -974886    0 
53100:    1.00    0.048    0.036 0.156 0.016 0.250    0.028 0.008 0.045 0.026 0.063 0.042   -975212    0 
53200:    1.00    0.078    0.036 0.157 0.016 0.249    0.029 0.008 0.045 0.026 0.064 0.042   -974793    0 
53300:    1.00    0.074    0.036 0.157 0.016 0.251    0.029 0.008 0.045 0.026 0.063 0.042   -974959    0 
53400:    1.00    0.084    0.036 0.156 0.016 0.257    0.028 0.008 0.046 0.026 0.064 0.043   -975024    0 
53500:    1.00    0.059    0.036 0.158 0.016 0.253    0.029 0.008 0.045 0.026 0.064 0.043   -974865    0 
53600:    1.00    0.069    0.036 0.160 0.016 0.256    0.029 0.008 0.045 0.027 0.064 0.042   -974723    0 
53700:    1.00    0.071    0.036 0.155 0.016 0.257    0.028 0.008 0.046 0.026 0.065 0.043   -975168    0 
53800:    1.00    0.067    0.036 0.156 0.016 0.257    0.028 0.008 0.046 0.026 0.064 0.043   -974649    0 
53900:    1.00    0.081    0.037 0.156 0.016 0.259    0.029 0.008 0.046 0.026 0.064 0.043   -974720    0 

--------------------------------------------
Proportion of membership of each pre-defined
 population in each of the 4 clusters

Given    Inferred Clusters              Number of
 Pop       1      2      3      4      Individuals

  1:     0.491  0.232  0.186  0.091       23
--------------------------------------------

 Rep#:   Lambda   Alpha      F1    F2    F3    F4     D1,2  D1,3  D1,4  D2,3  D2,4  D3,4    Ln Like  Est Ln P(D)
54000:    1.00    0.071    0.037 0.156 0.016 0.258    0.029 0.008 0.046 0.026 0.064 0.043   -974524    0 
54100:    1.00    0.061    0.037 0.157 0.016 0.256    0.029 0.008 0.046 0.026 0.064 0.043   -974818    0 
54200:    1.00    0.068    0.037 0.156 0.016 0.254    0.029 0.008 0.046 0.026 0.064 0.042   -974661    0 
54300:    1.00    0.070    0.037 0.156 0.016 0.252    0.029 0.008 0.046 0.026 0.064 0.043   -974910    0 
54400:    1.00    0.076    0.038 0.157 0.016 0.253    0.029 0.008 0.046 0.026 0.064 0.042   -974872    0 
54500:    1.00    0.051    0.038 0.158 0.016 0.253    0.029 0.008 0.046 0.026 0.064 0.043   -974799    0 
54600:    1.00    0.081    0.038 0.159 0.016 0.253    0.029 0.008 0.046 0.026 0.064 0.043   -975434    0 
54700:    1.00    0.089    0.038 0.160 0.016 0.253    0.029 0.008 0.045 0.027 0.064 0.042   -974872    0 
54800:    1.00    0.084    0.038 0.159 0.016 0.253    0.029 0.008 0.046 0.026 0.064 0.042   -975015    0 
54900:    1.00    0.082    0.038 0.159 0.016 0.256    0.029 0.008 0.046 0.026 0.064 0.043   -974591    0 

--------------------------------------------
Proportion of membership of each pre-defined
 population in each of the 4 clusters

Given    Inferred Clusters              Number of
 Pop       1      2      3      4      Individuals

  1:     0.481  0.239  0.187  0.093       23
--------------------------------------------

 Rep#:   Lambda   Alpha      F1    F2    F3    F4     D1,2  D1,3  D1,4  D2,3  D2,4  D3,4    Ln Like  Est Ln P(D)
55000:    1.00    0.084    0.038 0.161 0.016 0.254    0.029 0.008 0.046 0.026 0.064 0.043   -974761    0 
55100:    1.00    0.062    0.038 0.160 0.016 0.254    0.029 0.008 0.046 0.027 0.064 0.042   -974302    0 
55200:    1.00    0.060    0.038 0.161 0.016 0.249    0.029 0.008 0.044 0.027 0.063 0.041   -974622    0 
55300:    1.00    0.066    0.038 0.160 0.016 0.248    0.029 0.008 0.045 0.027 0.064 0.042   -975018    0 
55400:    1.00    0.088    0.038 0.160 0.016 0.247    0.030 0.008 0.045 0.027 0.064 0.042   -974742    0 
55500:    1.00    0.088    0.038 0.159 0.016 0.253    0.029 0.008 0.046 0.027 0.064 0.042   -975041    0 
55600:    1.00    0.088    0.038 0.160 0.016 0.251    0.029 0.008 0.045 0.026 0.064 0.042   -974922    0 
55700:    1.00    0.055    0.038 0.161 0.016 0.251    0.030 0.008 0.046 0.027 0.066 0.042   -974839    0 
55800:    1.00    0.082    0.038 0.162 0.016 0.252    0.030 0.008 0.046 0.027 0.064 0.042   -974630    0 
55900:    1.00    0.077    0.038 0.161 0.016 0.249    0.029 0.008 0.045 0.027 0.064 0.042   -974856    0 

--------------------------------------------
Proportion of membership of each pre-defined
 population in each of the 4 clusters

Given    Inferred Clusters              Number of
 Pop       1      2      3      4      Individuals

  1:     0.488  0.234  0.185  0.093       23
--------------------------------------------

 Rep#:   Lambda   Alpha      F1    F2    F3    F4     D1,2  D1,3  D1,4  D2,3  D2,4  D3,4    Ln Like  Est Ln P(D)
56000:    1.00    0.064    0.038 0.161 0.016 0.248    0.029 0.008 0.045 0.027 0.064 0.042   -974703    0 
56100:    1.00    0.065    0.038 0.161 0.016 0.249    0.030 0.008 0.045 0.027 0.064 0.042   -974539    0 
56200:    1.00    0.070    0.038 0.161 0.016 0.254    0.029 0.008 0.045 0.027 0.064 0.042   -974767    0 
56300:    1.00    0.080    0.038 0.161 0.016 0.252    0.030 0.008 0.045 0.027 0.065 0.043   -973994    0 
56400:    1.00    0.063    0.038 0.161 0.016 0.250    0.029 0.008 0.045 0.027 0.064 0.042   -974818    0 
56500:    1.00    0.074    0.038 0.161 0.016 0.251    0.029 0.008 0.045 0.027 0.064 0.042   -974477    0 
56600:    1.00    0.069    0.038 0.163 0.016 0.251    0.030 0.008 0.045 0.027 0.064 0.042   -974547    0 
56700:    1.00    0.074    0.038 0.163 0.016 0.249    0.029 0.008 0.045 0.027 0.064 0.042   -974982    0 
56800:    1.00    0.078    0.038 0.162 0.017 0.249    0.030 0.008 0.045 0.027 0.063 0.042   -974362    0 
56900:    1.00    0.073    0.038 0.162 0.017 0.249    0.030 0.008 0.045 0.027 0.063 0.041   -974702    0 

--------------------------------------------
Proportion of membership of each pre-defined
 population in each of the 4 clusters

Given    Inferred Clusters              Number of
 Pop       1      2      3      4      Individuals

  1:     0.486  0.236  0.185  0.093       23
--------------------------------------------

 Rep#:   Lambda   Alpha      F1    F2    F3    F4     D1,2  D1,3  D1,4  D2,3  D2,4  D3,4    Ln Like  Est Ln P(D)
57000:    1.00    0.154    0.038 0.162 0.017 0.249    0.029 0.008 0.045 0.027 0.064 0.042   -974421    0 
57100:    1.00    0.063    0.039 0.160 0.017 0.252    0.029 0.008 0.046 0.027 0.064 0.042   -974745    0 
57200:    1.00    0.079    0.039 0.159 0.017 0.254    0.029 0.008 0.046 0.026 0.063 0.043   -974498    0 
57300:    1.00    0.065    0.040 0.159 0.017 0.255    0.029 0.009 0.046 0.027 0.064 0.043   -974741    0 
57400:    1.00    0.075    0.039 0.158 0.017 0.258    0.029 0.009 0.047 0.026 0.065 0.044   -974577    0 
57500:    1.00    0.062    0.039 0.158 0.017 0.260    0.030 0.009 0.047 0.027 0.065 0.044   -974842    0 
57600:    1.00    0.082    0.039 0.160 0.017 0.254    0.029 0.008 0.046 0.027 0.064 0.042   -974430    0 
57700:    1.00    0.087    0.039 0.158 0.017 0.254    0.029 0.008 0.046 0.026 0.064 0.043   -974393    0 
57800:    1.00    0.123    0.039 0.156 0.017 0.255    0.029 0.008 0.046 0.027 0.065 0.043   -974591    0 
57900:    1.00    0.092    0.039 0.158 0.017 0.251    0.029 0.008 0.045 0.027 0.064 0.042   -975118    0 

--------------------------------------------
Proportion of membership of each pre-defined
 population in each of the 4 clusters

Given    Inferred Clusters              Number of
 Pop       1      2      3      4      Individuals

  1:     0.480  0.238  0.188  0.094       23
--------------------------------------------

 Rep#:   Lambda   Alpha      F1    F2    F3    F4     D1,2  D1,3  D1,4  D2,3  D2,4  D3,4    Ln Like  Est Ln P(D)
58000:    1.00    0.103    0.039 0.161 0.017 0.252    0.029 0.008 0.045 0.027 0.064 0.042   -974091    0 
58100:    1.00    0.097    0.039 0.164 0.017 0.251    0.030 0.009 0.046 0.027 0.065 0.043   -974619    0 
58200:    1.00    0.079    0.039 0.162 0.017 0.251    0.030 0.008 0.046 0.027 0.065 0.042   -974607    0 
58300:    1.00    0.075    0.039 0.161 0.017 0.250    0.029 0.008 0.045 0.027 0.063 0.042   -974236    0 
58400:    1.00    0.095    0.038 0.161 0.017 0.252    0.029 0.008 0.046 0.027 0.064 0.042   -974128    0 
58500:    1.00    0.072    0.038 0.162 0.017 0.251    0.029 0.008 0.045 0.027 0.064 0.042   -974611    0 
58600:    1.00    0.091    0.038 0.162 0.017 0.251    0.030 0.008 0.045 0.027 0.064 0.042   -975018    0 
58700:    1.00    0.062    0.038 0.160 0.017 0.248    0.029 0.008 0.045 0.027 0.063 0.042   -974942    0 
58800:    1.00    0.081    0.039 0.161 0.017 0.250    0.029 0.009 0.045 0.027 0.064 0.042   -975057    0 
58900:    1.00    0.093    0.039 0.161 0.017 0.249    0.030 0.008 0.045 0.027 0.064 0.042   -974635    0 

--------------------------------------------
Proportion of membership of each pre-defined
 population in each of the 4 clusters

Given    Inferred Clusters              Number of
 Pop       1      2      3      4      Individuals

  1:     0.480  0.240  0.188  0.093       23
--------------------------------------------

 Rep#:   Lambda   Alpha      F1    F2    F3    F4     D1,2  D1,3  D1,4  D2,3  D2,4  D3,4    Ln Like  Est Ln P(D)
59000:    1.00    0.106    0.039 0.161 0.017 0.258    0.029 0.008 0.046 0.027 0.065 0.043   -974799    0 
59100:    1.00    0.087    0.039 0.162 0.017 0.255    0.030 0.008 0.046 0.027 0.065 0.042   -975090    0 
59200:    1.00    0.105    0.039 0.163 0.016 0.256    0.030 0.008 0.046 0.027 0.065 0.043   -974403    0 
59300:    1.00    0.095    0.039 0.163 0.016 0.256    0.029 0.008 0.046 0.027 0.065 0.043   -974228    0 
59400:    1.00    0.108    0.039 0.163 0.016 0.255    0.029 0.008 0.046 0.027 0.065 0.043   -974765    0 
59500:    1.00    0.105    0.039 0.158 0.016 0.260    0.029 0.008 0.047 0.027 0.066 0.044   -974172    0 
59600:    1.00    0.110    0.039 0.159 0.016 0.260    0.029 0.008 0.046 0.027 0.065 0.043   -974952    0 
59700:    1.00    0.059    0.039 0.159 0.016 0.261    0.029 0.008 0.047 0.026 0.065 0.044   -974695    0 
59800:    1.00    0.087    0.039 0.159 0.016 0.256    0.029 0.008 0.046 0.027 0.065 0.043   -974703    0 
59900:    1.00    0.101    0.039 0.156 0.016 0.254    0.029 0.008 0.046 0.026 0.064 0.043   -975094    0 
60000:    1.00    0.123    0.039 0.156 0.017 0.254    0.028 0.008 0.046 0.026 0.064 0.043   -974187    0 

MCMC completed

Inferred ancestry of individuals:
        Label (%Miss) Pop:  Inferred clusters
  1 18160D-09-0    (2)    1 :  0.477 0.068 0.455 0.000 
  2 18160D-09-0    (4)    1 :  0.915 0.083 0.002 0.000 
  3 18160D-09-0    (2)    1 :  0.244 0.705 0.051 0.000 
  4 18160D-09-0    (5)    1 :  0.001 0.999 0.000 0.000 
  5 18160D-09-0    (4)    1 :  0.148 0.852 0.000 0.000 
  6 18160D-09-0    (4)    1 :  0.104 0.895 0.001 0.000 
  7 18160D-09-0    (2)    1 :  0.035 0.964 0.001 0.000 
  8 18160D-09-0    (4)    1 :  0.367 0.047 0.586 0.000 
  9 18160D-09-0    (2)    1 :  0.264 0.000 0.641 0.095 
 10 18160D-09-1    (2)    1 :  0.000 0.000 0.000 1.000 
 11 18160D-09-1    (2)    1 :  0.288 0.000 0.468 0.244 
 12 18160D-09-1    (2)    1 :  0.061 0.000 0.836 0.103 
 13 18160D-09-1    (5)    1 :  0.904 0.093 0.003 0.000 
 14 18160D-09-1   (18)    1 :  0.910 0.089 0.001 0.000 
 15 18160D-09-1    (4)    1 :  0.986 0.013 0.002 0.000 
 16 18160D-09-1    (2)    1 :  0.067 0.011 0.070 0.851 
 17 18160D-09-1    (2)    1 :  0.388 0.061 0.550 0.000 
 18 18160D-09-1    (2)    1 :  0.000 0.000 0.999 0.000 
 19 18160D-09-1    (2)    1 :  0.974 0.025 0.001 0.000 
 20 18160D-09-2    (5)    1 :  0.406 0.007 0.587 0.000 
 21 18160D-09-2    (5)    1 :  0.923 0.076 0.001 0.000 
 22 18160D-09-2    (5)    1 :  1.000 0.000 0.000 0.000 
 23 18160D-09-2    (2)    1 :  0.936 0.022 0.042 0.000 

Command line arguments:   structure -D 744896 -K 4 -m mainparams -o k4/populations_k4_run8 
Input File:    populations.str
Output File:   k4/populations_k4_run8_f

Run parameters:
   23 individuals
   50160 loci
   4 populations assumed
   10000 Burn-in period
   50000 Reps
RANDOMIZE turned off

--------------------------------------------
Estimated Ln Prob of Data   = -2046928.6
Mean value of ln likelihood = -976827.2
Variance of ln likelihood   = 2140202.7
Mean value of alpha         = 0.0684

Mean value of Fst_1         = 0.0224
Mean value of Fst_2         = 0.1519
Mean value of Fst_3         = 0.0139
Mean value of Fst_4         = 0.2552


--------------------------------------------
Proportion of membership of each pre-defined
 population in each of the 4 clusters

Given    Inferred Clusters              Number of
 Pop       1      2      3      4      Individuals

  1:     0.452  0.218  0.230  0.100       23
--------------------------------------------
Final results printed to file k4/populations_k4_run8_f

