

----------------------------------------------------
STRUCTURE by Pritchard, Stephens and Donnelly (2000)
     and Falush, Stephens and Pritchard (2003)
       Code by Pritchard, Falush and Hubisz
             Version 2.3.4 (Jul 2012)
----------------------------------------------------


Reading file "mainparams".
datafile is
populations.str
Reading file "extraparams".
Reading file "populations.str".


Data file "populations.str" (truncated) --

Ind:   Label Pop : Genotype_data . . . .
  1: 18160D-09-0    1  :  4   1   3   1   4   1   3  . . . .   2
  1: 18160D-09-0    1  :  4   1   3   1   4   4   4  . . . .   4
  2: 18160D-09-0    1  :  4   1   3   1   4   1   3  . . . .   2
  2: 18160D-09-0    1  :  4   1   3   1   4   4   3  . . . .   4
  3: 18160D-09-0    1  :  4   1   0   0   0   0   3  . . . .   2
  3: 18160D-09-0    1  :  4   3   0   0   0   0   3  . . . .   4
  4: 18160D-09-0    1  :  4   1   3   1   4   1   3  . . . .   2
  4: 18160D-09-0    1  :  4   3   3   1   4   1   3  . . . .   4

      *******   

 22: 18160D-09-2    1  :  4   1   3   1   4   1   3  . . . .   2
 22: 18160D-09-2    1  :  4   3   3   1   4   1   4  . . . .   4
 23: 18160D-09-2    1  :  4   1   3   1   4   1   3  . . . .   2
 23: 18160D-09-2    1  :  4   1   3   1   4   4   4  . . . .   4

Number of alleles per locus: min= 2; ave=2.0; max= 2


--------------------------------------

Finished initialization; starting MCMC 
50000 iterations + 10000 burnin


--------------------------------------------
Proportion of membership of each pre-defined
 population in each of the 4 clusters

Given    Inferred Clusters              Number of
 Pop       1      2      3      4      Individuals

  1:     0.252  0.240  0.262  0.246       23
--------------------------------------------

 Rep#:   Lambda   Alpha      F1    F2    F3    F4     D1,2  D1,3  D1,4  D2,3  D2,4  D3,4    Ln Like 
  100:    1.00    1.573    0.010 0.010 0.010 0.010    0.003 0.003 0.003 0.003 0.003 0.003   --  
  200:    1.00    2.147    0.010 0.010 0.010 0.010    0.003 0.003 0.003 0.003 0.003 0.003   --  
  300:    1.00    2.578    0.010 0.010 0.010 0.010    0.003 0.003 0.003 0.003 0.003 0.003   --  
  400:    1.00    3.118    0.010 0.010 0.010 0.010    0.003 0.003 0.003 0.003 0.003 0.003   --  
  500:    1.00    3.136    0.010 0.010 0.010 0.010    0.003 0.003 0.003 0.003 0.003 0.003   --  
  600:    1.00    3.156    0.010 0.010 0.010 0.010    0.003 0.003 0.003 0.003 0.003 0.003   --  
  700:    1.00    3.525    0.010 0.010 0.010 0.010    0.003 0.003 0.003 0.003 0.003 0.003   --  
  800:    1.00    3.334    0.010 0.010 0.010 0.010    0.003 0.003 0.003 0.003 0.003 0.003   --  
  900:    1.00    3.326    0.010 0.010 0.010 0.010    0.003 0.003 0.003 0.003 0.003 0.003   --  

--------------------------------------------
Proportion of membership of each pre-defined
 population in each of the 4 clusters

Given    Inferred Clusters              Number of
 Pop       1      2      3      4      Individuals

  1:     0.260  0.256  0.227  0.257       23
--------------------------------------------

 Rep#:   Lambda   Alpha      F1    F2    F3    F4     D1,2  D1,3  D1,4  D2,3  D2,4  D3,4    Ln Like 
 1000:    1.00    2.599    0.010 0.010 0.010 0.010    0.003 0.003 0.003 0.003 0.003 0.003   --  
 1100:    1.00    2.523    0.010 0.010 0.010 0.010    0.003 0.003 0.003 0.003 0.003 0.003   --  
 1200:    1.00    2.388    0.010 0.010 0.010 0.010    0.003 0.003 0.003 0.003 0.003 0.003   --  
 1300:    1.00    2.177    0.010 0.010 0.010 0.010    0.003 0.003 0.003 0.003 0.003 0.003   --  
 1400:    1.00    1.364    0.010 0.010 0.010 0.010    0.003 0.003 0.003 0.003 0.003 0.003   --  
 1500:    1.00    0.844    0.010 0.010 0.010 0.010    0.003 0.003 0.003 0.003 0.003 0.003   --  
 1600:    1.00    0.506    0.010 0.010 0.010 0.010    0.003 0.003 0.003 0.003 0.003 0.003   --  
 1700:    1.00    0.603    0.010 0.010 0.010 0.011    0.003 0.003 0.003 0.003 0.003 0.003   --  
 1800:    1.00    0.389    0.010 0.010 0.010 0.012    0.003 0.003 0.003 0.003 0.003 0.003   --  
 1900:    1.00    0.311    0.010 0.010 0.010 0.012    0.003 0.003 0.003 0.003 0.003 0.003   --  

--------------------------------------------
Proportion of membership of each pre-defined
 population in each of the 4 clusters

Given    Inferred Clusters              Number of
 Pop       1      2      3      4      Individuals

  1:     0.280  0.321  0.172  0.227       23
--------------------------------------------

 Rep#:   Lambda   Alpha      F1    F2    F3    F4     D1,2  D1,3  D1,4  D2,3  D2,4  D3,4    Ln Like 
 2000:    1.00    0.237    0.010 0.010 0.010 0.012    0.003 0.003 0.003 0.003 0.003 0.003   --  
 2100:    1.00    0.137    0.010 0.010 0.010 0.012    0.003 0.003 0.004 0.003 0.003 0.003   --  
 2200:    1.00    0.192    0.010 0.011 0.010 0.012    0.003 0.003 0.004 0.003 0.004 0.003   --  
 2300:    1.00    0.163    0.010 0.011 0.010 0.012    0.003 0.003 0.004 0.003 0.004 0.003   --  
 2400:    1.00    0.114    0.010 0.011 0.010 0.012    0.003 0.003 0.004 0.003 0.004 0.003   --  
 2500:    1.00    0.091    0.010 0.011 0.010 0.012    0.003 0.003 0.004 0.003 0.004 0.003   --  
 2600:    1.00    0.061    0.011 0.011 0.010 0.012    0.003 0.003 0.004 0.003 0.004 0.003   --  
 2700:    1.00    0.073    0.011 0.011 0.010 0.012    0.003 0.003 0.004 0.003 0.004 0.003   --  
 2800:    1.00    0.043    0.011 0.011 0.010 0.012    0.004 0.003 0.004 0.003 0.004 0.003   --  
 2900:    1.00    0.037    0.012 0.011 0.010 0.013    0.004 0.003 0.004 0.003 0.004 0.004   --  

--------------------------------------------
Proportion of membership of each pre-defined
 population in each of the 4 clusters

Given    Inferred Clusters              Number of
 Pop       1      2      3      4      Individuals

  1:     0.236  0.421  0.122  0.220       23
--------------------------------------------

 Rep#:   Lambda   Alpha      F1    F2    F3    F4     D1,2  D1,3  D1,4  D2,3  D2,4  D3,4    Ln Like 
 3000:    1.00    0.053    0.012 0.011 0.010 0.014    0.004 0.003 0.004 0.003 0.004 0.004   --  
 3100:    1.00    0.027    0.014 0.012 0.010 0.014    0.004 0.004 0.004 0.003 0.004 0.004   --  
 3200:    1.00    0.046    0.014 0.012 0.010 0.014    0.004 0.004 0.004 0.003 0.004 0.004   --  
 3300:    1.00    0.029    0.017 0.012 0.010 0.014    0.005 0.004 0.005 0.003 0.004 0.004   --  
 3400:    1.00    0.045    0.018 0.012 0.010 0.014    0.005 0.004 0.005 0.003 0.004 0.004   --  
 3500:    1.00    0.037    0.019 0.012 0.010 0.015    0.005 0.005 0.006 0.003 0.004 0.004   --  
 3600:    1.00    0.044    0.019 0.012 0.010 0.015    0.005 0.005 0.006 0.003 0.004 0.004   --  
 3700:    1.00    0.026    0.022 0.012 0.010 0.016    0.006 0.005 0.006 0.003 0.004 0.004   --  
 3800:    1.00    0.025    0.022 0.013 0.010 0.016    0.006 0.005 0.006 0.003 0.004 0.004   --  
 3900:    1.00    0.027    0.025 0.013 0.010 0.018    0.006 0.006 0.007 0.003 0.005 0.004   --  

--------------------------------------------
Proportion of membership of each pre-defined
 population in each of the 4 clusters

Given    Inferred Clusters              Number of
 Pop       1      2      3      4      Individuals

  1:     0.221  0.475  0.086  0.218       23
--------------------------------------------

 Rep#:   Lambda   Alpha      F1    F2    F3    F4     D1,2  D1,3  D1,4  D2,3  D2,4  D3,4    Ln Like 
 4000:    1.00    0.025    0.025 0.013 0.010 0.019    0.006 0.006 0.007 0.004 0.005 0.005   --  
 4100:    1.00    0.024    0.027 0.013 0.010 0.019    0.006 0.006 0.008 0.003 0.005 0.005   --  
 4200:    1.00    0.029    0.039 0.013 0.010 0.021    0.008 0.008 0.010 0.004 0.005 0.005   --  
 4300:    1.00    0.030    0.058 0.013 0.010 0.022    0.011 0.011 0.013 0.003 0.006 0.005   --  
 4400:    1.00    0.028    0.082 0.013 0.010 0.022    0.015 0.015 0.017 0.003 0.006 0.005   --  
 4500:    1.00    0.030    0.087 0.013 0.010 0.023    0.015 0.015 0.018 0.003 0.006 0.005   --  
 4600:    1.00    0.025    0.101 0.013 0.010 0.025    0.017 0.017 0.020 0.004 0.006 0.006   --  
 4700:    1.00    0.019    0.103 0.013 0.010 0.027    0.017 0.017 0.020 0.004 0.006 0.006   --  
 4800:    1.00    0.023    0.104 0.013 0.010 0.027    0.018 0.017 0.021 0.004 0.006 0.006   --  
 4900:    1.00    0.027    0.105 0.013 0.010 0.027    0.018 0.018 0.021 0.004 0.007 0.006   --  

--------------------------------------------
Proportion of membership of each pre-defined
 population in each of the 4 clusters

Given    Inferred Clusters              Number of
 Pop       1      2      3      4      Individuals

  1:     0.221  0.472  0.088  0.219       23
--------------------------------------------

 Rep#:   Lambda   Alpha      F1    F2    F3    F4     D1,2  D1,3  D1,4  D2,3  D2,4  D3,4    Ln Like 
 5000:    1.00    0.026    0.107 0.013 0.010 0.027    0.018 0.018 0.021 0.004 0.006 0.006   --  
 5100:    1.00    0.022    0.111 0.014 0.010 0.027    0.019 0.018 0.022 0.004 0.006 0.006   --  
 5200:    1.00    0.031    0.112 0.014 0.010 0.029    0.019 0.018 0.022 0.004 0.007 0.006   --  
 5300:    1.00    0.029    0.116 0.014 0.010 0.032    0.019 0.019 0.023 0.004 0.007 0.007   --  
 5400:    1.00    0.026    0.116 0.014 0.010 0.032    0.020 0.019 0.023 0.004 0.007 0.007   --  
 5500:    1.00    0.033    0.117 0.014 0.010 0.032    0.020 0.019 0.023 0.004 0.007 0.007   --  
 5600:    1.00    0.027    0.119 0.014 0.010 0.035    0.020 0.020 0.024 0.004 0.008 0.007   --  
 5700:    1.00    0.050    0.122 0.014 0.010 0.038    0.020 0.020 0.024 0.004 0.008 0.008   --  
 5800:    1.00    0.044    0.123 0.014 0.010 0.038    0.021 0.020 0.025 0.004 0.008 0.008   --  
 5900:    1.00    0.040    0.125 0.014 0.010 0.039    0.021 0.021 0.026 0.004 0.008 0.008   --  

--------------------------------------------
Proportion of membership of each pre-defined
 population in each of the 4 clusters

Given    Inferred Clusters              Number of
 Pop       1      2      3      4      Individuals

  1:     0.218  0.463  0.107  0.212       23
--------------------------------------------

 Rep#:   Lambda   Alpha      F1    F2    F3    F4     D1,2  D1,3  D1,4  D2,3  D2,4  D3,4    Ln Like 
 6000:    1.00    0.028    0.125 0.014 0.010 0.040    0.021 0.020 0.026 0.004 0.009 0.008   --  
 6100:    1.00    0.034    0.125 0.014 0.010 0.044    0.021 0.021 0.026 0.004 0.009 0.008   --  
 6200:    1.00    0.044    0.129 0.014 0.010 0.045    0.021 0.021 0.027 0.004 0.010 0.009   --  
 6300:    1.00    0.054    0.131 0.014 0.010 0.048    0.022 0.021 0.027 0.004 0.010 0.009   --  
 6400:    1.00    0.036    0.131 0.014 0.010 0.048    0.022 0.021 0.028 0.004 0.010 0.009   --  
 6500:    1.00    0.031    0.131 0.014 0.010 0.051    0.022 0.021 0.028 0.004 0.010 0.010   --  
 6600:    1.00    0.044    0.133 0.014 0.010 0.054    0.022 0.021 0.029 0.004 0.011 0.010   --  
 6700:    1.00    0.059    0.133 0.014 0.010 0.060    0.022 0.022 0.031 0.004 0.012 0.011   --  
 6800:    1.00    0.045    0.133 0.014 0.010 0.062    0.022 0.022 0.030 0.004 0.012 0.011   --  
 6900:    1.00    0.048    0.138 0.014 0.010 0.065    0.023 0.022 0.032 0.004 0.013 0.012   --  

--------------------------------------------
Proportion of membership of each pre-defined
 population in each of the 4 clusters

Given    Inferred Clusters              Number of
 Pop       1      2      3      4      Individuals

  1:     0.213  0.497  0.110  0.180       23
--------------------------------------------

 Rep#:   Lambda   Alpha      F1    F2    F3    F4     D1,2  D1,3  D1,4  D2,3  D2,4  D3,4    Ln Like 
 7000:    1.00    0.040    0.136 0.014 0.010 0.068    0.022 0.022 0.032 0.004 0.013 0.013   --  
 7100:    1.00    0.058    0.140 0.015 0.010 0.085    0.023 0.023 0.035 0.004 0.016 0.015   --  
 7200:    1.00    0.061    0.142 0.015 0.010 0.091    0.023 0.023 0.036 0.004 0.017 0.016   --  
 7300:    1.00    0.046    0.143 0.015 0.010 0.102    0.023 0.023 0.039 0.004 0.019 0.018   --  
 7400:    1.00    0.049    0.143 0.015 0.010 0.126    0.023 0.023 0.041 0.004 0.022 0.021   --  
 7500:    1.00    0.036    0.143 0.014 0.010 0.129    0.023 0.023 0.043 0.004 0.024 0.023   --  
 7600:    1.00    0.058    0.143 0.014 0.010 0.142    0.023 0.023 0.045 0.004 0.026 0.025   --  
 7700:    1.00    0.058    0.142 0.014 0.010 0.171    0.023 0.023 0.049 0.004 0.030 0.029   --  
 7800:    1.00    0.067    0.139 0.014 0.010 0.180    0.023 0.022 0.050 0.004 0.031 0.031   --  
 7900:    1.00    0.048    0.139 0.014 0.010 0.191    0.023 0.022 0.052 0.004 0.033 0.032   --  

--------------------------------------------
Proportion of membership of each pre-defined
 population in each of the 4 clusters

Given    Inferred Clusters              Number of
 Pop       1      2      3      4      Individuals

  1:     0.215  0.557  0.110  0.118       23
--------------------------------------------

 Rep#:   Lambda   Alpha      F1    F2    F3    F4     D1,2  D1,3  D1,4  D2,3  D2,4  D3,4    Ln Like 
 8000:    1.00    0.046    0.139 0.014 0.010 0.191    0.023 0.022 0.052 0.004 0.033 0.032   --  
 8100:    1.00    0.054    0.139 0.014 0.010 0.199    0.023 0.023 0.054 0.004 0.034 0.034   --  
 8200:    1.00    0.049    0.140 0.014 0.010 0.203    0.023 0.023 0.055 0.004 0.035 0.034   --  
 8300:    1.00    0.038    0.141 0.014 0.010 0.207    0.023 0.023 0.054 0.004 0.035 0.034   --  
 8400:    1.00    0.033    0.140 0.014 0.010 0.213    0.023 0.023 0.056 0.004 0.037 0.036   --  
 8500:    1.00    0.052    0.142 0.015 0.010 0.214    0.023 0.023 0.055 0.004 0.036 0.036   --  
 8600:    1.00    0.056    0.144 0.014 0.010 0.215    0.024 0.023 0.057 0.004 0.037 0.036   --  
 8700:    1.00    0.066    0.145 0.014 0.010 0.219    0.024 0.023 0.057 0.004 0.037 0.037   --  
 8800:    1.00    0.094    0.145 0.014 0.010 0.223    0.024 0.023 0.058 0.004 0.038 0.038   --  
 8900:    1.00    0.073    0.144 0.014 0.010 0.236    0.023 0.023 0.060 0.004 0.040 0.039   --  

--------------------------------------------
Proportion of membership of each pre-defined
 population in each of the 4 clusters

Given    Inferred Clusters              Number of
 Pop       1      2      3      4      Individuals

  1:     0.211  0.558  0.119  0.112       23
--------------------------------------------

 Rep#:   Lambda   Alpha      F1    F2    F3    F4     D1,2  D1,3  D1,4  D2,3  D2,4  D3,4    Ln Like 
 9000:    1.00    0.059    0.146 0.014 0.010 0.239    0.024 0.023 0.060 0.004 0.041 0.040   --  
 9100:    1.00    0.056    0.147 0.014 0.010 0.242    0.024 0.023 0.061 0.004 0.041 0.041   --  
 9200:    1.00    0.047    0.149 0.014 0.010 0.242    0.024 0.024 0.062 0.004 0.041 0.041   --  
 9300:    1.00    0.056    0.149 0.014 0.010 0.249    0.024 0.024 0.062 0.004 0.042 0.042   --  
 9400:    1.00    0.045    0.149 0.014 0.010 0.256    0.024 0.024 0.064 0.004 0.043 0.043   --  
 9500:    1.00    0.097    0.149 0.014 0.010 0.259    0.024 0.024 0.063 0.004 0.044 0.043   --  
 9600:    1.00    0.049    0.147 0.014 0.010 0.257    0.024 0.023 0.063 0.004 0.044 0.043   --  
 9700:    1.00    0.064    0.147 0.014 0.010 0.259    0.024 0.023 0.064 0.004 0.044 0.043   --  
 9800:    1.00    0.056    0.147 0.014 0.010 0.259    0.024 0.024 0.064 0.004 0.044 0.043   --  
 9900:    1.00    0.034    0.145 0.014 0.010 0.259    0.024 0.023 0.063 0.004 0.044 0.043   --  
10000:    1.00    0.064    0.146 0.014 0.010 0.259    0.024 0.023 0.064 0.004 0.044 0.043   --  

BURNIN completed
 Rep#:   Lambda   Alpha      F1    F2    F3    F4     D1,2  D1,3  D1,4  D2,3  D2,4  D3,4    Ln Like  Est Ln P(D)
10100:    1.00    0.044    0.146 0.014 0.010 0.258    0.024 0.023 0.063 0.004 0.043 0.043   -979771    0 
10200:    1.00    0.050    0.146 0.014 0.010 0.261    0.024 0.023 0.064 0.004 0.044 0.043   -979647    0 
10300:    1.00    0.048    0.148 0.014 0.010 0.257    0.024 0.024 0.064 0.004 0.044 0.043   -979928    0 
10400:    1.00    0.053    0.148 0.014 0.010 0.257    0.024 0.024 0.064 0.004 0.043 0.043   -979851    0 
10500:    1.00    0.065    0.146 0.014 0.010 0.257    0.024 0.023 0.063 0.004 0.043 0.043   -979464    0 
10600:    1.00    0.049    0.146 0.014 0.010 0.255    0.024 0.023 0.063 0.004 0.043 0.042   -980064    0 
10700:    1.00    0.057    0.148 0.014 0.010 0.254    0.024 0.024 0.064 0.004 0.043 0.042   -979517    0 
10800:    1.00    0.079    0.147 0.014 0.010 0.259    0.024 0.024 0.064 0.004 0.044 0.043   -979521    0 
10900:    1.00    0.066    0.147 0.014 0.010 0.257    0.024 0.024 0.064 0.004 0.044 0.043   -979461    0 

--------------------------------------------
Proportion of membership of each pre-defined
 population in each of the 4 clusters

Given    Inferred Clusters              Number of
 Pop       1      2      3      4      Individuals

  1:     0.213  0.557  0.124  0.107       23
--------------------------------------------

 Rep#:   Lambda   Alpha      F1    F2    F3    F4     D1,2  D1,3  D1,4  D2,3  D2,4  D3,4    Ln Like  Est Ln P(D)
11000:    1.00    0.068    0.149 0.014 0.011 0.253    0.024 0.024 0.063 0.004 0.043 0.042   -979799    0 
11100:    1.00    0.076    0.149 0.014 0.011 0.254    0.024 0.024 0.063 0.004 0.043 0.042   -979789    0 
11200:    1.00    0.037    0.149 0.014 0.011 0.256    0.024 0.024 0.064 0.004 0.043 0.043   -979311    0 
11300:    1.00    0.066    0.150 0.014 0.011 0.257    0.024 0.024 0.063 0.004 0.043 0.042   -979490    0 
11400:    1.00    0.043    0.147 0.014 0.011 0.258    0.024 0.023 0.064 0.004 0.044 0.043   -979397    0 
11500:    1.00    0.073    0.147 0.014 0.011 0.261    0.024 0.024 0.064 0.004 0.044 0.043   -979648    0 
11600:    1.00    0.069    0.145 0.014 0.011 0.263    0.024 0.023 0.065 0.004 0.044 0.044   -979457    0 
11700:    1.00    0.049    0.143 0.014 0.011 0.261    0.023 0.023 0.064 0.004 0.044 0.044   -979526    0 
11800:    1.00    0.065    0.143 0.014 0.011 0.261    0.023 0.023 0.064 0.004 0.044 0.044   -979553    0 
11900:    1.00    0.050    0.145 0.014 0.011 0.257    0.024 0.023 0.063 0.004 0.044 0.043   -979076    0 

--------------------------------------------
Proportion of membership of each pre-defined
 population in each of the 4 clusters

Given    Inferred Clusters              Number of
 Pop       1      2      3      4      Individuals

  1:     0.211  0.553  0.129  0.107       23
--------------------------------------------

 Rep#:   Lambda   Alpha      F1    F2    F3    F4     D1,2  D1,3  D1,4  D2,3  D2,4  D3,4    Ln Like  Est Ln P(D)
12000:    1.00    0.039    0.143 0.014 0.011 0.261    0.023 0.023 0.063 0.004 0.044 0.043   -979209    0 
12100:    1.00    0.076    0.143 0.014 0.011 0.261    0.023 0.023 0.063 0.004 0.044 0.043   -979565    0 
12200:    1.00    0.056    0.142 0.014 0.011 0.259    0.023 0.023 0.063 0.004 0.044 0.043   -979330    0 
12300:    1.00    0.046    0.142 0.014 0.011 0.259    0.023 0.023 0.063 0.004 0.044 0.043   -979626    0 
12400:    1.00    0.058    0.142 0.014 0.011 0.258    0.023 0.023 0.063 0.004 0.043 0.043   -979564    0 
12500:    1.00    0.069    0.142 0.014 0.011 0.258    0.023 0.023 0.063 0.004 0.044 0.043   -979308    0 
12600:    1.00    0.074    0.145 0.014 0.011 0.258    0.024 0.023 0.064 0.004 0.044 0.043   -979401    0 
12700:    1.00    0.052    0.146 0.014 0.011 0.256    0.024 0.023 0.063 0.004 0.044 0.043   -979927    0 
12800:    1.00    0.065    0.145 0.014 0.011 0.256    0.024 0.023 0.062 0.004 0.043 0.042   -979683    0 
12900:    1.00    0.041    0.148 0.014 0.011 0.256    0.024 0.024 0.063 0.004 0.043 0.042   -979100    0 

--------------------------------------------
Proportion of membership of each pre-defined
 population in each of the 4 clusters

Given    Inferred Clusters              Number of
 Pop       1      2      3      4      Individuals

  1:     0.211  0.543  0.139  0.107       23
--------------------------------------------

 Rep#:   Lambda   Alpha      F1    F2    F3    F4     D1,2  D1,3  D1,4  D2,3  D2,4  D3,4    Ln Like  Est Ln P(D)
13000:    1.00    0.029    0.146 0.014 0.011 0.255    0.024 0.023 0.063 0.004 0.043 0.043   -979281    0 
13100:    1.00    0.042    0.144 0.014 0.011 0.253    0.024 0.023 0.063 0.004 0.043 0.042   -979675    0 
13200:    1.00    0.036    0.144 0.014 0.011 0.254    0.024 0.023 0.063 0.004 0.043 0.043   -979114    0 
13300:    1.00    0.066    0.146 0.014 0.011 0.256    0.024 0.024 0.063 0.004 0.043 0.043   -979325    0 
13400:    1.00    0.045    0.146 0.014 0.011 0.258    0.024 0.023 0.064 0.004 0.044 0.043   -978751    0 
13500:    1.00    0.052    0.145 0.014 0.011 0.261    0.023 0.023 0.063 0.004 0.044 0.044   -979187    0 
13600:    1.00    0.054    0.144 0.014 0.011 0.264    0.024 0.023 0.064 0.004 0.044 0.044   -979081    0 
13700:    1.00    0.044    0.146 0.014 0.011 0.260    0.024 0.024 0.064 0.004 0.044 0.043   -979836    0 
13800:    1.00    0.071    0.145 0.014 0.011 0.266    0.023 0.023 0.064 0.004 0.044 0.044   -979257    0 
13900:    1.00    0.069    0.144 0.014 0.011 0.269    0.024 0.023 0.065 0.004 0.045 0.044   -979315    0 

--------------------------------------------
Proportion of membership of each pre-defined
 population in each of the 4 clusters

Given    Inferred Clusters              Number of
 Pop       1      2      3      4      Individuals

  1:     0.216  0.533  0.146  0.105       23
--------------------------------------------

 Rep#:   Lambda   Alpha      F1    F2    F3    F4     D1,2  D1,3  D1,4  D2,3  D2,4  D3,4    Ln Like  Est Ln P(D)
14000:    1.00    0.042    0.144 0.014 0.011 0.269    0.024 0.023 0.065 0.004 0.045 0.045   -979621    0 
14100:    1.00    0.052    0.145 0.014 0.011 0.268    0.024 0.023 0.064 0.004 0.045 0.044   -979115    0 
14200:    1.00    0.057    0.146 0.014 0.011 0.268    0.024 0.023 0.066 0.004 0.046 0.045   -979134    0 
14300:    1.00    0.046    0.146 0.014 0.011 0.269    0.024 0.023 0.066 0.004 0.045 0.045   -978648    0 
14400:    1.00    0.062    0.146 0.014 0.011 0.264    0.024 0.023 0.064 0.004 0.044 0.044   -978967    0 
14500:    1.00    0.053    0.145 0.015 0.011 0.263    0.024 0.023 0.064 0.004 0.044 0.043   -979183    0 
14600:    1.00    0.072    0.145 0.015 0.011 0.259    0.024 0.023 0.064 0.004 0.044 0.043   -979193    0 
14700:    1.00    0.061    0.144 0.015 0.011 0.257    0.024 0.024 0.063 0.004 0.043 0.043   -979540    0 
14800:    1.00    0.104    0.144 0.015 0.011 0.251    0.024 0.023 0.062 0.004 0.043 0.042   -979493    0 
14900:    1.00    0.041    0.144 0.015 0.011 0.251    0.024 0.023 0.062 0.004 0.042 0.041   -979570    0 

--------------------------------------------
Proportion of membership of each pre-defined
 population in each of the 4 clusters

Given    Inferred Clusters              Number of
 Pop       1      2      3      4      Individuals

  1:     0.214  0.529  0.152  0.105       23
--------------------------------------------

 Rep#:   Lambda   Alpha      F1    F2    F3    F4     D1,2  D1,3  D1,4  D2,3  D2,4  D3,4    Ln Like  Est Ln P(D)
15000:    1.00    0.055    0.147 0.015 0.011 0.254    0.024 0.024 0.063 0.004 0.043 0.042   -979831    0 
15100:    1.00    0.054    0.147 0.015 0.011 0.254    0.024 0.023 0.063 0.004 0.043 0.043   -979674    0 
15200:    1.00    0.037    0.148 0.015 0.011 0.255    0.024 0.024 0.063 0.004 0.043 0.043   -979120    0 
15300:    1.00    0.073    0.147 0.015 0.011 0.258    0.024 0.023 0.063 0.004 0.044 0.043   -979175    0 
15400:    1.00    0.064    0.146 0.015 0.011 0.256    0.024 0.024 0.063 0.004 0.043 0.043   -978910    0 
15500:    1.00    0.051    0.145 0.015 0.011 0.257    0.024 0.023 0.063 0.004 0.043 0.043   -979366    0 
15600:    1.00    0.063    0.146 0.015 0.011 0.257    0.024 0.024 0.063 0.004 0.044 0.043   -979335    0 
15700:    1.00    0.089    0.147 0.015 0.011 0.253    0.024 0.024 0.063 0.004 0.043 0.043   -979268    0 
15800:    1.00    0.080    0.147 0.015 0.011 0.253    0.024 0.024 0.063 0.004 0.043 0.043   -979144    0 
15900:    1.00    0.090    0.151 0.015 0.011 0.258    0.025 0.024 0.065 0.004 0.044 0.043   -979491    0 

--------------------------------------------
Proportion of membership of each pre-defined
 population in each of the 4 clusters

Given    Inferred Clusters              Number of
 Pop       1      2      3      4      Individuals

  1:     0.211  0.525  0.158  0.105       23
--------------------------------------------

 Rep#:   Lambda   Alpha      F1    F2    F3    F4     D1,2  D1,3  D1,4  D2,3  D2,4  D3,4    Ln Like  Est Ln P(D)
16000:    1.00    0.073    0.151 0.015 0.011 0.262    0.025 0.024 0.065 0.004 0.044 0.044   -978884    0 
16100:    1.00    0.082    0.151 0.015 0.011 0.261    0.025 0.024 0.065 0.004 0.044 0.044   -979104    0 
16200:    1.00    0.074    0.150 0.015 0.011 0.258    0.024 0.024 0.063 0.004 0.043 0.042   -979461    0 
16300:    1.00    0.096    0.152 0.015 0.011 0.258    0.025 0.025 0.064 0.004 0.043 0.043   -979132    0 
16400:    1.00    0.072    0.152 0.015 0.011 0.258    0.025 0.024 0.065 0.004 0.044 0.044   -979346    0 
16500:    1.00    0.077    0.153 0.015 0.011 0.259    0.025 0.025 0.064 0.004 0.044 0.043   -979052    0 
16600:    1.00    0.082    0.153 0.015 0.011 0.253    0.025 0.025 0.063 0.004 0.043 0.042   -979175    0 
16700:    1.00    0.051    0.153 0.015 0.011 0.252    0.025 0.025 0.064 0.004 0.043 0.042   -978860    0 
16800:    1.00    0.059    0.155 0.015 0.012 0.252    0.026 0.025 0.064 0.004 0.043 0.042   -978773    0 
16900:    1.00    0.093    0.154 0.015 0.012 0.252    0.025 0.025 0.063 0.004 0.042 0.042   -978676    0 

--------------------------------------------
Proportion of membership of each pre-defined
 population in each of the 4 clusters

Given    Inferred Clusters              Number of
 Pop       1      2      3      4      Individuals

  1:     0.205  0.510  0.181  0.105       23
--------------------------------------------

 Rep#:   Lambda   Alpha      F1    F2    F3    F4     D1,2  D1,3  D1,4  D2,3  D2,4  D3,4    Ln Like  Est Ln P(D)
17000:    1.00    0.091    0.154 0.016 0.012 0.255    0.025 0.025 0.065 0.004 0.044 0.043   -978943    0 
17100:    1.00    0.069    0.156 0.016 0.012 0.258    0.025 0.025 0.065 0.004 0.044 0.043   -978624    0 
17200:    1.00    0.063    0.155 0.016 0.012 0.252    0.025 0.025 0.064 0.004 0.043 0.042   -978643    0 
17300:    1.00    0.089    0.155 0.016 0.012 0.253    0.025 0.025 0.064 0.004 0.043 0.042   -978675    0 
17400:    1.00    0.081    0.154 0.016 0.012 0.252    0.025 0.025 0.064 0.004 0.043 0.043   -978870    0 
17500:    1.00    0.078    0.153 0.016 0.012 0.250    0.025 0.025 0.063 0.004 0.042 0.041   -978995    0 
17600:    1.00    0.075    0.151 0.016 0.012 0.251    0.025 0.024 0.063 0.004 0.042 0.042   -978163    0 
17700:    1.00    0.085    0.149 0.016 0.012 0.252    0.025 0.024 0.063 0.004 0.042 0.042   -978423    0 
17800:    1.00    0.069    0.149 0.016 0.012 0.251    0.024 0.024 0.063 0.004 0.043 0.042   -978660    0 
17900:    1.00    0.079    0.148 0.016 0.012 0.256    0.024 0.024 0.064 0.004 0.044 0.043   -978195    0 

--------------------------------------------
Proportion of membership of each pre-defined
 population in each of the 4 clusters

Given    Inferred Clusters              Number of
 Pop       1      2      3      4      Individuals

  1:     0.211  0.486  0.202  0.101       23
--------------------------------------------

 Rep#:   Lambda   Alpha      F1    F2    F3    F4     D1,2  D1,3  D1,4  D2,3  D2,4  D3,4    Ln Like  Est Ln P(D)
18000:    1.00    0.071    0.148 0.016 0.012 0.258    0.024 0.024 0.063 0.004 0.043 0.043   -978401    0 
18100:    1.00    0.111    0.149 0.016 0.012 0.262    0.024 0.024 0.063 0.004 0.044 0.043   -977922    0 
18200:    1.00    0.072    0.149 0.017 0.012 0.261    0.025 0.024 0.064 0.004 0.044 0.043   -977894    0 
18300:    1.00    0.094    0.151 0.017 0.012 0.261    0.025 0.024 0.065 0.004 0.044 0.043   -977847    0 
18400:    1.00    0.095    0.152 0.017 0.012 0.261    0.025 0.025 0.064 0.004 0.044 0.043   -977282    0 
18500:    1.00    0.095    0.152 0.017 0.012 0.262    0.025 0.025 0.065 0.004 0.045 0.044   -978057    0 
18600:    1.00    0.096    0.152 0.017 0.012 0.262    0.025 0.025 0.065 0.004 0.044 0.043   -977424    0 
18700:    1.00    0.079    0.154 0.017 0.012 0.264    0.026 0.025 0.065 0.005 0.045 0.044   -977095    0 
18800:    1.00    0.084    0.153 0.018 0.012 0.263    0.025 0.025 0.065 0.005 0.044 0.043   -977003    0 
18900:    1.00    0.069    0.153 0.018 0.012 0.263    0.025 0.025 0.064 0.005 0.044 0.043   -977251    0 

--------------------------------------------
Proportion of membership of each pre-defined
 population in each of the 4 clusters

Given    Inferred Clusters              Number of
 Pop       1      2      3      4      Individuals

  1:     0.212  0.470  0.222  0.096       23
--------------------------------------------

 Rep#:   Lambda   Alpha      F1    F2    F3    F4     D1,2  D1,3  D1,4  D2,3  D2,4  D3,4    Ln Like  Est Ln P(D)
19000:    1.00    0.073    0.155 0.018 0.012 0.268    0.025 0.025 0.066 0.005 0.045 0.045   -977234    0 
19100:    1.00    0.099    0.155 0.018 0.012 0.269    0.026 0.025 0.066 0.005 0.045 0.044   -976679    0 
19200:    1.00    0.077    0.155 0.018 0.012 0.265    0.025 0.025 0.065 0.005 0.045 0.044   -976789    0 
19300:    1.00    0.062    0.159 0.018 0.012 0.263    0.026 0.025 0.066 0.005 0.044 0.043   -976862    0 
19400:    1.00    0.106    0.159 0.018 0.012 0.262    0.026 0.026 0.066 0.005 0.044 0.043   -976757    0 
19500:    1.00    0.091    0.159 0.018 0.012 0.262    0.026 0.025 0.065 0.005 0.044 0.044   -976931    0 
19600:    1.00    0.084    0.158 0.018 0.012 0.264    0.026 0.025 0.066 0.005 0.045 0.044   -976774    0 
19700:    1.00    0.072    0.158 0.018 0.012 0.266    0.026 0.026 0.066 0.005 0.045 0.044   -976958    0 
19800:    1.00    0.069    0.159 0.018 0.012 0.264    0.026 0.026 0.066 0.005 0.045 0.044   -976940    0 
19900:    1.00    0.085    0.158 0.018 0.012 0.262    0.026 0.026 0.066 0.005 0.044 0.043   -976969    0 

--------------------------------------------
Proportion of membership of each pre-defined
 population in each of the 4 clusters

Given    Inferred Clusters              Number of
 Pop       1      2      3      4      Individuals

  1:     0.214  0.470  0.218  0.098       23
--------------------------------------------

 Rep#:   Lambda   Alpha      F1    F2    F3    F4     D1,2  D1,3  D1,4  D2,3  D2,4  D3,4    Ln Like  Est Ln P(D)
20000:    1.00    0.075    0.156 0.019 0.012 0.262    0.026 0.025 0.065 0.005 0.044 0.043   -976630    0 
20100:    1.00    0.089    0.158 0.019 0.012 0.261    0.026 0.026 0.065 0.005 0.044 0.043   -976835    0 
20200:    1.00    0.111    0.157 0.019 0.012 0.261    0.026 0.025 0.065 0.005 0.044 0.043   -976590    0 
20300:    1.00    0.083    0.159 0.019 0.012 0.260    0.026 0.026 0.065 0.005 0.043 0.042   -977424    0 
20400:    1.00    0.080    0.160 0.019 0.012 0.259    0.026 0.025 0.065 0.005 0.044 0.043   -977080    0 
20500:    1.00    0.091    0.154 0.019 0.012 0.259    0.026 0.025 0.065 0.005 0.044 0.043   -977075    0 
20600:    1.00    0.078    0.154 0.019 0.012 0.258    0.026 0.025 0.064 0.005 0.044 0.043   -977268    0 
20700:    1.00    0.063    0.156 0.019 0.012 0.258    0.026 0.026 0.065 0.005 0.044 0.043   -976894    0 
20800:    1.00    0.067    0.157 0.019 0.012 0.264    0.026 0.026 0.066 0.005 0.045 0.044   -976965    0 
20900:    1.00    0.066    0.159 0.019 0.012 0.265    0.026 0.025 0.065 0.005 0.045 0.044   -977329    0 

--------------------------------------------
Proportion of membership of each pre-defined
 population in each of the 4 clusters

Given    Inferred Clusters              Number of
 Pop       1      2      3      4      Individuals

  1:     0.217  0.472  0.215  0.096       23
--------------------------------------------

 Rep#:   Lambda   Alpha      F1    F2    F3    F4     D1,2  D1,3  D1,4  D2,3  D2,4  D3,4    Ln Like  Est Ln P(D)
21000:    1.00    0.045    0.159 0.019 0.012 0.265    0.026 0.026 0.066 0.005 0.045 0.044   -976853    0 
21100:    1.00    0.064    0.160 0.019 0.012 0.267    0.027 0.026 0.067 0.005 0.045 0.044   -976524    0 
21200:    1.00    0.058    0.160 0.019 0.012 0.265    0.026 0.026 0.066 0.005 0.045 0.044   -977492    0 
21300:    1.00    0.074    0.158 0.019 0.012 0.266    0.026 0.026 0.066 0.005 0.045 0.044   -977036    0 
21400:    1.00    0.050    0.158 0.020 0.012 0.261    0.026 0.025 0.065 0.005 0.045 0.043   -977119    0 
21500:    1.00    0.068    0.158 0.020 0.012 0.263    0.026 0.026 0.065 0.005 0.045 0.044   -977234    0 
21600:    1.00    0.071    0.159 0.020 0.012 0.265    0.026 0.026 0.066 0.005 0.045 0.044   -976613    0 
21700:    1.00    0.071    0.160 0.020 0.012 0.258    0.027 0.026 0.066 0.005 0.044 0.043   -977078    0 
21800:    1.00    0.054    0.163 0.020 0.012 0.257    0.027 0.026 0.066 0.005 0.044 0.042   -976842    0 
21900:    1.00    0.058    0.163 0.021 0.012 0.257    0.027 0.026 0.065 0.005 0.044 0.042   -976769    0 

--------------------------------------------
Proportion of membership of each pre-defined
 population in each of the 4 clusters

Given    Inferred Clusters              Number of
 Pop       1      2      3      4      Individuals

  1:     0.219  0.484  0.200  0.097       23
--------------------------------------------

 Rep#:   Lambda   Alpha      F1    F2    F3    F4     D1,2  D1,3  D1,4  D2,3  D2,4  D3,4    Ln Like  Est Ln P(D)
22000:    1.00    0.055    0.162 0.021 0.012 0.259    0.027 0.026 0.065 0.005 0.044 0.043   -976415    0 
22100:    1.00    0.061    0.162 0.021 0.012 0.261    0.027 0.026 0.065 0.005 0.044 0.043   -976613    0 
22200:    1.00    0.058    0.161 0.022 0.012 0.265    0.027 0.026 0.066 0.005 0.045 0.044   -976293    0 
22300:    1.00    0.061    0.165 0.022 0.012 0.261    0.027 0.026 0.066 0.005 0.044 0.043   -976391    0 
22400:    1.00    0.085    0.162 0.022 0.013 0.258    0.027 0.026 0.065 0.005 0.044 0.043   -976449    0 
22500:    1.00    0.081    0.166 0.022 0.013 0.257    0.027 0.027 0.065 0.005 0.044 0.043   -977131    0 
22600:    1.00    0.108    0.163 0.022 0.013 0.263    0.027 0.026 0.066 0.005 0.045 0.044   -976708    0 
22700:    1.00    0.081    0.162 0.023 0.013 0.264    0.027 0.026 0.067 0.005 0.045 0.044   -976513    0 
22800:    1.00    0.063    0.162 0.023 0.013 0.260    0.027 0.026 0.065 0.005 0.044 0.043   -976311    0 
22900:    1.00    0.081    0.165 0.023 0.013 0.262    0.028 0.027 0.066 0.006 0.045 0.044   -976483    0 

--------------------------------------------
Proportion of membership of each pre-defined
 population in each of the 4 clusters

Given    Inferred Clusters              Number of
 Pop       1      2      3      4      Individuals

  1:     0.219  0.491  0.196  0.095       23
--------------------------------------------

 Rep#:   Lambda   Alpha      F1    F2    F3    F4     D1,2  D1,3  D1,4  D2,3  D2,4  D3,4    Ln Like  Est Ln P(D)
23000:    1.00    0.086    0.163 0.023 0.013 0.262    0.027 0.026 0.066 0.006 0.045 0.043   -976766    0 
23100:    1.00    0.070    0.163 0.024 0.013 0.261    0.028 0.026 0.065 0.006 0.045 0.043   -976650    0 
23200:    1.00    0.058    0.160 0.024 0.013 0.258    0.028 0.026 0.065 0.006 0.044 0.042   -976726    0 
23300:    1.00    0.055    0.158 0.024 0.013 0.258    0.027 0.026 0.065 0.006 0.045 0.043   -976285    0 
23400:    1.00    0.061    0.158 0.024 0.013 0.257    0.027 0.026 0.065 0.006 0.045 0.043   -976530    0 
23500:    1.00    0.079    0.158 0.024 0.013 0.257    0.027 0.026 0.065 0.006 0.044 0.042   -975441    0 
23600:    1.00    0.088    0.160 0.024 0.013 0.257    0.027 0.026 0.065 0.006 0.044 0.043   -976304    0 
23700:    1.00    0.082    0.160 0.024 0.013 0.255    0.027 0.026 0.065 0.006 0.044 0.042   -976126    0 
23800:    1.00    0.077    0.160 0.024 0.013 0.260    0.027 0.026 0.066 0.006 0.045 0.043   -976179    0 
23900:    1.00    0.062    0.159 0.024 0.013 0.260    0.027 0.026 0.065 0.006 0.045 0.043   -976529    0 

--------------------------------------------
Proportion of membership of each pre-defined
 population in each of the 4 clusters

Given    Inferred Clusters              Number of
 Pop       1      2      3      4      Individuals

  1:     0.226  0.495  0.184  0.095       23
--------------------------------------------

 Rep#:   Lambda   Alpha      F1    F2    F3    F4     D1,2  D1,3  D1,4  D2,3  D2,4  D3,4    Ln Like  Est Ln P(D)
24000:    1.00    0.090    0.156 0.024 0.013 0.257    0.027 0.025 0.064 0.006 0.045 0.043   -975927    0 
24100:    1.00    0.107    0.158 0.024 0.013 0.258    0.027 0.026 0.065 0.006 0.045 0.043   -976446    0 
24200:    1.00    0.083    0.156 0.024 0.013 0.257    0.027 0.026 0.065 0.006 0.044 0.043   -976295    0 
24300:    1.00    0.110    0.158 0.024 0.013 0.257    0.027 0.026 0.065 0.006 0.044 0.042   -976280    0 
24400:    1.00    0.083    0.158 0.024 0.013 0.261    0.027 0.026 0.066 0.006 0.045 0.043   -976395    0 
24500:    1.00    0.072    0.159 0.026 0.013 0.263    0.028 0.026 0.066 0.006 0.045 0.043   -976657    0 
24600:    1.00    0.064    0.159 0.026 0.013 0.263    0.027 0.026 0.066 0.006 0.045 0.043   -976304    0 
24700:    1.00    0.070    0.161 0.026 0.013 0.262    0.028 0.026 0.065 0.006 0.045 0.043   -975536    0 
24800:    1.00    0.065    0.161 0.026 0.013 0.262    0.028 0.026 0.066 0.006 0.045 0.044   -975841    0 
24900:    1.00    0.092    0.162 0.026 0.013 0.259    0.028 0.026 0.065 0.006 0.045 0.043   -976009    0 

--------------------------------------------
Proportion of membership of each pre-defined
 population in each of the 4 clusters

Given    Inferred Clusters              Number of
 Pop       1      2      3      4      Individuals

  1:     0.223  0.502  0.182  0.094       23
--------------------------------------------

 Rep#:   Lambda   Alpha      F1    F2    F3    F4     D1,2  D1,3  D1,4  D2,3  D2,4  D3,4    Ln Like  Est Ln P(D)
25000:    1.00    0.089    0.162 0.026 0.013 0.257    0.028 0.026 0.065 0.006 0.045 0.043   -975834    0 
25100:    1.00    0.081    0.163 0.026 0.013 0.258    0.028 0.026 0.066 0.006 0.045 0.043   -976527    0 
25200:    1.00    0.055    0.165 0.026 0.013 0.258    0.028 0.027 0.066 0.006 0.045 0.043   -976040    0 
25300:    1.00    0.049    0.163 0.026 0.013 0.257    0.028 0.026 0.065 0.006 0.044 0.042   -975847    0 
25400:    1.00    0.067    0.164 0.027 0.013 0.255    0.028 0.027 0.065 0.006 0.044 0.042   -975957    0 
25500:    1.00    0.046    0.165 0.027 0.013 0.255    0.028 0.027 0.065 0.006 0.044 0.042   -975825    0 
25600:    1.00    0.072    0.166 0.027 0.013 0.255    0.029 0.027 0.066 0.006 0.045 0.043   -975768    0 
25700:    1.00    0.082    0.165 0.027 0.013 0.253    0.028 0.027 0.064 0.006 0.044 0.042   -976286    0 
25800:    1.00    0.050    0.164 0.027 0.013 0.251    0.028 0.027 0.064 0.006 0.044 0.042   -975928    0 
25900:    1.00    0.053    0.163 0.027 0.013 0.251    0.028 0.026 0.064 0.006 0.044 0.042   -975662    0 

--------------------------------------------
Proportion of membership of each pre-defined
 population in each of the 4 clusters

Given    Inferred Clusters              Number of
 Pop       1      2      3      4      Individuals

  1:     0.220  0.503  0.183  0.094       23
--------------------------------------------

 Rep#:   Lambda   Alpha      F1    F2    F3    F4     D1,2  D1,3  D1,4  D2,3  D2,4  D3,4    Ln Like  Est Ln P(D)
26000:    1.00    0.060    0.163 0.028 0.013 0.251    0.028 0.027 0.065 0.006 0.044 0.042   -975844    0 
26100:    1.00    0.061    0.162 0.028 0.013 0.251    0.028 0.027 0.065 0.006 0.044 0.042   -976068    0 
26200:    1.00    0.057    0.163 0.028 0.013 0.248    0.028 0.027 0.064 0.006 0.043 0.041   -976266    0 
26300:    1.00    0.054    0.163 0.028 0.013 0.250    0.028 0.026 0.064 0.006 0.044 0.041   -976161    0 
26400:    1.00    0.072    0.162 0.028 0.013 0.254    0.028 0.026 0.064 0.006 0.044 0.042   -976071    0 
26500:    1.00    0.062    0.162 0.028 0.013 0.255    0.028 0.026 0.065 0.006 0.044 0.042   -975577    0 
26600:    1.00    0.072    0.159 0.028 0.013 0.256    0.028 0.026 0.064 0.006 0.044 0.042   -976188    0 
26700:    1.00    0.052    0.157 0.028 0.013 0.256    0.027 0.026 0.064 0.006 0.044 0.042   -976215    0 
26800:    1.00    0.054    0.158 0.028 0.013 0.255    0.027 0.026 0.064 0.006 0.044 0.042   -976416    0 
26900:    1.00    0.058    0.160 0.028 0.013 0.254    0.028 0.026 0.064 0.006 0.044 0.042   -975785    0 

--------------------------------------------
Proportion of membership of each pre-defined
 population in each of the 4 clusters

Given    Inferred Clusters              Number of
 Pop       1      2      3      4      Individuals

  1:     0.219  0.507  0.181  0.094       23
--------------------------------------------

 Rep#:   Lambda   Alpha      F1    F2    F3    F4     D1,2  D1,3  D1,4  D2,3  D2,4  D3,4    Ln Like  Est Ln P(D)
27000:    1.00    0.056    0.160 0.029 0.013 0.256    0.028 0.026 0.065 0.006 0.045 0.043   -975937    0 
27100:    1.00    0.073    0.158 0.029 0.013 0.257    0.028 0.026 0.065 0.006 0.045 0.043   -975704    0 
27200:    1.00    0.069    0.158 0.029 0.013 0.251    0.027 0.026 0.064 0.006 0.044 0.042   -976214    0 
27300:    1.00    0.086    0.161 0.029 0.013 0.255    0.028 0.026 0.064 0.006 0.044 0.042   -976232    0 
27400:    1.00    0.062    0.161 0.029 0.013 0.255    0.028 0.026 0.064 0.006 0.044 0.042   -976109    0 
27500:    1.00    0.081    0.164 0.029 0.013 0.257    0.028 0.026 0.065 0.006 0.045 0.042   -975579    0 
27600:    1.00    0.088    0.162 0.029 0.013 0.256    0.028 0.026 0.065 0.006 0.045 0.043   -975924    0 
27700:    1.00    0.041    0.164 0.029 0.013 0.256    0.028 0.026 0.066 0.006 0.045 0.043   -975668    0 
27800:    1.00    0.083    0.164 0.029 0.013 0.259    0.028 0.026 0.065 0.006 0.045 0.043   -976103    0 
27900:    1.00    0.079    0.165 0.029 0.013 0.259    0.029 0.027 0.066 0.007 0.045 0.043   -975506    0 

--------------------------------------------
Proportion of membership of each pre-defined
 population in each of the 4 clusters

Given    Inferred Clusters              Number of
 Pop       1      2      3      4      Individuals

  1:     0.223  0.503  0.180  0.094       23
--------------------------------------------

 Rep#:   Lambda   Alpha      F1    F2    F3    F4     D1,2  D1,3  D1,4  D2,3  D2,4  D3,4    Ln Like  Est Ln P(D)
28000:    1.00    0.077    0.163 0.029 0.013 0.261    0.029 0.027 0.066 0.006 0.046 0.043   -975641    0 
28100:    1.00    0.060    0.163 0.030 0.013 0.259    0.028 0.026 0.065 0.006 0.045 0.043   -975825    0 
28200:    1.00    0.070    0.163 0.030 0.013 0.261    0.029 0.026 0.066 0.007 0.046 0.043   -975275    0 
28300:    1.00    0.052    0.168 0.030 0.013 0.261    0.029 0.027 0.065 0.007 0.045 0.043   -975864    0 
28400:    1.00    0.076    0.165 0.030 0.013 0.257    0.029 0.027 0.066 0.007 0.045 0.042   -975569    0 
28500:    1.00    0.073    0.166 0.030 0.013 0.258    0.029 0.027 0.065 0.007 0.045 0.042   -975655    0 
28600:    1.00    0.057    0.167 0.030 0.013 0.255    0.029 0.027 0.065 0.006 0.045 0.042   -975812    0 
28700:    1.00    0.057    0.165 0.030 0.013 0.254    0.028 0.027 0.064 0.007 0.044 0.042   -976067    0 
28800:    1.00    0.066    0.166 0.030 0.013 0.255    0.029 0.027 0.065 0.006 0.045 0.042   -975367    0 
28900:    1.00    0.064    0.166 0.030 0.013 0.254    0.029 0.027 0.065 0.007 0.045 0.042   -975968    0 

--------------------------------------------
Proportion of membership of each pre-defined
 population in each of the 4 clusters

Given    Inferred Clusters              Number of
 Pop       1      2      3      4      Individuals

  1:     0.217  0.509  0.180  0.094       23
--------------------------------------------

 Rep#:   Lambda   Alpha      F1    F2    F3    F4     D1,2  D1,3  D1,4  D2,3  D2,4  D3,4    Ln Like  Est Ln P(D)
29000:    1.00    0.045    0.167 0.030 0.013 0.255    0.029 0.027 0.065 0.007 0.045 0.042   -975622    0 
29100:    1.00    0.054    0.165 0.031 0.013 0.252    0.029 0.027 0.065 0.007 0.044 0.042   -975463    0 
29200:    1.00    0.073    0.165 0.031 0.013 0.257    0.029 0.027 0.066 0.007 0.045 0.042   -975163    0 
29300:    1.00    0.071    0.162 0.031 0.013 0.257    0.028 0.026 0.065 0.007 0.045 0.043   -975720    0 
29400:    1.00    0.072    0.160 0.031 0.013 0.258    0.028 0.026 0.065 0.007 0.046 0.043   -975917    0 
29500:    1.00    0.086    0.162 0.032 0.013 0.250    0.029 0.026 0.063 0.007 0.043 0.041   -975134    0 
29600:    1.00    0.083    0.159 0.032 0.013 0.250    0.028 0.026 0.064 0.007 0.044 0.042   -975199    0 
29700:    1.00    0.062    0.160 0.032 0.013 0.252    0.028 0.026 0.064 0.007 0.045 0.042   -975197    0 
29800:    1.00    0.082    0.162 0.032 0.013 0.253    0.029 0.027 0.065 0.007 0.045 0.042   -975673    0 
29900:    1.00    0.072    0.162 0.032 0.013 0.252    0.029 0.026 0.065 0.007 0.045 0.042   -975409    0 

--------------------------------------------
Proportion of membership of each pre-defined
 population in each of the 4 clusters

Given    Inferred Clusters              Number of
 Pop       1      2      3      4      Individuals

  1:     0.227  0.498  0.182  0.092       23
--------------------------------------------

 Rep#:   Lambda   Alpha      F1    F2    F3    F4     D1,2  D1,3  D1,4  D2,3  D2,4  D3,4    Ln Like  Est Ln P(D)
30000:    1.00    0.072    0.159 0.033 0.013 0.253    0.028 0.026 0.064 0.007 0.045 0.042   -975190    0 
30100:    1.00    0.043    0.159 0.033 0.013 0.253    0.028 0.026 0.063 0.007 0.045 0.041   -975788    0 
30200:    1.00    0.057    0.159 0.033 0.013 0.259    0.028 0.026 0.065 0.007 0.046 0.043   -975463    0 
30300:    1.00    0.054    0.159 0.033 0.013 0.265    0.028 0.026 0.066 0.007 0.047 0.044   -974717    0 
30400:    1.00    0.054    0.160 0.032 0.013 0.262    0.028 0.026 0.066 0.007 0.046 0.043   -974958    0 
30500:    1.00    0.049    0.160 0.032 0.013 0.260    0.028 0.026 0.065 0.007 0.045 0.043   -975506    0 
30600:    1.00    0.063    0.160 0.032 0.013 0.260    0.028 0.026 0.065 0.007 0.046 0.043   -975312    0 
30700:    1.00    0.056    0.160 0.032 0.013 0.260    0.028 0.026 0.065 0.007 0.046 0.043   -975101    0 
30800:    1.00    0.072    0.160 0.032 0.013 0.258    0.029 0.026 0.064 0.007 0.045 0.042   -975349    0 
30900:    1.00    0.058    0.161 0.033 0.013 0.258    0.029 0.026 0.065 0.007 0.046 0.043   -975511    0 

--------------------------------------------
Proportion of membership of each pre-defined
 population in each of the 4 clusters

Given    Inferred Clusters              Number of
 Pop       1      2      3      4      Individuals

  1:     0.231  0.494  0.184  0.091       23
--------------------------------------------

 Rep#:   Lambda   Alpha      F1    F2    F3    F4     D1,2  D1,3  D1,4  D2,3  D2,4  D3,4    Ln Like  Est Ln P(D)
31000:    1.00    0.065    0.160 0.033 0.013 0.258    0.029 0.026 0.065 0.007 0.045 0.043   -975004    0 
31100:    1.00    0.056    0.158 0.033 0.013 0.256    0.028 0.026 0.065 0.007 0.046 0.043   -975286    0 
31200:    1.00    0.055    0.160 0.032 0.013 0.258    0.028 0.026 0.065 0.007 0.045 0.042   -975270    0 
31300:    1.00    0.054    0.160 0.032 0.013 0.255    0.029 0.026 0.065 0.007 0.045 0.042   -975458    0 
31400:    1.00    0.057    0.161 0.033 0.013 0.255    0.029 0.026 0.064 0.007 0.045 0.042   -975478    0 
31500:    1.00    0.069    0.162 0.033 0.013 0.255    0.029 0.026 0.064 0.007 0.045 0.042   -975606    0 
31600:    1.00    0.064    0.162 0.033 0.013 0.248    0.029 0.026 0.064 0.007 0.044 0.041   -976064    0 
31700:    1.00    0.056    0.162 0.033 0.013 0.252    0.029 0.026 0.064 0.007 0.045 0.042   -975764    0 
31800:    1.00    0.072    0.164 0.033 0.013 0.251    0.029 0.027 0.064 0.007 0.044 0.042   -975621    0 
31900:    1.00    0.080    0.164 0.033 0.013 0.250    0.029 0.026 0.065 0.007 0.044 0.042   -975987    0 

--------------------------------------------
Proportion of membership of each pre-defined
 population in each of the 4 clusters

Given    Inferred Clusters              Number of
 Pop       1      2      3      4      Individuals

  1:     0.228  0.501  0.177  0.093       23
--------------------------------------------

 Rep#:   Lambda   Alpha      F1    F2    F3    F4     D1,2  D1,3  D1,4  D2,3  D2,4  D3,4    Ln Like  Est Ln P(D)
32000:    1.00    0.077    0.163 0.033 0.013 0.250    0.029 0.027 0.064 0.007 0.044 0.041   -976151    0 
32100:    1.00    0.046    0.162 0.033 0.013 0.253    0.029 0.026 0.065 0.007 0.044 0.042   -975339    0 
32200:    1.00    0.093    0.163 0.033 0.013 0.251    0.029 0.027 0.065 0.007 0.045 0.042   -975582    0 
32300:    1.00    0.073    0.161 0.033 0.013 0.254    0.029 0.026 0.064 0.007 0.044 0.042   -975455    0 
32400:    1.00    0.079    0.161 0.033 0.013 0.252    0.029 0.026 0.064 0.007 0.044 0.041   -975142    0 
32500:    1.00    0.070    0.159 0.033 0.013 0.256    0.028 0.026 0.065 0.007 0.045 0.043   -975735    0 
32600:    1.00    0.063    0.160 0.033 0.013 0.258    0.028 0.026 0.065 0.007 0.046 0.043   -975093    0 
32700:    1.00    0.082    0.161 0.033 0.014 0.260    0.029 0.026 0.064 0.007 0.046 0.043   -974499    0 
32800:    1.00    0.079    0.164 0.033 0.014 0.256    0.029 0.027 0.065 0.007 0.045 0.042   -975593    0 
32900:    1.00    0.073    0.164 0.033 0.014 0.256    0.029 0.027 0.065 0.007 0.046 0.043   -975036    0 

--------------------------------------------
Proportion of membership of each pre-defined
 population in each of the 4 clusters

Given    Inferred Clusters              Number of
 Pop       1      2      3      4      Individuals

  1:     0.230  0.495  0.182  0.092       23
--------------------------------------------

 Rep#:   Lambda   Alpha      F1    F2    F3    F4     D1,2  D1,3  D1,4  D2,3  D2,4  D3,4    Ln Like  Est Ln P(D)
33000:    1.00    0.104    0.162 0.033 0.014 0.256    0.029 0.026 0.065 0.007 0.045 0.042   -975093    0 
33100:    1.00    0.092    0.160 0.033 0.014 0.255    0.029 0.026 0.065 0.007 0.045 0.042   -975102    0 
33200:    1.00    0.102    0.159 0.033 0.014 0.257    0.028 0.026 0.064 0.007 0.045 0.043   -975143    0 
33300:    1.00    0.104    0.157 0.034 0.014 0.256    0.028 0.026 0.064 0.007 0.045 0.042   -975079    0 
33400:    1.00    0.077    0.157 0.034 0.014 0.256    0.028 0.026 0.065 0.007 0.046 0.043   -975309    0 
33500:    1.00    0.075    0.160 0.034 0.014 0.257    0.029 0.026 0.065 0.007 0.046 0.043   -975591    0 
33600:    1.00    0.111    0.160 0.034 0.014 0.259    0.029 0.026 0.065 0.007 0.045 0.043   -975198    0 
33700:    1.00    0.080    0.160 0.034 0.014 0.259    0.029 0.026 0.064 0.007 0.046 0.043   -975528    0 
33800:    1.00    0.108    0.160 0.034 0.014 0.259    0.028 0.026 0.065 0.007 0.046 0.044   -975393    0 
33900:    1.00    0.067    0.160 0.034 0.014 0.255    0.029 0.026 0.064 0.007 0.045 0.042   -975447    0 

--------------------------------------------
Proportion of membership of each pre-defined
 population in each of the 4 clusters

Given    Inferred Clusters              Number of
 Pop       1      2      3      4      Individuals

  1:     0.229  0.501  0.175  0.094       23
--------------------------------------------

 Rep#:   Lambda   Alpha      F1    F2    F3    F4     D1,2  D1,3  D1,4  D2,3  D2,4  D3,4    Ln Like  Est Ln P(D)
34000:    1.00    0.055    0.162 0.034 0.014 0.257    0.029 0.027 0.066 0.007 0.045 0.043   -975638    0 
34100:    1.00    0.103    0.163 0.034 0.014 0.255    0.029 0.027 0.064 0.007 0.045 0.042   -975899    0 
34200:    1.00    0.059    0.162 0.034 0.014 0.254    0.029 0.027 0.065 0.007 0.046 0.042   -975871    0 
34300:    1.00    0.064    0.164 0.034 0.014 0.256    0.029 0.027 0.065 0.007 0.045 0.042   -975463    0 
34400:    1.00    0.065    0.164 0.034 0.014 0.251    0.029 0.027 0.064 0.007 0.045 0.041   -975163    0 
34500:    1.00    0.078    0.162 0.034 0.014 0.249    0.029 0.027 0.063 0.007 0.044 0.041   -975427    0 
34600:    1.00    0.069    0.162 0.034 0.014 0.251    0.029 0.027 0.064 0.007 0.044 0.042   -975434    0 
34700:    1.00    0.050    0.162 0.034 0.014 0.250    0.029 0.027 0.065 0.007 0.045 0.042   -975432    0 
34800:    1.00    0.058    0.162 0.034 0.014 0.253    0.029 0.027 0.065 0.007 0.045 0.042   -975236    0 
34900:    1.00    0.065    0.162 0.035 0.014 0.253    0.029 0.027 0.065 0.007 0.045 0.042   -974482    0 

--------------------------------------------
Proportion of membership of each pre-defined
 population in each of the 4 clusters

Given    Inferred Clusters              Number of
 Pop       1      2      3      4      Individuals

  1:     0.232  0.492  0.183  0.093       23
--------------------------------------------

 Rep#:   Lambda   Alpha      F1    F2    F3    F4     D1,2  D1,3  D1,4  D2,3  D2,4  D3,4    Ln Like  Est Ln P(D)
35000:    1.00    0.085    0.161 0.035 0.014 0.252    0.029 0.026 0.065 0.007 0.045 0.042   -975461    0 
35100:    1.00    0.070    0.160 0.035 0.014 0.254    0.029 0.026 0.064 0.007 0.045 0.042   -974784    0 
35200:    1.00    0.084    0.160 0.035 0.014 0.258    0.029 0.026 0.064 0.007 0.045 0.043   -974953    0 
35300:    1.00    0.075    0.160 0.035 0.014 0.256    0.029 0.026 0.064 0.007 0.045 0.043   -974956    0 
35400:    1.00    0.070    0.160 0.034 0.014 0.256    0.029 0.026 0.064 0.007 0.045 0.043   -975550    0 
35500:    1.00    0.084    0.161 0.035 0.014 0.257    0.029 0.027 0.065 0.007 0.046 0.043   -974604    0 
35600:    1.00    0.076    0.162 0.034 0.014 0.255    0.029 0.027 0.064 0.007 0.045 0.042   -975625    0 
35700:    1.00    0.067    0.163 0.034 0.014 0.255    0.029 0.027 0.065 0.007 0.045 0.043   -975696    0 
35800:    1.00    0.050    0.163 0.034 0.014 0.255    0.029 0.027 0.064 0.007 0.045 0.042   -975053    0 
35900:    1.00    0.071    0.164 0.034 0.014 0.256    0.029 0.027 0.066 0.007 0.046 0.043   -974917    0 

--------------------------------------------
Proportion of membership of each pre-defined
 population in each of the 4 clusters

Given    Inferred Clusters              Number of
 Pop       1      2      3      4      Individuals

  1:     0.229  0.495  0.183  0.093       23
--------------------------------------------

 Rep#:   Lambda   Alpha      F1    F2    F3    F4     D1,2  D1,3  D1,4  D2,3  D2,4  D3,4    Ln Like  Est Ln P(D)
36000:    1.00    0.054    0.164 0.036 0.014 0.260    0.029 0.027 0.066 0.008 0.046 0.043   -974884    0 
36100:    1.00    0.050    0.161 0.036 0.014 0.260    0.029 0.027 0.066 0.007 0.046 0.043   -975145    0 
36200:    1.00    0.059    0.161 0.036 0.014 0.256    0.029 0.026 0.064 0.007 0.045 0.042   -974672    0 
36300:    1.00    0.056    0.158 0.036 0.014 0.256    0.029 0.026 0.065 0.008 0.046 0.042   -974985    0 
36400:    1.00    0.060    0.159 0.036 0.014 0.257    0.028 0.026 0.064 0.008 0.046 0.043   -974977    0 
36500:    1.00    0.061    0.158 0.036 0.014 0.252    0.029 0.027 0.065 0.007 0.045 0.042   -975118    0 
36600:    1.00    0.077    0.158 0.035 0.014 0.253    0.029 0.026 0.065 0.007 0.045 0.042   -974876    0 
36700:    1.00    0.051    0.159 0.035 0.014 0.253    0.029 0.026 0.064 0.007 0.045 0.042   -975272    0 
36800:    1.00    0.086    0.162 0.035 0.014 0.251    0.029 0.026 0.064 0.007 0.045 0.042   -974879    0 
36900:    1.00    0.059    0.160 0.035 0.014 0.252    0.029 0.026 0.064 0.007 0.045 0.042   -975061    0 

--------------------------------------------
Proportion of membership of each pre-defined
 population in each of the 4 clusters

Given    Inferred Clusters              Number of
 Pop       1      2      3      4      Individuals

  1:     0.233  0.488  0.187  0.092       23
--------------------------------------------

 Rep#:   Lambda   Alpha      F1    F2    F3    F4     D1,2  D1,3  D1,4  D2,3  D2,4  D3,4    Ln Like  Est Ln P(D)
37000:    1.00    0.058    0.160 0.035 0.014 0.252    0.029 0.026 0.064 0.008 0.045 0.042   -975033    0 
37100:    1.00    0.082    0.161 0.035 0.014 0.252    0.029 0.026 0.064 0.008 0.045 0.042   -974989    0 
37200:    1.00    0.086    0.162 0.035 0.014 0.251    0.029 0.026 0.063 0.007 0.044 0.041   -975206    0 
37300:    1.00    0.063    0.162 0.035 0.014 0.250    0.029 0.026 0.063 0.007 0.044 0.041   -974931    0 
37400:    1.00    0.100    0.163 0.035 0.014 0.250    0.029 0.027 0.064 0.007 0.044 0.041   -974834    0 
37500:    1.00    0.043    0.162 0.035 0.014 0.249    0.029 0.026 0.064 0.008 0.044 0.041   -975280    0 
37600:    1.00    0.089    0.163 0.035 0.014 0.247    0.029 0.027 0.064 0.008 0.044 0.041   -975545    0 
37700:    1.00    0.075    0.163 0.035 0.014 0.248    0.029 0.027 0.063 0.008 0.044 0.041   -975051    0 
37800:    1.00    0.059    0.161 0.035 0.014 0.252    0.029 0.026 0.064 0.008 0.045 0.042   -975517    0 
37900:    1.00    0.073    0.161 0.035 0.014 0.252    0.029 0.027 0.064 0.007 0.045 0.042   -974902    0 

--------------------------------------------
Proportion of membership of each pre-defined
 population in each of the 4 clusters

Given    Inferred Clusters              Number of
 Pop       1      2      3      4      Individuals

  1:     0.229  0.497  0.183  0.092       23
--------------------------------------------

 Rep#:   Lambda   Alpha      F1    F2    F3    F4     D1,2  D1,3  D1,4  D2,3  D2,4  D3,4    Ln Like  Est Ln P(D)
38000:    1.00    0.059    0.162 0.035 0.014 0.252    0.029 0.027 0.064 0.007 0.045 0.042   -975019    0 
38100:    1.00    0.077    0.163 0.035 0.014 0.252    0.029 0.027 0.065 0.007 0.045 0.042   -975369    0 
38200:    1.00    0.074    0.163 0.035 0.014 0.256    0.029 0.027 0.065 0.008 0.046 0.043   -974862    0 
38300:    1.00    0.080    0.165 0.035 0.014 0.256    0.029 0.027 0.065 0.007 0.045 0.043   -975091    0 
38400:    1.00    0.083    0.163 0.035 0.014 0.256    0.029 0.027 0.066 0.008 0.046 0.043   -975037    0 
38500:    1.00    0.078    0.162 0.035 0.014 0.252    0.029 0.027 0.065 0.008 0.045 0.042   -975121    0 
38600:    1.00    0.087    0.162 0.035 0.015 0.252    0.029 0.027 0.065 0.008 0.045 0.042   -975040    0 
38700:    1.00    0.078    0.166 0.035 0.015 0.252    0.029 0.027 0.065 0.008 0.045 0.042   -974764    0 
38800:    1.00    0.077    0.163 0.035 0.015 0.256    0.029 0.027 0.065 0.008 0.045 0.042   -975136    0 
38900:    1.00    0.078    0.163 0.035 0.015 0.257    0.029 0.027 0.065 0.008 0.046 0.043   -975578    0 

--------------------------------------------
Proportion of membership of each pre-defined
 population in each of the 4 clusters

Given    Inferred Clusters              Number of
 Pop       1      2      3      4      Individuals

  1:     0.231  0.491  0.184  0.093       23
--------------------------------------------

 Rep#:   Lambda   Alpha      F1    F2    F3    F4     D1,2  D1,3  D1,4  D2,3  D2,4  D3,4    Ln Like  Est Ln P(D)
39000:    1.00    0.062    0.166 0.035 0.015 0.258    0.030 0.028 0.066 0.008 0.046 0.043   -974982    0 
39100:    1.00    0.059    0.166 0.035 0.015 0.256    0.029 0.027 0.065 0.008 0.045 0.043   -975046    0 
39200:    1.00    0.103    0.166 0.035 0.015 0.257    0.030 0.027 0.066 0.008 0.046 0.043   -975566    0 
39300:    1.00    0.065    0.168 0.035 0.015 0.261    0.030 0.028 0.066 0.008 0.046 0.043   -975289    0 
39400:    1.00    0.102    0.168 0.035 0.015 0.263    0.030 0.028 0.067 0.008 0.047 0.044   -975113    0 
39500:    1.00    0.089    0.170 0.035 0.015 0.264    0.030 0.028 0.067 0.008 0.047 0.044   -975193    0 
39600:    1.00    0.104    0.173 0.035 0.015 0.265    0.031 0.028 0.068 0.008 0.046 0.044   -975315    0 
39700:    1.00    0.079    0.173 0.035 0.015 0.264    0.030 0.028 0.067 0.008 0.047 0.044   -975285    0 
39800:    1.00    0.074    0.173 0.035 0.015 0.260    0.031 0.028 0.067 0.008 0.046 0.044   -974996    0 
39900:    1.00    0.092    0.173 0.035 0.015 0.259    0.031 0.028 0.067 0.008 0.047 0.044   -974772    0 

--------------------------------------------
Proportion of membership of each pre-defined
 population in each of the 4 clusters

Given    Inferred Clusters              Number of
 Pop       1      2      3      4      Individuals

  1:     0.226  0.495  0.187  0.093       23
--------------------------------------------

 Rep#:   Lambda   Alpha      F1    F2    F3    F4     D1,2  D1,3  D1,4  D2,3  D2,4  D3,4    Ln Like  Est Ln P(D)
40000:    1.00    0.075    0.174 0.035 0.015 0.256    0.031 0.029 0.067 0.008 0.045 0.042   -975632    0 
40100:    1.00    0.085    0.173 0.035 0.015 0.252    0.031 0.029 0.066 0.008 0.045 0.042   -975393    0 
40200:    1.00    0.083    0.176 0.035 0.015 0.257    0.031 0.028 0.067 0.008 0.046 0.043   -975406    0 
40300:    1.00    0.058    0.176 0.035 0.015 0.258    0.031 0.029 0.067 0.008 0.046 0.043   -975464    0 
40400:    1.00    0.120    0.175 0.035 0.015 0.263    0.031 0.029 0.067 0.008 0.046 0.043   -975255    0 
40500:    1.00    0.078    0.174 0.035 0.015 0.263    0.031 0.028 0.068 0.008 0.047 0.044   -975079    0 
40600:    1.00    0.089    0.173 0.035 0.015 0.260    0.031 0.028 0.067 0.008 0.046 0.044   -974565    0 
40700:    1.00    0.080    0.171 0.035 0.015 0.260    0.030 0.028 0.066 0.008 0.046 0.043   -975332    0 
40800:    1.00    0.085    0.171 0.035 0.015 0.260    0.030 0.028 0.067 0.008 0.046 0.043   -974977    0 
40900:    1.00    0.063    0.170 0.035 0.015 0.259    0.030 0.028 0.066 0.008 0.046 0.043   -974957    0 

--------------------------------------------
Proportion of membership of each pre-defined
 population in each of the 4 clusters

Given    Inferred Clusters              Number of
 Pop       1      2      3      4      Individuals

  1:     0.221  0.500  0.186  0.092       23
--------------------------------------------

 Rep#:   Lambda   Alpha      F1    F2    F3    F4     D1,2  D1,3  D1,4  D2,3  D2,4  D3,4    Ln Like  Est Ln P(D)
41000:    1.00    0.074    0.167 0.035 0.015 0.257    0.030 0.028 0.066 0.008 0.046 0.043   -975124    0 
41100:    1.00    0.080    0.169 0.035 0.015 0.256    0.030 0.028 0.067 0.008 0.046 0.043   -975129    0 
41200:    1.00    0.066    0.172 0.035 0.015 0.258    0.031 0.028 0.067 0.008 0.046 0.043   -975617    0 
41300:    1.00    0.081    0.173 0.035 0.015 0.255    0.031 0.028 0.067 0.008 0.046 0.043   -974994    0 
41400:    1.00    0.106    0.174 0.035 0.015 0.255    0.031 0.029 0.067 0.008 0.045 0.042   -974691    0 
41500:    1.00    0.101    0.171 0.035 0.015 0.254    0.031 0.028 0.066 0.008 0.045 0.042   -975358    0 
41600:    1.00    0.093    0.172 0.035 0.015 0.252    0.031 0.029 0.067 0.008 0.045 0.042   -975392    0 
41700:    1.00    0.056    0.172 0.035 0.015 0.252    0.030 0.028 0.066 0.008 0.045 0.042   -975343    0 
41800:    1.00    0.080    0.175 0.035 0.015 0.252    0.031 0.029 0.066 0.008 0.045 0.042   -975167    0 
41900:    1.00    0.069    0.175 0.035 0.015 0.254    0.031 0.029 0.067 0.008 0.045 0.043   -975536    0 

--------------------------------------------
Proportion of membership of each pre-defined
 population in each of the 4 clusters

Given    Inferred Clusters              Number of
 Pop       1      2      3      4      Individuals

  1:     0.221  0.503  0.182  0.094       23
--------------------------------------------

 Rep#:   Lambda   Alpha      F1    F2    F3    F4     D1,2  D1,3  D1,4  D2,3  D2,4  D3,4    Ln Like  Est Ln P(D)
42000:    1.00    0.060    0.172 0.035 0.015 0.254    0.031 0.028 0.066 0.008 0.045 0.042   -975253    0 
42100:    1.00    0.082    0.173 0.035 0.015 0.252    0.030 0.028 0.066 0.008 0.045 0.042   -974924    0 
42200:    1.00    0.088    0.170 0.035 0.015 0.253    0.030 0.028 0.065 0.008 0.044 0.042   -975277    0 
42300:    1.00    0.064    0.170 0.035 0.015 0.252    0.030 0.028 0.066 0.008 0.045 0.042   -975293    0 
42400:    1.00    0.088    0.171 0.035 0.015 0.254    0.031 0.029 0.066 0.008 0.045 0.042   -975427    0 
42500:    1.00    0.061    0.173 0.035 0.015 0.253    0.031 0.029 0.066 0.008 0.046 0.042   -975156    0 
42600:    1.00    0.074    0.175 0.035 0.015 0.252    0.031 0.029 0.067 0.008 0.045 0.043   -975535    0 
42700:    1.00    0.092    0.175 0.035 0.015 0.252    0.031 0.029 0.066 0.008 0.045 0.042   -975382    0 
42800:    1.00    0.089    0.175 0.035 0.015 0.253    0.031 0.029 0.067 0.008 0.045 0.043   -975354    0 
42900:    1.00    0.095    0.174 0.035 0.015 0.255    0.031 0.029 0.067 0.008 0.046 0.043   -975276    0 

--------------------------------------------
Proportion of membership of each pre-defined
 population in each of the 4 clusters

Given    Inferred Clusters              Number of
 Pop       1      2      3      4      Individuals

  1:     0.223  0.498  0.187  0.092       23
--------------------------------------------

 Rep#:   Lambda   Alpha      F1    F2    F3    F4     D1,2  D1,3  D1,4  D2,3  D2,4  D3,4    Ln Like  Est Ln P(D)
43000:    1.00    0.081    0.173 0.035 0.015 0.255    0.031 0.028 0.066 0.008 0.045 0.042   -975377    0 
43100:    1.00    0.080    0.174 0.035 0.015 0.258    0.030 0.028 0.066 0.008 0.045 0.042   -975348    0 
43200:    1.00    0.095    0.175 0.035 0.015 0.259    0.031 0.029 0.068 0.008 0.046 0.043   -975248    0 
43300:    1.00    0.068    0.175 0.035 0.015 0.257    0.031 0.028 0.067 0.008 0.046 0.043   -975238    0 
43400:    1.00    0.106    0.173 0.035 0.015 0.255    0.031 0.028 0.066 0.008 0.046 0.043   -975258    0 
43500:    1.00    0.081    0.173 0.035 0.015 0.256    0.031 0.028 0.067 0.008 0.045 0.042   -975484    0 
43600:    1.00    0.102    0.172 0.035 0.015 0.257    0.031 0.028 0.067 0.008 0.046 0.043   -974577    0 
43700:    1.00    0.093    0.169 0.035 0.015 0.259    0.030 0.028 0.066 0.008 0.046 0.043   -975470    0 
43800:    1.00    0.057    0.168 0.035 0.015 0.257    0.030 0.027 0.066 0.008 0.045 0.042   -975329    0 
43900:    1.00    0.087    0.170 0.035 0.015 0.257    0.030 0.028 0.067 0.008 0.046 0.043   -974964    0 

--------------------------------------------
Proportion of membership of each pre-defined
 population in each of the 4 clusters

Given    Inferred Clusters              Number of
 Pop       1      2      3      4      Individuals

  1:     0.226  0.495  0.186  0.093       23
--------------------------------------------

 Rep#:   Lambda   Alpha      F1    F2    F3    F4     D1,2  D1,3  D1,4  D2,3  D2,4  D3,4    Ln Like  Est Ln P(D)
44000:    1.00    0.073    0.170 0.035 0.015 0.257    0.030 0.028 0.066 0.008 0.046 0.043   -975232    0 
44100:    1.00    0.075    0.170 0.036 0.015 0.256    0.030 0.028 0.066 0.008 0.046 0.043   -975254    0 
44200:    1.00    0.067    0.175 0.036 0.015 0.254    0.031 0.029 0.066 0.008 0.045 0.042   -974793    0 
44300:    1.00    0.074    0.173 0.036 0.015 0.253    0.031 0.028 0.066 0.008 0.045 0.043   -974793    0 
44400:    1.00    0.075    0.175 0.036 0.015 0.251    0.031 0.029 0.066 0.008 0.045 0.042   -974317    0 
44500:    1.00    0.046    0.175 0.036 0.016 0.251    0.031 0.029 0.066 0.008 0.045 0.042   -975332    0 
44600:    1.00    0.089    0.173 0.036 0.015 0.252    0.031 0.028 0.066 0.008 0.045 0.042   -974811    0 
44700:    1.00    0.066    0.175 0.036 0.015 0.253    0.031 0.029 0.067 0.008 0.045 0.042   -975108    0 
44800:    1.00    0.064    0.178 0.036 0.015 0.253    0.031 0.029 0.067 0.008 0.045 0.042   -974771    0 
44900:    1.00    0.061    0.180 0.037 0.015 0.251    0.032 0.029 0.067 0.008 0.046 0.042   -975055    0 

--------------------------------------------
Proportion of membership of each pre-defined
 population in each of the 4 clusters

Given    Inferred Clusters              Number of
 Pop       1      2      3      4      Individuals

  1:     0.218  0.507  0.183  0.093       23
--------------------------------------------

 Rep#:   Lambda   Alpha      F1    F2    F3    F4     D1,2  D1,3  D1,4  D2,3  D2,4  D3,4    Ln Like  Est Ln P(D)
45000:    1.00    0.039    0.180 0.037 0.015 0.254    0.032 0.029 0.067 0.008 0.046 0.043   -974855    0 
45100:    1.00    0.074    0.178 0.037 0.015 0.255    0.032 0.029 0.067 0.008 0.046 0.043   -975371    0 
45200:    1.00    0.048    0.177 0.037 0.015 0.261    0.032 0.029 0.068 0.008 0.047 0.044   -974919    0 
45300:    1.00    0.059    0.177 0.037 0.015 0.265    0.032 0.029 0.069 0.008 0.047 0.044   -974862    0 
45400:    1.00    0.089    0.179 0.037 0.015 0.263    0.032 0.029 0.069 0.008 0.047 0.044   -975198    0 
45500:    1.00    0.080    0.180 0.037 0.015 0.259    0.032 0.030 0.067 0.008 0.046 0.043   -975233    0 
45600:    1.00    0.075    0.179 0.037 0.015 0.261    0.032 0.029 0.068 0.008 0.046 0.043   -975035    0 
45700:    1.00    0.075    0.181 0.036 0.015 0.258    0.032 0.030 0.068 0.008 0.046 0.043   -974953    0 
45800:    1.00    0.082    0.181 0.036 0.015 0.260    0.032 0.030 0.068 0.008 0.046 0.043   -974992    0 
45900:    1.00    0.079    0.181 0.037 0.015 0.262    0.032 0.030 0.068 0.008 0.047 0.044   -974954    0 

--------------------------------------------
Proportion of membership of each pre-defined
 population in each of the 4 clusters

Given    Inferred Clusters              Number of
 Pop       1      2      3      4      Individuals

  1:     0.215  0.506  0.188  0.091       23
--------------------------------------------

 Rep#:   Lambda   Alpha      F1    F2    F3    F4     D1,2  D1,3  D1,4  D2,3  D2,4  D3,4    Ln Like  Est Ln P(D)
46000:    1.00    0.046    0.182 0.037 0.015 0.261    0.032 0.030 0.069 0.008 0.047 0.044   -974948    0 
46100:    1.00    0.095    0.183 0.036 0.015 0.262    0.032 0.030 0.069 0.008 0.047 0.043   -975360    0 
46200:    1.00    0.094    0.184 0.036 0.015 0.263    0.032 0.030 0.070 0.008 0.047 0.044   -975282    0 
46300:    1.00    0.094    0.184 0.036 0.015 0.261    0.032 0.030 0.069 0.008 0.046 0.043   -974838    0 
46400:    1.00    0.129    0.183 0.036 0.015 0.260    0.033 0.030 0.070 0.008 0.047 0.044   -975385    0 
46500:    1.00    0.104    0.186 0.037 0.015 0.261    0.033 0.030 0.069 0.008 0.047 0.043   -975280    0 
46600:    1.00    0.072    0.187 0.037 0.015 0.263    0.033 0.030 0.070 0.008 0.047 0.044   -975672    0 
46700:    1.00    0.089    0.187 0.037 0.015 0.263    0.033 0.030 0.069 0.008 0.047 0.044   -975139    0 
46800:    1.00    0.083    0.187 0.037 0.015 0.262    0.033 0.030 0.069 0.008 0.046 0.043   -975230    0 
46900:    1.00    0.075    0.183 0.036 0.015 0.262    0.032 0.029 0.069 0.008 0.047 0.044   -975356    0 

--------------------------------------------
Proportion of membership of each pre-defined
 population in each of the 4 clusters

Given    Inferred Clusters              Number of
 Pop       1      2      3      4      Individuals

  1:     0.219  0.502  0.188  0.091       23
--------------------------------------------

 Rep#:   Lambda   Alpha      F1    F2    F3    F4     D1,2  D1,3  D1,4  D2,3  D2,4  D3,4    Ln Like  Est Ln P(D)
47000:    1.00    0.077    0.178 0.036 0.015 0.266    0.032 0.029 0.070 0.008 0.048 0.045   -975495    0 
47100:    1.00    0.073    0.178 0.036 0.015 0.266    0.032 0.029 0.069 0.008 0.047 0.044   -975182    0 
47200:    1.00    0.052    0.178 0.036 0.015 0.263    0.032 0.029 0.069 0.008 0.047 0.044   -975581    0 
47300:    1.00    0.072    0.178 0.036 0.015 0.265    0.032 0.029 0.069 0.008 0.047 0.044   -975400    0 
47400:    1.00    0.061    0.181 0.036 0.015 0.266    0.032 0.029 0.070 0.008 0.048 0.045   -974866    0 
47500:    1.00    0.067    0.181 0.036 0.015 0.270    0.032 0.029 0.070 0.008 0.047 0.044   -975135    0 
47600:    1.00    0.077    0.182 0.036 0.015 0.265    0.032 0.030 0.070 0.008 0.047 0.044   -975270    0 
47700:    1.00    0.088    0.184 0.036 0.015 0.262    0.032 0.030 0.070 0.008 0.047 0.044   -975167    0 
47800:    1.00    0.069    0.183 0.037 0.015 0.261    0.032 0.030 0.070 0.008 0.047 0.044   -975151    0 
47900:    1.00    0.074    0.183 0.037 0.015 0.259    0.032 0.030 0.068 0.008 0.046 0.043   -975853    0 

--------------------------------------------
Proportion of membership of each pre-defined
 population in each of the 4 clusters

Given    Inferred Clusters              Number of
 Pop       1      2      3      4      Individuals

  1:     0.213  0.505  0.190  0.092       23
--------------------------------------------

 Rep#:   Lambda   Alpha      F1    F2    F3    F4     D1,2  D1,3  D1,4  D2,3  D2,4  D3,4    Ln Like  Est Ln P(D)
48000:    1.00    0.065    0.184 0.037 0.015 0.258    0.033 0.030 0.069 0.008 0.046 0.043   -975607    0 
48100:    1.00    0.056    0.182 0.037 0.015 0.260    0.032 0.030 0.068 0.008 0.047 0.043   -975297    0 
48200:    1.00    0.063    0.182 0.038 0.015 0.261    0.032 0.030 0.068 0.008 0.046 0.043   -975378    0 
48300:    1.00    0.070    0.181 0.038 0.015 0.261    0.032 0.029 0.068 0.008 0.047 0.044   -974909    0 
48400:    1.00    0.051    0.177 0.038 0.015 0.262    0.031 0.029 0.068 0.008 0.047 0.044   -974674    0 
48500:    1.00    0.052    0.178 0.038 0.015 0.258    0.032 0.029 0.068 0.008 0.046 0.043   -974629    0 
48600:    1.00    0.048    0.177 0.038 0.015 0.259    0.032 0.029 0.068 0.008 0.046 0.043   -974832    0 
48700:    1.00    0.067    0.179 0.037 0.015 0.253    0.032 0.029 0.067 0.008 0.046 0.043   -975374    0 
48800:    1.00    0.062    0.179 0.037 0.015 0.257    0.032 0.029 0.067 0.008 0.046 0.043   -975005    0 
48900:    1.00    0.063    0.179 0.037 0.015 0.259    0.032 0.029 0.068 0.008 0.046 0.043   -975574    0 

--------------------------------------------
Proportion of membership of each pre-defined
 population in each of the 4 clusters

Given    Inferred Clusters              Number of
 Pop       1      2      3      4      Individuals

  1:     0.218  0.503  0.189  0.090       23
--------------------------------------------

 Rep#:   Lambda   Alpha      F1    F2    F3    F4     D1,2  D1,3  D1,4  D2,3  D2,4  D3,4    Ln Like  Est Ln P(D)
49000:    1.00    0.054    0.179 0.037 0.015 0.259    0.032 0.029 0.068 0.008 0.046 0.043   -975555    0 
49100:    1.00    0.091    0.180 0.037 0.015 0.262    0.032 0.030 0.069 0.008 0.047 0.044   -975003    0 
49200:    1.00    0.075    0.179 0.037 0.015 0.264    0.032 0.029 0.069 0.008 0.047 0.044   -975161    0 
49300:    1.00    0.066    0.181 0.037 0.015 0.268    0.032 0.030 0.070 0.008 0.048 0.044   -975247    0 
49400:    1.00    0.102    0.181 0.037 0.015 0.264    0.032 0.030 0.069 0.008 0.047 0.043   -975017    0 
49500:    1.00    0.093    0.181 0.037 0.015 0.263    0.032 0.030 0.069 0.008 0.047 0.044   -975404    0 
49600:    1.00    0.086    0.181 0.036 0.015 0.266    0.032 0.030 0.070 0.008 0.048 0.045   -975047    0 
49700:    1.00    0.087    0.183 0.036 0.015 0.264    0.032 0.030 0.070 0.008 0.047 0.044   -975770    0 
49800:    1.00    0.064    0.181 0.036 0.015 0.264    0.032 0.030 0.068 0.008 0.047 0.044   -975371    0 
49900:    1.00    0.094    0.182 0.036 0.015 0.263    0.032 0.029 0.069 0.008 0.047 0.044   -975506    0 

--------------------------------------------
Proportion of membership of each pre-defined
 population in each of the 4 clusters

Given    Inferred Clusters              Number of
 Pop       1      2      3      4      Individuals

  1:     0.220  0.502  0.189  0.089       23
--------------------------------------------

 Rep#:   Lambda   Alpha      F1    F2    F3    F4     D1,2  D1,3  D1,4  D2,3  D2,4  D3,4    Ln Like  Est Ln P(D)
50000:    1.00    0.073    0.183 0.035 0.015 0.265    0.032 0.030 0.069 0.008 0.047 0.044   -975278    0 
50100:    1.00    0.096    0.181 0.035 0.015 0.264    0.032 0.030 0.069 0.008 0.047 0.044   -976315    0 
50200:    1.00    0.076    0.182 0.035 0.015 0.265    0.032 0.030 0.069 0.008 0.047 0.044   -975743    0 
50300:    1.00    0.064    0.177 0.035 0.015 0.264    0.031 0.029 0.068 0.008 0.047 0.044   -975882    0 
50400:    1.00    0.108    0.176 0.035 0.015 0.265    0.031 0.029 0.068 0.008 0.047 0.044   -975638    0 
50500:    1.00    0.052    0.175 0.035 0.015 0.264    0.031 0.029 0.068 0.008 0.047 0.043   -975862    0 
50600:    1.00    0.067    0.177 0.035 0.015 0.266    0.031 0.029 0.068 0.008 0.047 0.044   -975584    0 
50700:    1.00    0.078    0.179 0.036 0.016 0.266    0.032 0.029 0.070 0.008 0.048 0.045   -975338    0 
50800:    1.00    0.070    0.179 0.036 0.016 0.271    0.032 0.030 0.070 0.008 0.048 0.045   -975314    0 
50900:    1.00    0.091    0.178 0.036 0.016 0.271    0.031 0.029 0.069 0.008 0.048 0.045   -975687    0 

--------------------------------------------
Proportion of membership of each pre-defined
 population in each of the 4 clusters

Given    Inferred Clusters              Number of
 Pop       1      2      3      4      Individuals

  1:     0.224  0.501  0.188  0.087       23
--------------------------------------------

 Rep#:   Lambda   Alpha      F1    F2    F3    F4     D1,2  D1,3  D1,4  D2,3  D2,4  D3,4    Ln Like  Est Ln P(D)
51000:    1.00    0.095    0.181 0.036 0.016 0.269    0.032 0.030 0.070 0.008 0.048 0.045   -975184    0 
51100:    1.00    0.083    0.180 0.036 0.016 0.276    0.032 0.030 0.071 0.008 0.049 0.046   -975408    0 
51200:    1.00    0.078    0.178 0.036 0.016 0.274    0.031 0.029 0.071 0.008 0.049 0.046   -975886    0 
51300:    1.00    0.060    0.177 0.036 0.016 0.275    0.031 0.029 0.070 0.008 0.049 0.045   -975780    0 
51400:    1.00    0.075    0.177 0.036 0.016 0.277    0.031 0.029 0.071 0.008 0.049 0.046   -975251    0 
51500:    1.00    0.081    0.176 0.035 0.016 0.280    0.031 0.029 0.071 0.008 0.049 0.046   -974867    0 
51600:    1.00    0.092    0.174 0.035 0.016 0.278    0.031 0.029 0.070 0.008 0.048 0.046   -975583    0 
51700:    1.00    0.081    0.177 0.035 0.016 0.281    0.031 0.029 0.071 0.008 0.049 0.046   -975790    0 
51800:    1.00    0.084    0.178 0.035 0.016 0.277    0.032 0.030 0.070 0.008 0.049 0.046   -975157    0 
51900:    1.00    0.066    0.176 0.035 0.016 0.276    0.031 0.029 0.070 0.008 0.049 0.046   -975933    0 

--------------------------------------------
Proportion of membership of each pre-defined
 population in each of the 4 clusters

Given    Inferred Clusters              Number of
 Pop       1      2      3      4      Individuals

  1:     0.218  0.508  0.189  0.085       23
--------------------------------------------

 Rep#:   Lambda   Alpha      F1    F2    F3    F4     D1,2  D1,3  D1,4  D2,3  D2,4  D3,4    Ln Like  Est Ln P(D)
52000:    1.00    0.073    0.177 0.035 0.016 0.278    0.031 0.029 0.071 0.008 0.050 0.047   -975844    0 
52100:    1.00    0.090    0.179 0.035 0.016 0.278    0.031 0.029 0.072 0.008 0.050 0.047   -975279    0 
52200:    1.00    0.092    0.179 0.035 0.016 0.278    0.032 0.029 0.071 0.008 0.048 0.046   -975332    0 
52300:    1.00    0.078    0.180 0.035 0.016 0.281    0.031 0.029 0.071 0.008 0.049 0.047   -975888    0 
52400:    1.00    0.087    0.180 0.035 0.016 0.284    0.032 0.029 0.072 0.008 0.049 0.046   -975478    0 
52500:    1.00    0.073    0.181 0.035 0.016 0.290    0.032 0.029 0.073 0.008 0.052 0.049   -975558    0 
52600:    1.00    0.090    0.181 0.035 0.016 0.289    0.032 0.030 0.073 0.008 0.051 0.048   -975658    0 
52700:    1.00    0.092    0.186 0.035 0.016 0.294    0.032 0.030 0.074 0.008 0.051 0.048   -975895    0 
52800:    1.00    0.084    0.191 0.034 0.016 0.293    0.033 0.031 0.075 0.008 0.051 0.048   -975808    0 
52900:    1.00    0.096    0.190 0.034 0.016 0.293    0.033 0.031 0.074 0.008 0.051 0.048   -976047    0 

--------------------------------------------
Proportion of membership of each pre-defined
 population in each of the 4 clusters

Given    Inferred Clusters              Number of
 Pop       1      2      3      4      Individuals

  1:     0.211  0.517  0.186  0.086       23
--------------------------------------------

 Rep#:   Lambda   Alpha      F1    F2    F3    F4     D1,2  D1,3  D1,4  D2,3  D2,4  D3,4    Ln Like  Est Ln P(D)
53000:    1.00    0.090    0.190 0.034 0.016 0.294    0.033 0.031 0.075 0.008 0.052 0.049   -975920    0 
53100:    1.00    0.064    0.188 0.034 0.016 0.292    0.033 0.031 0.075 0.008 0.052 0.049   -975565    0 
53200:    1.00    0.092    0.188 0.034 0.016 0.293    0.033 0.031 0.075 0.008 0.052 0.049   -975844    0 
53300:    1.00    0.101    0.189 0.034 0.015 0.293    0.033 0.031 0.075 0.008 0.051 0.048   -975853    0 
53400:    1.00    0.085    0.191 0.034 0.015 0.294    0.033 0.031 0.075 0.008 0.051 0.049   -976133    0 
53500:    1.00    0.116    0.189 0.034 0.015 0.296    0.033 0.031 0.076 0.008 0.052 0.049   -976228    0 
53600:    1.00    0.098    0.187 0.034 0.015 0.296    0.033 0.031 0.075 0.008 0.051 0.049   -975718    0 
53700:    1.00    0.117    0.186 0.034 0.015 0.293    0.032 0.030 0.075 0.008 0.052 0.049   -975807    0 
53800:    1.00    0.095    0.188 0.035 0.015 0.289    0.033 0.031 0.074 0.008 0.051 0.048   -975439    0 
53900:    1.00    0.080    0.183 0.035 0.015 0.291    0.032 0.030 0.073 0.008 0.051 0.048   -976362    0 

--------------------------------------------
Proportion of membership of each pre-defined
 population in each of the 4 clusters

Given    Inferred Clusters              Number of
 Pop       1      2      3      4      Individuals

  1:     0.216  0.510  0.188  0.086       23
--------------------------------------------

 Rep#:   Lambda   Alpha      F1    F2    F3    F4     D1,2  D1,3  D1,4  D2,3  D2,4  D3,4    Ln Like  Est Ln P(D)
54000:    1.00    0.099    0.183 0.034 0.015 0.288    0.032 0.030 0.073 0.008 0.051 0.048   -975991    0 
54100:    1.00    0.095    0.184 0.034 0.015 0.289    0.032 0.030 0.072 0.008 0.050 0.047   -975868    0 
54200:    1.00    0.109    0.184 0.034 0.015 0.294    0.032 0.030 0.074 0.008 0.052 0.049   -975740    0 
54300:    1.00    0.073    0.186 0.034 0.015 0.296    0.032 0.030 0.074 0.008 0.052 0.049   -975665    0 
54400:    1.00    0.067    0.186 0.034 0.015 0.298    0.032 0.030 0.075 0.008 0.052 0.049   -975943    0 
54500:    1.00    0.074    0.185 0.034 0.016 0.296    0.032 0.030 0.074 0.008 0.052 0.049   -975799    0 
54600:    1.00    0.086    0.187 0.035 0.016 0.297    0.033 0.031 0.075 0.008 0.052 0.049   -975927    0 
54700:    1.00    0.082    0.186 0.035 0.016 0.296    0.033 0.030 0.075 0.008 0.052 0.049   -976291    0 
54800:    1.00    0.073    0.186 0.035 0.016 0.295    0.033 0.031 0.074 0.008 0.051 0.049   -975965    0 
54900:    1.00    0.050    0.192 0.035 0.016 0.296    0.033 0.031 0.076 0.008 0.052 0.049   -975745    0 

--------------------------------------------
Proportion of membership of each pre-defined
 population in each of the 4 clusters

Given    Inferred Clusters              Number of
 Pop       1      2      3      4      Individuals

  1:     0.209  0.517  0.189  0.085       23
--------------------------------------------

 Rep#:   Lambda   Alpha      F1    F2    F3    F4     D1,2  D1,3  D1,4  D2,3  D2,4  D3,4    Ln Like  Est Ln P(D)
55000:    1.00    0.078    0.192 0.035 0.016 0.292    0.034 0.031 0.075 0.008 0.052 0.048   -975462    0 
55100:    1.00    0.052    0.190 0.034 0.016 0.293    0.033 0.031 0.074 0.008 0.051 0.049   -975394    0 
55200:    1.00    0.061    0.188 0.034 0.016 0.291    0.033 0.031 0.074 0.008 0.050 0.048   -975735    0 
55300:    1.00    0.053    0.188 0.034 0.016 0.292    0.033 0.031 0.075 0.008 0.051 0.049   -975778    0 
55400:    1.00    0.079    0.189 0.034 0.016 0.293    0.033 0.031 0.075 0.008 0.051 0.048   -975924    0 
55500:    1.00    0.044    0.191 0.035 0.016 0.295    0.033 0.031 0.075 0.008 0.052 0.049   -976057    0 
55600:    1.00    0.056    0.191 0.035 0.016 0.295    0.033 0.031 0.076 0.008 0.053 0.049   -975290    0 
55700:    1.00    0.057    0.194 0.035 0.016 0.296    0.033 0.031 0.076 0.008 0.052 0.049   -976428    0 
55800:    1.00    0.053    0.195 0.035 0.016 0.297    0.034 0.032 0.077 0.008 0.052 0.049   -975743    0 
55900:    1.00    0.080    0.194 0.035 0.016 0.297    0.034 0.031 0.077 0.008 0.052 0.050   -975781    0 

--------------------------------------------
Proportion of membership of each pre-defined
 population in each of the 4 clusters

Given    Inferred Clusters              Number of
 Pop       1      2      3      4      Individuals

  1:     0.207  0.521  0.189  0.083       23
--------------------------------------------

 Rep#:   Lambda   Alpha      F1    F2    F3    F4     D1,2  D1,3  D1,4  D2,3  D2,4  D3,4    Ln Like  Est Ln P(D)
56000:    1.00    0.088    0.193 0.035 0.016 0.297    0.034 0.032 0.076 0.008 0.052 0.049   -975889    0 
56100:    1.00    0.079    0.193 0.035 0.016 0.299    0.034 0.032 0.077 0.008 0.053 0.050   -976185    0 
56200:    1.00    0.098    0.194 0.035 0.016 0.300    0.034 0.032 0.077 0.008 0.053 0.050   -975970    0 
56300:    1.00    0.077    0.192 0.035 0.016 0.302    0.034 0.032 0.078 0.008 0.054 0.051   -976116    0 
56400:    1.00    0.073    0.191 0.035 0.016 0.296    0.034 0.031 0.076 0.008 0.052 0.049   -975507    0 
56500:    1.00    0.087    0.191 0.036 0.016 0.296    0.034 0.031 0.075 0.008 0.052 0.049   -975661    0 
56600:    1.00    0.088    0.192 0.036 0.016 0.296    0.034 0.031 0.074 0.008 0.052 0.049   -975478    0 
56700:    1.00    0.068    0.195 0.036 0.016 0.295    0.034 0.032 0.075 0.008 0.051 0.048   -975832    0 
56800:    1.00    0.077    0.195 0.036 0.016 0.290    0.034 0.032 0.075 0.008 0.051 0.048   -975428    0 
56900:    1.00    0.061    0.197 0.036 0.016 0.290    0.034 0.032 0.076 0.008 0.051 0.049   -975625    0 

--------------------------------------------
Proportion of membership of each pre-defined
 population in each of the 4 clusters

Given    Inferred Clusters              Number of
 Pop       1      2      3      4      Individuals

  1:     0.204  0.522  0.190  0.084       23
--------------------------------------------

 Rep#:   Lambda   Alpha      F1    F2    F3    F4     D1,2  D1,3  D1,4  D2,3  D2,4  D3,4    Ln Like  Est Ln P(D)
57000:    1.00    0.085    0.197 0.037 0.016 0.290    0.034 0.032 0.075 0.008 0.051 0.048   -975809    0 
57100:    1.00    0.083    0.197 0.037 0.016 0.289    0.035 0.032 0.076 0.008 0.051 0.048   -974984    0 
57200:    1.00    0.067    0.199 0.037 0.016 0.293    0.035 0.032 0.076 0.008 0.052 0.049   -975891    0 
57300:    1.00    0.063    0.198 0.037 0.016 0.293    0.034 0.032 0.076 0.008 0.052 0.049   -975491    0 
57400:    1.00    0.063    0.198 0.037 0.016 0.288    0.034 0.032 0.076 0.008 0.051 0.048   -975611    0 
57500:    1.00    0.052    0.200 0.037 0.016 0.289    0.035 0.033 0.076 0.008 0.051 0.048   -974873    0 
57600:    1.00    0.070    0.198 0.037 0.016 0.286    0.035 0.032 0.075 0.008 0.050 0.047   -975098    0 
57700:    1.00    0.080    0.199 0.037 0.016 0.287    0.034 0.032 0.075 0.008 0.051 0.048   -975285    0 
57800:    1.00    0.106    0.199 0.036 0.016 0.287    0.035 0.033 0.075 0.008 0.050 0.047   -975487    0 
57900:    1.00    0.077    0.198 0.036 0.016 0.286    0.035 0.032 0.076 0.008 0.051 0.048   -975179    0 

--------------------------------------------
Proportion of membership of each pre-defined
 population in each of the 4 clusters

Given    Inferred Clusters              Number of
 Pop       1      2      3      4      Individuals

  1:     0.198  0.529  0.189  0.085       23
--------------------------------------------

 Rep#:   Lambda   Alpha      F1    F2    F3    F4     D1,2  D1,3  D1,4  D2,3  D2,4  D3,4    Ln Like  Est Ln P(D)
58000:    1.00    0.065    0.198 0.036 0.016 0.286    0.034 0.032 0.074 0.008 0.050 0.047   -975368    0 
58100:    1.00    0.080    0.198 0.036 0.016 0.283    0.035 0.033 0.075 0.008 0.050 0.047   -975634    0 
58200:    1.00    0.070    0.198 0.036 0.016 0.284    0.035 0.033 0.075 0.008 0.050 0.047   -975493    0 
58300:    1.00    0.081    0.200 0.036 0.016 0.286    0.035 0.033 0.075 0.008 0.050 0.047   -975861    0 
58400:    1.00    0.065    0.200 0.036 0.016 0.286    0.035 0.033 0.075 0.008 0.050 0.047   -976034    0 
58500:    1.00    0.057    0.201 0.036 0.016 0.289    0.035 0.033 0.076 0.008 0.051 0.048   -975978    0 
58600:    1.00    0.082    0.200 0.036 0.016 0.284    0.034 0.032 0.075 0.008 0.050 0.047   -975526    0 
58700:    1.00    0.036    0.202 0.037 0.016 0.290    0.035 0.033 0.077 0.008 0.051 0.048   -976035    0 
58800:    1.00    0.068    0.202 0.037 0.016 0.290    0.035 0.033 0.076 0.008 0.052 0.048   -975502    0 
58900:    1.00    0.070    0.203 0.037 0.016 0.288    0.035 0.033 0.075 0.008 0.051 0.048   -975984    0 

--------------------------------------------
Proportion of membership of each pre-defined
 population in each of the 4 clusters

Given    Inferred Clusters              Number of
 Pop       1      2      3      4      Individuals

  1:     0.201  0.527  0.187  0.085       23
--------------------------------------------

 Rep#:   Lambda   Alpha      F1    F2    F3    F4     D1,2  D1,3  D1,4  D2,3  D2,4  D3,4    Ln Like  Est Ln P(D)
59000:    1.00    0.066    0.201 0.037 0.016 0.286    0.035 0.033 0.075 0.008 0.051 0.048   -975634    0 
59100:    1.00    0.065    0.205 0.037 0.016 0.288    0.035 0.033 0.076 0.008 0.051 0.048   -975165    0 
59200:    1.00    0.077    0.207 0.037 0.016 0.290    0.036 0.034 0.076 0.008 0.051 0.048   -975367    0 
59300:    1.00    0.075    0.209 0.038 0.016 0.294    0.036 0.034 0.078 0.008 0.052 0.048   -975491    0 
59400:    1.00    0.070    0.209 0.037 0.016 0.292    0.036 0.034 0.078 0.008 0.051 0.049   -976191    0 
59500:    1.00    0.100    0.209 0.037 0.016 0.293    0.036 0.034 0.079 0.008 0.052 0.049   -975790    0 
59600:    1.00    0.086    0.210 0.037 0.016 0.298    0.037 0.034 0.080 0.008 0.053 0.050   -976022    0 
59700:    1.00    0.074    0.210 0.037 0.016 0.299    0.037 0.034 0.079 0.008 0.053 0.050   -975494    0 
59800:    1.00    0.067    0.211 0.037 0.016 0.294    0.037 0.035 0.078 0.008 0.052 0.049   -975461    0 
59900:    1.00    0.057    0.209 0.037 0.016 0.295    0.036 0.034 0.078 0.008 0.052 0.049   -975633    0 
60000:    1.00    0.075    0.210 0.037 0.016 0.295    0.036 0.034 0.078 0.008 0.051 0.048   -976030    0 

MCMC completed

Inferred ancestry of individuals:
        Label (%Miss) Pop:  Inferred clusters
  1 18160D-09-0    (2)    1 :  0.071 0.426 0.503 0.000 
  2 18160D-09-0    (4)    1 :  0.098 0.902 0.000 0.000 
  3 18160D-09-0    (2)    1 :  0.682 0.229 0.088 0.000 
  4 18160D-09-0    (5)    1 :  0.970 0.030 0.000 0.000 
  5 18160D-09-0    (4)    1 :  0.817 0.183 0.000 0.000 
  6 18160D-09-0    (4)    1 :  0.865 0.133 0.001 0.000 
  7 18160D-09-0    (2)    1 :  0.931 0.060 0.009 0.000 
  8 18160D-09-0    (4)    1 :  0.071 0.928 0.001 0.000 
  9 18160D-09-0    (2)    1 :  0.000 0.107 0.841 0.052 
 10 18160D-09-1    (2)    1 :  0.000 0.000 0.015 0.985 
 11 18160D-09-1    (2)    1 :  0.000 0.115 0.677 0.208 
 12 18160D-09-1    (2)    1 :  0.000 0.089 0.847 0.064 
 13 18160D-09-1    (5)    1 :  0.109 0.890 0.001 0.000 
 14 18160D-09-1   (18)    1 :  0.101 0.898 0.000 0.000 
 15 18160D-09-1    (4)    1 :  0.024 0.976 0.001 0.000 
 16 18160D-09-1    (2)    1 :  0.007 0.119 0.031 0.843 
 17 18160D-09-1    (2)    1 :  0.081 0.757 0.161 0.000 
 18 18160D-09-1    (2)    1 :  0.000 0.001 0.999 0.000 
 19 18160D-09-1    (2)    1 :  0.045 0.954 0.001 0.000 
 20 18160D-09-2    (5)    1 :  0.008 0.991 0.001 0.000 
 21 18160D-09-2    (5)    1 :  0.093 0.906 0.001 0.001 
 22 18160D-09-2    (5)    1 :  0.000 1.000 0.000 0.000 
 23 18160D-09-2    (2)    1 :  0.046 0.953 0.001 0.000 

Command line arguments:   structure -D 319180 -K 4 -m mainparams -o k4/populations_k4_run5 
Input File:    populations.str
Output File:   k4/populations_k4_run5_f

Run parameters:
   23 individuals
   50160 loci
   4 populations assumed
   10000 Burn-in period
   50000 Reps
RANDOMIZE turned off

--------------------------------------------
Estimated Ln Prob of Data   = -2060113.4
Mean value of ln likelihood = -976245.2
Variance of ln likelihood   = 2167736.3
Mean value of alpha         = 0.0726

Mean value of Fst_1         = 0.1680
Mean value of Fst_2         = 0.0292
Mean value of Fst_3         = 0.0137
Mean value of Fst_4         = 0.2635


--------------------------------------------
Proportion of membership of each pre-defined
 population in each of the 4 clusters

Given    Inferred Clusters              Number of
 Pop       1      2      3      4      Individuals

  1:     0.218  0.506  0.182  0.094       23
--------------------------------------------
Final results printed to file k4/populations_k4_run5_f

