

----------------------------------------------------
STRUCTURE by Pritchard, Stephens and Donnelly (2000)
     and Falush, Stephens and Pritchard (2003)
       Code by Pritchard, Falush and Hubisz
             Version 2.3.4 (Jul 2012)
----------------------------------------------------


Reading file "mainparams".
datafile is
populations.str
Reading file "extraparams".
Reading file "populations.str".


Data file "populations.str" (truncated) --

Ind:   Label Pop : Genotype_data . . . .
  1: 18160D-09-0    1  :  4   1   3   1   4   1   3  . . . .   2
  1: 18160D-09-0    1  :  4   1   3   1   4   4   4  . . . .   4
  2: 18160D-09-0    1  :  4   1   3   1   4   1   3  . . . .   2
  2: 18160D-09-0    1  :  4   1   3   1   4   4   3  . . . .   4
  3: 18160D-09-0    1  :  4   1   0   0   0   0   3  . . . .   2
  3: 18160D-09-0    1  :  4   3   0   0   0   0   3  . . . .   4
  4: 18160D-09-0    1  :  4   1   3   1   4   1   3  . . . .   2
  4: 18160D-09-0    1  :  4   3   3   1   4   1   3  . . . .   4

      *******   

 22: 18160D-09-2    1  :  4   1   3   1   4   1   3  . . . .   2
 22: 18160D-09-2    1  :  4   3   3   1   4   1   4  . . . .   4
 23: 18160D-09-2    1  :  4   1   3   1   4   1   3  . . . .   2
 23: 18160D-09-2    1  :  4   1   3   1   4   4   4  . . . .   4

Number of alleles per locus: min= 2; ave=2.0; max= 2


--------------------------------------

Finished initialization; starting MCMC 
50000 iterations + 10000 burnin


--------------------------------------------
Proportion of membership of each pre-defined
 population in each of the 4 clusters

Given    Inferred Clusters              Number of
 Pop       1      2      3      4      Individuals

  1:     0.245  0.247  0.252  0.256       23
--------------------------------------------

 Rep#:   Lambda   Alpha      F1    F2    F3    F4     D1,2  D1,3  D1,4  D2,3  D2,4  D3,4    Ln Like 
  100:    1.00    1.607    0.010 0.010 0.010 0.010    0.003 0.003 0.003 0.003 0.003 0.003   --  
  200:    1.00    2.496    0.010 0.010 0.010 0.010    0.003 0.003 0.003 0.003 0.003 0.003   --  
  300:    1.00    2.666    0.010 0.010 0.010 0.010    0.003 0.003 0.003 0.003 0.003 0.003   --  
  400:    1.00    3.051    0.010 0.010 0.010 0.010    0.003 0.003 0.003 0.003 0.003 0.003   --  
  500:    1.00    2.891    0.010 0.010 0.010 0.010    0.003 0.003 0.003 0.003 0.003 0.003   --  
  600:    1.00    2.901    0.010 0.010 0.010 0.010    0.003 0.003 0.003 0.003 0.003 0.003   --  
  700:    1.00    3.212    0.010 0.010 0.010 0.010    0.003 0.003 0.003 0.003 0.003 0.003   --  
  800:    1.00    3.278    0.010 0.010 0.010 0.010    0.003 0.003 0.003 0.003 0.003 0.003   --  
  900:    1.00    3.582    0.010 0.010 0.010 0.010    0.003 0.003 0.003 0.003 0.003 0.003   --  

--------------------------------------------
Proportion of membership of each pre-defined
 population in each of the 4 clusters

Given    Inferred Clusters              Number of
 Pop       1      2      3      4      Individuals

  1:     0.262  0.232  0.255  0.251       23
--------------------------------------------

 Rep#:   Lambda   Alpha      F1    F2    F3    F4     D1,2  D1,3  D1,4  D2,3  D2,4  D3,4    Ln Like 
 1000:    1.00    3.456    0.010 0.010 0.010 0.010    0.003 0.003 0.003 0.003 0.003 0.003   --  
 1100:    1.00    3.228    0.010 0.010 0.010 0.010    0.003 0.003 0.003 0.003 0.003 0.003   --  
 1200:    1.00    2.534    0.010 0.010 0.010 0.010    0.003 0.003 0.003 0.003 0.003 0.003   --  
 1300:    1.00    2.524    0.010 0.010 0.010 0.010    0.003 0.003 0.003 0.003 0.003 0.003   --  
 1400:    1.00    2.230    0.011 0.010 0.010 0.010    0.003 0.003 0.003 0.003 0.003 0.003   --  
 1500:    1.00    1.534    0.011 0.010 0.010 0.010    0.003 0.003 0.003 0.003 0.003 0.003   --  
 1600:    1.00    1.319    0.011 0.010 0.010 0.010    0.003 0.003 0.003 0.003 0.003 0.003   --  
 1700:    1.00    0.707    0.011 0.010 0.010 0.010    0.003 0.003 0.003 0.003 0.003 0.003   --  
 1800:    1.00    0.523    0.011 0.010 0.010 0.010    0.003 0.003 0.003 0.003 0.003 0.003   --  
 1900:    1.00    0.414    0.011 0.010 0.010 0.010    0.003 0.003 0.003 0.003 0.003 0.003   --  

--------------------------------------------
Proportion of membership of each pre-defined
 population in each of the 4 clusters

Given    Inferred Clusters              Number of
 Pop       1      2      3      4      Individuals

  1:     0.234  0.218  0.282  0.265       23
--------------------------------------------

 Rep#:   Lambda   Alpha      F1    F2    F3    F4     D1,2  D1,3  D1,4  D2,3  D2,4  D3,4    Ln Like 
 2000:    1.00    0.234    0.012 0.010 0.010 0.010    0.004 0.004 0.003 0.003 0.003 0.003   --  
 2100:    1.00    0.385    0.014 0.010 0.010 0.010    0.004 0.004 0.004 0.003 0.003 0.003   --  
 2200:    1.00    0.191    0.014 0.010 0.011 0.010    0.004 0.004 0.004 0.003 0.003 0.003   --  
 2300:    1.00    0.140    0.016 0.010 0.011 0.010    0.004 0.004 0.004 0.003 0.003 0.003   --  
 2400:    1.00    0.097    0.016 0.010 0.011 0.010    0.004 0.004 0.004 0.003 0.003 0.003   --  
 2500:    1.00    0.101    0.016 0.010 0.013 0.010    0.004 0.005 0.004 0.004 0.003 0.004   --  
 2600:    1.00    0.076    0.017 0.010 0.013 0.010    0.004 0.005 0.004 0.004 0.003 0.004   --  
 2700:    1.00    0.044    0.024 0.010 0.013 0.010    0.005 0.006 0.005 0.004 0.003 0.004   --  
 2800:    1.00    0.075    0.028 0.010 0.013 0.010    0.006 0.007 0.006 0.004 0.003 0.004   --  
 2900:    1.00    0.059    0.031 0.010 0.014 0.010    0.007 0.007 0.007 0.004 0.003 0.004   --  

--------------------------------------------
Proportion of membership of each pre-defined
 population in each of the 4 clusters

Given    Inferred Clusters              Number of
 Pop       1      2      3      4      Individuals

  1:     0.218  0.241  0.235  0.306       23
--------------------------------------------

 Rep#:   Lambda   Alpha      F1    F2    F3    F4     D1,2  D1,3  D1,4  D2,3  D2,4  D3,4    Ln Like 
 3000:    1.00    0.034    0.071 0.010 0.014 0.010    0.013 0.014 0.013 0.004 0.003 0.004   --  
 3100:    1.00    0.056    0.076 0.010 0.014 0.010    0.014 0.015 0.014 0.004 0.003 0.004   --  
 3200:    1.00    0.037    0.103 0.010 0.014 0.010    0.017 0.018 0.017 0.004 0.003 0.004   --  
 3300:    1.00    0.046    0.104 0.010 0.014 0.010    0.017 0.018 0.017 0.004 0.003 0.004   --  
 3400:    1.00    0.042    0.108 0.010 0.015 0.010    0.018 0.019 0.018 0.004 0.003 0.004   --  
 3500:    1.00    0.045    0.109 0.010 0.015 0.010    0.018 0.019 0.018 0.004 0.003 0.004   --  
 3600:    1.00    0.049    0.110 0.010 0.015 0.010    0.018 0.019 0.018 0.004 0.003 0.004   --  
 3700:    1.00    0.073    0.115 0.010 0.016 0.010    0.019 0.020 0.019 0.004 0.003 0.004   --  
 3800:    1.00    0.047    0.118 0.010 0.017 0.010    0.019 0.021 0.019 0.004 0.003 0.004   --  
 3900:    1.00    0.040    0.119 0.010 0.017 0.010    0.020 0.021 0.020 0.004 0.003 0.004   --  

--------------------------------------------
Proportion of membership of each pre-defined
 population in each of the 4 clusters

Given    Inferred Clusters              Number of
 Pop       1      2      3      4      Individuals

  1:     0.212  0.246  0.218  0.324       23
--------------------------------------------

 Rep#:   Lambda   Alpha      F1    F2    F3    F4     D1,2  D1,3  D1,4  D2,3  D2,4  D3,4    Ln Like 
 4000:    1.00    0.054    0.120 0.010 0.017 0.010    0.020 0.021 0.020 0.004 0.003 0.004   --  
 4100:    1.00    0.056    0.121 0.010 0.018 0.011    0.020 0.021 0.020 0.004 0.003 0.005   --  
 4200:    1.00    0.037    0.124 0.010 0.018 0.011    0.020 0.022 0.020 0.004 0.003 0.005   --  
 4300:    1.00    0.057    0.129 0.010 0.018 0.011    0.021 0.022 0.021 0.004 0.003 0.005   --  
 4400:    1.00    0.037    0.129 0.011 0.021 0.011    0.021 0.023 0.021 0.005 0.003 0.005   --  
 4500:    1.00    0.070    0.131 0.011 0.024 0.011    0.021 0.024 0.021 0.005 0.003 0.005   --  
 4600:    1.00    0.042    0.132 0.011 0.024 0.011    0.021 0.024 0.021 0.006 0.003 0.005   --  
 4700:    1.00    0.043    0.132 0.011 0.025 0.011    0.021 0.024 0.022 0.006 0.003 0.006   --  
 4800:    1.00    0.060    0.132 0.011 0.025 0.011    0.021 0.024 0.022 0.006 0.003 0.006   --  
 4900:    1.00    0.027    0.132 0.011 0.027 0.011    0.021 0.025 0.021 0.006 0.003 0.006   --  

--------------------------------------------
Proportion of membership of each pre-defined
 population in each of the 4 clusters

Given    Inferred Clusters              Number of
 Pop       1      2      3      4      Individuals

  1:     0.203  0.246  0.217  0.333       23
--------------------------------------------

 Rep#:   Lambda   Alpha      F1    F2    F3    F4     D1,2  D1,3  D1,4  D2,3  D2,4  D3,4    Ln Like 
 5000:    1.00    0.043    0.132 0.011 0.030 0.011    0.022 0.025 0.021 0.007 0.003 0.007   --  
 5100:    1.00    0.052    0.132 0.011 0.033 0.011    0.021 0.025 0.021 0.007 0.003 0.007   --  
 5200:    1.00    0.070    0.136 0.011 0.035 0.011    0.022 0.026 0.022 0.007 0.003 0.007   --  
 5300:    1.00    0.039    0.137 0.011 0.044 0.011    0.022 0.028 0.022 0.009 0.003 0.009   --  
 5400:    1.00    0.042    0.137 0.011 0.045 0.011    0.022 0.028 0.022 0.009 0.003 0.009   --  
 5500:    1.00    0.045    0.137 0.011 0.047 0.011    0.022 0.028 0.022 0.009 0.003 0.009   --  
 5600:    1.00    0.040    0.137 0.011 0.047 0.011    0.022 0.028 0.022 0.009 0.003 0.009   --  
 5700:    1.00    0.055    0.137 0.011 0.049 0.011    0.022 0.028 0.022 0.009 0.003 0.010   --  
 5800:    1.00    0.055    0.136 0.011 0.050 0.011    0.022 0.028 0.022 0.010 0.003 0.010   --  
 5900:    1.00    0.058    0.137 0.011 0.056 0.011    0.022 0.030 0.022 0.011 0.003 0.011   --  

--------------------------------------------
Proportion of membership of each pre-defined
 population in each of the 4 clusters

Given    Inferred Clusters              Number of
 Pop       1      2      3      4      Individuals

  1:     0.202  0.274  0.195  0.329       23
--------------------------------------------

 Rep#:   Lambda   Alpha      F1    F2    F3    F4     D1,2  D1,3  D1,4  D2,3  D2,4  D3,4    Ln Like 
 6000:    1.00    0.067    0.138 0.011 0.065 0.011    0.022 0.031 0.022 0.012 0.003 0.012   --  
 6100:    1.00    0.045    0.138 0.011 0.069 0.011    0.022 0.033 0.022 0.013 0.003 0.013   --  
 6200:    1.00    0.046    0.137 0.011 0.085 0.011    0.022 0.035 0.022 0.015 0.003 0.015   --  
 6300:    1.00    0.070    0.137 0.011 0.093 0.011    0.022 0.036 0.022 0.017 0.003 0.017   --  
 6400:    1.00    0.065    0.139 0.011 0.110 0.011    0.023 0.039 0.023 0.020 0.003 0.020   --  
 6500:    1.00    0.067    0.139 0.011 0.130 0.011    0.022 0.042 0.022 0.023 0.003 0.023   --  
 6600:    1.00    0.063    0.141 0.011 0.140 0.011    0.022 0.044 0.023 0.025 0.003 0.025   --  
 6700:    1.00    0.063    0.139 0.011 0.176 0.011    0.022 0.048 0.022 0.029 0.003 0.030   --  
 6800:    1.00    0.060    0.138 0.011 0.187 0.011    0.022 0.051 0.022 0.032 0.003 0.032   --  
 6900:    1.00    0.049    0.138 0.011 0.193 0.011    0.022 0.052 0.022 0.033 0.003 0.033   --  

--------------------------------------------
Proportion of membership of each pre-defined
 population in each of the 4 clusters

Given    Inferred Clusters              Number of
 Pop       1      2      3      4      Individuals

  1:     0.204  0.320  0.118  0.358       23
--------------------------------------------

 Rep#:   Lambda   Alpha      F1    F2    F3    F4     D1,2  D1,3  D1,4  D2,3  D2,4  D3,4    Ln Like 
 7000:    1.00    0.041    0.138 0.011 0.195 0.011    0.022 0.052 0.022 0.033 0.003 0.033   --  
 7100:    1.00    0.068    0.138 0.011 0.209 0.011    0.022 0.054 0.022 0.035 0.003 0.035   --  
 7200:    1.00    0.079    0.138 0.011 0.209 0.011    0.022 0.054 0.022 0.035 0.003 0.035   --  
 7300:    1.00    0.058    0.141 0.011 0.209 0.011    0.023 0.055 0.023 0.035 0.003 0.035   --  
 7400:    1.00    0.060    0.141 0.011 0.212 0.011    0.023 0.055 0.023 0.036 0.003 0.036   --  
 7500:    1.00    0.079    0.141 0.011 0.217 0.011    0.023 0.057 0.023 0.037 0.003 0.037   --  
 7600:    1.00    0.072    0.141 0.011 0.224 0.011    0.023 0.058 0.023 0.038 0.003 0.038   --  
 7700:    1.00    0.079    0.140 0.011 0.229 0.011    0.022 0.058 0.023 0.038 0.003 0.038   --  
 7800:    1.00    0.055    0.142 0.011 0.230 0.011    0.023 0.058 0.023 0.039 0.003 0.039   --  
 7900:    1.00    0.074    0.142 0.011 0.239 0.011    0.023 0.060 0.023 0.040 0.003 0.040   --  

--------------------------------------------
Proportion of membership of each pre-defined
 population in each of the 4 clusters

Given    Inferred Clusters              Number of
 Pop       1      2      3      4      Individuals

  1:     0.203  0.315  0.108  0.374       23
--------------------------------------------

 Rep#:   Lambda   Alpha      F1    F2    F3    F4     D1,2  D1,3  D1,4  D2,3  D2,4  D3,4    Ln Like 
 8000:    1.00    0.053    0.141 0.011 0.238 0.011    0.023 0.060 0.023 0.040 0.003 0.040   --  
 8100:    1.00    0.076    0.140 0.012 0.238 0.011    0.023 0.060 0.023 0.041 0.003 0.041   --  
 8200:    1.00    0.069    0.139 0.012 0.239 0.011    0.023 0.060 0.022 0.040 0.003 0.040   --  
 8300:    1.00    0.074    0.139 0.012 0.238 0.011    0.023 0.060 0.023 0.040 0.003 0.040   --  
 8400:    1.00    0.078    0.140 0.012 0.244 0.011    0.022 0.060 0.023 0.041 0.003 0.041   --  
 8500:    1.00    0.070    0.140 0.012 0.244 0.011    0.023 0.061 0.023 0.041 0.003 0.041   --  
 8600:    1.00    0.049    0.139 0.012 0.243 0.011    0.023 0.060 0.023 0.041 0.004 0.041   --  
 8700:    1.00    0.072    0.139 0.012 0.244 0.011    0.023 0.060 0.022 0.041 0.003 0.041   --  
 8800:    1.00    0.042    0.140 0.012 0.249 0.011    0.023 0.061 0.023 0.042 0.003 0.042   --  
 8900:    1.00    0.063    0.143 0.012 0.251 0.011    0.023 0.062 0.023 0.042 0.003 0.042   --  

--------------------------------------------
Proportion of membership of each pre-defined
 population in each of the 4 clusters

Given    Inferred Clusters              Number of
 Pop       1      2      3      4      Individuals

  1:     0.205  0.318  0.106  0.371       23
--------------------------------------------

 Rep#:   Lambda   Alpha      F1    F2    F3    F4     D1,2  D1,3  D1,4  D2,3  D2,4  D3,4    Ln Like 
 9000:    1.00    0.047    0.141 0.012 0.254 0.011    0.023 0.063 0.023 0.043 0.003 0.043   --  
 9100:    1.00    0.063    0.141 0.012 0.257 0.011    0.023 0.062 0.023 0.043 0.004 0.043   --  
 9200:    1.00    0.047    0.141 0.012 0.260 0.011    0.023 0.063 0.023 0.043 0.003 0.043   --  
 9300:    1.00    0.086    0.140 0.012 0.260 0.011    0.023 0.063 0.023 0.044 0.003 0.044   --  
 9400:    1.00    0.037    0.140 0.012 0.260 0.011    0.023 0.063 0.023 0.044 0.003 0.043   --  
 9500:    1.00    0.051    0.139 0.012 0.260 0.011    0.023 0.063 0.023 0.043 0.003 0.043   --  
 9600:    1.00    0.052    0.140 0.012 0.260 0.011    0.023 0.062 0.023 0.043 0.004 0.043   --  
 9700:    1.00    0.050    0.140 0.012 0.262 0.012    0.023 0.063 0.023 0.044 0.004 0.044   --  
 9800:    1.00    0.059    0.141 0.012 0.262 0.012    0.023 0.063 0.023 0.044 0.004 0.044   --  
 9900:    1.00    0.082    0.141 0.012 0.264 0.012    0.023 0.063 0.023 0.044 0.004 0.044   --  
10000:    1.00    0.066    0.137 0.012 0.263 0.012    0.022 0.063 0.022 0.044 0.004 0.044   --  

BURNIN completed
 Rep#:   Lambda   Alpha      F1    F2    F3    F4     D1,2  D1,3  D1,4  D2,3  D2,4  D3,4    Ln Like  Est Ln P(D)
10100:    1.00    0.057    0.137 0.012 0.262 0.012    0.022 0.063 0.022 0.044 0.004 0.044   -979434    0 
10200:    1.00    0.062    0.140 0.012 0.262 0.012    0.023 0.063 0.023 0.044 0.004 0.044   -979104    0 
10300:    1.00    0.064    0.140 0.012 0.264 0.012    0.023 0.064 0.023 0.044 0.004 0.044   -978839    0 
10400:    1.00    0.058    0.140 0.012 0.265 0.012    0.023 0.063 0.023 0.044 0.004 0.044   -979043    0 
10500:    1.00    0.079    0.139 0.012 0.263 0.012    0.022 0.063 0.023 0.044 0.004 0.044   -978644    0 
10600:    1.00    0.084    0.139 0.012 0.256 0.012    0.022 0.062 0.023 0.043 0.004 0.043   -978675    0 
10700:    1.00    0.080    0.140 0.012 0.254 0.012    0.023 0.062 0.023 0.042 0.004 0.043   -978786    0 
10800:    1.00    0.055    0.138 0.012 0.255 0.012    0.022 0.062 0.023 0.042 0.004 0.043   -978791    0 
10900:    1.00    0.060    0.138 0.012 0.256 0.012    0.023 0.062 0.023 0.043 0.004 0.043   -978953    0 

--------------------------------------------
Proportion of membership of each pre-defined
 population in each of the 4 clusters

Given    Inferred Clusters              Number of
 Pop       1      2      3      4      Individuals

  1:     0.215  0.332  0.105  0.348       23
--------------------------------------------

 Rep#:   Lambda   Alpha      F1    F2    F3    F4     D1,2  D1,3  D1,4  D2,3  D2,4  D3,4    Ln Like  Est Ln P(D)
11000:    1.00    0.046    0.138 0.012 0.260 0.012    0.022 0.063 0.022 0.044 0.004 0.044   -979259    0 
11100:    1.00    0.056    0.137 0.012 0.255 0.012    0.022 0.062 0.022 0.043 0.004 0.043   -979008    0 
11200:    1.00    0.063    0.139 0.012 0.255 0.012    0.023 0.062 0.023 0.043 0.004 0.043   -979541    0 
11300:    1.00    0.057    0.139 0.012 0.258 0.012    0.022 0.062 0.022 0.043 0.004 0.043   -979081    0 
11400:    1.00    0.070    0.140 0.012 0.260 0.012    0.023 0.063 0.023 0.044 0.004 0.043   -979153    0 
11500:    1.00    0.062    0.140 0.012 0.262 0.012    0.023 0.063 0.023 0.044 0.004 0.044   -978966    0 
11600:    1.00    0.075    0.143 0.012 0.262 0.012    0.023 0.063 0.023 0.044 0.004 0.044   -978448    0 
11700:    1.00    0.091    0.143 0.012 0.262 0.012    0.023 0.063 0.023 0.044 0.004 0.044   -979148    0 
11800:    1.00    0.102    0.141 0.012 0.262 0.012    0.023 0.064 0.023 0.044 0.004 0.044   -978499    0 
11900:    1.00    0.068    0.143 0.012 0.262 0.012    0.023 0.063 0.023 0.044 0.004 0.044   -978816    0 

--------------------------------------------
Proportion of membership of each pre-defined
 population in each of the 4 clusters

Given    Inferred Clusters              Number of
 Pop       1      2      3      4      Individuals

  1:     0.214  0.332  0.104  0.350       23
--------------------------------------------

 Rep#:   Lambda   Alpha      F1    F2    F3    F4     D1,2  D1,3  D1,4  D2,3  D2,4  D3,4    Ln Like  Est Ln P(D)
12000:    1.00    0.107    0.143 0.012 0.263 0.012    0.023 0.064 0.023 0.044 0.004 0.044   -979042    0 
12100:    1.00    0.092    0.142 0.012 0.260 0.012    0.023 0.064 0.023 0.044 0.004 0.044   -978844    0 
12200:    1.00    0.071    0.145 0.012 0.263 0.012    0.023 0.064 0.023 0.044 0.004 0.044   -978792    0 
12300:    1.00    0.071    0.146 0.012 0.263 0.012    0.023 0.065 0.023 0.044 0.004 0.044   -978802    0 
12400:    1.00    0.053    0.146 0.012 0.262 0.012    0.024 0.064 0.024 0.044 0.004 0.044   -978493    0 
12500:    1.00    0.095    0.146 0.012 0.260 0.012    0.023 0.064 0.023 0.044 0.004 0.044   -979526    0 
12600:    1.00    0.072    0.146 0.012 0.257 0.012    0.023 0.064 0.023 0.043 0.004 0.043   -978559    0 
12700:    1.00    0.068    0.147 0.012 0.257 0.012    0.024 0.063 0.024 0.043 0.004 0.043   -979179    0 
12800:    1.00    0.077    0.147 0.012 0.258 0.012    0.024 0.063 0.024 0.043 0.004 0.043   -979009    0 
12900:    1.00    0.069    0.146 0.012 0.258 0.012    0.023 0.063 0.023 0.043 0.004 0.043   -979070    0 

--------------------------------------------
Proportion of membership of each pre-defined
 population in each of the 4 clusters

Given    Inferred Clusters              Number of
 Pop       1      2      3      4      Individuals

  1:     0.210  0.344  0.106  0.341       23
--------------------------------------------

 Rep#:   Lambda   Alpha      F1    F2    F3    F4     D1,2  D1,3  D1,4  D2,3  D2,4  D3,4    Ln Like  Est Ln P(D)
13000:    1.00    0.054    0.145 0.012 0.254 0.012    0.024 0.063 0.024 0.043 0.004 0.043   -978576    0 
13100:    1.00    0.057    0.145 0.012 0.251 0.012    0.023 0.062 0.023 0.043 0.004 0.043   -978851    0 
13200:    1.00    0.069    0.143 0.012 0.249 0.012    0.023 0.061 0.023 0.042 0.004 0.042   -979495    0 
13300:    1.00    0.070    0.143 0.012 0.252 0.012    0.023 0.062 0.024 0.042 0.004 0.042   -978763    0 
13400:    1.00    0.070    0.143 0.012 0.251 0.012    0.023 0.062 0.023 0.042 0.004 0.042   -978958    0 
13500:    1.00    0.056    0.145 0.012 0.246 0.012    0.023 0.061 0.023 0.041 0.004 0.041   -979314    0 
13600:    1.00    0.063    0.143 0.012 0.250 0.012    0.023 0.061 0.023 0.041 0.004 0.041   -979306    0 
13700:    1.00    0.079    0.143 0.012 0.250 0.012    0.023 0.062 0.023 0.042 0.004 0.042   -978873    0 
13800:    1.00    0.094    0.141 0.012 0.249 0.012    0.023 0.062 0.023 0.042 0.004 0.042   -979204    0 
13900:    1.00    0.072    0.141 0.012 0.247 0.012    0.023 0.061 0.023 0.041 0.004 0.041   -979039    0 

--------------------------------------------
Proportion of membership of each pre-defined
 population in each of the 4 clusters

Given    Inferred Clusters              Number of
 Pop       1      2      3      4      Individuals

  1:     0.213  0.357  0.107  0.324       23
--------------------------------------------

 Rep#:   Lambda   Alpha      F1    F2    F3    F4     D1,2  D1,3  D1,4  D2,3  D2,4  D3,4    Ln Like  Est Ln P(D)
14000:    1.00    0.069    0.141 0.012 0.249 0.012    0.023 0.061 0.023 0.042 0.004 0.042   -978510    0 
14100:    1.00    0.064    0.142 0.012 0.250 0.012    0.023 0.061 0.023 0.042 0.004 0.042   -978449    0 
14200:    1.00    0.065    0.142 0.012 0.250 0.012    0.023 0.062 0.023 0.042 0.004 0.042   -979151    0 
14300:    1.00    0.056    0.142 0.012 0.247 0.012    0.023 0.061 0.023 0.042 0.004 0.042   -978581    0 
14400:    1.00    0.092    0.142 0.012 0.249 0.012    0.023 0.062 0.023 0.042 0.004 0.042   -979163    0 
14500:    1.00    0.094    0.142 0.012 0.254 0.012    0.023 0.063 0.023 0.043 0.004 0.043   -978313    0 
14600:    1.00    0.099    0.141 0.012 0.253 0.012    0.023 0.062 0.023 0.042 0.004 0.042   -978591    0 
14700:    1.00    0.058    0.141 0.012 0.253 0.012    0.023 0.063 0.023 0.043 0.004 0.043   -978703    0 
14800:    1.00    0.059    0.141 0.012 0.253 0.012    0.023 0.062 0.023 0.042 0.004 0.042   -978938    0 
14900:    1.00    0.127    0.141 0.012 0.253 0.012    0.023 0.062 0.023 0.043 0.004 0.042   -978715    0 

--------------------------------------------
Proportion of membership of each pre-defined
 population in each of the 4 clusters

Given    Inferred Clusters              Number of
 Pop       1      2      3      4      Individuals

  1:     0.213  0.357  0.105  0.325       23
--------------------------------------------

 Rep#:   Lambda   Alpha      F1    F2    F3    F4     D1,2  D1,3  D1,4  D2,3  D2,4  D3,4    Ln Like  Est Ln P(D)
15000:    1.00    0.097    0.143 0.012 0.260 0.012    0.023 0.063 0.023 0.043 0.004 0.043   -978773    0 
15100:    1.00    0.148    0.143 0.012 0.260 0.012    0.024 0.063 0.024 0.043 0.004 0.043   -978553    0 
15200:    1.00    0.115    0.143 0.012 0.257 0.012    0.023 0.064 0.024 0.043 0.004 0.043   -978982    0 
15300:    1.00    0.056    0.146 0.012 0.257 0.012    0.024 0.063 0.024 0.043 0.004 0.043   -978870    0 
15400:    1.00    0.068    0.146 0.012 0.256 0.012    0.023 0.063 0.023 0.043 0.004 0.043   -978826    0 
15500:    1.00    0.084    0.146 0.012 0.254 0.012    0.023 0.062 0.023 0.043 0.004 0.042   -978679    0 
15600:    1.00    0.054    0.146 0.012 0.253 0.012    0.024 0.062 0.024 0.043 0.004 0.042   -978700    0 
15700:    1.00    0.075    0.143 0.012 0.253 0.012    0.023 0.062 0.023 0.042 0.004 0.042   -979269    0 
15800:    1.00    0.071    0.143 0.012 0.260 0.012    0.023 0.063 0.023 0.043 0.004 0.043   -978565    0 
15900:    1.00    0.068    0.143 0.012 0.259 0.012    0.023 0.063 0.023 0.044 0.004 0.044   -978836    0 

--------------------------------------------
Proportion of membership of each pre-defined
 population in each of the 4 clusters

Given    Inferred Clusters              Number of
 Pop       1      2      3      4      Individuals

  1:     0.213  0.359  0.105  0.323       23
--------------------------------------------

 Rep#:   Lambda   Alpha      F1    F2    F3    F4     D1,2  D1,3  D1,4  D2,3  D2,4  D3,4    Ln Like  Est Ln P(D)
16000:    1.00    0.059    0.145 0.012 0.258 0.012    0.023 0.063 0.023 0.044 0.004 0.044   -978481    0 
16100:    1.00    0.051    0.147 0.013 0.260 0.012    0.024 0.064 0.024 0.044 0.004 0.044   -978970    0 
16200:    1.00    0.060    0.146 0.013 0.261 0.012    0.024 0.064 0.024 0.044 0.004 0.044   -978501    0 
16300:    1.00    0.087    0.146 0.013 0.260 0.012    0.024 0.064 0.024 0.044 0.004 0.044   -978598    0 
16400:    1.00    0.076    0.148 0.013 0.266 0.012    0.024 0.065 0.024 0.045 0.004 0.045   -977814    0 
16500:    1.00    0.085    0.148 0.013 0.265 0.012    0.024 0.064 0.024 0.044 0.004 0.044   -978581    0 
16600:    1.00    0.132    0.148 0.013 0.265 0.012    0.024 0.065 0.024 0.045 0.004 0.045   -978591    0 
16700:    1.00    0.086    0.150 0.013 0.265 0.012    0.024 0.065 0.024 0.045 0.004 0.045   -978578    0 
16800:    1.00    0.065    0.150 0.013 0.264 0.012    0.024 0.065 0.024 0.044 0.004 0.044   -978124    0 
16900:    1.00    0.066    0.151 0.013 0.263 0.012    0.024 0.065 0.024 0.044 0.004 0.044   -978552    0 

--------------------------------------------
Proportion of membership of each pre-defined
 population in each of the 4 clusters

Given    Inferred Clusters              Number of
 Pop       1      2      3      4      Individuals

  1:     0.208  0.366  0.105  0.321       23
--------------------------------------------

 Rep#:   Lambda   Alpha      F1    F2    F3    F4     D1,2  D1,3  D1,4  D2,3  D2,4  D3,4    Ln Like  Est Ln P(D)
17000:    1.00    0.092    0.148 0.013 0.265 0.012    0.024 0.065 0.024 0.045 0.004 0.045   -978581    0 
17100:    1.00    0.071    0.148 0.013 0.263 0.012    0.024 0.065 0.024 0.044 0.004 0.044   -978411    0 
17200:    1.00    0.050    0.145 0.013 0.263 0.012    0.024 0.065 0.024 0.044 0.004 0.044   -978605    0 
17300:    1.00    0.092    0.148 0.013 0.261 0.012    0.024 0.064 0.024 0.044 0.004 0.044   -978461    0 
17400:    1.00    0.059    0.149 0.012 0.263 0.012    0.024 0.064 0.024 0.044 0.004 0.044   -978763    0 
17500:    1.00    0.082    0.152 0.012 0.263 0.012    0.024 0.065 0.025 0.044 0.004 0.044   -978701    0 
17600:    1.00    0.083    0.151 0.012 0.262 0.012    0.024 0.065 0.024 0.044 0.004 0.044   -978576    0 
17700:    1.00    0.085    0.150 0.012 0.261 0.012    0.025 0.064 0.024 0.043 0.004 0.043   -978453    0 
17800:    1.00    0.065    0.152 0.012 0.261 0.012    0.024 0.065 0.025 0.043 0.004 0.043   -978438    0 
17900:    1.00    0.066    0.152 0.012 0.261 0.012    0.025 0.064 0.025 0.043 0.004 0.043   -978898    0 

--------------------------------------------
Proportion of membership of each pre-defined
 population in each of the 4 clusters

Given    Inferred Clusters              Number of
 Pop       1      2      3      4      Individuals

  1:     0.207  0.373  0.104  0.316       23
--------------------------------------------

 Rep#:   Lambda   Alpha      F1    F2    F3    F4     D1,2  D1,3  D1,4  D2,3  D2,4  D3,4    Ln Like  Est Ln P(D)
18000:    1.00    0.048    0.150 0.012 0.263 0.012    0.024 0.064 0.024 0.044 0.004 0.044   -978663    0 
18100:    1.00    0.080    0.150 0.012 0.260 0.013    0.024 0.064 0.024 0.044 0.004 0.044   -978572    0 
18200:    1.00    0.085    0.150 0.012 0.262 0.013    0.024 0.065 0.024 0.044 0.004 0.044   -978503    0 
18300:    1.00    0.076    0.150 0.012 0.261 0.013    0.024 0.065 0.024 0.044 0.004 0.044   -978556    0 
18400:    1.00    0.074    0.147 0.013 0.261 0.013    0.024 0.064 0.024 0.044 0.004 0.044   -978665    0 
18500:    1.00    0.092    0.147 0.013 0.264 0.013    0.024 0.065 0.024 0.044 0.004 0.044   -978926    0 
18600:    1.00    0.078    0.147 0.013 0.264 0.013    0.023 0.065 0.024 0.045 0.004 0.045   -978864    0 
18700:    1.00    0.091    0.149 0.013 0.262 0.013    0.024 0.065 0.024 0.044 0.004 0.044   -978872    0 
18800:    1.00    0.072    0.149 0.013 0.262 0.013    0.024 0.065 0.024 0.044 0.004 0.045   -978905    0 
18900:    1.00    0.064    0.146 0.013 0.262 0.013    0.024 0.063 0.024 0.044 0.004 0.044   -978805    0 

--------------------------------------------
Proportion of membership of each pre-defined
 population in each of the 4 clusters

Given    Inferred Clusters              Number of
 Pop       1      2      3      4      Individuals

  1:     0.216  0.384  0.106  0.294       23
--------------------------------------------

 Rep#:   Lambda   Alpha      F1    F2    F3    F4     D1,2  D1,3  D1,4  D2,3  D2,4  D3,4    Ln Like  Est Ln P(D)
19000:    1.00    0.078    0.146 0.013 0.262 0.013    0.024 0.064 0.024 0.044 0.004 0.044   -979090    0 
19100:    1.00    0.064    0.143 0.013 0.259 0.013    0.023 0.063 0.023 0.043 0.004 0.044   -979208    0 
19200:    1.00    0.112    0.144 0.013 0.258 0.013    0.024 0.063 0.024 0.044 0.004 0.044   -978751    0 
19300:    1.00    0.078    0.143 0.013 0.259 0.013    0.023 0.063 0.023 0.044 0.004 0.044   -978755    0 
19400:    1.00    0.109    0.141 0.013 0.259 0.013    0.023 0.062 0.023 0.043 0.004 0.043   -978477    0 
19500:    1.00    0.076    0.141 0.013 0.255 0.013    0.023 0.063 0.023 0.043 0.004 0.043   -979173    0 
19600:    1.00    0.065    0.142 0.013 0.259 0.013    0.023 0.063 0.023 0.044 0.004 0.044   -978587    0 
19700:    1.00    0.061    0.143 0.013 0.259 0.013    0.023 0.063 0.024 0.044 0.004 0.043   -978662    0 
19800:    1.00    0.054    0.141 0.013 0.255 0.013    0.023 0.063 0.023 0.043 0.004 0.043   -978388    0 
19900:    1.00    0.047    0.144 0.013 0.255 0.013    0.024 0.063 0.024 0.043 0.004 0.043   -978455    0 

--------------------------------------------
Proportion of membership of each pre-defined
 population in each of the 4 clusters

Given    Inferred Clusters              Number of
 Pop       1      2      3      4      Individuals

  1:     0.211  0.400  0.104  0.285       23
--------------------------------------------

 Rep#:   Lambda   Alpha      F1    F2    F3    F4     D1,2  D1,3  D1,4  D2,3  D2,4  D3,4    Ln Like  Est Ln P(D)
20000:    1.00    0.057    0.143 0.013 0.262 0.013    0.023 0.065 0.023 0.045 0.004 0.045   -978753    0 
20100:    1.00    0.070    0.144 0.014 0.256 0.014    0.023 0.063 0.023 0.043 0.004 0.044   -978606    0 
20200:    1.00    0.070    0.144 0.014 0.256 0.014    0.023 0.063 0.024 0.043 0.004 0.043   -978527    0 
20300:    1.00    0.056    0.144 0.014 0.256 0.014    0.023 0.062 0.024 0.043 0.004 0.043   -978469    0 
20400:    1.00    0.074    0.142 0.014 0.252 0.014    0.023 0.062 0.024 0.043 0.004 0.043   -978156    0 
20500:    1.00    0.066    0.141 0.014 0.250 0.014    0.023 0.062 0.023 0.042 0.004 0.042   -978299    0 
20600:    1.00    0.081    0.143 0.014 0.249 0.014    0.023 0.061 0.023 0.042 0.004 0.042   -978810    0 
20700:    1.00    0.086    0.143 0.014 0.255 0.014    0.023 0.063 0.023 0.043 0.004 0.043   -978354    0 
20800:    1.00    0.069    0.144 0.014 0.255 0.014    0.023 0.062 0.023 0.043 0.004 0.043   -979131    0 
20900:    1.00    0.049    0.144 0.014 0.255 0.014    0.024 0.063 0.024 0.043 0.004 0.043   -978396    0 

--------------------------------------------
Proportion of membership of each pre-defined
 population in each of the 4 clusters

Given    Inferred Clusters              Number of
 Pop       1      2      3      4      Individuals

  1:     0.212  0.418  0.107  0.263       23
--------------------------------------------

 Rep#:   Lambda   Alpha      F1    F2    F3    F4     D1,2  D1,3  D1,4  D2,3  D2,4  D3,4    Ln Like  Est Ln P(D)
21000:    1.00    0.065    0.144 0.014 0.250 0.014    0.023 0.062 0.024 0.043 0.004 0.043   -979013    0 
21100:    1.00    0.075    0.144 0.014 0.257 0.014    0.024 0.063 0.024 0.043 0.004 0.044   -978148    0 
21200:    1.00    0.086    0.139 0.014 0.259 0.014    0.023 0.063 0.023 0.044 0.004 0.044   -978378    0 
21300:    1.00    0.090    0.138 0.014 0.263 0.014    0.023 0.063 0.023 0.045 0.004 0.045   -978363    0 
21400:    1.00    0.072    0.138 0.014 0.265 0.014    0.023 0.063 0.023 0.045 0.004 0.045   -978449    0 
21500:    1.00    0.053    0.137 0.014 0.265 0.014    0.022 0.064 0.023 0.045 0.004 0.045   -978112    0 
21600:    1.00    0.077    0.142 0.014 0.267 0.014    0.023 0.064 0.023 0.045 0.004 0.045   -977608    0 
21700:    1.00    0.080    0.143 0.014 0.267 0.014    0.023 0.064 0.024 0.045 0.004 0.045   -978476    0 
21800:    1.00    0.070    0.143 0.014 0.267 0.014    0.023 0.065 0.023 0.045 0.004 0.045   -978453    0 
21900:    1.00    0.095    0.143 0.014 0.259 0.014    0.024 0.064 0.024 0.044 0.004 0.044   -978596    0 

--------------------------------------------
Proportion of membership of each pre-defined
 population in each of the 4 clusters

Given    Inferred Clusters              Number of
 Pop       1      2      3      4      Individuals

  1:     0.213  0.431  0.106  0.250       23
--------------------------------------------

 Rep#:   Lambda   Alpha      F1    F2    F3    F4     D1,2  D1,3  D1,4  D2,3  D2,4  D3,4    Ln Like  Est Ln P(D)
22000:    1.00    0.079    0.143 0.014 0.255 0.014    0.023 0.062 0.023 0.042 0.004 0.042   -978613    0 
22100:    1.00    0.054    0.143 0.014 0.255 0.014    0.023 0.062 0.023 0.043 0.004 0.043   -978331    0 
22200:    1.00    0.058    0.144 0.014 0.254 0.014    0.023 0.062 0.024 0.043 0.004 0.043   -978338    0 
22300:    1.00    0.037    0.139 0.014 0.253 0.014    0.023 0.062 0.023 0.043 0.004 0.043   -977789    0 
22400:    1.00    0.061    0.139 0.014 0.251 0.014    0.023 0.061 0.023 0.042 0.004 0.042   -978691    0 
22500:    1.00    0.035    0.136 0.014 0.254 0.014    0.022 0.061 0.023 0.043 0.004 0.043   -978623    0 
22600:    1.00    0.062    0.137 0.014 0.254 0.014    0.023 0.062 0.023 0.043 0.004 0.043   -978653    0 
22700:    1.00    0.097    0.137 0.014 0.254 0.014    0.023 0.062 0.023 0.043 0.004 0.043   -978360    0 
22800:    1.00    0.066    0.138 0.014 0.255 0.014    0.023 0.062 0.023 0.043 0.004 0.043   -978617    0 
22900:    1.00    0.074    0.139 0.014 0.255 0.014    0.023 0.062 0.023 0.043 0.004 0.043   -978568    0 

--------------------------------------------
Proportion of membership of each pre-defined
 population in each of the 4 clusters

Given    Inferred Clusters              Number of
 Pop       1      2      3      4      Individuals

  1:     0.215  0.440  0.105  0.240       23
--------------------------------------------

 Rep#:   Lambda   Alpha      F1    F2    F3    F4     D1,2  D1,3  D1,4  D2,3  D2,4  D3,4    Ln Like  Est Ln P(D)
23000:    1.00    0.058    0.138 0.014 0.255 0.014    0.023 0.062 0.023 0.043 0.004 0.043   -978076    0 
23100:    1.00    0.049    0.138 0.014 0.255 0.014    0.023 0.062 0.023 0.044 0.004 0.044   -978914    0 
23200:    1.00    0.071    0.138 0.014 0.265 0.014    0.023 0.064 0.023 0.045 0.004 0.045   -978826    0 
23300:    1.00    0.042    0.142 0.014 0.263 0.014    0.023 0.063 0.023 0.044 0.004 0.044   -977896    0 
23400:    1.00    0.082    0.142 0.014 0.263 0.014    0.023 0.063 0.023 0.044 0.004 0.044   -978122    0 
23500:    1.00    0.056    0.142 0.014 0.255 0.014    0.023 0.063 0.023 0.043 0.004 0.044   -978793    0 
23600:    1.00    0.084    0.146 0.014 0.264 0.014    0.024 0.064 0.024 0.044 0.004 0.044   -978272    0 
23700:    1.00    0.063    0.147 0.014 0.262 0.014    0.024 0.065 0.024 0.045 0.004 0.045   -978206    0 
23800:    1.00    0.071    0.147 0.014 0.267 0.014    0.024 0.065 0.024 0.045 0.004 0.045   -978144    0 
23900:    1.00    0.084    0.146 0.014 0.266 0.014    0.024 0.064 0.024 0.045 0.004 0.044   -978442    0 

--------------------------------------------
Proportion of membership of each pre-defined
 population in each of the 4 clusters

Given    Inferred Clusters              Number of
 Pop       1      2      3      4      Individuals

  1:     0.208  0.453  0.104  0.235       23
--------------------------------------------

 Rep#:   Lambda   Alpha      F1    F2    F3    F4     D1,2  D1,3  D1,4  D2,3  D2,4  D3,4    Ln Like  Est Ln P(D)
24000:    1.00    0.097    0.148 0.014 0.264 0.014    0.024 0.065 0.024 0.044 0.004 0.044   -978221    0 
24100:    1.00    0.089    0.147 0.014 0.262 0.014    0.024 0.064 0.024 0.044 0.004 0.044   -978345    0 
24200:    1.00    0.048    0.145 0.014 0.262 0.014    0.024 0.064 0.024 0.044 0.004 0.044   -978183    0 
24300:    1.00    0.088    0.143 0.014 0.263 0.014    0.024 0.063 0.024 0.044 0.004 0.044   -978258    0 
24400:    1.00    0.062    0.143 0.014 0.265 0.014    0.023 0.064 0.023 0.045 0.004 0.045   -978413    0 
24500:    1.00    0.066    0.146 0.014 0.265 0.015    0.024 0.064 0.024 0.044 0.004 0.044   -978095    0 
24600:    1.00    0.070    0.145 0.014 0.262 0.015    0.024 0.063 0.024 0.044 0.004 0.044   -977862    0 
24700:    1.00    0.056    0.144 0.014 0.263 0.015    0.023 0.064 0.024 0.044 0.004 0.044   -978380    0 
24800:    1.00    0.052    0.147 0.014 0.259 0.015    0.024 0.064 0.024 0.044 0.004 0.044   -978506    0 
24900:    1.00    0.075    0.148 0.014 0.256 0.015    0.024 0.064 0.024 0.043 0.004 0.043   -978625    0 

--------------------------------------------
Proportion of membership of each pre-defined
 population in each of the 4 clusters

Given    Inferred Clusters              Number of
 Pop       1      2      3      4      Individuals

  1:     0.206  0.471  0.105  0.218       23
--------------------------------------------

 Rep#:   Lambda   Alpha      F1    F2    F3    F4     D1,2  D1,3  D1,4  D2,3  D2,4  D3,4    Ln Like  Est Ln P(D)
25000:    1.00    0.054    0.148 0.014 0.258 0.015    0.024 0.064 0.024 0.044 0.004 0.044   -978577    0 
25100:    1.00    0.068    0.148 0.014 0.260 0.015    0.024 0.064 0.025 0.044 0.005 0.044   -978253    0 
25200:    1.00    0.076    0.148 0.014 0.260 0.015    0.024 0.065 0.024 0.044 0.004 0.044   -978477    0 
25300:    1.00    0.076    0.148 0.014 0.263 0.015    0.024 0.065 0.024 0.045 0.004 0.045   -978349    0 
25400:    1.00    0.058    0.149 0.014 0.258 0.015    0.024 0.064 0.024 0.044 0.004 0.044   -978560    0 
25500:    1.00    0.089    0.148 0.015 0.260 0.015    0.024 0.064 0.025 0.044 0.004 0.044   -978049    0 
25600:    1.00    0.045    0.148 0.015 0.261 0.015    0.024 0.064 0.024 0.044 0.005 0.044   -978356    0 
25700:    1.00    0.080    0.147 0.015 0.262 0.015    0.024 0.064 0.024 0.044 0.005 0.044   -978145    0 
25800:    1.00    0.061    0.146 0.015 0.260 0.015    0.024 0.064 0.024 0.044 0.004 0.044   -978195    0 
25900:    1.00    0.041    0.144 0.015 0.260 0.015    0.024 0.063 0.024 0.044 0.005 0.044   -978487    0 

--------------------------------------------
Proportion of membership of each pre-defined
 population in each of the 4 clusters

Given    Inferred Clusters              Number of
 Pop       1      2      3      4      Individuals

  1:     0.208  0.470  0.106  0.215       23
--------------------------------------------

 Rep#:   Lambda   Alpha      F1    F2    F3    F4     D1,2  D1,3  D1,4  D2,3  D2,4  D3,4    Ln Like  Est Ln P(D)
26000:    1.00    0.056    0.144 0.015 0.258 0.015    0.024 0.063 0.024 0.043 0.005 0.044   -978769    0 
26100:    1.00    0.086    0.144 0.015 0.257 0.015    0.024 0.063 0.024 0.044 0.005 0.043   -978824    0 
26200:    1.00    0.065    0.142 0.015 0.257 0.015    0.023 0.062 0.024 0.043 0.005 0.043   -978352    0 
26300:    1.00    0.063    0.141 0.015 0.258 0.015    0.023 0.063 0.023 0.044 0.005 0.044   -978001    0 
26400:    1.00    0.064    0.140 0.015 0.259 0.016    0.023 0.064 0.023 0.044 0.005 0.044   -978545    0 
26500:    1.00    0.060    0.141 0.015 0.258 0.016    0.023 0.062 0.024 0.044 0.005 0.044   -978104    0 
26600:    1.00    0.078    0.143 0.015 0.256 0.016    0.023 0.062 0.024 0.043 0.005 0.043   -978426    0 
26700:    1.00    0.062    0.143 0.015 0.252 0.016    0.024 0.062 0.024 0.043 0.005 0.043   -978669    0 
26800:    1.00    0.068    0.142 0.015 0.258 0.016    0.023 0.063 0.024 0.044 0.005 0.044   -978733    0 
26900:    1.00    0.064    0.146 0.015 0.256 0.016    0.024 0.063 0.025 0.043 0.005 0.044   -978305    0 

--------------------------------------------
Proportion of membership of each pre-defined
 population in each of the 4 clusters

Given    Inferred Clusters              Number of
 Pop       1      2      3      4      Individuals

  1:     0.209  0.486  0.105  0.199       23
--------------------------------------------

 Rep#:   Lambda   Alpha      F1    F2    F3    F4     D1,2  D1,3  D1,4  D2,3  D2,4  D3,4    Ln Like  Est Ln P(D)
27000:    1.00    0.048    0.146 0.015 0.255 0.016    0.024 0.063 0.024 0.043 0.005 0.043   -978317    0 
27100:    1.00    0.051    0.145 0.015 0.255 0.016    0.024 0.062 0.024 0.043 0.005 0.043   -978840    0 
27200:    1.00    0.053    0.145 0.015 0.254 0.016    0.024 0.063 0.024 0.044 0.005 0.044   -978843    0 
27300:    1.00    0.054    0.144 0.015 0.255 0.016    0.023 0.063 0.024 0.043 0.005 0.044   -978433    0 
27400:    1.00    0.055    0.145 0.015 0.256 0.016    0.024 0.063 0.024 0.043 0.005 0.043   -978408    0 
27500:    1.00    0.052    0.145 0.015 0.261 0.017    0.024 0.063 0.024 0.044 0.005 0.044   -978480    0 
27600:    1.00    0.070    0.145 0.015 0.258 0.017    0.024 0.063 0.024 0.044 0.005 0.044   -978473    0 
27700:    1.00    0.064    0.145 0.015 0.263 0.016    0.024 0.064 0.024 0.045 0.005 0.045   -978054    0 
27800:    1.00    0.076    0.145 0.015 0.262 0.016    0.024 0.064 0.024 0.045 0.005 0.045   -978076    0 
27900:    1.00    0.037    0.145 0.015 0.262 0.016    0.024 0.064 0.024 0.044 0.005 0.044   -978646    0 

--------------------------------------------
Proportion of membership of each pre-defined
 population in each of the 4 clusters

Given    Inferred Clusters              Number of
 Pop       1      2      3      4      Individuals

  1:     0.210  0.497  0.105  0.188       23
--------------------------------------------

 Rep#:   Lambda   Alpha      F1    F2    F3    F4     D1,2  D1,3  D1,4  D2,3  D2,4  D3,4    Ln Like  Est Ln P(D)
28000:    1.00    0.052    0.145 0.015 0.267 0.017    0.024 0.064 0.024 0.045 0.005 0.045   -978196    0 
28100:    1.00    0.066    0.144 0.015 0.262 0.017    0.023 0.063 0.024 0.044 0.005 0.044   -978200    0 
28200:    1.00    0.040    0.144 0.015 0.260 0.017    0.024 0.064 0.024 0.044 0.005 0.044   -977955    0 
28300:    1.00    0.066    0.144 0.015 0.260 0.017    0.024 0.062 0.024 0.043 0.005 0.043   -977979    0 
28400:    1.00    0.065    0.142 0.016 0.259 0.017    0.023 0.062 0.024 0.044 0.005 0.044   -978228    0 
28500:    1.00    0.067    0.142 0.016 0.266 0.018    0.023 0.064 0.024 0.045 0.005 0.045   -977637    0 
28600:    1.00    0.094    0.142 0.016 0.261 0.018    0.024 0.063 0.024 0.044 0.005 0.044   -977962    0 
28700:    1.00    0.093    0.143 0.016 0.261 0.018    0.024 0.064 0.024 0.044 0.005 0.045   -978442    0 
28800:    1.00    0.059    0.144 0.016 0.262 0.018    0.024 0.063 0.024 0.044 0.005 0.045   -977599    0 
28900:    1.00    0.075    0.144 0.015 0.262 0.018    0.024 0.064 0.024 0.045 0.005 0.045   -978193    0 

--------------------------------------------
Proportion of membership of each pre-defined
 population in each of the 4 clusters

Given    Inferred Clusters              Number of
 Pop       1      2      3      4      Individuals

  1:     0.214  0.503  0.105  0.178       23
--------------------------------------------

 Rep#:   Lambda   Alpha      F1    F2    F3    F4     D1,2  D1,3  D1,4  D2,3  D2,4  D3,4    Ln Like  Est Ln P(D)
29000:    1.00    0.058    0.146 0.015 0.263 0.018    0.024 0.063 0.025 0.044 0.005 0.045   -978044    0 
29100:    1.00    0.073    0.143 0.015 0.266 0.018    0.024 0.064 0.024 0.045 0.005 0.046   -977622    0 
29200:    1.00    0.089    0.143 0.015 0.266 0.019    0.024 0.064 0.025 0.045 0.005 0.046   -977312    0 
29300:    1.00    0.063    0.145 0.015 0.261 0.019    0.024 0.064 0.025 0.045 0.005 0.045   -977685    0 
29400:    1.00    0.054    0.145 0.015 0.266 0.019    0.024 0.064 0.025 0.045 0.005 0.045   -977872    0 
29500:    1.00    0.097    0.145 0.015 0.267 0.020    0.024 0.064 0.025 0.045 0.006 0.046   -977877    0 
29600:    1.00    0.074    0.144 0.015 0.267 0.020    0.024 0.064 0.024 0.045 0.005 0.046   -977673    0 
29700:    1.00    0.075    0.144 0.015 0.266 0.021    0.024 0.064 0.025 0.045 0.006 0.045   -977176    0 
29800:    1.00    0.075    0.144 0.015 0.262 0.021    0.024 0.063 0.025 0.044 0.006 0.045   -977897    0 
29900:    1.00    0.067    0.141 0.016 0.262 0.021    0.023 0.063 0.024 0.044 0.006 0.045   -977307    0 

--------------------------------------------
Proportion of membership of each pre-defined
 population in each of the 4 clusters

Given    Inferred Clusters              Number of
 Pop       1      2      3      4      Individuals

  1:     0.217  0.505  0.105  0.173       23
--------------------------------------------

 Rep#:   Lambda   Alpha      F1    F2    F3    F4     D1,2  D1,3  D1,4  D2,3  D2,4  D3,4    Ln Like  Est Ln P(D)
30000:    1.00    0.051    0.141 0.016 0.257 0.021    0.023 0.063 0.024 0.044 0.006 0.045   -977860    0 
30100:    1.00    0.046    0.141 0.016 0.262 0.021    0.023 0.063 0.025 0.044 0.006 0.045   -977692    0 
30200:    1.00    0.071    0.142 0.016 0.264 0.021    0.024 0.064 0.025 0.045 0.006 0.046   -977403    0 
30300:    1.00    0.065    0.141 0.016 0.262 0.021    0.023 0.063 0.024 0.044 0.006 0.045   -978131    0 
30400:    1.00    0.052    0.145 0.016 0.264 0.022    0.024 0.064 0.025 0.045 0.006 0.046   -977516    0 
30500:    1.00    0.071    0.143 0.016 0.262 0.022    0.023 0.063 0.025 0.044 0.006 0.045   -978701    0 
30600:    1.00    0.045    0.140 0.016 0.261 0.022    0.023 0.064 0.024 0.045 0.006 0.046   -977827    0 
30700:    1.00    0.075    0.140 0.016 0.263 0.023    0.023 0.064 0.025 0.045 0.006 0.046   -977544    0 
30800:    1.00    0.062    0.140 0.016 0.264 0.023    0.024 0.064 0.025 0.045 0.006 0.046   -978226    0 
30900:    1.00    0.066    0.142 0.016 0.266 0.023    0.023 0.064 0.025 0.045 0.006 0.046   -977441    0 

--------------------------------------------
Proportion of membership of each pre-defined
 population in each of the 4 clusters

Given    Inferred Clusters              Number of
 Pop       1      2      3      4      Individuals

  1:     0.215  0.509  0.104  0.172       23
--------------------------------------------

 Rep#:   Lambda   Alpha      F1    F2    F3    F4     D1,2  D1,3  D1,4  D2,3  D2,4  D3,4    Ln Like  Est Ln P(D)
31000:    1.00    0.064    0.143 0.016 0.265 0.023    0.024 0.065 0.025 0.045 0.006 0.046   -977394    0 
31100:    1.00    0.062    0.141 0.016 0.264 0.023    0.024 0.064 0.025 0.045 0.006 0.046   -977442    0 
31200:    1.00    0.051    0.141 0.016 0.259 0.023    0.023 0.062 0.024 0.044 0.006 0.045   -977700    0 
31300:    1.00    0.041    0.142 0.016 0.260 0.024    0.023 0.062 0.025 0.044 0.006 0.045   -977617    0 
31400:    1.00    0.063    0.142 0.016 0.259 0.024    0.023 0.063 0.024 0.044 0.006 0.045   -977674    0 
31500:    1.00    0.074    0.144 0.016 0.256 0.024    0.024 0.062 0.025 0.043 0.006 0.044   -977977    0 
31600:    1.00    0.058    0.144 0.016 0.255 0.024    0.024 0.063 0.025 0.043 0.006 0.044   -977452    0 
31700:    1.00    0.069    0.142 0.016 0.254 0.024    0.023 0.062 0.025 0.043 0.006 0.044   -977686    0 
31800:    1.00    0.061    0.142 0.016 0.253 0.024    0.024 0.062 0.025 0.043 0.006 0.044   -977212    0 
31900:    1.00    0.060    0.142 0.016 0.254 0.024    0.024 0.062 0.025 0.043 0.006 0.045   -977126    0 

--------------------------------------------
Proportion of membership of each pre-defined
 population in each of the 4 clusters

Given    Inferred Clusters              Number of
 Pop       1      2      3      4      Individuals

  1:     0.219  0.515  0.106  0.160       23
--------------------------------------------

 Rep#:   Lambda   Alpha      F1    F2    F3    F4     D1,2  D1,3  D1,4  D2,3  D2,4  D3,4    Ln Like  Est Ln P(D)
32000:    1.00    0.091    0.141 0.016 0.255 0.024    0.024 0.063 0.025 0.044 0.006 0.045   -977549    0 
32100:    1.00    0.062    0.144 0.016 0.255 0.024    0.024 0.063 0.025 0.044 0.006 0.045   -977190    0 
32200:    1.00    0.088    0.144 0.016 0.254 0.024    0.023 0.062 0.025 0.043 0.006 0.045   -977710    0 
32300:    1.00    0.043    0.144 0.016 0.253 0.024    0.024 0.062 0.025 0.043 0.006 0.045   -977362    0 
32400:    1.00    0.089    0.140 0.016 0.252 0.024    0.023 0.062 0.025 0.043 0.006 0.044   -978008    0 
32500:    1.00    0.074    0.142 0.016 0.252 0.025    0.023 0.062 0.025 0.043 0.006 0.044   -977419    0 
32600:    1.00    0.082    0.143 0.016 0.253 0.025    0.024 0.062 0.026 0.043 0.006 0.044   -978175    0 
32700:    1.00    0.053    0.144 0.016 0.253 0.027    0.024 0.062 0.026 0.043 0.007 0.045   -977655    0 
32800:    1.00    0.093    0.144 0.016 0.253 0.027    0.024 0.062 0.026 0.043 0.007 0.045   -977457    0 
32900:    1.00    0.081    0.143 0.016 0.254 0.027    0.024 0.062 0.026 0.043 0.007 0.045   -977937    0 

--------------------------------------------
Proportion of membership of each pre-defined
 population in each of the 4 clusters

Given    Inferred Clusters              Number of
 Pop       1      2      3      4      Individuals

  1:     0.218  0.525  0.105  0.151       23
--------------------------------------------

 Rep#:   Lambda   Alpha      F1    F2    F3    F4     D1,2  D1,3  D1,4  D2,3  D2,4  D3,4    Ln Like  Est Ln P(D)
33000:    1.00    0.049    0.145 0.016 0.254 0.027    0.024 0.063 0.026 0.044 0.007 0.045   -977781    0 
33100:    1.00    0.086    0.145 0.016 0.258 0.027    0.024 0.064 0.026 0.045 0.007 0.046   -977317    0 
33200:    1.00    0.057    0.145 0.016 0.261 0.028    0.024 0.063 0.026 0.044 0.007 0.046   -977397    0 
33300:    1.00    0.056    0.147 0.016 0.259 0.028    0.024 0.063 0.026 0.044 0.007 0.046   -977054    0 
33400:    1.00    0.066    0.145 0.016 0.255 0.028    0.024 0.063 0.026 0.043 0.007 0.045   -977557    0 
33500:    1.00    0.055    0.144 0.016 0.254 0.028    0.024 0.063 0.026 0.043 0.007 0.045   -977888    0 
33600:    1.00    0.037    0.144 0.016 0.257 0.028    0.024 0.063 0.026 0.044 0.007 0.046   -977610    0 
33700:    1.00    0.063    0.146 0.016 0.255 0.028    0.024 0.063 0.026 0.044 0.007 0.045   -976769    0 
33800:    1.00    0.062    0.146 0.016 0.255 0.029    0.024 0.063 0.026 0.043 0.007 0.045   -977273    0 
33900:    1.00    0.082    0.146 0.016 0.255 0.029    0.024 0.063 0.026 0.043 0.007 0.045   -977770    0 

--------------------------------------------
Proportion of membership of each pre-defined
 population in each of the 4 clusters

Given    Inferred Clusters              Number of
 Pop       1      2      3      4      Individuals

  1:     0.215  0.523  0.107  0.154       23
--------------------------------------------

 Rep#:   Lambda   Alpha      F1    F2    F3    F4     D1,2  D1,3  D1,4  D2,3  D2,4  D3,4    Ln Like  Est Ln P(D)
34000:    1.00    0.052    0.146 0.016 0.252 0.029    0.024 0.062 0.026 0.043 0.007 0.045   -977193    0 
34100:    1.00    0.103    0.145 0.016 0.248 0.029    0.024 0.062 0.026 0.043 0.007 0.045   -977251    0 
34200:    1.00    0.055    0.145 0.016 0.254 0.029    0.024 0.062 0.026 0.043 0.007 0.045   -977558    0 
34300:    1.00    0.054    0.145 0.016 0.254 0.030    0.024 0.063 0.026 0.044 0.007 0.046   -977797    0 
34400:    1.00    0.055    0.146 0.016 0.263 0.030    0.024 0.064 0.027 0.044 0.007 0.046   -976737    0 
34500:    1.00    0.101    0.146 0.016 0.260 0.030    0.024 0.064 0.027 0.044 0.007 0.046   -977260    0 
34600:    1.00    0.057    0.146 0.016 0.260 0.031    0.024 0.064 0.027 0.044 0.007 0.047   -976928    0 
34700:    1.00    0.074    0.145 0.016 0.260 0.031    0.024 0.064 0.027 0.044 0.007 0.047   -977005    0 
34800:    1.00    0.058    0.142 0.016 0.263 0.032    0.024 0.064 0.026 0.045 0.007 0.047   -976757    0 
34900:    1.00    0.071    0.142 0.016 0.263 0.032    0.024 0.063 0.026 0.045 0.007 0.047   -977082    0 

--------------------------------------------
Proportion of membership of each pre-defined
 population in each of the 4 clusters

Given    Inferred Clusters              Number of
 Pop       1      2      3      4      Individuals

  1:     0.213  0.533  0.107  0.147       23
--------------------------------------------

 Rep#:   Lambda   Alpha      F1    F2    F3    F4     D1,2  D1,3  D1,4  D2,3  D2,4  D3,4    Ln Like  Est Ln P(D)
35000:    1.00    0.052    0.142 0.016 0.263 0.032    0.024 0.064 0.027 0.045 0.008 0.047   -976666    0 
35100:    1.00    0.053    0.141 0.016 0.267 0.032    0.023 0.065 0.027 0.046 0.008 0.048   -976760    0 
35200:    1.00    0.052    0.141 0.016 0.265 0.032    0.024 0.064 0.026 0.044 0.007 0.047   -976956    0 
35300:    1.00    0.064    0.141 0.016 0.264 0.032    0.024 0.063 0.026 0.045 0.007 0.047   -977158    0 
35400:    1.00    0.063    0.142 0.016 0.264 0.032    0.023 0.064 0.026 0.045 0.007 0.047   -976697    0 
35500:    1.00    0.085    0.142 0.016 0.258 0.034    0.024 0.063 0.027 0.044 0.008 0.047   -976963    0 
35600:    1.00    0.071    0.142 0.016 0.259 0.036    0.024 0.063 0.027 0.044 0.008 0.047   -976320    0 
35700:    1.00    0.076    0.144 0.016 0.260 0.037    0.024 0.064 0.027 0.044 0.008 0.047   -976797    0 
35800:    1.00    0.067    0.144 0.016 0.254 0.038    0.024 0.063 0.028 0.043 0.008 0.046   -976694    0 
35900:    1.00    0.059    0.146 0.016 0.253 0.039    0.024 0.062 0.028 0.043 0.008 0.047   -976527    0 

--------------------------------------------
Proportion of membership of each pre-defined
 population in each of the 4 clusters

Given    Inferred Clusters              Number of
 Pop       1      2      3      4      Individuals

  1:     0.216  0.536  0.105  0.143       23
--------------------------------------------

 Rep#:   Lambda   Alpha      F1    F2    F3    F4     D1,2  D1,3  D1,4  D2,3  D2,4  D3,4    Ln Like  Est Ln P(D)
36000:    1.00    0.069    0.142 0.016 0.250 0.040    0.023 0.062 0.027 0.043 0.009 0.046   -976717    0 
36100:    1.00    0.060    0.139 0.016 0.251 0.041    0.023 0.061 0.027 0.043 0.009 0.047   -976795    0 
36200:    1.00    0.066    0.139 0.016 0.251 0.041    0.023 0.061 0.027 0.043 0.009 0.046   -976936    0 
36300:    1.00    0.068    0.140 0.016 0.252 0.042    0.023 0.062 0.027 0.043 0.009 0.047   -976047    0 
36400:    1.00    0.044    0.140 0.016 0.251 0.042    0.023 0.061 0.027 0.043 0.009 0.047   -976143    0 
36500:    1.00    0.072    0.140 0.016 0.254 0.043    0.023 0.062 0.028 0.043 0.009 0.048   -976344    0 
36600:    1.00    0.052    0.140 0.016 0.256 0.044    0.023 0.062 0.028 0.044 0.009 0.048   -975840    0 
36700:    1.00    0.055    0.141 0.016 0.258 0.047    0.023 0.062 0.028 0.043 0.010 0.048   -975745    0 
36800:    1.00    0.060    0.143 0.016 0.259 0.047    0.023 0.064 0.029 0.045 0.010 0.050   -975379    0 
36900:    1.00    0.077    0.142 0.016 0.263 0.048    0.023 0.064 0.029 0.045 0.010 0.050   -975367    0 

--------------------------------------------
Proportion of membership of each pre-defined
 population in each of the 4 clusters

Given    Inferred Clusters              Number of
 Pop       1      2      3      4      Individuals

  1:     0.210  0.553  0.106  0.130       23
--------------------------------------------

 Rep#:   Lambda   Alpha      F1    F2    F3    F4     D1,2  D1,3  D1,4  D2,3  D2,4  D3,4    Ln Like  Est Ln P(D)
37000:    1.00    0.061    0.143 0.016 0.262 0.052    0.023 0.064 0.029 0.044 0.011 0.050   -974789    0 
37100:    1.00    0.062    0.143 0.016 0.262 0.052    0.023 0.064 0.029 0.045 0.010 0.050   -974950    0 
37200:    1.00    0.070    0.143 0.016 0.261 0.053    0.024 0.064 0.030 0.044 0.011 0.050   -974945    0 
37300:    1.00    0.064    0.139 0.016 0.262 0.055    0.023 0.063 0.029 0.044 0.011 0.050   -975016    0 
37400:    1.00    0.052    0.140 0.016 0.263 0.056    0.024 0.064 0.030 0.045 0.011 0.051   -975185    0 
37500:    1.00    0.054    0.138 0.016 0.266 0.056    0.023 0.064 0.029 0.045 0.011 0.051   -974629    0 
37600:    1.00    0.067    0.139 0.016 0.266 0.059    0.023 0.063 0.030 0.044 0.011 0.051   -974571    0 
37700:    1.00    0.049    0.140 0.016 0.268 0.059    0.023 0.064 0.030 0.045 0.012 0.052   -974651    0 
37800:    1.00    0.073    0.137 0.016 0.267 0.062    0.023 0.064 0.031 0.045 0.012 0.052   -974573    0 
37900:    1.00    0.070    0.140 0.016 0.267 0.062    0.023 0.064 0.031 0.045 0.012 0.052   -974514    0 

--------------------------------------------
Proportion of membership of each pre-defined
 population in each of the 4 clusters

Given    Inferred Clusters              Number of
 Pop       1      2      3      4      Individuals

  1:     0.216  0.559  0.105  0.120       23
--------------------------------------------

 Rep#:   Lambda   Alpha      F1    F2    F3    F4     D1,2  D1,3  D1,4  D2,3  D2,4  D3,4    Ln Like  Est Ln P(D)
38000:    1.00    0.067    0.142 0.016 0.267 0.064    0.023 0.065 0.031 0.045 0.012 0.053   -973982    0 
38100:    1.00    0.054    0.142 0.016 0.262 0.064    0.023 0.063 0.031 0.045 0.012 0.052   -974364    0 
38200:    1.00    0.085    0.142 0.016 0.260 0.065    0.024 0.063 0.032 0.044 0.013 0.052   -974283    0 
38300:    1.00    0.105    0.144 0.016 0.262 0.073    0.024 0.064 0.033 0.044 0.014 0.053   -973576    0 
38400:    1.00    0.062    0.144 0.016 0.260 0.073    0.024 0.063 0.033 0.044 0.014 0.053   -973675    0 
38500:    1.00    0.054    0.144 0.016 0.259 0.073    0.024 0.063 0.033 0.044 0.014 0.053   -973457    0 
38600:    1.00    0.071    0.144 0.016 0.260 0.083    0.024 0.062 0.034 0.044 0.015 0.054   -972817    0 
38700:    1.00    0.072    0.143 0.016 0.256 0.084    0.024 0.064 0.035 0.044 0.015 0.054   -972730    0 
38800:    1.00    0.066    0.144 0.016 0.256 0.086    0.024 0.063 0.035 0.043 0.016 0.054   -973045    0 
38900:    1.00    0.071    0.145 0.016 0.256 0.089    0.024 0.064 0.036 0.044 0.016 0.055   -972236    0 

--------------------------------------------
Proportion of membership of each pre-defined
 population in each of the 4 clusters

Given    Inferred Clusters              Number of
 Pop       1      2      3      4      Individuals

  1:     0.215  0.566  0.107  0.112       23
--------------------------------------------

 Rep#:   Lambda   Alpha      F1    F2    F3    F4     D1,2  D1,3  D1,4  D2,3  D2,4  D3,4    Ln Like  Est Ln P(D)
39000:    1.00    0.055    0.145 0.016 0.256 0.090    0.024 0.062 0.035 0.043 0.016 0.055   -972338    0 
39100:    1.00    0.078    0.143 0.016 0.253 0.091    0.024 0.062 0.036 0.043 0.016 0.054   -972640    0 
39200:    1.00    0.049    0.143 0.016 0.256 0.091    0.023 0.063 0.035 0.044 0.016 0.055   -972264    0 
39300:    1.00    0.078    0.145 0.016 0.257 0.091    0.024 0.063 0.036 0.044 0.016 0.055   -972628    0 
39400:    1.00    0.063    0.145 0.016 0.257 0.091    0.024 0.063 0.035 0.044 0.016 0.055   -972535    0 
39500:    1.00    0.054    0.145 0.016 0.257 0.092    0.023 0.063 0.035 0.043 0.016 0.055   -972298    0 
39600:    1.00    0.042    0.145 0.016 0.259 0.095    0.024 0.063 0.036 0.044 0.017 0.056   -972348    0 
39700:    1.00    0.042    0.146 0.016 0.257 0.097    0.024 0.063 0.037 0.043 0.017 0.055   -972139    0 
39800:    1.00    0.053    0.145 0.016 0.260 0.098    0.024 0.063 0.036 0.044 0.017 0.056   -972364    0 
39900:    1.00    0.056    0.145 0.016 0.255 0.098    0.024 0.063 0.037 0.043 0.017 0.056   -972343    0 

--------------------------------------------
Proportion of membership of each pre-defined
 population in each of the 4 clusters

Given    Inferred Clusters              Number of
 Pop       1      2      3      4      Individuals

  1:     0.215  0.567  0.106  0.112       23
--------------------------------------------

 Rep#:   Lambda   Alpha      F1    F2    F3    F4     D1,2  D1,3  D1,4  D2,3  D2,4  D3,4    Ln Like  Est Ln P(D)
40000:    1.00    0.061    0.145 0.016 0.253 0.098    0.024 0.063 0.037 0.043 0.017 0.056   -972173    0 
40100:    1.00    0.041    0.145 0.016 0.254 0.101    0.024 0.063 0.037 0.043 0.018 0.056   -971816    0 
40200:    1.00    0.046    0.145 0.016 0.254 0.101    0.024 0.063 0.037 0.043 0.017 0.056   -971736    0 
40300:    1.00    0.070    0.145 0.016 0.254 0.103    0.024 0.063 0.037 0.043 0.018 0.057   -971901    0 
40400:    1.00    0.068    0.144 0.016 0.254 0.103    0.024 0.063 0.037 0.043 0.018 0.056   -971682    0 
40500:    1.00    0.074    0.146 0.015 0.257 0.105    0.024 0.064 0.038 0.044 0.018 0.057   -971390    0 
40600:    1.00    0.072    0.146 0.015 0.257 0.105    0.024 0.064 0.038 0.044 0.019 0.058   -971049    0 
40700:    1.00    0.083    0.143 0.015 0.254 0.108    0.023 0.063 0.037 0.043 0.019 0.057   -971724    0 
40800:    1.00    0.052    0.142 0.015 0.256 0.108    0.023 0.063 0.038 0.044 0.019 0.058   -971372    0 
40900:    1.00    0.069    0.142 0.015 0.258 0.108    0.023 0.063 0.037 0.044 0.019 0.058   -971490    0 

--------------------------------------------
Proportion of membership of each pre-defined
 population in each of the 4 clusters

Given    Inferred Clusters              Number of
 Pop       1      2      3      4      Individuals

  1:     0.217  0.569  0.106  0.108       23
--------------------------------------------

 Rep#:   Lambda   Alpha      F1    F2    F3    F4     D1,2  D1,3  D1,4  D2,3  D2,4  D3,4    Ln Like  Est Ln P(D)
41000:    1.00    0.079    0.142 0.015 0.259 0.109    0.023 0.064 0.037 0.044 0.019 0.058   -971495    0 
41100:    1.00    0.059    0.142 0.015 0.255 0.109    0.023 0.063 0.038 0.044 0.019 0.058   -971317    0 
41200:    1.00    0.100    0.142 0.015 0.257 0.110    0.023 0.063 0.038 0.044 0.019 0.058   -971160    0 
41300:    1.00    0.093    0.143 0.015 0.255 0.111    0.024 0.063 0.038 0.043 0.019 0.058   -971638    0 
41400:    1.00    0.067    0.143 0.015 0.256 0.112    0.024 0.063 0.039 0.044 0.019 0.058   -972002    0 
41500:    1.00    0.068    0.144 0.015 0.252 0.112    0.024 0.062 0.038 0.042 0.019 0.057   -971785    0 
41600:    1.00    0.076    0.145 0.015 0.254 0.112    0.024 0.063 0.039 0.043 0.019 0.058   -971191    0 
41700:    1.00    0.057    0.144 0.015 0.255 0.114    0.024 0.063 0.039 0.043 0.019 0.058   -970909    0 
41800:    1.00    0.074    0.145 0.015 0.256 0.113    0.024 0.062 0.038 0.043 0.019 0.058   -971728    0 
41900:    1.00    0.064    0.146 0.015 0.258 0.112    0.024 0.063 0.039 0.044 0.019 0.058   -970552    0 

--------------------------------------------
Proportion of membership of each pre-defined
 population in each of the 4 clusters

Given    Inferred Clusters              Number of
 Pop       1      2      3      4      Individuals

  1:     0.209  0.580  0.106  0.105       23
--------------------------------------------

 Rep#:   Lambda   Alpha      F1    F2    F3    F4     D1,2  D1,3  D1,4  D2,3  D2,4  D3,4    Ln Like  Est Ln P(D)
42000:    1.00    0.072    0.146 0.015 0.254 0.112    0.024 0.063 0.039 0.043 0.019 0.058   -971435    0 
42100:    1.00    0.048    0.146 0.015 0.254 0.112    0.024 0.063 0.039 0.043 0.019 0.058   -971220    0 
42200:    1.00    0.076    0.147 0.015 0.255 0.112    0.024 0.063 0.039 0.043 0.019 0.058   -971935    0 
42300:    1.00    0.053    0.147 0.015 0.255 0.111    0.024 0.063 0.039 0.043 0.019 0.057   -971041    0 
42400:    1.00    0.057    0.146 0.015 0.255 0.112    0.024 0.063 0.039 0.043 0.019 0.057   -970906    0 
42500:    1.00    0.086    0.143 0.015 0.259 0.112    0.024 0.064 0.038 0.044 0.019 0.059   -970760    0 
42600:    1.00    0.054    0.143 0.015 0.262 0.114    0.023 0.063 0.039 0.044 0.020 0.058   -970812    0 
42700:    1.00    0.064    0.144 0.015 0.262 0.113    0.023 0.064 0.038 0.044 0.019 0.059   -970653    0 
42800:    1.00    0.056    0.144 0.015 0.265 0.116    0.024 0.064 0.039 0.045 0.020 0.060   -970402    0 
42900:    1.00    0.077    0.144 0.015 0.262 0.115    0.023 0.064 0.039 0.045 0.020 0.060   -971115    0 

--------------------------------------------
Proportion of membership of each pre-defined
 population in each of the 4 clusters

Given    Inferred Clusters              Number of
 Pop       1      2      3      4      Individuals

  1:     0.212  0.578  0.107  0.104       23
--------------------------------------------

 Rep#:   Lambda   Alpha      F1    F2    F3    F4     D1,2  D1,3  D1,4  D2,3  D2,4  D3,4    Ln Like  Est Ln P(D)
43000:    1.00    0.059    0.143 0.015 0.260 0.115    0.024 0.064 0.039 0.044 0.019 0.059   -970888    0 
43100:    1.00    0.070    0.144 0.015 0.260 0.115    0.024 0.063 0.039 0.044 0.020 0.059   -971041    0 
43200:    1.00    0.073    0.142 0.015 0.261 0.115    0.023 0.064 0.039 0.045 0.019 0.059   -971010    0 
43300:    1.00    0.081    0.143 0.015 0.259 0.115    0.023 0.064 0.039 0.044 0.019 0.058   -971359    0 
43400:    1.00    0.081    0.142 0.015 0.260 0.115    0.023 0.064 0.038 0.044 0.019 0.059   -971030    0 
43500:    1.00    0.094    0.142 0.015 0.263 0.115    0.023 0.064 0.038 0.045 0.020 0.059   -970932    0 
43600:    1.00    0.058    0.141 0.015 0.264 0.115    0.023 0.064 0.038 0.045 0.019 0.060   -971106    0 
43700:    1.00    0.050    0.142 0.015 0.263 0.116    0.023 0.063 0.039 0.044 0.020 0.060   -970898    0 
43800:    1.00    0.064    0.142 0.015 0.259 0.117    0.023 0.063 0.039 0.044 0.020 0.059   -971301    0 
43900:    1.00    0.061    0.139 0.015 0.260 0.117    0.023 0.063 0.038 0.044 0.020 0.059   -971224    0 

--------------------------------------------
Proportion of membership of each pre-defined
 population in each of the 4 clusters

Given    Inferred Clusters              Number of
 Pop       1      2      3      4      Individuals

  1:     0.217  0.568  0.105  0.110       23
--------------------------------------------

 Rep#:   Lambda   Alpha      F1    F2    F3    F4     D1,2  D1,3  D1,4  D2,3  D2,4  D3,4    Ln Like  Est Ln P(D)
44000:    1.00    0.064    0.139 0.015 0.259 0.117    0.023 0.063 0.038 0.044 0.020 0.059   -970793    0 
44100:    1.00    0.059    0.139 0.015 0.263 0.117    0.023 0.064 0.039 0.045 0.020 0.060   -971333    0 
44200:    1.00    0.057    0.138 0.015 0.258 0.117    0.023 0.062 0.039 0.043 0.020 0.058   -970781    0 
44300:    1.00    0.062    0.139 0.015 0.257 0.117    0.023 0.062 0.038 0.043 0.020 0.058   -970999    0 
44400:    1.00    0.077    0.140 0.015 0.258 0.117    0.023 0.063 0.039 0.044 0.020 0.059   -971550    0 
44500:    1.00    0.052    0.140 0.015 0.258 0.115    0.023 0.062 0.039 0.044 0.020 0.059   -970875    0 
44600:    1.00    0.073    0.140 0.015 0.257 0.116    0.023 0.062 0.038 0.043 0.020 0.059   -971617    0 
44700:    1.00    0.081    0.137 0.015 0.254 0.118    0.023 0.062 0.038 0.043 0.020 0.059   -971209    0 
44800:    1.00    0.090    0.141 0.015 0.254 0.118    0.023 0.063 0.039 0.044 0.020 0.058   -971183    0 
44900:    1.00    0.090    0.145 0.015 0.253 0.117    0.024 0.063 0.039 0.043 0.020 0.058   -970876    0 

--------------------------------------------
Proportion of membership of each pre-defined
 population in each of the 4 clusters

Given    Inferred Clusters              Number of
 Pop       1      2      3      4      Individuals

  1:     0.213  0.573  0.108  0.106       23
--------------------------------------------

 Rep#:   Lambda   Alpha      F1    F2    F3    F4     D1,2  D1,3  D1,4  D2,3  D2,4  D3,4    Ln Like  Est Ln P(D)
45000:    1.00    0.072    0.146 0.015 0.249 0.118    0.024 0.062 0.039 0.042 0.020 0.057   -971850    0 
45100:    1.00    0.059    0.143 0.015 0.250 0.117    0.024 0.062 0.039 0.042 0.020 0.057   -971292    0 
45200:    1.00    0.061    0.143 0.015 0.251 0.117    0.024 0.062 0.039 0.042 0.020 0.057   -971595    0 
45300:    1.00    0.047    0.143 0.015 0.248 0.119    0.024 0.061 0.039 0.042 0.020 0.057   -971236    0 
45400:    1.00    0.086    0.145 0.015 0.250 0.119    0.024 0.062 0.040 0.043 0.020 0.058   -971583    0 
45500:    1.00    0.100    0.144 0.015 0.250 0.120    0.024 0.062 0.039 0.042 0.020 0.058   -971445    0 
45600:    1.00    0.089    0.145 0.015 0.248 0.119    0.023 0.062 0.039 0.042 0.020 0.057   -972052    0 
45700:    1.00    0.071    0.145 0.015 0.247 0.122    0.024 0.062 0.040 0.042 0.021 0.058   -971837    0 
45800:    1.00    0.071    0.145 0.015 0.247 0.126    0.024 0.061 0.041 0.042 0.021 0.058   -971189    0 
45900:    1.00    0.098    0.144 0.015 0.244 0.129    0.023 0.061 0.040 0.042 0.022 0.059   -971416    0 

--------------------------------------------
Proportion of membership of each pre-defined
 population in each of the 4 clusters

Given    Inferred Clusters              Number of
 Pop       1      2      3      4      Individuals

  1:     0.213  0.570  0.108  0.108       23
--------------------------------------------

 Rep#:   Lambda   Alpha      F1    F2    F3    F4     D1,2  D1,3  D1,4  D2,3  D2,4  D3,4    Ln Like  Est Ln P(D)
46000:    1.00    0.107    0.145 0.015 0.246 0.130    0.024 0.062 0.041 0.042 0.022 0.059   -971630    0 
46100:    1.00    0.079    0.145 0.015 0.247 0.132    0.024 0.062 0.042 0.042 0.022 0.059   -971758    0 
46200:    1.00    0.083    0.146 0.015 0.247 0.132    0.024 0.062 0.042 0.042 0.022 0.060   -971353    0 
46300:    1.00    0.094    0.144 0.015 0.247 0.132    0.024 0.062 0.042 0.042 0.023 0.060   -971914    0 
46400:    1.00    0.091    0.145 0.015 0.245 0.137    0.024 0.061 0.042 0.042 0.023 0.060   -971885    0 
46500:    1.00    0.077    0.147 0.015 0.248 0.136    0.024 0.061 0.043 0.042 0.023 0.059   -972190    0 
46600:    1.00    0.040    0.146 0.015 0.248 0.142    0.024 0.063 0.043 0.043 0.024 0.061   -971990    0 
46700:    1.00    0.080    0.148 0.015 0.253 0.142    0.024 0.063 0.043 0.043 0.024 0.062   -971937    0 
46800:    1.00    0.075    0.149 0.015 0.253 0.140    0.024 0.063 0.043 0.043 0.024 0.062   -971923    0 
46900:    1.00    0.073    0.149 0.015 0.251 0.144    0.024 0.063 0.044 0.043 0.024 0.061   -972282    0 

--------------------------------------------
Proportion of membership of each pre-defined
 population in each of the 4 clusters

Given    Inferred Clusters              Number of
 Pop       1      2      3      4      Individuals

  1:     0.211  0.586  0.108  0.095       23
--------------------------------------------

 Rep#:   Lambda   Alpha      F1    F2    F3    F4     D1,2  D1,3  D1,4  D2,3  D2,4  D3,4    Ln Like  Est Ln P(D)
47000:    1.00    0.070    0.148 0.015 0.249 0.144    0.024 0.063 0.044 0.043 0.024 0.063   -971744    0 
47100:    1.00    0.098    0.151 0.015 0.249 0.146    0.024 0.063 0.044 0.042 0.025 0.061   -971740    0 
47200:    1.00    0.073    0.150 0.015 0.255 0.148    0.025 0.063 0.045 0.043 0.025 0.063   -972560    0 
47300:    1.00    0.079    0.150 0.015 0.255 0.149    0.024 0.064 0.045 0.043 0.025 0.064   -972239    0 
47400:    1.00    0.108    0.147 0.015 0.255 0.152    0.024 0.063 0.045 0.043 0.026 0.064   -972423    0 
47500:    1.00    0.052    0.148 0.015 0.255 0.153    0.024 0.062 0.046 0.043 0.026 0.064   -972077    0 
47600:    1.00    0.066    0.149 0.015 0.256 0.166    0.024 0.063 0.047 0.043 0.028 0.066   -971866    0 
47700:    1.00    0.053    0.149 0.015 0.251 0.180    0.025 0.063 0.050 0.043 0.030 0.068   -972036    0 
47800:    1.00    0.055    0.151 0.015 0.248 0.183    0.025 0.063 0.051 0.043 0.031 0.069   -971954    0 
47900:    1.00    0.062    0.150 0.015 0.247 0.207    0.024 0.062 0.054 0.042 0.034 0.071   -971761    0 

--------------------------------------------
Proportion of membership of each pre-defined
 population in each of the 4 clusters

Given    Inferred Clusters              Number of
 Pop       1      2      3      4      Individuals

  1:     0.212  0.610  0.108  0.070       23
--------------------------------------------

 Rep#:   Lambda   Alpha      F1    F2    F3    F4     D1,2  D1,3  D1,4  D2,3  D2,4  D3,4    Ln Like  Est Ln P(D)
48000:    1.00    0.060    0.147 0.015 0.248 0.221    0.024 0.061 0.055 0.042 0.036 0.072   -971135    0 
48100:    1.00    0.086    0.148 0.015 0.245 0.221    0.024 0.062 0.056 0.042 0.036 0.074   -971193    0 
48200:    1.00    0.065    0.148 0.015 0.247 0.232    0.024 0.062 0.057 0.042 0.038 0.075   -970503    0 
48300:    1.00    0.097    0.148 0.015 0.245 0.257    0.024 0.062 0.061 0.042 0.041 0.078   -970114    0 
48400:    1.00    0.071    0.148 0.015 0.245 0.277    0.024 0.062 0.064 0.042 0.044 0.081   -969180    0 
48500:    1.00    0.072    0.149 0.015 0.246 0.290    0.024 0.062 0.066 0.042 0.046 0.082   -968731    0 
48600:    1.00    0.117    0.146 0.015 0.246 0.307    0.024 0.061 0.068 0.041 0.048 0.085   -968532    0 
48700:    1.00    0.087    0.147 0.015 0.243 0.306    0.024 0.061 0.068 0.042 0.048 0.085   -968867    0 
48800:    1.00    0.085    0.148 0.015 0.244 0.312    0.024 0.061 0.069 0.041 0.049 0.086   -968695    0 
48900:    1.00    0.071    0.147 0.015 0.244 0.311    0.024 0.062 0.068 0.042 0.049 0.087   -968126    0 

--------------------------------------------
Proportion of membership of each pre-defined
 population in each of the 4 clusters

Given    Inferred Clusters              Number of
 Pop       1      2      3      4      Individuals

  1:     0.215  0.618  0.109  0.058       23
--------------------------------------------

 Rep#:   Lambda   Alpha      F1    F2    F3    F4     D1,2  D1,3  D1,4  D2,3  D2,4  D3,4    Ln Like  Est Ln P(D)
49000:    1.00    0.088    0.146 0.015 0.255 0.315    0.024 0.063 0.069 0.043 0.049 0.088   -968315    0 
49100:    1.00    0.069    0.148 0.015 0.254 0.315    0.024 0.063 0.069 0.043 0.049 0.088   -967700    0 
49200:    1.00    0.074    0.148 0.015 0.252 0.318    0.024 0.063 0.069 0.043 0.050 0.088   -967624    0 
49300:    1.00    0.047    0.146 0.015 0.249 0.330    0.024 0.062 0.071 0.043 0.051 0.089   -967969    0 
49400:    1.00    0.095    0.146 0.015 0.249 0.330    0.024 0.062 0.071 0.042 0.051 0.089   -967820    0 
49500:    1.00    0.058    0.147 0.015 0.249 0.334    0.024 0.063 0.072 0.043 0.052 0.090   -967689    0 
49600:    1.00    0.086    0.147 0.015 0.249 0.336    0.024 0.062 0.072 0.042 0.052 0.090   -967521    0 
49700:    1.00    0.076    0.146 0.015 0.253 0.331    0.024 0.063 0.071 0.043 0.052 0.089   -967618    0 
49800:    1.00    0.076    0.145 0.014 0.251 0.330    0.024 0.062 0.070 0.043 0.051 0.089   -967963    0 
49900:    1.00    0.064    0.146 0.014 0.250 0.337    0.024 0.063 0.072 0.043 0.052 0.092   -967440    0 

--------------------------------------------
Proportion of membership of each pre-defined
 population in each of the 4 clusters

Given    Inferred Clusters              Number of
 Pop       1      2      3      4      Individuals

  1:     0.212  0.625  0.107  0.056       23
--------------------------------------------

 Rep#:   Lambda   Alpha      F1    F2    F3    F4     D1,2  D1,3  D1,4  D2,3  D2,4  D3,4    Ln Like  Est Ln P(D)
50000:    1.00    0.070    0.148 0.014 0.252 0.335    0.024 0.063 0.072 0.043 0.052 0.091   -967635    0 
50100:    1.00    0.060    0.146 0.014 0.252 0.335    0.024 0.063 0.072 0.043 0.052 0.091   -967623    0 
50200:    1.00    0.075    0.146 0.014 0.257 0.335    0.024 0.063 0.071 0.043 0.052 0.090   -967502    0 
50300:    1.00    0.072    0.145 0.014 0.256 0.335    0.023 0.063 0.071 0.043 0.052 0.090   -967822    0 
50400:    1.00    0.064    0.144 0.014 0.256 0.335    0.023 0.063 0.070 0.044 0.051 0.091   -967378    0 
50500:    1.00    0.045    0.142 0.014 0.256 0.335    0.023 0.062 0.071 0.043 0.052 0.091   -967860    0 
50600:    1.00    0.102    0.144 0.014 0.252 0.335    0.023 0.062 0.071 0.043 0.052 0.090   -967823    0 
50700:    1.00    0.074    0.144 0.014 0.252 0.335    0.023 0.062 0.071 0.043 0.052 0.090   -967976    0 
50800:    1.00    0.073    0.143 0.014 0.253 0.334    0.023 0.062 0.071 0.043 0.052 0.091   -967841    0 
50900:    1.00    0.064    0.142 0.014 0.260 0.340    0.023 0.063 0.071 0.044 0.053 0.092   -967264    0 

--------------------------------------------
Proportion of membership of each pre-defined
 population in each of the 4 clusters

Given    Inferred Clusters              Number of
 Pop       1      2      3      4      Individuals

  1:     0.217  0.617  0.108  0.058       23
--------------------------------------------

 Rep#:   Lambda   Alpha      F1    F2    F3    F4     D1,2  D1,3  D1,4  D2,3  D2,4  D3,4    Ln Like  Est Ln P(D)
51000:    1.00    0.083    0.142 0.014 0.257 0.344    0.023 0.063 0.072 0.044 0.053 0.093   -966893    0 
51100:    1.00    0.075    0.145 0.014 0.258 0.342    0.024 0.063 0.073 0.043 0.054 0.092   -966940    0 
51200:    1.00    0.102    0.145 0.014 0.257 0.343    0.024 0.063 0.073 0.043 0.053 0.091   -967479    0 
51300:    1.00    0.072    0.145 0.014 0.258 0.341    0.024 0.064 0.073 0.043 0.053 0.092   -966809    0 
51400:    1.00    0.108    0.144 0.014 0.257 0.342    0.024 0.063 0.073 0.043 0.053 0.092   -967571    0 
51500:    1.00    0.088    0.144 0.014 0.256 0.342    0.023 0.063 0.072 0.043 0.053 0.092   -967793    0 
51600:    1.00    0.081    0.145 0.014 0.259 0.341    0.024 0.064 0.072 0.044 0.053 0.091   -967083    0 
51700:    1.00    0.077    0.147 0.014 0.258 0.340    0.024 0.063 0.072 0.043 0.053 0.092   -967640    0 
51800:    1.00    0.118    0.147 0.014 0.260 0.340    0.024 0.064 0.072 0.044 0.052 0.092   -967099    0 
51900:    1.00    0.119    0.146 0.014 0.263 0.344    0.024 0.065 0.074 0.044 0.053 0.093   -967280    0 

--------------------------------------------
Proportion of membership of each pre-defined
 population in each of the 4 clusters

Given    Inferred Clusters              Number of
 Pop       1      2      3      4      Individuals

  1:     0.218  0.614  0.107  0.062       23
--------------------------------------------

 Rep#:   Lambda   Alpha      F1    F2    F3    F4     D1,2  D1,3  D1,4  D2,3  D2,4  D3,4    Ln Like  Est Ln P(D)
52000:    1.00    0.086    0.146 0.014 0.265 0.344    0.024 0.064 0.072 0.045 0.053 0.093   -967171    0 
52100:    1.00    0.091    0.146 0.014 0.262 0.344    0.024 0.064 0.073 0.044 0.053 0.093   -967265    0 
52200:    1.00    0.091    0.147 0.014 0.265 0.345    0.024 0.065 0.073 0.044 0.054 0.093   -967093    0 
52300:    1.00    0.090    0.150 0.014 0.265 0.347    0.024 0.066 0.074 0.045 0.054 0.094   -967110    0 
52400:    1.00    0.074    0.151 0.014 0.265 0.344    0.024 0.065 0.074 0.044 0.053 0.093   -966665    0 
52500:    1.00    0.140    0.151 0.014 0.265 0.346    0.025 0.065 0.073 0.045 0.053 0.093   -967097    0 
52600:    1.00    0.093    0.151 0.014 0.265 0.347    0.025 0.065 0.074 0.045 0.054 0.094   -966547    0 
52700:    1.00    0.108    0.148 0.014 0.259 0.348    0.024 0.064 0.074 0.044 0.054 0.093   -966981    0 
52800:    1.00    0.126    0.148 0.014 0.250 0.347    0.024 0.063 0.073 0.042 0.053 0.091   -968060    0 
52900:    1.00    0.102    0.149 0.014 0.251 0.347    0.024 0.062 0.073 0.042 0.054 0.092   -967617    0 

--------------------------------------------
Proportion of membership of each pre-defined
 population in each of the 4 clusters

Given    Inferred Clusters              Number of
 Pop       1      2      3      4      Individuals

  1:     0.213  0.612  0.107  0.068       23
--------------------------------------------

 Rep#:   Lambda   Alpha      F1    F2    F3    F4     D1,2  D1,3  D1,4  D2,3  D2,4  D3,4    Ln Like  Est Ln P(D)
53000:    1.00    0.116    0.148 0.013 0.251 0.345    0.024 0.063 0.074 0.042 0.053 0.092   -967795    0 
53100:    1.00    0.092    0.150 0.013 0.251 0.343    0.024 0.063 0.073 0.042 0.053 0.091   -967469    0 
53200:    1.00    0.092    0.148 0.013 0.249 0.343    0.024 0.063 0.073 0.042 0.053 0.091   -967752    0 
53300:    1.00    0.062    0.147 0.013 0.251 0.340    0.024 0.063 0.072 0.042 0.053 0.091   -967607    0 
53400:    1.00    0.128    0.145 0.013 0.252 0.344    0.024 0.062 0.072 0.042 0.053 0.090   -967274    0 
53500:    1.00    0.085    0.145 0.013 0.253 0.344    0.023 0.063 0.072 0.043 0.053 0.092   -967252    0 
53600:    1.00    0.117    0.144 0.013 0.253 0.341    0.023 0.063 0.072 0.043 0.052 0.092   -967102    0 
53700:    1.00    0.084    0.145 0.013 0.253 0.345    0.024 0.063 0.073 0.043 0.053 0.092   -967314    0 
53800:    1.00    0.090    0.145 0.013 0.252 0.342    0.024 0.063 0.073 0.043 0.053 0.092   -967506    0 
53900:    1.00    0.086    0.144 0.013 0.254 0.343    0.023 0.063 0.072 0.043 0.053 0.091   -967419    0 

--------------------------------------------
Proportion of membership of each pre-defined
 population in each of the 4 clusters

Given    Inferred Clusters              Number of
 Pop       1      2      3      4      Individuals

  1:     0.213  0.612  0.107  0.067       23
--------------------------------------------

 Rep#:   Lambda   Alpha      F1    F2    F3    F4     D1,2  D1,3  D1,4  D2,3  D2,4  D3,4    Ln Like  Est Ln P(D)
54000:    1.00    0.093    0.143 0.013 0.255 0.343    0.023 0.062 0.072 0.043 0.052 0.091   -967653    0 
54100:    1.00    0.085    0.144 0.013 0.251 0.342    0.023 0.062 0.073 0.042 0.053 0.091   -967656    0 
54200:    1.00    0.106    0.144 0.013 0.251 0.341    0.023 0.062 0.072 0.042 0.053 0.091   -967938    0 
54300:    1.00    0.089    0.144 0.013 0.254 0.341    0.023 0.062 0.071 0.042 0.052 0.089   -967651    0 
54400:    1.00    0.089    0.143 0.013 0.252 0.342    0.023 0.062 0.072 0.042 0.053 0.092   -967695    0 
54500:    1.00    0.084    0.143 0.013 0.252 0.340    0.023 0.062 0.071 0.043 0.052 0.090   -967571    0 
54600:    1.00    0.117    0.143 0.013 0.253 0.344    0.023 0.063 0.072 0.043 0.053 0.092   -967156    0 
54700:    1.00    0.085    0.144 0.013 0.253 0.344    0.023 0.062 0.073 0.043 0.054 0.092   -967988    0 
54800:    1.00    0.113    0.146 0.013 0.255 0.340    0.023 0.063 0.072 0.043 0.052 0.091   -967782    0 
54900:    1.00    0.098    0.146 0.013 0.258 0.340    0.023 0.063 0.072 0.043 0.052 0.091   -967572    0 

--------------------------------------------
Proportion of membership of each pre-defined
 population in each of the 4 clusters

Given    Inferred Clusters              Number of
 Pop       1      2      3      4      Individuals

  1:     0.213  0.609  0.107  0.070       23
--------------------------------------------

 Rep#:   Lambda   Alpha      F1    F2    F3    F4     D1,2  D1,3  D1,4  D2,3  D2,4  D3,4    Ln Like  Est Ln P(D)
55000:    1.00    0.096    0.147 0.013 0.258 0.340    0.023 0.063 0.073 0.043 0.053 0.091   -967672    0 
55100:    1.00    0.092    0.146 0.013 0.255 0.339    0.023 0.063 0.072 0.043 0.053 0.091   -967317    0 
55200:    1.00    0.114    0.143 0.013 0.252 0.341    0.023 0.063 0.072 0.042 0.052 0.090   -967731    0 
55300:    1.00    0.103    0.143 0.013 0.255 0.342    0.023 0.063 0.072 0.043 0.053 0.091   -967616    0 
55400:    1.00    0.087    0.143 0.013 0.253 0.343    0.023 0.063 0.072 0.043 0.053 0.091   -967737    0 
55500:    1.00    0.131    0.143 0.013 0.253 0.346    0.023 0.063 0.073 0.042 0.053 0.092   -967792    0 
55600:    1.00    0.155    0.144 0.013 0.253 0.344    0.023 0.062 0.073 0.043 0.053 0.091   -967663    0 
55700:    1.00    0.110    0.147 0.013 0.249 0.347    0.024 0.062 0.073 0.042 0.053 0.090   -967512    0 
55800:    1.00    0.091    0.143 0.013 0.250 0.351    0.023 0.062 0.074 0.042 0.055 0.092   -967320    0 
55900:    1.00    0.097    0.144 0.013 0.246 0.351    0.023 0.061 0.073 0.041 0.054 0.091   -967579    0 

--------------------------------------------
Proportion of membership of each pre-defined
 population in each of the 4 clusters

Given    Inferred Clusters              Number of
 Pop       1      2      3      4      Individuals

  1:     0.211  0.617  0.107  0.065       23
--------------------------------------------

 Rep#:   Lambda   Alpha      F1    F2    F3    F4     D1,2  D1,3  D1,4  D2,3  D2,4  D3,4    Ln Like  Est Ln P(D)
56000:    1.00    0.106    0.145 0.013 0.245 0.351    0.023 0.061 0.073 0.041 0.054 0.091   -967623    0 
56100:    1.00    0.073    0.145 0.013 0.249 0.351    0.024 0.062 0.073 0.042 0.053 0.091   -967733    0 
56200:    1.00    0.079    0.145 0.013 0.250 0.353    0.023 0.062 0.074 0.042 0.054 0.092   -967729    0 
56300:    1.00    0.088    0.146 0.013 0.253 0.358    0.024 0.062 0.076 0.043 0.056 0.094   -967815    0 
56400:    1.00    0.086    0.145 0.013 0.253 0.354    0.023 0.063 0.074 0.043 0.055 0.093   -967884    0 
56500:    1.00    0.089    0.145 0.013 0.256 0.355    0.024 0.063 0.074 0.043 0.054 0.093   -968106    0 
56600:    1.00    0.067    0.145 0.013 0.261 0.360    0.023 0.063 0.076 0.043 0.056 0.094   -967645    0 
56700:    1.00    0.137    0.144 0.013 0.260 0.362    0.023 0.063 0.075 0.043 0.055 0.095   -967888    0 
56800:    1.00    0.122    0.144 0.013 0.260 0.362    0.023 0.063 0.075 0.044 0.056 0.095   -967701    0 
56900:    1.00    0.106    0.145 0.013 0.256 0.368    0.023 0.063 0.076 0.043 0.056 0.094   -967951    0 

--------------------------------------------
Proportion of membership of each pre-defined
 population in each of the 4 clusters

Given    Inferred Clusters              Number of
 Pop       1      2      3      4      Individuals

  1:     0.218  0.613  0.106  0.063       23
--------------------------------------------

 Rep#:   Lambda   Alpha      F1    F2    F3    F4     D1,2  D1,3  D1,4  D2,3  D2,4  D3,4    Ln Like  Est Ln P(D)
57000:    1.00    0.106    0.145 0.013 0.253 0.366    0.023 0.063 0.076 0.043 0.056 0.095   -967739    0 
57100:    1.00    0.066    0.144 0.013 0.256 0.369    0.023 0.063 0.076 0.043 0.057 0.096   -968167    0 
57200:    1.00    0.118    0.145 0.013 0.257 0.365    0.024 0.064 0.076 0.044 0.056 0.095   -967523    0 
57300:    1.00    0.087    0.145 0.013 0.254 0.368    0.023 0.063 0.077 0.043 0.057 0.095   -967705    0 
57400:    1.00    0.090    0.144 0.013 0.253 0.368    0.023 0.063 0.076 0.043 0.057 0.095   -967377    0 
57500:    1.00    0.087    0.144 0.013 0.255 0.365    0.023 0.063 0.076 0.043 0.056 0.096   -967553    0 
57600:    1.00    0.095    0.144 0.013 0.254 0.367    0.023 0.063 0.075 0.043 0.057 0.094   -967988    0 
57700:    1.00    0.080    0.143 0.013 0.255 0.367    0.023 0.062 0.076 0.043 0.056 0.095   -967613    0 
57800:    1.00    0.080    0.143 0.013 0.253 0.363    0.023 0.063 0.076 0.043 0.056 0.095   -968261    0 
57900:    1.00    0.104    0.143 0.013 0.254 0.364    0.023 0.063 0.076 0.043 0.056 0.094   -968179    0 

--------------------------------------------
Proportion of membership of each pre-defined
 population in each of the 4 clusters

Given    Inferred Clusters              Number of
 Pop       1      2      3      4      Individuals

  1:     0.213  0.616  0.106  0.066       23
--------------------------------------------

 Rep#:   Lambda   Alpha      F1    F2    F3    F4     D1,2  D1,3  D1,4  D2,3  D2,4  D3,4    Ln Like  Est Ln P(D)
58000:    1.00    0.091    0.143 0.013 0.254 0.362    0.023 0.062 0.075 0.043 0.055 0.094   -967775    0 
58100:    1.00    0.085    0.143 0.013 0.254 0.359    0.023 0.062 0.075 0.043 0.056 0.094   -968124    0 
58200:    1.00    0.089    0.145 0.013 0.254 0.362    0.023 0.062 0.076 0.043 0.056 0.095   -967984    0 
58300:    1.00    0.071    0.144 0.013 0.254 0.362    0.023 0.062 0.075 0.043 0.056 0.095   -968264    0 
58400:    1.00    0.077    0.144 0.013 0.256 0.365    0.023 0.063 0.075 0.043 0.056 0.095   -968032    0 
58500:    1.00    0.093    0.145 0.013 0.253 0.368    0.023 0.063 0.077 0.043 0.057 0.096   -968212    0 
58600:    1.00    0.062    0.144 0.013 0.251 0.366    0.023 0.062 0.075 0.042 0.056 0.094   -968015    0 
58700:    1.00    0.085    0.144 0.013 0.248 0.372    0.023 0.062 0.077 0.042 0.057 0.095   -968429    0 
58800:    1.00    0.106    0.144 0.013 0.251 0.373    0.023 0.062 0.078 0.043 0.058 0.097   -968317    0 
58900:    1.00    0.068    0.141 0.013 0.252 0.368    0.023 0.062 0.076 0.042 0.057 0.094   -968958    0 

--------------------------------------------
Proportion of membership of each pre-defined
 population in each of the 4 clusters

Given    Inferred Clusters              Number of
 Pop       1      2      3      4      Individuals

  1:     0.218  0.610  0.105  0.066       23
--------------------------------------------

 Rep#:   Lambda   Alpha      F1    F2    F3    F4     D1,2  D1,3  D1,4  D2,3  D2,4  D3,4    Ln Like  Est Ln P(D)
59000:    1.00    0.085    0.141 0.013 0.252 0.368    0.023 0.061 0.076 0.042 0.057 0.095   -968590    0 
59100:    1.00    0.078    0.143 0.013 0.250 0.377    0.023 0.061 0.077 0.041 0.058 0.096   -968142    0 
59200:    1.00    0.116    0.143 0.013 0.252 0.382    0.023 0.062 0.078 0.043 0.059 0.097   -968395    0 
59300:    1.00    0.093    0.143 0.013 0.252 0.379    0.023 0.063 0.078 0.043 0.058 0.097   -967972    0 
59400:    1.00    0.102    0.143 0.013 0.255 0.376    0.023 0.063 0.077 0.043 0.057 0.096   -967779    0 
59500:    1.00    0.093    0.139 0.013 0.255 0.371    0.023 0.062 0.077 0.043 0.058 0.096   -968540    0 
59600:    1.00    0.082    0.139 0.013 0.254 0.370    0.022 0.063 0.077 0.043 0.057 0.096   -968427    0 
59700:    1.00    0.097    0.139 0.013 0.251 0.372    0.022 0.062 0.076 0.042 0.057 0.096   -968486    0 
59800:    1.00    0.093    0.145 0.013 0.253 0.373    0.023 0.062 0.078 0.042 0.058 0.096   -967909    0 
59900:    1.00    0.092    0.147 0.013 0.253 0.377    0.023 0.063 0.079 0.043 0.058 0.097   -967989    0 
60000:    1.00    0.107    0.150 0.013 0.256 0.377    0.024 0.063 0.078 0.043 0.057 0.097   -967567    0 

MCMC completed

Inferred ancestry of individuals:
        Label (%Miss) Pop:  Inferred clusters
  1 18160D-09-0    (2)    1 :  0.059 0.535 0.000 0.406 
  2 18160D-09-0    (4)    1 :  0.069 0.724 0.000 0.207 
  3 18160D-09-0    (2)    1 :  0.703 0.286 0.000 0.011 
  4 18160D-09-0    (5)    1 :  0.999 0.000 0.000 0.000 
  5 18160D-09-0    (4)    1 :  0.871 0.092 0.000 0.037 
  6 18160D-09-0    (4)    1 :  0.910 0.068 0.000 0.022 
  7 18160D-09-0    (2)    1 :  0.991 0.006 0.000 0.003 
  8 18160D-09-0    (4)    1 :  0.032 0.943 0.000 0.025 
  9 18160D-09-0    (2)    1 :  0.000 0.587 0.154 0.258 
 10 18160D-09-1    (2)    1 :  0.000 0.000 1.000 0.000 
 11 18160D-09-1    (2)    1 :  0.000 0.711 0.288 0.000 
 12 18160D-09-1    (2)    1 :  0.000 0.827 0.164 0.009 
 13 18160D-09-1    (5)    1 :  0.082 0.677 0.000 0.241 
 14 18160D-09-1   (18)    1 :  0.073 0.920 0.000 0.006 
 15 18160D-09-1    (4)    1 :  0.001 0.934 0.000 0.065 
 16 18160D-09-1    (2)    1 :  0.019 0.021 0.838 0.122 
 17 18160D-09-1    (2)    1 :  0.047 0.946 0.000 0.007 
 18 18160D-09-1    (2)    1 :  0.000 0.246 0.000 0.754 
 19 18160D-09-1    (2)    1 :  0.001 0.551 0.000 0.448 
 20 18160D-09-2    (5)    1 :  0.000 0.984 0.000 0.015 
 21 18160D-09-2    (5)    1 :  0.051 0.927 0.000 0.022 
 22 18160D-09-2    (5)    1 :  0.003 0.000 0.000 0.997 
 23 18160D-09-2    (2)    1 :  0.001 0.756 0.000 0.243 

Command line arguments:   structure -D 102809 -K 4 -m mainparams -o k4/populations_k4_run10 
Input File:    populations.str
Output File:   k4/populations_k4_run10_f

Run parameters:
   23 individuals
   50160 loci
   4 populations assumed
   10000 Burn-in period
   50000 Reps
RANDOMIZE turned off

--------------------------------------------
Estimated Ln Prob of Data   = -10954956.6
Mean value of ln likelihood = -974339.6
Variance of ln likelihood   = 19961234.0
Mean value of alpha         = 0.0741

Mean value of Fst_1         = 0.1440
Mean value of Fst_2         = 0.0143
Mean value of Fst_3         = 0.2567
Mean value of Fst_4         = 0.1165


--------------------------------------------
Proportion of membership of each pre-defined
 population in each of the 4 clusters

Given    Inferred Clusters              Number of
 Pop       1      2      3      4      Individuals

  1:     0.214  0.511  0.106  0.170       23
--------------------------------------------
Final results printed to file k4/populations_k4_run10_f

