

----------------------------------------------------
STRUCTURE by Pritchard, Stephens and Donnelly (2000)
     and Falush, Stephens and Pritchard (2003)
       Code by Pritchard, Falush and Hubisz
             Version 2.3.4 (Jul 2012)
----------------------------------------------------


Reading file "mainparams".
datafile is
populations.str
Reading file "extraparams".
Reading file "populations.str".


Data file "populations.str" (truncated) --

Ind:   Label Pop : Genotype_data . . . .
  1: 18160D-09-0    1  :  4   1   3   1   4   1   3  . . . .   2
  1: 18160D-09-0    1  :  4   1   3   1   4   4   4  . . . .   4
  2: 18160D-09-0    1  :  4   1   3   1   4   1   3  . . . .   2
  2: 18160D-09-0    1  :  4   1   3   1   4   4   3  . . . .   4
  3: 18160D-09-0    1  :  4   1   0   0   0   0   3  . . . .   2
  3: 18160D-09-0    1  :  4   3   0   0   0   0   3  . . . .   4
  4: 18160D-09-0    1  :  4   1   3   1   4   1   3  . . . .   2
  4: 18160D-09-0    1  :  4   3   3   1   4   1   3  . . . .   4

      *******   

 22: 18160D-09-2    1  :  4   1   3   1   4   1   3  . . . .   2
 22: 18160D-09-2    1  :  4   3   3   1   4   1   4  . . . .   4
 23: 18160D-09-2    1  :  4   1   3   1   4   1   3  . . . .   2
 23: 18160D-09-2    1  :  4   1   3   1   4   4   4  . . . .   4

Number of alleles per locus: min= 2; ave=2.0; max= 2


--------------------------------------

Finished initialization; starting MCMC 
50000 iterations + 10000 burnin


--------------------------------------------
Proportion of membership of each pre-defined
 population in each of the 4 clusters

Given    Inferred Clusters              Number of
 Pop       1      2      3      4      Individuals

  1:     0.248  0.254  0.246  0.252       23
--------------------------------------------

 Rep#:   Lambda   Alpha      F1    F2    F3    F4     D1,2  D1,3  D1,4  D2,3  D2,4  D3,4    Ln Like 
  100:    1.00    1.694    0.010 0.010 0.010 0.010    0.003 0.003 0.003 0.003 0.003 0.003   --  
  200:    1.00    2.108    0.010 0.010 0.010 0.010    0.003 0.003 0.003 0.003 0.003 0.003   --  
  300:    1.00    2.302    0.010 0.010 0.010 0.010    0.003 0.003 0.003 0.003 0.003 0.003   --  
  400:    1.00    2.756    0.010 0.010 0.010 0.010    0.003 0.003 0.003 0.003 0.003 0.003   --  
  500:    1.00    2.411    0.010 0.010 0.010 0.010    0.003 0.003 0.003 0.003 0.003 0.003   --  
  600:    1.00    2.235    0.010 0.010 0.010 0.010    0.003 0.003 0.003 0.003 0.003 0.003   --  
  700:    1.00    2.152    0.010 0.010 0.010 0.010    0.003 0.003 0.003 0.003 0.003 0.003   --  
  800:    1.00    2.293    0.010 0.010 0.010 0.010    0.003 0.003 0.003 0.003 0.003 0.003   --  
  900:    1.00    1.799    0.010 0.010 0.010 0.010    0.003 0.003 0.003 0.003 0.003 0.003   --  

--------------------------------------------
Proportion of membership of each pre-defined
 population in each of the 4 clusters

Given    Inferred Clusters              Number of
 Pop       1      2      3      4      Individuals

  1:     0.222  0.254  0.226  0.298       23
--------------------------------------------

 Rep#:   Lambda   Alpha      F1    F2    F3    F4     D1,2  D1,3  D1,4  D2,3  D2,4  D3,4    Ln Like 
 1000:    1.00    1.386    0.010 0.010 0.010 0.010    0.003 0.003 0.003 0.003 0.003 0.003   --  
 1100:    1.00    1.028    0.010 0.010 0.010 0.010    0.003 0.003 0.003 0.003 0.003 0.003   --  
 1200:    1.00    0.691    0.010 0.010 0.010 0.011    0.003 0.003 0.003 0.003 0.003 0.003   --  
 1300:    1.00    0.428    0.010 0.010 0.010 0.011    0.003 0.003 0.003 0.003 0.003 0.003   --  
 1400:    1.00    0.483    0.010 0.010 0.010 0.011    0.003 0.003 0.003 0.003 0.003 0.003   --  
 1500:    1.00    0.365    0.010 0.010 0.010 0.011    0.003 0.003 0.003 0.003 0.003 0.003   --  
 1600:    1.00    0.403    0.010 0.010 0.010 0.011    0.003 0.003 0.003 0.003 0.003 0.003   --  
 1700:    1.00    0.221    0.010 0.010 0.010 0.015    0.003 0.003 0.004 0.003 0.004 0.004   --  
 1800:    1.00    0.187    0.010 0.010 0.010 0.015    0.003 0.003 0.004 0.003 0.004 0.004   --  
 1900:    1.00    0.181    0.010 0.010 0.010 0.015    0.003 0.003 0.004 0.003 0.004 0.004   --  

--------------------------------------------
Proportion of membership of each pre-defined
 population in each of the 4 clusters

Given    Inferred Clusters              Number of
 Pop       1      2      3      4      Individuals

  1:     0.206  0.405  0.143  0.245       23
--------------------------------------------

 Rep#:   Lambda   Alpha      F1    F2    F3    F4     D1,2  D1,3  D1,4  D2,3  D2,4  D3,4    Ln Like 
 2000:    1.00    0.152    0.010 0.010 0.010 0.018    0.003 0.003 0.005 0.003 0.004 0.004   --  
 2100:    1.00    0.112    0.011 0.010 0.010 0.018    0.003 0.003 0.005 0.003 0.005 0.004   --  
 2200:    1.00    0.095    0.011 0.010 0.010 0.022    0.003 0.003 0.005 0.003 0.005 0.005   --  
 2300:    1.00    0.082    0.011 0.011 0.010 0.023    0.003 0.003 0.006 0.003 0.005 0.005   --  
 2400:    1.00    0.037    0.012 0.011 0.010 0.043    0.003 0.003 0.009 0.003 0.009 0.009   --  
 2500:    1.00    0.054    0.012 0.011 0.010 0.072    0.003 0.003 0.013 0.003 0.013 0.013   --  
 2600:    1.00    0.031    0.012 0.011 0.010 0.093    0.003 0.003 0.016 0.003 0.016 0.016   --  
 2700:    1.00    0.044    0.012 0.011 0.010 0.096    0.004 0.003 0.017 0.003 0.016 0.016   --  
 2800:    1.00    0.038    0.012 0.011 0.010 0.100    0.004 0.003 0.018 0.003 0.017 0.017   --  
 2900:    1.00    0.029    0.012 0.011 0.010 0.103    0.004 0.003 0.018 0.003 0.017 0.017   --  

--------------------------------------------
Proportion of membership of each pre-defined
 population in each of the 4 clusters

Given    Inferred Clusters              Number of
 Pop       1      2      3      4      Individuals

  1:     0.235  0.493  0.051  0.221       23
--------------------------------------------

 Rep#:   Lambda   Alpha      F1    F2    F3    F4     D1,2  D1,3  D1,4  D2,3  D2,4  D3,4    Ln Like 
 3000:    1.00    0.036    0.012 0.011 0.010 0.104    0.004 0.003 0.018 0.003 0.017 0.017   --  
 3100:    1.00    0.020    0.012 0.011 0.010 0.106    0.004 0.003 0.018 0.003 0.018 0.018   --  
 3200:    1.00    0.032    0.013 0.011 0.010 0.109    0.004 0.004 0.019 0.003 0.018 0.018   --  
 3300:    1.00    0.032    0.013 0.011 0.010 0.112    0.004 0.004 0.019 0.003 0.018 0.018   --  
 3400:    1.00    0.028    0.014 0.011 0.010 0.113    0.004 0.004 0.020 0.003 0.019 0.019   --  
 3500:    1.00    0.037    0.015 0.011 0.010 0.115    0.004 0.004 0.020 0.003 0.019 0.019   --  
 3600:    1.00    0.024    0.015 0.011 0.010 0.120    0.004 0.004 0.020 0.003 0.020 0.019   --  
 3700:    1.00    0.055    0.015 0.011 0.010 0.122    0.004 0.004 0.021 0.003 0.020 0.020   --  
 3800:    1.00    0.033    0.015 0.011 0.010 0.122    0.004 0.004 0.021 0.003 0.020 0.020   --  
 3900:    1.00    0.033    0.016 0.011 0.010 0.123    0.004 0.004 0.021 0.003 0.020 0.020   --  

--------------------------------------------
Proportion of membership of each pre-defined
 population in each of the 4 clusters

Given    Inferred Clusters              Number of
 Pop       1      2      3      4      Individuals

  1:     0.243  0.506  0.032  0.219       23
--------------------------------------------

 Rep#:   Lambda   Alpha      F1    F2    F3    F4     D1,2  D1,3  D1,4  D2,3  D2,4  D3,4    Ln Like 
 4000:    1.00    0.043    0.016 0.011 0.010 0.123    0.004 0.004 0.021 0.003 0.020 0.020   --  
 4100:    1.00    0.045    0.016 0.011 0.010 0.127    0.004 0.004 0.022 0.003 0.020 0.021   --  
 4200:    1.00    0.039    0.017 0.012 0.010 0.127    0.005 0.004 0.022 0.003 0.021 0.021   --  
 4300:    1.00    0.051    0.017 0.012 0.010 0.130    0.004 0.004 0.023 0.003 0.022 0.021   --  
 4400:    1.00    0.058    0.017 0.012 0.010 0.131    0.005 0.004 0.023 0.003 0.021 0.021   --  
 4500:    1.00    0.058    0.017 0.012 0.010 0.132    0.005 0.004 0.023 0.003 0.021 0.021   --  
 4600:    1.00    0.047    0.017 0.012 0.010 0.132    0.005 0.004 0.023 0.003 0.021 0.021   --  
 4700:    1.00    0.033    0.017 0.012 0.010 0.136    0.005 0.004 0.024 0.003 0.022 0.022   --  
 4800:    1.00    0.039    0.017 0.012 0.010 0.137    0.005 0.004 0.023 0.003 0.022 0.022   --  
 4900:    1.00    0.048    0.017 0.012 0.010 0.137    0.005 0.004 0.024 0.003 0.022 0.022   --  

--------------------------------------------
Proportion of membership of each pre-defined
 population in each of the 4 clusters

Given    Inferred Clusters              Number of
 Pop       1      2      3      4      Individuals

  1:     0.218  0.537  0.027  0.218       23
--------------------------------------------

 Rep#:   Lambda   Alpha      F1    F2    F3    F4     D1,2  D1,3  D1,4  D2,3  D2,4  D3,4    Ln Like 
 5000:    1.00    0.042    0.018 0.013 0.010 0.140    0.005 0.004 0.024 0.004 0.023 0.022   --  
 5100:    1.00    0.055    0.018 0.013 0.010 0.143    0.005 0.004 0.024 0.004 0.023 0.023   --  
 5200:    1.00    0.042    0.018 0.013 0.010 0.146    0.005 0.004 0.025 0.003 0.024 0.023   --  
 5300:    1.00    0.047    0.018 0.013 0.010 0.147    0.005 0.004 0.025 0.004 0.024 0.023   --  
 5400:    1.00    0.026    0.018 0.013 0.010 0.148    0.005 0.004 0.026 0.004 0.024 0.024   --  
 5500:    1.00    0.031    0.020 0.013 0.010 0.148    0.005 0.005 0.025 0.004 0.024 0.023   --  
 5600:    1.00    0.032    0.020 0.013 0.010 0.147    0.005 0.005 0.026 0.004 0.024 0.024   --  
 5700:    1.00    0.045    0.021 0.013 0.010 0.147    0.005 0.005 0.026 0.004 0.024 0.023   --  
 5800:    1.00    0.042    0.021 0.014 0.010 0.147    0.006 0.005 0.026 0.004 0.024 0.024   --  
 5900:    1.00    0.042    0.021 0.014 0.010 0.148    0.006 0.005 0.026 0.004 0.024 0.024   --  

--------------------------------------------
Proportion of membership of each pre-defined
 population in each of the 4 clusters

Given    Inferred Clusters              Number of
 Pop       1      2      3      4      Individuals

  1:     0.217  0.549  0.020  0.213       23
--------------------------------------------

 Rep#:   Lambda   Alpha      F1    F2    F3    F4     D1,2  D1,3  D1,4  D2,3  D2,4  D3,4    Ln Like 
 6000:    1.00    0.043    0.023 0.014 0.010 0.149    0.006 0.005 0.026 0.004 0.024 0.024   --  
 6100:    1.00    0.046    0.024 0.014 0.010 0.151    0.006 0.005 0.027 0.004 0.025 0.024   --  
 6200:    1.00    0.056    0.024 0.014 0.010 0.151    0.006 0.005 0.027 0.004 0.025 0.024   --  
 6300:    1.00    0.050    0.026 0.015 0.010 0.151    0.006 0.006 0.027 0.004 0.025 0.024   --  
 6400:    1.00    0.038    0.026 0.015 0.010 0.149    0.006 0.006 0.027 0.004 0.025 0.024   --  
 6500:    1.00    0.030    0.026 0.015 0.010 0.149    0.007 0.006 0.027 0.004 0.025 0.024   --  
 6600:    1.00    0.041    0.026 0.015 0.010 0.148    0.007 0.006 0.027 0.004 0.024 0.024   --  
 6700:    1.00    0.033    0.028 0.015 0.010 0.149    0.007 0.006 0.027 0.004 0.025 0.024   --  
 6800:    1.00    0.040    0.029 0.015 0.010 0.149    0.007 0.006 0.027 0.004 0.024 0.024   --  
 6900:    1.00    0.036    0.029 0.015 0.010 0.148    0.007 0.006 0.027 0.004 0.024 0.024   --  

--------------------------------------------
Proportion of membership of each pre-defined
 population in each of the 4 clusters

Given    Inferred Clusters              Number of
 Pop       1      2      3      4      Individuals

  1:     0.216  0.552  0.019  0.214       23
--------------------------------------------

 Rep#:   Lambda   Alpha      F1    F2    F3    F4     D1,2  D1,3  D1,4  D2,3  D2,4  D3,4    Ln Like 
 7000:    1.00    0.044    0.034 0.015 0.010 0.146    0.008 0.007 0.027 0.004 0.024 0.023   --  
 7100:    1.00    0.036    0.034 0.015 0.010 0.146    0.008 0.007 0.028 0.004 0.024 0.024   --  
 7200:    1.00    0.038    0.034 0.015 0.010 0.147    0.008 0.007 0.028 0.004 0.024 0.024   --  
 7300:    1.00    0.062    0.035 0.016 0.010 0.147    0.008 0.007 0.028 0.004 0.024 0.024   --  
 7400:    1.00    0.049    0.035 0.016 0.010 0.153    0.008 0.007 0.029 0.004 0.025 0.024   --  
 7500:    1.00    0.045    0.037 0.016 0.010 0.152    0.008 0.007 0.029 0.004 0.025 0.024   --  
 7600:    1.00    0.040    0.038 0.016 0.010 0.152    0.009 0.008 0.029 0.004 0.025 0.024   --  
 7700:    1.00    0.045    0.041 0.016 0.010 0.150    0.009 0.008 0.029 0.004 0.025 0.024   --  
 7800:    1.00    0.056    0.045 0.016 0.010 0.151    0.010 0.009 0.030 0.004 0.025 0.024   --  
 7900:    1.00    0.081    0.046 0.016 0.010 0.151    0.010 0.009 0.030 0.004 0.025 0.024   --  

--------------------------------------------
Proportion of membership of each pre-defined
 population in each of the 4 clusters

Given    Inferred Clusters              Number of
 Pop       1      2      3      4      Individuals

  1:     0.204  0.552  0.032  0.212       23
--------------------------------------------

 Rep#:   Lambda   Alpha      F1    F2    F3    F4     D1,2  D1,3  D1,4  D2,3  D2,4  D3,4    Ln Like 
 8000:    1.00    0.080    0.047 0.016 0.010 0.151    0.010 0.009 0.031 0.004 0.025 0.024   --  
 8100:    1.00    0.058    0.048 0.016 0.010 0.151    0.010 0.009 0.030 0.004 0.025 0.024   --  
 8200:    1.00    0.042    0.050 0.016 0.010 0.149    0.011 0.010 0.031 0.004 0.025 0.024   --  
 8300:    1.00    0.054    0.052 0.017 0.010 0.151    0.011 0.010 0.031 0.004 0.025 0.024   --  
 8400:    1.00    0.051    0.052 0.017 0.010 0.152    0.011 0.010 0.032 0.004 0.025 0.024   --  
 8500:    1.00    0.038    0.059 0.017 0.010 0.150    0.012 0.011 0.033 0.004 0.025 0.024   --  
 8600:    1.00    0.050    0.074 0.017 0.010 0.150    0.015 0.014 0.035 0.004 0.025 0.024   --  
 8700:    1.00    0.082    0.081 0.017 0.010 0.153    0.016 0.015 0.036 0.004 0.025 0.024   --  
 8800:    1.00    0.045    0.092 0.017 0.010 0.150    0.017 0.016 0.038 0.004 0.025 0.024   --  
 8900:    1.00    0.040    0.106 0.017 0.010 0.152    0.020 0.019 0.040 0.004 0.025 0.024   --  

--------------------------------------------
Proportion of membership of each pre-defined
 population in each of the 4 clusters

Given    Inferred Clusters              Number of
 Pop       1      2      3      4      Individuals

  1:     0.135  0.566  0.088  0.211       23
--------------------------------------------

 Rep#:   Lambda   Alpha      F1    F2    F3    F4     D1,2  D1,3  D1,4  D2,3  D2,4  D3,4    Ln Like 
 9000:    1.00    0.045    0.123 0.017 0.010 0.154    0.023 0.022 0.043 0.004 0.025 0.024   --  
 9100:    1.00    0.054    0.126 0.017 0.010 0.154    0.023 0.022 0.045 0.004 0.026 0.025   --  
 9200:    1.00    0.059    0.180 0.017 0.010 0.153    0.032 0.031 0.052 0.004 0.025 0.024   --  
 9300:    1.00    0.042    0.185 0.017 0.010 0.153    0.032 0.031 0.053 0.004 0.025 0.024   --  
 9400:    1.00    0.036    0.198 0.017 0.010 0.158    0.034 0.033 0.055 0.004 0.026 0.025   --  
 9500:    1.00    0.047    0.202 0.017 0.010 0.158    0.035 0.034 0.057 0.004 0.026 0.025   --  
 9600:    1.00    0.046    0.204 0.017 0.010 0.157    0.036 0.034 0.056 0.004 0.026 0.025   --  
 9700:    1.00    0.053    0.207 0.017 0.010 0.157    0.036 0.034 0.057 0.004 0.026 0.025   --  
 9800:    1.00    0.069    0.209 0.017 0.010 0.158    0.036 0.034 0.057 0.004 0.026 0.025   --  
 9900:    1.00    0.073    0.214 0.017 0.010 0.155    0.036 0.035 0.057 0.004 0.026 0.025   --  
10000:    1.00    0.055    0.215 0.017 0.010 0.158    0.037 0.036 0.058 0.004 0.026 0.025   --  

BURNIN completed
 Rep#:   Lambda   Alpha      F1    F2    F3    F4     D1,2  D1,3  D1,4  D2,3  D2,4  D3,4    Ln Like  Est Ln P(D)
10100:    1.00    0.069    0.215 0.017 0.010 0.154    0.037 0.036 0.058 0.004 0.025 0.025   -979587    0 
10200:    1.00    0.079    0.217 0.017 0.010 0.155    0.037 0.036 0.058 0.004 0.026 0.025   -979441    0 
10300:    1.00    0.081    0.221 0.017 0.010 0.158    0.038 0.037 0.059 0.004 0.026 0.025   -979356    0 
10400:    1.00    0.076    0.226 0.017 0.010 0.158    0.038 0.037 0.060 0.004 0.026 0.025   -979032    0 
10500:    1.00    0.089    0.231 0.017 0.010 0.158    0.039 0.038 0.061 0.004 0.026 0.025   -979142    0 
10600:    1.00    0.084    0.232 0.017 0.010 0.156    0.039 0.038 0.061 0.004 0.026 0.025   -979175    0 
10700:    1.00    0.093    0.233 0.018 0.010 0.152    0.040 0.039 0.061 0.004 0.025 0.024   -979041    0 
10800:    1.00    0.075    0.233 0.018 0.010 0.151    0.040 0.039 0.060 0.004 0.025 0.024   -979324    0 
10900:    1.00    0.081    0.238 0.018 0.010 0.151    0.040 0.039 0.060 0.004 0.025 0.024   -979281    0 

--------------------------------------------
Proportion of membership of each pre-defined
 population in each of the 4 clusters

Given    Inferred Clusters              Number of
 Pop       1      2      3      4      Individuals

  1:     0.095  0.556  0.129  0.220       23
--------------------------------------------

 Rep#:   Lambda   Alpha      F1    F2    F3    F4     D1,2  D1,3  D1,4  D2,3  D2,4  D3,4    Ln Like  Est Ln P(D)
11000:    1.00    0.112    0.247 0.018 0.010 0.153    0.042 0.041 0.062 0.004 0.025 0.025   -978661    0 
11100:    1.00    0.064    0.250 0.018 0.010 0.154    0.043 0.042 0.064 0.004 0.026 0.025   -978190    0 
11200:    1.00    0.040    0.255 0.018 0.010 0.156    0.043 0.042 0.064 0.004 0.026 0.025   -978326    0 
11300:    1.00    0.079    0.260 0.018 0.010 0.154    0.044 0.043 0.065 0.004 0.026 0.025   -978287    0 
11400:    1.00    0.051    0.261 0.018 0.010 0.152    0.044 0.042 0.064 0.004 0.025 0.024   -978685    0 
11500:    1.00    0.074    0.261 0.019 0.011 0.152    0.044 0.043 0.065 0.005 0.025 0.024   -977965    0 
11600:    1.00    0.071    0.263 0.019 0.011 0.153    0.044 0.043 0.064 0.005 0.026 0.025   -977626    0 
11700:    1.00    0.061    0.262 0.019 0.011 0.154    0.044 0.043 0.065 0.005 0.026 0.025   -977980    0 
11800:    1.00    0.067    0.264 0.019 0.011 0.154    0.045 0.043 0.065 0.005 0.026 0.025   -978085    0 
11900:    1.00    0.068    0.264 0.019 0.011 0.155    0.044 0.043 0.064 0.005 0.026 0.025   -977872    0 

--------------------------------------------
Proportion of membership of each pre-defined
 population in each of the 4 clusters

Given    Inferred Clusters              Number of
 Pop       1      2      3      4      Individuals

  1:     0.094  0.557  0.129  0.220       23
--------------------------------------------

 Rep#:   Lambda   Alpha      F1    F2    F3    F4     D1,2  D1,3  D1,4  D2,3  D2,4  D3,4    Ln Like  Est Ln P(D)
12000:    1.00    0.054    0.261 0.019 0.011 0.152    0.044 0.043 0.065 0.005 0.025 0.024   -977844    0 
12100:    1.00    0.051    0.263 0.019 0.011 0.151    0.045 0.043 0.065 0.005 0.026 0.025   -977827    0 
12200:    1.00    0.055    0.262 0.019 0.011 0.157    0.044 0.043 0.066 0.005 0.026 0.025   -977820    0 
12300:    1.00    0.079    0.262 0.019 0.011 0.156    0.044 0.043 0.065 0.005 0.026 0.025   -978098    0 
12400:    1.00    0.085    0.260 0.019 0.011 0.156    0.044 0.043 0.065 0.005 0.026 0.025   -977565    0 
12500:    1.00    0.068    0.263 0.020 0.011 0.156    0.044 0.043 0.065 0.005 0.026 0.025   -977691    0 
12600:    1.00    0.076    0.263 0.020 0.011 0.154    0.045 0.043 0.066 0.005 0.026 0.025   -977881    0 
12700:    1.00    0.079    0.259 0.020 0.011 0.155    0.044 0.043 0.064 0.005 0.026 0.025   -978156    0 
12800:    1.00    0.053    0.260 0.020 0.011 0.156    0.044 0.043 0.065 0.005 0.026 0.025   -977571    0 
12900:    1.00    0.048    0.262 0.020 0.011 0.156    0.044 0.043 0.065 0.005 0.026 0.025   -977934    0 

--------------------------------------------
Proportion of membership of each pre-defined
 population in each of the 4 clusters

Given    Inferred Clusters              Number of
 Pop       1      2      3      4      Individuals

  1:     0.092  0.557  0.128  0.223       23
--------------------------------------------

 Rep#:   Lambda   Alpha      F1    F2    F3    F4     D1,2  D1,3  D1,4  D2,3  D2,4  D3,4    Ln Like  Est Ln P(D)
13000:    1.00    0.052    0.258 0.020 0.011 0.155    0.044 0.043 0.065 0.005 0.026 0.025   -977659    0 
13100:    1.00    0.062    0.255 0.020 0.011 0.158    0.043 0.042 0.064 0.005 0.026 0.025   -978232    0 
13200:    1.00    0.050    0.256 0.020 0.011 0.158    0.044 0.042 0.065 0.005 0.026 0.025   -977978    0 
13300:    1.00    0.076    0.256 0.020 0.011 0.159    0.044 0.042 0.065 0.005 0.027 0.026   -977877    0 
13400:    1.00    0.044    0.256 0.020 0.011 0.159    0.043 0.042 0.065 0.005 0.027 0.026   -978100    0 
13500:    1.00    0.060    0.258 0.021 0.011 0.159    0.044 0.042 0.065 0.005 0.027 0.026   -977623    0 
13600:    1.00    0.051    0.253 0.021 0.011 0.159    0.043 0.041 0.064 0.005 0.027 0.026   -977654    0 
13700:    1.00    0.085    0.253 0.021 0.011 0.160    0.043 0.041 0.064 0.005 0.027 0.025   -977591    0 
13800:    1.00    0.063    0.253 0.021 0.011 0.156    0.043 0.042 0.063 0.005 0.026 0.025   -978098    0 
13900:    1.00    0.036    0.253 0.021 0.011 0.160    0.044 0.042 0.065 0.005 0.027 0.026   -978096    0 

--------------------------------------------
Proportion of membership of each pre-defined
 population in each of the 4 clusters

Given    Inferred Clusters              Number of
 Pop       1      2      3      4      Individuals

  1:     0.090  0.562  0.129  0.219       23
--------------------------------------------

 Rep#:   Lambda   Alpha      F1    F2    F3    F4     D1,2  D1,3  D1,4  D2,3  D2,4  D3,4    Ln Like  Est Ln P(D)
14000:    1.00    0.087    0.255 0.021 0.011 0.161    0.044 0.042 0.065 0.005 0.027 0.026   -977399    0 
14100:    1.00    0.074    0.252 0.021 0.011 0.161    0.043 0.042 0.065 0.005 0.027 0.026   -977626    0 
14200:    1.00    0.054    0.252 0.021 0.011 0.161    0.043 0.041 0.065 0.005 0.027 0.026   -977665    0 
14300:    1.00    0.072    0.254 0.021 0.011 0.162    0.043 0.042 0.066 0.005 0.027 0.026   -977250    0 
14400:    1.00    0.079    0.255 0.021 0.011 0.159    0.043 0.042 0.065 0.005 0.027 0.026   -977958    0 
14500:    1.00    0.045    0.258 0.021 0.011 0.161    0.044 0.042 0.065 0.005 0.027 0.026   -977550    0 
14600:    1.00    0.047    0.259 0.021 0.011 0.160    0.044 0.042 0.065 0.005 0.027 0.026   -977645    0 
14700:    1.00    0.050    0.261 0.021 0.011 0.161    0.045 0.043 0.066 0.005 0.027 0.026   -977334    0 
14800:    1.00    0.058    0.261 0.021 0.011 0.161    0.044 0.043 0.065 0.005 0.027 0.026   -977669    0 
14900:    1.00    0.053    0.262 0.021 0.011 0.160    0.045 0.043 0.066 0.005 0.027 0.026   -977826    0 

--------------------------------------------
Proportion of membership of each pre-defined
 population in each of the 4 clusters

Given    Inferred Clusters              Number of
 Pop       1      2      3      4      Individuals

  1:     0.089  0.566  0.127  0.218       23
--------------------------------------------

 Rep#:   Lambda   Alpha      F1    F2    F3    F4     D1,2  D1,3  D1,4  D2,3  D2,4  D3,4    Ln Like  Est Ln P(D)
15000:    1.00    0.060    0.260 0.021 0.011 0.163    0.044 0.043 0.066 0.005 0.027 0.026   -977628    0 
15100:    1.00    0.049    0.258 0.021 0.011 0.161    0.044 0.042 0.065 0.005 0.027 0.026   -977687    0 
15200:    1.00    0.052    0.260 0.021 0.011 0.161    0.044 0.043 0.066 0.005 0.027 0.026   -977815    0 
15300:    1.00    0.047    0.260 0.022 0.011 0.159    0.044 0.042 0.065 0.005 0.027 0.026   -977549    0 
15400:    1.00    0.062    0.260 0.022 0.011 0.159    0.044 0.042 0.065 0.005 0.026 0.025   -977972    0 
15500:    1.00    0.059    0.265 0.022 0.011 0.159    0.045 0.043 0.066 0.005 0.027 0.026   -977658    0 
15600:    1.00    0.048    0.260 0.022 0.011 0.160    0.044 0.042 0.065 0.005 0.027 0.026   -977682    0 
15700:    1.00    0.043    0.261 0.022 0.011 0.160    0.045 0.043 0.065 0.005 0.027 0.026   -977176    0 
15800:    1.00    0.064    0.261 0.022 0.011 0.159    0.045 0.043 0.066 0.005 0.027 0.026   -977189    0 
15900:    1.00    0.044    0.262 0.022 0.011 0.157    0.045 0.043 0.066 0.005 0.027 0.025   -978032    0 

--------------------------------------------
Proportion of membership of each pre-defined
 population in each of the 4 clusters

Given    Inferred Clusters              Number of
 Pop       1      2      3      4      Individuals

  1:     0.090  0.565  0.127  0.218       23
--------------------------------------------

 Rep#:   Lambda   Alpha      F1    F2    F3    F4     D1,2  D1,3  D1,4  D2,3  D2,4  D3,4    Ln Like  Est Ln P(D)
16000:    1.00    0.041    0.261 0.022 0.011 0.157    0.044 0.042 0.065 0.005 0.026 0.025   -977669    0 
16100:    1.00    0.047    0.263 0.022 0.011 0.157    0.044 0.042 0.065 0.005 0.026 0.025   -977585    0 
16200:    1.00    0.058    0.264 0.022 0.011 0.156    0.045 0.043 0.066 0.005 0.026 0.025   -977179    0 
16300:    1.00    0.108    0.265 0.022 0.011 0.156    0.045 0.043 0.065 0.005 0.026 0.025   -977199    0 
16400:    1.00    0.086    0.268 0.022 0.011 0.156    0.045 0.043 0.066 0.005 0.026 0.025   -977547    0 
16500:    1.00    0.084    0.266 0.022 0.011 0.156    0.045 0.044 0.066 0.005 0.027 0.025   -977157    0 
16600:    1.00    0.053    0.264 0.023 0.011 0.157    0.045 0.043 0.065 0.005 0.027 0.025   -977065    0 
16700:    1.00    0.050    0.262 0.023 0.011 0.156    0.045 0.042 0.065 0.005 0.027 0.025   -977525    0 
16800:    1.00    0.061    0.262 0.023 0.011 0.157    0.045 0.043 0.065 0.005 0.027 0.025   -977848    0 
16900:    1.00    0.050    0.263 0.024 0.011 0.159    0.045 0.043 0.066 0.005 0.027 0.026   -976620    0 

--------------------------------------------
Proportion of membership of each pre-defined
 population in each of the 4 clusters

Given    Inferred Clusters              Number of
 Pop       1      2      3      4      Individuals

  1:     0.090  0.558  0.125  0.227       23
--------------------------------------------

 Rep#:   Lambda   Alpha      F1    F2    F3    F4     D1,2  D1,3  D1,4  D2,3  D2,4  D3,4    Ln Like  Est Ln P(D)
17000:    1.00    0.040    0.261 0.024 0.011 0.160    0.044 0.042 0.065 0.005 0.027 0.026   -977642    0 
17100:    1.00    0.090    0.262 0.024 0.011 0.157    0.045 0.043 0.065 0.005 0.027 0.025   -977674    0 
17200:    1.00    0.083    0.262 0.023 0.011 0.154    0.045 0.043 0.065 0.005 0.026 0.025   -977262    0 
17300:    1.00    0.047    0.259 0.024 0.011 0.155    0.044 0.042 0.064 0.005 0.027 0.025   -977274    0 
17400:    1.00    0.055    0.258 0.024 0.011 0.156    0.045 0.043 0.065 0.005 0.026 0.025   -977129    0 
17500:    1.00    0.083    0.259 0.024 0.011 0.156    0.044 0.042 0.064 0.005 0.027 0.025   -976937    0 
17600:    1.00    0.062    0.259 0.024 0.011 0.155    0.044 0.042 0.065 0.005 0.027 0.025   -977186    0 
17700:    1.00    0.073    0.257 0.024 0.011 0.155    0.044 0.042 0.065 0.005 0.026 0.025   -977287    0 
17800:    1.00    0.071    0.262 0.024 0.011 0.155    0.045 0.043 0.065 0.005 0.027 0.025   -976917    0 
17900:    1.00    0.056    0.262 0.024 0.011 0.155    0.045 0.043 0.065 0.005 0.027 0.025   -977734    0 

--------------------------------------------
Proportion of membership of each pre-defined
 population in each of the 4 clusters

Given    Inferred Clusters              Number of
 Pop       1      2      3      4      Individuals

  1:     0.089  0.554  0.126  0.231       23
--------------------------------------------

 Rep#:   Lambda   Alpha      F1    F2    F3    F4     D1,2  D1,3  D1,4  D2,3  D2,4  D3,4    Ln Like  Est Ln P(D)
18000:    1.00    0.062    0.264 0.024 0.011 0.155    0.045 0.043 0.065 0.005 0.027 0.025   -977760    0 
18100:    1.00    0.062    0.260 0.024 0.011 0.154    0.045 0.043 0.065 0.005 0.026 0.025   -977720    0 
18200:    1.00    0.080    0.262 0.024 0.011 0.154    0.045 0.043 0.065 0.005 0.027 0.025   -977854    0 
18300:    1.00    0.054    0.263 0.024 0.011 0.156    0.044 0.042 0.064 0.005 0.027 0.025   -977873    0 
18400:    1.00    0.066    0.262 0.024 0.011 0.156    0.045 0.043 0.065 0.005 0.027 0.025   -977510    0 
18500:    1.00    0.058    0.259 0.024 0.011 0.156    0.044 0.042 0.065 0.005 0.027 0.025   -977683    0 
18600:    1.00    0.063    0.265 0.024 0.011 0.157    0.045 0.043 0.066 0.005 0.027 0.025   -977632    0 
18700:    1.00    0.049    0.266 0.024 0.011 0.157    0.046 0.044 0.066 0.005 0.027 0.025   -977779    0 
18800:    1.00    0.077    0.267 0.024 0.011 0.157    0.046 0.044 0.066 0.005 0.027 0.025   -977397    0 
18900:    1.00    0.086    0.269 0.024 0.011 0.159    0.046 0.044 0.067 0.005 0.027 0.025   -977403    0 

--------------------------------------------
Proportion of membership of each pre-defined
 population in each of the 4 clusters

Given    Inferred Clusters              Number of
 Pop       1      2      3      4      Individuals

  1:     0.084  0.550  0.133  0.233       23
--------------------------------------------

 Rep#:   Lambda   Alpha      F1    F2    F3    F4     D1,2  D1,3  D1,4  D2,3  D2,4  D3,4    Ln Like  Est Ln P(D)
19000:    1.00    0.111    0.269 0.025 0.011 0.158    0.047 0.044 0.067 0.006 0.027 0.026   -977241    0 
19100:    1.00    0.067    0.274 0.027 0.011 0.156    0.047 0.045 0.067 0.006 0.027 0.025   -977273    0 
19200:    1.00    0.093    0.276 0.027 0.011 0.156    0.048 0.045 0.067 0.006 0.027 0.025   -977721    0 
19300:    1.00    0.070    0.279 0.027 0.011 0.157    0.048 0.046 0.068 0.006 0.027 0.026   -977238    0 
19400:    1.00    0.091    0.281 0.027 0.011 0.157    0.048 0.046 0.068 0.006 0.027 0.026   -977143    0 
19500:    1.00    0.084    0.283 0.027 0.011 0.159    0.048 0.046 0.068 0.006 0.027 0.026   -977052    0 
19600:    1.00    0.105    0.284 0.028 0.011 0.156    0.049 0.046 0.069 0.006 0.027 0.025   -977548    0 
19700:    1.00    0.063    0.289 0.028 0.011 0.158    0.050 0.048 0.070 0.006 0.028 0.026   -977237    0 
19800:    1.00    0.058    0.293 0.028 0.011 0.157    0.051 0.048 0.071 0.006 0.028 0.026   -977495    0 
19900:    1.00    0.095    0.292 0.028 0.011 0.160    0.050 0.048 0.071 0.006 0.028 0.025   -977426    0 

--------------------------------------------
Proportion of membership of each pre-defined
 population in each of the 4 clusters

Given    Inferred Clusters              Number of
 Pop       1      2      3      4      Individuals

  1:     0.082  0.547  0.138  0.234       23
--------------------------------------------

 Rep#:   Lambda   Alpha      F1    F2    F3    F4     D1,2  D1,3  D1,4  D2,3  D2,4  D3,4    Ln Like  Est Ln P(D)
20000:    1.00    0.093    0.294 0.028 0.011 0.160    0.051 0.048 0.071 0.006 0.028 0.026   -977042    0 
20100:    1.00    0.067    0.291 0.029 0.011 0.158    0.050 0.047 0.070 0.006 0.028 0.026   -977356    0 
20200:    1.00    0.053    0.291 0.029 0.011 0.159    0.050 0.048 0.070 0.006 0.028 0.026   -977677    0 
20300:    1.00    0.048    0.293 0.029 0.011 0.158    0.051 0.048 0.070 0.006 0.027 0.025   -977493    0 
20400:    1.00    0.063    0.290 0.029 0.011 0.157    0.050 0.047 0.070 0.006 0.028 0.026   -977372    0 
20500:    1.00    0.054    0.292 0.029 0.011 0.157    0.050 0.048 0.070 0.006 0.027 0.025   -977351    0 
20600:    1.00    0.070    0.297 0.029 0.011 0.155    0.051 0.049 0.070 0.006 0.027 0.025   -977186    0 
20700:    1.00    0.060    0.301 0.029 0.012 0.155    0.052 0.049 0.071 0.006 0.027 0.025   -977664    0 
20800:    1.00    0.066    0.300 0.029 0.012 0.155    0.051 0.049 0.071 0.006 0.028 0.025   -977438    0 
20900:    1.00    0.049    0.300 0.029 0.012 0.155    0.052 0.049 0.072 0.006 0.027 0.025   -977113    0 

--------------------------------------------
Proportion of membership of each pre-defined
 population in each of the 4 clusters

Given    Inferred Clusters              Number of
 Pop       1      2      3      4      Individuals

  1:     0.080  0.536  0.139  0.245       23
--------------------------------------------

 Rep#:   Lambda   Alpha      F1    F2    F3    F4     D1,2  D1,3  D1,4  D2,3  D2,4  D3,4    Ln Like  Est Ln P(D)
21000:    1.00    0.064    0.299 0.029 0.012 0.156    0.051 0.049 0.070 0.006 0.027 0.025   -978039    0 
21100:    1.00    0.074    0.298 0.030 0.012 0.155    0.051 0.049 0.071 0.006 0.027 0.025   -977010    0 
21200:    1.00    0.074    0.300 0.030 0.012 0.155    0.052 0.049 0.071 0.006 0.027 0.025   -976898    0 
21300:    1.00    0.053    0.300 0.030 0.012 0.153    0.052 0.049 0.072 0.006 0.027 0.025   -977090    0 
21400:    1.00    0.055    0.300 0.030 0.012 0.151    0.052 0.049 0.071 0.006 0.027 0.025   -977289    0 
21500:    1.00    0.064    0.300 0.030 0.012 0.152    0.052 0.049 0.071 0.006 0.027 0.025   -977072    0 
21600:    1.00    0.077    0.299 0.030 0.012 0.152    0.051 0.048 0.070 0.006 0.027 0.025   -977001    0 
21700:    1.00    0.050    0.295 0.030 0.012 0.154    0.051 0.048 0.070 0.007 0.028 0.025   -976963    0 
21800:    1.00    0.050    0.296 0.030 0.012 0.154    0.051 0.048 0.071 0.006 0.027 0.025   -977520    0 
21900:    1.00    0.071    0.297 0.030 0.012 0.154    0.051 0.048 0.071 0.007 0.028 0.025   -977480    0 

--------------------------------------------
Proportion of membership of each pre-defined
 population in each of the 4 clusters

Given    Inferred Clusters              Number of
 Pop       1      2      3      4      Individuals

  1:     0.081  0.537  0.137  0.245       23
--------------------------------------------

 Rep#:   Lambda   Alpha      F1    F2    F3    F4     D1,2  D1,3  D1,4  D2,3  D2,4  D3,4    Ln Like  Est Ln P(D)
22000:    1.00    0.063    0.298 0.030 0.012 0.154    0.051 0.048 0.070 0.007 0.027 0.025   -977603    0 
22100:    1.00    0.065    0.299 0.030 0.012 0.154    0.052 0.049 0.071 0.007 0.027 0.025   -977119    0 
22200:    1.00    0.060    0.300 0.031 0.012 0.153    0.052 0.049 0.070 0.007 0.027 0.025   -977253    0 
22300:    1.00    0.068    0.298 0.031 0.012 0.153    0.051 0.049 0.070 0.006 0.027 0.025   -977552    0 
22400:    1.00    0.066    0.299 0.031 0.012 0.153    0.052 0.049 0.071 0.007 0.027 0.025   -977560    0 
22500:    1.00    0.050    0.300 0.031 0.012 0.153    0.052 0.049 0.070 0.007 0.027 0.025   -977384    0 
22600:    1.00    0.068    0.304 0.032 0.012 0.153    0.053 0.050 0.072 0.007 0.027 0.025   -977014    0 
22700:    1.00    0.058    0.306 0.032 0.012 0.155    0.053 0.050 0.072 0.007 0.027 0.025   -977112    0 
22800:    1.00    0.058    0.309 0.032 0.012 0.158    0.053 0.050 0.073 0.007 0.028 0.026   -976988    0 
22900:    1.00    0.079    0.312 0.032 0.012 0.158    0.053 0.050 0.072 0.007 0.028 0.025   -977218    0 

--------------------------------------------
Proportion of membership of each pre-defined
 population in each of the 4 clusters

Given    Inferred Clusters              Number of
 Pop       1      2      3      4      Individuals

  1:     0.080  0.536  0.142  0.243       23
--------------------------------------------

 Rep#:   Lambda   Alpha      F1    F2    F3    F4     D1,2  D1,3  D1,4  D2,3  D2,4  D3,4    Ln Like  Est Ln P(D)
23000:    1.00    0.085    0.315 0.033 0.012 0.161    0.055 0.052 0.074 0.007 0.029 0.026   -977038    0 
23100:    1.00    0.097    0.315 0.033 0.012 0.159    0.054 0.051 0.074 0.007 0.028 0.026   -976830    0 
23200:    1.00    0.085    0.317 0.033 0.012 0.161    0.055 0.052 0.075 0.007 0.029 0.026   -976906    0 
23300:    1.00    0.077    0.317 0.032 0.012 0.161    0.055 0.051 0.074 0.007 0.029 0.026   -977267    0 
23400:    1.00    0.039    0.314 0.032 0.012 0.161    0.055 0.051 0.074 0.007 0.028 0.026   -976961    0 
23500:    1.00    0.073    0.318 0.032 0.012 0.158    0.055 0.052 0.074 0.007 0.028 0.026   -977168    0 
23600:    1.00    0.064    0.318 0.032 0.012 0.156    0.055 0.052 0.075 0.007 0.028 0.025   -977317    0 
23700:    1.00    0.042    0.317 0.032 0.012 0.155    0.055 0.052 0.074 0.007 0.028 0.025   -977336    0 
23800:    1.00    0.060    0.319 0.032 0.012 0.155    0.056 0.052 0.074 0.007 0.028 0.026   -977466    0 
23900:    1.00    0.071    0.321 0.032 0.012 0.156    0.055 0.052 0.074 0.007 0.028 0.025   -977026    0 

--------------------------------------------
Proportion of membership of each pre-defined
 population in each of the 4 clusters

Given    Inferred Clusters              Number of
 Pop       1      2      3      4      Individuals

  1:     0.076  0.539  0.143  0.241       23
--------------------------------------------

 Rep#:   Lambda   Alpha      F1    F2    F3    F4     D1,2  D1,3  D1,4  D2,3  D2,4  D3,4    Ln Like  Est Ln P(D)
24000:    1.00    0.037    0.331 0.032 0.012 0.156    0.057 0.054 0.076 0.007 0.028 0.025   -977136    0 
24100:    1.00    0.035    0.331 0.032 0.012 0.157    0.058 0.055 0.077 0.007 0.028 0.026   -976911    0 
24200:    1.00    0.066    0.334 0.032 0.012 0.157    0.058 0.055 0.077 0.007 0.028 0.026   -976822    0 
24300:    1.00    0.085    0.337 0.032 0.012 0.156    0.058 0.055 0.077 0.007 0.028 0.025   -977673    0 
24400:    1.00    0.059    0.337 0.032 0.012 0.154    0.058 0.056 0.077 0.007 0.028 0.025   -977031    0 
24500:    1.00    0.054    0.336 0.032 0.013 0.154    0.058 0.055 0.077 0.007 0.028 0.025   -977631    0 
24600:    1.00    0.087    0.336 0.033 0.013 0.154    0.058 0.055 0.076 0.007 0.028 0.025   -976950    0 
24700:    1.00    0.089    0.336 0.033 0.013 0.155    0.058 0.054 0.076 0.007 0.028 0.026   -977542    0 
24800:    1.00    0.061    0.340 0.033 0.013 0.157    0.058 0.055 0.077 0.007 0.028 0.026   -977543    0 
24900:    1.00    0.062    0.338 0.033 0.013 0.157    0.059 0.055 0.077 0.007 0.028 0.026   -977282    0 

--------------------------------------------
Proportion of membership of each pre-defined
 population in each of the 4 clusters

Given    Inferred Clusters              Number of
 Pop       1      2      3      4      Individuals

  1:     0.077  0.532  0.145  0.246       23
--------------------------------------------

 Rep#:   Lambda   Alpha      F1    F2    F3    F4     D1,2  D1,3  D1,4  D2,3  D2,4  D3,4    Ln Like  Est Ln P(D)
25000:    1.00    0.070    0.336 0.034 0.012 0.158    0.058 0.055 0.077 0.007 0.029 0.026   -976765    0 
25100:    1.00    0.061    0.343 0.035 0.012 0.158    0.059 0.056 0.079 0.007 0.029 0.026   -977307    0 
25200:    1.00    0.074    0.339 0.034 0.012 0.158    0.058 0.055 0.077 0.007 0.028 0.026   -976881    0 
25300:    1.00    0.037    0.342 0.034 0.012 0.158    0.059 0.055 0.077 0.007 0.029 0.026   -977262    0 
25400:    1.00    0.053    0.346 0.034 0.013 0.158    0.060 0.057 0.079 0.007 0.028 0.026   -976973    0 
25500:    1.00    0.083    0.349 0.035 0.013 0.159    0.060 0.057 0.079 0.007 0.029 0.026   -977120    0 
25600:    1.00    0.056    0.350 0.035 0.013 0.157    0.061 0.057 0.080 0.007 0.029 0.026   -977445    0 
25700:    1.00    0.056    0.349 0.035 0.013 0.157    0.060 0.057 0.079 0.007 0.028 0.026   -977331    0 
25800:    1.00    0.054    0.347 0.035 0.013 0.156    0.060 0.056 0.078 0.007 0.028 0.026   -977330    0 
25900:    1.00    0.051    0.348 0.035 0.013 0.158    0.061 0.057 0.080 0.008 0.029 0.026   -977481    0 

--------------------------------------------
Proportion of membership of each pre-defined
 population in each of the 4 clusters

Given    Inferred Clusters              Number of
 Pop       1      2      3      4      Individuals

  1:     0.075  0.528  0.150  0.247       23
--------------------------------------------

 Rep#:   Lambda   Alpha      F1    F2    F3    F4     D1,2  D1,3  D1,4  D2,3  D2,4  D3,4    Ln Like  Est Ln P(D)
26000:    1.00    0.084    0.348 0.035 0.013 0.162    0.060 0.057 0.079 0.007 0.029 0.026   -977491    0 
26100:    1.00    0.072    0.343 0.035 0.013 0.160    0.059 0.055 0.078 0.007 0.029 0.026   -977177    0 
26200:    1.00    0.054    0.343 0.035 0.013 0.159    0.059 0.056 0.078 0.007 0.028 0.026   -977283    0 
26300:    1.00    0.076    0.348 0.036 0.013 0.160    0.061 0.057 0.080 0.007 0.029 0.026   -976799    0 
26400:    1.00    0.061    0.348 0.036 0.013 0.160    0.060 0.057 0.079 0.007 0.029 0.026   -976648    0 
26500:    1.00    0.062    0.349 0.036 0.013 0.160    0.061 0.057 0.080 0.008 0.029 0.026   -976870    0 
26600:    1.00    0.072    0.346 0.036 0.013 0.161    0.060 0.056 0.078 0.008 0.029 0.026   -977278    0 
26700:    1.00    0.055    0.346 0.036 0.013 0.159    0.060 0.056 0.079 0.008 0.029 0.026   -976675    0 
26800:    1.00    0.075    0.348 0.036 0.013 0.160    0.060 0.056 0.079 0.007 0.029 0.027   -976519    0 
26900:    1.00    0.086    0.350 0.036 0.013 0.162    0.061 0.057 0.080 0.008 0.029 0.027   -977405    0 

--------------------------------------------
Proportion of membership of each pre-defined
 population in each of the 4 clusters

Given    Inferred Clusters              Number of
 Pop       1      2      3      4      Individuals

  1:     0.076  0.524  0.157  0.243       23
--------------------------------------------

 Rep#:   Lambda   Alpha      F1    F2    F3    F4     D1,2  D1,3  D1,4  D2,3  D2,4  D3,4    Ln Like  Est Ln P(D)
27000:    1.00    0.055    0.349 0.035 0.013 0.163    0.060 0.057 0.080 0.007 0.029 0.026   -976662    0 
27100:    1.00    0.068    0.346 0.035 0.013 0.159    0.060 0.057 0.079 0.007 0.029 0.026   -976969    0 
27200:    1.00    0.056    0.350 0.035 0.013 0.159    0.061 0.057 0.080 0.008 0.029 0.026   -976921    0 
27300:    1.00    0.061    0.351 0.036 0.013 0.158    0.061 0.058 0.080 0.008 0.029 0.026   -977114    0 
27400:    1.00    0.062    0.351 0.036 0.013 0.158    0.061 0.057 0.079 0.008 0.029 0.026   -976707    0 
27500:    1.00    0.055    0.351 0.036 0.013 0.158    0.061 0.057 0.080 0.008 0.029 0.026   -976960    0 
27600:    1.00    0.071    0.352 0.036 0.013 0.161    0.061 0.057 0.081 0.008 0.029 0.026   -976556    0 
27700:    1.00    0.074    0.353 0.036 0.013 0.161    0.060 0.057 0.079 0.008 0.029 0.026   -976739    0 
27800:    1.00    0.061    0.357 0.036 0.013 0.161    0.061 0.058 0.081 0.008 0.029 0.027   -976792    0 
27900:    1.00    0.066    0.354 0.036 0.013 0.161    0.061 0.058 0.081 0.008 0.029 0.026   -976980    0 

--------------------------------------------
Proportion of membership of each pre-defined
 population in each of the 4 clusters

Given    Inferred Clusters              Number of
 Pop       1      2      3      4      Individuals

  1:     0.074  0.520  0.162  0.244       23
--------------------------------------------

 Rep#:   Lambda   Alpha      F1    F2    F3    F4     D1,2  D1,3  D1,4  D2,3  D2,4  D3,4    Ln Like  Est Ln P(D)
28000:    1.00    0.089    0.354 0.036 0.014 0.162    0.062 0.058 0.081 0.008 0.029 0.027   -976434    0 
28100:    1.00    0.062    0.353 0.037 0.014 0.160    0.061 0.058 0.081 0.008 0.029 0.026   -976535    0 
28200:    1.00    0.080    0.349 0.037 0.014 0.161    0.061 0.057 0.080 0.008 0.029 0.026   -977009    0 
28300:    1.00    0.068    0.352 0.037 0.014 0.161    0.061 0.057 0.080 0.008 0.029 0.026   -976640    0 
28400:    1.00    0.065    0.350 0.037 0.014 0.162    0.061 0.057 0.080 0.008 0.029 0.026   -977204    0 
28500:    1.00    0.052    0.349 0.037 0.013 0.160    0.060 0.057 0.079 0.008 0.029 0.026   -976972    0 
28600:    1.00    0.067    0.348 0.036 0.013 0.160    0.061 0.057 0.079 0.008 0.029 0.026   -976815    0 
28700:    1.00    0.086    0.348 0.036 0.013 0.160    0.061 0.057 0.080 0.008 0.029 0.026   -976958    0 
28800:    1.00    0.058    0.349 0.037 0.013 0.159    0.061 0.057 0.079 0.008 0.029 0.026   -976826    0 
28900:    1.00    0.069    0.352 0.037 0.013 0.156    0.062 0.058 0.080 0.008 0.028 0.026   -977042    0 

--------------------------------------------
Proportion of membership of each pre-defined
 population in each of the 4 clusters

Given    Inferred Clusters              Number of
 Pop       1      2      3      4      Individuals

  1:     0.075  0.509  0.170  0.246       23
--------------------------------------------

 Rep#:   Lambda   Alpha      F1    F2    F3    F4     D1,2  D1,3  D1,4  D2,3  D2,4  D3,4    Ln Like  Est Ln P(D)
29000:    1.00    0.098    0.353 0.038 0.013 0.157    0.061 0.057 0.079 0.008 0.029 0.026   -976526    0 
29100:    1.00    0.065    0.352 0.038 0.013 0.159    0.061 0.058 0.080 0.008 0.029 0.026   -976328    0 
29200:    1.00    0.045    0.352 0.038 0.013 0.158    0.061 0.057 0.080 0.008 0.029 0.026   -976057    0 
29300:    1.00    0.083    0.356 0.038 0.013 0.160    0.062 0.058 0.082 0.008 0.029 0.026   -975730    0 
29400:    1.00    0.067    0.356 0.038 0.013 0.162    0.062 0.058 0.081 0.008 0.030 0.027   -976169    0 
29500:    1.00    0.089    0.355 0.038 0.013 0.162    0.062 0.058 0.081 0.008 0.030 0.026   -976246    0 
29600:    1.00    0.101    0.360 0.038 0.014 0.162    0.062 0.059 0.081 0.008 0.030 0.027   -976308    0 
29700:    1.00    0.057    0.363 0.038 0.014 0.162    0.063 0.060 0.082 0.008 0.030 0.027   -976168    0 
29800:    1.00    0.061    0.359 0.038 0.014 0.162    0.062 0.058 0.081 0.008 0.030 0.027   -975637    0 
29900:    1.00    0.073    0.355 0.038 0.014 0.162    0.063 0.059 0.081 0.008 0.030 0.027   -976326    0 

--------------------------------------------
Proportion of membership of each pre-defined
 population in each of the 4 clusters

Given    Inferred Clusters              Number of
 Pop       1      2      3      4      Individuals

  1:     0.074  0.499  0.182  0.245       23
--------------------------------------------

 Rep#:   Lambda   Alpha      F1    F2    F3    F4     D1,2  D1,3  D1,4  D2,3  D2,4  D3,4    Ln Like  Est Ln P(D)
30000:    1.00    0.082    0.357 0.038 0.014 0.163    0.062 0.059 0.081 0.008 0.029 0.026   -976664    0 
30100:    1.00    0.083    0.359 0.039 0.014 0.161    0.062 0.059 0.081 0.008 0.029 0.026   -976424    0 
30200:    1.00    0.077    0.360 0.039 0.014 0.161    0.062 0.059 0.081 0.008 0.029 0.026   -976147    0 
30300:    1.00    0.068    0.363 0.038 0.014 0.163    0.063 0.059 0.082 0.008 0.030 0.027   -976063    0 
30400:    1.00    0.059    0.362 0.038 0.014 0.163    0.063 0.060 0.083 0.008 0.030 0.027   -975875    0 
30500:    1.00    0.080    0.359 0.038 0.014 0.164    0.063 0.059 0.082 0.008 0.030 0.027   -976026    0 
30600:    1.00    0.085    0.365 0.038 0.014 0.165    0.063 0.060 0.083 0.008 0.030 0.027   -976216    0 
30700:    1.00    0.078    0.365 0.038 0.014 0.167    0.063 0.060 0.083 0.008 0.030 0.027   -976262    0 
30800:    1.00    0.055    0.366 0.038 0.014 0.164    0.064 0.061 0.084 0.008 0.030 0.027   -976028    0 
30900:    1.00    0.083    0.371 0.038 0.014 0.165    0.065 0.061 0.084 0.008 0.030 0.027   -975986    0 

--------------------------------------------
Proportion of membership of each pre-defined
 population in each of the 4 clusters

Given    Inferred Clusters              Number of
 Pop       1      2      3      4      Individuals

  1:     0.072  0.501  0.185  0.242       23
--------------------------------------------

 Rep#:   Lambda   Alpha      F1    F2    F3    F4     D1,2  D1,3  D1,4  D2,3  D2,4  D3,4    Ln Like  Est Ln P(D)
31000:    1.00    0.081    0.375 0.039 0.014 0.165    0.065 0.061 0.083 0.008 0.030 0.027   -976229    0 
31100:    1.00    0.059    0.372 0.038 0.014 0.163    0.064 0.060 0.083 0.008 0.030 0.027   -976235    0 
31200:    1.00    0.085    0.372 0.038 0.014 0.164    0.065 0.061 0.084 0.008 0.030 0.027   -977045    0 
31300:    1.00    0.056    0.380 0.038 0.014 0.163    0.066 0.062 0.085 0.008 0.030 0.027   -975700    0 
31400:    1.00    0.049    0.377 0.038 0.014 0.162    0.065 0.061 0.083 0.008 0.029 0.026   -976151    0 
31500:    1.00    0.071    0.377 0.038 0.014 0.164    0.066 0.062 0.085 0.008 0.030 0.027   -976223    0 
31600:    1.00    0.084    0.377 0.038 0.014 0.164    0.065 0.061 0.084 0.008 0.030 0.027   -976327    0 
31700:    1.00    0.047    0.384 0.039 0.014 0.162    0.066 0.063 0.086 0.008 0.030 0.027   -975890    0 
31800:    1.00    0.062    0.385 0.039 0.014 0.164    0.066 0.063 0.085 0.008 0.029 0.027   -975794    0 
31900:    1.00    0.075    0.385 0.038 0.014 0.164    0.066 0.063 0.085 0.008 0.030 0.027   -976412    0 

--------------------------------------------
Proportion of membership of each pre-defined
 population in each of the 4 clusters

Given    Inferred Clusters              Number of
 Pop       1      2      3      4      Individuals

  1:     0.072  0.496  0.188  0.244       23
--------------------------------------------

 Rep#:   Lambda   Alpha      F1    F2    F3    F4     D1,2  D1,3  D1,4  D2,3  D2,4  D3,4    Ln Like  Est Ln P(D)
32000:    1.00    0.096    0.387 0.038 0.014 0.165    0.066 0.063 0.086 0.008 0.030 0.027   -975727    0 
32100:    1.00    0.093    0.382 0.039 0.014 0.166    0.066 0.063 0.086 0.008 0.030 0.027   -975750    0 
32200:    1.00    0.072    0.384 0.039 0.014 0.165    0.067 0.063 0.086 0.008 0.030 0.027   -975283    0 
32300:    1.00    0.068    0.389 0.039 0.014 0.162    0.068 0.064 0.087 0.008 0.029 0.027   -975868    0 
32400:    1.00    0.077    0.388 0.039 0.014 0.162    0.067 0.064 0.086 0.008 0.029 0.027   -976068    0 
32500:    1.00    0.074    0.387 0.039 0.014 0.162    0.067 0.064 0.087 0.008 0.030 0.027   -975510    0 
32600:    1.00    0.093    0.391 0.039 0.014 0.161    0.068 0.064 0.086 0.008 0.030 0.026   -975666    0 
32700:    1.00    0.070    0.388 0.039 0.014 0.161    0.068 0.064 0.087 0.008 0.029 0.027   -975913    0 
32800:    1.00    0.061    0.388 0.039 0.014 0.161    0.067 0.063 0.086 0.008 0.029 0.026   -975865    0 
32900:    1.00    0.086    0.389 0.039 0.014 0.161    0.067 0.063 0.086 0.008 0.030 0.027   -976093    0 

--------------------------------------------
Proportion of membership of each pre-defined
 population in each of the 4 clusters

Given    Inferred Clusters              Number of
 Pop       1      2      3      4      Individuals

  1:     0.072  0.490  0.194  0.244       23
--------------------------------------------

 Rep#:   Lambda   Alpha      F1    F2    F3    F4     D1,2  D1,3  D1,4  D2,3  D2,4  D3,4    Ln Like  Est Ln P(D)
33000:    1.00    0.074    0.387 0.039 0.014 0.161    0.067 0.063 0.086 0.008 0.029 0.026   -975389    0 
33100:    1.00    0.072    0.395 0.039 0.014 0.162    0.068 0.065 0.087 0.008 0.029 0.027   -975637    0 
33200:    1.00    0.066    0.400 0.038 0.014 0.162    0.069 0.065 0.088 0.008 0.030 0.027   -975852    0 
33300:    1.00    0.077    0.397 0.039 0.014 0.162    0.069 0.065 0.087 0.008 0.030 0.027   -975917    0 
33400:    1.00    0.072    0.395 0.038 0.014 0.159    0.069 0.065 0.086 0.008 0.029 0.026   -975949    0 
33500:    1.00    0.077    0.398 0.038 0.014 0.161    0.069 0.065 0.087 0.008 0.029 0.027   -975990    0 
33600:    1.00    0.067    0.401 0.038 0.014 0.159    0.069 0.066 0.088 0.008 0.030 0.027   -975945    0 
33700:    1.00    0.058    0.405 0.038 0.014 0.156    0.070 0.066 0.088 0.008 0.029 0.026   -976397    0 
33800:    1.00    0.084    0.399 0.038 0.015 0.157    0.069 0.065 0.087 0.008 0.029 0.026   -975654    0 
33900:    1.00    0.044    0.402 0.038 0.015 0.157    0.069 0.066 0.087 0.008 0.029 0.026   -975671    0 

--------------------------------------------
Proportion of membership of each pre-defined
 population in each of the 4 clusters

Given    Inferred Clusters              Number of
 Pop       1      2      3      4      Individuals

  1:     0.071  0.496  0.189  0.244       23
--------------------------------------------

 Rep#:   Lambda   Alpha      F1    F2    F3    F4     D1,2  D1,3  D1,4  D2,3  D2,4  D3,4    Ln Like  Est Ln P(D)
34000:    1.00    0.062    0.400 0.038 0.015 0.156    0.069 0.065 0.088 0.008 0.029 0.026   -975669    0 
34100:    1.00    0.047    0.397 0.038 0.015 0.156    0.069 0.065 0.086 0.008 0.029 0.026   -975986    0 
34200:    1.00    0.097    0.400 0.038 0.015 0.155    0.069 0.066 0.087 0.008 0.028 0.026   -976421    0 
34300:    1.00    0.067    0.399 0.038 0.015 0.154    0.069 0.065 0.087 0.008 0.028 0.025   -975585    0 
34400:    1.00    0.082    0.402 0.038 0.015 0.154    0.069 0.066 0.086 0.008 0.028 0.026   -976007    0 
34500:    1.00    0.062    0.401 0.038 0.015 0.156    0.070 0.066 0.088 0.008 0.029 0.026   -975830    0 
34600:    1.00    0.065    0.405 0.037 0.015 0.155    0.070 0.066 0.088 0.008 0.028 0.026   -976426    0 
34700:    1.00    0.064    0.403 0.037 0.015 0.156    0.070 0.067 0.089 0.008 0.028 0.026   -975359    0 
34800:    1.00    0.075    0.400 0.037 0.015 0.155    0.070 0.066 0.088 0.008 0.028 0.026   -975847    0 
34900:    1.00    0.054    0.400 0.037 0.015 0.155    0.069 0.066 0.087 0.008 0.028 0.026   -975627    0 

--------------------------------------------
Proportion of membership of each pre-defined
 population in each of the 4 clusters

Given    Inferred Clusters              Number of
 Pop       1      2      3      4      Individuals

  1:     0.071  0.498  0.193  0.238       23
--------------------------------------------

 Rep#:   Lambda   Alpha      F1    F2    F3    F4     D1,2  D1,3  D1,4  D2,3  D2,4  D3,4    Ln Like  Est Ln P(D)
35000:    1.00    0.075    0.396 0.037 0.015 0.154    0.069 0.065 0.087 0.008 0.028 0.025   -975496    0 
35100:    1.00    0.089    0.393 0.037 0.015 0.154    0.068 0.065 0.086 0.008 0.028 0.026   -976252    0 
35200:    1.00    0.073    0.396 0.037 0.015 0.152    0.068 0.065 0.086 0.008 0.028 0.025   -975826    0 
35300:    1.00    0.064    0.393 0.037 0.015 0.152    0.068 0.064 0.085 0.008 0.028 0.026   -975602    0 
35400:    1.00    0.066    0.393 0.038 0.015 0.153    0.067 0.064 0.085 0.008 0.028 0.026   -975825    0 
35500:    1.00    0.076    0.392 0.038 0.015 0.153    0.068 0.065 0.086 0.008 0.028 0.025   -976164    0 
35600:    1.00    0.054    0.392 0.038 0.015 0.154    0.068 0.064 0.086 0.008 0.028 0.026   -975544    0 
35700:    1.00    0.064    0.390 0.038 0.015 0.154    0.068 0.064 0.086 0.008 0.028 0.026   -975651    0 
35800:    1.00    0.057    0.390 0.037 0.015 0.154    0.067 0.064 0.085 0.008 0.028 0.025   -975938    0 
35900:    1.00    0.054    0.384 0.038 0.015 0.154    0.067 0.063 0.084 0.008 0.028 0.026   -976027    0 

--------------------------------------------
Proportion of membership of each pre-defined
 population in each of the 4 clusters

Given    Inferred Clusters              Number of
 Pop       1      2      3      4      Individuals

  1:     0.072  0.490  0.193  0.245       23
--------------------------------------------

 Rep#:   Lambda   Alpha      F1    F2    F3    F4     D1,2  D1,3  D1,4  D2,3  D2,4  D3,4    Ln Like  Est Ln P(D)
36000:    1.00    0.067    0.384 0.038 0.015 0.155    0.067 0.063 0.084 0.008 0.028 0.026   -975505    0 
36100:    1.00    0.053    0.384 0.038 0.015 0.157    0.066 0.063 0.084 0.008 0.029 0.026   -975786    0 
36200:    1.00    0.053    0.384 0.038 0.015 0.157    0.066 0.063 0.084 0.008 0.029 0.026   -975346    0 
36300:    1.00    0.054    0.384 0.038 0.015 0.158    0.066 0.063 0.085 0.008 0.029 0.026   -975824    0 
36400:    1.00    0.073    0.383 0.038 0.015 0.158    0.066 0.063 0.085 0.008 0.029 0.026   -975399    0 
36500:    1.00    0.126    0.382 0.037 0.015 0.157    0.065 0.062 0.083 0.008 0.029 0.026   -975726    0 
36600:    1.00    0.072    0.382 0.037 0.015 0.157    0.066 0.063 0.084 0.008 0.029 0.026   -975890    0 
36700:    1.00    0.079    0.380 0.038 0.015 0.157    0.066 0.062 0.084 0.008 0.028 0.026   -975397    0 
36800:    1.00    0.085    0.378 0.038 0.015 0.156    0.066 0.062 0.084 0.008 0.028 0.026   -976085    0 
36900:    1.00    0.079    0.387 0.038 0.016 0.156    0.067 0.063 0.085 0.008 0.029 0.026   -975636    0 

--------------------------------------------
Proportion of membership of each pre-defined
 population in each of the 4 clusters

Given    Inferred Clusters              Number of
 Pop       1      2      3      4      Individuals

  1:     0.073  0.492  0.190  0.245       23
--------------------------------------------

 Rep#:   Lambda   Alpha      F1    F2    F3    F4     D1,2  D1,3  D1,4  D2,3  D2,4  D3,4    Ln Like  Est Ln P(D)
37000:    1.00    0.057    0.386 0.038 0.016 0.156    0.066 0.063 0.084 0.008 0.029 0.026   -975586    0 
37100:    1.00    0.083    0.394 0.039 0.016 0.156    0.068 0.065 0.087 0.008 0.029 0.026   -975272    0 
37200:    1.00    0.070    0.396 0.038 0.016 0.156    0.068 0.065 0.086 0.008 0.029 0.026   -975153    0 
37300:    1.00    0.056    0.393 0.038 0.016 0.155    0.068 0.065 0.086 0.008 0.029 0.026   -975321    0 
37400:    1.00    0.036    0.393 0.038 0.016 0.154    0.067 0.064 0.086 0.008 0.029 0.026   -975678    0 
37500:    1.00    0.055    0.391 0.038 0.016 0.154    0.068 0.064 0.086 0.008 0.028 0.026   -975741    0 
37600:    1.00    0.104    0.393 0.038 0.016 0.152    0.068 0.065 0.086 0.008 0.028 0.026   -975810    0 
37700:    1.00    0.082    0.390 0.038 0.016 0.151    0.067 0.064 0.084 0.008 0.028 0.025   -975592    0 
37800:    1.00    0.084    0.389 0.038 0.016 0.156    0.068 0.065 0.086 0.008 0.029 0.026   -975763    0 
37900:    1.00    0.073    0.389 0.038 0.016 0.157    0.068 0.064 0.085 0.008 0.029 0.026   -975002    0 

--------------------------------------------
Proportion of membership of each pre-defined
 population in each of the 4 clusters

Given    Inferred Clusters              Number of
 Pop       1      2      3      4      Individuals

  1:     0.072  0.493  0.189  0.246       23
--------------------------------------------

 Rep#:   Lambda   Alpha      F1    F2    F3    F4     D1,2  D1,3  D1,4  D2,3  D2,4  D3,4    Ln Like  Est Ln P(D)
38000:    1.00    0.052    0.386 0.038 0.016 0.158    0.067 0.064 0.085 0.008 0.029 0.026   -975128    0 
38100:    1.00    0.081    0.386 0.038 0.016 0.156    0.067 0.064 0.085 0.008 0.029 0.026   -975572    0 
38200:    1.00    0.096    0.391 0.038 0.016 0.161    0.067 0.064 0.086 0.008 0.029 0.027   -976062    0 
38300:    1.00    0.044    0.397 0.038 0.016 0.162    0.069 0.066 0.088 0.008 0.029 0.027   -975980    0 
38400:    1.00    0.066    0.395 0.038 0.016 0.163    0.069 0.066 0.087 0.008 0.029 0.027   -975689    0 
38500:    1.00    0.051    0.403 0.039 0.016 0.161    0.070 0.066 0.088 0.008 0.029 0.027   -975842    0 
38600:    1.00    0.076    0.396 0.039 0.016 0.161    0.069 0.065 0.087 0.008 0.030 0.027   -975258    0 
38700:    1.00    0.102    0.396 0.039 0.016 0.161    0.069 0.065 0.087 0.008 0.029 0.027   -975828    0 
38800:    1.00    0.052    0.397 0.039 0.016 0.161    0.069 0.066 0.088 0.008 0.029 0.027   -974977    0 
38900:    1.00    0.057    0.399 0.039 0.017 0.159    0.069 0.065 0.088 0.008 0.029 0.027   -975630    0 

--------------------------------------------
Proportion of membership of each pre-defined
 population in each of the 4 clusters

Given    Inferred Clusters              Number of
 Pop       1      2      3      4      Individuals

  1:     0.070  0.505  0.190  0.236       23
--------------------------------------------

 Rep#:   Lambda   Alpha      F1    F2    F3    F4     D1,2  D1,3  D1,4  D2,3  D2,4  D3,4    Ln Like  Est Ln P(D)
39000:    1.00    0.055    0.403 0.038 0.017 0.160    0.070 0.066 0.088 0.008 0.029 0.027   -975170    0 
39100:    1.00    0.088    0.399 0.038 0.017 0.160    0.069 0.066 0.088 0.008 0.029 0.027   -975385    0 
39200:    1.00    0.077    0.401 0.038 0.017 0.162    0.069 0.066 0.088 0.008 0.030 0.027   -975111    0 
39300:    1.00    0.041    0.405 0.038 0.017 0.162    0.070 0.067 0.089 0.008 0.029 0.027   -975488    0 
39400:    1.00    0.046    0.406 0.038 0.017 0.162    0.070 0.067 0.089 0.008 0.030 0.027   -975303    0 
39500:    1.00    0.095    0.406 0.039 0.017 0.166    0.070 0.067 0.089 0.008 0.030 0.027   -975509    0 
39600:    1.00    0.049    0.405 0.039 0.017 0.163    0.070 0.067 0.089 0.009 0.030 0.027   -974825    0 
39700:    1.00    0.064    0.411 0.038 0.017 0.164    0.070 0.067 0.089 0.009 0.030 0.027   -975183    0 
39800:    1.00    0.063    0.404 0.038 0.017 0.163    0.070 0.066 0.088 0.008 0.029 0.027   -975319    0 
39900:    1.00    0.043    0.400 0.038 0.017 0.163    0.069 0.066 0.089 0.008 0.029 0.027   -975796    0 

--------------------------------------------
Proportion of membership of each pre-defined
 population in each of the 4 clusters

Given    Inferred Clusters              Number of
 Pop       1      2      3      4      Individuals

  1:     0.070  0.497  0.192  0.241       23
--------------------------------------------

 Rep#:   Lambda   Alpha      F1    F2    F3    F4     D1,2  D1,3  D1,4  D2,3  D2,4  D3,4    Ln Like  Est Ln P(D)
40000:    1.00    0.050    0.401 0.038 0.017 0.163    0.069 0.066 0.088 0.008 0.030 0.027   -975671    0 
40100:    1.00    0.053    0.401 0.038 0.017 0.161    0.069 0.066 0.088 0.008 0.029 0.027   -975471    0 
40200:    1.00    0.050    0.402 0.038 0.017 0.165    0.069 0.066 0.089 0.008 0.030 0.028   -975703    0 
40300:    1.00    0.063    0.394 0.038 0.017 0.165    0.068 0.065 0.088 0.008 0.030 0.027   -975186    0 
40400:    1.00    0.050    0.397 0.038 0.017 0.163    0.068 0.065 0.087 0.008 0.030 0.027   -975469    0 
40500:    1.00    0.065    0.399 0.038 0.017 0.160    0.069 0.066 0.088 0.008 0.029 0.027   -975873    0 
40600:    1.00    0.068    0.400 0.038 0.017 0.164    0.069 0.066 0.088 0.008 0.030 0.027   -975598    0 
40700:    1.00    0.072    0.402 0.038 0.017 0.164    0.069 0.066 0.088 0.008 0.030 0.027   -975543    0 
40800:    1.00    0.055    0.403 0.039 0.017 0.165    0.070 0.066 0.089 0.008 0.030 0.028   -975514    0 
40900:    1.00    0.088    0.405 0.039 0.017 0.164    0.070 0.067 0.089 0.009 0.030 0.027   -975770    0 

--------------------------------------------
Proportion of membership of each pre-defined
 population in each of the 4 clusters

Given    Inferred Clusters              Number of
 Pop       1      2      3      4      Individuals

  1:     0.069  0.495  0.194  0.242       23
--------------------------------------------

 Rep#:   Lambda   Alpha      F1    F2    F3    F4     D1,2  D1,3  D1,4  D2,3  D2,4  D3,4    Ln Like  Est Ln P(D)
41000:    1.00    0.053    0.404 0.039 0.017 0.163    0.069 0.066 0.088 0.008 0.030 0.027   -975728    0 
41100:    1.00    0.060    0.404 0.039 0.017 0.163    0.070 0.067 0.089 0.008 0.030 0.027   -975296    0 
41200:    1.00    0.095    0.404 0.039 0.017 0.164    0.070 0.066 0.088 0.009 0.030 0.027   -975365    0 
41300:    1.00    0.072    0.402 0.039 0.017 0.164    0.070 0.066 0.088 0.008 0.030 0.027   -975595    0 
41400:    1.00    0.051    0.402 0.039 0.017 0.163    0.070 0.067 0.089 0.009 0.030 0.028   -975286    0 
41500:    1.00    0.049    0.402 0.039 0.017 0.161    0.069 0.066 0.087 0.008 0.029 0.027   -975720    0 
41600:    1.00    0.063    0.401 0.039 0.017 0.160    0.069 0.066 0.087 0.009 0.029 0.027   -975609    0 
41700:    1.00    0.059    0.397 0.038 0.017 0.161    0.069 0.065 0.088 0.009 0.029 0.027   -975626    0 
41800:    1.00    0.050    0.398 0.039 0.017 0.161    0.069 0.066 0.088 0.008 0.030 0.027   -975551    0 
41900:    1.00    0.062    0.403 0.039 0.017 0.161    0.070 0.067 0.089 0.009 0.030 0.027   -975006    0 

--------------------------------------------
Proportion of membership of each pre-defined
 population in each of the 4 clusters

Given    Inferred Clusters              Number of
 Pop       1      2      3      4      Individuals

  1:     0.070  0.496  0.196  0.237       23
--------------------------------------------

 Rep#:   Lambda   Alpha      F1    F2    F3    F4     D1,2  D1,3  D1,4  D2,3  D2,4  D3,4    Ln Like  Est Ln P(D)
42000:    1.00    0.077    0.405 0.038 0.017 0.159    0.070 0.066 0.088 0.008 0.029 0.027   -975343    0 
42100:    1.00    0.070    0.404 0.038 0.018 0.161    0.070 0.067 0.089 0.009 0.030 0.027   -975481    0 
42200:    1.00    0.076    0.406 0.038 0.018 0.160    0.070 0.067 0.089 0.009 0.029 0.027   -975545    0 
42300:    1.00    0.047    0.406 0.038 0.018 0.159    0.070 0.067 0.088 0.009 0.029 0.027   -974959    0 
42400:    1.00    0.060    0.403 0.039 0.018 0.159    0.070 0.067 0.089 0.009 0.029 0.027   -975555    0 
42500:    1.00    0.096    0.412 0.039 0.018 0.166    0.071 0.068 0.090 0.009 0.030 0.028   -975550    0 
42600:    1.00    0.067    0.413 0.039 0.018 0.165    0.072 0.068 0.091 0.009 0.030 0.028   -975530    0 
42700:    1.00    0.056    0.414 0.039 0.018 0.165    0.072 0.069 0.090 0.009 0.030 0.027   -974778    0 
42800:    1.00    0.066    0.412 0.038 0.018 0.167    0.071 0.068 0.091 0.008 0.030 0.028   -975419    0 
42900:    1.00    0.102    0.410 0.038 0.018 0.167    0.071 0.068 0.090 0.009 0.030 0.028   -975228    0 

--------------------------------------------
Proportion of membership of each pre-defined
 population in each of the 4 clusters

Given    Inferred Clusters              Number of
 Pop       1      2      3      4      Individuals

  1:     0.071  0.499  0.195  0.235       23
--------------------------------------------

 Rep#:   Lambda   Alpha      F1    F2    F3    F4     D1,2  D1,3  D1,4  D2,3  D2,4  D3,4    Ln Like  Est Ln P(D)
43000:    1.00    0.055    0.408 0.039 0.018 0.169    0.071 0.068 0.091 0.009 0.031 0.029   -975083    0 
43100:    1.00    0.053    0.408 0.039 0.018 0.166    0.070 0.067 0.089 0.008 0.030 0.028   -975780    0 
43200:    1.00    0.068    0.413 0.038 0.018 0.167    0.071 0.069 0.091 0.008 0.030 0.028   -975615    0 
43300:    1.00    0.076    0.413 0.038 0.018 0.164    0.071 0.068 0.090 0.008 0.030 0.027   -975740    0 
43400:    1.00    0.071    0.402 0.038 0.018 0.165    0.070 0.066 0.089 0.009 0.030 0.027   -976040    0 
43500:    1.00    0.084    0.406 0.038 0.018 0.165    0.070 0.067 0.090 0.008 0.030 0.027   -975646    0 
43600:    1.00    0.064    0.406 0.038 0.018 0.164    0.070 0.067 0.089 0.008 0.030 0.028   -975349    0 
43700:    1.00    0.067    0.400 0.038 0.018 0.164    0.069 0.066 0.088 0.008 0.030 0.028   -975754    0 
43800:    1.00    0.056    0.410 0.038 0.018 0.162    0.071 0.068 0.091 0.009 0.029 0.027   -975614    0 
43900:    1.00    0.046    0.410 0.037 0.018 0.165    0.070 0.067 0.090 0.008 0.030 0.028   -975792    0 

--------------------------------------------
Proportion of membership of each pre-defined
 population in each of the 4 clusters

Given    Inferred Clusters              Number of
 Pop       1      2      3      4      Individuals

  1:     0.070  0.499  0.198  0.232       23
--------------------------------------------

 Rep#:   Lambda   Alpha      F1    F2    F3    F4     D1,2  D1,3  D1,4  D2,3  D2,4  D3,4    Ln Like  Est Ln P(D)
44000:    1.00    0.061    0.410 0.036 0.018 0.162    0.071 0.068 0.090 0.008 0.030 0.028   -975585    0 
44100:    1.00    0.067    0.413 0.036 0.018 0.162    0.071 0.068 0.089 0.008 0.029 0.027   -975956    0 
44200:    1.00    0.063    0.413 0.036 0.018 0.165    0.071 0.068 0.090 0.008 0.030 0.028   -975661    0 
44300:    1.00    0.049    0.414 0.036 0.018 0.165    0.072 0.069 0.092 0.008 0.030 0.028   -975646    0 
44400:    1.00    0.068    0.410 0.037 0.018 0.165    0.071 0.068 0.091 0.008 0.030 0.028   -975267    0 
44500:    1.00    0.063    0.408 0.037 0.018 0.164    0.071 0.068 0.090 0.008 0.029 0.027   -975132    0 
44600:    1.00    0.061    0.407 0.037 0.018 0.162    0.070 0.067 0.089 0.008 0.029 0.027   -975571    0 
44700:    1.00    0.046    0.408 0.037 0.018 0.164    0.069 0.066 0.089 0.008 0.030 0.028   -975734    0 
44800:    1.00    0.060    0.407 0.036 0.018 0.164    0.070 0.067 0.089 0.008 0.029 0.027   -975562    0 
44900:    1.00    0.054    0.403 0.036 0.018 0.160    0.070 0.067 0.089 0.008 0.029 0.027   -975936    0 

--------------------------------------------
Proportion of membership of each pre-defined
 population in each of the 4 clusters

Given    Inferred Clusters              Number of
 Pop       1      2      3      4      Individuals

  1:     0.071  0.491  0.196  0.242       23
--------------------------------------------

 Rep#:   Lambda   Alpha      F1    F2    F3    F4     D1,2  D1,3  D1,4  D2,3  D2,4  D3,4    Ln Like  Est Ln P(D)
45000:    1.00    0.047    0.402 0.036 0.018 0.159    0.070 0.067 0.088 0.008 0.029 0.027   -975528    0 
45100:    1.00    0.036    0.406 0.036 0.018 0.159    0.070 0.067 0.089 0.008 0.029 0.027   -975820    0 
45200:    1.00    0.040    0.406 0.036 0.018 0.161    0.069 0.066 0.087 0.008 0.029 0.027   -975965    0 
45300:    1.00    0.080    0.407 0.036 0.018 0.160    0.069 0.067 0.087 0.008 0.029 0.027   -976079    0 
45400:    1.00    0.068    0.413 0.036 0.018 0.159    0.071 0.068 0.090 0.008 0.029 0.027   -976066    0 
45500:    1.00    0.036    0.407 0.036 0.018 0.162    0.070 0.067 0.088 0.008 0.029 0.027   -975728    0 
45600:    1.00    0.063    0.410 0.035 0.018 0.159    0.070 0.068 0.089 0.008 0.029 0.027   -976147    0 
45700:    1.00    0.054    0.413 0.035 0.018 0.159    0.071 0.068 0.090 0.008 0.029 0.027   -976340    0 
45800:    1.00    0.046    0.413 0.036 0.018 0.159    0.071 0.068 0.090 0.008 0.029 0.027   -976026    0 
45900:    1.00    0.047    0.415 0.036 0.018 0.158    0.071 0.069 0.090 0.008 0.028 0.027   -975883    0 

--------------------------------------------
Proportion of membership of each pre-defined
 population in each of the 4 clusters

Given    Inferred Clusters              Number of
 Pop       1      2      3      4      Individuals

  1:     0.069  0.494  0.194  0.243       23
--------------------------------------------

 Rep#:   Lambda   Alpha      F1    F2    F3    F4     D1,2  D1,3  D1,4  D2,3  D2,4  D3,4    Ln Like  Est Ln P(D)
46000:    1.00    0.051    0.408 0.037 0.018 0.157    0.071 0.068 0.088 0.008 0.028 0.026   -975345    0 
46100:    1.00    0.087    0.404 0.036 0.018 0.159    0.069 0.066 0.087 0.008 0.029 0.027   -975368    0 
46200:    1.00    0.075    0.405 0.036 0.018 0.156    0.070 0.067 0.088 0.008 0.029 0.026   -976059    0 
46300:    1.00    0.089    0.404 0.036 0.018 0.154    0.070 0.067 0.088 0.008 0.028 0.026   -975834    0 
46400:    1.00    0.048    0.405 0.036 0.018 0.154    0.070 0.067 0.088 0.008 0.028 0.026   -976014    0 
46500:    1.00    0.093    0.403 0.037 0.018 0.156    0.070 0.067 0.088 0.008 0.029 0.027   -975369    0 
46600:    1.00    0.111    0.402 0.037 0.018 0.157    0.069 0.066 0.087 0.008 0.029 0.027   -976096    0 
46700:    1.00    0.046    0.402 0.037 0.018 0.159    0.069 0.066 0.088 0.008 0.029 0.027   -975363    0 
46800:    1.00    0.084    0.396 0.037 0.018 0.159    0.068 0.065 0.086 0.008 0.029 0.027   -975669    0 
46900:    1.00    0.089    0.395 0.037 0.018 0.161    0.068 0.065 0.087 0.008 0.029 0.027   -975814    0 

--------------------------------------------
Proportion of membership of each pre-defined
 population in each of the 4 clusters

Given    Inferred Clusters              Number of
 Pop       1      2      3      4      Individuals

  1:     0.071  0.498  0.196  0.236       23
--------------------------------------------

 Rep#:   Lambda   Alpha      F1    F2    F3    F4     D1,2  D1,3  D1,4  D2,3  D2,4  D3,4    Ln Like  Est Ln P(D)
47000:    1.00    0.073    0.398 0.037 0.018 0.161    0.068 0.065 0.086 0.008 0.029 0.027   -975612    0 
47100:    1.00    0.063    0.401 0.037 0.018 0.159    0.069 0.066 0.088 0.008 0.029 0.027   -975153    0 
47200:    1.00    0.043    0.401 0.037 0.018 0.158    0.069 0.066 0.087 0.008 0.029 0.027   -975651    0 
47300:    1.00    0.062    0.402 0.038 0.018 0.158    0.069 0.066 0.087 0.008 0.029 0.027   -975786    0 
47400:    1.00    0.065    0.399 0.037 0.018 0.163    0.069 0.066 0.087 0.008 0.029 0.027   -975013    0 
47500:    1.00    0.083    0.399 0.037 0.018 0.164    0.069 0.066 0.088 0.008 0.029 0.027   -975465    0 
47600:    1.00    0.068    0.398 0.037 0.018 0.162    0.068 0.065 0.087 0.008 0.029 0.027   -975486    0 
47700:    1.00    0.078    0.399 0.037 0.018 0.162    0.069 0.066 0.088 0.008 0.029 0.027   -975313    0 
47800:    1.00    0.067    0.401 0.037 0.018 0.161    0.069 0.066 0.088 0.008 0.029 0.027   -976072    0 
47900:    1.00    0.083    0.400 0.037 0.018 0.161    0.070 0.067 0.089 0.009 0.029 0.027   -975538    0 

--------------------------------------------
Proportion of membership of each pre-defined
 population in each of the 4 clusters

Given    Inferred Clusters              Number of
 Pop       1      2      3      4      Individuals

  1:     0.071  0.493  0.196  0.240       23
--------------------------------------------

 Rep#:   Lambda   Alpha      F1    F2    F3    F4     D1,2  D1,3  D1,4  D2,3  D2,4  D3,4    Ln Like  Est Ln P(D)
48000:    1.00    0.085    0.405 0.037 0.018 0.159    0.070 0.067 0.088 0.008 0.029 0.027   -975688    0 
48100:    1.00    0.096    0.405 0.037 0.018 0.163    0.069 0.067 0.088 0.008 0.030 0.027   -975712    0 
48200:    1.00    0.077    0.405 0.037 0.018 0.162    0.070 0.067 0.089 0.008 0.029 0.027   -975684    0 
48300:    1.00    0.073    0.407 0.037 0.018 0.166    0.070 0.067 0.089 0.008 0.030 0.028   -976285    0 
48400:    1.00    0.087    0.406 0.037 0.018 0.166    0.070 0.067 0.089 0.008 0.030 0.028   -975526    0 
48500:    1.00    0.061    0.405 0.037 0.018 0.168    0.070 0.067 0.090 0.008 0.030 0.028   -975709    0 
48600:    1.00    0.103    0.404 0.037 0.018 0.164    0.069 0.066 0.089 0.008 0.030 0.028   -976402    0 
48700:    1.00    0.097    0.404 0.038 0.018 0.166    0.069 0.066 0.088 0.008 0.030 0.028   -976388    0 
48800:    1.00    0.087    0.406 0.038 0.018 0.165    0.070 0.067 0.089 0.008 0.030 0.028   -976134    0 
48900:    1.00    0.057    0.403 0.038 0.018 0.167    0.069 0.066 0.089 0.008 0.030 0.028   -975916    0 

--------------------------------------------
Proportion of membership of each pre-defined
 population in each of the 4 clusters

Given    Inferred Clusters              Number of
 Pop       1      2      3      4      Individuals

  1:     0.070  0.496  0.198  0.237       23
--------------------------------------------

 Rep#:   Lambda   Alpha      F1    F2    F3    F4     D1,2  D1,3  D1,4  D2,3  D2,4  D3,4    Ln Like  Est Ln P(D)
49000:    1.00    0.084    0.405 0.038 0.018 0.168    0.070 0.067 0.090 0.009 0.031 0.028   -975504    0 
49100:    1.00    0.088    0.405 0.038 0.018 0.167    0.070 0.067 0.090 0.009 0.030 0.028   -975534    0 
49200:    1.00    0.061    0.402 0.038 0.018 0.167    0.069 0.066 0.089 0.009 0.030 0.028   -976013    0 
49300:    1.00    0.070    0.402 0.038 0.018 0.165    0.069 0.066 0.088 0.008 0.030 0.028   -976671    0 
49400:    1.00    0.059    0.399 0.039 0.018 0.164    0.068 0.065 0.087 0.009 0.030 0.028   -975416    0 
49500:    1.00    0.071    0.399 0.039 0.018 0.165    0.070 0.066 0.089 0.009 0.030 0.028   -975557    0 
49600:    1.00    0.048    0.396 0.039 0.018 0.160    0.070 0.066 0.088 0.009 0.030 0.027   -975701    0 
49700:    1.00    0.062    0.397 0.039 0.018 0.161    0.068 0.065 0.087 0.009 0.030 0.027   -976243    0 
49800:    1.00    0.045    0.396 0.039 0.018 0.162    0.069 0.065 0.088 0.009 0.030 0.027   -975626    0 
49900:    1.00    0.062    0.396 0.038 0.018 0.165    0.069 0.066 0.088 0.009 0.030 0.028   -975495    0 

--------------------------------------------
Proportion of membership of each pre-defined
 population in each of the 4 clusters

Given    Inferred Clusters              Number of
 Pop       1      2      3      4      Individuals

  1:     0.071  0.493  0.197  0.239       23
--------------------------------------------

 Rep#:   Lambda   Alpha      F1    F2    F3    F4     D1,2  D1,3  D1,4  D2,3  D2,4  D3,4    Ln Like  Est Ln P(D)
50000:    1.00    0.065    0.392 0.038 0.018 0.165    0.068 0.065 0.086 0.009 0.030 0.028   -975599    0 
50100:    1.00    0.048    0.393 0.038 0.018 0.164    0.068 0.065 0.087 0.009 0.030 0.027   -975500    0 
50200:    1.00    0.074    0.395 0.038 0.018 0.166    0.069 0.065 0.088 0.009 0.030 0.028   -975673    0 
50300:    1.00    0.061    0.394 0.038 0.018 0.167    0.069 0.065 0.088 0.009 0.030 0.028   -975240    0 
50400:    1.00    0.067    0.395 0.038 0.018 0.165    0.068 0.065 0.087 0.009 0.030 0.028   -975663    0 
50500:    1.00    0.061    0.401 0.038 0.018 0.166    0.069 0.066 0.088 0.009 0.030 0.028   -975405    0 
50600:    1.00    0.117    0.402 0.038 0.018 0.166    0.070 0.066 0.089 0.009 0.030 0.028   -975359    0 
50700:    1.00    0.080    0.403 0.038 0.018 0.163    0.070 0.067 0.090 0.009 0.030 0.028   -975226    0 
50800:    1.00    0.072    0.400 0.037 0.018 0.162    0.069 0.066 0.088 0.009 0.030 0.027   -974904    0 
50900:    1.00    0.083    0.399 0.037 0.018 0.165    0.068 0.066 0.088 0.008 0.030 0.028   -975628    0 

--------------------------------------------
Proportion of membership of each pre-defined
 population in each of the 4 clusters

Given    Inferred Clusters              Number of
 Pop       1      2      3      4      Individuals

  1:     0.072  0.501  0.193  0.234       23
--------------------------------------------

 Rep#:   Lambda   Alpha      F1    F2    F3    F4     D1,2  D1,3  D1,4  D2,3  D2,4  D3,4    Ln Like  Est Ln P(D)
51000:    1.00    0.066    0.396 0.037 0.018 0.166    0.069 0.066 0.088 0.008 0.030 0.028   -975255    0 
51100:    1.00    0.068    0.401 0.037 0.018 0.164    0.069 0.066 0.089 0.008 0.030 0.028   -975476    0 
51200:    1.00    0.086    0.403 0.037 0.018 0.164    0.070 0.067 0.088 0.009 0.030 0.027   -975563    0 
51300:    1.00    0.086    0.406 0.037 0.018 0.164    0.070 0.067 0.089 0.009 0.030 0.027   -975652    0 
51400:    1.00    0.089    0.408 0.037 0.018 0.166    0.070 0.068 0.090 0.008 0.030 0.028   -975577    0 
51500:    1.00    0.073    0.410 0.037 0.018 0.166    0.071 0.068 0.091 0.008 0.030 0.028   -975173    0 
51600:    1.00    0.083    0.404 0.038 0.018 0.166    0.069 0.066 0.089 0.008 0.030 0.028   -975162    0 
51700:    1.00    0.076    0.404 0.038 0.018 0.164    0.070 0.067 0.090 0.009 0.030 0.028   -975626    0 
51800:    1.00    0.072    0.407 0.038 0.018 0.166    0.071 0.068 0.090 0.009 0.030 0.028   -975972    0 
51900:    1.00    0.073    0.407 0.038 0.018 0.166    0.070 0.067 0.089 0.009 0.030 0.028   -975341    0 

--------------------------------------------
Proportion of membership of each pre-defined
 population in each of the 4 clusters

Given    Inferred Clusters              Number of
 Pop       1      2      3      4      Individuals

  1:     0.069  0.496  0.197  0.237       23
--------------------------------------------

 Rep#:   Lambda   Alpha      F1    F2    F3    F4     D1,2  D1,3  D1,4  D2,3  D2,4  D3,4    Ln Like  Est Ln P(D)
52000:    1.00    0.055    0.401 0.038 0.018 0.169    0.070 0.067 0.090 0.009 0.031 0.028   -975583    0 
52100:    1.00    0.092    0.405 0.038 0.018 0.169    0.070 0.067 0.089 0.009 0.030 0.028   -975647    0 
52200:    1.00    0.066    0.404 0.038 0.018 0.169    0.070 0.066 0.090 0.009 0.031 0.028   -975722    0 
52300:    1.00    0.076    0.403 0.038 0.018 0.169    0.070 0.067 0.090 0.009 0.031 0.028   -975334    0 
52400:    1.00    0.079    0.402 0.038 0.018 0.168    0.069 0.066 0.090 0.009 0.031 0.028   -975771    0 
52500:    1.00    0.088    0.396 0.038 0.018 0.164    0.069 0.066 0.087 0.009 0.030 0.028   -976065    0 
52600:    1.00    0.092    0.402 0.038 0.018 0.165    0.070 0.067 0.089 0.009 0.030 0.028   -975264    0 
52700:    1.00    0.069    0.401 0.038 0.018 0.162    0.069 0.066 0.088 0.009 0.029 0.027   -975787    0 
52800:    1.00    0.108    0.393 0.038 0.018 0.160    0.068 0.065 0.087 0.009 0.030 0.027   -975577    0 
52900:    1.00    0.071    0.394 0.038 0.018 0.161    0.068 0.065 0.087 0.008 0.029 0.027   -975647    0 

--------------------------------------------
Proportion of membership of each pre-defined
 population in each of the 4 clusters

Given    Inferred Clusters              Number of
 Pop       1      2      3      4      Individuals

  1:     0.069  0.499  0.196  0.236       23
--------------------------------------------

 Rep#:   Lambda   Alpha      F1    F2    F3    F4     D1,2  D1,3  D1,4  D2,3  D2,4  D3,4    Ln Like  Est Ln P(D)
53000:    1.00    0.063    0.398 0.038 0.018 0.161    0.069 0.066 0.089 0.009 0.030 0.028   -975738    0 
53100:    1.00    0.065    0.409 0.038 0.018 0.165    0.072 0.068 0.091 0.009 0.030 0.028   -975067    0 
53200:    1.00    0.075    0.411 0.037 0.018 0.165    0.071 0.068 0.090 0.009 0.030 0.028   -975600    0 
53300:    1.00    0.071    0.410 0.037 0.018 0.166    0.070 0.067 0.090 0.008 0.030 0.028   -975256    0 
53400:    1.00    0.094    0.418 0.037 0.018 0.166    0.072 0.069 0.091 0.008 0.030 0.028   -975165    0 
53500:    1.00    0.053    0.417 0.037 0.018 0.165    0.072 0.069 0.092 0.009 0.030 0.028   -975671    0 
53600:    1.00    0.068    0.420 0.038 0.018 0.163    0.073 0.069 0.092 0.009 0.030 0.028   -975691    0 
53700:    1.00    0.027    0.425 0.038 0.018 0.165    0.073 0.070 0.093 0.009 0.030 0.028   -975842    0 
53800:    1.00    0.081    0.421 0.038 0.018 0.165    0.073 0.070 0.092 0.009 0.030 0.028   -975438    0 
53900:    1.00    0.069    0.417 0.038 0.018 0.165    0.072 0.069 0.091 0.008 0.030 0.027   -975931    0 

--------------------------------------------
Proportion of membership of each pre-defined
 population in each of the 4 clusters

Given    Inferred Clusters              Number of
 Pop       1      2      3      4      Individuals

  1:     0.070  0.495  0.194  0.241       23
--------------------------------------------

 Rep#:   Lambda   Alpha      F1    F2    F3    F4     D1,2  D1,3  D1,4  D2,3  D2,4  D3,4    Ln Like  Est Ln P(D)
54000:    1.00    0.075    0.416 0.038 0.018 0.165    0.072 0.069 0.091 0.009 0.029 0.027   -975700    0 
54100:    1.00    0.056    0.419 0.037 0.018 0.166    0.072 0.069 0.091 0.008 0.030 0.028   -975735    0 
54200:    1.00    0.068    0.418 0.037 0.018 0.166    0.072 0.069 0.091 0.008 0.030 0.028   -975477    0 
54300:    1.00    0.069    0.419 0.037 0.018 0.166    0.072 0.069 0.092 0.008 0.030 0.028   -975367    0 
54400:    1.00    0.073    0.420 0.037 0.018 0.167    0.073 0.070 0.093 0.008 0.030 0.028   -975607    0 
54500:    1.00    0.077    0.421 0.037 0.018 0.168    0.072 0.070 0.092 0.008 0.030 0.028   -975611    0 
54600:    1.00    0.053    0.424 0.037 0.018 0.167    0.072 0.069 0.092 0.008 0.030 0.028   -975643    0 
54700:    1.00    0.066    0.421 0.037 0.018 0.166    0.072 0.069 0.092 0.008 0.030 0.028   -975859    0 
54800:    1.00    0.077    0.428 0.037 0.018 0.165    0.073 0.071 0.092 0.008 0.030 0.028   -975621    0 
54900:    1.00    0.085    0.424 0.037 0.018 0.165    0.073 0.070 0.092 0.008 0.030 0.028   -975489    0 

--------------------------------------------
Proportion of membership of each pre-defined
 population in each of the 4 clusters

Given    Inferred Clusters              Number of
 Pop       1      2      3      4      Individuals

  1:     0.068  0.500  0.196  0.237       23
--------------------------------------------

 Rep#:   Lambda   Alpha      F1    F2    F3    F4     D1,2  D1,3  D1,4  D2,3  D2,4  D3,4    Ln Like  Est Ln P(D)
55000:    1.00    0.046    0.429 0.037 0.018 0.166    0.074 0.071 0.094 0.008 0.030 0.028   -975908    0 
55100:    1.00    0.056    0.433 0.037 0.018 0.166    0.075 0.072 0.094 0.008 0.030 0.028   -975685    0 
55200:    1.00    0.062    0.437 0.038 0.018 0.166    0.076 0.072 0.095 0.009 0.030 0.028   -975628    0 
55300:    1.00    0.052    0.435 0.038 0.018 0.165    0.075 0.072 0.094 0.008 0.030 0.028   -975515    0 
55400:    1.00    0.060    0.431 0.037 0.018 0.165    0.075 0.072 0.095 0.009 0.030 0.028   -975479    0 
55500:    1.00    0.077    0.429 0.037 0.018 0.164    0.073 0.070 0.093 0.008 0.030 0.027   -975434    0 
55600:    1.00    0.098    0.437 0.037 0.018 0.163    0.075 0.072 0.095 0.008 0.030 0.028   -976252    0 
55700:    1.00    0.066    0.437 0.037 0.018 0.163    0.074 0.072 0.095 0.008 0.030 0.027   -975864    0 
55800:    1.00    0.082    0.434 0.037 0.018 0.161    0.075 0.072 0.094 0.008 0.029 0.027   -975870    0 
55900:    1.00    0.092    0.433 0.036 0.018 0.160    0.075 0.072 0.094 0.008 0.029 0.027   -976488    0 

--------------------------------------------
Proportion of membership of each pre-defined
 population in each of the 4 clusters

Given    Inferred Clusters              Number of
 Pop       1      2      3      4      Individuals

  1:     0.067  0.499  0.196  0.238       23
--------------------------------------------

 Rep#:   Lambda   Alpha      F1    F2    F3    F4     D1,2  D1,3  D1,4  D2,3  D2,4  D3,4    Ln Like  Est Ln P(D)
56000:    1.00    0.072    0.430 0.036 0.019 0.161    0.074 0.072 0.094 0.008 0.029 0.027   -976004    0 
56100:    1.00    0.059    0.428 0.036 0.019 0.161    0.074 0.071 0.093 0.008 0.029 0.027   -975688    0 
56200:    1.00    0.074    0.430 0.036 0.019 0.161    0.074 0.071 0.093 0.008 0.029 0.027   -975664    0 
56300:    1.00    0.037    0.429 0.036 0.019 0.160    0.074 0.071 0.092 0.009 0.029 0.027   -975220    0 
56400:    1.00    0.053    0.432 0.036 0.019 0.160    0.075 0.072 0.095 0.008 0.029 0.027   -975558    0 
56500:    1.00    0.066    0.429 0.036 0.019 0.158    0.073 0.070 0.091 0.008 0.029 0.027   -975852    0 
56600:    1.00    0.084    0.425 0.036 0.019 0.158    0.073 0.071 0.092 0.008 0.029 0.027   -975861    0 
56700:    1.00    0.093    0.425 0.036 0.019 0.161    0.072 0.070 0.092 0.009 0.029 0.027   -975567    0 
56800:    1.00    0.084    0.426 0.036 0.019 0.162    0.072 0.070 0.091 0.008 0.029 0.027   -975498    0 
56900:    1.00    0.067    0.424 0.036 0.019 0.163    0.073 0.070 0.093 0.008 0.030 0.028   -975522    0 

--------------------------------------------
Proportion of membership of each pre-defined
 population in each of the 4 clusters

Given    Inferred Clusters              Number of
 Pop       1      2      3      4      Individuals

  1:     0.069  0.492  0.196  0.243       23
--------------------------------------------

 Rep#:   Lambda   Alpha      F1    F2    F3    F4     D1,2  D1,3  D1,4  D2,3  D2,4  D3,4    Ln Like  Est Ln P(D)
57000:    1.00    0.064    0.423 0.036 0.019 0.164    0.072 0.070 0.092 0.009 0.029 0.028   -975395    0 
57100:    1.00    0.084    0.420 0.036 0.020 0.162    0.072 0.069 0.090 0.008 0.029 0.028   -975571    0 
57200:    1.00    0.073    0.425 0.036 0.020 0.161    0.072 0.070 0.091 0.009 0.029 0.027   -975940    0 
57300:    1.00    0.061    0.427 0.036 0.020 0.160    0.073 0.071 0.092 0.008 0.029 0.027   -975260    0 
57400:    1.00    0.058    0.422 0.036 0.020 0.158    0.073 0.070 0.092 0.009 0.028 0.026   -976096    0 
57500:    1.00    0.056    0.431 0.036 0.020 0.160    0.074 0.072 0.093 0.009 0.029 0.027   -975514    0 
57600:    1.00    0.062    0.428 0.036 0.020 0.161    0.073 0.070 0.092 0.009 0.029 0.027   -975885    0 
57700:    1.00    0.089    0.427 0.037 0.020 0.163    0.073 0.071 0.093 0.009 0.030 0.028   -975711    0 
57800:    1.00    0.065    0.424 0.037 0.020 0.160    0.073 0.070 0.092 0.009 0.029 0.027   -975684    0 
57900:    1.00    0.071    0.421 0.037 0.020 0.160    0.072 0.070 0.091 0.009 0.029 0.027   -975702    0 

--------------------------------------------
Proportion of membership of each pre-defined
 population in each of the 4 clusters

Given    Inferred Clusters              Number of
 Pop       1      2      3      4      Individuals

  1:     0.070  0.494  0.195  0.240       23
--------------------------------------------

 Rep#:   Lambda   Alpha      F1    F2    F3    F4     D1,2  D1,3  D1,4  D2,3  D2,4  D3,4    Ln Like  Est Ln P(D)
58000:    1.00    0.086    0.417 0.037 0.020 0.159    0.071 0.069 0.091 0.009 0.029 0.027   -975682    0 
58100:    1.00    0.077    0.419 0.037 0.020 0.159    0.072 0.069 0.091 0.009 0.029 0.027   -975812    0 
58200:    1.00    0.105    0.416 0.037 0.020 0.159    0.071 0.068 0.090 0.009 0.029 0.027   -975416    0 
58300:    1.00    0.079    0.424 0.037 0.020 0.159    0.073 0.070 0.092 0.009 0.029 0.027   -975314    0 
58400:    1.00    0.059    0.429 0.037 0.020 0.159    0.074 0.071 0.092 0.009 0.029 0.027   -974932    0 
58500:    1.00    0.037    0.434 0.037 0.020 0.160    0.075 0.072 0.094 0.009 0.029 0.027   -975648    0 
58600:    1.00    0.064    0.431 0.037 0.020 0.162    0.073 0.071 0.093 0.009 0.029 0.028   -975269    0 
58700:    1.00    0.063    0.435 0.037 0.020 0.162    0.075 0.073 0.094 0.009 0.029 0.027   -975410    0 
58800:    1.00    0.060    0.431 0.037 0.020 0.161    0.074 0.071 0.093 0.009 0.029 0.027   -975583    0 
58900:    1.00    0.044    0.433 0.037 0.020 0.162    0.074 0.072 0.094 0.009 0.029 0.028   -975635    0 

--------------------------------------------
Proportion of membership of each pre-defined
 population in each of the 4 clusters

Given    Inferred Clusters              Number of
 Pop       1      2      3      4      Individuals

  1:     0.067  0.493  0.198  0.243       23
--------------------------------------------

 Rep#:   Lambda   Alpha      F1    F2    F3    F4     D1,2  D1,3  D1,4  D2,3  D2,4  D3,4    Ln Like  Est Ln P(D)
59000:    1.00    0.069    0.435 0.037 0.020 0.162    0.074 0.072 0.094 0.009 0.029 0.028   -975719    0 
59100:    1.00    0.094    0.433 0.037 0.020 0.165    0.074 0.071 0.093 0.009 0.030 0.028   -975011    0 
59200:    1.00    0.070    0.437 0.037 0.020 0.166    0.075 0.072 0.094 0.009 0.030 0.028   -975423    0 
59300:    1.00    0.065    0.441 0.037 0.020 0.161    0.076 0.073 0.095 0.009 0.030 0.028   -974997    0 
59400:    1.00    0.089    0.439 0.037 0.020 0.160    0.075 0.073 0.095 0.009 0.029 0.027   -975415    0 
59500:    1.00    0.058    0.440 0.037 0.020 0.160    0.075 0.073 0.094 0.009 0.029 0.027   -975337    0 
59600:    1.00    0.066    0.439 0.037 0.020 0.157    0.076 0.074 0.095 0.009 0.029 0.027   -975396    0 
59700:    1.00    0.063    0.439 0.037 0.020 0.158    0.075 0.073 0.095 0.009 0.029 0.027   -975446    0 
59800:    1.00    0.073    0.440 0.037 0.020 0.160    0.076 0.074 0.096 0.009 0.029 0.027   -975608    0 
59900:    1.00    0.081    0.452 0.037 0.020 0.160    0.077 0.074 0.096 0.009 0.029 0.027   -975464    0 
60000:    1.00    0.093    0.455 0.036 0.020 0.159    0.078 0.076 0.098 0.009 0.029 0.027   -975768    0 

MCMC completed

Inferred ancestry of individuals:
        Label (%Miss) Pop:  Inferred clusters
  1 18160D-09-0    (2)    1 :  0.000 0.636 0.259 0.104 
  2 18160D-09-0    (4)    1 :  0.000 0.874 0.000 0.126 
  3 18160D-09-0    (2)    1 :  0.000 0.284 0.001 0.716 
  4 18160D-09-0    (5)    1 :  0.000 0.003 0.000 0.997 
  5 18160D-09-0    (4)    1 :  0.000 0.156 0.001 0.843 
  6 18160D-09-0    (4)    1 :  0.000 0.110 0.000 0.889 
  7 18160D-09-0    (2)    1 :  0.000 0.046 0.001 0.953 
  8 18160D-09-0    (4)    1 :  0.000 0.901 0.001 0.097 
  9 18160D-09-0    (2)    1 :  0.005 0.000 0.994 0.000 
 10 18160D-09-1    (2)    1 :  0.842 0.000 0.157 0.000 
 11 18160D-09-1    (2)    1 :  0.140 0.007 0.852 0.000 
 12 18160D-09-1    (2)    1 :  0.007 0.000 0.992 0.000 
 13 18160D-09-1    (5)    1 :  0.000 0.862 0.001 0.136 
 14 18160D-09-1   (18)    1 :  0.000 0.872 0.000 0.128 
 15 18160D-09-1    (4)    1 :  0.000 0.948 0.001 0.051 
 16 18160D-09-1    (2)    1 :  0.742 0.244 0.001 0.013 
 17 18160D-09-1    (2)    1 :  0.000 0.842 0.045 0.113 
 18 18160D-09-1    (2)    1 :  0.000 0.360 0.640 0.000 
 19 18160D-09-1    (2)    1 :  0.000 0.926 0.002 0.072 
 20 18160D-09-2    (5)    1 :  0.000 0.962 0.001 0.037 
 21 18160D-09-2    (5)    1 :  0.001 0.876 0.001 0.123 
 22 18160D-09-2    (5)    1 :  0.000 1.000 0.000 0.000 
 23 18160D-09-2    (2)    1 :  0.000 0.933 0.001 0.067 

Command line arguments:   structure -D 345660 -K 4 -m mainparams -o k4/populations_k4_run3 
Input File:    populations.str
Output File:   k4/populations_k4_run3_f

Run parameters:
   23 individuals
   50160 loci
   4 populations assumed
   10000 Burn-in period
   50000 Reps
RANDOMIZE turned off

--------------------------------------------
Estimated Ln Prob of Data   = -1469837.0
Mean value of ln likelihood = -976376.0
Variance of ln likelihood   = 986921.9
Mean value of alpha         = 0.0685

Mean value of Fst_1         = 0.3605
Mean value of Fst_2         = 0.0337
Mean value of Fst_3         = 0.0149
Mean value of Fst_4         = 0.1599


--------------------------------------------
Proportion of membership of each pre-defined
 population in each of the 4 clusters

Given    Inferred Clusters              Number of
 Pop       1      2      3      4      Individuals

  1:     0.076  0.515  0.172  0.238       23
--------------------------------------------
Final results printed to file k4/populations_k4_run3_f

