

----------------------------------------------------
STRUCTURE by Pritchard, Stephens and Donnelly (2000)
     and Falush, Stephens and Pritchard (2003)
       Code by Pritchard, Falush and Hubisz
             Version 2.3.4 (Jul 2012)
----------------------------------------------------


Reading file "mainparams".
datafile is
populations.str
Reading file "extraparams".
Reading file "populations.str".


Data file "populations.str" (truncated) --

Ind:   Label Pop : Genotype_data . . . .
  1: 18160D-09-0    1  :  4   1   3   1   4   1   3  . . . .   2
  1: 18160D-09-0    1  :  4   1   3   1   4   4   4  . . . .   4
  2: 18160D-09-0    1  :  4   1   3   1   4   1   3  . . . .   2
  2: 18160D-09-0    1  :  4   1   3   1   4   4   3  . . . .   4
  3: 18160D-09-0    1  :  4   1   0   0   0   0   3  . . . .   2
  3: 18160D-09-0    1  :  4   3   0   0   0   0   3  . . . .   4
  4: 18160D-09-0    1  :  4   1   3   1   4   1   3  . . . .   2
  4: 18160D-09-0    1  :  4   3   3   1   4   1   3  . . . .   4

      *******   

 22: 18160D-09-2    1  :  4   1   3   1   4   1   3  . . . .   2
 22: 18160D-09-2    1  :  4   3   3   1   4   1   4  . . . .   4
 23: 18160D-09-2    1  :  4   1   3   1   4   1   3  . . . .   2
 23: 18160D-09-2    1  :  4   1   3   1   4   4   4  . . . .   4

Number of alleles per locus: min= 2; ave=2.0; max= 2


--------------------------------------

Finished initialization; starting MCMC 
50000 iterations + 10000 burnin


--------------------------------------------
Proportion of membership of each pre-defined
 population in each of the 4 clusters

Given    Inferred Clusters              Number of
 Pop       1      2      3      4      Individuals

  1:     0.255  0.249  0.252  0.244       23
--------------------------------------------

 Rep#:   Lambda   Alpha      F1    F2    F3    F4     D1,2  D1,3  D1,4  D2,3  D2,4  D3,4    Ln Like 
  100:    1.00    1.599    0.010 0.010 0.010 0.010    0.003 0.003 0.003 0.003 0.003 0.003   --  
  200:    1.00    2.038    0.010 0.010 0.010 0.010    0.003 0.003 0.003 0.003 0.003 0.003   --  
  300:    1.00    2.552    0.010 0.010 0.010 0.010    0.003 0.003 0.003 0.003 0.003 0.003   --  
  400:    1.00    3.052    0.010 0.010 0.010 0.010    0.003 0.003 0.003 0.003 0.003 0.003   --  
  500:    1.00    2.926    0.010 0.010 0.010 0.010    0.003 0.003 0.003 0.003 0.003 0.003   --  
  600:    1.00    2.837    0.010 0.010 0.010 0.010    0.003 0.003 0.003 0.003 0.003 0.003   --  
  700:    1.00    3.475    0.010 0.010 0.010 0.010    0.003 0.003 0.003 0.003 0.003 0.003   --  
  800:    1.00    3.554    0.010 0.010 0.010 0.010    0.003 0.003 0.003 0.003 0.003 0.003   --  
  900:    1.00    3.373    0.010 0.010 0.010 0.010    0.003 0.003 0.003 0.003 0.003 0.003   --  

--------------------------------------------
Proportion of membership of each pre-defined
 population in each of the 4 clusters

Given    Inferred Clusters              Number of
 Pop       1      2      3      4      Individuals

  1:     0.237  0.241  0.255  0.267       23
--------------------------------------------

 Rep#:   Lambda   Alpha      F1    F2    F3    F4     D1,2  D1,3  D1,4  D2,3  D2,4  D3,4    Ln Like 
 1000:    1.00    3.125    0.010 0.010 0.010 0.010    0.003 0.003 0.003 0.003 0.003 0.003   --  
 1100:    1.00    3.016    0.010 0.010 0.010 0.010    0.003 0.003 0.003 0.003 0.003 0.003   --  
 1200:    1.00    2.795    0.010 0.010 0.010 0.010    0.003 0.003 0.003 0.003 0.003 0.003   --  
 1300:    1.00    2.445    0.010 0.010 0.010 0.010    0.003 0.003 0.003 0.003 0.003 0.003   --  
 1400:    1.00    1.869    0.010 0.010 0.010 0.010    0.003 0.003 0.003 0.003 0.003 0.003   --  
 1500:    1.00    1.260    0.010 0.010 0.010 0.010    0.003 0.003 0.003 0.003 0.003 0.003   --  
 1600:    1.00    0.901    0.010 0.010 0.010 0.011    0.003 0.003 0.003 0.003 0.003 0.003   --  
 1700:    1.00    0.662    0.010 0.010 0.010 0.011    0.003 0.003 0.003 0.003 0.003 0.003   --  
 1800:    1.00    0.583    0.010 0.010 0.010 0.011    0.003 0.003 0.003 0.003 0.003 0.003   --  
 1900:    1.00    0.388    0.010 0.010 0.010 0.011    0.003 0.003 0.003 0.003 0.003 0.003   --  

--------------------------------------------
Proportion of membership of each pre-defined
 population in each of the 4 clusters

Given    Inferred Clusters              Number of
 Pop       1      2      3      4      Individuals

  1:     0.270  0.236  0.236  0.258       23
--------------------------------------------

 Rep#:   Lambda   Alpha      F1    F2    F3    F4     D1,2  D1,3  D1,4  D2,3  D2,4  D3,4    Ln Like 
 2000:    1.00    0.311    0.010 0.010 0.010 0.011    0.003 0.003 0.003 0.003 0.003 0.003   --  
 2100:    1.00    0.237    0.010 0.010 0.010 0.012    0.003 0.003 0.003 0.003 0.003 0.004   --  
 2200:    1.00    0.216    0.010 0.010 0.010 0.013    0.003 0.003 0.004 0.003 0.004 0.004   --  
 2300:    1.00    0.180    0.010 0.010 0.010 0.015    0.003 0.003 0.004 0.003 0.004 0.004   --  
 2400:    1.00    0.103    0.010 0.010 0.011 0.019    0.003 0.003 0.005 0.003 0.005 0.005   --  
 2500:    1.00    0.151    0.010 0.010 0.011 0.020    0.003 0.003 0.005 0.003 0.005 0.005   --  
 2600:    1.00    0.137    0.010 0.010 0.011 0.032    0.003 0.003 0.007 0.003 0.007 0.007   --  
 2700:    1.00    0.113    0.010 0.010 0.011 0.039    0.003 0.003 0.008 0.003 0.008 0.008   --  
 2800:    1.00    0.108    0.010 0.010 0.011 0.070    0.003 0.003 0.013 0.003 0.013 0.013   --  
 2900:    1.00    0.078    0.010 0.010 0.011 0.083    0.003 0.003 0.015 0.003 0.015 0.015   --  

--------------------------------------------
Proportion of membership of each pre-defined
 population in each of the 4 clusters

Given    Inferred Clusters              Number of
 Pop       1      2      3      4      Individuals

  1:     0.301  0.241  0.234  0.224       23
--------------------------------------------

 Rep#:   Lambda   Alpha      F1    F2    F3    F4     D1,2  D1,3  D1,4  D2,3  D2,4  D3,4    Ln Like 
 3000:    1.00    0.076    0.010 0.010 0.012 0.103    0.003 0.003 0.017 0.003 0.017 0.018   --  
 3100:    1.00    0.102    0.010 0.010 0.012 0.116    0.003 0.004 0.019 0.003 0.019 0.020   --  
 3200:    1.00    0.102    0.010 0.010 0.012 0.116    0.003 0.004 0.019 0.003 0.019 0.020   --  
 3300:    1.00    0.050    0.010 0.010 0.012 0.116    0.003 0.003 0.019 0.003 0.019 0.020   --  
 3400:    1.00    0.079    0.010 0.010 0.013 0.119    0.003 0.004 0.019 0.004 0.019 0.020   --  
 3500:    1.00    0.068    0.010 0.010 0.013 0.120    0.003 0.004 0.020 0.004 0.020 0.021   --  
 3600:    1.00    0.056    0.010 0.010 0.014 0.125    0.003 0.004 0.020 0.004 0.020 0.021   --  
 3700:    1.00    0.080    0.010 0.010 0.015 0.125    0.003 0.004 0.020 0.004 0.020 0.021   --  
 3800:    1.00    0.077    0.010 0.010 0.015 0.125    0.003 0.004 0.020 0.004 0.020 0.022   --  
 3900:    1.00    0.084    0.010 0.010 0.015 0.128    0.003 0.004 0.021 0.004 0.021 0.022   --  

--------------------------------------------
Proportion of membership of each pre-defined
 population in each of the 4 clusters

Given    Inferred Clusters              Number of
 Pop       1      2      3      4      Individuals

  1:     0.336  0.232  0.218  0.214       23
--------------------------------------------

 Rep#:   Lambda   Alpha      F1    F2    F3    F4     D1,2  D1,3  D1,4  D2,3  D2,4  D3,4    Ln Like 
 4000:    1.00    0.085    0.010 0.010 0.016 0.130    0.003 0.004 0.021 0.004 0.021 0.022   --  
 4100:    1.00    0.061    0.010 0.010 0.017 0.131    0.003 0.004 0.021 0.004 0.021 0.023   --  
 4200:    1.00    0.087    0.010 0.010 0.019 0.131    0.003 0.004 0.021 0.004 0.021 0.023   --  
 4300:    1.00    0.061    0.010 0.010 0.019 0.131    0.003 0.004 0.021 0.004 0.021 0.023   --  
 4400:    1.00    0.087    0.010 0.010 0.020 0.131    0.003 0.005 0.021 0.005 0.021 0.023   --  
 4500:    1.00    0.049    0.010 0.010 0.022 0.130    0.003 0.005 0.021 0.005 0.021 0.023   --  
 4600:    1.00    0.056    0.010 0.010 0.023 0.133    0.003 0.005 0.021 0.005 0.021 0.024   --  
 4700:    1.00    0.070    0.010 0.010 0.024 0.132    0.003 0.005 0.021 0.005 0.021 0.024   --  
 4800:    1.00    0.107    0.010 0.010 0.025 0.132    0.003 0.006 0.021 0.006 0.021 0.024   --  
 4900:    1.00    0.053    0.010 0.010 0.025 0.133    0.003 0.006 0.021 0.006 0.021 0.024   --  

--------------------------------------------
Proportion of membership of each pre-defined
 population in each of the 4 clusters

Given    Inferred Clusters              Number of
 Pop       1      2      3      4      Individuals

  1:     0.330  0.238  0.218  0.214       23
--------------------------------------------

 Rep#:   Lambda   Alpha      F1    F2    F3    F4     D1,2  D1,3  D1,4  D2,3  D2,4  D3,4    Ln Like 
 5000:    1.00    0.063    0.010 0.010 0.026 0.136    0.003 0.006 0.022 0.006 0.022 0.025   --  
 5100:    1.00    0.072    0.010 0.010 0.026 0.136    0.003 0.006 0.022 0.006 0.022 0.025   --  
 5200:    1.00    0.056    0.010 0.011 0.026 0.137    0.003 0.006 0.022 0.006 0.022 0.025   --  
 5300:    1.00    0.063    0.010 0.011 0.029 0.138    0.003 0.006 0.022 0.006 0.022 0.025   --  
 5400:    1.00    0.089    0.010 0.011 0.031 0.142    0.003 0.006 0.023 0.007 0.023 0.026   --  
 5500:    1.00    0.103    0.011 0.011 0.032 0.141    0.003 0.007 0.023 0.007 0.023 0.026   --  
 5600:    1.00    0.086    0.011 0.011 0.033 0.142    0.003 0.007 0.023 0.007 0.023 0.027   --  
 5700:    1.00    0.080    0.011 0.011 0.035 0.143    0.003 0.007 0.023 0.007 0.023 0.027   --  
 5800:    1.00    0.079    0.011 0.011 0.038 0.145    0.003 0.008 0.023 0.008 0.023 0.028   --  
 5900:    1.00    0.085    0.011 0.011 0.041 0.144    0.003 0.008 0.023 0.008 0.023 0.029   --  

--------------------------------------------
Proportion of membership of each pre-defined
 population in each of the 4 clusters

Given    Inferred Clusters              Number of
 Pop       1      2      3      4      Individuals

  1:     0.349  0.229  0.212  0.210       23
--------------------------------------------

 Rep#:   Lambda   Alpha      F1    F2    F3    F4     D1,2  D1,3  D1,4  D2,3  D2,4  D3,4    Ln Like 
 6000:    1.00    0.075    0.011 0.011 0.045 0.144    0.003 0.009 0.023 0.009 0.024 0.029   --  
 6100:    1.00    0.108    0.011 0.011 0.045 0.144    0.003 0.009 0.023 0.009 0.023 0.029   --  
 6200:    1.00    0.076    0.011 0.011 0.045 0.146    0.003 0.009 0.023 0.009 0.024 0.030   --  
 6300:    1.00    0.086    0.011 0.011 0.047 0.148    0.003 0.009 0.024 0.009 0.024 0.030   --  
 6400:    1.00    0.101    0.011 0.011 0.052 0.149    0.003 0.010 0.024 0.010 0.024 0.031   --  
 6500:    1.00    0.080    0.011 0.011 0.052 0.149    0.003 0.010 0.024 0.010 0.024 0.031   --  
 6600:    1.00    0.087    0.011 0.011 0.059 0.149    0.003 0.011 0.024 0.011 0.024 0.032   --  
 6700:    1.00    0.095    0.011 0.011 0.066 0.149    0.003 0.012 0.024 0.012 0.024 0.033   --  
 6800:    1.00    0.125    0.011 0.011 0.073 0.148    0.003 0.013 0.024 0.014 0.024 0.034   --  
 6900:    1.00    0.105    0.011 0.011 0.082 0.148    0.003 0.014 0.024 0.014 0.024 0.035   --  

--------------------------------------------
Proportion of membership of each pre-defined
 population in each of the 4 clusters

Given    Inferred Clusters              Number of
 Pop       1      2      3      4      Individuals

  1:     0.365  0.259  0.170  0.206       23
--------------------------------------------

 Rep#:   Lambda   Alpha      F1    F2    F3    F4     D1,2  D1,3  D1,4  D2,3  D2,4  D3,4    Ln Like 
 7000:    1.00    0.104    0.011 0.011 0.087 0.149    0.003 0.016 0.023 0.016 0.024 0.036   --  
 7100:    1.00    0.083    0.011 0.011 0.087 0.146    0.003 0.016 0.024 0.016 0.024 0.036   --  
 7200:    1.00    0.062    0.011 0.011 0.094 0.143    0.003 0.017 0.023 0.017 0.023 0.037   --  
 7300:    1.00    0.104    0.011 0.011 0.114 0.143    0.003 0.020 0.023 0.021 0.023 0.040   --  
 7400:    1.00    0.093    0.011 0.011 0.139 0.145    0.003 0.024 0.023 0.024 0.023 0.045   --  
 7500:    1.00    0.087    0.011 0.011 0.161 0.148    0.003 0.028 0.023 0.028 0.024 0.049   --  
 7600:    1.00    0.077    0.011 0.011 0.177 0.147    0.003 0.030 0.024 0.030 0.024 0.051   --  
 7700:    1.00    0.045    0.011 0.011 0.184 0.147    0.003 0.031 0.024 0.031 0.024 0.052   --  
 7800:    1.00    0.092    0.011 0.011 0.186 0.151    0.003 0.032 0.024 0.032 0.024 0.053   --  
 7900:    1.00    0.060    0.011 0.011 0.198 0.151    0.003 0.033 0.024 0.034 0.024 0.055   --  

--------------------------------------------
Proportion of membership of each pre-defined
 population in each of the 4 clusters

Given    Inferred Clusters              Number of
 Pop       1      2      3      4      Individuals

  1:     0.374  0.311  0.114  0.200       23
--------------------------------------------

 Rep#:   Lambda   Alpha      F1    F2    F3    F4     D1,2  D1,3  D1,4  D2,3  D2,4  D3,4    Ln Like 
 8000:    1.00    0.060    0.011 0.011 0.207 0.154    0.003 0.035 0.024 0.035 0.024 0.056   --  
 8100:    1.00    0.072    0.011 0.011 0.208 0.151    0.003 0.035 0.024 0.035 0.024 0.056   --  
 8200:    1.00    0.097    0.011 0.011 0.210 0.150    0.003 0.036 0.024 0.036 0.024 0.056   --  
 8300:    1.00    0.059    0.011 0.011 0.216 0.151    0.003 0.036 0.024 0.036 0.024 0.057   --  
 8400:    1.00    0.114    0.011 0.011 0.217 0.154    0.003 0.036 0.025 0.037 0.025 0.058   --  
 8500:    1.00    0.118    0.011 0.011 0.221 0.157    0.003 0.037 0.025 0.037 0.025 0.059   --  
 8600:    1.00    0.072    0.011 0.011 0.224 0.154    0.003 0.037 0.025 0.038 0.025 0.059   --  
 8700:    1.00    0.085    0.011 0.011 0.227 0.154    0.003 0.038 0.024 0.038 0.025 0.060   --  
 8800:    1.00    0.057    0.011 0.011 0.231 0.154    0.003 0.039 0.025 0.039 0.025 0.060   --  
 8900:    1.00    0.096    0.011 0.011 0.234 0.155    0.003 0.039 0.025 0.039 0.025 0.061   --  

--------------------------------------------
Proportion of membership of each pre-defined
 population in each of the 4 clusters

Given    Inferred Clusters              Number of
 Pop       1      2      3      4      Individuals

  1:     0.375  0.306  0.108  0.211       23
--------------------------------------------

 Rep#:   Lambda   Alpha      F1    F2    F3    F4     D1,2  D1,3  D1,4  D2,3  D2,4  D3,4    Ln Like 
 9000:    1.00    0.040    0.011 0.011 0.239 0.156    0.003 0.040 0.024 0.040 0.025 0.062   --  
 9100:    1.00    0.071    0.011 0.011 0.241 0.156    0.003 0.040 0.025 0.040 0.025 0.063   --  
 9200:    1.00    0.079    0.011 0.011 0.244 0.158    0.003 0.040 0.025 0.040 0.025 0.063   --  
 9300:    1.00    0.061    0.011 0.011 0.244 0.158    0.003 0.041 0.025 0.041 0.025 0.063   --  
 9400:    1.00    0.083    0.011 0.011 0.244 0.159    0.003 0.041 0.025 0.041 0.025 0.063   --  
 9500:    1.00    0.065    0.011 0.011 0.243 0.157    0.003 0.040 0.025 0.041 0.025 0.063   --  
 9600:    1.00    0.074    0.011 0.011 0.242 0.157    0.003 0.041 0.025 0.041 0.025 0.063   --  
 9700:    1.00    0.080    0.011 0.011 0.243 0.157    0.003 0.041 0.025 0.041 0.025 0.063   --  
 9800:    1.00    0.083    0.011 0.011 0.242 0.157    0.003 0.041 0.025 0.041 0.025 0.064   --  
 9900:    1.00    0.088    0.011 0.011 0.242 0.157    0.003 0.040 0.025 0.040 0.025 0.062   --  
10000:    1.00    0.082    0.011 0.011 0.242 0.157    0.003 0.041 0.025 0.041 0.025 0.063   --  

BURNIN completed
 Rep#:   Lambda   Alpha      F1    F2    F3    F4     D1,2  D1,3  D1,4  D2,3  D2,4  D3,4    Ln Like  Est Ln P(D)
10100:    1.00    0.082    0.011 0.011 0.242 0.157    0.003 0.041 0.025 0.041 0.025 0.063   -979280    0 
10200:    1.00    0.042    0.011 0.011 0.242 0.156    0.003 0.041 0.025 0.041 0.025 0.062   -978950    0 
10300:    1.00    0.076    0.011 0.011 0.242 0.157    0.003 0.040 0.025 0.040 0.025 0.062   -979359    0 
10400:    1.00    0.104    0.011 0.011 0.243 0.155    0.003 0.041 0.025 0.041 0.025 0.063   -979292    0 
10500:    1.00    0.091    0.011 0.011 0.244 0.155    0.003 0.041 0.024 0.041 0.025 0.063   -979529    0 
10600:    1.00    0.080    0.011 0.011 0.248 0.153    0.003 0.041 0.025 0.041 0.025 0.063   -979784    0 
10700:    1.00    0.101    0.011 0.011 0.249 0.152    0.003 0.042 0.024 0.042 0.024 0.063   -979252    0 
10800:    1.00    0.087    0.011 0.011 0.253 0.152    0.003 0.043 0.024 0.043 0.024 0.064   -979127    0 
10900:    1.00    0.114    0.011 0.011 0.253 0.152    0.003 0.042 0.024 0.042 0.024 0.063   -979027    0 

--------------------------------------------
Proportion of membership of each pre-defined
 population in each of the 4 clusters

Given    Inferred Clusters              Number of
 Pop       1      2      3      4      Individuals

  1:     0.360  0.322  0.107  0.210       23
--------------------------------------------

 Rep#:   Lambda   Alpha      F1    F2    F3    F4     D1,2  D1,3  D1,4  D2,3  D2,4  D3,4    Ln Like  Est Ln P(D)
11000:    1.00    0.067    0.011 0.011 0.253 0.151    0.003 0.043 0.024 0.043 0.025 0.064   -978750    0 
11100:    1.00    0.088    0.011 0.011 0.255 0.154    0.003 0.042 0.025 0.042 0.025 0.064   -979090    0 
11200:    1.00    0.097    0.011 0.011 0.255 0.156    0.003 0.042 0.025 0.042 0.025 0.064   -979074    0 
11300:    1.00    0.113    0.011 0.011 0.256 0.156    0.003 0.043 0.025 0.043 0.025 0.065   -978974    0 
11400:    1.00    0.071    0.011 0.011 0.257 0.153    0.003 0.043 0.025 0.043 0.025 0.064   -979130    0 
11500:    1.00    0.082    0.011 0.011 0.255 0.157    0.003 0.043 0.025 0.043 0.025 0.065   -978683    0 
11600:    1.00    0.069    0.011 0.011 0.257 0.157    0.003 0.043 0.025 0.043 0.025 0.065   -979268    0 
11700:    1.00    0.063    0.011 0.011 0.259 0.157    0.003 0.043 0.025 0.043 0.025 0.066   -979056    0 
11800:    1.00    0.064    0.011 0.011 0.261 0.157    0.003 0.044 0.025 0.044 0.025 0.065   -979114    0 
11900:    1.00    0.052    0.011 0.011 0.264 0.155    0.003 0.044 0.025 0.044 0.025 0.066   -978905    0 

--------------------------------------------
Proportion of membership of each pre-defined
 population in each of the 4 clusters

Given    Inferred Clusters              Number of
 Pop       1      2      3      4      Individuals

  1:     0.350  0.335  0.104  0.211       23
--------------------------------------------

 Rep#:   Lambda   Alpha      F1    F2    F3    F4     D1,2  D1,3  D1,4  D2,3  D2,4  D3,4    Ln Like  Est Ln P(D)
12000:    1.00    0.069    0.011 0.011 0.266 0.155    0.003 0.044 0.025 0.044 0.025 0.066   -978429    0 
12100:    1.00    0.084    0.011 0.011 0.266 0.156    0.003 0.044 0.025 0.044 0.025 0.066   -978609    0 
12200:    1.00    0.082    0.011 0.011 0.263 0.158    0.003 0.044 0.025 0.044 0.025 0.066   -978861    0 
12300:    1.00    0.070    0.011 0.011 0.265 0.158    0.003 0.044 0.026 0.044 0.026 0.067   -979407    0 
12400:    1.00    0.075    0.011 0.011 0.267 0.159    0.003 0.045 0.025 0.044 0.025 0.066   -978915    0 
12500:    1.00    0.083    0.011 0.011 0.264 0.157    0.003 0.044 0.025 0.044 0.025 0.065   -978996    0 
12600:    1.00    0.047    0.011 0.011 0.261 0.158    0.003 0.043 0.025 0.043 0.025 0.066   -979045    0 
12700:    1.00    0.066    0.011 0.012 0.259 0.156    0.003 0.043 0.025 0.043 0.025 0.065   -979351    0 
12800:    1.00    0.090    0.011 0.012 0.262 0.155    0.003 0.043 0.025 0.043 0.025 0.065   -979105    0 
12900:    1.00    0.078    0.011 0.012 0.262 0.155    0.003 0.044 0.025 0.044 0.025 0.065   -978936    0 

--------------------------------------------
Proportion of membership of each pre-defined
 population in each of the 4 clusters

Given    Inferred Clusters              Number of
 Pop       1      2      3      4      Individuals

  1:     0.340  0.349  0.105  0.206       23
--------------------------------------------

 Rep#:   Lambda   Alpha      F1    F2    F3    F4     D1,2  D1,3  D1,4  D2,3  D2,4  D3,4    Ln Like  Est Ln P(D)
13000:    1.00    0.065    0.011 0.012 0.267 0.155    0.003 0.045 0.025 0.045 0.025 0.067   -978509    0 
13100:    1.00    0.080    0.011 0.012 0.269 0.153    0.003 0.044 0.025 0.045 0.025 0.066   -979111    0 
13200:    1.00    0.064    0.011 0.012 0.266 0.152    0.003 0.044 0.024 0.044 0.024 0.065   -978794    0 
13300:    1.00    0.066    0.011 0.012 0.265 0.151    0.003 0.044 0.024 0.044 0.024 0.065   -978730    0 
13400:    1.00    0.059    0.011 0.012 0.265 0.152    0.003 0.044 0.024 0.044 0.024 0.064   -979108    0 
13500:    1.00    0.058    0.011 0.012 0.270 0.152    0.003 0.045 0.024 0.045 0.024 0.066   -978328    0 
13600:    1.00    0.050    0.011 0.012 0.266 0.153    0.003 0.045 0.024 0.045 0.025 0.066   -978887    0 
13700:    1.00    0.065    0.011 0.012 0.261 0.152    0.003 0.044 0.025 0.044 0.025 0.065   -978373    0 
13800:    1.00    0.061    0.011 0.012 0.256 0.153    0.003 0.042 0.024 0.042 0.025 0.063   -979346    0 
13900:    1.00    0.093    0.011 0.012 0.260 0.154    0.003 0.044 0.025 0.044 0.025 0.065   -978926    0 

--------------------------------------------
Proportion of membership of each pre-defined
 population in each of the 4 clusters

Given    Inferred Clusters              Number of
 Pop       1      2      3      4      Individuals

  1:     0.340  0.346  0.105  0.210       23
--------------------------------------------

 Rep#:   Lambda   Alpha      F1    F2    F3    F4     D1,2  D1,3  D1,4  D2,3  D2,4  D3,4    Ln Like  Est Ln P(D)
14000:    1.00    0.073    0.011 0.012 0.258 0.154    0.003 0.043 0.025 0.043 0.025 0.064   -979198    0 
14100:    1.00    0.077    0.011 0.012 0.257 0.154    0.003 0.043 0.024 0.043 0.025 0.065   -978741    0 
14200:    1.00    0.066    0.011 0.012 0.258 0.151    0.003 0.043 0.024 0.043 0.024 0.064   -979150    0 
14300:    1.00    0.071    0.011 0.012 0.257 0.149    0.003 0.043 0.024 0.043 0.024 0.063   -979453    0 
14400:    1.00    0.066    0.011 0.012 0.258 0.150    0.003 0.043 0.024 0.043 0.024 0.064   -979368    0 
14500:    1.00    0.074    0.011 0.012 0.258 0.151    0.003 0.043 0.024 0.043 0.025 0.064   -978672    0 
14600:    1.00    0.057    0.011 0.012 0.260 0.148    0.003 0.043 0.024 0.044 0.024 0.064   -979257    0 
14700:    1.00    0.064    0.011 0.012 0.260 0.147    0.003 0.044 0.023 0.044 0.024 0.065   -979180    0 
14800:    1.00    0.050    0.011 0.012 0.263 0.149    0.003 0.044 0.024 0.044 0.024 0.065   -978974    0 
14900:    1.00    0.070    0.011 0.012 0.264 0.148    0.003 0.044 0.024 0.044 0.024 0.065   -979835    0 

--------------------------------------------
Proportion of membership of each pre-defined
 population in each of the 4 clusters

Given    Inferred Clusters              Number of
 Pop       1      2      3      4      Individuals

  1:     0.333  0.354  0.105  0.209       23
--------------------------------------------

 Rep#:   Lambda   Alpha      F1    F2    F3    F4     D1,2  D1,3  D1,4  D2,3  D2,4  D3,4    Ln Like  Est Ln P(D)
15000:    1.00    0.056    0.011 0.012 0.263 0.151    0.003 0.044 0.024 0.044 0.024 0.065   -978815    0 
15100:    1.00    0.071    0.011 0.012 0.263 0.154    0.003 0.044 0.024 0.044 0.024 0.065   -978948    0 
15200:    1.00    0.078    0.011 0.012 0.265 0.156    0.003 0.045 0.025 0.045 0.025 0.066   -978634    0 
15300:    1.00    0.056    0.011 0.012 0.265 0.156    0.003 0.044 0.025 0.044 0.025 0.066   -978271    0 
15400:    1.00    0.072    0.011 0.012 0.265 0.159    0.003 0.044 0.025 0.044 0.025 0.067   -978866    0 
15500:    1.00    0.072    0.011 0.012 0.266 0.160    0.003 0.044 0.025 0.044 0.025 0.066   -978664    0 
15600:    1.00    0.073    0.011 0.012 0.257 0.160    0.003 0.043 0.025 0.043 0.025 0.065   -978839    0 
15700:    1.00    0.084    0.011 0.012 0.259 0.160    0.003 0.043 0.025 0.044 0.025 0.066   -979302    0 
15800:    1.00    0.071    0.011 0.012 0.265 0.161    0.003 0.044 0.026 0.044 0.026 0.067   -978440    0 
15900:    1.00    0.048    0.011 0.012 0.263 0.160    0.003 0.044 0.026 0.044 0.026 0.067   -979301    0 

--------------------------------------------
Proportion of membership of each pre-defined
 population in each of the 4 clusters

Given    Inferred Clusters              Number of
 Pop       1      2      3      4      Individuals

  1:     0.333  0.357  0.105  0.205       23
--------------------------------------------

 Rep#:   Lambda   Alpha      F1    F2    F3    F4     D1,2  D1,3  D1,4  D2,3  D2,4  D3,4    Ln Like  Est Ln P(D)
16000:    1.00    0.052    0.011 0.012 0.261 0.159    0.003 0.043 0.025 0.043 0.025 0.066   -978610    0 
16100:    1.00    0.078    0.011 0.012 0.266 0.156    0.003 0.044 0.025 0.044 0.025 0.065   -978524    0 
16200:    1.00    0.073    0.011 0.012 0.271 0.158    0.003 0.045 0.025 0.045 0.025 0.067   -978630    0 
16300:    1.00    0.048    0.011 0.012 0.267 0.157    0.003 0.044 0.025 0.044 0.025 0.066   -978163    0 
16400:    1.00    0.086    0.011 0.012 0.265 0.156    0.003 0.044 0.025 0.044 0.025 0.066   -978212    0 
16500:    1.00    0.074    0.011 0.012 0.265 0.155    0.003 0.044 0.025 0.044 0.025 0.066   -978779    0 
16600:    1.00    0.065    0.011 0.012 0.261 0.157    0.003 0.044 0.025 0.044 0.025 0.066   -978821    0 
16700:    1.00    0.067    0.011 0.011 0.266 0.156    0.003 0.045 0.025 0.045 0.025 0.067   -979150    0 
16800:    1.00    0.064    0.011 0.012 0.266 0.155    0.003 0.044 0.025 0.044 0.025 0.066   -978415    0 
16900:    1.00    0.071    0.011 0.012 0.266 0.155    0.003 0.044 0.025 0.044 0.025 0.065   -978925    0 

--------------------------------------------
Proportion of membership of each pre-defined
 population in each of the 4 clusters

Given    Inferred Clusters              Number of
 Pop       1      2      3      4      Individuals

  1:     0.329  0.362  0.103  0.205       23
--------------------------------------------

 Rep#:   Lambda   Alpha      F1    F2    F3    F4     D1,2  D1,3  D1,4  D2,3  D2,4  D3,4    Ln Like  Est Ln P(D)
17000:    1.00    0.054    0.011 0.012 0.269 0.155    0.003 0.045 0.025 0.045 0.025 0.067   -978904    0 
17100:    1.00    0.062    0.011 0.012 0.269 0.155    0.003 0.044 0.025 0.045 0.025 0.066   -979302    0 
17200:    1.00    0.070    0.011 0.012 0.267 0.151    0.003 0.045 0.024 0.045 0.024 0.065   -979133    0 
17300:    1.00    0.067    0.011 0.012 0.267 0.153    0.003 0.044 0.024 0.045 0.025 0.066   -978999    0 
17400:    1.00    0.080    0.011 0.012 0.269 0.158    0.003 0.045 0.025 0.045 0.025 0.067   -978489    0 
17500:    1.00    0.061    0.011 0.011 0.270 0.159    0.003 0.045 0.025 0.045 0.025 0.068   -978609    0 
17600:    1.00    0.056    0.011 0.011 0.269 0.160    0.003 0.045 0.026 0.045 0.026 0.067   -978622    0 
17700:    1.00    0.090    0.011 0.011 0.267 0.161    0.003 0.045 0.025 0.045 0.025 0.067   -978124    0 
17800:    1.00    0.101    0.011 0.011 0.270 0.158    0.003 0.045 0.025 0.045 0.025 0.067   -978721    0 
17900:    1.00    0.098    0.011 0.012 0.270 0.157    0.003 0.045 0.025 0.045 0.025 0.067   -978634    0 

--------------------------------------------
Proportion of membership of each pre-defined
 population in each of the 4 clusters

Given    Inferred Clusters              Number of
 Pop       1      2      3      4      Individuals

  1:     0.315  0.373  0.107  0.206       23
--------------------------------------------

 Rep#:   Lambda   Alpha      F1    F2    F3    F4     D1,2  D1,3  D1,4  D2,3  D2,4  D3,4    Ln Like  Est Ln P(D)
18000:    1.00    0.057    0.011 0.012 0.268 0.157    0.003 0.045 0.025 0.045 0.025 0.066   -978895    0 
18100:    1.00    0.051    0.011 0.012 0.267 0.159    0.003 0.044 0.025 0.044 0.025 0.067   -978185    0 
18200:    1.00    0.071    0.011 0.012 0.273 0.157    0.003 0.045 0.025 0.046 0.025 0.067   -978825    0 
18300:    1.00    0.070    0.011 0.012 0.272 0.154    0.003 0.045 0.025 0.046 0.025 0.067   -978653    0 
18400:    1.00    0.086    0.011 0.012 0.271 0.154    0.003 0.045 0.025 0.045 0.025 0.066   -979284    0 
18500:    1.00    0.082    0.011 0.012 0.269 0.154    0.003 0.044 0.025 0.044 0.025 0.066   -978755    0 
18600:    1.00    0.080    0.011 0.012 0.269 0.154    0.003 0.044 0.025 0.044 0.025 0.066   -978481    0 
18700:    1.00    0.058    0.011 0.012 0.269 0.155    0.003 0.045 0.025 0.045 0.025 0.067   -978470    0 
18800:    1.00    0.052    0.011 0.012 0.269 0.154    0.003 0.044 0.025 0.044 0.025 0.065   -978654    0 
18900:    1.00    0.060    0.011 0.012 0.265 0.155    0.003 0.044 0.025 0.044 0.025 0.066   -978398    0 

--------------------------------------------
Proportion of membership of each pre-defined
 population in each of the 4 clusters

Given    Inferred Clusters              Number of
 Pop       1      2      3      4      Individuals

  1:     0.313  0.373  0.104  0.209       23
--------------------------------------------

 Rep#:   Lambda   Alpha      F1    F2    F3    F4     D1,2  D1,3  D1,4  D2,3  D2,4  D3,4    Ln Like  Est Ln P(D)
19000:    1.00    0.066    0.011 0.012 0.268 0.154    0.003 0.044 0.025 0.045 0.025 0.066   -978792    0 
19100:    1.00    0.073    0.011 0.012 0.268 0.154    0.003 0.045 0.025 0.045 0.025 0.067   -978787    0 
19200:    1.00    0.048    0.011 0.012 0.267 0.155    0.003 0.045 0.024 0.045 0.025 0.066   -978550    0 
19300:    1.00    0.078    0.011 0.012 0.266 0.155    0.003 0.044 0.025 0.044 0.025 0.065   -979312    0 
19400:    1.00    0.081    0.011 0.012 0.264 0.155    0.004 0.044 0.025 0.044 0.025 0.066   -978932    0 
19500:    1.00    0.077    0.011 0.012 0.265 0.157    0.003 0.044 0.025 0.044 0.025 0.066   -978634    0 
19600:    1.00    0.067    0.011 0.012 0.262 0.157    0.003 0.044 0.025 0.044 0.025 0.066   -978873    0 
19700:    1.00    0.077    0.011 0.012 0.256 0.157    0.003 0.043 0.025 0.043 0.025 0.065   -978644    0 
19800:    1.00    0.059    0.011 0.012 0.257 0.158    0.003 0.043 0.025 0.043 0.026 0.065   -978545    0 
19900:    1.00    0.053    0.011 0.012 0.258 0.158    0.003 0.043 0.025 0.043 0.025 0.065   -978228    0 

--------------------------------------------
Proportion of membership of each pre-defined
 population in each of the 4 clusters

Given    Inferred Clusters              Number of
 Pop       1      2      3      4      Individuals

  1:     0.321  0.370  0.105  0.204       23
--------------------------------------------

 Rep#:   Lambda   Alpha      F1    F2    F3    F4     D1,2  D1,3  D1,4  D2,3  D2,4  D3,4    Ln Like  Est Ln P(D)
20000:    1.00    0.063    0.011 0.012 0.263 0.157    0.003 0.043 0.025 0.043 0.025 0.065   -978661    0 
20100:    1.00    0.069    0.011 0.012 0.264 0.155    0.003 0.044 0.025 0.045 0.025 0.066   -978598    0 
20200:    1.00    0.063    0.011 0.012 0.266 0.154    0.003 0.044 0.024 0.045 0.025 0.067   -978626    0 
20300:    1.00    0.066    0.011 0.012 0.266 0.154    0.003 0.044 0.024 0.044 0.024 0.066   -978796    0 
20400:    1.00    0.079    0.011 0.012 0.270 0.155    0.003 0.045 0.025 0.045 0.025 0.066   -978838    0 
20500:    1.00    0.125    0.011 0.012 0.271 0.156    0.003 0.045 0.025 0.045 0.025 0.067   -978481    0 
20600:    1.00    0.130    0.011 0.012 0.268 0.155    0.003 0.045 0.025 0.046 0.025 0.067   -978777    0 
20700:    1.00    0.091    0.011 0.012 0.269 0.155    0.003 0.045 0.025 0.045 0.025 0.067   -979019    0 
20800:    1.00    0.072    0.011 0.012 0.266 0.155    0.003 0.044 0.025 0.044 0.025 0.066   -978754    0 
20900:    1.00    0.090    0.011 0.012 0.266 0.156    0.003 0.044 0.025 0.045 0.025 0.066   -978629    0 

--------------------------------------------
Proportion of membership of each pre-defined
 population in each of the 4 clusters

Given    Inferred Clusters              Number of
 Pop       1      2      3      4      Individuals

  1:     0.321  0.368  0.106  0.205       23
--------------------------------------------

 Rep#:   Lambda   Alpha      F1    F2    F3    F4     D1,2  D1,3  D1,4  D2,3  D2,4  D3,4    Ln Like  Est Ln P(D)
21000:    1.00    0.084    0.011 0.012 0.264 0.157    0.003 0.044 0.025 0.044 0.025 0.065   -978623    0 
21100:    1.00    0.049    0.011 0.012 0.261 0.157    0.003 0.044 0.025 0.044 0.025 0.065   -978603    0 
21200:    1.00    0.072    0.011 0.012 0.261 0.157    0.003 0.044 0.025 0.044 0.025 0.066   -978760    0 
21300:    1.00    0.052    0.011 0.012 0.256 0.155    0.003 0.043 0.025 0.043 0.025 0.064   -979326    0 
21400:    1.00    0.048    0.011 0.012 0.256 0.157    0.003 0.042 0.025 0.043 0.025 0.064   -978707    0 
21500:    1.00    0.095    0.011 0.012 0.252 0.157    0.003 0.042 0.025 0.043 0.025 0.064   -978874    0 
21600:    1.00    0.061    0.011 0.012 0.256 0.156    0.003 0.043 0.025 0.043 0.025 0.065   -978915    0 
21700:    1.00    0.052    0.011 0.012 0.257 0.155    0.003 0.043 0.025 0.043 0.025 0.065   -978713    0 
21800:    1.00    0.086    0.011 0.012 0.259 0.155    0.003 0.043 0.025 0.044 0.025 0.065   -978697    0 
21900:    1.00    0.067    0.011 0.012 0.259 0.155    0.003 0.043 0.025 0.043 0.025 0.065   -979001    0 

--------------------------------------------
Proportion of membership of each pre-defined
 population in each of the 4 clusters

Given    Inferred Clusters              Number of
 Pop       1      2      3      4      Individuals

  1:     0.313  0.380  0.105  0.202       23
--------------------------------------------

 Rep#:   Lambda   Alpha      F1    F2    F3    F4     D1,2  D1,3  D1,4  D2,3  D2,4  D3,4    Ln Like  Est Ln P(D)
22000:    1.00    0.057    0.011 0.012 0.261 0.157    0.003 0.044 0.025 0.044 0.025 0.065   -979146    0 
22100:    1.00    0.080    0.011 0.012 0.258 0.157    0.003 0.043 0.025 0.043 0.025 0.065   -979185    0 
22200:    1.00    0.046    0.011 0.012 0.258 0.157    0.003 0.044 0.025 0.044 0.025 0.065   -978989    0 
22300:    1.00    0.050    0.011 0.012 0.256 0.157    0.003 0.043 0.025 0.043 0.025 0.064   -978704    0 
22400:    1.00    0.068    0.011 0.012 0.255 0.157    0.003 0.043 0.025 0.043 0.025 0.065   -979163    0 
22500:    1.00    0.079    0.011 0.012 0.256 0.159    0.003 0.043 0.025 0.043 0.025 0.065   -978652    0 
22600:    1.00    0.061    0.011 0.012 0.254 0.158    0.003 0.043 0.025 0.043 0.025 0.065   -978737    0 
22700:    1.00    0.069    0.011 0.012 0.252 0.157    0.003 0.043 0.025 0.043 0.025 0.065   -978729    0 
22800:    1.00    0.047    0.011 0.012 0.257 0.157    0.003 0.043 0.025 0.043 0.025 0.064   -978331    0 
22900:    1.00    0.065    0.011 0.012 0.255 0.153    0.003 0.043 0.024 0.043 0.024 0.064   -979237    0 

--------------------------------------------
Proportion of membership of each pre-defined
 population in each of the 4 clusters

Given    Inferred Clusters              Number of
 Pop       1      2      3      4      Individuals

  1:     0.307  0.386  0.106  0.201       23
--------------------------------------------

 Rep#:   Lambda   Alpha      F1    F2    F3    F4     D1,2  D1,3  D1,4  D2,3  D2,4  D3,4    Ln Like  Est Ln P(D)
23000:    1.00    0.068    0.011 0.012 0.249 0.154    0.003 0.041 0.025 0.041 0.025 0.063   -979382    0 
23100:    1.00    0.070    0.011 0.012 0.251 0.153    0.003 0.042 0.025 0.042 0.025 0.064   -979179    0 
23200:    1.00    0.059    0.011 0.012 0.254 0.153    0.003 0.042 0.025 0.042 0.025 0.064   -979141    0 
23300:    1.00    0.038    0.011 0.012 0.253 0.154    0.003 0.043 0.024 0.043 0.025 0.064   -978570    0 
23400:    1.00    0.056    0.011 0.012 0.254 0.153    0.003 0.042 0.024 0.042 0.025 0.064   -978714    0 
23500:    1.00    0.071    0.011 0.012 0.253 0.153    0.003 0.042 0.024 0.042 0.025 0.064   -979180    0 
23600:    1.00    0.050    0.011 0.012 0.254 0.156    0.003 0.042 0.025 0.042 0.025 0.064   -978884    0 
23700:    1.00    0.046    0.011 0.012 0.252 0.156    0.003 0.042 0.025 0.042 0.025 0.063   -978890    0 
23800:    1.00    0.034    0.011 0.011 0.252 0.156    0.003 0.042 0.025 0.042 0.025 0.064   -979022    0 
23900:    1.00    0.054    0.011 0.011 0.249 0.156    0.003 0.042 0.025 0.042 0.025 0.064   -979067    0 

--------------------------------------------
Proportion of membership of each pre-defined
 population in each of the 4 clusters

Given    Inferred Clusters              Number of
 Pop       1      2      3      4      Individuals

  1:     0.301  0.394  0.106  0.199       23
--------------------------------------------

 Rep#:   Lambda   Alpha      F1    F2    F3    F4     D1,2  D1,3  D1,4  D2,3  D2,4  D3,4    Ln Like  Est Ln P(D)
24000:    1.00    0.069    0.011 0.011 0.250 0.162    0.003 0.042 0.026 0.042 0.026 0.065   -978934    0 
24100:    1.00    0.061    0.011 0.011 0.250 0.162    0.003 0.042 0.026 0.042 0.026 0.065   -979003    0 
24200:    1.00    0.066    0.011 0.011 0.247 0.163    0.003 0.041 0.026 0.041 0.026 0.064   -978990    0 
24300:    1.00    0.047    0.011 0.011 0.247 0.165    0.003 0.041 0.026 0.041 0.026 0.064   -978833    0 
24400:    1.00    0.058    0.011 0.012 0.247 0.166    0.003 0.042 0.026 0.042 0.026 0.065   -979234    0 
24500:    1.00    0.075    0.011 0.012 0.246 0.166    0.003 0.042 0.026 0.042 0.026 0.065   -979131    0 
24600:    1.00    0.069    0.011 0.012 0.249 0.167    0.003 0.041 0.027 0.041 0.027 0.064   -979300    0 
24700:    1.00    0.060    0.011 0.012 0.251 0.167    0.003 0.042 0.027 0.042 0.027 0.065   -978541    0 
24800:    1.00    0.045    0.011 0.012 0.254 0.166    0.003 0.042 0.026 0.042 0.026 0.066   -978996    0 
24900:    1.00    0.058    0.011 0.012 0.262 0.164    0.003 0.044 0.026 0.044 0.026 0.067   -979167    0 

--------------------------------------------
Proportion of membership of each pre-defined
 population in each of the 4 clusters

Given    Inferred Clusters              Number of
 Pop       1      2      3      4      Individuals

  1:     0.294  0.405  0.105  0.196       23
--------------------------------------------

 Rep#:   Lambda   Alpha      F1    F2    F3    F4     D1,2  D1,3  D1,4  D2,3  D2,4  D3,4    Ln Like  Est Ln P(D)
25000:    1.00    0.065    0.011 0.012 0.258 0.163    0.003 0.043 0.026 0.043 0.026 0.066   -979264    0 
25100:    1.00    0.061    0.011 0.011 0.257 0.163    0.003 0.043 0.026 0.043 0.026 0.065   -978953    0 
25200:    1.00    0.073    0.011 0.011 0.256 0.165    0.003 0.042 0.026 0.042 0.026 0.065   -978981    0 
25300:    1.00    0.072    0.011 0.011 0.257 0.165    0.003 0.042 0.026 0.043 0.026 0.066   -979087    0 
25400:    1.00    0.081    0.011 0.011 0.257 0.165    0.003 0.043 0.026 0.043 0.026 0.066   -978738    0 
25500:    1.00    0.051    0.011 0.011 0.257 0.166    0.003 0.043 0.026 0.043 0.026 0.066   -979122    0 
25600:    1.00    0.055    0.011 0.012 0.257 0.165    0.003 0.043 0.026 0.043 0.026 0.066   -979099    0 
25700:    1.00    0.048    0.011 0.012 0.263 0.164    0.003 0.044 0.026 0.044 0.026 0.067   -978664    0 
25800:    1.00    0.064    0.011 0.012 0.259 0.166    0.003 0.044 0.026 0.044 0.026 0.066   -978639    0 
25900:    1.00    0.065    0.011 0.012 0.257 0.164    0.003 0.043 0.026 0.043 0.026 0.066   -978792    0 

--------------------------------------------
Proportion of membership of each pre-defined
 population in each of the 4 clusters

Given    Inferred Clusters              Number of
 Pop       1      2      3      4      Individuals

  1:     0.293  0.398  0.106  0.202       23
--------------------------------------------

 Rep#:   Lambda   Alpha      F1    F2    F3    F4     D1,2  D1,3  D1,4  D2,3  D2,4  D3,4    Ln Like  Est Ln P(D)
26000:    1.00    0.062    0.011 0.012 0.256 0.161    0.003 0.043 0.026 0.043 0.026 0.065   -979181    0 
26100:    1.00    0.074    0.011 0.012 0.256 0.165    0.003 0.043 0.026 0.043 0.026 0.066   -979310    0 
26200:    1.00    0.061    0.011 0.012 0.258 0.165    0.003 0.043 0.026 0.043 0.026 0.066   -979451    0 
26300:    1.00    0.109    0.011 0.012 0.256 0.165    0.003 0.043 0.026 0.043 0.026 0.066   -979373    0 
26400:    1.00    0.094    0.011 0.012 0.255 0.165    0.003 0.043 0.026 0.043 0.026 0.065   -978776    0 
26500:    1.00    0.103    0.011 0.012 0.260 0.162    0.003 0.043 0.026 0.043 0.026 0.066   -978678    0 
26600:    1.00    0.064    0.011 0.012 0.259 0.166    0.003 0.043 0.027 0.043 0.027 0.066   -978601    0 
26700:    1.00    0.072    0.011 0.012 0.266 0.165    0.003 0.044 0.026 0.045 0.026 0.067   -978849    0 
26800:    1.00    0.073    0.011 0.012 0.269 0.165    0.003 0.045 0.026 0.045 0.026 0.068   -978653    0 
26900:    1.00    0.056    0.011 0.012 0.266 0.167    0.003 0.044 0.027 0.044 0.026 0.067   -978771    0 

--------------------------------------------
Proportion of membership of each pre-defined
 population in each of the 4 clusters

Given    Inferred Clusters              Number of
 Pop       1      2      3      4      Individuals

  1:     0.296  0.403  0.105  0.196       23
--------------------------------------------

 Rep#:   Lambda   Alpha      F1    F2    F3    F4     D1,2  D1,3  D1,4  D2,3  D2,4  D3,4    Ln Like  Est Ln P(D)
27000:    1.00    0.060    0.011 0.012 0.264 0.167    0.003 0.044 0.026 0.044 0.026 0.067   -979022    0 
27100:    1.00    0.060    0.011 0.012 0.264 0.167    0.003 0.044 0.027 0.044 0.027 0.067   -978823    0 
27200:    1.00    0.062    0.011 0.012 0.265 0.167    0.003 0.044 0.026 0.044 0.026 0.067   -978993    0 
27300:    1.00    0.076    0.011 0.012 0.265 0.167    0.003 0.044 0.027 0.044 0.027 0.067   -978960    0 
27400:    1.00    0.070    0.011 0.012 0.264 0.167    0.003 0.044 0.027 0.045 0.026 0.068   -978924    0 
27500:    1.00    0.051    0.011 0.012 0.267 0.167    0.003 0.045 0.027 0.045 0.027 0.068   -978705    0 
27600:    1.00    0.055    0.011 0.012 0.262 0.168    0.004 0.044 0.027 0.044 0.027 0.067   -978549    0 
27700:    1.00    0.044    0.011 0.012 0.263 0.167    0.003 0.044 0.027 0.045 0.027 0.068   -978819    0 
27800:    1.00    0.047    0.011 0.012 0.262 0.166    0.003 0.044 0.026 0.044 0.026 0.067   -979154    0 
27900:    1.00    0.044    0.011 0.012 0.262 0.165    0.003 0.044 0.026 0.044 0.026 0.067   -978675    0 

--------------------------------------------
Proportion of membership of each pre-defined
 population in each of the 4 clusters

Given    Inferred Clusters              Number of
 Pop       1      2      3      4      Individuals

  1:     0.292  0.403  0.106  0.199       23
--------------------------------------------

 Rep#:   Lambda   Alpha      F1    F2    F3    F4     D1,2  D1,3  D1,4  D2,3  D2,4  D3,4    Ln Like  Est Ln P(D)
28000:    1.00    0.037    0.011 0.012 0.262 0.162    0.003 0.044 0.026 0.044 0.026 0.067   -979049    0 
28100:    1.00    0.042    0.011 0.012 0.262 0.160    0.003 0.044 0.025 0.044 0.025 0.066   -978551    0 
28200:    1.00    0.070    0.011 0.012 0.262 0.160    0.003 0.044 0.026 0.044 0.026 0.067   -978082    0 
28300:    1.00    0.076    0.011 0.012 0.262 0.160    0.003 0.044 0.025 0.044 0.026 0.066   -978939    0 
28400:    1.00    0.041    0.011 0.012 0.262 0.163    0.003 0.044 0.026 0.044 0.026 0.066   -979107    0 
28500:    1.00    0.037    0.011 0.012 0.262 0.161    0.004 0.044 0.026 0.044 0.026 0.066   -978660    0 
28600:    1.00    0.066    0.011 0.012 0.264 0.162    0.003 0.044 0.026 0.044 0.026 0.067   -979081    0 
28700:    1.00    0.077    0.011 0.012 0.264 0.160    0.003 0.044 0.026 0.044 0.026 0.067   -978670    0 
28800:    1.00    0.057    0.011 0.012 0.258 0.158    0.004 0.043 0.025 0.044 0.025 0.066   -978777    0 
28900:    1.00    0.063    0.011 0.012 0.258 0.158    0.004 0.043 0.025 0.043 0.025 0.064   -979130    0 

--------------------------------------------
Proportion of membership of each pre-defined
 population in each of the 4 clusters

Given    Inferred Clusters              Number of
 Pop       1      2      3      4      Individuals

  1:     0.291  0.399  0.106  0.204       23
--------------------------------------------

 Rep#:   Lambda   Alpha      F1    F2    F3    F4     D1,2  D1,3  D1,4  D2,3  D2,4  D3,4    Ln Like  Est Ln P(D)
29000:    1.00    0.071    0.011 0.012 0.254 0.160    0.004 0.043 0.025 0.043 0.025 0.065   -978898    0 
29100:    1.00    0.039    0.011 0.012 0.254 0.161    0.003 0.043 0.026 0.043 0.026 0.065   -978422    0 
29200:    1.00    0.063    0.011 0.012 0.255 0.160    0.004 0.043 0.025 0.043 0.026 0.065   -978833    0 
29300:    1.00    0.057    0.011 0.012 0.258 0.160    0.003 0.043 0.025 0.043 0.025 0.065   -978546    0 
29400:    1.00    0.055    0.011 0.012 0.255 0.159    0.004 0.043 0.026 0.043 0.026 0.065   -978579    0 
29500:    1.00    0.056    0.011 0.012 0.252 0.160    0.003 0.042 0.026 0.042 0.026 0.065   -979041    0 
29600:    1.00    0.073    0.011 0.012 0.252 0.160    0.004 0.042 0.025 0.042 0.025 0.064   -978529    0 
29700:    1.00    0.054    0.011 0.012 0.254 0.162    0.004 0.042 0.026 0.042 0.026 0.065   -978781    0 
29800:    1.00    0.050    0.011 0.012 0.255 0.162    0.003 0.043 0.026 0.043 0.026 0.065   -978891    0 
29900:    1.00    0.057    0.011 0.012 0.254 0.162    0.004 0.042 0.026 0.043 0.026 0.064   -978973    0 

--------------------------------------------
Proportion of membership of each pre-defined
 population in each of the 4 clusters

Given    Inferred Clusters              Number of
 Pop       1      2      3      4      Individuals

  1:     0.291  0.401  0.108  0.200       23
--------------------------------------------

 Rep#:   Lambda   Alpha      F1    F2    F3    F4     D1,2  D1,3  D1,4  D2,3  D2,4  D3,4    Ln Like  Est Ln P(D)
30000:    1.00    0.058    0.011 0.012 0.252 0.165    0.004 0.042 0.026 0.042 0.026 0.065   -978828    0 
30100:    1.00    0.066    0.011 0.012 0.254 0.165    0.004 0.043 0.027 0.043 0.027 0.067   -978943    0 
30200:    1.00    0.061    0.011 0.012 0.256 0.162    0.003 0.043 0.026 0.043 0.026 0.066   -979460    0 
30300:    1.00    0.078    0.011 0.012 0.256 0.161    0.004 0.043 0.026 0.043 0.026 0.066   -978873    0 
30400:    1.00    0.050    0.011 0.012 0.257 0.162    0.003 0.043 0.026 0.043 0.026 0.066   -979681    0 
30500:    1.00    0.059    0.011 0.012 0.257 0.163    0.004 0.043 0.026 0.043 0.026 0.065   -979003    0 
30600:    1.00    0.078    0.011 0.012 0.257 0.163    0.003 0.043 0.026 0.043 0.026 0.066   -978789    0 
30700:    1.00    0.059    0.011 0.012 0.257 0.163    0.004 0.043 0.026 0.043 0.026 0.065   -979040    0 
30800:    1.00    0.053    0.011 0.012 0.262 0.165    0.004 0.044 0.026 0.044 0.026 0.067   -979020    0 
30900:    1.00    0.063    0.011 0.012 0.262 0.166    0.004 0.043 0.027 0.043 0.026 0.066   -979314    0 

--------------------------------------------
Proportion of membership of each pre-defined
 population in each of the 4 clusters

Given    Inferred Clusters              Number of
 Pop       1      2      3      4      Individuals

  1:     0.293  0.398  0.107  0.202       23
--------------------------------------------

 Rep#:   Lambda   Alpha      F1    F2    F3    F4     D1,2  D1,3  D1,4  D2,3  D2,4  D3,4    Ln Like  Est Ln P(D)
31000:    1.00    0.075    0.011 0.012 0.259 0.167    0.004 0.043 0.026 0.043 0.026 0.066   -977971    0 
31100:    1.00    0.083    0.012 0.012 0.260 0.166    0.004 0.044 0.026 0.044 0.026 0.067   -978770    0 
31200:    1.00    0.073    0.011 0.012 0.259 0.163    0.004 0.044 0.026 0.044 0.026 0.067   -978704    0 
31300:    1.00    0.055    0.011 0.012 0.263 0.164    0.003 0.044 0.026 0.044 0.026 0.067   -978357    0 
31400:    1.00    0.056    0.011 0.012 0.262 0.165    0.004 0.044 0.026 0.044 0.026 0.067   -978504    0 
31500:    1.00    0.064    0.012 0.012 0.267 0.163    0.004 0.045 0.026 0.044 0.026 0.067   -978501    0 
31600:    1.00    0.058    0.012 0.012 0.267 0.165    0.004 0.045 0.026 0.045 0.026 0.067   -978202    0 
31700:    1.00    0.062    0.012 0.012 0.268 0.164    0.004 0.044 0.026 0.045 0.026 0.067   -979260    0 
31800:    1.00    0.055    0.012 0.012 0.264 0.165    0.004 0.044 0.026 0.044 0.026 0.067   -978311    0 
31900:    1.00    0.074    0.012 0.012 0.265 0.163    0.004 0.044 0.026 0.044 0.026 0.067   -978472    0 

--------------------------------------------
Proportion of membership of each pre-defined
 population in each of the 4 clusters

Given    Inferred Clusters              Number of
 Pop       1      2      3      4      Individuals

  1:     0.296  0.399  0.104  0.200       23
--------------------------------------------

 Rep#:   Lambda   Alpha      F1    F2    F3    F4     D1,2  D1,3  D1,4  D2,3  D2,4  D3,4    Ln Like  Est Ln P(D)
32000:    1.00    0.074    0.012 0.012 0.265 0.163    0.004 0.044 0.026 0.044 0.026 0.067   -978736    0 
32100:    1.00    0.087    0.012 0.012 0.265 0.166    0.004 0.044 0.027 0.044 0.027 0.068   -978146    0 
32200:    1.00    0.082    0.012 0.012 0.265 0.164    0.004 0.044 0.026 0.044 0.026 0.067   -978595    0 
32300:    1.00    0.057    0.011 0.012 0.264 0.164    0.004 0.044 0.026 0.044 0.026 0.067   -978579    0 
32400:    1.00    0.082    0.011 0.012 0.260 0.159    0.004 0.044 0.025 0.044 0.025 0.066   -978770    0 
32500:    1.00    0.070    0.011 0.012 0.256 0.159    0.004 0.043 0.025 0.043 0.025 0.066   -978560    0 
32600:    1.00    0.100    0.011 0.012 0.256 0.156    0.004 0.043 0.025 0.043 0.025 0.065   -978763    0 
32700:    1.00    0.091    0.012 0.012 0.253 0.160    0.004 0.043 0.026 0.043 0.026 0.065   -978897    0 
32800:    1.00    0.074    0.012 0.012 0.256 0.162    0.004 0.043 0.026 0.043 0.026 0.066   -979245    0 
32900:    1.00    0.063    0.012 0.012 0.258 0.162    0.004 0.043 0.026 0.043 0.026 0.065   -978797    0 

--------------------------------------------
Proportion of membership of each pre-defined
 population in each of the 4 clusters

Given    Inferred Clusters              Number of
 Pop       1      2      3      4      Individuals

  1:     0.307  0.387  0.107  0.199       23
--------------------------------------------

 Rep#:   Lambda   Alpha      F1    F2    F3    F4     D1,2  D1,3  D1,4  D2,3  D2,4  D3,4    Ln Like  Est Ln P(D)
33000:    1.00    0.053    0.012 0.012 0.259 0.162    0.004 0.043 0.026 0.044 0.026 0.066   -979115    0 
33100:    1.00    0.061    0.012 0.012 0.259 0.161    0.004 0.043 0.026 0.043 0.026 0.066   -979044    0 
33200:    1.00    0.079    0.012 0.012 0.258 0.163    0.004 0.044 0.026 0.044 0.026 0.067   -978897    0 
33300:    1.00    0.065    0.012 0.012 0.258 0.162    0.004 0.043 0.026 0.044 0.026 0.067   -979251    0 
33400:    1.00    0.055    0.012 0.012 0.256 0.163    0.004 0.043 0.026 0.043 0.026 0.066   -978875    0 
33500:    1.00    0.075    0.012 0.012 0.257 0.165    0.004 0.042 0.026 0.043 0.026 0.065   -978930    0 
33600:    1.00    0.066    0.012 0.012 0.252 0.165    0.004 0.042 0.026 0.042 0.026 0.065   -978709    0 
33700:    1.00    0.080    0.012 0.012 0.248 0.165    0.004 0.041 0.026 0.041 0.026 0.065   -979011    0 
33800:    1.00    0.063    0.012 0.012 0.252 0.168    0.004 0.042 0.027 0.042 0.026 0.066   -979165    0 
33900:    1.00    0.049    0.012 0.012 0.249 0.167    0.004 0.042 0.027 0.042 0.027 0.066   -979105    0 

--------------------------------------------
Proportion of membership of each pre-defined
 population in each of the 4 clusters

Given    Inferred Clusters              Number of
 Pop       1      2      3      4      Individuals

  1:     0.293  0.404  0.108  0.194       23
--------------------------------------------

 Rep#:   Lambda   Alpha      F1    F2    F3    F4     D1,2  D1,3  D1,4  D2,3  D2,4  D3,4    Ln Like  Est Ln P(D)
34000:    1.00    0.056    0.012 0.012 0.249 0.168    0.004 0.042 0.027 0.042 0.027 0.066   -978817    0 
34100:    1.00    0.086    0.012 0.012 0.247 0.167    0.004 0.042 0.027 0.042 0.027 0.065   -978685    0 
34200:    1.00    0.102    0.012 0.012 0.247 0.167    0.004 0.041 0.027 0.041 0.027 0.065   -978865    0 
34300:    1.00    0.061    0.012 0.012 0.250 0.168    0.004 0.042 0.027 0.042 0.027 0.066   -978784    0 
34400:    1.00    0.050    0.012 0.012 0.249 0.167    0.004 0.042 0.027 0.042 0.026 0.065   -978828    0 
34500:    1.00    0.075    0.012 0.012 0.247 0.166    0.004 0.041 0.026 0.041 0.026 0.064   -978903    0 
34600:    1.00    0.063    0.012 0.012 0.244 0.167    0.004 0.041 0.026 0.041 0.026 0.064   -978943    0 
34700:    1.00    0.060    0.012 0.012 0.244 0.167    0.004 0.041 0.026 0.041 0.026 0.064   -979064    0 
34800:    1.00    0.067    0.012 0.012 0.248 0.167    0.004 0.042 0.026 0.042 0.026 0.064   -979389    0 
34900:    1.00    0.075    0.012 0.012 0.249 0.171    0.004 0.042 0.027 0.042 0.027 0.065   -978514    0 

--------------------------------------------
Proportion of membership of each pre-defined
 population in each of the 4 clusters

Given    Inferred Clusters              Number of
 Pop       1      2      3      4      Individuals

  1:     0.280  0.415  0.106  0.199       23
--------------------------------------------

 Rep#:   Lambda   Alpha      F1    F2    F3    F4     D1,2  D1,3  D1,4  D2,3  D2,4  D3,4    Ln Like  Est Ln P(D)
35000:    1.00    0.058    0.012 0.012 0.252 0.170    0.004 0.042 0.027 0.042 0.027 0.066   -978703    0 
35100:    1.00    0.067    0.012 0.012 0.250 0.166    0.004 0.042 0.027 0.042 0.027 0.065   -978436    0 
35200:    1.00    0.102    0.012 0.012 0.247 0.165    0.004 0.042 0.027 0.042 0.026 0.065   -979065    0 
35300:    1.00    0.087    0.012 0.012 0.247 0.164    0.004 0.042 0.026 0.042 0.026 0.064   -978891    0 
35400:    1.00    0.053    0.012 0.012 0.251 0.165    0.004 0.042 0.026 0.042 0.026 0.065   -978458    0 
35500:    1.00    0.064    0.012 0.012 0.246 0.165    0.004 0.041 0.026 0.042 0.026 0.064   -979212    0 
35600:    1.00    0.062    0.012 0.012 0.246 0.163    0.004 0.041 0.026 0.041 0.026 0.064   -979013    0 
35700:    1.00    0.092    0.012 0.012 0.248 0.164    0.004 0.041 0.026 0.041 0.026 0.064   -979260    0 
35800:    1.00    0.056    0.012 0.012 0.250 0.164    0.004 0.042 0.026 0.043 0.026 0.066   -978694    0 
35900:    1.00    0.084    0.013 0.012 0.249 0.165    0.004 0.042 0.027 0.042 0.026 0.065   -978713    0 

--------------------------------------------
Proportion of membership of each pre-defined
 population in each of the 4 clusters

Given    Inferred Clusters              Number of
 Pop       1      2      3      4      Individuals

  1:     0.279  0.415  0.106  0.200       23
--------------------------------------------

 Rep#:   Lambda   Alpha      F1    F2    F3    F4     D1,2  D1,3  D1,4  D2,3  D2,4  D3,4    Ln Like  Est Ln P(D)
36000:    1.00    0.052    0.013 0.012 0.249 0.163    0.004 0.042 0.026 0.042 0.026 0.065   -978595    0 
36100:    1.00    0.101    0.013 0.012 0.250 0.163    0.004 0.042 0.026 0.042 0.026 0.065   -979226    0 
36200:    1.00    0.086    0.013 0.012 0.252 0.162    0.004 0.042 0.026 0.042 0.026 0.064   -978736    0 
36300:    1.00    0.061    0.013 0.012 0.252 0.162    0.004 0.042 0.026 0.042 0.026 0.065   -978769    0 
36400:    1.00    0.089    0.013 0.012 0.249 0.162    0.004 0.042 0.026 0.042 0.025 0.064   -979231    0 
36500:    1.00    0.063    0.013 0.012 0.249 0.162    0.004 0.041 0.026 0.041 0.026 0.064   -979004    0 
36600:    1.00    0.082    0.013 0.012 0.249 0.162    0.004 0.042 0.026 0.042 0.026 0.064   -978849    0 
36700:    1.00    0.061    0.013 0.012 0.249 0.158    0.004 0.042 0.026 0.042 0.025 0.064   -979226    0 
36800:    1.00    0.065    0.013 0.012 0.248 0.159    0.004 0.042 0.026 0.042 0.026 0.064   -979170    0 
36900:    1.00    0.097    0.013 0.012 0.248 0.157    0.004 0.042 0.025 0.042 0.025 0.063   -978781    0 

--------------------------------------------
Proportion of membership of each pre-defined
 population in each of the 4 clusters

Given    Inferred Clusters              Number of
 Pop       1      2      3      4      Individuals

  1:     0.272  0.419  0.108  0.202       23
--------------------------------------------

 Rep#:   Lambda   Alpha      F1    F2    F3    F4     D1,2  D1,3  D1,4  D2,3  D2,4  D3,4    Ln Like  Est Ln P(D)
37000:    1.00    0.066    0.013 0.012 0.247 0.160    0.004 0.041 0.025 0.041 0.025 0.063   -978754    0 
37100:    1.00    0.100    0.013 0.012 0.245 0.160    0.004 0.042 0.025 0.042 0.025 0.064   -979060    0 
37200:    1.00    0.054    0.013 0.012 0.245 0.160    0.004 0.041 0.026 0.041 0.026 0.063   -979373    0 
37300:    1.00    0.072    0.013 0.012 0.245 0.160    0.004 0.042 0.026 0.042 0.026 0.064   -978986    0 
37400:    1.00    0.068    0.013 0.012 0.248 0.162    0.004 0.042 0.026 0.042 0.026 0.064   -978939    0 
37500:    1.00    0.046    0.013 0.012 0.251 0.161    0.004 0.042 0.026 0.042 0.026 0.065   -978997    0 
37600:    1.00    0.069    0.013 0.012 0.249 0.161    0.004 0.042 0.026 0.042 0.026 0.064   -978383    0 
37700:    1.00    0.044    0.013 0.012 0.252 0.160    0.004 0.043 0.026 0.043 0.026 0.065   -978908    0 
37800:    1.00    0.059    0.013 0.012 0.251 0.158    0.004 0.042 0.026 0.042 0.025 0.064   -979004    0 
37900:    1.00    0.056    0.013 0.012 0.251 0.159    0.004 0.042 0.026 0.042 0.026 0.064   -978911    0 

--------------------------------------------
Proportion of membership of each pre-defined
 population in each of the 4 clusters

Given    Inferred Clusters              Number of
 Pop       1      2      3      4      Individuals

  1:     0.272  0.423  0.108  0.198       23
--------------------------------------------

 Rep#:   Lambda   Alpha      F1    F2    F3    F4     D1,2  D1,3  D1,4  D2,3  D2,4  D3,4    Ln Like  Est Ln P(D)
38000:    1.00    0.047    0.013 0.012 0.252 0.160    0.004 0.043 0.026 0.043 0.026 0.065   -978819    0 
38100:    1.00    0.053    0.013 0.012 0.255 0.160    0.004 0.043 0.026 0.043 0.026 0.065   -978859    0 
38200:    1.00    0.093    0.013 0.012 0.257 0.161    0.004 0.043 0.026 0.043 0.026 0.065   -978550    0 
38300:    1.00    0.078    0.013 0.012 0.255 0.161    0.004 0.043 0.026 0.043 0.026 0.065   -979014    0 
38400:    1.00    0.074    0.013 0.012 0.257 0.164    0.004 0.043 0.026 0.043 0.026 0.066   -978621    0 
38500:    1.00    0.074    0.013 0.012 0.257 0.164    0.004 0.043 0.026 0.043 0.026 0.065   -978715    0 
38600:    1.00    0.072    0.013 0.012 0.258 0.165    0.004 0.043 0.026 0.043 0.026 0.066   -978203    0 
38700:    1.00    0.069    0.013 0.012 0.260 0.165    0.004 0.044 0.027 0.043 0.026 0.066   -978593    0 
38800:    1.00    0.042    0.013 0.012 0.264 0.165    0.004 0.044 0.026 0.044 0.026 0.067   -978592    0 
38900:    1.00    0.043    0.013 0.012 0.259 0.165    0.004 0.044 0.027 0.043 0.026 0.067   -978794    0 

--------------------------------------------
Proportion of membership of each pre-defined
 population in each of the 4 clusters

Given    Inferred Clusters              Number of
 Pop       1      2      3      4      Individuals

  1:     0.273  0.420  0.105  0.202       23
--------------------------------------------

 Rep#:   Lambda   Alpha      F1    F2    F3    F4     D1,2  D1,3  D1,4  D2,3  D2,4  D3,4    Ln Like  Est Ln P(D)
39000:    1.00    0.059    0.013 0.012 0.258 0.164    0.004 0.043 0.026 0.043 0.026 0.065   -978400    0 
39100:    1.00    0.081    0.013 0.012 0.259 0.163    0.004 0.043 0.026 0.043 0.026 0.066   -978644    0 
39200:    1.00    0.063    0.013 0.012 0.259 0.162    0.004 0.043 0.026 0.043 0.026 0.066   -978580    0 
39300:    1.00    0.056    0.013 0.012 0.256 0.163    0.004 0.043 0.026 0.043 0.026 0.065   -978459    0 
39400:    1.00    0.047    0.013 0.012 0.257 0.164    0.004 0.043 0.026 0.043 0.026 0.066   -978935    0 
39500:    1.00    0.060    0.013 0.012 0.257 0.162    0.004 0.043 0.026 0.043 0.026 0.066   -978664    0 
39600:    1.00    0.052    0.013 0.012 0.260 0.163    0.004 0.044 0.026 0.043 0.026 0.065   -978793    0 
39700:    1.00    0.057    0.013 0.012 0.257 0.163    0.004 0.043 0.026 0.043 0.026 0.066   -978962    0 
39800:    1.00    0.028    0.013 0.012 0.263 0.159    0.004 0.044 0.026 0.044 0.025 0.066   -978448    0 
39900:    1.00    0.071    0.013 0.012 0.261 0.154    0.004 0.043 0.025 0.043 0.025 0.064   -979082    0 

--------------------------------------------
Proportion of membership of each pre-defined
 population in each of the 4 clusters

Given    Inferred Clusters              Number of
 Pop       1      2      3      4      Individuals

  1:     0.268  0.424  0.106  0.202       23
--------------------------------------------

 Rep#:   Lambda   Alpha      F1    F2    F3    F4     D1,2  D1,3  D1,4  D2,3  D2,4  D3,4    Ln Like  Est Ln P(D)
40000:    1.00    0.057    0.013 0.012 0.259 0.156    0.004 0.043 0.025 0.043 0.025 0.064   -978177    0 
40100:    1.00    0.056    0.013 0.012 0.260 0.155    0.004 0.044 0.025 0.044 0.025 0.065   -978612    0 
40200:    1.00    0.055    0.013 0.012 0.259 0.156    0.004 0.044 0.025 0.043 0.025 0.065   -978919    0 
40300:    1.00    0.064    0.013 0.012 0.257 0.156    0.004 0.043 0.025 0.043 0.025 0.065   -978515    0 
40400:    1.00    0.053    0.013 0.012 0.257 0.156    0.004 0.043 0.025 0.043 0.025 0.065   -978692    0 
40500:    1.00    0.070    0.013 0.012 0.257 0.156    0.004 0.044 0.026 0.043 0.025 0.065   -977665    0 
40600:    1.00    0.048    0.013 0.012 0.255 0.155    0.004 0.043 0.025 0.043 0.025 0.064   -978102    0 
40700:    1.00    0.038    0.013 0.012 0.259 0.156    0.004 0.043 0.025 0.043 0.025 0.065   -978273    0 
40800:    1.00    0.053    0.013 0.012 0.260 0.155    0.004 0.043 0.025 0.043 0.025 0.065   -978405    0 
40900:    1.00    0.057    0.013 0.012 0.260 0.156    0.004 0.044 0.025 0.043 0.025 0.066   -978208    0 

--------------------------------------------
Proportion of membership of each pre-defined
 population in each of the 4 clusters

Given    Inferred Clusters              Number of
 Pop       1      2      3      4      Individuals

  1:     0.258  0.431  0.108  0.203       23
--------------------------------------------

 Rep#:   Lambda   Alpha      F1    F2    F3    F4     D1,2  D1,3  D1,4  D2,3  D2,4  D3,4    Ln Like  Est Ln P(D)
41000:    1.00    0.045    0.013 0.012 0.264 0.155    0.004 0.044 0.025 0.044 0.025 0.065   -978154    0 
41100:    1.00    0.050    0.014 0.012 0.264 0.154    0.004 0.044 0.025 0.044 0.025 0.065   -977950    0 
41200:    1.00    0.055    0.014 0.012 0.262 0.154    0.004 0.044 0.025 0.044 0.024 0.066   -978109    0 
41300:    1.00    0.070    0.014 0.012 0.263 0.154    0.004 0.044 0.025 0.043 0.025 0.064   -978475    0 
41400:    1.00    0.051    0.014 0.012 0.263 0.154    0.004 0.044 0.025 0.044 0.025 0.065   -978263    0 
41500:    1.00    0.077    0.014 0.012 0.263 0.151    0.004 0.044 0.025 0.044 0.024 0.065   -978204    0 
41600:    1.00    0.084    0.014 0.012 0.259 0.152    0.004 0.044 0.025 0.043 0.024 0.064   -978441    0 
41700:    1.00    0.059    0.014 0.012 0.257 0.151    0.004 0.043 0.025 0.043 0.024 0.064   -978117    0 
41800:    1.00    0.072    0.014 0.012 0.258 0.151    0.004 0.044 0.025 0.044 0.024 0.065   -978182    0 
41900:    1.00    0.075    0.014 0.012 0.259 0.149    0.004 0.043 0.024 0.043 0.024 0.064   -978564    0 

--------------------------------------------
Proportion of membership of each pre-defined
 population in each of the 4 clusters

Given    Inferred Clusters              Number of
 Pop       1      2      3      4      Individuals

  1:     0.254  0.435  0.105  0.206       23
--------------------------------------------

 Rep#:   Lambda   Alpha      F1    F2    F3    F4     D1,2  D1,3  D1,4  D2,3  D2,4  D3,4    Ln Like  Est Ln P(D)
42000:    1.00    0.087    0.014 0.012 0.259 0.150    0.004 0.043 0.024 0.043 0.024 0.064   -978847    0 
42100:    1.00    0.056    0.014 0.012 0.259 0.149    0.004 0.044 0.024 0.043 0.024 0.063   -978297    0 
42200:    1.00    0.076    0.014 0.012 0.259 0.148    0.004 0.044 0.024 0.043 0.024 0.064   -978328    0 
42300:    1.00    0.074    0.014 0.012 0.259 0.148    0.004 0.044 0.024 0.044 0.024 0.064   -978349    0 
42400:    1.00    0.074    0.014 0.012 0.260 0.148    0.004 0.044 0.024 0.044 0.024 0.064   -978631    0 
42500:    1.00    0.101    0.014 0.012 0.263 0.151    0.004 0.044 0.025 0.044 0.024 0.065   -977877    0 
42600:    1.00    0.045    0.014 0.012 0.263 0.150    0.004 0.044 0.024 0.044 0.024 0.065   -978350    0 
42700:    1.00    0.075    0.014 0.012 0.258 0.153    0.004 0.043 0.025 0.043 0.024 0.064   -978620    0 
42800:    1.00    0.047    0.014 0.012 0.257 0.152    0.004 0.043 0.025 0.042 0.024 0.064   -978511    0 
42900:    1.00    0.067    0.014 0.012 0.258 0.152    0.004 0.044 0.025 0.044 0.025 0.065   -978179    0 

--------------------------------------------
Proportion of membership of each pre-defined
 population in each of the 4 clusters

Given    Inferred Clusters              Number of
 Pop       1      2      3      4      Individuals

  1:     0.252  0.436  0.105  0.207       23
--------------------------------------------

 Rep#:   Lambda   Alpha      F1    F2    F3    F4     D1,2  D1,3  D1,4  D2,3  D2,4  D3,4    Ln Like  Est Ln P(D)
43000:    1.00    0.097    0.014 0.012 0.256 0.154    0.004 0.043 0.025 0.043 0.024 0.064   -978270    0 
43100:    1.00    0.075    0.014 0.012 0.256 0.154    0.004 0.043 0.025 0.043 0.025 0.064   -978441    0 
43200:    1.00    0.067    0.014 0.012 0.258 0.156    0.004 0.044 0.026 0.043 0.025 0.066   -978149    0 
43300:    1.00    0.070    0.014 0.012 0.257 0.156    0.004 0.044 0.026 0.043 0.025 0.065   -978855    0 
43400:    1.00    0.067    0.014 0.012 0.259 0.158    0.004 0.044 0.026 0.043 0.025 0.066   -978198    0 
43500:    1.00    0.056    0.014 0.012 0.259 0.158    0.004 0.043 0.025 0.043 0.025 0.065   -978165    0 
43600:    1.00    0.069    0.014 0.012 0.257 0.157    0.004 0.044 0.025 0.044 0.025 0.065   -978404    0 
43700:    1.00    0.084    0.014 0.012 0.256 0.157    0.004 0.043 0.025 0.043 0.025 0.064   -978061    0 
43800:    1.00    0.060    0.014 0.012 0.255 0.154    0.004 0.043 0.025 0.043 0.025 0.065   -978858    0 
43900:    1.00    0.098    0.014 0.012 0.254 0.153    0.004 0.043 0.025 0.043 0.024 0.064   -978399    0 

--------------------------------------------
Proportion of membership of each pre-defined
 population in each of the 4 clusters

Given    Inferred Clusters              Number of
 Pop       1      2      3      4      Individuals

  1:     0.247  0.446  0.106  0.201       23
--------------------------------------------

 Rep#:   Lambda   Alpha      F1    F2    F3    F4     D1,2  D1,3  D1,4  D2,3  D2,4  D3,4    Ln Like  Est Ln P(D)
44000:    1.00    0.065    0.014 0.012 0.255 0.152    0.004 0.043 0.025 0.043 0.025 0.064   -978529    0 
44100:    1.00    0.056    0.014 0.012 0.253 0.153    0.004 0.043 0.025 0.043 0.025 0.065   -978236    0 
44200:    1.00    0.083    0.014 0.012 0.253 0.153    0.004 0.043 0.025 0.043 0.025 0.064   -978210    0 
44300:    1.00    0.054    0.014 0.012 0.252 0.153    0.004 0.042 0.025 0.042 0.025 0.064   -978028    0 
44400:    1.00    0.053    0.014 0.012 0.251 0.156    0.004 0.042 0.025 0.042 0.025 0.064   -978376    0 
44500:    1.00    0.041    0.014 0.012 0.251 0.155    0.004 0.042 0.025 0.042 0.025 0.063   -978439    0 
44600:    1.00    0.058    0.014 0.012 0.251 0.153    0.004 0.043 0.025 0.042 0.024 0.063   -978743    0 
44700:    1.00    0.068    0.014 0.012 0.255 0.152    0.004 0.043 0.025 0.043 0.024 0.064   -977826    0 
44800:    1.00    0.081    0.014 0.012 0.251 0.153    0.004 0.042 0.025 0.042 0.024 0.063   -978219    0 
44900:    1.00    0.075    0.014 0.012 0.254 0.150    0.004 0.043 0.024 0.042 0.024 0.063   -978094    0 

--------------------------------------------
Proportion of membership of each pre-defined
 population in each of the 4 clusters

Given    Inferred Clusters              Number of
 Pop       1      2      3      4      Individuals

  1:     0.243  0.444  0.106  0.207       23
--------------------------------------------

 Rep#:   Lambda   Alpha      F1    F2    F3    F4     D1,2  D1,3  D1,4  D2,3  D2,4  D3,4    Ln Like  Est Ln P(D)
45000:    1.00    0.071    0.014 0.012 0.257 0.149    0.004 0.043 0.024 0.043 0.024 0.063   -977917    0 
45100:    1.00    0.075    0.014 0.012 0.256 0.149    0.004 0.043 0.025 0.043 0.024 0.064   -977980    0 
45200:    1.00    0.071    0.014 0.012 0.256 0.148    0.004 0.043 0.024 0.043 0.024 0.063   -978444    0 
45300:    1.00    0.052    0.014 0.012 0.249 0.149    0.004 0.042 0.025 0.042 0.024 0.062   -978561    0 
45400:    1.00    0.042    0.014 0.012 0.247 0.150    0.004 0.042 0.024 0.041 0.024 0.062   -977934    0 
45500:    1.00    0.079    0.015 0.012 0.246 0.151    0.004 0.042 0.025 0.042 0.024 0.063   -978450    0 
45600:    1.00    0.081    0.015 0.012 0.245 0.154    0.004 0.042 0.025 0.041 0.025 0.062   -978438    0 
45700:    1.00    0.064    0.015 0.012 0.242 0.154    0.004 0.041 0.025 0.041 0.025 0.062   -978240    0 
45800:    1.00    0.059    0.015 0.012 0.243 0.151    0.004 0.041 0.025 0.041 0.024 0.062   -978574    0 
45900:    1.00    0.070    0.015 0.012 0.248 0.151    0.004 0.041 0.024 0.041 0.024 0.062   -978222    0 

--------------------------------------------
Proportion of membership of each pre-defined
 population in each of the 4 clusters

Given    Inferred Clusters              Number of
 Pop       1      2      3      4      Individuals

  1:     0.244  0.439  0.109  0.208       23
--------------------------------------------

 Rep#:   Lambda   Alpha      F1    F2    F3    F4     D1,2  D1,3  D1,4  D2,3  D2,4  D3,4    Ln Like  Est Ln P(D)
46000:    1.00    0.071    0.015 0.012 0.247 0.151    0.004 0.042 0.025 0.042 0.024 0.063   -978035    0 
46100:    1.00    0.053    0.015 0.012 0.250 0.148    0.004 0.042 0.024 0.042 0.024 0.063   -978506    0 
46200:    1.00    0.045    0.015 0.012 0.252 0.148    0.004 0.043 0.025 0.043 0.024 0.063   -977858    0 
46300:    1.00    0.079    0.015 0.012 0.251 0.149    0.004 0.043 0.024 0.043 0.024 0.063   -978009    0 
46400:    1.00    0.086    0.015 0.012 0.251 0.153    0.004 0.043 0.025 0.042 0.024 0.063   -978460    0 
46500:    1.00    0.077    0.015 0.012 0.254 0.153    0.004 0.043 0.025 0.043 0.024 0.064   -978023    0 
46600:    1.00    0.077    0.015 0.012 0.254 0.153    0.004 0.043 0.025 0.043 0.025 0.064   -977381    0 
46700:    1.00    0.067    0.015 0.012 0.254 0.150    0.004 0.043 0.025 0.043 0.024 0.063   -977787    0 
46800:    1.00    0.067    0.015 0.012 0.253 0.151    0.004 0.042 0.025 0.042 0.024 0.063   -978657    0 
46900:    1.00    0.062    0.015 0.012 0.253 0.149    0.004 0.043 0.025 0.042 0.024 0.063   -978484    0 

--------------------------------------------
Proportion of membership of each pre-defined
 population in each of the 4 clusters

Given    Inferred Clusters              Number of
 Pop       1      2      3      4      Individuals

  1:     0.240  0.443  0.108  0.209       23
--------------------------------------------

 Rep#:   Lambda   Alpha      F1    F2    F3    F4     D1,2  D1,3  D1,4  D2,3  D2,4  D3,4    Ln Like  Est Ln P(D)
47000:    1.00    0.057    0.015 0.012 0.252 0.153    0.004 0.043 0.025 0.042 0.025 0.064   -978184    0 
47100:    1.00    0.073    0.015 0.012 0.250 0.154    0.004 0.043 0.025 0.042 0.025 0.064   -978307    0 
47200:    1.00    0.071    0.015 0.012 0.250 0.149    0.004 0.042 0.024 0.042 0.024 0.063   -978684    0 
47300:    1.00    0.096    0.015 0.013 0.249 0.150    0.004 0.042 0.025 0.042 0.024 0.062   -978292    0 
47400:    1.00    0.086    0.015 0.013 0.249 0.151    0.004 0.042 0.025 0.042 0.024 0.063   -978266    0 
47500:    1.00    0.069    0.015 0.013 0.250 0.151    0.004 0.043 0.025 0.042 0.024 0.063   -978257    0 
47600:    1.00    0.062    0.015 0.013 0.249 0.151    0.004 0.042 0.025 0.042 0.025 0.063   -978038    0 
47700:    1.00    0.062    0.015 0.013 0.252 0.151    0.004 0.043 0.025 0.043 0.024 0.063   -978113    0 
47800:    1.00    0.062    0.015 0.013 0.250 0.153    0.004 0.042 0.025 0.042 0.025 0.063   -978326    0 
47900:    1.00    0.058    0.015 0.013 0.249 0.150    0.004 0.042 0.025 0.042 0.024 0.062   -978594    0 

--------------------------------------------
Proportion of membership of each pre-defined
 population in each of the 4 clusters

Given    Inferred Clusters              Number of
 Pop       1      2      3      4      Individuals

  1:     0.249  0.431  0.107  0.213       23
--------------------------------------------

 Rep#:   Lambda   Alpha      F1    F2    F3    F4     D1,2  D1,3  D1,4  D2,3  D2,4  D3,4    Ln Like  Est Ln P(D)
48000:    1.00    0.068    0.015 0.013 0.250 0.151    0.004 0.042 0.025 0.042 0.024 0.063   -978225    0 
48100:    1.00    0.076    0.015 0.013 0.249 0.151    0.004 0.042 0.025 0.042 0.024 0.063   -978538    0 
48200:    1.00    0.079    0.015 0.013 0.251 0.151    0.004 0.043 0.025 0.042 0.024 0.063   -978713    0 
48300:    1.00    0.101    0.015 0.013 0.254 0.152    0.004 0.043 0.025 0.043 0.025 0.064   -978586    0 
48400:    1.00    0.069    0.015 0.013 0.257 0.154    0.004 0.043 0.025 0.043 0.025 0.064   -977937    0 
48500:    1.00    0.064    0.015 0.013 0.262 0.154    0.004 0.044 0.025 0.044 0.025 0.065   -977352    0 
48600:    1.00    0.064    0.015 0.013 0.259 0.153    0.004 0.044 0.025 0.043 0.024 0.064   -978148    0 
48700:    1.00    0.062    0.015 0.013 0.259 0.154    0.004 0.044 0.025 0.044 0.025 0.065   -977887    0 
48800:    1.00    0.086    0.015 0.013 0.260 0.155    0.004 0.044 0.025 0.044 0.025 0.065   -978181    0 
48900:    1.00    0.072    0.015 0.013 0.258 0.155    0.004 0.044 0.025 0.044 0.025 0.065   -977970    0 

--------------------------------------------
Proportion of membership of each pre-defined
 population in each of the 4 clusters

Given    Inferred Clusters              Number of
 Pop       1      2      3      4      Individuals

  1:     0.254  0.433  0.106  0.207       23
--------------------------------------------

 Rep#:   Lambda   Alpha      F1    F2    F3    F4     D1,2  D1,3  D1,4  D2,3  D2,4  D3,4    Ln Like  Est Ln P(D)
49000:    1.00    0.073    0.015 0.013 0.260 0.155    0.004 0.044 0.025 0.044 0.025 0.065   -977506    0 
49100:    1.00    0.098    0.015 0.013 0.258 0.154    0.004 0.044 0.026 0.043 0.025 0.065   -978176    0 
49200:    1.00    0.070    0.015 0.013 0.259 0.154    0.004 0.044 0.025 0.044 0.025 0.065   -977751    0 
49300:    1.00    0.066    0.015 0.013 0.253 0.157    0.004 0.043 0.026 0.043 0.026 0.064   -977908    0 
49400:    1.00    0.066    0.015 0.013 0.251 0.158    0.004 0.043 0.026 0.043 0.025 0.064   -977733    0 
49500:    1.00    0.085    0.016 0.013 0.257 0.156    0.004 0.043 0.025 0.042 0.025 0.064   -978045    0 
49600:    1.00    0.061    0.016 0.013 0.262 0.155    0.004 0.044 0.025 0.044 0.025 0.065   -977883    0 
49700:    1.00    0.093    0.016 0.013 0.263 0.155    0.004 0.045 0.026 0.044 0.025 0.066   -977078    0 
49800:    1.00    0.048    0.016 0.013 0.260 0.155    0.004 0.044 0.025 0.044 0.025 0.065   -977757    0 
49900:    1.00    0.079    0.016 0.014 0.263 0.155    0.004 0.044 0.025 0.044 0.025 0.065   -977856    0 

--------------------------------------------
Proportion of membership of each pre-defined
 population in each of the 4 clusters

Given    Inferred Clusters              Number of
 Pop       1      2      3      4      Individuals

  1:     0.264  0.424  0.106  0.205       23
--------------------------------------------

 Rep#:   Lambda   Alpha      F1    F2    F3    F4     D1,2  D1,3  D1,4  D2,3  D2,4  D3,4    Ln Like  Est Ln P(D)
50000:    1.00    0.057    0.016 0.014 0.263 0.155    0.005 0.045 0.025 0.045 0.025 0.066   -977833    0 
50100:    1.00    0.061    0.016 0.014 0.264 0.155    0.005 0.045 0.026 0.044 0.025 0.066   -977728    0 
50200:    1.00    0.066    0.016 0.014 0.259 0.160    0.005 0.044 0.026 0.044 0.026 0.065   -977577    0 
50300:    1.00    0.074    0.016 0.014 0.263 0.157    0.005 0.045 0.026 0.045 0.025 0.066   -977309    0 
50400:    1.00    0.063    0.016 0.014 0.264 0.157    0.005 0.044 0.026 0.044 0.025 0.065   -977379    0 
50500:    1.00    0.080    0.016 0.014 0.260 0.157    0.005 0.044 0.026 0.044 0.025 0.065   -978347    0 
50600:    1.00    0.052    0.016 0.015 0.260 0.155    0.005 0.044 0.025 0.044 0.025 0.065   -977672    0 
50700:    1.00    0.095    0.016 0.015 0.259 0.155    0.005 0.044 0.026 0.044 0.026 0.066   -977890    0 
50800:    1.00    0.059    0.016 0.015 0.259 0.155    0.005 0.044 0.025 0.043 0.025 0.064   -977605    0 
50900:    1.00    0.056    0.016 0.015 0.258 0.155    0.005 0.044 0.025 0.044 0.025 0.065   -977497    0 

--------------------------------------------
Proportion of membership of each pre-defined
 population in each of the 4 clusters

Given    Inferred Clusters              Number of
 Pop       1      2      3      4      Individuals

  1:     0.276  0.418  0.103  0.203       23
--------------------------------------------

 Rep#:   Lambda   Alpha      F1    F2    F3    F4     D1,2  D1,3  D1,4  D2,3  D2,4  D3,4    Ln Like  Est Ln P(D)
51000:    1.00    0.076    0.016 0.015 0.258 0.155    0.005 0.043 0.025 0.043 0.025 0.065   -977404    0 
51100:    1.00    0.066    0.016 0.015 0.260 0.155    0.005 0.044 0.026 0.044 0.026 0.065   -977541    0 
51200:    1.00    0.070    0.016 0.015 0.263 0.156    0.005 0.044 0.026 0.044 0.025 0.066   -977027    0 
51300:    1.00    0.055    0.016 0.015 0.265 0.155    0.005 0.044 0.026 0.044 0.025 0.065   -976991    0 
51400:    1.00    0.087    0.016 0.015 0.268 0.156    0.005 0.045 0.025 0.045 0.025 0.066   -976931    0 
51500:    1.00    0.085    0.016 0.015 0.268 0.155    0.005 0.045 0.025 0.045 0.025 0.066   -977265    0 
51600:    1.00    0.107    0.016 0.015 0.266 0.151    0.005 0.045 0.025 0.045 0.025 0.066   -977665    0 
51700:    1.00    0.069    0.016 0.015 0.266 0.155    0.005 0.045 0.026 0.045 0.025 0.066   -976818    0 
51800:    1.00    0.085    0.016 0.015 0.264 0.155    0.005 0.044 0.026 0.044 0.025 0.065   -977184    0 
51900:    1.00    0.062    0.016 0.015 0.261 0.157    0.005 0.044 0.026 0.044 0.026 0.065   -977437    0 

--------------------------------------------
Proportion of membership of each pre-defined
 population in each of the 4 clusters

Given    Inferred Clusters              Number of
 Pop       1      2      3      4      Individuals

  1:     0.283  0.410  0.104  0.203       23
--------------------------------------------

 Rep#:   Lambda   Alpha      F1    F2    F3    F4     D1,2  D1,3  D1,4  D2,3  D2,4  D3,4    Ln Like  Est Ln P(D)
52000:    1.00    0.068    0.016 0.015 0.262 0.154    0.005 0.044 0.025 0.044 0.025 0.065   -976725    0 
52100:    1.00    0.071    0.016 0.015 0.260 0.154    0.005 0.044 0.025 0.044 0.025 0.064   -976902    0 
52200:    1.00    0.078    0.016 0.015 0.259 0.154    0.005 0.044 0.025 0.044 0.025 0.065   -977246    0 
52300:    1.00    0.065    0.016 0.015 0.260 0.154    0.005 0.044 0.025 0.044 0.025 0.065   -977369    0 
52400:    1.00    0.081    0.016 0.015 0.262 0.157    0.005 0.044 0.026 0.044 0.026 0.065   -976928    0 
52500:    1.00    0.089    0.016 0.015 0.264 0.154    0.005 0.045 0.025 0.045 0.025 0.065   -976934    0 
52600:    1.00    0.067    0.016 0.015 0.261 0.155    0.005 0.044 0.025 0.044 0.025 0.065   -977298    0 
52700:    1.00    0.057    0.016 0.015 0.262 0.155    0.005 0.044 0.025 0.044 0.025 0.066   -977145    0 
52800:    1.00    0.086    0.016 0.016 0.262 0.154    0.005 0.044 0.025 0.045 0.025 0.066   -976896    0 
52900:    1.00    0.093    0.016 0.016 0.264 0.153    0.005 0.044 0.025 0.044 0.025 0.065   -976943    0 

--------------------------------------------
Proportion of membership of each pre-defined
 population in each of the 4 clusters

Given    Inferred Clusters              Number of
 Pop       1      2      3      4      Individuals

  1:     0.292  0.397  0.102  0.208       23
--------------------------------------------

 Rep#:   Lambda   Alpha      F1    F2    F3    F4     D1,2  D1,3  D1,4  D2,3  D2,4  D3,4    Ln Like  Est Ln P(D)
53000:    1.00    0.081    0.016 0.016 0.258 0.152    0.005 0.043 0.025 0.043 0.025 0.064   -976752    0 
53100:    1.00    0.071    0.016 0.016 0.256 0.152    0.005 0.044 0.025 0.043 0.025 0.064   -976710    0 
53200:    1.00    0.056    0.016 0.016 0.256 0.151    0.005 0.043 0.025 0.043 0.025 0.064   -976954    0 
53300:    1.00    0.063    0.016 0.016 0.256 0.153    0.005 0.043 0.025 0.043 0.025 0.064   -976503    0 
53400:    1.00    0.098    0.017 0.016 0.253 0.153    0.005 0.043 0.025 0.043 0.025 0.063   -977015    0 
53500:    1.00    0.088    0.017 0.016 0.254 0.155    0.005 0.043 0.025 0.043 0.025 0.064   -976868    0 
53600:    1.00    0.063    0.017 0.016 0.257 0.154    0.005 0.043 0.026 0.043 0.025 0.064   -976439    0 
53700:    1.00    0.051    0.017 0.016 0.258 0.153    0.005 0.044 0.025 0.044 0.025 0.064   -976718    0 
53800:    1.00    0.062    0.017 0.016 0.256 0.153    0.005 0.043 0.025 0.043 0.025 0.064   -976772    0 
53900:    1.00    0.055    0.017 0.016 0.256 0.153    0.005 0.043 0.026 0.043 0.025 0.064   -976845    0 

--------------------------------------------
Proportion of membership of each pre-defined
 population in each of the 4 clusters

Given    Inferred Clusters              Number of
 Pop       1      2      3      4      Individuals

  1:     0.293  0.394  0.102  0.211       23
--------------------------------------------

 Rep#:   Lambda   Alpha      F1    F2    F3    F4     D1,2  D1,3  D1,4  D2,3  D2,4  D3,4    Ln Like  Est Ln P(D)
54000:    1.00    0.053    0.017 0.016 0.257 0.154    0.005 0.044 0.025 0.044 0.025 0.064   -976629    0 
54100:    1.00    0.055    0.017 0.016 0.258 0.154    0.005 0.044 0.026 0.044 0.025 0.065   -976600    0 
54200:    1.00    0.059    0.017 0.016 0.258 0.153    0.005 0.044 0.026 0.044 0.025 0.064   -976862    0 
54300:    1.00    0.061    0.017 0.016 0.259 0.153    0.005 0.044 0.025 0.044 0.025 0.064   -976469    0 
54400:    1.00    0.063    0.017 0.016 0.260 0.154    0.005 0.044 0.025 0.044 0.025 0.064   -976710    0 
54500:    1.00    0.086    0.017 0.016 0.260 0.154    0.005 0.044 0.026 0.044 0.025 0.065   -976597    0 
54600:    1.00    0.061    0.017 0.016 0.257 0.154    0.005 0.043 0.025 0.043 0.025 0.064   -976986    0 
54700:    1.00    0.064    0.017 0.016 0.258 0.155    0.005 0.044 0.026 0.044 0.025 0.064   -976769    0 
54800:    1.00    0.059    0.017 0.017 0.256 0.156    0.005 0.044 0.026 0.044 0.026 0.065   -976655    0 
54900:    1.00    0.051    0.017 0.017 0.255 0.156    0.005 0.043 0.026 0.043 0.026 0.064   -976627    0 

--------------------------------------------
Proportion of membership of each pre-defined
 population in each of the 4 clusters

Given    Inferred Clusters              Number of
 Pop       1      2      3      4      Individuals

  1:     0.299  0.390  0.101  0.210       23
--------------------------------------------

 Rep#:   Lambda   Alpha      F1    F2    F3    F4     D1,2  D1,3  D1,4  D2,3  D2,4  D3,4    Ln Like  Est Ln P(D)
55000:    1.00    0.054    0.017 0.017 0.251 0.158    0.005 0.043 0.026 0.043 0.026 0.063   -976697    0 
55100:    1.00    0.062    0.017 0.017 0.249 0.154    0.005 0.043 0.025 0.043 0.025 0.063   -976282    0 
55200:    1.00    0.053    0.017 0.017 0.252 0.153    0.005 0.043 0.025 0.043 0.025 0.063   -976548    0 
55300:    1.00    0.053    0.017 0.017 0.254 0.150    0.005 0.043 0.025 0.043 0.025 0.063   -976136    0 
55400:    1.00    0.071    0.017 0.017 0.255 0.150    0.005 0.043 0.025 0.044 0.025 0.063   -977000    0 
55500:    1.00    0.070    0.017 0.017 0.252 0.151    0.005 0.043 0.025 0.043 0.025 0.063   -976612    0 
55600:    1.00    0.070    0.017 0.017 0.252 0.151    0.005 0.043 0.025 0.043 0.025 0.063   -976831    0 
55700:    1.00    0.088    0.017 0.017 0.260 0.150    0.005 0.044 0.025 0.044 0.025 0.064   -976708    0 
55800:    1.00    0.041    0.017 0.017 0.256 0.150    0.005 0.044 0.025 0.044 0.025 0.064   -976666    0 
55900:    1.00    0.084    0.017 0.017 0.263 0.150    0.005 0.045 0.025 0.045 0.025 0.065   -976709    0 

--------------------------------------------
Proportion of membership of each pre-defined
 population in each of the 4 clusters

Given    Inferred Clusters              Number of
 Pop       1      2      3      4      Individuals

  1:     0.295  0.392  0.101  0.212       23
--------------------------------------------

 Rep#:   Lambda   Alpha      F1    F2    F3    F4     D1,2  D1,3  D1,4  D2,3  D2,4  D3,4    Ln Like  Est Ln P(D)
56000:    1.00    0.056    0.017 0.017 0.264 0.150    0.005 0.045 0.025 0.045 0.025 0.065   -976017    0 
56100:    1.00    0.056    0.017 0.017 0.266 0.151    0.005 0.045 0.025 0.045 0.025 0.065   -976916    0 
56200:    1.00    0.055    0.017 0.017 0.266 0.149    0.005 0.045 0.025 0.045 0.025 0.065   -976893    0 
56300:    1.00    0.084    0.017 0.017 0.267 0.151    0.005 0.045 0.025 0.045 0.025 0.065   -976428    0 
56400:    1.00    0.068    0.017 0.017 0.268 0.150    0.005 0.045 0.025 0.045 0.025 0.065   -976228    0 
56500:    1.00    0.075    0.017 0.017 0.266 0.151    0.005 0.046 0.025 0.046 0.025 0.066   -975855    0 
56600:    1.00    0.055    0.017 0.017 0.264 0.151    0.005 0.044 0.025 0.044 0.025 0.064   -976254    0 
56700:    1.00    0.062    0.017 0.017 0.265 0.151    0.005 0.045 0.025 0.045 0.025 0.065   -976525    0 
56800:    1.00    0.057    0.017 0.017 0.268 0.152    0.005 0.045 0.025 0.045 0.025 0.066   -976522    0 
56900:    1.00    0.060    0.017 0.017 0.268 0.156    0.005 0.045 0.026 0.045 0.026 0.066   -975993    0 

--------------------------------------------
Proportion of membership of each pre-defined
 population in each of the 4 clusters

Given    Inferred Clusters              Number of
 Pop       1      2      3      4      Individuals

  1:     0.301  0.388  0.100  0.212       23
--------------------------------------------

 Rep#:   Lambda   Alpha      F1    F2    F3    F4     D1,2  D1,3  D1,4  D2,3  D2,4  D3,4    Ln Like  Est Ln P(D)
57000:    1.00    0.051    0.017 0.017 0.269 0.155    0.005 0.046 0.026 0.046 0.025 0.066   -975579    0 
57100:    1.00    0.048    0.017 0.017 0.264 0.155    0.005 0.045 0.026 0.044 0.026 0.065   -976284    0 
57200:    1.00    0.062    0.017 0.017 0.263 0.157    0.005 0.044 0.026 0.045 0.026 0.065   -976171    0 
57300:    1.00    0.065    0.017 0.017 0.262 0.154    0.005 0.045 0.026 0.045 0.025 0.066   -976479    0 
57400:    1.00    0.071    0.017 0.017 0.265 0.154    0.005 0.044 0.026 0.044 0.025 0.065   -975989    0 
57500:    1.00    0.053    0.017 0.017 0.267 0.153    0.005 0.045 0.026 0.045 0.026 0.065   -975757    0 
57600:    1.00    0.054    0.017 0.017 0.267 0.155    0.005 0.045 0.026 0.045 0.026 0.066   -976601    0 
57700:    1.00    0.040    0.018 0.017 0.270 0.155    0.005 0.046 0.026 0.046 0.026 0.067   -976213    0 
57800:    1.00    0.062    0.017 0.017 0.268 0.153    0.005 0.045 0.026 0.045 0.025 0.065   -975963    0 
57900:    1.00    0.049    0.018 0.018 0.263 0.154    0.005 0.045 0.025 0.045 0.025 0.065   -976474    0 

--------------------------------------------
Proportion of membership of each pre-defined
 population in each of the 4 clusters

Given    Inferred Clusters              Number of
 Pop       1      2      3      4      Individuals

  1:     0.299  0.387  0.099  0.215       23
--------------------------------------------

 Rep#:   Lambda   Alpha      F1    F2    F3    F4     D1,2  D1,3  D1,4  D2,3  D2,4  D3,4    Ln Like  Est Ln P(D)
58000:    1.00    0.050    0.018 0.018 0.264 0.154    0.005 0.045 0.026 0.045 0.025 0.065   -976105    0 
58100:    1.00    0.054    0.018 0.018 0.267 0.154    0.005 0.045 0.026 0.045 0.026 0.065   -975869    0 
58200:    1.00    0.059    0.017 0.018 0.268 0.154    0.005 0.046 0.026 0.046 0.026 0.066   -976290    0 
58300:    1.00    0.037    0.017 0.018 0.268 0.154    0.005 0.046 0.025 0.046 0.025 0.066   -976389    0 
58400:    1.00    0.071    0.017 0.018 0.272 0.154    0.005 0.046 0.026 0.046 0.026 0.066   -975920    0 
58500:    1.00    0.047    0.017 0.018 0.275 0.153    0.005 0.047 0.025 0.047 0.025 0.067   -976112    0 
58600:    1.00    0.052    0.017 0.018 0.271 0.153    0.005 0.045 0.026 0.045 0.025 0.066   -976052    0 
58700:    1.00    0.059    0.017 0.018 0.270 0.155    0.005 0.046 0.026 0.046 0.026 0.066   -976612    0 
58800:    1.00    0.044    0.017 0.019 0.272 0.155    0.005 0.046 0.026 0.046 0.026 0.067   -975926    0 
58900:    1.00    0.039    0.017 0.019 0.272 0.153    0.005 0.046 0.025 0.046 0.025 0.066   -975697    0 

--------------------------------------------
Proportion of membership of each pre-defined
 population in each of the 4 clusters

Given    Inferred Clusters              Number of
 Pop       1      2      3      4      Individuals

  1:     0.286  0.407  0.099  0.207       23
--------------------------------------------

 Rep#:   Lambda   Alpha      F1    F2    F3    F4     D1,2  D1,3  D1,4  D2,3  D2,4  D3,4    Ln Like  Est Ln P(D)
59000:    1.00    0.061    0.017 0.019 0.272 0.155    0.005 0.046 0.026 0.046 0.026 0.067   -975823    0 
59100:    1.00    0.055    0.017 0.019 0.272 0.154    0.005 0.046 0.026 0.046 0.026 0.066   -975675    0 
59200:    1.00    0.055    0.017 0.019 0.275 0.153    0.005 0.047 0.026 0.047 0.026 0.067   -976425    0 
59300:    1.00    0.050    0.017 0.019 0.269 0.153    0.005 0.045 0.026 0.046 0.026 0.066   -976398    0 
59400:    1.00    0.071    0.017 0.019 0.264 0.153    0.006 0.045 0.025 0.045 0.026 0.065   -976700    0 
59500:    1.00    0.042    0.017 0.019 0.264 0.154    0.006 0.045 0.026 0.045 0.026 0.066   -976257    0 
59600:    1.00    0.085    0.017 0.019 0.260 0.154    0.006 0.044 0.026 0.044 0.026 0.065   -976566    0 
59700:    1.00    0.058    0.017 0.019 0.263 0.154    0.006 0.044 0.026 0.045 0.026 0.065   -975791    0 
59800:    1.00    0.066    0.017 0.019 0.255 0.153    0.006 0.043 0.026 0.044 0.026 0.065   -976841    0 
59900:    1.00    0.054    0.017 0.020 0.256 0.154    0.006 0.043 0.025 0.044 0.026 0.064   -976423    0 
60000:    1.00    0.064    0.017 0.020 0.255 0.154    0.006 0.044 0.025 0.044 0.026 0.064   -976189    0 

MCMC completed

Inferred ancestry of individuals:
        Label (%Miss) Pop:  Inferred clusters
  1 18160D-09-0    (2)    1 :  0.248 0.699 0.000 0.052 
  2 18160D-09-0    (4)    1 :  0.001 0.938 0.000 0.060 
  3 18160D-09-0    (2)    1 :  0.040 0.279 0.000 0.680 
  4 18160D-09-0    (5)    1 :  0.006 0.004 0.000 0.989 
  5 18160D-09-0    (4)    1 :  0.005 0.162 0.000 0.833 
  6 18160D-09-0    (4)    1 :  0.086 0.037 0.000 0.877 
  7 18160D-09-0    (2)    1 :  0.057 0.002 0.000 0.942 
  8 18160D-09-0    (4)    1 :  0.984 0.001 0.000 0.015 
  9 18160D-09-0    (2)    1 :  0.856 0.000 0.144 0.000 
 10 18160D-09-1    (2)    1 :  0.000 0.000 1.000 0.000 
 11 18160D-09-1    (2)    1 :  0.113 0.606 0.280 0.000 
 12 18160D-09-1    (2)    1 :  0.197 0.648 0.155 0.000 
 13 18160D-09-1    (5)    1 :  0.004 0.923 0.000 0.072 
 14 18160D-09-1   (18)    1 :  0.134 0.800 0.000 0.066 
 15 18160D-09-1    (4)    1 :  0.091 0.909 0.000 0.000 
 16 18160D-09-1    (2)    1 :  0.102 0.035 0.840 0.024 
 17 18160D-09-1    (2)    1 :  0.956 0.011 0.000 0.032 
 18 18160D-09-1    (2)    1 :  1.000 0.000 0.000 0.000 
 19 18160D-09-1    (2)    1 :  0.000 0.999 0.000 0.001 
 20 18160D-09-2    (5)    1 :  0.987 0.013 0.000 0.000 
 21 18160D-09-2    (5)    1 :  0.263 0.686 0.000 0.051 
 22 18160D-09-2    (5)    1 :  0.000 1.000 0.000 0.000 
 23 18160D-09-2    (2)    1 :  0.594 0.405 0.000 0.001 

Command line arguments:   structure -D 950841 -K 4 -m mainparams -o k4/populations_k4_run9 
Input File:    populations.str
Output File:   k4/populations_k4_run9_f

Run parameters:
   23 individuals
   50160 loci
   4 populations assumed
   10000 Burn-in period
   50000 Reps
RANDOMIZE turned off

--------------------------------------------
Estimated Ln Prob of Data   = -1400322.6
Mean value of ln likelihood = -978293.8
Variance of ln likelihood   = 844057.5
Mean value of alpha         = 0.0683

Mean value of Fst_1         = 0.0131
Mean value of Fst_2         = 0.0128
Mean value of Fst_3         = 0.2584
Mean value of Fst_4         = 0.1570


--------------------------------------------
Proportion of membership of each pre-defined
 population in each of the 4 clusters

Given    Inferred Clusters              Number of
 Pop       1      2      3      4      Individuals

  1:     0.292  0.398  0.105  0.204       23
--------------------------------------------
Final results printed to file k4/populations_k4_run9_f

