

----------------------------------------------------
STRUCTURE by Pritchard, Stephens and Donnelly (2000)
     and Falush, Stephens and Pritchard (2003)
       Code by Pritchard, Falush and Hubisz
             Version 2.3.4 (Jul 2012)
----------------------------------------------------


Reading file "mainparams".
datafile is
populations.str
Reading file "extraparams".
Reading file "populations.str".


Data file "populations.str" (truncated) --

Ind:   Label Pop : Genotype_data . . . .
  1: 18160D-09-0    1  :  4   1   3   1   4   1   3  . . . .   2
  1: 18160D-09-0    1  :  4   1   3   1   4   4   4  . . . .   4
  2: 18160D-09-0    1  :  4   1   3   1   4   1   3  . . . .   2
  2: 18160D-09-0    1  :  4   1   3   1   4   4   3  . . . .   4
  3: 18160D-09-0    1  :  4   1   0   0   0   0   3  . . . .   2
  3: 18160D-09-0    1  :  4   3   0   0   0   0   3  . . . .   4
  4: 18160D-09-0    1  :  4   1   3   1   4   1   3  . . . .   2
  4: 18160D-09-0    1  :  4   3   3   1   4   1   3  . . . .   4

      *******   

 22: 18160D-09-2    1  :  4   1   3   1   4   1   3  . . . .   2
 22: 18160D-09-2    1  :  4   3   3   1   4   1   4  . . . .   4
 23: 18160D-09-2    1  :  4   1   3   1   4   1   3  . . . .   2
 23: 18160D-09-2    1  :  4   1   3   1   4   4   4  . . . .   4

Number of alleles per locus: min= 2; ave=2.0; max= 2


--------------------------------------

Finished initialization; starting MCMC 
50000 iterations + 10000 burnin


--------------------------------------------
Proportion of membership of each pre-defined
 population in each of the 4 clusters

Given    Inferred Clusters              Number of
 Pop       1      2      3      4      Individuals

  1:     0.247  0.241  0.261  0.251       23
--------------------------------------------

 Rep#:   Lambda   Alpha      F1    F2    F3    F4     D1,2  D1,3  D1,4  D2,3  D2,4  D3,4    Ln Like 
  100:    1.00    1.795    0.010 0.010 0.010 0.010    0.003 0.003 0.003 0.003 0.003 0.003   --  
  200:    1.00    2.144    0.010 0.010 0.010 0.010    0.003 0.003 0.003 0.003 0.003 0.003   --  
  300:    1.00    1.957    0.010 0.010 0.010 0.010    0.003 0.003 0.003 0.003 0.003 0.003   --  
  400:    1.00    2.288    0.010 0.010 0.010 0.010    0.003 0.003 0.003 0.003 0.003 0.003   --  
  500:    1.00    2.556    0.010 0.010 0.010 0.010    0.003 0.003 0.003 0.003 0.003 0.003   --  
  600:    1.00    2.613    0.010 0.010 0.010 0.010    0.003 0.003 0.003 0.003 0.003 0.003   --  
  700:    1.00    2.748    0.010 0.010 0.010 0.010    0.003 0.003 0.003 0.003 0.003 0.003   --  
  800:    1.00    2.969    0.010 0.010 0.010 0.010    0.003 0.003 0.003 0.003 0.003 0.003   --  
  900:    1.00    2.709    0.010 0.010 0.010 0.010    0.003 0.003 0.003 0.003 0.003 0.003   --  

--------------------------------------------
Proportion of membership of each pre-defined
 population in each of the 4 clusters

Given    Inferred Clusters              Number of
 Pop       1      2      3      4      Individuals

  1:     0.216  0.261  0.240  0.283       23
--------------------------------------------

 Rep#:   Lambda   Alpha      F1    F2    F3    F4     D1,2  D1,3  D1,4  D2,3  D2,4  D3,4    Ln Like 
 1000:    1.00    2.438    0.010 0.010 0.010 0.010    0.003 0.003 0.003 0.003 0.003 0.003   --  
 1100:    1.00    2.262    0.010 0.010 0.010 0.011    0.003 0.003 0.003 0.003 0.003 0.003   --  
 1200:    1.00    1.553    0.010 0.010 0.010 0.012    0.003 0.003 0.003 0.003 0.003 0.003   --  
 1300:    1.00    0.758    0.010 0.010 0.010 0.012    0.003 0.003 0.003 0.003 0.003 0.003   --  
 1400:    1.00    0.511    0.010 0.010 0.010 0.012    0.003 0.003 0.004 0.003 0.004 0.003   --  
 1500:    1.00    0.450    0.010 0.010 0.010 0.012    0.003 0.003 0.004 0.003 0.003 0.003   --  
 1600:    1.00    0.408    0.010 0.010 0.010 0.012    0.003 0.003 0.004 0.003 0.004 0.003   --  
 1700:    1.00    0.358    0.011 0.010 0.010 0.013    0.003 0.003 0.004 0.003 0.004 0.004   --  
 1800:    1.00    0.167    0.011 0.010 0.010 0.013    0.003 0.003 0.004 0.003 0.004 0.004   --  
 1900:    1.00    0.146    0.011 0.010 0.010 0.013    0.003 0.003 0.004 0.003 0.004 0.004   --  

--------------------------------------------
Proportion of membership of each pre-defined
 population in each of the 4 clusters

Given    Inferred Clusters              Number of
 Pop       1      2      3      4      Individuals

  1:     0.213  0.356  0.196  0.234       23
--------------------------------------------

 Rep#:   Lambda   Alpha      F1    F2    F3    F4     D1,2  D1,3  D1,4  D2,3  D2,4  D3,4    Ln Like 
 2000:    1.00    0.104    0.012 0.010 0.010 0.014    0.003 0.003 0.004 0.003 0.004 0.004   --  
 2100:    1.00    0.121    0.013 0.010 0.010 0.016    0.004 0.003 0.005 0.003 0.004 0.004   --  
 2200:    1.00    0.122    0.013 0.010 0.010 0.016    0.004 0.004 0.005 0.003 0.004 0.004   --  
 2300:    1.00    0.101    0.013 0.010 0.010 0.017    0.004 0.004 0.005 0.003 0.004 0.004   --  
 2400:    1.00    0.080    0.013 0.010 0.010 0.017    0.004 0.004 0.005 0.003 0.004 0.004   --  
 2500:    1.00    0.067    0.014 0.010 0.010 0.017    0.004 0.004 0.005 0.003 0.004 0.004   --  
 2600:    1.00    0.058    0.015 0.010 0.010 0.020    0.004 0.004 0.006 0.003 0.005 0.005   --  
 2700:    1.00    0.060    0.015 0.010 0.010 0.022    0.004 0.004 0.006 0.003 0.005 0.005   --  
 2800:    1.00    0.059    0.016 0.010 0.010 0.024    0.004 0.004 0.006 0.003 0.005 0.005   --  
 2900:    1.00    0.062    0.018 0.010 0.010 0.024    0.004 0.004 0.007 0.003 0.005 0.005   --  

--------------------------------------------
Proportion of membership of each pre-defined
 population in each of the 4 clusters

Given    Inferred Clusters              Number of
 Pop       1      2      3      4      Individuals

  1:     0.215  0.398  0.167  0.220       23
--------------------------------------------

 Rep#:   Lambda   Alpha      F1    F2    F3    F4     D1,2  D1,3  D1,4  D2,3  D2,4  D3,4    Ln Like 
 3000:    1.00    0.033    0.022 0.010 0.010 0.058    0.005 0.005 0.013 0.003 0.011 0.011   --  
 3100:    1.00    0.032    0.024 0.010 0.010 0.078    0.005 0.005 0.016 0.003 0.014 0.014   --  
 3200:    1.00    0.035    0.025 0.010 0.010 0.087    0.006 0.005 0.018 0.003 0.015 0.015   --  
 3300:    1.00    0.046    0.026 0.010 0.010 0.094    0.006 0.006 0.019 0.003 0.016 0.016   --  
 3400:    1.00    0.036    0.026 0.010 0.010 0.100    0.006 0.006 0.020 0.003 0.017 0.017   --  
 3500:    1.00    0.044    0.027 0.010 0.010 0.111    0.006 0.006 0.021 0.003 0.018 0.018   --  
 3600:    1.00    0.042    0.027 0.010 0.010 0.111    0.006 0.006 0.022 0.003 0.018 0.018   --  
 3700:    1.00    0.029    0.027 0.010 0.010 0.113    0.006 0.006 0.021 0.003 0.019 0.019   --  
 3800:    1.00    0.043    0.027 0.010 0.010 0.114    0.006 0.006 0.022 0.003 0.019 0.019   --  
 3900:    1.00    0.035    0.028 0.010 0.010 0.117    0.006 0.006 0.023 0.003 0.019 0.019   --  

--------------------------------------------
Proportion of membership of each pre-defined
 population in each of the 4 clusters

Given    Inferred Clusters              Number of
 Pop       1      2      3      4      Individuals

  1:     0.219  0.436  0.132  0.213       23
--------------------------------------------

 Rep#:   Lambda   Alpha      F1    F2    F3    F4     D1,2  D1,3  D1,4  D2,3  D2,4  D3,4    Ln Like 
 4000:    1.00    0.034    0.030 0.010 0.010 0.124    0.006 0.006 0.024 0.003 0.020 0.020   --  
 4100:    1.00    0.056    0.030 0.010 0.010 0.124    0.006 0.006 0.024 0.003 0.020 0.020   --  
 4200:    1.00    0.023    0.031 0.010 0.010 0.123    0.007 0.007 0.024 0.003 0.020 0.020   --  
 4300:    1.00    0.052    0.034 0.011 0.010 0.123    0.007 0.007 0.024 0.003 0.020 0.020   --  
 4400:    1.00    0.037    0.035 0.011 0.010 0.123    0.007 0.007 0.025 0.003 0.020 0.020   --  
 4500:    1.00    0.023    0.039 0.011 0.010 0.124    0.008 0.008 0.025 0.003 0.020 0.020   --  
 4600:    1.00    0.052    0.042 0.011 0.010 0.125    0.008 0.008 0.026 0.003 0.020 0.020   --  
 4700:    1.00    0.029    0.044 0.011 0.010 0.126    0.009 0.008 0.026 0.003 0.020 0.021   --  
 4800:    1.00    0.039    0.045 0.011 0.010 0.127    0.009 0.009 0.027 0.003 0.020 0.021   --  
 4900:    1.00    0.032    0.045 0.011 0.010 0.128    0.009 0.009 0.027 0.003 0.021 0.021   --  

--------------------------------------------
Proportion of membership of each pre-defined
 population in each of the 4 clusters

Given    Inferred Clusters              Number of
 Pop       1      2      3      4      Individuals

  1:     0.218  0.449  0.122  0.212       23
--------------------------------------------

 Rep#:   Lambda   Alpha      F1    F2    F3    F4     D1,2  D1,3  D1,4  D2,3  D2,4  D3,4    Ln Like 
 5000:    1.00    0.029    0.047 0.011 0.010 0.129    0.009 0.009 0.027 0.003 0.021 0.021   --  
 5100:    1.00    0.044    0.050 0.011 0.010 0.131    0.010 0.010 0.028 0.003 0.021 0.021   --  
 5200:    1.00    0.041    0.050 0.011 0.010 0.131    0.010 0.010 0.028 0.003 0.021 0.021   --  
 5300:    1.00    0.044    0.055 0.011 0.010 0.133    0.011 0.010 0.029 0.003 0.021 0.021   --  
 5400:    1.00    0.026    0.059 0.011 0.010 0.134    0.011 0.011 0.030 0.003 0.022 0.022   --  
 5500:    1.00    0.036    0.064 0.011 0.010 0.134    0.012 0.012 0.031 0.003 0.022 0.022   --  
 5600:    1.00    0.043    0.072 0.011 0.010 0.134    0.013 0.013 0.032 0.003 0.022 0.022   --  
 5700:    1.00    0.057    0.080 0.011 0.010 0.138    0.015 0.014 0.034 0.003 0.022 0.022   --  
 5800:    1.00    0.037    0.101 0.011 0.010 0.138    0.018 0.018 0.037 0.003 0.022 0.022   --  
 5900:    1.00    0.052    0.125 0.011 0.010 0.139    0.022 0.022 0.041 0.003 0.022 0.022   --  

--------------------------------------------
Proportion of membership of each pre-defined
 population in each of the 4 clusters

Given    Inferred Clusters              Number of
 Pop       1      2      3      4      Individuals

  1:     0.131  0.491  0.176  0.203       23
--------------------------------------------

 Rep#:   Lambda   Alpha      F1    F2    F3    F4     D1,2  D1,3  D1,4  D2,3  D2,4  D3,4    Ln Like 
 6000:    1.00    0.041    0.154 0.011 0.010 0.140    0.027 0.027 0.047 0.003 0.023 0.023   --  
 6100:    1.00    0.044    0.169 0.011 0.010 0.141    0.029 0.029 0.049 0.003 0.023 0.023   --  
 6200:    1.00    0.036    0.175 0.011 0.010 0.141    0.030 0.030 0.050 0.003 0.023 0.023   --  
 6300:    1.00    0.030    0.182 0.011 0.010 0.140    0.031 0.031 0.051 0.003 0.022 0.022   --  
 6400:    1.00    0.035    0.193 0.011 0.010 0.141    0.033 0.033 0.053 0.003 0.023 0.023   --  
 6500:    1.00    0.051    0.201 0.011 0.010 0.143    0.034 0.034 0.053 0.003 0.023 0.023   --  
 6600:    1.00    0.068    0.215 0.011 0.010 0.143    0.037 0.036 0.056 0.003 0.023 0.023   --  
 6700:    1.00    0.042    0.220 0.011 0.010 0.141    0.037 0.037 0.057 0.003 0.023 0.023   --  
 6800:    1.00    0.047    0.220 0.011 0.010 0.141    0.037 0.037 0.057 0.003 0.023 0.023   --  
 6900:    1.00    0.047    0.222 0.011 0.010 0.141    0.038 0.038 0.058 0.003 0.023 0.023   --  

--------------------------------------------
Proportion of membership of each pre-defined
 population in each of the 4 clusters

Given    Inferred Clusters              Number of
 Pop       1      2      3      4      Individuals

  1:     0.109  0.497  0.193  0.201       23
--------------------------------------------

 Rep#:   Lambda   Alpha      F1    F2    F3    F4     D1,2  D1,3  D1,4  D2,3  D2,4  D3,4    Ln Like 
 7000:    1.00    0.056    0.227 0.011 0.010 0.141    0.039 0.039 0.058 0.003 0.022 0.022   --  
 7100:    1.00    0.060    0.229 0.011 0.010 0.141    0.038 0.039 0.058 0.003 0.022 0.022   --  
 7200:    1.00    0.047    0.229 0.011 0.010 0.141    0.039 0.039 0.058 0.003 0.023 0.023   --  
 7300:    1.00    0.056    0.235 0.011 0.010 0.139    0.039 0.039 0.059 0.003 0.022 0.023   --  
 7400:    1.00    0.056    0.237 0.011 0.011 0.142    0.040 0.040 0.060 0.003 0.023 0.023   --  
 7500:    1.00    0.047    0.244 0.011 0.011 0.141    0.041 0.041 0.060 0.003 0.023 0.023   --  
 7600:    1.00    0.043    0.246 0.011 0.011 0.141    0.041 0.041 0.061 0.003 0.023 0.023   --  
 7700:    1.00    0.035    0.244 0.011 0.011 0.142    0.041 0.041 0.061 0.003 0.023 0.023   --  
 7800:    1.00    0.041    0.249 0.011 0.011 0.143    0.042 0.042 0.062 0.003 0.023 0.023   --  
 7900:    1.00    0.042    0.252 0.011 0.011 0.143    0.042 0.042 0.062 0.003 0.023 0.023   --  

--------------------------------------------
Proportion of membership of each pre-defined
 population in each of the 4 clusters

Given    Inferred Clusters              Number of
 Pop       1      2      3      4      Individuals

  1:     0.104  0.507  0.184  0.205       23
--------------------------------------------

 Rep#:   Lambda   Alpha      F1    F2    F3    F4     D1,2  D1,3  D1,4  D2,3  D2,4  D3,4    Ln Like 
 8000:    1.00    0.055    0.253 0.011 0.011 0.143    0.042 0.042 0.063 0.003 0.023 0.023   --  
 8100:    1.00    0.047    0.257 0.011 0.011 0.142    0.043 0.043 0.063 0.003 0.023 0.023   --  
 8200:    1.00    0.065    0.258 0.011 0.011 0.142    0.043 0.043 0.063 0.003 0.023 0.023   --  
 8300:    1.00    0.066    0.261 0.011 0.011 0.138    0.043 0.043 0.063 0.003 0.022 0.023   --  
 8400:    1.00    0.061    0.263 0.011 0.011 0.136    0.043 0.043 0.062 0.003 0.022 0.022   --  
 8500:    1.00    0.076    0.265 0.011 0.011 0.138    0.044 0.044 0.063 0.003 0.022 0.022   --  
 8600:    1.00    0.043    0.267 0.011 0.011 0.138    0.045 0.045 0.064 0.003 0.023 0.022   --  
 8700:    1.00    0.051    0.267 0.012 0.011 0.137    0.044 0.044 0.064 0.003 0.022 0.022   --  
 8800:    1.00    0.053    0.264 0.012 0.011 0.137    0.044 0.044 0.063 0.003 0.022 0.022   --  
 8900:    1.00    0.045    0.267 0.012 0.011 0.139    0.044 0.044 0.064 0.003 0.022 0.022   --  

--------------------------------------------
Proportion of membership of each pre-defined
 population in each of the 4 clusters

Given    Inferred Clusters              Number of
 Pop       1      2      3      4      Individuals

  1:     0.103  0.520  0.166  0.211       23
--------------------------------------------

 Rep#:   Lambda   Alpha      F1    F2    F3    F4     D1,2  D1,3  D1,4  D2,3  D2,4  D3,4    Ln Like 
 9000:    1.00    0.056    0.268 0.012 0.011 0.140    0.044 0.044 0.064 0.003 0.023 0.023   --  
 9100:    1.00    0.036    0.266 0.012 0.011 0.140    0.044 0.044 0.063 0.003 0.023 0.023   --  
 9200:    1.00    0.075    0.258 0.012 0.011 0.143    0.043 0.043 0.063 0.003 0.023 0.023   --  
 9300:    1.00    0.048    0.256 0.012 0.011 0.142    0.043 0.042 0.062 0.003 0.023 0.023   --  
 9400:    1.00    0.047    0.253 0.012 0.011 0.141    0.042 0.042 0.062 0.003 0.023 0.023   --  
 9500:    1.00    0.047    0.258 0.012 0.011 0.141    0.043 0.043 0.063 0.003 0.023 0.023   --  
 9600:    1.00    0.034    0.261 0.012 0.011 0.142    0.043 0.043 0.063 0.003 0.023 0.023   --  
 9700:    1.00    0.053    0.260 0.012 0.011 0.143    0.043 0.043 0.063 0.003 0.023 0.023   --  
 9800:    1.00    0.049    0.260 0.012 0.011 0.143    0.043 0.043 0.063 0.003 0.023 0.023   --  
 9900:    1.00    0.055    0.260 0.012 0.011 0.148    0.043 0.043 0.064 0.003 0.023 0.024   --  
10000:    1.00    0.045    0.260 0.012 0.011 0.148    0.043 0.043 0.064 0.004 0.024 0.024   --  

BURNIN completed
 Rep#:   Lambda   Alpha      F1    F2    F3    F4     D1,2  D1,3  D1,4  D2,3  D2,4  D3,4    Ln Like  Est Ln P(D)
10100:    1.00    0.046    0.260 0.012 0.011 0.148    0.043 0.043 0.064 0.003 0.023 0.024   -979508    0 
10200:    1.00    0.061    0.260 0.012 0.011 0.144    0.044 0.043 0.063 0.004 0.023 0.023   -979788    0 
10300:    1.00    0.046    0.260 0.012 0.011 0.148    0.043 0.043 0.064 0.004 0.024 0.024   -979005    0 
10400:    1.00    0.060    0.261 0.012 0.011 0.148    0.043 0.043 0.064 0.004 0.024 0.024   -979324    0 
10500:    1.00    0.081    0.261 0.013 0.011 0.148    0.043 0.043 0.063 0.004 0.024 0.024   -979319    0 
10600:    1.00    0.052    0.262 0.013 0.011 0.146    0.043 0.043 0.064 0.004 0.024 0.024   -979067    0 
10700:    1.00    0.040    0.260 0.013 0.011 0.146    0.043 0.043 0.064 0.004 0.023 0.023   -978878    0 
10800:    1.00    0.065    0.262 0.013 0.011 0.150    0.043 0.043 0.064 0.004 0.024 0.024   -978957    0 
10900:    1.00    0.037    0.264 0.013 0.011 0.150    0.044 0.044 0.065 0.004 0.024 0.024   -979017    0 

--------------------------------------------
Proportion of membership of each pre-defined
 population in each of the 4 clusters

Given    Inferred Clusters              Number of
 Pop       1      2      3      4      Individuals

  1:     0.099  0.521  0.172  0.208       23
--------------------------------------------

 Rep#:   Lambda   Alpha      F1    F2    F3    F4     D1,2  D1,3  D1,4  D2,3  D2,4  D3,4    Ln Like  Est Ln P(D)
11000:    1.00    0.052    0.261 0.013 0.011 0.151    0.043 0.043 0.064 0.004 0.024 0.024   -979094    0 
11100:    1.00    0.054    0.260 0.013 0.011 0.150    0.043 0.043 0.065 0.004 0.024 0.024   -978609    0 
11200:    1.00    0.066    0.261 0.013 0.011 0.150    0.043 0.043 0.064 0.004 0.024 0.024   -978955    0 
11300:    1.00    0.052    0.262 0.013 0.011 0.149    0.044 0.043 0.065 0.004 0.024 0.024   -978411    0 
11400:    1.00    0.049    0.261 0.013 0.011 0.148    0.043 0.043 0.063 0.004 0.024 0.024   -977832    0 
11500:    1.00    0.066    0.260 0.013 0.011 0.149    0.043 0.043 0.063 0.004 0.024 0.024   -978707    0 
11600:    1.00    0.045    0.263 0.013 0.011 0.149    0.044 0.043 0.065 0.004 0.024 0.024   -978075    0 
11700:    1.00    0.037    0.262 0.013 0.011 0.148    0.044 0.043 0.064 0.004 0.024 0.024   -978647    0 
11800:    1.00    0.059    0.264 0.013 0.011 0.148    0.044 0.044 0.064 0.004 0.024 0.024   -978057    0 
11900:    1.00    0.049    0.268 0.013 0.011 0.147    0.044 0.044 0.065 0.004 0.024 0.024   -978351    0 

--------------------------------------------
Proportion of membership of each pre-defined
 population in each of the 4 clusters

Given    Inferred Clusters              Number of
 Pop       1      2      3      4      Individuals

  1:     0.096  0.509  0.177  0.217       23
--------------------------------------------

 Rep#:   Lambda   Alpha      F1    F2    F3    F4     D1,2  D1,3  D1,4  D2,3  D2,4  D3,4    Ln Like  Est Ln P(D)
12000:    1.00    0.041    0.268 0.013 0.011 0.147    0.045 0.045 0.065 0.004 0.024 0.024   -978357    0 
12100:    1.00    0.040    0.271 0.013 0.011 0.147    0.045 0.045 0.065 0.004 0.024 0.024   -978139    0 
12200:    1.00    0.061    0.270 0.013 0.011 0.147    0.044 0.044 0.065 0.004 0.024 0.024   -977929    0 
12300:    1.00    0.049    0.264 0.013 0.011 0.146    0.044 0.043 0.064 0.004 0.024 0.024   -978036    0 
12400:    1.00    0.069    0.263 0.014 0.011 0.146    0.044 0.043 0.064 0.004 0.024 0.024   -978073    0 
12500:    1.00    0.057    0.264 0.014 0.011 0.147    0.044 0.043 0.064 0.004 0.024 0.024   -978004    0 
12600:    1.00    0.062    0.264 0.014 0.011 0.147    0.044 0.043 0.064 0.004 0.024 0.024   -977728    0 
12700:    1.00    0.057    0.259 0.014 0.011 0.146    0.043 0.043 0.063 0.004 0.024 0.024   -978306    0 
12800:    1.00    0.055    0.260 0.014 0.011 0.146    0.043 0.043 0.064 0.004 0.024 0.024   -978168    0 
12900:    1.00    0.055    0.259 0.014 0.011 0.145    0.043 0.043 0.063 0.004 0.024 0.023   -977697    0 

--------------------------------------------
Proportion of membership of each pre-defined
 population in each of the 4 clusters

Given    Inferred Clusters              Number of
 Pop       1      2      3      4      Individuals

  1:     0.096  0.512  0.174  0.217       23
--------------------------------------------

 Rep#:   Lambda   Alpha      F1    F2    F3    F4     D1,2  D1,3  D1,4  D2,3  D2,4  D3,4    Ln Like  Est Ln P(D)
13000:    1.00    0.058    0.261 0.014 0.011 0.146    0.044 0.043 0.063 0.004 0.024 0.023   -977972    0 
13100:    1.00    0.070    0.263 0.014 0.011 0.146    0.044 0.043 0.063 0.004 0.024 0.023   -977960    0 
13200:    1.00    0.056    0.263 0.014 0.011 0.145    0.044 0.043 0.064 0.004 0.024 0.023   -978315    0 
13300:    1.00    0.045    0.266 0.015 0.011 0.145    0.044 0.044 0.064 0.004 0.024 0.023   -978106    0 
13400:    1.00    0.082    0.263 0.015 0.011 0.146    0.044 0.043 0.064 0.004 0.024 0.024   -978209    0 
13500:    1.00    0.050    0.264 0.016 0.011 0.145    0.044 0.043 0.064 0.004 0.024 0.024   -977738    0 
13600:    1.00    0.054    0.263 0.016 0.011 0.145    0.044 0.043 0.064 0.004 0.024 0.023   -977734    0 
13700:    1.00    0.042    0.263 0.016 0.011 0.146    0.044 0.044 0.065 0.004 0.024 0.024   -977317    0 
13800:    1.00    0.053    0.258 0.016 0.011 0.145    0.043 0.043 0.063 0.004 0.024 0.024   -977498    0 
13900:    1.00    0.055    0.259 0.016 0.011 0.145    0.043 0.043 0.063 0.004 0.024 0.024   -977814    0 

--------------------------------------------
Proportion of membership of each pre-defined
 population in each of the 4 clusters

Given    Inferred Clusters              Number of
 Pop       1      2      3      4      Individuals

  1:     0.097  0.508  0.173  0.223       23
--------------------------------------------

 Rep#:   Lambda   Alpha      F1    F2    F3    F4     D1,2  D1,3  D1,4  D2,3  D2,4  D3,4    Ln Like  Est Ln P(D)
14000:    1.00    0.073    0.258 0.016 0.011 0.145    0.043 0.043 0.062 0.004 0.024 0.023   -977833    0 
14100:    1.00    0.048    0.257 0.016 0.011 0.144    0.043 0.042 0.063 0.004 0.024 0.023   -978172    0 
14200:    1.00    0.046    0.259 0.016 0.011 0.148    0.043 0.042 0.063 0.004 0.025 0.024   -977644    0 
14300:    1.00    0.066    0.261 0.016 0.011 0.148    0.044 0.043 0.063 0.004 0.024 0.024   -977533    0 
14400:    1.00    0.049    0.261 0.016 0.011 0.148    0.043 0.042 0.063 0.004 0.024 0.024   -977937    0 
14500:    1.00    0.056    0.261 0.016 0.011 0.146    0.044 0.043 0.063 0.004 0.024 0.024   -977258    0 
14600:    1.00    0.045    0.260 0.016 0.011 0.147    0.044 0.043 0.063 0.004 0.024 0.024   -977776    0 
14700:    1.00    0.075    0.260 0.016 0.011 0.146    0.044 0.043 0.063 0.004 0.024 0.024   -978000    0 
14800:    1.00    0.059    0.268 0.016 0.011 0.146    0.045 0.044 0.065 0.004 0.024 0.024   -977524    0 
14900:    1.00    0.068    0.266 0.017 0.011 0.145    0.046 0.045 0.065 0.004 0.024 0.024   -977553    0 

--------------------------------------------
Proportion of membership of each pre-defined
 population in each of the 4 clusters

Given    Inferred Clusters              Number of
 Pop       1      2      3      4      Individuals

  1:     0.095  0.517  0.171  0.216       23
--------------------------------------------

 Rep#:   Lambda   Alpha      F1    F2    F3    F4     D1,2  D1,3  D1,4  D2,3  D2,4  D3,4    Ln Like  Est Ln P(D)
15000:    1.00    0.057    0.270 0.017 0.011 0.144    0.045 0.044 0.065 0.004 0.024 0.023   -977386    0 
15100:    1.00    0.042    0.267 0.017 0.011 0.144    0.044 0.043 0.064 0.004 0.024 0.023   -976769    0 
15200:    1.00    0.057    0.263 0.017 0.011 0.142    0.044 0.043 0.063 0.004 0.024 0.023   -977244    0 
15300:    1.00    0.050    0.261 0.017 0.011 0.142    0.044 0.043 0.063 0.004 0.024 0.023   -977825    0 
15400:    1.00    0.044    0.263 0.017 0.011 0.143    0.045 0.043 0.063 0.004 0.024 0.023   -977776    0 
15500:    1.00    0.051    0.263 0.017 0.011 0.142    0.045 0.044 0.063 0.004 0.024 0.023   -977870    0 
15600:    1.00    0.051    0.260 0.018 0.011 0.140    0.044 0.043 0.063 0.004 0.023 0.023   -977273    0 
15700:    1.00    0.070    0.262 0.018 0.011 0.141    0.045 0.043 0.063 0.005 0.023 0.022   -977792    0 
15800:    1.00    0.049    0.266 0.018 0.011 0.142    0.045 0.044 0.064 0.005 0.024 0.023   -977066    0 
15900:    1.00    0.036    0.266 0.018 0.011 0.142    0.044 0.043 0.064 0.005 0.024 0.023   -977424    0 

--------------------------------------------
Proportion of membership of each pre-defined
 population in each of the 4 clusters

Given    Inferred Clusters              Number of
 Pop       1      2      3      4      Individuals

  1:     0.095  0.515  0.172  0.218       23
--------------------------------------------

 Rep#:   Lambda   Alpha      F1    F2    F3    F4     D1,2  D1,3  D1,4  D2,3  D2,4  D3,4    Ln Like  Est Ln P(D)
16000:    1.00    0.060    0.266 0.019 0.011 0.142    0.045 0.044 0.064 0.005 0.024 0.023   -977205    0 
16100:    1.00    0.071    0.267 0.019 0.011 0.141    0.045 0.044 0.064 0.005 0.024 0.023   -977475    0 
16200:    1.00    0.050    0.267 0.019 0.011 0.142    0.045 0.044 0.064 0.005 0.024 0.023   -977115    0 
16300:    1.00    0.061    0.261 0.019 0.011 0.142    0.044 0.043 0.063 0.005 0.024 0.023   -977073    0 
16400:    1.00    0.042    0.257 0.019 0.011 0.143    0.044 0.042 0.062 0.005 0.024 0.023   -977260    0 
16500:    1.00    0.039    0.257 0.019 0.011 0.142    0.044 0.043 0.063 0.005 0.024 0.023   -977102    0 
16600:    1.00    0.067    0.258 0.019 0.011 0.142    0.044 0.043 0.062 0.005 0.024 0.023   -977264    0 
16700:    1.00    0.052    0.258 0.019 0.011 0.142    0.044 0.043 0.063 0.005 0.024 0.023   -977480    0 
16800:    1.00    0.035    0.256 0.019 0.011 0.143    0.043 0.042 0.063 0.005 0.024 0.023   -976889    0 
16900:    1.00    0.045    0.258 0.019 0.011 0.143    0.044 0.042 0.062 0.005 0.024 0.023   -977088    0 

--------------------------------------------
Proportion of membership of each pre-defined
 population in each of the 4 clusters

Given    Inferred Clusters              Number of
 Pop       1      2      3      4      Individuals

  1:     0.095  0.514  0.177  0.214       23
--------------------------------------------

 Rep#:   Lambda   Alpha      F1    F2    F3    F4     D1,2  D1,3  D1,4  D2,3  D2,4  D3,4    Ln Like  Est Ln P(D)
17000:    1.00    0.046    0.265 0.019 0.011 0.146    0.045 0.043 0.064 0.005 0.024 0.023   -977444    0 
17100:    1.00    0.057    0.265 0.019 0.011 0.147    0.045 0.044 0.064 0.005 0.025 0.024   -976940    0 
17200:    1.00    0.052    0.261 0.019 0.011 0.147    0.044 0.043 0.063 0.005 0.024 0.024   -977071    0 
17300:    1.00    0.074    0.261 0.019 0.011 0.148    0.044 0.043 0.064 0.005 0.025 0.024   -977262    0 
17400:    1.00    0.048    0.256 0.020 0.011 0.149    0.044 0.042 0.063 0.005 0.025 0.024   -977457    0 
17500:    1.00    0.075    0.255 0.020 0.011 0.148    0.043 0.042 0.063 0.005 0.024 0.024   -976777    0 
17600:    1.00    0.044    0.260 0.020 0.011 0.149    0.044 0.043 0.064 0.005 0.025 0.024   -976854    0 
17700:    1.00    0.029    0.260 0.020 0.011 0.147    0.044 0.043 0.064 0.005 0.025 0.024   -976990    0 
17800:    1.00    0.050    0.260 0.020 0.011 0.146    0.044 0.043 0.063 0.005 0.024 0.024   -977037    0 
17900:    1.00    0.063    0.259 0.020 0.011 0.146    0.044 0.043 0.063 0.005 0.024 0.023   -976983    0 

--------------------------------------------
Proportion of membership of each pre-defined
 population in each of the 4 clusters

Given    Inferred Clusters              Number of
 Pop       1      2      3      4      Individuals

  1:     0.096  0.505  0.178  0.221       23
--------------------------------------------

 Rep#:   Lambda   Alpha      F1    F2    F3    F4     D1,2  D1,3  D1,4  D2,3  D2,4  D3,4    Ln Like  Est Ln P(D)
18000:    1.00    0.052    0.264 0.020 0.011 0.145    0.045 0.043 0.063 0.005 0.024 0.023   -976801    0 
18100:    1.00    0.060    0.260 0.021 0.011 0.144    0.044 0.043 0.063 0.005 0.025 0.024   -977124    0 
18200:    1.00    0.068    0.258 0.021 0.011 0.145    0.045 0.043 0.064 0.005 0.025 0.024   -977056    0 
18300:    1.00    0.043    0.260 0.022 0.011 0.145    0.045 0.043 0.063 0.005 0.024 0.023   -977070    0 
18400:    1.00    0.065    0.260 0.022 0.011 0.143    0.045 0.043 0.063 0.005 0.024 0.023   -977172    0 
18500:    1.00    0.089    0.262 0.022 0.011 0.146    0.045 0.043 0.064 0.005 0.025 0.024   -976985    0 
18600:    1.00    0.090    0.262 0.022 0.011 0.147    0.044 0.043 0.063 0.005 0.025 0.024   -976784    0 
18700:    1.00    0.052    0.264 0.022 0.011 0.146    0.045 0.044 0.064 0.005 0.025 0.024   -976465    0 
18800:    1.00    0.061    0.267 0.022 0.011 0.147    0.045 0.044 0.065 0.005 0.025 0.024   -976641    0 
18900:    1.00    0.070    0.263 0.022 0.011 0.148    0.045 0.043 0.064 0.005 0.025 0.024   -976445    0 

--------------------------------------------
Proportion of membership of each pre-defined
 population in each of the 4 clusters

Given    Inferred Clusters              Number of
 Pop       1      2      3      4      Individuals

  1:     0.093  0.502  0.181  0.224       23
--------------------------------------------

 Rep#:   Lambda   Alpha      F1    F2    F3    F4     D1,2  D1,3  D1,4  D2,3  D2,4  D3,4    Ln Like  Est Ln P(D)
19000:    1.00    0.105    0.261 0.022 0.011 0.148    0.045 0.043 0.065 0.005 0.025 0.024   -976881    0 
19100:    1.00    0.058    0.262 0.023 0.011 0.146    0.045 0.043 0.063 0.005 0.025 0.024   -976336    0 
19200:    1.00    0.091    0.261 0.023 0.011 0.148    0.044 0.042 0.063 0.005 0.025 0.024   -976494    0 
19300:    1.00    0.085    0.259 0.023 0.011 0.146    0.044 0.042 0.063 0.005 0.025 0.024   -976701    0 
19400:    1.00    0.054    0.261 0.023 0.011 0.147    0.045 0.043 0.064 0.005 0.025 0.024   -976385    0 
19500:    1.00    0.049    0.259 0.023 0.011 0.148    0.044 0.043 0.063 0.005 0.025 0.024   -976369    0 
19600:    1.00    0.075    0.259 0.023 0.011 0.149    0.044 0.042 0.063 0.005 0.025 0.024   -976500    0 
19700:    1.00    0.062    0.257 0.023 0.011 0.149    0.044 0.043 0.063 0.005 0.026 0.024   -976941    0 
19800:    1.00    0.058    0.259 0.023 0.011 0.146    0.044 0.043 0.063 0.005 0.025 0.024   -976462    0 
19900:    1.00    0.052    0.261 0.023 0.011 0.146    0.044 0.043 0.063 0.005 0.025 0.024   -976603    0 

--------------------------------------------
Proportion of membership of each pre-defined
 population in each of the 4 clusters

Given    Inferred Clusters              Number of
 Pop       1      2      3      4      Individuals

  1:     0.095  0.505  0.180  0.220       23
--------------------------------------------

 Rep#:   Lambda   Alpha      F1    F2    F3    F4     D1,2  D1,3  D1,4  D2,3  D2,4  D3,4    Ln Like  Est Ln P(D)
20000:    1.00    0.041    0.257 0.023 0.012 0.146    0.044 0.042 0.062 0.005 0.025 0.023   -976648    0 
20100:    1.00    0.047    0.257 0.024 0.012 0.145    0.044 0.043 0.062 0.005 0.025 0.024   -977142    0 
20200:    1.00    0.051    0.257 0.024 0.012 0.145    0.044 0.043 0.063 0.005 0.025 0.024   -976854    0 
20300:    1.00    0.051    0.262 0.024 0.012 0.147    0.045 0.043 0.064 0.005 0.025 0.024   -976536    0 
20400:    1.00    0.062    0.264 0.024 0.012 0.147    0.045 0.043 0.064 0.005 0.025 0.024   -976237    0 
20500:    1.00    0.075    0.264 0.024 0.012 0.148    0.046 0.043 0.064 0.005 0.025 0.024   -976331    0 
20600:    1.00    0.068    0.263 0.024 0.012 0.148    0.045 0.044 0.064 0.005 0.025 0.024   -976247    0 
20700:    1.00    0.064    0.263 0.024 0.012 0.151    0.045 0.043 0.065 0.005 0.026 0.025   -976977    0 
20800:    1.00    0.093    0.258 0.024 0.012 0.154    0.045 0.042 0.064 0.005 0.026 0.025   -976282    0 
20900:    1.00    0.057    0.257 0.024 0.012 0.153    0.044 0.043 0.064 0.005 0.026 0.025   -976930    0 

--------------------------------------------
Proportion of membership of each pre-defined
 population in each of the 4 clusters

Given    Inferred Clusters              Number of
 Pop       1      2      3      4      Individuals

  1:     0.093  0.502  0.182  0.223       23
--------------------------------------------

 Rep#:   Lambda   Alpha      F1    F2    F3    F4     D1,2  D1,3  D1,4  D2,3  D2,4  D3,4    Ln Like  Est Ln P(D)
21000:    1.00    0.090    0.255 0.024 0.012 0.154    0.044 0.042 0.063 0.005 0.026 0.025   -975942    0 
21100:    1.00    0.058    0.255 0.024 0.012 0.154    0.044 0.042 0.064 0.005 0.026 0.025   -976319    0 
21200:    1.00    0.055    0.254 0.024 0.012 0.154    0.044 0.042 0.063 0.005 0.026 0.025   -976539    0 
21300:    1.00    0.083    0.252 0.024 0.012 0.153    0.044 0.042 0.064 0.005 0.026 0.025   -976684    0 
21400:    1.00    0.083    0.257 0.024 0.012 0.151    0.044 0.043 0.064 0.005 0.026 0.024   -976552    0 
21500:    1.00    0.080    0.259 0.024 0.012 0.151    0.045 0.043 0.064 0.005 0.026 0.025   -976701    0 
21600:    1.00    0.063    0.261 0.024 0.012 0.153    0.044 0.043 0.064 0.005 0.026 0.024   -976399    0 
21700:    1.00    0.067    0.260 0.024 0.012 0.153    0.045 0.043 0.065 0.005 0.026 0.025   -977401    0 
21800:    1.00    0.066    0.260 0.024 0.012 0.152    0.045 0.043 0.064 0.006 0.026 0.025   -976528    0 
21900:    1.00    0.050    0.261 0.025 0.011 0.152    0.045 0.043 0.065 0.006 0.026 0.025   -976994    0 

--------------------------------------------
Proportion of membership of each pre-defined
 population in each of the 4 clusters

Given    Inferred Clusters              Number of
 Pop       1      2      3      4      Individuals

  1:     0.092  0.505  0.181  0.222       23
--------------------------------------------

 Rep#:   Lambda   Alpha      F1    F2    F3    F4     D1,2  D1,3  D1,4  D2,3  D2,4  D3,4    Ln Like  Est Ln P(D)
22000:    1.00    0.092    0.261 0.025 0.011 0.153    0.045 0.043 0.065 0.006 0.026 0.025   -976666    0 
22100:    1.00    0.089    0.261 0.025 0.011 0.153    0.045 0.043 0.065 0.006 0.026 0.025   -975807    0 
22200:    1.00    0.084    0.261 0.026 0.011 0.151    0.045 0.043 0.064 0.006 0.026 0.024   -976718    0 
22300:    1.00    0.079    0.263 0.026 0.011 0.152    0.046 0.043 0.065 0.006 0.026 0.025   -976017    0 
22400:    1.00    0.075    0.260 0.026 0.011 0.151    0.046 0.043 0.064 0.006 0.026 0.024   -976338    0 
22500:    1.00    0.055    0.263 0.026 0.011 0.149    0.045 0.043 0.064 0.006 0.026 0.024   -976198    0 
22600:    1.00    0.067    0.260 0.026 0.011 0.151    0.045 0.043 0.065 0.006 0.026 0.025   -976432    0 
22700:    1.00    0.071    0.259 0.026 0.011 0.152    0.045 0.043 0.065 0.006 0.026 0.025   -976111    0 
22800:    1.00    0.074    0.259 0.026 0.011 0.149    0.045 0.043 0.065 0.006 0.026 0.024   -976415    0 
22900:    1.00    0.094    0.256 0.026 0.011 0.149    0.045 0.043 0.064 0.006 0.026 0.024   -976445    0 

--------------------------------------------
Proportion of membership of each pre-defined
 population in each of the 4 clusters

Given    Inferred Clusters              Number of
 Pop       1      2      3      4      Individuals

  1:     0.093  0.504  0.179  0.224       23
--------------------------------------------

 Rep#:   Lambda   Alpha      F1    F2    F3    F4     D1,2  D1,3  D1,4  D2,3  D2,4  D3,4    Ln Like  Est Ln P(D)
23000:    1.00    0.054    0.256 0.026 0.011 0.149    0.045 0.042 0.063 0.006 0.026 0.024   -976404    0 
23100:    1.00    0.082    0.257 0.026 0.011 0.149    0.045 0.043 0.064 0.006 0.026 0.024   -976259    0 
23200:    1.00    0.076    0.257 0.026 0.011 0.149    0.045 0.043 0.064 0.006 0.026 0.024   -976134    0 
23300:    1.00    0.061    0.257 0.026 0.011 0.148    0.045 0.043 0.063 0.006 0.026 0.024   -975820    0 
23400:    1.00    0.082    0.256 0.026 0.011 0.151    0.044 0.042 0.064 0.006 0.026 0.024   -976149    0 
23500:    1.00    0.071    0.256 0.026 0.011 0.154    0.045 0.042 0.064 0.006 0.026 0.025   -976372    0 
23600:    1.00    0.080    0.255 0.026 0.011 0.156    0.045 0.042 0.064 0.006 0.027 0.025   -976141    0 
23700:    1.00    0.051    0.255 0.026 0.011 0.154    0.044 0.042 0.063 0.006 0.026 0.025   -976250    0 
23800:    1.00    0.048    0.255 0.026 0.011 0.154    0.044 0.042 0.064 0.006 0.027 0.025   -976511    0 
23900:    1.00    0.051    0.256 0.026 0.011 0.156    0.044 0.042 0.064 0.006 0.027 0.025   -976129    0 

--------------------------------------------
Proportion of membership of each pre-defined
 population in each of the 4 clusters

Given    Inferred Clusters              Number of
 Pop       1      2      3      4      Individuals

  1:     0.094  0.503  0.178  0.225       23
--------------------------------------------

 Rep#:   Lambda   Alpha      F1    F2    F3    F4     D1,2  D1,3  D1,4  D2,3  D2,4  D3,4    Ln Like  Est Ln P(D)
24000:    1.00    0.065    0.254 0.026 0.011 0.159    0.044 0.042 0.064 0.006 0.027 0.025   -975881    0 
24100:    1.00    0.080    0.253 0.026 0.011 0.159    0.044 0.042 0.064 0.006 0.027 0.025   -976224    0 
24200:    1.00    0.131    0.249 0.026 0.011 0.159    0.043 0.041 0.063 0.006 0.027 0.026   -976046    0 
24300:    1.00    0.084    0.251 0.026 0.011 0.159    0.044 0.041 0.064 0.006 0.027 0.026   -976988    0 
24400:    1.00    0.076    0.252 0.027 0.011 0.160    0.043 0.041 0.063 0.006 0.028 0.026   -976593    0 
24500:    1.00    0.095    0.250 0.027 0.011 0.160    0.044 0.041 0.064 0.006 0.028 0.026   -976329    0 
24600:    1.00    0.083    0.254 0.027 0.011 0.160    0.044 0.042 0.064 0.006 0.027 0.026   -976167    0 
24700:    1.00    0.061    0.254 0.027 0.011 0.160    0.044 0.042 0.064 0.006 0.027 0.026   -976084    0 
24800:    1.00    0.066    0.253 0.027 0.011 0.159    0.045 0.042 0.064 0.006 0.027 0.025   -975972    0 
24900:    1.00    0.095    0.253 0.027 0.011 0.159    0.044 0.042 0.065 0.006 0.027 0.026   -976641    0 

--------------------------------------------
Proportion of membership of each pre-defined
 population in each of the 4 clusters

Given    Inferred Clusters              Number of
 Pop       1      2      3      4      Individuals

  1:     0.094  0.506  0.178  0.222       23
--------------------------------------------

 Rep#:   Lambda   Alpha      F1    F2    F3    F4     D1,2  D1,3  D1,4  D2,3  D2,4  D3,4    Ln Like  Est Ln P(D)
25000:    1.00    0.073    0.257 0.028 0.011 0.159    0.045 0.042 0.064 0.006 0.028 0.026   -976345    0 
25100:    1.00    0.081    0.259 0.028 0.011 0.159    0.045 0.042 0.065 0.006 0.028 0.026   -975647    0 
25200:    1.00    0.070    0.261 0.028 0.012 0.159    0.045 0.042 0.065 0.006 0.028 0.026   -975962    0 
25300:    1.00    0.072    0.263 0.028 0.012 0.159    0.046 0.043 0.065 0.006 0.028 0.026   -975903    0 
25400:    1.00    0.062    0.265 0.028 0.012 0.160    0.046 0.043 0.065 0.006 0.027 0.026   -975636    0 
25500:    1.00    0.074    0.266 0.028 0.012 0.160    0.047 0.044 0.066 0.006 0.028 0.026   -975619    0 
25600:    1.00    0.089    0.266 0.028 0.012 0.159    0.046 0.044 0.066 0.006 0.028 0.026   -975490    0 
25700:    1.00    0.074    0.264 0.028 0.012 0.159    0.046 0.044 0.066 0.006 0.027 0.026   -975554    0 
25800:    1.00    0.083    0.264 0.028 0.012 0.160    0.046 0.044 0.065 0.006 0.028 0.026   -976309    0 
25900:    1.00    0.094    0.263 0.028 0.012 0.157    0.046 0.043 0.065 0.006 0.027 0.026   -975615    0 

--------------------------------------------
Proportion of membership of each pre-defined
 population in each of the 4 clusters

Given    Inferred Clusters              Number of
 Pop       1      2      3      4      Individuals

  1:     0.094  0.503  0.179  0.224       23
--------------------------------------------

 Rep#:   Lambda   Alpha      F1    F2    F3    F4     D1,2  D1,3  D1,4  D2,3  D2,4  D3,4    Ln Like  Est Ln P(D)
26000:    1.00    0.109    0.261 0.028 0.012 0.157    0.045 0.043 0.065 0.006 0.027 0.026   -975924    0 
26100:    1.00    0.090    0.261 0.028 0.012 0.159    0.046 0.043 0.066 0.006 0.028 0.026   -975923    0 
26200:    1.00    0.088    0.260 0.028 0.012 0.158    0.045 0.042 0.064 0.006 0.027 0.025   -975766    0 
26300:    1.00    0.070    0.260 0.029 0.012 0.159    0.046 0.043 0.066 0.006 0.028 0.026   -975842    0 
26400:    1.00    0.049    0.260 0.029 0.012 0.158    0.045 0.043 0.065 0.006 0.028 0.026   -975604    0 
26500:    1.00    0.070    0.260 0.029 0.012 0.161    0.045 0.042 0.066 0.006 0.028 0.026   -976223    0 
26600:    1.00    0.075    0.259 0.029 0.012 0.161    0.045 0.043 0.066 0.006 0.028 0.026   -975848    0 
26700:    1.00    0.084    0.258 0.030 0.012 0.160    0.046 0.043 0.065 0.007 0.028 0.026   -975648    0 
26800:    1.00    0.068    0.258 0.030 0.012 0.158    0.045 0.043 0.066 0.007 0.028 0.026   -975835    0 
26900:    1.00    0.092    0.259 0.030 0.012 0.159    0.045 0.043 0.065 0.006 0.028 0.026   -975931    0 

--------------------------------------------
Proportion of membership of each pre-defined
 population in each of the 4 clusters

Given    Inferred Clusters              Number of
 Pop       1      2      3      4      Individuals

  1:     0.093  0.494  0.184  0.229       23
--------------------------------------------

 Rep#:   Lambda   Alpha      F1    F2    F3    F4     D1,2  D1,3  D1,4  D2,3  D2,4  D3,4    Ln Like  Est Ln P(D)
27000:    1.00    0.089    0.257 0.031 0.012 0.157    0.045 0.043 0.065 0.007 0.028 0.026   -975769    0 
27100:    1.00    0.078    0.257 0.031 0.012 0.159    0.045 0.043 0.065 0.007 0.028 0.026   -975876    0 
27200:    1.00    0.080    0.262 0.031 0.012 0.161    0.046 0.043 0.066 0.007 0.028 0.026   -975417    0 
27300:    1.00    0.074    0.257 0.031 0.012 0.164    0.045 0.042 0.065 0.007 0.029 0.026   -976024    0 
27400:    1.00    0.068    0.259 0.031 0.012 0.162    0.045 0.043 0.065 0.007 0.028 0.026   -975840    0 
27500:    1.00    0.071    0.262 0.031 0.012 0.162    0.046 0.043 0.066 0.007 0.028 0.026   -975426    0 
27600:    1.00    0.064    0.264 0.032 0.013 0.168    0.047 0.044 0.067 0.007 0.029 0.027   -975140    0 
27700:    1.00    0.078    0.264 0.032 0.013 0.168    0.046 0.043 0.066 0.007 0.029 0.027   -975472    0 
27800:    1.00    0.056    0.264 0.032 0.013 0.165    0.046 0.044 0.067 0.007 0.030 0.027   -975161    0 
27900:    1.00    0.071    0.261 0.032 0.013 0.165    0.046 0.044 0.067 0.007 0.029 0.027   -975401    0 

--------------------------------------------
Proportion of membership of each pre-defined
 population in each of the 4 clusters

Given    Inferred Clusters              Number of
 Pop       1      2      3      4      Individuals

  1:     0.093  0.492  0.187  0.228       23
--------------------------------------------

 Rep#:   Lambda   Alpha      F1    F2    F3    F4     D1,2  D1,3  D1,4  D2,3  D2,4  D3,4    Ln Like  Est Ln P(D)
28000:    1.00    0.062    0.260 0.033 0.013 0.164    0.046 0.043 0.066 0.007 0.029 0.026   -975363    0 
28100:    1.00    0.061    0.258 0.033 0.013 0.164    0.046 0.043 0.066 0.007 0.029 0.027   -975371    0 
28200:    1.00    0.068    0.260 0.033 0.013 0.163    0.046 0.043 0.066 0.007 0.029 0.027   -975568    0 
28300:    1.00    0.075    0.258 0.033 0.013 0.163    0.046 0.043 0.066 0.007 0.029 0.026   -975259    0 
28400:    1.00    0.050    0.259 0.033 0.013 0.163    0.046 0.043 0.066 0.007 0.029 0.027   -975327    0 
28500:    1.00    0.084    0.256 0.033 0.013 0.167    0.045 0.042 0.066 0.007 0.029 0.027   -975694    0 
28600:    1.00    0.072    0.255 0.033 0.013 0.162    0.046 0.043 0.065 0.007 0.029 0.027   -975252    0 
28700:    1.00    0.087    0.256 0.033 0.013 0.161    0.045 0.042 0.065 0.007 0.029 0.026   -975407    0 
28800:    1.00    0.060    0.257 0.033 0.013 0.161    0.046 0.043 0.065 0.007 0.029 0.026   -975189    0 
28900:    1.00    0.116    0.253 0.033 0.013 0.163    0.045 0.042 0.065 0.007 0.029 0.027   -975601    0 

--------------------------------------------
Proportion of membership of each pre-defined
 population in each of the 4 clusters

Given    Inferred Clusters              Number of
 Pop       1      2      3      4      Individuals

  1:     0.095  0.491  0.185  0.228       23
--------------------------------------------

 Rep#:   Lambda   Alpha      F1    F2    F3    F4     D1,2  D1,3  D1,4  D2,3  D2,4  D3,4    Ln Like  Est Ln P(D)
29000:    1.00    0.054    0.253 0.033 0.013 0.160    0.045 0.042 0.064 0.007 0.028 0.026   -975998    0 
29100:    1.00    0.055    0.254 0.033 0.013 0.160    0.045 0.042 0.064 0.007 0.028 0.026   -975404    0 
29200:    1.00    0.063    0.254 0.033 0.013 0.162    0.045 0.042 0.064 0.007 0.029 0.026   -974899    0 
29300:    1.00    0.076    0.257 0.033 0.013 0.160    0.045 0.042 0.065 0.007 0.029 0.026   -975446    0 
29400:    1.00    0.077    0.258 0.033 0.013 0.160    0.046 0.043 0.066 0.007 0.029 0.026   -975675    0 
29500:    1.00    0.100    0.253 0.033 0.013 0.161    0.045 0.042 0.064 0.007 0.029 0.026   -975472    0 
29600:    1.00    0.097    0.252 0.033 0.013 0.162    0.044 0.042 0.064 0.007 0.029 0.026   -975317    0 
29700:    1.00    0.077    0.255 0.033 0.013 0.160    0.045 0.042 0.065 0.007 0.029 0.026   -975369    0 
29800:    1.00    0.072    0.256 0.034 0.013 0.160    0.046 0.042 0.064 0.007 0.028 0.026   -975247    0 
29900:    1.00    0.077    0.258 0.034 0.013 0.159    0.046 0.043 0.065 0.007 0.028 0.026   -975832    0 

--------------------------------------------
Proportion of membership of each pre-defined
 population in each of the 4 clusters

Given    Inferred Clusters              Number of
 Pop       1      2      3      4      Individuals

  1:     0.093  0.483  0.187  0.237       23
--------------------------------------------

 Rep#:   Lambda   Alpha      F1    F2    F3    F4     D1,2  D1,3  D1,4  D2,3  D2,4  D3,4    Ln Like  Est Ln P(D)
30000:    1.00    0.089    0.258 0.034 0.013 0.158    0.046 0.043 0.065 0.007 0.028 0.026   -975942    0 
30100:    1.00    0.073    0.259 0.034 0.013 0.158    0.045 0.042 0.065 0.007 0.029 0.026   -975448    0 
30200:    1.00    0.081    0.258 0.034 0.013 0.158    0.046 0.043 0.065 0.007 0.029 0.026   -975939    0 
30300:    1.00    0.078    0.257 0.034 0.013 0.162    0.045 0.043 0.065 0.007 0.029 0.027   -975355    0 
30400:    1.00    0.077    0.253 0.034 0.013 0.162    0.045 0.042 0.065 0.007 0.029 0.026   -975510    0 
30500:    1.00    0.062    0.255 0.034 0.013 0.161    0.045 0.042 0.064 0.007 0.029 0.026   -975181    0 
30600:    1.00    0.101    0.253 0.034 0.013 0.161    0.045 0.042 0.065 0.007 0.029 0.027   -975291    0 
30700:    1.00    0.082    0.258 0.034 0.013 0.162    0.046 0.043 0.065 0.007 0.029 0.027   -975356    0 
30800:    1.00    0.080    0.260 0.034 0.013 0.160    0.046 0.043 0.065 0.007 0.029 0.026   -974977    0 
30900:    1.00    0.090    0.262 0.034 0.013 0.160    0.046 0.043 0.065 0.007 0.029 0.026   -975172    0 

--------------------------------------------
Proportion of membership of each pre-defined
 population in each of the 4 clusters

Given    Inferred Clusters              Number of
 Pop       1      2      3      4      Individuals

  1:     0.091  0.494  0.182  0.232       23
--------------------------------------------

 Rep#:   Lambda   Alpha      F1    F2    F3    F4     D1,2  D1,3  D1,4  D2,3  D2,4  D3,4    Ln Like  Est Ln P(D)
31000:    1.00    0.055    0.260 0.034 0.013 0.161    0.046 0.043 0.065 0.007 0.029 0.026   -975614    0 
31100:    1.00    0.071    0.259 0.034 0.013 0.163    0.046 0.043 0.065 0.007 0.029 0.027   -976009    0 
31200:    1.00    0.078    0.259 0.034 0.013 0.163    0.046 0.043 0.066 0.007 0.029 0.026   -975521    0 
31300:    1.00    0.082    0.253 0.034 0.013 0.162    0.045 0.042 0.064 0.007 0.029 0.026   -975638    0 
31400:    1.00    0.080    0.256 0.034 0.013 0.164    0.046 0.042 0.065 0.007 0.029 0.027   -974869    0 
31500:    1.00    0.078    0.255 0.034 0.013 0.164    0.045 0.043 0.065 0.007 0.029 0.027   -975679    0 
31600:    1.00    0.080    0.261 0.034 0.013 0.164    0.046 0.043 0.066 0.007 0.029 0.027   -975248    0 
31700:    1.00    0.074    0.261 0.034 0.013 0.164    0.046 0.043 0.066 0.007 0.029 0.027   -975253    0 
31800:    1.00    0.064    0.259 0.034 0.013 0.164    0.046 0.043 0.065 0.007 0.029 0.026   -975140    0 
31900:    1.00    0.076    0.257 0.034 0.013 0.162    0.046 0.042 0.065 0.007 0.029 0.027   -975582    0 

--------------------------------------------
Proportion of membership of each pre-defined
 population in each of the 4 clusters

Given    Inferred Clusters              Number of
 Pop       1      2      3      4      Individuals

  1:     0.092  0.491  0.183  0.235       23
--------------------------------------------

 Rep#:   Lambda   Alpha      F1    F2    F3    F4     D1,2  D1,3  D1,4  D2,3  D2,4  D3,4    Ln Like  Est Ln P(D)
32000:    1.00    0.089    0.259 0.035 0.013 0.163    0.046 0.043 0.065 0.007 0.029 0.026   -975296    0 
32100:    1.00    0.065    0.259 0.035 0.013 0.162    0.046 0.043 0.066 0.007 0.029 0.026   -975690    0 
32200:    1.00    0.071    0.264 0.035 0.013 0.161    0.046 0.043 0.066 0.007 0.029 0.026   -975350    0 
32300:    1.00    0.091    0.262 0.035 0.013 0.163    0.047 0.044 0.066 0.007 0.029 0.027   -974535    0 
32400:    1.00    0.070    0.261 0.035 0.013 0.162    0.046 0.043 0.065 0.007 0.029 0.026   -975164    0 
32500:    1.00    0.106    0.263 0.035 0.013 0.160    0.046 0.043 0.065 0.007 0.028 0.026   -975009    0 
32600:    1.00    0.072    0.256 0.035 0.013 0.160    0.046 0.043 0.064 0.007 0.029 0.026   -974857    0 
32700:    1.00    0.084    0.255 0.035 0.013 0.160    0.045 0.042 0.064 0.007 0.029 0.026   -975471    0 
32800:    1.00    0.081    0.256 0.035 0.013 0.160    0.046 0.042 0.065 0.007 0.029 0.026   -975495    0 
32900:    1.00    0.072    0.258 0.035 0.013 0.158    0.046 0.042 0.064 0.007 0.028 0.026   -974772    0 

--------------------------------------------
Proportion of membership of each pre-defined
 population in each of the 4 clusters

Given    Inferred Clusters              Number of
 Pop       1      2      3      4      Individuals

  1:     0.092  0.480  0.190  0.238       23
--------------------------------------------

 Rep#:   Lambda   Alpha      F1    F2    F3    F4     D1,2  D1,3  D1,4  D2,3  D2,4  D3,4    Ln Like  Est Ln P(D)
33000:    1.00    0.068    0.257 0.036 0.013 0.157    0.046 0.043 0.065 0.008 0.029 0.026   -975159    0 
33100:    1.00    0.086    0.256 0.036 0.013 0.158    0.045 0.042 0.063 0.008 0.028 0.026   -975465    0 
33200:    1.00    0.094    0.256 0.036 0.013 0.162    0.046 0.042 0.064 0.008 0.029 0.026   -975429    0 
33300:    1.00    0.081    0.254 0.036 0.013 0.162    0.046 0.042 0.065 0.008 0.029 0.026   -975436    0 
33400:    1.00    0.094    0.255 0.036 0.013 0.161    0.046 0.042 0.065 0.008 0.029 0.026   -974822    0 
33500:    1.00    0.077    0.254 0.037 0.013 0.159    0.045 0.042 0.064 0.008 0.029 0.026   -975213    0 
33600:    1.00    0.058    0.251 0.036 0.013 0.160    0.045 0.042 0.064 0.008 0.029 0.026   -974863    0 
33700:    1.00    0.052    0.254 0.036 0.013 0.160    0.045 0.042 0.064 0.008 0.029 0.026   -975235    0 
33800:    1.00    0.079    0.252 0.036 0.013 0.161    0.045 0.042 0.064 0.008 0.029 0.026   -975653    0 
33900:    1.00    0.065    0.255 0.038 0.013 0.159    0.046 0.042 0.065 0.008 0.029 0.026   -974807    0 

--------------------------------------------
Proportion of membership of each pre-defined
 population in each of the 4 clusters

Given    Inferred Clusters              Number of
 Pop       1      2      3      4      Individuals

  1:     0.092  0.474  0.189  0.245       23
--------------------------------------------

 Rep#:   Lambda   Alpha      F1    F2    F3    F4     D1,2  D1,3  D1,4  D2,3  D2,4  D3,4    Ln Like  Est Ln P(D)
34000:    1.00    0.069    0.255 0.038 0.013 0.159    0.046 0.042 0.064 0.008 0.029 0.026   -974773    0 
34100:    1.00    0.074    0.255 0.038 0.013 0.159    0.045 0.042 0.064 0.008 0.029 0.026   -974895    0 
34200:    1.00    0.060    0.247 0.038 0.014 0.160    0.044 0.041 0.063 0.008 0.029 0.027   -975233    0 
34300:    1.00    0.091    0.245 0.037 0.014 0.159    0.044 0.041 0.063 0.008 0.029 0.027   -975750    0 
34400:    1.00    0.099    0.248 0.037 0.013 0.162    0.045 0.042 0.064 0.008 0.029 0.026   -975121    0 
34500:    1.00    0.125    0.248 0.037 0.013 0.163    0.045 0.042 0.065 0.008 0.030 0.027   -975314    0 
34600:    1.00    0.091    0.253 0.037 0.013 0.161    0.045 0.042 0.064 0.008 0.029 0.026   -974632    0 
34700:    1.00    0.073    0.255 0.037 0.013 0.162    0.046 0.042 0.064 0.008 0.029 0.026   -975258    0 
34800:    1.00    0.052    0.258 0.037 0.013 0.162    0.046 0.043 0.066 0.008 0.030 0.027   -975102    0 
34900:    1.00    0.104    0.254 0.037 0.013 0.162    0.046 0.042 0.065 0.008 0.029 0.026   -975485    0 

--------------------------------------------
Proportion of membership of each pre-defined
 population in each of the 4 clusters

Given    Inferred Clusters              Number of
 Pop       1      2      3      4      Individuals

  1:     0.094  0.476  0.189  0.242       23
--------------------------------------------

 Rep#:   Lambda   Alpha      F1    F2    F3    F4     D1,2  D1,3  D1,4  D2,3  D2,4  D3,4    Ln Like  Est Ln P(D)
35000:    1.00    0.087    0.254 0.036 0.013 0.160    0.045 0.042 0.064 0.008 0.029 0.026   -975154    0 
35100:    1.00    0.056    0.254 0.036 0.013 0.162    0.046 0.042 0.065 0.008 0.029 0.027   -975768    0 
35200:    1.00    0.074    0.255 0.036 0.014 0.162    0.046 0.043 0.065 0.008 0.029 0.026   -975279    0 
35300:    1.00    0.102    0.253 0.037 0.014 0.163    0.045 0.042 0.065 0.008 0.029 0.027   -975794    0 
35400:    1.00    0.106    0.253 0.037 0.014 0.163    0.045 0.042 0.064 0.008 0.029 0.026   -975349    0 
35500:    1.00    0.092    0.258 0.037 0.014 0.161    0.046 0.042 0.064 0.008 0.029 0.026   -975204    0 
35600:    1.00    0.124    0.260 0.037 0.014 0.159    0.047 0.043 0.065 0.008 0.029 0.026   -975129    0 
35700:    1.00    0.081    0.257 0.037 0.014 0.158    0.046 0.043 0.065 0.008 0.029 0.026   -974793    0 
35800:    1.00    0.094    0.258 0.038 0.014 0.158    0.046 0.043 0.065 0.008 0.029 0.026   -974755    0 
35900:    1.00    0.109    0.256 0.038 0.014 0.158    0.046 0.042 0.064 0.008 0.029 0.026   -975414    0 

--------------------------------------------
Proportion of membership of each pre-defined
 population in each of the 4 clusters

Given    Inferred Clusters              Number of
 Pop       1      2      3      4      Individuals

  1:     0.093  0.473  0.192  0.242       23
--------------------------------------------

 Rep#:   Lambda   Alpha      F1    F2    F3    F4     D1,2  D1,3  D1,4  D2,3  D2,4  D3,4    Ln Like  Est Ln P(D)
36000:    1.00    0.082    0.256 0.038 0.014 0.161    0.046 0.042 0.065 0.008 0.030 0.027   -975522    0 
36100:    1.00    0.088    0.254 0.038 0.014 0.161    0.046 0.042 0.065 0.008 0.029 0.027   -975702    0 
36200:    1.00    0.113    0.257 0.038 0.014 0.162    0.046 0.043 0.066 0.008 0.029 0.027   -975373    0 
36300:    1.00    0.098    0.255 0.038 0.014 0.163    0.045 0.042 0.064 0.008 0.029 0.026   -975077    0 
36400:    1.00    0.073    0.259 0.038 0.014 0.163    0.046 0.043 0.065 0.008 0.029 0.026   -975079    0 
36500:    1.00    0.096    0.262 0.038 0.014 0.164    0.047 0.043 0.066 0.008 0.030 0.027   -974554    0 
36600:    1.00    0.068    0.261 0.038 0.014 0.166    0.046 0.043 0.066 0.008 0.030 0.027   -974858    0 
36700:    1.00    0.064    0.258 0.038 0.014 0.166    0.047 0.043 0.066 0.008 0.030 0.027   -975109    0 
36800:    1.00    0.077    0.258 0.038 0.013 0.167    0.046 0.043 0.066 0.008 0.030 0.027   -975003    0 
36900:    1.00    0.072    0.257 0.038 0.013 0.167    0.046 0.042 0.066 0.008 0.030 0.027   -975561    0 

--------------------------------------------
Proportion of membership of each pre-defined
 population in each of the 4 clusters

Given    Inferred Clusters              Number of
 Pop       1      2      3      4      Individuals

  1:     0.090  0.478  0.190  0.241       23
--------------------------------------------

 Rep#:   Lambda   Alpha      F1    F2    F3    F4     D1,2  D1,3  D1,4  D2,3  D2,4  D3,4    Ln Like  Est Ln P(D)
37000:    1.00    0.083    0.256 0.038 0.013 0.167    0.046 0.042 0.065 0.008 0.030 0.027   -975122    0 
37100:    1.00    0.092    0.256 0.038 0.013 0.163    0.046 0.042 0.065 0.008 0.030 0.027   -975323    0 
37200:    1.00    0.093    0.257 0.038 0.013 0.163    0.046 0.043 0.066 0.008 0.030 0.027   -975162    0 
37300:    1.00    0.068    0.251 0.038 0.013 0.163    0.045 0.042 0.064 0.008 0.029 0.027   -975341    0 
37400:    1.00    0.080    0.252 0.038 0.013 0.165    0.045 0.042 0.064 0.008 0.029 0.027   -974900    0 
37500:    1.00    0.071    0.254 0.038 0.013 0.164    0.046 0.042 0.064 0.008 0.030 0.027   -975172    0 
37600:    1.00    0.086    0.256 0.038 0.013 0.162    0.046 0.042 0.065 0.008 0.029 0.027   -975010    0 
37700:    1.00    0.099    0.256 0.038 0.013 0.163    0.046 0.042 0.065 0.008 0.030 0.027   -975240    0 
37800:    1.00    0.092    0.259 0.038 0.013 0.163    0.046 0.043 0.065 0.008 0.030 0.027   -975081    0 
37900:    1.00    0.072    0.261 0.038 0.013 0.163    0.047 0.043 0.065 0.008 0.030 0.027   -974823    0 

--------------------------------------------
Proportion of membership of each pre-defined
 population in each of the 4 clusters

Given    Inferred Clusters              Number of
 Pop       1      2      3      4      Individuals

  1:     0.090  0.478  0.190  0.241       23
--------------------------------------------

 Rep#:   Lambda   Alpha      F1    F2    F3    F4     D1,2  D1,3  D1,4  D2,3  D2,4  D3,4    Ln Like  Est Ln P(D)
38000:    1.00    0.111    0.262 0.038 0.013 0.165    0.047 0.043 0.066 0.008 0.030 0.027   -974497    0 
38100:    1.00    0.099    0.260 0.039 0.013 0.163    0.047 0.043 0.066 0.008 0.030 0.027   -974445    0 
38200:    1.00    0.089    0.266 0.039 0.013 0.163    0.048 0.044 0.066 0.008 0.030 0.027   -974859    0 
38300:    1.00    0.063    0.266 0.039 0.013 0.163    0.047 0.044 0.067 0.008 0.030 0.027   -974874    0 
38400:    1.00    0.092    0.263 0.038 0.013 0.163    0.047 0.044 0.066 0.008 0.030 0.027   -974971    0 
38500:    1.00    0.078    0.263 0.038 0.013 0.163    0.047 0.044 0.066 0.008 0.030 0.026   -974771    0 
38600:    1.00    0.093    0.262 0.038 0.013 0.163    0.047 0.043 0.066 0.008 0.030 0.027   -974855    0 
38700:    1.00    0.119    0.257 0.038 0.013 0.163    0.046 0.043 0.065 0.008 0.029 0.026   -975380    0 
38800:    1.00    0.073    0.254 0.039 0.013 0.163    0.046 0.042 0.064 0.008 0.030 0.027   -975001    0 
38900:    1.00    0.096    0.256 0.039 0.013 0.161    0.046 0.042 0.065 0.008 0.030 0.027   -974994    0 

--------------------------------------------
Proportion of membership of each pre-defined
 population in each of the 4 clusters

Given    Inferred Clusters              Number of
 Pop       1      2      3      4      Individuals

  1:     0.094  0.472  0.189  0.244       23
--------------------------------------------

 Rep#:   Lambda   Alpha      F1    F2    F3    F4     D1,2  D1,3  D1,4  D2,3  D2,4  D3,4    Ln Like  Est Ln P(D)
39000:    1.00    0.123    0.262 0.039 0.013 0.163    0.047 0.043 0.065 0.008 0.030 0.026   -974937    0 
39100:    1.00    0.086    0.259 0.039 0.013 0.161    0.046 0.043 0.065 0.008 0.030 0.026   -974925    0 
39200:    1.00    0.132    0.261 0.039 0.013 0.161    0.047 0.043 0.065 0.008 0.030 0.026   -974825    0 
39300:    1.00    0.124    0.258 0.039 0.013 0.165    0.046 0.043 0.066 0.008 0.030 0.027   -975168    0 
39400:    1.00    0.084    0.260 0.039 0.013 0.162    0.047 0.044 0.066 0.008 0.030 0.027   -974969    0 
39500:    1.00    0.114    0.258 0.039 0.013 0.162    0.046 0.043 0.065 0.008 0.030 0.026   -975239    0 
39600:    1.00    0.113    0.259 0.039 0.013 0.164    0.047 0.043 0.065 0.008 0.030 0.027   -974888    0 
39700:    1.00    0.077    0.260 0.040 0.013 0.164    0.047 0.043 0.066 0.008 0.030 0.027   -974710    0 
39800:    1.00    0.062    0.259 0.040 0.013 0.163    0.047 0.043 0.065 0.008 0.030 0.027   -974731    0 
39900:    1.00    0.103    0.255 0.040 0.013 0.163    0.046 0.042 0.064 0.008 0.030 0.027   -974744    0 

--------------------------------------------
Proportion of membership of each pre-defined
 population in each of the 4 clusters

Given    Inferred Clusters              Number of
 Pop       1      2      3      4      Individuals

  1:     0.092  0.472  0.192  0.244       23
--------------------------------------------

 Rep#:   Lambda   Alpha      F1    F2    F3    F4     D1,2  D1,3  D1,4  D2,3  D2,4  D3,4    Ln Like  Est Ln P(D)
40000:    1.00    0.087    0.255 0.040 0.013 0.163    0.045 0.042 0.064 0.008 0.031 0.027   -975087    0 
40100:    1.00    0.114    0.253 0.040 0.013 0.163    0.045 0.041 0.064 0.008 0.030 0.027   -974819    0 
40200:    1.00    0.099    0.252 0.040 0.013 0.162    0.046 0.042 0.064 0.008 0.030 0.027   -974552    0 
40300:    1.00    0.087    0.253 0.040 0.013 0.161    0.046 0.042 0.065 0.008 0.030 0.026   -974787    0 
40400:    1.00    0.076    0.252 0.040 0.013 0.164    0.046 0.042 0.064 0.008 0.030 0.026   -975326    0 
40500:    1.00    0.050    0.252 0.040 0.013 0.161    0.046 0.042 0.064 0.008 0.030 0.026   -975250    0 
40600:    1.00    0.118    0.255 0.040 0.013 0.161    0.047 0.042 0.065 0.008 0.030 0.027   -974963    0 
40700:    1.00    0.056    0.258 0.040 0.013 0.159    0.046 0.042 0.064 0.008 0.029 0.026   -974613    0 
40800:    1.00    0.062    0.263 0.040 0.013 0.157    0.048 0.044 0.066 0.008 0.029 0.026   -975071    0 
40900:    1.00    0.116    0.263 0.040 0.013 0.155    0.047 0.044 0.065 0.008 0.029 0.025   -974902    0 

--------------------------------------------
Proportion of membership of each pre-defined
 population in each of the 4 clusters

Given    Inferred Clusters              Number of
 Pop       1      2      3      4      Individuals

  1:     0.091  0.469  0.190  0.250       23
--------------------------------------------

 Rep#:   Lambda   Alpha      F1    F2    F3    F4     D1,2  D1,3  D1,4  D2,3  D2,4  D3,4    Ln Like  Est Ln P(D)
41000:    1.00    0.074    0.263 0.040 0.013 0.157    0.047 0.043 0.064 0.008 0.029 0.026   -974897    0 
41100:    1.00    0.120    0.262 0.040 0.013 0.157    0.048 0.044 0.065 0.008 0.029 0.026   -974522    0 
41200:    1.00    0.070    0.262 0.040 0.014 0.156    0.047 0.043 0.064 0.008 0.029 0.026   -975041    0 
41300:    1.00    0.080    0.262 0.040 0.014 0.155    0.047 0.043 0.064 0.008 0.029 0.026   -974936    0 
41400:    1.00    0.093    0.265 0.040 0.014 0.155    0.048 0.044 0.065 0.008 0.029 0.026   -974900    0 
41500:    1.00    0.074    0.265 0.040 0.014 0.155    0.048 0.044 0.066 0.008 0.029 0.026   -974922    0 
41600:    1.00    0.092    0.264 0.040 0.014 0.157    0.048 0.044 0.066 0.008 0.029 0.026   -974652    0 
41700:    1.00    0.085    0.262 0.040 0.014 0.157    0.048 0.044 0.065 0.008 0.029 0.026   -975108    0 
41800:    1.00    0.081    0.262 0.039 0.014 0.156    0.047 0.043 0.065 0.008 0.029 0.026   -975094    0 
41900:    1.00    0.076    0.264 0.039 0.014 0.159    0.047 0.044 0.066 0.008 0.029 0.026   -974684    0 

--------------------------------------------
Proportion of membership of each pre-defined
 population in each of the 4 clusters

Given    Inferred Clusters              Number of
 Pop       1      2      3      4      Individuals

  1:     0.092  0.472  0.194  0.243       23
--------------------------------------------

 Rep#:   Lambda   Alpha      F1    F2    F3    F4     D1,2  D1,3  D1,4  D2,3  D2,4  D3,4    Ln Like  Est Ln P(D)
42000:    1.00    0.074    0.267 0.039 0.014 0.160    0.048 0.044 0.066 0.008 0.029 0.026   -974856    0 
42100:    1.00    0.078    0.264 0.039 0.014 0.162    0.047 0.044 0.066 0.008 0.029 0.026   -974511    0 
42200:    1.00    0.053    0.265 0.040 0.014 0.162    0.048 0.044 0.067 0.008 0.030 0.027   -974208    0 
42300:    1.00    0.086    0.265 0.040 0.014 0.162    0.048 0.044 0.066 0.008 0.030 0.026   -974307    0 
42400:    1.00    0.083    0.268 0.040 0.014 0.162    0.048 0.044 0.067 0.008 0.029 0.026   -974967    0 
42500:    1.00    0.073    0.265 0.040 0.014 0.162    0.048 0.044 0.067 0.008 0.030 0.027   -974956    0 
42600:    1.00    0.095    0.267 0.040 0.014 0.161    0.048 0.044 0.066 0.008 0.030 0.026   -975118    0 
42700:    1.00    0.107    0.268 0.040 0.013 0.161    0.048 0.044 0.066 0.008 0.030 0.026   -975118    0 
42800:    1.00    0.108    0.268 0.040 0.013 0.161    0.048 0.045 0.066 0.008 0.030 0.026   -975339    0 
42900:    1.00    0.105    0.267 0.040 0.013 0.162    0.048 0.044 0.067 0.008 0.030 0.027   -974969    0 

--------------------------------------------
Proportion of membership of each pre-defined
 population in each of the 4 clusters

Given    Inferred Clusters              Number of
 Pop       1      2      3      4      Individuals

  1:     0.089  0.477  0.192  0.242       23
--------------------------------------------

 Rep#:   Lambda   Alpha      F1    F2    F3    F4     D1,2  D1,3  D1,4  D2,3  D2,4  D3,4    Ln Like  Est Ln P(D)
43000:    1.00    0.111    0.265 0.040 0.013 0.162    0.047 0.044 0.067 0.008 0.029 0.026   -975720    0 
43100:    1.00    0.115    0.266 0.039 0.013 0.162    0.047 0.044 0.066 0.008 0.030 0.027   -975277    0 
43200:    1.00    0.065    0.265 0.038 0.013 0.163    0.048 0.044 0.067 0.008 0.030 0.027   -975124    0 
43300:    1.00    0.085    0.266 0.038 0.014 0.163    0.049 0.045 0.068 0.008 0.030 0.026   -975556    0 
43400:    1.00    0.094    0.264 0.038 0.014 0.163    0.048 0.044 0.066 0.008 0.029 0.026   -975185    0 
43500:    1.00    0.078    0.265 0.038 0.014 0.163    0.047 0.044 0.066 0.008 0.030 0.027   -975359    0 
43600:    1.00    0.062    0.263 0.038 0.014 0.163    0.047 0.043 0.065 0.008 0.030 0.027   -975592    0 
43700:    1.00    0.066    0.263 0.038 0.014 0.163    0.047 0.043 0.066 0.008 0.030 0.027   -974867    0 
43800:    1.00    0.084    0.261 0.039 0.014 0.162    0.047 0.043 0.065 0.008 0.029 0.026   -974725    0 
43900:    1.00    0.057    0.260 0.039 0.014 0.160    0.047 0.043 0.066 0.008 0.030 0.027   -975489    0 

--------------------------------------------
Proportion of membership of each pre-defined
 population in each of the 4 clusters

Given    Inferred Clusters              Number of
 Pop       1      2      3      4      Individuals

  1:     0.090  0.476  0.194  0.240       23
--------------------------------------------

 Rep#:   Lambda   Alpha      F1    F2    F3    F4     D1,2  D1,3  D1,4  D2,3  D2,4  D3,4    Ln Like  Est Ln P(D)
44000:    1.00    0.087    0.261 0.039 0.014 0.162    0.047 0.043 0.066 0.008 0.030 0.027   -975177    0 
44100:    1.00    0.108    0.257 0.039 0.014 0.162    0.047 0.043 0.065 0.008 0.030 0.027   -975270    0 
44200:    1.00    0.047    0.259 0.039 0.014 0.162    0.046 0.043 0.065 0.008 0.029 0.027   -975119    0 
44300:    1.00    0.069    0.261 0.039 0.014 0.162    0.047 0.043 0.065 0.008 0.029 0.026   -975198    0 
44400:    1.00    0.085    0.259 0.039 0.014 0.163    0.047 0.043 0.065 0.008 0.030 0.026   -975115    0 
44500:    1.00    0.091    0.259 0.039 0.014 0.163    0.046 0.043 0.065 0.008 0.030 0.027   -975341    0 
44600:    1.00    0.096    0.258 0.039 0.014 0.163    0.047 0.043 0.065 0.008 0.030 0.027   -975648    0 
44700:    1.00    0.095    0.259 0.039 0.014 0.163    0.047 0.043 0.066 0.008 0.030 0.027   -974871    0 
44800:    1.00    0.107    0.261 0.039 0.014 0.162    0.047 0.043 0.066 0.008 0.030 0.027   -974899    0 
44900:    1.00    0.081    0.260 0.039 0.014 0.161    0.047 0.043 0.066 0.008 0.029 0.026   -974942    0 

--------------------------------------------
Proportion of membership of each pre-defined
 population in each of the 4 clusters

Given    Inferred Clusters              Number of
 Pop       1      2      3      4      Individuals

  1:     0.090  0.482  0.191  0.237       23
--------------------------------------------

 Rep#:   Lambda   Alpha      F1    F2    F3    F4     D1,2  D1,3  D1,4  D2,3  D2,4  D3,4    Ln Like  Est Ln P(D)
45000:    1.00    0.088    0.264 0.040 0.014 0.162    0.047 0.044 0.066 0.008 0.029 0.026   -975184    0 
45100:    1.00    0.108    0.265 0.040 0.014 0.162    0.048 0.044 0.066 0.008 0.030 0.027   -974915    0 
45200:    1.00    0.084    0.269 0.040 0.014 0.164    0.048 0.044 0.067 0.008 0.030 0.027   -975245    0 
45300:    1.00    0.119    0.267 0.040 0.014 0.163    0.048 0.044 0.067 0.008 0.030 0.027   -974860    0 
45400:    1.00    0.106    0.266 0.040 0.014 0.161    0.048 0.044 0.066 0.008 0.029 0.026   -975452    0 
45500:    1.00    0.090    0.266 0.040 0.014 0.161    0.048 0.044 0.066 0.008 0.030 0.027   -975601    0 
45600:    1.00    0.062    0.264 0.040 0.014 0.161    0.048 0.044 0.066 0.008 0.030 0.027   -974808    0 
45700:    1.00    0.100    0.261 0.040 0.014 0.161    0.047 0.043 0.066 0.008 0.030 0.026   -974890    0 
45800:    1.00    0.093    0.264 0.040 0.014 0.159    0.048 0.044 0.066 0.008 0.029 0.026   -974857    0 
45900:    1.00    0.112    0.266 0.040 0.014 0.157    0.048 0.044 0.066 0.008 0.029 0.026   -975444    0 

--------------------------------------------
Proportion of membership of each pre-defined
 population in each of the 4 clusters

Given    Inferred Clusters              Number of
 Pop       1      2      3      4      Individuals

  1:     0.090  0.475  0.188  0.246       23
--------------------------------------------

 Rep#:   Lambda   Alpha      F1    F2    F3    F4     D1,2  D1,3  D1,4  D2,3  D2,4  D3,4    Ln Like  Est Ln P(D)
46000:    1.00    0.095    0.273 0.039 0.014 0.157    0.049 0.045 0.067 0.008 0.029 0.026   -975357    0 
46100:    1.00    0.132    0.273 0.039 0.014 0.160    0.050 0.046 0.068 0.008 0.029 0.026   -974904    0 
46200:    1.00    0.121    0.269 0.039 0.014 0.160    0.048 0.044 0.066 0.008 0.029 0.026   -975502    0 
46300:    1.00    0.108    0.269 0.040 0.014 0.157    0.048 0.045 0.066 0.008 0.029 0.026   -975285    0 
46400:    1.00    0.116    0.268 0.040 0.014 0.157    0.048 0.044 0.065 0.008 0.029 0.026   -975296    0 
46500:    1.00    0.125    0.267 0.040 0.014 0.157    0.048 0.044 0.066 0.008 0.029 0.026   -975202    0 
46600:    1.00    0.084    0.263 0.039 0.014 0.154    0.047 0.043 0.065 0.008 0.029 0.026   -975123    0 
46700:    1.00    0.109    0.265 0.039 0.014 0.156    0.047 0.044 0.065 0.008 0.029 0.026   -974507    0 
46800:    1.00    0.115    0.265 0.039 0.014 0.156    0.047 0.044 0.066 0.008 0.029 0.026   -975247    0 
46900:    1.00    0.096    0.265 0.039 0.014 0.157    0.048 0.044 0.066 0.008 0.029 0.026   -975065    0 

--------------------------------------------
Proportion of membership of each pre-defined
 population in each of the 4 clusters

Given    Inferred Clusters              Number of
 Pop       1      2      3      4      Individuals

  1:     0.090  0.471  0.194  0.245       23
--------------------------------------------

 Rep#:   Lambda   Alpha      F1    F2    F3    F4     D1,2  D1,3  D1,4  D2,3  D2,4  D3,4    Ln Like  Est Ln P(D)
47000:    1.00    0.090    0.266 0.039 0.014 0.157    0.048 0.044 0.065 0.008 0.029 0.026   -974916    0 
47100:    1.00    0.049    0.262 0.039 0.014 0.158    0.047 0.043 0.066 0.008 0.029 0.026   -975102    0 
47200:    1.00    0.063    0.259 0.040 0.014 0.158    0.047 0.043 0.065 0.008 0.029 0.026   -974742    0 
47300:    1.00    0.093    0.259 0.040 0.014 0.156    0.046 0.043 0.064 0.008 0.029 0.025   -975169    0 
47400:    1.00    0.112    0.260 0.040 0.014 0.160    0.047 0.043 0.066 0.008 0.030 0.026   -975046    0 
47500:    1.00    0.070    0.260 0.040 0.014 0.160    0.047 0.043 0.066 0.008 0.029 0.026   -974855    0 
47600:    1.00    0.070    0.262 0.040 0.014 0.159    0.047 0.043 0.065 0.008 0.029 0.026   -975408    0 
47700:    1.00    0.071    0.266 0.040 0.014 0.159    0.048 0.044 0.066 0.008 0.029 0.027   -975527    0 
47800:    1.00    0.084    0.268 0.040 0.014 0.160    0.048 0.045 0.066 0.008 0.029 0.026   -974981    0 
47900:    1.00    0.081    0.271 0.040 0.014 0.162    0.048 0.045 0.067 0.008 0.030 0.027   -975181    0 

--------------------------------------------
Proportion of membership of each pre-defined
 population in each of the 4 clusters

Given    Inferred Clusters              Number of
 Pop       1      2      3      4      Individuals

  1:     0.087  0.475  0.197  0.240       23
--------------------------------------------

 Rep#:   Lambda   Alpha      F1    F2    F3    F4     D1,2  D1,3  D1,4  D2,3  D2,4  D3,4    Ln Like  Est Ln P(D)
48000:    1.00    0.084    0.277 0.040 0.014 0.161    0.049 0.045 0.068 0.008 0.030 0.027   -975376    0 
48100:    1.00    0.095    0.277 0.040 0.014 0.161    0.049 0.046 0.068 0.008 0.030 0.027   -975547    0 
48200:    1.00    0.103    0.278 0.039 0.014 0.160    0.050 0.046 0.068 0.008 0.029 0.026   -975297    0 
48300:    1.00    0.091    0.279 0.039 0.014 0.161    0.050 0.046 0.068 0.008 0.029 0.026   -975136    0 
48400:    1.00    0.094    0.280 0.039 0.014 0.163    0.050 0.046 0.069 0.008 0.030 0.027   -975044    0 
48500:    1.00    0.078    0.280 0.039 0.014 0.163    0.050 0.046 0.070 0.008 0.030 0.027   -974992    0 
48600:    1.00    0.108    0.280 0.040 0.014 0.161    0.050 0.046 0.069 0.008 0.030 0.026   -974969    0 
48700:    1.00    0.090    0.277 0.041 0.014 0.161    0.049 0.046 0.068 0.008 0.030 0.027   -975008    0 
48800:    1.00    0.075    0.278 0.041 0.014 0.161    0.050 0.046 0.068 0.008 0.030 0.026   -975075    0 
48900:    1.00    0.110    0.278 0.040 0.014 0.159    0.050 0.046 0.068 0.008 0.030 0.026   -974500    0 

--------------------------------------------
Proportion of membership of each pre-defined
 population in each of the 4 clusters

Given    Inferred Clusters              Number of
 Pop       1      2      3      4      Individuals

  1:     0.087  0.474  0.196  0.243       23
--------------------------------------------

 Rep#:   Lambda   Alpha      F1    F2    F3    F4     D1,2  D1,3  D1,4  D2,3  D2,4  D3,4    Ln Like  Est Ln P(D)
49000:    1.00    0.091    0.281 0.040 0.014 0.160    0.050 0.046 0.068 0.008 0.030 0.026   -974887    0 
49100:    1.00    0.079    0.279 0.040 0.014 0.160    0.049 0.046 0.069 0.008 0.029 0.026   -975037    0 
49200:    1.00    0.082    0.283 0.040 0.014 0.162    0.050 0.046 0.069 0.008 0.030 0.027   -974804    0 
49300:    1.00    0.059    0.281 0.040 0.014 0.160    0.050 0.046 0.069 0.008 0.030 0.027   -974731    0 
49400:    1.00    0.073    0.283 0.039 0.014 0.160    0.051 0.047 0.069 0.008 0.029 0.027   -975191    0 
49500:    1.00    0.105    0.286 0.039 0.014 0.161    0.051 0.047 0.069 0.008 0.030 0.027   -975361    0 
49600:    1.00    0.068    0.283 0.039 0.014 0.162    0.050 0.047 0.069 0.008 0.030 0.027   -975589    0 
49700:    1.00    0.066    0.287 0.039 0.014 0.162    0.051 0.048 0.070 0.008 0.030 0.027   -975440    0 
49800:    1.00    0.076    0.286 0.039 0.014 0.160    0.051 0.047 0.069 0.008 0.029 0.026   -975288    0 
49900:    1.00    0.075    0.286 0.039 0.014 0.160    0.052 0.048 0.070 0.008 0.029 0.026   -975496    0 

--------------------------------------------
Proportion of membership of each pre-defined
 population in each of the 4 clusters

Given    Inferred Clusters              Number of
 Pop       1      2      3      4      Individuals

  1:     0.085  0.475  0.198  0.242       23
--------------------------------------------

 Rep#:   Lambda   Alpha      F1    F2    F3    F4     D1,2  D1,3  D1,4  D2,3  D2,4  D3,4    Ln Like  Est Ln P(D)
50000:    1.00    0.100    0.288 0.039 0.014 0.160    0.052 0.048 0.070 0.008 0.029 0.026   -975758    0 
50100:    1.00    0.090    0.286 0.039 0.014 0.159    0.051 0.047 0.069 0.008 0.029 0.026   -975429    0 
50200:    1.00    0.092    0.291 0.039 0.014 0.159    0.052 0.048 0.070 0.008 0.029 0.026   -975712    0 
50300:    1.00    0.092    0.292 0.039 0.015 0.159    0.052 0.048 0.070 0.008 0.029 0.026   -975536    0 
50400:    1.00    0.085    0.292 0.039 0.015 0.161    0.051 0.048 0.070 0.008 0.030 0.026   -975894    0 
50500:    1.00    0.082    0.291 0.039 0.015 0.158    0.052 0.048 0.070 0.008 0.029 0.026   -975096    0 
50600:    1.00    0.135    0.291 0.039 0.015 0.158    0.052 0.048 0.070 0.008 0.029 0.026   -975369    0 
50700:    1.00    0.080    0.290 0.040 0.015 0.158    0.052 0.048 0.070 0.008 0.029 0.026   -974529    0 
50800:    1.00    0.094    0.292 0.040 0.015 0.158    0.051 0.048 0.069 0.008 0.029 0.026   -974754    0 
50900:    1.00    0.075    0.294 0.040 0.015 0.158    0.052 0.048 0.070 0.008 0.029 0.026   -975111    0 

--------------------------------------------
Proportion of membership of each pre-defined
 population in each of the 4 clusters

Given    Inferred Clusters              Number of
 Pop       1      2      3      4      Individuals

  1:     0.084  0.473  0.199  0.244       23
--------------------------------------------

 Rep#:   Lambda   Alpha      F1    F2    F3    F4     D1,2  D1,3  D1,4  D2,3  D2,4  D3,4    Ln Like  Est Ln P(D)
51000:    1.00    0.072    0.294 0.040 0.015 0.158    0.052 0.049 0.070 0.008 0.029 0.026   -975497    0 
51100:    1.00    0.078    0.300 0.040 0.015 0.158    0.054 0.050 0.072 0.008 0.029 0.026   -975905    0 
51200:    1.00    0.057    0.299 0.040 0.015 0.159    0.053 0.049 0.071 0.008 0.029 0.026   -975712    0 
51300:    1.00    0.059    0.300 0.040 0.015 0.158    0.053 0.050 0.072 0.008 0.029 0.026   -975043    0 
51400:    1.00    0.076    0.297 0.040 0.015 0.158    0.052 0.049 0.071 0.008 0.029 0.026   -975512    0 
51500:    1.00    0.125    0.303 0.040 0.015 0.158    0.054 0.050 0.071 0.008 0.029 0.026   -975174    0 
51600:    1.00    0.096    0.307 0.039 0.015 0.157    0.054 0.051 0.072 0.008 0.029 0.026   -975539    0 
51700:    1.00    0.099    0.308 0.039 0.015 0.160    0.054 0.050 0.073 0.008 0.030 0.027   -975457    0 
51800:    1.00    0.077    0.301 0.039 0.015 0.161    0.053 0.049 0.072 0.008 0.030 0.027   -975343    0 
51900:    1.00    0.067    0.304 0.040 0.015 0.161    0.053 0.050 0.073 0.008 0.030 0.027   -975152    0 

--------------------------------------------
Proportion of membership of each pre-defined
 population in each of the 4 clusters

Given    Inferred Clusters              Number of
 Pop       1      2      3      4      Individuals

  1:     0.080  0.475  0.201  0.244       23
--------------------------------------------

 Rep#:   Lambda   Alpha      F1    F2    F3    F4     D1,2  D1,3  D1,4  D2,3  D2,4  D3,4    Ln Like  Est Ln P(D)
52000:    1.00    0.079    0.304 0.040 0.015 0.161    0.054 0.050 0.072 0.008 0.029 0.026   -975366    0 
52100:    1.00    0.107    0.304 0.040 0.015 0.162    0.054 0.050 0.072 0.008 0.030 0.027   -975023    0 
52200:    1.00    0.066    0.304 0.040 0.015 0.160    0.054 0.050 0.073 0.008 0.030 0.026   -975278    0 
52300:    1.00    0.039    0.306 0.040 0.015 0.161    0.054 0.050 0.073 0.008 0.030 0.026   -974876    0 
52400:    1.00    0.070    0.306 0.040 0.015 0.162    0.054 0.050 0.072 0.008 0.030 0.027   -975236    0 
52500:    1.00    0.101    0.304 0.040 0.015 0.160    0.055 0.051 0.072 0.008 0.029 0.026   -975208    0 
52600:    1.00    0.100    0.305 0.040 0.015 0.158    0.054 0.050 0.072 0.008 0.029 0.026   -975639    0 
52700:    1.00    0.078    0.313 0.041 0.015 0.157    0.055 0.052 0.074 0.009 0.030 0.026   -975499    0 
52800:    1.00    0.069    0.317 0.041 0.015 0.158    0.056 0.053 0.074 0.009 0.029 0.026   -975838    0 
52900:    1.00    0.062    0.318 0.041 0.015 0.156    0.056 0.053 0.074 0.008 0.029 0.026   -975333    0 

--------------------------------------------
Proportion of membership of each pre-defined
 population in each of the 4 clusters

Given    Inferred Clusters              Number of
 Pop       1      2      3      4      Individuals

  1:     0.079  0.479  0.203  0.238       23
--------------------------------------------

 Rep#:   Lambda   Alpha      F1    F2    F3    F4     D1,2  D1,3  D1,4  D2,3  D2,4  D3,4    Ln Like  Est Ln P(D)
53000:    1.00    0.088    0.315 0.041 0.015 0.156    0.056 0.052 0.074 0.009 0.029 0.026   -975420    0 
53100:    1.00    0.057    0.314 0.040 0.015 0.156    0.056 0.052 0.073 0.008 0.029 0.026   -975330    0 
53200:    1.00    0.076    0.313 0.040 0.015 0.159    0.055 0.052 0.073 0.008 0.029 0.026   -974914    0 
53300:    1.00    0.093    0.306 0.040 0.015 0.159    0.054 0.050 0.072 0.008 0.030 0.026   -974954    0 
53400:    1.00    0.115    0.311 0.040 0.015 0.159    0.055 0.051 0.072 0.008 0.029 0.026   -975432    0 
53500:    1.00    0.069    0.312 0.040 0.015 0.158    0.056 0.052 0.073 0.008 0.029 0.026   -974755    0 
53600:    1.00    0.089    0.316 0.040 0.015 0.161    0.056 0.052 0.074 0.008 0.030 0.027   -975153    0 
53700:    1.00    0.090    0.316 0.040 0.015 0.164    0.056 0.052 0.075 0.008 0.030 0.027   -975524    0 
53800:    1.00    0.094    0.316 0.040 0.015 0.162    0.056 0.052 0.074 0.008 0.030 0.027   -975352    0 
53900:    1.00    0.166    0.317 0.040 0.015 0.164    0.056 0.052 0.075 0.008 0.030 0.027   -975394    0 

--------------------------------------------
Proportion of membership of each pre-defined
 population in each of the 4 clusters

Given    Inferred Clusters              Number of
 Pop       1      2      3      4      Individuals

  1:     0.078  0.480  0.203  0.239       23
--------------------------------------------

 Rep#:   Lambda   Alpha      F1    F2    F3    F4     D1,2  D1,3  D1,4  D2,3  D2,4  D3,4    Ln Like  Est Ln P(D)
54000:    1.00    0.096    0.316 0.040 0.015 0.164    0.056 0.052 0.075 0.009 0.030 0.027   -976102    0 
54100:    1.00    0.084    0.316 0.040 0.015 0.163    0.056 0.053 0.075 0.008 0.030 0.027   -975378    0 
54200:    1.00    0.061    0.315 0.041 0.015 0.167    0.056 0.052 0.075 0.009 0.030 0.027   -975327    0 
54300:    1.00    0.066    0.323 0.041 0.015 0.167    0.057 0.053 0.077 0.009 0.031 0.028   -975538    0 
54400:    1.00    0.101    0.324 0.041 0.015 0.167    0.057 0.053 0.076 0.009 0.031 0.028   -975044    0 
54500:    1.00    0.086    0.321 0.040 0.015 0.165    0.057 0.053 0.075 0.008 0.031 0.028   -975366    0 
54600:    1.00    0.073    0.323 0.040 0.015 0.165    0.057 0.053 0.076 0.008 0.030 0.027   -975775    0 
54700:    1.00    0.096    0.327 0.039 0.015 0.165    0.058 0.054 0.077 0.008 0.030 0.028   -975158    0 
54800:    1.00    0.079    0.326 0.039 0.015 0.166    0.058 0.054 0.077 0.008 0.030 0.027   -975721    0 
54900:    1.00    0.061    0.329 0.039 0.015 0.165    0.058 0.054 0.077 0.008 0.031 0.028   -975404    0 

--------------------------------------------
Proportion of membership of each pre-defined
 population in each of the 4 clusters

Given    Inferred Clusters              Number of
 Pop       1      2      3      4      Individuals

  1:     0.079  0.484  0.198  0.239       23
--------------------------------------------

 Rep#:   Lambda   Alpha      F1    F2    F3    F4     D1,2  D1,3  D1,4  D2,3  D2,4  D3,4    Ln Like  Est Ln P(D)
55000:    1.00    0.054    0.327 0.039 0.015 0.163    0.057 0.054 0.076 0.008 0.030 0.027   -975674    0 
55100:    1.00    0.049    0.329 0.039 0.015 0.163    0.058 0.054 0.077 0.008 0.030 0.027   -975098    0 
55200:    1.00    0.072    0.328 0.039 0.015 0.164    0.058 0.054 0.077 0.008 0.030 0.027   -975905    0 
55300:    1.00    0.066    0.329 0.040 0.015 0.164    0.058 0.054 0.077 0.008 0.030 0.027   -975242    0 
55400:    1.00    0.066    0.328 0.040 0.015 0.164    0.057 0.054 0.076 0.008 0.030 0.027   -974811    0 
55500:    1.00    0.089    0.329 0.040 0.015 0.165    0.057 0.054 0.076 0.008 0.030 0.027   -975295    0 
55600:    1.00    0.102    0.327 0.040 0.015 0.165    0.057 0.053 0.076 0.008 0.030 0.027   -975294    0 
55700:    1.00    0.090    0.328 0.040 0.015 0.165    0.058 0.054 0.077 0.008 0.030 0.027   -975259    0 
55800:    1.00    0.074    0.329 0.040 0.015 0.165    0.058 0.054 0.077 0.008 0.030 0.027   -975445    0 
55900:    1.00    0.066    0.329 0.040 0.015 0.166    0.058 0.054 0.077 0.008 0.030 0.027   -975622    0 

--------------------------------------------
Proportion of membership of each pre-defined
 population in each of the 4 clusters

Given    Inferred Clusters              Number of
 Pop       1      2      3      4      Individuals

  1:     0.079  0.489  0.196  0.236       23
--------------------------------------------

 Rep#:   Lambda   Alpha      F1    F2    F3    F4     D1,2  D1,3  D1,4  D2,3  D2,4  D3,4    Ln Like  Est Ln P(D)
56000:    1.00    0.092    0.329 0.040 0.015 0.166    0.058 0.054 0.077 0.008 0.031 0.028   -975648    0 
56100:    1.00    0.084    0.331 0.040 0.015 0.166    0.058 0.055 0.077 0.008 0.030 0.028   -975522    0 
56200:    1.00    0.090    0.333 0.040 0.015 0.166    0.058 0.054 0.077 0.008 0.031 0.028   -975998    0 
56300:    1.00    0.098    0.329 0.040 0.015 0.166    0.057 0.054 0.077 0.008 0.030 0.027   -975222    0 
56400:    1.00    0.114    0.332 0.040 0.015 0.167    0.058 0.054 0.077 0.008 0.031 0.028   -975562    0 
56500:    1.00    0.090    0.330 0.040 0.015 0.166    0.058 0.054 0.077 0.008 0.031 0.027   -975507    0 
56600:    1.00    0.094    0.336 0.040 0.015 0.167    0.059 0.056 0.079 0.008 0.031 0.028   -975745    0 
56700:    1.00    0.083    0.336 0.040 0.015 0.168    0.060 0.056 0.079 0.008 0.030 0.027   -975453    0 
56800:    1.00    0.081    0.337 0.040 0.015 0.166    0.059 0.055 0.079 0.008 0.030 0.028   -975846    0 
56900:    1.00    0.079    0.336 0.040 0.015 0.165    0.059 0.055 0.078 0.008 0.030 0.027   -975548    0 

--------------------------------------------
Proportion of membership of each pre-defined
 population in each of the 4 clusters

Given    Inferred Clusters              Number of
 Pop       1      2      3      4      Individuals

  1:     0.078  0.483  0.200  0.239       23
--------------------------------------------

 Rep#:   Lambda   Alpha      F1    F2    F3    F4     D1,2  D1,3  D1,4  D2,3  D2,4  D3,4    Ln Like  Est Ln P(D)
57000:    1.00    0.086    0.336 0.040 0.015 0.168    0.059 0.056 0.078 0.008 0.030 0.027   -975579    0 
57100:    1.00    0.051    0.335 0.040 0.015 0.167    0.059 0.055 0.077 0.008 0.030 0.027   -975537    0 
57200:    1.00    0.072    0.334 0.040 0.015 0.167    0.059 0.055 0.078 0.008 0.031 0.028   -975315    0 
57300:    1.00    0.088    0.332 0.040 0.016 0.166    0.059 0.055 0.077 0.008 0.030 0.027   -975397    0 
57400:    1.00    0.088    0.333 0.040 0.016 0.163    0.058 0.055 0.077 0.008 0.030 0.027   -975587    0 
57500:    1.00    0.096    0.333 0.040 0.016 0.163    0.058 0.055 0.077 0.008 0.030 0.027   -974803    0 
57600:    1.00    0.094    0.332 0.040 0.016 0.160    0.058 0.054 0.076 0.008 0.030 0.027   -975958    0 
57700:    1.00    0.075    0.333 0.040 0.016 0.163    0.059 0.055 0.077 0.009 0.030 0.027   -975295    0 
57800:    1.00    0.060    0.334 0.040 0.016 0.163    0.059 0.055 0.078 0.008 0.030 0.027   -975295    0 
57900:    1.00    0.037    0.334 0.039 0.016 0.167    0.059 0.056 0.079 0.008 0.031 0.028   -974910    0 

--------------------------------------------
Proportion of membership of each pre-defined
 population in each of the 4 clusters

Given    Inferred Clusters              Number of
 Pop       1      2      3      4      Individuals

  1:     0.077  0.489  0.196  0.237       23
--------------------------------------------

 Rep#:   Lambda   Alpha      F1    F2    F3    F4     D1,2  D1,3  D1,4  D2,3  D2,4  D3,4    Ln Like  Est Ln P(D)
58000:    1.00    0.055    0.334 0.039 0.016 0.167    0.058 0.055 0.078 0.008 0.031 0.028   -975687    0 
58100:    1.00    0.061    0.336 0.039 0.016 0.168    0.058 0.055 0.078 0.008 0.030 0.027   -974917    0 
58200:    1.00    0.059    0.337 0.039 0.016 0.167    0.059 0.056 0.079 0.008 0.030 0.027   -975114    0 
58300:    1.00    0.063    0.332 0.039 0.015 0.166    0.058 0.054 0.077 0.008 0.030 0.027   -975833    0 
58400:    1.00    0.036    0.334 0.040 0.015 0.166    0.058 0.055 0.078 0.009 0.030 0.027   -975316    0 
58500:    1.00    0.072    0.336 0.040 0.015 0.164    0.059 0.055 0.078 0.008 0.030 0.027   -975511    0 
58600:    1.00    0.077    0.339 0.040 0.015 0.165    0.061 0.057 0.080 0.008 0.030 0.027   -975147    0 
58700:    1.00    0.065    0.345 0.040 0.015 0.163    0.061 0.057 0.080 0.008 0.030 0.027   -975542    0 
58800:    1.00    0.083    0.345 0.040 0.015 0.165    0.061 0.057 0.079 0.009 0.030 0.027   -975458    0 
58900:    1.00    0.066    0.347 0.040 0.015 0.164    0.061 0.057 0.079 0.008 0.030 0.027   -975473    0 

--------------------------------------------
Proportion of membership of each pre-defined
 population in each of the 4 clusters

Given    Inferred Clusters              Number of
 Pop       1      2      3      4      Individuals

  1:     0.076  0.489  0.196  0.238       23
--------------------------------------------

 Rep#:   Lambda   Alpha      F1    F2    F3    F4     D1,2  D1,3  D1,4  D2,3  D2,4  D3,4    Ln Like  Est Ln P(D)
59000:    1.00    0.050    0.345 0.040 0.015 0.164    0.061 0.057 0.080 0.008 0.030 0.027   -975646    0 
59100:    1.00    0.059    0.346 0.040 0.015 0.164    0.061 0.057 0.080 0.008 0.030 0.027   -975420    0 
59200:    1.00    0.053    0.346 0.041 0.015 0.164    0.061 0.057 0.080 0.009 0.030 0.027   -974953    0 
59300:    1.00    0.054    0.349 0.041 0.015 0.163    0.060 0.057 0.079 0.008 0.030 0.027   -976191    0 
59400:    1.00    0.062    0.348 0.041 0.015 0.165    0.061 0.057 0.081 0.009 0.030 0.027   -974897    0 
59500:    1.00    0.069    0.348 0.041 0.015 0.166    0.061 0.057 0.080 0.008 0.031 0.027   -975105    0 
59600:    1.00    0.076    0.347 0.041 0.015 0.166    0.061 0.057 0.080 0.009 0.031 0.028   -975574    0 
59700:    1.00    0.053    0.345 0.041 0.015 0.167    0.060 0.056 0.079 0.009 0.031 0.028   -975544    0 
59800:    1.00    0.087    0.342 0.041 0.015 0.167    0.060 0.056 0.079 0.009 0.031 0.028   -975330    0 
59900:    1.00    0.070    0.342 0.040 0.016 0.167    0.060 0.057 0.080 0.008 0.030 0.028   -975613    0 
60000:    1.00    0.046    0.340 0.040 0.016 0.165    0.059 0.056 0.078 0.009 0.030 0.027   -974998    0 

MCMC completed

Inferred ancestry of individuals:
        Label (%Miss) Pop:  Inferred clusters
  1 18160D-09-0    (2)    1 :  0.000 0.579 0.330 0.091 
  2 18160D-09-0    (4)    1 :  0.000 0.884 0.000 0.115 
  3 18160D-09-0    (2)    1 :  0.000 0.238 0.052 0.710 
  4 18160D-09-0    (5)    1 :  0.000 0.002 0.000 0.997 
  5 18160D-09-0    (4)    1 :  0.000 0.157 0.000 0.843 
  6 18160D-09-0    (4)    1 :  0.000 0.082 0.020 0.897 
  7 18160D-09-0    (2)    1 :  0.000 0.033 0.003 0.964 
  8 18160D-09-0    (4)    1 :  0.000 0.901 0.008 0.090 
  9 18160D-09-0    (2)    1 :  0.033 0.000 0.967 0.000 
 10 18160D-09-1    (2)    1 :  0.971 0.000 0.029 0.000 
 11 18160D-09-1    (2)    1 :  0.188 0.000 0.811 0.000 
 12 18160D-09-1    (2)    1 :  0.043 0.010 0.946 0.000 
 13 18160D-09-1    (5)    1 :  0.000 0.870 0.003 0.127 
 14 18160D-09-1   (18)    1 :  0.000 0.878 0.001 0.120 
 15 18160D-09-1    (4)    1 :  0.000 0.956 0.001 0.042 
 16 18160D-09-1    (2)    1 :  0.833 0.164 0.000 0.002 
 17 18160D-09-1    (2)    1 :  0.000 0.769 0.132 0.099 
 18 18160D-09-1    (2)    1 :  0.000 0.001 0.999 0.000 
 19 18160D-09-1    (2)    1 :  0.000 0.939 0.000 0.060 
 20 18160D-09-2    (5)    1 :  0.000 0.968 0.001 0.031 
 21 18160D-09-2    (5)    1 :  0.001 0.884 0.001 0.114 
 22 18160D-09-2    (5)    1 :  0.000 0.999 0.000 0.000 
 23 18160D-09-2    (2)    1 :  0.000 0.932 0.007 0.060 

Command line arguments:   structure -D 859753 -K 4 -m mainparams -o k4/populations_k4_run2 
Input File:    populations.str
Output File:   k4/populations_k4_run2_f

Run parameters:
   23 individuals
   50160 loci
   4 populations assumed
   10000 Burn-in period
   50000 Reps
RANDOMIZE turned off

--------------------------------------------
Estimated Ln Prob of Data   = -1520466.1
Mean value of ln likelihood = -975846.6
Variance of ln likelihood   = 1089238.9
Mean value of alpha         = 0.0764

Mean value of Fst_1         = 0.2730
Mean value of Fst_2         = 0.0323
Mean value of Fst_3         = 0.0131
Mean value of Fst_4         = 0.1575


--------------------------------------------
Proportion of membership of each pre-defined
 population in each of the 4 clusters

Given    Inferred Clusters              Number of
 Pop       1      2      3      4      Individuals

  1:     0.090  0.489  0.188  0.233       23
--------------------------------------------
Final results printed to file k4/populations_k4_run2_f

