

----------------------------------------------------
STRUCTURE by Pritchard, Stephens and Donnelly (2000)
     and Falush, Stephens and Pritchard (2003)
       Code by Pritchard, Falush and Hubisz
             Version 2.3.4 (Jul 2012)
----------------------------------------------------


Reading file "mainparams".
datafile is
populations.str
Reading file "extraparams".
Reading file "populations.str".


Data file "populations.str" (truncated) --

Ind:   Label Pop : Genotype_data . . . .
  1: 18160D-09-0    1  :  4   1   3   1   4   1   3  . . . .   2
  1: 18160D-09-0    1  :  4   1   3   1   4   4   4  . . . .   4
  2: 18160D-09-0    1  :  4   1   3   1   4   1   3  . . . .   2
  2: 18160D-09-0    1  :  4   1   3   1   4   4   3  . . . .   4
  3: 18160D-09-0    1  :  4   1   0   0   0   0   3  . . . .   2
  3: 18160D-09-0    1  :  4   3   0   0   0   0   3  . . . .   4
  4: 18160D-09-0    1  :  4   1   3   1   4   1   3  . . . .   2
  4: 18160D-09-0    1  :  4   3   3   1   4   1   3  . . . .   4

      *******   

 22: 18160D-09-2    1  :  4   1   3   1   4   1   3  . . . .   2
 22: 18160D-09-2    1  :  4   3   3   1   4   1   4  . . . .   4
 23: 18160D-09-2    1  :  4   1   3   1   4   1   3  . . . .   2
 23: 18160D-09-2    1  :  4   1   3   1   4   4   4  . . . .   4

Number of alleles per locus: min= 2; ave=2.0; max= 2


--------------------------------------

Finished initialization; starting MCMC 
50000 iterations + 10000 burnin


--------------------------------------------
Proportion of membership of each pre-defined
 population in each of the 4 clusters

Given    Inferred Clusters              Number of
 Pop       1      2      3      4      Individuals

  1:     0.252  0.248  0.246  0.255       23
--------------------------------------------

 Rep#:   Lambda   Alpha      F1    F2    F3    F4     D1,2  D1,3  D1,4  D2,3  D2,4  D3,4    Ln Like 
  100:    1.00    1.576    0.010 0.010 0.010 0.010    0.003 0.003 0.003 0.003 0.003 0.003   --  
  200:    1.00    1.990    0.010 0.010 0.010 0.010    0.003 0.003 0.003 0.003 0.003 0.003   --  
  300:    1.00    2.130    0.010 0.010 0.010 0.010    0.003 0.003 0.003 0.003 0.003 0.003   --  
  400:    1.00    2.724    0.010 0.010 0.010 0.010    0.003 0.003 0.003 0.003 0.003 0.003   --  
  500:    1.00    3.160    0.010 0.010 0.010 0.010    0.003 0.003 0.003 0.003 0.003 0.003   --  
  600:    1.00    3.561    0.010 0.010 0.010 0.010    0.003 0.003 0.003 0.003 0.003 0.003   --  
  700:    1.00    3.356    0.010 0.010 0.010 0.010    0.003 0.003 0.003 0.003 0.003 0.003   --  
  800:    1.00    3.232    0.010 0.010 0.010 0.010    0.003 0.003 0.003 0.003 0.003 0.003   --  
  900:    1.00    3.171    0.010 0.011 0.010 0.010    0.003 0.003 0.003 0.003 0.003 0.003   --  

--------------------------------------------
Proportion of membership of each pre-defined
 population in each of the 4 clusters

Given    Inferred Clusters              Number of
 Pop       1      2      3      4      Individuals

  1:     0.184  0.284  0.245  0.287       23
--------------------------------------------

 Rep#:   Lambda   Alpha      F1    F2    F3    F4     D1,2  D1,3  D1,4  D2,3  D2,4  D3,4    Ln Like 
 1000:    1.00    2.895    0.010 0.011 0.010 0.010    0.003 0.003 0.003 0.003 0.003 0.003   --  
 1100:    1.00    1.972    0.010 0.011 0.010 0.010    0.003 0.003 0.003 0.003 0.003 0.003   --  
 1200:    1.00    1.309    0.010 0.011 0.010 0.010    0.003 0.003 0.003 0.003 0.003 0.003   --  
 1300:    1.00    0.609    0.010 0.011 0.010 0.010    0.003 0.003 0.003 0.003 0.003 0.003   --  
 1400:    1.00    0.523    0.010 0.011 0.010 0.010    0.003 0.003 0.003 0.003 0.003 0.003   --  
 1500:    1.00    0.306    0.010 0.012 0.010 0.010    0.003 0.003 0.003 0.004 0.003 0.003   --  
 1600:    1.00    0.233    0.010 0.013 0.010 0.010    0.004 0.003 0.003 0.004 0.004 0.003   --  
 1700:    1.00    0.198    0.010 0.013 0.012 0.010    0.004 0.003 0.003 0.004 0.004 0.003   --  
 1800:    1.00    0.135    0.010 0.014 0.012 0.010    0.004 0.003 0.003 0.004 0.004 0.003   --  
 1900:    1.00    0.156    0.010 0.015 0.012 0.010    0.004 0.003 0.003 0.004 0.004 0.003   --  

--------------------------------------------
Proportion of membership of each pre-defined
 population in each of the 4 clusters

Given    Inferred Clusters              Number of
 Pop       1      2      3      4      Individuals

  1:     0.120  0.234  0.224  0.422       23
--------------------------------------------

 Rep#:   Lambda   Alpha      F1    F2    F3    F4     D1,2  D1,3  D1,4  D2,3  D2,4  D3,4    Ln Like 
 2000:    1.00    0.104    0.010 0.015 0.012 0.011    0.004 0.003 0.003 0.004 0.004 0.003   --  
 2100:    1.00    0.083    0.010 0.016 0.012 0.011    0.004 0.003 0.003 0.004 0.004 0.003   --  
 2200:    1.00    0.045    0.010 0.017 0.012 0.011    0.004 0.003 0.003 0.005 0.004 0.004   --  
 2300:    1.00    0.059    0.010 0.017 0.012 0.011    0.004 0.003 0.003 0.005 0.004 0.004   --  
 2400:    1.00    0.035    0.010 0.019 0.012 0.011    0.005 0.003 0.003 0.005 0.005 0.004   --  
 2500:    1.00    0.022    0.010 0.021 0.012 0.011    0.005 0.003 0.003 0.005 0.005 0.004   --  
 2600:    1.00    0.025    0.010 0.027 0.012 0.011    0.006 0.003 0.003 0.007 0.006 0.004   --  
 2700:    1.00    0.028    0.010 0.051 0.013 0.011    0.010 0.004 0.003 0.011 0.010 0.004   --  
 2800:    1.00    0.026    0.010 0.059 0.013 0.011    0.011 0.004 0.003 0.012 0.011 0.004   --  
 2900:    1.00    0.030    0.010 0.076 0.013 0.011    0.014 0.004 0.003 0.014 0.014 0.004   --  

--------------------------------------------
Proportion of membership of each pre-defined
 population in each of the 4 clusters

Given    Inferred Clusters              Number of
 Pop       1      2      3      4      Individuals

  1:     0.090  0.221  0.218  0.472       23
--------------------------------------------

 Rep#:   Lambda   Alpha      F1    F2    F3    F4     D1,2  D1,3  D1,4  D2,3  D2,4  D3,4    Ln Like 
 3000:    1.00    0.031    0.010 0.089 0.013 0.012    0.015 0.004 0.003 0.016 0.015 0.004   --  
 3100:    1.00    0.039    0.010 0.103 0.013 0.012    0.017 0.004 0.003 0.018 0.017 0.004   --  
 3200:    1.00    0.025    0.010 0.107 0.013 0.012    0.018 0.004 0.003 0.019 0.018 0.004   --  
 3300:    1.00    0.025    0.010 0.109 0.014 0.012    0.018 0.004 0.003 0.019 0.018 0.004   --  
 3400:    1.00    0.026    0.010 0.113 0.016 0.012    0.019 0.004 0.003 0.020 0.019 0.004   --  
 3500:    1.00    0.043    0.010 0.113 0.018 0.012    0.018 0.004 0.003 0.020 0.018 0.005   --  
 3600:    1.00    0.053    0.010 0.119 0.018 0.012    0.020 0.004 0.003 0.021 0.020 0.005   --  
 3700:    1.00    0.037    0.010 0.119 0.019 0.012    0.020 0.004 0.003 0.021 0.020 0.005   --  
 3800:    1.00    0.030    0.010 0.120 0.021 0.012    0.020 0.005 0.003 0.022 0.020 0.005   --  
 3900:    1.00    0.025    0.010 0.120 0.023 0.012    0.020 0.005 0.003 0.022 0.020 0.006   --  

--------------------------------------------
Proportion of membership of each pre-defined
 population in each of the 4 clusters

Given    Inferred Clusters              Number of
 Pop       1      2      3      4      Individuals

  1:     0.085  0.212  0.218  0.486       23
--------------------------------------------

 Rep#:   Lambda   Alpha      F1    F2    F3    F4     D1,2  D1,3  D1,4  D2,3  D2,4  D3,4    Ln Like 
 4000:    1.00    0.023    0.010 0.124 0.026 0.012    0.020 0.006 0.003 0.023 0.020 0.006   --  
 4100:    1.00    0.035    0.010 0.127 0.028 0.012    0.021 0.006 0.003 0.024 0.021 0.006   --  
 4200:    1.00    0.026    0.010 0.128 0.032 0.012    0.021 0.007 0.003 0.025 0.021 0.007   --  
 4300:    1.00    0.041    0.010 0.130 0.032 0.012    0.021 0.007 0.003 0.025 0.021 0.007   --  
 4400:    1.00    0.037    0.010 0.132 0.034 0.012    0.021 0.007 0.003 0.025 0.021 0.007   --  
 4500:    1.00    0.032    0.010 0.133 0.034 0.012    0.022 0.007 0.003 0.026 0.022 0.007   --  
 4600:    1.00    0.055    0.010 0.132 0.038 0.012    0.021 0.008 0.003 0.026 0.021 0.008   --  
 4700:    1.00    0.072    0.010 0.132 0.041 0.012    0.021 0.008 0.003 0.027 0.021 0.008   --  
 4800:    1.00    0.056    0.010 0.133 0.043 0.012    0.022 0.008 0.003 0.027 0.022 0.009   --  
 4900:    1.00    0.060    0.010 0.137 0.046 0.012    0.022 0.009 0.003 0.028 0.022 0.009   --  

--------------------------------------------
Proportion of membership of each pre-defined
 population in each of the 4 clusters

Given    Inferred Clusters              Number of
 Pop       1      2      3      4      Individuals

  1:     0.098  0.211  0.208  0.483       23
--------------------------------------------

 Rep#:   Lambda   Alpha      F1    F2    F3    F4     D1,2  D1,3  D1,4  D2,3  D2,4  D3,4    Ln Like 
 5000:    1.00    0.033    0.010 0.139 0.049 0.012    0.022 0.009 0.003 0.029 0.022 0.010   --  
 5100:    1.00    0.046    0.010 0.138 0.052 0.012    0.022 0.010 0.003 0.030 0.022 0.010   --  
 5200:    1.00    0.051    0.010 0.138 0.052 0.012    0.022 0.010 0.003 0.029 0.022 0.010   --  
 5300:    1.00    0.063    0.010 0.138 0.059 0.012    0.022 0.011 0.003 0.031 0.022 0.011   --  
 5400:    1.00    0.041    0.010 0.138 0.062 0.012    0.022 0.012 0.003 0.031 0.022 0.012   --  
 5500:    1.00    0.046    0.010 0.138 0.069 0.012    0.022 0.013 0.003 0.032 0.022 0.013   --  
 5600:    1.00    0.037    0.010 0.138 0.073 0.012    0.022 0.013 0.003 0.033 0.022 0.014   --  
 5700:    1.00    0.056    0.010 0.138 0.084 0.012    0.022 0.015 0.003 0.035 0.022 0.016   --  
 5800:    1.00    0.060    0.010 0.138 0.097 0.012    0.022 0.017 0.003 0.037 0.023 0.018   --  
 5900:    1.00    0.036    0.010 0.141 0.109 0.012    0.022 0.019 0.003 0.039 0.022 0.020   --  

--------------------------------------------
Proportion of membership of each pre-defined
 population in each of the 4 clusters

Given    Inferred Clusters              Number of
 Pop       1      2      3      4      Individuals

  1:     0.152  0.208  0.134  0.506       23
--------------------------------------------

 Rep#:   Lambda   Alpha      F1    F2    F3    F4     D1,2  D1,3  D1,4  D2,3  D2,4  D3,4    Ln Like 
 6000:    1.00    0.048    0.010 0.142 0.132 0.013    0.023 0.023 0.003 0.043 0.023 0.024   --  
 6100:    1.00    0.032    0.010 0.142 0.159 0.013    0.023 0.027 0.004 0.047 0.023 0.028   --  
 6200:    1.00    0.058    0.010 0.142 0.178 0.013    0.023 0.030 0.003 0.050 0.023 0.031   --  
 6300:    1.00    0.054    0.010 0.142 0.200 0.013    0.023 0.033 0.004 0.053 0.023 0.034   --  
 6400:    1.00    0.059    0.010 0.141 0.206 0.013    0.023 0.035 0.004 0.054 0.023 0.035   --  
 6500:    1.00    0.073    0.010 0.141 0.208 0.013    0.023 0.035 0.003 0.054 0.023 0.036   --  
 6600:    1.00    0.047    0.010 0.144 0.215 0.013    0.023 0.036 0.004 0.056 0.023 0.036   --  
 6700:    1.00    0.053    0.010 0.144 0.219 0.013    0.023 0.036 0.004 0.057 0.023 0.037   --  
 6800:    1.00    0.058    0.010 0.145 0.220 0.013    0.023 0.037 0.004 0.058 0.023 0.037   --  
 6900:    1.00    0.047    0.010 0.146 0.225 0.013    0.023 0.037 0.004 0.057 0.024 0.037   --  

--------------------------------------------
Proportion of membership of each pre-defined
 population in each of the 4 clusters

Given    Inferred Clusters              Number of
 Pop       1      2      3      4      Individuals

  1:     0.168  0.213  0.106  0.513       23
--------------------------------------------

 Rep#:   Lambda   Alpha      F1    F2    F3    F4     D1,2  D1,3  D1,4  D2,3  D2,4  D3,4    Ln Like 
 7000:    1.00    0.056    0.010 0.141 0.233 0.013    0.022 0.038 0.004 0.058 0.023 0.039   --  
 7100:    1.00    0.059    0.010 0.141 0.233 0.013    0.023 0.039 0.004 0.059 0.023 0.039   --  
 7200:    1.00    0.062    0.010 0.141 0.234 0.013    0.023 0.039 0.004 0.059 0.023 0.040   --  
 7300:    1.00    0.066    0.010 0.141 0.239 0.013    0.023 0.040 0.004 0.059 0.023 0.040   --  
 7400:    1.00    0.077    0.010 0.141 0.243 0.013    0.022 0.040 0.004 0.060 0.023 0.041   --  
 7500:    1.00    0.077    0.010 0.139 0.244 0.013    0.023 0.041 0.004 0.060 0.023 0.042   --  
 7600:    1.00    0.086    0.010 0.140 0.243 0.014    0.023 0.040 0.004 0.060 0.023 0.041   --  
 7700:    1.00    0.072    0.010 0.141 0.245 0.014    0.023 0.041 0.004 0.060 0.023 0.041   --  
 7800:    1.00    0.061    0.010 0.141 0.247 0.014    0.023 0.041 0.004 0.061 0.023 0.042   --  
 7900:    1.00    0.091    0.010 0.140 0.248 0.014    0.023 0.042 0.004 0.061 0.023 0.042   --  

--------------------------------------------
Proportion of membership of each pre-defined
 population in each of the 4 clusters

Given    Inferred Clusters              Number of
 Pop       1      2      3      4      Individuals

  1:     0.164  0.216  0.105  0.515       23
--------------------------------------------

 Rep#:   Lambda   Alpha      F1    F2    F3    F4     D1,2  D1,3  D1,4  D2,3  D2,4  D3,4    Ln Like 
 8000:    1.00    0.090    0.010 0.140 0.251 0.014    0.023 0.042 0.004 0.062 0.023 0.042   --  
 8100:    1.00    0.069    0.010 0.140 0.251 0.014    0.023 0.042 0.004 0.061 0.023 0.042   --  
 8200:    1.00    0.053    0.010 0.144 0.250 0.014    0.023 0.041 0.004 0.062 0.023 0.042   --  
 8300:    1.00    0.063    0.010 0.145 0.252 0.014    0.024 0.042 0.004 0.062 0.024 0.042   --  
 8400:    1.00    0.069    0.010 0.144 0.255 0.014    0.023 0.042 0.004 0.063 0.024 0.043   --  
 8500:    1.00    0.060    0.010 0.144 0.255 0.014    0.023 0.042 0.004 0.062 0.023 0.043   --  
 8600:    1.00    0.063    0.010 0.144 0.257 0.014    0.023 0.043 0.004 0.063 0.023 0.043   --  
 8700:    1.00    0.057    0.010 0.145 0.258 0.014    0.023 0.042 0.004 0.063 0.024 0.043   --  
 8800:    1.00    0.072    0.010 0.144 0.264 0.014    0.023 0.043 0.004 0.063 0.024 0.043   --  
 8900:    1.00    0.058    0.010 0.144 0.264 0.014    0.023 0.043 0.004 0.064 0.023 0.044   --  

--------------------------------------------
Proportion of membership of each pre-defined
 population in each of the 4 clusters

Given    Inferred Clusters              Number of
 Pop       1      2      3      4      Individuals

  1:     0.168  0.215  0.101  0.516       23
--------------------------------------------

 Rep#:   Lambda   Alpha      F1    F2    F3    F4     D1,2  D1,3  D1,4  D2,3  D2,4  D3,4    Ln Like 
 9000:    1.00    0.064    0.010 0.144 0.267 0.014    0.023 0.045 0.004 0.065 0.024 0.045   --  
 9100:    1.00    0.058    0.010 0.144 0.267 0.014    0.023 0.044 0.004 0.064 0.023 0.045   --  
 9200:    1.00    0.057    0.010 0.142 0.265 0.014    0.023 0.044 0.004 0.064 0.023 0.045   --  
 9300:    1.00    0.071    0.010 0.143 0.264 0.014    0.023 0.044 0.004 0.064 0.024 0.044   --  
 9400:    1.00    0.061    0.010 0.143 0.263 0.014    0.023 0.044 0.004 0.064 0.024 0.044   --  
 9500:    1.00    0.074    0.010 0.143 0.263 0.014    0.023 0.043 0.004 0.063 0.024 0.044   --  
 9600:    1.00    0.052    0.010 0.143 0.263 0.014    0.023 0.043 0.004 0.064 0.024 0.044   --  
 9700:    1.00    0.051    0.010 0.146 0.265 0.014    0.023 0.043 0.004 0.064 0.024 0.044   --  
 9800:    1.00    0.055    0.010 0.149 0.263 0.014    0.024 0.044 0.004 0.065 0.024 0.044   --  
 9900:    1.00    0.050    0.010 0.147 0.262 0.014    0.024 0.043 0.004 0.064 0.024 0.044   --  
10000:    1.00    0.058    0.010 0.147 0.262 0.014    0.024 0.044 0.004 0.064 0.024 0.044   --  

BURNIN completed
 Rep#:   Lambda   Alpha      F1    F2    F3    F4     D1,2  D1,3  D1,4  D2,3  D2,4  D3,4    Ln Like  Est Ln P(D)
10100:    1.00    0.060    0.010 0.146 0.264 0.014    0.023 0.044 0.004 0.064 0.024 0.044   -978522    0 
10200:    1.00    0.048    0.010 0.149 0.264 0.014    0.024 0.043 0.004 0.064 0.024 0.044   -978103    0 
10300:    1.00    0.048    0.010 0.149 0.265 0.014    0.024 0.044 0.004 0.065 0.024 0.044   -978178    0 
10400:    1.00    0.054    0.010 0.149 0.262 0.014    0.024 0.044 0.004 0.065 0.024 0.044   -978980    0 
10500:    1.00    0.066    0.010 0.149 0.260 0.014    0.024 0.043 0.004 0.064 0.024 0.043   -978574    0 
10600:    1.00    0.056    0.010 0.147 0.263 0.014    0.024 0.043 0.004 0.064 0.024 0.044   -978081    0 
10700:    1.00    0.047    0.010 0.147 0.261 0.015    0.024 0.043 0.004 0.064 0.024 0.043   -977865    0 
10800:    1.00    0.041    0.010 0.148 0.260 0.015    0.024 0.043 0.004 0.064 0.024 0.044   -978102    0 
10900:    1.00    0.063    0.010 0.149 0.262 0.015    0.024 0.043 0.004 0.065 0.024 0.044   -978139    0 

--------------------------------------------
Proportion of membership of each pre-defined
 population in each of the 4 clusters

Given    Inferred Clusters              Number of
 Pop       1      2      3      4      Individuals

  1:     0.159  0.217  0.103  0.521       23
--------------------------------------------

 Rep#:   Lambda   Alpha      F1    F2    F3    F4     D1,2  D1,3  D1,4  D2,3  D2,4  D3,4    Ln Like  Est Ln P(D)
11000:    1.00    0.046    0.010 0.148 0.258 0.015    0.024 0.043 0.004 0.064 0.024 0.043   -978339    0 
11100:    1.00    0.054    0.011 0.150 0.260 0.015    0.024 0.043 0.004 0.064 0.024 0.044   -977883    0 
11200:    1.00    0.048    0.011 0.149 0.258 0.015    0.024 0.043 0.004 0.064 0.024 0.043   -978440    0 
11300:    1.00    0.066    0.011 0.147 0.255 0.015    0.024 0.042 0.004 0.063 0.024 0.043   -978324    0 
11400:    1.00    0.038    0.011 0.148 0.254 0.015    0.024 0.042 0.004 0.062 0.024 0.043   -978320    0 
11500:    1.00    0.061    0.011 0.148 0.256 0.015    0.024 0.042 0.004 0.063 0.024 0.043   -977884    0 
11600:    1.00    0.068    0.011 0.146 0.255 0.015    0.023 0.042 0.004 0.062 0.024 0.043   -978208    0 
11700:    1.00    0.067    0.011 0.146 0.260 0.015    0.023 0.043 0.004 0.063 0.024 0.044   -978098    0 
11800:    1.00    0.078    0.011 0.144 0.253 0.015    0.023 0.042 0.004 0.063 0.024 0.043   -978768    0 
11900:    1.00    0.062    0.011 0.147 0.253 0.015    0.024 0.042 0.004 0.063 0.025 0.043   -978037    0 

--------------------------------------------
Proportion of membership of each pre-defined
 population in each of the 4 clusters

Given    Inferred Clusters              Number of
 Pop       1      2      3      4      Individuals

  1:     0.169  0.214  0.102  0.515       23
--------------------------------------------

 Rep#:   Lambda   Alpha      F1    F2    F3    F4     D1,2  D1,3  D1,4  D2,3  D2,4  D3,4    Ln Like  Est Ln P(D)
12000:    1.00    0.048    0.011 0.148 0.253 0.015    0.024 0.042 0.004 0.063 0.024 0.043   -977982    0 
12100:    1.00    0.060    0.011 0.146 0.253 0.015    0.024 0.042 0.004 0.063 0.024 0.042   -978196    0 
12200:    1.00    0.084    0.011 0.144 0.255 0.015    0.023 0.042 0.004 0.062 0.024 0.043   -978993    0 
12300:    1.00    0.053    0.011 0.144 0.256 0.016    0.023 0.043 0.004 0.063 0.024 0.044   -977771    0 
12400:    1.00    0.053    0.011 0.146 0.258 0.016    0.023 0.043 0.004 0.064 0.024 0.044   -978170    0 
12500:    1.00    0.052    0.011 0.146 0.261 0.016    0.023 0.043 0.004 0.064 0.024 0.044   -977828    0 
12600:    1.00    0.066    0.011 0.146 0.262 0.016    0.024 0.043 0.004 0.064 0.024 0.044   -977510    0 
12700:    1.00    0.038    0.011 0.145 0.260 0.016    0.024 0.042 0.004 0.063 0.024 0.043   -978278    0 
12800:    1.00    0.080    0.011 0.145 0.262 0.016    0.024 0.043 0.004 0.063 0.024 0.044   -977824    0 
12900:    1.00    0.039    0.011 0.145 0.264 0.016    0.024 0.043 0.004 0.064 0.024 0.044   -977190    0 

--------------------------------------------
Proportion of membership of each pre-defined
 population in each of the 4 clusters

Given    Inferred Clusters              Number of
 Pop       1      2      3      4      Individuals

  1:     0.185  0.219  0.097  0.499       23
--------------------------------------------

 Rep#:   Lambda   Alpha      F1    F2    F3    F4     D1,2  D1,3  D1,4  D2,3  D2,4  D3,4    Ln Like  Est Ln P(D)
13000:    1.00    0.042    0.011 0.147 0.265 0.016    0.024 0.044 0.004 0.064 0.024 0.044   -977496    0 
13100:    1.00    0.056    0.011 0.147 0.261 0.016    0.023 0.043 0.004 0.064 0.024 0.044   -977418    0 
13200:    1.00    0.065    0.011 0.146 0.257 0.017    0.024 0.042 0.004 0.063 0.024 0.043   -978080    0 
13300:    1.00    0.077    0.011 0.146 0.255 0.017    0.024 0.042 0.004 0.063 0.025 0.043   -977069    0 
13400:    1.00    0.078    0.011 0.146 0.254 0.017    0.024 0.042 0.004 0.063 0.024 0.043   -977269    0 
13500:    1.00    0.058    0.011 0.144 0.252 0.018    0.023 0.042 0.004 0.062 0.024 0.043   -977616    0 
13600:    1.00    0.060    0.011 0.145 0.254 0.018    0.023 0.042 0.004 0.062 0.024 0.043   -977472    0 
13700:    1.00    0.051    0.011 0.145 0.255 0.018    0.023 0.042 0.005 0.063 0.024 0.043   -976893    0 
13800:    1.00    0.069    0.011 0.146 0.254 0.018    0.024 0.042 0.004 0.062 0.025 0.043   -977471    0 
13900:    1.00    0.072    0.011 0.146 0.255 0.019    0.024 0.042 0.004 0.063 0.024 0.043   -977307    0 

--------------------------------------------
Proportion of membership of each pre-defined
 population in each of the 4 clusters

Given    Inferred Clusters              Number of
 Pop       1      2      3      4      Individuals

  1:     0.186  0.218  0.097  0.499       23
--------------------------------------------

 Rep#:   Lambda   Alpha      F1    F2    F3    F4     D1,2  D1,3  D1,4  D2,3  D2,4  D3,4    Ln Like  Est Ln P(D)
14000:    1.00    0.047    0.011 0.146 0.258 0.019    0.024 0.043 0.004 0.063 0.024 0.044   -977295    0 
14100:    1.00    0.070    0.011 0.147 0.260 0.019    0.024 0.043 0.005 0.063 0.025 0.044   -977524    0 
14200:    1.00    0.067    0.011 0.148 0.260 0.019    0.024 0.043 0.005 0.064 0.025 0.044   -977422    0 
14300:    1.00    0.080    0.011 0.148 0.259 0.019    0.024 0.043 0.005 0.064 0.025 0.044   -976759    0 
14400:    1.00    0.060    0.011 0.149 0.257 0.019    0.024 0.042 0.005 0.064 0.025 0.044   -976803    0 
14500:    1.00    0.075    0.011 0.150 0.256 0.019    0.024 0.042 0.005 0.063 0.025 0.043   -977078    0 
14600:    1.00    0.055    0.011 0.150 0.256 0.019    0.024 0.042 0.005 0.063 0.025 0.043   -977500    0 
14700:    1.00    0.085    0.011 0.150 0.255 0.019    0.024 0.042 0.005 0.063 0.025 0.043   -977201    0 
14800:    1.00    0.067    0.011 0.148 0.257 0.019    0.024 0.042 0.005 0.063 0.025 0.043   -976986    0 
14900:    1.00    0.080    0.011 0.148 0.260 0.019    0.024 0.042 0.005 0.063 0.025 0.043   -977161    0 

--------------------------------------------
Proportion of membership of each pre-defined
 population in each of the 4 clusters

Given    Inferred Clusters              Number of
 Pop       1      2      3      4      Individuals

  1:     0.184  0.225  0.096  0.496       23
--------------------------------------------

 Rep#:   Lambda   Alpha      F1    F2    F3    F4     D1,2  D1,3  D1,4  D2,3  D2,4  D3,4    Ln Like  Est Ln P(D)
15000:    1.00    0.076    0.011 0.148 0.260 0.019    0.024 0.042 0.005 0.062 0.024 0.043   -977041    0 
15100:    1.00    0.088    0.011 0.147 0.256 0.020    0.024 0.042 0.005 0.063 0.025 0.044   -977059    0 
15200:    1.00    0.078    0.011 0.147 0.257 0.020    0.024 0.042 0.005 0.063 0.025 0.044   -977239    0 
15300:    1.00    0.057    0.011 0.147 0.257 0.020    0.024 0.043 0.005 0.064 0.025 0.044   -976930    0 
15400:    1.00    0.068    0.011 0.147 0.255 0.020    0.024 0.042 0.005 0.063 0.025 0.043   -976283    0 
15500:    1.00    0.049    0.011 0.148 0.255 0.020    0.024 0.042 0.005 0.063 0.025 0.043   -976874    0 
15600:    1.00    0.054    0.011 0.150 0.255 0.020    0.024 0.042 0.005 0.063 0.025 0.043   -976750    0 
15700:    1.00    0.066    0.011 0.151 0.253 0.021    0.025 0.041 0.005 0.062 0.026 0.043   -977539    0 
15800:    1.00    0.059    0.011 0.151 0.251 0.022    0.024 0.041 0.005 0.062 0.026 0.042   -977433    0 
15900:    1.00    0.060    0.011 0.150 0.249 0.022    0.024 0.041 0.005 0.063 0.025 0.043   -977237    0 

--------------------------------------------
Proportion of membership of each pre-defined
 population in each of the 4 clusters

Given    Inferred Clusters              Number of
 Pop       1      2      3      4      Individuals

  1:     0.180  0.227  0.095  0.498       23
--------------------------------------------

 Rep#:   Lambda   Alpha      F1    F2    F3    F4     D1,2  D1,3  D1,4  D2,3  D2,4  D3,4    Ln Like  Est Ln P(D)
16000:    1.00    0.073    0.011 0.154 0.250 0.022    0.025 0.042 0.005 0.063 0.026 0.043   -976774    0 
16100:    1.00    0.079    0.011 0.154 0.250 0.022    0.025 0.041 0.005 0.063 0.026 0.043   -976948    0 
16200:    1.00    0.044    0.011 0.155 0.250 0.022    0.025 0.041 0.005 0.063 0.027 0.042   -977025    0 
16300:    1.00    0.049    0.011 0.155 0.249 0.022    0.025 0.041 0.005 0.063 0.026 0.042   -976609    0 
16400:    1.00    0.054    0.011 0.154 0.246 0.022    0.025 0.040 0.005 0.062 0.026 0.042   -976880    0 
16500:    1.00    0.049    0.012 0.153 0.246 0.023    0.025 0.040 0.005 0.062 0.026 0.042   -977046    0 
16600:    1.00    0.053    0.012 0.153 0.249 0.023    0.025 0.041 0.005 0.063 0.026 0.043   -976634    0 
16700:    1.00    0.054    0.012 0.156 0.245 0.023    0.025 0.040 0.005 0.062 0.026 0.042   -976592    0 
16800:    1.00    0.057    0.012 0.158 0.245 0.023    0.026 0.040 0.005 0.062 0.027 0.042   -976284    0 
16900:    1.00    0.083    0.012 0.158 0.246 0.024    0.026 0.041 0.005 0.063 0.027 0.043   -976880    0 

--------------------------------------------
Proportion of membership of each pre-defined
 population in each of the 4 clusters

Given    Inferred Clusters              Number of
 Pop       1      2      3      4      Individuals

  1:     0.182  0.219  0.096  0.503       23
--------------------------------------------

 Rep#:   Lambda   Alpha      F1    F2    F3    F4     D1,2  D1,3  D1,4  D2,3  D2,4  D3,4    Ln Like  Est Ln P(D)
17000:    1.00    0.049    0.012 0.158 0.249 0.024    0.026 0.041 0.005 0.063 0.027 0.043   -976560    0 
17100:    1.00    0.058    0.012 0.156 0.250 0.024    0.025 0.041 0.005 0.063 0.026 0.043   -977192    0 
17200:    1.00    0.058    0.012 0.158 0.246 0.024    0.025 0.040 0.005 0.063 0.027 0.042   -976547    0 
17300:    1.00    0.050    0.012 0.159 0.242 0.024    0.026 0.040 0.005 0.062 0.027 0.042   -976402    0 
17400:    1.00    0.063    0.012 0.160 0.241 0.024    0.026 0.040 0.006 0.062 0.027 0.042   -976738    0 
17500:    1.00    0.075    0.012 0.160 0.242 0.024    0.026 0.040 0.006 0.062 0.027 0.042   -976110    0 
17600:    1.00    0.067    0.012 0.159 0.245 0.024    0.026 0.041 0.006 0.063 0.027 0.042   -977145    0 
17700:    1.00    0.059    0.012 0.161 0.246 0.024    0.026 0.041 0.006 0.063 0.027 0.043   -976303    0 
17800:    1.00    0.080    0.012 0.161 0.246 0.025    0.026 0.041 0.006 0.064 0.027 0.043   -976633    0 
17900:    1.00    0.051    0.012 0.162 0.246 0.025    0.026 0.040 0.006 0.063 0.028 0.042   -976136    0 

--------------------------------------------
Proportion of membership of each pre-defined
 population in each of the 4 clusters

Given    Inferred Clusters              Number of
 Pop       1      2      3      4      Individuals

  1:     0.181  0.220  0.094  0.505       23
--------------------------------------------

 Rep#:   Lambda   Alpha      F1    F2    F3    F4     D1,2  D1,3  D1,4  D2,3  D2,4  D3,4    Ln Like  Est Ln P(D)
18000:    1.00    0.057    0.012 0.162 0.246 0.025    0.026 0.041 0.006 0.063 0.027 0.043   -976251    0 
18100:    1.00    0.078    0.012 0.162 0.245 0.025    0.026 0.041 0.006 0.063 0.028 0.042   -976467    0 
18200:    1.00    0.055    0.012 0.163 0.243 0.025    0.026 0.040 0.006 0.063 0.028 0.042   -976591    0 
18300:    1.00    0.063    0.012 0.164 0.246 0.026    0.026 0.040 0.006 0.064 0.028 0.042   -976449    0 
18400:    1.00    0.067    0.012 0.161 0.248 0.026    0.026 0.041 0.006 0.064 0.028 0.043   -976464    0 
18500:    1.00    0.052    0.012 0.161 0.249 0.026    0.026 0.041 0.006 0.063 0.028 0.043   -976817    0 
18600:    1.00    0.065    0.012 0.159 0.250 0.026    0.026 0.041 0.006 0.064 0.027 0.043   -976189    0 
18700:    1.00    0.040    0.012 0.159 0.254 0.026    0.026 0.042 0.006 0.065 0.027 0.044   -976336    0 
18800:    1.00    0.052    0.012 0.159 0.253 0.026    0.026 0.042 0.006 0.065 0.027 0.043   -975971    0 
18900:    1.00    0.051    0.012 0.160 0.258 0.027    0.026 0.042 0.006 0.065 0.028 0.045   -975397    0 

--------------------------------------------
Proportion of membership of each pre-defined
 population in each of the 4 clusters

Given    Inferred Clusters              Number of
 Pop       1      2      3      4      Individuals

  1:     0.183  0.227  0.095  0.496       23
--------------------------------------------

 Rep#:   Lambda   Alpha      F1    F2    F3    F4     D1,2  D1,3  D1,4  D2,3  D2,4  D3,4    Ln Like  Est Ln P(D)
19000:    1.00    0.060    0.012 0.157 0.259 0.028    0.026 0.042 0.006 0.064 0.027 0.045   -975911    0 
19100:    1.00    0.055    0.012 0.155 0.259 0.028    0.025 0.043 0.006 0.065 0.027 0.045   -975894    0 
19200:    1.00    0.077    0.012 0.156 0.259 0.028    0.025 0.043 0.006 0.064 0.027 0.045   -975538    0 
19300:    1.00    0.051    0.012 0.155 0.259 0.028    0.025 0.042 0.006 0.064 0.027 0.045   -975971    0 
19400:    1.00    0.064    0.012 0.155 0.259 0.028    0.025 0.043 0.006 0.065 0.027 0.045   -975878    0 
19500:    1.00    0.041    0.012 0.159 0.257 0.028    0.026 0.042 0.006 0.065 0.028 0.045   -975773    0 
19600:    1.00    0.050    0.012 0.161 0.258 0.028    0.026 0.043 0.006 0.065 0.028 0.045   -975816    0 
19700:    1.00    0.073    0.012 0.161 0.255 0.028    0.026 0.042 0.006 0.065 0.028 0.045   -975469    0 
19800:    1.00    0.060    0.012 0.161 0.255 0.028    0.026 0.042 0.006 0.064 0.028 0.044   -975948    0 
19900:    1.00    0.061    0.012 0.161 0.252 0.028    0.026 0.042 0.006 0.065 0.028 0.044   -975709    0 

--------------------------------------------
Proportion of membership of each pre-defined
 population in each of the 4 clusters

Given    Inferred Clusters              Number of
 Pop       1      2      3      4      Individuals

  1:     0.183  0.227  0.094  0.496       23
--------------------------------------------

 Rep#:   Lambda   Alpha      F1    F2    F3    F4     D1,2  D1,3  D1,4  D2,3  D2,4  D3,4    Ln Like  Est Ln P(D)
20000:    1.00    0.050    0.012 0.159 0.256 0.028    0.026 0.042 0.006 0.065 0.028 0.045   -976175    0 
20100:    1.00    0.074    0.012 0.163 0.256 0.028    0.026 0.042 0.006 0.065 0.028 0.044   -976063    0 
20200:    1.00    0.067    0.012 0.165 0.257 0.028    0.026 0.042 0.006 0.066 0.028 0.045   -975879    0 
20300:    1.00    0.076    0.012 0.165 0.253 0.029    0.027 0.042 0.006 0.065 0.028 0.045   -975180    0 
20400:    1.00    0.056    0.012 0.165 0.256 0.029    0.027 0.042 0.006 0.065 0.029 0.044   -975753    0 
20500:    1.00    0.060    0.012 0.162 0.254 0.029    0.026 0.042 0.006 0.065 0.029 0.045   -975885    0 
20600:    1.00    0.055    0.012 0.162 0.249 0.029    0.026 0.041 0.006 0.064 0.028 0.044   -976309    0 
20700:    1.00    0.075    0.012 0.162 0.253 0.030    0.026 0.042 0.006 0.065 0.028 0.044   -976015    0 
20800:    1.00    0.105    0.012 0.162 0.253 0.030    0.026 0.042 0.006 0.065 0.028 0.044   -976220    0 
20900:    1.00    0.097    0.012 0.161 0.254 0.029    0.026 0.042 0.006 0.065 0.028 0.045   -975799    0 

--------------------------------------------
Proportion of membership of each pre-defined
 population in each of the 4 clusters

Given    Inferred Clusters              Number of
 Pop       1      2      3      4      Individuals

  1:     0.180  0.229  0.093  0.498       23
--------------------------------------------

 Rep#:   Lambda   Alpha      F1    F2    F3    F4     D1,2  D1,3  D1,4  D2,3  D2,4  D3,4    Ln Like  Est Ln P(D)
21000:    1.00    0.070    0.012 0.160 0.259 0.029    0.026 0.043 0.006 0.065 0.028 0.045   -975784    0 
21100:    1.00    0.087    0.012 0.159 0.259 0.029    0.026 0.043 0.006 0.065 0.028 0.046   -975541    0 
21200:    1.00    0.089    0.012 0.159 0.262 0.029    0.026 0.044 0.006 0.066 0.028 0.046   -975799    0 
21300:    1.00    0.090    0.012 0.160 0.265 0.029    0.026 0.044 0.006 0.066 0.028 0.046   -975388    0 
21400:    1.00    0.076    0.012 0.162 0.263 0.029    0.026 0.044 0.006 0.066 0.028 0.046   -975658    0 
21500:    1.00    0.062    0.012 0.163 0.258 0.029    0.026 0.042 0.006 0.065 0.028 0.045   -975682    0 
21600:    1.00    0.059    0.012 0.163 0.258 0.029    0.026 0.043 0.006 0.066 0.028 0.045   -976004    0 
21700:    1.00    0.068    0.012 0.163 0.260 0.030    0.026 0.043 0.007 0.066 0.028 0.046   -976091    0 
21800:    1.00    0.061    0.012 0.162 0.260 0.030    0.026 0.043 0.006 0.067 0.028 0.046   -975623    0 
21900:    1.00    0.061    0.012 0.157 0.258 0.030    0.026 0.043 0.006 0.065 0.028 0.045   -975731    0 

--------------------------------------------
Proportion of membership of each pre-defined
 population in each of the 4 clusters

Given    Inferred Clusters              Number of
 Pop       1      2      3      4      Individuals

  1:     0.177  0.231  0.092  0.499       23
--------------------------------------------

 Rep#:   Lambda   Alpha      F1    F2    F3    F4     D1,2  D1,3  D1,4  D2,3  D2,4  D3,4    Ln Like  Est Ln P(D)
22000:    1.00    0.112    0.012 0.158 0.257 0.031    0.026 0.043 0.007 0.065 0.028 0.045   -975775    0 
22100:    1.00    0.094    0.012 0.159 0.255 0.031    0.026 0.042 0.007 0.064 0.028 0.045   -975464    0 
22200:    1.00    0.072    0.012 0.159 0.253 0.030    0.026 0.042 0.007 0.064 0.028 0.045   -975510    0 
22300:    1.00    0.061    0.012 0.160 0.253 0.030    0.026 0.042 0.007 0.064 0.028 0.045   -975467    0 
22400:    1.00    0.040    0.012 0.162 0.255 0.031    0.026 0.042 0.007 0.066 0.028 0.045   -975529    0 
22500:    1.00    0.065    0.012 0.164 0.254 0.031    0.026 0.042 0.007 0.065 0.029 0.045   -975951    0 
22600:    1.00    0.072    0.012 0.164 0.254 0.031    0.027 0.043 0.007 0.065 0.029 0.046   -976160    0 
22700:    1.00    0.076    0.012 0.164 0.254 0.031    0.027 0.042 0.007 0.065 0.029 0.045   -975769    0 
22800:    1.00    0.086    0.012 0.161 0.257 0.031    0.026 0.042 0.007 0.065 0.028 0.045   -975901    0 
22900:    1.00    0.075    0.012 0.160 0.258 0.032    0.026 0.043 0.007 0.065 0.028 0.046   -975724    0 

--------------------------------------------
Proportion of membership of each pre-defined
 population in each of the 4 clusters

Given    Inferred Clusters              Number of
 Pop       1      2      3      4      Individuals

  1:     0.182  0.229  0.091  0.498       23
--------------------------------------------

 Rep#:   Lambda   Alpha      F1    F2    F3    F4     D1,2  D1,3  D1,4  D2,3  D2,4  D3,4    Ln Like  Est Ln P(D)
23000:    1.00    0.090    0.012 0.158 0.258 0.032    0.026 0.043 0.007 0.065 0.028 0.046   -975870    0 
23100:    1.00    0.085    0.012 0.158 0.256 0.032    0.025 0.042 0.007 0.064 0.028 0.045   -976442    0 
23200:    1.00    0.091    0.012 0.156 0.261 0.032    0.026 0.043 0.007 0.065 0.028 0.046   -976115    0 
23300:    1.00    0.082    0.012 0.160 0.262 0.031    0.026 0.043 0.007 0.066 0.028 0.046   -975392    0 
23400:    1.00    0.089    0.012 0.160 0.262 0.031    0.026 0.043 0.007 0.066 0.028 0.046   -975626    0 
23500:    1.00    0.072    0.012 0.160 0.260 0.031    0.026 0.043 0.007 0.065 0.028 0.045   -975483    0 
23600:    1.00    0.058    0.012 0.158 0.260 0.031    0.026 0.043 0.007 0.065 0.028 0.046   -975207    0 
23700:    1.00    0.066    0.012 0.160 0.261 0.031    0.026 0.043 0.007 0.066 0.028 0.046   -975539    0 
23800:    1.00    0.067    0.012 0.161 0.260 0.031    0.026 0.043 0.007 0.066 0.028 0.046   -975697    0 
23900:    1.00    0.082    0.012 0.160 0.260 0.031    0.026 0.043 0.007 0.066 0.028 0.046   -975802    0 

--------------------------------------------
Proportion of membership of each pre-defined
 population in each of the 4 clusters

Given    Inferred Clusters              Number of
 Pop       1      2      3      4      Individuals

  1:     0.175  0.235  0.094  0.496       23
--------------------------------------------

 Rep#:   Lambda   Alpha      F1    F2    F3    F4     D1,2  D1,3  D1,4  D2,3  D2,4  D3,4    Ln Like  Est Ln P(D)
24000:    1.00    0.071    0.012 0.158 0.261 0.031    0.026 0.043 0.007 0.065 0.028 0.046   -975660    0 
24100:    1.00    0.078    0.012 0.155 0.259 0.031    0.025 0.043 0.007 0.065 0.028 0.046   -976343    0 
24200:    1.00    0.071    0.012 0.159 0.259 0.030    0.026 0.043 0.007 0.065 0.028 0.045   -975867    0 
24300:    1.00    0.083    0.012 0.160 0.260 0.030    0.026 0.043 0.007 0.065 0.028 0.046   -976120    0 
24400:    1.00    0.066    0.012 0.160 0.257 0.030    0.026 0.043 0.006 0.065 0.028 0.045   -975513    0 
24500:    1.00    0.062    0.012 0.160 0.260 0.030    0.026 0.043 0.006 0.066 0.028 0.046   -975634    0 
24600:    1.00    0.057    0.012 0.161 0.257 0.030    0.026 0.042 0.006 0.065 0.028 0.045   -975767    0 
24700:    1.00    0.054    0.012 0.157 0.260 0.030    0.026 0.043 0.006 0.065 0.028 0.046   -976107    0 
24800:    1.00    0.060    0.012 0.162 0.258 0.030    0.026 0.043 0.006 0.065 0.028 0.045   -975500    0 
24900:    1.00    0.040    0.012 0.156 0.258 0.030    0.026 0.043 0.007 0.065 0.028 0.045   -976324    0 

--------------------------------------------
Proportion of membership of each pre-defined
 population in each of the 4 clusters

Given    Inferred Clusters              Number of
 Pop       1      2      3      4      Individuals

  1:     0.183  0.228  0.092  0.497       23
--------------------------------------------

 Rep#:   Lambda   Alpha      F1    F2    F3    F4     D1,2  D1,3  D1,4  D2,3  D2,4  D3,4    Ln Like  Est Ln P(D)
25000:    1.00    0.045    0.012 0.158 0.256 0.030    0.026 0.042 0.007 0.064 0.028 0.045   -975980    0 
25100:    1.00    0.059    0.012 0.159 0.254 0.031    0.026 0.042 0.007 0.064 0.028 0.045   -975417    0 
25200:    1.00    0.080    0.012 0.162 0.257 0.031    0.026 0.042 0.007 0.065 0.029 0.045   -975105    0 
25300:    1.00    0.064    0.012 0.159 0.259 0.031    0.026 0.043 0.007 0.065 0.028 0.046   -975806    0 
25400:    1.00    0.058    0.012 0.159 0.258 0.031    0.026 0.043 0.007 0.065 0.028 0.045   -975648    0 
25500:    1.00    0.059    0.012 0.159 0.257 0.031    0.026 0.043 0.007 0.065 0.028 0.046   -975812    0 
25600:    1.00    0.056    0.012 0.162 0.260 0.031    0.026 0.043 0.007 0.066 0.028 0.046   -975350    0 
25700:    1.00    0.051    0.012 0.164 0.257 0.031    0.026 0.042 0.007 0.065 0.028 0.045   -975856    0 
25800:    1.00    0.052    0.012 0.160 0.255 0.031    0.026 0.042 0.007 0.064 0.028 0.045   -975824    0 
25900:    1.00    0.082    0.012 0.160 0.251 0.031    0.026 0.041 0.007 0.064 0.028 0.044   -976156    0 

--------------------------------------------
Proportion of membership of each pre-defined
 population in each of the 4 clusters

Given    Inferred Clusters              Number of
 Pop       1      2      3      4      Individuals

  1:     0.184  0.228  0.094  0.494       23
--------------------------------------------

 Rep#:   Lambda   Alpha      F1    F2    F3    F4     D1,2  D1,3  D1,4  D2,3  D2,4  D3,4    Ln Like  Est Ln P(D)
26000:    1.00    0.057    0.012 0.159 0.253 0.031    0.026 0.042 0.007 0.064 0.028 0.044   -975872    0 
26100:    1.00    0.056    0.012 0.159 0.254 0.031    0.026 0.042 0.007 0.064 0.028 0.045   -975809    0 
26200:    1.00    0.077    0.012 0.162 0.256 0.031    0.026 0.042 0.007 0.065 0.029 0.045   -976303    0 
26300:    1.00    0.068    0.012 0.159 0.256 0.031    0.026 0.042 0.007 0.064 0.028 0.045   -976024    0 
26400:    1.00    0.056    0.012 0.159 0.256 0.031    0.026 0.042 0.007 0.064 0.028 0.045   -976126    0 
26500:    1.00    0.083    0.012 0.160 0.255 0.031    0.026 0.042 0.007 0.064 0.028 0.045   -975537    0 
26600:    1.00    0.063    0.012 0.160 0.254 0.032    0.026 0.042 0.007 0.064 0.029 0.045   -975732    0 
26700:    1.00    0.078    0.012 0.158 0.254 0.032    0.026 0.042 0.007 0.064 0.028 0.045   -975878    0 
26800:    1.00    0.056    0.012 0.155 0.257 0.032    0.025 0.043 0.007 0.065 0.028 0.045   -975974    0 
26900:    1.00    0.067    0.012 0.156 0.256 0.032    0.025 0.042 0.007 0.064 0.028 0.045   -975437    0 

--------------------------------------------
Proportion of membership of each pre-defined
 population in each of the 4 clusters

Given    Inferred Clusters              Number of
 Pop       1      2      3      4      Individuals

  1:     0.183  0.227  0.094  0.496       23
--------------------------------------------

 Rep#:   Lambda   Alpha      F1    F2    F3    F4     D1,2  D1,3  D1,4  D2,3  D2,4  D3,4    Ln Like  Est Ln P(D)
27000:    1.00    0.059    0.012 0.157 0.254 0.032    0.026 0.042 0.007 0.064 0.028 0.045   -975380    0 
27100:    1.00    0.077    0.012 0.157 0.249 0.033    0.025 0.041 0.007 0.063 0.028 0.044   -976099    0 
27200:    1.00    0.067    0.012 0.159 0.253 0.033    0.026 0.042 0.007 0.064 0.028 0.045   -975913    0 
27300:    1.00    0.066    0.012 0.159 0.253 0.033    0.026 0.042 0.007 0.064 0.028 0.045   -975413    0 
27400:    1.00    0.044    0.012 0.158 0.255 0.033    0.026 0.042 0.007 0.065 0.028 0.045   -976268    0 
27500:    1.00    0.066    0.012 0.158 0.257 0.033    0.026 0.043 0.007 0.065 0.028 0.046   -975828    0 
27600:    1.00    0.058    0.012 0.158 0.255 0.033    0.026 0.042 0.007 0.064 0.028 0.045   -975875    0 
27700:    1.00    0.056    0.012 0.158 0.256 0.034    0.026 0.042 0.007 0.064 0.028 0.046   -974983    0 
27800:    1.00    0.061    0.012 0.162 0.262 0.034    0.026 0.043 0.007 0.066 0.029 0.046   -975003    0 
27900:    1.00    0.078    0.012 0.161 0.259 0.034    0.026 0.043 0.007 0.065 0.029 0.046   -975647    0 

--------------------------------------------
Proportion of membership of each pre-defined
 population in each of the 4 clusters

Given    Inferred Clusters              Number of
 Pop       1      2      3      4      Individuals

  1:     0.185  0.225  0.093  0.496       23
--------------------------------------------

 Rep#:   Lambda   Alpha      F1    F2    F3    F4     D1,2  D1,3  D1,4  D2,3  D2,4  D3,4    Ln Like  Est Ln P(D)
28000:    1.00    0.042    0.012 0.161 0.262 0.034    0.026 0.043 0.007 0.065 0.028 0.046   -974879    0 
28100:    1.00    0.085    0.012 0.161 0.262 0.034    0.026 0.043 0.007 0.066 0.029 0.046   -975317    0 
28200:    1.00    0.058    0.012 0.160 0.262 0.034    0.026 0.044 0.007 0.066 0.029 0.047   -975702    0 
28300:    1.00    0.075    0.012 0.160 0.263 0.034    0.026 0.043 0.007 0.066 0.029 0.046   -975448    0 
28400:    1.00    0.067    0.012 0.160 0.262 0.033    0.026 0.043 0.007 0.065 0.028 0.047   -975392    0 
28500:    1.00    0.058    0.012 0.160 0.262 0.033    0.026 0.043 0.007 0.066 0.029 0.046   -975257    0 
28600:    1.00    0.045    0.012 0.158 0.260 0.033    0.026 0.043 0.007 0.066 0.029 0.046   -975257    0 
28700:    1.00    0.064    0.012 0.158 0.260 0.033    0.026 0.043 0.007 0.065 0.028 0.046   -974894    0 
28800:    1.00    0.047    0.012 0.158 0.261 0.033    0.026 0.043 0.007 0.065 0.028 0.046   -975106    0 
28900:    1.00    0.037    0.012 0.157 0.256 0.033    0.025 0.042 0.007 0.064 0.028 0.045   -975335    0 

--------------------------------------------
Proportion of membership of each pre-defined
 population in each of the 4 clusters

Given    Inferred Clusters              Number of
 Pop       1      2      3      4      Individuals

  1:     0.183  0.232  0.092  0.493       23
--------------------------------------------

 Rep#:   Lambda   Alpha      F1    F2    F3    F4     D1,2  D1,3  D1,4  D2,3  D2,4  D3,4    Ln Like  Est Ln P(D)
29000:    1.00    0.073    0.012 0.155 0.256 0.033    0.026 0.042 0.007 0.064 0.028 0.045   -975743    0 
29100:    1.00    0.067    0.012 0.156 0.257 0.033    0.026 0.042 0.007 0.064 0.028 0.045   -975817    0 
29200:    1.00    0.057    0.013 0.157 0.252 0.033    0.025 0.042 0.007 0.064 0.028 0.045   -975841    0 
29300:    1.00    0.064    0.013 0.161 0.251 0.033    0.026 0.042 0.007 0.064 0.029 0.044   -975241    0 
29400:    1.00    0.074    0.013 0.160 0.252 0.033    0.026 0.041 0.007 0.064 0.028 0.044   -976188    0 
29500:    1.00    0.052    0.013 0.159 0.252 0.033    0.026 0.042 0.007 0.064 0.029 0.045   -975791    0 
29600:    1.00    0.053    0.013 0.160 0.253 0.033    0.026 0.042 0.007 0.064 0.029 0.045   -975750    0 
29700:    1.00    0.085    0.013 0.159 0.255 0.033    0.026 0.042 0.007 0.064 0.029 0.045   -975309    0 
29800:    1.00    0.078    0.013 0.159 0.256 0.033    0.026 0.042 0.007 0.065 0.029 0.045   -975770    0 
29900:    1.00    0.065    0.013 0.161 0.254 0.033    0.026 0.042 0.007 0.064 0.029 0.045   -975216    0 

--------------------------------------------
Proportion of membership of each pre-defined
 population in each of the 4 clusters

Given    Inferred Clusters              Number of
 Pop       1      2      3      4      Individuals

  1:     0.185  0.235  0.092  0.489       23
--------------------------------------------

 Rep#:   Lambda   Alpha      F1    F2    F3    F4     D1,2  D1,3  D1,4  D2,3  D2,4  D3,4    Ln Like  Est Ln P(D)
30000:    1.00    0.095    0.013 0.159 0.257 0.034    0.026 0.042 0.007 0.064 0.028 0.045   -975506    0 
30100:    1.00    0.078    0.013 0.161 0.254 0.035    0.026 0.042 0.007 0.065 0.029 0.045   -975571    0 
30200:    1.00    0.045    0.013 0.162 0.256 0.036    0.026 0.043 0.007 0.065 0.029 0.046   -974900    0 
30300:    1.00    0.056    0.013 0.161 0.260 0.036    0.026 0.043 0.007 0.065 0.029 0.046   -975036    0 
30400:    1.00    0.059    0.013 0.162 0.259 0.036    0.027 0.042 0.007 0.065 0.029 0.046   -975584    0 
30500:    1.00    0.050    0.013 0.161 0.258 0.036    0.026 0.042 0.007 0.065 0.029 0.046   -975369    0 
30600:    1.00    0.051    0.013 0.163 0.255 0.036    0.027 0.042 0.007 0.065 0.029 0.046   -975439    0 
30700:    1.00    0.071    0.013 0.163 0.255 0.036    0.027 0.042 0.007 0.065 0.030 0.046   -975508    0 
30800:    1.00    0.046    0.013 0.163 0.255 0.036    0.027 0.042 0.007 0.065 0.029 0.046   -975543    0 
30900:    1.00    0.077    0.013 0.161 0.251 0.036    0.026 0.041 0.007 0.064 0.029 0.045   -975286    0 

--------------------------------------------
Proportion of membership of each pre-defined
 population in each of the 4 clusters

Given    Inferred Clusters              Number of
 Pop       1      2      3      4      Individuals

  1:     0.191  0.229  0.090  0.490       23
--------------------------------------------

 Rep#:   Lambda   Alpha      F1    F2    F3    F4     D1,2  D1,3  D1,4  D2,3  D2,4  D3,4    Ln Like  Est Ln P(D)
31000:    1.00    0.067    0.013 0.161 0.251 0.036    0.026 0.041 0.007 0.064 0.029 0.045   -975871    0 
31100:    1.00    0.064    0.013 0.163 0.258 0.036    0.027 0.043 0.007 0.065 0.029 0.046   -975515    0 
31200:    1.00    0.064    0.013 0.163 0.256 0.036    0.027 0.042 0.007 0.065 0.029 0.046   -975200    0 
31300:    1.00    0.078    0.013 0.166 0.257 0.036    0.027 0.042 0.007 0.066 0.030 0.046   -975429    0 
31400:    1.00    0.074    0.013 0.164 0.257 0.036    0.027 0.042 0.007 0.065 0.030 0.046   -975497    0 
31500:    1.00    0.073    0.013 0.164 0.258 0.037    0.027 0.042 0.008 0.065 0.030 0.046   -975513    0 
31600:    1.00    0.087    0.013 0.165 0.258 0.037    0.027 0.042 0.008 0.065 0.030 0.046   -975119    0 
31700:    1.00    0.097    0.013 0.165 0.257 0.037    0.027 0.042 0.008 0.065 0.030 0.046   -975336    0 
31800:    1.00    0.063    0.013 0.164 0.258 0.037    0.027 0.042 0.008 0.065 0.030 0.046   -975369    0 
31900:    1.00    0.079    0.013 0.164 0.262 0.037    0.027 0.043 0.008 0.066 0.030 0.047   -975524    0 

--------------------------------------------
Proportion of membership of each pre-defined
 population in each of the 4 clusters

Given    Inferred Clusters              Number of
 Pop       1      2      3      4      Individuals

  1:     0.191  0.239  0.089  0.481       23
--------------------------------------------

 Rep#:   Lambda   Alpha      F1    F2    F3    F4     D1,2  D1,3  D1,4  D2,3  D2,4  D3,4    Ln Like  Est Ln P(D)
32000:    1.00    0.058    0.013 0.164 0.262 0.037    0.027 0.043 0.008 0.066 0.030 0.047   -975041    0 
32100:    1.00    0.061    0.013 0.164 0.264 0.037    0.027 0.043 0.008 0.067 0.030 0.047   -975598    0 
32200:    1.00    0.068    0.013 0.164 0.263 0.037    0.027 0.043 0.008 0.066 0.030 0.047   -975045    0 
32300:    1.00    0.069    0.013 0.163 0.263 0.037    0.027 0.043 0.008 0.066 0.030 0.047   -975576    0 
32400:    1.00    0.065    0.013 0.163 0.264 0.037    0.026 0.043 0.008 0.066 0.029 0.047   -975102    0 
32500:    1.00    0.063    0.013 0.164 0.263 0.037    0.027 0.044 0.008 0.067 0.030 0.047   -974991    0 
32600:    1.00    0.095    0.013 0.164 0.263 0.037    0.026 0.043 0.008 0.066 0.029 0.047   -975139    0 
32700:    1.00    0.089    0.013 0.163 0.264 0.037    0.027 0.043 0.008 0.066 0.029 0.047   -975082    0 
32800:    1.00    0.078    0.013 0.163 0.257 0.037    0.026 0.042 0.008 0.065 0.029 0.046   -975232    0 
32900:    1.00    0.062    0.013 0.163 0.255 0.037    0.027 0.042 0.008 0.065 0.029 0.045   -975423    0 

--------------------------------------------
Proportion of membership of each pre-defined
 population in each of the 4 clusters

Given    Inferred Clusters              Number of
 Pop       1      2      3      4      Individuals

  1:     0.188  0.237  0.091  0.485       23
--------------------------------------------

 Rep#:   Lambda   Alpha      F1    F2    F3    F4     D1,2  D1,3  D1,4  D2,3  D2,4  D3,4    Ln Like  Est Ln P(D)
33000:    1.00    0.075    0.013 0.163 0.255 0.038    0.027 0.042 0.008 0.066 0.030 0.046   -975130    0 
33100:    1.00    0.063    0.013 0.163 0.253 0.038    0.027 0.042 0.008 0.064 0.030 0.046   -975216    0 
33200:    1.00    0.067    0.013 0.165 0.255 0.038    0.027 0.042 0.008 0.065 0.030 0.046   -974916    0 
33300:    1.00    0.066    0.013 0.162 0.255 0.037    0.026 0.042 0.008 0.064 0.029 0.045   -975617    0 
33400:    1.00    0.058    0.013 0.163 0.254 0.037    0.026 0.042 0.008 0.065 0.029 0.045   -975816    0 
33500:    1.00    0.063    0.013 0.160 0.255 0.037    0.026 0.042 0.008 0.065 0.029 0.046   -975063    0 
33600:    1.00    0.062    0.013 0.160 0.257 0.037    0.026 0.042 0.008 0.065 0.029 0.046   -974855    0 
33700:    1.00    0.063    0.013 0.160 0.256 0.037    0.026 0.042 0.008 0.064 0.029 0.046   -975601    0 
33800:    1.00    0.056    0.013 0.160 0.255 0.037    0.026 0.042 0.008 0.065 0.029 0.046   -975251    0 
33900:    1.00    0.055    0.013 0.157 0.255 0.037    0.026 0.042 0.008 0.064 0.029 0.046   -974995    0 

--------------------------------------------
Proportion of membership of each pre-defined
 population in each of the 4 clusters

Given    Inferred Clusters              Number of
 Pop       1      2      3      4      Individuals

  1:     0.187  0.240  0.092  0.480       23
--------------------------------------------

 Rep#:   Lambda   Alpha      F1    F2    F3    F4     D1,2  D1,3  D1,4  D2,3  D2,4  D3,4    Ln Like  Est Ln P(D)
34000:    1.00    0.051    0.013 0.157 0.256 0.037    0.026 0.042 0.008 0.064 0.029 0.046   -974926    0 
34100:    1.00    0.062    0.013 0.159 0.257 0.038    0.026 0.043 0.008 0.065 0.029 0.046   -974729    0 
34200:    1.00    0.063    0.013 0.158 0.253 0.038    0.026 0.042 0.008 0.064 0.029 0.046   -974428    0 
34300:    1.00    0.073    0.013 0.158 0.251 0.037    0.026 0.041 0.008 0.064 0.029 0.045   -974618    0 
34400:    1.00    0.055    0.013 0.156 0.248 0.038    0.026 0.041 0.008 0.063 0.029 0.045   -975285    0 
34500:    1.00    0.092    0.013 0.157 0.249 0.038    0.026 0.041 0.008 0.063 0.029 0.045   -974888    0 
34600:    1.00    0.044    0.013 0.156 0.249 0.038    0.026 0.041 0.008 0.063 0.029 0.045   -975348    0 
34700:    1.00    0.072    0.013 0.158 0.251 0.038    0.026 0.042 0.008 0.064 0.029 0.045   -974817    0 
34800:    1.00    0.050    0.013 0.158 0.250 0.038    0.026 0.041 0.008 0.063 0.029 0.045   -975101    0 
34900:    1.00    0.096    0.013 0.158 0.249 0.038    0.026 0.041 0.008 0.063 0.029 0.045   -974604    0 

--------------------------------------------
Proportion of membership of each pre-defined
 population in each of the 4 clusters

Given    Inferred Clusters              Number of
 Pop       1      2      3      4      Individuals

  1:     0.191  0.245  0.090  0.473       23
--------------------------------------------

 Rep#:   Lambda   Alpha      F1    F2    F3    F4     D1,2  D1,3  D1,4  D2,3  D2,4  D3,4    Ln Like  Est Ln P(D)
35000:    1.00    0.074    0.013 0.157 0.249 0.038    0.026 0.041 0.008 0.063 0.029 0.044   -975637    0 
35100:    1.00    0.059    0.013 0.156 0.246 0.038    0.026 0.041 0.008 0.062 0.029 0.044   -975447    0 
35200:    1.00    0.091    0.013 0.155 0.247 0.038    0.026 0.041 0.008 0.062 0.029 0.044   -974827    0 
35300:    1.00    0.087    0.013 0.155 0.246 0.038    0.026 0.041 0.008 0.063 0.029 0.045   -975196    0 
35400:    1.00    0.105    0.013 0.155 0.252 0.038    0.026 0.041 0.008 0.063 0.029 0.045   -975700    0 
35500:    1.00    0.102    0.013 0.155 0.250 0.040    0.026 0.042 0.008 0.064 0.029 0.046   -974957    0 
35600:    1.00    0.078    0.013 0.156 0.251 0.040    0.026 0.042 0.008 0.063 0.029 0.045   -975467    0 
35700:    1.00    0.077    0.013 0.155 0.249 0.040    0.026 0.041 0.008 0.063 0.029 0.045   -975097    0 
35800:    1.00    0.084    0.013 0.155 0.249 0.041    0.026 0.041 0.008 0.063 0.029 0.045   -975275    0 
35900:    1.00    0.096    0.013 0.155 0.252 0.041    0.026 0.042 0.008 0.064 0.029 0.046   -974986    0 

--------------------------------------------
Proportion of membership of each pre-defined
 population in each of the 4 clusters

Given    Inferred Clusters              Number of
 Pop       1      2      3      4      Individuals

  1:     0.191  0.245  0.090  0.473       23
--------------------------------------------

 Rep#:   Lambda   Alpha      F1    F2    F3    F4     D1,2  D1,3  D1,4  D2,3  D2,4  D3,4    Ln Like  Est Ln P(D)
36000:    1.00    0.091    0.013 0.155 0.253 0.041    0.026 0.042 0.008 0.064 0.029 0.046   -975243    0 
36100:    1.00    0.058    0.013 0.155 0.254 0.041    0.025 0.042 0.008 0.063 0.029 0.046   -975527    0 
36200:    1.00    0.091    0.013 0.156 0.253 0.041    0.026 0.042 0.008 0.064 0.029 0.046   -975334    0 
36300:    1.00    0.098    0.013 0.156 0.257 0.041    0.026 0.042 0.008 0.064 0.029 0.046   -974683    0 
36400:    1.00    0.073    0.013 0.158 0.253 0.041    0.025 0.041 0.008 0.063 0.029 0.045   -974600    0 
36500:    1.00    0.116    0.013 0.157 0.253 0.041    0.026 0.042 0.008 0.064 0.030 0.046   -974202    0 
36600:    1.00    0.120    0.014 0.159 0.253 0.041    0.026 0.043 0.008 0.065 0.030 0.046   -975104    0 
36700:    1.00    0.083    0.014 0.159 0.253 0.041    0.026 0.042 0.008 0.064 0.029 0.046   -975272    0 
36800:    1.00    0.111    0.014 0.160 0.252 0.041    0.026 0.042 0.008 0.064 0.030 0.046   -975179    0 
36900:    1.00    0.072    0.014 0.161 0.255 0.042    0.026 0.042 0.008 0.065 0.030 0.047   -974227    0 

--------------------------------------------
Proportion of membership of each pre-defined
 population in each of the 4 clusters

Given    Inferred Clusters              Number of
 Pop       1      2      3      4      Individuals

  1:     0.195  0.240  0.092  0.474       23
--------------------------------------------

 Rep#:   Lambda   Alpha      F1    F2    F3    F4     D1,2  D1,3  D1,4  D2,3  D2,4  D3,4    Ln Like  Est Ln P(D)
37000:    1.00    0.096    0.014 0.161 0.256 0.042    0.026 0.042 0.008 0.064 0.029 0.046   -975120    0 
37100:    1.00    0.056    0.014 0.161 0.264 0.042    0.026 0.044 0.008 0.066 0.030 0.047   -974672    0 
37200:    1.00    0.096    0.014 0.161 0.259 0.041    0.026 0.043 0.008 0.065 0.030 0.047   -974657    0 
37300:    1.00    0.081    0.014 0.161 0.261 0.041    0.026 0.043 0.008 0.065 0.030 0.047   -974592    0 
37400:    1.00    0.064    0.014 0.161 0.258 0.041    0.026 0.043 0.008 0.065 0.029 0.047   -974704    0 
37500:    1.00    0.075    0.014 0.161 0.259 0.041    0.026 0.043 0.008 0.065 0.030 0.047   -974746    0 
37600:    1.00    0.056    0.014 0.160 0.258 0.041    0.026 0.042 0.008 0.065 0.030 0.046   -975108    0 
37700:    1.00    0.080    0.014 0.160 0.258 0.041    0.026 0.043 0.008 0.065 0.030 0.046   -974209    0 
37800:    1.00    0.105    0.014 0.160 0.256 0.041    0.026 0.042 0.008 0.065 0.029 0.046   -975178    0 
37900:    1.00    0.090    0.014 0.160 0.259 0.040    0.026 0.043 0.008 0.065 0.030 0.047   -974622    0 

--------------------------------------------
Proportion of membership of each pre-defined
 population in each of the 4 clusters

Given    Inferred Clusters              Number of
 Pop       1      2      3      4      Individuals

  1:     0.198  0.236  0.093  0.473       23
--------------------------------------------

 Rep#:   Lambda   Alpha      F1    F2    F3    F4     D1,2  D1,3  D1,4  D2,3  D2,4  D3,4    Ln Like  Est Ln P(D)
38000:    1.00    0.092    0.014 0.160 0.259 0.040    0.026 0.043 0.008 0.065 0.030 0.046   -974414    0 
38100:    1.00    0.058    0.014 0.163 0.259 0.040    0.027 0.043 0.008 0.065 0.030 0.046   -974817    0 
38200:    1.00    0.073    0.014 0.164 0.262 0.041    0.027 0.043 0.008 0.066 0.030 0.047   -975215    0 
38300:    1.00    0.060    0.014 0.164 0.255 0.041    0.027 0.042 0.008 0.065 0.030 0.046   -974413    0 
38400:    1.00    0.090    0.014 0.164 0.256 0.041    0.027 0.042 0.008 0.065 0.030 0.046   -974827    0 
38500:    1.00    0.073    0.014 0.162 0.255 0.041    0.027 0.042 0.008 0.064 0.030 0.046   -975087    0 
38600:    1.00    0.066    0.014 0.161 0.253 0.041    0.026 0.042 0.008 0.064 0.030 0.046   -974616    0 
38700:    1.00    0.090    0.014 0.162 0.251 0.041    0.027 0.042 0.008 0.063 0.030 0.046   -974515    0 
38800:    1.00    0.080    0.014 0.162 0.252 0.042    0.026 0.042 0.008 0.064 0.030 0.046   -974849    0 
38900:    1.00    0.078    0.014 0.164 0.249 0.042    0.027 0.042 0.009 0.064 0.030 0.046   -974908    0 

--------------------------------------------
Proportion of membership of each pre-defined
 population in each of the 4 clusters

Given    Inferred Clusters              Number of
 Pop       1      2      3      4      Individuals

  1:     0.196  0.241  0.094  0.469       23
--------------------------------------------

 Rep#:   Lambda   Alpha      F1    F2    F3    F4     D1,2  D1,3  D1,4  D2,3  D2,4  D3,4    Ln Like  Est Ln P(D)
39000:    1.00    0.088    0.014 0.165 0.251 0.042    0.027 0.042 0.009 0.065 0.030 0.046   -974465    0 
39100:    1.00    0.071    0.014 0.165 0.257 0.042    0.026 0.042 0.008 0.065 0.030 0.047   -974937    0 
39200:    1.00    0.072    0.014 0.164 0.261 0.042    0.027 0.044 0.009 0.066 0.031 0.048   -974728    0 
39300:    1.00    0.090    0.014 0.164 0.261 0.042    0.027 0.043 0.009 0.066 0.030 0.047   -974914    0 
39400:    1.00    0.078    0.014 0.163 0.260 0.042    0.027 0.043 0.008 0.066 0.031 0.047   -974205    0 
39500:    1.00    0.091    0.014 0.163 0.261 0.042    0.027 0.043 0.009 0.066 0.030 0.047   -975347    0 
39600:    1.00    0.082    0.014 0.163 0.259 0.042    0.027 0.043 0.009 0.066 0.031 0.047   -974399    0 
39700:    1.00    0.088    0.014 0.160 0.261 0.042    0.026 0.043 0.009 0.066 0.030 0.048   -975125    0 
39800:    1.00    0.075    0.014 0.160 0.261 0.042    0.026 0.043 0.009 0.066 0.030 0.048   -974759    0 
39900:    1.00    0.045    0.014 0.159 0.263 0.042    0.026 0.043 0.009 0.065 0.030 0.047   -975232    0 

--------------------------------------------
Proportion of membership of each pre-defined
 population in each of the 4 clusters

Given    Inferred Clusters              Number of
 Pop       1      2      3      4      Individuals

  1:     0.196  0.241  0.093  0.470       23
--------------------------------------------

 Rep#:   Lambda   Alpha      F1    F2    F3    F4     D1,2  D1,3  D1,4  D2,3  D2,4  D3,4    Ln Like  Est Ln P(D)
40000:    1.00    0.111    0.014 0.159 0.263 0.042    0.026 0.044 0.008 0.066 0.030 0.047   -974443    0 
40100:    1.00    0.099    0.014 0.155 0.265 0.042    0.025 0.044 0.008 0.064 0.029 0.047   -974486    0 
40200:    1.00    0.104    0.014 0.157 0.265 0.042    0.026 0.043 0.009 0.065 0.030 0.047   -974928    0 
40300:    1.00    0.057    0.014 0.158 0.264 0.042    0.026 0.044 0.009 0.066 0.030 0.048   -974448    0 
40400:    1.00    0.086    0.014 0.159 0.266 0.042    0.026 0.044 0.008 0.066 0.030 0.048   -974615    0 
40500:    1.00    0.063    0.014 0.159 0.268 0.042    0.026 0.044 0.009 0.066 0.030 0.048   -974645    0 
40600:    1.00    0.070    0.014 0.158 0.270 0.042    0.026 0.045 0.008 0.066 0.029 0.049   -974722    0 
40700:    1.00    0.100    0.014 0.158 0.268 0.042    0.026 0.044 0.008 0.066 0.029 0.049   -975403    0 
40800:    1.00    0.107    0.014 0.158 0.265 0.042    0.026 0.044 0.009 0.066 0.030 0.048   -975284    0 
40900:    1.00    0.087    0.014 0.160 0.266 0.042    0.026 0.044 0.009 0.066 0.030 0.048   -975410    0 

--------------------------------------------
Proportion of membership of each pre-defined
 population in each of the 4 clusters

Given    Inferred Clusters              Number of
 Pop       1      2      3      4      Individuals

  1:     0.194  0.243  0.092  0.471       23
--------------------------------------------

 Rep#:   Lambda   Alpha      F1    F2    F3    F4     D1,2  D1,3  D1,4  D2,3  D2,4  D3,4    Ln Like  Est Ln P(D)
41000:    1.00    0.097    0.014 0.163 0.268 0.042    0.027 0.044 0.009 0.067 0.030 0.048   -975082    0 
41100:    1.00    0.064    0.014 0.160 0.264 0.042    0.027 0.044 0.009 0.066 0.030 0.048   -974746    0 
41200:    1.00    0.079    0.014 0.161 0.267 0.042    0.026 0.044 0.008 0.066 0.030 0.048   -974751    0 
41300:    1.00    0.073    0.014 0.161 0.267 0.042    0.027 0.044 0.008 0.066 0.030 0.048   -974633    0 
41400:    1.00    0.068    0.014 0.160 0.266 0.042    0.026 0.044 0.009 0.066 0.030 0.048   -974367    0 
41500:    1.00    0.078    0.014 0.160 0.265 0.042    0.026 0.044 0.009 0.066 0.030 0.048   -974652    0 
41600:    1.00    0.076    0.014 0.160 0.261 0.042    0.026 0.043 0.009 0.065 0.029 0.047   -974365    0 
41700:    1.00    0.093    0.014 0.160 0.261 0.041    0.026 0.043 0.008 0.065 0.029 0.047   -974505    0 
41800:    1.00    0.081    0.014 0.162 0.264 0.041    0.027 0.044 0.008 0.066 0.030 0.048   -974559    0 
41900:    1.00    0.088    0.014 0.163 0.259 0.041    0.027 0.043 0.008 0.065 0.030 0.047   -974102    0 

--------------------------------------------
Proportion of membership of each pre-defined
 population in each of the 4 clusters

Given    Inferred Clusters              Number of
 Pop       1      2      3      4      Individuals

  1:     0.199  0.246  0.093  0.463       23
--------------------------------------------

 Rep#:   Lambda   Alpha      F1    F2    F3    F4     D1,2  D1,3  D1,4  D2,3  D2,4  D3,4    Ln Like  Est Ln P(D)
42000:    1.00    0.083    0.014 0.164 0.260 0.041    0.027 0.043 0.008 0.065 0.030 0.047   -974639    0 
42100:    1.00    0.082    0.014 0.163 0.262 0.041    0.027 0.043 0.008 0.065 0.030 0.047   -974351    0 
42200:    1.00    0.075    0.014 0.162 0.264 0.041    0.026 0.044 0.008 0.066 0.030 0.047   -974640    0 
42300:    1.00    0.084    0.014 0.162 0.263 0.041    0.027 0.044 0.008 0.066 0.030 0.047   -974561    0 
42400:    1.00    0.091    0.014 0.161 0.260 0.041    0.027 0.043 0.008 0.065 0.030 0.047   -974754    0 
42500:    1.00    0.071    0.014 0.162 0.255 0.041    0.027 0.042 0.008 0.064 0.030 0.046   -974876    0 
42600:    1.00    0.084    0.014 0.161 0.254 0.041    0.026 0.043 0.008 0.065 0.030 0.046   -975130    0 
42700:    1.00    0.067    0.014 0.161 0.251 0.041    0.026 0.041 0.008 0.063 0.030 0.045   -974592    0 
42800:    1.00    0.074    0.014 0.162 0.251 0.041    0.027 0.042 0.008 0.064 0.030 0.046   -975605    0 
42900:    1.00    0.059    0.014 0.162 0.257 0.040    0.027 0.042 0.008 0.065 0.030 0.046   -974453    0 

--------------------------------------------
Proportion of membership of each pre-defined
 population in each of the 4 clusters

Given    Inferred Clusters              Number of
 Pop       1      2      3      4      Individuals

  1:     0.199  0.239  0.092  0.470       23
--------------------------------------------

 Rep#:   Lambda   Alpha      F1    F2    F3    F4     D1,2  D1,3  D1,4  D2,3  D2,4  D3,4    Ln Like  Est Ln P(D)
43000:    1.00    0.077    0.014 0.163 0.257 0.040    0.027 0.043 0.008 0.065 0.030 0.046   -974850    0 
43100:    1.00    0.079    0.014 0.160 0.259 0.041    0.026 0.043 0.008 0.065 0.030 0.047   -974657    0 
43200:    1.00    0.078    0.014 0.161 0.259 0.041    0.027 0.043 0.008 0.065 0.030 0.047   -974629    0 
43300:    1.00    0.068    0.014 0.161 0.258 0.041    0.026 0.043 0.009 0.065 0.030 0.047   -975032    0 
43400:    1.00    0.060    0.014 0.161 0.259 0.041    0.026 0.043 0.009 0.065 0.030 0.047   -974977    0 
43500:    1.00    0.118    0.014 0.160 0.257 0.041    0.026 0.043 0.008 0.065 0.029 0.047   -975457    0 
43600:    1.00    0.100    0.014 0.160 0.259 0.041    0.026 0.042 0.008 0.065 0.029 0.046   -975394    0 
43700:    1.00    0.079    0.014 0.160 0.260 0.042    0.026 0.044 0.009 0.066 0.030 0.048   -974972    0 
43800:    1.00    0.054    0.014 0.161 0.265 0.042    0.027 0.044 0.009 0.066 0.030 0.048   -974476    0 
43900:    1.00    0.038    0.014 0.161 0.263 0.042    0.027 0.044 0.009 0.066 0.030 0.048   -974657    0 

--------------------------------------------
Proportion of membership of each pre-defined
 population in each of the 4 clusters

Given    Inferred Clusters              Number of
 Pop       1      2      3      4      Individuals

  1:     0.201  0.251  0.091  0.457       23
--------------------------------------------

 Rep#:   Lambda   Alpha      F1    F2    F3    F4     D1,2  D1,3  D1,4  D2,3  D2,4  D3,4    Ln Like  Est Ln P(D)
44000:    1.00    0.075    0.014 0.160 0.263 0.042    0.026 0.044 0.009 0.065 0.030 0.048   -974786    0 
44100:    1.00    0.060    0.014 0.160 0.263 0.042    0.026 0.044 0.009 0.066 0.030 0.047   -974118    0 
44200:    1.00    0.118    0.014 0.160 0.261 0.043    0.026 0.044 0.009 0.065 0.030 0.047   -974982    0 
44300:    1.00    0.085    0.014 0.161 0.261 0.043    0.026 0.043 0.009 0.065 0.030 0.047   -974759    0 
44400:    1.00    0.101    0.014 0.162 0.261 0.043    0.027 0.043 0.009 0.066 0.030 0.047   -974972    0 
44500:    1.00    0.098    0.014 0.165 0.261 0.043    0.027 0.043 0.009 0.066 0.031 0.047   -974550    0 
44600:    1.00    0.054    0.014 0.166 0.260 0.044    0.027 0.043 0.009 0.066 0.031 0.047   -975066    0 
44700:    1.00    0.046    0.014 0.163 0.258 0.044    0.027 0.043 0.009 0.066 0.031 0.047   -974969    0 
44800:    1.00    0.089    0.014 0.164 0.254 0.044    0.027 0.042 0.009 0.065 0.031 0.046   -974151    0 
44900:    1.00    0.087    0.014 0.165 0.258 0.043    0.027 0.042 0.009 0.065 0.030 0.047   -974733    0 

--------------------------------------------
Proportion of membership of each pre-defined
 population in each of the 4 clusters

Given    Inferred Clusters              Number of
 Pop       1      2      3      4      Individuals

  1:     0.200  0.240  0.090  0.469       23
--------------------------------------------

 Rep#:   Lambda   Alpha      F1    F2    F3    F4     D1,2  D1,3  D1,4  D2,3  D2,4  D3,4    Ln Like  Est Ln P(D)
45000:    1.00    0.071    0.014 0.163 0.258 0.043    0.027 0.043 0.009 0.065 0.030 0.047   -974467    0 
45100:    1.00    0.092    0.014 0.164 0.257 0.043    0.027 0.043 0.009 0.066 0.031 0.047   -974528    0 
45200:    1.00    0.050    0.014 0.162 0.258 0.043    0.027 0.043 0.009 0.065 0.030 0.047   -974781    0 
45300:    1.00    0.086    0.014 0.164 0.261 0.043    0.027 0.043 0.009 0.065 0.031 0.047   -974574    0 
45400:    1.00    0.085    0.014 0.163 0.260 0.043    0.027 0.044 0.009 0.066 0.030 0.048   -974238    0 
45500:    1.00    0.126    0.014 0.163 0.259 0.042    0.027 0.043 0.009 0.066 0.030 0.047   -974791    0 
45600:    1.00    0.082    0.014 0.162 0.259 0.042    0.027 0.043 0.009 0.066 0.030 0.047   -974813    0 
45700:    1.00    0.079    0.014 0.162 0.258 0.042    0.026 0.043 0.009 0.065 0.030 0.047   -974536    0 
45800:    1.00    0.063    0.014 0.161 0.258 0.042    0.026 0.043 0.008 0.065 0.030 0.047   -974669    0 
45900:    1.00    0.057    0.014 0.160 0.259 0.042    0.027 0.043 0.008 0.065 0.030 0.047   -974963    0 

--------------------------------------------
Proportion of membership of each pre-defined
 population in each of the 4 clusters

Given    Inferred Clusters              Number of
 Pop       1      2      3      4      Individuals

  1:     0.200  0.244  0.089  0.467       23
--------------------------------------------

 Rep#:   Lambda   Alpha      F1    F2    F3    F4     D1,2  D1,3  D1,4  D2,3  D2,4  D3,4    Ln Like  Est Ln P(D)
46000:    1.00    0.058    0.014 0.161 0.256 0.041    0.026 0.043 0.008 0.065 0.030 0.047   -975186    0 
46100:    1.00    0.065    0.014 0.160 0.258 0.041    0.026 0.043 0.008 0.065 0.030 0.047   -974777    0 
46200:    1.00    0.077    0.014 0.161 0.256 0.041    0.027 0.043 0.008 0.064 0.030 0.046   -975255    0 
46300:    1.00    0.105    0.014 0.158 0.261 0.041    0.026 0.044 0.009 0.065 0.030 0.048   -974363    0 
46400:    1.00    0.093    0.014 0.159 0.262 0.041    0.026 0.043 0.008 0.065 0.030 0.047   -974856    0 
46500:    1.00    0.069    0.014 0.159 0.263 0.041    0.026 0.044 0.008 0.066 0.029 0.047   -974540    0 
46600:    1.00    0.066    0.014 0.159 0.257 0.041    0.026 0.042 0.008 0.065 0.030 0.046   -975031    0 
46700:    1.00    0.091    0.014 0.158 0.258 0.041    0.026 0.043 0.009 0.064 0.029 0.047   -974338    0 
46800:    1.00    0.119    0.014 0.158 0.257 0.041    0.026 0.043 0.008 0.065 0.029 0.047   -974532    0 
46900:    1.00    0.088    0.014 0.158 0.260 0.041    0.026 0.043 0.009 0.065 0.030 0.047   -974469    0 

--------------------------------------------
Proportion of membership of each pre-defined
 population in each of the 4 clusters

Given    Inferred Clusters              Number of
 Pop       1      2      3      4      Individuals

  1:     0.194  0.247  0.093  0.466       23
--------------------------------------------

 Rep#:   Lambda   Alpha      F1    F2    F3    F4     D1,2  D1,3  D1,4  D2,3  D2,4  D3,4    Ln Like  Est Ln P(D)
47000:    1.00    0.097    0.014 0.158 0.258 0.041    0.026 0.042 0.009 0.064 0.029 0.046   -974673    0 
47100:    1.00    0.068    0.014 0.158 0.257 0.041    0.026 0.042 0.008 0.064 0.029 0.046   -974317    0 
47200:    1.00    0.056    0.014 0.157 0.257 0.041    0.026 0.043 0.008 0.065 0.029 0.047   -975030    0 
47300:    1.00    0.063    0.014 0.157 0.258 0.041    0.026 0.043 0.008 0.065 0.029 0.047   -974483    0 
47400:    1.00    0.085    0.014 0.158 0.259 0.040    0.026 0.043 0.008 0.065 0.030 0.046   -974961    0 
47500:    1.00    0.084    0.014 0.159 0.258 0.040    0.026 0.043 0.008 0.065 0.030 0.046   -974445    0 
47600:    1.00    0.091    0.014 0.160 0.259 0.040    0.026 0.043 0.008 0.064 0.030 0.046   -975358    0 
47700:    1.00    0.101    0.014 0.160 0.258 0.040    0.026 0.043 0.008 0.065 0.029 0.046   -974936    0 
47800:    1.00    0.070    0.014 0.160 0.255 0.040    0.026 0.043 0.008 0.064 0.029 0.046   -975203    0 
47900:    1.00    0.090    0.014 0.160 0.250 0.040    0.026 0.041 0.008 0.064 0.029 0.045   -975350    0 

--------------------------------------------
Proportion of membership of each pre-defined
 population in each of the 4 clusters

Given    Inferred Clusters              Number of
 Pop       1      2      3      4      Individuals

  1:     0.196  0.246  0.091  0.467       23
--------------------------------------------

 Rep#:   Lambda   Alpha      F1    F2    F3    F4     D1,2  D1,3  D1,4  D2,3  D2,4  D3,4    Ln Like  Est Ln P(D)
48000:    1.00    0.121    0.014 0.159 0.257 0.040    0.026 0.043 0.008 0.066 0.030 0.047   -974541    0 
48100:    1.00    0.148    0.014 0.160 0.255 0.040    0.026 0.042 0.008 0.064 0.029 0.046   -974551    0 
48200:    1.00    0.115    0.014 0.159 0.255 0.040    0.026 0.042 0.008 0.063 0.029 0.045   -974972    0 
48300:    1.00    0.098    0.014 0.159 0.258 0.040    0.026 0.043 0.008 0.065 0.029 0.047   -975002    0 
48400:    1.00    0.119    0.014 0.159 0.256 0.040    0.026 0.043 0.008 0.064 0.029 0.046   -975116    0 
48500:    1.00    0.102    0.014 0.158 0.255 0.040    0.026 0.042 0.008 0.064 0.029 0.046   -974882    0 
48600:    1.00    0.118    0.014 0.157 0.251 0.040    0.026 0.042 0.008 0.064 0.029 0.046   -975141    0 
48700:    1.00    0.103    0.014 0.159 0.256 0.040    0.026 0.043 0.008 0.065 0.029 0.046   -974839    0 
48800:    1.00    0.106    0.014 0.159 0.256 0.039    0.026 0.042 0.008 0.064 0.029 0.046   -974948    0 
48900:    1.00    0.078    0.014 0.161 0.256 0.040    0.026 0.043 0.008 0.064 0.029 0.046   -975058    0 

--------------------------------------------
Proportion of membership of each pre-defined
 population in each of the 4 clusters

Given    Inferred Clusters              Number of
 Pop       1      2      3      4      Individuals

  1:     0.194  0.242  0.091  0.473       23
--------------------------------------------

 Rep#:   Lambda   Alpha      F1    F2    F3    F4     D1,2  D1,3  D1,4  D2,3  D2,4  D3,4    Ln Like  Est Ln P(D)
49000:    1.00    0.083    0.014 0.162 0.256 0.040    0.026 0.043 0.008 0.065 0.029 0.047   -975121    0 
49100:    1.00    0.078    0.015 0.164 0.255 0.040    0.027 0.043 0.008 0.065 0.030 0.046   -975026    0 
49200:    1.00    0.083    0.015 0.164 0.254 0.040    0.027 0.042 0.008 0.065 0.030 0.046   -975107    0 
49300:    1.00    0.077    0.015 0.166 0.253 0.040    0.027 0.042 0.008 0.065 0.030 0.046   -975125    0 
49400:    1.00    0.099    0.015 0.169 0.254 0.040    0.028 0.042 0.008 0.066 0.031 0.045   -974747    0 
49500:    1.00    0.082    0.015 0.169 0.256 0.040    0.028 0.042 0.008 0.066 0.031 0.046   -974673    0 
49600:    1.00    0.091    0.015 0.171 0.258 0.040    0.028 0.043 0.008 0.067 0.031 0.047   -974828    0 
49700:    1.00    0.106    0.015 0.171 0.258 0.040    0.028 0.043 0.008 0.066 0.031 0.047   -974905    0 
49800:    1.00    0.080    0.015 0.173 0.253 0.041    0.029 0.042 0.008 0.066 0.032 0.046   -974643    0 
49900:    1.00    0.082    0.015 0.172 0.256 0.041    0.028 0.043 0.008 0.066 0.031 0.047   -975008    0 

--------------------------------------------
Proportion of membership of each pre-defined
 population in each of the 4 clusters

Given    Inferred Clusters              Number of
 Pop       1      2      3      4      Individuals

  1:     0.199  0.236  0.091  0.474       23
--------------------------------------------

 Rep#:   Lambda   Alpha      F1    F2    F3    F4     D1,2  D1,3  D1,4  D2,3  D2,4  D3,4    Ln Like  Est Ln P(D)
50000:    1.00    0.106    0.015 0.172 0.255 0.041    0.028 0.043 0.009 0.066 0.031 0.046   -974911    0 
50100:    1.00    0.077    0.014 0.171 0.254 0.041    0.028 0.042 0.008 0.065 0.031 0.045   -974759    0 
50200:    1.00    0.069    0.014 0.171 0.251 0.041    0.028 0.041 0.009 0.066 0.031 0.046   -974548    0 
50300:    1.00    0.088    0.014 0.170 0.250 0.041    0.028 0.042 0.009 0.065 0.031 0.046   -974888    0 
50400:    1.00    0.066    0.014 0.171 0.250 0.041    0.028 0.042 0.008 0.065 0.031 0.045   -974814    0 
50500:    1.00    0.074    0.014 0.170 0.250 0.041    0.028 0.042 0.008 0.066 0.031 0.046   -975152    0 
50600:    1.00    0.091    0.015 0.170 0.250 0.041    0.028 0.041 0.008 0.065 0.031 0.045   -974514    0 
50700:    1.00    0.087    0.015 0.172 0.251 0.040    0.028 0.042 0.008 0.066 0.031 0.046   -974995    0 
50800:    1.00    0.100    0.015 0.172 0.253 0.040    0.028 0.042 0.008 0.065 0.031 0.046   -974782    0 
50900:    1.00    0.056    0.015 0.172 0.262 0.040    0.028 0.043 0.008 0.066 0.031 0.047   -974902    0 

--------------------------------------------
Proportion of membership of each pre-defined
 population in each of the 4 clusters

Given    Inferred Clusters              Number of
 Pop       1      2      3      4      Individuals

  1:     0.198  0.234  0.090  0.478       23
--------------------------------------------

 Rep#:   Lambda   Alpha      F1    F2    F3    F4     D1,2  D1,3  D1,4  D2,3  D2,4  D3,4    Ln Like  Est Ln P(D)
51000:    1.00    0.079    0.015 0.172 0.264 0.040    0.028 0.044 0.008 0.067 0.031 0.048   -974697    0 
51100:    1.00    0.065    0.015 0.173 0.264 0.041    0.028 0.044 0.009 0.068 0.031 0.048   -974778    0 
51200:    1.00    0.057    0.015 0.170 0.265 0.041    0.028 0.044 0.008 0.067 0.031 0.047   -974466    0 
51300:    1.00    0.076    0.015 0.169 0.265 0.041    0.028 0.044 0.008 0.067 0.031 0.047   -974489    0 
51400:    1.00    0.073    0.015 0.172 0.265 0.041    0.028 0.044 0.009 0.067 0.031 0.048   -974527    0 
51500:    1.00    0.121    0.015 0.172 0.263 0.041    0.028 0.043 0.009 0.067 0.032 0.047   -974836    0 
51600:    1.00    0.101    0.015 0.169 0.261 0.041    0.028 0.043 0.009 0.067 0.031 0.047   -974962    0 
51700:    1.00    0.131    0.015 0.171 0.261 0.041    0.028 0.043 0.008 0.067 0.031 0.047   -975019    0 
51800:    1.00    0.136    0.015 0.170 0.261 0.041    0.028 0.043 0.008 0.066 0.031 0.047   -975280    0 
51900:    1.00    0.127    0.015 0.171 0.260 0.041    0.028 0.043 0.008 0.067 0.031 0.046   -974898    0 

--------------------------------------------
Proportion of membership of each pre-defined
 population in each of the 4 clusters

Given    Inferred Clusters              Number of
 Pop       1      2      3      4      Individuals

  1:     0.203  0.232  0.091  0.473       23
--------------------------------------------

 Rep#:   Lambda   Alpha      F1    F2    F3    F4     D1,2  D1,3  D1,4  D2,3  D2,4  D3,4    Ln Like  Est Ln P(D)
52000:    1.00    0.138    0.015 0.174 0.260 0.041    0.028 0.043 0.009 0.067 0.031 0.047   -974616    0 
52100:    1.00    0.093    0.015 0.174 0.257 0.040    0.029 0.043 0.008 0.067 0.032 0.046   -974936    0 
52200:    1.00    0.116    0.015 0.173 0.258 0.040    0.028 0.043 0.008 0.067 0.031 0.046   -974726    0 
52300:    1.00    0.110    0.015 0.171 0.257 0.040    0.028 0.043 0.008 0.066 0.031 0.047   -975103    0 
52400:    1.00    0.077    0.015 0.170 0.255 0.040    0.028 0.042 0.008 0.066 0.030 0.046   -975744    0 
52500:    1.00    0.078    0.015 0.170 0.256 0.040    0.028 0.043 0.008 0.066 0.031 0.047   -975067    0 
52600:    1.00    0.057    0.015 0.170 0.254 0.040    0.028 0.042 0.008 0.067 0.031 0.047   -975182    0 
52700:    1.00    0.064    0.015 0.173 0.254 0.040    0.028 0.042 0.008 0.066 0.031 0.046   -975421    0 
52800:    1.00    0.084    0.015 0.171 0.252 0.040    0.028 0.042 0.008 0.066 0.031 0.045   -975100    0 
52900:    1.00    0.083    0.015 0.173 0.250 0.040    0.028 0.042 0.008 0.066 0.031 0.046   -974936    0 

--------------------------------------------
Proportion of membership of each pre-defined
 population in each of the 4 clusters

Given    Inferred Clusters              Number of
 Pop       1      2      3      4      Individuals

  1:     0.200  0.229  0.093  0.478       23
--------------------------------------------

 Rep#:   Lambda   Alpha      F1    F2    F3    F4     D1,2  D1,3  D1,4  D2,3  D2,4  D3,4    Ln Like  Est Ln P(D)
53000:    1.00    0.093    0.015 0.173 0.250 0.040    0.029 0.042 0.008 0.066 0.032 0.045   -974702    0 
53100:    1.00    0.068    0.015 0.173 0.256 0.040    0.028 0.042 0.008 0.067 0.031 0.046   -975426    0 
53200:    1.00    0.105    0.015 0.172 0.260 0.040    0.028 0.043 0.008 0.067 0.031 0.047   -974901    0 
53300:    1.00    0.079    0.015 0.170 0.259 0.040    0.028 0.043 0.008 0.067 0.031 0.047   -975281    0 
53400:    1.00    0.092    0.015 0.168 0.259 0.040    0.028 0.043 0.008 0.067 0.031 0.047   -974855    0 
53500:    1.00    0.094    0.015 0.170 0.252 0.040    0.028 0.043 0.008 0.066 0.031 0.046   -975154    0 
53600:    1.00    0.115    0.015 0.170 0.253 0.040    0.028 0.042 0.008 0.065 0.031 0.046   -975224    0 
53700:    1.00    0.085    0.015 0.173 0.256 0.040    0.028 0.043 0.008 0.067 0.031 0.047   -974623    0 
53800:    1.00    0.071    0.015 0.173 0.258 0.040    0.028 0.043 0.008 0.067 0.031 0.046   -975000    0 
53900:    1.00    0.078    0.015 0.173 0.260 0.040    0.028 0.044 0.008 0.068 0.031 0.047   -975318    0 

--------------------------------------------
Proportion of membership of each pre-defined
 population in each of the 4 clusters

Given    Inferred Clusters              Number of
 Pop       1      2      3      4      Individuals

  1:     0.204  0.230  0.092  0.474       23
--------------------------------------------

 Rep#:   Lambda   Alpha      F1    F2    F3    F4     D1,2  D1,3  D1,4  D2,3  D2,4  D3,4    Ln Like  Est Ln P(D)
54000:    1.00    0.110    0.015 0.172 0.260 0.041    0.028 0.044 0.008 0.067 0.031 0.047   -974922    0 
54100:    1.00    0.080    0.015 0.173 0.260 0.041    0.029 0.043 0.009 0.067 0.032 0.047   -974709    0 
54200:    1.00    0.068    0.015 0.173 0.261 0.041    0.028 0.044 0.009 0.067 0.031 0.047   -975249    0 
54300:    1.00    0.107    0.015 0.173 0.261 0.042    0.028 0.044 0.009 0.067 0.031 0.047   -975198    0 
54400:    1.00    0.101    0.015 0.173 0.259 0.042    0.029 0.043 0.009 0.067 0.032 0.047   -975063    0 
54500:    1.00    0.087    0.015 0.171 0.259 0.042    0.028 0.043 0.009 0.066 0.031 0.047   -974756    0 
54600:    1.00    0.104    0.016 0.170 0.257 0.042    0.028 0.043 0.009 0.066 0.031 0.047   -975278    0 
54700:    1.00    0.075    0.016 0.174 0.259 0.042    0.029 0.043 0.009 0.067 0.032 0.047   -974962    0 
54800:    1.00    0.105    0.016 0.171 0.259 0.042    0.029 0.043 0.009 0.066 0.032 0.047   -975155    0 
54900:    1.00    0.086    0.016 0.171 0.257 0.042    0.028 0.043 0.009 0.067 0.032 0.047   -975146    0 

--------------------------------------------
Proportion of membership of each pre-defined
 population in each of the 4 clusters

Given    Inferred Clusters              Number of
 Pop       1      2      3      4      Individuals

  1:     0.204  0.238  0.090  0.468       23
--------------------------------------------

 Rep#:   Lambda   Alpha      F1    F2    F3    F4     D1,2  D1,3  D1,4  D2,3  D2,4  D3,4    Ln Like  Est Ln P(D)
55000:    1.00    0.058    0.016 0.171 0.261 0.042    0.028 0.043 0.009 0.066 0.031 0.047   -975622    0 
55100:    1.00    0.121    0.016 0.172 0.259 0.042    0.028 0.043 0.009 0.067 0.031 0.047   -974914    0 
55200:    1.00    0.102    0.016 0.170 0.260 0.041    0.028 0.044 0.009 0.067 0.031 0.047   -974815    0 
55300:    1.00    0.077    0.016 0.171 0.266 0.041    0.028 0.044 0.009 0.067 0.031 0.048   -974970    0 
55400:    1.00    0.094    0.016 0.172 0.260 0.041    0.028 0.044 0.009 0.067 0.031 0.048   -974954    0 
55500:    1.00    0.067    0.016 0.174 0.259 0.041    0.028 0.044 0.009 0.067 0.031 0.047   -974802    0 
55600:    1.00    0.088    0.016 0.173 0.258 0.041    0.028 0.043 0.009 0.067 0.031 0.047   -974547    0 
55700:    1.00    0.066    0.016 0.172 0.259 0.041    0.028 0.043 0.009 0.067 0.032 0.047   -974530    0 
55800:    1.00    0.094    0.016 0.173 0.259 0.041    0.029 0.043 0.009 0.068 0.032 0.047   -974762    0 
55900:    1.00    0.075    0.016 0.172 0.254 0.041    0.028 0.043 0.009 0.066 0.032 0.046   -974973    0 

--------------------------------------------
Proportion of membership of each pre-defined
 population in each of the 4 clusters

Given    Inferred Clusters              Number of
 Pop       1      2      3      4      Individuals

  1:     0.198  0.234  0.091  0.478       23
--------------------------------------------

 Rep#:   Lambda   Alpha      F1    F2    F3    F4     D1,2  D1,3  D1,4  D2,3  D2,4  D3,4    Ln Like  Est Ln P(D)
56000:    1.00    0.110    0.016 0.170 0.255 0.041    0.028 0.042 0.009 0.066 0.031 0.046   -974725    0 
56100:    1.00    0.076    0.016 0.170 0.255 0.041    0.028 0.042 0.009 0.066 0.031 0.046   -974923    0 
56200:    1.00    0.116    0.016 0.171 0.255 0.041    0.028 0.042 0.009 0.066 0.031 0.046   -974071    0 
56300:    1.00    0.095    0.016 0.173 0.259 0.041    0.028 0.043 0.009 0.068 0.032 0.047   -974786    0 
56400:    1.00    0.082    0.016 0.175 0.262 0.041    0.028 0.043 0.009 0.067 0.032 0.047   -975097    0 
56500:    1.00    0.075    0.016 0.174 0.263 0.041    0.029 0.044 0.009 0.068 0.032 0.048   -974525    0 
56600:    1.00    0.098    0.016 0.174 0.262 0.041    0.029 0.043 0.009 0.067 0.032 0.047   -974666    0 
56700:    1.00    0.086    0.016 0.174 0.260 0.040    0.028 0.043 0.008 0.067 0.031 0.047   -974307    0 
56800:    1.00    0.065    0.016 0.173 0.260 0.040    0.029 0.043 0.009 0.067 0.032 0.046   -974832    0 
56900:    1.00    0.090    0.016 0.172 0.259 0.040    0.028 0.043 0.008 0.066 0.031 0.046   -974714    0 

--------------------------------------------
Proportion of membership of each pre-defined
 population in each of the 4 clusters

Given    Inferred Clusters              Number of
 Pop       1      2      3      4      Individuals

  1:     0.195  0.231  0.089  0.485       23
--------------------------------------------

 Rep#:   Lambda   Alpha      F1    F2    F3    F4     D1,2  D1,3  D1,4  D2,3  D2,4  D3,4    Ln Like  Est Ln P(D)
57000:    1.00    0.092    0.016 0.169 0.257 0.040    0.028 0.043 0.009 0.066 0.031 0.046   -974341    0 
57100:    1.00    0.149    0.016 0.168 0.257 0.040    0.028 0.043 0.009 0.066 0.031 0.047   -974833    0 
57200:    1.00    0.120    0.016 0.165 0.257 0.040    0.028 0.043 0.009 0.065 0.030 0.046   -974751    0 
57300:    1.00    0.084    0.016 0.166 0.256 0.040    0.028 0.043 0.009 0.065 0.030 0.046   -974665    0 
57400:    1.00    0.107    0.016 0.166 0.255 0.040    0.028 0.043 0.009 0.067 0.030 0.047   -974706    0 
57500:    1.00    0.111    0.016 0.169 0.253 0.040    0.028 0.042 0.009 0.066 0.031 0.046   -974902    0 
57600:    1.00    0.085    0.016 0.168 0.254 0.040    0.028 0.042 0.009 0.065 0.031 0.046   -974697    0 
57700:    1.00    0.090    0.016 0.169 0.255 0.040    0.028 0.043 0.009 0.066 0.031 0.046   -974799    0 
57800:    1.00    0.074    0.016 0.169 0.258 0.040    0.028 0.043 0.008 0.065 0.031 0.046   -975023    0 
57900:    1.00    0.101    0.016 0.168 0.258 0.039    0.028 0.042 0.009 0.065 0.031 0.046   -975262    0 

--------------------------------------------
Proportion of membership of each pre-defined
 population in each of the 4 clusters

Given    Inferred Clusters              Number of
 Pop       1      2      3      4      Individuals

  1:     0.196  0.239  0.089  0.476       23
--------------------------------------------

 Rep#:   Lambda   Alpha      F1    F2    F3    F4     D1,2  D1,3  D1,4  D2,3  D2,4  D3,4    Ln Like  Est Ln P(D)
58000:    1.00    0.083    0.016 0.168 0.261 0.039    0.028 0.043 0.009 0.066 0.031 0.046   -974963    0 
58100:    1.00    0.078    0.016 0.171 0.254 0.039    0.028 0.043 0.008 0.066 0.031 0.046   -974810    0 
58200:    1.00    0.079    0.016 0.167 0.254 0.039    0.028 0.043 0.009 0.065 0.030 0.046   -974536    0 
58300:    1.00    0.086    0.016 0.166 0.253 0.039    0.028 0.043 0.008 0.065 0.030 0.046   -975088    0 
58400:    1.00    0.098    0.016 0.166 0.253 0.039    0.028 0.043 0.008 0.065 0.030 0.046   -975252    0 
58500:    1.00    0.110    0.016 0.166 0.253 0.040    0.027 0.042 0.009 0.065 0.030 0.046   -974786    0 
58600:    1.00    0.084    0.016 0.164 0.254 0.041    0.027 0.043 0.009 0.065 0.030 0.046   -974186    0 
58700:    1.00    0.041    0.016 0.164 0.254 0.041    0.027 0.042 0.009 0.064 0.030 0.046   -974892    0 
58800:    1.00    0.105    0.016 0.162 0.254 0.040    0.027 0.042 0.009 0.064 0.029 0.046   -974603    0 
58900:    1.00    0.110    0.016 0.162 0.260 0.040    0.027 0.043 0.009 0.066 0.030 0.047   -975015    0 

--------------------------------------------
Proportion of membership of each pre-defined
 population in each of the 4 clusters

Given    Inferred Clusters              Number of
 Pop       1      2      3      4      Individuals

  1:     0.194  0.246  0.092  0.468       23
--------------------------------------------

 Rep#:   Lambda   Alpha      F1    F2    F3    F4     D1,2  D1,3  D1,4  D2,3  D2,4  D3,4    Ln Like  Est Ln P(D)
59000:    1.00    0.123    0.016 0.162 0.263 0.040    0.027 0.044 0.008 0.066 0.030 0.048   -974795    0 
59100:    1.00    0.070    0.016 0.161 0.262 0.040    0.027 0.044 0.009 0.065 0.030 0.047   -974835    0 
59200:    1.00    0.071    0.016 0.162 0.260 0.040    0.027 0.043 0.009 0.065 0.030 0.046   -975146    0 
59300:    1.00    0.094    0.016 0.162 0.261 0.040    0.027 0.043 0.009 0.065 0.030 0.046   -974965    0 
59400:    1.00    0.091    0.016 0.161 0.261 0.040    0.027 0.043 0.009 0.065 0.030 0.047   -974774    0 
59500:    1.00    0.081    0.016 0.162 0.264 0.040    0.027 0.044 0.009 0.065 0.030 0.047   -975248    0 
59600:    1.00    0.098    0.016 0.163 0.265 0.040    0.027 0.044 0.008 0.066 0.030 0.047   -974632    0 
59700:    1.00    0.104    0.016 0.163 0.261 0.040    0.027 0.044 0.009 0.066 0.030 0.047   -975018    0 
59800:    1.00    0.070    0.016 0.162 0.261 0.039    0.027 0.043 0.009 0.065 0.030 0.047   -974974    0 
59900:    1.00    0.083    0.017 0.164 0.261 0.039    0.027 0.044 0.008 0.065 0.030 0.046   -974413    0 
60000:    1.00    0.077    0.017 0.164 0.261 0.039    0.027 0.044 0.009 0.067 0.030 0.047   -974971    0 

MCMC completed

Inferred ancestry of individuals:
        Label (%Miss) Pop:  Inferred clusters
  1 18160D-09-0    (2)    1 :  0.409 0.092 0.000 0.498 
  2 18160D-09-0    (4)    1 :  0.001 0.120 0.000 0.880 
  3 18160D-09-0    (2)    1 :  0.033 0.709 0.000 0.258 
  4 18160D-09-0    (5)    1 :  0.000 0.995 0.000 0.005 
  5 18160D-09-0    (4)    1 :  0.000 0.838 0.000 0.161 
  6 18160D-09-0    (4)    1 :  0.001 0.888 0.000 0.111 
  7 18160D-09-0    (2)    1 :  0.000 0.953 0.000 0.047 
  8 18160D-09-0    (4)    1 :  0.001 0.093 0.001 0.905 
  9 18160D-09-0    (2)    1 :  0.967 0.000 0.033 0.000 
 10 18160D-09-1    (2)    1 :  0.002 0.000 0.998 0.000 
 11 18160D-09-1    (2)    1 :  0.770 0.000 0.197 0.033 
 12 18160D-09-1    (2)    1 :  0.952 0.000 0.047 0.000 
 13 18160D-09-1    (5)    1 :  0.001 0.133 0.000 0.866 
 14 18160D-09-1   (18)    1 :  0.001 0.124 0.000 0.875 
 15 18160D-09-1    (4)    1 :  0.001 0.048 0.000 0.952 
 16 18160D-09-1    (2)    1 :  0.019 0.012 0.855 0.114 
 17 18160D-09-1    (2)    1 :  0.132 0.102 0.000 0.766 
 18 18160D-09-1    (2)    1 :  0.999 0.000 0.000 0.001 
 19 18160D-09-1    (2)    1 :  0.001 0.067 0.000 0.932 
 20 18160D-09-2    (5)    1 :  0.000 0.030 0.000 0.970 
 21 18160D-09-2    (5)    1 :  0.011 0.116 0.000 0.873 
 22 18160D-09-2    (5)    1 :  0.000 0.000 0.000 1.000 
 23 18160D-09-2    (2)    1 :  0.055 0.058 0.000 0.887 

Command line arguments:   structure -D 795489 -K 4 -m mainparams -o k4/populations_k4_run6 
Input File:    populations.str
Output File:   k4/populations_k4_run6_f

Run parameters:
   23 individuals
   50160 loci
   4 populations assumed
   10000 Burn-in period
   50000 Reps
RANDOMIZE turned off

--------------------------------------------
Estimated Ln Prob of Data   = -1473445.3
Mean value of ln likelihood = -975511.9
Variance of ln likelihood   = 995866.7
Mean value of alpha         = 0.0756

Mean value of Fst_1         = 0.0133
Mean value of Fst_2         = 0.1606
Mean value of Fst_3         = 0.2569
Mean value of Fst_4         = 0.0345


--------------------------------------------
Proportion of membership of each pre-defined
 population in each of the 4 clusters

Given    Inferred Clusters              Number of
 Pop       1      2      3      4      Individuals

  1:     0.189  0.234  0.093  0.484       23
--------------------------------------------
Final results printed to file k4/populations_k4_run6_f

