

----------------------------------------------------
STRUCTURE by Pritchard, Stephens and Donnelly (2000)
     and Falush, Stephens and Pritchard (2003)
       Code by Pritchard, Falush and Hubisz
             Version 2.3.4 (Jul 2012)
----------------------------------------------------


Reading file "mainparams".
datafile is
populations.str
Reading file "extraparams".
Reading file "populations.str".


Data file "populations.str" (truncated) --

Ind:   Label Pop : Genotype_data . . . .
  1: 18160D-09-0    1  :  4   1   3   1   4   1   3  . . . .   2
  1: 18160D-09-0    1  :  4   1   3   1   4   4   4  . . . .   4
  2: 18160D-09-0    1  :  4   1   3   1   4   1   3  . . . .   2
  2: 18160D-09-0    1  :  4   1   3   1   4   4   3  . . . .   4
  3: 18160D-09-0    1  :  4   1   0   0   0   0   3  . . . .   2
  3: 18160D-09-0    1  :  4   3   0   0   0   0   3  . . . .   4
  4: 18160D-09-0    1  :  4   1   3   1   4   1   3  . . . .   2
  4: 18160D-09-0    1  :  4   3   3   1   4   1   3  . . . .   4

      *******   

 22: 18160D-09-2    1  :  4   1   3   1   4   1   3  . . . .   2
 22: 18160D-09-2    1  :  4   3   3   1   4   1   4  . . . .   4
 23: 18160D-09-2    1  :  4   1   3   1   4   1   3  . . . .   2
 23: 18160D-09-2    1  :  4   1   3   1   4   4   4  . . . .   4

Number of alleles per locus: min= 2; ave=2.0; max= 2


--------------------------------------

Finished initialization; starting MCMC 
50000 iterations + 10000 burnin


--------------------------------------------
Proportion of membership of each pre-defined
 population in each of the 4 clusters

Given    Inferred Clusters              Number of
 Pop       1      2      3      4      Individuals

  1:     0.249  0.250  0.261  0.240       23
--------------------------------------------

 Rep#:   Lambda   Alpha      F1    F2    F3    F4     D1,2  D1,3  D1,4  D2,3  D2,4  D3,4    Ln Like 
  100:    1.00    1.699    0.010 0.010 0.010 0.010    0.003 0.003 0.003 0.003 0.003 0.003   --  
  200:    1.00    1.776    0.010 0.010 0.010 0.010    0.003 0.003 0.003 0.003 0.003 0.003   --  
  300:    1.00    2.024    0.010 0.010 0.010 0.010    0.003 0.003 0.003 0.003 0.003 0.003   --  
  400:    1.00    2.586    0.010 0.010 0.010 0.010    0.003 0.003 0.003 0.003 0.003 0.003   --  
  500:    1.00    2.271    0.010 0.010 0.010 0.010    0.003 0.003 0.003 0.003 0.003 0.003   --  
  600:    1.00    2.503    0.010 0.010 0.010 0.010    0.003 0.003 0.003 0.003 0.003 0.003   --  
  700:    1.00    2.879    0.010 0.010 0.010 0.010    0.003 0.003 0.003 0.003 0.003 0.003   --  
  800:    1.00    2.906    0.010 0.010 0.010 0.010    0.003 0.003 0.003 0.003 0.003 0.003   --  
  900:    1.00    2.727    0.010 0.010 0.010 0.010    0.003 0.003 0.003 0.003 0.003 0.003   --  

--------------------------------------------
Proportion of membership of each pre-defined
 population in each of the 4 clusters

Given    Inferred Clusters              Number of
 Pop       1      2      3      4      Individuals

  1:     0.229  0.294  0.232  0.245       23
--------------------------------------------

 Rep#:   Lambda   Alpha      F1    F2    F3    F4     D1,2  D1,3  D1,4  D2,3  D2,4  D3,4    Ln Like 
 1000:    1.00    2.091    0.010 0.010 0.010 0.010    0.003 0.003 0.003 0.003 0.003 0.003   --  
 1100:    1.00    1.923    0.010 0.010 0.010 0.010    0.003 0.003 0.003 0.003 0.003 0.003   --  
 1200:    1.00    1.652    0.010 0.010 0.010 0.010    0.003 0.003 0.003 0.003 0.003 0.003   --  
 1300:    1.00    1.126    0.010 0.011 0.010 0.010    0.003 0.003 0.003 0.003 0.003 0.003   --  
 1400:    1.00    1.147    0.010 0.011 0.010 0.010    0.003 0.003 0.003 0.003 0.003 0.003   --  
 1500:    1.00    0.924    0.010 0.012 0.010 0.010    0.003 0.003 0.003 0.003 0.003 0.003   --  
 1600:    1.00    0.593    0.010 0.012 0.010 0.010    0.003 0.003 0.003 0.003 0.003 0.003   --  
 1700:    1.00    0.390    0.010 0.014 0.010 0.010    0.004 0.003 0.003 0.004 0.004 0.003   --  
 1800:    1.00    0.292    0.010 0.014 0.010 0.010    0.004 0.003 0.003 0.004 0.004 0.003   --  
 1900:    1.00    0.278    0.010 0.015 0.010 0.010    0.004 0.003 0.003 0.004 0.004 0.003   --  

--------------------------------------------
Proportion of membership of each pre-defined
 population in each of the 4 clusters

Given    Inferred Clusters              Number of
 Pop       1      2      3      4      Individuals

  1:     0.180  0.285  0.237  0.298       23
--------------------------------------------

 Rep#:   Lambda   Alpha      F1    F2    F3    F4     D1,2  D1,3  D1,4  D2,3  D2,4  D3,4    Ln Like 
 2000:    1.00    0.177    0.010 0.018 0.010 0.010    0.004 0.003 0.003 0.004 0.005 0.003   --  
 2100:    1.00    0.194    0.010 0.022 0.010 0.011    0.005 0.003 0.003 0.005 0.005 0.003   --  
 2200:    1.00    0.163    0.010 0.030 0.010 0.011    0.006 0.003 0.003 0.006 0.007 0.003   --  
 2300:    1.00    0.091    0.010 0.041 0.010 0.011    0.008 0.003 0.003 0.008 0.009 0.003   --  
 2400:    1.00    0.103    0.010 0.080 0.010 0.011    0.013 0.003 0.003 0.013 0.013 0.003   --  
 2500:    1.00    0.079    0.010 0.100 0.010 0.011    0.017 0.003 0.003 0.017 0.017 0.003   --  
 2600:    1.00    0.098    0.010 0.109 0.010 0.011    0.018 0.003 0.003 0.018 0.018 0.003   --  
 2700:    1.00    0.079    0.010 0.119 0.010 0.011    0.020 0.003 0.003 0.020 0.020 0.003   --  
 2800:    1.00    0.071    0.010 0.122 0.010 0.011    0.020 0.003 0.003 0.020 0.021 0.003   --  
 2900:    1.00    0.060    0.010 0.126 0.010 0.011    0.021 0.003 0.003 0.021 0.021 0.003   --  

--------------------------------------------
Proportion of membership of each pre-defined
 population in each of the 4 clusters

Given    Inferred Clusters              Number of
 Pop       1      2      3      4      Individuals

  1:     0.228  0.235  0.301  0.236       23
--------------------------------------------

 Rep#:   Lambda   Alpha      F1    F2    F3    F4     D1,2  D1,3  D1,4  D2,3  D2,4  D3,4    Ln Like 
 3000:    1.00    0.084    0.010 0.129 0.011 0.011    0.021 0.003 0.003 0.021 0.021 0.003   --  
 3100:    1.00    0.062    0.010 0.129 0.011 0.011    0.021 0.003 0.003 0.021 0.021 0.003   --  
 3200:    1.00    0.078    0.010 0.131 0.011 0.012    0.021 0.003 0.003 0.021 0.022 0.003   --  
 3300:    1.00    0.071    0.010 0.133 0.011 0.012    0.022 0.003 0.003 0.022 0.022 0.003   --  
 3400:    1.00    0.059    0.010 0.135 0.011 0.012    0.022 0.003 0.003 0.022 0.023 0.004   --  
 3500:    1.00    0.068    0.010 0.134 0.011 0.012    0.022 0.003 0.003 0.022 0.022 0.003   --  
 3600:    1.00    0.085    0.010 0.133 0.011 0.012    0.022 0.003 0.003 0.022 0.022 0.003   --  
 3700:    1.00    0.052    0.010 0.133 0.011 0.012    0.022 0.003 0.003 0.022 0.022 0.003   --  
 3800:    1.00    0.084    0.010 0.133 0.011 0.012    0.022 0.003 0.003 0.022 0.022 0.003   --  
 3900:    1.00    0.082    0.010 0.136 0.011 0.012    0.022 0.003 0.003 0.022 0.023 0.004   --  

--------------------------------------------
Proportion of membership of each pre-defined
 population in each of the 4 clusters

Given    Inferred Clusters              Number of
 Pop       1      2      3      4      Individuals

  1:     0.252  0.228  0.294  0.226       23
--------------------------------------------

 Rep#:   Lambda   Alpha      F1    F2    F3    F4     D1,2  D1,3  D1,4  D2,3  D2,4  D3,4    Ln Like 
 4000:    1.00    0.087    0.010 0.137 0.011 0.012    0.022 0.003 0.003 0.022 0.023 0.004   --  
 4100:    1.00    0.063    0.010 0.137 0.011 0.012    0.022 0.003 0.003 0.022 0.023 0.004   --  
 4200:    1.00    0.063    0.010 0.137 0.011 0.012    0.022 0.003 0.004 0.022 0.023 0.004   --  
 4300:    1.00    0.065    0.010 0.137 0.011 0.012    0.022 0.003 0.003 0.022 0.022 0.004   --  
 4400:    1.00    0.077    0.010 0.139 0.011 0.012    0.022 0.003 0.004 0.022 0.023 0.004   --  
 4500:    1.00    0.063    0.010 0.140 0.011 0.012    0.023 0.003 0.004 0.023 0.023 0.004   --  
 4600:    1.00    0.048    0.010 0.140 0.011 0.012    0.023 0.003 0.004 0.023 0.023 0.004   --  
 4700:    1.00    0.072    0.010 0.140 0.011 0.012    0.023 0.003 0.004 0.023 0.023 0.004   --  
 4800:    1.00    0.089    0.010 0.139 0.011 0.012    0.023 0.003 0.004 0.023 0.023 0.004   --  
 4900:    1.00    0.058    0.010 0.139 0.012 0.012    0.023 0.003 0.004 0.023 0.023 0.004   --  

--------------------------------------------
Proportion of membership of each pre-defined
 population in each of the 4 clusters

Given    Inferred Clusters              Number of
 Pop       1      2      3      4      Individuals

  1:     0.260  0.225  0.295  0.220       23
--------------------------------------------

 Rep#:   Lambda   Alpha      F1    F2    F3    F4     D1,2  D1,3  D1,4  D2,3  D2,4  D3,4    Ln Like 
 5000:    1.00    0.097    0.010 0.140 0.012 0.012    0.023 0.003 0.004 0.023 0.023 0.004   --  
 5100:    1.00    0.092    0.010 0.142 0.012 0.012    0.023 0.003 0.004 0.023 0.024 0.004   --  
 5200:    1.00    0.087    0.011 0.143 0.012 0.012    0.023 0.003 0.004 0.023 0.024 0.004   --  
 5300:    1.00    0.061    0.011 0.144 0.012 0.013    0.023 0.003 0.004 0.023 0.024 0.004   --  
 5400:    1.00    0.063    0.011 0.144 0.012 0.013    0.023 0.003 0.004 0.024 0.024 0.004   --  
 5500:    1.00    0.087    0.011 0.144 0.012 0.014    0.023 0.003 0.004 0.023 0.024 0.004   --  
 5600:    1.00    0.060    0.011 0.144 0.012 0.014    0.023 0.004 0.004 0.023 0.024 0.004   --  
 5700:    1.00    0.059    0.011 0.143 0.012 0.014    0.023 0.003 0.004 0.023 0.024 0.004   --  
 5800:    1.00    0.067    0.011 0.144 0.012 0.014    0.023 0.003 0.004 0.023 0.024 0.004   --  
 5900:    1.00    0.084    0.011 0.145 0.012 0.015    0.023 0.003 0.004 0.024 0.024 0.004   --  

--------------------------------------------
Proportion of membership of each pre-defined
 population in each of the 4 clusters

Given    Inferred Clusters              Number of
 Pop       1      2      3      4      Individuals

  1:     0.269  0.218  0.295  0.218       23
--------------------------------------------

 Rep#:   Lambda   Alpha      F1    F2    F3    F4     D1,2  D1,3  D1,4  D2,3  D2,4  D3,4    Ln Like 
 6000:    1.00    0.051    0.011 0.145 0.012 0.015    0.023 0.003 0.004 0.024 0.024 0.004   --  
 6100:    1.00    0.070    0.011 0.145 0.012 0.015    0.024 0.003 0.004 0.024 0.025 0.004   --  
 6200:    1.00    0.078    0.011 0.145 0.012 0.015    0.023 0.003 0.004 0.024 0.024 0.004   --  
 6300:    1.00    0.080    0.011 0.145 0.012 0.015    0.023 0.003 0.004 0.023 0.024 0.004   --  
 6400:    1.00    0.058    0.011 0.144 0.012 0.016    0.023 0.004 0.004 0.023 0.025 0.004   --  
 6500:    1.00    0.068    0.011 0.145 0.012 0.017    0.023 0.003 0.004 0.023 0.025 0.005   --  
 6600:    1.00    0.045    0.011 0.145 0.012 0.017    0.023 0.004 0.004 0.024 0.025 0.005   --  
 6700:    1.00    0.075    0.011 0.146 0.012 0.018    0.023 0.004 0.005 0.023 0.025 0.005   --  
 6800:    1.00    0.101    0.011 0.146 0.012 0.018    0.023 0.004 0.005 0.024 0.025 0.005   --  
 6900:    1.00    0.075    0.011 0.146 0.012 0.018    0.023 0.004 0.005 0.024 0.025 0.005   --  

--------------------------------------------
Proportion of membership of each pre-defined
 population in each of the 4 clusters

Given    Inferred Clusters              Number of
 Pop       1      2      3      4      Individuals

  1:     0.252  0.219  0.311  0.218       23
--------------------------------------------

 Rep#:   Lambda   Alpha      F1    F2    F3    F4     D1,2  D1,3  D1,4  D2,3  D2,4  D3,4    Ln Like 
 7000:    1.00    0.067    0.011 0.147 0.012 0.018    0.024 0.004 0.005 0.024 0.025 0.005   --  
 7100:    1.00    0.051    0.011 0.147 0.012 0.018    0.023 0.004 0.005 0.024 0.025 0.005   --  
 7200:    1.00    0.059    0.011 0.149 0.012 0.018    0.024 0.004 0.005 0.024 0.026 0.005   --  
 7300:    1.00    0.036    0.011 0.149 0.012 0.018    0.024 0.004 0.005 0.024 0.026 0.005   --  
 7400:    1.00    0.067    0.011 0.147 0.012 0.018    0.024 0.004 0.005 0.024 0.025 0.005   --  
 7500:    1.00    0.068    0.011 0.146 0.012 0.019    0.024 0.004 0.005 0.024 0.025 0.005   --  
 7600:    1.00    0.099    0.011 0.146 0.012 0.020    0.023 0.004 0.005 0.024 0.025 0.005   --  
 7700:    1.00    0.082    0.011 0.146 0.012 0.020    0.024 0.004 0.005 0.024 0.025 0.005   --  
 7800:    1.00    0.083    0.011 0.146 0.012 0.020    0.024 0.004 0.005 0.024 0.025 0.005   --  
 7900:    1.00    0.063    0.011 0.146 0.012 0.020    0.023 0.004 0.005 0.024 0.025 0.005   --  

--------------------------------------------
Proportion of membership of each pre-defined
 population in each of the 4 clusters

Given    Inferred Clusters              Number of
 Pop       1      2      3      4      Individuals

  1:     0.245  0.214  0.324  0.217       23
--------------------------------------------

 Rep#:   Lambda   Alpha      F1    F2    F3    F4     D1,2  D1,3  D1,4  D2,3  D2,4  D3,4    Ln Like 
 8000:    1.00    0.055    0.011 0.146 0.012 0.020    0.024 0.004 0.005 0.024 0.026 0.005   --  
 8100:    1.00    0.080    0.011 0.146 0.012 0.020    0.024 0.004 0.005 0.024 0.026 0.005   --  
 8200:    1.00    0.062    0.011 0.151 0.012 0.022    0.024 0.004 0.005 0.024 0.026 0.005   --  
 8300:    1.00    0.049    0.011 0.151 0.012 0.022    0.024 0.004 0.005 0.025 0.027 0.005   --  
 8400:    1.00    0.073    0.011 0.151 0.012 0.022    0.024 0.004 0.005 0.024 0.026 0.005   --  
 8500:    1.00    0.072    0.011 0.151 0.012 0.022    0.024 0.004 0.005 0.024 0.026 0.005   --  
 8600:    1.00    0.054    0.011 0.151 0.012 0.023    0.024 0.004 0.005 0.024 0.026 0.006   --  
 8700:    1.00    0.072    0.011 0.150 0.012 0.023    0.024 0.004 0.005 0.024 0.026 0.006   --  
 8800:    1.00    0.068    0.011 0.148 0.012 0.023    0.024 0.004 0.005 0.024 0.026 0.006   --  
 8900:    1.00    0.052    0.011 0.148 0.012 0.024    0.024 0.004 0.006 0.024 0.026 0.006   --  

--------------------------------------------
Proportion of membership of each pre-defined
 population in each of the 4 clusters

Given    Inferred Clusters              Number of
 Pop       1      2      3      4      Individuals

  1:     0.239  0.217  0.326  0.218       23
--------------------------------------------

 Rep#:   Lambda   Alpha      F1    F2    F3    F4     D1,2  D1,3  D1,4  D2,3  D2,4  D3,4    Ln Like 
 9000:    1.00    0.066    0.011 0.147 0.012 0.024    0.024 0.004 0.006 0.024 0.026 0.006   --  
 9100:    1.00    0.069    0.011 0.147 0.012 0.024    0.024 0.004 0.006 0.024 0.026 0.006   --  
 9200:    1.00    0.064    0.011 0.146 0.012 0.026    0.023 0.004 0.006 0.024 0.026 0.006   --  
 9300:    1.00    0.050    0.011 0.145 0.012 0.029    0.023 0.004 0.006 0.024 0.027 0.007   --  
 9400:    1.00    0.054    0.011 0.145 0.012 0.033    0.023 0.004 0.007 0.023 0.027 0.007   --  
 9500:    1.00    0.046    0.011 0.144 0.013 0.035    0.023 0.004 0.007 0.023 0.027 0.008   --  
 9600:    1.00    0.065    0.011 0.145 0.013 0.035    0.023 0.004 0.007 0.023 0.028 0.008   --  
 9700:    1.00    0.068    0.011 0.145 0.013 0.042    0.023 0.004 0.008 0.024 0.029 0.009   --  
 9800:    1.00    0.032    0.011 0.148 0.013 0.042    0.024 0.004 0.009 0.024 0.029 0.009   --  
 9900:    1.00    0.041    0.012 0.145 0.013 0.049    0.024 0.004 0.010 0.024 0.030 0.010   --  
10000:    1.00    0.035    0.012 0.145 0.013 0.049    0.023 0.004 0.010 0.024 0.030 0.010   --  

BURNIN completed
 Rep#:   Lambda   Alpha      F1    F2    F3    F4     D1,2  D1,3  D1,4  D2,3  D2,4  D3,4    Ln Like  Est Ln P(D)
10100:    1.00    0.051    0.012 0.145 0.013 0.052    0.023 0.004 0.010 0.023 0.030 0.010   -987823    0 
10200:    1.00    0.049    0.012 0.145 0.013 0.052    0.023 0.004 0.010 0.023 0.030 0.010   -987867    0 
10300:    1.00    0.051    0.012 0.144 0.013 0.055    0.023 0.004 0.011 0.023 0.030 0.011   -987285    0 
10400:    1.00    0.051    0.012 0.144 0.013 0.058    0.023 0.004 0.011 0.023 0.031 0.011   -987335    0 
10500:    1.00    0.054    0.012 0.144 0.013 0.063    0.023 0.004 0.012 0.023 0.032 0.012   -986557    0 
10600:    1.00    0.052    0.012 0.146 0.013 0.066    0.024 0.004 0.012 0.024 0.033 0.013   -986496    0 
10700:    1.00    0.055    0.012 0.147 0.013 0.072    0.024 0.004 0.014 0.024 0.034 0.014   -986074    0 
10800:    1.00    0.062    0.012 0.148 0.013 0.080    0.024 0.004 0.015 0.024 0.035 0.015   -985223    0 
10900:    1.00    0.068    0.012 0.145 0.013 0.088    0.023 0.004 0.016 0.023 0.036 0.016   -985187    0 

--------------------------------------------
Proportion of membership of each pre-defined
 population in each of the 4 clusters

Given    Inferred Clusters              Number of
 Pop       1      2      3      4      Individuals

  1:     0.250  0.212  0.380  0.158       23
--------------------------------------------

 Rep#:   Lambda   Alpha      F1    F2    F3    F4     D1,2  D1,3  D1,4  D2,3  D2,4  D3,4    Ln Like  Est Ln P(D)
11000:    1.00    0.076    0.012 0.144 0.013 0.100    0.023 0.004 0.018 0.023 0.038 0.018   -984165    0 
11100:    1.00    0.054    0.012 0.145 0.013 0.125    0.024 0.004 0.022 0.024 0.043 0.023   -982856    0 
11200:    1.00    0.035    0.012 0.144 0.013 0.152    0.023 0.004 0.025 0.024 0.046 0.026   -981833    0 
11300:    1.00    0.066    0.012 0.144 0.013 0.152    0.023 0.004 0.027 0.023 0.047 0.027   -981742    0 
11400:    1.00    0.087    0.012 0.144 0.013 0.162    0.023 0.004 0.028 0.023 0.049 0.029   -981035    0 
11500:    1.00    0.075    0.012 0.144 0.013 0.163    0.023 0.004 0.029 0.023 0.048 0.029   -981322    0 
11600:    1.00    0.059    0.012 0.142 0.013 0.177    0.023 0.004 0.030 0.023 0.051 0.031   -980240    0 
11700:    1.00    0.077    0.011 0.142 0.013 0.201    0.023 0.004 0.034 0.023 0.054 0.034   -979274    0 
11800:    1.00    0.064    0.012 0.142 0.013 0.204    0.023 0.004 0.034 0.023 0.054 0.035   -979704    0 
11900:    1.00    0.109    0.012 0.142 0.014 0.209    0.023 0.004 0.035 0.023 0.055 0.036   -979371    0 

--------------------------------------------
Proportion of membership of each pre-defined
 population in each of the 4 clusters

Given    Inferred Clusters              Number of
 Pop       1      2      3      4      Individuals

  1:     0.276  0.211  0.400  0.113       23
--------------------------------------------

 Rep#:   Lambda   Alpha      F1    F2    F3    F4     D1,2  D1,3  D1,4  D2,3  D2,4  D3,4    Ln Like  Est Ln P(D)
12000:    1.00    0.057    0.012 0.142 0.014 0.213    0.023 0.004 0.036 0.023 0.056 0.036   -979098    0 
12100:    1.00    0.079    0.012 0.143 0.014 0.214    0.023 0.004 0.036 0.023 0.056 0.037   -979270    0 
12200:    1.00    0.074    0.012 0.143 0.014 0.219    0.023 0.004 0.037 0.023 0.057 0.038   -978656    0 
12300:    1.00    0.059    0.012 0.142 0.014 0.222    0.023 0.004 0.038 0.023 0.058 0.038   -979765    0 
12400:    1.00    0.071    0.012 0.144 0.014 0.224    0.023 0.004 0.038 0.024 0.058 0.039   -979426    0 
12500:    1.00    0.046    0.012 0.145 0.014 0.227    0.024 0.004 0.039 0.024 0.059 0.039   -978937    0 
12600:    1.00    0.062    0.012 0.145 0.014 0.236    0.024 0.004 0.040 0.024 0.060 0.040   -978709    0 
12700:    1.00    0.064    0.012 0.144 0.014 0.237    0.023 0.004 0.040 0.024 0.060 0.040   -978463    0 
12800:    1.00    0.058    0.012 0.146 0.014 0.241    0.023 0.004 0.040 0.023 0.060 0.041   -978818    0 
12900:    1.00    0.062    0.012 0.146 0.014 0.242    0.024 0.004 0.040 0.024 0.061 0.041   -978696    0 

--------------------------------------------
Proportion of membership of each pre-defined
 population in each of the 4 clusters

Given    Inferred Clusters              Number of
 Pop       1      2      3      4      Individuals

  1:     0.278  0.213  0.399  0.109       23
--------------------------------------------

 Rep#:   Lambda   Alpha      F1    F2    F3    F4     D1,2  D1,3  D1,4  D2,3  D2,4  D3,4    Ln Like  Est Ln P(D)
13000:    1.00    0.058    0.012 0.146 0.014 0.244    0.023 0.004 0.041 0.024 0.061 0.042   -978919    0 
13100:    1.00    0.072    0.012 0.147 0.014 0.248    0.023 0.004 0.042 0.024 0.062 0.042   -978397    0 
13200:    1.00    0.088    0.012 0.147 0.014 0.246    0.024 0.004 0.041 0.024 0.061 0.042   -979016    0 
13300:    1.00    0.058    0.012 0.147 0.014 0.247    0.024 0.004 0.041 0.024 0.061 0.042   -978546    0 
13400:    1.00    0.057    0.012 0.147 0.014 0.242    0.024 0.004 0.041 0.024 0.061 0.041   -978362    0 
13500:    1.00    0.070    0.012 0.147 0.014 0.244    0.024 0.004 0.041 0.024 0.061 0.041   -978683    0 
13600:    1.00    0.040    0.012 0.146 0.014 0.244    0.024 0.004 0.041 0.024 0.062 0.042   -979021    0 
13700:    1.00    0.048    0.012 0.146 0.014 0.246    0.023 0.004 0.042 0.024 0.062 0.042   -978529    0 
13800:    1.00    0.071    0.012 0.138 0.014 0.246    0.022 0.004 0.042 0.023 0.061 0.042   -978762    0 
13900:    1.00    0.053    0.012 0.138 0.014 0.248    0.022 0.004 0.042 0.023 0.061 0.042   -978725    0 

--------------------------------------------
Proportion of membership of each pre-defined
 population in each of the 4 clusters

Given    Inferred Clusters              Number of
 Pop       1      2      3      4      Individuals

  1:     0.291  0.211  0.391  0.107       23
--------------------------------------------

 Rep#:   Lambda   Alpha      F1    F2    F3    F4     D1,2  D1,3  D1,4  D2,3  D2,4  D3,4    Ln Like  Est Ln P(D)
14000:    1.00    0.070    0.012 0.137 0.014 0.250    0.022 0.004 0.042 0.023 0.062 0.042   -978599    0 
14100:    1.00    0.089    0.012 0.138 0.014 0.250    0.022 0.004 0.042 0.023 0.061 0.042   -978843    0 
14200:    1.00    0.079    0.012 0.139 0.014 0.250    0.023 0.004 0.042 0.023 0.062 0.043   -978474    0 
14300:    1.00    0.105    0.012 0.139 0.014 0.249    0.023 0.004 0.042 0.023 0.060 0.042   -979238    0 
14400:    1.00    0.067    0.012 0.140 0.014 0.251    0.023 0.004 0.042 0.023 0.062 0.043   -978483    0 
14500:    1.00    0.096    0.012 0.139 0.014 0.253    0.023 0.004 0.042 0.023 0.062 0.043   -978878    0 
14600:    1.00    0.061    0.012 0.140 0.015 0.250    0.023 0.004 0.041 0.023 0.061 0.042   -978465    0 
14700:    1.00    0.056    0.012 0.140 0.015 0.249    0.023 0.004 0.042 0.023 0.062 0.042   -978251    0 
14800:    1.00    0.073    0.012 0.140 0.015 0.249    0.023 0.004 0.042 0.023 0.061 0.042   -978595    0 
14900:    1.00    0.093    0.012 0.142 0.015 0.249    0.023 0.004 0.042 0.023 0.061 0.042   -979088    0 

--------------------------------------------
Proportion of membership of each pre-defined
 population in each of the 4 clusters

Given    Inferred Clusters              Number of
 Pop       1      2      3      4      Individuals

  1:     0.295  0.211  0.387  0.107       23
--------------------------------------------

 Rep#:   Lambda   Alpha      F1    F2    F3    F4     D1,2  D1,3  D1,4  D2,3  D2,4  D3,4    Ln Like  Est Ln P(D)
15000:    1.00    0.077    0.012 0.143 0.015 0.252    0.023 0.004 0.042 0.024 0.062 0.043   -978344    0 
15100:    1.00    0.043    0.012 0.142 0.015 0.251    0.023 0.004 0.042 0.023 0.062 0.042   -978833    0 
15200:    1.00    0.050    0.012 0.143 0.015 0.251    0.023 0.004 0.043 0.023 0.062 0.043   -978180    0 
15300:    1.00    0.067    0.012 0.146 0.015 0.255    0.023 0.004 0.042 0.024 0.062 0.043   -978703    0 
15400:    1.00    0.086    0.012 0.145 0.015 0.254    0.023 0.004 0.042 0.024 0.062 0.043   -978406    0 
15500:    1.00    0.068    0.012 0.144 0.015 0.256    0.023 0.004 0.043 0.024 0.063 0.044   -977939    0 
15600:    1.00    0.056    0.012 0.141 0.015 0.256    0.023 0.004 0.043 0.023 0.062 0.043   -978747    0 
15700:    1.00    0.075    0.012 0.141 0.015 0.254    0.023 0.004 0.043 0.023 0.063 0.043   -978150    0 
15800:    1.00    0.068    0.012 0.141 0.015 0.254    0.023 0.004 0.043 0.023 0.062 0.044   -978411    0 
15900:    1.00    0.063    0.012 0.142 0.015 0.257    0.023 0.004 0.043 0.023 0.063 0.044   -978367    0 

--------------------------------------------
Proportion of membership of each pre-defined
 population in each of the 4 clusters

Given    Inferred Clusters              Number of
 Pop       1      2      3      4      Individuals

  1:     0.311  0.214  0.367  0.107       23
--------------------------------------------

 Rep#:   Lambda   Alpha      F1    F2    F3    F4     D1,2  D1,3  D1,4  D2,3  D2,4  D3,4    Ln Like  Est Ln P(D)
16000:    1.00    0.065    0.012 0.141 0.015 0.257    0.023 0.004 0.043 0.023 0.062 0.043   -978227    0 
16100:    1.00    0.054    0.012 0.143 0.015 0.254    0.023 0.004 0.042 0.024 0.062 0.043   -978206    0 
16200:    1.00    0.058    0.012 0.143 0.015 0.256    0.023 0.004 0.043 0.024 0.062 0.043   -978211    0 
16300:    1.00    0.053    0.012 0.143 0.015 0.259    0.023 0.004 0.043 0.024 0.063 0.044   -978345    0 
16400:    1.00    0.052    0.012 0.144 0.015 0.257    0.023 0.004 0.043 0.024 0.063 0.044   -978161    0 
16500:    1.00    0.069    0.012 0.143 0.015 0.258    0.023 0.004 0.043 0.024 0.063 0.043   -978233    0 
16600:    1.00    0.072    0.012 0.143 0.015 0.263    0.023 0.004 0.043 0.024 0.063 0.044   -978249    0 
16700:    1.00    0.087    0.012 0.143 0.015 0.261    0.023 0.004 0.044 0.024 0.063 0.044   -978072    0 
16800:    1.00    0.063    0.011 0.143 0.015 0.261    0.023 0.004 0.044 0.024 0.063 0.045   -978255    0 
16900:    1.00    0.078    0.011 0.143 0.015 0.259    0.023 0.004 0.043 0.024 0.063 0.044   -977928    0 

--------------------------------------------
Proportion of membership of each pre-defined
 population in each of the 4 clusters

Given    Inferred Clusters              Number of
 Pop       1      2      3      4      Individuals

  1:     0.328  0.214  0.354  0.104       23
--------------------------------------------

 Rep#:   Lambda   Alpha      F1    F2    F3    F4     D1,2  D1,3  D1,4  D2,3  D2,4  D3,4    Ln Like  Est Ln P(D)
17000:    1.00    0.072    0.011 0.142 0.015 0.259    0.023 0.004 0.043 0.024 0.063 0.044   -978700    0 
17100:    1.00    0.076    0.011 0.139 0.015 0.257    0.023 0.004 0.042 0.023 0.061 0.043   -978684    0 
17200:    1.00    0.068    0.011 0.139 0.015 0.257    0.023 0.004 0.043 0.024 0.063 0.044   -979036    0 
17300:    1.00    0.067    0.011 0.139 0.015 0.259    0.023 0.004 0.043 0.023 0.063 0.044   -978821    0 
17400:    1.00    0.121    0.011 0.139 0.015 0.259    0.023 0.004 0.043 0.023 0.063 0.044   -978858    0 
17500:    1.00    0.077    0.011 0.142 0.015 0.255    0.023 0.004 0.043 0.023 0.062 0.043   -979008    0 
17600:    1.00    0.085    0.011 0.142 0.015 0.258    0.023 0.004 0.044 0.023 0.063 0.044   -978660    0 
17700:    1.00    0.080    0.011 0.141 0.015 0.261    0.023 0.004 0.044 0.023 0.063 0.044   -978471    0 
17800:    1.00    0.071    0.011 0.141 0.015 0.259    0.023 0.004 0.043 0.023 0.063 0.044   -978456    0 
17900:    1.00    0.081    0.011 0.140 0.015 0.261    0.023 0.004 0.044 0.023 0.063 0.044   -978077    0 

--------------------------------------------
Proportion of membership of each pre-defined
 population in each of the 4 clusters

Given    Inferred Clusters              Number of
 Pop       1      2      3      4      Individuals

  1:     0.335  0.218  0.343  0.105       23
--------------------------------------------

 Rep#:   Lambda   Alpha      F1    F2    F3    F4     D1,2  D1,3  D1,4  D2,3  D2,4  D3,4    Ln Like  Est Ln P(D)
18000:    1.00    0.069    0.011 0.141 0.015 0.258    0.023 0.004 0.043 0.023 0.062 0.044   -977951    0 
18100:    1.00    0.073    0.011 0.141 0.015 0.259    0.023 0.004 0.044 0.024 0.063 0.044   -978618    0 
18200:    1.00    0.056    0.011 0.141 0.015 0.257    0.023 0.004 0.043 0.024 0.063 0.044   -978450    0 
18300:    1.00    0.078    0.011 0.140 0.015 0.257    0.023 0.004 0.043 0.023 0.062 0.044   -978452    0 
18400:    1.00    0.071    0.011 0.140 0.016 0.256    0.023 0.004 0.043 0.023 0.062 0.043   -978517    0 
18500:    1.00    0.076    0.011 0.140 0.016 0.256    0.023 0.004 0.043 0.023 0.062 0.043   -978375    0 
18600:    1.00    0.079    0.011 0.142 0.016 0.258    0.023 0.004 0.043 0.024 0.063 0.044   -978334    0 
18700:    1.00    0.062    0.011 0.142 0.016 0.257    0.023 0.004 0.043 0.023 0.062 0.043   -977913    0 
18800:    1.00    0.079    0.011 0.146 0.016 0.259    0.023 0.004 0.043 0.024 0.063 0.044   -977975    0 
18900:    1.00    0.077    0.011 0.145 0.016 0.259    0.023 0.004 0.044 0.024 0.063 0.044   -978027    0 

--------------------------------------------
Proportion of membership of each pre-defined
 population in each of the 4 clusters

Given    Inferred Clusters              Number of
 Pop       1      2      3      4      Individuals

  1:     0.353  0.213  0.330  0.104       23
--------------------------------------------

 Rep#:   Lambda   Alpha      F1    F2    F3    F4     D1,2  D1,3  D1,4  D2,3  D2,4  D3,4    Ln Like  Est Ln P(D)
19000:    1.00    0.086    0.011 0.146 0.016 0.258    0.024 0.004 0.043 0.024 0.063 0.044   -977878    0 
19100:    1.00    0.067    0.011 0.146 0.016 0.259    0.023 0.004 0.043 0.024 0.063 0.044   -977745    0 
19200:    1.00    0.058    0.012 0.145 0.016 0.257    0.023 0.004 0.043 0.024 0.063 0.044   -978250    0 
19300:    1.00    0.065    0.012 0.144 0.016 0.257    0.023 0.004 0.043 0.024 0.063 0.044   -978100    0 
19400:    1.00    0.077    0.012 0.144 0.016 0.256    0.023 0.004 0.043 0.024 0.063 0.044   -978158    0 
19500:    1.00    0.082    0.012 0.144 0.016 0.260    0.023 0.004 0.044 0.024 0.063 0.045   -977948    0 
19600:    1.00    0.062    0.012 0.145 0.016 0.256    0.023 0.004 0.043 0.024 0.063 0.044   -977662    0 
19700:    1.00    0.082    0.012 0.147 0.016 0.255    0.024 0.004 0.043 0.024 0.063 0.044   -977629    0 
19800:    1.00    0.102    0.012 0.146 0.016 0.252    0.024 0.004 0.042 0.024 0.062 0.043   -978498    0 
19900:    1.00    0.063    0.012 0.148 0.016 0.252    0.024 0.004 0.042 0.024 0.062 0.043   -978096    0 

--------------------------------------------
Proportion of membership of each pre-defined
 population in each of the 4 clusters

Given    Inferred Clusters              Number of
 Pop       1      2      3      4      Individuals

  1:     0.367  0.205  0.322  0.105       23
--------------------------------------------

 Rep#:   Lambda   Alpha      F1    F2    F3    F4     D1,2  D1,3  D1,4  D2,3  D2,4  D3,4    Ln Like  Est Ln P(D)
20000:    1.00    0.103    0.012 0.147 0.016 0.252    0.024 0.004 0.043 0.025 0.063 0.043   -978033    0 
20100:    1.00    0.049    0.012 0.149 0.016 0.251    0.024 0.004 0.042 0.025 0.063 0.043   -977984    0 
20200:    1.00    0.059    0.012 0.148 0.016 0.253    0.024 0.004 0.042 0.025 0.062 0.043   -977377    0 
20300:    1.00    0.072    0.012 0.148 0.016 0.253    0.024 0.004 0.043 0.024 0.063 0.043   -977374    0 
20400:    1.00    0.077    0.012 0.149 0.016 0.254    0.024 0.004 0.043 0.025 0.063 0.043   -977499    0 
20500:    1.00    0.060    0.012 0.149 0.016 0.254    0.024 0.004 0.043 0.025 0.063 0.043   -977906    0 
20600:    1.00    0.069    0.012 0.147 0.016 0.258    0.024 0.004 0.043 0.025 0.064 0.044   -977382    0 
20700:    1.00    0.064    0.012 0.147 0.016 0.261    0.024 0.004 0.043 0.024 0.064 0.044   -977937    0 
20800:    1.00    0.050    0.012 0.149 0.016 0.263    0.024 0.004 0.044 0.025 0.064 0.045   -977117    0 
20900:    1.00    0.063    0.012 0.148 0.016 0.267    0.024 0.004 0.045 0.024 0.065 0.045   -977089    0 

--------------------------------------------
Proportion of membership of each pre-defined
 population in each of the 4 clusters

Given    Inferred Clusters              Number of
 Pop       1      2      3      4      Individuals

  1:     0.383  0.203  0.312  0.103       23
--------------------------------------------

 Rep#:   Lambda   Alpha      F1    F2    F3    F4     D1,2  D1,3  D1,4  D2,3  D2,4  D3,4    Ln Like  Est Ln P(D)
21000:    1.00    0.074    0.013 0.150 0.016 0.261    0.024 0.004 0.044 0.025 0.064 0.044   -977513    0 
21100:    1.00    0.056    0.013 0.149 0.016 0.261    0.024 0.004 0.044 0.025 0.064 0.044   -977215    0 
21200:    1.00    0.072    0.013 0.146 0.016 0.259    0.024 0.004 0.043 0.025 0.064 0.044   -977637    0 
21300:    1.00    0.054    0.013 0.147 0.016 0.259    0.024 0.004 0.044 0.024 0.064 0.044   -977379    0 
21400:    1.00    0.047    0.013 0.146 0.017 0.259    0.023 0.005 0.043 0.024 0.063 0.044   -977325    0 
21500:    1.00    0.053    0.013 0.148 0.017 0.259    0.024 0.004 0.043 0.025 0.064 0.044   -977039    0 
21600:    1.00    0.063    0.013 0.148 0.017 0.254    0.024 0.005 0.042 0.025 0.063 0.043   -977031    0 
21700:    1.00    0.051    0.013 0.150 0.017 0.252    0.024 0.005 0.042 0.025 0.063 0.043   -977209    0 
21800:    1.00    0.066    0.013 0.148 0.017 0.253    0.024 0.004 0.043 0.025 0.063 0.043   -976952    0 
21900:    1.00    0.055    0.013 0.150 0.017 0.257    0.024 0.005 0.043 0.025 0.064 0.044   -977030    0 

--------------------------------------------
Proportion of membership of each pre-defined
 population in each of the 4 clusters

Given    Inferred Clusters              Number of
 Pop       1      2      3      4      Individuals

  1:     0.387  0.205  0.307  0.102       23
--------------------------------------------

 Rep#:   Lambda   Alpha      F1    F2    F3    F4     D1,2  D1,3  D1,4  D2,3  D2,4  D3,4    Ln Like  Est Ln P(D)
22000:    1.00    0.047    0.013 0.150 0.017 0.258    0.025 0.004 0.044 0.025 0.065 0.045   -977337    0 
22100:    1.00    0.046    0.013 0.152 0.017 0.257    0.025 0.004 0.043 0.025 0.064 0.044   -976938    0 
22200:    1.00    0.068    0.013 0.153 0.017 0.258    0.025 0.005 0.043 0.025 0.064 0.044   -976597    0 
22300:    1.00    0.086    0.013 0.154 0.017 0.262    0.025 0.004 0.043 0.026 0.065 0.044   -976642    0 
22400:    1.00    0.096    0.013 0.154 0.017 0.259    0.025 0.004 0.043 0.026 0.064 0.044   -976921    0 
22500:    1.00    0.055    0.013 0.153 0.017 0.256    0.024 0.005 0.043 0.025 0.063 0.043   -977165    0 
22600:    1.00    0.112    0.013 0.153 0.017 0.256    0.025 0.004 0.042 0.026 0.064 0.043   -977630    0 
22700:    1.00    0.046    0.013 0.153 0.017 0.256    0.025 0.005 0.043 0.025 0.064 0.044   -976973    0 
22800:    1.00    0.078    0.013 0.154 0.017 0.259    0.025 0.004 0.044 0.026 0.065 0.045   -977389    0 
22900:    1.00    0.082    0.013 0.154 0.017 0.259    0.025 0.005 0.043 0.026 0.064 0.044   -976620    0 

--------------------------------------------
Proportion of membership of each pre-defined
 population in each of the 4 clusters

Given    Inferred Clusters              Number of
 Pop       1      2      3      4      Individuals

  1:     0.394  0.203  0.302  0.102       23
--------------------------------------------

 Rep#:   Lambda   Alpha      F1    F2    F3    F4     D1,2  D1,3  D1,4  D2,3  D2,4  D3,4    Ln Like  Est Ln P(D)
23000:    1.00    0.047    0.013 0.153 0.017 0.261    0.025 0.004 0.043 0.025 0.065 0.044   -977033    0 
23100:    1.00    0.065    0.013 0.153 0.017 0.259    0.025 0.004 0.044 0.025 0.065 0.044   -976553    0 
23200:    1.00    0.049    0.013 0.150 0.016 0.260    0.024 0.004 0.044 0.025 0.064 0.044   -976763    0 
23300:    1.00    0.069    0.013 0.151 0.016 0.262    0.025 0.004 0.044 0.025 0.065 0.045   -977337    0 
23400:    1.00    0.037    0.013 0.150 0.016 0.262    0.024 0.005 0.044 0.025 0.064 0.045   -976822    0 
23500:    1.00    0.073    0.013 0.146 0.016 0.258    0.024 0.005 0.043 0.024 0.063 0.044   -976932    0 
23600:    1.00    0.038    0.013 0.146 0.016 0.255    0.024 0.005 0.043 0.024 0.063 0.043   -977569    0 
23700:    1.00    0.061    0.013 0.146 0.016 0.254    0.024 0.004 0.043 0.024 0.063 0.043   -976992    0 
23800:    1.00    0.056    0.013 0.144 0.016 0.254    0.024 0.004 0.043 0.024 0.063 0.043   -977292    0 
23900:    1.00    0.072    0.013 0.143 0.016 0.253    0.023 0.004 0.043 0.024 0.062 0.043   -977534    0 

--------------------------------------------
Proportion of membership of each pre-defined
 population in each of the 4 clusters

Given    Inferred Clusters              Number of
 Pop       1      2      3      4      Individuals

  1:     0.396  0.212  0.290  0.101       23
--------------------------------------------

 Rep#:   Lambda   Alpha      F1    F2    F3    F4     D1,2  D1,3  D1,4  D2,3  D2,4  D3,4    Ln Like  Est Ln P(D)
24000:    1.00    0.066    0.013 0.145 0.016 0.257    0.024 0.005 0.043 0.024 0.063 0.043   -976666    0 
24100:    1.00    0.054    0.013 0.144 0.016 0.262    0.023 0.004 0.044 0.024 0.064 0.044   -976457    0 
24200:    1.00    0.070    0.013 0.146 0.016 0.260    0.024 0.004 0.043 0.024 0.064 0.044   -976481    0 
24300:    1.00    0.065    0.013 0.146 0.016 0.262    0.024 0.004 0.044 0.024 0.064 0.045   -976690    0 
24400:    1.00    0.072    0.013 0.144 0.016 0.261    0.024 0.005 0.044 0.024 0.064 0.044   -977027    0 
24500:    1.00    0.066    0.013 0.145 0.016 0.263    0.024 0.005 0.044 0.024 0.065 0.045   -976835    0 
24600:    1.00    0.049    0.013 0.144 0.016 0.262    0.024 0.005 0.044 0.024 0.064 0.044   -976276    0 
24700:    1.00    0.067    0.013 0.144 0.017 0.258    0.023 0.005 0.043 0.024 0.063 0.044   -976761    0 
24800:    1.00    0.033    0.014 0.147 0.017 0.258    0.024 0.005 0.044 0.024 0.064 0.044   -976124    0 
24900:    1.00    0.055    0.014 0.148 0.017 0.257    0.024 0.005 0.043 0.025 0.064 0.044   -976742    0 

--------------------------------------------
Proportion of membership of each pre-defined
 population in each of the 4 clusters

Given    Inferred Clusters              Number of
 Pop       1      2      3      4      Individuals

  1:     0.399  0.212  0.287  0.102       23
--------------------------------------------

 Rep#:   Lambda   Alpha      F1    F2    F3    F4     D1,2  D1,3  D1,4  D2,3  D2,4  D3,4    Ln Like  Est Ln P(D)
25000:    1.00    0.042    0.014 0.145 0.017 0.256    0.024 0.005 0.043 0.024 0.063 0.043   -976807    0 
25100:    1.00    0.052    0.014 0.145 0.017 0.259    0.023 0.005 0.043 0.024 0.063 0.044   -976645    0 
25200:    1.00    0.059    0.014 0.145 0.017 0.259    0.024 0.005 0.043 0.024 0.063 0.044   -976802    0 
25300:    1.00    0.045    0.014 0.145 0.017 0.262    0.024 0.005 0.044 0.024 0.063 0.044   -976637    0 
25400:    1.00    0.073    0.014 0.145 0.017 0.263    0.024 0.005 0.044 0.024 0.063 0.044   -977118    0 
25500:    1.00    0.065    0.014 0.146 0.017 0.262    0.024 0.005 0.044 0.024 0.064 0.044   -976993    0 
25600:    1.00    0.057    0.014 0.145 0.017 0.261    0.024 0.005 0.044 0.024 0.064 0.045   -976956    0 
25700:    1.00    0.071    0.014 0.145 0.017 0.261    0.024 0.005 0.044 0.024 0.064 0.044   -976319    0 
25800:    1.00    0.055    0.014 0.147 0.017 0.263    0.024 0.005 0.044 0.024 0.064 0.044   -976713    0 
25900:    1.00    0.068    0.014 0.147 0.017 0.266    0.024 0.005 0.045 0.025 0.064 0.045   -976283    0 

--------------------------------------------
Proportion of membership of each pre-defined
 population in each of the 4 clusters

Given    Inferred Clusters              Number of
 Pop       1      2      3      4      Individuals

  1:     0.402  0.213  0.284  0.102       23
--------------------------------------------

 Rep#:   Lambda   Alpha      F1    F2    F3    F4     D1,2  D1,3  D1,4  D2,3  D2,4  D3,4    Ln Like  Est Ln P(D)
26000:    1.00    0.072    0.014 0.147 0.017 0.265    0.024 0.005 0.044 0.025 0.064 0.045   -976500    0 
26100:    1.00    0.073    0.014 0.145 0.017 0.266    0.024 0.005 0.044 0.024 0.065 0.045   -976612    0 
26200:    1.00    0.045    0.014 0.146 0.017 0.266    0.024 0.005 0.044 0.024 0.064 0.045   -977113    0 
26300:    1.00    0.040    0.014 0.147 0.017 0.264    0.024 0.005 0.044 0.024 0.064 0.044   -977210    0 
26400:    1.00    0.059    0.014 0.147 0.017 0.263    0.024 0.005 0.044 0.024 0.064 0.045   -976670    0 
26500:    1.00    0.037    0.014 0.146 0.017 0.261    0.024 0.005 0.044 0.024 0.063 0.044   -976833    0 
26600:    1.00    0.082    0.014 0.146 0.017 0.261    0.024 0.005 0.044 0.024 0.064 0.044   -976854    0 
26700:    1.00    0.060    0.014 0.145 0.017 0.262    0.023 0.005 0.044 0.024 0.063 0.045   -976605    0 
26800:    1.00    0.097    0.014 0.146 0.017 0.263    0.024 0.005 0.044 0.025 0.064 0.045   -976697    0 
26900:    1.00    0.083    0.014 0.146 0.017 0.262    0.024 0.005 0.043 0.025 0.063 0.044   -977284    0 

--------------------------------------------
Proportion of membership of each pre-defined
 population in each of the 4 clusters

Given    Inferred Clusters              Number of
 Pop       1      2      3      4      Individuals

  1:     0.408  0.215  0.276  0.101       23
--------------------------------------------

 Rep#:   Lambda   Alpha      F1    F2    F3    F4     D1,2  D1,3  D1,4  D2,3  D2,4  D3,4    Ln Like  Est Ln P(D)
27000:    1.00    0.055    0.014 0.144 0.017 0.260    0.024 0.005 0.044 0.024 0.063 0.044   -976863    0 
27100:    1.00    0.064    0.014 0.145 0.017 0.267    0.024 0.005 0.045 0.024 0.064 0.046   -976931    0 
27200:    1.00    0.062    0.014 0.145 0.017 0.267    0.024 0.005 0.045 0.024 0.064 0.045   -976807    0 
27300:    1.00    0.069    0.014 0.146 0.017 0.267    0.023 0.005 0.045 0.024 0.064 0.045   -976582    0 
27400:    1.00    0.073    0.014 0.148 0.017 0.267    0.024 0.005 0.045 0.025 0.064 0.045   -976498    0 
27500:    1.00    0.054    0.014 0.147 0.017 0.264    0.024 0.005 0.044 0.024 0.065 0.045   -976243    0 
27600:    1.00    0.071    0.014 0.147 0.017 0.259    0.024 0.005 0.044 0.025 0.064 0.044   -976540    0 
27700:    1.00    0.074    0.014 0.147 0.017 0.258    0.024 0.005 0.043 0.025 0.063 0.044   -976335    0 
27800:    1.00    0.068    0.014 0.148 0.017 0.258    0.024 0.005 0.043 0.024 0.063 0.044   -976529    0 
27900:    1.00    0.053    0.014 0.146 0.017 0.258    0.024 0.005 0.043 0.024 0.063 0.044   -976641    0 

--------------------------------------------
Proportion of membership of each pre-defined
 population in each of the 4 clusters

Given    Inferred Clusters              Number of
 Pop       1      2      3      4      Individuals

  1:     0.408  0.215  0.275  0.102       23
--------------------------------------------

 Rep#:   Lambda   Alpha      F1    F2    F3    F4     D1,2  D1,3  D1,4  D2,3  D2,4  D3,4    Ln Like  Est Ln P(D)
28000:    1.00    0.061    0.014 0.145 0.018 0.259    0.024 0.005 0.043 0.024 0.063 0.044   -976829    0 
28100:    1.00    0.046    0.014 0.147 0.017 0.259    0.024 0.005 0.044 0.024 0.064 0.044   -976312    0 
28200:    1.00    0.054    0.014 0.148 0.017 0.255    0.024 0.005 0.044 0.025 0.064 0.044   -976619    0 
28300:    1.00    0.056    0.014 0.148 0.017 0.257    0.024 0.005 0.043 0.025 0.064 0.044   -976529    0 
28400:    1.00    0.068    0.014 0.150 0.017 0.256    0.024 0.005 0.044 0.025 0.064 0.044   -976662    0 
28500:    1.00    0.064    0.014 0.152 0.017 0.255    0.025 0.005 0.043 0.025 0.064 0.044   -976678    0 
28600:    1.00    0.068    0.014 0.151 0.017 0.260    0.024 0.005 0.043 0.025 0.064 0.044   -976491    0 
28700:    1.00    0.072    0.014 0.151 0.017 0.257    0.024 0.005 0.043 0.025 0.064 0.044   -976829    0 
28800:    1.00    0.056    0.014 0.149 0.017 0.258    0.024 0.005 0.043 0.025 0.064 0.044   -976513    0 
28900:    1.00    0.055    0.014 0.149 0.017 0.256    0.024 0.005 0.043 0.025 0.064 0.044   -976579    0 

--------------------------------------------
Proportion of membership of each pre-defined
 population in each of the 4 clusters

Given    Inferred Clusters              Number of
 Pop       1      2      3      4      Individuals

  1:     0.416  0.213  0.271  0.101       23
--------------------------------------------

 Rep#:   Lambda   Alpha      F1    F2    F3    F4     D1,2  D1,3  D1,4  D2,3  D2,4  D3,4    Ln Like  Est Ln P(D)
29000:    1.00    0.047    0.014 0.149 0.017 0.256    0.024 0.005 0.043 0.025 0.063 0.044   -976634    0 
29100:    1.00    0.072    0.014 0.148 0.018 0.253    0.024 0.005 0.043 0.025 0.063 0.043   -976769    0 
29200:    1.00    0.043    0.014 0.147 0.018 0.257    0.024 0.005 0.043 0.025 0.063 0.043   -976335    0 
29300:    1.00    0.029    0.014 0.147 0.018 0.257    0.024 0.005 0.043 0.025 0.063 0.044   -976577    0 
29400:    1.00    0.036    0.014 0.147 0.018 0.257    0.024 0.005 0.043 0.025 0.063 0.044   -976660    0 
29500:    1.00    0.052    0.015 0.144 0.018 0.257    0.023 0.005 0.043 0.024 0.062 0.044   -976344    0 
29600:    1.00    0.074    0.015 0.146 0.018 0.257    0.024 0.005 0.043 0.024 0.063 0.044   -976172    0 
29700:    1.00    0.048    0.015 0.146 0.018 0.264    0.024 0.005 0.044 0.025 0.064 0.045   -976514    0 
29800:    1.00    0.044    0.015 0.146 0.018 0.265    0.024 0.005 0.045 0.025 0.064 0.045   -976242    0 
29900:    1.00    0.049    0.015 0.144 0.018 0.265    0.024 0.005 0.045 0.024 0.064 0.045   -976488    0 

--------------------------------------------
Proportion of membership of each pre-defined
 population in each of the 4 clusters

Given    Inferred Clusters              Number of
 Pop       1      2      3      4      Individuals

  1:     0.416  0.217  0.267  0.100       23
--------------------------------------------

 Rep#:   Lambda   Alpha      F1    F2    F3    F4     D1,2  D1,3  D1,4  D2,3  D2,4  D3,4    Ln Like  Est Ln P(D)
30000:    1.00    0.057    0.015 0.144 0.018 0.265    0.024 0.005 0.044 0.024 0.063 0.045   -975982    0 
30100:    1.00    0.046    0.015 0.144 0.018 0.265    0.023 0.005 0.044 0.024 0.064 0.045   -976764    0 
30200:    1.00    0.044    0.015 0.146 0.018 0.266    0.024 0.005 0.045 0.024 0.065 0.045   -976431    0 
30300:    1.00    0.079    0.015 0.145 0.018 0.265    0.024 0.005 0.044 0.025 0.064 0.045   -976571    0 
30400:    1.00    0.074    0.015 0.144 0.018 0.263    0.024 0.005 0.044 0.025 0.064 0.045   -976140    0 
30500:    1.00    0.056    0.015 0.144 0.018 0.263    0.023 0.005 0.044 0.024 0.064 0.045   -976886    0 
30600:    1.00    0.061    0.015 0.144 0.018 0.255    0.024 0.005 0.043 0.024 0.063 0.044   -976411    0 
30700:    1.00    0.079    0.015 0.144 0.018 0.254    0.024 0.005 0.043 0.024 0.062 0.043   -976646    0 
30800:    1.00    0.060    0.015 0.144 0.018 0.254    0.024 0.005 0.042 0.024 0.062 0.043   -976308    0 
30900:    1.00    0.056    0.015 0.148 0.018 0.250    0.024 0.005 0.042 0.025 0.062 0.043   -976756    0 

--------------------------------------------
Proportion of membership of each pre-defined
 population in each of the 4 clusters

Given    Inferred Clusters              Number of
 Pop       1      2      3      4      Individuals

  1:     0.425  0.215  0.257  0.103       23
--------------------------------------------

 Rep#:   Lambda   Alpha      F1    F2    F3    F4     D1,2  D1,3  D1,4  D2,3  D2,4  D3,4    Ln Like  Est Ln P(D)
31000:    1.00    0.052    0.015 0.146 0.018 0.249    0.024 0.005 0.042 0.025 0.062 0.043   -977096    0 
31100:    1.00    0.064    0.015 0.145 0.018 0.249    0.024 0.005 0.042 0.024 0.062 0.043   -976275    0 
31200:    1.00    0.075    0.015 0.146 0.018 0.248    0.024 0.005 0.042 0.025 0.062 0.043   -977127    0 
31300:    1.00    0.066    0.015 0.144 0.018 0.250    0.024 0.005 0.042 0.024 0.062 0.043   -976675    0 
31400:    1.00    0.058    0.015 0.145 0.018 0.251    0.024 0.005 0.042 0.024 0.062 0.043   -976219    0 
31500:    1.00    0.111    0.015 0.145 0.018 0.253    0.023 0.005 0.043 0.024 0.062 0.043   -976608    0 
31600:    1.00    0.064    0.015 0.146 0.018 0.256    0.024 0.005 0.043 0.025 0.063 0.044   -976871    0 
31700:    1.00    0.069    0.015 0.145 0.018 0.256    0.024 0.005 0.043 0.025 0.063 0.043   -977237    0 
31800:    1.00    0.056    0.015 0.145 0.018 0.257    0.024 0.005 0.044 0.025 0.063 0.044   -976526    0 
31900:    1.00    0.070    0.015 0.147 0.018 0.255    0.024 0.005 0.043 0.025 0.063 0.044   -976417    0 

--------------------------------------------
Proportion of membership of each pre-defined
 population in each of the 4 clusters

Given    Inferred Clusters              Number of
 Pop       1      2      3      4      Individuals

  1:     0.423  0.214  0.261  0.102       23
--------------------------------------------

 Rep#:   Lambda   Alpha      F1    F2    F3    F4     D1,2  D1,3  D1,4  D2,3  D2,4  D3,4    Ln Like  Est Ln P(D)
32000:    1.00    0.083    0.015 0.144 0.018 0.258    0.024 0.005 0.043 0.025 0.064 0.044   -976585    0 
32100:    1.00    0.099    0.015 0.144 0.018 0.261    0.024 0.005 0.044 0.025 0.063 0.044   -976387    0 
32200:    1.00    0.041    0.015 0.145 0.018 0.262    0.024 0.005 0.044 0.024 0.063 0.045   -976420    0 
32300:    1.00    0.050    0.015 0.143 0.018 0.262    0.023 0.005 0.044 0.024 0.064 0.045   -976125    0 
32400:    1.00    0.067    0.015 0.142 0.018 0.265    0.024 0.005 0.045 0.024 0.064 0.045   -976608    0 
32500:    1.00    0.061    0.015 0.142 0.018 0.267    0.023 0.005 0.045 0.024 0.064 0.045   -976302    0 
32600:    1.00    0.064    0.015 0.142 0.018 0.265    0.023 0.005 0.045 0.024 0.064 0.045   -976067    0 
32700:    1.00    0.043    0.015 0.142 0.018 0.265    0.023 0.005 0.044 0.024 0.063 0.045   -976371    0 
32800:    1.00    0.051    0.015 0.140 0.018 0.266    0.023 0.005 0.045 0.024 0.063 0.045   -976024    0 
32900:    1.00    0.065    0.015 0.141 0.018 0.268    0.023 0.005 0.045 0.024 0.064 0.045   -976241    0 

--------------------------------------------
Proportion of membership of each pre-defined
 population in each of the 4 clusters

Given    Inferred Clusters              Number of
 Pop       1      2      3      4      Individuals

  1:     0.426  0.214  0.260  0.100       23
--------------------------------------------

 Rep#:   Lambda   Alpha      F1    F2    F3    F4     D1,2  D1,3  D1,4  D2,3  D2,4  D3,4    Ln Like  Est Ln P(D)
33000:    1.00    0.038    0.015 0.144 0.018 0.268    0.024 0.005 0.045 0.024 0.064 0.045   -976715    0 
33100:    1.00    0.053    0.015 0.144 0.018 0.262    0.024 0.005 0.044 0.024 0.063 0.044   -976406    0 
33200:    1.00    0.049    0.015 0.145 0.019 0.264    0.024 0.005 0.044 0.025 0.064 0.045   -976087    0 
33300:    1.00    0.073    0.015 0.145 0.019 0.264    0.024 0.005 0.045 0.024 0.064 0.045   -976333    0 
33400:    1.00    0.065    0.015 0.147 0.019 0.262    0.024 0.005 0.044 0.025 0.063 0.045   -976066    0 
33500:    1.00    0.061    0.015 0.148 0.019 0.262    0.024 0.005 0.044 0.025 0.063 0.044   -976266    0 
33600:    1.00    0.040    0.015 0.148 0.019 0.264    0.024 0.005 0.044 0.025 0.065 0.045   -976393    0 
33700:    1.00    0.039    0.015 0.147 0.019 0.262    0.024 0.005 0.044 0.025 0.064 0.045   -976125    0 
33800:    1.00    0.045    0.015 0.148 0.019 0.262    0.024 0.005 0.044 0.025 0.064 0.045   -976316    0 
33900:    1.00    0.071    0.015 0.148 0.019 0.258    0.024 0.005 0.043 0.025 0.063 0.044   -976298    0 

--------------------------------------------
Proportion of membership of each pre-defined
 population in each of the 4 clusters

Given    Inferred Clusters              Number of
 Pop       1      2      3      4      Individuals

  1:     0.426  0.212  0.261  0.101       23
--------------------------------------------

 Rep#:   Lambda   Alpha      F1    F2    F3    F4     D1,2  D1,3  D1,4  D2,3  D2,4  D3,4    Ln Like  Est Ln P(D)
34000:    1.00    0.050    0.015 0.151 0.019 0.258    0.024 0.005 0.043 0.025 0.063 0.044   -976310    0 
34100:    1.00    0.064    0.016 0.151 0.019 0.257    0.025 0.005 0.044 0.025 0.064 0.044   -976003    0 
34200:    1.00    0.047    0.016 0.151 0.019 0.258    0.025 0.005 0.044 0.025 0.064 0.044   -976056    0 
34300:    1.00    0.058    0.016 0.149 0.019 0.260    0.024 0.005 0.044 0.025 0.064 0.045   -976400    0 
34400:    1.00    0.035    0.015 0.147 0.019 0.260    0.024 0.005 0.044 0.025 0.064 0.044   -976486    0 
34500:    1.00    0.054    0.015 0.146 0.019 0.261    0.024 0.005 0.044 0.025 0.064 0.044   -976615    0 
34600:    1.00    0.057    0.016 0.146 0.019 0.260    0.024 0.005 0.044 0.025 0.063 0.044   -976021    0 
34700:    1.00    0.071    0.016 0.147 0.019 0.260    0.024 0.005 0.043 0.025 0.064 0.044   -976106    0 
34800:    1.00    0.066    0.016 0.146 0.019 0.260    0.024 0.005 0.043 0.025 0.063 0.044   -976113    0 
34900:    1.00    0.051    0.016 0.146 0.019 0.257    0.024 0.005 0.043 0.025 0.063 0.044   -976452    0 

--------------------------------------------
Proportion of membership of each pre-defined
 population in each of the 4 clusters

Given    Inferred Clusters              Number of
 Pop       1      2      3      4      Individuals

  1:     0.434  0.213  0.254  0.098       23
--------------------------------------------

 Rep#:   Lambda   Alpha      F1    F2    F3    F4     D1,2  D1,3  D1,4  D2,3  D2,4  D3,4    Ln Like  Est Ln P(D)
35000:    1.00    0.043    0.016 0.146 0.019 0.257    0.024 0.005 0.044 0.025 0.064 0.044   -976325    0 
35100:    1.00    0.060    0.016 0.146 0.019 0.257    0.024 0.005 0.043 0.025 0.063 0.044   -976165    0 
35200:    1.00    0.054    0.016 0.147 0.019 0.258    0.024 0.005 0.044 0.025 0.064 0.045   -975953    0 
35300:    1.00    0.068    0.016 0.146 0.019 0.255    0.024 0.005 0.043 0.025 0.063 0.044   -976024    0 
35400:    1.00    0.043    0.016 0.148 0.019 0.257    0.024 0.005 0.043 0.025 0.063 0.044   -975809    0 
35500:    1.00    0.034    0.015 0.149 0.019 0.257    0.024 0.005 0.043 0.025 0.063 0.044   -976486    0 
35600:    1.00    0.034    0.015 0.148 0.019 0.259    0.025 0.005 0.043 0.025 0.063 0.044   -976335    0 
35700:    1.00    0.046    0.015 0.147 0.019 0.262    0.024 0.005 0.044 0.025 0.064 0.045   -975970    0 
35800:    1.00    0.037    0.015 0.147 0.019 0.259    0.024 0.005 0.044 0.025 0.064 0.045   -976056    0 
35900:    1.00    0.069    0.015 0.148 0.019 0.261    0.024 0.005 0.044 0.025 0.064 0.045   -975995    0 

--------------------------------------------
Proportion of membership of each pre-defined
 population in each of the 4 clusters

Given    Inferred Clusters              Number of
 Pop       1      2      3      4      Individuals

  1:     0.436  0.212  0.251  0.101       23
--------------------------------------------

 Rep#:   Lambda   Alpha      F1    F2    F3    F4     D1,2  D1,3  D1,4  D2,3  D2,4  D3,4    Ln Like  Est Ln P(D)
36000:    1.00    0.056    0.016 0.147 0.019 0.260    0.024 0.005 0.044 0.025 0.064 0.044   -976181    0 
36100:    1.00    0.087    0.016 0.147 0.019 0.256    0.024 0.005 0.043 0.025 0.063 0.044   -976362    0 
36200:    1.00    0.059    0.016 0.147 0.019 0.256    0.024 0.005 0.043 0.025 0.063 0.043   -976636    0 
36300:    1.00    0.037    0.016 0.147 0.019 0.256    0.024 0.005 0.043 0.025 0.063 0.044   -976175    0 
36400:    1.00    0.056    0.016 0.146 0.019 0.256    0.024 0.005 0.043 0.025 0.063 0.044   -976573    0 
36500:    1.00    0.052    0.016 0.146 0.019 0.254    0.024 0.005 0.043 0.025 0.063 0.044   -976595    0 
36600:    1.00    0.038    0.016 0.148 0.019 0.255    0.024 0.005 0.043 0.025 0.063 0.043   -976634    0 
36700:    1.00    0.054    0.016 0.148 0.019 0.255    0.024 0.005 0.043 0.025 0.063 0.044   -976341    0 
36800:    1.00    0.042    0.015 0.148 0.019 0.251    0.024 0.005 0.042 0.025 0.063 0.043   -976220    0 
36900:    1.00    0.055    0.015 0.146 0.019 0.255    0.024 0.005 0.044 0.025 0.063 0.044   -976467    0 

--------------------------------------------
Proportion of membership of each pre-defined
 population in each of the 4 clusters

Given    Inferred Clusters              Number of
 Pop       1      2      3      4      Individuals

  1:     0.436  0.213  0.251  0.100       23
--------------------------------------------

 Rep#:   Lambda   Alpha      F1    F2    F3    F4     D1,2  D1,3  D1,4  D2,3  D2,4  D3,4    Ln Like  Est Ln P(D)
37000:    1.00    0.046    0.015 0.146 0.019 0.260    0.024 0.005 0.044 0.025 0.063 0.044   -976464    0 
37100:    1.00    0.047    0.015 0.148 0.019 0.255    0.024 0.005 0.043 0.025 0.063 0.043   -976620    0 
37200:    1.00    0.057    0.015 0.145 0.019 0.255    0.024 0.005 0.043 0.025 0.063 0.044   -976321    0 
37300:    1.00    0.066    0.015 0.145 0.019 0.255    0.024 0.005 0.043 0.025 0.063 0.044   -976107    0 
37400:    1.00    0.061    0.015 0.146 0.019 0.254    0.024 0.005 0.043 0.025 0.062 0.043   -976084    0 
37500:    1.00    0.048    0.015 0.146 0.019 0.253    0.024 0.005 0.043 0.025 0.062 0.044   -976079    0 
37600:    1.00    0.045    0.015 0.144 0.019 0.256    0.024 0.005 0.044 0.025 0.063 0.044   -976313    0 
37700:    1.00    0.040    0.016 0.144 0.019 0.251    0.024 0.005 0.043 0.024 0.062 0.043   -976400    0 
37800:    1.00    0.038    0.016 0.143 0.019 0.250    0.024 0.005 0.042 0.024 0.062 0.043   -976426    0 
37900:    1.00    0.048    0.016 0.141 0.019 0.249    0.024 0.005 0.043 0.024 0.062 0.043   -976442    0 

--------------------------------------------
Proportion of membership of each pre-defined
 population in each of the 4 clusters

Given    Inferred Clusters              Number of
 Pop       1      2      3      4      Individuals

  1:     0.434  0.216  0.249  0.101       23
--------------------------------------------

 Rep#:   Lambda   Alpha      F1    F2    F3    F4     D1,2  D1,3  D1,4  D2,3  D2,4  D3,4    Ln Like  Est Ln P(D)
38000:    1.00    0.064    0.016 0.144 0.019 0.251    0.024 0.005 0.043 0.025 0.062 0.043   -976745    0 
38100:    1.00    0.051    0.016 0.144 0.019 0.254    0.024 0.005 0.043 0.024 0.063 0.044   -975871    0 
38200:    1.00    0.038    0.016 0.145 0.019 0.254    0.024 0.005 0.043 0.025 0.062 0.043   -975944    0 
38300:    1.00    0.043    0.016 0.146 0.019 0.258    0.024 0.005 0.044 0.025 0.063 0.044   -976117    0 
38400:    1.00    0.058    0.016 0.146 0.019 0.259    0.024 0.005 0.043 0.025 0.063 0.044   -976173    0 
38500:    1.00    0.071    0.016 0.146 0.019 0.258    0.024 0.005 0.043 0.025 0.063 0.044   -976051    0 
38600:    1.00    0.055    0.016 0.147 0.019 0.257    0.024 0.005 0.044 0.025 0.063 0.044   -976232    0 
38700:    1.00    0.061    0.016 0.150 0.019 0.258    0.025 0.005 0.043 0.025 0.064 0.044   -975998    0 
38800:    1.00    0.052    0.016 0.150 0.019 0.258    0.025 0.005 0.044 0.026 0.064 0.045   -976491    0 
38900:    1.00    0.053    0.016 0.151 0.019 0.264    0.025 0.005 0.045 0.025 0.065 0.045   -977011    0 

--------------------------------------------
Proportion of membership of each pre-defined
 population in each of the 4 clusters

Given    Inferred Clusters              Number of
 Pop       1      2      3      4      Individuals

  1:     0.432  0.215  0.253  0.101       23
--------------------------------------------

 Rep#:   Lambda   Alpha      F1    F2    F3    F4     D1,2  D1,3  D1,4  D2,3  D2,4  D3,4    Ln Like  Est Ln P(D)
39000:    1.00    0.051    0.016 0.148 0.019 0.265    0.024 0.005 0.044 0.025 0.064 0.045   -976452    0 
39100:    1.00    0.064    0.016 0.147 0.019 0.264    0.024 0.005 0.045 0.025 0.064 0.045   -976201    0 
39200:    1.00    0.055    0.016 0.148 0.019 0.261    0.024 0.005 0.044 0.025 0.064 0.045   -976716    0 
39300:    1.00    0.068    0.016 0.149 0.020 0.260    0.025 0.005 0.044 0.025 0.065 0.045   -975963    0 
39400:    1.00    0.048    0.016 0.148 0.020 0.260    0.024 0.005 0.044 0.025 0.063 0.045   -975920    0 
39500:    1.00    0.076    0.016 0.150 0.019 0.260    0.024 0.005 0.044 0.025 0.065 0.045   -976280    0 
39600:    1.00    0.072    0.016 0.149 0.019 0.262    0.025 0.005 0.045 0.026 0.065 0.045   -976088    0 
39700:    1.00    0.058    0.017 0.150 0.019 0.262    0.025 0.005 0.044 0.025 0.064 0.045   -976146    0 
39800:    1.00    0.046    0.017 0.150 0.020 0.264    0.025 0.006 0.045 0.025 0.064 0.045   -975518    0 
39900:    1.00    0.074    0.017 0.149 0.020 0.262    0.025 0.006 0.045 0.025 0.064 0.045   -976075    0 

--------------------------------------------
Proportion of membership of each pre-defined
 population in each of the 4 clusters

Given    Inferred Clusters              Number of
 Pop       1      2      3      4      Individuals

  1:     0.429  0.217  0.254  0.100       23
--------------------------------------------

 Rep#:   Lambda   Alpha      F1    F2    F3    F4     D1,2  D1,3  D1,4  D2,3  D2,4  D3,4    Ln Like  Est Ln P(D)
40000:    1.00    0.063    0.017 0.149 0.020 0.261    0.025 0.006 0.044 0.025 0.064 0.045   -975772    0 
40100:    1.00    0.058    0.017 0.147 0.020 0.262    0.024 0.006 0.045 0.025 0.064 0.045   -975790    0 
40200:    1.00    0.044    0.017 0.147 0.020 0.262    0.024 0.006 0.044 0.025 0.064 0.045   -975177    0 
40300:    1.00    0.061    0.017 0.147 0.020 0.258    0.024 0.006 0.044 0.025 0.063 0.044   -976380    0 
40400:    1.00    0.069    0.017 0.148 0.020 0.260    0.024 0.006 0.044 0.025 0.063 0.045   -976042    0 
40500:    1.00    0.079    0.017 0.146 0.020 0.259    0.024 0.006 0.044 0.025 0.064 0.045   -975863    0 
40600:    1.00    0.081    0.018 0.148 0.020 0.259    0.025 0.006 0.044 0.025 0.064 0.044   -975455    0 
40700:    1.00    0.064    0.018 0.149 0.021 0.256    0.025 0.006 0.043 0.025 0.062 0.044   -975595    0 
40800:    1.00    0.071    0.018 0.147 0.021 0.261    0.024 0.006 0.044 0.025 0.064 0.045   -975412    0 
40900:    1.00    0.099    0.018 0.148 0.021 0.264    0.025 0.006 0.045 0.025 0.064 0.045   -975954    0 

--------------------------------------------
Proportion of membership of each pre-defined
 population in each of the 4 clusters

Given    Inferred Clusters              Number of
 Pop       1      2      3      4      Individuals

  1:     0.429  0.218  0.253  0.101       23
--------------------------------------------

 Rep#:   Lambda   Alpha      F1    F2    F3    F4     D1,2  D1,3  D1,4  D2,3  D2,4  D3,4    Ln Like  Est Ln P(D)
41000:    1.00    0.086    0.018 0.148 0.021 0.256    0.025 0.006 0.043 0.025 0.063 0.044   -975418    0 
41100:    1.00    0.098    0.018 0.148 0.021 0.254    0.024 0.006 0.044 0.025 0.063 0.044   -975919    0 
41200:    1.00    0.093    0.018 0.148 0.021 0.254    0.025 0.006 0.043 0.025 0.063 0.044   -975767    0 
41300:    1.00    0.093    0.018 0.146 0.021 0.257    0.024 0.006 0.044 0.025 0.063 0.044   -975124    0 
41400:    1.00    0.063    0.018 0.146 0.021 0.257    0.024 0.006 0.044 0.025 0.063 0.044   -975922    0 
41500:    1.00    0.056    0.018 0.146 0.021 0.259    0.024 0.006 0.044 0.025 0.063 0.045   -975336    0 
41600:    1.00    0.056    0.018 0.147 0.020 0.259    0.025 0.006 0.044 0.025 0.063 0.045   -975247    0 
41700:    1.00    0.052    0.018 0.146 0.021 0.258    0.024 0.006 0.044 0.025 0.063 0.044   -976119    0 
41800:    1.00    0.060    0.018 0.145 0.021 0.260    0.024 0.006 0.044 0.025 0.063 0.044   -975546    0 
41900:    1.00    0.101    0.018 0.144 0.021 0.258    0.024 0.006 0.044 0.025 0.063 0.044   -975912    0 

--------------------------------------------
Proportion of membership of each pre-defined
 population in each of the 4 clusters

Given    Inferred Clusters              Number of
 Pop       1      2      3      4      Individuals

  1:     0.429  0.215  0.254  0.101       23
--------------------------------------------

 Rep#:   Lambda   Alpha      F1    F2    F3    F4     D1,2  D1,3  D1,4  D2,3  D2,4  D3,4    Ln Like  Est Ln P(D)
42000:    1.00    0.086    0.019 0.144 0.021 0.258    0.024 0.006 0.044 0.025 0.063 0.045   -976234    0 
42100:    1.00    0.091    0.019 0.145 0.021 0.258    0.024 0.006 0.044 0.025 0.063 0.044   -975667    0 
42200:    1.00    0.093    0.019 0.145 0.021 0.262    0.024 0.006 0.044 0.025 0.064 0.045   -975357    0 
42300:    1.00    0.066    0.019 0.142 0.022 0.260    0.024 0.006 0.044 0.025 0.063 0.045   -975630    0 
42400:    1.00    0.050    0.019 0.140 0.022 0.263    0.023 0.006 0.045 0.024 0.064 0.046   -975881    0 
42500:    1.00    0.056    0.018 0.141 0.021 0.260    0.024 0.006 0.044 0.025 0.063 0.045   -975569    0 
42600:    1.00    0.067    0.018 0.142 0.022 0.262    0.024 0.006 0.044 0.025 0.063 0.045   -975035    0 
42700:    1.00    0.066    0.018 0.143 0.022 0.253    0.024 0.006 0.043 0.025 0.061 0.043   -975615    0 
42800:    1.00    0.078    0.018 0.144 0.022 0.255    0.024 0.006 0.043 0.025 0.063 0.044   -975017    0 
42900:    1.00    0.072    0.018 0.143 0.022 0.257    0.024 0.006 0.044 0.025 0.063 0.045   -975652    0 

--------------------------------------------
Proportion of membership of each pre-defined
 population in each of the 4 clusters

Given    Inferred Clusters              Number of
 Pop       1      2      3      4      Individuals

  1:     0.429  0.218  0.252  0.101       23
--------------------------------------------

 Rep#:   Lambda   Alpha      F1    F2    F3    F4     D1,2  D1,3  D1,4  D2,3  D2,4  D3,4    Ln Like  Est Ln P(D)
43000:    1.00    0.077    0.018 0.143 0.022 0.258    0.024 0.006 0.044 0.025 0.063 0.045   -975778    0 
43100:    1.00    0.067    0.019 0.143 0.022 0.261    0.024 0.006 0.045 0.025 0.064 0.045   -975435    0 
43200:    1.00    0.047    0.019 0.144 0.022 0.263    0.024 0.006 0.045 0.025 0.063 0.045   -975284    0 
43300:    1.00    0.062    0.019 0.144 0.022 0.261    0.024 0.006 0.044 0.025 0.063 0.045   -975212    0 
43400:    1.00    0.073    0.019 0.144 0.022 0.262    0.024 0.006 0.045 0.025 0.064 0.045   -975346    0 
43500:    1.00    0.060    0.019 0.145 0.022 0.259    0.024 0.006 0.044 0.025 0.063 0.045   -975127    0 
43600:    1.00    0.060    0.019 0.146 0.022 0.257    0.024 0.006 0.044 0.025 0.063 0.044   -975378    0 
43700:    1.00    0.043    0.019 0.146 0.022 0.258    0.024 0.006 0.044 0.025 0.063 0.044   -975644    0 
43800:    1.00    0.054    0.019 0.145 0.022 0.261    0.024 0.006 0.044 0.025 0.064 0.045   -975733    0 
43900:    1.00    0.054    0.019 0.147 0.022 0.263    0.024 0.006 0.045 0.025 0.064 0.045   -974991    0 

--------------------------------------------
Proportion of membership of each pre-defined
 population in each of the 4 clusters

Given    Inferred Clusters              Number of
 Pop       1      2      3      4      Individuals

  1:     0.434  0.215  0.251  0.100       23
--------------------------------------------

 Rep#:   Lambda   Alpha      F1    F2    F3    F4     D1,2  D1,3  D1,4  D2,3  D2,4  D3,4    Ln Like  Est Ln P(D)
44000:    1.00    0.037    0.019 0.148 0.022 0.258    0.025 0.006 0.044 0.026 0.064 0.045   -975476    0 
44100:    1.00    0.053    0.019 0.148 0.022 0.259    0.025 0.006 0.044 0.025 0.063 0.045   -974840    0 
44200:    1.00    0.061    0.019 0.148 0.022 0.260    0.025 0.006 0.044 0.026 0.063 0.045   -975151    0 
44300:    1.00    0.065    0.019 0.148 0.022 0.261    0.025 0.006 0.044 0.026 0.064 0.045   -974734    0 
44400:    1.00    0.060    0.019 0.147 0.023 0.259    0.025 0.006 0.044 0.025 0.063 0.045   -974736    0 
44500:    1.00    0.038    0.019 0.144 0.023 0.258    0.024 0.006 0.044 0.025 0.063 0.045   -975517    0 
44600:    1.00    0.049    0.019 0.146 0.023 0.258    0.025 0.006 0.044 0.025 0.063 0.045   -975502    0 
44700:    1.00    0.053    0.019 0.146 0.023 0.258    0.024 0.006 0.044 0.025 0.063 0.045   -975215    0 
44800:    1.00    0.034    0.019 0.144 0.023 0.259    0.024 0.006 0.044 0.025 0.063 0.045   -975583    0 
44900:    1.00    0.029    0.019 0.143 0.023 0.251    0.024 0.006 0.043 0.025 0.062 0.043   -975956    0 

--------------------------------------------
Proportion of membership of each pre-defined
 population in each of the 4 clusters

Given    Inferred Clusters              Number of
 Pop       1      2      3      4      Individuals

  1:     0.441  0.218  0.241  0.100       23
--------------------------------------------

 Rep#:   Lambda   Alpha      F1    F2    F3    F4     D1,2  D1,3  D1,4  D2,3  D2,4  D3,4    Ln Like  Est Ln P(D)
45000:    1.00    0.066    0.019 0.142 0.023 0.253    0.024 0.006 0.044 0.025 0.062 0.044   -975843    0 
45100:    1.00    0.055    0.019 0.145 0.023 0.252    0.024 0.006 0.044 0.025 0.062 0.044   -976065    0 
45200:    1.00    0.043    0.019 0.146 0.023 0.254    0.024 0.006 0.044 0.025 0.063 0.044   -975915    0 
45300:    1.00    0.041    0.019 0.145 0.023 0.254    0.025 0.006 0.044 0.025 0.063 0.044   -975026    0 
45400:    1.00    0.040    0.019 0.143 0.023 0.255    0.024 0.006 0.043 0.025 0.062 0.044   -975362    0 
45500:    1.00    0.060    0.019 0.143 0.023 0.258    0.024 0.006 0.044 0.025 0.063 0.045   -975587    0 
45600:    1.00    0.051    0.019 0.143 0.023 0.258    0.024 0.006 0.044 0.025 0.063 0.044   -975251    0 
45700:    1.00    0.061    0.019 0.143 0.023 0.255    0.024 0.006 0.044 0.025 0.063 0.044   -975765    0 
45800:    1.00    0.051    0.019 0.143 0.023 0.257    0.024 0.006 0.044 0.025 0.063 0.045   -975960    0 
45900:    1.00    0.073    0.019 0.144 0.023 0.261    0.024 0.006 0.044 0.025 0.063 0.045   -975520    0 

--------------------------------------------
Proportion of membership of each pre-defined
 population in each of the 4 clusters

Given    Inferred Clusters              Number of
 Pop       1      2      3      4      Individuals

  1:     0.444  0.218  0.237  0.100       23
--------------------------------------------

 Rep#:   Lambda   Alpha      F1    F2    F3    F4     D1,2  D1,3  D1,4  D2,3  D2,4  D3,4    Ln Like  Est Ln P(D)
46000:    1.00    0.061    0.019 0.143 0.023 0.261    0.024 0.006 0.044 0.025 0.063 0.045   -975658    0 
46100:    1.00    0.081    0.019 0.144 0.023 0.261    0.024 0.006 0.044 0.025 0.063 0.045   -975570    0 
46200:    1.00    0.064    0.019 0.144 0.023 0.260    0.024 0.006 0.044 0.025 0.064 0.045   -975673    0 
46300:    1.00    0.083    0.019 0.142 0.023 0.260    0.024 0.006 0.044 0.025 0.063 0.045   -975805    0 
46400:    1.00    0.070    0.019 0.142 0.023 0.259    0.024 0.006 0.044 0.025 0.063 0.045   -975739    0 
46500:    1.00    0.089    0.019 0.142 0.023 0.259    0.024 0.006 0.044 0.025 0.063 0.045   -975644    0 
46600:    1.00    0.060    0.019 0.142 0.023 0.259    0.024 0.006 0.044 0.025 0.063 0.045   -975433    0 
46700:    1.00    0.059    0.019 0.142 0.023 0.255    0.024 0.006 0.044 0.025 0.062 0.044   -976007    0 
46800:    1.00    0.078    0.019 0.141 0.023 0.257    0.024 0.006 0.044 0.025 0.063 0.045   -975955    0 
46900:    1.00    0.059    0.019 0.141 0.023 0.259    0.024 0.006 0.044 0.025 0.063 0.045   -975293    0 

--------------------------------------------
Proportion of membership of each pre-defined
 population in each of the 4 clusters

Given    Inferred Clusters              Number of
 Pop       1      2      3      4      Individuals

  1:     0.451  0.222  0.228  0.100       23
--------------------------------------------

 Rep#:   Lambda   Alpha      F1    F2    F3    F4     D1,2  D1,3  D1,4  D2,3  D2,4  D3,4    Ln Like  Est Ln P(D)
47000:    1.00    0.078    0.019 0.142 0.023 0.256    0.024 0.006 0.044 0.025 0.063 0.045   -976189    0 
47100:    1.00    0.093    0.019 0.146 0.023 0.257    0.024 0.006 0.044 0.025 0.063 0.045   -976606    0 
47200:    1.00    0.059    0.020 0.148 0.023 0.261    0.025 0.007 0.044 0.026 0.064 0.045   -975432    0 
47300:    1.00    0.057    0.020 0.147 0.023 0.260    0.025 0.007 0.044 0.026 0.063 0.045   -975657    0 
47400:    1.00    0.058    0.020 0.143 0.024 0.260    0.024 0.007 0.044 0.025 0.063 0.045   -975559    0 
47500:    1.00    0.046    0.020 0.143 0.024 0.258    0.024 0.007 0.044 0.025 0.063 0.044   -975652    0 
47600:    1.00    0.065    0.020 0.143 0.024 0.258    0.024 0.007 0.044 0.026 0.063 0.045   -975766    0 
47700:    1.00    0.061    0.020 0.143 0.024 0.256    0.024 0.007 0.044 0.025 0.062 0.044   -975625    0 
47800:    1.00    0.068    0.020 0.144 0.024 0.258    0.024 0.007 0.044 0.025 0.063 0.045   -975440    0 
47900:    1.00    0.074    0.020 0.145 0.024 0.259    0.025 0.007 0.044 0.025 0.064 0.044   -975364    0 

--------------------------------------------
Proportion of membership of each pre-defined
 population in each of the 4 clusters

Given    Inferred Clusters              Number of
 Pop       1      2      3      4      Individuals

  1:     0.463  0.216  0.223  0.098       23
--------------------------------------------

 Rep#:   Lambda   Alpha      F1    F2    F3    F4     D1,2  D1,3  D1,4  D2,3  D2,4  D3,4    Ln Like  Est Ln P(D)
48000:    1.00    0.061    0.020 0.146 0.024 0.255    0.025 0.007 0.044 0.026 0.063 0.044   -975517    0 
48100:    1.00    0.066    0.020 0.147 0.024 0.258    0.025 0.007 0.044 0.026 0.063 0.045   -975913    0 
48200:    1.00    0.060    0.020 0.147 0.024 0.260    0.025 0.007 0.044 0.026 0.063 0.045   -976014    0 
48300:    1.00    0.064    0.020 0.147 0.024 0.261    0.025 0.007 0.045 0.026 0.064 0.045   -975364    0 
48400:    1.00    0.068    0.020 0.147 0.024 0.258    0.025 0.007 0.044 0.026 0.063 0.044   -975962    0 
48500:    1.00    0.052    0.020 0.147 0.024 0.258    0.025 0.007 0.044 0.026 0.063 0.045   -975551    0 
48600:    1.00    0.049    0.020 0.147 0.024 0.258    0.025 0.007 0.045 0.026 0.064 0.045   -975552    0 
48700:    1.00    0.047    0.020 0.145 0.024 0.252    0.024 0.007 0.043 0.025 0.063 0.044   -975815    0 
48800:    1.00    0.064    0.020 0.144 0.024 0.252    0.024 0.007 0.043 0.025 0.062 0.044   -976077    0 
48900:    1.00    0.041    0.020 0.144 0.024 0.249    0.024 0.007 0.042 0.025 0.061 0.043   -976297    0 

--------------------------------------------
Proportion of membership of each pre-defined
 population in each of the 4 clusters

Given    Inferred Clusters              Number of
 Pop       1      2      3      4      Individuals

  1:     0.467  0.220  0.212  0.100       23
--------------------------------------------

 Rep#:   Lambda   Alpha      F1    F2    F3    F4     D1,2  D1,3  D1,4  D2,3  D2,4  D3,4    Ln Like  Est Ln P(D)
49000:    1.00    0.050    0.020 0.144 0.024 0.251    0.024 0.007 0.043 0.025 0.062 0.044   -975582    0 
49100:    1.00    0.054    0.020 0.145 0.024 0.251    0.025 0.007 0.043 0.026 0.062 0.043   -975895    0 
49200:    1.00    0.063    0.021 0.146 0.024 0.255    0.025 0.007 0.044 0.026 0.063 0.044   -975462    0 
49300:    1.00    0.048    0.021 0.147 0.025 0.253    0.025 0.007 0.043 0.026 0.063 0.044   -975507    0 
49400:    1.00    0.049    0.021 0.146 0.025 0.253    0.025 0.007 0.043 0.026 0.063 0.044   -975909    0 
49500:    1.00    0.051    0.021 0.146 0.025 0.252    0.025 0.007 0.044 0.025 0.063 0.044   -975559    0 
49600:    1.00    0.070    0.021 0.147 0.025 0.255    0.025 0.007 0.044 0.026 0.063 0.045   -976140    0 
49700:    1.00    0.048    0.021 0.147 0.025 0.255    0.025 0.007 0.044 0.026 0.063 0.045   -975170    0 
49800:    1.00    0.051    0.021 0.151 0.025 0.253    0.026 0.007 0.043 0.027 0.063 0.044   -975139    0 
49900:    1.00    0.060    0.021 0.150 0.026 0.252    0.025 0.007 0.043 0.026 0.063 0.044   -974810    0 

--------------------------------------------
Proportion of membership of each pre-defined
 population in each of the 4 clusters

Given    Inferred Clusters              Number of
 Pop       1      2      3      4      Individuals

  1:     0.492  0.218  0.193  0.097       23
--------------------------------------------

 Rep#:   Lambda   Alpha      F1    F2    F3    F4     D1,2  D1,3  D1,4  D2,3  D2,4  D3,4    Ln Like  Est Ln P(D)
50000:    1.00    0.068    0.022 0.147 0.026 0.254    0.025 0.007 0.044 0.026 0.063 0.045   -975345    0 
50100:    1.00    0.055    0.022 0.147 0.026 0.253    0.025 0.007 0.044 0.026 0.063 0.044   -975769    0 
50200:    1.00    0.075    0.022 0.147 0.026 0.256    0.025 0.007 0.044 0.026 0.063 0.045   -975854    0 
50300:    1.00    0.071    0.022 0.147 0.027 0.255    0.025 0.007 0.044 0.026 0.063 0.045   -974976    0 
50400:    1.00    0.061    0.022 0.146 0.027 0.253    0.025 0.008 0.043 0.026 0.062 0.044   -975317    0 
50500:    1.00    0.077    0.022 0.144 0.027 0.257    0.025 0.007 0.044 0.026 0.063 0.045   -975741    0 
50600:    1.00    0.054    0.022 0.145 0.028 0.262    0.025 0.008 0.045 0.026 0.063 0.046   -975286    0 
50700:    1.00    0.053    0.022 0.145 0.028 0.257    0.025 0.008 0.044 0.026 0.063 0.045   -974864    0 
50800:    1.00    0.066    0.022 0.145 0.027 0.257    0.025 0.008 0.044 0.026 0.063 0.045   -975322    0 
50900:    1.00    0.058    0.022 0.145 0.027 0.257    0.025 0.008 0.044 0.026 0.063 0.045   -975443    0 

--------------------------------------------
Proportion of membership of each pre-defined
 population in each of the 4 clusters

Given    Inferred Clusters              Number of
 Pop       1      2      3      4      Individuals

  1:     0.491  0.223  0.190  0.096       23
--------------------------------------------

 Rep#:   Lambda   Alpha      F1    F2    F3    F4     D1,2  D1,3  D1,4  D2,3  D2,4  D3,4    Ln Like  Est Ln P(D)
51000:    1.00    0.051    0.022 0.145 0.028 0.256    0.025 0.008 0.044 0.026 0.063 0.045   -975226    0 
51100:    1.00    0.093    0.022 0.146 0.028 0.260    0.025 0.008 0.045 0.026 0.064 0.046   -975404    0 
51200:    1.00    0.075    0.022 0.144 0.027 0.259    0.025 0.007 0.044 0.026 0.063 0.045   -975700    0 
51300:    1.00    0.058    0.022 0.143 0.028 0.259    0.024 0.008 0.044 0.026 0.063 0.046   -975659    0 
51400:    1.00    0.048    0.022 0.143 0.028 0.258    0.025 0.008 0.044 0.026 0.063 0.045   -975191    0 
51500:    1.00    0.073    0.022 0.146 0.028 0.258    0.025 0.008 0.044 0.026 0.063 0.045   -975247    0 
51600:    1.00    0.048    0.022 0.147 0.028 0.256    0.025 0.008 0.044 0.026 0.063 0.045   -975254    0 
51700:    1.00    0.066    0.022 0.148 0.028 0.257    0.025 0.008 0.044 0.026 0.063 0.045   -974700    0 
51800:    1.00    0.038    0.022 0.145 0.028 0.263    0.025 0.008 0.045 0.026 0.064 0.046   -975383    0 
51900:    1.00    0.052    0.022 0.147 0.028 0.261    0.025 0.008 0.044 0.026 0.064 0.046   -974487    0 

--------------------------------------------
Proportion of membership of each pre-defined
 population in each of the 4 clusters

Given    Inferred Clusters              Number of
 Pop       1      2      3      4      Individuals

  1:     0.499  0.215  0.191  0.095       23
--------------------------------------------

 Rep#:   Lambda   Alpha      F1    F2    F3    F4     D1,2  D1,3  D1,4  D2,3  D2,4  D3,4    Ln Like  Est Ln P(D)
52000:    1.00    0.051    0.022 0.148 0.028 0.257    0.025 0.008 0.044 0.026 0.063 0.045   -975012    0 
52100:    1.00    0.056    0.022 0.147 0.028 0.253    0.025 0.008 0.044 0.026 0.063 0.045   -974772    0 
52200:    1.00    0.067    0.022 0.147 0.028 0.253    0.025 0.008 0.043 0.027 0.063 0.044   -975777    0 
52300:    1.00    0.067    0.022 0.146 0.028 0.253    0.025 0.008 0.043 0.026 0.063 0.045   -975565    0 
52400:    1.00    0.063    0.022 0.146 0.028 0.257    0.025 0.008 0.044 0.026 0.063 0.046   -975118    0 
52500:    1.00    0.058    0.022 0.145 0.028 0.257    0.025 0.008 0.044 0.026 0.064 0.046   -975166    0 
52600:    1.00    0.093    0.022 0.145 0.029 0.257    0.025 0.008 0.044 0.026 0.063 0.045   -975417    0 
52700:    1.00    0.061    0.022 0.147 0.029 0.257    0.025 0.008 0.044 0.026 0.063 0.045   -975419    0 
52800:    1.00    0.060    0.022 0.147 0.029 0.262    0.025 0.008 0.045 0.026 0.064 0.046   -975259    0 
52900:    1.00    0.075    0.022 0.149 0.029 0.261    0.025 0.008 0.045 0.027 0.064 0.046   -975279    0 

--------------------------------------------
Proportion of membership of each pre-defined
 population in each of the 4 clusters

Given    Inferred Clusters              Number of
 Pop       1      2      3      4      Individuals

  1:     0.503  0.218  0.182  0.098       23
--------------------------------------------

 Rep#:   Lambda   Alpha      F1    F2    F3    F4     D1,2  D1,3  D1,4  D2,3  D2,4  D3,4    Ln Like  Est Ln P(D)
53000:    1.00    0.054    0.022 0.149 0.029 0.257    0.026 0.008 0.044 0.027 0.063 0.045   -975071    0 
53100:    1.00    0.046    0.022 0.149 0.029 0.257    0.025 0.008 0.044 0.027 0.064 0.045   -974770    0 
53200:    1.00    0.045    0.022 0.148 0.029 0.256    0.025 0.008 0.044 0.026 0.063 0.045   -974864    0 
53300:    1.00    0.056    0.022 0.148 0.029 0.258    0.025 0.008 0.044 0.027 0.063 0.045   -974889    0 
53400:    1.00    0.048    0.022 0.144 0.029 0.252    0.025 0.008 0.043 0.026 0.062 0.044   -975059    0 
53500:    1.00    0.085    0.022 0.144 0.029 0.250    0.025 0.008 0.043 0.026 0.061 0.044   -975339    0 
53600:    1.00    0.082    0.022 0.145 0.029 0.246    0.025 0.008 0.042 0.026 0.061 0.044   -975438    0 
53700:    1.00    0.055    0.022 0.145 0.029 0.247    0.025 0.008 0.042 0.026 0.061 0.044   -975324    0 
53800:    1.00    0.055    0.022 0.145 0.030 0.249    0.025 0.008 0.042 0.026 0.061 0.044   -975027    0 
53900:    1.00    0.057    0.022 0.146 0.030 0.247    0.025 0.008 0.042 0.026 0.061 0.043   -974915    0 

--------------------------------------------
Proportion of membership of each pre-defined
 population in each of the 4 clusters

Given    Inferred Clusters              Number of
 Pop       1      2      3      4      Individuals

  1:     0.492  0.223  0.188  0.097       23
--------------------------------------------

 Rep#:   Lambda   Alpha      F1    F2    F3    F4     D1,2  D1,3  D1,4  D2,3  D2,4  D3,4    Ln Like  Est Ln P(D)
54000:    1.00    0.075    0.022 0.146 0.030 0.246    0.025 0.008 0.042 0.026 0.061 0.044   -975196    0 
54100:    1.00    0.063    0.022 0.146 0.030 0.246    0.025 0.008 0.042 0.027 0.061 0.043   -974929    0 
54200:    1.00    0.081    0.022 0.147 0.030 0.246    0.025 0.008 0.043 0.027 0.062 0.044   -975236    0 
54300:    1.00    0.050    0.022 0.147 0.030 0.247    0.025 0.008 0.043 0.027 0.062 0.044   -974439    0 
54400:    1.00    0.070    0.022 0.148 0.030 0.251    0.025 0.008 0.043 0.027 0.062 0.044   -975039    0 
54500:    1.00    0.069    0.022 0.148 0.030 0.251    0.025 0.008 0.043 0.027 0.062 0.044   -975210    0 
54600:    1.00    0.076    0.022 0.146 0.030 0.250    0.025 0.008 0.043 0.026 0.061 0.044   -975106    0 
54700:    1.00    0.062    0.022 0.146 0.030 0.250    0.025 0.008 0.043 0.027 0.062 0.044   -974732    0 
54800:    1.00    0.056    0.023 0.146 0.030 0.250    0.025 0.008 0.043 0.027 0.062 0.044   -975089    0 
54900:    1.00    0.071    0.023 0.146 0.030 0.248    0.025 0.008 0.043 0.026 0.062 0.044   -975098    0 

--------------------------------------------
Proportion of membership of each pre-defined
 population in each of the 4 clusters

Given    Inferred Clusters              Number of
 Pop       1      2      3      4      Individuals

  1:     0.495  0.225  0.184  0.097       23
--------------------------------------------

 Rep#:   Lambda   Alpha      F1    F2    F3    F4     D1,2  D1,3  D1,4  D2,3  D2,4  D3,4    Ln Like  Est Ln P(D)
55000:    1.00    0.067    0.023 0.148 0.030 0.247    0.025 0.008 0.042 0.026 0.061 0.043   -975073    0 
55100:    1.00    0.048    0.023 0.145 0.030 0.246    0.025 0.008 0.042 0.027 0.061 0.044   -975113    0 
55200:    1.00    0.057    0.023 0.144 0.030 0.247    0.025 0.008 0.043 0.026 0.061 0.044   -975577    0 
55300:    1.00    0.063    0.023 0.145 0.030 0.250    0.025 0.008 0.043 0.026 0.062 0.044   -974950    0 
55400:    1.00    0.057    0.023 0.147 0.030 0.247    0.025 0.008 0.043 0.027 0.061 0.044   -974455    0 
55500:    1.00    0.078    0.023 0.147 0.030 0.249    0.025 0.008 0.043 0.027 0.062 0.044   -974559    0 
55600:    1.00    0.084    0.023 0.148 0.030 0.250    0.025 0.008 0.043 0.027 0.062 0.044   -974710    0 
55700:    1.00    0.059    0.023 0.148 0.030 0.247    0.025 0.008 0.042 0.027 0.061 0.044   -974832    0 
55800:    1.00    0.089    0.023 0.149 0.030 0.249    0.026 0.008 0.043 0.027 0.062 0.044   -974961    0 
55900:    1.00    0.060    0.023 0.149 0.030 0.249    0.025 0.008 0.043 0.027 0.062 0.044   -974990    0 

--------------------------------------------
Proportion of membership of each pre-defined
 population in each of the 4 clusters

Given    Inferred Clusters              Number of
 Pop       1      2      3      4      Individuals

  1:     0.505  0.224  0.175  0.096       23
--------------------------------------------

 Rep#:   Lambda   Alpha      F1    F2    F3    F4     D1,2  D1,3  D1,4  D2,3  D2,4  D3,4    Ln Like  Est Ln P(D)
56000:    1.00    0.089    0.023 0.147 0.030 0.243    0.025 0.008 0.042 0.027 0.061 0.043   -974776    0 
56100:    1.00    0.069    0.023 0.147 0.030 0.248    0.025 0.008 0.043 0.027 0.061 0.044   -975352    0 
56200:    1.00    0.054    0.023 0.148 0.030 0.248    0.025 0.008 0.043 0.027 0.063 0.044   -974967    0 
56300:    1.00    0.063    0.023 0.147 0.030 0.248    0.026 0.008 0.043 0.027 0.062 0.044   -974883    0 
56400:    1.00    0.079    0.023 0.148 0.030 0.249    0.025 0.008 0.042 0.027 0.062 0.044   -974887    0 
56500:    1.00    0.064    0.023 0.149 0.030 0.247    0.025 0.008 0.043 0.027 0.062 0.044   -974734    0 
56600:    1.00    0.047    0.023 0.151 0.030 0.247    0.026 0.008 0.042 0.027 0.062 0.043   -975341    0 
56700:    1.00    0.084    0.024 0.151 0.030 0.248    0.026 0.008 0.042 0.027 0.061 0.044   -974948    0 
56800:    1.00    0.066    0.024 0.152 0.030 0.251    0.026 0.008 0.043 0.028 0.062 0.044   -974729    0 
56900:    1.00    0.060    0.024 0.151 0.030 0.251    0.026 0.008 0.043 0.028 0.062 0.044   -974952    0 

--------------------------------------------
Proportion of membership of each pre-defined
 population in each of the 4 clusters

Given    Inferred Clusters              Number of
 Pop       1      2      3      4      Individuals

  1:     0.514  0.220  0.171  0.095       23
--------------------------------------------

 Rep#:   Lambda   Alpha      F1    F2    F3    F4     D1,2  D1,3  D1,4  D2,3  D2,4  D3,4    Ln Like  Est Ln P(D)
57000:    1.00    0.053    0.024 0.149 0.031 0.251    0.026 0.008 0.043 0.027 0.063 0.044   -975083    0 
57100:    1.00    0.053    0.024 0.152 0.031 0.259    0.026 0.008 0.045 0.028 0.064 0.046   -974508    0 
57200:    1.00    0.062    0.023 0.150 0.031 0.258    0.026 0.008 0.044 0.027 0.064 0.045   -974389    0 
57300:    1.00    0.056    0.023 0.149 0.031 0.266    0.025 0.008 0.045 0.027 0.064 0.047   -975281    0 
57400:    1.00    0.048    0.023 0.148 0.031 0.262    0.026 0.008 0.045 0.027 0.064 0.046   -975034    0 
57500:    1.00    0.072    0.023 0.148 0.031 0.262    0.026 0.008 0.045 0.027 0.064 0.046   -974803    0 
57600:    1.00    0.069    0.023 0.148 0.031 0.263    0.026 0.008 0.045 0.027 0.064 0.046   -974664    0 
57700:    1.00    0.082    0.023 0.149 0.031 0.265    0.026 0.008 0.045 0.027 0.064 0.046   -974889    0 
57800:    1.00    0.070    0.023 0.151 0.031 0.265    0.026 0.008 0.045 0.028 0.064 0.046   -974493    0 
57900:    1.00    0.071    0.023 0.150 0.031 0.266    0.026 0.008 0.046 0.028 0.065 0.047   -975083    0 

--------------------------------------------
Proportion of membership of each pre-defined
 population in each of the 4 clusters

Given    Inferred Clusters              Number of
 Pop       1      2      3      4      Individuals

  1:     0.518  0.220  0.169  0.092       23
--------------------------------------------

 Rep#:   Lambda   Alpha      F1    F2    F3    F4     D1,2  D1,3  D1,4  D2,3  D2,4  D3,4    Ln Like  Est Ln P(D)
58000:    1.00    0.065    0.023 0.151 0.031 0.266    0.026 0.008 0.045 0.028 0.065 0.047   -974916    0 
58100:    1.00    0.075    0.023 0.157 0.031 0.266    0.026 0.008 0.046 0.028 0.066 0.047   -975070    0 
58200:    1.00    0.043    0.023 0.155 0.031 0.264    0.026 0.008 0.045 0.028 0.065 0.046   -974828    0 
58300:    1.00    0.066    0.023 0.154 0.031 0.267    0.026 0.008 0.046 0.028 0.066 0.047   -974769    0 
58400:    1.00    0.061    0.023 0.154 0.031 0.271    0.026 0.008 0.047 0.028 0.066 0.048   -974551    0 
58500:    1.00    0.056    0.023 0.153 0.031 0.277    0.026 0.008 0.048 0.028 0.067 0.049   -974885    0 
58600:    1.00    0.057    0.023 0.152 0.031 0.284    0.026 0.008 0.049 0.028 0.069 0.050   -975214    0 
58700:    1.00    0.052    0.023 0.151 0.031 0.286    0.026 0.008 0.049 0.027 0.069 0.050   -975524    0 
58800:    1.00    0.079    0.023 0.152 0.031 0.280    0.026 0.008 0.048 0.028 0.068 0.049   -974608    0 
58900:    1.00    0.054    0.023 0.152 0.030 0.283    0.026 0.008 0.048 0.028 0.069 0.050   -975096    0 

--------------------------------------------
Proportion of membership of each pre-defined
 population in each of the 4 clusters

Given    Inferred Clusters              Number of
 Pop       1      2      3      4      Individuals

  1:     0.528  0.216  0.168  0.089       23
--------------------------------------------

 Rep#:   Lambda   Alpha      F1    F2    F3    F4     D1,2  D1,3  D1,4  D2,3  D2,4  D3,4    Ln Like  Est Ln P(D)
59000:    1.00    0.074    0.023 0.151 0.030 0.283    0.026 0.008 0.048 0.027 0.068 0.050   -975244    0 
59100:    1.00    0.057    0.023 0.151 0.030 0.278    0.026 0.008 0.048 0.027 0.067 0.049   -975467    0 
59200:    1.00    0.047    0.023 0.151 0.030 0.278    0.026 0.008 0.048 0.028 0.067 0.049   -975029    0 
59300:    1.00    0.055    0.023 0.152 0.030 0.284    0.026 0.008 0.048 0.028 0.068 0.049   -975072    0 
59400:    1.00    0.048    0.023 0.150 0.031 0.285    0.026 0.008 0.048 0.027 0.068 0.050   -975014    0 
59500:    1.00    0.044    0.023 0.150 0.031 0.285    0.025 0.008 0.048 0.028 0.068 0.049   -975413    0 
59600:    1.00    0.078    0.023 0.150 0.031 0.284    0.025 0.008 0.049 0.027 0.068 0.050   -975456    0 
59700:    1.00    0.045    0.023 0.150 0.031 0.284    0.026 0.008 0.049 0.027 0.068 0.050   -975056    0 
59800:    1.00    0.060    0.023 0.150 0.031 0.284    0.026 0.008 0.049 0.028 0.068 0.050   -975048    0 
59900:    1.00    0.071    0.023 0.150 0.031 0.286    0.025 0.008 0.049 0.027 0.067 0.050   -975550    0 
60000:    1.00    0.064    0.023 0.150 0.031 0.282    0.026 0.008 0.048 0.028 0.069 0.050   -974863    0 

MCMC completed

Inferred ancestry of individuals:
        Label (%Miss) Pop:  Inferred clusters
  1 18160D-09-0    (2)    1 :  0.429 0.069 0.502 0.000 
  2 18160D-09-0    (4)    1 :  0.748 0.077 0.176 0.000 
  3 18160D-09-0    (2)    1 :  0.295 0.703 0.002 0.000 
  4 18160D-09-0    (5)    1 :  0.000 0.999 0.000 0.000 
  5 18160D-09-0    (4)    1 :  0.053 0.869 0.078 0.000 
  6 18160D-09-0    (4)    1 :  0.087 0.903 0.010 0.000 
  7 18160D-09-0    (2)    1 :  0.008 0.988 0.003 0.000 
  8 18160D-09-0    (4)    1 :  0.186 0.049 0.765 0.000 
  9 18160D-09-0    (2)    1 :  0.001 0.000 0.884 0.116 
 10 18160D-09-1    (2)    1 :  0.000 0.000 0.003 0.997 
 11 18160D-09-1    (2)    1 :  0.116 0.001 0.618 0.266 
 12 18160D-09-1    (2)    1 :  0.001 0.000 0.873 0.126 
 13 18160D-09-1    (5)    1 :  0.792 0.084 0.124 0.000 
 14 18160D-09-1   (18)    1 :  0.844 0.078 0.078 0.000 
 15 18160D-09-1    (4)    1 :  0.851 0.002 0.147 0.000 
 16 18160D-09-1    (2)    1 :  0.137 0.009 0.000 0.854 
 17 18160D-09-1    (2)    1 :  0.904 0.049 0.046 0.000 
 18 18160D-09-1    (2)    1 :  0.999 0.000 0.000 0.000 
 19 18160D-09-1    (2)    1 :  0.996 0.003 0.001 0.000 
 20 18160D-09-2    (5)    1 :  0.219 0.000 0.780 0.000 
 21 18160D-09-2    (5)    1 :  0.904 0.060 0.036 0.000 
 22 18160D-09-2    (5)    1 :  0.000 0.000 1.000 0.000 
 23 18160D-09-2    (2)    1 :  0.994 0.006 0.000 0.000 

Command line arguments:   structure -D 213777 -K 4 -m mainparams -o k4/populations_k4_run4 
Input File:    populations.str
Output File:   k4/populations_k4_run4_f

Run parameters:
   23 individuals
   50160 loci
   4 populations assumed
   10000 Burn-in period
   50000 Reps
RANDOMIZE turned off

--------------------------------------------
Estimated Ln Prob of Data   = -2853520.1
Mean value of ln likelihood = -976683.5
Variance of ln likelihood   = 3753673.1
Mean value of alpha         = 0.0624

Mean value of Fst_1         = 0.0164
Mean value of Fst_2         = 0.1460
Mean value of Fst_3         = 0.0204
Mean value of Fst_4         = 0.2517


--------------------------------------------
Proportion of membership of each pre-defined
 population in each of the 4 clusters

Given    Inferred Clusters              Number of
 Pop       1      2      3      4      Individuals

  1:     0.416  0.215  0.266  0.103       23
--------------------------------------------
Final results printed to file k4/populations_k4_run4_f

