

----------------------------------------------------
STRUCTURE by Pritchard, Stephens and Donnelly (2000)
     and Falush, Stephens and Pritchard (2003)
       Code by Pritchard, Falush and Hubisz
             Version 2.3.4 (Jul 2012)
----------------------------------------------------


Reading file "mainparams".
datafile is
populations.str
Reading file "extraparams".
Reading file "populations.str".


Data file "populations.str" (truncated) --

Ind:   Label Pop : Genotype_data . . . .
  1: 18160D-09-0    1  :  4   1   3   1   4   1   3  . . . .   2
  1: 18160D-09-0    1  :  4   1   3   1   4   4   4  . . . .   4
  2: 18160D-09-0    1  :  4   1   3   1   4   1   3  . . . .   2
  2: 18160D-09-0    1  :  4   1   3   1   4   4   3  . . . .   4
  3: 18160D-09-0    1  :  4   1   0   0   0   0   3  . . . .   2
  3: 18160D-09-0    1  :  4   3   0   0   0   0   3  . . . .   4
  4: 18160D-09-0    1  :  4   1   3   1   4   1   3  . . . .   2
  4: 18160D-09-0    1  :  4   3   3   1   4   1   3  . . . .   4

      *******   

 22: 18160D-09-2    1  :  4   1   3   1   4   1   3  . . . .   2
 22: 18160D-09-2    1  :  4   3   3   1   4   1   4  . . . .   4
 23: 18160D-09-2    1  :  4   1   3   1   4   1   3  . . . .   2
 23: 18160D-09-2    1  :  4   1   3   1   4   4   4  . . . .   4

Number of alleles per locus: min= 2; ave=2.0; max= 2


--------------------------------------

Finished initialization; starting MCMC 
5000 iterations + 1000 burnin


--------------------------------------------
Proportion of membership of each pre-defined
 population in each of the 8 clusters

Given    Inferred Clusters                                          Number of
 Pop       1      2      3      4      5      6      7      8      Individuals

  1:     0.124  0.124  0.126  0.124  0.124  0.125  0.125  0.129       23
--------------------------------------------

 Rep#:   Lambda   Alpha      F1    F2    F3    F4    F5    F6    F7    F8     D1,2  D1,3  D1,4  D1,5  D1,6  D1,7  D1,8  D2,3  D2,4  D2,5  D2,6  D2,7  D2,8  D3,4  D3,5  D3,6  D3,7  D3,8  D4,5  D4,6  D4,7  D4,8  D5,6  D5,7  D5,8  D6,7  D6,8  D7,8    Ln Like 
  100:    1.00    1.685    0.010 0.010 0.010 0.010 0.010 0.010 0.010 0.010    0.003 0.003 0.003 0.003 0.003 0.003 0.003 0.003 0.003 0.003 0.003 0.003 0.003 0.003 0.003 0.003 0.003 0.003 0.003 0.003 0.003 0.003 0.003 0.003 0.003 0.003 0.003 0.003   --  
  200:    1.00    2.212    0.010 0.010 0.010 0.010 0.010 0.010 0.010 0.010    0.003 0.003 0.003 0.003 0.003 0.003 0.003 0.003 0.003 0.003 0.003 0.003 0.003 0.003 0.003 0.003 0.003 0.003 0.003 0.003 0.003 0.003 0.003 0.003 0.003 0.003 0.003 0.003   --  
  300:    1.00    2.861    0.010 0.010 0.010 0.010 0.010 0.010 0.010 0.010    0.003 0.003 0.003 0.003 0.003 0.003 0.003 0.003 0.003 0.003 0.003 0.003 0.003 0.003 0.003 0.003 0.003 0.003 0.003 0.003 0.003 0.003 0.003 0.003 0.003 0.003 0.003 0.003   --  
  400:    1.00    3.398    0.010 0.010 0.010 0.010 0.010 0.010 0.010 0.010    0.003 0.003 0.003 0.003 0.003 0.003 0.003 0.003 0.003 0.003 0.003 0.003 0.003 0.003 0.003 0.003 0.003 0.003 0.003 0.003 0.003 0.003 0.003 0.003 0.003 0.003 0.003 0.003   --  
  500:    1.00    4.107    0.010 0.010 0.010 0.010 0.010 0.010 0.010 0.010    0.003 0.003 0.003 0.003 0.003 0.003 0.003 0.003 0.003 0.003 0.003 0.003 0.003 0.003 0.003 0.003 0.003 0.003 0.003 0.003 0.003 0.003 0.003 0.003 0.003 0.003 0.003 0.003   --  
  600:    1.00    4.339    0.010 0.010 0.010 0.010 0.010 0.010 0.010 0.010    0.003 0.003 0.003 0.003 0.003 0.003 0.003 0.003 0.003 0.003 0.003 0.003 0.003 0.003 0.003 0.003 0.003 0.003 0.003 0.003 0.003 0.003 0.003 0.003 0.003 0.003 0.003 0.003   --  
  700:    1.00    4.419    0.010 0.010 0.010 0.010 0.010 0.010 0.010 0.010    0.003 0.003 0.003 0.003 0.003 0.003 0.003 0.003 0.003 0.003 0.003 0.003 0.003 0.003 0.003 0.003 0.003 0.003 0.003 0.003 0.003 0.003 0.003 0.003 0.003 0.003 0.003 0.003   --  
  800:    1.00    4.324    0.010 0.010 0.010 0.010 0.010 0.010 0.010 0.010    0.003 0.003 0.003 0.003 0.003 0.003 0.003 0.003 0.003 0.003 0.003 0.003 0.003 0.003 0.003 0.003 0.003 0.003 0.003 0.003 0.003 0.003 0.003 0.003 0.003 0.003 0.003 0.003   --  
  900:    1.00    4.143    0.010 0.010 0.010 0.010 0.010 0.010 0.010 0.010    0.003 0.003 0.003 0.003 0.003 0.003 0.003 0.003 0.003 0.003 0.003 0.003 0.003 0.003 0.003 0.003 0.003 0.003 0.003 0.003 0.003 0.003 0.003 0.003 0.003 0.003 0.003 0.003   --  
 1000:    1.00    4.216    0.010 0.010 0.010 0.010 0.010 0.010 0.010 0.010    0.003 0.003 0.003 0.003 0.003 0.003 0.003 0.003 0.003 0.003 0.003 0.003 0.003 0.003 0.003 0.003 0.003 0.003 0.003 0.003 0.003 0.003 0.003 0.003 0.003 0.003 0.003 0.003   --  

BURNIN completed
 Rep#:   Lambda   Alpha      F1    F2    F3    F4    F5    F6    F7    F8     D1,2  D1,3  D1,4  D1,5  D1,6  D1,7  D1,8  D2,3  D2,4  D2,5  D2,6  D2,7  D2,8  D3,4  D3,5  D3,6  D3,7  D3,8  D4,5  D4,6  D4,7  D4,8  D5,6  D5,7  D5,8  D6,7  D6,8  D7,8    Ln Like  Est Ln P(D)
 1100:    1.00    3.934    0.010 0.010 0.010 0.010 0.010 0.010 0.010 0.010    0.003 0.003 0.003 0.003 0.003 0.003 0.003 0.003 0.003 0.003 0.003 0.003 0.003 0.003 0.003 0.003 0.003 0.003 0.003 0.003 0.003 0.003 0.003 0.003 0.003 0.003 0.003 0.003   -1025968    0 
 1200:    1.00    3.820    0.010 0.010 0.010 0.010 0.010 0.010 0.010 0.010    0.003 0.003 0.003 0.003 0.003 0.003 0.003 0.003 0.003 0.003 0.003 0.003 0.003 0.003 0.003 0.003 0.003 0.003 0.003 0.003 0.003 0.003 0.003 0.003 0.003 0.003 0.003 0.003   -1025872    0 
 1300:    1.00    3.557    0.010 0.010 0.010 0.010 0.010 0.010 0.010 0.010    0.003 0.003 0.003 0.003 0.003 0.003 0.003 0.003 0.003 0.003 0.003 0.003 0.003 0.003 0.003 0.003 0.003 0.003 0.003 0.003 0.003 0.003 0.003 0.003 0.003 0.003 0.003 0.003   -1025789    0 
 1400:    1.00    3.306    0.010 0.010 0.010 0.010 0.010 0.010 0.010 0.010    0.003 0.003 0.003 0.003 0.003 0.003 0.003 0.003 0.003 0.003 0.003 0.003 0.003 0.003 0.003 0.003 0.003 0.003 0.003 0.003 0.003 0.003 0.003 0.003 0.003 0.003 0.003 0.003   -1025615    0 
 1500:    1.00    2.738    0.010 0.010 0.010 0.010 0.010 0.010 0.010 0.010    0.003 0.003 0.003 0.003 0.003 0.003 0.003 0.003 0.003 0.003 0.003 0.003 0.003 0.003 0.003 0.003 0.003 0.003 0.003 0.003 0.003 0.003 0.003 0.003 0.003 0.003 0.003 0.003   -1024905    0 
 1600:    1.00    2.559    0.010 0.010 0.010 0.010 0.010 0.010 0.010 0.010    0.003 0.003 0.003 0.003 0.003 0.003 0.003 0.003 0.003 0.003 0.003 0.003 0.003 0.003 0.003 0.003 0.003 0.003 0.003 0.003 0.003 0.003 0.003 0.003 0.003 0.003 0.003 0.003   -1024935    0 
 1700:    1.00    2.092    0.010 0.010 0.010 0.010 0.010 0.010 0.010 0.010    0.003 0.003 0.003 0.003 0.003 0.003 0.003 0.003 0.003 0.003 0.003 0.003 0.003 0.003 0.003 0.003 0.003 0.003 0.003 0.003 0.003 0.003 0.003 0.003 0.003 0.003 0.003 0.003   -1024363    0 
 1800:    1.00    1.880    0.010 0.010 0.010 0.010 0.010 0.010 0.010 0.010    0.003 0.003 0.003 0.003 0.003 0.003 0.003 0.003 0.003 0.003 0.003 0.003 0.003 0.003 0.003 0.003 0.003 0.003 0.003 0.003 0.003 0.003 0.003 0.003 0.003 0.003 0.003 0.003   -1024159    0 
 1900:    1.00    1.690    0.010 0.010 0.010 0.010 0.010 0.010 0.010 0.010    0.003 0.003 0.003 0.003 0.003 0.003 0.003 0.003 0.003 0.003 0.003 0.003 0.003 0.003 0.003 0.003 0.003 0.003 0.003 0.003 0.003 0.003 0.003 0.003 0.003 0.003 0.003 0.003   -1023037    0 

--------------------------------------------
Proportion of membership of each pre-defined
 population in each of the 8 clusters

Given    Inferred Clusters                                          Number of
 Pop       1      2      3      4      5      6      7      8      Individuals

  1:     0.103  0.107  0.108  0.108  0.212  0.120  0.099  0.143       23
--------------------------------------------

 Rep#:   Lambda   Alpha      F1    F2    F3    F4    F5    F6    F7    F8     D1,2  D1,3  D1,4  D1,5  D1,6  D1,7  D1,8  D2,3  D2,4  D2,5  D2,6  D2,7  D2,8  D3,4  D3,5  D3,6  D3,7  D3,8  D4,5  D4,6  D4,7  D4,8  D5,6  D5,7  D5,8  D6,7  D6,8  D7,8    Ln Like  Est Ln P(D)
 2000:    1.00    1.250    0.010 0.010 0.010 0.010 0.010 0.010 0.010 0.010    0.003 0.003 0.003 0.003 0.003 0.003 0.003 0.003 0.003 0.003 0.003 0.003 0.003 0.003 0.003 0.003 0.003 0.003 0.003 0.003 0.003 0.003 0.003 0.003 0.003 0.003 0.003 0.003   -1022207    0 
 2100:    1.00    0.729    0.010 0.010 0.010 0.010 0.010 0.010 0.010 0.010    0.003 0.003 0.003 0.003 0.003 0.003 0.003 0.003 0.003 0.003 0.003 0.003 0.003 0.003 0.003 0.003 0.003 0.003 0.003 0.003 0.003 0.003 0.003 0.003 0.003 0.003 0.003 0.003   -1021493    0 
 2200:    1.00    0.667    0.010 0.010 0.010 0.010 0.011 0.010 0.010 0.010    0.003 0.003 0.003 0.003 0.003 0.003 0.003 0.003 0.003 0.003 0.003 0.003 0.003 0.003 0.003 0.003 0.003 0.003 0.003 0.003 0.003 0.003 0.003 0.003 0.003 0.003 0.003 0.003   -1020762    0 
 2300:    1.00    0.541    0.010 0.010 0.010 0.010 0.011 0.010 0.010 0.010    0.003 0.003 0.003 0.003 0.003 0.003 0.003 0.003 0.003 0.003 0.003 0.003 0.003 0.003 0.003 0.003 0.003 0.003 0.003 0.003 0.003 0.003 0.003 0.003 0.003 0.003 0.003 0.003   -1020056    0 
 2400:    1.00    0.531    0.010 0.010 0.010 0.010 0.013 0.010 0.010 0.010    0.003 0.003 0.003 0.004 0.003 0.003 0.003 0.003 0.003 0.004 0.003 0.003 0.003 0.003 0.003 0.003 0.003 0.003 0.004 0.003 0.003 0.003 0.004 0.004 0.004 0.003 0.003 0.003   -1019019    0 
 2500:    1.00    0.479    0.010 0.010 0.010 0.010 0.013 0.010 0.010 0.010    0.003 0.003 0.003 0.004 0.003 0.003 0.003 0.003 0.003 0.004 0.003 0.003 0.003 0.003 0.004 0.003 0.003 0.003 0.004 0.003 0.003 0.003 0.004 0.004 0.004 0.003 0.003 0.003   -1018330    0 
 2600:    1.00    0.376    0.010 0.010 0.010 0.010 0.017 0.010 0.010 0.010    0.003 0.003 0.003 0.004 0.003 0.003 0.003 0.003 0.003 0.004 0.003 0.003 0.003 0.003 0.004 0.003 0.003 0.003 0.004 0.003 0.003 0.003 0.004 0.004 0.004 0.003 0.003 0.003   -1016848    0 
 2700:    1.00    0.316    0.010 0.010 0.010 0.010 0.019 0.010 0.010 0.010    0.003 0.003 0.003 0.005 0.003 0.003 0.003 0.003 0.003 0.005 0.003 0.003 0.003 0.003 0.004 0.003 0.003 0.003 0.005 0.003 0.003 0.003 0.005 0.005 0.005 0.003 0.003 0.003   -1015918    0 
 2800:    1.00    0.325    0.010 0.010 0.010 0.010 0.021 0.010 0.010 0.010    0.003 0.003 0.003 0.005 0.003 0.003 0.003 0.003 0.003 0.005 0.003 0.003 0.003 0.003 0.005 0.003 0.003 0.003 0.005 0.003 0.003 0.003 0.005 0.005 0.005 0.003 0.003 0.003   -1014977    0 
 2900:    1.00    0.244    0.010 0.010 0.010 0.010 0.023 0.010 0.010 0.011    0.003 0.003 0.003 0.005 0.003 0.003 0.003 0.003 0.003 0.005 0.003 0.003 0.003 0.003 0.005 0.003 0.003 0.003 0.005 0.003 0.003 0.003 0.005 0.005 0.006 0.003 0.003 0.003   -1014072    0 

--------------------------------------------
Proportion of membership of each pre-defined
 population in each of the 8 clusters

Given    Inferred Clusters                                          Number of
 Pop       1      2      3      4      5      6      7      8      Individuals

  1:     0.098  0.091  0.093  0.093  0.235  0.113  0.094  0.183       23
--------------------------------------------

 Rep#:   Lambda   Alpha      F1    F2    F3    F4    F5    F6    F7    F8     D1,2  D1,3  D1,4  D1,5  D1,6  D1,7  D1,8  D2,3  D2,4  D2,5  D2,6  D2,7  D2,8  D3,4  D3,5  D3,6  D3,7  D3,8  D4,5  D4,6  D4,7  D4,8  D5,6  D5,7  D5,8  D6,7  D6,8  D7,8    Ln Like  Est Ln P(D)
 3000:    1.00    0.221    0.010 0.010 0.010 0.010 0.026 0.010 0.010 0.012    0.003 0.003 0.003 0.006 0.003 0.003 0.003 0.003 0.003 0.006 0.003 0.003 0.003 0.003 0.006 0.003 0.003 0.003 0.006 0.003 0.003 0.003 0.006 0.006 0.006 0.003 0.003 0.003   -1012968    0 
 3100:    1.00    0.204    0.010 0.010 0.010 0.010 0.028 0.010 0.010 0.012    0.003 0.003 0.003 0.006 0.003 0.003 0.003 0.003 0.003 0.006 0.003 0.003 0.003 0.003 0.006 0.003 0.003 0.003 0.006 0.003 0.003 0.003 0.006 0.006 0.007 0.003 0.003 0.003   -1012092    0 
 3200:    1.00    0.239    0.010 0.010 0.010 0.010 0.041 0.010 0.010 0.012    0.003 0.003 0.003 0.008 0.003 0.003 0.003 0.003 0.003 0.008 0.003 0.003 0.003 0.003 0.008 0.003 0.003 0.003 0.008 0.003 0.003 0.003 0.008 0.008 0.009 0.003 0.003 0.003   -1008665    0 
 3300:    1.00    0.197    0.010 0.010 0.010 0.010 0.070 0.010 0.010 0.012    0.003 0.003 0.003 0.013 0.003 0.003 0.003 0.003 0.003 0.013 0.003 0.003 0.003 0.003 0.013 0.003 0.003 0.003 0.013 0.003 0.003 0.003 0.013 0.013 0.013 0.003 0.003 0.003   -1004119    0 
 3400:    1.00    0.200    0.010 0.010 0.010 0.010 0.088 0.010 0.010 0.012    0.003 0.003 0.003 0.015 0.003 0.003 0.003 0.003 0.003 0.015 0.003 0.003 0.003 0.003 0.015 0.003 0.003 0.003 0.015 0.003 0.003 0.003 0.015 0.015 0.016 0.003 0.003 0.003   -1001954    0 
 3500:    1.00    0.201    0.010 0.010 0.010 0.010 0.101 0.010 0.010 0.012    0.003 0.003 0.003 0.017 0.003 0.003 0.003 0.003 0.003 0.017 0.003 0.003 0.004 0.003 0.017 0.003 0.003 0.003 0.017 0.003 0.003 0.003 0.017 0.017 0.018 0.003 0.003 0.003   -1000610    0 
 3600:    1.00    0.243    0.010 0.010 0.010 0.010 0.105 0.010 0.010 0.013    0.003 0.003 0.003 0.018 0.003 0.003 0.004 0.003 0.003 0.018 0.003 0.003 0.004 0.003 0.018 0.003 0.003 0.004 0.018 0.003 0.003 0.004 0.018 0.018 0.018 0.003 0.004 0.004   -1000178    0 
 3700:    1.00    0.218    0.010 0.010 0.010 0.010 0.106 0.010 0.010 0.013    0.003 0.003 0.003 0.018 0.003 0.003 0.004 0.003 0.003 0.018 0.003 0.003 0.004 0.003 0.018 0.003 0.003 0.003 0.018 0.003 0.003 0.004 0.018 0.018 0.018 0.003 0.003 0.004   -1000018    0 
 3800:    1.00    0.233    0.010 0.010 0.010 0.010 0.111 0.010 0.010 0.013    0.003 0.003 0.003 0.019 0.003 0.003 0.004 0.003 0.003 0.019 0.003 0.003 0.004 0.003 0.018 0.003 0.003 0.003 0.019 0.003 0.003 0.004 0.019 0.019 0.019 0.003 0.004 0.004   -999587    0 
 3900:    1.00    0.191    0.010 0.010 0.010 0.010 0.116 0.010 0.010 0.013    0.003 0.003 0.003 0.019 0.003 0.003 0.004 0.003 0.003 0.019 0.003 0.003 0.004 0.003 0.019 0.003 0.003 0.003 0.019 0.003 0.003 0.004 0.019 0.019 0.020 0.003 0.004 0.004   -999128    0 

--------------------------------------------
Proportion of membership of each pre-defined
 population in each of the 8 clusters

Given    Inferred Clusters                                          Number of
 Pop       1      2      3      4      5      6      7      8      Individuals

  1:     0.119  0.091  0.082  0.096  0.219  0.093  0.099  0.200       23
--------------------------------------------

 Rep#:   Lambda   Alpha      F1    F2    F3    F4    F5    F6    F7    F8     D1,2  D1,3  D1,4  D1,5  D1,6  D1,7  D1,8  D2,3  D2,4  D2,5  D2,6  D2,7  D2,8  D3,4  D3,5  D3,6  D3,7  D3,8  D4,5  D4,6  D4,7  D4,8  D5,6  D5,7  D5,8  D6,7  D6,8  D7,8    Ln Like  Est Ln P(D)
 4000:    1.00    0.184    0.010 0.010 0.010 0.010 0.120 0.010 0.010 0.013    0.003 0.003 0.003 0.020 0.003 0.003 0.004 0.003 0.003 0.020 0.003 0.003 0.003 0.003 0.020 0.003 0.003 0.003 0.020 0.003 0.003 0.004 0.020 0.020 0.021 0.003 0.004 0.004   -998378    0 
 4100:    1.00    0.193    0.010 0.010 0.010 0.010 0.123 0.010 0.010 0.013    0.003 0.003 0.003 0.020 0.003 0.003 0.004 0.003 0.003 0.020 0.003 0.003 0.004 0.003 0.020 0.003 0.003 0.003 0.020 0.003 0.003 0.004 0.020 0.020 0.021 0.003 0.003 0.004   -998791    0 
 4200:    1.00    0.178    0.010 0.010 0.010 0.010 0.126 0.010 0.010 0.013    0.003 0.003 0.003 0.021 0.003 0.003 0.004 0.003 0.003 0.021 0.003 0.003 0.004 0.003 0.021 0.003 0.003 0.004 0.021 0.003 0.003 0.004 0.021 0.021 0.021 0.003 0.004 0.004   -998093    0 
 4300:    1.00    0.190    0.010 0.010 0.010 0.010 0.131 0.010 0.010 0.013    0.003 0.003 0.003 0.021 0.003 0.003 0.004 0.003 0.003 0.021 0.003 0.003 0.004 0.003 0.021 0.003 0.003 0.004 0.021 0.003 0.003 0.004 0.021 0.021 0.022 0.003 0.004 0.004   -997935    0 
 4400:    1.00    0.149    0.010 0.010 0.010 0.010 0.136 0.010 0.010 0.013    0.003 0.003 0.003 0.022 0.003 0.003 0.004 0.003 0.003 0.022 0.003 0.003 0.004 0.003 0.022 0.003 0.003 0.004 0.022 0.003 0.003 0.004 0.022 0.022 0.022 0.003 0.004 0.004   -997883    0 
 4500:    1.00    0.182    0.010 0.010 0.010 0.010 0.136 0.010 0.010 0.014    0.003 0.003 0.003 0.022 0.003 0.003 0.004 0.003 0.003 0.022 0.003 0.003 0.004 0.003 0.022 0.003 0.003 0.004 0.022 0.003 0.003 0.004 0.022 0.022 0.023 0.003 0.004 0.004   -996942    0 
 4600:    1.00    0.148    0.010 0.010 0.010 0.010 0.136 0.010 0.010 0.015    0.003 0.003 0.003 0.022 0.003 0.003 0.004 0.003 0.003 0.022 0.003 0.003 0.004 0.003 0.022 0.003 0.003 0.004 0.022 0.003 0.003 0.004 0.022 0.022 0.023 0.003 0.004 0.004   -997229    0 
 4700:    1.00    0.193    0.010 0.010 0.010 0.010 0.136 0.010 0.010 0.015    0.003 0.003 0.003 0.022 0.003 0.003 0.004 0.003 0.003 0.022 0.003 0.003 0.004 0.003 0.022 0.003 0.003 0.004 0.022 0.003 0.003 0.004 0.022 0.022 0.023 0.003 0.004 0.004   -997760    0 
 4800:    1.00    0.155    0.010 0.010 0.010 0.010 0.137 0.010 0.010 0.015    0.003 0.003 0.003 0.022 0.003 0.003 0.004 0.003 0.003 0.022 0.003 0.003 0.004 0.003 0.022 0.003 0.003 0.004 0.022 0.003 0.003 0.004 0.022 0.022 0.023 0.003 0.004 0.004   -997462    0 
 4900:    1.00    0.148    0.010 0.010 0.010 0.010 0.137 0.010 0.010 0.016    0.003 0.003 0.003 0.022 0.003 0.003 0.004 0.003 0.003 0.022 0.003 0.003 0.004 0.003 0.022 0.003 0.003 0.004 0.022 0.003 0.003 0.004 0.022 0.022 0.023 0.003 0.004 0.004   -996758    0 

--------------------------------------------
Proportion of membership of each pre-defined
 population in each of the 8 clusters

Given    Inferred Clusters                                          Number of
 Pop       1      2      3      4      5      6      7      8      Individuals

  1:     0.128  0.095  0.067  0.103  0.215  0.088  0.091  0.214       23
--------------------------------------------

 Rep#:   Lambda   Alpha      F1    F2    F3    F4    F5    F6    F7    F8     D1,2  D1,3  D1,4  D1,5  D1,6  D1,7  D1,8  D2,3  D2,4  D2,5  D2,6  D2,7  D2,8  D3,4  D3,5  D3,6  D3,7  D3,8  D4,5  D4,6  D4,7  D4,8  D5,6  D5,7  D5,8  D6,7  D6,8  D7,8    Ln Like  Est Ln P(D)
 5000:    1.00    0.145    0.010 0.010 0.010 0.010 0.139 0.010 0.010 0.017    0.003 0.003 0.003 0.022 0.003 0.003 0.004 0.003 0.003 0.022 0.003 0.003 0.004 0.003 0.022 0.003 0.003 0.004 0.022 0.003 0.003 0.004 0.022 0.022 0.024 0.003 0.004 0.004   -996553    0 
 5100:    1.00    0.168    0.010 0.010 0.010 0.010 0.142 0.010 0.010 0.021    0.003 0.003 0.003 0.023 0.003 0.003 0.005 0.003 0.003 0.023 0.003 0.003 0.005 0.003 0.023 0.003 0.003 0.005 0.023 0.003 0.003 0.005 0.023 0.023 0.025 0.003 0.005 0.005   -994908    0 
 5200:    1.00    0.142    0.010 0.010 0.010 0.010 0.142 0.010 0.010 0.023    0.003 0.003 0.003 0.023 0.003 0.003 0.005 0.003 0.003 0.023 0.003 0.003 0.005 0.003 0.023 0.003 0.003 0.005 0.023 0.003 0.003 0.005 0.023 0.023 0.025 0.003 0.005 0.005   -995126    0 
 5300:    1.00    0.128    0.010 0.010 0.009 0.010 0.142 0.010 0.010 0.024    0.003 0.003 0.003 0.023 0.003 0.003 0.006 0.003 0.003 0.023 0.003 0.003 0.005 0.003 0.023 0.003 0.003 0.005 0.023 0.003 0.003 0.005 0.023 0.023 0.026 0.003 0.005 0.005   -993898    0 
 5400:    1.00    0.123    0.010 0.010 0.009 0.010 0.142 0.010 0.010 0.024    0.003 0.003 0.003 0.023 0.003 0.003 0.005 0.003 0.003 0.023 0.003 0.003 0.005 0.003 0.023 0.003 0.003 0.005 0.023 0.003 0.003 0.005 0.023 0.023 0.026 0.003 0.005 0.005   -993936    0 
 5500:    1.00    0.117    0.010 0.010 0.009 0.010 0.145 0.010 0.010 0.028    0.003 0.003 0.003 0.023 0.003 0.003 0.006 0.003 0.003 0.023 0.003 0.003 0.006 0.003 0.023 0.003 0.003 0.006 0.023 0.003 0.003 0.006 0.023 0.023 0.027 0.003 0.006 0.006   -993461    0 
 5600:    1.00    0.165    0.010 0.010 0.009 0.010 0.144 0.010 0.010 0.032    0.003 0.003 0.003 0.023 0.003 0.003 0.007 0.003 0.003 0.023 0.003 0.003 0.007 0.003 0.023 0.003 0.003 0.007 0.023 0.003 0.003 0.007 0.023 0.023 0.027 0.003 0.007 0.007   -992396    0 
 5700:    1.00    0.143    0.010 0.010 0.009 0.010 0.144 0.010 0.010 0.036    0.003 0.003 0.003 0.023 0.003 0.003 0.007 0.003 0.003 0.023 0.003 0.003 0.007 0.003 0.023 0.003 0.003 0.007 0.023 0.003 0.003 0.007 0.023 0.023 0.028 0.003 0.007 0.007   -991571    0 
 5800:    1.00    0.125    0.010 0.010 0.009 0.010 0.145 0.010 0.010 0.043    0.003 0.003 0.003 0.023 0.003 0.003 0.008 0.003 0.003 0.023 0.003 0.003 0.008 0.003 0.023 0.003 0.003 0.008 0.023 0.003 0.003 0.009 0.023 0.023 0.029 0.003 0.009 0.008   -990227    0 
 5900:    1.00    0.150    0.010 0.010 0.009 0.010 0.145 0.010 0.010 0.043    0.003 0.003 0.003 0.023 0.003 0.003 0.008 0.003 0.003 0.023 0.003 0.003 0.009 0.003 0.023 0.003 0.003 0.008 0.023 0.003 0.003 0.009 0.023 0.023 0.029 0.003 0.008 0.008   -990568    0 
 6000:    1.00    0.111    0.010 0.010 0.009 0.010 0.145 0.010 0.010 0.050    0.003 0.003 0.003 0.023 0.003 0.003 0.010 0.003 0.003 0.023 0.003 0.003 0.010 0.003 0.023 0.003 0.003 0.009 0.023 0.003 0.003 0.010 0.023 0.023 0.030 0.003 0.009 0.009   -989782    0 

MCMC completed

Inferred ancestry of individuals:
        Label (%Miss) Pop:  Inferred clusters
  1 18160D-09-0    (2)    1 :  0.163 0.178 0.072 0.114 0.075 0.133 0.231 0.034 
  2 18160D-09-0    (4)    1 :  0.336 0.106 0.144 0.214 0.025 0.016 0.129 0.029 
  3 18160D-09-0    (2)    1 :  0.114 0.051 0.023 0.032 0.736 0.013 0.027 0.003 
  4 18160D-09-0    (5)    1 :  0.016 0.013 0.020 0.007 0.906 0.012 0.013 0.013 
  5 18160D-09-0    (4)    1 :  0.056 0.020 0.039 0.021 0.802 0.023 0.017 0.023 
  6 18160D-09-0    (4)    1 :  0.025 0.027 0.007 0.024 0.887 0.005 0.007 0.018 
  7 18160D-09-0    (2)    1 :  0.047 0.014 0.007 0.010 0.874 0.006 0.019 0.023 
  8 18160D-09-0    (4)    1 :  0.139 0.061 0.149 0.072 0.029 0.219 0.309 0.023 
  9 18160D-09-0    (2)    1 :  0.042 0.053 0.178 0.017 0.022 0.010 0.095 0.583 
 10 18160D-09-1    (2)    1 :  0.014 0.007 0.017 0.028 0.003 0.031 0.011 0.889 
 11 18160D-09-1    (2)    1 :  0.026 0.006 0.041 0.045 0.010 0.062 0.050 0.761 
 12 18160D-09-1    (2)    1 :  0.040 0.058 0.161 0.035 0.007 0.051 0.039 0.609 
 13 18160D-09-1    (5)    1 :  0.168 0.226 0.136 0.131 0.090 0.061 0.104 0.084 
 14 18160D-09-1   (18)    1 :  0.223 0.050 0.081 0.126 0.128 0.239 0.128 0.024 
 15 18160D-09-1    (4)    1 :  0.147 0.108 0.134 0.106 0.007 0.292 0.168 0.038 
 16 18160D-09-1    (2)    1 :  0.029 0.020 0.012 0.033 0.006 0.031 0.031 0.838 
 17 18160D-09-1    (2)    1 :  0.036 0.102 0.214 0.255 0.029 0.127 0.207 0.030 
 18 18160D-09-1    (2)    1 :  0.094 0.423 0.100 0.106 0.012 0.199 0.009 0.056 
 19 18160D-09-1    (2)    1 :  0.111 0.158 0.051 0.405 0.035 0.143 0.074 0.022 
 20 18160D-09-2    (5)    1 :  0.069 0.032 0.229 0.055 0.015 0.213 0.369 0.017 
 21 18160D-09-2    (5)    1 :  0.079 0.024 0.116 0.257 0.085 0.279 0.137 0.023 
 22 18160D-09-2    (5)    1 :  0.621 0.055 0.087 0.039 0.023 0.131 0.034 0.009 
 23 18160D-09-2    (2)    1 :  0.076 0.467 0.043 0.190 0.020 0.122 0.065 0.016 

Command line arguments:   structure -D 383945 -K 8 -m mainparams -o k8/populations_k8_run2 
Input File:    populations.str
Output File:   k8/populations_k8_run2_f

Run parameters:
   23 individuals
   50160 loci
   8 populations assumed
   1000 Burn-in period
   5000 Reps
RANDOMIZE turned off

--------------------------------------------
Estimated Ln Prob of Data   = -78321900.4
Mean value of ln likelihood = -1007387.5
Variance of ln likelihood   = 154629025.8
Mean value of alpha         = 0.7739

Mean value of Fst_1         = 0.0101
Mean value of Fst_2         = 0.0101
Mean value of Fst_3         = 0.0097
Mean value of Fst_4         = 0.0102
Mean value of Fst_5         = 0.0770
Mean value of Fst_6         = 0.0099
Mean value of Fst_7         = 0.0100
Mean value of Fst_8         = 0.0155


--------------------------------------------
Proportion of membership of each pre-defined
 population in each of the 8 clusters

Given    Inferred Clusters                                          Number of
 Pop       1      2      3      4      5      6      7      8      Individuals

  1:     0.116  0.098  0.090  0.101  0.210  0.105  0.099  0.181       23
--------------------------------------------
Final results printed to file k8/populations_k8_run2_f

