

----------------------------------------------------
STRUCTURE by Pritchard, Stephens and Donnelly (2000)
     and Falush, Stephens and Pritchard (2003)
       Code by Pritchard, Falush and Hubisz
             Version 2.3.4 (Jul 2012)
----------------------------------------------------


Reading file "mainparams".
datafile is
populations.str
Reading file "extraparams".
Reading file "populations.str".


Data file "populations.str" (truncated) --

Ind:   Label Pop : Genotype_data . . . .
  1: 18160D-09-0    1  :  4   1   3   1   4   1   3  . . . .   2
  1: 18160D-09-0    1  :  4   1   3   1   4   4   4  . . . .   4
  2: 18160D-09-0    1  :  4   1   3   1   4   1   3  . . . .   2
  2: 18160D-09-0    1  :  4   1   3   1   4   4   3  . . . .   4
  3: 18160D-09-0    1  :  4   1   0   0   0   0   3  . . . .   2
  3: 18160D-09-0    1  :  4   3   0   0   0   0   3  . . . .   4
  4: 18160D-09-0    1  :  4   1   3   1   4   1   3  . . . .   2
  4: 18160D-09-0    1  :  4   3   3   1   4   1   3  . . . .   4

      *******   

 22: 18160D-09-2    1  :  4   1   3   1   4   1   3  . . . .   2
 22: 18160D-09-2    1  :  4   3   3   1   4   1   4  . . . .   4
 23: 18160D-09-2    1  :  4   1   3   1   4   1   3  . . . .   2
 23: 18160D-09-2    1  :  4   1   3   1   4   4   4  . . . .   4

Number of alleles per locus: min= 2; ave=2.0; max= 2


--------------------------------------

Finished initialization; starting MCMC 
5000 iterations + 1000 burnin


--------------------------------------------
Proportion of membership of each pre-defined
 population in each of the 8 clusters

Given    Inferred Clusters                                          Number of
 Pop       1      2      3      4      5      6      7      8      Individuals

  1:     0.125  0.122  0.132  0.126  0.125  0.122  0.121  0.126       23
--------------------------------------------

 Rep#:   Lambda   Alpha      F1    F2    F3    F4    F5    F6    F7    F8     D1,2  D1,3  D1,4  D1,5  D1,6  D1,7  D1,8  D2,3  D2,4  D2,5  D2,6  D2,7  D2,8  D3,4  D3,5  D3,6  D3,7  D3,8  D4,5  D4,6  D4,7  D4,8  D5,6  D5,7  D5,8  D6,7  D6,8  D7,8    Ln Like 
  100:    1.00    1.800    0.010 0.010 0.010 0.010 0.010 0.010 0.010 0.010    0.003 0.003 0.003 0.003 0.003 0.003 0.003 0.003 0.003 0.003 0.003 0.003 0.003 0.003 0.003 0.003 0.003 0.003 0.003 0.003 0.003 0.003 0.003 0.003 0.003 0.003 0.003 0.003   --  
  200:    1.00    2.463    0.010 0.010 0.010 0.010 0.010 0.010 0.010 0.010    0.003 0.003 0.003 0.003 0.003 0.003 0.003 0.003 0.003 0.003 0.003 0.003 0.003 0.003 0.003 0.003 0.003 0.003 0.003 0.003 0.003 0.003 0.003 0.003 0.003 0.003 0.003 0.003   --  
  300:    1.00    2.956    0.010 0.010 0.010 0.010 0.010 0.010 0.010 0.010    0.003 0.003 0.003 0.003 0.003 0.003 0.003 0.003 0.003 0.003 0.003 0.003 0.003 0.003 0.003 0.003 0.003 0.003 0.003 0.003 0.003 0.003 0.003 0.003 0.003 0.003 0.003 0.003   --  
  400:    1.00    3.394    0.010 0.010 0.010 0.010 0.010 0.010 0.010 0.010    0.003 0.003 0.003 0.003 0.003 0.003 0.003 0.003 0.003 0.003 0.003 0.003 0.003 0.003 0.003 0.003 0.003 0.003 0.003 0.003 0.003 0.003 0.003 0.003 0.003 0.003 0.003 0.003   --  
  500:    1.00    3.875    0.010 0.010 0.010 0.010 0.010 0.010 0.010 0.010    0.003 0.003 0.003 0.003 0.003 0.003 0.003 0.003 0.003 0.003 0.003 0.003 0.003 0.003 0.003 0.003 0.003 0.003 0.003 0.003 0.003 0.003 0.003 0.003 0.003 0.003 0.003 0.003   --  
  600:    1.00    4.048    0.010 0.010 0.010 0.010 0.010 0.010 0.010 0.010    0.003 0.003 0.003 0.003 0.003 0.003 0.003 0.003 0.003 0.003 0.003 0.003 0.003 0.003 0.003 0.003 0.003 0.003 0.003 0.003 0.003 0.003 0.003 0.003 0.003 0.003 0.003 0.003   --  
  700:    1.00    4.337    0.010 0.010 0.010 0.010 0.010 0.010 0.010 0.010    0.003 0.003 0.003 0.003 0.003 0.003 0.003 0.003 0.003 0.003 0.003 0.003 0.003 0.003 0.003 0.003 0.003 0.003 0.003 0.003 0.003 0.003 0.003 0.003 0.003 0.003 0.003 0.003   --  
  800:    1.00    4.648    0.010 0.010 0.010 0.010 0.010 0.010 0.010 0.010    0.003 0.003 0.003 0.003 0.003 0.003 0.003 0.003 0.003 0.003 0.003 0.003 0.003 0.003 0.003 0.003 0.003 0.003 0.003 0.003 0.003 0.003 0.003 0.003 0.003 0.003 0.003 0.003   --  
  900:    1.00    4.734    0.010 0.010 0.010 0.010 0.010 0.010 0.010 0.010    0.003 0.003 0.003 0.003 0.003 0.003 0.003 0.003 0.003 0.003 0.003 0.003 0.003 0.003 0.003 0.003 0.003 0.003 0.003 0.003 0.003 0.003 0.003 0.003 0.003 0.003 0.003 0.003   --  
 1000:    1.00    4.511    0.010 0.010 0.010 0.010 0.010 0.010 0.010 0.010    0.003 0.003 0.003 0.003 0.003 0.003 0.003 0.003 0.003 0.003 0.003 0.003 0.003 0.003 0.003 0.003 0.003 0.003 0.003 0.003 0.003 0.003 0.003 0.003 0.003 0.003 0.003 0.003   --  

BURNIN completed
 Rep#:   Lambda   Alpha      F1    F2    F3    F4    F5    F6    F7    F8     D1,2  D1,3  D1,4  D1,5  D1,6  D1,7  D1,8  D2,3  D2,4  D2,5  D2,6  D2,7  D2,8  D3,4  D3,5  D3,6  D3,7  D3,8  D4,5  D4,6  D4,7  D4,8  D5,6  D5,7  D5,8  D6,7  D6,8  D7,8    Ln Like  Est Ln P(D)
 1100:    1.00    4.330    0.010 0.010 0.010 0.010 0.010 0.010 0.010 0.010    0.003 0.003 0.003 0.003 0.003 0.003 0.003 0.003 0.003 0.003 0.003 0.003 0.003 0.003 0.003 0.003 0.003 0.003 0.003 0.003 0.003 0.003 0.003 0.003 0.003 0.003 0.003 0.003   -1026024    0 
 1200:    1.00    4.240    0.010 0.010 0.010 0.010 0.010 0.010 0.010 0.010    0.003 0.003 0.003 0.003 0.003 0.003 0.003 0.003 0.003 0.003 0.003 0.003 0.003 0.003 0.003 0.003 0.003 0.003 0.003 0.003 0.003 0.003 0.003 0.003 0.003 0.003 0.003 0.003   -1026217    0 
 1300:    1.00    3.823    0.010 0.010 0.010 0.010 0.010 0.010 0.010 0.010    0.003 0.003 0.003 0.003 0.003 0.003 0.003 0.003 0.003 0.003 0.003 0.003 0.003 0.003 0.003 0.003 0.003 0.003 0.003 0.003 0.003 0.003 0.003 0.003 0.003 0.003 0.003 0.003   -1026266    0 
 1400:    1.00    3.605    0.010 0.010 0.010 0.010 0.010 0.010 0.010 0.010    0.003 0.003 0.003 0.003 0.003 0.003 0.003 0.003 0.003 0.003 0.003 0.003 0.003 0.003 0.003 0.003 0.003 0.003 0.003 0.003 0.003 0.003 0.003 0.003 0.003 0.003 0.003 0.003   -1026183    0 
 1500:    1.00    3.574    0.010 0.010 0.010 0.010 0.010 0.010 0.010 0.010    0.003 0.003 0.003 0.003 0.003 0.003 0.003 0.003 0.003 0.003 0.003 0.003 0.003 0.003 0.003 0.003 0.003 0.003 0.003 0.003 0.003 0.003 0.003 0.003 0.003 0.003 0.003 0.003   -1026044    0 
 1600:    1.00    3.714    0.010 0.010 0.010 0.010 0.010 0.010 0.010 0.010    0.003 0.003 0.003 0.003 0.003 0.003 0.003 0.003 0.003 0.003 0.003 0.003 0.003 0.003 0.003 0.003 0.003 0.003 0.003 0.003 0.003 0.003 0.003 0.003 0.003 0.003 0.003 0.003   -1025976    0 
 1700:    1.00    3.410    0.010 0.010 0.010 0.010 0.010 0.010 0.010 0.010    0.003 0.003 0.003 0.003 0.003 0.003 0.003 0.003 0.003 0.003 0.003 0.003 0.003 0.003 0.003 0.003 0.003 0.003 0.003 0.003 0.003 0.003 0.003 0.003 0.003 0.003 0.003 0.003   -1025885    0 
 1800:    1.00    3.221    0.010 0.010 0.010 0.010 0.010 0.010 0.010 0.010    0.003 0.003 0.003 0.003 0.003 0.003 0.003 0.003 0.003 0.003 0.003 0.003 0.003 0.003 0.003 0.003 0.003 0.003 0.003 0.003 0.003 0.003 0.003 0.003 0.003 0.003 0.003 0.003   -1026023    0 
 1900:    1.00    3.002    0.010 0.010 0.010 0.010 0.010 0.010 0.010 0.010    0.003 0.003 0.003 0.003 0.003 0.003 0.003 0.003 0.003 0.003 0.003 0.003 0.003 0.003 0.003 0.003 0.003 0.003 0.003 0.003 0.003 0.003 0.003 0.003 0.003 0.003 0.003 0.003   -1025595    0 

--------------------------------------------
Proportion of membership of each pre-defined
 population in each of the 8 clusters

Given    Inferred Clusters                                          Number of
 Pop       1      2      3      4      5      6      7      8      Individuals

  1:     0.153  0.128  0.126  0.104  0.105  0.121  0.136  0.126       23
--------------------------------------------

 Rep#:   Lambda   Alpha      F1    F2    F3    F4    F5    F6    F7    F8     D1,2  D1,3  D1,4  D1,5  D1,6  D1,7  D1,8  D2,3  D2,4  D2,5  D2,6  D2,7  D2,8  D3,4  D3,5  D3,6  D3,7  D3,8  D4,5  D4,6  D4,7  D4,8  D5,6  D5,7  D5,8  D6,7  D6,8  D7,8    Ln Like  Est Ln P(D)
 2000:    1.00    2.699    0.010 0.010 0.010 0.010 0.010 0.010 0.010 0.010    0.003 0.003 0.003 0.003 0.003 0.003 0.003 0.003 0.003 0.003 0.003 0.003 0.003 0.003 0.003 0.003 0.003 0.003 0.003 0.003 0.003 0.003 0.003 0.003 0.003 0.003 0.003 0.003   -1025638    0 
 2100:    1.00    2.603    0.010 0.010 0.010 0.010 0.010 0.010 0.010 0.010    0.003 0.003 0.003 0.003 0.003 0.003 0.003 0.003 0.003 0.003 0.003 0.003 0.003 0.003 0.003 0.003 0.003 0.003 0.003 0.003 0.003 0.003 0.003 0.003 0.003 0.003 0.003 0.003   -1025187    0 
 2200:    1.00    2.308    0.010 0.010 0.010 0.010 0.010 0.010 0.010 0.010    0.003 0.003 0.003 0.003 0.003 0.003 0.003 0.003 0.003 0.003 0.003 0.003 0.003 0.003 0.003 0.003 0.003 0.003 0.003 0.003 0.003 0.003 0.003 0.003 0.003 0.003 0.003 0.003   -1025160    0 
 2300:    1.00    1.960    0.010 0.010 0.010 0.010 0.010 0.010 0.010 0.010    0.003 0.003 0.003 0.003 0.003 0.003 0.003 0.003 0.003 0.003 0.003 0.003 0.003 0.003 0.003 0.003 0.003 0.003 0.003 0.003 0.003 0.003 0.003 0.003 0.003 0.003 0.003 0.003   -1024754    0 
 2400:    1.00    1.792    0.010 0.010 0.010 0.010 0.010 0.010 0.010 0.010    0.003 0.003 0.003 0.003 0.003 0.003 0.003 0.003 0.003 0.003 0.003 0.003 0.003 0.003 0.003 0.003 0.003 0.003 0.003 0.003 0.003 0.003 0.003 0.003 0.003 0.003 0.003 0.003   -1024090    0 
 2500:    1.00    1.513    0.010 0.010 0.010 0.010 0.010 0.010 0.010 0.010    0.003 0.003 0.003 0.003 0.003 0.003 0.003 0.003 0.003 0.003 0.003 0.003 0.003 0.003 0.003 0.003 0.003 0.003 0.003 0.003 0.003 0.003 0.003 0.003 0.003 0.003 0.003 0.003   -1023620    0 
 2600:    1.00    1.111    0.010 0.010 0.010 0.010 0.010 0.010 0.010 0.010    0.003 0.003 0.003 0.003 0.003 0.003 0.003 0.003 0.003 0.003 0.003 0.003 0.003 0.003 0.003 0.003 0.003 0.003 0.003 0.003 0.003 0.003 0.003 0.003 0.003 0.003 0.003 0.003   -1022785    0 
 2700:    1.00    1.147    0.010 0.010 0.010 0.010 0.010 0.010 0.010 0.010    0.003 0.003 0.003 0.003 0.003 0.003 0.003 0.003 0.003 0.003 0.003 0.003 0.003 0.003 0.003 0.003 0.003 0.003 0.003 0.003 0.003 0.003 0.003 0.003 0.003 0.003 0.003 0.003   -1022366    0 
 2800:    1.00    0.770    0.012 0.010 0.010 0.010 0.010 0.010 0.010 0.010    0.003 0.003 0.003 0.003 0.003 0.003 0.003 0.003 0.003 0.003 0.003 0.003 0.003 0.003 0.003 0.003 0.003 0.003 0.003 0.003 0.003 0.003 0.003 0.003 0.003 0.003 0.003 0.003   -1021688    0 
 2900:    1.00    0.655    0.013 0.010 0.010 0.010 0.010 0.010 0.010 0.010    0.004 0.004 0.004 0.004 0.004 0.004 0.004 0.003 0.003 0.003 0.003 0.003 0.003 0.003 0.003 0.003 0.003 0.003 0.003 0.003 0.003 0.003 0.003 0.003 0.003 0.003 0.003 0.003   -1020644    0 

--------------------------------------------
Proportion of membership of each pre-defined
 population in each of the 8 clusters

Given    Inferred Clusters                                          Number of
 Pop       1      2      3      4      5      6      7      8      Individuals

  1:     0.235  0.104  0.108  0.101  0.092  0.105  0.114  0.141       23
--------------------------------------------

 Rep#:   Lambda   Alpha      F1    F2    F3    F4    F5    F6    F7    F8     D1,2  D1,3  D1,4  D1,5  D1,6  D1,7  D1,8  D2,3  D2,4  D2,5  D2,6  D2,7  D2,8  D3,4  D3,5  D3,6  D3,7  D3,8  D4,5  D4,6  D4,7  D4,8  D5,6  D5,7  D5,8  D6,7  D6,8  D7,8    Ln Like  Est Ln P(D)
 3000:    1.00    0.627    0.013 0.010 0.010 0.010 0.010 0.010 0.010 0.010    0.004 0.004 0.004 0.004 0.004 0.004 0.004 0.003 0.003 0.003 0.003 0.003 0.003 0.003 0.003 0.003 0.003 0.003 0.003 0.003 0.003 0.003 0.003 0.003 0.003 0.003 0.003 0.003   -1020253    0 
 3100:    1.00    0.485    0.016 0.010 0.010 0.010 0.010 0.010 0.010 0.010    0.004 0.004 0.004 0.004 0.004 0.004 0.004 0.003 0.003 0.003 0.003 0.003 0.003 0.003 0.003 0.003 0.003 0.003 0.003 0.003 0.003 0.003 0.003 0.003 0.003 0.003 0.003 0.003   -1018760    0 
 3200:    1.00    0.427    0.017 0.010 0.010 0.010 0.010 0.010 0.010 0.010    0.004 0.004 0.004 0.004 0.004 0.004 0.004 0.003 0.003 0.003 0.003 0.003 0.003 0.003 0.003 0.003 0.003 0.003 0.003 0.003 0.003 0.003 0.003 0.003 0.003 0.003 0.003 0.003   -1017780    0 
 3300:    1.00    0.364    0.019 0.010 0.010 0.010 0.010 0.010 0.010 0.010    0.005 0.005 0.005 0.005 0.005 0.005 0.005 0.003 0.003 0.003 0.003 0.003 0.003 0.003 0.003 0.003 0.003 0.003 0.003 0.003 0.003 0.003 0.003 0.003 0.003 0.003 0.003 0.003   -1016678    0 
 3400:    1.00    0.330    0.019 0.010 0.010 0.010 0.010 0.010 0.010 0.010    0.004 0.005 0.004 0.005 0.005 0.005 0.005 0.003 0.003 0.003 0.003 0.003 0.003 0.003 0.003 0.003 0.003 0.003 0.003 0.003 0.003 0.003 0.003 0.003 0.003 0.003 0.003 0.003   -1016548    0 
 3500:    1.00    0.341    0.020 0.010 0.010 0.010 0.010 0.010 0.010 0.010    0.005 0.005 0.005 0.005 0.005 0.005 0.005 0.003 0.003 0.003 0.003 0.003 0.003 0.003 0.003 0.003 0.003 0.003 0.003 0.003 0.003 0.003 0.003 0.003 0.003 0.003 0.003 0.003   -1016120    0 
 3600:    1.00    0.261    0.029 0.010 0.010 0.010 0.010 0.010 0.010 0.010    0.006 0.006 0.006 0.006 0.006 0.006 0.006 0.003 0.003 0.003 0.003 0.003 0.003 0.003 0.003 0.003 0.003 0.003 0.003 0.003 0.003 0.003 0.003 0.003 0.003 0.003 0.003 0.003   -1013262    0 
 3700:    1.00    0.241    0.042 0.010 0.010 0.010 0.010 0.010 0.010 0.010    0.008 0.008 0.008 0.008 0.008 0.009 0.008 0.003 0.003 0.003 0.003 0.003 0.003 0.003 0.003 0.003 0.003 0.003 0.003 0.003 0.003 0.003 0.003 0.003 0.003 0.003 0.003 0.003   -1010010    0 
 3800:    1.00    0.236    0.069 0.010 0.010 0.010 0.010 0.010 0.010 0.010    0.013 0.013 0.013 0.013 0.013 0.013 0.013 0.003 0.003 0.003 0.003 0.003 0.003 0.003 0.003 0.003 0.003 0.003 0.003 0.003 0.003 0.003 0.003 0.003 0.003 0.003 0.003 0.003   -1005019    0 
 3900:    1.00    0.234    0.089 0.010 0.010 0.010 0.010 0.010 0.010 0.010    0.016 0.016 0.015 0.016 0.016 0.016 0.016 0.003 0.003 0.003 0.003 0.003 0.003 0.003 0.003 0.003 0.003 0.003 0.003 0.003 0.003 0.003 0.003 0.003 0.003 0.003 0.003 0.003   -1002529    0 

--------------------------------------------
Proportion of membership of each pre-defined
 population in each of the 8 clusters

Given    Inferred Clusters                                          Number of
 Pop       1      2      3      4      5      6      7      8      Individuals

  1:     0.233  0.099  0.127  0.100  0.088  0.102  0.102  0.148       23
--------------------------------------------

 Rep#:   Lambda   Alpha      F1    F2    F3    F4    F5    F6    F7    F8     D1,2  D1,3  D1,4  D1,5  D1,6  D1,7  D1,8  D2,3  D2,4  D2,5  D2,6  D2,7  D2,8  D3,4  D3,5  D3,6  D3,7  D3,8  D4,5  D4,6  D4,7  D4,8  D5,6  D5,7  D5,8  D6,7  D6,8  D7,8    Ln Like  Est Ln P(D)
 4000:    1.00    0.175    0.101 0.010 0.010 0.010 0.010 0.010 0.010 0.010    0.017 0.017 0.017 0.017 0.017 0.017 0.017 0.003 0.003 0.003 0.003 0.003 0.003 0.003 0.003 0.003 0.003 0.003 0.003 0.003 0.003 0.003 0.003 0.003 0.003 0.003 0.003 0.003   -1001446    0 
 4100:    1.00    0.216    0.103 0.010 0.010 0.010 0.010 0.010 0.010 0.010    0.018 0.018 0.018 0.017 0.018 0.018 0.018 0.003 0.003 0.003 0.003 0.003 0.003 0.003 0.003 0.003 0.003 0.003 0.003 0.003 0.003 0.003 0.003 0.003 0.003 0.003 0.003 0.003   -1001038    0 
 4200:    1.00    0.191    0.110 0.010 0.010 0.010 0.010 0.010 0.010 0.010    0.018 0.019 0.018 0.018 0.018 0.018 0.018 0.003 0.003 0.003 0.003 0.003 0.003 0.003 0.003 0.003 0.003 0.003 0.003 0.003 0.003 0.003 0.003 0.003 0.003 0.003 0.003 0.003   -1000544    0 
 4300:    1.00    0.219    0.120 0.010 0.010 0.010 0.010 0.010 0.010 0.010    0.020 0.020 0.020 0.020 0.020 0.020 0.020 0.003 0.003 0.003 0.003 0.003 0.003 0.003 0.003 0.003 0.003 0.003 0.003 0.003 0.003 0.003 0.003 0.003 0.003 0.003 0.003 0.003   -999648    0 
 4400:    1.00    0.255    0.120 0.010 0.010 0.010 0.010 0.010 0.010 0.010    0.020 0.020 0.020 0.020 0.020 0.020 0.020 0.003 0.003 0.003 0.003 0.003 0.003 0.003 0.003 0.003 0.003 0.003 0.003 0.003 0.003 0.003 0.003 0.003 0.003 0.003 0.003 0.003   -1000272    0 
 4500:    1.00    0.198    0.121 0.010 0.010 0.010 0.010 0.010 0.010 0.010    0.020 0.020 0.020 0.020 0.020 0.020 0.020 0.003 0.003 0.003 0.003 0.003 0.003 0.003 0.003 0.003 0.003 0.003 0.003 0.003 0.003 0.003 0.003 0.003 0.003 0.003 0.003 0.003   -999903    0 
 4600:    1.00    0.257    0.126 0.010 0.010 0.010 0.010 0.010 0.010 0.010    0.021 0.021 0.021 0.021 0.021 0.021 0.021 0.003 0.003 0.003 0.003 0.003 0.003 0.003 0.003 0.003 0.003 0.003 0.003 0.003 0.003 0.003 0.003 0.003 0.003 0.003 0.003 0.003   -999350    0 
 4700:    1.00    0.241    0.126 0.010 0.010 0.010 0.010 0.010 0.010 0.010    0.021 0.021 0.021 0.021 0.021 0.021 0.021 0.003 0.003 0.003 0.003 0.003 0.003 0.003 0.003 0.003 0.003 0.003 0.003 0.003 0.003 0.003 0.003 0.003 0.003 0.003 0.003 0.003   -999892    0 
 4800:    1.00    0.204    0.132 0.010 0.011 0.010 0.010 0.010 0.010 0.010    0.021 0.022 0.021 0.021 0.021 0.021 0.021 0.003 0.003 0.003 0.003 0.003 0.003 0.003 0.003 0.003 0.003 0.003 0.003 0.003 0.003 0.003 0.003 0.003 0.003 0.003 0.003 0.003   -999376    0 
 4900:    1.00    0.264    0.133 0.010 0.011 0.010 0.010 0.010 0.010 0.010    0.022 0.022 0.022 0.022 0.022 0.022 0.022 0.003 0.003 0.003 0.003 0.003 0.003 0.003 0.003 0.003 0.003 0.003 0.003 0.003 0.003 0.003 0.003 0.003 0.003 0.003 0.003 0.003   -999014    0 

--------------------------------------------
Proportion of membership of each pre-defined
 population in each of the 8 clusters

Given    Inferred Clusters                                          Number of
 Pop       1      2      3      4      5      6      7      8      Individuals

  1:     0.228  0.115  0.125  0.087  0.094  0.116  0.084  0.151       23
--------------------------------------------

 Rep#:   Lambda   Alpha      F1    F2    F3    F4    F5    F6    F7    F8     D1,2  D1,3  D1,4  D1,5  D1,6  D1,7  D1,8  D2,3  D2,4  D2,5  D2,6  D2,7  D2,8  D3,4  D3,5  D3,6  D3,7  D3,8  D4,5  D4,6  D4,7  D4,8  D5,6  D5,7  D5,8  D6,7  D6,8  D7,8    Ln Like  Est Ln P(D)
 5000:    1.00    0.178    0.136 0.010 0.011 0.010 0.010 0.010 0.010 0.010    0.022 0.023 0.022 0.022 0.022 0.022 0.022 0.003 0.003 0.003 0.003 0.003 0.003 0.003 0.003 0.003 0.003 0.003 0.003 0.003 0.003 0.003 0.003 0.003 0.003 0.003 0.003 0.003   -998661    0 
 5100:    1.00    0.200    0.139 0.010 0.011 0.010 0.010 0.010 0.010 0.010    0.022 0.023 0.022 0.022 0.022 0.022 0.022 0.003 0.003 0.003 0.003 0.003 0.003 0.003 0.003 0.003 0.003 0.003 0.003 0.003 0.003 0.003 0.003 0.003 0.003 0.003 0.003 0.003   -998670    0 
 5200:    1.00    0.213    0.139 0.010 0.011 0.010 0.010 0.010 0.010 0.010    0.023 0.023 0.023 0.022 0.022 0.022 0.022 0.003 0.003 0.003 0.003 0.003 0.003 0.003 0.003 0.003 0.003 0.003 0.003 0.003 0.003 0.003 0.003 0.003 0.003 0.003 0.003 0.003   -998384    0 
 5300:    1.00    0.159    0.140 0.010 0.012 0.010 0.010 0.010 0.010 0.010    0.023 0.023 0.023 0.023 0.023 0.023 0.023 0.003 0.003 0.003 0.003 0.003 0.003 0.003 0.003 0.003 0.003 0.003 0.003 0.003 0.003 0.003 0.003 0.003 0.003 0.003 0.003 0.003   -998281    0 
 5400:    1.00    0.198    0.142 0.010 0.012 0.010 0.010 0.010 0.010 0.010    0.023 0.024 0.023 0.023 0.023 0.023 0.023 0.003 0.003 0.003 0.003 0.003 0.003 0.003 0.003 0.003 0.003 0.003 0.003 0.003 0.003 0.003 0.003 0.003 0.003 0.003 0.003 0.003   -998120    0 
 5500:    1.00    0.189    0.142 0.010 0.012 0.010 0.010 0.010 0.010 0.010    0.023 0.023 0.023 0.023 0.023 0.023 0.023 0.003 0.003 0.003 0.003 0.003 0.003 0.003 0.003 0.003 0.003 0.003 0.003 0.003 0.003 0.003 0.003 0.003 0.003 0.003 0.003 0.003   -997700    0 
 5600:    1.00    0.158    0.142 0.010 0.012 0.010 0.010 0.010 0.010 0.010    0.023 0.023 0.023 0.023 0.023 0.023 0.023 0.003 0.003 0.003 0.003 0.003 0.003 0.003 0.003 0.003 0.003 0.003 0.003 0.003 0.003 0.003 0.003 0.003 0.003 0.003 0.003 0.003   -998084    0 
 5700:    1.00    0.173    0.142 0.010 0.012 0.010 0.010 0.010 0.010 0.010    0.023 0.024 0.023 0.023 0.023 0.023 0.023 0.003 0.003 0.003 0.003 0.003 0.003 0.003 0.003 0.003 0.003 0.003 0.003 0.003 0.003 0.003 0.003 0.003 0.003 0.003 0.003 0.003   -997521    0 
 5800:    1.00    0.127    0.145 0.010 0.012 0.010 0.010 0.010 0.010 0.010    0.024 0.024 0.024 0.023 0.023 0.024 0.024 0.003 0.003 0.003 0.003 0.003 0.003 0.003 0.003 0.003 0.003 0.003 0.003 0.003 0.003 0.003 0.003 0.003 0.003 0.003 0.003 0.003   -997541    0 
 5900:    1.00    0.132    0.145 0.010 0.012 0.010 0.010 0.010 0.010 0.010    0.023 0.024 0.023 0.023 0.023 0.023 0.023 0.003 0.003 0.003 0.003 0.003 0.003 0.003 0.003 0.003 0.003 0.003 0.003 0.003 0.003 0.003 0.003 0.003 0.003 0.003 0.003 0.003   -998399    0 
 6000:    1.00    0.169    0.145 0.010 0.012 0.010 0.010 0.010 0.010 0.010    0.023 0.024 0.024 0.023 0.023 0.023 0.023 0.003 0.003 0.003 0.003 0.003 0.003 0.003 0.003 0.003 0.003 0.003 0.003 0.003 0.003 0.003 0.003 0.003 0.003 0.003 0.003 0.003   -997385    0 

MCMC completed

Inferred ancestry of individuals:
        Label (%Miss) Pop:  Inferred clusters
  1 18160D-09-0    (2)    1 :  0.076 0.113 0.099 0.111 0.123 0.215 0.085 0.177 
  2 18160D-09-0    (4)    1 :  0.064 0.055 0.030 0.037 0.146 0.254 0.145 0.269 
  3 18160D-09-0    (2)    1 :  0.694 0.033 0.061 0.027 0.023 0.043 0.050 0.068 
  4 18160D-09-0    (5)    1 :  0.794 0.049 0.047 0.022 0.039 0.017 0.020 0.012 
  5 18160D-09-0    (4)    1 :  0.775 0.071 0.051 0.020 0.037 0.018 0.013 0.014 
  6 18160D-09-0    (4)    1 :  0.773 0.032 0.042 0.028 0.043 0.039 0.020 0.022 
  7 18160D-09-0    (2)    1 :  0.806 0.068 0.028 0.018 0.039 0.014 0.018 0.010 
  8 18160D-09-0    (4)    1 :  0.059 0.110 0.069 0.114 0.237 0.018 0.221 0.172 
  9 18160D-09-0    (2)    1 :  0.026 0.117 0.046 0.504 0.053 0.081 0.085 0.088 
 10 18160D-09-1    (2)    1 :  0.008 0.032 0.689 0.062 0.038 0.039 0.048 0.083 
 11 18160D-09-1    (2)    1 :  0.021 0.033 0.310 0.145 0.038 0.065 0.271 0.117 
 12 18160D-09-1    (2)    1 :  0.049 0.040 0.055 0.293 0.063 0.123 0.337 0.040 
 13 18160D-09-1    (5)    1 :  0.077 0.073 0.073 0.049 0.144 0.137 0.251 0.196 
 14 18160D-09-1   (18)    1 :  0.094 0.033 0.081 0.233 0.070 0.262 0.025 0.204 
 15 18160D-09-1    (4)    1 :  0.043 0.045 0.063 0.080 0.055 0.269 0.133 0.312 
 16 18160D-09-1    (2)    1 :  0.022 0.030 0.698 0.064 0.043 0.033 0.034 0.076 
 17 18160D-09-1    (2)    1 :  0.078 0.331 0.065 0.027 0.194 0.146 0.102 0.057 
 18 18160D-09-1    (2)    1 :  0.018 0.576 0.027 0.082 0.143 0.028 0.104 0.022 
 19 18160D-09-1    (2)    1 :  0.033 0.202 0.099 0.097 0.319 0.101 0.036 0.112 
 20 18160D-09-2    (5)    1 :  0.059 0.044 0.048 0.109 0.240 0.067 0.199 0.233 
 21 18160D-09-2    (5)    1 :  0.122 0.095 0.075 0.159 0.113 0.133 0.169 0.134 
 22 18160D-09-2    (5)    1 :  0.028 0.082 0.038 0.028 0.039 0.090 0.024 0.672 
 23 18160D-09-2    (2)    1 :  0.021 0.321 0.042 0.035 0.025 0.333 0.074 0.149 

Command line arguments:   structure -D 564871 -K 8 -m mainparams -o k8/populations_k8_run5 
Input File:    populations.str
Output File:   k8/populations_k8_run5_f

Run parameters:
   23 individuals
   50160 loci
   8 populations assumed
   1000 Burn-in period
   5000 Reps
RANDOMIZE turned off

--------------------------------------------
Estimated Ln Prob of Data   = -71543206.2
Mean value of ln likelihood = -1012032.9
Variance of ln likelihood   = 141062346.7
Mean value of alpha         = 1.1830

Mean value of Fst_1         = 0.0640
Mean value of Fst_2         = 0.0102
Mean value of Fst_3         = 0.0104
Mean value of Fst_4         = 0.0100
Mean value of Fst_5         = 0.0101
Mean value of Fst_6         = 0.0101
Mean value of Fst_7         = 0.0100
Mean value of Fst_8         = 0.0099


--------------------------------------------
Proportion of membership of each pre-defined
 population in each of the 8 clusters

Given    Inferred Clusters                                          Number of
 Pop       1      2      3      4      5      6      7      8      Individuals

  1:     0.206  0.112  0.123  0.102  0.098  0.110  0.107  0.141       23
--------------------------------------------
Final results printed to file k8/populations_k8_run5_f

