

----------------------------------------------------
STRUCTURE by Pritchard, Stephens and Donnelly (2000)
     and Falush, Stephens and Pritchard (2003)
       Code by Pritchard, Falush and Hubisz
             Version 2.3.4 (Jul 2012)
----------------------------------------------------


Reading file "mainparams".
datafile is
populations.str
Reading file "extraparams".
Reading file "populations.str".


Data file "populations.str" (truncated) --

Ind:   Label Pop : Genotype_data . . . .
  1: 18160D-09-0    1  :  4   1   3   1   4   1   3  . . . .   2
  1: 18160D-09-0    1  :  4   1   3   1   4   4   4  . . . .   4
  2: 18160D-09-0    1  :  4   1   3   1   4   1   3  . . . .   2
  2: 18160D-09-0    1  :  4   1   3   1   4   4   3  . . . .   4
  3: 18160D-09-0    1  :  4   1   0   0   0   0   3  . . . .   2
  3: 18160D-09-0    1  :  4   3   0   0   0   0   3  . . . .   4
  4: 18160D-09-0    1  :  4   1   3   1   4   1   3  . . . .   2
  4: 18160D-09-0    1  :  4   3   3   1   4   1   3  . . . .   4

      *******   

 22: 18160D-09-2    1  :  4   1   3   1   4   1   3  . . . .   2
 22: 18160D-09-2    1  :  4   3   3   1   4   1   4  . . . .   4
 23: 18160D-09-2    1  :  4   1   3   1   4   1   3  . . . .   2
 23: 18160D-09-2    1  :  4   1   3   1   4   4   4  . . . .   4

Number of alleles per locus: min= 2; ave=2.0; max= 2


--------------------------------------

Finished initialization; starting MCMC 
5000 iterations + 1000 burnin


--------------------------------------------
Proportion of membership of each pre-defined
 population in each of the 8 clusters

Given    Inferred Clusters                                          Number of
 Pop       1      2      3      4      5      6      7      8      Individuals

  1:     0.124  0.122  0.124  0.130  0.118  0.129  0.130  0.123       23
--------------------------------------------

 Rep#:   Lambda   Alpha      F1    F2    F3    F4    F5    F6    F7    F8     D1,2  D1,3  D1,4  D1,5  D1,6  D1,7  D1,8  D2,3  D2,4  D2,5  D2,6  D2,7  D2,8  D3,4  D3,5  D3,6  D3,7  D3,8  D4,5  D4,6  D4,7  D4,8  D5,6  D5,7  D5,8  D6,7  D6,8  D7,8    Ln Like 
  100:    1.00    1.760    0.010 0.010 0.010 0.010 0.010 0.010 0.010 0.010    0.003 0.003 0.003 0.003 0.003 0.003 0.003 0.003 0.003 0.003 0.003 0.003 0.003 0.003 0.003 0.003 0.003 0.003 0.003 0.003 0.003 0.003 0.003 0.003 0.003 0.003 0.003 0.003   --  
  200:    1.00    2.434    0.010 0.010 0.010 0.010 0.010 0.010 0.010 0.010    0.003 0.003 0.003 0.003 0.003 0.003 0.003 0.003 0.003 0.003 0.003 0.003 0.003 0.003 0.003 0.003 0.003 0.003 0.003 0.003 0.003 0.003 0.003 0.003 0.003 0.003 0.003 0.003   --  
  300:    1.00    2.924    0.010 0.010 0.010 0.010 0.010 0.010 0.010 0.010    0.003 0.003 0.003 0.003 0.003 0.003 0.003 0.003 0.003 0.003 0.003 0.003 0.003 0.003 0.003 0.003 0.003 0.003 0.003 0.003 0.003 0.003 0.003 0.003 0.003 0.003 0.003 0.003   --  
  400:    1.00    3.692    0.010 0.010 0.010 0.010 0.010 0.010 0.010 0.010    0.003 0.003 0.003 0.003 0.003 0.003 0.003 0.003 0.003 0.003 0.003 0.003 0.003 0.003 0.003 0.003 0.003 0.003 0.003 0.003 0.003 0.003 0.003 0.003 0.003 0.003 0.003 0.003   --  
  500:    1.00    4.262    0.010 0.010 0.010 0.010 0.010 0.010 0.010 0.010    0.003 0.003 0.003 0.003 0.003 0.003 0.003 0.003 0.003 0.003 0.003 0.003 0.003 0.003 0.003 0.003 0.003 0.003 0.003 0.003 0.003 0.003 0.003 0.003 0.003 0.003 0.003 0.003   --  
  600:    1.00    4.554    0.010 0.010 0.010 0.010 0.010 0.010 0.010 0.010    0.003 0.003 0.003 0.003 0.003 0.003 0.003 0.003 0.003 0.003 0.003 0.003 0.003 0.003 0.003 0.003 0.003 0.003 0.003 0.003 0.003 0.003 0.003 0.003 0.003 0.003 0.003 0.003   --  
  700:    1.00    5.064    0.010 0.010 0.010 0.010 0.010 0.010 0.010 0.010    0.003 0.003 0.003 0.003 0.003 0.003 0.003 0.003 0.003 0.003 0.003 0.003 0.003 0.003 0.003 0.003 0.003 0.003 0.003 0.003 0.003 0.003 0.003 0.003 0.003 0.003 0.003 0.003   --  
  800:    1.00    4.694    0.010 0.010 0.010 0.010 0.010 0.010 0.010 0.010    0.003 0.003 0.003 0.003 0.003 0.003 0.003 0.003 0.003 0.003 0.003 0.003 0.003 0.003 0.003 0.003 0.003 0.003 0.003 0.003 0.003 0.003 0.003 0.003 0.003 0.003 0.003 0.003   --  
  900:    1.00    5.041    0.010 0.010 0.010 0.010 0.010 0.010 0.010 0.010    0.003 0.003 0.003 0.003 0.003 0.003 0.003 0.003 0.003 0.003 0.003 0.003 0.003 0.003 0.003 0.003 0.003 0.003 0.003 0.003 0.003 0.003 0.003 0.003 0.003 0.003 0.003 0.003   --  
 1000:    1.00    4.776    0.010 0.010 0.010 0.010 0.010 0.010 0.010 0.010    0.003 0.003 0.003 0.003 0.003 0.003 0.003 0.003 0.003 0.003 0.003 0.003 0.003 0.003 0.003 0.003 0.003 0.003 0.003 0.003 0.003 0.003 0.003 0.003 0.003 0.003 0.003 0.003   --  

BURNIN completed
 Rep#:   Lambda   Alpha      F1    F2    F3    F4    F5    F6    F7    F8     D1,2  D1,3  D1,4  D1,5  D1,6  D1,7  D1,8  D2,3  D2,4  D2,5  D2,6  D2,7  D2,8  D3,4  D3,5  D3,6  D3,7  D3,8  D4,5  D4,6  D4,7  D4,8  D5,6  D5,7  D5,8  D6,7  D6,8  D7,8    Ln Like  Est Ln P(D)
 1100:    1.00    4.678    0.010 0.010 0.010 0.010 0.010 0.010 0.010 0.010    0.003 0.003 0.003 0.003 0.003 0.003 0.003 0.003 0.003 0.003 0.003 0.003 0.003 0.003 0.003 0.003 0.003 0.003 0.003 0.003 0.003 0.003 0.003 0.003 0.003 0.003 0.003 0.003   -1025707    0 
 1200:    1.00    4.434    0.010 0.010 0.010 0.010 0.010 0.010 0.010 0.010    0.003 0.003 0.003 0.003 0.003 0.003 0.003 0.003 0.003 0.003 0.003 0.003 0.003 0.003 0.003 0.003 0.003 0.003 0.003 0.003 0.003 0.003 0.003 0.003 0.003 0.003 0.003 0.003   -1025954    0 
 1300:    1.00    4.077    0.010 0.010 0.010 0.010 0.010 0.010 0.010 0.010    0.003 0.003 0.003 0.003 0.003 0.003 0.003 0.003 0.003 0.003 0.003 0.003 0.003 0.003 0.003 0.003 0.003 0.003 0.003 0.003 0.003 0.003 0.003 0.003 0.003 0.003 0.003 0.003   -1025794    0 
 1400:    1.00    3.687    0.010 0.010 0.010 0.010 0.010 0.010 0.010 0.010    0.003 0.003 0.003 0.003 0.003 0.003 0.003 0.003 0.003 0.003 0.003 0.003 0.003 0.003 0.003 0.003 0.003 0.003 0.003 0.003 0.003 0.003 0.003 0.003 0.003 0.003 0.003 0.003   -1025678    0 
 1500:    1.00    3.115    0.010 0.010 0.010 0.010 0.010 0.010 0.010 0.010    0.003 0.003 0.003 0.003 0.003 0.003 0.003 0.003 0.003 0.003 0.003 0.003 0.003 0.003 0.003 0.003 0.003 0.003 0.003 0.003 0.003 0.003 0.003 0.003 0.003 0.003 0.003 0.003   -1025496    0 
 1600:    1.00    3.299    0.010 0.010 0.010 0.010 0.010 0.010 0.010 0.010    0.003 0.003 0.003 0.003 0.003 0.003 0.003 0.003 0.003 0.003 0.003 0.003 0.003 0.003 0.003 0.003 0.003 0.003 0.003 0.003 0.003 0.003 0.003 0.003 0.003 0.003 0.003 0.003   -1025307    0 
 1700:    1.00    2.896    0.010 0.010 0.010 0.010 0.010 0.010 0.010 0.010    0.003 0.003 0.003 0.003 0.003 0.003 0.003 0.003 0.003 0.003 0.003 0.003 0.003 0.003 0.003 0.003 0.003 0.003 0.003 0.003 0.003 0.003 0.003 0.003 0.003 0.003 0.003 0.003   -1024855    0 
 1800:    1.00    2.608    0.010 0.010 0.010 0.010 0.010 0.010 0.010 0.010    0.003 0.003 0.003 0.003 0.003 0.003 0.003 0.003 0.003 0.003 0.003 0.003 0.003 0.003 0.003 0.003 0.003 0.003 0.003 0.003 0.003 0.003 0.003 0.003 0.003 0.003 0.003 0.003   -1024166    0 
 1900:    1.00    2.312    0.010 0.010 0.010 0.010 0.010 0.010 0.010 0.010    0.003 0.003 0.003 0.003 0.003 0.003 0.003 0.003 0.003 0.003 0.003 0.003 0.003 0.003 0.003 0.003 0.003 0.003 0.003 0.003 0.003 0.003 0.003 0.003 0.003 0.003 0.003 0.003   -1023712    0 

--------------------------------------------
Proportion of membership of each pre-defined
 population in each of the 8 clusters

Given    Inferred Clusters                                          Number of
 Pop       1      2      3      4      5      6      7      8      Individuals

  1:     0.118  0.151  0.097  0.095  0.113  0.094  0.208  0.124       23
--------------------------------------------

 Rep#:   Lambda   Alpha      F1    F2    F3    F4    F5    F6    F7    F8     D1,2  D1,3  D1,4  D1,5  D1,6  D1,7  D1,8  D2,3  D2,4  D2,5  D2,6  D2,7  D2,8  D3,4  D3,5  D3,6  D3,7  D3,8  D4,5  D4,6  D4,7  D4,8  D5,6  D5,7  D5,8  D6,7  D6,8  D7,8    Ln Like  Est Ln P(D)
 2000:    1.00    1.908    0.010 0.010 0.010 0.010 0.010 0.010 0.010 0.010    0.003 0.003 0.003 0.003 0.003 0.003 0.003 0.003 0.003 0.003 0.003 0.003 0.003 0.003 0.003 0.003 0.003 0.003 0.003 0.003 0.003 0.003 0.003 0.003 0.003 0.003 0.003 0.003   -1023209    0 
 2100:    1.00    1.550    0.010 0.010 0.010 0.010 0.010 0.010 0.010 0.010    0.003 0.003 0.003 0.003 0.003 0.003 0.003 0.003 0.003 0.003 0.003 0.003 0.003 0.003 0.003 0.003 0.003 0.003 0.003 0.003 0.003 0.003 0.003 0.003 0.003 0.003 0.003 0.003   -1022772    0 
 2200:    1.00    1.069    0.010 0.010 0.010 0.010 0.010 0.010 0.010 0.010    0.003 0.003 0.003 0.003 0.003 0.003 0.003 0.003 0.003 0.003 0.003 0.003 0.003 0.003 0.003 0.003 0.003 0.003 0.003 0.003 0.003 0.003 0.003 0.003 0.003 0.003 0.003 0.003   -1021575    0 
 2300:    1.00    0.810    0.010 0.010 0.010 0.010 0.010 0.010 0.010 0.010    0.003 0.003 0.003 0.003 0.003 0.003 0.003 0.003 0.003 0.003 0.003 0.003 0.003 0.003 0.003 0.003 0.003 0.003 0.003 0.003 0.003 0.003 0.003 0.003 0.003 0.003 0.003 0.003   -1020973    0 
 2400:    1.00    0.566    0.010 0.010 0.010 0.010 0.010 0.010 0.010 0.010    0.003 0.003 0.003 0.003 0.003 0.003 0.003 0.003 0.003 0.003 0.003 0.003 0.003 0.003 0.003 0.003 0.003 0.003 0.003 0.003 0.003 0.003 0.003 0.003 0.003 0.003 0.003 0.003   -1020500    0 
 2500:    1.00    0.517    0.010 0.010 0.010 0.010 0.010 0.010 0.010 0.010    0.003 0.003 0.003 0.003 0.003 0.003 0.003 0.003 0.003 0.003 0.003 0.003 0.003 0.003 0.003 0.003 0.003 0.003 0.003 0.003 0.003 0.003 0.003 0.003 0.003 0.003 0.003 0.003   -1019690    0 
 2600:    1.00    0.482    0.010 0.010 0.010 0.010 0.010 0.010 0.010 0.010    0.003 0.003 0.003 0.003 0.003 0.003 0.003 0.003 0.003 0.003 0.003 0.003 0.003 0.003 0.003 0.003 0.003 0.003 0.003 0.003 0.003 0.003 0.003 0.003 0.003 0.003 0.003 0.003   -1019579    0 
 2700:    1.00    0.411    0.010 0.010 0.010 0.010 0.010 0.010 0.011 0.010    0.003 0.003 0.003 0.003 0.003 0.003 0.003 0.003 0.003 0.003 0.003 0.003 0.003 0.003 0.003 0.003 0.003 0.003 0.003 0.003 0.003 0.003 0.003 0.003 0.003 0.003 0.003 0.003   -1018949    0 
 2800:    1.00    0.305    0.010 0.010 0.010 0.010 0.010 0.010 0.011 0.010    0.003 0.003 0.003 0.003 0.003 0.003 0.003 0.003 0.003 0.003 0.003 0.003 0.003 0.003 0.003 0.003 0.003 0.003 0.003 0.003 0.003 0.003 0.003 0.003 0.003 0.003 0.003 0.003   -1018145    0 
 2900:    1.00    0.276    0.010 0.011 0.010 0.010 0.010 0.010 0.012 0.010    0.003 0.003 0.003 0.003 0.003 0.003 0.003 0.003 0.003 0.003 0.003 0.004 0.003 0.003 0.003 0.003 0.003 0.003 0.003 0.003 0.003 0.003 0.003 0.003 0.003 0.003 0.003 0.003   -1017432    0 

--------------------------------------------
Proportion of membership of each pre-defined
 population in each of the 8 clusters

Given    Inferred Clusters                                          Number of
 Pop       1      2      3      4      5      6      7      8      Individuals

  1:     0.112  0.183  0.065  0.089  0.110  0.087  0.237  0.118       23
--------------------------------------------

 Rep#:   Lambda   Alpha      F1    F2    F3    F4    F5    F6    F7    F8     D1,2  D1,3  D1,4  D1,5  D1,6  D1,7  D1,8  D2,3  D2,4  D2,5  D2,6  D2,7  D2,8  D3,4  D3,5  D3,6  D3,7  D3,8  D4,5  D4,6  D4,7  D4,8  D5,6  D5,7  D5,8  D6,7  D6,8  D7,8    Ln Like  Est Ln P(D)
 3000:    1.00    0.282    0.010 0.011 0.010 0.010 0.010 0.010 0.012 0.011    0.003 0.003 0.003 0.003 0.003 0.003 0.003 0.003 0.003 0.003 0.003 0.004 0.003 0.003 0.003 0.003 0.003 0.003 0.003 0.003 0.003 0.003 0.003 0.003 0.003 0.003 0.003 0.003   -1017816    0 
 3100:    1.00    0.282    0.010 0.011 0.010 0.010 0.010 0.010 0.013 0.011    0.003 0.003 0.003 0.003 0.003 0.003 0.003 0.003 0.003 0.003 0.003 0.004 0.003 0.003 0.003 0.003 0.004 0.003 0.003 0.003 0.004 0.003 0.003 0.004 0.003 0.004 0.003 0.004   -1016898    0 
 3200:    1.00    0.243    0.010 0.011 0.010 0.010 0.010 0.010 0.014 0.011    0.003 0.003 0.003 0.003 0.003 0.004 0.003 0.003 0.003 0.003 0.003 0.004 0.003 0.003 0.003 0.003 0.004 0.003 0.003 0.003 0.004 0.003 0.003 0.004 0.003 0.004 0.003 0.004   -1016231    0 
 3300:    1.00    0.224    0.010 0.012 0.010 0.010 0.010 0.010 0.015 0.011    0.003 0.003 0.003 0.003 0.003 0.004 0.003 0.003 0.003 0.003 0.003 0.004 0.003 0.003 0.003 0.003 0.004 0.003 0.003 0.003 0.004 0.003 0.003 0.004 0.003 0.004 0.003 0.004   -1015958    0 
 3400:    1.00    0.243    0.010 0.012 0.010 0.010 0.010 0.010 0.016 0.011    0.003 0.003 0.003 0.003 0.003 0.004 0.003 0.003 0.003 0.003 0.003 0.004 0.003 0.003 0.003 0.003 0.004 0.003 0.003 0.003 0.004 0.003 0.003 0.004 0.003 0.004 0.003 0.004   -1014722    0 
 3500:    1.00    0.203    0.010 0.012 0.010 0.010 0.010 0.010 0.017 0.011    0.003 0.003 0.003 0.003 0.003 0.004 0.003 0.003 0.003 0.003 0.003 0.005 0.004 0.003 0.003 0.003 0.004 0.003 0.003 0.003 0.004 0.003 0.003 0.004 0.003 0.004 0.003 0.004   -1014397    0 
 3600:    1.00    0.233    0.010 0.013 0.010 0.010 0.010 0.010 0.020 0.011    0.003 0.003 0.003 0.003 0.003 0.005 0.003 0.003 0.003 0.003 0.004 0.005 0.004 0.003 0.003 0.003 0.005 0.003 0.003 0.003 0.005 0.003 0.003 0.005 0.003 0.005 0.003 0.005   -1013123    0 
 3700:    1.00    0.160    0.010 0.013 0.010 0.010 0.010 0.010 0.025 0.011    0.004 0.003 0.003 0.003 0.003 0.006 0.003 0.003 0.003 0.004 0.004 0.006 0.004 0.003 0.003 0.003 0.006 0.003 0.003 0.003 0.006 0.003 0.003 0.006 0.003 0.006 0.003 0.006   -1011474    0 
 3800:    1.00    0.133    0.010 0.013 0.010 0.010 0.010 0.010 0.034 0.011    0.003 0.003 0.003 0.003 0.003 0.007 0.003 0.003 0.004 0.004 0.004 0.008 0.004 0.003 0.003 0.003 0.007 0.003 0.003 0.003 0.007 0.003 0.003 0.007 0.003 0.007 0.003 0.007   -1008730    0 
 3900:    1.00    0.152    0.010 0.013 0.010 0.010 0.010 0.010 0.058 0.011    0.004 0.003 0.003 0.003 0.003 0.011 0.003 0.004 0.004 0.004 0.004 0.012 0.004 0.003 0.003 0.003 0.011 0.003 0.003 0.003 0.011 0.003 0.003 0.011 0.003 0.011 0.003 0.011   -1004384    0 

--------------------------------------------
Proportion of membership of each pre-defined
 population in each of the 8 clusters

Given    Inferred Clusters                                          Number of
 Pop       1      2      3      4      5      6      7      8      Individuals

  1:     0.108  0.200  0.056  0.088  0.115  0.089  0.227  0.117       23
--------------------------------------------

 Rep#:   Lambda   Alpha      F1    F2    F3    F4    F5    F6    F7    F8     D1,2  D1,3  D1,4  D1,5  D1,6  D1,7  D1,8  D2,3  D2,4  D2,5  D2,6  D2,7  D2,8  D3,4  D3,5  D3,6  D3,7  D3,8  D4,5  D4,6  D4,7  D4,8  D5,6  D5,7  D5,8  D6,7  D6,8  D7,8    Ln Like  Est Ln P(D)
 4000:    1.00    0.148    0.010 0.013 0.010 0.010 0.010 0.010 0.071 0.011    0.004 0.003 0.003 0.003 0.003 0.012 0.003 0.004 0.004 0.004 0.004 0.013 0.004 0.003 0.003 0.003 0.012 0.003 0.003 0.003 0.012 0.003 0.003 0.012 0.003 0.012 0.003 0.012   -1002584    0 
 4100:    1.00    0.161    0.010 0.013 0.010 0.010 0.010 0.010 0.076 0.011    0.004 0.003 0.003 0.003 0.003 0.014 0.003 0.004 0.004 0.004 0.004 0.014 0.004 0.003 0.003 0.003 0.014 0.003 0.003 0.003 0.014 0.003 0.003 0.014 0.003 0.014 0.003 0.014   -1001119    0 
 4200:    1.00    0.135    0.010 0.013 0.010 0.010 0.010 0.010 0.099 0.011    0.004 0.003 0.003 0.003 0.003 0.017 0.003 0.004 0.004 0.004 0.004 0.018 0.004 0.003 0.003 0.003 0.017 0.003 0.003 0.003 0.017 0.003 0.003 0.017 0.003 0.017 0.003 0.017   -998959    0 
 4300:    1.00    0.113    0.010 0.013 0.010 0.010 0.010 0.010 0.099 0.011    0.004 0.003 0.003 0.003 0.003 0.017 0.003 0.004 0.004 0.004 0.004 0.018 0.004 0.003 0.003 0.003 0.017 0.003 0.003 0.003 0.017 0.003 0.003 0.017 0.003 0.017 0.003 0.017   -998624    0 
 4400:    1.00    0.139    0.010 0.014 0.010 0.010 0.010 0.010 0.106 0.011    0.004 0.003 0.003 0.003 0.003 0.018 0.003 0.004 0.004 0.004 0.004 0.019 0.004 0.003 0.003 0.003 0.018 0.003 0.003 0.003 0.018 0.003 0.003 0.018 0.003 0.018 0.003 0.018   -997879    0 
 4500:    1.00    0.123    0.010 0.014 0.010 0.010 0.010 0.010 0.115 0.011    0.004 0.003 0.003 0.003 0.003 0.019 0.003 0.004 0.004 0.004 0.004 0.020 0.004 0.003 0.003 0.003 0.019 0.003 0.003 0.003 0.019 0.003 0.003 0.019 0.003 0.019 0.003 0.019   -996981    0 
 4600:    1.00    0.138    0.010 0.014 0.010 0.010 0.010 0.010 0.117 0.011    0.004 0.003 0.003 0.003 0.003 0.020 0.003 0.004 0.004 0.004 0.004 0.020 0.004 0.003 0.003 0.003 0.019 0.003 0.003 0.003 0.020 0.003 0.003 0.020 0.003 0.019 0.003 0.020   -997526    0 
 4700:    1.00    0.111    0.010 0.014 0.010 0.010 0.010 0.010 0.117 0.011    0.004 0.003 0.003 0.003 0.003 0.019 0.003 0.004 0.004 0.004 0.004 0.020 0.004 0.003 0.003 0.003 0.019 0.003 0.003 0.003 0.019 0.003 0.003 0.019 0.003 0.019 0.003 0.019   -997354    0 
 4800:    1.00    0.090    0.010 0.015 0.010 0.010 0.010 0.010 0.123 0.011    0.004 0.003 0.003 0.003 0.003 0.020 0.003 0.004 0.004 0.004 0.004 0.021 0.004 0.003 0.003 0.003 0.020 0.003 0.003 0.003 0.020 0.003 0.003 0.020 0.003 0.020 0.003 0.020   -996053    0 
 4900:    1.00    0.103    0.010 0.015 0.010 0.010 0.010 0.010 0.127 0.011    0.004 0.003 0.003 0.003 0.003 0.020 0.003 0.004 0.004 0.004 0.004 0.022 0.004 0.003 0.003 0.003 0.020 0.003 0.003 0.003 0.020 0.003 0.003 0.020 0.003 0.020 0.003 0.021   -996109    0 

--------------------------------------------
Proportion of membership of each pre-defined
 population in each of the 8 clusters

Given    Inferred Clusters                                          Number of
 Pop       1      2      3      4      5      6      7      8      Individuals

  1:     0.108  0.215  0.054  0.105  0.107  0.091  0.216  0.105       23
--------------------------------------------

 Rep#:   Lambda   Alpha      F1    F2    F3    F4    F5    F6    F7    F8     D1,2  D1,3  D1,4  D1,5  D1,6  D1,7  D1,8  D2,3  D2,4  D2,5  D2,6  D2,7  D2,8  D3,4  D3,5  D3,6  D3,7  D3,8  D4,5  D4,6  D4,7  D4,8  D5,6  D5,7  D5,8  D6,7  D6,8  D7,8    Ln Like  Est Ln P(D)
 5000:    1.00    0.110    0.010 0.015 0.010 0.010 0.010 0.010 0.127 0.011    0.004 0.003 0.003 0.003 0.003 0.021 0.003 0.004 0.004 0.004 0.004 0.022 0.004 0.003 0.003 0.003 0.021 0.003 0.003 0.003 0.021 0.003 0.003 0.021 0.003 0.021 0.003 0.021   -995973    0 
 5100:    1.00    0.105    0.010 0.016 0.010 0.010 0.010 0.010 0.127 0.011    0.004 0.003 0.003 0.003 0.003 0.020 0.003 0.004 0.004 0.004 0.004 0.022 0.004 0.003 0.003 0.003 0.021 0.003 0.003 0.003 0.021 0.003 0.003 0.021 0.003 0.020 0.003 0.021   -995993    0 
 5200:    1.00    0.091    0.010 0.016 0.010 0.010 0.010 0.010 0.130 0.011    0.004 0.003 0.003 0.003 0.003 0.021 0.003 0.004 0.004 0.004 0.004 0.022 0.004 0.003 0.003 0.003 0.021 0.003 0.003 0.003 0.021 0.003 0.003 0.021 0.003 0.021 0.003 0.021   -996180    0 
 5300:    1.00    0.106    0.010 0.019 0.010 0.010 0.010 0.010 0.132 0.011    0.004 0.003 0.003 0.003 0.003 0.021 0.003 0.004 0.005 0.004 0.004 0.023 0.005 0.003 0.003 0.003 0.022 0.003 0.003 0.003 0.022 0.003 0.003 0.022 0.003 0.021 0.003 0.022   -995039    0 
 5400:    1.00    0.132    0.010 0.024 0.010 0.010 0.010 0.010 0.135 0.011    0.005 0.003 0.003 0.003 0.003 0.022 0.003 0.005 0.005 0.005 0.005 0.024 0.005 0.003 0.003 0.003 0.022 0.003 0.003 0.003 0.022 0.003 0.003 0.022 0.003 0.022 0.003 0.022   -993982    0 
 5500:    1.00    0.100    0.010 0.024 0.010 0.010 0.010 0.010 0.138 0.011    0.005 0.003 0.003 0.003 0.003 0.022 0.003 0.005 0.005 0.005 0.005 0.025 0.005 0.003 0.003 0.003 0.022 0.003 0.003 0.003 0.022 0.003 0.003 0.022 0.003 0.022 0.003 0.022   -993924    0 
 5600:    1.00    0.108    0.010 0.029 0.010 0.010 0.010 0.010 0.140 0.011    0.006 0.003 0.003 0.003 0.003 0.022 0.003 0.006 0.006 0.006 0.006 0.026 0.006 0.003 0.003 0.003 0.022 0.003 0.003 0.003 0.022 0.003 0.003 0.022 0.003 0.022 0.003 0.022   -992587    0 
 5700:    1.00    0.105    0.010 0.030 0.010 0.010 0.010 0.010 0.140 0.011    0.006 0.003 0.003 0.003 0.003 0.023 0.003 0.006 0.006 0.006 0.006 0.026 0.006 0.003 0.003 0.003 0.023 0.003 0.003 0.003 0.023 0.003 0.003 0.023 0.003 0.023 0.003 0.023   -992548    0 
 5800:    1.00    0.100    0.010 0.030 0.010 0.010 0.010 0.010 0.138 0.011    0.006 0.003 0.003 0.003 0.003 0.022 0.003 0.006 0.006 0.006 0.006 0.026 0.006 0.003 0.003 0.003 0.022 0.003 0.003 0.003 0.022 0.003 0.003 0.022 0.003 0.022 0.003 0.022   -992113    0 
 5900:    1.00    0.095    0.010 0.033 0.010 0.010 0.010 0.010 0.138 0.011    0.007 0.003 0.003 0.003 0.003 0.023 0.003 0.007 0.007 0.007 0.007 0.027 0.007 0.003 0.003 0.003 0.023 0.003 0.003 0.003 0.023 0.003 0.003 0.023 0.003 0.023 0.003 0.023   -991617    0 
 6000:    1.00    0.095    0.010 0.035 0.010 0.010 0.010 0.010 0.137 0.011    0.007 0.003 0.003 0.003 0.003 0.022 0.003 0.007 0.007 0.007 0.007 0.026 0.007 0.003 0.003 0.003 0.022 0.003 0.003 0.003 0.022 0.003 0.003 0.022 0.003 0.022 0.003 0.022   -991352    0 

MCMC completed

Inferred ancestry of individuals:
        Label (%Miss) Pop:  Inferred clusters
  1 18160D-09-0    (2)    1 :  0.090 0.028 0.108 0.088 0.194 0.207 0.071 0.213 
  2 18160D-09-0    (4)    1 :  0.073 0.029 0.109 0.419 0.060 0.114 0.078 0.118 
  3 18160D-09-0    (2)    1 :  0.024 0.010 0.027 0.040 0.011 0.101 0.753 0.035 
  4 18160D-09-0    (5)    1 :  0.013 0.009 0.054 0.015 0.008 0.016 0.872 0.013 
  5 18160D-09-0    (4)    1 :  0.011 0.022 0.048 0.010 0.016 0.017 0.839 0.037 
  6 18160D-09-0    (4)    1 :  0.003 0.007 0.049 0.023 0.010 0.018 0.870 0.019 
  7 18160D-09-0    (2)    1 :  0.008 0.018 0.027 0.019 0.015 0.035 0.862 0.017 
  8 18160D-09-0    (4)    1 :  0.155 0.060 0.287 0.028 0.160 0.116 0.011 0.184 
  9 18160D-09-0    (2)    1 :  0.138 0.600 0.084 0.022 0.057 0.037 0.009 0.055 
 10 18160D-09-1    (2)    1 :  0.030 0.868 0.016 0.020 0.039 0.015 0.008 0.004 
 11 18160D-09-1    (2)    1 :  0.039 0.776 0.031 0.036 0.036 0.029 0.017 0.037 
 12 18160D-09-1    (2)    1 :  0.190 0.544 0.031 0.051 0.077 0.049 0.019 0.039 
 13 18160D-09-1    (5)    1 :  0.090 0.012 0.120 0.180 0.260 0.074 0.116 0.149 
 14 18160D-09-1   (18)    1 :  0.180 0.046 0.096 0.226 0.187 0.109 0.075 0.081 
 15 18160D-09-1    (4)    1 :  0.272 0.023 0.082 0.065 0.096 0.354 0.043 0.064 
 16 18160D-09-1    (2)    1 :  0.024 0.848 0.029 0.026 0.037 0.017 0.009 0.010 
 17 18160D-09-1    (2)    1 :  0.210 0.029 0.029 0.315 0.026 0.013 0.081 0.297 
 18 18160D-09-1    (2)    1 :  0.112 0.075 0.009 0.019 0.064 0.088 0.014 0.619 
 19 18160D-09-1    (2)    1 :  0.132 0.042 0.022 0.402 0.133 0.095 0.020 0.155 
 20 18160D-09-2    (5)    1 :  0.050 0.040 0.299 0.066 0.209 0.131 0.017 0.188 
 21 18160D-09-2    (5)    1 :  0.343 0.031 0.072 0.147 0.056 0.147 0.069 0.135 
 22 18160D-09-2    (5)    1 :  0.058 0.037 0.019 0.025 0.758 0.029 0.016 0.058 
 23 18160D-09-2    (2)    1 :  0.349 0.056 0.053 0.075 0.023 0.323 0.043 0.078 

Command line arguments:   structure -D 912609 -K 8 -m mainparams -o k8/populations_k8_run1 
Input File:    populations.str
Output File:   k8/populations_k8_run1_f

Run parameters:
   23 individuals
   50160 loci
   8 populations assumed
   1000 Burn-in period
   5000 Reps
RANDOMIZE turned off

--------------------------------------------
Estimated Ln Prob of Data   = -78866921.1
Mean value of ln likelihood = -1009883.0
Variance of ln likelihood   = 155714076.2
Mean value of alpha         = 0.9211

Mean value of Fst_1         = 0.0098
Mean value of Fst_2         = 0.0142
Mean value of Fst_3         = 0.0099
Mean value of Fst_4         = 0.0101
Mean value of Fst_5         = 0.0099
Mean value of Fst_6         = 0.0099
Mean value of Fst_7         = 0.0577
Mean value of Fst_8         = 0.0104


--------------------------------------------
Proportion of membership of each pre-defined
 population in each of the 8 clusters

Given    Inferred Clusters                                          Number of
 Pop       1      2      3      4      5      6      7      8      Individuals

  1:     0.113  0.183  0.074  0.101  0.110  0.093  0.213  0.113       23
--------------------------------------------
Final results printed to file k8/populations_k8_run1_f

