

----------------------------------------------------
STRUCTURE by Pritchard, Stephens and Donnelly (2000)
     and Falush, Stephens and Pritchard (2003)
       Code by Pritchard, Falush and Hubisz
             Version 2.3.4 (Jul 2012)
----------------------------------------------------


Reading file "mainparams".
datafile is
populations.str
Reading file "extraparams".
Reading file "populations.str".


Data file "populations.str" (truncated) --

Ind:   Label Pop : Genotype_data . . . .
  1: 18160D-09-0    1  :  4   1   3   1   4   1   3  . . . .   2
  1: 18160D-09-0    1  :  4   1   3   1   4   4   4  . . . .   4
  2: 18160D-09-0    1  :  4   1   3   1   4   1   3  . . . .   2
  2: 18160D-09-0    1  :  4   1   3   1   4   4   3  . . . .   4
  3: 18160D-09-0    1  :  4   1   0   0   0   0   3  . . . .   2
  3: 18160D-09-0    1  :  4   3   0   0   0   0   3  . . . .   4
  4: 18160D-09-0    1  :  4   1   3   1   4   1   3  . . . .   2
  4: 18160D-09-0    1  :  4   3   3   1   4   1   3  . . . .   4

      *******   

 22: 18160D-09-2    1  :  4   1   3   1   4   1   3  . . . .   2
 22: 18160D-09-2    1  :  4   3   3   1   4   1   4  . . . .   4
 23: 18160D-09-2    1  :  4   1   3   1   4   1   3  . . . .   2
 23: 18160D-09-2    1  :  4   1   3   1   4   4   4  . . . .   4

Number of alleles per locus: min= 2; ave=2.0; max= 2


--------------------------------------

Finished initialization; starting MCMC 
5000 iterations + 1000 burnin


--------------------------------------------
Proportion of membership of each pre-defined
 population in each of the 8 clusters

Given    Inferred Clusters                                          Number of
 Pop       1      2      3      4      5      6      7      8      Individuals

  1:     0.129  0.121  0.125  0.133  0.119  0.120  0.133  0.119       23
--------------------------------------------

 Rep#:   Lambda   Alpha      F1    F2    F3    F4    F5    F6    F7    F8     D1,2  D1,3  D1,4  D1,5  D1,6  D1,7  D1,8  D2,3  D2,4  D2,5  D2,6  D2,7  D2,8  D3,4  D3,5  D3,6  D3,7  D3,8  D4,5  D4,6  D4,7  D4,8  D5,6  D5,7  D5,8  D6,7  D6,8  D7,8    Ln Like 
  100:    1.00    1.875    0.010 0.010 0.010 0.010 0.010 0.010 0.010 0.010    0.003 0.003 0.003 0.003 0.003 0.003 0.003 0.003 0.003 0.003 0.003 0.003 0.003 0.003 0.003 0.003 0.003 0.003 0.003 0.003 0.003 0.003 0.003 0.003 0.003 0.003 0.003 0.003   --  
  200:    1.00    2.514    0.010 0.010 0.010 0.010 0.010 0.010 0.010 0.010    0.003 0.003 0.003 0.003 0.003 0.003 0.003 0.003 0.003 0.003 0.003 0.003 0.003 0.003 0.003 0.003 0.003 0.003 0.003 0.003 0.003 0.003 0.003 0.003 0.003 0.003 0.003 0.003   --  
  300:    1.00    3.387    0.010 0.010 0.010 0.010 0.010 0.010 0.010 0.010    0.003 0.003 0.003 0.003 0.003 0.003 0.003 0.003 0.003 0.003 0.003 0.003 0.003 0.003 0.003 0.003 0.003 0.003 0.003 0.003 0.003 0.003 0.003 0.003 0.003 0.003 0.003 0.003   --  
  400:    1.00    3.938    0.010 0.010 0.010 0.010 0.010 0.010 0.010 0.010    0.003 0.003 0.003 0.003 0.003 0.003 0.003 0.003 0.003 0.003 0.003 0.003 0.003 0.003 0.003 0.003 0.003 0.003 0.003 0.003 0.003 0.003 0.003 0.003 0.003 0.003 0.003 0.003   --  
  500:    1.00    4.157    0.010 0.010 0.010 0.010 0.010 0.010 0.010 0.010    0.003 0.003 0.003 0.003 0.003 0.003 0.003 0.003 0.003 0.003 0.003 0.003 0.003 0.003 0.003 0.003 0.003 0.003 0.003 0.003 0.003 0.003 0.003 0.003 0.003 0.003 0.003 0.003   --  
  600:    1.00    4.151    0.010 0.010 0.010 0.010 0.010 0.010 0.010 0.010    0.003 0.003 0.003 0.003 0.003 0.003 0.003 0.003 0.003 0.003 0.003 0.003 0.003 0.003 0.003 0.003 0.003 0.003 0.003 0.003 0.003 0.003 0.003 0.003 0.003 0.003 0.003 0.003   --  
  700:    1.00    4.600    0.010 0.010 0.010 0.010 0.010 0.010 0.010 0.010    0.003 0.003 0.003 0.003 0.003 0.003 0.003 0.003 0.003 0.003 0.003 0.003 0.003 0.003 0.003 0.003 0.003 0.003 0.003 0.003 0.003 0.003 0.003 0.003 0.003 0.003 0.003 0.003   --  
  800:    1.00    4.678    0.010 0.010 0.010 0.010 0.010 0.010 0.010 0.010    0.003 0.003 0.003 0.003 0.003 0.003 0.003 0.003 0.003 0.003 0.003 0.003 0.003 0.003 0.003 0.003 0.003 0.003 0.003 0.003 0.003 0.003 0.003 0.003 0.003 0.003 0.003 0.003   --  
  900:    1.00    4.755    0.010 0.010 0.010 0.010 0.010 0.010 0.010 0.010    0.003 0.003 0.003 0.003 0.003 0.003 0.003 0.003 0.003 0.003 0.003 0.003 0.003 0.003 0.003 0.003 0.003 0.003 0.003 0.003 0.003 0.003 0.003 0.003 0.003 0.003 0.003 0.003   --  
 1000:    1.00    4.462    0.010 0.010 0.010 0.010 0.010 0.010 0.010 0.010    0.003 0.003 0.003 0.003 0.003 0.003 0.003 0.003 0.003 0.003 0.003 0.003 0.003 0.003 0.003 0.003 0.003 0.003 0.003 0.003 0.003 0.003 0.003 0.003 0.003 0.003 0.003 0.003   --  

BURNIN completed
 Rep#:   Lambda   Alpha      F1    F2    F3    F4    F5    F6    F7    F8     D1,2  D1,3  D1,4  D1,5  D1,6  D1,7  D1,8  D2,3  D2,4  D2,5  D2,6  D2,7  D2,8  D3,4  D3,5  D3,6  D3,7  D3,8  D4,5  D4,6  D4,7  D4,8  D5,6  D5,7  D5,8  D6,7  D6,8  D7,8    Ln Like  Est Ln P(D)
 1100:    1.00    4.897    0.010 0.010 0.010 0.010 0.010 0.010 0.010 0.010    0.003 0.003 0.003 0.003 0.003 0.003 0.003 0.003 0.003 0.003 0.003 0.003 0.003 0.003 0.003 0.003 0.003 0.003 0.003 0.003 0.003 0.003 0.003 0.003 0.003 0.003 0.003 0.003   -1026126    0 
 1200:    1.00    5.114    0.010 0.010 0.010 0.010 0.010 0.010 0.010 0.010    0.003 0.003 0.003 0.003 0.003 0.003 0.003 0.003 0.003 0.003 0.003 0.003 0.003 0.003 0.003 0.003 0.003 0.003 0.003 0.003 0.003 0.003 0.003 0.003 0.003 0.003 0.003 0.003   -1026183    0 
 1300:    1.00    5.234    0.010 0.010 0.010 0.010 0.010 0.010 0.010 0.010    0.003 0.003 0.003 0.003 0.003 0.003 0.003 0.003 0.003 0.003 0.003 0.003 0.003 0.003 0.003 0.003 0.003 0.003 0.003 0.003 0.003 0.003 0.003 0.003 0.003 0.003 0.003 0.003   -1026171    0 
 1400:    1.00    5.271    0.010 0.010 0.010 0.010 0.010 0.010 0.010 0.010    0.003 0.003 0.003 0.003 0.003 0.003 0.003 0.003 0.003 0.003 0.003 0.003 0.003 0.003 0.003 0.003 0.003 0.003 0.003 0.003 0.003 0.003 0.003 0.003 0.003 0.003 0.003 0.003   -1025896    0 
 1500:    1.00    4.957    0.010 0.010 0.010 0.010 0.010 0.010 0.010 0.010    0.003 0.003 0.003 0.003 0.003 0.003 0.003 0.003 0.003 0.003 0.003 0.003 0.003 0.003 0.003 0.003 0.003 0.003 0.003 0.003 0.003 0.003 0.003 0.003 0.003 0.003 0.003 0.003   -1026018    0 
 1600:    1.00    4.433    0.010 0.010 0.010 0.010 0.010 0.010 0.010 0.010    0.003 0.003 0.003 0.003 0.003 0.003 0.003 0.003 0.003 0.003 0.003 0.003 0.003 0.003 0.003 0.003 0.003 0.003 0.003 0.003 0.003 0.003 0.003 0.003 0.003 0.003 0.003 0.003   -1025771    0 
 1700:    1.00    4.067    0.010 0.010 0.010 0.010 0.010 0.010 0.010 0.010    0.003 0.003 0.003 0.003 0.003 0.003 0.003 0.003 0.003 0.003 0.003 0.003 0.003 0.003 0.003 0.003 0.003 0.003 0.003 0.003 0.003 0.003 0.003 0.003 0.003 0.003 0.003 0.003   -1025633    0 
 1800:    1.00    3.360    0.010 0.010 0.010 0.010 0.010 0.010 0.010 0.010    0.003 0.003 0.003 0.003 0.003 0.003 0.003 0.003 0.003 0.003 0.003 0.003 0.003 0.003 0.003 0.003 0.003 0.003 0.003 0.003 0.003 0.003 0.003 0.003 0.003 0.003 0.003 0.003   -1025212    0 
 1900:    1.00    3.236    0.010 0.010 0.010 0.010 0.010 0.010 0.010 0.010    0.003 0.003 0.003 0.003 0.003 0.003 0.003 0.003 0.003 0.003 0.003 0.003 0.003 0.003 0.003 0.003 0.003 0.003 0.003 0.003 0.003 0.003 0.003 0.003 0.003 0.003 0.003 0.003   -1025509    0 

--------------------------------------------
Proportion of membership of each pre-defined
 population in each of the 8 clusters

Given    Inferred Clusters                                          Number of
 Pop       1      2      3      4      5      6      7      8      Individuals

  1:     0.118  0.117  0.111  0.155  0.122  0.127  0.106  0.143       23
--------------------------------------------

 Rep#:   Lambda   Alpha      F1    F2    F3    F4    F5    F6    F7    F8     D1,2  D1,3  D1,4  D1,5  D1,6  D1,7  D1,8  D2,3  D2,4  D2,5  D2,6  D2,7  D2,8  D3,4  D3,5  D3,6  D3,7  D3,8  D4,5  D4,6  D4,7  D4,8  D5,6  D5,7  D5,8  D6,7  D6,8  D7,8    Ln Like  Est Ln P(D)
 2000:    1.00    3.124    0.010 0.010 0.010 0.010 0.010 0.010 0.010 0.010    0.003 0.003 0.003 0.003 0.003 0.003 0.003 0.003 0.003 0.003 0.003 0.003 0.003 0.003 0.003 0.003 0.003 0.003 0.003 0.003 0.003 0.003 0.003 0.003 0.003 0.003 0.003 0.003   -1025339    0 
 2100:    1.00    2.981    0.010 0.010 0.010 0.010 0.010 0.010 0.010 0.010    0.003 0.003 0.003 0.003 0.003 0.003 0.003 0.003 0.003 0.003 0.003 0.003 0.003 0.003 0.003 0.003 0.003 0.003 0.003 0.003 0.003 0.003 0.003 0.003 0.003 0.003 0.003 0.003   -1024687    0 
 2200:    1.00    2.515    0.010 0.010 0.010 0.010 0.010 0.010 0.010 0.010    0.003 0.003 0.003 0.003 0.003 0.003 0.003 0.003 0.003 0.003 0.003 0.003 0.003 0.003 0.003 0.003 0.003 0.003 0.003 0.003 0.003 0.003 0.003 0.003 0.003 0.003 0.003 0.003   -1024238    0 
 2300:    1.00    1.798    0.010 0.010 0.010 0.011 0.010 0.010 0.010 0.010    0.003 0.003 0.003 0.003 0.003 0.003 0.003 0.003 0.003 0.003 0.003 0.003 0.003 0.003 0.003 0.003 0.003 0.003 0.003 0.003 0.003 0.003 0.003 0.003 0.003 0.003 0.003 0.003   -1024411    0 
 2400:    1.00    1.741    0.010 0.010 0.010 0.011 0.010 0.010 0.010 0.010    0.003 0.003 0.003 0.003 0.003 0.003 0.003 0.003 0.003 0.003 0.003 0.003 0.003 0.003 0.003 0.003 0.003 0.003 0.003 0.003 0.003 0.003 0.003 0.003 0.003 0.003 0.003 0.003   -1023652    0 
 2500:    1.00    1.249    0.010 0.010 0.010 0.011 0.010 0.010 0.010 0.010    0.003 0.003 0.003 0.003 0.003 0.003 0.003 0.003 0.003 0.003 0.003 0.003 0.003 0.003 0.003 0.003 0.003 0.003 0.003 0.003 0.003 0.003 0.003 0.003 0.003 0.003 0.003 0.003   -1023335    0 
 2600:    1.00    1.094    0.010 0.010 0.010 0.011 0.010 0.010 0.010 0.010    0.003 0.003 0.003 0.003 0.003 0.003 0.003 0.003 0.003 0.003 0.003 0.003 0.003 0.003 0.003 0.003 0.003 0.003 0.003 0.003 0.003 0.003 0.003 0.003 0.003 0.003 0.003 0.003   -1022791    0 
 2700:    1.00    0.827    0.010 0.010 0.010 0.011 0.010 0.010 0.010 0.010    0.003 0.003 0.003 0.003 0.003 0.003 0.003 0.003 0.003 0.003 0.003 0.003 0.003 0.003 0.003 0.003 0.003 0.003 0.003 0.003 0.003 0.003 0.003 0.003 0.003 0.003 0.003 0.003   -1022625    0 
 2800:    1.00    0.720    0.010 0.010 0.010 0.011 0.010 0.010 0.010 0.010    0.003 0.003 0.003 0.003 0.003 0.003 0.003 0.003 0.003 0.003 0.003 0.003 0.003 0.003 0.003 0.003 0.003 0.003 0.003 0.003 0.003 0.003 0.003 0.003 0.003 0.003 0.003 0.003   -1021946    0 
 2900:    1.00    0.602    0.010 0.010 0.010 0.011 0.010 0.010 0.010 0.010    0.003 0.003 0.003 0.003 0.003 0.003 0.003 0.003 0.003 0.003 0.003 0.003 0.003 0.003 0.003 0.003 0.003 0.003 0.003 0.003 0.003 0.003 0.003 0.003 0.003 0.003 0.003 0.003   -1021647    0 

--------------------------------------------
Proportion of membership of each pre-defined
 population in each of the 8 clusters

Given    Inferred Clusters                                          Number of
 Pop       1      2      3      4      5      6      7      8      Individuals

  1:     0.124  0.119  0.106  0.192  0.087  0.090  0.080  0.203       23
--------------------------------------------

 Rep#:   Lambda   Alpha      F1    F2    F3    F4    F5    F6    F7    F8     D1,2  D1,3  D1,4  D1,5  D1,6  D1,7  D1,8  D2,3  D2,4  D2,5  D2,6  D2,7  D2,8  D3,4  D3,5  D3,6  D3,7  D3,8  D4,5  D4,6  D4,7  D4,8  D5,6  D5,7  D5,8  D6,7  D6,8  D7,8    Ln Like  Est Ln P(D)
 3000:    1.00    0.514    0.010 0.010 0.010 0.012 0.010 0.010 0.010 0.010    0.003 0.003 0.003 0.003 0.003 0.003 0.003 0.003 0.003 0.003 0.003 0.003 0.003 0.003 0.003 0.003 0.003 0.003 0.003 0.003 0.003 0.003 0.003 0.003 0.003 0.003 0.003 0.003   -1020422    0 
 3100:    1.00    0.542    0.010 0.010 0.010 0.012 0.010 0.010 0.010 0.010    0.003 0.003 0.003 0.003 0.003 0.003 0.003 0.003 0.003 0.003 0.003 0.003 0.003 0.003 0.003 0.003 0.003 0.003 0.003 0.003 0.003 0.003 0.003 0.003 0.003 0.003 0.003 0.003   -1020098    0 
 3200:    1.00    0.413    0.010 0.010 0.010 0.012 0.010 0.010 0.010 0.010    0.003 0.003 0.003 0.003 0.003 0.003 0.003 0.003 0.003 0.003 0.003 0.003 0.003 0.003 0.003 0.003 0.003 0.003 0.003 0.003 0.003 0.003 0.003 0.003 0.003 0.003 0.003 0.003   -1019723    0 
 3300:    1.00    0.461    0.010 0.010 0.010 0.013 0.010 0.010 0.010 0.010    0.003 0.003 0.004 0.003 0.003 0.003 0.003 0.003 0.004 0.003 0.003 0.003 0.003 0.004 0.003 0.003 0.003 0.003 0.004 0.004 0.004 0.004 0.003 0.003 0.003 0.003 0.003 0.003   -1019160    0 
 3400:    1.00    0.424    0.010 0.010 0.010 0.015 0.010 0.010 0.010 0.010    0.003 0.003 0.004 0.003 0.003 0.003 0.003 0.003 0.004 0.003 0.003 0.003 0.003 0.004 0.003 0.003 0.003 0.003 0.004 0.004 0.004 0.004 0.003 0.003 0.003 0.003 0.003 0.003   -1017595    0 
 3500:    1.00    0.380    0.010 0.010 0.010 0.016 0.010 0.010 0.010 0.010    0.003 0.003 0.004 0.003 0.003 0.003 0.003 0.003 0.004 0.003 0.003 0.003 0.003 0.004 0.003 0.003 0.003 0.003 0.004 0.004 0.004 0.004 0.003 0.003 0.003 0.003 0.003 0.003   -1016927    0 
 3600:    1.00    0.337    0.010 0.010 0.010 0.017 0.010 0.010 0.010 0.011    0.003 0.003 0.004 0.003 0.003 0.003 0.003 0.003 0.004 0.003 0.003 0.003 0.003 0.004 0.003 0.003 0.003 0.003 0.004 0.004 0.004 0.005 0.003 0.003 0.003 0.003 0.003 0.003   -1016118    0 
 3700:    1.00    0.317    0.010 0.010 0.010 0.018 0.010 0.010 0.010 0.012    0.003 0.003 0.004 0.003 0.003 0.003 0.003 0.003 0.004 0.003 0.003 0.003 0.003 0.004 0.003 0.003 0.003 0.003 0.004 0.004 0.004 0.005 0.003 0.003 0.003 0.003 0.003 0.003   -1015229    0 
 3800:    1.00    0.244    0.010 0.010 0.010 0.019 0.010 0.010 0.010 0.012    0.003 0.003 0.005 0.003 0.003 0.003 0.003 0.003 0.005 0.003 0.003 0.003 0.003 0.005 0.003 0.003 0.003 0.003 0.005 0.005 0.005 0.005 0.003 0.003 0.003 0.003 0.003 0.003   -1014720    0 
 3900:    1.00    0.239    0.010 0.010 0.010 0.019 0.010 0.010 0.010 0.015    0.003 0.003 0.004 0.003 0.003 0.003 0.004 0.003 0.004 0.003 0.003 0.003 0.004 0.005 0.003 0.003 0.003 0.004 0.004 0.005 0.005 0.006 0.003 0.003 0.004 0.003 0.004 0.004   -1012758    0 

--------------------------------------------
Proportion of membership of each pre-defined
 population in each of the 8 clusters

Given    Inferred Clusters                                          Number of
 Pop       1      2      3      4      5      6      7      8      Individuals

  1:     0.130  0.104  0.118  0.212  0.054  0.062  0.082  0.238       23
--------------------------------------------

 Rep#:   Lambda   Alpha      F1    F2    F3    F4    F5    F6    F7    F8     D1,2  D1,3  D1,4  D1,5  D1,6  D1,7  D1,8  D2,3  D2,4  D2,5  D2,6  D2,7  D2,8  D3,4  D3,5  D3,6  D3,7  D3,8  D4,5  D4,6  D4,7  D4,8  D5,6  D5,7  D5,8  D6,7  D6,8  D7,8    Ln Like  Est Ln P(D)
 4000:    1.00    0.259    0.010 0.010 0.010 0.021 0.010 0.010 0.010 0.017    0.003 0.003 0.005 0.003 0.003 0.003 0.004 0.003 0.005 0.003 0.003 0.003 0.004 0.005 0.003 0.003 0.003 0.004 0.005 0.005 0.005 0.006 0.003 0.003 0.004 0.003 0.004 0.004   -1011713    0 
 4100:    1.00    0.162    0.010 0.010 0.010 0.024 0.010 0.010 0.010 0.020    0.003 0.003 0.005 0.003 0.003 0.003 0.005 0.003 0.005 0.003 0.003 0.003 0.005 0.005 0.003 0.003 0.003 0.005 0.005 0.005 0.005 0.007 0.003 0.003 0.005 0.003 0.005 0.005   -1009661    0 
 4200:    1.00    0.168    0.010 0.010 0.010 0.025 0.010 0.010 0.010 0.025    0.003 0.003 0.005 0.003 0.003 0.003 0.006 0.003 0.005 0.003 0.003 0.003 0.006 0.006 0.003 0.003 0.003 0.006 0.006 0.006 0.006 0.008 0.003 0.003 0.006 0.003 0.006 0.006   -1007992    0 
 4300:    1.00    0.150    0.010 0.010 0.010 0.030 0.010 0.010 0.010 0.028    0.003 0.003 0.006 0.003 0.003 0.003 0.006 0.003 0.006 0.003 0.003 0.003 0.006 0.006 0.003 0.003 0.003 0.006 0.006 0.006 0.006 0.010 0.003 0.003 0.006 0.003 0.006 0.006   -1005369    0 
 4400:    1.00    0.161    0.010 0.010 0.010 0.032 0.010 0.010 0.010 0.047    0.003 0.003 0.007 0.003 0.003 0.003 0.009 0.003 0.007 0.003 0.003 0.003 0.009 0.007 0.003 0.003 0.003 0.009 0.007 0.007 0.007 0.013 0.003 0.003 0.009 0.003 0.009 0.009   -1001241    0 
 4500:    1.00    0.180    0.010 0.010 0.010 0.035 0.010 0.010 0.010 0.069    0.003 0.003 0.007 0.003 0.003 0.003 0.012 0.003 0.007 0.003 0.003 0.003 0.012 0.007 0.003 0.003 0.003 0.013 0.007 0.007 0.007 0.017 0.003 0.003 0.012 0.003 0.013 0.013   -997119    0 
 4600:    1.00    0.134    0.010 0.010 0.010 0.037 0.010 0.010 0.010 0.085    0.003 0.003 0.007 0.003 0.003 0.003 0.015 0.003 0.007 0.003 0.003 0.003 0.015 0.008 0.003 0.003 0.003 0.015 0.007 0.007 0.007 0.019 0.003 0.003 0.015 0.003 0.015 0.015   -994997    0 
 4700:    1.00    0.144    0.010 0.010 0.010 0.039 0.010 0.010 0.010 0.104    0.003 0.003 0.008 0.003 0.003 0.003 0.017 0.003 0.008 0.003 0.003 0.003 0.017 0.008 0.003 0.003 0.003 0.017 0.008 0.008 0.008 0.022 0.003 0.003 0.017 0.003 0.017 0.017   -993233    0 
 4800:    1.00    0.139    0.010 0.010 0.010 0.042 0.010 0.010 0.010 0.106    0.003 0.003 0.008 0.003 0.003 0.003 0.018 0.003 0.008 0.003 0.003 0.003 0.018 0.008 0.003 0.003 0.003 0.018 0.008 0.008 0.008 0.023 0.003 0.003 0.018 0.003 0.018 0.018   -992479    0 
 4900:    1.00    0.131    0.010 0.010 0.010 0.045 0.010 0.010 0.010 0.110    0.003 0.003 0.009 0.003 0.003 0.003 0.018 0.003 0.009 0.003 0.003 0.003 0.018 0.009 0.003 0.003 0.003 0.018 0.009 0.009 0.009 0.024 0.003 0.003 0.018 0.003 0.018 0.018   -991896    0 

--------------------------------------------
Proportion of membership of each pre-defined
 population in each of the 8 clusters

Given    Inferred Clusters                                          Number of
 Pop       1      2      3      4      5      6      7      8      Individuals

  1:     0.133  0.104  0.146  0.199  0.046  0.064  0.087  0.220       23
--------------------------------------------

 Rep#:   Lambda   Alpha      F1    F2    F3    F4    F5    F6    F7    F8     D1,2  D1,3  D1,4  D1,5  D1,6  D1,7  D1,8  D2,3  D2,4  D2,5  D2,6  D2,7  D2,8  D3,4  D3,5  D3,6  D3,7  D3,8  D4,5  D4,6  D4,7  D4,8  D5,6  D5,7  D5,8  D6,7  D6,8  D7,8    Ln Like  Est Ln P(D)
 5000:    1.00    0.133    0.010 0.010 0.010 0.050 0.010 0.010 0.010 0.115    0.003 0.003 0.009 0.003 0.003 0.003 0.019 0.003 0.009 0.003 0.003 0.003 0.019 0.010 0.003 0.003 0.003 0.019 0.010 0.009 0.010 0.026 0.003 0.003 0.019 0.003 0.019 0.019   -990621    0 
 5100:    1.00    0.137    0.010 0.010 0.010 0.058 0.010 0.010 0.010 0.118    0.003 0.003 0.011 0.003 0.003 0.003 0.019 0.003 0.011 0.003 0.003 0.003 0.019 0.011 0.003 0.003 0.003 0.020 0.011 0.011 0.011 0.028 0.003 0.003 0.020 0.003 0.020 0.020   -989825    0 
 5200:    1.00    0.126    0.010 0.010 0.010 0.072 0.010 0.010 0.010 0.119    0.003 0.003 0.013 0.003 0.003 0.003 0.020 0.003 0.013 0.003 0.003 0.003 0.019 0.013 0.003 0.003 0.003 0.020 0.013 0.013 0.013 0.029 0.003 0.003 0.020 0.003 0.020 0.020   -988635    0 
 5300:    1.00    0.139    0.010 0.010 0.010 0.092 0.010 0.010 0.010 0.122    0.003 0.003 0.016 0.003 0.003 0.003 0.020 0.003 0.016 0.003 0.003 0.003 0.020 0.016 0.003 0.003 0.003 0.020 0.016 0.016 0.016 0.033 0.003 0.003 0.020 0.003 0.020 0.020   -986679    0 
 5400:    1.00    0.147    0.010 0.010 0.010 0.112 0.010 0.010 0.010 0.125    0.003 0.003 0.020 0.003 0.003 0.003 0.020 0.003 0.019 0.003 0.003 0.003 0.020 0.020 0.003 0.003 0.003 0.020 0.019 0.020 0.020 0.037 0.003 0.003 0.020 0.003 0.020 0.020   -985578    0 
 5500:    1.00    0.147    0.010 0.010 0.010 0.127 0.010 0.010 0.010 0.126    0.003 0.003 0.022 0.003 0.003 0.003 0.020 0.003 0.022 0.003 0.003 0.003 0.020 0.022 0.003 0.003 0.003 0.021 0.022 0.022 0.022 0.040 0.003 0.003 0.020 0.003 0.020 0.020   -985172    0 
 5600:    1.00    0.109    0.010 0.010 0.010 0.134 0.010 0.010 0.010 0.126    0.003 0.003 0.024 0.003 0.003 0.003 0.021 0.003 0.024 0.003 0.003 0.003 0.021 0.024 0.003 0.003 0.003 0.021 0.024 0.024 0.024 0.041 0.003 0.003 0.021 0.003 0.021 0.021   -984270    0 
 5700:    1.00    0.118    0.010 0.010 0.010 0.147 0.010 0.010 0.010 0.131    0.003 0.003 0.026 0.003 0.003 0.003 0.021 0.003 0.026 0.003 0.003 0.003 0.021 0.026 0.003 0.003 0.003 0.021 0.026 0.026 0.026 0.044 0.003 0.003 0.021 0.003 0.021 0.021   -983566    0 
 5800:    1.00    0.131    0.010 0.010 0.010 0.169 0.010 0.010 0.010 0.137    0.003 0.003 0.029 0.003 0.003 0.003 0.022 0.003 0.029 0.003 0.003 0.003 0.022 0.029 0.003 0.003 0.003 0.022 0.029 0.029 0.029 0.048 0.003 0.003 0.022 0.003 0.022 0.022   -981779    0 
 5900:    1.00    0.105    0.010 0.010 0.010 0.178 0.010 0.010 0.010 0.137    0.003 0.003 0.030 0.003 0.003 0.003 0.022 0.003 0.030 0.003 0.003 0.003 0.022 0.030 0.003 0.003 0.003 0.022 0.030 0.030 0.030 0.050 0.003 0.003 0.022 0.003 0.022 0.022   -981368    0 
 6000:    1.00    0.132    0.010 0.010 0.010 0.198 0.010 0.010 0.010 0.137    0.003 0.003 0.033 0.003 0.003 0.003 0.022 0.003 0.033 0.003 0.003 0.003 0.022 0.033 0.003 0.003 0.003 0.022 0.033 0.033 0.033 0.053 0.003 0.003 0.022 0.003 0.022 0.022   -980320    0 

MCMC completed

Inferred ancestry of individuals:
        Label (%Miss) Pop:  Inferred clusters
  1 18160D-09-0    (2)    1 :  0.074 0.178 0.083 0.042 0.160 0.091 0.303 0.070 
  2 18160D-09-0    (4)    1 :  0.200 0.281 0.041 0.035 0.084 0.047 0.232 0.080 
  3 18160D-09-0    (2)    1 :  0.034 0.038 0.053 0.010 0.129 0.137 0.056 0.543 
  4 18160D-09-0    (5)    1 :  0.023 0.037 0.036 0.014 0.089 0.067 0.019 0.716 
  5 18160D-09-0    (4)    1 :  0.029 0.023 0.036 0.010 0.072 0.077 0.022 0.731 
  6 18160D-09-0    (4)    1 :  0.023 0.028 0.032 0.014 0.103 0.085 0.026 0.688 
  7 18160D-09-0    (2)    1 :  0.028 0.014 0.025 0.013 0.056 0.092 0.042 0.730 
  8 18160D-09-0    (4)    1 :  0.174 0.149 0.112 0.032 0.032 0.099 0.283 0.120 
  9 18160D-09-0    (2)    1 :  0.046 0.017 0.039 0.573 0.132 0.054 0.120 0.020 
 10 18160D-09-1    (2)    1 :  0.028 0.027 0.036 0.872 0.008 0.013 0.009 0.007 
 11 18160D-09-1    (2)    1 :  0.079 0.021 0.084 0.623 0.049 0.035 0.083 0.026 
 12 18160D-09-1    (2)    1 :  0.059 0.041 0.054 0.487 0.039 0.044 0.248 0.028 
 13 18160D-09-1    (5)    1 :  0.148 0.209 0.089 0.030 0.084 0.254 0.091 0.094 
 14 18160D-09-1   (18)    1 :  0.301 0.150 0.263 0.030 0.078 0.028 0.094 0.058 
 15 18160D-09-1    (4)    1 :  0.347 0.145 0.029 0.031 0.087 0.194 0.142 0.025 
 16 18160D-09-1    (2)    1 :  0.018 0.041 0.034 0.831 0.024 0.015 0.019 0.018 
 17 18160D-09-1    (2)    1 :  0.171 0.231 0.080 0.083 0.075 0.218 0.056 0.085 
 18 18160D-09-1    (2)    1 :  0.056 0.147 0.572 0.052 0.050 0.058 0.034 0.031 
 19 18160D-09-1    (2)    1 :  0.428 0.109 0.066 0.032 0.158 0.052 0.071 0.083 
 20 18160D-09-2    (5)    1 :  0.245 0.352 0.019 0.055 0.045 0.115 0.133 0.037 
 21 18160D-09-2    (5)    1 :  0.212 0.101 0.107 0.102 0.135 0.081 0.073 0.188 
 22 18160D-09-2    (5)    1 :  0.159 0.100 0.578 0.025 0.041 0.047 0.026 0.023 
 23 18160D-09-2    (2)    1 :  0.105 0.105 0.435 0.024 0.081 0.078 0.088 0.084 

Command line arguments:   structure -D 286928 -K 8 -m mainparams -o k8/populations_k8_run3 
Input File:    populations.str
Output File:   k8/populations_k8_run3_f

Run parameters:
   23 individuals
   50160 loci
   8 populations assumed
   1000 Burn-in period
   5000 Reps
RANDOMIZE turned off

--------------------------------------------
Estimated Ln Prob of Data   = -127256268.8
Mean value of ln likelihood = -1010152.9
Variance of ln likelihood   = 252492231.8
Mean value of alpha         = 1.3370

Mean value of Fst_1         = 0.0099
Mean value of Fst_2         = 0.0097
Mean value of Fst_3         = 0.0103
Mean value of Fst_4         = 0.0381
Mean value of Fst_5         = 0.0101
Mean value of Fst_6         = 0.0101
Mean value of Fst_7         = 0.0100
Mean value of Fst_8         = 0.0449


--------------------------------------------
Proportion of membership of each pre-defined
 population in each of the 8 clusters

Given    Inferred Clusters                                          Number of
 Pop       1      2      3      4      5      6      7      8      Individuals

  1:     0.130  0.111  0.126  0.175  0.079  0.086  0.099  0.195       23
--------------------------------------------
Final results printed to file k8/populations_k8_run3_f

