

----------------------------------------------------
STRUCTURE by Pritchard, Stephens and Donnelly (2000)
     and Falush, Stephens and Pritchard (2003)
       Code by Pritchard, Falush and Hubisz
             Version 2.3.4 (Jul 2012)
----------------------------------------------------


Reading file "mainparams".
datafile is
populations.str
Reading file "extraparams".
Reading file "populations.str".


Data file "populations.str" (truncated) --

Ind:   Label Pop : Genotype_data . . . .
  1: 18160D-09-0    1  :  4   1   3   1   4   1   3  . . . .   2
  1: 18160D-09-0    1  :  4   1   3   1   4   4   4  . . . .   4
  2: 18160D-09-0    1  :  4   1   3   1   4   1   3  . . . .   2
  2: 18160D-09-0    1  :  4   1   3   1   4   4   3  . . . .   4
  3: 18160D-09-0    1  :  4   1   0   0   0   0   3  . . . .   2
  3: 18160D-09-0    1  :  4   3   0   0   0   0   3  . . . .   4
  4: 18160D-09-0    1  :  4   1   3   1   4   1   3  . . . .   2
  4: 18160D-09-0    1  :  4   3   3   1   4   1   3  . . . .   4

      *******   

 22: 18160D-09-2    1  :  4   1   3   1   4   1   3  . . . .   2
 22: 18160D-09-2    1  :  4   3   3   1   4   1   4  . . . .   4
 23: 18160D-09-2    1  :  4   1   3   1   4   1   3  . . . .   2
 23: 18160D-09-2    1  :  4   1   3   1   4   4   4  . . . .   4

Number of alleles per locus: min= 2; ave=2.0; max= 2


--------------------------------------

Finished initialization; starting MCMC 
5000 iterations + 1000 burnin


--------------------------------------------
Proportion of membership of each pre-defined
 population in each of the 8 clusters

Given    Inferred Clusters                                          Number of
 Pop       1      2      3      4      5      6      7      8      Individuals

  1:     0.126  0.120  0.125  0.128  0.126  0.122  0.127  0.126       23
--------------------------------------------

 Rep#:   Lambda   Alpha      F1    F2    F3    F4    F5    F6    F7    F8     D1,2  D1,3  D1,4  D1,5  D1,6  D1,7  D1,8  D2,3  D2,4  D2,5  D2,6  D2,7  D2,8  D3,4  D3,5  D3,6  D3,7  D3,8  D4,5  D4,6  D4,7  D4,8  D5,6  D5,7  D5,8  D6,7  D6,8  D7,8    Ln Like 
  100:    1.00    1.991    0.010 0.010 0.010 0.010 0.010 0.010 0.010 0.010    0.003 0.003 0.003 0.003 0.003 0.003 0.003 0.003 0.003 0.003 0.003 0.003 0.003 0.003 0.003 0.003 0.003 0.003 0.003 0.003 0.003 0.003 0.003 0.003 0.003 0.003 0.003 0.003   --  
  200:    1.00    2.788    0.010 0.010 0.010 0.010 0.010 0.010 0.010 0.010    0.003 0.003 0.003 0.003 0.003 0.003 0.003 0.003 0.003 0.003 0.003 0.003 0.003 0.003 0.003 0.003 0.003 0.003 0.003 0.003 0.003 0.003 0.003 0.003 0.003 0.003 0.003 0.003   --  
  300:    1.00    3.291    0.010 0.010 0.010 0.010 0.010 0.010 0.010 0.010    0.003 0.003 0.003 0.003 0.003 0.003 0.003 0.003 0.003 0.003 0.003 0.003 0.003 0.003 0.003 0.003 0.003 0.003 0.003 0.003 0.003 0.003 0.003 0.003 0.003 0.003 0.003 0.003   --  
  400:    1.00    3.297    0.010 0.010 0.010 0.010 0.010 0.010 0.010 0.010    0.003 0.003 0.003 0.003 0.003 0.003 0.003 0.003 0.003 0.003 0.003 0.003 0.003 0.003 0.003 0.003 0.003 0.003 0.003 0.003 0.003 0.003 0.003 0.003 0.003 0.003 0.003 0.003   --  
  500:    1.00    4.148    0.010 0.010 0.010 0.010 0.010 0.010 0.010 0.010    0.003 0.003 0.003 0.003 0.003 0.003 0.003 0.003 0.003 0.003 0.003 0.003 0.003 0.003 0.003 0.003 0.003 0.003 0.003 0.003 0.003 0.003 0.003 0.003 0.003 0.003 0.003 0.003   --  
  600:    1.00    4.593    0.010 0.010 0.010 0.010 0.010 0.010 0.010 0.010    0.003 0.003 0.003 0.003 0.003 0.003 0.003 0.003 0.003 0.003 0.003 0.003 0.003 0.003 0.003 0.003 0.003 0.003 0.003 0.003 0.003 0.003 0.003 0.003 0.003 0.003 0.003 0.003   --  
  700:    1.00    5.158    0.010 0.010 0.010 0.010 0.010 0.010 0.010 0.010    0.003 0.003 0.003 0.003 0.003 0.003 0.003 0.003 0.003 0.003 0.003 0.003 0.003 0.003 0.003 0.003 0.003 0.003 0.003 0.003 0.003 0.003 0.003 0.003 0.003 0.003 0.003 0.003   --  
  800:    1.00    5.197    0.010 0.010 0.010 0.010 0.010 0.010 0.010 0.010    0.003 0.003 0.003 0.003 0.003 0.003 0.003 0.003 0.003 0.003 0.003 0.003 0.003 0.003 0.003 0.003 0.003 0.003 0.003 0.003 0.003 0.003 0.003 0.003 0.003 0.003 0.003 0.003   --  
  900:    1.00    5.017    0.010 0.010 0.010 0.010 0.010 0.010 0.010 0.010    0.003 0.003 0.003 0.003 0.003 0.003 0.003 0.003 0.003 0.003 0.003 0.003 0.003 0.003 0.003 0.003 0.003 0.003 0.003 0.003 0.003 0.003 0.003 0.003 0.003 0.003 0.003 0.003   --  
 1000:    1.00    5.004    0.010 0.010 0.010 0.010 0.010 0.010 0.010 0.010    0.003 0.003 0.003 0.003 0.003 0.003 0.003 0.003 0.003 0.003 0.003 0.003 0.003 0.003 0.003 0.003 0.003 0.003 0.003 0.003 0.003 0.003 0.003 0.003 0.003 0.003 0.003 0.003   --  

BURNIN completed
 Rep#:   Lambda   Alpha      F1    F2    F3    F4    F5    F6    F7    F8     D1,2  D1,3  D1,4  D1,5  D1,6  D1,7  D1,8  D2,3  D2,4  D2,5  D2,6  D2,7  D2,8  D3,4  D3,5  D3,6  D3,7  D3,8  D4,5  D4,6  D4,7  D4,8  D5,6  D5,7  D5,8  D6,7  D6,8  D7,8    Ln Like  Est Ln P(D)
 1100:    1.00    5.074    0.010 0.010 0.010 0.010 0.010 0.010 0.010 0.010    0.003 0.003 0.003 0.003 0.003 0.003 0.003 0.003 0.003 0.003 0.003 0.003 0.003 0.003 0.003 0.003 0.003 0.003 0.003 0.003 0.003 0.003 0.003 0.003 0.003 0.003 0.003 0.003   -1026039    0 
 1200:    1.00    4.887    0.010 0.010 0.010 0.010 0.010 0.010 0.010 0.010    0.003 0.003 0.003 0.003 0.003 0.003 0.003 0.003 0.003 0.003 0.003 0.003 0.003 0.003 0.003 0.003 0.003 0.003 0.003 0.003 0.003 0.003 0.003 0.003 0.003 0.003 0.003 0.003   -1025983    0 
 1300:    1.00    4.744    0.010 0.010 0.010 0.010 0.010 0.010 0.010 0.010    0.003 0.003 0.003 0.003 0.003 0.003 0.003 0.003 0.003 0.003 0.003 0.003 0.003 0.003 0.003 0.003 0.003 0.003 0.003 0.003 0.003 0.003 0.003 0.003 0.003 0.003 0.003 0.003   -1025698    0 
 1400:    1.00    4.541    0.010 0.010 0.010 0.010 0.010 0.010 0.010 0.010    0.003 0.003 0.003 0.003 0.003 0.003 0.003 0.003 0.003 0.003 0.003 0.003 0.003 0.003 0.003 0.003 0.003 0.003 0.003 0.003 0.003 0.003 0.003 0.003 0.003 0.003 0.003 0.003   -1025615    0 
 1500:    1.00    3.964    0.010 0.010 0.010 0.010 0.010 0.010 0.010 0.010    0.003 0.003 0.003 0.003 0.003 0.003 0.003 0.003 0.003 0.003 0.003 0.003 0.003 0.003 0.003 0.003 0.003 0.003 0.003 0.003 0.003 0.003 0.003 0.003 0.003 0.003 0.003 0.003   -1025202    0 
 1600:    1.00    3.504    0.010 0.010 0.010 0.010 0.010 0.010 0.010 0.010    0.003 0.003 0.003 0.003 0.003 0.003 0.003 0.003 0.003 0.003 0.003 0.003 0.003 0.003 0.003 0.003 0.003 0.003 0.003 0.003 0.003 0.003 0.003 0.003 0.003 0.003 0.003 0.003   -1025036    0 
 1700:    1.00    3.687    0.011 0.010 0.010 0.010 0.010 0.010 0.010 0.010    0.003 0.003 0.003 0.003 0.003 0.003 0.003 0.003 0.003 0.003 0.003 0.003 0.003 0.003 0.003 0.003 0.003 0.003 0.003 0.003 0.003 0.003 0.003 0.003 0.003 0.003 0.003 0.003   -1025121    0 
 1800:    1.00    2.914    0.011 0.010 0.010 0.010 0.010 0.011 0.010 0.010    0.003 0.003 0.003 0.003 0.003 0.003 0.003 0.003 0.003 0.003 0.003 0.003 0.003 0.003 0.003 0.003 0.003 0.003 0.003 0.003 0.003 0.003 0.003 0.003 0.003 0.003 0.003 0.003   -1024546    0 
 1900:    1.00    2.724    0.011 0.010 0.010 0.010 0.010 0.011 0.010 0.010    0.003 0.003 0.003 0.003 0.003 0.003 0.003 0.003 0.003 0.003 0.003 0.003 0.003 0.003 0.003 0.003 0.003 0.003 0.003 0.003 0.003 0.003 0.003 0.003 0.003 0.003 0.003 0.003   -1024133    0 

--------------------------------------------
Proportion of membership of each pre-defined
 population in each of the 8 clusters

Given    Inferred Clusters                                          Number of
 Pop       1      2      3      4      5      6      7      8      Individuals

  1:     0.096  0.150  0.112  0.130  0.132  0.158  0.113  0.110       23
--------------------------------------------

 Rep#:   Lambda   Alpha      F1    F2    F3    F4    F5    F6    F7    F8     D1,2  D1,3  D1,4  D1,5  D1,6  D1,7  D1,8  D2,3  D2,4  D2,5  D2,6  D2,7  D2,8  D3,4  D3,5  D3,6  D3,7  D3,8  D4,5  D4,6  D4,7  D4,8  D5,6  D5,7  D5,8  D6,7  D6,8  D7,8    Ln Like  Est Ln P(D)
 2000:    1.00    2.396    0.011 0.010 0.010 0.010 0.010 0.011 0.010 0.010    0.003 0.003 0.003 0.003 0.003 0.003 0.003 0.003 0.003 0.003 0.003 0.003 0.003 0.003 0.003 0.003 0.003 0.003 0.003 0.003 0.003 0.003 0.003 0.003 0.003 0.003 0.003 0.003   -1023978    0 
 2100:    1.00    1.703    0.011 0.010 0.010 0.010 0.010 0.011 0.010 0.010    0.003 0.003 0.003 0.003 0.003 0.003 0.003 0.003 0.003 0.003 0.003 0.003 0.003 0.003 0.003 0.003 0.003 0.003 0.003 0.003 0.003 0.003 0.003 0.003 0.003 0.003 0.003 0.003   -1023284    0 
 2200:    1.00    1.426    0.011 0.010 0.010 0.010 0.010 0.011 0.010 0.010    0.003 0.003 0.003 0.003 0.003 0.003 0.003 0.003 0.003 0.003 0.003 0.003 0.003 0.003 0.003 0.003 0.003 0.003 0.003 0.003 0.003 0.003 0.003 0.003 0.003 0.003 0.003 0.003   -1023369    0 
 2300:    1.00    1.144    0.011 0.010 0.010 0.011 0.010 0.011 0.010 0.010    0.003 0.003 0.003 0.003 0.003 0.003 0.003 0.003 0.003 0.003 0.003 0.003 0.003 0.003 0.003 0.003 0.003 0.003 0.003 0.003 0.003 0.003 0.003 0.003 0.003 0.003 0.003 0.003   -1022607    0 
 2400:    1.00    0.872    0.011 0.010 0.010 0.011 0.010 0.011 0.010 0.010    0.003 0.003 0.003 0.003 0.003 0.003 0.003 0.003 0.003 0.003 0.003 0.003 0.003 0.003 0.003 0.003 0.003 0.003 0.003 0.003 0.003 0.003 0.003 0.003 0.003 0.003 0.003 0.003   -1022630    0 
 2500:    1.00    0.785    0.011 0.010 0.010 0.011 0.010 0.012 0.010 0.010    0.003 0.003 0.003 0.003 0.003 0.003 0.003 0.003 0.003 0.003 0.003 0.003 0.003 0.003 0.003 0.003 0.003 0.003 0.003 0.003 0.003 0.003 0.003 0.003 0.003 0.003 0.003 0.003   -1021958    0 
 2600:    1.00    0.605    0.011 0.010 0.010 0.011 0.010 0.012 0.010 0.010    0.003 0.003 0.003 0.003 0.003 0.003 0.003 0.003 0.003 0.003 0.003 0.003 0.003 0.003 0.003 0.003 0.003 0.003 0.003 0.004 0.003 0.003 0.003 0.003 0.003 0.003 0.003 0.003   -1021195    0 
 2700:    1.00    0.640    0.011 0.010 0.010 0.011 0.010 0.012 0.010 0.010    0.003 0.003 0.003 0.003 0.004 0.003 0.003 0.003 0.003 0.003 0.004 0.003 0.003 0.003 0.003 0.003 0.003 0.003 0.003 0.004 0.003 0.003 0.003 0.003 0.003 0.003 0.003 0.003   -1020914    0 
 2800:    1.00    0.425    0.011 0.010 0.010 0.011 0.010 0.013 0.010 0.010    0.003 0.003 0.003 0.003 0.004 0.003 0.003 0.003 0.003 0.003 0.004 0.003 0.003 0.003 0.003 0.004 0.003 0.003 0.003 0.004 0.003 0.003 0.004 0.003 0.003 0.004 0.004 0.003   -1019944    0 
 2900:    1.00    0.444    0.011 0.010 0.010 0.011 0.010 0.013 0.010 0.010    0.003 0.003 0.003 0.003 0.004 0.003 0.003 0.003 0.003 0.003 0.004 0.003 0.003 0.003 0.003 0.004 0.003 0.003 0.003 0.004 0.003 0.003 0.004 0.003 0.003 0.003 0.004 0.003   -1019336    0 

--------------------------------------------
Proportion of membership of each pre-defined
 population in each of the 8 clusters

Given    Inferred Clusters                                          Number of
 Pop       1      2      3      4      5      6      7      8      Individuals

  1:     0.065  0.142  0.099  0.176  0.096  0.199  0.104  0.120       23
--------------------------------------------

 Rep#:   Lambda   Alpha      F1    F2    F3    F4    F5    F6    F7    F8     D1,2  D1,3  D1,4  D1,5  D1,6  D1,7  D1,8  D2,3  D2,4  D2,5  D2,6  D2,7  D2,8  D3,4  D3,5  D3,6  D3,7  D3,8  D4,5  D4,6  D4,7  D4,8  D5,6  D5,7  D5,8  D6,7  D6,8  D7,8    Ln Like  Est Ln P(D)
 3000:    1.00    0.422    0.011 0.010 0.010 0.011 0.010 0.013 0.010 0.010    0.003 0.003 0.003 0.003 0.004 0.003 0.003 0.003 0.003 0.003 0.004 0.003 0.003 0.003 0.003 0.004 0.003 0.003 0.003 0.004 0.003 0.003 0.004 0.003 0.003 0.004 0.004 0.003   -1018941    0 
 3100:    1.00    0.353    0.011 0.010 0.010 0.011 0.010 0.013 0.010 0.010    0.003 0.003 0.003 0.003 0.004 0.003 0.003 0.003 0.003 0.003 0.004 0.003 0.003 0.003 0.003 0.004 0.003 0.003 0.003 0.004 0.003 0.003 0.004 0.003 0.003 0.004 0.004 0.003   -1018138    0 
 3200:    1.00    0.248    0.011 0.010 0.010 0.011 0.010 0.013 0.010 0.010    0.003 0.003 0.003 0.003 0.004 0.003 0.003 0.003 0.003 0.003 0.004 0.003 0.003 0.003 0.003 0.004 0.003 0.003 0.003 0.004 0.003 0.003 0.004 0.003 0.003 0.004 0.004 0.003   -1017857    0 
 3300:    1.00    0.254    0.011 0.010 0.010 0.011 0.010 0.013 0.010 0.010    0.003 0.003 0.003 0.003 0.004 0.003 0.003 0.003 0.003 0.003 0.004 0.003 0.003 0.003 0.003 0.004 0.003 0.003 0.003 0.004 0.003 0.003 0.004 0.003 0.003 0.004 0.004 0.003   -1017204    0 
 3400:    1.00    0.309    0.011 0.010 0.010 0.011 0.010 0.013 0.010 0.010    0.003 0.003 0.003 0.003 0.004 0.003 0.003 0.003 0.003 0.003 0.004 0.003 0.003 0.003 0.003 0.004 0.003 0.003 0.003 0.004 0.003 0.003 0.004 0.003 0.003 0.004 0.004 0.003   -1016675    0 
 3500:    1.00    0.302    0.011 0.010 0.010 0.011 0.010 0.013 0.010 0.010    0.003 0.003 0.003 0.003 0.004 0.003 0.003 0.003 0.003 0.003 0.004 0.003 0.003 0.003 0.003 0.004 0.003 0.003 0.003 0.004 0.003 0.003 0.004 0.003 0.003 0.004 0.004 0.003   -1016421    0 
 3600:    1.00    0.223    0.011 0.010 0.010 0.011 0.010 0.014 0.010 0.010    0.003 0.003 0.003 0.003 0.004 0.003 0.003 0.003 0.003 0.003 0.004 0.003 0.003 0.003 0.003 0.004 0.003 0.003 0.003 0.004 0.003 0.003 0.004 0.003 0.003 0.004 0.004 0.003   -1015531    0 
 3700:    1.00    0.260    0.011 0.010 0.010 0.012 0.010 0.014 0.010 0.010    0.003 0.003 0.003 0.003 0.004 0.003 0.003 0.003 0.003 0.003 0.004 0.003 0.003 0.003 0.003 0.004 0.003 0.003 0.003 0.004 0.003 0.003 0.004 0.003 0.003 0.004 0.004 0.003   -1014968    0 
 3800:    1.00    0.182    0.011 0.010 0.010 0.013 0.010 0.015 0.010 0.010    0.003 0.003 0.004 0.003 0.004 0.003 0.003 0.003 0.004 0.003 0.004 0.003 0.003 0.004 0.003 0.004 0.003 0.003 0.004 0.005 0.004 0.004 0.004 0.003 0.003 0.004 0.004 0.003   -1014612    0 
 3900:    1.00    0.188    0.011 0.010 0.010 0.013 0.010 0.015 0.010 0.010    0.003 0.003 0.004 0.003 0.004 0.003 0.003 0.003 0.004 0.003 0.004 0.003 0.003 0.004 0.003 0.004 0.003 0.003 0.004 0.005 0.004 0.004 0.004 0.003 0.003 0.004 0.004 0.003   -1013656    0 

--------------------------------------------
Proportion of membership of each pre-defined
 population in each of the 8 clusters

Given    Inferred Clusters                                          Number of
 Pop       1      2      3      4      5      6      7      8      Individuals

  1:     0.061  0.096  0.104  0.230  0.085  0.218  0.079  0.127       23
--------------------------------------------

 Rep#:   Lambda   Alpha      F1    F2    F3    F4    F5    F6    F7    F8     D1,2  D1,3  D1,4  D1,5  D1,6  D1,7  D1,8  D2,3  D2,4  D2,5  D2,6  D2,7  D2,8  D3,4  D3,5  D3,6  D3,7  D3,8  D4,5  D4,6  D4,7  D4,8  D5,6  D5,7  D5,8  D6,7  D6,8  D7,8    Ln Like  Est Ln P(D)
 4000:    1.00    0.153    0.011 0.010 0.010 0.015 0.010 0.017 0.010 0.010    0.003 0.003 0.004 0.003 0.004 0.003 0.003 0.003 0.004 0.003 0.004 0.003 0.003 0.004 0.003 0.004 0.003 0.003 0.004 0.005 0.004 0.004 0.004 0.003 0.003 0.004 0.004 0.003   -1012809    0 
 4100:    1.00    0.158    0.011 0.010 0.010 0.017 0.010 0.018 0.010 0.010    0.003 0.003 0.004 0.003 0.004 0.003 0.003 0.003 0.004 0.003 0.004 0.003 0.003 0.004 0.003 0.004 0.003 0.003 0.004 0.006 0.004 0.004 0.004 0.003 0.003 0.004 0.004 0.003   -1011532    0 
 4200:    1.00    0.173    0.011 0.010 0.010 0.018 0.010 0.018 0.010 0.010    0.003 0.003 0.004 0.003 0.004 0.003 0.003 0.003 0.004 0.003 0.004 0.003 0.003 0.004 0.003 0.004 0.003 0.003 0.004 0.006 0.004 0.004 0.004 0.003 0.003 0.004 0.004 0.003   -1011019    0 
 4300:    1.00    0.139    0.011 0.010 0.010 0.032 0.010 0.019 0.010 0.010    0.003 0.003 0.007 0.003 0.005 0.003 0.003 0.003 0.007 0.003 0.005 0.003 0.003 0.007 0.003 0.005 0.003 0.003 0.007 0.009 0.007 0.007 0.005 0.003 0.003 0.005 0.005 0.003   -1006271    0 
 4400:    1.00    0.122    0.011 0.010 0.010 0.040 0.010 0.022 0.010 0.010    0.003 0.003 0.008 0.003 0.005 0.003 0.003 0.003 0.007 0.003 0.005 0.003 0.003 0.007 0.003 0.005 0.003 0.003 0.007 0.010 0.007 0.007 0.005 0.003 0.003 0.005 0.005 0.003   -1004983    0 
 4500:    1.00    0.142    0.011 0.010 0.010 0.066 0.010 0.022 0.010 0.010    0.003 0.003 0.012 0.003 0.005 0.003 0.003 0.003 0.012 0.003 0.005 0.003 0.003 0.012 0.003 0.005 0.003 0.003 0.012 0.014 0.012 0.012 0.005 0.003 0.003 0.005 0.005 0.003   -999807    0 
 4600:    1.00    0.128    0.011 0.010 0.010 0.079 0.010 0.024 0.010 0.010    0.003 0.003 0.014 0.003 0.005 0.003 0.003 0.003 0.014 0.003 0.005 0.003 0.003 0.014 0.003 0.005 0.003 0.003 0.014 0.017 0.014 0.014 0.005 0.003 0.003 0.005 0.005 0.003   -997582    0 
 4700:    1.00    0.120    0.011 0.010 0.010 0.089 0.010 0.024 0.010 0.010    0.003 0.003 0.015 0.003 0.005 0.003 0.003 0.003 0.015 0.003 0.005 0.003 0.003 0.015 0.003 0.005 0.003 0.003 0.015 0.018 0.015 0.015 0.005 0.003 0.003 0.005 0.005 0.003   -996694    0 
 4800:    1.00    0.129    0.011 0.010 0.010 0.100 0.010 0.024 0.010 0.010    0.003 0.003 0.017 0.003 0.006 0.003 0.003 0.003 0.017 0.003 0.005 0.003 0.003 0.017 0.003 0.005 0.003 0.003 0.017 0.020 0.017 0.017 0.005 0.003 0.003 0.005 0.005 0.003   -995425    0 
 4900:    1.00    0.099    0.011 0.010 0.010 0.107 0.010 0.024 0.010 0.010    0.003 0.003 0.018 0.003 0.006 0.003 0.003 0.003 0.018 0.003 0.005 0.003 0.003 0.018 0.003 0.005 0.003 0.003 0.018 0.020 0.018 0.018 0.005 0.003 0.003 0.005 0.005 0.003   -994398    0 

--------------------------------------------
Proportion of membership of each pre-defined
 population in each of the 8 clusters

Given    Inferred Clusters                                          Number of
 Pop       1      2      3      4      5      6      7      8      Individuals

  1:     0.056  0.119  0.096  0.224  0.103  0.218  0.057  0.129       23
--------------------------------------------

 Rep#:   Lambda   Alpha      F1    F2    F3    F4    F5    F6    F7    F8     D1,2  D1,3  D1,4  D1,5  D1,6  D1,7  D1,8  D2,3  D2,4  D2,5  D2,6  D2,7  D2,8  D3,4  D3,5  D3,6  D3,7  D3,8  D4,5  D4,6  D4,7  D4,8  D5,6  D5,7  D5,8  D6,7  D6,8  D7,8    Ln Like  Est Ln P(D)
 5000:    1.00    0.132    0.011 0.010 0.010 0.109 0.010 0.026 0.010 0.010    0.003 0.003 0.018 0.003 0.006 0.003 0.003 0.003 0.018 0.003 0.006 0.003 0.003 0.018 0.003 0.006 0.003 0.003 0.018 0.021 0.018 0.018 0.006 0.003 0.003 0.006 0.006 0.003   -994315    0 
 5100:    1.00    0.148    0.011 0.010 0.010 0.113 0.010 0.027 0.010 0.010    0.003 0.003 0.019 0.003 0.006 0.003 0.003 0.003 0.019 0.003 0.006 0.003 0.003 0.019 0.003 0.006 0.003 0.003 0.019 0.022 0.019 0.019 0.006 0.003 0.003 0.006 0.006 0.003   -993801    0 
 5200:    1.00    0.121    0.011 0.010 0.010 0.118 0.010 0.030 0.010 0.010    0.003 0.003 0.019 0.003 0.006 0.003 0.003 0.003 0.019 0.003 0.006 0.003 0.003 0.019 0.003 0.006 0.003 0.003 0.019 0.023 0.019 0.019 0.006 0.003 0.003 0.006 0.006 0.003   -992609    0 
 5300:    1.00    0.101    0.011 0.010 0.010 0.122 0.010 0.031 0.010 0.010    0.003 0.003 0.020 0.003 0.007 0.003 0.003 0.003 0.020 0.003 0.007 0.003 0.003 0.020 0.003 0.006 0.003 0.003 0.020 0.023 0.020 0.020 0.007 0.003 0.003 0.006 0.007 0.003   -992339    0 
 5400:    1.00    0.101    0.011 0.010 0.010 0.126 0.010 0.033 0.010 0.010    0.003 0.003 0.020 0.003 0.007 0.003 0.003 0.003 0.020 0.003 0.007 0.003 0.003 0.020 0.003 0.007 0.003 0.003 0.020 0.024 0.020 0.020 0.007 0.003 0.003 0.007 0.007 0.003   -992144    0 
 5500:    1.00    0.093    0.011 0.010 0.010 0.128 0.010 0.034 0.010 0.010    0.003 0.003 0.021 0.003 0.007 0.003 0.003 0.003 0.021 0.003 0.007 0.003 0.003 0.021 0.003 0.007 0.003 0.003 0.021 0.025 0.021 0.021 0.007 0.003 0.003 0.007 0.007 0.003   -991873    0 
 5600:    1.00    0.110    0.011 0.010 0.010 0.128 0.010 0.039 0.010 0.010    0.003 0.003 0.021 0.003 0.008 0.003 0.003 0.003 0.021 0.003 0.008 0.003 0.003 0.021 0.003 0.008 0.003 0.003 0.021 0.026 0.021 0.021 0.008 0.003 0.003 0.008 0.008 0.003   -991093    0 
 5700:    1.00    0.099    0.011 0.010 0.010 0.130 0.010 0.039 0.010 0.010    0.003 0.003 0.021 0.003 0.008 0.003 0.003 0.003 0.021 0.003 0.008 0.003 0.003 0.021 0.003 0.008 0.003 0.003 0.021 0.026 0.021 0.021 0.008 0.003 0.003 0.008 0.008 0.003   -990862    0 
 5800:    1.00    0.098    0.011 0.010 0.010 0.134 0.010 0.039 0.010 0.010    0.003 0.003 0.022 0.003 0.008 0.003 0.003 0.003 0.022 0.003 0.008 0.003 0.003 0.022 0.003 0.008 0.003 0.003 0.022 0.027 0.022 0.022 0.008 0.003 0.003 0.008 0.008 0.003   -990617    0 
 5900:    1.00    0.123    0.011 0.010 0.010 0.134 0.010 0.041 0.010 0.010    0.003 0.003 0.022 0.003 0.008 0.003 0.003 0.003 0.022 0.003 0.008 0.003 0.003 0.022 0.003 0.008 0.003 0.003 0.022 0.027 0.022 0.022 0.008 0.003 0.003 0.008 0.008 0.003   -990572    0 
 6000:    1.00    0.100    0.011 0.010 0.010 0.134 0.010 0.044 0.010 0.010    0.003 0.003 0.022 0.003 0.009 0.003 0.003 0.003 0.022 0.003 0.009 0.003 0.003 0.022 0.003 0.009 0.003 0.003 0.022 0.027 0.022 0.022 0.009 0.003 0.003 0.009 0.009 0.003   -990127    0 

MCMC completed

Inferred ancestry of individuals:
        Label (%Miss) Pop:  Inferred clusters
  1 18160D-09-0    (2)    1 :  0.066 0.065 0.280 0.070 0.139 0.032 0.194 0.154 
  2 18160D-09-0    (4)    1 :  0.147 0.129 0.063 0.080 0.022 0.020 0.077 0.462 
  3 18160D-09-0    (2)    1 :  0.026 0.292 0.014 0.533 0.060 0.024 0.017 0.035 
  4 18160D-09-0    (5)    1 :  0.032 0.215 0.020 0.619 0.048 0.016 0.024 0.025 
  5 18160D-09-0    (4)    1 :  0.033 0.077 0.014 0.735 0.077 0.011 0.032 0.021 
  6 18160D-09-0    (4)    1 :  0.031 0.064 0.029 0.771 0.047 0.007 0.020 0.032 
  7 18160D-09-0    (2)    1 :  0.054 0.040 0.019 0.781 0.042 0.012 0.025 0.027 
  8 18160D-09-0    (4)    1 :  0.214 0.197 0.236 0.035 0.135 0.043 0.037 0.103 
  9 18160D-09-0    (2)    1 :  0.026 0.038 0.031 0.037 0.022 0.719 0.070 0.056 
 10 18160D-09-1    (2)    1 :  0.018 0.004 0.008 0.009 0.006 0.926 0.019 0.010 
 11 18160D-09-1    (2)    1 :  0.024 0.022 0.021 0.015 0.011 0.812 0.044 0.051 
 12 18160D-09-1    (2)    1 :  0.031 0.045 0.060 0.023 0.025 0.689 0.077 0.050 
 13 18160D-09-1    (5)    1 :  0.105 0.109 0.061 0.098 0.159 0.031 0.132 0.305 
 14 18160D-09-1   (18)    1 :  0.099 0.130 0.393 0.063 0.130 0.021 0.076 0.088 
 15 18160D-09-1    (4)    1 :  0.060 0.381 0.060 0.085 0.140 0.030 0.187 0.057 
 16 18160D-09-1    (2)    1 :  0.031 0.010 0.015 0.014 0.015 0.882 0.023 0.010 
 17 18160D-09-1    (2)    1 :  0.231 0.140 0.047 0.046 0.169 0.025 0.255 0.087 
 18 18160D-09-1    (2)    1 :  0.077 0.009 0.053 0.010 0.582 0.027 0.138 0.105 
 19 18160D-09-1    (2)    1 :  0.026 0.033 0.312 0.046 0.255 0.016 0.166 0.146 
 20 18160D-09-2    (5)    1 :  0.113 0.399 0.198 0.032 0.117 0.021 0.049 0.071 
 21 18160D-09-2    (5)    1 :  0.135 0.349 0.209 0.032 0.034 0.032 0.159 0.050 
 22 18160D-09-2    (5)    1 :  0.044 0.030 0.022 0.065 0.062 0.010 0.020 0.745 
 23 18160D-09-2    (2)    1 :  0.034 0.191 0.210 0.085 0.170 0.038 0.153 0.119 

Command line arguments:   structure -D 533554 -K 8 -m mainparams -o k8/populations_k8_run9 
Input File:    populations.str
Output File:   k8/populations_k8_run9_f

Run parameters:
   23 individuals
   50160 loci
   8 populations assumed
   1000 Burn-in period
   5000 Reps
RANDOMIZE turned off

--------------------------------------------
Estimated Ln Prob of Data   = -84777996.7
Mean value of ln likelihood = -1011396.8
Variance of ln likelihood   = 167533199.7
Mean value of alpha         = 1.0786

Mean value of Fst_1         = 0.0107
Mean value of Fst_2         = 0.0100
Mean value of Fst_3         = 0.0100
Mean value of Fst_4         = 0.0435
Mean value of Fst_5         = 0.0101
Mean value of Fst_6         = 0.0184
Mean value of Fst_7         = 0.0099
Mean value of Fst_8         = 0.0101


--------------------------------------------
Proportion of membership of each pre-defined
 population in each of the 8 clusters

Given    Inferred Clusters                                          Number of
 Pop       1      2      3      4      5      6      7      8      Individuals

  1:     0.072  0.129  0.103  0.186  0.107  0.193  0.087  0.122       23
--------------------------------------------
Final results printed to file k8/populations_k8_run9_f

