

----------------------------------------------------
STRUCTURE by Pritchard, Stephens and Donnelly (2000)
     and Falush, Stephens and Pritchard (2003)
       Code by Pritchard, Falush and Hubisz
             Version 2.3.4 (Jul 2012)
----------------------------------------------------


Reading file "mainparams".
datafile is
populations.str
Reading file "extraparams".
Reading file "populations.str".


Data file "populations.str" (truncated) --

Ind:   Label Pop : Genotype_data . . . .
  1: 18160D-09-0    1  :  4   1   3   1   4   1   3  . . . .   2
  1: 18160D-09-0    1  :  4   1   3   1   4   4   4  . . . .   4
  2: 18160D-09-0    1  :  4   1   3   1   4   1   3  . . . .   2
  2: 18160D-09-0    1  :  4   1   3   1   4   4   3  . . . .   4
  3: 18160D-09-0    1  :  4   1   0   0   0   0   3  . . . .   2
  3: 18160D-09-0    1  :  4   3   0   0   0   0   3  . . . .   4
  4: 18160D-09-0    1  :  4   1   3   1   4   1   3  . . . .   2
  4: 18160D-09-0    1  :  4   3   3   1   4   1   3  . . . .   4

      *******   

 22: 18160D-09-2    1  :  4   1   3   1   4   1   3  . . . .   2
 22: 18160D-09-2    1  :  4   3   3   1   4   1   4  . . . .   4
 23: 18160D-09-2    1  :  4   1   3   1   4   1   3  . . . .   2
 23: 18160D-09-2    1  :  4   1   3   1   4   4   4  . . . .   4

Number of alleles per locus: min= 2; ave=2.0; max= 2


--------------------------------------

Finished initialization; starting MCMC 
5000 iterations + 1000 burnin


--------------------------------------------
Proportion of membership of each pre-defined
 population in each of the 8 clusters

Given    Inferred Clusters                                          Number of
 Pop       1      2      3      4      5      6      7      8      Individuals

  1:     0.121  0.125  0.124  0.129  0.124  0.127  0.128  0.122       23
--------------------------------------------

 Rep#:   Lambda   Alpha      F1    F2    F3    F4    F5    F6    F7    F8     D1,2  D1,3  D1,4  D1,5  D1,6  D1,7  D1,8  D2,3  D2,4  D2,5  D2,6  D2,7  D2,8  D3,4  D3,5  D3,6  D3,7  D3,8  D4,5  D4,6  D4,7  D4,8  D5,6  D5,7  D5,8  D6,7  D6,8  D7,8    Ln Like 
  100:    1.00    1.904    0.010 0.010 0.010 0.010 0.010 0.010 0.010 0.010    0.003 0.003 0.003 0.003 0.003 0.003 0.003 0.003 0.003 0.003 0.003 0.003 0.003 0.003 0.003 0.003 0.003 0.003 0.003 0.003 0.003 0.003 0.003 0.003 0.003 0.003 0.003 0.003   --  
  200:    1.00    2.724    0.010 0.010 0.010 0.010 0.010 0.010 0.010 0.010    0.003 0.003 0.003 0.003 0.003 0.003 0.003 0.003 0.003 0.003 0.003 0.003 0.003 0.003 0.003 0.003 0.003 0.003 0.003 0.003 0.003 0.003 0.003 0.003 0.003 0.003 0.003 0.003   --  
  300:    1.00    2.819    0.010 0.010 0.010 0.010 0.010 0.010 0.010 0.010    0.003 0.003 0.003 0.003 0.003 0.003 0.003 0.003 0.003 0.003 0.003 0.003 0.003 0.003 0.003 0.003 0.003 0.003 0.003 0.003 0.003 0.003 0.003 0.003 0.003 0.003 0.003 0.003   --  
  400:    1.00    3.675    0.010 0.010 0.010 0.010 0.010 0.010 0.010 0.010    0.003 0.003 0.003 0.003 0.003 0.003 0.003 0.003 0.003 0.003 0.003 0.003 0.003 0.003 0.003 0.003 0.003 0.003 0.003 0.003 0.003 0.003 0.003 0.003 0.003 0.003 0.003 0.003   --  
  500:    1.00    3.717    0.010 0.010 0.010 0.010 0.010 0.010 0.010 0.010    0.003 0.003 0.003 0.003 0.003 0.003 0.003 0.003 0.003 0.003 0.003 0.003 0.003 0.003 0.003 0.003 0.003 0.003 0.003 0.003 0.003 0.003 0.003 0.003 0.003 0.003 0.003 0.003   --  
  600:    1.00    3.572    0.010 0.010 0.010 0.010 0.010 0.010 0.010 0.010    0.003 0.003 0.003 0.003 0.003 0.003 0.003 0.003 0.003 0.003 0.003 0.003 0.003 0.003 0.003 0.003 0.003 0.003 0.003 0.003 0.003 0.003 0.003 0.003 0.003 0.003 0.003 0.003   --  
  700:    1.00    3.443    0.010 0.010 0.010 0.010 0.010 0.010 0.010 0.010    0.003 0.003 0.003 0.003 0.003 0.003 0.003 0.003 0.003 0.003 0.003 0.003 0.003 0.003 0.003 0.003 0.003 0.003 0.003 0.003 0.003 0.003 0.003 0.003 0.003 0.003 0.003 0.003   --  
  800:    1.00    3.341    0.010 0.010 0.010 0.010 0.010 0.010 0.010 0.010    0.003 0.003 0.003 0.003 0.003 0.003 0.003 0.003 0.003 0.003 0.003 0.003 0.003 0.003 0.003 0.003 0.003 0.003 0.003 0.003 0.003 0.003 0.003 0.003 0.003 0.003 0.003 0.003   --  
  900:    1.00    3.337    0.010 0.010 0.010 0.010 0.010 0.010 0.010 0.010    0.003 0.003 0.003 0.003 0.003 0.003 0.003 0.003 0.003 0.003 0.003 0.003 0.003 0.003 0.003 0.003 0.003 0.003 0.003 0.003 0.003 0.003 0.003 0.003 0.003 0.003 0.003 0.003   --  
 1000:    1.00    3.414    0.010 0.010 0.010 0.010 0.010 0.010 0.010 0.010    0.003 0.003 0.003 0.003 0.003 0.003 0.003 0.003 0.003 0.003 0.003 0.003 0.003 0.003 0.003 0.003 0.003 0.003 0.003 0.003 0.003 0.003 0.003 0.003 0.003 0.003 0.003 0.003   --  

BURNIN completed
 Rep#:   Lambda   Alpha      F1    F2    F3    F4    F5    F6    F7    F8     D1,2  D1,3  D1,4  D1,5  D1,6  D1,7  D1,8  D2,3  D2,4  D2,5  D2,6  D2,7  D2,8  D3,4  D3,5  D3,6  D3,7  D3,8  D4,5  D4,6  D4,7  D4,8  D5,6  D5,7  D5,8  D6,7  D6,8  D7,8    Ln Like  Est Ln P(D)
 1100:    1.00    3.785    0.010 0.010 0.010 0.010 0.010 0.010 0.010 0.010    0.003 0.003 0.003 0.003 0.003 0.003 0.003 0.003 0.003 0.003 0.003 0.003 0.003 0.003 0.003 0.003 0.003 0.003 0.003 0.003 0.003 0.003 0.003 0.003 0.003 0.003 0.003 0.003   -1026177    0 
 1200:    1.00    3.646    0.010 0.010 0.010 0.010 0.010 0.010 0.010 0.010    0.003 0.003 0.003 0.003 0.003 0.003 0.003 0.003 0.003 0.003 0.003 0.003 0.003 0.003 0.003 0.003 0.003 0.003 0.003 0.003 0.003 0.003 0.003 0.003 0.003 0.003 0.003 0.003   -1026259    0 
 1300:    1.00    3.724    0.010 0.010 0.010 0.010 0.010 0.010 0.010 0.010    0.003 0.003 0.003 0.003 0.003 0.003 0.003 0.003 0.003 0.003 0.003 0.003 0.003 0.003 0.003 0.003 0.003 0.003 0.003 0.003 0.003 0.003 0.003 0.003 0.003 0.003 0.003 0.003   -1026031    0 
 1400:    1.00    3.431    0.010 0.010 0.010 0.010 0.010 0.010 0.010 0.010    0.003 0.003 0.003 0.003 0.003 0.003 0.003 0.003 0.003 0.003 0.003 0.003 0.003 0.003 0.003 0.003 0.003 0.003 0.003 0.003 0.003 0.003 0.003 0.003 0.003 0.003 0.003 0.003   -1025872    0 
 1500:    1.00    3.142    0.010 0.010 0.010 0.010 0.010 0.010 0.010 0.010    0.003 0.003 0.003 0.003 0.003 0.003 0.003 0.003 0.003 0.003 0.003 0.003 0.003 0.003 0.003 0.003 0.003 0.003 0.003 0.003 0.003 0.003 0.003 0.003 0.003 0.003 0.003 0.003   -1025907    0 
 1600:    1.00    2.540    0.010 0.010 0.010 0.010 0.010 0.010 0.010 0.010    0.003 0.003 0.003 0.003 0.003 0.003 0.003 0.003 0.003 0.003 0.003 0.003 0.003 0.003 0.003 0.003 0.003 0.003 0.003 0.003 0.003 0.003 0.003 0.003 0.003 0.003 0.003 0.003   -1025618    0 
 1700:    1.00    2.653    0.010 0.010 0.010 0.010 0.010 0.010 0.010 0.010    0.003 0.003 0.003 0.003 0.003 0.003 0.003 0.003 0.003 0.003 0.003 0.003 0.003 0.003 0.003 0.003 0.003 0.003 0.003 0.003 0.003 0.003 0.003 0.003 0.003 0.003 0.003 0.003   -1025152    0 
 1800:    1.00    2.503    0.010 0.010 0.010 0.010 0.010 0.010 0.010 0.010    0.003 0.003 0.003 0.003 0.003 0.003 0.003 0.003 0.003 0.003 0.003 0.003 0.003 0.003 0.003 0.003 0.003 0.003 0.003 0.003 0.003 0.003 0.003 0.003 0.003 0.003 0.003 0.003   -1025089    0 
 1900:    1.00    2.159    0.010 0.010 0.010 0.010 0.010 0.010 0.010 0.010    0.003 0.003 0.003 0.003 0.003 0.003 0.003 0.003 0.003 0.003 0.003 0.003 0.003 0.003 0.003 0.003 0.003 0.003 0.003 0.003 0.003 0.003 0.003 0.003 0.003 0.003 0.003 0.003   -1024988    0 

--------------------------------------------
Proportion of membership of each pre-defined
 population in each of the 8 clusters

Given    Inferred Clusters                                          Number of
 Pop       1      2      3      4      5      6      7      8      Individuals

  1:     0.124  0.096  0.145  0.095  0.148  0.145  0.114  0.134       23
--------------------------------------------

 Rep#:   Lambda   Alpha      F1    F2    F3    F4    F5    F6    F7    F8     D1,2  D1,3  D1,4  D1,5  D1,6  D1,7  D1,8  D2,3  D2,4  D2,5  D2,6  D2,7  D2,8  D3,4  D3,5  D3,6  D3,7  D3,8  D4,5  D4,6  D4,7  D4,8  D5,6  D5,7  D5,8  D6,7  D6,8  D7,8    Ln Like  Est Ln P(D)
 2000:    1.00    2.029    0.010 0.010 0.010 0.010 0.010 0.010 0.010 0.010    0.003 0.003 0.003 0.003 0.003 0.003 0.003 0.003 0.003 0.003 0.003 0.003 0.003 0.003 0.003 0.003 0.003 0.003 0.003 0.003 0.003 0.003 0.003 0.003 0.003 0.003 0.003 0.003   -1024839    0 
 2100:    1.00    1.490    0.010 0.010 0.010 0.010 0.010 0.010 0.010 0.010    0.003 0.003 0.003 0.003 0.003 0.003 0.003 0.003 0.003 0.003 0.003 0.003 0.003 0.003 0.003 0.003 0.003 0.003 0.003 0.003 0.003 0.003 0.003 0.003 0.003 0.003 0.003 0.003   -1024212    0 
 2200:    1.00    1.102    0.010 0.010 0.010 0.010 0.010 0.010 0.010 0.010    0.003 0.003 0.003 0.003 0.003 0.003 0.003 0.003 0.003 0.003 0.003 0.003 0.003 0.003 0.003 0.003 0.003 0.003 0.003 0.003 0.003 0.003 0.003 0.003 0.003 0.003 0.003 0.003   -1023616    0 
 2300:    1.00    1.130    0.010 0.010 0.010 0.010 0.010 0.010 0.010 0.010    0.003 0.003 0.003 0.003 0.003 0.003 0.003 0.003 0.003 0.003 0.003 0.003 0.003 0.003 0.003 0.003 0.003 0.003 0.003 0.003 0.003 0.003 0.003 0.003 0.003 0.003 0.003 0.003   -1023608    0 
 2400:    1.00    1.028    0.010 0.010 0.010 0.010 0.010 0.010 0.010 0.010    0.003 0.003 0.003 0.003 0.003 0.003 0.003 0.003 0.003 0.003 0.003 0.003 0.003 0.003 0.003 0.003 0.003 0.003 0.003 0.003 0.003 0.003 0.003 0.003 0.003 0.003 0.003 0.003   -1022968    0 
 2500:    1.00    0.980    0.010 0.010 0.010 0.010 0.010 0.010 0.010 0.010    0.003 0.003 0.003 0.003 0.003 0.003 0.003 0.003 0.003 0.003 0.003 0.003 0.003 0.003 0.003 0.003 0.003 0.003 0.003 0.003 0.003 0.003 0.003 0.003 0.003 0.003 0.003 0.003   -1022338    0 
 2600:    1.00    0.859    0.010 0.010 0.010 0.010 0.011 0.010 0.010 0.010    0.003 0.003 0.003 0.003 0.003 0.003 0.003 0.003 0.003 0.003 0.003 0.003 0.003 0.003 0.003 0.003 0.003 0.003 0.003 0.003 0.003 0.003 0.003 0.003 0.003 0.003 0.003 0.003   -1021651    0 
 2700:    1.00    0.701    0.010 0.010 0.010 0.010 0.011 0.010 0.010 0.010    0.003 0.003 0.003 0.003 0.003 0.003 0.003 0.003 0.003 0.003 0.003 0.003 0.003 0.003 0.003 0.003 0.003 0.003 0.003 0.003 0.003 0.003 0.003 0.003 0.003 0.003 0.003 0.003   -1021372    0 
 2800:    1.00    0.619    0.010 0.010 0.012 0.010 0.011 0.010 0.010 0.010    0.003 0.003 0.003 0.003 0.003 0.003 0.003 0.003 0.003 0.003 0.003 0.003 0.003 0.003 0.004 0.003 0.003 0.003 0.003 0.003 0.003 0.003 0.003 0.003 0.003 0.003 0.003 0.003   -1020235    0 
 2900:    1.00    0.585    0.010 0.010 0.012 0.010 0.011 0.010 0.010 0.010    0.003 0.003 0.003 0.003 0.003 0.003 0.003 0.003 0.003 0.003 0.003 0.003 0.003 0.003 0.004 0.003 0.003 0.003 0.003 0.003 0.003 0.003 0.003 0.003 0.003 0.003 0.003 0.003   -1020075    0 

--------------------------------------------
Proportion of membership of each pre-defined
 population in each of the 8 clusters

Given    Inferred Clusters                                          Number of
 Pop       1      2      3      4      5      6      7      8      Individuals

  1:     0.125  0.076  0.232  0.063  0.154  0.096  0.103  0.152       23
--------------------------------------------

 Rep#:   Lambda   Alpha      F1    F2    F3    F4    F5    F6    F7    F8     D1,2  D1,3  D1,4  D1,5  D1,6  D1,7  D1,8  D2,3  D2,4  D2,5  D2,6  D2,7  D2,8  D3,4  D3,5  D3,6  D3,7  D3,8  D4,5  D4,6  D4,7  D4,8  D5,6  D5,7  D5,8  D6,7  D6,8  D7,8    Ln Like  Est Ln P(D)
 3000:    1.00    0.509    0.010 0.010 0.012 0.010 0.011 0.010 0.010 0.010    0.003 0.003 0.003 0.003 0.003 0.003 0.003 0.003 0.003 0.003 0.003 0.003 0.003 0.003 0.004 0.003 0.003 0.003 0.003 0.003 0.003 0.003 0.003 0.003 0.003 0.003 0.003 0.003   -1018895    0 
 3100:    1.00    0.367    0.010 0.010 0.012 0.010 0.011 0.010 0.010 0.010    0.003 0.003 0.003 0.003 0.003 0.003 0.003 0.003 0.003 0.003 0.003 0.003 0.003 0.003 0.004 0.003 0.003 0.003 0.003 0.003 0.003 0.003 0.003 0.003 0.003 0.003 0.003 0.003   -1018672    0 
 3200:    1.00    0.321    0.010 0.010 0.012 0.010 0.011 0.010 0.010 0.010    0.003 0.003 0.003 0.003 0.003 0.003 0.003 0.003 0.003 0.003 0.003 0.003 0.003 0.003 0.004 0.003 0.003 0.003 0.003 0.003 0.003 0.003 0.003 0.003 0.003 0.003 0.003 0.003   -1018189    0 
 3300:    1.00    0.333    0.010 0.010 0.013 0.010 0.011 0.010 0.010 0.010    0.003 0.004 0.003 0.003 0.003 0.003 0.003 0.004 0.003 0.003 0.003 0.003 0.003 0.004 0.004 0.004 0.004 0.004 0.003 0.003 0.003 0.003 0.003 0.003 0.003 0.003 0.003 0.003   -1017727    0 
 3400:    1.00    0.283    0.010 0.010 0.014 0.010 0.011 0.010 0.010 0.010    0.003 0.004 0.003 0.003 0.003 0.003 0.003 0.004 0.003 0.003 0.003 0.003 0.003 0.004 0.004 0.004 0.004 0.004 0.003 0.003 0.003 0.003 0.003 0.003 0.003 0.003 0.003 0.003   -1016987    0 
 3500:    1.00    0.244    0.010 0.010 0.016 0.010 0.011 0.010 0.010 0.010    0.003 0.004 0.003 0.003 0.003 0.003 0.003 0.004 0.003 0.003 0.003 0.003 0.003 0.004 0.004 0.004 0.004 0.004 0.003 0.003 0.003 0.003 0.003 0.003 0.003 0.003 0.003 0.003   -1016390    0 
 3600:    1.00    0.256    0.010 0.010 0.019 0.010 0.011 0.010 0.010 0.010    0.003 0.005 0.003 0.003 0.003 0.003 0.003 0.005 0.003 0.003 0.003 0.003 0.003 0.005 0.005 0.005 0.005 0.005 0.003 0.003 0.003 0.003 0.003 0.003 0.003 0.003 0.003 0.003   -1014654    0 
 3700:    1.00    0.242    0.010 0.010 0.020 0.010 0.011 0.010 0.010 0.010    0.003 0.005 0.003 0.003 0.003 0.003 0.003 0.005 0.003 0.003 0.003 0.003 0.003 0.005 0.005 0.005 0.005 0.005 0.003 0.003 0.003 0.003 0.003 0.003 0.003 0.003 0.003 0.003   -1014327    0 
 3800:    1.00    0.240    0.010 0.011 0.021 0.010 0.012 0.010 0.010 0.010    0.003 0.005 0.003 0.003 0.003 0.003 0.003 0.005 0.003 0.003 0.003 0.003 0.003 0.005 0.005 0.005 0.005 0.005 0.003 0.003 0.003 0.003 0.003 0.003 0.003 0.003 0.003 0.003   -1013239    0 
 3900:    1.00    0.194    0.010 0.011 0.025 0.010 0.012 0.010 0.010 0.010    0.003 0.006 0.003 0.003 0.003 0.003 0.003 0.006 0.003 0.003 0.003 0.003 0.003 0.006 0.006 0.006 0.006 0.006 0.003 0.003 0.003 0.003 0.003 0.003 0.003 0.003 0.003 0.003   -1012155    0 

--------------------------------------------
Proportion of membership of each pre-defined
 population in each of the 8 clusters

Given    Inferred Clusters                                          Number of
 Pop       1      2      3      4      5      6      7      8      Individuals

  1:     0.113  0.064  0.230  0.040  0.166  0.104  0.088  0.195       23
--------------------------------------------

 Rep#:   Lambda   Alpha      F1    F2    F3    F4    F5    F6    F7    F8     D1,2  D1,3  D1,4  D1,5  D1,6  D1,7  D1,8  D2,3  D2,4  D2,5  D2,6  D2,7  D2,8  D3,4  D3,5  D3,6  D3,7  D3,8  D4,5  D4,6  D4,7  D4,8  D5,6  D5,7  D5,8  D6,7  D6,8  D7,8    Ln Like  Est Ln P(D)
 4000:    1.00    0.199    0.010 0.011 0.039 0.010 0.012 0.010 0.010 0.010    0.003 0.008 0.003 0.003 0.003 0.003 0.003 0.008 0.003 0.003 0.003 0.003 0.003 0.008 0.008 0.008 0.008 0.008 0.003 0.003 0.003 0.003 0.003 0.003 0.003 0.003 0.003 0.003   -1008361    0 
 4100:    1.00    0.221    0.010 0.011 0.057 0.010 0.012 0.010 0.010 0.010    0.003 0.011 0.003 0.003 0.003 0.003 0.003 0.011 0.003 0.003 0.003 0.003 0.003 0.011 0.011 0.011 0.011 0.011 0.003 0.003 0.003 0.003 0.003 0.003 0.003 0.003 0.003 0.003   -1005280    0 
 4200:    1.00    0.168    0.010 0.011 0.077 0.010 0.013 0.010 0.010 0.010    0.003 0.014 0.003 0.004 0.003 0.003 0.003 0.014 0.003 0.004 0.003 0.003 0.003 0.014 0.014 0.014 0.014 0.014 0.004 0.003 0.003 0.003 0.004 0.004 0.004 0.003 0.003 0.003   -1001522    0 
 4300:    1.00    0.178    0.010 0.011 0.080 0.010 0.013 0.010 0.010 0.010    0.003 0.014 0.003 0.004 0.003 0.003 0.003 0.014 0.003 0.004 0.003 0.003 0.003 0.014 0.015 0.014 0.014 0.014 0.004 0.003 0.003 0.003 0.004 0.004 0.004 0.003 0.003 0.003   -1001956    0 
 4400:    1.00    0.163    0.010 0.011 0.101 0.010 0.014 0.010 0.010 0.010    0.003 0.017 0.003 0.004 0.003 0.003 0.003 0.017 0.003 0.004 0.003 0.003 0.003 0.017 0.018 0.017 0.017 0.017 0.004 0.003 0.003 0.003 0.004 0.004 0.004 0.003 0.003 0.003   -998846    0 
 4500:    1.00    0.134    0.010 0.011 0.102 0.010 0.014 0.010 0.010 0.010    0.003 0.017 0.003 0.004 0.003 0.003 0.003 0.017 0.003 0.004 0.003 0.003 0.003 0.017 0.018 0.017 0.017 0.017 0.004 0.003 0.003 0.003 0.004 0.004 0.004 0.003 0.003 0.003   -999100    0 
 4600:    1.00    0.170    0.010 0.011 0.115 0.010 0.015 0.010 0.010 0.010    0.003 0.019 0.003 0.004 0.003 0.003 0.003 0.019 0.003 0.004 0.003 0.003 0.003 0.019 0.020 0.019 0.019 0.019 0.004 0.003 0.003 0.003 0.004 0.004 0.004 0.003 0.003 0.003   -997494    0 
 4700:    1.00    0.175    0.010 0.011 0.115 0.010 0.016 0.010 0.010 0.010    0.003 0.019 0.003 0.004 0.003 0.003 0.003 0.019 0.003 0.004 0.003 0.003 0.003 0.019 0.020 0.019 0.019 0.019 0.004 0.003 0.003 0.003 0.004 0.004 0.004 0.003 0.003 0.003   -997870    0 
 4800:    1.00    0.158    0.010 0.011 0.120 0.010 0.016 0.010 0.010 0.010    0.003 0.020 0.003 0.004 0.003 0.003 0.003 0.020 0.003 0.004 0.003 0.003 0.003 0.020 0.021 0.020 0.020 0.020 0.004 0.003 0.003 0.003 0.004 0.004 0.004 0.003 0.003 0.003   -997580    0 
 4900:    1.00    0.165    0.010 0.011 0.120 0.010 0.017 0.010 0.010 0.010    0.003 0.019 0.003 0.004 0.003 0.003 0.003 0.020 0.003 0.004 0.003 0.003 0.003 0.020 0.021 0.020 0.020 0.020 0.004 0.003 0.003 0.003 0.004 0.004 0.004 0.003 0.003 0.003   -997339    0 

--------------------------------------------
Proportion of membership of each pre-defined
 population in each of the 8 clusters

Given    Inferred Clusters                                          Number of
 Pop       1      2      3      4      5      6      7      8      Individuals

  1:     0.122  0.055  0.219  0.044  0.177  0.104  0.073  0.208       23
--------------------------------------------

 Rep#:   Lambda   Alpha      F1    F2    F3    F4    F5    F6    F7    F8     D1,2  D1,3  D1,4  D1,5  D1,6  D1,7  D1,8  D2,3  D2,4  D2,5  D2,6  D2,7  D2,8  D3,4  D3,5  D3,6  D3,7  D3,8  D4,5  D4,6  D4,7  D4,8  D5,6  D5,7  D5,8  D6,7  D6,8  D7,8    Ln Like  Est Ln P(D)
 5000:    1.00    0.132    0.010 0.011 0.121 0.010 0.017 0.010 0.010 0.010    0.003 0.020 0.003 0.004 0.003 0.003 0.003 0.020 0.003 0.004 0.003 0.003 0.003 0.020 0.021 0.020 0.020 0.020 0.004 0.003 0.003 0.003 0.004 0.004 0.004 0.003 0.003 0.003   -997244    0 
 5100:    1.00    0.164    0.010 0.011 0.121 0.010 0.018 0.010 0.010 0.010    0.003 0.020 0.003 0.004 0.003 0.003 0.003 0.020 0.003 0.004 0.003 0.003 0.003 0.020 0.021 0.020 0.020 0.020 0.004 0.003 0.003 0.003 0.004 0.004 0.004 0.003 0.003 0.003   -996492    0 
 5200:    1.00    0.146    0.010 0.011 0.124 0.010 0.019 0.010 0.010 0.010    0.003 0.020 0.003 0.004 0.003 0.003 0.003 0.020 0.003 0.005 0.003 0.003 0.003 0.020 0.022 0.020 0.020 0.020 0.005 0.003 0.003 0.003 0.005 0.004 0.005 0.003 0.003 0.003   -996394    0 
 5300:    1.00    0.125    0.010 0.011 0.124 0.010 0.019 0.010 0.010 0.011    0.003 0.020 0.003 0.004 0.003 0.003 0.003 0.021 0.003 0.005 0.003 0.003 0.003 0.021 0.022 0.021 0.020 0.020 0.004 0.003 0.003 0.003 0.004 0.004 0.005 0.003 0.003 0.003   -996294    0 
 5400:    1.00    0.123    0.010 0.011 0.126 0.010 0.019 0.010 0.010 0.011    0.003 0.020 0.003 0.005 0.003 0.003 0.003 0.021 0.003 0.005 0.003 0.003 0.003 0.021 0.022 0.021 0.020 0.020 0.005 0.003 0.003 0.003 0.005 0.005 0.005 0.003 0.003 0.003   -996324    0 
 5500:    1.00    0.132    0.010 0.011 0.129 0.010 0.019 0.010 0.010 0.011    0.003 0.021 0.003 0.005 0.003 0.003 0.003 0.021 0.003 0.005 0.003 0.003 0.003 0.021 0.023 0.021 0.021 0.021 0.005 0.003 0.003 0.003 0.005 0.005 0.005 0.003 0.003 0.003   -996346    0 
 5600:    1.00    0.112    0.010 0.011 0.131 0.010 0.019 0.010 0.010 0.011    0.003 0.021 0.003 0.005 0.003 0.003 0.003 0.021 0.003 0.005 0.003 0.003 0.003 0.021 0.023 0.021 0.021 0.022 0.005 0.003 0.003 0.003 0.005 0.005 0.005 0.003 0.003 0.003   -995788    0 
 5700:    1.00    0.170    0.010 0.011 0.132 0.010 0.020 0.010 0.010 0.011    0.003 0.021 0.003 0.005 0.003 0.003 0.003 0.021 0.003 0.005 0.003 0.003 0.003 0.021 0.023 0.021 0.021 0.022 0.005 0.003 0.003 0.003 0.005 0.005 0.005 0.003 0.003 0.003   -995450    0 
 5800:    1.00    0.118    0.010 0.011 0.132 0.010 0.022 0.010 0.010 0.011    0.003 0.021 0.003 0.005 0.003 0.003 0.003 0.021 0.003 0.005 0.003 0.003 0.003 0.021 0.023 0.021 0.021 0.021 0.005 0.003 0.003 0.003 0.005 0.005 0.005 0.003 0.003 0.003   -994787    0 
 5900:    1.00    0.123    0.010 0.011 0.132 0.010 0.024 0.010 0.010 0.011    0.003 0.021 0.003 0.005 0.003 0.003 0.003 0.021 0.003 0.006 0.003 0.003 0.003 0.021 0.024 0.021 0.021 0.021 0.005 0.003 0.003 0.003 0.006 0.005 0.006 0.003 0.003 0.003   -993995    0 
 6000:    1.00    0.129    0.010 0.011 0.132 0.010 0.024 0.010 0.010 0.011    0.003 0.021 0.003 0.005 0.003 0.003 0.003 0.022 0.003 0.006 0.003 0.003 0.003 0.021 0.024 0.021 0.021 0.021 0.005 0.003 0.003 0.003 0.006 0.005 0.006 0.003 0.003 0.003   -993908    0 

MCMC completed

Inferred ancestry of individuals:
        Label (%Miss) Pop:  Inferred clusters
  1 18160D-09-0    (2)    1 :  0.123 0.037 0.090 0.068 0.051 0.300 0.093 0.239 
  2 18160D-09-0    (4)    1 :  0.195 0.151 0.021 0.160 0.045 0.111 0.235 0.081 
  3 18160D-09-0    (2)    1 :  0.022 0.033 0.670 0.076 0.012 0.082 0.075 0.030 
  4 18160D-09-0    (5)    1 :  0.013 0.024 0.794 0.040 0.009 0.071 0.028 0.019 
  5 18160D-09-0    (4)    1 :  0.042 0.064 0.737 0.026 0.025 0.046 0.048 0.013 
  6 18160D-09-0    (4)    1 :  0.030 0.035 0.763 0.024 0.019 0.090 0.023 0.016 
  7 18160D-09-0    (2)    1 :  0.022 0.037 0.761 0.020 0.007 0.089 0.048 0.017 
  8 18160D-09-0    (4)    1 :  0.327 0.120 0.033 0.169 0.016 0.185 0.048 0.102 
  9 18160D-09-0    (2)    1 :  0.306 0.080 0.025 0.046 0.280 0.054 0.120 0.089 
 10 18160D-09-1    (2)    1 :  0.008 0.019 0.004 0.013 0.896 0.004 0.028 0.026 
 11 18160D-09-1    (2)    1 :  0.047 0.083 0.025 0.040 0.670 0.013 0.077 0.045 
 12 18160D-09-1    (2)    1 :  0.080 0.134 0.062 0.141 0.314 0.023 0.210 0.035 
 13 18160D-09-1    (5)    1 :  0.144 0.175 0.154 0.071 0.057 0.058 0.049 0.291 
 14 18160D-09-1   (18)    1 :  0.061 0.117 0.092 0.068 0.058 0.026 0.058 0.520 
 15 18160D-09-1    (4)    1 :  0.148 0.161 0.028 0.037 0.060 0.110 0.123 0.333 
 16 18160D-09-1    (2)    1 :  0.008 0.021 0.004 0.024 0.874 0.015 0.032 0.021 
 17 18160D-09-1    (2)    1 :  0.314 0.050 0.043 0.072 0.055 0.114 0.143 0.210 
 18 18160D-09-1    (2)    1 :  0.053 0.019 0.023 0.101 0.034 0.106 0.026 0.637 
 19 18160D-09-1    (2)    1 :  0.194 0.070 0.021 0.095 0.055 0.140 0.117 0.308 
 20 18160D-09-2    (5)    1 :  0.486 0.078 0.051 0.041 0.022 0.070 0.097 0.155 
 21 18160D-09-2    (5)    1 :  0.076 0.138 0.108 0.071 0.029 0.066 0.260 0.252 
 22 18160D-09-2    (5)    1 :  0.055 0.027 0.019 0.038 0.110 0.641 0.040 0.070 
 23 18160D-09-2    (2)    1 :  0.051 0.023 0.011 0.062 0.011 0.155 0.249 0.437 

Command line arguments:   structure -D 971214 -K 8 -m mainparams -o k8/populations_k8_run8 
Input File:    populations.str
Output File:   k8/populations_k8_run8_f

Run parameters:
   23 individuals
   50160 loci
   8 populations assumed
   1000 Burn-in period
   5000 Reps
RANDOMIZE turned off

--------------------------------------------
Estimated Ln Prob of Data   = -74473085.5
Mean value of ln likelihood = -1011842.9
Variance of ln likelihood   = 146922485.1
Mean value of alpha         = 0.9235

Mean value of Fst_1         = 0.0101
Mean value of Fst_2         = 0.0104
Mean value of Fst_3         = 0.0526
Mean value of Fst_4         = 0.0101
Mean value of Fst_5         = 0.0132
Mean value of Fst_6         = 0.0101
Mean value of Fst_7         = 0.0099
Mean value of Fst_8         = 0.0100


--------------------------------------------
Proportion of membership of each pre-defined
 population in each of the 8 clusters

Given    Inferred Clusters                                          Number of
 Pop       1      2      3      4      5      6      7      8      Individuals

  1:     0.122  0.074  0.197  0.065  0.161  0.112  0.097  0.172       23
--------------------------------------------
Final results printed to file k8/populations_k8_run8_f

