 1        1   (2)      1 :  0.1392 0.8608 
 2        2   (4)      1 :  0.1724 0.8276 
 3        3   (2)      1 :  0.7500 0.2500 
 4        4   (5)      1 :  0.9999 0.0001 
 5        5   (4)      1 :  0.9029 0.0971 
 6        6   (4)      1 :  0.9425 0.0575 
 7        7   (2)      1 :  0.9964 0.0036 
 8        8   (4)      1 :  0.1291 0.8709 
 9        9   (2)      1 :  0.0000 1.0000 
10       10   (2)      1 :  0.0000 1.0000 
11       11   (2)      1 :  0.0000 1.0000 
12       12   (2)      1 :  0.0010 0.9990 
13       13   (5)      1 :  0.1660 0.8340 
14       14  (18)      1 :  0.1708 0.8292 
15       15   (4)      1 :  0.0859 0.9141 
16       16   (2)      1 :  0.0001 0.9999 
17       17   (2)      1 :  0.1353 0.8647 
18       18   (2)      1 :  0.0017 0.9983 
19       19   (2)      1 :  0.1004 0.8996 
20       20   (5)      1 :  0.0673 0.9327 
21       21   (5)      1 :  0.1498 0.8502 
22       22   (5)      1 :  0.0010 0.9990 
23       23   (2)      1 :  0.1030 0.8970 
