

----------------------------------------------------
STRUCTURE by Pritchard, Stephens and Donnelly (2000)
     and Falush, Stephens and Pritchard (2003)
       Code by Pritchard, Falush and Hubisz
             Version 2.3.4 (Jul 2012)
----------------------------------------------------


Reading file "mainparams".
datafile is
populations.str
Reading file "extraparams".
Reading file "populations.str".


Data file "populations.str" (truncated) --

Ind:   Label Pop : Genotype_data . . . .
  1: 18160D-09-0    1  :  4   1   3   1   4   1   3  . . . .   2
  1: 18160D-09-0    1  :  4   1   3   1   4   4   4  . . . .   4
  2: 18160D-09-0    1  :  4   1   3   1   4   1   3  . . . .   2
  2: 18160D-09-0    1  :  4   1   3   1   4   4   3  . . . .   4
  3: 18160D-09-0    1  :  4   1   0   0   0   0   3  . . . .   2
  3: 18160D-09-0    1  :  4   3   0   0   0   0   3  . . . .   4
  4: 18160D-09-0    1  :  4   1   3   1   4   1   3  . . . .   2
  4: 18160D-09-0    1  :  4   3   3   1   4   1   3  . . . .   4

      *******   

 22: 18160D-09-2    1  :  4   1   3   1   4   1   3  . . . .   2
 22: 18160D-09-2    1  :  4   3   3   1   4   1   4  . . . .   4
 23: 18160D-09-2    1  :  4   1   3   1   4   1   3  . . . .   2
 23: 18160D-09-2    1  :  4   1   3   1   4   4   4  . . . .   4

Number of alleles per locus: min= 2; ave=2.0; max= 2


--------------------------------------

Finished initialization; starting MCMC 
50000 iterations + 10000 burnin


 Rep#:   Lambda   Alpha      F1       Ln Like 
  100:    1.00    0.734    0.010      --  
  200:    1.00    0.738    0.009      --  
  300:    1.00    0.828    0.009      --  
  400:    1.00    0.575    0.009      --  
  500:    1.00    1.045    0.009      --  
  600:    1.00    1.168    0.009      --  
  700:    1.00    1.668    0.009      --  
  800:    1.00    2.130    0.009      --  
  900:    1.00    1.753    0.009      --  

 Rep#:   Lambda   Alpha      F1       Ln Like 
 1000:    1.00    1.992    0.009      --  
 1100:    1.00    2.333    0.009      --  
 1200:    1.00    2.593    0.009      --  
 1300:    1.00    3.020    0.009      --  
 1400:    1.00    3.591    0.009      --  
 1500:    1.00    3.566    0.009      --  
 1600:    1.00    3.796    0.009      --  
 1700:    1.00    3.654    0.009      --  
 1800:    1.00    3.457    0.009      --  
 1900:    1.00    3.442    0.009      --  

 Rep#:   Lambda   Alpha      F1       Ln Like 
 2000:    1.00    3.428    0.009      --  
 2100:    1.00    3.532    0.009      --  
 2200:    1.00    3.592    0.009      --  
 2300:    1.00    3.051    0.009      --  
 2400:    1.00    3.049    0.009      --  
 2500:    1.00    3.162    0.009      --  
 2600:    1.00    2.986    0.009      --  
 2700:    1.00    3.118    0.009      --  
 2800:    1.00    3.137    0.008      --  
 2900:    1.00    3.167    0.008      --  

 Rep#:   Lambda   Alpha      F1       Ln Like 
 3000:    1.00    3.408    0.008      --  
 3100:    1.00    3.647    0.008      --  
 3200:    1.00    3.876    0.008      --  
 3300:    1.00    3.633    0.008      --  
 3400:    1.00    3.727    0.008      --  
 3500:    1.00    3.722    0.008      --  
 3600:    1.00    3.724    0.007      --  
 3700:    1.00    3.830    0.007      --  
 3800:    1.00    4.024    0.007      --  
 3900:    1.00    4.068    0.007      --  

 Rep#:   Lambda   Alpha      F1       Ln Like 
 4000:    1.00    3.559    0.007      --  
 4100:    1.00    3.607    0.007      --  
 4200:    1.00    3.696    0.007      --  
 4300:    1.00    3.457    0.007      --  
 4400:    1.00    3.304    0.007      --  
 4500:    1.00    2.985    0.007      --  
 4600:    1.00    2.605    0.007      --  
 4700:    1.00    3.099    0.007      --  
 4800:    1.00    2.618    0.007      --  
 4900:    1.00    2.701    0.007      --  

 Rep#:   Lambda   Alpha      F1       Ln Like 
 5000:    1.00    2.501    0.007      --  
 5100:    1.00    2.322    0.007      --  
 5200:    1.00    2.401    0.007      --  
 5300:    1.00    2.509    0.007      --  
 5400:    1.00    2.649    0.007      --  
 5500:    1.00    2.774    0.007      --  
 5600:    1.00    2.923    0.007      --  
 5700:    1.00    2.813    0.007      --  
 5800:    1.00    2.870    0.007      --  
 5900:    1.00    3.486    0.007      --  

 Rep#:   Lambda   Alpha      F1       Ln Like 
 6000:    1.00    3.416    0.007      --  
 6100:    1.00    3.535    0.006      --  
 6200:    1.00    3.446    0.006      --  
 6300:    1.00    3.792    0.006      --  
 6400:    1.00    3.797    0.006      --  
 6500:    1.00    4.054    0.006      --  
 6600:    1.00    4.511    0.006      --  
 6700:    1.00    4.192    0.006      --  
 6800:    1.00    3.627    0.006      --  
 6900:    1.00    3.236    0.006      --  

 Rep#:   Lambda   Alpha      F1       Ln Like 
 7000:    1.00    2.892    0.006      --  
 7100:    1.00    3.239    0.006      --  
 7200:    1.00    3.000    0.006      --  
 7300:    1.00    3.499    0.006      --  
 7400:    1.00    3.800    0.006      --  
 7500:    1.00    4.017    0.006      --  
 7600:    1.00    3.928    0.006      --  
 7700:    1.00    3.931    0.006      --  
 7800:    1.00    3.948    0.006      --  
 7900:    1.00    3.827    0.006      --  

 Rep#:   Lambda   Alpha      F1       Ln Like 
 8000:    1.00    4.281    0.006      --  
 8100:    1.00    3.928    0.006      --  
 8200:    1.00    3.828    0.006      --  
 8300:    1.00    3.624    0.006      --  
 8400:    1.00    4.000    0.006      --  
 8500:    1.00    3.899    0.006      --  
 8600:    1.00    3.990    0.006      --  
 8700:    1.00    3.940    0.006      --  
 8800:    1.00    4.043    0.006      --  
 8900:    1.00    4.200    0.006      --  

 Rep#:   Lambda   Alpha      F1       Ln Like 
 9000:    1.00    4.229    0.006      --  
 9100:    1.00    4.898    0.006      --  
 9200:    1.00    4.862    0.006      --  
 9300:    1.00    4.459    0.006      --  
 9400:    1.00    3.925    0.006      --  
 9500:    1.00    4.038    0.006      --  
 9600:    1.00    3.853    0.006      --  
 9700:    1.00    3.933    0.006      --  
 9800:    1.00    4.042    0.006      --  
 9900:    1.00    4.164    0.006      --  
10000:    1.00    3.927    0.006      --  

BURNIN completed
 Rep#:   Lambda   Alpha      F1       Ln Like  Est Ln P(D)
10100:    1.00    3.833    0.006      -1026836    0 
10200:    1.00    3.664    0.006      -1026771    0 
10300:    1.00    3.715    0.006      -1026603    0 
10400:    1.00    3.600    0.006      -1026652    0 
10500:    1.00    3.509    0.006      -1026590    0 
10600:    1.00    3.462    0.006      -1026436    0 
10700:    1.00    3.506    0.006      -1026805    0 
10800:    1.00    3.154    0.006      -1026528    0 
10900:    1.00    3.201    0.006      -1026437    0 

 Rep#:   Lambda   Alpha      F1       Ln Like  Est Ln P(D)
11000:    1.00    3.764    0.006      -1026671    0 
11100:    1.00    4.086    0.006      -1026630    0 
11200:    1.00    3.687    0.006      -1026475    0 
11300:    1.00    3.269    0.006      -1026933    0 
11400:    1.00    2.874    0.006      -1026524    0 
11500:    1.00    2.977    0.006      -1026626    0 
11600:    1.00    2.675    0.006      -1026663    0 
11700:    1.00    2.623    0.006      -1026543    0 
11800:    1.00    2.760    0.006      -1026818    0 
11900:    1.00    2.817    0.006      -1026717    0 

 Rep#:   Lambda   Alpha      F1       Ln Like  Est Ln P(D)
12000:    1.00    2.941    0.006      -1026642    0 
12100:    1.00    2.805    0.006      -1026456    0 
12200:    1.00    2.554    0.006      -1026644    0 
12300:    1.00    2.710    0.006      -1026466    0 
12400:    1.00    2.680    0.006      -1026311    0 
12500:    1.00    2.576    0.006      -1026604    0 
12600:    1.00    2.384    0.006      -1026829    0 
12700:    1.00    2.449    0.006      -1026692    0 
12800:    1.00    2.368    0.006      -1026632    0 
12900:    1.00    2.806    0.006      -1026555    0 

 Rep#:   Lambda   Alpha      F1       Ln Like  Est Ln P(D)
13000:    1.00    2.929    0.006      -1026951    0 
13100:    1.00    2.920    0.006      -1026560    0 
13200:    1.00    3.062    0.006      -1026701    0 
13300:    1.00    3.074    0.006      -1026852    0 
13400:    1.00    3.269    0.006      -1026671    0 
13500:    1.00    3.152    0.006      -1026649    0 
13600:    1.00    2.654    0.006      -1026592    0 
13700:    1.00    2.674    0.006      -1026595    0 
13800:    1.00    2.750    0.006      -1026538    0 
13900:    1.00    2.910    0.006      -1026514    0 

 Rep#:   Lambda   Alpha      F1       Ln Like  Est Ln P(D)
14000:    1.00    3.236    0.006      -1026846    0 
14100:    1.00    3.155    0.006      -1026584    0 
14200:    1.00    2.890    0.005      -1026524    0 
14300:    1.00    2.940    0.005      -1026430    0 
14400:    1.00    2.997    0.005      -1026545    0 
14500:    1.00    2.870    0.005      -1026499    0 
14600:    1.00    2.956    0.005      -1026853    0 
14700:    1.00    3.100    0.005      -1026562    0 
14800:    1.00    2.706    0.005      -1026454    0 
14900:    1.00    2.804    0.005      -1026557    0 

 Rep#:   Lambda   Alpha      F1       Ln Like  Est Ln P(D)
15000:    1.00    2.796    0.005      -1026792    0 
15100:    1.00    2.769    0.005      -1026796    0 
15200:    1.00    2.938    0.005      -1026715    0 
15300:    1.00    2.988    0.005      -1026621    0 
15400:    1.00    3.288    0.005      -1026538    0 
15500:    1.00    3.157    0.005      -1026731    0 
15600:    1.00    3.198    0.005      -1026517    0 
15700:    1.00    3.486    0.005      -1026634    0 
15800:    1.00    3.442    0.005      -1026694    0 
15900:    1.00    3.606    0.005      -1026910    0 

 Rep#:   Lambda   Alpha      F1       Ln Like  Est Ln P(D)
16000:    1.00    3.798    0.005      -1026683    0 
16100:    1.00    4.087    0.005      -1026644    0 
16200:    1.00    3.918    0.005      -1026419    0 
16300:    1.00    4.011    0.005      -1026846    0 
16400:    1.00    3.986    0.005      -1026293    0 
16500:    1.00    4.192    0.005      -1026778    0 
16600:    1.00    3.699    0.005      -1026462    0 
16700:    1.00    3.718    0.005      -1026919    0 
16800:    1.00    3.525    0.005      -1026423    0 
16900:    1.00    3.828    0.005      -1026894    0 

 Rep#:   Lambda   Alpha      F1       Ln Like  Est Ln P(D)
17000:    1.00    4.052    0.005      -1026723    0 
17100:    1.00    4.212    0.005      -1026769    0 
17200:    1.00    4.042    0.005      -1026627    0 
17300:    1.00    4.054    0.005      -1026455    0 
17400:    1.00    4.064    0.005      -1026640    0 
17500:    1.00    4.279    0.005      -1026576    0 
17600:    1.00    4.388    0.005      -1026527    0 
17700:    1.00    3.960    0.005      -1026557    0 
17800:    1.00    4.279    0.005      -1026541    0 
17900:    1.00    4.692    0.005      -1026649    0 

 Rep#:   Lambda   Alpha      F1       Ln Like  Est Ln P(D)
18000:    1.00    5.021    0.005      -1026628    0 
18100:    1.00    5.399    0.005      -1026591    0 
18200:    1.00    5.371    0.005      -1026822    0 
18300:    1.00    5.622    0.005      -1026646    0 
18400:    1.00    5.110    0.005      -1026571    0 
18500:    1.00    5.187    0.005      -1026472    0 
18600:    1.00    5.305    0.005      -1026629    0 
18700:    1.00    4.549    0.005      -1026898    0 
18800:    1.00    4.730    0.005      -1026748    0 
18900:    1.00    4.755    0.005      -1026599    0 

 Rep#:   Lambda   Alpha      F1       Ln Like  Est Ln P(D)
19000:    1.00    4.629    0.005      -1026621    0 
19100:    1.00    4.884    0.005      -1026426    0 
19200:    1.00    4.930    0.005      -1026745    0 
19300:    1.00    5.409    0.005      -1026892    0 
19400:    1.00    5.440    0.005      -1026734    0 
19500:    1.00    5.482    0.005      -1026597    0 
19600:    1.00    5.516    0.005      -1026739    0 
19700:    1.00    5.779    0.005      -1026731    0 
19800:    1.00    6.309    0.005      -1026855    0 
19900:    1.00    6.051    0.005      -1026673    0 

 Rep#:   Lambda   Alpha      F1       Ln Like  Est Ln P(D)
20000:    1.00    6.106    0.005      -1026537    0 
20100:    1.00    6.300    0.005      -1026693    0 
20200:    1.00    6.523    0.005      -1026534    0 
20300:    1.00    6.542    0.005      -1026564    0 
20400:    1.00    6.626    0.005      -1026480    0 
20500:    1.00    6.751    0.005      -1026554    0 
20600:    1.00    7.097    0.005      -1026597    0 
20700:    1.00    6.966    0.005      -1026696    0 
20800:    1.00    6.789    0.005      -1026819    0 
20900:    1.00    6.930    0.005      -1026580    0 

 Rep#:   Lambda   Alpha      F1       Ln Like  Est Ln P(D)
21000:    1.00    6.988    0.005      -1026523    0 
21100:    1.00    7.145    0.005      -1026533    0 
21200:    1.00    7.280    0.005      -1026162    0 
21300:    1.00    7.359    0.005      -1026616    0 
21400:    1.00    7.167    0.005      -1026646    0 
21500:    1.00    7.382    0.005      -1026826    0 
21600:    1.00    7.129    0.005      -1026658    0 
21700:    1.00    7.243    0.005      -1026639    0 
21800:    1.00    7.400    0.005      -1026547    0 
21900:    1.00    7.150    0.005      -1026593    0 

 Rep#:   Lambda   Alpha      F1       Ln Like  Est Ln P(D)
22000:    1.00    6.967    0.005      -1026463    0 
22100:    1.00    7.366    0.005      -1026669    0 
22200:    1.00    7.246    0.005      -1026919    0 
22300:    1.00    7.057    0.005      -1026686    0 
22400:    1.00    7.077    0.005      -1026689    0 
22500:    1.00    6.904    0.005      -1026585    0 
22600:    1.00    6.911    0.005      -1026508    0 
22700:    1.00    6.837    0.005      -1026754    0 
22800:    1.00    6.952    0.005      -1026550    0 
22900:    1.00    6.794    0.005      -1026649    0 

 Rep#:   Lambda   Alpha      F1       Ln Like  Est Ln P(D)
23000:    1.00    6.596    0.005      -1026626    0 
23100:    1.00    7.284    0.005      -1026867    0 
23200:    1.00    7.288    0.005      -1026543    0 
23300:    1.00    7.220    0.005      -1026517    0 
23400:    1.00    7.452    0.005      -1026758    0 
23500:    1.00    7.775    0.005      -1026519    0 
23600:    1.00    7.712    0.005      -1026669    0 
23700:    1.00    7.577    0.005      -1026517    0 
23800:    1.00    7.643    0.005      -1026788    0 
23900:    1.00    7.562    0.005      -1026641    0 

 Rep#:   Lambda   Alpha      F1       Ln Like  Est Ln P(D)
24000:    1.00    7.469    0.005      -1026518    0 
24100:    1.00    7.816    0.005      -1026706    0 
24200:    1.00    7.248    0.005      -1026951    0 
24300:    1.00    6.889    0.005      -1026398    0 
24400:    1.00    6.676    0.005      -1026727    0 
24500:    1.00    6.602    0.005      -1026720    0 
24600:    1.00    6.677    0.005      -1026811    0 
24700:    1.00    6.994    0.005      -1026630    0 
24800:    1.00    6.957    0.005      -1026525    0 
24900:    1.00    6.789    0.005      -1026355    0 

 Rep#:   Lambda   Alpha      F1       Ln Like  Est Ln P(D)
25000:    1.00    7.074    0.005      -1026755    0 
25100:    1.00    7.169    0.005      -1026496    0 
25200:    1.00    7.330    0.005      -1026471    0 
25300:    1.00    7.188    0.005      -1026496    0 
25400:    1.00    7.296    0.005      -1026604    0 
25500:    1.00    7.877    0.005      -1026385    0 
25600:    1.00    8.160    0.005      -1026502    0 
25700:    1.00    8.337    0.005      -1026634    0 
25800:    1.00    8.182    0.005      -1026910    0 
25900:    1.00    8.107    0.005      -1026713    0 

 Rep#:   Lambda   Alpha      F1       Ln Like  Est Ln P(D)
26000:    1.00    7.907    0.005      -1026411    0 
26100:    1.00    8.202    0.005      -1026426    0 
26200:    1.00    8.043    0.005      -1026416    0 
26300:    1.00    7.726    0.005      -1026316    0 
26400:    1.00    7.592    0.005      -1026843    0 
26500:    1.00    7.238    0.005      -1026999    0 
26600:    1.00    7.334    0.004      -1026791    0 
26700:    1.00    7.614    0.004      -1026490    0 
26800:    1.00    7.865    0.004      -1026456    0 
26900:    1.00    8.142    0.004      -1026638    0 

 Rep#:   Lambda   Alpha      F1       Ln Like  Est Ln P(D)
27000:    1.00    8.084    0.004      -1026342    0 
27100:    1.00    7.824    0.004      -1026585    0 
27200:    1.00    7.404    0.004      -1026506    0 
27300:    1.00    7.564    0.004      -1026699    0 
27400:    1.00    6.891    0.004      -1026482    0 
27500:    1.00    7.134    0.004      -1026583    0 
27600:    1.00    6.869    0.004      -1026464    0 
27700:    1.00    7.119    0.004      -1026612    0 
27800:    1.00    7.382    0.004      -1026544    0 
27900:    1.00    7.605    0.004      -1026389    0 

 Rep#:   Lambda   Alpha      F1       Ln Like  Est Ln P(D)
28000:    1.00    7.319    0.004      -1026614    0 
28100:    1.00    7.590    0.004      -1026668    0 
28200:    1.00    7.751    0.004      -1026701    0 
28300:    1.00    7.919    0.004      -1026734    0 
28400:    1.00    7.949    0.004      -1026566    0 
28500:    1.00    7.989    0.004      -1026612    0 
28600:    1.00    7.535    0.004      -1026668    0 
28700:    1.00    7.493    0.004      -1026726    0 
28800:    1.00    7.702    0.004      -1026675    0 
28900:    1.00    7.718    0.004      -1026520    0 

 Rep#:   Lambda   Alpha      F1       Ln Like  Est Ln P(D)
29000:    1.00    7.905    0.004      -1026774    0 
29100:    1.00    8.142    0.004      -1026531    0 
29200:    1.00    7.932    0.004      -1026591    0 
29300:    1.00    7.682    0.004      -1026749    0 
29400:    1.00    7.453    0.004      -1026713    0 
29500:    1.00    7.339    0.004      -1026586    0 
29600:    1.00    7.763    0.004      -1026763    0 
29700:    1.00    7.964    0.004      -1026563    0 
29800:    1.00    7.702    0.004      -1026646    0 
29900:    1.00    7.876    0.004      -1026629    0 

 Rep#:   Lambda   Alpha      F1       Ln Like  Est Ln P(D)
30000:    1.00    8.040    0.004      -1026718    0 
30100:    1.00    8.455    0.004      -1026603    0 
30200:    1.00    8.436    0.004      -1026875    0 
30300:    1.00    7.878    0.004      -1026558    0 
30400:    1.00    7.866    0.004      -1026610    0 
30500:    1.00    7.276    0.004      -1026703    0 
30600:    1.00    6.884    0.004      -1026844    0 
30700:    1.00    6.963    0.004      -1026524    0 
30800:    1.00    6.800    0.004      -1026674    0 
30900:    1.00    6.580    0.004      -1026945    0 

 Rep#:   Lambda   Alpha      F1       Ln Like  Est Ln P(D)
31000:    1.00    6.420    0.004      -1026799    0 
31100:    1.00    6.457    0.004      -1026567    0 
31200:    1.00    6.663    0.004      -1026623    0 
31300:    1.00    6.483    0.004      -1026725    0 
31400:    1.00    6.561    0.004      -1026431    0 
31500:    1.00    6.186    0.004      -1026705    0 
31600:    1.00    6.434    0.004      -1026451    0 
31700:    1.00    6.159    0.004      -1026595    0 
31800:    1.00    6.028    0.004      -1026546    0 
31900:    1.00    5.968    0.004      -1026458    0 

 Rep#:   Lambda   Alpha      F1       Ln Like  Est Ln P(D)
32000:    1.00    6.073    0.004      -1026624    0 
32100:    1.00    5.979    0.004      -1026685    0 
32200:    1.00    5.948    0.004      -1026571    0 
32300:    1.00    6.315    0.004      -1026547    0 
32400:    1.00    6.416    0.004      -1026402    0 
32500:    1.00    6.986    0.004      -1026721    0 
32600:    1.00    6.977    0.004      -1026571    0 
32700:    1.00    6.892    0.004      -1026771    0 
32800:    1.00    7.068    0.004      -1026685    0 
32900:    1.00    7.027    0.004      -1026745    0 

 Rep#:   Lambda   Alpha      F1       Ln Like  Est Ln P(D)
33000:    1.00    7.530    0.004      -1026791    0 
33100:    1.00    7.944    0.004      -1026615    0 
33200:    1.00    8.040    0.004      -1026654    0 
33300:    1.00    7.565    0.004      -1026428    0 
33400:    1.00    7.508    0.004      -1026626    0 
33500:    1.00    7.414    0.004      -1026720    0 
33600:    1.00    6.951    0.004      -1026666    0 
33700:    1.00    6.664    0.004      -1026577    0 
33800:    1.00    7.437    0.004      -1026730    0 
33900:    1.00    7.357    0.004      -1026431    0 

 Rep#:   Lambda   Alpha      F1       Ln Like  Est Ln P(D)
34000:    1.00    8.012    0.004      -1026597    0 
34100:    1.00    7.999    0.004      -1026558    0 
34200:    1.00    8.310    0.004      -1026623    0 
34300:    1.00    8.330    0.004      -1026564    0 
34400:    1.00    7.858    0.004      -1026523    0 
34500:    1.00    8.094    0.004      -1026492    0 
34600:    1.00    8.583    0.004      -1026667    0 
34700:    1.00    8.585    0.004      -1026824    0 
34800:    1.00    8.764    0.004      -1026478    0 
34900:    1.00    8.548    0.004      -1026726    0 

 Rep#:   Lambda   Alpha      F1       Ln Like  Est Ln P(D)
35000:    1.00    8.715    0.004      -1026836    0 
35100:    1.00    8.813    0.004      -1026462    0 
35200:    1.00    8.586    0.004      -1026825    0 
35300:    1.00    8.536    0.004      -1026286    0 
35400:    1.00    8.927    0.004      -1026575    0 
35500:    1.00    8.880    0.004      -1026761    0 
35600:    1.00    8.864    0.004      -1026669    0 
35700:    1.00    8.581    0.004      -1026790    0 
35800:    1.00    8.204    0.004      -1026642    0 
35900:    1.00    8.436    0.004      -1026630    0 

 Rep#:   Lambda   Alpha      F1       Ln Like  Est Ln P(D)
36000:    1.00    8.505    0.004      -1026578    0 
36100:    1.00    8.515    0.004      -1026626    0 
36200:    1.00    8.614    0.004      -1026594    0 
36300:    1.00    8.736    0.004      -1026614    0 
36400:    1.00    9.025    0.004      -1026820    0 
36500:    1.00    9.296    0.004      -1026527    0 
36600:    1.00    9.264    0.004      -1026751    0 
36700:    1.00    9.623    0.004      -1026748    0 
36800:    1.00    9.509    0.004      -1026593    0 
36900:    1.00    9.662    0.004      -1026829    0 

 Rep#:   Lambda   Alpha      F1       Ln Like  Est Ln P(D)
37000:    1.00    9.970    0.004      -1026667    0 
37100:    1.00    9.946    0.004      -1026644    0 
37200:    1.00    9.729    0.004      -1026542    0 
37300:    1.00    9.729    0.004      -1026621    0 
37400:    1.00    9.357    0.004      -1026941    0 
37500:    1.00    9.050    0.004      -1026770    0 
37600:    1.00    9.243    0.004      -1026499    0 
37700:    1.00    9.243    0.004      -1027059    0 
37800:    1.00    9.163    0.004      -1026506    0 
37900:    1.00    9.348    0.004      -1026820    0 

 Rep#:   Lambda   Alpha      F1       Ln Like  Est Ln P(D)
38000:    1.00    9.510    0.004      -1026686    0 
38100:    1.00    9.861    0.004      -1026911    0 
38200:    1.00    9.964    0.004      -1026516    0 
38300:    1.00    9.962    0.004      -1026416    0 
38400:    1.00    9.971    0.004      -1026545    0 
38500:    1.00    9.876    0.004      -1026695    0 
38600:    1.00    9.577    0.004      -1026621    0 
38700:    1.00    9.538    0.004      -1026360    0 
38800:    1.00    9.587    0.004      -1026633    0 
38900:    1.00    9.874    0.004      -1026845    0 

 Rep#:   Lambda   Alpha      F1       Ln Like  Est Ln P(D)
39000:    1.00    9.947    0.004      -1026682    0 
39100:    1.00    9.826    0.004      -1026949    0 
39200:    1.00    9.668    0.004      -1026346    0 
39300:    1.00    9.669    0.004      -1026906    0 
39400:    1.00    9.795    0.004      -1026572    0 
39500:    1.00    9.881    0.004      -1026665    0 
39600:    1.00    9.935    0.004      -1026468    0 
39700:    1.00    9.936    0.004      -1026528    0 
39800:    1.00    9.871    0.004      -1026695    0 
39900:    1.00    9.670    0.004      -1026674    0 

 Rep#:   Lambda   Alpha      F1       Ln Like  Est Ln P(D)
40000:    1.00    9.989    0.004      -1026430    0 
40100:    1.00    9.605    0.004      -1026940    0 
40200:    1.00    9.436    0.004      -1026718    0 
40300:    1.00    9.894    0.004      -1026923    0 
40400:    1.00    9.652    0.004      -1026886    0 
40500:    1.00    9.838    0.004      -1026901    0 
40600:    1.00    9.653    0.004      -1026636    0 
40700:    1.00    9.993    0.004      -1026543    0 
40800:    1.00    9.888    0.004      -1026605    0 
40900:    1.00    9.940    0.004      -1026439    0 

 Rep#:   Lambda   Alpha      F1       Ln Like  Est Ln P(D)
41000:    1.00    9.960    0.004      -1026811    0 
41100:    1.00    9.967    0.004      -1026309    0 
41200:    1.00    9.843    0.004      -1026817    0 
41300:    1.00    9.770    0.004      -1026739    0 
41400:    1.00    9.602    0.004      -1026657    0 
41500:    1.00    9.653    0.004      -1026572    0 
41600:    1.00    9.906    0.004      -1026541    0 
41700:    1.00    9.559    0.004      -1026397    0 
41800:    1.00    9.070    0.004      -1026470    0 
41900:    1.00    9.094    0.004      -1026705    0 

 Rep#:   Lambda   Alpha      F1       Ln Like  Est Ln P(D)
42000:    1.00    8.919    0.004      -1026912    0 
42100:    1.00    9.124    0.004      -1026482    0 
42200:    1.00    9.578    0.004      -1026809    0 
42300:    1.00    9.685    0.004      -1026655    0 
42400:    1.00    9.684    0.004      -1026762    0 
42500:    1.00    9.036    0.004      -1026715    0 
42600:    1.00    8.797    0.004      -1026635    0 
42700:    1.00    8.835    0.004      -1026608    0 
42800:    1.00    8.374    0.004      -1026793    0 
42900:    1.00    8.704    0.004      -1026502    0 

 Rep#:   Lambda   Alpha      F1       Ln Like  Est Ln P(D)
43000:    1.00    8.427    0.004      -1026585    0 
43100:    1.00    8.452    0.004      -1026497    0 
43200:    1.00    8.475    0.004      -1026558    0 
43300:    1.00    8.256    0.004      -1026379    0 
43400:    1.00    8.416    0.004      -1026445    0 
43500:    1.00    8.606    0.004      -1026787    0 
43600:    1.00    9.073    0.004      -1026505    0 
43700:    1.00    8.613    0.004      -1026477    0 
43800:    1.00    9.000    0.004      -1026776    0 
43900:    1.00    9.117    0.004      -1026720    0 

 Rep#:   Lambda   Alpha      F1       Ln Like  Est Ln P(D)
44000:    1.00    8.959    0.004      -1026915    0 
44100:    1.00    8.649    0.004      -1026694    0 
44200:    1.00    8.756    0.004      -1026575    0 
44300:    1.00    8.890    0.004      -1026633    0 
44400:    1.00    8.840    0.004      -1026671    0 
44500:    1.00    8.930    0.004      -1026629    0 
44600:    1.00    9.278    0.004      -1026679    0 
44700:    1.00    9.100    0.004      -1026621    0 
44800:    1.00    9.290    0.004      -1026683    0 
44900:    1.00    9.362    0.004      -1026839    0 

 Rep#:   Lambda   Alpha      F1       Ln Like  Est Ln P(D)
45000:    1.00    9.269    0.004      -1027001    0 
45100:    1.00    9.258    0.004      -1026579    0 
45200:    1.00    9.542    0.004      -1026790    0 
45300:    1.00    9.181    0.004      -1026741    0 
45400:    1.00    9.470    0.004      -1026702    0 
45500:    1.00    9.249    0.004      -1026566    0 
45600:    1.00    9.068    0.004      -1026546    0 
45700:    1.00    8.867    0.004      -1026558    0 
45800:    1.00    8.712    0.004      -1026635    0 
45900:    1.00    8.501    0.004      -1026561    0 

 Rep#:   Lambda   Alpha      F1       Ln Like  Est Ln P(D)
46000:    1.00    9.048    0.004      -1026637    0 
46100:    1.00    9.090    0.004      -1026715    0 
46200:    1.00    9.005    0.004      -1026467    0 
46300:    1.00    9.049    0.004      -1026844    0 
46400:    1.00    9.249    0.004      -1026622    0 
46500:    1.00    8.999    0.004      -1026790    0 
46600:    1.00    8.877    0.004      -1026520    0 
46700:    1.00    8.761    0.004      -1026534    0 
46800:    1.00    8.958    0.004      -1026599    0 
46900:    1.00    9.279    0.004      -1026834    0 

 Rep#:   Lambda   Alpha      F1       Ln Like  Est Ln P(D)
47000:    1.00    8.874    0.004      -1026942    0 
47100:    1.00    9.240    0.004      -1026534    0 
47200:    1.00    9.001    0.004      -1026751    0 
47300:    1.00    9.076    0.004      -1026573    0 
47400:    1.00    9.450    0.004      -1026619    0 
47500:    1.00    9.951    0.004      -1026681    0 
47600:    1.00    9.643    0.004      -1027033    0 
47700:    1.00    9.518    0.004      -1026651    0 
47800:    1.00    8.935    0.004      -1026729    0 
47900:    1.00    9.135    0.004      -1026744    0 

 Rep#:   Lambda   Alpha      F1       Ln Like  Est Ln P(D)
48000:    1.00    9.487    0.004      -1026327    0 
48100:    1.00    9.561    0.004      -1026885    0 
48200:    1.00    9.745    0.004      -1026645    0 
48300:    1.00    9.281    0.004      -1026586    0 
48400:    1.00    9.458    0.004      -1026597    0 
48500:    1.00    9.300    0.004      -1026916    0 
48600:    1.00    9.287    0.004      -1026705    0 
48700:    1.00    9.188    0.004      -1026843    0 
48800:    1.00    9.165    0.004      -1026593    0 
48900:    1.00    9.506    0.004      -1026803    0 

 Rep#:   Lambda   Alpha      F1       Ln Like  Est Ln P(D)
49000:    1.00    9.644    0.004      -1026513    0 
49100:    1.00    9.745    0.004      -1026719    0 
49200:    1.00    9.648    0.004      -1026948    0 
49300:    1.00    9.596    0.004      -1026669    0 
49400:    1.00    9.661    0.004      -1026607    0 
49500:    1.00    9.960    0.004      -1026522    0 
49600:    1.00    9.818    0.004      -1026508    0 
49700:    1.00    9.745    0.004      -1026685    0 
49800:    1.00    9.979    0.004      -1026477    0 
49900:    1.00    9.980    0.004      -1026516    0 

 Rep#:   Lambda   Alpha      F1       Ln Like  Est Ln P(D)
50000:    1.00    9.856    0.004      -1026726    0 
50100:    1.00    9.740    0.004      -1026780    0 
50200:    1.00    9.948    0.004      -1026683    0 
50300:    1.00    9.880    0.004      -1026518    0 
50400:    1.00    9.825    0.004      -1026602    0 
50500:    1.00    9.518    0.004      -1026689    0 
50600:    1.00    9.289    0.004      -1026892    0 
50700:    1.00    8.792    0.004      -1026684    0 
50800:    1.00    8.981    0.004      -1026579    0 
50900:    1.00    9.208    0.004      -1026793    0 

 Rep#:   Lambda   Alpha      F1       Ln Like  Est Ln P(D)
51000:    1.00    8.860    0.004      -1026466    0 
51100:    1.00    8.945    0.004      -1026749    0 
51200:    1.00    8.947    0.004      -1026536    0 
51300:    1.00    9.007    0.004      -1026805    0 
51400:    1.00    9.235    0.004      -1026713    0 
51500:    1.00    9.246    0.004      -1026527    0 
51600:    1.00    9.116    0.004      -1026906    0 
51700:    1.00    8.501    0.004      -1026563    0 
51800:    1.00    8.648    0.004      -1026469    0 
51900:    1.00    8.343    0.004      -1026902    0 

 Rep#:   Lambda   Alpha      F1       Ln Like  Est Ln P(D)
52000:    1.00    8.171    0.004      -1026767    0 
52100:    1.00    7.880    0.004      -1026636    0 
52200:    1.00    8.053    0.004      -1026533    0 
52300:    1.00    8.256    0.004      -1026575    0 
52400:    1.00    7.962    0.004      -1026834    0 
52500:    1.00    8.076    0.004      -1026568    0 
52600:    1.00    7.821    0.004      -1026496    0 
52700:    1.00    7.965    0.004      -1026685    0 
52800:    1.00    7.710    0.004      -1026576    0 
52900:    1.00    8.245    0.004      -1026632    0 

 Rep#:   Lambda   Alpha      F1       Ln Like  Est Ln P(D)
53000:    1.00    7.823    0.004      -1026557    0 
53100:    1.00    7.706    0.004      -1026307    0 
53200:    1.00    7.432    0.004      -1026535    0 
53300:    1.00    7.883    0.004      -1026826    0 
53400:    1.00    8.125    0.004      -1026674    0 
53500:    1.00    7.980    0.004      -1026602    0 
53600:    1.00    8.289    0.004      -1026738    0 
53700:    1.00    7.986    0.004      -1026641    0 
53800:    1.00    7.756    0.004      -1026899    0 
53900:    1.00    8.047    0.004      -1026812    0 

 Rep#:   Lambda   Alpha      F1       Ln Like  Est Ln P(D)
54000:    1.00    7.457    0.004      -1026638    0 
54100:    1.00    7.339    0.004      -1026605    0 
54200:    1.00    7.587    0.004      -1026543    0 
54300:    1.00    7.886    0.004      -1026752    0 
54400:    1.00    7.651    0.004      -1026570    0 
54500:    1.00    7.849    0.004      -1027020    0 
54600:    1.00    7.376    0.004      -1026896    0 
54700:    1.00    7.570    0.004      -1027004    0 
54800:    1.00    7.114    0.004      -1026854    0 
54900:    1.00    7.308    0.004      -1026593    0 

 Rep#:   Lambda   Alpha      F1       Ln Like  Est Ln P(D)
55000:    1.00    7.333    0.004      -1026908    0 
55100:    1.00    7.103    0.004      -1026553    0 
55200:    1.00    6.950    0.004      -1026647    0 
55300:    1.00    6.850    0.004      -1026821    0 
55400:    1.00    6.796    0.004      -1026815    0 
55500:    1.00    6.639    0.004      -1026651    0 
55600:    1.00    6.694    0.004      -1026471    0 
55700:    1.00    6.774    0.004      -1026795    0 
55800:    1.00    6.430    0.004      -1026501    0 
55900:    1.00    6.292    0.004      -1026670    0 

 Rep#:   Lambda   Alpha      F1       Ln Like  Est Ln P(D)
56000:    1.00    6.292    0.004      -1026691    0 
56100:    1.00    6.537    0.004      -1026355    0 
56200:    1.00    6.713    0.004      -1026822    0 
56300:    1.00    6.854    0.004      -1027007    0 
56400:    1.00    6.708    0.004      -1026457    0 
56500:    1.00    6.789    0.004      -1026508    0 
56600:    1.00    6.596    0.004      -1026175    0 
56700:    1.00    7.211    0.004      -1026656    0 
56800:    1.00    7.175    0.004      -1026688    0 
56900:    1.00    7.258    0.004      -1026618    0 

 Rep#:   Lambda   Alpha      F1       Ln Like  Est Ln P(D)
57000:    1.00    7.118    0.004      -1026457    0 
57100:    1.00    7.196    0.004      -1026488    0 
57200:    1.00    7.611    0.004      -1026426    0 
57300:    1.00    7.349    0.004      -1027060    0 
57400:    1.00    7.556    0.004      -1026791    0 
57500:    1.00    7.307    0.004      -1026718    0 
57600:    1.00    7.162    0.004      -1026521    0 
57700:    1.00    6.918    0.004      -1026456    0 
57800:    1.00    6.955    0.004      -1026630    0 
57900:    1.00    7.062    0.004      -1026576    0 

 Rep#:   Lambda   Alpha      F1       Ln Like  Est Ln P(D)
58000:    1.00    7.244    0.004      -1026856    0 
58100:    1.00    7.341    0.004      -1026583    0 
58200:    1.00    7.560    0.004      -1026707    0 
58300:    1.00    7.622    0.004      -1026415    0 
58400:    1.00    7.551    0.004      -1026798    0 
58500:    1.00    7.425    0.004      -1026781    0 
58600:    1.00    7.058    0.004      -1026581    0 
58700:    1.00    7.201    0.004      -1026521    0 
58800:    1.00    7.335    0.004      -1026437    0 
58900:    1.00    7.147    0.004      -1026729    0 

 Rep#:   Lambda   Alpha      F1       Ln Like  Est Ln P(D)
59000:    1.00    7.411    0.004      -1026638    0 
59100:    1.00    7.355    0.004      -1026668    0 
59200:    1.00    7.455    0.004      -1026887    0 
59300:    1.00    7.517    0.004      -1026596    0 
59400:    1.00    7.854    0.004      -1026787    0 
59500:    1.00    8.503    0.004      -1026900    0 
59600:    1.00    8.649    0.004      -1026957    0 
59700:    1.00    8.457    0.004      -1026547    0 
59800:    1.00    8.365    0.004      -1026827    0 
59900:    1.00    8.470    0.004      -1026449    0 
60000:    1.00    8.171    0.004      -1026372    0 

MCMC completed

Inferred ancestry of individuals:
        Label (%Miss) Pop:  Inferred clusters
  1 18160D-09-0    (2)    1 :  1.000 
  2 18160D-09-0    (4)    1 :  1.000 
  3 18160D-09-0    (2)    1 :  1.000 
  4 18160D-09-0    (5)    1 :  1.000 
  5 18160D-09-0    (4)    1 :  1.000 
  6 18160D-09-0    (4)    1 :  1.000 
  7 18160D-09-0    (2)    1 :  1.000 
  8 18160D-09-0    (4)    1 :  1.000 
  9 18160D-09-0    (2)    1 :  1.000 
 10 18160D-09-1    (2)    1 :  1.000 
 11 18160D-09-1    (2)    1 :  1.000 
 12 18160D-09-1    (2)    1 :  1.000 
 13 18160D-09-1    (5)    1 :  1.000 
 14 18160D-09-1   (18)    1 :  1.000 
 15 18160D-09-1    (4)    1 :  1.000 
 16 18160D-09-1    (2)    1 :  1.000 
 17 18160D-09-1    (2)    1 :  1.000 
 18 18160D-09-1    (2)    1 :  1.000 
 19 18160D-09-1    (2)    1 :  1.000 
 20 18160D-09-2    (5)    1 :  1.000 
 21 18160D-09-2    (5)    1 :  1.000 
 22 18160D-09-2    (5)    1 :  1.000 
 23 18160D-09-2    (2)    1 :  1.000 

Command line arguments:   structure -D 769802 -K 1 -m mainparams -o k1/populations_k1_run6 
Input File:    populations.str
Output File:   k1/populations_k1_run6_f

Run parameters:
   23 individuals
   50160 loci
   1 populations assumed
   10000 Burn-in period
   50000 Reps
RANDOMIZE turned off

--------------------------------------------
Estimated Ln Prob of Data   = -1038792.1
Mean value of ln likelihood = -1026632.3
Variance of ln likelihood   = 24319.6

Mean value of Fst_1         = 0.0044


--------------------------------------------
Proportion of membership of each pre-defined
 population in each of the 1 clusters

Given    Inferred Clusters       Number of
 Pop       1                    Individuals

  1:     1.000                     23
--------------------------------------------
Final results printed to file k1/populations_k1_run6_f

