

----------------------------------------------------
STRUCTURE by Pritchard, Stephens and Donnelly (2000)
     and Falush, Stephens and Pritchard (2003)
       Code by Pritchard, Falush and Hubisz
             Version 2.3.4 (Jul 2012)
----------------------------------------------------


Reading file "mainparams".
datafile is
populations.str
Reading file "extraparams".
Reading file "populations.str".


Data file "populations.str" (truncated) --

Ind:   Label Pop : Genotype_data . . . .
  1: 18160D-09-0    1  :  4   1   3   1   4   1   3  . . . .   2
  1: 18160D-09-0    1  :  4   1   3   1   4   4   4  . . . .   4
  2: 18160D-09-0    1  :  4   1   3   1   4   1   3  . . . .   2
  2: 18160D-09-0    1  :  4   1   3   1   4   4   3  . . . .   4
  3: 18160D-09-0    1  :  4   1   0   0   0   0   3  . . . .   2
  3: 18160D-09-0    1  :  4   3   0   0   0   0   3  . . . .   4
  4: 18160D-09-0    1  :  4   1   3   1   4   1   3  . . . .   2
  4: 18160D-09-0    1  :  4   3   3   1   4   1   3  . . . .   4

      *******   

 22: 18160D-09-2    1  :  4   1   3   1   4   1   3  . . . .   2
 22: 18160D-09-2    1  :  4   3   3   1   4   1   4  . . . .   4
 23: 18160D-09-2    1  :  4   1   3   1   4   1   3  . . . .   2
 23: 18160D-09-2    1  :  4   1   3   1   4   4   4  . . . .   4

Number of alleles per locus: min= 2; ave=2.0; max= 2


--------------------------------------

Finished initialization; starting MCMC 
50000 iterations + 10000 burnin


 Rep#:   Lambda   Alpha      F1       Ln Like 
  100:    1.00    0.829    0.010      --  
  200:    1.00    0.838    0.010      --  
  300:    1.00    0.529    0.010      --  
  400:    1.00    0.654    0.010      --  
  500:    1.00    0.566    0.010      --  
  600:    1.00    0.727    0.010      --  
  700:    1.00    0.797    0.010      --  
  800:    1.00    0.803    0.010      --  
  900:    1.00    0.610    0.010      --  

 Rep#:   Lambda   Alpha      F1       Ln Like 
 1000:    1.00    0.549    0.010      --  
 1100:    1.00    0.363    0.009      --  
 1200:    1.00    0.088    0.009      --  
 1300:    1.00    0.096    0.009      --  
 1400:    1.00    0.062    0.009      --  
 1500:    1.00    0.183    0.009      --  
 1600:    1.00    0.139    0.009      --  
 1700:    1.00    0.145    0.009      --  
 1800:    1.00    0.007    0.009      --  
 1900:    1.00    0.248    0.009      --  

 Rep#:   Lambda   Alpha      F1       Ln Like 
 2000:    1.00    0.076    0.009      --  
 2100:    1.00    0.220    0.009      --  
 2200:    1.00    0.014    0.009      --  
 2300:    1.00    0.057    0.009      --  
 2400:    1.00    0.421    0.009      --  
 2500:    1.00    0.135    0.009      --  
 2600:    1.00    0.349    0.009      --  
 2700:    1.00    0.550    0.009      --  
 2800:    1.00    0.882    0.009      --  
 2900:    1.00    0.750    0.009      --  

 Rep#:   Lambda   Alpha      F1       Ln Like 
 3000:    1.00    0.708    0.009      --  
 3100:    1.00    0.979    0.009      --  
 3200:    1.00    0.649    0.009      --  
 3300:    1.00    0.338    0.009      --  
 3400:    1.00    0.631    0.009      --  
 3500:    1.00    0.476    0.009      --  
 3600:    1.00    0.551    0.009      --  
 3700:    1.00    0.971    0.009      --  
 3800:    1.00    1.177    0.009      --  
 3900:    1.00    0.956    0.009      --  

 Rep#:   Lambda   Alpha      F1       Ln Like 
 4000:    1.00    1.489    0.009      --  
 4100:    1.00    1.793    0.009      --  
 4200:    1.00    1.263    0.009      --  
 4300:    1.00    1.114    0.008      --  
 4400:    1.00    1.508    0.008      --  
 4500:    1.00    1.180    0.008      --  
 4600:    1.00    0.801    0.008      --  
 4700:    1.00    0.795    0.008      --  
 4800:    1.00    0.930    0.008      --  
 4900:    1.00    1.073    0.008      --  

 Rep#:   Lambda   Alpha      F1       Ln Like 
 5000:    1.00    1.411    0.008      --  
 5100:    1.00    1.018    0.008      --  
 5200:    1.00    0.792    0.008      --  
 5300:    1.00    0.876    0.008      --  
 5400:    1.00    0.565    0.008      --  
 5500:    1.00    0.360    0.008      --  
 5600:    1.00    1.035    0.008      --  
 5700:    1.00    0.977    0.008      --  
 5800:    1.00    0.873    0.008      --  
 5900:    1.00    0.945    0.008      --  

 Rep#:   Lambda   Alpha      F1       Ln Like 
 6000:    1.00    0.805    0.008      --  
 6100:    1.00    0.975    0.008      --  
 6200:    1.00    1.135    0.008      --  
 6300:    1.00    0.914    0.008      --  
 6400:    1.00    1.072    0.008      --  
 6500:    1.00    1.476    0.008      --  
 6600:    1.00    1.419    0.007      --  
 6700:    1.00    1.442    0.007      --  
 6800:    1.00    1.989    0.007      --  
 6900:    1.00    1.968    0.007      --  

 Rep#:   Lambda   Alpha      F1       Ln Like 
 7000:    1.00    1.234    0.007      --  
 7100:    1.00    1.286    0.007      --  
 7200:    1.00    1.037    0.007      --  
 7300:    1.00    1.498    0.007      --  
 7400:    1.00    1.778    0.007      --  
 7500:    1.00    2.032    0.007      --  
 7600:    1.00    2.287    0.007      --  
 7700:    1.00    2.010    0.007      --  
 7800:    1.00    1.718    0.007      --  
 7900:    1.00    2.038    0.007      --  

 Rep#:   Lambda   Alpha      F1       Ln Like 
 8000:    1.00    2.198    0.007      --  
 8100:    1.00    2.301    0.007      --  
 8200:    1.00    2.759    0.007      --  
 8300:    1.00    2.910    0.007      --  
 8400:    1.00    3.127    0.007      --  
 8500:    1.00    2.822    0.007      --  
 8600:    1.00    2.616    0.007      --  
 8700:    1.00    2.753    0.007      --  
 8800:    1.00    2.913    0.007      --  
 8900:    1.00    2.980    0.007      --  

 Rep#:   Lambda   Alpha      F1       Ln Like 
 9000:    1.00    3.309    0.007      --  
 9100:    1.00    3.204    0.007      --  
 9200:    1.00    3.071    0.007      --  
 9300:    1.00    3.401    0.007      --  
 9400:    1.00    3.767    0.007      --  
 9500:    1.00    3.865    0.007      --  
 9600:    1.00    3.636    0.007      --  
 9700:    1.00    3.631    0.007      --  
 9800:    1.00    3.483    0.007      --  
 9900:    1.00    3.705    0.007      --  
10000:    1.00    3.511    0.007      --  

BURNIN completed
 Rep#:   Lambda   Alpha      F1       Ln Like  Est Ln P(D)
10100:    1.00    3.759    0.006      -1026492    0 
10200:    1.00    3.962    0.006      -1026829    0 
10300:    1.00    4.033    0.006      -1026876    0 
10400:    1.00    3.769    0.006      -1026576    0 
10500:    1.00    3.728    0.006      -1026573    0 
10600:    1.00    3.319    0.006      -1026676    0 
10700:    1.00    2.769    0.006      -1026821    0 
10800:    1.00    2.619    0.006      -1026438    0 
10900:    1.00    2.659    0.006      -1026459    0 

 Rep#:   Lambda   Alpha      F1       Ln Like  Est Ln P(D)
11000:    1.00    2.554    0.006      -1026486    0 
11100:    1.00    2.569    0.006      -1026673    0 
11200:    1.00    2.225    0.006      -1026622    0 
11300:    1.00    2.644    0.006      -1026510    0 
11400:    1.00    2.945    0.006      -1026402    0 
11500:    1.00    2.641    0.006      -1026440    0 
11600:    1.00    2.372    0.006      -1026585    0 
11700:    1.00    2.000    0.006      -1026758    0 
11800:    1.00    1.876    0.006      -1026720    0 
11900:    1.00    1.666    0.006      -1026848    0 

 Rep#:   Lambda   Alpha      F1       Ln Like  Est Ln P(D)
12000:    1.00    1.831    0.006      -1026519    0 
12100:    1.00    2.246    0.006      -1026577    0 
12200:    1.00    2.163    0.006      -1026589    0 
12300:    1.00    2.128    0.006      -1026732    0 
12400:    1.00    2.281    0.006      -1026770    0 
12500:    1.00    1.893    0.006      -1026805    0 
12600:    1.00    1.660    0.006      -1026414    0 
12700:    1.00    1.415    0.006      -1026500    0 
12800:    1.00    1.506    0.006      -1026660    0 
12900:    1.00    1.658    0.006      -1026796    0 

 Rep#:   Lambda   Alpha      F1       Ln Like  Est Ln P(D)
13000:    1.00    1.521    0.006      -1026658    0 
13100:    1.00    1.356    0.006      -1026404    0 
13200:    1.00    1.136    0.006      -1026599    0 
13300:    1.00    0.794    0.006      -1026640    0 
13400:    1.00    0.604    0.006      -1026500    0 
13500:    1.00    0.445    0.006      -1026654    0 
13600:    1.00    0.387    0.006      -1026481    0 
13700:    1.00    0.314    0.006      -1026530    0 
13800:    1.00    0.025    0.006      -1026714    0 
13900:    1.00    0.022    0.006      -1026813    0 

 Rep#:   Lambda   Alpha      F1       Ln Like  Est Ln P(D)
14000:    1.00    0.047    0.006      -1026340    0 
14100:    1.00    0.192    0.006      -1026696    0 
14200:    1.00    0.368    0.006      -1026827    0 
14300:    1.00    0.750    0.006      -1026927    0 
14400:    1.00    0.450    0.006      -1026368    0 
14500:    1.00    0.571    0.006      -1026460    0 
14600:    1.00    0.906    0.006      -1026547    0 
14700:    1.00    1.155    0.006      -1026571    0 
14800:    1.00    1.152    0.006      -1026691    0 
14900:    1.00    0.547    0.006      -1026685    0 

 Rep#:   Lambda   Alpha      F1       Ln Like  Est Ln P(D)
15000:    1.00    0.696    0.006      -1026835    0 
15100:    1.00    0.971    0.006      -1026789    0 
15200:    1.00    1.186    0.006      -1026534    0 
15300:    1.00    1.467    0.006      -1026599    0 
15400:    1.00    2.024    0.006      -1026553    0 
15500:    1.00    1.949    0.006      -1026468    0 
15600:    1.00    1.653    0.006      -1026798    0 
15700:    1.00    1.854    0.006      -1026621    0 
15800:    1.00    2.028    0.006      -1026642    0 
15900:    1.00    1.711    0.006      -1026398    0 

 Rep#:   Lambda   Alpha      F1       Ln Like  Est Ln P(D)
16000:    1.00    1.753    0.006      -1026794    0 
16100:    1.00    2.068    0.006      -1026602    0 
16200:    1.00    2.105    0.006      -1026552    0 
16300:    1.00    2.207    0.006      -1026895    0 
16400:    1.00    2.038    0.006      -1026405    0 
16500:    1.00    1.848    0.006      -1026520    0 
16600:    1.00    2.201    0.006      -1026546    0 
16700:    1.00    2.342    0.006      -1026900    0 
16800:    1.00    2.316    0.006      -1026281    0 
16900:    1.00    2.231    0.006      -1026691    0 

 Rep#:   Lambda   Alpha      F1       Ln Like  Est Ln P(D)
17000:    1.00    2.573    0.006      -1026536    0 
17100:    1.00    2.130    0.006      -1026734    0 
17200:    1.00    2.374    0.006      -1026475    0 
17300:    1.00    1.934    0.006      -1026548    0 
17400:    1.00    1.801    0.006      -1026790    0 
17500:    1.00    1.666    0.006      -1026511    0 
17600:    1.00    1.331    0.006      -1026291    0 
17700:    1.00    1.192    0.006      -1026536    0 
17800:    1.00    1.070    0.006      -1026476    0 
17900:    1.00    1.291    0.006      -1026561    0 

 Rep#:   Lambda   Alpha      F1       Ln Like  Est Ln P(D)
18000:    1.00    1.386    0.006      -1026939    0 
18100:    1.00    1.243    0.006      -1026788    0 
18200:    1.00    0.957    0.006      -1026579    0 
18300:    1.00    1.262    0.006      -1026544    0 
18400:    1.00    1.891    0.006      -1026792    0 
18500:    1.00    2.081    0.006      -1026478    0 
18600:    1.00    1.941    0.006      -1026639    0 
18700:    1.00    2.081    0.006      -1026613    0 
18800:    1.00    1.662    0.006      -1026673    0 
18900:    1.00    1.291    0.006      -1026513    0 

 Rep#:   Lambda   Alpha      F1       Ln Like  Est Ln P(D)
19000:    1.00    0.865    0.006      -1026631    0 
19100:    1.00    1.036    0.006      -1026591    0 
19200:    1.00    1.045    0.006      -1026712    0 
19300:    1.00    1.360    0.006      -1026586    0 
19400:    1.00    1.152    0.006      -1026705    0 
19500:    1.00    1.370    0.006      -1026628    0 
19600:    1.00    1.009    0.006      -1026520    0 
19700:    1.00    1.159    0.006      -1026527    0 
19800:    1.00    1.456    0.006      -1026556    0 
19900:    1.00    1.370    0.006      -1026609    0 

 Rep#:   Lambda   Alpha      F1       Ln Like  Est Ln P(D)
20000:    1.00    1.112    0.006      -1026843    0 
20100:    1.00    1.047    0.006      -1026820    0 
20200:    1.00    0.959    0.006      -1026825    0 
20300:    1.00    0.871    0.006      -1026618    0 
20400:    1.00    0.572    0.006      -1026861    0 
20500:    1.00    1.002    0.006      -1026785    0 
20600:    1.00    1.184    0.006      -1026651    0 
20700:    1.00    1.332    0.006      -1026561    0 
20800:    1.00    1.055    0.006      -1026753    0 
20900:    1.00    1.083    0.006      -1026716    0 

 Rep#:   Lambda   Alpha      F1       Ln Like  Est Ln P(D)
21000:    1.00    1.392    0.006      -1026652    0 
21100:    1.00    1.327    0.006      -1026705    0 
21200:    1.00    1.467    0.006      -1026340    0 
21300:    1.00    1.656    0.006      -1026547    0 
21400:    1.00    1.414    0.006      -1026712    0 
21500:    1.00    1.682    0.006      -1026502    0 
21600:    1.00    1.605    0.005      -1026324    0 
21700:    1.00    1.383    0.006      -1026444    0 
21800:    1.00    1.454    0.006      -1026687    0 
21900:    1.00    1.459    0.006      -1026582    0 

 Rep#:   Lambda   Alpha      F1       Ln Like  Est Ln P(D)
22000:    1.00    1.444    0.006      -1026368    0 
22100:    1.00    1.192    0.006      -1026620    0 
22200:    1.00    0.713    0.006      -1026227    0 
22300:    1.00    0.803    0.006      -1026704    0 
22400:    1.00    1.099    0.006      -1026638    0 
22500:    1.00    1.304    0.006      -1026519    0 
22600:    1.00    1.710    0.006      -1026545    0 
22700:    1.00    2.093    0.006      -1026559    0 
22800:    1.00    2.001    0.006      -1026388    0 
22900:    1.00    1.705    0.006      -1026551    0 

 Rep#:   Lambda   Alpha      F1       Ln Like  Est Ln P(D)
23000:    1.00    1.798    0.006      -1026583    0 
23100:    1.00    1.999    0.006      -1026454    0 
23200:    1.00    2.205    0.006      -1026761    0 
23300:    1.00    2.138    0.006      -1026488    0 
23400:    1.00    2.491    0.006      -1026544    0 
23500:    1.00    2.607    0.006      -1026817    0 
23600:    1.00    1.957    0.006      -1026668    0 
23700:    1.00    2.408    0.006      -1026663    0 
23800:    1.00    2.159    0.006      -1026424    0 
23900:    1.00    2.341    0.006      -1026834    0 

 Rep#:   Lambda   Alpha      F1       Ln Like  Est Ln P(D)
24000:    1.00    2.435    0.006      -1026771    0 
24100:    1.00    2.683    0.006      -1026846    0 
24200:    1.00    2.609    0.005      -1026678    0 
24300:    1.00    2.871    0.005      -1026333    0 
24400:    1.00    2.895    0.005      -1026688    0 
24500:    1.00    2.594    0.005      -1026785    0 
24600:    1.00    2.373    0.005      -1026708    0 
24700:    1.00    2.351    0.005      -1026453    0 
24800:    1.00    1.962    0.005      -1026632    0 
24900:    1.00    1.788    0.005      -1026845    0 

 Rep#:   Lambda   Alpha      F1       Ln Like  Est Ln P(D)
25000:    1.00    1.636    0.005      -1026582    0 
25100:    1.00    1.638    0.005      -1026766    0 
25200:    1.00    1.550    0.005      -1026687    0 
25300:    1.00    1.401    0.005      -1026895    0 
25400:    1.00    1.318    0.005      -1026751    0 
25500:    1.00    1.019    0.005      -1026563    0 
25600:    1.00    0.686    0.005      -1026654    0 
25700:    1.00    0.972    0.005      -1026725    0 
25800:    1.00    1.292    0.005      -1026449    0 
25900:    1.00    1.467    0.005      -1026459    0 

 Rep#:   Lambda   Alpha      F1       Ln Like  Est Ln P(D)
26000:    1.00    1.510    0.005      -1026618    0 
26100:    1.00    1.246    0.005      -1026762    0 
26200:    1.00    1.643    0.005      -1026439    0 
26300:    1.00    1.025    0.005      -1026592    0 
26400:    1.00    0.571    0.005      -1026594    0 
26500:    1.00    0.668    0.005      -1026457    0 
26600:    1.00    0.760    0.005      -1026402    0 
26700:    1.00    0.545    0.005      -1027059    0 
26800:    1.00    0.311    0.005      -1026647    0 
26900:    1.00    0.169    0.005      -1026653    0 

 Rep#:   Lambda   Alpha      F1       Ln Like  Est Ln P(D)
27000:    1.00    0.050    0.005      -1026665    0 
27100:    1.00    0.216    0.005      -1026962    0 
27200:    1.00    0.691    0.005      -1026480    0 
27300:    1.00    0.275    0.005      -1026782    0 
27400:    1.00    0.363    0.005      -1026750    0 
27500:    1.00    0.868    0.005      -1026403    0 
27600:    1.00    1.084    0.005      -1026600    0 
27700:    1.00    1.124    0.005      -1026679    0 
27800:    1.00    1.058    0.005      -1026879    0 
27900:    1.00    0.569    0.005      -1026755    0 

 Rep#:   Lambda   Alpha      F1       Ln Like  Est Ln P(D)
28000:    1.00    1.038    0.005      -1026637    0 
28100:    1.00    0.997    0.005      -1026276    0 
28200:    1.00    1.070    0.005      -1026637    0 
28300:    1.00    0.771    0.005      -1026518    0 
28400:    1.00    0.980    0.005      -1026607    0 
28500:    1.00    0.831    0.005      -1026524    0 
28600:    1.00    0.984    0.005      -1026826    0 
28700:    1.00    1.045    0.005      -1026685    0 
28800:    1.00    1.141    0.005      -1026756    0 
28900:    1.00    1.047    0.005      -1026484    0 

 Rep#:   Lambda   Alpha      F1       Ln Like  Est Ln P(D)
29000:    1.00    0.857    0.005      -1026766    0 
29100:    1.00    0.985    0.005      -1026532    0 
29200:    1.00    0.892    0.005      -1026814    0 
29300:    1.00    0.848    0.005      -1026810    0 
29400:    1.00    0.883    0.005      -1026586    0 
29500:    1.00    1.072    0.005      -1026715    0 
29600:    1.00    0.955    0.005      -1026690    0 
29700:    1.00    0.791    0.005      -1026663    0 
29800:    1.00    1.286    0.005      -1026692    0 
29900:    1.00    1.229    0.005      -1026771    0 

 Rep#:   Lambda   Alpha      F1       Ln Like  Est Ln P(D)
30000:    1.00    1.292    0.005      -1026755    0 
30100:    1.00    1.485    0.005      -1026648    0 
30200:    1.00    1.605    0.005      -1026678    0 
30300:    1.00    1.904    0.005      -1026818    0 
30400:    1.00    1.929    0.005      -1026449    0 
30500:    1.00    2.065    0.005      -1026575    0 
30600:    1.00    1.771    0.005      -1026750    0 
30700:    1.00    1.795    0.005      -1026633    0 
30800:    1.00    1.439    0.005      -1026566    0 
30900:    1.00    1.277    0.005      -1026681    0 

 Rep#:   Lambda   Alpha      F1       Ln Like  Est Ln P(D)
31000:    1.00    1.559    0.005      -1026448    0 
31100:    1.00    1.261    0.005      -1026920    0 
31200:    1.00    1.154    0.005      -1026736    0 
31300:    1.00    0.882    0.005      -1026767    0 
31400:    1.00    1.113    0.005      -1026594    0 
31500:    1.00    1.031    0.005      -1026723    0 
31600:    1.00    0.998    0.005      -1026388    0 
31700:    1.00    0.792    0.005      -1026742    0 
31800:    1.00    0.982    0.005      -1026634    0 
31900:    1.00    0.927    0.005      -1026738    0 

 Rep#:   Lambda   Alpha      F1       Ln Like  Est Ln P(D)
32000:    1.00    0.860    0.005      -1026574    0 
32100:    1.00    1.178    0.005      -1026447    0 
32200:    1.00    1.116    0.005      -1026689    0 
32300:    1.00    1.476    0.005      -1026772    0 
32400:    1.00    1.440    0.005      -1026722    0 
32500:    1.00    1.545    0.005      -1026656    0 
32600:    1.00    1.520    0.005      -1026244    0 
32700:    1.00    1.589    0.005      -1026788    0 
32800:    1.00    2.133    0.005      -1026667    0 
32900:    1.00    1.669    0.005      -1026680    0 

 Rep#:   Lambda   Alpha      F1       Ln Like  Est Ln P(D)
33000:    1.00    1.779    0.005      -1026670    0 
33100:    1.00    1.327    0.005      -1026568    0 
33200:    1.00    1.257    0.005      -1026771    0 
33300:    1.00    0.826    0.005      -1026902    0 
33400:    1.00    0.794    0.005      -1026895    0 
33500:    1.00    0.736    0.005      -1026600    0 
33600:    1.00    0.544    0.005      -1026701    0 
33700:    1.00    0.830    0.005      -1026789    0 
33800:    1.00    0.973    0.005      -1026721    0 
33900:    1.00    1.262    0.005      -1026478    0 

 Rep#:   Lambda   Alpha      F1       Ln Like  Est Ln P(D)
34000:    1.00    1.530    0.005      -1026648    0 
34100:    1.00    1.688    0.005      -1026561    0 
34200:    1.00    1.660    0.005      -1026760    0 
34300:    1.00    1.691    0.005      -1026584    0 
34400:    1.00    2.081    0.005      -1026547    0 
34500:    1.00    2.214    0.005      -1026555    0 
34600:    1.00    2.236    0.005      -1026780    0 
34700:    1.00    2.424    0.005      -1026385    0 
34800:    1.00    2.056    0.005      -1026932    0 
34900:    1.00    2.138    0.005      -1026766    0 

 Rep#:   Lambda   Alpha      F1       Ln Like  Est Ln P(D)
35000:    1.00    2.304    0.005      -1026494    0 
35100:    1.00    2.147    0.005      -1026783    0 
35200:    1.00    2.104    0.005      -1026866    0 
35300:    1.00    2.378    0.005      -1026702    0 
35400:    1.00    1.889    0.005      -1026613    0 
35500:    1.00    1.852    0.005      -1026513    0 
35600:    1.00    1.974    0.005      -1026434    0 
35700:    1.00    2.177    0.005      -1026506    0 
35800:    1.00    2.166    0.005      -1026700    0 
35900:    1.00    2.156    0.005      -1026718    0 

 Rep#:   Lambda   Alpha      F1       Ln Like  Est Ln P(D)
36000:    1.00    2.121    0.005      -1026635    0 
36100:    1.00    2.506    0.005      -1026730    0 
36200:    1.00    2.716    0.005      -1026457    0 
36300:    1.00    3.073    0.005      -1026846    0 
36400:    1.00    3.513    0.005      -1026964    0 
36500:    1.00    3.606    0.005      -1026484    0 
36600:    1.00    3.700    0.005      -1026477    0 
36700:    1.00    3.884    0.005      -1026652    0 
36800:    1.00    4.080    0.005      -1026444    0 
36900:    1.00    3.976    0.005      -1027001    0 

 Rep#:   Lambda   Alpha      F1       Ln Like  Est Ln P(D)
37000:    1.00    3.417    0.005      -1026696    0 
37100:    1.00    3.353    0.005      -1026688    0 
37200:    1.00    2.839    0.005      -1026677    0 
37300:    1.00    2.888    0.005      -1026413    0 
37400:    1.00    2.529    0.005      -1026457    0 
37500:    1.00    2.661    0.005      -1026837    0 
37600:    1.00    2.579    0.005      -1026979    0 
37700:    1.00    2.716    0.005      -1026518    0 
37800:    1.00    2.379    0.005      -1026737    0 
37900:    1.00    1.917    0.005      -1026829    0 

 Rep#:   Lambda   Alpha      F1       Ln Like  Est Ln P(D)
38000:    1.00    1.864    0.005      -1026460    0 
38100:    1.00    1.907    0.005      -1026752    0 
38200:    1.00    1.848    0.005      -1026587    0 
38300:    1.00    2.015    0.005      -1026740    0 
38400:    1.00    1.640    0.005      -1026600    0 
38500:    1.00    1.051    0.005      -1027029    0 
38600:    1.00    0.963    0.005      -1026549    0 
38700:    1.00    0.974    0.005      -1026208    0 
38800:    1.00    0.955    0.005      -1026536    0 
38900:    1.00    0.955    0.005      -1026632    0 

 Rep#:   Lambda   Alpha      F1       Ln Like  Est Ln P(D)
39000:    1.00    0.766    0.005      -1026889    0 
39100:    1.00    0.793    0.005      -1026469    0 
39200:    1.00    0.521    0.005      -1026465    0 
39300:    1.00    0.142    0.005      -1026830    0 
39400:    1.00    0.165    0.005      -1026523    0 
39500:    1.00    0.499    0.005      -1026724    0 
39600:    1.00    0.235    0.005      -1026518    0 
39700:    1.00    0.037    0.005      -1026323    0 
39800:    1.00    0.166    0.005      -1026508    0 
39900:    1.00    0.207    0.005      -1026521    0 

 Rep#:   Lambda   Alpha      F1       Ln Like  Est Ln P(D)
40000:    1.00    0.043    0.005      -1026485    0 
40100:    1.00    0.237    0.005      -1026543    0 
40200:    1.00    0.529    0.005      -1026444    0 
40300:    1.00    0.059    0.005      -1026242    0 
40400:    1.00    0.304    0.005      -1026864    0 
40500:    1.00    0.435    0.005      -1026701    0 
40600:    1.00    0.435    0.005      -1026634    0 
40700:    1.00    0.653    0.005      -1026601    0 
40800:    1.00    0.473    0.005      -1026658    0 
40900:    1.00    0.145    0.005      -1026734    0 

 Rep#:   Lambda   Alpha      F1       Ln Like  Est Ln P(D)
41000:    1.00    0.368    0.005      -1026331    0 
41100:    1.00    0.498    0.005      -1026571    0 
41200:    1.00    0.302    0.005      -1026632    0 
41300:    1.00    0.062    0.005      -1026638    0 
41400:    1.00    0.496    0.005      -1026369    0 
41500:    1.00    0.462    0.005      -1026730    0 
41600:    1.00    0.408    0.005      -1026468    0 
41700:    1.00    0.359    0.005      -1026406    0 
41800:    1.00    0.202    0.005      -1026774    0 
41900:    1.00    0.234    0.005      -1026551    0 

 Rep#:   Lambda   Alpha      F1       Ln Like  Est Ln P(D)
42000:    1.00    0.452    0.005      -1026732    0 
42100:    1.00    0.531    0.005      -1026539    0 
42200:    1.00    0.676    0.005      -1026818    0 
42300:    1.00    0.948    0.004      -1026800    0 
42400:    1.00    0.744    0.004      -1026586    0 
42500:    1.00    0.653    0.004      -1026300    0 
42600:    1.00    0.628    0.004      -1026459    0 
42700:    1.00    0.455    0.004      -1026485    0 
42800:    1.00    0.398    0.004      -1026931    0 
42900:    1.00    0.472    0.004      -1026669    0 

 Rep#:   Lambda   Alpha      F1       Ln Like  Est Ln P(D)
43000:    1.00    0.717    0.004      -1026788    0 
43100:    1.00    1.199    0.004      -1026456    0 
43200:    1.00    1.210    0.004      -1026590    0 
43300:    1.00    1.227    0.004      -1026789    0 
43400:    1.00    1.466    0.004      -1026489    0 
43500:    1.00    1.513    0.004      -1026665    0 
43600:    1.00    1.247    0.004      -1026569    0 
43700:    1.00    1.139    0.004      -1026541    0 
43800:    1.00    1.467    0.004      -1026376    0 
43900:    1.00    1.342    0.004      -1026653    0 

 Rep#:   Lambda   Alpha      F1       Ln Like  Est Ln P(D)
44000:    1.00    0.835    0.004      -1026666    0 
44100:    1.00    1.178    0.004      -1026612    0 
44200:    1.00    1.209    0.004      -1026791    0 
44300:    1.00    1.298    0.004      -1026726    0 
44400:    1.00    1.147    0.004      -1026839    0 
44500:    1.00    0.877    0.004      -1026568    0 
44600:    1.00    0.771    0.004      -1026553    0 
44700:    1.00    0.962    0.004      -1026295    0 
44800:    1.00    0.864    0.004      -1026895    0 
44900:    1.00    1.134    0.004      -1026626    0 

 Rep#:   Lambda   Alpha      F1       Ln Like  Est Ln P(D)
45000:    1.00    0.851    0.004      -1026561    0 
45100:    1.00    1.188    0.004      -1026623    0 
45200:    1.00    1.091    0.004      -1026640    0 
45300:    1.00    1.193    0.004      -1026393    0 
45400:    1.00    1.364    0.004      -1026545    0 
45500:    1.00    1.045    0.004      -1026652    0 
45600:    1.00    1.319    0.004      -1026532    0 
45700:    1.00    1.168    0.004      -1026242    0 
45800:    1.00    1.188    0.004      -1026660    0 
45900:    1.00    1.222    0.004      -1026508    0 

 Rep#:   Lambda   Alpha      F1       Ln Like  Est Ln P(D)
46000:    1.00    1.111    0.004      -1026707    0 
46100:    1.00    1.110    0.004      -1026891    0 
46200:    1.00    0.833    0.004      -1026642    0 
46300:    1.00    0.694    0.004      -1026440    0 
46400:    1.00    0.639    0.004      -1026482    0 
46500:    1.00    0.617    0.004      -1026505    0 
46600:    1.00    0.871    0.004      -1026771    0 
46700:    1.00    0.687    0.004      -1026865    0 
46800:    1.00    0.891    0.004      -1026570    0 
46900:    1.00    0.663    0.004      -1026607    0 

 Rep#:   Lambda   Alpha      F1       Ln Like  Est Ln P(D)
47000:    1.00    0.621    0.004      -1026800    0 
47100:    1.00    1.126    0.004      -1026710    0 
47200:    1.00    0.870    0.004      -1026524    0 
47300:    1.00    0.541    0.004      -1026702    0 
47400:    1.00    0.845    0.004      -1026733    0 
47500:    1.00    1.067    0.004      -1026716    0 
47600:    1.00    1.126    0.004      -1026643    0 
47700:    1.00    1.088    0.004      -1026530    0 
47800:    1.00    1.148    0.004      -1026413    0 
47900:    1.00    1.265    0.004      -1026865    0 

 Rep#:   Lambda   Alpha      F1       Ln Like  Est Ln P(D)
48000:    1.00    1.196    0.004      -1026514    0 
48100:    1.00    1.250    0.004      -1026742    0 
48200:    1.00    1.501    0.004      -1026431    0 
48300:    1.00    1.616    0.004      -1026669    0 
48400:    1.00    1.552    0.004      -1026668    0 
48500:    1.00    1.046    0.004      -1026267    0 
48600:    1.00    0.845    0.004      -1026774    0 
48700:    1.00    0.730    0.004      -1026508    0 
48800:    1.00    0.795    0.004      -1026909    0 
48900:    1.00    0.717    0.004      -1026640    0 

 Rep#:   Lambda   Alpha      F1       Ln Like  Est Ln P(D)
49000:    1.00    0.513    0.004      -1026696    0 
49100:    1.00    0.842    0.004      -1026919    0 
49200:    1.00    1.207    0.004      -1026501    0 
49300:    1.00    0.851    0.004      -1026675    0 
49400:    1.00    0.723    0.004      -1026611    0 
49500:    1.00    0.580    0.004      -1026597    0 
49600:    1.00    0.453    0.004      -1026554    0 
49700:    1.00    0.430    0.004      -1026677    0 
49800:    1.00    0.148    0.004      -1026664    0 
49900:    1.00    0.474    0.004      -1026833    0 

 Rep#:   Lambda   Alpha      F1       Ln Like  Est Ln P(D)
50000:    1.00    0.148    0.004      -1026412    0 
50100:    1.00    0.161    0.004      -1026853    0 
50200:    1.00    0.192    0.004      -1026380    0 
50300:    1.00    0.478    0.004      -1026771    0 
50400:    1.00    0.512    0.004      -1026668    0 
50500:    1.00    0.506    0.004      -1026595    0 
50600:    1.00    0.275    0.004      -1026631    0 
50700:    1.00    0.057    0.004      -1026722    0 
50800:    1.00    0.035    0.004      -1026915    0 
50900:    1.00    0.003    0.004      -1026487    0 

 Rep#:   Lambda   Alpha      F1       Ln Like  Est Ln P(D)
51000:    1.00    0.110    0.004      -1026713    0 
51100:    1.00    0.005    0.004      -1026598    0 
51200:    1.00    0.133    0.004      -1026568    0 
51300:    1.00    0.094    0.004      -1026860    0 
51400:    1.00    0.097    0.004      -1026747    0 
51500:    1.00    0.050    0.004      -1026749    0 
51600:    1.00    0.291    0.004      -1026469    0 
51700:    1.00    0.178    0.004      -1026809    0 
51800:    1.00    0.015    0.004      -1026538    0 
51900:    1.00    0.404    0.004      -1026656    0 

 Rep#:   Lambda   Alpha      F1       Ln Like  Est Ln P(D)
52000:    1.00    0.927    0.004      -1026851    0 
52100:    1.00    1.325    0.004      -1026706    0 
52200:    1.00    1.485    0.004      -1026775    0 
52300:    1.00    1.410    0.004      -1026581    0 
52400:    1.00    1.405    0.004      -1026755    0 
52500:    1.00    1.298    0.004      -1026759    0 
52600:    1.00    1.595    0.004      -1026598    0 
52700:    1.00    1.643    0.004      -1026786    0 
52800:    1.00    1.769    0.004      -1026666    0 
52900:    1.00    2.057    0.004      -1026423    0 

 Rep#:   Lambda   Alpha      F1       Ln Like  Est Ln P(D)
53000:    1.00    1.793    0.004      -1026464    0 
53100:    1.00    1.711    0.004      -1026604    0 
53200:    1.00    1.504    0.004      -1026790    0 
53300:    1.00    1.663    0.004      -1026762    0 
53400:    1.00    1.737    0.004      -1026667    0 
53500:    1.00    2.035    0.004      -1026671    0 
53600:    1.00    2.283    0.004      -1026603    0 
53700:    1.00    2.142    0.004      -1026812    0 
53800:    1.00    1.832    0.004      -1026561    0 
53900:    1.00    1.829    0.004      -1026505    0 

 Rep#:   Lambda   Alpha      F1       Ln Like  Est Ln P(D)
54000:    1.00    1.744    0.004      -1027038    0 
54100:    1.00    2.062    0.004      -1026764    0 
54200:    1.00    2.375    0.004      -1026636    0 
54300:    1.00    2.669    0.004      -1026739    0 
54400:    1.00    2.849    0.004      -1026779    0 
54500:    1.00    2.822    0.004      -1026710    0 
54600:    1.00    3.245    0.004      -1026628    0 
54700:    1.00    3.122    0.004      -1026687    0 
54800:    1.00    3.017    0.004      -1026669    0 
54900:    1.00    2.599    0.004      -1026526    0 

 Rep#:   Lambda   Alpha      F1       Ln Like  Est Ln P(D)
55000:    1.00    2.990    0.004      -1026754    0 
55100:    1.00    2.960    0.004      -1026779    0 
55200:    1.00    2.867    0.004      -1026607    0 
55300:    1.00    2.800    0.004      -1026582    0 
55400:    1.00    2.962    0.004      -1026582    0 
55500:    1.00    3.438    0.004      -1026976    0 
55600:    1.00    3.393    0.004      -1026307    0 
55700:    1.00    2.982    0.004      -1026665    0 
55800:    1.00    2.855    0.004      -1026529    0 
55900:    1.00    2.780    0.004      -1026497    0 

 Rep#:   Lambda   Alpha      F1       Ln Like  Est Ln P(D)
56000:    1.00    2.986    0.004      -1026916    0 
56100:    1.00    3.015    0.004      -1026585    0 
56200:    1.00    3.121    0.004      -1026756    0 
56300:    1.00    3.292    0.004      -1026920    0 
56400:    1.00    3.290    0.004      -1026845    0 
56500:    1.00    3.385    0.004      -1026547    0 
56600:    1.00    3.077    0.004      -1026305    0 
56700:    1.00    3.304    0.004      -1026479    0 
56800:    1.00    3.279    0.004      -1026699    0 
56900:    1.00    3.613    0.004      -1026354    0 

 Rep#:   Lambda   Alpha      F1       Ln Like  Est Ln P(D)
57000:    1.00    3.245    0.004      -1026638    0 
57100:    1.00    3.054    0.004      -1026624    0 
57200:    1.00    3.241    0.004      -1026905    0 
57300:    1.00    3.056    0.004      -1026830    0 
57400:    1.00    3.181    0.004      -1026673    0 
57500:    1.00    3.332    0.004      -1026869    0 
57600:    1.00    3.653    0.004      -1026925    0 
57700:    1.00    3.206    0.004      -1026569    0 
57800:    1.00    3.048    0.004      -1026614    0 
57900:    1.00    3.326    0.004      -1026608    0 

 Rep#:   Lambda   Alpha      F1       Ln Like  Est Ln P(D)
58000:    1.00    3.583    0.004      -1026455    0 
58100:    1.00    3.531    0.004      -1026508    0 
58200:    1.00    3.726    0.004      -1026605    0 
58300:    1.00    3.545    0.004      -1027033    0 
58400:    1.00    3.317    0.004      -1026734    0 
58500:    1.00    3.226    0.004      -1026406    0 
58600:    1.00    3.033    0.004      -1026579    0 
58700:    1.00    3.139    0.004      -1026856    0 
58800:    1.00    3.339    0.004      -1026442    0 
58900:    1.00    3.423    0.004      -1026760    0 

 Rep#:   Lambda   Alpha      F1       Ln Like  Est Ln P(D)
59000:    1.00    3.236    0.004      -1026499    0 
59100:    1.00    3.562    0.004      -1026641    0 
59200:    1.00    3.668    0.004      -1026484    0 
59300:    1.00    3.630    0.004      -1026522    0 
59400:    1.00    3.891    0.004      -1026538    0 
59500:    1.00    3.702    0.004      -1026313    0 
59600:    1.00    3.787    0.004      -1026621    0 
59700:    1.00    3.942    0.004      -1026778    0 
59800:    1.00    3.891    0.004      -1026568    0 
59900:    1.00    4.006    0.004      -1026603    0 
60000:    1.00    4.015    0.004      -1026731    0 

MCMC completed

Inferred ancestry of individuals:
        Label (%Miss) Pop:  Inferred clusters
  1 18160D-09-0    (2)    1 :  1.000 
  2 18160D-09-0    (4)    1 :  1.000 
  3 18160D-09-0    (2)    1 :  1.000 
  4 18160D-09-0    (5)    1 :  1.000 
  5 18160D-09-0    (4)    1 :  1.000 
  6 18160D-09-0    (4)    1 :  1.000 
  7 18160D-09-0    (2)    1 :  1.000 
  8 18160D-09-0    (4)    1 :  1.000 
  9 18160D-09-0    (2)    1 :  1.000 
 10 18160D-09-1    (2)    1 :  1.000 
 11 18160D-09-1    (2)    1 :  1.000 
 12 18160D-09-1    (2)    1 :  1.000 
 13 18160D-09-1    (5)    1 :  1.000 
 14 18160D-09-1   (18)    1 :  1.000 
 15 18160D-09-1    (4)    1 :  1.000 
 16 18160D-09-1    (2)    1 :  1.000 
 17 18160D-09-1    (2)    1 :  1.000 
 18 18160D-09-1    (2)    1 :  1.000 
 19 18160D-09-1    (2)    1 :  1.000 
 20 18160D-09-2    (5)    1 :  1.000 
 21 18160D-09-2    (5)    1 :  1.000 
 22 18160D-09-2    (5)    1 :  1.000 
 23 18160D-09-2    (2)    1 :  1.000 

Command line arguments:   structure -D 485329 -K 1 -m mainparams -o k1/populations_k1_run2 
Input File:    populations.str
Output File:   k1/populations_k1_run2_f

Run parameters:
   23 individuals
   50160 loci
   1 populations assumed
   10000 Burn-in period
   50000 Reps
RANDOMIZE turned off

--------------------------------------------
Estimated Ln Prob of Data   = -1038701.5
Mean value of ln likelihood = -1026635.0
Variance of ln likelihood   = 24133.1

Mean value of Fst_1         = 0.0049


--------------------------------------------
Proportion of membership of each pre-defined
 population in each of the 1 clusters

Given    Inferred Clusters       Number of
 Pop       1                    Individuals

  1:     1.000                     23
--------------------------------------------
Final results printed to file k1/populations_k1_run2_f

