

----------------------------------------------------
STRUCTURE by Pritchard, Stephens and Donnelly (2000)
     and Falush, Stephens and Pritchard (2003)
       Code by Pritchard, Falush and Hubisz
             Version 2.3.4 (Jul 2012)
----------------------------------------------------


Reading file "mainparams".
datafile is
populations.str
Reading file "extraparams".
Reading file "populations.str".


Data file "populations.str" (truncated) --

Ind:   Label Pop : Genotype_data . . . .
  1: 18160D-09-0    1  :  4   1   3   1   4   1   3  . . . .   2
  1: 18160D-09-0    1  :  4   1   3   1   4   4   4  . . . .   4
  2: 18160D-09-0    1  :  4   1   3   1   4   1   3  . . . .   2
  2: 18160D-09-0    1  :  4   1   3   1   4   4   3  . . . .   4
  3: 18160D-09-0    1  :  4   1   0   0   0   0   3  . . . .   2
  3: 18160D-09-0    1  :  4   3   0   0   0   0   3  . . . .   4
  4: 18160D-09-0    1  :  4   1   3   1   4   1   3  . . . .   2
  4: 18160D-09-0    1  :  4   3   3   1   4   1   3  . . . .   4

      *******   

 22: 18160D-09-2    1  :  4   1   3   1   4   1   3  . . . .   2
 22: 18160D-09-2    1  :  4   3   3   1   4   1   4  . . . .   4
 23: 18160D-09-2    1  :  4   1   3   1   4   1   3  . . . .   2
 23: 18160D-09-2    1  :  4   1   3   1   4   4   4  . . . .   4

Number of alleles per locus: min= 2; ave=2.0; max= 2


--------------------------------------

Finished initialization; starting MCMC 
50000 iterations + 10000 burnin


--------------------------------------------
Proportion of membership of each pre-defined
 population in each of the 3 clusters

Given    Inferred Clusters       Number of
 Pop       1      2      3      Individuals

  1:     0.318  0.348  0.334       23
--------------------------------------------

 Rep#:   Lambda   Alpha      F1    F2    F3     D1,2  D1,3  D2,3    Ln Like 
  100:    1.00    1.593    0.010 0.010 0.010    0.003 0.003 0.003   --  
  200:    1.00    1.941    0.010 0.010 0.010    0.003 0.003 0.003   --  
  300:    1.00    2.181    0.010 0.010 0.010    0.003 0.003 0.003   --  
  400:    1.00    2.208    0.010 0.010 0.010    0.003 0.003 0.003   --  
  500:    1.00    2.292    0.010 0.010 0.010    0.003 0.003 0.003   --  
  600:    1.00    2.696    0.010 0.010 0.010    0.003 0.003 0.003   --  
  700:    1.00    2.820    0.010 0.010 0.010    0.003 0.003 0.003   --  
  800:    1.00    2.617    0.010 0.010 0.010    0.003 0.003 0.003   --  
  900:    1.00    2.436    0.010 0.010 0.010    0.003 0.003 0.003   --  

--------------------------------------------
Proportion of membership of each pre-defined
 population in each of the 3 clusters

Given    Inferred Clusters       Number of
 Pop       1      2      3      Individuals

  1:     0.358  0.286  0.356       23
--------------------------------------------

 Rep#:   Lambda   Alpha      F1    F2    F3     D1,2  D1,3  D2,3    Ln Like 
 1000:    1.00    1.850    0.010 0.010 0.010    0.003 0.003 0.003   --  
 1100:    1.00    1.559    0.010 0.010 0.010    0.003 0.003 0.003   --  
 1200:    1.00    0.995    0.010 0.010 0.010    0.003 0.003 0.003   --  
 1300:    1.00    0.651    0.010 0.010 0.010    0.003 0.003 0.003   --  
 1400:    1.00    0.563    0.010 0.010 0.010    0.003 0.003 0.003   --  
 1500:    1.00    0.491    0.010 0.010 0.010    0.003 0.003 0.003   --  
 1600:    1.00    0.302    0.010 0.011 0.010    0.003 0.003 0.003   --  
 1700:    1.00    0.166    0.010 0.011 0.010    0.003 0.003 0.003   --  
 1800:    1.00    0.171    0.010 0.012 0.010    0.003 0.003 0.003   --  
 1900:    1.00    0.115    0.010 0.012 0.010    0.003 0.003 0.003   --  

--------------------------------------------
Proportion of membership of each pre-defined
 population in each of the 3 clusters

Given    Inferred Clusters       Number of
 Pop       1      2      3      Individuals

  1:     0.357  0.303  0.340       23
--------------------------------------------

 Rep#:   Lambda   Alpha      F1    F2    F3     D1,2  D1,3  D2,3    Ln Like 
 2000:    1.00    0.182    0.010 0.013 0.010    0.004 0.003 0.004   --  
 2100:    1.00    0.086    0.010 0.014 0.010    0.004 0.003 0.004   --  
 2200:    1.00    0.067    0.010 0.014 0.010    0.004 0.003 0.004   --  
 2300:    1.00    0.056    0.010 0.017 0.010    0.004 0.003 0.004   --  
 2400:    1.00    0.041    0.010 0.018 0.010    0.004 0.003 0.004   --  
 2500:    1.00    0.062    0.010 0.018 0.010    0.004 0.003 0.004   --  
 2600:    1.00    0.054    0.010 0.020 0.010    0.005 0.003 0.005   --  
 2700:    1.00    0.094    0.010 0.022 0.010    0.005 0.003 0.005   --  
 2800:    1.00    0.042    0.010 0.026 0.010    0.006 0.003 0.006   --  
 2900:    1.00    0.055    0.010 0.028 0.010    0.006 0.003 0.006   --  

--------------------------------------------
Proportion of membership of each pre-defined
 population in each of the 3 clusters

Given    Inferred Clusters       Number of
 Pop       1      2      3      Individuals

  1:     0.242  0.295  0.462       23
--------------------------------------------

 Rep#:   Lambda   Alpha      F1    F2    F3     D1,2  D1,3  D2,3    Ln Like 
 3000:    1.00    0.048    0.010 0.036 0.010    0.007 0.003 0.007   --  
 3100:    1.00    0.052    0.010 0.036 0.010    0.007 0.003 0.007   --  
 3200:    1.00    0.047    0.010 0.039 0.010    0.008 0.003 0.008   --  
 3300:    1.00    0.035    0.010 0.044 0.010    0.009 0.003 0.009   --  
 3400:    1.00    0.030    0.010 0.047 0.010    0.009 0.003 0.009   --  
 3500:    1.00    0.029    0.010 0.060 0.011    0.011 0.003 0.011   --  
 3600:    1.00    0.032    0.010 0.093 0.011    0.016 0.003 0.016   --  
 3700:    1.00    0.026    0.011 0.099 0.011    0.017 0.003 0.017   --  
 3800:    1.00    0.025    0.011 0.108 0.011    0.018 0.003 0.018   --  
 3900:    1.00    0.033    0.011 0.107 0.011    0.018 0.003 0.018   --  

--------------------------------------------
Proportion of membership of each pre-defined
 population in each of the 3 clusters

Given    Inferred Clusters       Number of
 Pop       1      2      3      Individuals

  1:     0.229  0.222  0.550       23
--------------------------------------------

 Rep#:   Lambda   Alpha      F1    F2    F3     D1,2  D1,3  D2,3    Ln Like 
 4000:    1.00    0.031    0.011 0.110 0.011    0.019 0.003 0.018   --  
 4100:    1.00    0.056    0.011 0.113 0.011    0.019 0.003 0.019   --  
 4200:    1.00    0.031    0.011 0.115 0.011    0.020 0.003 0.019   --  
 4300:    1.00    0.085    0.011 0.122 0.011    0.020 0.003 0.020   --  
 4400:    1.00    0.050    0.011 0.124 0.011    0.021 0.004 0.020   --  
 4500:    1.00    0.026    0.011 0.129 0.011    0.021 0.004 0.021   --  
 4600:    1.00    0.028    0.012 0.129 0.011    0.021 0.004 0.021   --  
 4700:    1.00    0.031    0.012 0.128 0.011    0.021 0.004 0.021   --  
 4800:    1.00    0.048    0.012 0.129 0.011    0.022 0.004 0.021   --  
 4900:    1.00    0.036    0.012 0.130 0.011    0.022 0.004 0.021   --  

--------------------------------------------
Proportion of membership of each pre-defined
 population in each of the 3 clusters

Given    Inferred Clusters       Number of
 Pop       1      2      3      Individuals

  1:     0.218  0.228  0.554       23
--------------------------------------------

 Rep#:   Lambda   Alpha      F1    F2    F3     D1,2  D1,3  D2,3    Ln Like 
 5000:    1.00    0.029    0.012 0.130 0.011    0.022 0.004 0.021   --  
 5100:    1.00    0.036    0.012 0.130 0.011    0.022 0.004 0.021   --  
 5200:    1.00    0.046    0.012 0.131 0.011    0.022 0.004 0.021   --  
 5300:    1.00    0.069    0.012 0.132 0.011    0.022 0.004 0.021   --  
 5400:    1.00    0.045    0.013 0.133 0.011    0.022 0.004 0.021   --  
 5500:    1.00    0.031    0.014 0.133 0.011    0.023 0.004 0.022   --  
 5600:    1.00    0.055    0.014 0.138 0.012    0.023 0.004 0.023   --  
 5700:    1.00    0.061    0.014 0.142 0.012    0.024 0.004 0.023   --  
 5800:    1.00    0.065    0.014 0.144 0.012    0.024 0.004 0.023   --  
 5900:    1.00    0.050    0.015 0.144 0.012    0.024 0.004 0.023   --  

--------------------------------------------
Proportion of membership of each pre-defined
 population in each of the 3 clusters

Given    Inferred Clusters       Number of
 Pop       1      2      3      Individuals

  1:     0.220  0.227  0.553       23
--------------------------------------------

 Rep#:   Lambda   Alpha      F1    F2    F3     D1,2  D1,3  D2,3    Ln Like 
 6000:    1.00    0.044    0.015 0.145 0.012    0.025 0.004 0.024   --  
 6100:    1.00    0.056    0.015 0.145 0.012    0.025 0.004 0.024   --  
 6200:    1.00    0.048    0.016 0.146 0.012    0.025 0.005 0.024   --  
 6300:    1.00    0.088    0.016 0.146 0.012    0.025 0.005 0.024   --  
 6400:    1.00    0.056    0.017 0.147 0.012    0.025 0.005 0.024   --  
 6500:    1.00    0.054    0.017 0.146 0.012    0.025 0.005 0.024   --  
 6600:    1.00    0.067    0.018 0.146 0.012    0.025 0.005 0.024   --  
 6700:    1.00    0.038    0.018 0.146 0.012    0.025 0.005 0.024   --  
 6800:    1.00    0.039    0.019 0.146 0.012    0.025 0.005 0.024   --  
 6900:    1.00    0.082    0.019 0.147 0.012    0.025 0.005 0.024   --  

--------------------------------------------
Proportion of membership of each pre-defined
 population in each of the 3 clusters

Given    Inferred Clusters       Number of
 Pop       1      2      3      Individuals

  1:     0.218  0.226  0.556       23
--------------------------------------------

 Rep#:   Lambda   Alpha      F1    F2    F3     D1,2  D1,3  D2,3    Ln Like 
 7000:    1.00    0.070    0.020 0.147 0.012    0.026 0.005 0.024   --  
 7100:    1.00    0.061    0.021 0.148 0.013    0.026 0.005 0.024   --  
 7200:    1.00    0.055    0.022 0.148 0.013    0.026 0.006 0.024   --  
 7300:    1.00    0.081    0.022 0.148 0.013    0.026 0.006 0.024   --  
 7400:    1.00    0.065    0.023 0.148 0.013    0.026 0.006 0.024   --  
 7500:    1.00    0.053    0.024 0.148 0.013    0.026 0.006 0.024   --  
 7600:    1.00    0.066    0.024 0.147 0.013    0.026 0.006 0.024   --  
 7700:    1.00    0.068    0.024 0.148 0.013    0.026 0.006 0.024   --  
 7800:    1.00    0.051    0.025 0.148 0.013    0.027 0.006 0.024   --  
 7900:    1.00    0.061    0.025 0.150 0.013    0.027 0.006 0.024   --  

--------------------------------------------
Proportion of membership of each pre-defined
 population in each of the 3 clusters

Given    Inferred Clusters       Number of
 Pop       1      2      3      Individuals

  1:     0.217  0.220  0.562       23
--------------------------------------------

 Rep#:   Lambda   Alpha      F1    F2    F3     D1,2  D1,3  D2,3    Ln Like 
 8000:    1.00    0.053    0.025 0.150 0.013    0.027 0.006 0.024   --  
 8100:    1.00    0.057    0.027 0.150 0.013    0.027 0.006 0.024   --  
 8200:    1.00    0.080    0.027 0.150 0.013    0.027 0.006 0.024   --  
 8300:    1.00    0.039    0.029 0.150 0.013    0.027 0.007 0.024   --  
 8400:    1.00    0.051    0.032 0.150 0.014    0.028 0.007 0.025   --  
 8500:    1.00    0.033    0.032 0.149 0.014    0.028 0.007 0.024   --  
 8600:    1.00    0.047    0.033 0.148 0.014    0.028 0.007 0.024   --  
 8700:    1.00    0.079    0.035 0.146 0.014    0.028 0.008 0.024   --  
 8800:    1.00    0.062    0.036 0.143 0.014    0.028 0.008 0.023   --  
 8900:    1.00    0.040    0.041 0.143 0.014    0.028 0.009 0.023   --  

--------------------------------------------
Proportion of membership of each pre-defined
 population in each of the 3 clusters

Given    Inferred Clusters       Number of
 Pop       1      2      3      Individuals

  1:     0.206  0.216  0.578       23
--------------------------------------------

 Rep#:   Lambda   Alpha      F1    F2    F3     D1,2  D1,3  D2,3    Ln Like 
 9000:    1.00    0.046    0.044 0.145 0.014    0.029 0.009 0.024   --  
 9100:    1.00    0.056    0.046 0.144 0.014    0.029 0.010 0.023   --  
 9200:    1.00    0.068    0.053 0.145 0.014    0.031 0.011 0.024   --  
 9300:    1.00    0.048    0.055 0.145 0.014    0.031 0.011 0.024   --  
 9400:    1.00    0.063    0.055 0.146 0.014    0.031 0.011 0.024   --  
 9500:    1.00    0.073    0.059 0.146 0.014    0.032 0.012 0.024   --  
 9600:    1.00    0.055    0.063 0.146 0.014    0.032 0.012 0.024   --  
 9700:    1.00    0.070    0.067 0.148 0.014    0.033 0.013 0.024   --  
 9800:    1.00    0.042    0.074 0.147 0.014    0.034 0.014 0.024   --  
 9900:    1.00    0.051    0.078 0.146 0.014    0.035 0.015 0.024   --  
10000:    1.00    0.066    0.094 0.146 0.014    0.037 0.017 0.024   --  

BURNIN completed
 Rep#:   Lambda   Alpha      F1    F2    F3     D1,2  D1,3  D2,3    Ln Like  Est Ln P(D)
10100:    1.00    0.059    0.099 0.146 0.014    0.038 0.018 0.024   -986157    0 
10200:    1.00    0.065    0.100 0.146 0.014    0.039 0.019 0.024   -986649    0 
10300:    1.00    0.072    0.107 0.145 0.014    0.040 0.020 0.023   -986659    0 
10400:    1.00    0.063    0.112 0.145 0.014    0.041 0.021 0.024   -986171    0 
10500:    1.00    0.067    0.139 0.143 0.014    0.044 0.025 0.023   -985030    0 
10600:    1.00    0.060    0.164 0.143 0.014    0.049 0.029 0.023   -983872    0 
10700:    1.00    0.084    0.165 0.143 0.014    0.048 0.029 0.023   -984144    0 
10800:    1.00    0.065    0.176 0.144 0.014    0.050 0.031 0.024   -982896    0 
10900:    1.00    0.140    0.180 0.143 0.014    0.051 0.031 0.023   -983208    0 

--------------------------------------------
Proportion of membership of each pre-defined
 population in each of the 3 clusters

Given    Inferred Clusters       Number of
 Pop       1      2      3      Individuals

  1:     0.122  0.217  0.661       23
--------------------------------------------

 Rep#:   Lambda   Alpha      F1    F2    F3     D1,2  D1,3  D2,3    Ln Like  Est Ln P(D)
11000:    1.00    0.051    0.180 0.143 0.014    0.051 0.031 0.023   -982907    0 
11100:    1.00    0.079    0.194 0.144 0.014    0.053 0.033 0.023   -982362    0 
11200:    1.00    0.080    0.196 0.144 0.014    0.053 0.034 0.024   -982899    0 
11300:    1.00    0.060    0.203 0.144 0.014    0.054 0.035 0.023   -981945    0 
11400:    1.00    0.070    0.205 0.145 0.014    0.054 0.035 0.024   -982150    0 
11500:    1.00    0.091    0.209 0.144 0.014    0.056 0.036 0.023   -982426    0 
11600:    1.00    0.073    0.209 0.144 0.014    0.055 0.036 0.024   -982660    0 
11700:    1.00    0.066    0.216 0.144 0.014    0.056 0.037 0.023   -982049    0 
11800:    1.00    0.080    0.218 0.145 0.014    0.057 0.038 0.023   -982235    0 
11900:    1.00    0.079    0.222 0.145 0.014    0.057 0.038 0.023   -981989    0 

--------------------------------------------
Proportion of membership of each pre-defined
 population in each of the 3 clusters

Given    Inferred Clusters       Number of
 Pop       1      2      3      Individuals

  1:     0.113  0.221  0.666       23
--------------------------------------------

 Rep#:   Lambda   Alpha      F1    F2    F3     D1,2  D1,3  D2,3    Ln Like  Est Ln P(D)
12000:    1.00    0.071    0.222 0.144 0.014    0.057 0.038 0.023   -982459    0 
12100:    1.00    0.109    0.224 0.142 0.014    0.058 0.038 0.023   -982495    0 
12200:    1.00    0.062    0.231 0.142 0.014    0.058 0.039 0.023   -982491    0 
12300:    1.00    0.082    0.233 0.141 0.014    0.058 0.039 0.023   -982527    0 
12400:    1.00    0.076    0.231 0.143 0.014    0.059 0.039 0.023   -982006    0 
12500:    1.00    0.075    0.231 0.143 0.014    0.059 0.040 0.023   -982316    0 
12600:    1.00    0.079    0.231 0.143 0.014    0.059 0.040 0.023   -982372    0 
12700:    1.00    0.066    0.232 0.142 0.014    0.059 0.039 0.023   -981926    0 
12800:    1.00    0.081    0.235 0.142 0.014    0.059 0.040 0.023   -982275    0 
12900:    1.00    0.074    0.236 0.142 0.014    0.060 0.040 0.023   -982253    0 

--------------------------------------------
Proportion of membership of each pre-defined
 population in each of the 3 clusters

Given    Inferred Clusters       Number of
 Pop       1      2      3      Individuals

  1:     0.109  0.222  0.669       23
--------------------------------------------

 Rep#:   Lambda   Alpha      F1    F2    F3     D1,2  D1,3  D2,3    Ln Like  Est Ln P(D)
13000:    1.00    0.064    0.238 0.143 0.014    0.060 0.041 0.023   -982062    0 
13100:    1.00    0.059    0.239 0.143 0.014    0.060 0.041 0.023   -982363    0 
13200:    1.00    0.088    0.239 0.145 0.014    0.061 0.041 0.024   -982302    0 
13300:    1.00    0.074    0.240 0.145 0.014    0.060 0.041 0.024   -981860    0 
13400:    1.00    0.076    0.240 0.143 0.014    0.060 0.041 0.023   -982134    0 
13500:    1.00    0.099    0.243 0.143 0.014    0.061 0.041 0.024   -982224    0 
13600:    1.00    0.089    0.240 0.143 0.014    0.060 0.041 0.023   -982466    0 
13700:    1.00    0.079    0.240 0.145 0.014    0.061 0.041 0.024   -982368    0 
13800:    1.00    0.063    0.244 0.145 0.014    0.061 0.041 0.024   -981745    0 
13900:    1.00    0.061    0.245 0.145 0.014    0.061 0.042 0.024   -981870    0 

--------------------------------------------
Proportion of membership of each pre-defined
 population in each of the 3 clusters

Given    Inferred Clusters       Number of
 Pop       1      2      3      Individuals

  1:     0.110  0.222  0.669       23
--------------------------------------------

 Rep#:   Lambda   Alpha      F1    F2    F3     D1,2  D1,3  D2,3    Ln Like  Est Ln P(D)
14000:    1.00    0.081    0.244 0.145 0.014    0.061 0.042 0.023   -982078    0 
14100:    1.00    0.073    0.242 0.145 0.014    0.060 0.041 0.023   -982058    0 
14200:    1.00    0.076    0.243 0.146 0.014    0.061 0.041 0.024   -981762    0 
14300:    1.00    0.082    0.247 0.146 0.014    0.062 0.042 0.023   -981868    0 
14400:    1.00    0.116    0.249 0.146 0.014    0.062 0.042 0.024   -981903    0 
14500:    1.00    0.105    0.248 0.147 0.014    0.062 0.042 0.024   -981558    0 
14600:    1.00    0.118    0.247 0.147 0.014    0.062 0.042 0.024   -981993    0 
14700:    1.00    0.081    0.248 0.146 0.014    0.062 0.042 0.024   -982029    0 
14800:    1.00    0.123    0.249 0.149 0.014    0.062 0.042 0.024   -982207    0 
14900:    1.00    0.125    0.253 0.149 0.014    0.064 0.043 0.024   -981880    0 

--------------------------------------------
Proportion of membership of each pre-defined
 population in each of the 3 clusters

Given    Inferred Clusters       Number of
 Pop       1      2      3      Individuals

  1:     0.109  0.220  0.670       23
--------------------------------------------

 Rep#:   Lambda   Alpha      F1    F2    F3     D1,2  D1,3  D2,3    Ln Like  Est Ln P(D)
15000:    1.00    0.076    0.251 0.148 0.014    0.063 0.043 0.024   -981791    0 
15100:    1.00    0.073    0.251 0.150 0.014    0.062 0.042 0.024   -981710    0 
15200:    1.00    0.103    0.251 0.148 0.014    0.062 0.042 0.024   -982282    0 
15300:    1.00    0.082    0.248 0.148 0.014    0.062 0.042 0.024   -981880    0 
15400:    1.00    0.103    0.248 0.148 0.014    0.062 0.042 0.024   -981971    0 
15500:    1.00    0.050    0.248 0.146 0.014    0.062 0.042 0.024   -982402    0 
15600:    1.00    0.102    0.245 0.146 0.014    0.061 0.041 0.024   -982125    0 
15700:    1.00    0.109    0.245 0.146 0.014    0.061 0.041 0.024   -982044    0 
15800:    1.00    0.075    0.245 0.147 0.014    0.061 0.041 0.024   -981876    0 
15900:    1.00    0.077    0.245 0.147 0.014    0.062 0.041 0.024   -982370    0 

--------------------------------------------
Proportion of membership of each pre-defined
 population in each of the 3 clusters

Given    Inferred Clusters       Number of
 Pop       1      2      3      Individuals

  1:     0.107  0.218  0.675       23
--------------------------------------------

 Rep#:   Lambda   Alpha      F1    F2    F3     D1,2  D1,3  D2,3    Ln Like  Est Ln P(D)
16000:    1.00    0.099    0.245 0.147 0.014    0.063 0.042 0.024   -982317    0 
16100:    1.00    0.086    0.243 0.151 0.014    0.062 0.041 0.025   -982021    0 
16200:    1.00    0.116    0.243 0.150 0.014    0.062 0.041 0.024   -982074    0 
16300:    1.00    0.084    0.244 0.149 0.014    0.062 0.042 0.024   -982244    0 
16400:    1.00    0.072    0.243 0.149 0.014    0.062 0.042 0.024   -982158    0 
16500:    1.00    0.103    0.245 0.149 0.014    0.062 0.042 0.024   -982260    0 
16600:    1.00    0.100    0.245 0.150 0.014    0.061 0.041 0.024   -982162    0 
16700:    1.00    0.086    0.244 0.147 0.014    0.061 0.041 0.024   -981784    0 
16800:    1.00    0.118    0.242 0.147 0.014    0.061 0.041 0.024   -981572    0 
16900:    1.00    0.101    0.242 0.148 0.014    0.061 0.041 0.024   -981741    0 

--------------------------------------------
Proportion of membership of each pre-defined
 population in each of the 3 clusters

Given    Inferred Clusters       Number of
 Pop       1      2      3      Individuals

  1:     0.110  0.220  0.669       23
--------------------------------------------

 Rep#:   Lambda   Alpha      F1    F2    F3     D1,2  D1,3  D2,3    Ln Like  Est Ln P(D)
17000:    1.00    0.128    0.239 0.148 0.014    0.061 0.041 0.024   -981880    0 
17100:    1.00    0.104    0.239 0.146 0.014    0.060 0.040 0.024   -981932    0 
17200:    1.00    0.112    0.239 0.147 0.014    0.060 0.041 0.024   -982590    0 
17300:    1.00    0.096    0.243 0.147 0.014    0.061 0.041 0.024   -982112    0 
17400:    1.00    0.087    0.248 0.145 0.014    0.062 0.042 0.024   -982082    0 
17500:    1.00    0.135    0.254 0.147 0.014    0.063 0.043 0.024   -981884    0 
17600:    1.00    0.067    0.255 0.147 0.014    0.064 0.043 0.024   -982309    0 
17700:    1.00    0.100    0.251 0.147 0.014    0.062 0.042 0.024   -982215    0 
17800:    1.00    0.106    0.251 0.146 0.014    0.063 0.043 0.024   -982088    0 
17900:    1.00    0.082    0.249 0.148 0.014    0.062 0.042 0.024   -981932    0 

--------------------------------------------
Proportion of membership of each pre-defined
 population in each of the 3 clusters

Given    Inferred Clusters       Number of
 Pop       1      2      3      Individuals

  1:     0.110  0.217  0.674       23
--------------------------------------------

 Rep#:   Lambda   Alpha      F1    F2    F3     D1,2  D1,3  D2,3    Ln Like  Est Ln P(D)
18000:    1.00    0.066    0.247 0.146 0.014    0.062 0.042 0.024   -982129    0 
18100:    1.00    0.072    0.248 0.146 0.014    0.062 0.042 0.024   -982060    0 
18200:    1.00    0.096    0.248 0.148 0.014    0.062 0.042 0.024   -981623    0 
18300:    1.00    0.119    0.248 0.148 0.014    0.063 0.042 0.024   -981460    0 
18400:    1.00    0.092    0.245 0.150 0.014    0.062 0.042 0.024   -982036    0 
18500:    1.00    0.077    0.245 0.150 0.014    0.062 0.041 0.024   -981988    0 
18600:    1.00    0.046    0.248 0.150 0.014    0.063 0.042 0.025   -981652    0 
18700:    1.00    0.083    0.248 0.149 0.014    0.062 0.041 0.024   -981433    0 
18800:    1.00    0.070    0.250 0.149 0.014    0.062 0.043 0.024   -982219    0 
18900:    1.00    0.088    0.250 0.147 0.014    0.063 0.043 0.024   -981976    0 

--------------------------------------------
Proportion of membership of each pre-defined
 population in each of the 3 clusters

Given    Inferred Clusters       Number of
 Pop       1      2      3      Individuals

  1:     0.106  0.222  0.672       23
--------------------------------------------

 Rep#:   Lambda   Alpha      F1    F2    F3     D1,2  D1,3  D2,3    Ln Like  Est Ln P(D)
19000:    1.00    0.084    0.245 0.147 0.014    0.061 0.042 0.024   -982197    0 
19100:    1.00    0.064    0.246 0.146 0.014    0.062 0.042 0.024   -982390    0 
19200:    1.00    0.106    0.244 0.149 0.014    0.062 0.041 0.024   -982022    0 
19300:    1.00    0.076    0.243 0.149 0.014    0.062 0.041 0.024   -982049    0 
19400:    1.00    0.111    0.243 0.149 0.014    0.062 0.041 0.024   -982062    0 
19500:    1.00    0.070    0.246 0.150 0.014    0.063 0.042 0.024   -981732    0 
19600:    1.00    0.068    0.249 0.150 0.014    0.062 0.042 0.024   -981662    0 
19700:    1.00    0.090    0.248 0.152 0.014    0.063 0.042 0.025   -981231    0 
19800:    1.00    0.115    0.250 0.152 0.014    0.063 0.042 0.025   -981802    0 
19900:    1.00    0.135    0.248 0.154 0.014    0.062 0.042 0.024   -981735    0 

--------------------------------------------
Proportion of membership of each pre-defined
 population in each of the 3 clusters

Given    Inferred Clusters       Number of
 Pop       1      2      3      Individuals

  1:     0.109  0.220  0.671       23
--------------------------------------------

 Rep#:   Lambda   Alpha      F1    F2    F3     D1,2  D1,3  D2,3    Ln Like  Est Ln P(D)
20000:    1.00    0.081    0.249 0.155 0.014    0.063 0.042 0.025   -982154    0 
20100:    1.00    0.080    0.252 0.154 0.014    0.064 0.043 0.025   -981981    0 
20200:    1.00    0.096    0.252 0.153 0.014    0.063 0.042 0.025   -981474    0 
20300:    1.00    0.102    0.252 0.153 0.014    0.064 0.043 0.025   -982346    0 
20400:    1.00    0.064    0.252 0.153 0.014    0.063 0.043 0.025   -981433    0 
20500:    1.00    0.077    0.254 0.154 0.014    0.064 0.043 0.025   -981816    0 
20600:    1.00    0.082    0.255 0.153 0.014    0.064 0.043 0.025   -981818    0 
20700:    1.00    0.064    0.255 0.151 0.014    0.064 0.043 0.024   -981983    0 
20800:    1.00    0.097    0.255 0.148 0.014    0.064 0.044 0.024   -982170    0 
20900:    1.00    0.071    0.258 0.149 0.014    0.064 0.044 0.024   -982070    0 

--------------------------------------------
Proportion of membership of each pre-defined
 population in each of the 3 clusters

Given    Inferred Clusters       Number of
 Pop       1      2      3      Individuals

  1:     0.108  0.215  0.676       23
--------------------------------------------

 Rep#:   Lambda   Alpha      F1    F2    F3     D1,2  D1,3  D2,3    Ln Like  Est Ln P(D)
21000:    1.00    0.080    0.255 0.149 0.014    0.063 0.043 0.024   -982156    0 
21100:    1.00    0.073    0.257 0.149 0.014    0.064 0.044 0.024   -982170    0 
21200:    1.00    0.084    0.255 0.148 0.014    0.063 0.043 0.024   -981648    0 
21300:    1.00    0.082    0.255 0.150 0.014    0.064 0.043 0.024   -982014    0 
21400:    1.00    0.072    0.254 0.150 0.014    0.063 0.043 0.024   -981902    0 
21500:    1.00    0.127    0.251 0.149 0.014    0.063 0.042 0.024   -982171    0 
21600:    1.00    0.068    0.252 0.152 0.014    0.063 0.042 0.024   -981748    0 
21700:    1.00    0.092    0.249 0.152 0.014    0.063 0.042 0.024   -981951    0 
21800:    1.00    0.083    0.247 0.151 0.014    0.063 0.042 0.024   -981823    0 
21900:    1.00    0.099    0.246 0.152 0.014    0.062 0.041 0.024   -982648    0 

--------------------------------------------
Proportion of membership of each pre-defined
 population in each of the 3 clusters

Given    Inferred Clusters       Number of
 Pop       1      2      3      Individuals

  1:     0.109  0.216  0.675       23
--------------------------------------------

 Rep#:   Lambda   Alpha      F1    F2    F3     D1,2  D1,3  D2,3    Ln Like  Est Ln P(D)
22000:    1.00    0.077    0.246 0.152 0.014    0.063 0.042 0.024   -981314    0 
22100:    1.00    0.081    0.249 0.153 0.014    0.063 0.042 0.025   -981535    0 
22200:    1.00    0.095    0.251 0.152 0.014    0.063 0.043 0.024   -981838    0 
22300:    1.00    0.063    0.256 0.152 0.014    0.064 0.043 0.025   -981852    0 
22400:    1.00    0.118    0.256 0.153 0.013    0.064 0.043 0.025   -982288    0 
22500:    1.00    0.089    0.257 0.154 0.013    0.065 0.043 0.025   -981449    0 
22600:    1.00    0.083    0.255 0.155 0.013    0.064 0.043 0.025   -981918    0 
22700:    1.00    0.070    0.249 0.155 0.013    0.063 0.042 0.025   -982092    0 
22800:    1.00    0.070    0.250 0.157 0.013    0.064 0.043 0.025   -982244    0 
22900:    1.00    0.103    0.250 0.158 0.013    0.065 0.043 0.025   -982090    0 

--------------------------------------------
Proportion of membership of each pre-defined
 population in each of the 3 clusters

Given    Inferred Clusters       Number of
 Pop       1      2      3      Individuals

  1:     0.108  0.209  0.683       23
--------------------------------------------

 Rep#:   Lambda   Alpha      F1    F2    F3     D1,2  D1,3  D2,3    Ln Like  Est Ln P(D)
23000:    1.00    0.054    0.247 0.157 0.013    0.063 0.042 0.025   -982477    0 
23100:    1.00    0.068    0.247 0.158 0.013    0.064 0.042 0.025   -982296    0 
23200:    1.00    0.111    0.248 0.157 0.013    0.064 0.042 0.025   -982419    0 
23300:    1.00    0.114    0.248 0.157 0.013    0.063 0.042 0.025   -982516    0 
23400:    1.00    0.093    0.249 0.155 0.013    0.063 0.042 0.025   -982366    0 
23500:    1.00    0.096    0.248 0.155 0.013    0.063 0.042 0.025   -981608    0 
23600:    1.00    0.102    0.248 0.153 0.013    0.062 0.042 0.025   -982376    0 
23700:    1.00    0.099    0.245 0.152 0.013    0.062 0.042 0.024   -981835    0 
23800:    1.00    0.078    0.245 0.152 0.013    0.063 0.042 0.025   -982077    0 
23900:    1.00    0.088    0.246 0.152 0.013    0.063 0.042 0.025   -981872    0 

--------------------------------------------
Proportion of membership of each pre-defined
 population in each of the 3 clusters

Given    Inferred Clusters       Number of
 Pop       1      2      3      Individuals

  1:     0.110  0.212  0.678       23
--------------------------------------------

 Rep#:   Lambda   Alpha      F1    F2    F3     D1,2  D1,3  D2,3    Ln Like  Est Ln P(D)
24000:    1.00    0.083    0.241 0.151 0.013    0.062 0.041 0.024   -982515    0 
24100:    1.00    0.083    0.243 0.150 0.013    0.061 0.041 0.024   -982232    0 
24200:    1.00    0.068    0.244 0.152 0.013    0.063 0.041 0.025   -982065    0 
24300:    1.00    0.104    0.248 0.151 0.013    0.063 0.042 0.024   -982244    0 
24400:    1.00    0.117    0.248 0.150 0.013    0.062 0.042 0.024   -982048    0 
24500:    1.00    0.080    0.248 0.149 0.013    0.062 0.042 0.024   -982071    0 
24600:    1.00    0.087    0.249 0.149 0.013    0.062 0.042 0.024   -982858    0 
24700:    1.00    0.062    0.250 0.150 0.013    0.063 0.042 0.024   -982059    0 
24800:    1.00    0.110    0.251 0.150 0.013    0.063 0.043 0.024   -981916    0 
24900:    1.00    0.124    0.249 0.149 0.013    0.062 0.042 0.024   -982166    0 

--------------------------------------------
Proportion of membership of each pre-defined
 population in each of the 3 clusters

Given    Inferred Clusters       Number of
 Pop       1      2      3      Individuals

  1:     0.108  0.214  0.678       23
--------------------------------------------

 Rep#:   Lambda   Alpha      F1    F2    F3     D1,2  D1,3  D2,3    Ln Like  Est Ln P(D)
25000:    1.00    0.109    0.249 0.149 0.013    0.062 0.042 0.024   -982262    0 
25100:    1.00    0.064    0.251 0.149 0.013    0.063 0.042 0.024   -982381    0 
25200:    1.00    0.091    0.252 0.148 0.013    0.064 0.043 0.024   -982012    0 
25300:    1.00    0.128    0.251 0.149 0.013    0.063 0.042 0.024   -982626    0 
25400:    1.00    0.068    0.251 0.151 0.013    0.063 0.043 0.024   -982102    0 
25500:    1.00    0.072    0.249 0.151 0.013    0.062 0.042 0.024   -981729    0 
25600:    1.00    0.079    0.246 0.153 0.013    0.063 0.042 0.025   -981840    0 
25700:    1.00    0.131    0.248 0.152 0.013    0.063 0.042 0.025   -982120    0 
25800:    1.00    0.092    0.249 0.151 0.013    0.063 0.042 0.024   -982427    0 
25900:    1.00    0.124    0.251 0.150 0.013    0.063 0.042 0.024   -982074    0 

--------------------------------------------
Proportion of membership of each pre-defined
 population in each of the 3 clusters

Given    Inferred Clusters       Number of
 Pop       1      2      3      Individuals

  1:     0.108  0.217  0.675       23
--------------------------------------------

 Rep#:   Lambda   Alpha      F1    F2    F3     D1,2  D1,3  D2,3    Ln Like  Est Ln P(D)
26000:    1.00    0.082    0.251 0.146 0.013    0.062 0.042 0.024   -981933    0 
26100:    1.00    0.091    0.252 0.145 0.013    0.063 0.043 0.024   -982216    0 
26200:    1.00    0.088    0.255 0.146 0.013    0.064 0.043 0.024   -981919    0 
26300:    1.00    0.081    0.256 0.145 0.013    0.063 0.043 0.023   -981555    0 
26400:    1.00    0.050    0.256 0.145 0.013    0.063 0.043 0.024   -981965    0 
26500:    1.00    0.084    0.257 0.145 0.013    0.063 0.043 0.023   -982358    0 
26600:    1.00    0.072    0.257 0.146 0.013    0.063 0.043 0.023   -981929    0 
26700:    1.00    0.041    0.255 0.148 0.013    0.063 0.043 0.024   -981688    0 
26800:    1.00    0.052    0.257 0.148 0.013    0.064 0.043 0.024   -981842    0 
26900:    1.00    0.065    0.255 0.150 0.013    0.063 0.043 0.024   -981821    0 

--------------------------------------------
Proportion of membership of each pre-defined
 population in each of the 3 clusters

Given    Inferred Clusters       Number of
 Pop       1      2      3      Individuals

  1:     0.108  0.216  0.676       23
--------------------------------------------

 Rep#:   Lambda   Alpha      F1    F2    F3     D1,2  D1,3  D2,3    Ln Like  Est Ln P(D)
27000:    1.00    0.070    0.254 0.150 0.013    0.063 0.043 0.024   -981958    0 
27100:    1.00    0.107    0.254 0.152 0.013    0.063 0.043 0.024   -981607    0 
27200:    1.00    0.104    0.255 0.153 0.013    0.064 0.043 0.024   -982078    0 
27300:    1.00    0.053    0.253 0.152 0.013    0.064 0.043 0.025   -981587    0 
27400:    1.00    0.074    0.252 0.155 0.013    0.064 0.042 0.025   -981685    0 
27500:    1.00    0.054    0.252 0.157 0.013    0.064 0.043 0.025   -981987    0 
27600:    1.00    0.064    0.253 0.155 0.013    0.064 0.043 0.025   -981690    0 
27700:    1.00    0.065    0.253 0.154 0.013    0.064 0.043 0.025   -982174    0 
27800:    1.00    0.071    0.249 0.150 0.013    0.062 0.042 0.024   -982127    0 
27900:    1.00    0.100    0.250 0.154 0.013    0.063 0.042 0.025   -982349    0 

--------------------------------------------
Proportion of membership of each pre-defined
 population in each of the 3 clusters

Given    Inferred Clusters       Number of
 Pop       1      2      3      Individuals

  1:     0.110  0.214  0.676       23
--------------------------------------------

 Rep#:   Lambda   Alpha      F1    F2    F3     D1,2  D1,3  D2,3    Ln Like  Est Ln P(D)
28000:    1.00    0.113    0.248 0.153 0.013    0.063 0.042 0.025   -982389    0 
28100:    1.00    0.083    0.252 0.154 0.013    0.064 0.043 0.025   -982266    0 
28200:    1.00    0.061    0.249 0.151 0.013    0.063 0.042 0.025   -982113    0 
28300:    1.00    0.068    0.246 0.151 0.013    0.062 0.042 0.024   -981999    0 
28400:    1.00    0.080    0.245 0.151 0.013    0.062 0.041 0.024   -982001    0 
28500:    1.00    0.070    0.245 0.152 0.013    0.063 0.042 0.024   -982617    0 
28600:    1.00    0.072    0.243 0.153 0.013    0.062 0.042 0.024   -982243    0 
28700:    1.00    0.098    0.247 0.153 0.013    0.062 0.042 0.024   -982128    0 
28800:    1.00    0.078    0.247 0.153 0.013    0.062 0.042 0.024   -982117    0 
28900:    1.00    0.065    0.247 0.151 0.013    0.063 0.042 0.025   -982107    0 

--------------------------------------------
Proportion of membership of each pre-defined
 population in each of the 3 clusters

Given    Inferred Clusters       Number of
 Pop       1      2      3      Individuals

  1:     0.108  0.215  0.678       23
--------------------------------------------

 Rep#:   Lambda   Alpha      F1    F2    F3     D1,2  D1,3  D2,3    Ln Like  Est Ln P(D)
29000:    1.00    0.054    0.250 0.151 0.013    0.063 0.042 0.025   -982004    0 
29100:    1.00    0.087    0.250 0.152 0.013    0.062 0.042 0.024   -981721    0 
29200:    1.00    0.062    0.249 0.151 0.013    0.063 0.042 0.024   -982105    0 
29300:    1.00    0.101    0.248 0.151 0.013    0.063 0.043 0.024   -981747    0 
29400:    1.00    0.087    0.246 0.153 0.013    0.063 0.042 0.025   -982058    0 
29500:    1.00    0.041    0.247 0.153 0.013    0.062 0.042 0.025   -982193    0 
29600:    1.00    0.063    0.243 0.153 0.013    0.062 0.041 0.025   -982379    0 
29700:    1.00    0.118    0.245 0.152 0.013    0.062 0.042 0.025   -981625    0 
29800:    1.00    0.053    0.246 0.154 0.013    0.062 0.041 0.025   -982472    0 
29900:    1.00    0.058    0.245 0.150 0.013    0.062 0.042 0.024   -981914    0 

--------------------------------------------
Proportion of membership of each pre-defined
 population in each of the 3 clusters

Given    Inferred Clusters       Number of
 Pop       1      2      3      Individuals

  1:     0.109  0.215  0.676       23
--------------------------------------------

 Rep#:   Lambda   Alpha      F1    F2    F3     D1,2  D1,3  D2,3    Ln Like  Est Ln P(D)
30000:    1.00    0.069    0.246 0.151 0.013    0.062 0.041 0.024   -981988    0 
30100:    1.00    0.113    0.247 0.153 0.013    0.063 0.042 0.025   -982422    0 
30200:    1.00    0.090    0.244 0.154 0.013    0.063 0.042 0.025   -982202    0 
30300:    1.00    0.081    0.249 0.153 0.013    0.062 0.042 0.024   -982279    0 
30400:    1.00    0.085    0.247 0.150 0.013    0.062 0.041 0.024   -981919    0 
30500:    1.00    0.064    0.242 0.150 0.013    0.061 0.041 0.024   -981920    0 
30600:    1.00    0.082    0.244 0.150 0.013    0.062 0.041 0.024   -982318    0 
30700:    1.00    0.062    0.244 0.149 0.013    0.062 0.041 0.024   -982221    0 
30800:    1.00    0.073    0.245 0.151 0.013    0.062 0.041 0.024   -981905    0 
30900:    1.00    0.067    0.246 0.151 0.013    0.062 0.042 0.024   -982154    0 

--------------------------------------------
Proportion of membership of each pre-defined
 population in each of the 3 clusters

Given    Inferred Clusters       Number of
 Pop       1      2      3      Individuals

  1:     0.109  0.211  0.680       23
--------------------------------------------

 Rep#:   Lambda   Alpha      F1    F2    F3     D1,2  D1,3  D2,3    Ln Like  Est Ln P(D)
31000:    1.00    0.075    0.246 0.152 0.013    0.062 0.041 0.024   -982129    0 
31100:    1.00    0.073    0.250 0.150 0.013    0.063 0.042 0.024   -981566    0 
31200:    1.00    0.132    0.250 0.149 0.013    0.063 0.042 0.024   -982396    0 
31300:    1.00    0.065    0.250 0.149 0.013    0.063 0.042 0.024   -982432    0 
31400:    1.00    0.081    0.253 0.148 0.013    0.063 0.043 0.024   -982273    0 
31500:    1.00    0.062    0.253 0.148 0.013    0.063 0.043 0.024   -981828    0 
31600:    1.00    0.048    0.252 0.148 0.013    0.063 0.042 0.024   -982367    0 
31700:    1.00    0.053    0.253 0.149 0.013    0.063 0.043 0.024   -981446    0 
31800:    1.00    0.114    0.252 0.148 0.013    0.063 0.043 0.024   -981925    0 
31900:    1.00    0.088    0.254 0.149 0.013    0.063 0.043 0.024   -982118    0 

--------------------------------------------
Proportion of membership of each pre-defined
 population in each of the 3 clusters

Given    Inferred Clusters       Number of
 Pop       1      2      3      Individuals

  1:     0.107  0.215  0.678       23
--------------------------------------------

 Rep#:   Lambda   Alpha      F1    F2    F3     D1,2  D1,3  D2,3    Ln Like  Est Ln P(D)
32000:    1.00    0.082    0.252 0.149 0.013    0.063 0.043 0.024   -982120    0 
32100:    1.00    0.068    0.248 0.149 0.013    0.062 0.042 0.024   -982117    0 
32200:    1.00    0.052    0.250 0.148 0.013    0.062 0.042 0.024   -982179    0 
32300:    1.00    0.101    0.249 0.150 0.013    0.062 0.042 0.024   -982004    0 
32400:    1.00    0.063    0.249 0.150 0.013    0.063 0.042 0.024   -982150    0 
32500:    1.00    0.058    0.249 0.151 0.013    0.063 0.042 0.024   -982376    0 
32600:    1.00    0.058    0.250 0.152 0.013    0.063 0.042 0.024   -981860    0 
32700:    1.00    0.061    0.249 0.153 0.013    0.063 0.042 0.024   -982049    0 
32800:    1.00    0.096    0.250 0.153 0.013    0.063 0.042 0.025   -982163    0 
32900:    1.00    0.050    0.255 0.153 0.013    0.064 0.043 0.025   -982385    0 

--------------------------------------------
Proportion of membership of each pre-defined
 population in each of the 3 clusters

Given    Inferred Clusters       Number of
 Pop       1      2      3      Individuals

  1:     0.108  0.212  0.680       23
--------------------------------------------

 Rep#:   Lambda   Alpha      F1    F2    F3     D1,2  D1,3  D2,3    Ln Like  Est Ln P(D)
33000:    1.00    0.074    0.253 0.153 0.013    0.064 0.043 0.024   -982208    0 
33100:    1.00    0.053    0.251 0.153 0.013    0.063 0.042 0.024   -982011    0 
33200:    1.00    0.106    0.251 0.151 0.013    0.063 0.043 0.025   -981965    0 
33300:    1.00    0.077    0.248 0.151 0.013    0.063 0.042 0.025   -982070    0 
33400:    1.00    0.076    0.247 0.150 0.013    0.062 0.042 0.024   -981842    0 
33500:    1.00    0.101    0.249 0.150 0.013    0.063 0.042 0.024   -982207    0 
33600:    1.00    0.050    0.249 0.150 0.013    0.062 0.042 0.024   -981847    0 
33700:    1.00    0.097    0.248 0.154 0.013    0.063 0.042 0.025   -981991    0 
33800:    1.00    0.071    0.247 0.153 0.013    0.063 0.042 0.025   -982064    0 
33900:    1.00    0.085    0.247 0.148 0.013    0.062 0.042 0.024   -982534    0 

--------------------------------------------
Proportion of membership of each pre-defined
 population in each of the 3 clusters

Given    Inferred Clusters       Number of
 Pop       1      2      3      Individuals

  1:     0.108  0.211  0.681       23
--------------------------------------------

 Rep#:   Lambda   Alpha      F1    F2    F3     D1,2  D1,3  D2,3    Ln Like  Est Ln P(D)
34000:    1.00    0.072    0.251 0.148 0.013    0.062 0.042 0.024   -982401    0 
34100:    1.00    0.082    0.250 0.149 0.013    0.062 0.042 0.024   -981434    0 
34200:    1.00    0.068    0.250 0.149 0.013    0.063 0.042 0.024   -982033    0 
34300:    1.00    0.067    0.250 0.149 0.013    0.062 0.042 0.024   -981965    0 
34400:    1.00    0.066    0.243 0.148 0.013    0.061 0.041 0.024   -982333    0 
34500:    1.00    0.061    0.246 0.148 0.013    0.062 0.041 0.024   -982358    0 
34600:    1.00    0.075    0.251 0.148 0.013    0.063 0.043 0.024   -981723    0 
34700:    1.00    0.079    0.252 0.148 0.013    0.063 0.043 0.024   -981994    0 
34800:    1.00    0.072    0.252 0.148 0.013    0.063 0.043 0.024   -981745    0 
34900:    1.00    0.084    0.252 0.148 0.013    0.063 0.042 0.024   -982028    0 

--------------------------------------------
Proportion of membership of each pre-defined
 population in each of the 3 clusters

Given    Inferred Clusters       Number of
 Pop       1      2      3      Individuals

  1:     0.108  0.215  0.676       23
--------------------------------------------

 Rep#:   Lambda   Alpha      F1    F2    F3     D1,2  D1,3  D2,3    Ln Like  Est Ln P(D)
35000:    1.00    0.070    0.250 0.146 0.013    0.062 0.043 0.024   -982505    0 
35100:    1.00    0.143    0.250 0.146 0.013    0.062 0.042 0.023   -982068    0 
35200:    1.00    0.098    0.252 0.144 0.013    0.062 0.043 0.023   -981651    0 
35300:    1.00    0.042    0.251 0.144 0.013    0.061 0.042 0.023   -982242    0 
35400:    1.00    0.086    0.248 0.144 0.013    0.062 0.042 0.023   -982436    0 
35500:    1.00    0.059    0.246 0.145 0.013    0.061 0.042 0.023   -981787    0 
35600:    1.00    0.053    0.246 0.143 0.012    0.061 0.042 0.023   -982227    0 
35700:    1.00    0.085    0.249 0.142 0.012    0.061 0.041 0.023   -981824    0 
35800:    1.00    0.092    0.249 0.142 0.012    0.062 0.042 0.023   -982105    0 
35900:    1.00    0.087    0.249 0.144 0.012    0.062 0.042 0.023   -982241    0 

--------------------------------------------
Proportion of membership of each pre-defined
 population in each of the 3 clusters

Given    Inferred Clusters       Number of
 Pop       1      2      3      Individuals

  1:     0.107  0.220  0.673       23
--------------------------------------------

 Rep#:   Lambda   Alpha      F1    F2    F3     D1,2  D1,3  D2,3    Ln Like  Est Ln P(D)
36000:    1.00    0.075    0.250 0.144 0.012    0.062 0.043 0.023   -982042    0 
36100:    1.00    0.063    0.248 0.143 0.012    0.061 0.042 0.023   -981972    0 
36200:    1.00    0.043    0.247 0.143 0.012    0.061 0.042 0.023   -981584    0 
36300:    1.00    0.056    0.247 0.142 0.012    0.061 0.042 0.023   -982148    0 
36400:    1.00    0.078    0.246 0.141 0.012    0.061 0.041 0.023   -982530    0 
36500:    1.00    0.112    0.245 0.141 0.012    0.061 0.041 0.023   -982483    0 
36600:    1.00    0.095    0.251 0.140 0.012    0.062 0.042 0.023   -982041    0 
36700:    1.00    0.052    0.252 0.139 0.012    0.062 0.043 0.023   -981957    0 
36800:    1.00    0.065    0.252 0.139 0.012    0.062 0.043 0.022   -982304    0 
36900:    1.00    0.086    0.252 0.139 0.012    0.062 0.043 0.023   -981985    0 

--------------------------------------------
Proportion of membership of each pre-defined
 population in each of the 3 clusters

Given    Inferred Clusters       Number of
 Pop       1      2      3      Individuals

  1:     0.109  0.216  0.675       23
--------------------------------------------

 Rep#:   Lambda   Alpha      F1    F2    F3     D1,2  D1,3  D2,3    Ln Like  Est Ln P(D)
37000:    1.00    0.057    0.257 0.139 0.012    0.062 0.043 0.023   -981760    0 
37100:    1.00    0.045    0.256 0.144 0.012    0.063 0.043 0.023   -981632    0 
37200:    1.00    0.086    0.257 0.144 0.012    0.063 0.043 0.023   -982055    0 
37300:    1.00    0.045    0.254 0.145 0.012    0.063 0.042 0.023   -981862    0 
37400:    1.00    0.078    0.251 0.145 0.012    0.062 0.042 0.023   -981682    0 
37500:    1.00    0.092    0.252 0.145 0.012    0.062 0.043 0.023   -981585    0 
37600:    1.00    0.100    0.254 0.145 0.012    0.063 0.043 0.023   -982305    0 
37700:    1.00    0.139    0.255 0.145 0.012    0.062 0.043 0.023   -982052    0 
37800:    1.00    0.076    0.255 0.145 0.012    0.062 0.042 0.024   -981697    0 
37900:    1.00    0.062    0.255 0.144 0.012    0.063 0.043 0.023   -981666    0 

--------------------------------------------
Proportion of membership of each pre-defined
 population in each of the 3 clusters

Given    Inferred Clusters       Number of
 Pop       1      2      3      Individuals

  1:     0.106  0.219  0.675       23
--------------------------------------------

 Rep#:   Lambda   Alpha      F1    F2    F3     D1,2  D1,3  D2,3    Ln Like  Est Ln P(D)
38000:    1.00    0.060    0.258 0.144 0.012    0.063 0.044 0.023   -981921    0 
38100:    1.00    0.076    0.259 0.144 0.012    0.063 0.044 0.023   -981956    0 
38200:    1.00    0.075    0.259 0.143 0.012    0.064 0.044 0.023   -981839    0 
38300:    1.00    0.071    0.254 0.143 0.012    0.062 0.042 0.023   -982044    0 
38400:    1.00    0.059    0.255 0.143 0.012    0.062 0.043 0.023   -982382    0 
38500:    1.00    0.055    0.251 0.142 0.012    0.061 0.042 0.023   -982084    0 
38600:    1.00    0.047    0.245 0.142 0.012    0.061 0.041 0.023   -982503    0 
38700:    1.00    0.052    0.245 0.139 0.012    0.060 0.041 0.023   -982401    0 
38800:    1.00    0.072    0.246 0.139 0.012    0.061 0.042 0.023   -982385    0 
38900:    1.00    0.069    0.246 0.137 0.012    0.061 0.042 0.022   -982346    0 

--------------------------------------------
Proportion of membership of each pre-defined
 population in each of the 3 clusters

Given    Inferred Clusters       Number of
 Pop       1      2      3      Individuals

  1:     0.109  0.226  0.665       23
--------------------------------------------

 Rep#:   Lambda   Alpha      F1    F2    F3     D1,2  D1,3  D2,3    Ln Like  Est Ln P(D)
39000:    1.00    0.053    0.245 0.138 0.012    0.061 0.041 0.023   -982171    0 
39100:    1.00    0.109    0.245 0.138 0.012    0.060 0.041 0.022   -982368    0 
39200:    1.00    0.067    0.246 0.141 0.012    0.061 0.042 0.023   -982139    0 
39300:    1.00    0.075    0.250 0.142 0.012    0.062 0.042 0.023   -981883    0 
39400:    1.00    0.096    0.251 0.140 0.012    0.062 0.042 0.023   -982143    0 
39500:    1.00    0.057    0.254 0.141 0.012    0.062 0.043 0.023   -981567    0 
39600:    1.00    0.075    0.249 0.141 0.012    0.062 0.042 0.023   -982213    0 
39700:    1.00    0.056    0.247 0.140 0.012    0.061 0.042 0.022   -981909    0 
39800:    1.00    0.090    0.247 0.141 0.012    0.062 0.042 0.023   -982196    0 
39900:    1.00    0.099    0.246 0.141 0.012    0.060 0.041 0.023   -982322    0 

--------------------------------------------
Proportion of membership of each pre-defined
 population in each of the 3 clusters

Given    Inferred Clusters       Number of
 Pop       1      2      3      Individuals

  1:     0.110  0.225  0.665       23
--------------------------------------------

 Rep#:   Lambda   Alpha      F1    F2    F3     D1,2  D1,3  D2,3    Ln Like  Est Ln P(D)
40000:    1.00    0.046    0.246 0.140 0.012    0.061 0.041 0.023   -981501    0 
40100:    1.00    0.053    0.245 0.141 0.012    0.061 0.041 0.023   -982219    0 
40200:    1.00    0.086    0.244 0.142 0.012    0.061 0.041 0.023   -982632    0 
40300:    1.00    0.050    0.245 0.143 0.012    0.061 0.041 0.023   -982821    0 
40400:    1.00    0.087    0.246 0.142 0.012    0.061 0.041 0.023   -982778    0 
40500:    1.00    0.075    0.245 0.140 0.012    0.060 0.041 0.023   -981761    0 
40600:    1.00    0.047    0.249 0.139 0.012    0.061 0.042 0.023   -982209    0 
40700:    1.00    0.066    0.248 0.140 0.012    0.061 0.041 0.023   -982435    0 
40800:    1.00    0.052    0.251 0.139 0.012    0.061 0.042 0.023   -982174    0 
40900:    1.00    0.105    0.251 0.140 0.012    0.062 0.043 0.023   -981706    0 

--------------------------------------------
Proportion of membership of each pre-defined
 population in each of the 3 clusters

Given    Inferred Clusters       Number of
 Pop       1      2      3      Individuals

  1:     0.106  0.218  0.676       23
--------------------------------------------

 Rep#:   Lambda   Alpha      F1    F2    F3     D1,2  D1,3  D2,3    Ln Like  Est Ln P(D)
41000:    1.00    0.063    0.254 0.142 0.012    0.062 0.043 0.023   -982245    0 
41100:    1.00    0.079    0.252 0.142 0.012    0.062 0.042 0.023   -982064    0 
41200:    1.00    0.061    0.252 0.140 0.012    0.062 0.042 0.023   -982119    0 
41300:    1.00    0.066    0.250 0.140 0.012    0.062 0.042 0.023   -982047    0 
41400:    1.00    0.073    0.248 0.139 0.012    0.061 0.042 0.023   -981955    0 
41500:    1.00    0.128    0.246 0.139 0.012    0.061 0.042 0.023   -982192    0 
41600:    1.00    0.065    0.245 0.140 0.012    0.061 0.042 0.023   -981977    0 
41700:    1.00    0.074    0.248 0.142 0.012    0.061 0.042 0.023   -982297    0 
41800:    1.00    0.064    0.251 0.142 0.012    0.062 0.042 0.023   -981714    0 
41900:    1.00    0.102    0.252 0.142 0.012    0.062 0.042 0.023   -982025    0 

--------------------------------------------
Proportion of membership of each pre-defined
 population in each of the 3 clusters

Given    Inferred Clusters       Number of
 Pop       1      2      3      Individuals

  1:     0.108  0.216  0.676       23
--------------------------------------------

 Rep#:   Lambda   Alpha      F1    F2    F3     D1,2  D1,3  D2,3    Ln Like  Est Ln P(D)
42000:    1.00    0.057    0.252 0.142 0.012    0.061 0.042 0.023   -982123    0 
42100:    1.00    0.070    0.247 0.143 0.012    0.061 0.042 0.023   -982580    0 
42200:    1.00    0.075    0.245 0.143 0.012    0.061 0.041 0.023   -982041    0 
42300:    1.00    0.079    0.243 0.143 0.012    0.061 0.042 0.023   -982226    0 
42400:    1.00    0.044    0.247 0.146 0.012    0.062 0.042 0.023   -982268    0 
42500:    1.00    0.074    0.250 0.146 0.012    0.062 0.042 0.023   -981958    0 
42600:    1.00    0.057    0.250 0.146 0.012    0.062 0.042 0.023   -982319    0 
42700:    1.00    0.093    0.250 0.147 0.012    0.062 0.042 0.024   -982423    0 
42800:    1.00    0.077    0.250 0.147 0.012    0.063 0.042 0.024   -982374    0 
42900:    1.00    0.099    0.249 0.146 0.012    0.062 0.042 0.023   -982463    0 

--------------------------------------------
Proportion of membership of each pre-defined
 population in each of the 3 clusters

Given    Inferred Clusters       Number of
 Pop       1      2      3      Individuals

  1:     0.110  0.219  0.671       23
--------------------------------------------

 Rep#:   Lambda   Alpha      F1    F2    F3     D1,2  D1,3  D2,3    Ln Like  Est Ln P(D)
43000:    1.00    0.072    0.248 0.148 0.012    0.061 0.041 0.024   -982194    0 
43100:    1.00    0.043    0.248 0.147 0.012    0.062 0.042 0.024   -982212    0 
43200:    1.00    0.049    0.251 0.145 0.012    0.062 0.042 0.023   -982096    0 
43300:    1.00    0.052    0.251 0.144 0.012    0.061 0.042 0.023   -982225    0 
43400:    1.00    0.066    0.251 0.145 0.012    0.062 0.042 0.023   -981906    0 
43500:    1.00    0.078    0.251 0.145 0.012    0.062 0.042 0.023   -982172    0 
43600:    1.00    0.098    0.251 0.145 0.012    0.062 0.042 0.023   -982115    0 
43700:    1.00    0.090    0.251 0.146 0.012    0.061 0.042 0.023   -982204    0 
43800:    1.00    0.062    0.252 0.147 0.012    0.062 0.042 0.023   -981568    0 
43900:    1.00    0.105    0.250 0.144 0.012    0.061 0.042 0.023   -982083    0 

--------------------------------------------
Proportion of membership of each pre-defined
 population in each of the 3 clusters

Given    Inferred Clusters       Number of
 Pop       1      2      3      Individuals

  1:     0.107  0.224  0.669       23
--------------------------------------------

 Rep#:   Lambda   Alpha      F1    F2    F3     D1,2  D1,3  D2,3    Ln Like  Est Ln P(D)
44000:    1.00    0.057    0.246 0.145 0.012    0.062 0.042 0.023   -982160    0 
44100:    1.00    0.049    0.248 0.149 0.012    0.062 0.042 0.024   -982092    0 
44200:    1.00    0.072    0.250 0.147 0.012    0.063 0.042 0.023   -982077    0 
44300:    1.00    0.069    0.258 0.147 0.012    0.064 0.043 0.024   -982297    0 
44400:    1.00    0.103    0.250 0.145 0.012    0.062 0.042 0.024   -982175    0 
44500:    1.00    0.087    0.251 0.145 0.011    0.062 0.042 0.023   -982154    0 
44600:    1.00    0.072    0.255 0.144 0.011    0.063 0.043 0.023   -982013    0 
44700:    1.00    0.070    0.255 0.144 0.011    0.062 0.043 0.023   -982653    0 
44800:    1.00    0.056    0.257 0.143 0.011    0.062 0.043 0.023   -982345    0 
44900:    1.00    0.089    0.256 0.145 0.011    0.063 0.042 0.023   -982130    0 

--------------------------------------------
Proportion of membership of each pre-defined
 population in each of the 3 clusters

Given    Inferred Clusters       Number of
 Pop       1      2      3      Individuals

  1:     0.107  0.217  0.676       23
--------------------------------------------

 Rep#:   Lambda   Alpha      F1    F2    F3     D1,2  D1,3  D2,3    Ln Like  Est Ln P(D)
45000:    1.00    0.071    0.254 0.146 0.011    0.063 0.042 0.024   -982093    0 
45100:    1.00    0.125    0.253 0.146 0.011    0.062 0.042 0.024   -981902    0 
45200:    1.00    0.060    0.251 0.146 0.011    0.062 0.042 0.024   -981894    0 
45300:    1.00    0.074    0.252 0.148 0.011    0.063 0.043 0.024   -982048    0 
45400:    1.00    0.063    0.253 0.148 0.011    0.063 0.042 0.024   -982212    0 
45500:    1.00    0.082    0.249 0.143 0.011    0.061 0.042 0.023   -982364    0 
45600:    1.00    0.085    0.250 0.143 0.011    0.062 0.042 0.023   -981886    0 
45700:    1.00    0.060    0.251 0.141 0.011    0.062 0.042 0.023   -982155    0 
45800:    1.00    0.076    0.250 0.143 0.011    0.062 0.042 0.023   -981904    0 
45900:    1.00    0.053    0.246 0.143 0.011    0.060 0.041 0.023   -982417    0 

--------------------------------------------
Proportion of membership of each pre-defined
 population in each of the 3 clusters

Given    Inferred Clusters       Number of
 Pop       1      2      3      Individuals

  1:     0.107  0.216  0.677       23
--------------------------------------------

 Rep#:   Lambda   Alpha      F1    F2    F3     D1,2  D1,3  D2,3    Ln Like  Est Ln P(D)
46000:    1.00    0.078    0.246 0.144 0.011    0.061 0.041 0.023   -982052    0 
46100:    1.00    0.057    0.252 0.144 0.011    0.062 0.042 0.023   -982071    0 
46200:    1.00    0.078    0.250 0.144 0.011    0.062 0.042 0.023   -982428    0 
46300:    1.00    0.054    0.247 0.143 0.011    0.062 0.041 0.023   -982045    0 
46400:    1.00    0.067    0.252 0.143 0.011    0.062 0.042 0.023   -981576    0 
46500:    1.00    0.089    0.250 0.143 0.011    0.062 0.042 0.023   -982275    0 
46600:    1.00    0.096    0.251 0.144 0.011    0.062 0.042 0.023   -982191    0 
46700:    1.00    0.119    0.256 0.144 0.011    0.063 0.043 0.023   -981766    0 
46800:    1.00    0.090    0.255 0.145 0.011    0.063 0.043 0.023   -981651    0 
46900:    1.00    0.083    0.255 0.146 0.011    0.063 0.043 0.023   -981655    0 

--------------------------------------------
Proportion of membership of each pre-defined
 population in each of the 3 clusters

Given    Inferred Clusters       Number of
 Pop       1      2      3      Individuals

  1:     0.107  0.218  0.675       23
--------------------------------------------

 Rep#:   Lambda   Alpha      F1    F2    F3     D1,2  D1,3  D2,3    Ln Like  Est Ln P(D)
47000:    1.00    0.088    0.258 0.147 0.011    0.063 0.043 0.023   -981750    0 
47100:    1.00    0.085    0.258 0.146 0.011    0.063 0.043 0.023   -981697    0 
47200:    1.00    0.087    0.256 0.146 0.011    0.063 0.043 0.023   -981804    0 
47300:    1.00    0.059    0.255 0.147 0.011    0.063 0.043 0.024   -981942    0 
47400:    1.00    0.107    0.254 0.147 0.011    0.063 0.043 0.023   -981898    0 
47500:    1.00    0.064    0.255 0.149 0.011    0.063 0.043 0.024   -981720    0 
47600:    1.00    0.093    0.254 0.149 0.011    0.063 0.043 0.024   -981685    0 
47700:    1.00    0.047    0.252 0.148 0.011    0.063 0.043 0.024   -982198    0 
47800:    1.00    0.031    0.252 0.147 0.011    0.063 0.042 0.023   -981827    0 
47900:    1.00    0.075    0.252 0.147 0.011    0.064 0.042 0.024   -981806    0 

--------------------------------------------
Proportion of membership of each pre-defined
 population in each of the 3 clusters

Given    Inferred Clusters       Number of
 Pop       1      2      3      Individuals

  1:     0.108  0.217  0.675       23
--------------------------------------------

 Rep#:   Lambda   Alpha      F1    F2    F3     D1,2  D1,3  D2,3    Ln Like  Est Ln P(D)
48000:    1.00    0.079    0.252 0.147 0.011    0.062 0.042 0.023   -982272    0 
48100:    1.00    0.092    0.257 0.145 0.011    0.063 0.043 0.023   -982393    0 
48200:    1.00    0.043    0.257 0.143 0.011    0.063 0.043 0.023   -981912    0 
48300:    1.00    0.062    0.256 0.143 0.011    0.063 0.043 0.023   -982482    0 
48400:    1.00    0.081    0.254 0.144 0.011    0.062 0.042 0.023   -982204    0 
48500:    1.00    0.036    0.252 0.144 0.011    0.062 0.042 0.023   -982115    0 
48600:    1.00    0.060    0.252 0.144 0.011    0.062 0.042 0.023   -981811    0 
48700:    1.00    0.050    0.252 0.143 0.011    0.062 0.042 0.023   -982160    0 
48800:    1.00    0.059    0.251 0.143 0.011    0.061 0.041 0.023   -982137    0 
48900:    1.00    0.078    0.250 0.143 0.011    0.062 0.042 0.023   -982030    0 

--------------------------------------------
Proportion of membership of each pre-defined
 population in each of the 3 clusters

Given    Inferred Clusters       Number of
 Pop       1      2      3      Individuals

  1:     0.108  0.221  0.671       23
--------------------------------------------

 Rep#:   Lambda   Alpha      F1    F2    F3     D1,2  D1,3  D2,3    Ln Like  Est Ln P(D)
49000:    1.00    0.094    0.247 0.142 0.011    0.062 0.042 0.023   -981704    0 
49100:    1.00    0.098    0.249 0.142 0.011    0.062 0.042 0.023   -981967    0 
49200:    1.00    0.049    0.249 0.141 0.011    0.061 0.042 0.023   -982003    0 
49300:    1.00    0.072    0.246 0.141 0.011    0.061 0.041 0.023   -982252    0 
49400:    1.00    0.097    0.247 0.141 0.011    0.061 0.042 0.023   -982324    0 
49500:    1.00    0.085    0.251 0.141 0.011    0.061 0.043 0.022   -982534    0 
49600:    1.00    0.089    0.251 0.140 0.011    0.062 0.042 0.023   -982403    0 
49700:    1.00    0.065    0.249 0.142 0.011    0.061 0.041 0.023   -982088    0 
49800:    1.00    0.116    0.247 0.142 0.011    0.061 0.042 0.023   -981995    0 
49900:    1.00    0.061    0.245 0.142 0.011    0.062 0.042 0.023   -982149    0 

--------------------------------------------
Proportion of membership of each pre-defined
 population in each of the 3 clusters

Given    Inferred Clusters       Number of
 Pop       1      2      3      Individuals

  1:     0.108  0.218  0.674       23
--------------------------------------------

 Rep#:   Lambda   Alpha      F1    F2    F3     D1,2  D1,3  D2,3    Ln Like  Est Ln P(D)
50000:    1.00    0.092    0.247 0.142 0.011    0.060 0.041 0.023   -982534    0 
50100:    1.00    0.056    0.246 0.142 0.011    0.061 0.042 0.023   -982392    0 
50200:    1.00    0.069    0.251 0.144 0.011    0.062 0.042 0.023   -982019    0 
50300:    1.00    0.032    0.251 0.144 0.011    0.061 0.042 0.023   -982048    0 
50400:    1.00    0.067    0.251 0.144 0.011    0.062 0.042 0.023   -982371    0 
50500:    1.00    0.046    0.254 0.143 0.011    0.062 0.043 0.023   -982202    0 
50600:    1.00    0.066    0.252 0.142 0.011    0.062 0.042 0.023   -982209    0 
50700:    1.00    0.044    0.248 0.141 0.011    0.062 0.042 0.023   -982580    0 
50800:    1.00    0.047    0.243 0.141 0.011    0.061 0.041 0.023   -981826    0 
50900:    1.00    0.046    0.245 0.141 0.011    0.060 0.041 0.023   -982019    0 

--------------------------------------------
Proportion of membership of each pre-defined
 population in each of the 3 clusters

Given    Inferred Clusters       Number of
 Pop       1      2      3      Individuals

  1:     0.109  0.216  0.675       23
--------------------------------------------

 Rep#:   Lambda   Alpha      F1    F2    F3     D1,2  D1,3  D2,3    Ln Like  Est Ln P(D)
51000:    1.00    0.068    0.247 0.140 0.011    0.061 0.042 0.023   -981951    0 
51100:    1.00    0.065    0.249 0.141 0.011    0.061 0.042 0.023   -982176    0 
51200:    1.00    0.045    0.255 0.141 0.011    0.062 0.043 0.023   -981908    0 
51300:    1.00    0.055    0.252 0.143 0.011    0.062 0.042 0.023   -982035    0 
51400:    1.00    0.053    0.247 0.144 0.011    0.061 0.041 0.023   -982008    0 
51500:    1.00    0.047    0.248 0.142 0.011    0.061 0.042 0.023   -982316    0 
51600:    1.00    0.075    0.253 0.141 0.011    0.062 0.043 0.023   -982595    0 
51700:    1.00    0.071    0.252 0.143 0.011    0.062 0.042 0.023   -981752    0 
51800:    1.00    0.058    0.252 0.143 0.011    0.063 0.043 0.023   -982175    0 
51900:    1.00    0.052    0.251 0.143 0.011    0.062 0.042 0.023   -982337    0 

--------------------------------------------
Proportion of membership of each pre-defined
 population in each of the 3 clusters

Given    Inferred Clusters       Number of
 Pop       1      2      3      Individuals

  1:     0.107  0.212  0.681       23
--------------------------------------------

 Rep#:   Lambda   Alpha      F1    F2    F3     D1,2  D1,3  D2,3    Ln Like  Est Ln P(D)
52000:    1.00    0.094    0.253 0.145 0.011    0.062 0.042 0.023   -982090    0 
52100:    1.00    0.074    0.248 0.146 0.011    0.062 0.042 0.023   -982581    0 
52200:    1.00    0.072    0.243 0.150 0.011    0.062 0.041 0.024   -981983    0 
52300:    1.00    0.065    0.244 0.152 0.011    0.062 0.041 0.024   -982004    0 
52400:    1.00    0.077    0.247 0.151 0.011    0.063 0.042 0.024   -981886    0 
52500:    1.00    0.081    0.246 0.153 0.011    0.063 0.042 0.024   -982452    0 
52600:    1.00    0.070    0.245 0.151 0.011    0.062 0.041 0.024   -982433    0 
52700:    1.00    0.078    0.246 0.151 0.011    0.062 0.041 0.024   -982130    0 
52800:    1.00    0.083    0.247 0.152 0.011    0.063 0.042 0.024   -981876    0 
52900:    1.00    0.102    0.247 0.152 0.011    0.062 0.041 0.024   -982049    0 

--------------------------------------------
Proportion of membership of each pre-defined
 population in each of the 3 clusters

Given    Inferred Clusters       Number of
 Pop       1      2      3      Individuals

  1:     0.108  0.217  0.675       23
--------------------------------------------

 Rep#:   Lambda   Alpha      F1    F2    F3     D1,2  D1,3  D2,3    Ln Like  Est Ln P(D)
53000:    1.00    0.098    0.246 0.152 0.011    0.062 0.041 0.024   -981513    0 
53100:    1.00    0.116    0.248 0.151 0.011    0.062 0.042 0.024   -981769    0 
53200:    1.00    0.065    0.248 0.151 0.011    0.063 0.042 0.024   -982346    0 
53300:    1.00    0.058    0.249 0.150 0.011    0.063 0.042 0.024   -982431    0 
53400:    1.00    0.082    0.249 0.152 0.011    0.063 0.042 0.024   -981811    0 
53500:    1.00    0.105    0.249 0.150 0.011    0.062 0.042 0.024   -982511    0 
53600:    1.00    0.088    0.248 0.151 0.011    0.062 0.042 0.024   -982073    0 
53700:    1.00    0.059    0.251 0.151 0.011    0.063 0.042 0.024   -982194    0 
53800:    1.00    0.071    0.247 0.151 0.011    0.062 0.041 0.024   -981976    0 
53900:    1.00    0.052    0.249 0.150 0.011    0.062 0.042 0.024   -981793    0 

--------------------------------------------
Proportion of membership of each pre-defined
 population in each of the 3 clusters

Given    Inferred Clusters       Number of
 Pop       1      2      3      Individuals

  1:     0.108  0.213  0.679       23
--------------------------------------------

 Rep#:   Lambda   Alpha      F1    F2    F3     D1,2  D1,3  D2,3    Ln Like  Est Ln P(D)
54000:    1.00    0.059    0.250 0.149 0.011    0.063 0.042 0.024   -981980    0 
54100:    1.00    0.056    0.252 0.149 0.011    0.063 0.042 0.024   -982482    0 
54200:    1.00    0.078    0.250 0.146 0.011    0.063 0.042 0.023   -982466    0 
54300:    1.00    0.076    0.251 0.149 0.011    0.063 0.042 0.024   -982057    0 
54400:    1.00    0.053    0.252 0.148 0.011    0.063 0.042 0.024   -981701    0 
54500:    1.00    0.083    0.252 0.148 0.011    0.063 0.042 0.024   -982007    0 
54600:    1.00    0.082    0.250 0.148 0.011    0.063 0.042 0.024   -982298    0 
54700:    1.00    0.102    0.254 0.149 0.011    0.063 0.042 0.024   -982391    0 
54800:    1.00    0.084    0.251 0.152 0.011    0.063 0.042 0.024   -982485    0 
54900:    1.00    0.111    0.250 0.150 0.011    0.063 0.042 0.024   -982342    0 

--------------------------------------------
Proportion of membership of each pre-defined
 population in each of the 3 clusters

Given    Inferred Clusters       Number of
 Pop       1      2      3      Individuals

  1:     0.107  0.214  0.678       23
--------------------------------------------

 Rep#:   Lambda   Alpha      F1    F2    F3     D1,2  D1,3  D2,3    Ln Like  Est Ln P(D)
55000:    1.00    0.075    0.251 0.151 0.011    0.063 0.043 0.024   -981919    0 
55100:    1.00    0.088    0.251 0.151 0.011    0.063 0.042 0.024   -982261    0 
55200:    1.00    0.080    0.253 0.151 0.011    0.064 0.043 0.024   -982164    0 
55300:    1.00    0.066    0.256 0.147 0.011    0.063 0.043 0.023   -982014    0 
55400:    1.00    0.056    0.257 0.148 0.011    0.064 0.043 0.024   -982125    0 
55500:    1.00    0.085    0.255 0.147 0.011    0.063 0.043 0.024   -982393    0 
55600:    1.00    0.074    0.257 0.147 0.011    0.064 0.043 0.024   -982524    0 
55700:    1.00    0.064    0.256 0.149 0.011    0.064 0.043 0.024   -981993    0 
55800:    1.00    0.077    0.259 0.147 0.011    0.064 0.043 0.024   -982345    0 
55900:    1.00    0.088    0.258 0.147 0.011    0.064 0.044 0.024   -982530    0 

--------------------------------------------
Proportion of membership of each pre-defined
 population in each of the 3 clusters

Given    Inferred Clusters       Number of
 Pop       1      2      3      Individuals

  1:     0.107  0.216  0.676       23
--------------------------------------------

 Rep#:   Lambda   Alpha      F1    F2    F3     D1,2  D1,3  D2,3    Ln Like  Est Ln P(D)
56000:    1.00    0.093    0.259 0.148 0.011    0.064 0.043 0.024   -982030    0 
56100:    1.00    0.082    0.256 0.149 0.011    0.064 0.043 0.024   -981906    0 
56200:    1.00    0.053    0.257 0.152 0.011    0.064 0.043 0.024   -981898    0 
56300:    1.00    0.104    0.258 0.152 0.011    0.064 0.043 0.024   -981906    0 
56400:    1.00    0.084    0.259 0.154 0.011    0.065 0.044 0.024   -981872    0 
56500:    1.00    0.092    0.260 0.152 0.011    0.064 0.043 0.024   -981910    0 
56600:    1.00    0.114    0.258 0.152 0.011    0.064 0.043 0.024   -981923    0 
56700:    1.00    0.107    0.261 0.151 0.011    0.065 0.044 0.024   -982061    0 
56800:    1.00    0.069    0.261 0.150 0.011    0.064 0.043 0.024   -982668    0 
56900:    1.00    0.046    0.259 0.151 0.011    0.064 0.043 0.024   -981893    0 

--------------------------------------------
Proportion of membership of each pre-defined
 population in each of the 3 clusters

Given    Inferred Clusters       Number of
 Pop       1      2      3      Individuals

  1:     0.108  0.215  0.677       23
--------------------------------------------

 Rep#:   Lambda   Alpha      F1    F2    F3     D1,2  D1,3  D2,3    Ln Like  Est Ln P(D)
57000:    1.00    0.055    0.259 0.150 0.011    0.064 0.043 0.024   -982548    0 
57100:    1.00    0.075    0.251 0.150 0.011    0.063 0.042 0.024   -982633    0 
57200:    1.00    0.044    0.251 0.150 0.011    0.063 0.042 0.024   -982731    0 
57300:    1.00    0.103    0.251 0.150 0.011    0.062 0.042 0.024   -982341    0 
57400:    1.00    0.083    0.252 0.148 0.011    0.063 0.042 0.024   -981693    0 
57500:    1.00    0.084    0.252 0.148 0.011    0.063 0.042 0.023   -981922    0 
57600:    1.00    0.048    0.253 0.148 0.011    0.063 0.042 0.024   -981872    0 
57700:    1.00    0.068    0.253 0.148 0.011    0.063 0.043 0.024   -982697    0 
57800:    1.00    0.066    0.257 0.148 0.011    0.063 0.043 0.024   -982192    0 
57900:    1.00    0.050    0.256 0.148 0.011    0.064 0.043 0.024   -981721    0 

--------------------------------------------
Proportion of membership of each pre-defined
 population in each of the 3 clusters

Given    Inferred Clusters       Number of
 Pop       1      2      3      Individuals

  1:     0.108  0.215  0.677       23
--------------------------------------------

 Rep#:   Lambda   Alpha      F1    F2    F3     D1,2  D1,3  D2,3    Ln Like  Est Ln P(D)
58000:    1.00    0.064    0.256 0.151 0.011    0.064 0.043 0.024   -982125    0 
58100:    1.00    0.061    0.255 0.149 0.011    0.063 0.043 0.024   -982098    0 
58200:    1.00    0.083    0.256 0.150 0.011    0.064 0.043 0.024   -982398    0 
58300:    1.00    0.095    0.256 0.150 0.011    0.064 0.043 0.024   -982154    0 
58400:    1.00    0.094    0.256 0.152 0.011    0.064 0.043 0.024   -982358    0 
58500:    1.00    0.120    0.255 0.152 0.011    0.064 0.043 0.024   -982211    0 
58600:    1.00    0.096    0.258 0.152 0.011    0.064 0.043 0.024   -982503    0 
58700:    1.00    0.058    0.260 0.152 0.011    0.064 0.043 0.024   -981711    0 
58800:    1.00    0.071    0.256 0.152 0.011    0.064 0.043 0.024   -982340    0 
58900:    1.00    0.127    0.256 0.152 0.011    0.063 0.042 0.024   -982757    0 

--------------------------------------------
Proportion of membership of each pre-defined
 population in each of the 3 clusters

Given    Inferred Clusters       Number of
 Pop       1      2      3      Individuals

  1:     0.107  0.214  0.679       23
--------------------------------------------

 Rep#:   Lambda   Alpha      F1    F2    F3     D1,2  D1,3  D2,3    Ln Like  Est Ln P(D)
59000:    1.00    0.069    0.254 0.151 0.011    0.064 0.043 0.024   -982438    0 
59100:    1.00    0.086    0.251 0.150 0.011    0.063 0.042 0.024   -982228    0 
59200:    1.00    0.047    0.254 0.150 0.011    0.063 0.043 0.024   -982109    0 
59300:    1.00    0.065    0.254 0.151 0.011    0.063 0.042 0.024   -982429    0 
59400:    1.00    0.085    0.251 0.150 0.011    0.063 0.042 0.024   -982172    0 
59500:    1.00    0.038    0.252 0.148 0.011    0.063 0.042 0.024   -982371    0 
59600:    1.00    0.046    0.252 0.147 0.011    0.063 0.042 0.024   -982202    0 
59700:    1.00    0.068    0.252 0.145 0.011    0.063 0.042 0.023   -982207    0 
59800:    1.00    0.088    0.249 0.145 0.011    0.062 0.042 0.023   -981681    0 
59900:    1.00    0.092    0.249 0.146 0.011    0.062 0.042 0.024   -982097    0 
60000:    1.00    0.055    0.249 0.146 0.011    0.062 0.042 0.023   -982564    0 

MCMC completed

Inferred ancestry of individuals:
        Label (%Miss) Pop:  Inferred clusters
  1 18160D-09-0    (2)    1 :  0.000 0.068 0.932 
  2 18160D-09-0    (4)    1 :  0.000 0.079 0.921 
  3 18160D-09-0    (2)    1 :  0.000 0.707 0.293 
  4 18160D-09-0    (5)    1 :  0.000 1.000 0.000 
  5 18160D-09-0    (4)    1 :  0.000 0.864 0.136 
  6 18160D-09-0    (4)    1 :  0.000 0.905 0.095 
  7 18160D-09-0    (2)    1 :  0.000 0.981 0.019 
  8 18160D-09-0    (4)    1 :  0.000 0.049 0.951 
  9 18160D-09-0    (2)    1 :  0.165 0.000 0.835 
 10 18160D-09-1    (2)    1 :  1.000 0.000 0.000 
 11 18160D-09-1    (2)    1 :  0.305 0.000 0.695 
 12 18160D-09-1    (2)    1 :  0.175 0.000 0.824 
 13 18160D-09-1    (5)    1 :  0.000 0.089 0.911 
 14 18160D-09-1   (18)    1 :  0.000 0.088 0.912 
 15 18160D-09-1    (4)    1 :  0.000 0.002 0.998 
 16 18160D-09-1    (2)    1 :  0.853 0.009 0.138 
 17 18160D-09-1    (2)    1 :  0.000 0.062 0.938 
 18 18160D-09-1    (2)    1 :  0.000 0.000 1.000 
 19 18160D-09-1    (2)    1 :  0.000 0.010 0.990 
 20 18160D-09-2    (5)    1 :  0.000 0.001 0.999 
 21 18160D-09-2    (5)    1 :  0.000 0.068 0.932 
 22 18160D-09-2    (5)    1 :  0.000 0.000 1.000 
 23 18160D-09-2    (2)    1 :  0.000 0.011 0.988 

Command line arguments:   structure -D 446448 -K 3 -m mainparams -o k3/populations_k3_run9 
Input File:    populations.str
Output File:   k3/populations_k3_run9_f

Run parameters:
   23 individuals
   50160 loci
   3 populations assumed
   10000 Burn-in period
   50000 Reps
RANDOMIZE turned off

--------------------------------------------
Estimated Ln Prob of Data   = -1128119.7
Mean value of ln likelihood = -982166.2
Variance of ln likelihood   = 291906.9
Mean value of alpha         = 0.0772

Mean value of Fst_1         = 0.2465
Mean value of Fst_2         = 0.1472
Mean value of Fst_3         = 0.0125


--------------------------------------------
Proportion of membership of each pre-defined
 population in each of the 3 clusters

Given    Inferred Clusters       Number of
 Pop       1      2      3      Individuals

  1:     0.109  0.217  0.674       23
--------------------------------------------
Final results printed to file k3/populations_k3_run9_f

