

----------------------------------------------------
STRUCTURE by Pritchard, Stephens and Donnelly (2000)
     and Falush, Stephens and Pritchard (2003)
       Code by Pritchard, Falush and Hubisz
             Version 2.3.4 (Jul 2012)
----------------------------------------------------


Reading file "mainparams".
datafile is
populations.str
Reading file "extraparams".
Reading file "populations.str".


Data file "populations.str" (truncated) --

Ind:   Label Pop : Genotype_data . . . .
  1: 18160D-09-0    1  :  4   1   3   1   4   1   3  . . . .   2
  1: 18160D-09-0    1  :  4   1   3   1   4   4   4  . . . .   4
  2: 18160D-09-0    1  :  4   1   3   1   4   1   3  . . . .   2
  2: 18160D-09-0    1  :  4   1   3   1   4   4   3  . . . .   4
  3: 18160D-09-0    1  :  4   1   0   0   0   0   3  . . . .   2
  3: 18160D-09-0    1  :  4   3   0   0   0   0   3  . . . .   4
  4: 18160D-09-0    1  :  4   1   3   1   4   1   3  . . . .   2
  4: 18160D-09-0    1  :  4   3   3   1   4   1   3  . . . .   4

      *******   

 22: 18160D-09-2    1  :  4   1   3   1   4   1   3  . . . .   2
 22: 18160D-09-2    1  :  4   3   3   1   4   1   4  . . . .   4
 23: 18160D-09-2    1  :  4   1   3   1   4   1   3  . . . .   2
 23: 18160D-09-2    1  :  4   1   3   1   4   4   4  . . . .   4

Number of alleles per locus: min= 2; ave=2.0; max= 2


--------------------------------------

Finished initialization; starting MCMC 
50000 iterations + 10000 burnin


--------------------------------------------
Proportion of membership of each pre-defined
 population in each of the 3 clusters

Given    Inferred Clusters       Number of
 Pop       1      2      3      Individuals

  1:     0.332  0.333  0.334       23
--------------------------------------------

 Rep#:   Lambda   Alpha      F1    F2    F3     D1,2  D1,3  D2,3    Ln Like 
  100:    1.00    1.417    0.010 0.010 0.010    0.003 0.003 0.003   --  
  200:    1.00    1.695    0.010 0.010 0.010    0.003 0.003 0.003   --  
  300:    1.00    2.341    0.010 0.010 0.010    0.003 0.003 0.003   --  
  400:    1.00    2.763    0.010 0.010 0.010    0.003 0.003 0.003   --  
  500:    1.00    3.139    0.010 0.010 0.010    0.003 0.003 0.003   --  
  600:    1.00    3.418    0.010 0.010 0.010    0.003 0.003 0.003   --  
  700:    1.00    3.528    0.010 0.010 0.010    0.003 0.003 0.003   --  
  800:    1.00    3.384    0.010 0.010 0.010    0.003 0.003 0.003   --  
  900:    1.00    2.852    0.010 0.010 0.010    0.003 0.003 0.003   --  

--------------------------------------------
Proportion of membership of each pre-defined
 population in each of the 3 clusters

Given    Inferred Clusters       Number of
 Pop       1      2      3      Individuals

  1:     0.319  0.370  0.311       23
--------------------------------------------

 Rep#:   Lambda   Alpha      F1    F2    F3     D1,2  D1,3  D2,3    Ln Like 
 1000:    1.00    2.445    0.010 0.010 0.010    0.003 0.003 0.003   --  
 1100:    1.00    1.810    0.010 0.010 0.010    0.003 0.003 0.003   --  
 1200:    1.00    1.169    0.010 0.010 0.010    0.003 0.003 0.003   --  
 1300:    1.00    0.580    0.010 0.012 0.010    0.003 0.003 0.003   --  
 1400:    1.00    0.432    0.010 0.012 0.010    0.003 0.003 0.004   --  
 1500:    1.00    0.194    0.010 0.012 0.010    0.004 0.003 0.004   --  
 1600:    1.00    0.126    0.010 0.015 0.010    0.004 0.003 0.004   --  
 1700:    1.00    0.056    0.010 0.018 0.011    0.005 0.003 0.005   --  
 1800:    1.00    0.045    0.010 0.019 0.012    0.005 0.003 0.005   --  
 1900:    1.00    0.037    0.010 0.021 0.012    0.005 0.003 0.005   --  

--------------------------------------------
Proportion of membership of each pre-defined
 population in each of the 3 clusters

Given    Inferred Clusters       Number of
 Pop       1      2      3      Individuals

  1:     0.533  0.248  0.219       23
--------------------------------------------

 Rep#:   Lambda   Alpha      F1    F2    F3     D1,2  D1,3  D2,3    Ln Like 
 2000:    1.00    0.028    0.010 0.032 0.012    0.007 0.004 0.007   --  
 2100:    1.00    0.030    0.010 0.040 0.013    0.008 0.004 0.009   --  
 2200:    1.00    0.027    0.010 0.061 0.013    0.011 0.004 0.012   --  
 2300:    1.00    0.033    0.010 0.073 0.013    0.013 0.004 0.014   --  
 2400:    1.00    0.039    0.010 0.095 0.013    0.016 0.004 0.017   --  
 2500:    1.00    0.048    0.010 0.100 0.014    0.017 0.004 0.018   --  
 2600:    1.00    0.049    0.010 0.102 0.014    0.017 0.004 0.018   --  
 2700:    1.00    0.040    0.010 0.109 0.014    0.018 0.004 0.019   --  
 2800:    1.00    0.055    0.010 0.117 0.015    0.019 0.004 0.020   --  
 2900:    1.00    0.062    0.010 0.119 0.015    0.019 0.004 0.021   --  

--------------------------------------------
Proportion of membership of each pre-defined
 population in each of the 3 clusters

Given    Inferred Clusters       Number of
 Pop       1      2      3      Individuals

  1:     0.559  0.223  0.218       23
--------------------------------------------

 Rep#:   Lambda   Alpha      F1    F2    F3     D1,2  D1,3  D2,3    Ln Like 
 3000:    1.00    0.027    0.010 0.125 0.015    0.020 0.004 0.022   --  
 3100:    1.00    0.041    0.010 0.126 0.016    0.021 0.004 0.022   --  
 3200:    1.00    0.070    0.010 0.126 0.016    0.020 0.004 0.022   --  
 3300:    1.00    0.059    0.010 0.126 0.016    0.020 0.004 0.022   --  
 3400:    1.00    0.074    0.010 0.130 0.016    0.021 0.004 0.022   --  
 3500:    1.00    0.053    0.010 0.130 0.017    0.021 0.004 0.023   --  
 3600:    1.00    0.087    0.010 0.131 0.017    0.021 0.004 0.023   --  
 3700:    1.00    0.061    0.010 0.133 0.017    0.022 0.004 0.023   --  
 3800:    1.00    0.026    0.010 0.134 0.017    0.022 0.004 0.023   --  
 3900:    1.00    0.042    0.011 0.134 0.017    0.022 0.004 0.023   --  

--------------------------------------------
Proportion of membership of each pre-defined
 population in each of the 3 clusters

Given    Inferred Clusters       Number of
 Pop       1      2      3      Individuals

  1:     0.565  0.217  0.217       23
--------------------------------------------

 Rep#:   Lambda   Alpha      F1    F2    F3     D1,2  D1,3  D2,3    Ln Like 
 4000:    1.00    0.056    0.011 0.133 0.018    0.022 0.005 0.023   --  
 4100:    1.00    0.036    0.011 0.139 0.018    0.022 0.005 0.024   --  
 4200:    1.00    0.047    0.011 0.140 0.018    0.023 0.005 0.024   --  
 4300:    1.00    0.046    0.011 0.139 0.018    0.022 0.005 0.024   --  
 4400:    1.00    0.045    0.011 0.141 0.018    0.023 0.005 0.024   --  
 4500:    1.00    0.021    0.011 0.143 0.020    0.023 0.005 0.025   --  
 4600:    1.00    0.037    0.011 0.146 0.020    0.023 0.005 0.025   --  
 4700:    1.00    0.041    0.011 0.145 0.021    0.023 0.005 0.025   --  
 4800:    1.00    0.035    0.011 0.146 0.021    0.023 0.005 0.026   --  
 4900:    1.00    0.056    0.011 0.146 0.021    0.024 0.005 0.026   --  

--------------------------------------------
Proportion of membership of each pre-defined
 population in each of the 3 clusters

Given    Inferred Clusters       Number of
 Pop       1      2      3      Individuals

  1:     0.560  0.222  0.218       23
--------------------------------------------

 Rep#:   Lambda   Alpha      F1    F2    F3     D1,2  D1,3  D2,3    Ln Like 
 5000:    1.00    0.066    0.011 0.146 0.022    0.023 0.005 0.026   --  
 5100:    1.00    0.066    0.011 0.149 0.023    0.024 0.005 0.026   --  
 5200:    1.00    0.058    0.011 0.147 0.023    0.024 0.005 0.026   --  
 5300:    1.00    0.064    0.011 0.148 0.025    0.024 0.006 0.026   --  
 5400:    1.00    0.051    0.011 0.150 0.025    0.024 0.006 0.027   --  
 5500:    1.00    0.067    0.011 0.151 0.025    0.024 0.006 0.027   --  
 5600:    1.00    0.038    0.011 0.148 0.025    0.023 0.006 0.026   --  
 5700:    1.00    0.035    0.011 0.148 0.026    0.024 0.006 0.027   --  
 5800:    1.00    0.057    0.011 0.147 0.026    0.024 0.006 0.027   --  
 5900:    1.00    0.049    0.011 0.148 0.029    0.024 0.006 0.027   --  

--------------------------------------------
Proportion of membership of each pre-defined
 population in each of the 3 clusters

Given    Inferred Clusters       Number of
 Pop       1      2      3      Individuals

  1:     0.562  0.220  0.218       23
--------------------------------------------

 Rep#:   Lambda   Alpha      F1    F2    F3     D1,2  D1,3  D2,3    Ln Like 
 6000:    1.00    0.033    0.011 0.148 0.032    0.024 0.007 0.028   --  
 6100:    1.00    0.056    0.011 0.147 0.033    0.024 0.007 0.027   --  
 6200:    1.00    0.053    0.011 0.147 0.033    0.024 0.007 0.028   --  
 6300:    1.00    0.054    0.011 0.149 0.035    0.024 0.007 0.028   --  
 6400:    1.00    0.029    0.011 0.146 0.038    0.023 0.008 0.028   --  
 6500:    1.00    0.053    0.011 0.149 0.041    0.024 0.008 0.029   --  
 6600:    1.00    0.056    0.011 0.150 0.042    0.024 0.008 0.029   --  
 6700:    1.00    0.067    0.011 0.148 0.044    0.023 0.009 0.029   --  
 6800:    1.00    0.037    0.012 0.148 0.046    0.024 0.009 0.030   --  
 6900:    1.00    0.040    0.012 0.148 0.047    0.024 0.009 0.030   --  

--------------------------------------------
Proportion of membership of each pre-defined
 population in each of the 3 clusters

Given    Inferred Clusters       Number of
 Pop       1      2      3      Individuals

  1:     0.585  0.211  0.204       23
--------------------------------------------

 Rep#:   Lambda   Alpha      F1    F2    F3     D1,2  D1,3  D2,3    Ln Like 
 7000:    1.00    0.069    0.012 0.148 0.050    0.024 0.010 0.030   --  
 7100:    1.00    0.074    0.012 0.147 0.054    0.024 0.010 0.031   --  
 7200:    1.00    0.053    0.012 0.147 0.059    0.024 0.011 0.032   --  
 7300:    1.00    0.044    0.012 0.148 0.064    0.024 0.012 0.033   --  
 7400:    1.00    0.052    0.012 0.148 0.069    0.024 0.013 0.034   --  
 7500:    1.00    0.062    0.012 0.149 0.071    0.024 0.013 0.034   --  
 7600:    1.00    0.051    0.012 0.149 0.083    0.024 0.015 0.036   --  
 7700:    1.00    0.066    0.012 0.149 0.091    0.024 0.017 0.037   --  
 7800:    1.00    0.064    0.012 0.149 0.099    0.024 0.018 0.038   --  
 7900:    1.00    0.086    0.012 0.148 0.108    0.024 0.020 0.040   --  

--------------------------------------------
Proportion of membership of each pre-defined
 population in each of the 3 clusters

Given    Inferred Clusters       Number of
 Pop       1      2      3      Individuals

  1:     0.644  0.212  0.143       23
--------------------------------------------

 Rep#:   Lambda   Alpha      F1    F2    F3     D1,2  D1,3  D2,3    Ln Like 
 8000:    1.00    0.069    0.012 0.145 0.120    0.024 0.022 0.042   --  
 8100:    1.00    0.048    0.012 0.145 0.150    0.023 0.026 0.047   --  
 8200:    1.00    0.037    0.012 0.143 0.162    0.023 0.028 0.048   --  
 8300:    1.00    0.067    0.012 0.145 0.178    0.023 0.031 0.050   --  
 8400:    1.00    0.112    0.012 0.142 0.184    0.023 0.032 0.052   --  
 8500:    1.00    0.081    0.012 0.144 0.196    0.023 0.034 0.054   --  
 8600:    1.00    0.055    0.012 0.142 0.202    0.023 0.034 0.055   --  
 8700:    1.00    0.062    0.012 0.142 0.207    0.023 0.035 0.054   --  
 8800:    1.00    0.056    0.012 0.143 0.210    0.023 0.035 0.055   --  
 8900:    1.00    0.076    0.012 0.143 0.209    0.023 0.036 0.056   --  

--------------------------------------------
Proportion of membership of each pre-defined
 population in each of the 3 clusters

Given    Inferred Clusters       Number of
 Pop       1      2      3      Individuals

  1:     0.666  0.220  0.114       23
--------------------------------------------

 Rep#:   Lambda   Alpha      F1    F2    F3     D1,2  D1,3  D2,3    Ln Like 
 9000:    1.00    0.059    0.012 0.141 0.213    0.023 0.036 0.056   --  
 9100:    1.00    0.082    0.012 0.143 0.216    0.023 0.036 0.056   --  
 9200:    1.00    0.062    0.012 0.143 0.222    0.023 0.037 0.057   --  
 9300:    1.00    0.081    0.012 0.141 0.226    0.023 0.038 0.058   --  
 9400:    1.00    0.081    0.012 0.141 0.228    0.023 0.038 0.058   --  
 9500:    1.00    0.088    0.012 0.141 0.231    0.023 0.039 0.059   --  
 9600:    1.00    0.085    0.012 0.144 0.230    0.023 0.039 0.059   --  
 9700:    1.00    0.056    0.012 0.144 0.230    0.023 0.039 0.059   --  
 9800:    1.00    0.101    0.012 0.144 0.230    0.023 0.039 0.058   --  
 9900:    1.00    0.081    0.012 0.144 0.231    0.023 0.039 0.059   --  
10000:    1.00    0.068    0.012 0.145 0.236    0.023 0.040 0.060   --  

BURNIN completed
 Rep#:   Lambda   Alpha      F1    F2    F3     D1,2  D1,3  D2,3    Ln Like  Est Ln P(D)
10100:    1.00    0.046    0.012 0.146 0.240    0.023 0.040 0.061   -981895    0 
10200:    1.00    0.085    0.012 0.145 0.242    0.023 0.041 0.061   -981984    0 
10300:    1.00    0.073    0.012 0.145 0.244    0.023 0.041 0.061   -981900    0 
10400:    1.00    0.061    0.012 0.147 0.240    0.024 0.040 0.061   -981969    0 
10500:    1.00    0.094    0.012 0.146 0.240    0.024 0.041 0.061   -981841    0 
10600:    1.00    0.077    0.012 0.146 0.240    0.023 0.040 0.061   -981789    0 
10700:    1.00    0.112    0.012 0.145 0.240    0.023 0.040 0.060   -982220    0 
10800:    1.00    0.111    0.012 0.144 0.243    0.023 0.041 0.061   -981658    0 
10900:    1.00    0.082    0.012 0.146 0.244    0.023 0.042 0.061   -982372    0 

--------------------------------------------
Proportion of membership of each pre-defined
 population in each of the 3 clusters

Given    Inferred Clusters       Number of
 Pop       1      2      3      Individuals

  1:     0.670  0.221  0.109       23
--------------------------------------------

 Rep#:   Lambda   Alpha      F1    F2    F3     D1,2  D1,3  D2,3    Ln Like  Est Ln P(D)
11000:    1.00    0.080    0.012 0.144 0.246    0.023 0.041 0.061   -982058    0 
11100:    1.00    0.056    0.012 0.144 0.252    0.023 0.042 0.062   -981425    0 
11200:    1.00    0.088    0.012 0.143 0.253    0.023 0.043 0.063   -981963    0 
11300:    1.00    0.085    0.012 0.142 0.250    0.023 0.042 0.061   -982223    0 
11400:    1.00    0.091    0.012 0.142 0.251    0.023 0.042 0.062   -981997    0 
11500:    1.00    0.095    0.012 0.141 0.253    0.023 0.042 0.062   -982062    0 
11600:    1.00    0.123    0.012 0.143 0.253    0.023 0.042 0.061   -982191    0 
11700:    1.00    0.082    0.012 0.146 0.250    0.024 0.042 0.062   -982184    0 
11800:    1.00    0.048    0.012 0.146 0.250    0.023 0.042 0.062   -982539    0 
11900:    1.00    0.080    0.012 0.146 0.247    0.024 0.041 0.062   -982603    0 

--------------------------------------------
Proportion of membership of each pre-defined
 population in each of the 3 clusters

Given    Inferred Clusters       Number of
 Pop       1      2      3      Individuals

  1:     0.670  0.222  0.107       23
--------------------------------------------

 Rep#:   Lambda   Alpha      F1    F2    F3     D1,2  D1,3  D2,3    Ln Like  Est Ln P(D)
12000:    1.00    0.057    0.012 0.146 0.250    0.023 0.041 0.062   -982461    0 
12100:    1.00    0.065    0.012 0.148 0.253    0.024 0.043 0.063   -982113    0 
12200:    1.00    0.086    0.012 0.148 0.252    0.024 0.042 0.063   -981742    0 
12300:    1.00    0.110    0.012 0.148 0.254    0.024 0.042 0.063   -982127    0 
12400:    1.00    0.106    0.012 0.151 0.252    0.024 0.042 0.063   -982370    0 
12500:    1.00    0.096    0.012 0.151 0.254    0.024 0.043 0.063   -981635    0 
12600:    1.00    0.061    0.012 0.149 0.253    0.024 0.043 0.063   -982009    0 
12700:    1.00    0.045    0.012 0.148 0.253    0.024 0.042 0.063   -981738    0 
12800:    1.00    0.092    0.012 0.148 0.253    0.024 0.043 0.063   -982274    0 
12900:    1.00    0.080    0.012 0.147 0.255    0.023 0.043 0.063   -981757    0 

--------------------------------------------
Proportion of membership of each pre-defined
 population in each of the 3 clusters

Given    Inferred Clusters       Number of
 Pop       1      2      3      Individuals

  1:     0.674  0.220  0.106       23
--------------------------------------------

 Rep#:   Lambda   Alpha      F1    F2    F3     D1,2  D1,3  D2,3    Ln Like  Est Ln P(D)
13000:    1.00    0.071    0.012 0.147 0.256    0.024 0.043 0.064   -981913    0 
13100:    1.00    0.046    0.012 0.147 0.255    0.023 0.043 0.063   -981970    0 
13200:    1.00    0.066    0.012 0.146 0.253    0.023 0.042 0.062   -981917    0 
13300:    1.00    0.063    0.012 0.146 0.253    0.023 0.042 0.062   -982207    0 
13400:    1.00    0.074    0.012 0.147 0.252    0.023 0.042 0.062   -981619    0 
13500:    1.00    0.128    0.012 0.146 0.249    0.024 0.042 0.062   -982365    0 
13600:    1.00    0.044    0.012 0.146 0.254    0.024 0.043 0.063   -982105    0 
13700:    1.00    0.081    0.012 0.146 0.254    0.023 0.043 0.063   -982159    0 
13800:    1.00    0.077    0.012 0.147 0.253    0.024 0.042 0.062   -982028    0 
13900:    1.00    0.057    0.012 0.147 0.254    0.024 0.043 0.063   -981938    0 

--------------------------------------------
Proportion of membership of each pre-defined
 population in each of the 3 clusters

Given    Inferred Clusters       Number of
 Pop       1      2      3      Individuals

  1:     0.670  0.222  0.108       23
--------------------------------------------

 Rep#:   Lambda   Alpha      F1    F2    F3     D1,2  D1,3  D2,3    Ln Like  Est Ln P(D)
14000:    1.00    0.146    0.012 0.148 0.252    0.024 0.042 0.062   -981921    0 
14100:    1.00    0.102    0.012 0.148 0.251    0.024 0.042 0.063   -981938    0 
14200:    1.00    0.069    0.012 0.147 0.248    0.024 0.042 0.062   -982250    0 
14300:    1.00    0.121    0.012 0.148 0.249    0.024 0.042 0.063   -982060    0 
14400:    1.00    0.069    0.012 0.145 0.245    0.023 0.041 0.061   -982517    0 
14500:    1.00    0.105    0.012 0.145 0.247    0.023 0.042 0.062   -982046    0 
14600:    1.00    0.078    0.012 0.145 0.247    0.023 0.042 0.061   -981422    0 
14700:    1.00    0.066    0.012 0.146 0.247    0.023 0.042 0.062   -981806    0 
14800:    1.00    0.076    0.012 0.146 0.246    0.023 0.041 0.061   -982157    0 
14900:    1.00    0.057    0.012 0.146 0.245    0.023 0.041 0.061   -982394    0 

--------------------------------------------
Proportion of membership of each pre-defined
 population in each of the 3 clusters

Given    Inferred Clusters       Number of
 Pop       1      2      3      Individuals

  1:     0.670  0.223  0.107       23
--------------------------------------------

 Rep#:   Lambda   Alpha      F1    F2    F3     D1,2  D1,3  D2,3    Ln Like  Est Ln P(D)
15000:    1.00    0.075    0.012 0.147 0.245    0.023 0.041 0.061   -982480    0 
15100:    1.00    0.080    0.012 0.148 0.249    0.024 0.042 0.062   -982109    0 
15200:    1.00    0.093    0.012 0.146 0.248    0.023 0.042 0.062   -982176    0 
15300:    1.00    0.075    0.012 0.147 0.250    0.024 0.042 0.063   -981632    0 
15400:    1.00    0.065    0.012 0.147 0.250    0.024 0.042 0.063   -981883    0 
15500:    1.00    0.069    0.012 0.146 0.251    0.024 0.042 0.062   -982158    0 
15600:    1.00    0.057    0.012 0.147 0.254    0.024 0.042 0.063   -982274    0 
15700:    1.00    0.086    0.012 0.146 0.256    0.023 0.043 0.063   -981808    0 
15800:    1.00    0.104    0.012 0.147 0.256    0.024 0.043 0.063   -982481    0 
15900:    1.00    0.081    0.012 0.147 0.258    0.024 0.043 0.064   -982323    0 

--------------------------------------------
Proportion of membership of each pre-defined
 population in each of the 3 clusters

Given    Inferred Clusters       Number of
 Pop       1      2      3      Individuals

  1:     0.674  0.219  0.107       23
--------------------------------------------

 Rep#:   Lambda   Alpha      F1    F2    F3     D1,2  D1,3  D2,3    Ln Like  Est Ln P(D)
16000:    1.00    0.080    0.012 0.148 0.251    0.024 0.042 0.062   -982393    0 
16100:    1.00    0.071    0.012 0.148 0.250    0.024 0.042 0.062   -982120    0 
16200:    1.00    0.058    0.012 0.145 0.249    0.023 0.042 0.062   -982084    0 
16300:    1.00    0.067    0.012 0.145 0.254    0.023 0.043 0.063   -982459    0 
16400:    1.00    0.082    0.012 0.145 0.252    0.023 0.042 0.062   -982241    0 
16500:    1.00    0.078    0.012 0.144 0.255    0.023 0.042 0.062   -982173    0 
16600:    1.00    0.048    0.012 0.146 0.260    0.024 0.043 0.063   -982124    0 
16700:    1.00    0.066    0.012 0.143 0.260    0.023 0.043 0.063   -982163    0 
16800:    1.00    0.112    0.012 0.144 0.260    0.023 0.043 0.063   -982242    0 
16900:    1.00    0.088    0.012 0.146 0.260    0.023 0.043 0.064   -982369    0 

--------------------------------------------
Proportion of membership of each pre-defined
 population in each of the 3 clusters

Given    Inferred Clusters       Number of
 Pop       1      2      3      Individuals

  1:     0.677  0.217  0.106       23
--------------------------------------------

 Rep#:   Lambda   Alpha      F1    F2    F3     D1,2  D1,3  D2,3    Ln Like  Est Ln P(D)
17000:    1.00    0.071    0.012 0.146 0.259    0.024 0.043 0.064   -982322    0 
17100:    1.00    0.105    0.012 0.146 0.256    0.023 0.043 0.063   -981915    0 
17200:    1.00    0.056    0.012 0.145 0.253    0.023 0.042 0.062   -982154    0 
17300:    1.00    0.054    0.012 0.144 0.254    0.023 0.042 0.062   -982527    0 
17400:    1.00    0.097    0.012 0.145 0.249    0.023 0.041 0.062   -982175    0 
17500:    1.00    0.063    0.012 0.147 0.248    0.024 0.042 0.063   -982296    0 
17600:    1.00    0.085    0.012 0.146 0.248    0.023 0.042 0.062   -982570    0 
17700:    1.00    0.042    0.012 0.148 0.248    0.024 0.041 0.062   -982086    0 
17800:    1.00    0.066    0.012 0.148 0.253    0.024 0.043 0.063   -981612    0 
17900:    1.00    0.095    0.012 0.149 0.247    0.024 0.042 0.062   -981865    0 

--------------------------------------------
Proportion of membership of each pre-defined
 population in each of the 3 clusters

Given    Inferred Clusters       Number of
 Pop       1      2      3      Individuals

  1:     0.681  0.210  0.109       23
--------------------------------------------

 Rep#:   Lambda   Alpha      F1    F2    F3     D1,2  D1,3  D2,3    Ln Like  Est Ln P(D)
18000:    1.00    0.077    0.012 0.149 0.247    0.024 0.042 0.062   -982221    0 
18100:    1.00    0.055    0.012 0.149 0.246    0.024 0.042 0.063   -982129    0 
18200:    1.00    0.053    0.012 0.149 0.248    0.024 0.042 0.063   -982338    0 
18300:    1.00    0.088    0.012 0.147 0.248    0.024 0.042 0.062   -982276    0 
18400:    1.00    0.091    0.012 0.147 0.247    0.024 0.041 0.062   -982277    0 
18500:    1.00    0.095    0.012 0.149 0.246    0.024 0.041 0.062   -981465    0 
18600:    1.00    0.081    0.012 0.148 0.248    0.024 0.042 0.062   -982511    0 
18700:    1.00    0.073    0.012 0.148 0.247    0.024 0.041 0.062   -982348    0 
18800:    1.00    0.107    0.012 0.148 0.250    0.024 0.042 0.063   -982313    0 
18900:    1.00    0.092    0.012 0.148 0.250    0.024 0.042 0.063   -982395    0 

--------------------------------------------
Proportion of membership of each pre-defined
 population in each of the 3 clusters

Given    Inferred Clusters       Number of
 Pop       1      2      3      Individuals

  1:     0.674  0.219  0.108       23
--------------------------------------------

 Rep#:   Lambda   Alpha      F1    F2    F3     D1,2  D1,3  D2,3    Ln Like  Est Ln P(D)
19000:    1.00    0.089    0.012 0.148 0.253    0.024 0.042 0.063   -982375    0 
19100:    1.00    0.062    0.012 0.148 0.254    0.024 0.043 0.063   -982287    0 
19200:    1.00    0.089    0.012 0.149 0.255    0.024 0.043 0.064   -981837    0 
19300:    1.00    0.057    0.012 0.152 0.255    0.024 0.043 0.064   -981900    0 
19400:    1.00    0.081    0.012 0.153 0.257    0.025 0.043 0.065   -981940    0 
19500:    1.00    0.061    0.012 0.150 0.254    0.024 0.043 0.063   -982753    0 
19600:    1.00    0.065    0.012 0.151 0.254    0.024 0.043 0.064   -982297    0 
19700:    1.00    0.059    0.012 0.150 0.255    0.024 0.042 0.064   -982303    0 
19800:    1.00    0.070    0.012 0.153 0.253    0.025 0.043 0.064   -981960    0 
19900:    1.00    0.074    0.012 0.152 0.254    0.024 0.043 0.063   -981663    0 

--------------------------------------------
Proportion of membership of each pre-defined
 population in each of the 3 clusters

Given    Inferred Clusters       Number of
 Pop       1      2      3      Individuals

  1:     0.676  0.216  0.109       23
--------------------------------------------

 Rep#:   Lambda   Alpha      F1    F2    F3     D1,2  D1,3  D2,3    Ln Like  Est Ln P(D)
20000:    1.00    0.057    0.012 0.151 0.251    0.024 0.042 0.063   -982267    0 
20100:    1.00    0.063    0.012 0.152 0.251    0.024 0.042 0.063   -981906    0 
20200:    1.00    0.080    0.012 0.151 0.252    0.024 0.042 0.063   -982042    0 
20300:    1.00    0.043    0.012 0.150 0.250    0.024 0.042 0.062   -982185    0 
20400:    1.00    0.098    0.012 0.150 0.250    0.024 0.042 0.063   -982357    0 
20500:    1.00    0.095    0.012 0.150 0.249    0.024 0.042 0.062   -982720    0 
20600:    1.00    0.080    0.012 0.151 0.249    0.024 0.042 0.063   -981989    0 
20700:    1.00    0.070    0.012 0.149 0.249    0.024 0.042 0.063   -981786    0 
20800:    1.00    0.095    0.012 0.149 0.249    0.024 0.042 0.063   -981842    0 
20900:    1.00    0.103    0.012 0.149 0.252    0.024 0.042 0.063   -981742    0 

--------------------------------------------
Proportion of membership of each pre-defined
 population in each of the 3 clusters

Given    Inferred Clusters       Number of
 Pop       1      2      3      Individuals

  1:     0.679  0.213  0.108       23
--------------------------------------------

 Rep#:   Lambda   Alpha      F1    F2    F3     D1,2  D1,3  D2,3    Ln Like  Est Ln P(D)
21000:    1.00    0.081    0.012 0.148 0.252    0.024 0.042 0.063   -981957    0 
21100:    1.00    0.081    0.012 0.150 0.248    0.024 0.042 0.062   -982033    0 
21200:    1.00    0.091    0.012 0.150 0.249    0.024 0.042 0.062   -982470    0 
21300:    1.00    0.078    0.012 0.152 0.248    0.025 0.042 0.063   -982204    0 
21400:    1.00    0.075    0.012 0.152 0.249    0.024 0.041 0.062   -982476    0 
21500:    1.00    0.114    0.012 0.152 0.249    0.024 0.042 0.062   -981399    0 
21600:    1.00    0.071    0.012 0.151 0.247    0.024 0.041 0.062   -982131    0 
21700:    1.00    0.074    0.012 0.150 0.246    0.024 0.042 0.062   -982616    0 
21800:    1.00    0.065    0.012 0.147 0.247    0.023 0.041 0.062   -982546    0 
21900:    1.00    0.074    0.012 0.148 0.250    0.024 0.042 0.063   -982089    0 

--------------------------------------------
Proportion of membership of each pre-defined
 population in each of the 3 clusters

Given    Inferred Clusters       Number of
 Pop       1      2      3      Individuals

  1:     0.674  0.218  0.108       23
--------------------------------------------

 Rep#:   Lambda   Alpha      F1    F2    F3     D1,2  D1,3  D2,3    Ln Like  Est Ln P(D)
22000:    1.00    0.059    0.012 0.148 0.248    0.024 0.042 0.063   -982227    0 
22100:    1.00    0.064    0.011 0.147 0.251    0.024 0.042 0.063   -982109    0 
22200:    1.00    0.085    0.011 0.147 0.249    0.024 0.042 0.062   -982064    0 
22300:    1.00    0.086    0.011 0.146 0.250    0.023 0.042 0.062   -981845    0 
22400:    1.00    0.062    0.011 0.146 0.250    0.023 0.042 0.062   -981718    0 
22500:    1.00    0.077    0.011 0.145 0.250    0.024 0.042 0.062   -982158    0 
22600:    1.00    0.053    0.011 0.146 0.253    0.023 0.042 0.063   -982480    0 
22700:    1.00    0.084    0.011 0.146 0.260    0.024 0.043 0.063   -982024    0 
22800:    1.00    0.047    0.011 0.148 0.261    0.024 0.043 0.064   -981826    0 
22900:    1.00    0.106    0.011 0.147 0.261    0.023 0.044 0.064   -981821    0 

--------------------------------------------
Proportion of membership of each pre-defined
 population in each of the 3 clusters

Given    Inferred Clusters       Number of
 Pop       1      2      3      Individuals

  1:     0.673  0.220  0.106       23
--------------------------------------------

 Rep#:   Lambda   Alpha      F1    F2    F3     D1,2  D1,3  D2,3    Ln Like  Est Ln P(D)
23000:    1.00    0.088    0.011 0.147 0.259    0.024 0.043 0.063   -981751    0 
23100:    1.00    0.081    0.011 0.147 0.263    0.024 0.044 0.064   -981155    0 
23200:    1.00    0.095    0.011 0.147 0.262    0.023 0.044 0.064   -981591    0 
23300:    1.00    0.078    0.011 0.144 0.259    0.023 0.043 0.064   -982019    0 
23400:    1.00    0.053    0.011 0.144 0.258    0.023 0.043 0.063   -982052    0 
23500:    1.00    0.073    0.011 0.144 0.257    0.023 0.043 0.063   -981903    0 
23600:    1.00    0.048    0.011 0.143 0.252    0.023 0.043 0.063   -982396    0 
23700:    1.00    0.051    0.011 0.145 0.251    0.023 0.042 0.062   -981900    0 
23800:    1.00    0.051    0.011 0.147 0.251    0.023 0.042 0.062   -981823    0 
23900:    1.00    0.073    0.011 0.147 0.252    0.024 0.042 0.062   -981608    0 

--------------------------------------------
Proportion of membership of each pre-defined
 population in each of the 3 clusters

Given    Inferred Clusters       Number of
 Pop       1      2      3      Individuals

  1:     0.679  0.213  0.108       23
--------------------------------------------

 Rep#:   Lambda   Alpha      F1    F2    F3     D1,2  D1,3  D2,3    Ln Like  Est Ln P(D)
24000:    1.00    0.056    0.011 0.146 0.252    0.023 0.042 0.062   -981946    0 
24100:    1.00    0.046    0.011 0.144 0.251    0.023 0.042 0.062   -982057    0 
24200:    1.00    0.075    0.011 0.145 0.254    0.023 0.042 0.062   -981934    0 
24300:    1.00    0.082    0.011 0.145 0.254    0.023 0.043 0.063   -982260    0 
24400:    1.00    0.144    0.011 0.146 0.258    0.023 0.043 0.064   -981534    0 
24500:    1.00    0.075    0.011 0.148 0.254    0.024 0.043 0.063   -981845    0 
24600:    1.00    0.042    0.012 0.148 0.258    0.024 0.043 0.064   -981944    0 
24700:    1.00    0.094    0.012 0.148 0.257    0.024 0.043 0.063   -981669    0 
24800:    1.00    0.076    0.012 0.149 0.258    0.024 0.043 0.064   -981612    0 
24900:    1.00    0.105    0.012 0.151 0.256    0.024 0.043 0.064   -981461    0 

--------------------------------------------
Proportion of membership of each pre-defined
 population in each of the 3 clusters

Given    Inferred Clusters       Number of
 Pop       1      2      3      Individuals

  1:     0.673  0.220  0.107       23
--------------------------------------------

 Rep#:   Lambda   Alpha      F1    F2    F3     D1,2  D1,3  D2,3    Ln Like  Est Ln P(D)
25000:    1.00    0.101    0.012 0.149 0.256    0.024 0.043 0.064   -981773    0 
25100:    1.00    0.121    0.012 0.151 0.257    0.024 0.044 0.064   -981288    0 
25200:    1.00    0.056    0.012 0.148 0.258    0.023 0.043 0.063   -981762    0 
25300:    1.00    0.036    0.011 0.148 0.258    0.024 0.043 0.064   -982181    0 
25400:    1.00    0.089    0.011 0.148 0.256    0.024 0.043 0.064   -982119    0 
25500:    1.00    0.040    0.011 0.149 0.256    0.023 0.043 0.063   -981836    0 
25600:    1.00    0.071    0.011 0.150 0.256    0.024 0.043 0.063   -981756    0 
25700:    1.00    0.051    0.011 0.150 0.256    0.024 0.043 0.063   -982004    0 
25800:    1.00    0.050    0.011 0.149 0.252    0.024 0.042 0.062   -981483    0 
25900:    1.00    0.051    0.011 0.149 0.251    0.024 0.042 0.063   -982539    0 

--------------------------------------------
Proportion of membership of each pre-defined
 population in each of the 3 clusters

Given    Inferred Clusters       Number of
 Pop       1      2      3      Individuals

  1:     0.673  0.220  0.107       23
--------------------------------------------

 Rep#:   Lambda   Alpha      F1    F2    F3     D1,2  D1,3  D2,3    Ln Like  Est Ln P(D)
26000:    1.00    0.058    0.011 0.147 0.251    0.024 0.042 0.062   -981853    0 
26100:    1.00    0.107    0.011 0.147 0.251    0.023 0.042 0.062   -981787    0 
26200:    1.00    0.074    0.011 0.145 0.253    0.023 0.042 0.062   -981789    0 
26300:    1.00    0.058    0.011 0.145 0.251    0.023 0.043 0.063   -982127    0 
26400:    1.00    0.088    0.011 0.145 0.254    0.023 0.042 0.062   -982143    0 
26500:    1.00    0.103    0.011 0.147 0.256    0.024 0.043 0.063   -982030    0 
26600:    1.00    0.044    0.011 0.144 0.257    0.023 0.043 0.063   -982137    0 
26700:    1.00    0.080    0.011 0.144 0.256    0.024 0.043 0.063   -982141    0 
26800:    1.00    0.117    0.011 0.144 0.256    0.023 0.043 0.063   -982189    0 
26900:    1.00    0.064    0.011 0.143 0.259    0.023 0.043 0.063   -981976    0 

--------------------------------------------
Proportion of membership of each pre-defined
 population in each of the 3 clusters

Given    Inferred Clusters       Number of
 Pop       1      2      3      Individuals

  1:     0.672  0.220  0.108       23
--------------------------------------------

 Rep#:   Lambda   Alpha      F1    F2    F3     D1,2  D1,3  D2,3    Ln Like  Est Ln P(D)
27000:    1.00    0.095    0.011 0.143 0.255    0.023 0.043 0.063   -981844    0 
27100:    1.00    0.130    0.011 0.143 0.250    0.023 0.042 0.062   -982375    0 
27200:    1.00    0.097    0.011 0.143 0.245    0.023 0.041 0.061   -982726    0 
27300:    1.00    0.095    0.011 0.142 0.246    0.023 0.041 0.061   -982722    0 
27400:    1.00    0.080    0.011 0.142 0.250    0.023 0.042 0.061   -982336    0 
27500:    1.00    0.115    0.011 0.142 0.250    0.023 0.042 0.061   -982331    0 
27600:    1.00    0.072    0.011 0.142 0.251    0.023 0.042 0.062   -982168    0 
27700:    1.00    0.095    0.011 0.141 0.248    0.023 0.041 0.061   -981996    0 
27800:    1.00    0.056    0.011 0.141 0.250    0.023 0.042 0.062   -981960    0 
27900:    1.00    0.055    0.011 0.140 0.255    0.023 0.043 0.062   -981950    0 

--------------------------------------------
Proportion of membership of each pre-defined
 population in each of the 3 clusters

Given    Inferred Clusters       Number of
 Pop       1      2      3      Individuals

  1:     0.671  0.220  0.109       23
--------------------------------------------

 Rep#:   Lambda   Alpha      F1    F2    F3     D1,2  D1,3  D2,3    Ln Like  Est Ln P(D)
28000:    1.00    0.055    0.011 0.140 0.258    0.022 0.043 0.063   -982043    0 
28100:    1.00    0.035    0.012 0.141 0.253    0.023 0.042 0.062   -982238    0 
28200:    1.00    0.066    0.012 0.141 0.253    0.023 0.042 0.062   -981848    0 
28300:    1.00    0.079    0.012 0.143 0.253    0.023 0.043 0.063   -981811    0 
28400:    1.00    0.058    0.012 0.140 0.253    0.022 0.043 0.062   -982167    0 
28500:    1.00    0.110    0.012 0.142 0.253    0.023 0.043 0.062   -982414    0 
28600:    1.00    0.090    0.012 0.142 0.256    0.023 0.043 0.063   -982206    0 
28700:    1.00    0.058    0.012 0.141 0.252    0.023 0.042 0.062   -981985    0 
28800:    1.00    0.081    0.012 0.140 0.250    0.023 0.042 0.061   -981618    0 
28900:    1.00    0.050    0.012 0.139 0.251    0.022 0.042 0.061   -982698    0 

--------------------------------------------
Proportion of membership of each pre-defined
 population in each of the 3 clusters

Given    Inferred Clusters       Number of
 Pop       1      2      3      Individuals

  1:     0.671  0.221  0.108       23
--------------------------------------------

 Rep#:   Lambda   Alpha      F1    F2    F3     D1,2  D1,3  D2,3    Ln Like  Est Ln P(D)
29000:    1.00    0.067    0.012 0.141 0.250    0.023 0.042 0.061   -981962    0 
29100:    1.00    0.069    0.012 0.140 0.247    0.023 0.042 0.061   -982002    0 
29200:    1.00    0.087    0.012 0.140 0.248    0.023 0.042 0.061   -982072    0 
29300:    1.00    0.075    0.012 0.139 0.249    0.023 0.042 0.061   -982159    0 
29400:    1.00    0.060    0.012 0.138 0.248    0.022 0.041 0.060   -982279    0 
29500:    1.00    0.120    0.012 0.138 0.245    0.022 0.042 0.061   -982703    0 
29600:    1.00    0.103    0.011 0.140 0.249    0.023 0.042 0.061   -981653    0 
29700:    1.00    0.082    0.011 0.141 0.247    0.023 0.041 0.061   -982276    0 
29800:    1.00    0.051    0.011 0.144 0.247    0.023 0.042 0.061   -982105    0 
29900:    1.00    0.074    0.011 0.144 0.251    0.023 0.042 0.062   -982104    0 

--------------------------------------------
Proportion of membership of each pre-defined
 population in each of the 3 clusters

Given    Inferred Clusters       Number of
 Pop       1      2      3      Individuals

  1:     0.674  0.219  0.107       23
--------------------------------------------

 Rep#:   Lambda   Alpha      F1    F2    F3     D1,2  D1,3  D2,3    Ln Like  Est Ln P(D)
30000:    1.00    0.067    0.011 0.143 0.250    0.023 0.042 0.062   -982641    0 
30100:    1.00    0.085    0.011 0.143 0.250    0.023 0.042 0.061   -981975    0 
30200:    1.00    0.080    0.011 0.145 0.248    0.023 0.042 0.062   -982747    0 
30300:    1.00    0.080    0.011 0.143 0.250    0.023 0.042 0.062   -982379    0 
30400:    1.00    0.038    0.011 0.144 0.250    0.023 0.042 0.061   -982356    0 
30500:    1.00    0.069    0.011 0.144 0.251    0.023 0.042 0.062   -982713    0 
30600:    1.00    0.089    0.011 0.145 0.250    0.023 0.042 0.062   -982338    0 
30700:    1.00    0.080    0.011 0.142 0.250    0.023 0.042 0.062   -982369    0 
30800:    1.00    0.077    0.011 0.142 0.252    0.023 0.042 0.061   -982184    0 
30900:    1.00    0.089    0.011 0.142 0.254    0.023 0.043 0.063   -982200    0 

--------------------------------------------
Proportion of membership of each pre-defined
 population in each of the 3 clusters

Given    Inferred Clusters       Number of
 Pop       1      2      3      Individuals

  1:     0.673  0.220  0.107       23
--------------------------------------------

 Rep#:   Lambda   Alpha      F1    F2    F3     D1,2  D1,3  D2,3    Ln Like  Est Ln P(D)
31000:    1.00    0.095    0.011 0.142 0.255    0.023 0.043 0.063   -981828    0 
31100:    1.00    0.097    0.011 0.142 0.258    0.023 0.043 0.063   -982069    0 
31200:    1.00    0.114    0.011 0.142 0.255    0.023 0.043 0.063   -982289    0 
31300:    1.00    0.091    0.011 0.143 0.254    0.023 0.042 0.062   -982001    0 
31400:    1.00    0.066    0.011 0.141 0.254    0.023 0.042 0.062   -982026    0 
31500:    1.00    0.065    0.011 0.141 0.255    0.023 0.043 0.062   -982022    0 
31600:    1.00    0.060    0.011 0.142 0.254    0.023 0.043 0.063   -982131    0 
31700:    1.00    0.028    0.011 0.143 0.254    0.023 0.043 0.062   -981393    0 
31800:    1.00    0.037    0.011 0.143 0.254    0.023 0.042 0.063   -981822    0 
31900:    1.00    0.078    0.011 0.141 0.254    0.023 0.043 0.063   -981787    0 

--------------------------------------------
Proportion of membership of each pre-defined
 population in each of the 3 clusters

Given    Inferred Clusters       Number of
 Pop       1      2      3      Individuals

  1:     0.678  0.214  0.108       23
--------------------------------------------

 Rep#:   Lambda   Alpha      F1    F2    F3     D1,2  D1,3  D2,3    Ln Like  Est Ln P(D)
32000:    1.00    0.071    0.011 0.142 0.254    0.023 0.042 0.062   -982410    0 
32100:    1.00    0.075    0.011 0.142 0.254    0.023 0.042 0.062   -981946    0 
32200:    1.00    0.050    0.011 0.145 0.253    0.023 0.043 0.063   -981763    0 
32300:    1.00    0.044    0.011 0.144 0.251    0.023 0.042 0.062   -981990    0 
32400:    1.00    0.042    0.011 0.143 0.254    0.023 0.043 0.063   -981872    0 
32500:    1.00    0.068    0.011 0.143 0.254    0.023 0.042 0.062   -982701    0 
32600:    1.00    0.066    0.011 0.143 0.254    0.023 0.043 0.063   -981956    0 
32700:    1.00    0.056    0.011 0.143 0.257    0.023 0.043 0.063   -981721    0 
32800:    1.00    0.080    0.011 0.142 0.259    0.023 0.044 0.063   -982008    0 
32900:    1.00    0.089    0.011 0.142 0.259    0.023 0.044 0.064   -981693    0 

--------------------------------------------
Proportion of membership of each pre-defined
 population in each of the 3 clusters

Given    Inferred Clusters       Number of
 Pop       1      2      3      Individuals

  1:     0.680  0.214  0.107       23
--------------------------------------------

 Rep#:   Lambda   Alpha      F1    F2    F3     D1,2  D1,3  D2,3    Ln Like  Est Ln P(D)
33000:    1.00    0.076    0.011 0.143 0.254    0.023 0.043 0.063   -982073    0 
33100:    1.00    0.069    0.011 0.144 0.254    0.023 0.043 0.063   -982212    0 
33200:    1.00    0.083    0.011 0.144 0.255    0.023 0.043 0.063   -981992    0 
33300:    1.00    0.078    0.011 0.143 0.253    0.023 0.042 0.062   -982068    0 
33400:    1.00    0.081    0.011 0.143 0.253    0.023 0.042 0.063   -982424    0 
33500:    1.00    0.092    0.011 0.143 0.252    0.023 0.042 0.062   -982343    0 
33600:    1.00    0.055    0.011 0.140 0.252    0.023 0.043 0.062   -981950    0 
33700:    1.00    0.065    0.011 0.140 0.251    0.022 0.042 0.062   -982196    0 
33800:    1.00    0.045    0.011 0.138 0.249    0.022 0.042 0.060   -982387    0 
33900:    1.00    0.089    0.011 0.142 0.247    0.023 0.042 0.061   -981521    0 

--------------------------------------------
Proportion of membership of each pre-defined
 population in each of the 3 clusters

Given    Inferred Clusters       Number of
 Pop       1      2      3      Individuals

  1:     0.676  0.218  0.106       23
--------------------------------------------

 Rep#:   Lambda   Alpha      F1    F2    F3     D1,2  D1,3  D2,3    Ln Like  Est Ln P(D)
34000:    1.00    0.106    0.011 0.142 0.245    0.023 0.041 0.061   -982394    0 
34100:    1.00    0.075    0.011 0.145 0.247    0.023 0.041 0.061   -981751    0 
34200:    1.00    0.069    0.011 0.144 0.252    0.023 0.042 0.062   -982089    0 
34300:    1.00    0.061    0.011 0.142 0.249    0.023 0.041 0.061   -981813    0 
34400:    1.00    0.055    0.011 0.142 0.249    0.023 0.042 0.062   -981647    0 
34500:    1.00    0.082    0.011 0.142 0.246    0.023 0.042 0.061   -981997    0 
34600:    1.00    0.074    0.011 0.143 0.245    0.023 0.041 0.061   -982440    0 
34700:    1.00    0.083    0.011 0.143 0.249    0.023 0.042 0.062   -982012    0 
34800:    1.00    0.084    0.011 0.143 0.249    0.023 0.042 0.062   -982410    0 
34900:    1.00    0.064    0.011 0.143 0.250    0.023 0.042 0.062   -982010    0 

--------------------------------------------
Proportion of membership of each pre-defined
 population in each of the 3 clusters

Given    Inferred Clusters       Number of
 Pop       1      2      3      Individuals

  1:     0.676  0.217  0.107       23
--------------------------------------------

 Rep#:   Lambda   Alpha      F1    F2    F3     D1,2  D1,3  D2,3    Ln Like  Est Ln P(D)
35000:    1.00    0.094    0.011 0.144 0.250    0.023 0.042 0.062   -982823    0 
35100:    1.00    0.104    0.011 0.144 0.251    0.023 0.042 0.062   -982077    0 
35200:    1.00    0.067    0.011 0.145 0.255    0.023 0.043 0.063   -981642    0 
35300:    1.00    0.057    0.011 0.147 0.249    0.024 0.042 0.062   -982298    0 
35400:    1.00    0.086    0.011 0.149 0.253    0.024 0.042 0.063   -981779    0 
35500:    1.00    0.048    0.011 0.149 0.252    0.024 0.042 0.063   -982389    0 
35600:    1.00    0.085    0.011 0.148 0.250    0.024 0.042 0.063   -982340    0 
35700:    1.00    0.090    0.011 0.146 0.250    0.024 0.042 0.062   -982326    0 
35800:    1.00    0.068    0.011 0.146 0.253    0.023 0.042 0.063   -982762    0 
35900:    1.00    0.072    0.011 0.146 0.253    0.024 0.043 0.063   -982173    0 

--------------------------------------------
Proportion of membership of each pre-defined
 population in each of the 3 clusters

Given    Inferred Clusters       Number of
 Pop       1      2      3      Individuals

  1:     0.680  0.212  0.108       23
--------------------------------------------

 Rep#:   Lambda   Alpha      F1    F2    F3     D1,2  D1,3  D2,3    Ln Like  Est Ln P(D)
36000:    1.00    0.099    0.011 0.146 0.252    0.023 0.042 0.063   -982411    0 
36100:    1.00    0.081    0.011 0.144 0.251    0.023 0.042 0.063   -982519    0 
36200:    1.00    0.057    0.011 0.144 0.251    0.023 0.042 0.062   -981877    0 
36300:    1.00    0.091    0.011 0.144 0.251    0.023 0.042 0.062   -982211    0 
36400:    1.00    0.073    0.011 0.143 0.250    0.023 0.042 0.062   -982440    0 
36500:    1.00    0.068    0.011 0.144 0.247    0.023 0.042 0.061   -982701    0 
36600:    1.00    0.059    0.011 0.144 0.251    0.023 0.042 0.061   -982514    0 
36700:    1.00    0.076    0.011 0.143 0.250    0.023 0.042 0.062   -982315    0 
36800:    1.00    0.088    0.011 0.143 0.251    0.023 0.042 0.061   -982714    0 
36900:    1.00    0.102    0.011 0.146 0.252    0.023 0.042 0.063   -982784    0 

--------------------------------------------
Proportion of membership of each pre-defined
 population in each of the 3 clusters

Given    Inferred Clusters       Number of
 Pop       1      2      3      Individuals

  1:     0.674  0.218  0.108       23
--------------------------------------------

 Rep#:   Lambda   Alpha      F1    F2    F3     D1,2  D1,3  D2,3    Ln Like  Est Ln P(D)
37000:    1.00    0.080    0.011 0.147 0.252    0.024 0.042 0.063   -981884    0 
37100:    1.00    0.071    0.011 0.147 0.249    0.024 0.042 0.062   -982495    0 
37200:    1.00    0.056    0.011 0.147 0.252    0.024 0.042 0.063   -982278    0 
37300:    1.00    0.072    0.011 0.147 0.253    0.024 0.042 0.062   -981997    0 
37400:    1.00    0.085    0.011 0.150 0.253    0.024 0.042 0.063   -982027    0 
37500:    1.00    0.093    0.011 0.149 0.251    0.024 0.041 0.062   -982714    0 
37600:    1.00    0.058    0.011 0.149 0.252    0.024 0.042 0.063   -982046    0 
37700:    1.00    0.055    0.011 0.148 0.256    0.024 0.043 0.063   -982464    0 
37800:    1.00    0.068    0.011 0.150 0.255    0.024 0.042 0.063   -982229    0 
37900:    1.00    0.068    0.011 0.150 0.251    0.024 0.042 0.063   -982326    0 

--------------------------------------------
Proportion of membership of each pre-defined
 population in each of the 3 clusters

Given    Inferred Clusters       Number of
 Pop       1      2      3      Individuals

  1:     0.677  0.215  0.108       23
--------------------------------------------

 Rep#:   Lambda   Alpha      F1    F2    F3     D1,2  D1,3  D2,3    Ln Like  Est Ln P(D)
38000:    1.00    0.069    0.011 0.149 0.250    0.024 0.042 0.063   -982549    0 
38100:    1.00    0.118    0.011 0.149 0.251    0.024 0.042 0.062   -982453    0 
38200:    1.00    0.078    0.011 0.149 0.249    0.024 0.042 0.063   -981708    0 
38300:    1.00    0.101    0.011 0.147 0.248    0.024 0.042 0.062   -981813    0 
38400:    1.00    0.122    0.011 0.147 0.249    0.024 0.042 0.062   -982370    0 
38500:    1.00    0.070    0.011 0.147 0.249    0.023 0.042 0.062   -981935    0 
38600:    1.00    0.130    0.011 0.151 0.246    0.024 0.041 0.062   -982433    0 
38700:    1.00    0.103    0.011 0.150 0.247    0.024 0.041 0.061   -982332    0 
38800:    1.00    0.100    0.011 0.151 0.246    0.025 0.041 0.063   -982099    0 
38900:    1.00    0.082    0.011 0.150 0.246    0.024 0.041 0.062   -982124    0 

--------------------------------------------
Proportion of membership of each pre-defined
 population in each of the 3 clusters

Given    Inferred Clusters       Number of
 Pop       1      2      3      Individuals

  1:     0.671  0.222  0.107       23
--------------------------------------------

 Rep#:   Lambda   Alpha      F1    F2    F3     D1,2  D1,3  D2,3    Ln Like  Est Ln P(D)
39000:    1.00    0.063    0.011 0.150 0.246    0.024 0.041 0.062   -982441    0 
39100:    1.00    0.095    0.011 0.152 0.249    0.024 0.042 0.063   -982581    0 
39200:    1.00    0.119    0.011 0.150 0.250    0.024 0.041 0.062   -981968    0 
39300:    1.00    0.107    0.011 0.151 0.247    0.024 0.041 0.062   -982033    0 
39400:    1.00    0.098    0.011 0.151 0.247    0.024 0.041 0.062   -981904    0 
39500:    1.00    0.096    0.012 0.150 0.247    0.024 0.041 0.062   -982053    0 
39600:    1.00    0.085    0.012 0.151 0.249    0.024 0.042 0.063   -981502    0 
39700:    1.00    0.079    0.012 0.150 0.245    0.024 0.041 0.062   -982792    0 
39800:    1.00    0.065    0.012 0.149 0.247    0.024 0.041 0.062   -981914    0 
39900:    1.00    0.098    0.012 0.148 0.248    0.024 0.041 0.062   -982150    0 

--------------------------------------------
Proportion of membership of each pre-defined
 population in each of the 3 clusters

Given    Inferred Clusters       Number of
 Pop       1      2      3      Individuals

  1:     0.673  0.219  0.108       23
--------------------------------------------

 Rep#:   Lambda   Alpha      F1    F2    F3     D1,2  D1,3  D2,3    Ln Like  Est Ln P(D)
40000:    1.00    0.076    0.012 0.147 0.250    0.024 0.042 0.062   -982807    0 
40100:    1.00    0.087    0.012 0.147 0.251    0.024 0.042 0.063   -982764    0 
40200:    1.00    0.096    0.012 0.147 0.249    0.024 0.042 0.063   -982392    0 
40300:    1.00    0.098    0.012 0.147 0.250    0.023 0.042 0.062   -982350    0 
40400:    1.00    0.089    0.012 0.147 0.249    0.024 0.042 0.062   -982127    0 
40500:    1.00    0.102    0.012 0.146 0.251    0.024 0.042 0.062   -981960    0 
40600:    1.00    0.104    0.012 0.146 0.248    0.024 0.042 0.062   -981845    0 
40700:    1.00    0.067    0.012 0.148 0.242    0.024 0.041 0.062   -982350    0 
40800:    1.00    0.078    0.012 0.147 0.245    0.024 0.041 0.062   -981895    0 
40900:    1.00    0.093    0.012 0.148 0.247    0.024 0.041 0.062   -981732    0 

--------------------------------------------
Proportion of membership of each pre-defined
 population in each of the 3 clusters

Given    Inferred Clusters       Number of
 Pop       1      2      3      Individuals

  1:     0.671  0.222  0.107       23
--------------------------------------------

 Rep#:   Lambda   Alpha      F1    F2    F3     D1,2  D1,3  D2,3    Ln Like  Est Ln P(D)
41000:    1.00    0.105    0.012 0.146 0.249    0.024 0.042 0.062   -982570    0 
41100:    1.00    0.083    0.012 0.146 0.249    0.023 0.042 0.062   -982430    0 
41200:    1.00    0.092    0.012 0.147 0.251    0.024 0.042 0.063   -982120    0 
41300:    1.00    0.095    0.012 0.147 0.247    0.024 0.042 0.062   -982370    0 
41400:    1.00    0.101    0.012 0.146 0.247    0.024 0.041 0.062   -982166    0 
41500:    1.00    0.101    0.012 0.146 0.249    0.023 0.042 0.063   -982379    0 
41600:    1.00    0.109    0.012 0.146 0.247    0.023 0.041 0.062   -982543    0 
41700:    1.00    0.067    0.012 0.144 0.248    0.023 0.042 0.061   -982554    0 
41800:    1.00    0.093    0.012 0.146 0.248    0.023 0.041 0.062   -981689    0 
41900:    1.00    0.078    0.012 0.147 0.253    0.023 0.043 0.063   -982206    0 

--------------------------------------------
Proportion of membership of each pre-defined
 population in each of the 3 clusters

Given    Inferred Clusters       Number of
 Pop       1      2      3      Individuals

  1:     0.676  0.217  0.107       23
--------------------------------------------

 Rep#:   Lambda   Alpha      F1    F2    F3     D1,2  D1,3  D2,3    Ln Like  Est Ln P(D)
42000:    1.00    0.144    0.012 0.145 0.251    0.023 0.042 0.062   -982328    0 
42100:    1.00    0.075    0.012 0.144 0.252    0.023 0.042 0.062   -982561    0 
42200:    1.00    0.075    0.012 0.143 0.249    0.023 0.042 0.062   -982162    0 
42300:    1.00    0.069    0.012 0.143 0.252    0.023 0.043 0.063   -982435    0 
42400:    1.00    0.060    0.012 0.141 0.252    0.023 0.042 0.062   -982047    0 
42500:    1.00    0.082    0.012 0.141 0.253    0.023 0.043 0.062   -982518    0 
42600:    1.00    0.053    0.012 0.142 0.251    0.023 0.042 0.062   -982195    0 
42700:    1.00    0.096    0.012 0.143 0.250    0.023 0.042 0.062   -981891    0 
42800:    1.00    0.070    0.012 0.143 0.255    0.023 0.042 0.062   -982235    0 
42900:    1.00    0.059    0.012 0.141 0.252    0.023 0.043 0.062   -981616    0 

--------------------------------------------
Proportion of membership of each pre-defined
 population in each of the 3 clusters

Given    Inferred Clusters       Number of
 Pop       1      2      3      Individuals

  1:     0.673  0.221  0.105       23
--------------------------------------------

 Rep#:   Lambda   Alpha      F1    F2    F3     D1,2  D1,3  D2,3    Ln Like  Est Ln P(D)
43000:    1.00    0.111    0.012 0.141 0.254    0.023 0.043 0.062   -982126    0 
43100:    1.00    0.050    0.012 0.143 0.259    0.023 0.043 0.063   -981613    0 
43200:    1.00    0.055    0.012 0.144 0.257    0.023 0.043 0.063   -982119    0 
43300:    1.00    0.075    0.012 0.144 0.257    0.023 0.043 0.063   -981988    0 
43400:    1.00    0.054    0.012 0.145 0.251    0.023 0.042 0.062   -981902    0 
43500:    1.00    0.057    0.012 0.147 0.251    0.024 0.042 0.062   -982099    0 
43600:    1.00    0.096    0.012 0.147 0.251    0.023 0.042 0.062   -982158    0 
43700:    1.00    0.069    0.012 0.147 0.254    0.024 0.043 0.063   -981929    0 
43800:    1.00    0.072    0.012 0.145 0.253    0.023 0.043 0.063   -982360    0 
43900:    1.00    0.064    0.012 0.146 0.250    0.024 0.042 0.062   -982628    0 

--------------------------------------------
Proportion of membership of each pre-defined
 population in each of the 3 clusters

Given    Inferred Clusters       Number of
 Pop       1      2      3      Individuals

  1:     0.677  0.215  0.107       23
--------------------------------------------

 Rep#:   Lambda   Alpha      F1    F2    F3     D1,2  D1,3  D2,3    Ln Like  Est Ln P(D)
44000:    1.00    0.080    0.012 0.148 0.250    0.024 0.042 0.062   -982269    0 
44100:    1.00    0.077    0.012 0.146 0.252    0.024 0.042 0.063   -982633    0 
44200:    1.00    0.104    0.012 0.148 0.251    0.024 0.042 0.063   -982525    0 
44300:    1.00    0.107    0.012 0.148 0.250    0.024 0.042 0.062   -982380    0 
44400:    1.00    0.065    0.012 0.146 0.246    0.023 0.042 0.062   -982555    0 
44500:    1.00    0.076    0.011 0.146 0.247    0.024 0.042 0.062   -982301    0 
44600:    1.00    0.082    0.011 0.146 0.253    0.023 0.042 0.063   -981689    0 
44700:    1.00    0.091    0.011 0.146 0.250    0.024 0.042 0.062   -982233    0 
44800:    1.00    0.063    0.011 0.145 0.249    0.023 0.042 0.062   -982238    0 
44900:    1.00    0.059    0.011 0.145 0.253    0.023 0.042 0.062   -981793    0 

--------------------------------------------
Proportion of membership of each pre-defined
 population in each of the 3 clusters

Given    Inferred Clusters       Number of
 Pop       1      2      3      Individuals

  1:     0.679  0.215  0.106       23
--------------------------------------------

 Rep#:   Lambda   Alpha      F1    F2    F3     D1,2  D1,3  D2,3    Ln Like  Est Ln P(D)
45000:    1.00    0.057    0.011 0.145 0.253    0.023 0.043 0.063   -981788    0 
45100:    1.00    0.079    0.011 0.146 0.251    0.023 0.042 0.063   -981995    0 
45200:    1.00    0.061    0.011 0.147 0.251    0.023 0.042 0.062   -982281    0 
45300:    1.00    0.058    0.011 0.147 0.251    0.024 0.042 0.063   -981888    0 
45400:    1.00    0.063    0.011 0.148 0.250    0.024 0.042 0.062   -982461    0 
45500:    1.00    0.068    0.011 0.148 0.253    0.024 0.042 0.063   -982300    0 
45600:    1.00    0.080    0.011 0.148 0.252    0.024 0.042 0.063   -981810    0 
45700:    1.00    0.050    0.011 0.147 0.251    0.023 0.042 0.062   -981689    0 
45800:    1.00    0.060    0.011 0.149 0.250    0.024 0.042 0.063   -981936    0 
45900:    1.00    0.064    0.011 0.147 0.254    0.024 0.043 0.063   -981892    0 

--------------------------------------------
Proportion of membership of each pre-defined
 population in each of the 3 clusters

Given    Inferred Clusters       Number of
 Pop       1      2      3      Individuals

  1:     0.674  0.219  0.107       23
--------------------------------------------

 Rep#:   Lambda   Alpha      F1    F2    F3     D1,2  D1,3  D2,3    Ln Like  Est Ln P(D)
46000:    1.00    0.088    0.011 0.147 0.253    0.023 0.042 0.062   -982006    0 
46100:    1.00    0.096    0.011 0.147 0.249    0.024 0.042 0.062   -982173    0 
46200:    1.00    0.053    0.011 0.146 0.245    0.023 0.041 0.061   -981756    0 
46300:    1.00    0.121    0.011 0.145 0.246    0.023 0.041 0.062   -982325    0 
46400:    1.00    0.045    0.011 0.143 0.248    0.023 0.042 0.061   -982314    0 
46500:    1.00    0.058    0.011 0.143 0.247    0.023 0.042 0.061   -981914    0 
46600:    1.00    0.076    0.011 0.143 0.246    0.023 0.041 0.061   -981849    0 
46700:    1.00    0.069    0.011 0.143 0.249    0.023 0.042 0.062   -981909    0 
46800:    1.00    0.038    0.011 0.146 0.249    0.023 0.042 0.061   -982011    0 
46900:    1.00    0.048    0.011 0.143 0.249    0.023 0.042 0.061   -982418    0 

--------------------------------------------
Proportion of membership of each pre-defined
 population in each of the 3 clusters

Given    Inferred Clusters       Number of
 Pop       1      2      3      Individuals

  1:     0.676  0.217  0.107       23
--------------------------------------------

 Rep#:   Lambda   Alpha      F1    F2    F3     D1,2  D1,3  D2,3    Ln Like  Est Ln P(D)
47000:    1.00    0.042    0.011 0.145 0.252    0.023 0.043 0.062   -981805    0 
47100:    1.00    0.057    0.011 0.144 0.253    0.023 0.042 0.062   -982132    0 
47200:    1.00    0.064    0.011 0.144 0.251    0.023 0.042 0.062   -982038    0 
47300:    1.00    0.066    0.011 0.144 0.250    0.023 0.042 0.062   -982087    0 
47400:    1.00    0.080    0.011 0.145 0.250    0.023 0.042 0.062   -982211    0 
47500:    1.00    0.105    0.012 0.147 0.250    0.023 0.042 0.062   -981964    0 
47600:    1.00    0.084    0.012 0.145 0.249    0.023 0.042 0.062   -982612    0 
47700:    1.00    0.106    0.012 0.151 0.252    0.024 0.042 0.063   -981872    0 
47800:    1.00    0.062    0.012 0.151 0.260    0.024 0.043 0.063   -981742    0 
47900:    1.00    0.055    0.012 0.149 0.257    0.024 0.043 0.063   -982239    0 

--------------------------------------------
Proportion of membership of each pre-defined
 population in each of the 3 clusters

Given    Inferred Clusters       Number of
 Pop       1      2      3      Individuals

  1:     0.681  0.214  0.106       23
--------------------------------------------

 Rep#:   Lambda   Alpha      F1    F2    F3     D1,2  D1,3  D2,3    Ln Like  Est Ln P(D)
48000:    1.00    0.061    0.012 0.149 0.255    0.024 0.043 0.063   -982252    0 
48100:    1.00    0.052    0.012 0.148 0.256    0.024 0.043 0.063   -981749    0 
48200:    1.00    0.051    0.012 0.148 0.252    0.024 0.043 0.063   -982177    0 
48300:    1.00    0.079    0.012 0.149 0.253    0.024 0.043 0.063   -981771    0 
48400:    1.00    0.047    0.012 0.150 0.254    0.024 0.042 0.063   -982515    0 
48500:    1.00    0.076    0.011 0.151 0.260    0.024 0.043 0.064   -981345    0 
48600:    1.00    0.085    0.011 0.150 0.260    0.024 0.044 0.064   -982220    0 
48700:    1.00    0.082    0.011 0.149 0.259    0.024 0.043 0.064   -981929    0 
48800:    1.00    0.077    0.011 0.149 0.256    0.024 0.043 0.063   -982036    0 
48900:    1.00    0.096    0.011 0.147 0.261    0.023 0.043 0.063   -981956    0 

--------------------------------------------
Proportion of membership of each pre-defined
 population in each of the 3 clusters

Given    Inferred Clusters       Number of
 Pop       1      2      3      Individuals

  1:     0.684  0.209  0.108       23
--------------------------------------------

 Rep#:   Lambda   Alpha      F1    F2    F3     D1,2  D1,3  D2,3    Ln Like  Est Ln P(D)
49000:    1.00    0.112    0.011 0.146 0.256    0.024 0.042 0.063   -981883    0 
49100:    1.00    0.083    0.011 0.146 0.254    0.023 0.043 0.063   -982078    0 
49200:    1.00    0.071    0.011 0.146 0.257    0.023 0.043 0.063   -981769    0 
49300:    1.00    0.067    0.011 0.146 0.255    0.023 0.042 0.062   -981923    0 
49400:    1.00    0.090    0.011 0.149 0.255    0.024 0.043 0.063   -981911    0 
49500:    1.00    0.072    0.011 0.146 0.255    0.024 0.043 0.064   -981970    0 
49600:    1.00    0.065    0.011 0.147 0.253    0.024 0.043 0.063   -982400    0 
49700:    1.00    0.101    0.011 0.149 0.253    0.024 0.043 0.063   -981831    0 
49800:    1.00    0.108    0.011 0.149 0.252    0.024 0.042 0.063   -982170    0 
49900:    1.00    0.102    0.011 0.150 0.254    0.024 0.043 0.064   -981799    0 

--------------------------------------------
Proportion of membership of each pre-defined
 population in each of the 3 clusters

Given    Inferred Clusters       Number of
 Pop       1      2      3      Individuals

  1:     0.680  0.213  0.107       23
--------------------------------------------

 Rep#:   Lambda   Alpha      F1    F2    F3     D1,2  D1,3  D2,3    Ln Like  Est Ln P(D)
50000:    1.00    0.107    0.011 0.150 0.255    0.024 0.043 0.063   -981998    0 
50100:    1.00    0.046    0.011 0.150 0.253    0.024 0.042 0.063   -981695    0 
50200:    1.00    0.111    0.011 0.150 0.253    0.024 0.043 0.063   -981769    0 
50300:    1.00    0.094    0.011 0.150 0.251    0.024 0.042 0.063   -981861    0 
50400:    1.00    0.046    0.011 0.150 0.247    0.024 0.041 0.062   -982420    0 
50500:    1.00    0.098    0.011 0.150 0.246    0.024 0.041 0.062   -982294    0 
50600:    1.00    0.115    0.011 0.147 0.243    0.024 0.041 0.062   -982658    0 
50700:    1.00    0.083    0.011 0.147 0.243    0.024 0.041 0.061   -982268    0 
50800:    1.00    0.103    0.011 0.145 0.244    0.023 0.041 0.061   -982503    0 
50900:    1.00    0.082    0.011 0.144 0.247    0.023 0.041 0.061   -982080    0 

--------------------------------------------
Proportion of membership of each pre-defined
 population in each of the 3 clusters

Given    Inferred Clusters       Number of
 Pop       1      2      3      Individuals

  1:     0.682  0.209  0.109       23
--------------------------------------------

 Rep#:   Lambda   Alpha      F1    F2    F3     D1,2  D1,3  D2,3    Ln Like  Est Ln P(D)
51000:    1.00    0.068    0.011 0.145 0.245    0.023 0.041 0.061   -981941    0 
51100:    1.00    0.048    0.011 0.144 0.248    0.023 0.042 0.062   -982226    0 
51200:    1.00    0.078    0.011 0.144 0.248    0.023 0.042 0.062   -982015    0 
51300:    1.00    0.084    0.011 0.144 0.248    0.023 0.042 0.062   -982480    0 
51400:    1.00    0.033    0.011 0.144 0.248    0.023 0.042 0.062   -982482    0 
51500:    1.00    0.042    0.011 0.143 0.248    0.023 0.042 0.062   -981796    0 
51600:    1.00    0.035    0.012 0.142 0.250    0.023 0.042 0.062   -981716    0 
51700:    1.00    0.060    0.012 0.143 0.250    0.023 0.042 0.062   -982132    0 
51800:    1.00    0.047    0.012 0.143 0.249    0.023 0.042 0.062   -982531    0 
51900:    1.00    0.048    0.012 0.142 0.248    0.023 0.042 0.061   -982289    0 

--------------------------------------------
Proportion of membership of each pre-defined
 population in each of the 3 clusters

Given    Inferred Clusters       Number of
 Pop       1      2      3      Individuals

  1:     0.678  0.216  0.106       23
--------------------------------------------

 Rep#:   Lambda   Alpha      F1    F2    F3     D1,2  D1,3  D2,3    Ln Like  Est Ln P(D)
52000:    1.00    0.067    0.012 0.143 0.249    0.023 0.042 0.062   -982378    0 
52100:    1.00    0.054    0.012 0.144 0.248    0.023 0.042 0.061   -982248    0 
52200:    1.00    0.104    0.012 0.143 0.250    0.023 0.042 0.061   -982100    0 
52300:    1.00    0.101    0.012 0.143 0.250    0.023 0.042 0.062   -982106    0 
52400:    1.00    0.103    0.012 0.143 0.250    0.023 0.042 0.062   -982158    0 
52500:    1.00    0.086    0.012 0.145 0.250    0.023 0.042 0.062   -982432    0 
52600:    1.00    0.084    0.012 0.145 0.248    0.023 0.042 0.061   -982307    0 
52700:    1.00    0.100    0.012 0.144 0.248    0.023 0.042 0.061   -982181    0 
52800:    1.00    0.070    0.012 0.144 0.246    0.023 0.041 0.061   -982361    0 
52900:    1.00    0.097    0.012 0.145 0.246    0.023 0.042 0.062   -982263    0 

--------------------------------------------
Proportion of membership of each pre-defined
 population in each of the 3 clusters

Given    Inferred Clusters       Number of
 Pop       1      2      3      Individuals

  1:     0.677  0.214  0.109       23
--------------------------------------------

 Rep#:   Lambda   Alpha      F1    F2    F3     D1,2  D1,3  D2,3    Ln Like  Est Ln P(D)
53000:    1.00    0.060    0.012 0.145 0.244    0.023 0.041 0.062   -981949    0 
53100:    1.00    0.079    0.012 0.145 0.245    0.023 0.041 0.061   -982376    0 
53200:    1.00    0.072    0.012 0.146 0.246    0.023 0.041 0.061   -982564    0 
53300:    1.00    0.049    0.012 0.145 0.246    0.023 0.041 0.062   -981753    0 
53400:    1.00    0.049    0.012 0.144 0.249    0.023 0.041 0.061   -982105    0 
53500:    1.00    0.071    0.012 0.145 0.252    0.023 0.042 0.063   -982030    0 
53600:    1.00    0.068    0.012 0.146 0.252    0.023 0.042 0.062   -982390    0 
53700:    1.00    0.063    0.012 0.146 0.247    0.023 0.042 0.062   -982443    0 
53800:    1.00    0.056    0.012 0.145 0.246    0.023 0.042 0.061   -982261    0 
53900:    1.00    0.055    0.012 0.146 0.251    0.024 0.042 0.063   -981547    0 

--------------------------------------------
Proportion of membership of each pre-defined
 population in each of the 3 clusters

Given    Inferred Clusters       Number of
 Pop       1      2      3      Individuals

  1:     0.676  0.215  0.109       23
--------------------------------------------

 Rep#:   Lambda   Alpha      F1    F2    F3     D1,2  D1,3  D2,3    Ln Like  Est Ln P(D)
54000:    1.00    0.062    0.012 0.146 0.253    0.023 0.043 0.063   -981482    0 
54100:    1.00    0.070    0.012 0.146 0.254    0.023 0.043 0.063   -981874    0 
54200:    1.00    0.087    0.012 0.144 0.254    0.023 0.042 0.063   -982089    0 
54300:    1.00    0.058    0.012 0.141 0.254    0.023 0.043 0.062   -982516    0 
54400:    1.00    0.092    0.012 0.143 0.255    0.023 0.042 0.062   -982300    0 
54500:    1.00    0.062    0.012 0.145 0.249    0.024 0.042 0.062   -982668    0 
54600:    1.00    0.071    0.012 0.146 0.247    0.024 0.041 0.062   -982074    0 
54700:    1.00    0.077    0.012 0.147 0.250    0.024 0.042 0.063   -981976    0 
54800:    1.00    0.091    0.012 0.145 0.249    0.023 0.042 0.062   -981672    0 
54900:    1.00    0.070    0.012 0.148 0.251    0.024 0.042 0.062   -981813    0 

--------------------------------------------
Proportion of membership of each pre-defined
 population in each of the 3 clusters

Given    Inferred Clusters       Number of
 Pop       1      2      3      Individuals

  1:     0.678  0.216  0.106       23
--------------------------------------------

 Rep#:   Lambda   Alpha      F1    F2    F3     D1,2  D1,3  D2,3    Ln Like  Est Ln P(D)
55000:    1.00    0.044    0.012 0.148 0.248    0.024 0.042 0.061   -981978    0 
55100:    1.00    0.059    0.012 0.148 0.249    0.024 0.042 0.063   -981776    0 
55200:    1.00    0.047    0.012 0.146 0.250    0.023 0.042 0.062   -982585    0 
55300:    1.00    0.079    0.012 0.145 0.254    0.023 0.042 0.062   -982225    0 
55400:    1.00    0.068    0.012 0.145 0.250    0.023 0.042 0.062   -982174    0 
55500:    1.00    0.083    0.012 0.147 0.254    0.023 0.043 0.063   -981749    0 
55600:    1.00    0.062    0.012 0.147 0.254    0.024 0.043 0.063   -982268    0 
55700:    1.00    0.080    0.012 0.147 0.254    0.024 0.042 0.062   -981890    0 
55800:    1.00    0.053    0.012 0.146 0.251    0.023 0.042 0.062   -982113    0 
55900:    1.00    0.072    0.012 0.147 0.251    0.024 0.042 0.062   -982020    0 

--------------------------------------------
Proportion of membership of each pre-defined
 population in each of the 3 clusters

Given    Inferred Clusters       Number of
 Pop       1      2      3      Individuals

  1:     0.673  0.219  0.108       23
--------------------------------------------

 Rep#:   Lambda   Alpha      F1    F2    F3     D1,2  D1,3  D2,3    Ln Like  Est Ln P(D)
56000:    1.00    0.111    0.012 0.145 0.253    0.023 0.042 0.062   -981854    0 
56100:    1.00    0.053    0.012 0.146 0.252    0.024 0.042 0.063   -981518    0 
56200:    1.00    0.077    0.012 0.145 0.248    0.023 0.042 0.062   -981950    0 
56300:    1.00    0.082    0.012 0.145 0.248    0.023 0.042 0.062   -981883    0 
56400:    1.00    0.063    0.012 0.145 0.247    0.023 0.042 0.062   -982031    0 
56500:    1.00    0.125    0.012 0.145 0.251    0.023 0.042 0.062   -982349    0 
56600:    1.00    0.058    0.012 0.146 0.250    0.023 0.042 0.062   -982399    0 
56700:    1.00    0.057    0.012 0.145 0.252    0.023 0.042 0.062   -982167    0 
56800:    1.00    0.090    0.012 0.147 0.252    0.024 0.042 0.063   -982101    0 
56900:    1.00    0.047    0.012 0.147 0.247    0.024 0.041 0.062   -982182    0 

--------------------------------------------
Proportion of membership of each pre-defined
 population in each of the 3 clusters

Given    Inferred Clusters       Number of
 Pop       1      2      3      Individuals

  1:     0.679  0.211  0.110       23
--------------------------------------------

 Rep#:   Lambda   Alpha      F1    F2    F3     D1,2  D1,3  D2,3    Ln Like  Est Ln P(D)
57000:    1.00    0.051    0.012 0.147 0.247    0.024 0.042 0.062   -982296    0 
57100:    1.00    0.067    0.012 0.147 0.247    0.024 0.041 0.062   -982566    0 
57200:    1.00    0.060    0.012 0.147 0.246    0.024 0.041 0.062   -982039    0 
57300:    1.00    0.091    0.012 0.146 0.253    0.023 0.042 0.062   -982190    0 
57400:    1.00    0.073    0.012 0.146 0.253    0.023 0.042 0.062   -982098    0 
57500:    1.00    0.124    0.012 0.145 0.254    0.023 0.043 0.062   -982034    0 
57600:    1.00    0.046    0.012 0.148 0.254    0.024 0.043 0.063   -982135    0 
57700:    1.00    0.092    0.012 0.147 0.251    0.024 0.042 0.062   -982357    0 
57800:    1.00    0.095    0.012 0.149 0.243    0.024 0.041 0.061   -981830    0 
57900:    1.00    0.060    0.012 0.147 0.242    0.024 0.041 0.061   -982685    0 

--------------------------------------------
Proportion of membership of each pre-defined
 population in each of the 3 clusters

Given    Inferred Clusters       Number of
 Pop       1      2      3      Individuals

  1:     0.674  0.218  0.108       23
--------------------------------------------

 Rep#:   Lambda   Alpha      F1    F2    F3     D1,2  D1,3  D2,3    Ln Like  Est Ln P(D)
58000:    1.00    0.057    0.012 0.145 0.249    0.023 0.042 0.062   -982253    0 
58100:    1.00    0.089    0.012 0.146 0.251    0.024 0.042 0.062   -982299    0 
58200:    1.00    0.066    0.012 0.146 0.258    0.023 0.043 0.063   -981744    0 
58300:    1.00    0.118    0.012 0.146 0.257    0.023 0.043 0.063   -982232    0 
58400:    1.00    0.110    0.012 0.146 0.254    0.023 0.043 0.062   -982075    0 
58500:    1.00    0.066    0.012 0.149 0.250    0.024 0.042 0.063   -981954    0 
58600:    1.00    0.057    0.012 0.152 0.251    0.024 0.042 0.063   -981842    0 
58700:    1.00    0.093    0.012 0.153 0.248    0.025 0.042 0.063   -982029    0 
58800:    1.00    0.072    0.012 0.151 0.253    0.024 0.042 0.064   -982584    0 
58900:    1.00    0.063    0.012 0.150 0.254    0.024 0.043 0.063   -982398    0 

--------------------------------------------
Proportion of membership of each pre-defined
 population in each of the 3 clusters

Given    Inferred Clusters       Number of
 Pop       1      2      3      Individuals

  1:     0.674  0.218  0.108       23
--------------------------------------------

 Rep#:   Lambda   Alpha      F1    F2    F3     D1,2  D1,3  D2,3    Ln Like  Est Ln P(D)
59000:    1.00    0.063    0.012 0.150 0.253    0.024 0.042 0.063   -982187    0 
59100:    1.00    0.056    0.012 0.151 0.253    0.024 0.042 0.063   -982357    0 
59200:    1.00    0.064    0.012 0.151 0.255    0.024 0.042 0.063   -982077    0 
59300:    1.00    0.087    0.012 0.150 0.254    0.024 0.042 0.063   -982366    0 
59400:    1.00    0.071    0.012 0.153 0.246    0.024 0.042 0.063   -981987    0 
59500:    1.00    0.068    0.012 0.152 0.249    0.025 0.042 0.064   -982090    0 
59600:    1.00    0.093    0.012 0.154 0.253    0.024 0.043 0.063   -981833    0 
59700:    1.00    0.075    0.012 0.153 0.252    0.024 0.042 0.063   -981934    0 
59800:    1.00    0.068    0.012 0.151 0.257    0.025 0.043 0.065   -982245    0 
59900:    1.00    0.119    0.012 0.148 0.259    0.024 0.044 0.064   -982121    0 
60000:    1.00    0.109    0.012 0.148 0.260    0.024 0.044 0.065   -981634    0 

MCMC completed

Inferred ancestry of individuals:
        Label (%Miss) Pop:  Inferred clusters
  1 18160D-09-0    (2)    1 :  0.936 0.064 0.000 
  2 18160D-09-0    (4)    1 :  0.924 0.076 0.000 
  3 18160D-09-0    (2)    1 :  0.293 0.707 0.000 
  4 18160D-09-0    (5)    1 :  0.000 1.000 0.000 
  5 18160D-09-0    (4)    1 :  0.133 0.867 0.000 
  6 18160D-09-0    (4)    1 :  0.092 0.908 0.000 
  7 18160D-09-0    (2)    1 :  0.013 0.987 0.000 
  8 18160D-09-0    (4)    1 :  0.949 0.051 0.000 
  9 18160D-09-0    (2)    1 :  0.840 0.000 0.159 
 10 18160D-09-1    (2)    1 :  0.000 0.000 1.000 
 11 18160D-09-1    (2)    1 :  0.704 0.000 0.295 
 12 18160D-09-1    (2)    1 :  0.830 0.000 0.170 
 13 18160D-09-1    (5)    1 :  0.911 0.089 0.000 
 14 18160D-09-1   (18)    1 :  0.916 0.084 0.000 
 15 18160D-09-1    (4)    1 :  0.998 0.002 0.000 
 16 18160D-09-1    (2)    1 :  0.136 0.017 0.847 
 17 18160D-09-1    (2)    1 :  0.939 0.060 0.000 
 18 18160D-09-1    (2)    1 :  1.000 0.000 0.000 
 19 18160D-09-1    (2)    1 :  0.989 0.011 0.000 
 20 18160D-09-2    (5)    1 :  0.999 0.001 0.000 
 21 18160D-09-2    (5)    1 :  0.932 0.068 0.000 
 22 18160D-09-2    (5)    1 :  1.000 0.000 0.000 
 23 18160D-09-2    (2)    1 :  0.993 0.006 0.000 

Command line arguments:   structure -D 408311 -K 3 -m mainparams -o k3/populations_k3_run10 
Input File:    populations.str
Output File:   k3/populations_k3_run10_f

Run parameters:
   23 individuals
   50160 loci
   3 populations assumed
   10000 Burn-in period
   50000 Reps
RANDOMIZE turned off

--------------------------------------------
Estimated Ln Prob of Data   = -1022640.2
Mean value of ln likelihood = -982102.0
Variance of ln likelihood   = 81076.3
Mean value of alpha         = 0.0774

Mean value of Fst_1         = 0.0116
Mean value of Fst_2         = 0.1461
Mean value of Fst_3         = 0.2512


--------------------------------------------
Proportion of membership of each pre-defined
 population in each of the 3 clusters

Given    Inferred Clusters       Number of
 Pop       1      2      3      Individuals

  1:     0.675  0.217  0.108       23
--------------------------------------------
Final results printed to file k3/populations_k3_run10_f

