

----------------------------------------------------
STRUCTURE by Pritchard, Stephens and Donnelly (2000)
     and Falush, Stephens and Pritchard (2003)
       Code by Pritchard, Falush and Hubisz
             Version 2.3.4 (Jul 2012)
----------------------------------------------------


Reading file "mainparams".
datafile is
populations.str
Reading file "extraparams".
Reading file "populations.str".


Data file "populations.str" (truncated) --

Ind:   Label Pop : Genotype_data . . . .
  1: 18160D-09-0    1  :  4   1   3   1   4   1   3  . . . .   2
  1: 18160D-09-0    1  :  4   1   3   1   4   4   4  . . . .   4
  2: 18160D-09-0    1  :  4   1   3   1   4   1   3  . . . .   2
  2: 18160D-09-0    1  :  4   1   3   1   4   4   3  . . . .   4
  3: 18160D-09-0    1  :  4   1   0   0   0   0   3  . . . .   2
  3: 18160D-09-0    1  :  4   3   0   0   0   0   3  . . . .   4
  4: 18160D-09-0    1  :  4   1   3   1   4   1   3  . . . .   2
  4: 18160D-09-0    1  :  4   3   3   1   4   1   3  . . . .   4

      *******   

 22: 18160D-09-2    1  :  4   1   3   1   4   1   3  . . . .   2
 22: 18160D-09-2    1  :  4   3   3   1   4   1   4  . . . .   4
 23: 18160D-09-2    1  :  4   1   3   1   4   1   3  . . . .   2
 23: 18160D-09-2    1  :  4   1   3   1   4   4   4  . . . .   4

Number of alleles per locus: min= 2; ave=2.0; max= 2


--------------------------------------

Finished initialization; starting MCMC 
50000 iterations + 10000 burnin


--------------------------------------------
Proportion of membership of each pre-defined
 population in each of the 3 clusters

Given    Inferred Clusters       Number of
 Pop       1      2      3      Individuals

  1:     0.333  0.339  0.328       23
--------------------------------------------

 Rep#:   Lambda   Alpha      F1    F2    F3     D1,2  D1,3  D2,3    Ln Like 
  100:    1.00    1.553    0.010 0.010 0.010    0.003 0.003 0.003   --  
  200:    1.00    1.731    0.010 0.010 0.010    0.003 0.003 0.003   --  
  300:    1.00    1.582    0.010 0.010 0.010    0.003 0.003 0.003   --  
  400:    1.00    1.547    0.010 0.010 0.010    0.003 0.003 0.003   --  
  500:    1.00    1.773    0.010 0.010 0.010    0.003 0.003 0.003   --  
  600:    1.00    1.180    0.010 0.010 0.010    0.003 0.003 0.003   --  
  700:    1.00    0.746    0.010 0.010 0.010    0.003 0.003 0.003   --  
  800:    1.00    0.297    0.011 0.010 0.011    0.003 0.003 0.003   --  
  900:    1.00    0.160    0.011 0.010 0.011    0.003 0.003 0.003   --  

--------------------------------------------
Proportion of membership of each pre-defined
 population in each of the 3 clusters

Given    Inferred Clusters       Number of
 Pop       1      2      3      Individuals

  1:     0.232  0.541  0.227       23
--------------------------------------------

 Rep#:   Lambda   Alpha      F1    F2    F3     D1,2  D1,3  D2,3    Ln Like 
 1000:    1.00    0.089    0.011 0.010 0.011    0.003 0.004 0.003   --  
 1100:    1.00    0.050    0.012 0.010 0.011    0.004 0.004 0.003   --  
 1200:    1.00    0.015    0.012 0.010 0.012    0.004 0.004 0.003   --  
 1300:    1.00    0.018    0.012 0.010 0.012    0.004 0.004 0.003   --  
 1400:    1.00    0.025    0.012 0.010 0.012    0.004 0.004 0.004   --  
 1500:    1.00    0.023    0.014 0.010 0.012    0.004 0.004 0.003   --  
 1600:    1.00    0.023    0.015 0.010 0.012    0.004 0.004 0.003   --  
 1700:    1.00    0.019    0.019 0.010 0.012    0.005 0.005 0.004   --  
 1800:    1.00    0.022    0.029 0.010 0.012    0.006 0.007 0.003   --  
 1900:    1.00    0.030    0.037 0.010 0.013    0.008 0.008 0.004   --  

--------------------------------------------
Proportion of membership of each pre-defined
 population in each of the 3 clusters

Given    Inferred Clusters       Number of
 Pop       1      2      3      Individuals

  1:     0.222  0.557  0.222       23
--------------------------------------------

 Rep#:   Lambda   Alpha      F1    F2    F3     D1,2  D1,3  D2,3    Ln Like 
 2000:    1.00    0.024    0.040 0.010 0.013    0.008 0.009 0.004   --  
 2100:    1.00    0.021    0.061 0.010 0.013    0.011 0.012 0.004   --  
 2200:    1.00    0.019    0.089 0.010 0.013    0.015 0.016 0.004   --  
 2300:    1.00    0.034    0.095 0.010 0.013    0.016 0.017 0.004   --  
 2400:    1.00    0.047    0.101 0.011 0.013    0.017 0.018 0.004   --  
 2500:    1.00    0.042    0.102 0.011 0.013    0.017 0.018 0.004   --  
 2600:    1.00    0.034    0.102 0.011 0.013    0.017 0.018 0.004   --  
 2700:    1.00    0.027    0.105 0.011 0.013    0.018 0.019 0.004   --  
 2800:    1.00    0.014    0.111 0.011 0.013    0.018 0.019 0.004   --  
 2900:    1.00    0.026    0.111 0.011 0.013    0.019 0.019 0.004   --  

--------------------------------------------
Proportion of membership of each pre-defined
 population in each of the 3 clusters

Given    Inferred Clusters       Number of
 Pop       1      2      3      Individuals

  1:     0.216  0.567  0.217       23
--------------------------------------------

 Rep#:   Lambda   Alpha      F1    F2    F3     D1,2  D1,3  D2,3    Ln Like 
 3000:    1.00    0.020    0.115 0.011 0.013    0.019 0.020 0.004   --  
 3100:    1.00    0.038    0.116 0.011 0.014    0.019 0.020 0.004   --  
 3200:    1.00    0.028    0.121 0.011 0.015    0.020 0.021 0.004   --  
 3300:    1.00    0.025    0.124 0.011 0.016    0.020 0.022 0.004   --  
 3400:    1.00    0.038    0.127 0.011 0.016    0.021 0.022 0.004   --  
 3500:    1.00    0.026    0.127 0.011 0.016    0.021 0.022 0.004   --  
 3600:    1.00    0.034    0.126 0.011 0.016    0.021 0.022 0.004   --  
 3700:    1.00    0.048    0.129 0.011 0.017    0.021 0.022 0.004   --  
 3800:    1.00    0.037    0.129 0.011 0.017    0.021 0.022 0.004   --  
 3900:    1.00    0.037    0.128 0.011 0.018    0.021 0.023 0.005   --  

--------------------------------------------
Proportion of membership of each pre-defined
 population in each of the 3 clusters

Given    Inferred Clusters       Number of
 Pop       1      2      3      Individuals

  1:     0.230  0.552  0.218       23
--------------------------------------------

 Rep#:   Lambda   Alpha      F1    F2    F3     D1,2  D1,3  D2,3    Ln Like 
 4000:    1.00    0.031    0.130 0.011 0.018    0.021 0.023 0.005   --  
 4100:    1.00    0.035    0.132 0.011 0.018    0.021 0.023 0.005   --  
 4200:    1.00    0.075    0.131 0.011 0.019    0.021 0.023 0.005   --  
 4300:    1.00    0.062    0.131 0.011 0.021    0.021 0.023 0.005   --  
 4400:    1.00    0.053    0.131 0.011 0.022    0.021 0.023 0.005   --  
 4500:    1.00    0.032    0.131 0.011 0.023    0.021 0.023 0.005   --  
 4600:    1.00    0.046    0.132 0.011 0.024    0.021 0.024 0.006   --  
 4700:    1.00    0.065    0.133 0.011 0.024    0.022 0.024 0.006   --  
 4800:    1.00    0.053    0.133 0.012 0.026    0.022 0.024 0.006   --  
 4900:    1.00    0.084    0.133 0.012 0.026    0.022 0.025 0.006   --  

--------------------------------------------
Proportion of membership of each pre-defined
 population in each of the 3 clusters

Given    Inferred Clusters       Number of
 Pop       1      2      3      Individuals

  1:     0.231  0.553  0.217       23
--------------------------------------------

 Rep#:   Lambda   Alpha      F1    F2    F3     D1,2  D1,3  D2,3    Ln Like 
 5000:    1.00    0.055    0.133 0.012 0.030    0.022 0.025 0.007   --  
 5100:    1.00    0.067    0.133 0.012 0.034    0.022 0.025 0.007   --  
 5200:    1.00    0.034    0.133 0.012 0.036    0.022 0.026 0.007   --  
 5300:    1.00    0.025    0.133 0.012 0.039    0.021 0.026 0.008   --  
 5400:    1.00    0.043    0.133 0.012 0.039    0.022 0.026 0.008   --  
 5500:    1.00    0.071    0.133 0.012 0.039    0.022 0.027 0.008   --  
 5600:    1.00    0.063    0.133 0.012 0.039    0.022 0.027 0.008   --  
 5700:    1.00    0.040    0.133 0.012 0.041    0.022 0.027 0.008   --  
 5800:    1.00    0.073    0.133 0.012 0.047    0.022 0.028 0.009   --  
 5900:    1.00    0.060    0.133 0.012 0.049    0.022 0.029 0.010   --  

--------------------------------------------
Proportion of membership of each pre-defined
 population in each of the 3 clusters

Given    Inferred Clusters       Number of
 Pop       1      2      3      Individuals

  1:     0.217  0.578  0.204       23
--------------------------------------------

 Rep#:   Lambda   Alpha      F1    F2    F3     D1,2  D1,3  D2,3    Ln Like 
 6000:    1.00    0.063    0.137 0.012 0.049    0.022 0.028 0.010   --  
 6100:    1.00    0.044    0.137 0.012 0.050    0.022 0.029 0.010   --  
 6200:    1.00    0.043    0.140 0.012 0.054    0.022 0.030 0.011   --  
 6300:    1.00    0.085    0.140 0.013 0.054    0.023 0.030 0.011   --  
 6400:    1.00    0.050    0.140 0.013 0.059    0.023 0.031 0.012   --  
 6500:    1.00    0.092    0.140 0.013 0.064    0.023 0.032 0.013   --  
 6600:    1.00    0.098    0.139 0.013 0.076    0.023 0.033 0.014   --  
 6700:    1.00    0.065    0.140 0.013 0.092    0.023 0.036 0.017   --  
 6800:    1.00    0.041    0.140 0.013 0.106    0.023 0.038 0.019   --  
 6900:    1.00    0.047    0.140 0.013 0.111    0.023 0.039 0.020   --  

--------------------------------------------
Proportion of membership of each pre-defined
 population in each of the 3 clusters

Given    Inferred Clusters       Number of
 Pop       1      2      3      Individuals

  1:     0.220  0.641  0.139       23
--------------------------------------------

 Rep#:   Lambda   Alpha      F1    F2    F3     D1,2  D1,3  D2,3    Ln Like 
 7000:    1.00    0.049    0.141 0.013 0.134    0.023 0.043 0.024   --  
 7100:    1.00    0.037    0.141 0.013 0.143    0.023 0.045 0.026   --  
 7200:    1.00    0.056    0.141 0.013 0.165    0.023 0.048 0.029   --  
 7300:    1.00    0.084    0.143 0.013 0.182    0.023 0.051 0.031   --  
 7400:    1.00    0.056    0.143 0.013 0.189    0.023 0.052 0.033   --  
 7500:    1.00    0.057    0.142 0.013 0.192    0.023 0.052 0.033   --  
 7600:    1.00    0.081    0.142 0.013 0.196    0.023 0.053 0.033   --  
 7700:    1.00    0.084    0.141 0.013 0.199    0.023 0.053 0.034   --  
 7800:    1.00    0.083    0.141 0.013 0.201    0.023 0.053 0.034   --  
 7900:    1.00    0.050    0.142 0.013 0.204    0.023 0.055 0.034   --  

--------------------------------------------
Proportion of membership of each pre-defined
 population in each of the 3 clusters

Given    Inferred Clusters       Number of
 Pop       1      2      3      Individuals

  1:     0.225  0.658  0.117       23
--------------------------------------------

 Rep#:   Lambda   Alpha      F1    F2    F3     D1,2  D1,3  D2,3    Ln Like 
 8000:    1.00    0.083    0.142 0.013 0.203    0.023 0.054 0.035   --  
 8100:    1.00    0.067    0.142 0.013 0.208    0.023 0.054 0.035   --  
 8200:    1.00    0.046    0.144 0.013 0.213    0.023 0.056 0.036   --  
 8300:    1.00    0.039    0.142 0.013 0.217    0.023 0.056 0.037   --  
 8400:    1.00    0.068    0.146 0.013 0.217    0.024 0.056 0.037   --  
 8500:    1.00    0.073    0.144 0.013 0.221    0.023 0.057 0.037   --  
 8600:    1.00    0.065    0.144 0.013 0.226    0.023 0.058 0.038   --  
 8700:    1.00    0.067    0.144 0.013 0.230    0.024 0.059 0.039   --  
 8800:    1.00    0.058    0.146 0.013 0.231    0.023 0.060 0.039   --  
 8900:    1.00    0.088    0.145 0.013 0.231    0.024 0.060 0.039   --  

--------------------------------------------
Proportion of membership of each pre-defined
 population in each of the 3 clusters

Given    Inferred Clusters       Number of
 Pop       1      2      3      Individuals

  1:     0.219  0.669  0.112       23
--------------------------------------------

 Rep#:   Lambda   Alpha      F1    F2    F3     D1,2  D1,3  D2,3    Ln Like 
 9000:    1.00    0.065    0.146 0.013 0.233    0.024 0.060 0.040   --  
 9100:    1.00    0.063    0.147 0.013 0.235    0.024 0.060 0.040   --  
 9200:    1.00    0.049    0.147 0.013 0.237    0.024 0.060 0.040   --  
 9300:    1.00    0.067    0.146 0.013 0.238    0.023 0.060 0.040   --  
 9400:    1.00    0.088    0.146 0.013 0.234    0.024 0.060 0.040   --  
 9500:    1.00    0.079    0.145 0.012 0.235    0.023 0.059 0.039   --  
 9600:    1.00    0.070    0.145 0.012 0.238    0.023 0.060 0.040   --  
 9700:    1.00    0.076    0.144 0.012 0.238    0.023 0.060 0.040   --  
 9800:    1.00    0.085    0.144 0.012 0.238    0.023 0.059 0.040   --  
 9900:    1.00    0.050    0.144 0.012 0.238    0.023 0.060 0.040   --  
10000:    1.00    0.058    0.142 0.012 0.236    0.023 0.060 0.040   --  

BURNIN completed
 Rep#:   Lambda   Alpha      F1    F2    F3     D1,2  D1,3  D2,3    Ln Like  Est Ln P(D)
10100:    1.00    0.062    0.142 0.012 0.236    0.023 0.061 0.041   -981441    0 
10200:    1.00    0.064    0.141 0.012 0.232    0.023 0.059 0.039   -982476    0 
10300:    1.00    0.085    0.141 0.012 0.233    0.023 0.060 0.039   -981876    0 
10400:    1.00    0.077    0.141 0.012 0.233    0.023 0.059 0.039   -981970    0 
10500:    1.00    0.077    0.141 0.012 0.233    0.023 0.059 0.039   -982086    0 
10600:    1.00    0.087    0.142 0.012 0.236    0.023 0.060 0.040   -981585    0 
10700:    1.00    0.078    0.142 0.012 0.236    0.023 0.059 0.040   -982095    0 
10800:    1.00    0.066    0.143 0.012 0.234    0.023 0.060 0.040   -982466    0 
10900:    1.00    0.066    0.145 0.012 0.235    0.023 0.060 0.040   -982114    0 

--------------------------------------------
Proportion of membership of each pre-defined
 population in each of the 3 clusters

Given    Inferred Clusters       Number of
 Pop       1      2      3      Individuals

  1:     0.224  0.663  0.113       23
--------------------------------------------

 Rep#:   Lambda   Alpha      F1    F2    F3     D1,2  D1,3  D2,3    Ln Like  Est Ln P(D)
11000:    1.00    0.076    0.144 0.012 0.233    0.023 0.060 0.039   -982151    0 
11100:    1.00    0.081    0.144 0.012 0.235    0.023 0.060 0.039   -981722    0 
11200:    1.00    0.071    0.147 0.012 0.233    0.024 0.060 0.039   -982064    0 
11300:    1.00    0.061    0.148 0.012 0.233    0.024 0.060 0.039   -981572    0 
11400:    1.00    0.064    0.147 0.012 0.233    0.023 0.060 0.039   -981809    0 
11500:    1.00    0.083    0.151 0.012 0.234    0.024 0.061 0.040   -981995    0 
11600:    1.00    0.087    0.151 0.012 0.237    0.024 0.061 0.040   -981775    0 
11700:    1.00    0.071    0.151 0.012 0.236    0.024 0.061 0.040   -982151    0 
11800:    1.00    0.078    0.148 0.012 0.237    0.024 0.061 0.040   -981717    0 
11900:    1.00    0.051    0.147 0.012 0.236    0.024 0.061 0.039   -982374    0 

--------------------------------------------
Proportion of membership of each pre-defined
 population in each of the 3 clusters

Given    Inferred Clusters       Number of
 Pop       1      2      3      Individuals

  1:     0.216  0.671  0.113       23
--------------------------------------------

 Rep#:   Lambda   Alpha      F1    F2    F3     D1,2  D1,3  D2,3    Ln Like  Est Ln P(D)
12000:    1.00    0.097    0.147 0.012 0.236    0.024 0.060 0.040   -981831    0 
12100:    1.00    0.079    0.147 0.012 0.235    0.024 0.060 0.039   -982284    0 
12200:    1.00    0.067    0.147 0.012 0.237    0.024 0.061 0.040   -981838    0 
12300:    1.00    0.070    0.147 0.012 0.234    0.024 0.061 0.040   -982339    0 
12400:    1.00    0.052    0.148 0.012 0.233    0.024 0.060 0.039   -981929    0 
12500:    1.00    0.077    0.151 0.012 0.233    0.024 0.061 0.040   -981760    0 
12600:    1.00    0.090    0.151 0.012 0.234    0.024 0.060 0.039   -981932    0 
12700:    1.00    0.086    0.150 0.012 0.236    0.024 0.061 0.040   -981950    0 
12800:    1.00    0.054    0.149 0.012 0.235    0.024 0.061 0.040   -981783    0 
12900:    1.00    0.085    0.150 0.012 0.239    0.024 0.062 0.041   -982042    0 

--------------------------------------------
Proportion of membership of each pre-defined
 population in each of the 3 clusters

Given    Inferred Clusters       Number of
 Pop       1      2      3      Individuals

  1:     0.219  0.672  0.110       23
--------------------------------------------

 Rep#:   Lambda   Alpha      F1    F2    F3     D1,2  D1,3  D2,3    Ln Like  Est Ln P(D)
13000:    1.00    0.064    0.149 0.012 0.237    0.024 0.061 0.040   -981827    0 
13100:    1.00    0.061    0.148 0.012 0.238    0.024 0.061 0.040   -981981    0 
13200:    1.00    0.098    0.148 0.012 0.238    0.024 0.061 0.041   -981885    0 
13300:    1.00    0.073    0.148 0.012 0.238    0.024 0.061 0.040   -982123    0 
13400:    1.00    0.093    0.148 0.012 0.241    0.024 0.061 0.041   -981813    0 
13500:    1.00    0.062    0.148 0.012 0.243    0.024 0.061 0.041   -982379    0 
13600:    1.00    0.070    0.149 0.012 0.242    0.024 0.062 0.041   -981818    0 
13700:    1.00    0.058    0.149 0.012 0.243    0.024 0.061 0.041   -982359    0 
13800:    1.00    0.054    0.147 0.012 0.244    0.023 0.062 0.041   -982127    0 
13900:    1.00    0.093    0.143 0.012 0.244    0.023 0.061 0.041   -982550    0 

--------------------------------------------
Proportion of membership of each pre-defined
 population in each of the 3 clusters

Given    Inferred Clusters       Number of
 Pop       1      2      3      Individuals

  1:     0.222  0.670  0.108       23
--------------------------------------------

 Rep#:   Lambda   Alpha      F1    F2    F3     D1,2  D1,3  D2,3    Ln Like  Est Ln P(D)
14000:    1.00    0.067    0.144 0.012 0.246    0.023 0.061 0.041   -982363    0 
14100:    1.00    0.080    0.145 0.012 0.247    0.023 0.061 0.042   -982276    0 
14200:    1.00    0.061    0.145 0.012 0.244    0.024 0.061 0.041   -982184    0 
14300:    1.00    0.054    0.146 0.012 0.245    0.024 0.062 0.041   -981752    0 
14400:    1.00    0.085    0.146 0.012 0.244    0.024 0.062 0.042   -982306    0 
14500:    1.00    0.058    0.145 0.012 0.245    0.024 0.062 0.041   -982270    0 
14600:    1.00    0.078    0.149 0.012 0.245    0.024 0.063 0.041   -982571    0 
14700:    1.00    0.106    0.148 0.012 0.247    0.024 0.063 0.042   -982093    0 
14800:    1.00    0.072    0.150 0.012 0.249    0.024 0.063 0.042   -982353    0 
14900:    1.00    0.105    0.150 0.012 0.249    0.024 0.063 0.042   -981893    0 

--------------------------------------------
Proportion of membership of each pre-defined
 population in each of the 3 clusters

Given    Inferred Clusters       Number of
 Pop       1      2      3      Individuals

  1:     0.217  0.675  0.108       23
--------------------------------------------

 Rep#:   Lambda   Alpha      F1    F2    F3     D1,2  D1,3  D2,3    Ln Like  Est Ln P(D)
15000:    1.00    0.091    0.149 0.012 0.252    0.024 0.062 0.042   -982086    0 
15100:    1.00    0.075    0.148 0.012 0.250    0.024 0.062 0.042   -982041    0 
15200:    1.00    0.086    0.149 0.012 0.255    0.024 0.063 0.043   -982277    0 
15300:    1.00    0.099    0.149 0.012 0.256    0.024 0.064 0.043   -981805    0 
15400:    1.00    0.087    0.149 0.012 0.251    0.024 0.063 0.042   -982142    0 
15500:    1.00    0.117    0.149 0.012 0.251    0.024 0.063 0.042   -982104    0 
15600:    1.00    0.108    0.149 0.012 0.250    0.024 0.063 0.042   -982222    0 
15700:    1.00    0.072    0.149 0.012 0.249    0.024 0.063 0.042   -982217    0 
15800:    1.00    0.098    0.149 0.012 0.249    0.024 0.062 0.042   -982210    0 
15900:    1.00    0.094    0.148 0.012 0.254    0.024 0.063 0.043   -982333    0 

--------------------------------------------
Proportion of membership of each pre-defined
 population in each of the 3 clusters

Given    Inferred Clusters       Number of
 Pop       1      2      3      Individuals

  1:     0.219  0.674  0.107       23
--------------------------------------------

 Rep#:   Lambda   Alpha      F1    F2    F3     D1,2  D1,3  D2,3    Ln Like  Est Ln P(D)
16000:    1.00    0.084    0.146 0.012 0.252    0.024 0.063 0.042   -982613    0 
16100:    1.00    0.097    0.146 0.012 0.252    0.023 0.063 0.043   -982086    0 
16200:    1.00    0.092    0.149 0.012 0.248    0.024 0.062 0.042   -981906    0 
16300:    1.00    0.096    0.147 0.012 0.250    0.024 0.062 0.042   -982092    0 
16400:    1.00    0.073    0.148 0.012 0.251    0.024 0.063 0.042   -982277    0 
16500:    1.00    0.071    0.147 0.012 0.248    0.024 0.062 0.042   -982583    0 
16600:    1.00    0.074    0.147 0.012 0.254    0.024 0.063 0.043   -981785    0 
16700:    1.00    0.090    0.147 0.012 0.249    0.024 0.062 0.042   -982843    0 
16800:    1.00    0.078    0.150 0.012 0.254    0.024 0.063 0.043   -982105    0 
16900:    1.00    0.091    0.150 0.012 0.254    0.024 0.064 0.043   -981747    0 

--------------------------------------------
Proportion of membership of each pre-defined
 population in each of the 3 clusters

Given    Inferred Clusters       Number of
 Pop       1      2      3      Individuals

  1:     0.213  0.679  0.107       23
--------------------------------------------

 Rep#:   Lambda   Alpha      F1    F2    F3     D1,2  D1,3  D2,3    Ln Like  Est Ln P(D)
17000:    1.00    0.084    0.149 0.012 0.253    0.024 0.064 0.043   -982031    0 
17100:    1.00    0.111    0.146 0.012 0.256    0.023 0.063 0.043   -982340    0 
17200:    1.00    0.064    0.146 0.012 0.254    0.024 0.063 0.043   -982049    0 
17300:    1.00    0.087    0.149 0.012 0.256    0.024 0.064 0.043   -982090    0 
17400:    1.00    0.073    0.151 0.012 0.258    0.024 0.064 0.043   -981770    0 
17500:    1.00    0.099    0.151 0.012 0.254    0.024 0.063 0.043   -981947    0 
17600:    1.00    0.101    0.149 0.012 0.255    0.024 0.064 0.043   -982018    0 
17700:    1.00    0.050    0.150 0.012 0.253    0.024 0.063 0.043   -982101    0 
17800:    1.00    0.096    0.149 0.012 0.258    0.024 0.064 0.044   -982576    0 
17900:    1.00    0.091    0.150 0.012 0.258    0.024 0.064 0.043   -981697    0 

--------------------------------------------
Proportion of membership of each pre-defined
 population in each of the 3 clusters

Given    Inferred Clusters       Number of
 Pop       1      2      3      Individuals

  1:     0.215  0.679  0.106       23
--------------------------------------------

 Rep#:   Lambda   Alpha      F1    F2    F3     D1,2  D1,3  D2,3    Ln Like  Est Ln P(D)
18000:    1.00    0.064    0.150 0.012 0.259    0.024 0.063 0.043   -982102    0 
18100:    1.00    0.135    0.148 0.012 0.254    0.024 0.063 0.042   -982158    0 
18200:    1.00    0.099    0.148 0.012 0.253    0.024 0.063 0.042   -982477    0 
18300:    1.00    0.085    0.148 0.012 0.255    0.024 0.063 0.043   -981839    0 
18400:    1.00    0.085    0.148 0.012 0.253    0.024 0.063 0.043   -981248    0 
18500:    1.00    0.083    0.147 0.012 0.253    0.024 0.063 0.042   -982126    0 
18600:    1.00    0.096    0.143 0.012 0.255    0.023 0.062 0.043   -982111    0 
18700:    1.00    0.116    0.142 0.012 0.255    0.023 0.062 0.043   -982110    0 
18800:    1.00    0.064    0.142 0.012 0.254    0.023 0.062 0.043   -981446    0 
18900:    1.00    0.063    0.142 0.012 0.258    0.023 0.063 0.044   -981816    0 

--------------------------------------------
Proportion of membership of each pre-defined
 population in each of the 3 clusters

Given    Inferred Clusters       Number of
 Pop       1      2      3      Individuals

  1:     0.223  0.670  0.106       23
--------------------------------------------

 Rep#:   Lambda   Alpha      F1    F2    F3     D1,2  D1,3  D2,3    Ln Like  Est Ln P(D)
19000:    1.00    0.077    0.143 0.012 0.258    0.023 0.063 0.043   -982087    0 
19100:    1.00    0.070    0.143 0.012 0.259    0.023 0.064 0.044   -981688    0 
19200:    1.00    0.073    0.143 0.012 0.256    0.023 0.063 0.043   -981773    0 
19300:    1.00    0.048    0.143 0.012 0.255    0.023 0.063 0.043   -981990    0 
19400:    1.00    0.092    0.143 0.012 0.255    0.023 0.063 0.043   -982064    0 
19500:    1.00    0.042    0.142 0.012 0.257    0.023 0.063 0.043   -981575    0 
19600:    1.00    0.082    0.142 0.012 0.257    0.023 0.063 0.043   -982326    0 
19700:    1.00    0.100    0.142 0.012 0.259    0.023 0.063 0.044   -981718    0 
19800:    1.00    0.054    0.142 0.012 0.263    0.023 0.063 0.044   -981861    0 
19900:    1.00    0.062    0.142 0.012 0.260    0.023 0.063 0.043   -981989    0 

--------------------------------------------
Proportion of membership of each pre-defined
 population in each of the 3 clusters

Given    Inferred Clusters       Number of
 Pop       1      2      3      Individuals

  1:     0.221  0.672  0.106       23
--------------------------------------------

 Rep#:   Lambda   Alpha      F1    F2    F3     D1,2  D1,3  D2,3    Ln Like  Est Ln P(D)
20000:    1.00    0.081    0.142 0.012 0.257    0.023 0.063 0.043   -982213    0 
20100:    1.00    0.066    0.142 0.012 0.256    0.023 0.062 0.043   -982283    0 
20200:    1.00    0.076    0.143 0.012 0.253    0.023 0.063 0.043   -981546    0 
20300:    1.00    0.114    0.142 0.012 0.253    0.023 0.062 0.043   -981914    0 
20400:    1.00    0.077    0.142 0.012 0.255    0.023 0.063 0.043   -982125    0 
20500:    1.00    0.067    0.143 0.012 0.257    0.023 0.062 0.043   -982394    0 
20600:    1.00    0.093    0.143 0.012 0.255    0.023 0.062 0.043   -981630    0 
20700:    1.00    0.078    0.143 0.012 0.254    0.023 0.062 0.042   -982162    0 
20800:    1.00    0.101    0.142 0.012 0.254    0.023 0.062 0.042   -982353    0 
20900:    1.00    0.077    0.144 0.012 0.251    0.023 0.062 0.043   -981971    0 

--------------------------------------------
Proportion of membership of each pre-defined
 population in each of the 3 clusters

Given    Inferred Clusters       Number of
 Pop       1      2      3      Individuals

  1:     0.221  0.672  0.107       23
--------------------------------------------

 Rep#:   Lambda   Alpha      F1    F2    F3     D1,2  D1,3  D2,3    Ln Like  Est Ln P(D)
21000:    1.00    0.112    0.145 0.012 0.256    0.024 0.063 0.043   -981726    0 
21100:    1.00    0.067    0.147 0.012 0.251    0.024 0.063 0.042   -982242    0 
21200:    1.00    0.098    0.145 0.012 0.251    0.023 0.062 0.042   -981926    0 
21300:    1.00    0.127    0.145 0.012 0.248    0.023 0.062 0.042   -982133    0 
21400:    1.00    0.088    0.145 0.012 0.245    0.023 0.062 0.042   -982673    0 
21500:    1.00    0.088    0.150 0.012 0.246    0.024 0.061 0.041   -982371    0 
21600:    1.00    0.073    0.150 0.012 0.248    0.024 0.062 0.042   -982008    0 
21700:    1.00    0.077    0.148 0.012 0.248    0.024 0.062 0.042   -982221    0 
21800:    1.00    0.087    0.152 0.012 0.248    0.024 0.062 0.042   -982046    0 
21900:    1.00    0.085    0.152 0.012 0.247    0.024 0.063 0.042   -981865    0 

--------------------------------------------
Proportion of membership of each pre-defined
 population in each of the 3 clusters

Given    Inferred Clusters       Number of
 Pop       1      2      3      Individuals

  1:     0.220  0.672  0.107       23
--------------------------------------------

 Rep#:   Lambda   Alpha      F1    F2    F3     D1,2  D1,3  D2,3    Ln Like  Est Ln P(D)
22000:    1.00    0.100    0.152 0.012 0.251    0.024 0.063 0.042   -982016    0 
22100:    1.00    0.049    0.152 0.012 0.251    0.025 0.064 0.042   -981660    0 
22200:    1.00    0.066    0.154 0.012 0.253    0.025 0.063 0.042   -981587    0 
22300:    1.00    0.054    0.153 0.012 0.253    0.024 0.064 0.043   -982327    0 
22400:    1.00    0.102    0.149 0.012 0.252    0.024 0.062 0.042   -982243    0 
22500:    1.00    0.075    0.146 0.012 0.252    0.023 0.062 0.042   -982601    0 
22600:    1.00    0.085    0.145 0.012 0.252    0.024 0.062 0.042   -982002    0 
22700:    1.00    0.070    0.144 0.012 0.249    0.023 0.062 0.042   -982554    0 
22800:    1.00    0.060    0.141 0.012 0.249    0.023 0.061 0.042   -981914    0 
22900:    1.00    0.059    0.141 0.012 0.252    0.023 0.062 0.042   -982303    0 

--------------------------------------------
Proportion of membership of each pre-defined
 population in each of the 3 clusters

Given    Inferred Clusters       Number of
 Pop       1      2      3      Individuals

  1:     0.218  0.676  0.106       23
--------------------------------------------

 Rep#:   Lambda   Alpha      F1    F2    F3     D1,2  D1,3  D2,3    Ln Like  Est Ln P(D)
23000:    1.00    0.096    0.141 0.012 0.251    0.023 0.061 0.042   -982277    0 
23100:    1.00    0.075    0.141 0.012 0.253    0.023 0.061 0.042   -982396    0 
23200:    1.00    0.061    0.141 0.012 0.255    0.023 0.063 0.043   -981647    0 
23300:    1.00    0.052    0.139 0.013 0.255    0.023 0.062 0.043   -982359    0 
23400:    1.00    0.078    0.140 0.013 0.255    0.023 0.062 0.043   -981826    0 
23500:    1.00    0.068    0.142 0.013 0.254    0.023 0.062 0.042   -981912    0 
23600:    1.00    0.060    0.142 0.013 0.250    0.023 0.062 0.042   -982105    0 
23700:    1.00    0.073    0.141 0.013 0.250    0.023 0.061 0.042   -981677    0 
23800:    1.00    0.089    0.141 0.012 0.254    0.023 0.062 0.043   -981901    0 
23900:    1.00    0.073    0.139 0.012 0.252    0.023 0.062 0.042   -982409    0 

--------------------------------------------
Proportion of membership of each pre-defined
 population in each of the 3 clusters

Given    Inferred Clusters       Number of
 Pop       1      2      3      Individuals

  1:     0.216  0.676  0.108       23
--------------------------------------------

 Rep#:   Lambda   Alpha      F1    F2    F3     D1,2  D1,3  D2,3    Ln Like  Est Ln P(D)
24000:    1.00    0.073    0.139 0.012 0.252    0.023 0.062 0.043   -981690    0 
24100:    1.00    0.089    0.143 0.012 0.252    0.023 0.062 0.042   -981623    0 
24200:    1.00    0.064    0.143 0.012 0.249    0.023 0.062 0.043   -982450    0 
24300:    1.00    0.063    0.143 0.012 0.253    0.023 0.062 0.043   -982078    0 
24400:    1.00    0.074    0.142 0.013 0.258    0.023 0.063 0.043   -982372    0 
24500:    1.00    0.069    0.140 0.013 0.259    0.022 0.063 0.043   -981931    0 
24600:    1.00    0.058    0.140 0.013 0.259    0.023 0.063 0.044   -982184    0 
24700:    1.00    0.049    0.140 0.013 0.256    0.023 0.062 0.043   -981827    0 
24800:    1.00    0.059    0.139 0.013 0.257    0.023 0.062 0.043   -981909    0 
24900:    1.00    0.067    0.139 0.013 0.257    0.022 0.062 0.043   -982031    0 

--------------------------------------------
Proportion of membership of each pre-defined
 population in each of the 3 clusters

Given    Inferred Clusters       Number of
 Pop       1      2      3      Individuals

  1:     0.219  0.673  0.108       23
--------------------------------------------

 Rep#:   Lambda   Alpha      F1    F2    F3     D1,2  D1,3  D2,3    Ln Like  Est Ln P(D)
25000:    1.00    0.060    0.137 0.013 0.254    0.022 0.061 0.042   -981890    0 
25100:    1.00    0.039    0.140 0.013 0.252    0.023 0.062 0.042   -981445    0 
25200:    1.00    0.053    0.140 0.013 0.252    0.023 0.062 0.042   -981865    0 
25300:    1.00    0.079    0.140 0.013 0.247    0.023 0.061 0.041   -982566    0 
25400:    1.00    0.065    0.140 0.013 0.249    0.023 0.061 0.042   -982309    0 
25500:    1.00    0.060    0.142 0.013 0.249    0.023 0.062 0.043   -981848    0 
25600:    1.00    0.066    0.143 0.013 0.249    0.024 0.062 0.042   -981666    0 
25700:    1.00    0.076    0.144 0.013 0.247    0.023 0.062 0.042   -982159    0 
25800:    1.00    0.049    0.144 0.013 0.249    0.023 0.061 0.042   -982344    0 
25900:    1.00    0.075    0.144 0.013 0.249    0.024 0.062 0.042   -982320    0 

--------------------------------------------
Proportion of membership of each pre-defined
 population in each of the 3 clusters

Given    Inferred Clusters       Number of
 Pop       1      2      3      Individuals

  1:     0.222  0.670  0.108       23
--------------------------------------------

 Rep#:   Lambda   Alpha      F1    F2    F3     D1,2  D1,3  D2,3    Ln Like  Est Ln P(D)
26000:    1.00    0.089    0.145 0.013 0.245    0.024 0.062 0.042   -982414    0 
26100:    1.00    0.057    0.145 0.013 0.247    0.023 0.062 0.042   -981589    0 
26200:    1.00    0.059    0.145 0.013 0.248    0.023 0.062 0.042   -981590    0 
26300:    1.00    0.079    0.146 0.013 0.248    0.024 0.062 0.042   -981785    0 
26400:    1.00    0.068    0.144 0.013 0.248    0.023 0.062 0.042   -982207    0 
26500:    1.00    0.050    0.145 0.013 0.248    0.024 0.062 0.042   -981938    0 
26600:    1.00    0.076    0.146 0.013 0.244    0.023 0.062 0.042   -981884    0 
26700:    1.00    0.100    0.147 0.013 0.245    0.023 0.062 0.042   -982361    0 
26800:    1.00    0.103    0.147 0.013 0.246    0.024 0.062 0.042   -982373    0 
26900:    1.00    0.072    0.148 0.013 0.246    0.024 0.062 0.042   -982289    0 

--------------------------------------------
Proportion of membership of each pre-defined
 population in each of the 3 clusters

Given    Inferred Clusters       Number of
 Pop       1      2      3      Individuals

  1:     0.220  0.671  0.109       23
--------------------------------------------

 Rep#:   Lambda   Alpha      F1    F2    F3     D1,2  D1,3  D2,3    Ln Like  Est Ln P(D)
27000:    1.00    0.064    0.148 0.013 0.246    0.024 0.062 0.042   -982186    0 
27100:    1.00    0.085    0.148 0.013 0.245    0.024 0.062 0.042   -982360    0 
27200:    1.00    0.067    0.148 0.013 0.247    0.024 0.062 0.042   -982181    0 
27300:    1.00    0.102    0.146 0.013 0.249    0.024 0.062 0.042   -981763    0 
27400:    1.00    0.069    0.147 0.013 0.250    0.024 0.062 0.042   -982116    0 
27500:    1.00    0.094    0.147 0.013 0.250    0.024 0.062 0.042   -982309    0 
27600:    1.00    0.083    0.147 0.013 0.250    0.024 0.062 0.042   -982049    0 
27700:    1.00    0.098    0.145 0.013 0.255    0.024 0.063 0.043   -982023    0 
27800:    1.00    0.052    0.143 0.013 0.253    0.023 0.062 0.042   -981887    0 
27900:    1.00    0.084    0.140 0.013 0.253    0.023 0.062 0.042   -982068    0 

--------------------------------------------
Proportion of membership of each pre-defined
 population in each of the 3 clusters

Given    Inferred Clusters       Number of
 Pop       1      2      3      Individuals

  1:     0.220  0.672  0.108       23
--------------------------------------------

 Rep#:   Lambda   Alpha      F1    F2    F3     D1,2  D1,3  D2,3    Ln Like  Est Ln P(D)
28000:    1.00    0.077    0.140 0.013 0.248    0.023 0.061 0.042   -982120    0 
28100:    1.00    0.079    0.143 0.013 0.248    0.023 0.062 0.042   -982014    0 
28200:    1.00    0.063    0.144 0.013 0.247    0.023 0.061 0.041   -981812    0 
28300:    1.00    0.054    0.142 0.013 0.247    0.023 0.061 0.042   -982574    0 
28400:    1.00    0.068    0.142 0.013 0.250    0.023 0.062 0.042   -981719    0 
28500:    1.00    0.056    0.143 0.013 0.248    0.023 0.062 0.042   -982041    0 
28600:    1.00    0.057    0.144 0.013 0.248    0.023 0.062 0.042   -981701    0 
28700:    1.00    0.084    0.145 0.013 0.247    0.023 0.062 0.042   -981840    0 
28800:    1.00    0.078    0.145 0.013 0.248    0.023 0.062 0.042   -982087    0 
28900:    1.00    0.105    0.142 0.013 0.248    0.023 0.061 0.042   -982297    0 

--------------------------------------------
Proportion of membership of each pre-defined
 population in each of the 3 clusters

Given    Inferred Clusters       Number of
 Pop       1      2      3      Individuals

  1:     0.220  0.672  0.108       23
--------------------------------------------

 Rep#:   Lambda   Alpha      F1    F2    F3     D1,2  D1,3  D2,3    Ln Like  Est Ln P(D)
29000:    1.00    0.060    0.144 0.013 0.244    0.023 0.061 0.041   -981936    0 
29100:    1.00    0.066    0.146 0.013 0.246    0.024 0.062 0.041   -981809    0 
29200:    1.00    0.059    0.147 0.013 0.247    0.024 0.061 0.042   -982011    0 
29300:    1.00    0.082    0.144 0.013 0.249    0.023 0.062 0.042   -982014    0 
29400:    1.00    0.063    0.143 0.012 0.250    0.023 0.062 0.043   -982105    0 
29500:    1.00    0.097    0.143 0.012 0.250    0.023 0.062 0.042   -981952    0 
29600:    1.00    0.106    0.142 0.012 0.244    0.023 0.061 0.041   -982719    0 
29700:    1.00    0.088    0.142 0.012 0.244    0.023 0.061 0.042   -982257    0 
29800:    1.00    0.100    0.144 0.012 0.242    0.023 0.061 0.041   -982534    0 
29900:    1.00    0.064    0.144 0.012 0.245    0.023 0.061 0.042   -981770    0 

--------------------------------------------
Proportion of membership of each pre-defined
 population in each of the 3 clusters

Given    Inferred Clusters       Number of
 Pop       1      2      3      Individuals

  1:     0.224  0.667  0.108       23
--------------------------------------------

 Rep#:   Lambda   Alpha      F1    F2    F3     D1,2  D1,3  D2,3    Ln Like  Est Ln P(D)
30000:    1.00    0.055    0.143 0.012 0.246    0.023 0.062 0.042   -982525    0 
30100:    1.00    0.067    0.143 0.012 0.247    0.023 0.062 0.042   -982179    0 
30200:    1.00    0.118    0.145 0.012 0.249    0.024 0.062 0.042   -982054    0 
30300:    1.00    0.077    0.146 0.012 0.246    0.023 0.061 0.041   -982211    0 
30400:    1.00    0.115    0.146 0.012 0.248    0.024 0.062 0.042   -982080    0 
30500:    1.00    0.070    0.144 0.012 0.247    0.023 0.062 0.042   -981554    0 
30600:    1.00    0.098    0.142 0.012 0.244    0.023 0.061 0.041   -982181    0 
30700:    1.00    0.104    0.141 0.012 0.247    0.023 0.061 0.042   -982361    0 
30800:    1.00    0.053    0.138 0.012 0.254    0.022 0.062 0.043   -982083    0 
30900:    1.00    0.071    0.138 0.012 0.251    0.022 0.061 0.042   -981760    0 

--------------------------------------------
Proportion of membership of each pre-defined
 population in each of the 3 clusters

Given    Inferred Clusters       Number of
 Pop       1      2      3      Individuals

  1:     0.223  0.671  0.106       23
--------------------------------------------

 Rep#:   Lambda   Alpha      F1    F2    F3     D1,2  D1,3  D2,3    Ln Like  Est Ln P(D)
31000:    1.00    0.053    0.137 0.012 0.255    0.022 0.062 0.043   -982021    0 
31100:    1.00    0.085    0.138 0.012 0.252    0.023 0.061 0.042   -982316    0 
31200:    1.00    0.070    0.138 0.012 0.251    0.022 0.062 0.042   -981969    0 
31300:    1.00    0.093    0.138 0.012 0.248    0.022 0.061 0.042   -982178    0 
31400:    1.00    0.089    0.137 0.012 0.250    0.022 0.061 0.042   -982040    0 
31500:    1.00    0.087    0.136 0.012 0.248    0.022 0.061 0.042   -982456    0 
31600:    1.00    0.068    0.137 0.012 0.250    0.022 0.060 0.042   -982332    0 
31700:    1.00    0.068    0.138 0.012 0.250    0.022 0.061 0.042   -982121    0 
31800:    1.00    0.080    0.138 0.012 0.250    0.022 0.061 0.042   -982068    0 
31900:    1.00    0.079    0.139 0.012 0.249    0.023 0.061 0.042   -982176    0 

--------------------------------------------
Proportion of membership of each pre-defined
 population in each of the 3 clusters

Given    Inferred Clusters       Number of
 Pop       1      2      3      Individuals

  1:     0.222  0.670  0.107       23
--------------------------------------------

 Rep#:   Lambda   Alpha      F1    F2    F3     D1,2  D1,3  D2,3    Ln Like  Est Ln P(D)
32000:    1.00    0.056    0.139 0.012 0.252    0.022 0.062 0.042   -981966    0 
32100:    1.00    0.088    0.139 0.012 0.252    0.023 0.061 0.042   -982533    0 
32200:    1.00    0.102    0.140 0.012 0.250    0.023 0.061 0.042   -981958    0 
32300:    1.00    0.116    0.140 0.012 0.251    0.023 0.061 0.042   -981674    0 
32400:    1.00    0.078    0.141 0.012 0.252    0.023 0.062 0.042   -982100    0 
32500:    1.00    0.114    0.144 0.012 0.252    0.023 0.062 0.043   -981892    0 
32600:    1.00    0.106    0.143 0.012 0.251    0.023 0.062 0.042   -982402    0 
32700:    1.00    0.077    0.144 0.012 0.256    0.023 0.064 0.044   -981501    0 
32800:    1.00    0.069    0.145 0.012 0.255    0.023 0.063 0.043   -982209    0 
32900:    1.00    0.067    0.143 0.012 0.259    0.023 0.064 0.043   -982277    0 

--------------------------------------------
Proportion of membership of each pre-defined
 population in each of the 3 clusters

Given    Inferred Clusters       Number of
 Pop       1      2      3      Individuals

  1:     0.226  0.667  0.107       23
--------------------------------------------

 Rep#:   Lambda   Alpha      F1    F2    F3     D1,2  D1,3  D2,3    Ln Like  Est Ln P(D)
33000:    1.00    0.068    0.143 0.012 0.259    0.023 0.063 0.043   -982548    0 
33100:    1.00    0.091    0.143 0.012 0.260    0.023 0.063 0.044   -982351    0 
33200:    1.00    0.077    0.143 0.012 0.260    0.023 0.063 0.044   -982175    0 
33300:    1.00    0.088    0.143 0.012 0.257    0.023 0.063 0.043   -981881    0 
33400:    1.00    0.089    0.142 0.012 0.254    0.023 0.062 0.043   -981977    0 
33500:    1.00    0.086    0.144 0.012 0.255    0.023 0.063 0.043   -982138    0 
33600:    1.00    0.120    0.144 0.012 0.254    0.023 0.062 0.043   -981884    0 
33700:    1.00    0.113    0.144 0.012 0.251    0.023 0.062 0.042   -982072    0 
33800:    1.00    0.092    0.144 0.012 0.250    0.023 0.062 0.042   -981895    0 
33900:    1.00    0.075    0.144 0.012 0.254    0.023 0.062 0.043   -982039    0 

--------------------------------------------
Proportion of membership of each pre-defined
 population in each of the 3 clusters

Given    Inferred Clusters       Number of
 Pop       1      2      3      Individuals

  1:     0.219  0.674  0.107       23
--------------------------------------------

 Rep#:   Lambda   Alpha      F1    F2    F3     D1,2  D1,3  D2,3    Ln Like  Est Ln P(D)
34000:    1.00    0.088    0.141 0.012 0.252    0.023 0.062 0.043   -982086    0 
34100:    1.00    0.069    0.142 0.012 0.251    0.023 0.062 0.042   -982054    0 
34200:    1.00    0.089    0.143 0.012 0.254    0.023 0.063 0.043   -982053    0 
34300:    1.00    0.093    0.143 0.012 0.251    0.023 0.062 0.043   -981861    0 
34400:    1.00    0.083    0.143 0.012 0.249    0.023 0.061 0.042   -981821    0 
34500:    1.00    0.041    0.142 0.012 0.251    0.023 0.062 0.042   -982198    0 
34600:    1.00    0.055    0.142 0.012 0.253    0.023 0.062 0.042   -982206    0 
34700:    1.00    0.063    0.143 0.012 0.255    0.023 0.063 0.043   -982192    0 
34800:    1.00    0.077    0.143 0.012 0.253    0.023 0.063 0.042   -982124    0 
34900:    1.00    0.133    0.142 0.013 0.254    0.023 0.062 0.043   -982325    0 

--------------------------------------------
Proportion of membership of each pre-defined
 population in each of the 3 clusters

Given    Inferred Clusters       Number of
 Pop       1      2      3      Individuals

  1:     0.220  0.672  0.109       23
--------------------------------------------

 Rep#:   Lambda   Alpha      F1    F2    F3     D1,2  D1,3  D2,3    Ln Like  Est Ln P(D)
35000:    1.00    0.050    0.144 0.013 0.251    0.023 0.062 0.042   -982011    0 
35100:    1.00    0.053    0.144 0.013 0.251    0.023 0.063 0.043   -982193    0 
35200:    1.00    0.072    0.143 0.013 0.254    0.023 0.062 0.043   -982403    0 
35300:    1.00    0.064    0.141 0.013 0.256    0.023 0.062 0.043   -982223    0 
35400:    1.00    0.093    0.141 0.013 0.256    0.023 0.063 0.043   -981928    0 
35500:    1.00    0.086    0.141 0.013 0.255    0.023 0.062 0.043   -982445    0 
35600:    1.00    0.086    0.140 0.013 0.255    0.023 0.063 0.043   -982306    0 
35700:    1.00    0.087    0.141 0.013 0.255    0.023 0.063 0.043   -981705    0 
35800:    1.00    0.074    0.140 0.013 0.253    0.023 0.062 0.043   -981778    0 
35900:    1.00    0.082    0.138 0.013 0.253    0.022 0.062 0.043   -982332    0 

--------------------------------------------
Proportion of membership of each pre-defined
 population in each of the 3 clusters

Given    Inferred Clusters       Number of
 Pop       1      2      3      Individuals

  1:     0.220  0.673  0.107       23
--------------------------------------------

 Rep#:   Lambda   Alpha      F1    F2    F3     D1,2  D1,3  D2,3    Ln Like  Est Ln P(D)
36000:    1.00    0.037    0.138 0.012 0.253    0.022 0.061 0.043   -982031    0 
36100:    1.00    0.075    0.138 0.012 0.252    0.022 0.061 0.042   -982395    0 
36200:    1.00    0.112    0.139 0.012 0.252    0.022 0.062 0.043   -982189    0 
36300:    1.00    0.059    0.140 0.012 0.253    0.023 0.062 0.043   -981671    0 
36400:    1.00    0.095    0.141 0.012 0.252    0.023 0.062 0.042   -981814    0 
36500:    1.00    0.087    0.139 0.012 0.252    0.023 0.062 0.043   -981725    0 
36600:    1.00    0.082    0.140 0.012 0.258    0.022 0.063 0.044   -982190    0 
36700:    1.00    0.095    0.141 0.012 0.256    0.023 0.063 0.043   -981934    0 
36800:    1.00    0.132    0.141 0.012 0.253    0.023 0.062 0.043   -982503    0 
36900:    1.00    0.077    0.139 0.012 0.253    0.023 0.061 0.042   -982267    0 

--------------------------------------------
Proportion of membership of each pre-defined
 population in each of the 3 clusters

Given    Inferred Clusters       Number of
 Pop       1      2      3      Individuals

  1:     0.224  0.669  0.108       23
--------------------------------------------

 Rep#:   Lambda   Alpha      F1    F2    F3     D1,2  D1,3  D2,3    Ln Like  Est Ln P(D)
37000:    1.00    0.086    0.142 0.012 0.252    0.023 0.062 0.043   -982299    0 
37100:    1.00    0.097    0.142 0.012 0.250    0.023 0.062 0.042   -981837    0 
37200:    1.00    0.074    0.141 0.012 0.250    0.023 0.061 0.042   -982527    0 
37300:    1.00    0.073    0.142 0.012 0.255    0.023 0.062 0.043   -982072    0 
37400:    1.00    0.088    0.142 0.012 0.249    0.023 0.061 0.042   -982082    0 
37500:    1.00    0.069    0.143 0.012 0.249    0.023 0.062 0.042   -982454    0 
37600:    1.00    0.079    0.145 0.012 0.249    0.023 0.061 0.042   -982081    0 
37700:    1.00    0.056    0.145 0.012 0.254    0.023 0.062 0.043   -981921    0 
37800:    1.00    0.054    0.142 0.012 0.252    0.023 0.062 0.042   -982375    0 
37900:    1.00    0.092    0.143 0.012 0.248    0.023 0.062 0.042   -982266    0 

--------------------------------------------
Proportion of membership of each pre-defined
 population in each of the 3 clusters

Given    Inferred Clusters       Number of
 Pop       1      2      3      Individuals

  1:     0.219  0.673  0.108       23
--------------------------------------------

 Rep#:   Lambda   Alpha      F1    F2    F3     D1,2  D1,3  D2,3    Ln Like  Est Ln P(D)
38000:    1.00    0.059    0.143 0.012 0.248    0.023 0.061 0.042   -982286    0 
38100:    1.00    0.080    0.143 0.012 0.248    0.023 0.062 0.042   -982372    0 
38200:    1.00    0.074    0.144 0.012 0.248    0.023 0.062 0.042   -982116    0 
38300:    1.00    0.104    0.144 0.012 0.248    0.023 0.062 0.042   -982213    0 
38400:    1.00    0.108    0.141 0.012 0.246    0.023 0.061 0.042   -982023    0 
38500:    1.00    0.109    0.141 0.012 0.247    0.023 0.061 0.042   -981837    0 
38600:    1.00    0.107    0.141 0.012 0.247    0.023 0.062 0.042   -982311    0 
38700:    1.00    0.076    0.141 0.012 0.246    0.023 0.061 0.042   -981929    0 
38800:    1.00    0.116    0.141 0.012 0.246    0.023 0.061 0.042   -982558    0 
38900:    1.00    0.086    0.142 0.012 0.247    0.023 0.061 0.042   -982529    0 

--------------------------------------------
Proportion of membership of each pre-defined
 population in each of the 3 clusters

Given    Inferred Clusters       Number of
 Pop       1      2      3      Individuals

  1:     0.220  0.673  0.107       23
--------------------------------------------

 Rep#:   Lambda   Alpha      F1    F2    F3     D1,2  D1,3  D2,3    Ln Like  Est Ln P(D)
39000:    1.00    0.069    0.141 0.012 0.247    0.023 0.061 0.042   -982082    0 
39100:    1.00    0.078    0.142 0.012 0.248    0.023 0.062 0.042   -982417    0 
39200:    1.00    0.088    0.141 0.012 0.246    0.023 0.061 0.042   -982130    0 
39300:    1.00    0.104    0.141 0.012 0.245    0.023 0.061 0.042   -982220    0 
39400:    1.00    0.113    0.138 0.012 0.247    0.022 0.061 0.042   -981881    0 
39500:    1.00    0.074    0.138 0.012 0.252    0.023 0.061 0.042   -982124    0 
39600:    1.00    0.064    0.139 0.012 0.253    0.023 0.062 0.043   -981765    0 
39700:    1.00    0.048    0.139 0.012 0.253    0.022 0.062 0.043   -982065    0 
39800:    1.00    0.057    0.141 0.012 0.251    0.023 0.061 0.042   -981594    0 
39900:    1.00    0.069    0.141 0.012 0.250    0.023 0.061 0.042   -981905    0 

--------------------------------------------
Proportion of membership of each pre-defined
 population in each of the 3 clusters

Given    Inferred Clusters       Number of
 Pop       1      2      3      Individuals

  1:     0.220  0.672  0.108       23
--------------------------------------------

 Rep#:   Lambda   Alpha      F1    F2    F3     D1,2  D1,3  D2,3    Ln Like  Est Ln P(D)
40000:    1.00    0.045    0.140 0.012 0.249    0.023 0.061 0.042   -982277    0 
40100:    1.00    0.061    0.140 0.012 0.248    0.023 0.061 0.042   -982192    0 
40200:    1.00    0.090    0.140 0.012 0.249    0.023 0.061 0.042   -982080    0 
40300:    1.00    0.085    0.141 0.013 0.248    0.023 0.061 0.042   -982228    0 
40400:    1.00    0.117    0.142 0.013 0.244    0.023 0.061 0.041   -982513    0 
40500:    1.00    0.088    0.142 0.013 0.244    0.023 0.061 0.041   -981611    0 
40600:    1.00    0.067    0.147 0.013 0.246    0.024 0.062 0.042   -982103    0 
40700:    1.00    0.079    0.145 0.013 0.248    0.024 0.063 0.042   -981548    0 
40800:    1.00    0.058    0.147 0.013 0.249    0.024 0.062 0.042   -981973    0 
40900:    1.00    0.075    0.148 0.013 0.249    0.024 0.062 0.042   -982214    0 

--------------------------------------------
Proportion of membership of each pre-defined
 population in each of the 3 clusters

Given    Inferred Clusters       Number of
 Pop       1      2      3      Individuals

  1:     0.224  0.667  0.109       23
--------------------------------------------

 Rep#:   Lambda   Alpha      F1    F2    F3     D1,2  D1,3  D2,3    Ln Like  Est Ln P(D)
41000:    1.00    0.060    0.144 0.013 0.248    0.023 0.062 0.042   -982114    0 
41100:    1.00    0.066    0.144 0.013 0.248    0.023 0.062 0.042   -982205    0 
41200:    1.00    0.080    0.145 0.012 0.244    0.023 0.062 0.041   -981988    0 
41300:    1.00    0.069    0.146 0.012 0.243    0.023 0.062 0.041   -982109    0 
41400:    1.00    0.083    0.146 0.012 0.241    0.023 0.061 0.041   -982454    0 
41500:    1.00    0.114    0.143 0.012 0.244    0.023 0.061 0.041   -982115    0 
41600:    1.00    0.084    0.141 0.012 0.247    0.023 0.061 0.042   -982488    0 
41700:    1.00    0.109    0.142 0.012 0.247    0.023 0.061 0.042   -982245    0 
41800:    1.00    0.055    0.142 0.012 0.245    0.023 0.061 0.041   -982664    0 
41900:    1.00    0.082    0.143 0.012 0.245    0.023 0.061 0.042   -982392    0 

--------------------------------------------
Proportion of membership of each pre-defined
 population in each of the 3 clusters

Given    Inferred Clusters       Number of
 Pop       1      2      3      Individuals

  1:     0.222  0.671  0.106       23
--------------------------------------------

 Rep#:   Lambda   Alpha      F1    F2    F3     D1,2  D1,3  D2,3    Ln Like  Est Ln P(D)
42000:    1.00    0.074    0.144 0.012 0.245    0.023 0.061 0.041   -982207    0 
42100:    1.00    0.081    0.146 0.012 0.248    0.024 0.063 0.043   -981788    0 
42200:    1.00    0.065    0.144 0.012 0.251    0.023 0.062 0.043   -982143    0 
42300:    1.00    0.053    0.142 0.012 0.254    0.023 0.063 0.043   -982201    0 
42400:    1.00    0.088    0.143 0.012 0.251    0.023 0.063 0.043   -982112    0 
42500:    1.00    0.097    0.143 0.012 0.250    0.023 0.062 0.042   -982415    0 
42600:    1.00    0.081    0.143 0.012 0.249    0.023 0.062 0.042   -982550    0 
42700:    1.00    0.082    0.143 0.012 0.250    0.023 0.062 0.042   -982075    0 
42800:    1.00    0.040    0.141 0.012 0.250    0.023 0.062 0.042   -982159    0 
42900:    1.00    0.065    0.141 0.012 0.249    0.023 0.061 0.042   -982640    0 

--------------------------------------------
Proportion of membership of each pre-defined
 population in each of the 3 clusters

Given    Inferred Clusters       Number of
 Pop       1      2      3      Individuals

  1:     0.227  0.666  0.107       23
--------------------------------------------

 Rep#:   Lambda   Alpha      F1    F2    F3     D1,2  D1,3  D2,3    Ln Like  Est Ln P(D)
43000:    1.00    0.090    0.141 0.012 0.246    0.023 0.061 0.042   -982182    0 
43100:    1.00    0.055    0.144 0.012 0.251    0.023 0.062 0.042   -982404    0 
43200:    1.00    0.077    0.140 0.012 0.249    0.023 0.061 0.042   -982772    0 
43300:    1.00    0.057    0.142 0.012 0.249    0.023 0.061 0.042   -982621    0 
43400:    1.00    0.092    0.142 0.012 0.250    0.023 0.062 0.042   -982870    0 
43500:    1.00    0.075    0.144 0.012 0.247    0.023 0.062 0.042   -982010    0 
43600:    1.00    0.075    0.143 0.012 0.247    0.023 0.061 0.042   -982584    0 
43700:    1.00    0.105    0.144 0.012 0.248    0.023 0.062 0.042   -981135    0 
43800:    1.00    0.087    0.144 0.012 0.247    0.023 0.061 0.041   -982318    0 
43900:    1.00    0.134    0.144 0.012 0.248    0.023 0.062 0.042   -982085    0 

--------------------------------------------
Proportion of membership of each pre-defined
 population in each of the 3 clusters

Given    Inferred Clusters       Number of
 Pop       1      2      3      Individuals

  1:     0.219  0.674  0.107       23
--------------------------------------------

 Rep#:   Lambda   Alpha      F1    F2    F3     D1,2  D1,3  D2,3    Ln Like  Est Ln P(D)
44000:    1.00    0.102    0.143 0.012 0.250    0.023 0.062 0.042   -982271    0 
44100:    1.00    0.105    0.150 0.012 0.248    0.024 0.063 0.042   -982047    0 
44200:    1.00    0.059    0.149 0.012 0.243    0.024 0.062 0.041   -982019    0 
44300:    1.00    0.055    0.150 0.012 0.243    0.024 0.061 0.041   -982164    0 
44400:    1.00    0.057    0.151 0.012 0.244    0.024 0.062 0.041   -981923    0 
44500:    1.00    0.113    0.151 0.012 0.244    0.024 0.063 0.041   -982033    0 
44600:    1.00    0.073    0.151 0.012 0.244    0.024 0.062 0.041   -982294    0 
44700:    1.00    0.068    0.150 0.012 0.247    0.024 0.062 0.041   -982192    0 
44800:    1.00    0.068    0.152 0.012 0.249    0.024 0.062 0.041   -981969    0 
44900:    1.00    0.087    0.152 0.012 0.245    0.024 0.062 0.041   -982038    0 

--------------------------------------------
Proportion of membership of each pre-defined
 population in each of the 3 clusters

Given    Inferred Clusters       Number of
 Pop       1      2      3      Individuals

  1:     0.216  0.677  0.107       23
--------------------------------------------

 Rep#:   Lambda   Alpha      F1    F2    F3     D1,2  D1,3  D2,3    Ln Like  Est Ln P(D)
45000:    1.00    0.124    0.152 0.012 0.246    0.024 0.062 0.042   -982344    0 
45100:    1.00    0.073    0.152 0.012 0.247    0.024 0.062 0.042   -982222    0 
45200:    1.00    0.108    0.152 0.012 0.249    0.024 0.063 0.042   -981951    0 
45300:    1.00    0.072    0.150 0.012 0.252    0.024 0.063 0.042   -981798    0 
45400:    1.00    0.104    0.149 0.012 0.251    0.024 0.063 0.043   -982336    0 
45500:    1.00    0.096    0.150 0.012 0.255    0.024 0.063 0.043   -982077    0 
45600:    1.00    0.056    0.149 0.012 0.255    0.024 0.063 0.043   -982455    0 
45700:    1.00    0.045    0.149 0.012 0.255    0.024 0.063 0.043   -982660    0 
45800:    1.00    0.096    0.149 0.012 0.256    0.024 0.064 0.043   -982268    0 
45900:    1.00    0.083    0.148 0.012 0.252    0.024 0.062 0.042   -982174    0 

--------------------------------------------
Proportion of membership of each pre-defined
 population in each of the 3 clusters

Given    Inferred Clusters       Number of
 Pop       1      2      3      Individuals

  1:     0.223  0.670  0.107       23
--------------------------------------------

 Rep#:   Lambda   Alpha      F1    F2    F3     D1,2  D1,3  D2,3    Ln Like  Est Ln P(D)
46000:    1.00    0.108    0.148 0.012 0.254    0.024 0.063 0.043   -981782    0 
46100:    1.00    0.099    0.149 0.012 0.254    0.024 0.063 0.043   -982575    0 
46200:    1.00    0.071    0.146 0.011 0.252    0.024 0.063 0.042   -982238    0 
46300:    1.00    0.077    0.145 0.011 0.252    0.023 0.062 0.042   -982370    0 
46400:    1.00    0.076    0.145 0.011 0.252    0.024 0.062 0.042   -982064    0 
46500:    1.00    0.101    0.144 0.011 0.252    0.023 0.062 0.042   -982045    0 
46600:    1.00    0.068    0.144 0.012 0.252    0.023 0.062 0.042   -982178    0 
46700:    1.00    0.088    0.147 0.012 0.248    0.024 0.062 0.042   -982385    0 
46800:    1.00    0.053    0.146 0.012 0.249    0.023 0.062 0.042   -982213    0 
46900:    1.00    0.060    0.151 0.012 0.249    0.024 0.063 0.042   -981969    0 

--------------------------------------------
Proportion of membership of each pre-defined
 population in each of the 3 clusters

Given    Inferred Clusters       Number of
 Pop       1      2      3      Individuals

  1:     0.218  0.674  0.109       23
--------------------------------------------

 Rep#:   Lambda   Alpha      F1    F2    F3     D1,2  D1,3  D2,3    Ln Like  Est Ln P(D)
47000:    1.00    0.078    0.147 0.012 0.252    0.023 0.063 0.042   -981739    0 
47100:    1.00    0.070    0.147 0.012 0.248    0.023 0.062 0.042   -982234    0 
47200:    1.00    0.123    0.145 0.012 0.248    0.023 0.062 0.042   -982032    0 
47300:    1.00    0.066    0.145 0.012 0.247    0.023 0.061 0.041   -981982    0 
47400:    1.00    0.077    0.145 0.012 0.244    0.023 0.061 0.041   -982113    0 
47500:    1.00    0.064    0.147 0.012 0.244    0.024 0.062 0.041   -982133    0 
47600:    1.00    0.118    0.147 0.012 0.247    0.024 0.063 0.042   -982337    0 
47700:    1.00    0.040    0.146 0.012 0.247    0.023 0.062 0.042   -982298    0 
47800:    1.00    0.083    0.146 0.012 0.249    0.023 0.062 0.041   -981994    0 
47900:    1.00    0.067    0.144 0.012 0.245    0.023 0.062 0.041   -982713    0 

--------------------------------------------
Proportion of membership of each pre-defined
 population in each of the 3 clusters

Given    Inferred Clusters       Number of
 Pop       1      2      3      Individuals

  1:     0.219  0.673  0.108       23
--------------------------------------------

 Rep#:   Lambda   Alpha      F1    F2    F3     D1,2  D1,3  D2,3    Ln Like  Est Ln P(D)
48000:    1.00    0.093    0.145 0.012 0.247    0.024 0.062 0.042   -982061    0 
48100:    1.00    0.070    0.145 0.012 0.251    0.023 0.063 0.042   -982187    0 
48200:    1.00    0.082    0.145 0.012 0.251    0.023 0.063 0.042   -982298    0 
48300:    1.00    0.065    0.145 0.012 0.250    0.024 0.062 0.042   -982110    0 
48400:    1.00    0.067    0.147 0.012 0.248    0.024 0.062 0.042   -982935    0 
48500:    1.00    0.094    0.147 0.012 0.248    0.023 0.062 0.042   -982341    0 
48600:    1.00    0.092    0.148 0.012 0.250    0.024 0.063 0.042   -982735    0 
48700:    1.00    0.109    0.149 0.012 0.250    0.024 0.063 0.042   -982581    0 
48800:    1.00    0.094    0.149 0.012 0.247    0.024 0.062 0.041   -981997    0 
48900:    1.00    0.065    0.148 0.012 0.248    0.024 0.062 0.042   -982563    0 

--------------------------------------------
Proportion of membership of each pre-defined
 population in each of the 3 clusters

Given    Inferred Clusters       Number of
 Pop       1      2      3      Individuals

  1:     0.224  0.667  0.110       23
--------------------------------------------

 Rep#:   Lambda   Alpha      F1    F2    F3     D1,2  D1,3  D2,3    Ln Like  Est Ln P(D)
49000:    1.00    0.084    0.149 0.012 0.251    0.023 0.062 0.042   -982236    0 
49100:    1.00    0.070    0.147 0.012 0.251    0.023 0.063 0.043   -981469    0 
49200:    1.00    0.078    0.147 0.012 0.250    0.024 0.062 0.042   -982419    0 
49300:    1.00    0.106    0.147 0.012 0.249    0.024 0.063 0.042   -982108    0 
49400:    1.00    0.065    0.147 0.012 0.249    0.024 0.063 0.042   -982001    0 
49500:    1.00    0.090    0.148 0.012 0.248    0.024 0.063 0.042   -982218    0 
49600:    1.00    0.074    0.148 0.012 0.249    0.024 0.062 0.042   -981941    0 
49700:    1.00    0.084    0.147 0.012 0.254    0.024 0.063 0.043   -982054    0 
49800:    1.00    0.118    0.147 0.012 0.249    0.024 0.063 0.042   -982508    0 
49900:    1.00    0.064    0.148 0.012 0.253    0.024 0.064 0.043   -982147    0 

--------------------------------------------
Proportion of membership of each pre-defined
 population in each of the 3 clusters

Given    Inferred Clusters       Number of
 Pop       1      2      3      Individuals

  1:     0.218  0.675  0.107       23
--------------------------------------------

 Rep#:   Lambda   Alpha      F1    F2    F3     D1,2  D1,3  D2,3    Ln Like  Est Ln P(D)
50000:    1.00    0.067    0.146 0.012 0.257    0.024 0.064 0.043   -981724    0 
50100:    1.00    0.043    0.146 0.011 0.257    0.023 0.063 0.043   -982305    0 
50200:    1.00    0.072    0.145 0.011 0.255    0.023 0.062 0.043   -982061    0 
50300:    1.00    0.116    0.150 0.011 0.252    0.024 0.063 0.042   -981965    0 
50400:    1.00    0.073    0.152 0.011 0.248    0.024 0.063 0.042   -982067    0 
50500:    1.00    0.070    0.152 0.011 0.249    0.024 0.063 0.042   -982136    0 
50600:    1.00    0.092    0.150 0.011 0.248    0.024 0.062 0.042   -982243    0 
50700:    1.00    0.047    0.147 0.011 0.251    0.024 0.063 0.042   -982376    0 
50800:    1.00    0.089    0.147 0.011 0.251    0.023 0.062 0.042   -982259    0 
50900:    1.00    0.056    0.147 0.011 0.244    0.023 0.061 0.041   -981947    0 

--------------------------------------------
Proportion of membership of each pre-defined
 population in each of the 3 clusters

Given    Inferred Clusters       Number of
 Pop       1      2      3      Individuals

  1:     0.218  0.674  0.107       23
--------------------------------------------

 Rep#:   Lambda   Alpha      F1    F2    F3     D1,2  D1,3  D2,3    Ln Like  Est Ln P(D)
51000:    1.00    0.078    0.147 0.011 0.251    0.024 0.062 0.042   -982725    0 
51100:    1.00    0.078    0.149 0.011 0.249    0.024 0.062 0.042   -982872    0 
51200:    1.00    0.093    0.150 0.011 0.250    0.024 0.063 0.042   -982602    0 
51300:    1.00    0.089    0.149 0.011 0.246    0.024 0.063 0.042   -981880    0 
51400:    1.00    0.093    0.148 0.011 0.245    0.024 0.062 0.041   -982635    0 
51500:    1.00    0.074    0.149 0.011 0.250    0.024 0.063 0.042   -982443    0 
51600:    1.00    0.079    0.151 0.011 0.250    0.024 0.063 0.042   -982481    0 
51700:    1.00    0.070    0.152 0.011 0.252    0.024 0.063 0.042   -981893    0 
51800:    1.00    0.079    0.150 0.011 0.253    0.024 0.063 0.042   -981585    0 
51900:    1.00    0.060    0.148 0.011 0.256    0.024 0.063 0.042   -981990    0 

--------------------------------------------
Proportion of membership of each pre-defined
 population in each of the 3 clusters

Given    Inferred Clusters       Number of
 Pop       1      2      3      Individuals

  1:     0.215  0.678  0.106       23
--------------------------------------------

 Rep#:   Lambda   Alpha      F1    F2    F3     D1,2  D1,3  D2,3    Ln Like  Est Ln P(D)
52000:    1.00    0.098    0.148 0.011 0.258    0.024 0.063 0.043   -982281    0 
52100:    1.00    0.109    0.147 0.011 0.257    0.024 0.064 0.043   -982386    0 
52200:    1.00    0.147    0.145 0.011 0.253    0.023 0.063 0.043   -981591    0 
52300:    1.00    0.066    0.143 0.011 0.253    0.023 0.062 0.042   -982478    0 
52400:    1.00    0.095    0.143 0.011 0.254    0.023 0.062 0.043   -981912    0 
52500:    1.00    0.102    0.144 0.011 0.255    0.023 0.063 0.043   -981873    0 
52600:    1.00    0.070    0.144 0.011 0.256    0.023 0.062 0.043   -982316    0 
52700:    1.00    0.085    0.147 0.011 0.252    0.023 0.063 0.042   -982286    0 
52800:    1.00    0.058    0.147 0.011 0.252    0.023 0.062 0.042   -982412    0 
52900:    1.00    0.065    0.148 0.011 0.250    0.023 0.063 0.042   -982571    0 

--------------------------------------------
Proportion of membership of each pre-defined
 population in each of the 3 clusters

Given    Inferred Clusters       Number of
 Pop       1      2      3      Individuals

  1:     0.218  0.674  0.107       23
--------------------------------------------

 Rep#:   Lambda   Alpha      F1    F2    F3     D1,2  D1,3  D2,3    Ln Like  Est Ln P(D)
53000:    1.00    0.061    0.148 0.011 0.250    0.024 0.062 0.042   -981817    0 
53100:    1.00    0.066    0.148 0.011 0.251    0.024 0.062 0.042   -982214    0 
53200:    1.00    0.057    0.146 0.011 0.248    0.023 0.061 0.041   -982076    0 
53300:    1.00    0.088    0.145 0.011 0.250    0.023 0.062 0.042   -981894    0 
53400:    1.00    0.066    0.144 0.011 0.251    0.023 0.063 0.043   -982061    0 
53500:    1.00    0.080    0.146 0.011 0.249    0.023 0.062 0.041   -982416    0 
53600:    1.00    0.115    0.145 0.011 0.249    0.023 0.062 0.041   -982328    0 
53700:    1.00    0.090    0.145 0.011 0.249    0.023 0.061 0.042   -981595    0 
53800:    1.00    0.119    0.146 0.011 0.251    0.023 0.062 0.042   -981990    0 
53900:    1.00    0.092    0.146 0.011 0.252    0.023 0.062 0.042   -982181    0 

--------------------------------------------
Proportion of membership of each pre-defined
 population in each of the 3 clusters

Given    Inferred Clusters       Number of
 Pop       1      2      3      Individuals

  1:     0.218  0.676  0.106       23
--------------------------------------------

 Rep#:   Lambda   Alpha      F1    F2    F3     D1,2  D1,3  D2,3    Ln Like  Est Ln P(D)
54000:    1.00    0.095    0.145 0.011 0.251    0.023 0.063 0.043   -982130    0 
54100:    1.00    0.114    0.144 0.011 0.255    0.023 0.063 0.043   -982045    0 
54200:    1.00    0.088    0.144 0.011 0.251    0.023 0.063 0.042   -982328    0 
54300:    1.00    0.074    0.144 0.011 0.256    0.023 0.063 0.043   -982193    0 
54400:    1.00    0.076    0.141 0.011 0.260    0.023 0.064 0.044   -982180    0 
54500:    1.00    0.070    0.143 0.011 0.260    0.023 0.063 0.044   -982050    0 
54600:    1.00    0.074    0.144 0.011 0.255    0.023 0.063 0.043   -982054    0 
54700:    1.00    0.063    0.144 0.011 0.257    0.024 0.063 0.043   -982057    0 
54800:    1.00    0.066    0.145 0.011 0.257    0.023 0.064 0.043   -981903    0 
54900:    1.00    0.164    0.144 0.011 0.253    0.023 0.063 0.042   -982148    0 

--------------------------------------------
Proportion of membership of each pre-defined
 population in each of the 3 clusters

Given    Inferred Clusters       Number of
 Pop       1      2      3      Individuals

  1:     0.221  0.673  0.106       23
--------------------------------------------

 Rep#:   Lambda   Alpha      F1    F2    F3     D1,2  D1,3  D2,3    Ln Like  Est Ln P(D)
55000:    1.00    0.059    0.144 0.011 0.256    0.023 0.063 0.042   -982224    0 
55100:    1.00    0.053    0.143 0.011 0.254    0.023 0.062 0.043   -982725    0 
55200:    1.00    0.075    0.143 0.011 0.252    0.023 0.062 0.042   -982214    0 
55300:    1.00    0.088    0.144 0.011 0.254    0.023 0.062 0.042   -982109    0 
55400:    1.00    0.088    0.143 0.011 0.254    0.023 0.062 0.043   -981917    0 
55500:    1.00    0.049    0.144 0.011 0.257    0.023 0.063 0.043   -982354    0 
55600:    1.00    0.057    0.144 0.011 0.257    0.023 0.063 0.043   -981696    0 
55700:    1.00    0.096    0.144 0.011 0.259    0.023 0.063 0.044   -982289    0 
55800:    1.00    0.064    0.140 0.011 0.256    0.023 0.062 0.043   -981999    0 
55900:    1.00    0.074    0.141 0.011 0.257    0.023 0.062 0.043   -981838    0 

--------------------------------------------
Proportion of membership of each pre-defined
 population in each of the 3 clusters

Given    Inferred Clusters       Number of
 Pop       1      2      3      Individuals

  1:     0.225  0.668  0.107       23
--------------------------------------------

 Rep#:   Lambda   Alpha      F1    F2    F3     D1,2  D1,3  D2,3    Ln Like  Est Ln P(D)
56000:    1.00    0.074    0.140 0.011 0.257    0.022 0.062 0.043   -981825    0 
56100:    1.00    0.094    0.140 0.011 0.257    0.022 0.062 0.043   -982280    0 
56200:    1.00    0.069    0.141 0.011 0.255    0.023 0.062 0.043   -982304    0 
56300:    1.00    0.056    0.142 0.011 0.246    0.023 0.061 0.042   -982437    0 
56400:    1.00    0.074    0.142 0.011 0.248    0.023 0.062 0.042   -982288    0 
56500:    1.00    0.071    0.142 0.011 0.247    0.023 0.061 0.041   -982212    0 
56600:    1.00    0.070    0.142 0.011 0.247    0.023 0.061 0.041   -982856    0 
56700:    1.00    0.073    0.144 0.011 0.251    0.023 0.062 0.042   -981717    0 
56800:    1.00    0.080    0.145 0.011 0.251    0.023 0.063 0.043   -982021    0 
56900:    1.00    0.058    0.144 0.011 0.251    0.023 0.062 0.042   -982082    0 

--------------------------------------------
Proportion of membership of each pre-defined
 population in each of the 3 clusters

Given    Inferred Clusters       Number of
 Pop       1      2      3      Individuals

  1:     0.223  0.670  0.108       23
--------------------------------------------

 Rep#:   Lambda   Alpha      F1    F2    F3     D1,2  D1,3  D2,3    Ln Like  Est Ln P(D)
57000:    1.00    0.060    0.144 0.011 0.252    0.023 0.062 0.042   -981871    0 
57100:    1.00    0.069    0.144 0.011 0.252    0.023 0.062 0.042   -982244    0 
57200:    1.00    0.101    0.144 0.011 0.252    0.023 0.062 0.042   -982562    0 
57300:    1.00    0.068    0.144 0.011 0.252    0.023 0.062 0.042   -981828    0 
57400:    1.00    0.080    0.144 0.011 0.250    0.023 0.062 0.042   -982357    0 
57500:    1.00    0.063    0.144 0.011 0.249    0.023 0.062 0.042   -982008    0 
57600:    1.00    0.067    0.142 0.011 0.248    0.023 0.061 0.042   -982456    0 
57700:    1.00    0.101    0.145 0.011 0.251    0.023 0.061 0.042   -982078    0 
57800:    1.00    0.088    0.146 0.011 0.250    0.023 0.062 0.042   -982253    0 
57900:    1.00    0.091    0.146 0.011 0.254    0.023 0.062 0.042   -982203    0 

--------------------------------------------
Proportion of membership of each pre-defined
 population in each of the 3 clusters

Given    Inferred Clusters       Number of
 Pop       1      2      3      Individuals

  1:     0.220  0.673  0.107       23
--------------------------------------------

 Rep#:   Lambda   Alpha      F1    F2    F3     D1,2  D1,3  D2,3    Ln Like  Est Ln P(D)
58000:    1.00    0.061    0.147 0.011 0.254    0.023 0.063 0.043   -982446    0 
58100:    1.00    0.046    0.145 0.011 0.254    0.023 0.064 0.043   -982016    0 
58200:    1.00    0.095    0.145 0.011 0.253    0.023 0.063 0.042   -982039    0 
58300:    1.00    0.051    0.146 0.011 0.253    0.023 0.063 0.042   -982281    0 
58400:    1.00    0.062    0.146 0.011 0.254    0.023 0.063 0.043   -981866    0 
58500:    1.00    0.072    0.143 0.011 0.254    0.023 0.063 0.043   -982202    0 
58600:    1.00    0.049    0.143 0.011 0.253    0.023 0.062 0.042   -981929    0 
58700:    1.00    0.066    0.145 0.011 0.252    0.023 0.063 0.043   -981814    0 
58800:    1.00    0.057    0.146 0.011 0.254    0.024 0.063 0.043   -982368    0 
58900:    1.00    0.099    0.145 0.011 0.257    0.023 0.064 0.043   -982128    0 

--------------------------------------------
Proportion of membership of each pre-defined
 population in each of the 3 clusters

Given    Inferred Clusters       Number of
 Pop       1      2      3      Individuals

  1:     0.220  0.675  0.106       23
--------------------------------------------

 Rep#:   Lambda   Alpha      F1    F2    F3     D1,2  D1,3  D2,3    Ln Like  Est Ln P(D)
59000:    1.00    0.110    0.145 0.011 0.255    0.023 0.063 0.043   -982179    0 
59100:    1.00    0.056    0.144 0.011 0.255    0.023 0.063 0.043   -981783    0 
59200:    1.00    0.083    0.144 0.011 0.259    0.023 0.064 0.044   -981798    0 
59300:    1.00    0.083    0.144 0.011 0.257    0.023 0.063 0.043   -982039    0 
59400:    1.00    0.057    0.142 0.011 0.253    0.023 0.062 0.042   -981996    0 
59500:    1.00    0.057    0.142 0.011 0.251    0.023 0.062 0.042   -981950    0 
59600:    1.00    0.122    0.142 0.011 0.248    0.023 0.061 0.041   -982457    0 
59700:    1.00    0.099    0.144 0.011 0.248    0.023 0.062 0.042   -982128    0 
59800:    1.00    0.083    0.146 0.011 0.248    0.023 0.062 0.041   -981958    0 
59900:    1.00    0.101    0.146 0.011 0.248    0.023 0.062 0.042   -981515    0 
60000:    1.00    0.136    0.146 0.011 0.244    0.023 0.061 0.041   -982014    0 

MCMC completed

Inferred ancestry of individuals:
        Label (%Miss) Pop:  Inferred clusters
  1 18160D-09-0    (2)    1 :  0.071 0.929 0.000 
  2 18160D-09-0    (4)    1 :  0.084 0.916 0.000 
  3 18160D-09-0    (2)    1 :  0.714 0.286 0.000 
  4 18160D-09-0    (5)    1 :  1.000 0.000 0.000 
  5 18160D-09-0    (4)    1 :  0.873 0.127 0.000 
  6 18160D-09-0    (4)    1 :  0.914 0.086 0.000 
  7 18160D-09-0    (2)    1 :  0.989 0.011 0.000 
  8 18160D-09-0    (4)    1 :  0.051 0.949 0.000 
  9 18160D-09-0    (2)    1 :  0.000 0.839 0.161 
 10 18160D-09-1    (2)    1 :  0.000 0.000 1.000 
 11 18160D-09-1    (2)    1 :  0.000 0.703 0.297 
 12 18160D-09-1    (2)    1 :  0.000 0.829 0.171 
 13 18160D-09-1    (5)    1 :  0.092 0.908 0.000 
 14 18160D-09-1   (18)    1 :  0.089 0.911 0.000 
 15 18160D-09-1    (4)    1 :  0.002 0.998 0.000 
 16 18160D-09-1    (2)    1 :  0.029 0.121 0.850 
 17 18160D-09-1    (2)    1 :  0.063 0.937 0.000 
 18 18160D-09-1    (2)    1 :  0.000 1.000 0.000 
 19 18160D-09-1    (2)    1 :  0.011 0.989 0.000 
 20 18160D-09-2    (5)    1 :  0.001 0.999 0.000 
 21 18160D-09-2    (5)    1 :  0.071 0.929 0.000 
 22 18160D-09-2    (5)    1 :  0.000 1.000 0.000 
 23 18160D-09-2    (2)    1 :  0.010 0.990 0.000 

Command line arguments:   structure -D 688901 -K 3 -m mainparams -o k3/populations_k3_run6 
Input File:    populations.str
Output File:   k3/populations_k3_run6_f

Run parameters:
   23 individuals
   50160 loci
   3 populations assumed
   10000 Burn-in period
   50000 Reps
RANDOMIZE turned off

--------------------------------------------
Estimated Ln Prob of Data   = -1021463.6
Mean value of ln likelihood = -982102.3
Variance of ln likelihood   = 78722.7
Mean value of alpha         = 0.0785

Mean value of Fst_1         = 0.1446
Mean value of Fst_2         = 0.0120
Mean value of Fst_3         = 0.2498


--------------------------------------------
Proportion of membership of each pre-defined
 population in each of the 3 clusters

Given    Inferred Clusters       Number of
 Pop       1      2      3      Individuals

  1:     0.220  0.672  0.108       23
--------------------------------------------
Final results printed to file k3/populations_k3_run6_f

