

----------------------------------------------------
STRUCTURE by Pritchard, Stephens and Donnelly (2000)
     and Falush, Stephens and Pritchard (2003)
       Code by Pritchard, Falush and Hubisz
             Version 2.3.4 (Jul 2012)
----------------------------------------------------


Reading file "mainparams".
datafile is
populations.str
Reading file "extraparams".
Reading file "populations.str".


Data file "populations.str" (truncated) --

Ind:   Label Pop : Genotype_data . . . .
  1: 18160D-09-0    1  :  4   1   3   1   4   1   3  . . . .   2
  1: 18160D-09-0    1  :  4   1   3   1   4   4   4  . . . .   4
  2: 18160D-09-0    1  :  4   1   3   1   4   1   3  . . . .   2
  2: 18160D-09-0    1  :  4   1   3   1   4   4   3  . . . .   4
  3: 18160D-09-0    1  :  4   1   0   0   0   0   3  . . . .   2
  3: 18160D-09-0    1  :  4   3   0   0   0   0   3  . . . .   4
  4: 18160D-09-0    1  :  4   1   3   1   4   1   3  . . . .   2
  4: 18160D-09-0    1  :  4   3   3   1   4   1   3  . . . .   4

      *******   

 22: 18160D-09-2    1  :  4   1   3   1   4   1   3  . . . .   2
 22: 18160D-09-2    1  :  4   3   3   1   4   1   4  . . . .   4
 23: 18160D-09-2    1  :  4   1   3   1   4   1   3  . . . .   2
 23: 18160D-09-2    1  :  4   1   3   1   4   4   4  . . . .   4

Number of alleles per locus: min= 2; ave=2.0; max= 2


--------------------------------------

Finished initialization; starting MCMC 
50000 iterations + 10000 burnin


--------------------------------------------
Proportion of membership of each pre-defined
 population in each of the 3 clusters

Given    Inferred Clusters       Number of
 Pop       1      2      3      Individuals

  1:     0.340  0.325  0.335       23
--------------------------------------------

 Rep#:   Lambda   Alpha      F1    F2    F3     D1,2  D1,3  D2,3    Ln Like 
  100:    1.00    1.367    0.010 0.010 0.010    0.003 0.003 0.003   --  
  200:    1.00    1.794    0.010 0.010 0.010    0.003 0.003 0.003   --  
  300:    1.00    2.277    0.010 0.010 0.010    0.003 0.003 0.003   --  
  400:    1.00    2.260    0.010 0.010 0.010    0.003 0.003 0.003   --  
  500:    1.00    2.365    0.010 0.010 0.010    0.003 0.003 0.003   --  
  600:    1.00    2.416    0.010 0.010 0.010    0.003 0.003 0.003   --  
  700:    1.00    2.495    0.010 0.010 0.010    0.003 0.003 0.003   --  
  800:    1.00    2.363    0.010 0.010 0.010    0.003 0.003 0.003   --  
  900:    1.00    2.087    0.010 0.010 0.010    0.003 0.003 0.003   --  

--------------------------------------------
Proportion of membership of each pre-defined
 population in each of the 3 clusters

Given    Inferred Clusters       Number of
 Pop       1      2      3      Individuals

  1:     0.475  0.251  0.274       23
--------------------------------------------

 Rep#:   Lambda   Alpha      F1    F2    F3     D1,2  D1,3  D2,3    Ln Like 
 1000:    1.00    1.518    0.010 0.010 0.010    0.003 0.003 0.003   --  
 1100:    1.00    1.318    0.010 0.010 0.010    0.003 0.003 0.003   --  
 1200:    1.00    0.976    0.011 0.010 0.010    0.003 0.003 0.003   --  
 1300:    1.00    0.495    0.011 0.010 0.010    0.003 0.003 0.003   --  
 1400:    1.00    0.304    0.011 0.010 0.011    0.003 0.004 0.003   --  
 1500:    1.00    0.064    0.012 0.010 0.011    0.003 0.004 0.003   --  
 1600:    1.00    0.039    0.012 0.010 0.012    0.003 0.004 0.004   --  
 1700:    1.00    0.013    0.012 0.010 0.014    0.003 0.004 0.004   --  
 1800:    1.00    0.021    0.012 0.010 0.014    0.003 0.004 0.004   --  
 1900:    1.00    0.026    0.012 0.011 0.015    0.004 0.004 0.004   --  

--------------------------------------------
Proportion of membership of each pre-defined
 population in each of the 3 clusters

Given    Inferred Clusters       Number of
 Pop       1      2      3      Individuals

  1:     0.565  0.217  0.218       23
--------------------------------------------

 Rep#:   Lambda   Alpha      F1    F2    F3     D1,2  D1,3  D2,3    Ln Like 
 2000:    1.00    0.020    0.012 0.011 0.016    0.004 0.005 0.004   --  
 2100:    1.00    0.018    0.012 0.011 0.018    0.004 0.005 0.005   --  
 2200:    1.00    0.018    0.012 0.012 0.020    0.004 0.005 0.005   --  
 2300:    1.00    0.026    0.012 0.012 0.022    0.004 0.006 0.006   --  
 2400:    1.00    0.033    0.012 0.012 0.028    0.004 0.006 0.007   --  
 2500:    1.00    0.015    0.012 0.012 0.031    0.004 0.007 0.007   --  
 2600:    1.00    0.021    0.012 0.012 0.044    0.004 0.009 0.009   --  
 2700:    1.00    0.026    0.012 0.012 0.065    0.004 0.012 0.013   --  
 2800:    1.00    0.015    0.013 0.012 0.093    0.004 0.016 0.016   --  
 2900:    1.00    0.029    0.013 0.012 0.101    0.004 0.017 0.017   --  

--------------------------------------------
Proportion of membership of each pre-defined
 population in each of the 3 clusters

Given    Inferred Clusters       Number of
 Pop       1      2      3      Individuals

  1:     0.564  0.217  0.219       23
--------------------------------------------

 Rep#:   Lambda   Alpha      F1    F2    F3     D1,2  D1,3  D2,3    Ln Like 
 3000:    1.00    0.028    0.013 0.013 0.107    0.004 0.018 0.018   --  
 3100:    1.00    0.036    0.013 0.013 0.110    0.004 0.018 0.019   --  
 3200:    1.00    0.025    0.013 0.013 0.112    0.004 0.019 0.019   --  
 3300:    1.00    0.032    0.013 0.013 0.115    0.004 0.019 0.020   --  
 3400:    1.00    0.031    0.013 0.014 0.119    0.004 0.020 0.020   --  
 3500:    1.00    0.039    0.013 0.014 0.119    0.004 0.020 0.021   --  
 3600:    1.00    0.028    0.013 0.014 0.124    0.004 0.021 0.021   --  
 3700:    1.00    0.054    0.013 0.014 0.127    0.004 0.021 0.022   --  
 3800:    1.00    0.062    0.013 0.014 0.128    0.004 0.021 0.022   --  
 3900:    1.00    0.043    0.013 0.014 0.128    0.004 0.021 0.022   --  

--------------------------------------------
Proportion of membership of each pre-defined
 population in each of the 3 clusters

Given    Inferred Clusters       Number of
 Pop       1      2      3      Individuals

  1:     0.560  0.217  0.222       23
--------------------------------------------

 Rep#:   Lambda   Alpha      F1    F2    F3     D1,2  D1,3  D2,3    Ln Like 
 4000:    1.00    0.041    0.013 0.014 0.129    0.004 0.021 0.022   --  
 4100:    1.00    0.040    0.013 0.014 0.129    0.004 0.021 0.022   --  
 4200:    1.00    0.041    0.013 0.014 0.132    0.004 0.022 0.022   --  
 4300:    1.00    0.044    0.013 0.015 0.136    0.005 0.023 0.023   --  
 4400:    1.00    0.055    0.013 0.015 0.137    0.005 0.022 0.023   --  
 4500:    1.00    0.056    0.013 0.015 0.139    0.005 0.023 0.024   --  
 4600:    1.00    0.048    0.014 0.016 0.139    0.005 0.023 0.024   --  
 4700:    1.00    0.036    0.014 0.016 0.140    0.005 0.023 0.024   --  
 4800:    1.00    0.054    0.014 0.016 0.141    0.005 0.023 0.024   --  
 4900:    1.00    0.067    0.014 0.017 0.141    0.005 0.023 0.024   --  

--------------------------------------------
Proportion of membership of each pre-defined
 population in each of the 3 clusters

Given    Inferred Clusters       Number of
 Pop       1      2      3      Individuals

  1:     0.562  0.217  0.221       23
--------------------------------------------

 Rep#:   Lambda   Alpha      F1    F2    F3     D1,2  D1,3  D2,3    Ln Like 
 5000:    1.00    0.041    0.014 0.017 0.144    0.005 0.024 0.025   --  
 5100:    1.00    0.058    0.014 0.018 0.146    0.005 0.024 0.025   --  
 5200:    1.00    0.061    0.014 0.020 0.145    0.006 0.024 0.026   --  
 5300:    1.00    0.043    0.014 0.021 0.144    0.006 0.024 0.025   --  
 5400:    1.00    0.076    0.014 0.022 0.144    0.006 0.023 0.025   --  
 5500:    1.00    0.027    0.014 0.023 0.145    0.006 0.024 0.026   --  
 5600:    1.00    0.032    0.014 0.023 0.146    0.006 0.024 0.026   --  
 5700:    1.00    0.058    0.014 0.024 0.147    0.006 0.024 0.026   --  
 5800:    1.00    0.053    0.014 0.024 0.148    0.006 0.024 0.027   --  
 5900:    1.00    0.057    0.014 0.025 0.148    0.006 0.024 0.027   --  

--------------------------------------------
Proportion of membership of each pre-defined
 population in each of the 3 clusters

Given    Inferred Clusters       Number of
 Pop       1      2      3      Individuals

  1:     0.565  0.218  0.218       23
--------------------------------------------

 Rep#:   Lambda   Alpha      F1    F2    F3     D1,2  D1,3  D2,3    Ln Like 
 6000:    1.00    0.092    0.015 0.026 0.147    0.006 0.024 0.027   --  
 6100:    1.00    0.079    0.015 0.026 0.146    0.006 0.024 0.026   --  
 6200:    1.00    0.060    0.015 0.026 0.146    0.007 0.024 0.026   --  
 6300:    1.00    0.064    0.016 0.028 0.146    0.007 0.024 0.027   --  
 6400:    1.00    0.059    0.016 0.031 0.146    0.008 0.024 0.027   --  
 6500:    1.00    0.062    0.016 0.034 0.147    0.008 0.024 0.028   --  
 6600:    1.00    0.045    0.016 0.035 0.147    0.008 0.024 0.028   --  
 6700:    1.00    0.054    0.016 0.037 0.147    0.009 0.024 0.029   --  
 6800:    1.00    0.082    0.016 0.039 0.147    0.009 0.024 0.029   --  
 6900:    1.00    0.062    0.016 0.039 0.148    0.009 0.024 0.029   --  

--------------------------------------------
Proportion of membership of each pre-defined
 population in each of the 3 clusters

Given    Inferred Clusters       Number of
 Pop       1      2      3      Individuals

  1:     0.573  0.217  0.210       23
--------------------------------------------

 Rep#:   Lambda   Alpha      F1    F2    F3     D1,2  D1,3  D2,3    Ln Like 
 7000:    1.00    0.088    0.016 0.040 0.148    0.009 0.024 0.029   --  
 7100:    1.00    0.099    0.016 0.042 0.149    0.009 0.025 0.030   --  
 7200:    1.00    0.079    0.016 0.044 0.151    0.009 0.025 0.030   --  
 7300:    1.00    0.057    0.016 0.047 0.149    0.010 0.024 0.030   --  
 7400:    1.00    0.059    0.016 0.048 0.151    0.010 0.025 0.031   --  
 7500:    1.00    0.068    0.016 0.053 0.151    0.011 0.025 0.031   --  
 7600:    1.00    0.073    0.016 0.055 0.151    0.011 0.025 0.032   --  
 7700:    1.00    0.067    0.016 0.058 0.149    0.012 0.025 0.032   --  
 7800:    1.00    0.096    0.016 0.065 0.150    0.013 0.025 0.034   --  
 7900:    1.00    0.059    0.016 0.068 0.150    0.014 0.025 0.034   --  

--------------------------------------------
Proportion of membership of each pre-defined
 population in each of the 3 clusters

Given    Inferred Clusters       Number of
 Pop       1      2      3      Individuals

  1:     0.608  0.176  0.216       23
--------------------------------------------

 Rep#:   Lambda   Alpha      F1    F2    F3     D1,2  D1,3  D2,3    Ln Like 
 8000:    1.00    0.071    0.016 0.073 0.150    0.014 0.025 0.035   --  
 8100:    1.00    0.069    0.016 0.085 0.146    0.016 0.024 0.036   --  
 8200:    1.00    0.080    0.016 0.091 0.151    0.018 0.025 0.038   --  
 8300:    1.00    0.053    0.016 0.091 0.151    0.018 0.025 0.038   --  
 8400:    1.00    0.055    0.016 0.113 0.150    0.021 0.025 0.042   --  
 8500:    1.00    0.089    0.016 0.149 0.150    0.027 0.025 0.047   --  
 8600:    1.00    0.054    0.016 0.153 0.150    0.027 0.024 0.047   --  
 8700:    1.00    0.060    0.016 0.164 0.150    0.029 0.025 0.050   --  
 8800:    1.00    0.065    0.016 0.173 0.150    0.030 0.025 0.050   --  
 8900:    1.00    0.054    0.016 0.184 0.151    0.032 0.025 0.053   --  

--------------------------------------------
Proportion of membership of each pre-defined
 population in each of the 3 clusters

Given    Inferred Clusters       Number of
 Pop       1      2      3      Individuals

  1:     0.668  0.121  0.211       23
--------------------------------------------

 Rep#:   Lambda   Alpha      F1    F2    F3     D1,2  D1,3  D2,3    Ln Like 
 9000:    1.00    0.053    0.016 0.188 0.152    0.033 0.025 0.054   --  
 9100:    1.00    0.060    0.016 0.190 0.151    0.033 0.025 0.054   --  
 9200:    1.00    0.052    0.016 0.197 0.153    0.034 0.025 0.054   --  
 9300:    1.00    0.068    0.016 0.200 0.153    0.035 0.025 0.055   --  
 9400:    1.00    0.110    0.016 0.203 0.152    0.035 0.025 0.056   --  
 9500:    1.00    0.105    0.016 0.203 0.150    0.035 0.025 0.055   --  
 9600:    1.00    0.075    0.016 0.203 0.150    0.035 0.025 0.055   --  
 9700:    1.00    0.066    0.016 0.207 0.151    0.036 0.025 0.057   --  
 9800:    1.00    0.061    0.016 0.220 0.149    0.037 0.024 0.058   --  
 9900:    1.00    0.054    0.016 0.221 0.148    0.038 0.024 0.058   --  
10000:    1.00    0.084    0.016 0.220 0.147    0.038 0.024 0.058   --  

BURNIN completed
 Rep#:   Lambda   Alpha      F1    F2    F3     D1,2  D1,3  D2,3    Ln Like  Est Ln P(D)
10100:    1.00    0.090    0.016 0.224 0.148    0.038 0.024 0.058   -982483    0 
10200:    1.00    0.102    0.016 0.226 0.150    0.039 0.025 0.059   -982302    0 
10300:    1.00    0.110    0.016 0.226 0.151    0.039 0.025 0.059   -982464    0 
10400:    1.00    0.086    0.016 0.226 0.151    0.039 0.024 0.060   -982166    0 
10500:    1.00    0.099    0.016 0.226 0.151    0.039 0.025 0.060   -981937    0 
10600:    1.00    0.092    0.016 0.226 0.151    0.039 0.025 0.059   -982341    0 
10700:    1.00    0.075    0.016 0.225 0.148    0.039 0.024 0.059   -982263    0 
10800:    1.00    0.083    0.016 0.230 0.148    0.039 0.025 0.059   -982381    0 
10900:    1.00    0.091    0.016 0.229 0.148    0.039 0.024 0.059   -982285    0 

--------------------------------------------
Proportion of membership of each pre-defined
 population in each of the 3 clusters

Given    Inferred Clusters       Number of
 Pop       1      2      3      Individuals

  1:     0.665  0.111  0.224       23
--------------------------------------------

 Rep#:   Lambda   Alpha      F1    F2    F3     D1,2  D1,3  D2,3    Ln Like  Est Ln P(D)
11000:    1.00    0.114    0.016 0.229 0.149    0.039 0.024 0.059   -982429    0 
11100:    1.00    0.065    0.016 0.228 0.147    0.039 0.024 0.059   -981794    0 
11200:    1.00    0.079    0.015 0.228 0.142    0.039 0.024 0.059   -982349    0 
11300:    1.00    0.052    0.015 0.232 0.142    0.040 0.023 0.059   -982437    0 
11400:    1.00    0.067    0.015 0.237 0.142    0.041 0.023 0.060   -982181    0 
11500:    1.00    0.087    0.015 0.237 0.140    0.041 0.023 0.060   -982028    0 
11600:    1.00    0.055    0.015 0.239 0.140    0.041 0.023 0.059   -981716    0 
11700:    1.00    0.083    0.015 0.240 0.140    0.041 0.023 0.060   -982223    0 
11800:    1.00    0.077    0.015 0.235 0.140    0.040 0.023 0.059   -982220    0 
11900:    1.00    0.094    0.015 0.233 0.140    0.040 0.023 0.059   -981970    0 

--------------------------------------------
Proportion of membership of each pre-defined
 population in each of the 3 clusters

Given    Inferred Clusters       Number of
 Pop       1      2      3      Individuals

  1:     0.668  0.110  0.221       23
--------------------------------------------

 Rep#:   Lambda   Alpha      F1    F2    F3     D1,2  D1,3  D2,3    Ln Like  Est Ln P(D)
12000:    1.00    0.065    0.015 0.243 0.140    0.041 0.023 0.060   -981842    0 
12100:    1.00    0.059    0.015 0.247 0.140    0.042 0.023 0.061   -982227    0 
12200:    1.00    0.063    0.015 0.247 0.144    0.042 0.024 0.061   -981949    0 
12300:    1.00    0.090    0.015 0.247 0.144    0.042 0.023 0.061   -981685    0 
12400:    1.00    0.115    0.015 0.249 0.142    0.042 0.023 0.061   -982034    0 
12500:    1.00    0.063    0.015 0.247 0.144    0.042 0.024 0.061   -981812    0 
12600:    1.00    0.083    0.015 0.247 0.146    0.042 0.024 0.062   -981999    0 
12700:    1.00    0.105    0.015 0.244 0.146    0.042 0.024 0.061   -981749    0 
12800:    1.00    0.071    0.015 0.244 0.147    0.042 0.024 0.062   -981889    0 
12900:    1.00    0.079    0.015 0.248 0.145    0.042 0.024 0.062   -981980    0 

--------------------------------------------
Proportion of membership of each pre-defined
 population in each of the 3 clusters

Given    Inferred Clusters       Number of
 Pop       1      2      3      Individuals

  1:     0.672  0.108  0.220       23
--------------------------------------------

 Rep#:   Lambda   Alpha      F1    F2    F3     D1,2  D1,3  D2,3    Ln Like  Est Ln P(D)
13000:    1.00    0.097    0.015 0.247 0.148    0.042 0.024 0.062   -981932    0 
13100:    1.00    0.060    0.015 0.248 0.144    0.043 0.024 0.062   -981932    0 
13200:    1.00    0.079    0.015 0.248 0.146    0.042 0.024 0.061   -981885    0 
13300:    1.00    0.080    0.015 0.247 0.147    0.042 0.024 0.062   -982235    0 
13400:    1.00    0.110    0.015 0.247 0.146    0.043 0.024 0.063   -981943    0 
13500:    1.00    0.144    0.015 0.248 0.146    0.042 0.024 0.062   -981938    0 
13600:    1.00    0.114    0.015 0.249 0.146    0.042 0.024 0.062   -981818    0 
13700:    1.00    0.094    0.015 0.251 0.146    0.043 0.024 0.062   -981834    0 
13800:    1.00    0.063    0.015 0.249 0.143    0.042 0.024 0.061   -981959    0 
13900:    1.00    0.085    0.015 0.247 0.143    0.042 0.023 0.061   -981927    0 

--------------------------------------------
Proportion of membership of each pre-defined
 population in each of the 3 clusters

Given    Inferred Clusters       Number of
 Pop       1      2      3      Individuals

  1:     0.663  0.108  0.229       23
--------------------------------------------

 Rep#:   Lambda   Alpha      F1    F2    F3     D1,2  D1,3  D2,3    Ln Like  Est Ln P(D)
14000:    1.00    0.178    0.015 0.253 0.147    0.043 0.024 0.063   -982304    0 
14100:    1.00    0.124    0.015 0.248 0.149    0.043 0.024 0.063   -981594    0 
14200:    1.00    0.115    0.015 0.248 0.149    0.042 0.024 0.062   -982044    0 
14300:    1.00    0.106    0.015 0.248 0.149    0.042 0.025 0.062   -982070    0 
14400:    1.00    0.097    0.015 0.246 0.149    0.042 0.024 0.062   -982125    0 
14500:    1.00    0.082    0.015 0.246 0.149    0.042 0.024 0.062   -982259    0 
14600:    1.00    0.105    0.015 0.245 0.149    0.042 0.024 0.062   -981948    0 
14700:    1.00    0.085    0.015 0.245 0.149    0.041 0.024 0.061   -982065    0 
14800:    1.00    0.072    0.015 0.248 0.148    0.042 0.024 0.062   -982472    0 
14900:    1.00    0.103    0.015 0.251 0.149    0.042 0.024 0.063   -981551    0 

--------------------------------------------
Proportion of membership of each pre-defined
 population in each of the 3 clusters

Given    Inferred Clusters       Number of
 Pop       1      2      3      Individuals

  1:     0.663  0.109  0.229       23
--------------------------------------------

 Rep#:   Lambda   Alpha      F1    F2    F3     D1,2  D1,3  D2,3    Ln Like  Est Ln P(D)
15000:    1.00    0.102    0.014 0.251 0.148    0.042 0.024 0.063   -982057    0 
15100:    1.00    0.084    0.014 0.250 0.148    0.042 0.024 0.062   -981920    0 
15200:    1.00    0.088    0.014 0.252 0.145    0.042 0.024 0.062   -982370    0 
15300:    1.00    0.122    0.014 0.248 0.145    0.042 0.024 0.061   -981932    0 
15400:    1.00    0.070    0.014 0.248 0.146    0.042 0.024 0.062   -982270    0 
15500:    1.00    0.097    0.014 0.251 0.145    0.043 0.024 0.062   -981831    0 
15600:    1.00    0.076    0.014 0.253 0.144    0.043 0.023 0.063   -981953    0 
15700:    1.00    0.119    0.014 0.253 0.144    0.042 0.024 0.061   -981981    0 
15800:    1.00    0.102    0.014 0.254 0.144    0.043 0.023 0.062   -981549    0 
15900:    1.00    0.056    0.014 0.254 0.139    0.043 0.023 0.062   -982233    0 

--------------------------------------------
Proportion of membership of each pre-defined
 population in each of the 3 clusters

Given    Inferred Clusters       Number of
 Pop       1      2      3      Individuals

  1:     0.669  0.106  0.225       23
--------------------------------------------

 Rep#:   Lambda   Alpha      F1    F2    F3     D1,2  D1,3  D2,3    Ln Like  Est Ln P(D)
16000:    1.00    0.111    0.014 0.253 0.140    0.043 0.023 0.062   -982708    0 
16100:    1.00    0.070    0.014 0.254 0.140    0.043 0.023 0.062   -982131    0 
16200:    1.00    0.082    0.014 0.249 0.141    0.043 0.023 0.061   -982354    0 
16300:    1.00    0.055    0.014 0.252 0.141    0.043 0.023 0.062   -981944    0 
16400:    1.00    0.082    0.014 0.248 0.141    0.043 0.023 0.061   -982271    0 
16500:    1.00    0.076    0.014 0.251 0.143    0.043 0.023 0.062   -982299    0 
16600:    1.00    0.136    0.014 0.251 0.143    0.043 0.023 0.062   -981939    0 
16700:    1.00    0.089    0.014 0.254 0.143    0.043 0.023 0.062   -982593    0 
16800:    1.00    0.065    0.014 0.254 0.143    0.043 0.023 0.062   -982332    0 
16900:    1.00    0.091    0.014 0.259 0.142    0.044 0.023 0.064   -981759    0 

--------------------------------------------
Proportion of membership of each pre-defined
 population in each of the 3 clusters

Given    Inferred Clusters       Number of
 Pop       1      2      3      Individuals

  1:     0.674  0.107  0.219       23
--------------------------------------------

 Rep#:   Lambda   Alpha      F1    F2    F3     D1,2  D1,3  D2,3    Ln Like  Est Ln P(D)
17000:    1.00    0.112    0.014 0.259 0.144    0.043 0.023 0.063   -981443    0 
17100:    1.00    0.068    0.014 0.256 0.144    0.043 0.023 0.063   -981851    0 
17200:    1.00    0.042    0.014 0.256 0.141    0.043 0.023 0.062   -982339    0 
17300:    1.00    0.066    0.014 0.252 0.143    0.043 0.023 0.062   -981519    0 
17400:    1.00    0.088    0.014 0.257 0.142    0.043 0.023 0.063   -981771    0 
17500:    1.00    0.083    0.014 0.260 0.141    0.044 0.023 0.063   -981780    0 
17600:    1.00    0.096    0.014 0.262 0.142    0.044 0.023 0.064   -981778    0 
17700:    1.00    0.053    0.014 0.260 0.141    0.043 0.023 0.063   -981853    0 
17800:    1.00    0.085    0.014 0.260 0.143    0.044 0.023 0.064   -981302    0 
17900:    1.00    0.102    0.013 0.260 0.142    0.044 0.023 0.063   -982233    0 

--------------------------------------------
Proportion of membership of each pre-defined
 population in each of the 3 clusters

Given    Inferred Clusters       Number of
 Pop       1      2      3      Individuals

  1:     0.670  0.106  0.224       23
--------------------------------------------

 Rep#:   Lambda   Alpha      F1    F2    F3     D1,2  D1,3  D2,3    Ln Like  Est Ln P(D)
18000:    1.00    0.108    0.013 0.254 0.142    0.043 0.023 0.062   -981951    0 
18100:    1.00    0.096    0.013 0.255 0.141    0.043 0.023 0.062   -982286    0 
18200:    1.00    0.067    0.013 0.253 0.143    0.043 0.023 0.062   -982026    0 
18300:    1.00    0.053    0.013 0.253 0.143    0.043 0.023 0.062   -981990    0 
18400:    1.00    0.073    0.013 0.253 0.141    0.043 0.023 0.062   -982012    0 
18500:    1.00    0.078    0.013 0.253 0.142    0.043 0.023 0.062   -982131    0 
18600:    1.00    0.104    0.013 0.255 0.141    0.043 0.023 0.062   -981803    0 
18700:    1.00    0.032    0.013 0.256 0.141    0.043 0.023 0.062   -981761    0 
18800:    1.00    0.054    0.013 0.252 0.141    0.042 0.023 0.062   -982148    0 
18900:    1.00    0.095    0.013 0.255 0.144    0.043 0.023 0.063   -981745    0 

--------------------------------------------
Proportion of membership of each pre-defined
 population in each of the 3 clusters

Given    Inferred Clusters       Number of
 Pop       1      2      3      Individuals

  1:     0.672  0.107  0.221       23
--------------------------------------------

 Rep#:   Lambda   Alpha      F1    F2    F3     D1,2  D1,3  D2,3    Ln Like  Est Ln P(D)
19000:    1.00    0.067    0.013 0.255 0.144    0.043 0.024 0.063   -981701    0 
19100:    1.00    0.060    0.013 0.256 0.144    0.043 0.023 0.063   -981576    0 
19200:    1.00    0.059    0.013 0.257 0.145    0.043 0.024 0.063   -982119    0 
19300:    1.00    0.071    0.013 0.256 0.146    0.043 0.024 0.063   -981908    0 
19400:    1.00    0.040    0.013 0.253 0.146    0.043 0.024 0.063   -981587    0 
19500:    1.00    0.045    0.013 0.252 0.145    0.043 0.024 0.062   -981830    0 
19600:    1.00    0.103    0.013 0.253 0.145    0.043 0.023 0.063   -981700    0 
19700:    1.00    0.058    0.013 0.253 0.146    0.043 0.024 0.063   -982128    0 
19800:    1.00    0.058    0.013 0.253 0.145    0.043 0.023 0.062   -981790    0 
19900:    1.00    0.059    0.014 0.253 0.147    0.043 0.024 0.063   -981507    0 

--------------------------------------------
Proportion of membership of each pre-defined
 population in each of the 3 clusters

Given    Inferred Clusters       Number of
 Pop       1      2      3      Individuals

  1:     0.669  0.107  0.224       23
--------------------------------------------

 Rep#:   Lambda   Alpha      F1    F2    F3     D1,2  D1,3  D2,3    Ln Like  Est Ln P(D)
20000:    1.00    0.057    0.014 0.255 0.145    0.043 0.023 0.063   -981620    0 
20100:    1.00    0.072    0.014 0.253 0.145    0.043 0.024 0.063   -982236    0 
20200:    1.00    0.093    0.014 0.253 0.145    0.042 0.024 0.062   -982002    0 
20300:    1.00    0.106    0.014 0.253 0.146    0.043 0.024 0.063   -981945    0 
20400:    1.00    0.098    0.014 0.251 0.148    0.043 0.024 0.063   -981730    0 
20500:    1.00    0.107    0.014 0.251 0.147    0.042 0.024 0.062   -982059    0 
20600:    1.00    0.112    0.014 0.253 0.147    0.042 0.024 0.062   -981663    0 
20700:    1.00    0.116    0.014 0.253 0.147    0.042 0.024 0.063   -981417    0 
20800:    1.00    0.093    0.014 0.248 0.146    0.042 0.024 0.062   -981828    0 
20900:    1.00    0.056    0.014 0.250 0.147    0.042 0.024 0.062   -981759    0 

--------------------------------------------
Proportion of membership of each pre-defined
 population in each of the 3 clusters

Given    Inferred Clusters       Number of
 Pop       1      2      3      Individuals

  1:     0.672  0.108  0.220       23
--------------------------------------------

 Rep#:   Lambda   Alpha      F1    F2    F3     D1,2  D1,3  D2,3    Ln Like  Est Ln P(D)
21000:    1.00    0.072    0.014 0.250 0.148    0.042 0.024 0.063   -982296    0 
21100:    1.00    0.064    0.014 0.250 0.148    0.042 0.024 0.062   -981554    0 
21200:    1.00    0.079    0.014 0.247 0.148    0.042 0.024 0.062   -981783    0 
21300:    1.00    0.075    0.014 0.248 0.148    0.042 0.024 0.062   -981938    0 
21400:    1.00    0.102    0.014 0.248 0.145    0.042 0.024 0.062   -982339    0 
21500:    1.00    0.085    0.014 0.250 0.142    0.042 0.023 0.061   -982271    0 
21600:    1.00    0.065    0.014 0.248 0.143    0.042 0.023 0.062   -982359    0 
21700:    1.00    0.167    0.014 0.249 0.145    0.042 0.024 0.062   -982180    0 
21800:    1.00    0.078    0.014 0.249 0.145    0.042 0.024 0.062   -981754    0 
21900:    1.00    0.054    0.014 0.247 0.147    0.042 0.024 0.061   -982002    0 

--------------------------------------------
Proportion of membership of each pre-defined
 population in each of the 3 clusters

Given    Inferred Clusters       Number of
 Pop       1      2      3      Individuals

  1:     0.675  0.109  0.216       23
--------------------------------------------

 Rep#:   Lambda   Alpha      F1    F2    F3     D1,2  D1,3  D2,3    Ln Like  Est Ln P(D)
22000:    1.00    0.056    0.013 0.245 0.149    0.042 0.024 0.062   -981897    0 
22100:    1.00    0.079    0.013 0.241 0.148    0.041 0.024 0.062   -982384    0 
22200:    1.00    0.061    0.013 0.241 0.149    0.041 0.024 0.061   -982494    0 
22300:    1.00    0.069    0.013 0.241 0.149    0.041 0.024 0.061   -982307    0 
22400:    1.00    0.092    0.013 0.244 0.149    0.041 0.024 0.062   -981973    0 
22500:    1.00    0.053    0.013 0.243 0.149    0.042 0.024 0.062   -982217    0 
22600:    1.00    0.088    0.013 0.247 0.150    0.042 0.024 0.062   -981689    0 
22700:    1.00    0.085    0.013 0.247 0.148    0.042 0.024 0.062   -981902    0 
22800:    1.00    0.095    0.013 0.248 0.145    0.042 0.024 0.062   -982167    0 
22900:    1.00    0.119    0.013 0.248 0.146    0.042 0.024 0.061   -981650    0 

--------------------------------------------
Proportion of membership of each pre-defined
 population in each of the 3 clusters

Given    Inferred Clusters       Number of
 Pop       1      2      3      Individuals

  1:     0.671  0.108  0.221       23
--------------------------------------------

 Rep#:   Lambda   Alpha      F1    F2    F3     D1,2  D1,3  D2,3    Ln Like  Est Ln P(D)
23000:    1.00    0.081    0.013 0.251 0.146    0.043 0.023 0.062   -981816    0 
23100:    1.00    0.067    0.013 0.251 0.146    0.043 0.024 0.063   -981816    0 
23200:    1.00    0.077    0.013 0.251 0.146    0.042 0.024 0.062   -982213    0 
23300:    1.00    0.108    0.013 0.249 0.145    0.042 0.023 0.062   -982190    0 
23400:    1.00    0.091    0.013 0.250 0.145    0.042 0.023 0.062   -981852    0 
23500:    1.00    0.066    0.013 0.251 0.143    0.043 0.023 0.062   -981584    0 
23600:    1.00    0.074    0.013 0.247 0.144    0.042 0.023 0.062   -982237    0 
23700:    1.00    0.084    0.013 0.244 0.143    0.042 0.023 0.061   -981992    0 
23800:    1.00    0.076    0.013 0.239 0.145    0.041 0.023 0.060   -982328    0 
23900:    1.00    0.077    0.013 0.242 0.144    0.040 0.024 0.060   -982116    0 

--------------------------------------------
Proportion of membership of each pre-defined
 population in each of the 3 clusters

Given    Inferred Clusters       Number of
 Pop       1      2      3      Individuals

  1:     0.671  0.109  0.220       23
--------------------------------------------

 Rep#:   Lambda   Alpha      F1    F2    F3     D1,2  D1,3  D2,3    Ln Like  Est Ln P(D)
24000:    1.00    0.064    0.013 0.244 0.142    0.041 0.023 0.061   -982359    0 
24100:    1.00    0.081    0.013 0.244 0.141    0.041 0.023 0.060   -982093    0 
24200:    1.00    0.072    0.013 0.242 0.142    0.041 0.023 0.060   -981828    0 
24300:    1.00    0.063    0.013 0.241 0.142    0.041 0.023 0.060   -981999    0 
24400:    1.00    0.127    0.013 0.241 0.142    0.040 0.023 0.060   -982423    0 
24500:    1.00    0.096    0.013 0.241 0.141    0.041 0.023 0.060   -982305    0 
24600:    1.00    0.073    0.013 0.241 0.141    0.041 0.023 0.060   -982116    0 
24700:    1.00    0.102    0.013 0.245 0.141    0.042 0.023 0.061   -982179    0 
24800:    1.00    0.127    0.013 0.246 0.141    0.041 0.023 0.060   -982144    0 
24900:    1.00    0.124    0.013 0.245 0.141    0.042 0.023 0.061   -982351    0 

--------------------------------------------
Proportion of membership of each pre-defined
 population in each of the 3 clusters

Given    Inferred Clusters       Number of
 Pop       1      2      3      Individuals

  1:     0.669  0.110  0.222       23
--------------------------------------------

 Rep#:   Lambda   Alpha      F1    F2    F3     D1,2  D1,3  D2,3    Ln Like  Est Ln P(D)
25000:    1.00    0.064    0.013 0.245 0.141    0.041 0.023 0.061   -982034    0 
25100:    1.00    0.093    0.013 0.240 0.141    0.041 0.023 0.060   -982566    0 
25200:    1.00    0.085    0.013 0.240 0.141    0.041 0.023 0.060   -982186    0 
25300:    1.00    0.092    0.013 0.242 0.141    0.041 0.023 0.060   -981906    0 
25400:    1.00    0.066    0.013 0.245 0.141    0.042 0.023 0.061   -982329    0 
25500:    1.00    0.099    0.013 0.243 0.141    0.042 0.023 0.061   -981780    0 
25600:    1.00    0.107    0.013 0.243 0.140    0.041 0.023 0.060   -982119    0 
25700:    1.00    0.050    0.013 0.247 0.141    0.042 0.023 0.061   -982572    0 
25800:    1.00    0.068    0.013 0.242 0.141    0.041 0.023 0.061   -982004    0 
25900:    1.00    0.047    0.013 0.248 0.144    0.042 0.023 0.062   -982071    0 

--------------------------------------------
Proportion of membership of each pre-defined
 population in each of the 3 clusters

Given    Inferred Clusters       Number of
 Pop       1      2      3      Individuals

  1:     0.671  0.108  0.221       23
--------------------------------------------

 Rep#:   Lambda   Alpha      F1    F2    F3     D1,2  D1,3  D2,3    Ln Like  Est Ln P(D)
26000:    1.00    0.082    0.013 0.250 0.144    0.042 0.023 0.062   -981777    0 
26100:    1.00    0.031    0.013 0.249 0.143    0.042 0.023 0.062   -982295    0 
26200:    1.00    0.100    0.013 0.250 0.146    0.042 0.024 0.062   -981648    0 
26300:    1.00    0.057    0.013 0.249 0.146    0.042 0.024 0.062   -981927    0 
26400:    1.00    0.084    0.013 0.247 0.145    0.042 0.024 0.062   -982108    0 
26500:    1.00    0.085    0.013 0.246 0.142    0.041 0.023 0.061   -982581    0 
26600:    1.00    0.079    0.013 0.245 0.141    0.041 0.023 0.061   -982484    0 
26700:    1.00    0.061    0.013 0.238 0.141    0.040 0.022 0.059   -982415    0 
26800:    1.00    0.056    0.013 0.237 0.141    0.040 0.023 0.060   -982198    0 
26900:    1.00    0.059    0.013 0.239 0.141    0.040 0.023 0.059   -982422    0 

--------------------------------------------
Proportion of membership of each pre-defined
 population in each of the 3 clusters

Given    Inferred Clusters       Number of
 Pop       1      2      3      Individuals

  1:     0.672  0.111  0.218       23
--------------------------------------------

 Rep#:   Lambda   Alpha      F1    F2    F3     D1,2  D1,3  D2,3    Ln Like  Est Ln P(D)
27000:    1.00    0.076    0.013 0.243 0.143    0.041 0.023 0.061   -981965    0 
27100:    1.00    0.099    0.013 0.244 0.143    0.042 0.023 0.061   -981614    0 
27200:    1.00    0.059    0.013 0.243 0.142    0.042 0.023 0.061   -982022    0 
27300:    1.00    0.062    0.013 0.244 0.142    0.041 0.023 0.061   -982269    0 
27400:    1.00    0.055    0.013 0.243 0.142    0.041 0.023 0.061   -982254    0 
27500:    1.00    0.058    0.013 0.247 0.141    0.042 0.023 0.061   -982309    0 
27600:    1.00    0.098    0.013 0.246 0.140    0.041 0.023 0.061   -981959    0 
27700:    1.00    0.061    0.013 0.251 0.141    0.042 0.023 0.062   -981643    0 
27800:    1.00    0.072    0.013 0.249 0.139    0.042 0.022 0.061   -982272    0 
27900:    1.00    0.064    0.013 0.252 0.138    0.043 0.022 0.062   -982031    0 

--------------------------------------------
Proportion of membership of each pre-defined
 population in each of the 3 clusters

Given    Inferred Clusters       Number of
 Pop       1      2      3      Individuals

  1:     0.670  0.108  0.222       23
--------------------------------------------

 Rep#:   Lambda   Alpha      F1    F2    F3     D1,2  D1,3  D2,3    Ln Like  Est Ln P(D)
28000:    1.00    0.081    0.013 0.256 0.138    0.043 0.023 0.062   -982039    0 
28100:    1.00    0.066    0.013 0.255 0.138    0.043 0.022 0.062   -982195    0 
28200:    1.00    0.092    0.013 0.253 0.139    0.043 0.023 0.063   -982219    0 
28300:    1.00    0.074    0.013 0.252 0.139    0.043 0.022 0.063   -981944    0 
28400:    1.00    0.071    0.013 0.249 0.140    0.042 0.023 0.062   -982169    0 
28500:    1.00    0.065    0.013 0.250 0.140    0.042 0.023 0.061   -981947    0 
28600:    1.00    0.096    0.013 0.255 0.141    0.043 0.023 0.062   -981813    0 
28700:    1.00    0.077    0.013 0.255 0.140    0.043 0.023 0.063   -982164    0 
28800:    1.00    0.072    0.013 0.254 0.139    0.043 0.023 0.062   -982130    0 
28900:    1.00    0.051    0.013 0.250 0.143    0.042 0.023 0.062   -982517    0 

--------------------------------------------
Proportion of membership of each pre-defined
 population in each of the 3 clusters

Given    Inferred Clusters       Number of
 Pop       1      2      3      Individuals

  1:     0.668  0.109  0.223       23
--------------------------------------------

 Rep#:   Lambda   Alpha      F1    F2    F3     D1,2  D1,3  D2,3    Ln Like  Est Ln P(D)
29000:    1.00    0.049    0.013 0.250 0.142    0.043 0.023 0.063   -982504    0 
29100:    1.00    0.088    0.013 0.253 0.142    0.043 0.023 0.062   -981855    0 
29200:    1.00    0.079    0.013 0.254 0.143    0.043 0.023 0.063   -981734    0 
29300:    1.00    0.094    0.013 0.256 0.145    0.043 0.024 0.063   -981389    0 
29400:    1.00    0.097    0.013 0.255 0.146    0.043 0.023 0.063   -981579    0 
29500:    1.00    0.085    0.013 0.256 0.146    0.043 0.024 0.064   -981563    0 
29600:    1.00    0.068    0.013 0.254 0.146    0.042 0.023 0.062   -981762    0 
29700:    1.00    0.059    0.013 0.254 0.143    0.043 0.023 0.063   -981850    0 
29800:    1.00    0.076    0.013 0.251 0.143    0.042 0.023 0.061   -981582    0 
29900:    1.00    0.062    0.013 0.250 0.143    0.043 0.023 0.062   -982012    0 

--------------------------------------------
Proportion of membership of each pre-defined
 population in each of the 3 clusters

Given    Inferred Clusters       Number of
 Pop       1      2      3      Individuals

  1:     0.672  0.108  0.220       23
--------------------------------------------

 Rep#:   Lambda   Alpha      F1    F2    F3     D1,2  D1,3  D2,3    Ln Like  Est Ln P(D)
30000:    1.00    0.095    0.013 0.252 0.143    0.042 0.023 0.062   -981454    0 
30100:    1.00    0.095    0.013 0.252 0.143    0.042 0.023 0.062   -981726    0 
30200:    1.00    0.050    0.013 0.248 0.142    0.042 0.023 0.061   -981961    0 
30300:    1.00    0.073    0.013 0.248 0.142    0.042 0.023 0.062   -981920    0 
30400:    1.00    0.052    0.013 0.249 0.144    0.042 0.023 0.062   -982057    0 
30500:    1.00    0.057    0.013 0.253 0.143    0.042 0.023 0.062   -982084    0 
30600:    1.00    0.063    0.013 0.254 0.142    0.043 0.023 0.062   -981948    0 
30700:    1.00    0.083    0.013 0.254 0.142    0.043 0.023 0.063   -981907    0 
30800:    1.00    0.112    0.013 0.256 0.143    0.043 0.023 0.063   -981000    0 
30900:    1.00    0.074    0.013 0.255 0.143    0.043 0.023 0.062   -981987    0 

--------------------------------------------
Proportion of membership of each pre-defined
 population in each of the 3 clusters

Given    Inferred Clusters       Number of
 Pop       1      2      3      Individuals

  1:     0.672  0.108  0.220       23
--------------------------------------------

 Rep#:   Lambda   Alpha      F1    F2    F3     D1,2  D1,3  D2,3    Ln Like  Est Ln P(D)
31000:    1.00    0.076    0.013 0.253 0.143    0.043 0.023 0.062   -981771    0 
31100:    1.00    0.076    0.012 0.254 0.143    0.042 0.023 0.061   -981829    0 
31200:    1.00    0.074    0.012 0.254 0.147    0.043 0.024 0.063   -982196    0 
31300:    1.00    0.059    0.012 0.256 0.147    0.043 0.024 0.064   -981911    0 
31400:    1.00    0.076    0.012 0.256 0.146    0.042 0.024 0.062   -982039    0 
31500:    1.00    0.061    0.012 0.256 0.147    0.043 0.024 0.063   -981908    0 
31600:    1.00    0.073    0.012 0.254 0.146    0.043 0.023 0.063   -982160    0 
31700:    1.00    0.073    0.012 0.256 0.147    0.043 0.024 0.064   -981647    0 
31800:    1.00    0.077    0.012 0.256 0.147    0.043 0.024 0.063   -981653    0 
31900:    1.00    0.072    0.012 0.254 0.146    0.043 0.024 0.064   -982053    0 

--------------------------------------------
Proportion of membership of each pre-defined
 population in each of the 3 clusters

Given    Inferred Clusters       Number of
 Pop       1      2      3      Individuals

  1:     0.676  0.107  0.217       23
--------------------------------------------

 Rep#:   Lambda   Alpha      F1    F2    F3     D1,2  D1,3  D2,3    Ln Like  Est Ln P(D)
32000:    1.00    0.086    0.012 0.254 0.147    0.043 0.024 0.063   -982000    0 
32100:    1.00    0.059    0.012 0.254 0.147    0.043 0.024 0.063   -982301    0 
32200:    1.00    0.048    0.012 0.256 0.146    0.043 0.024 0.063   -982076    0 
32300:    1.00    0.037    0.012 0.255 0.143    0.042 0.023 0.062   -981847    0 
32400:    1.00    0.087    0.012 0.255 0.145    0.043 0.023 0.063   -981938    0 
32500:    1.00    0.077    0.012 0.255 0.146    0.044 0.024 0.064   -981852    0 
32600:    1.00    0.065    0.012 0.261 0.146    0.043 0.024 0.063   -982231    0 
32700:    1.00    0.079    0.012 0.261 0.145    0.044 0.023 0.064   -981652    0 
32800:    1.00    0.086    0.012 0.250 0.145    0.042 0.023 0.062   -982087    0 
32900:    1.00    0.101    0.012 0.249 0.147    0.042 0.024 0.062   -982202    0 

--------------------------------------------
Proportion of membership of each pre-defined
 population in each of the 3 clusters

Given    Inferred Clusters       Number of
 Pop       1      2      3      Individuals

  1:     0.672  0.112  0.217       23
--------------------------------------------

 Rep#:   Lambda   Alpha      F1    F2    F3     D1,2  D1,3  D2,3    Ln Like  Est Ln P(D)
33000:    1.00    0.055    0.012 0.248 0.147    0.042 0.024 0.062   -982272    0 
33100:    1.00    0.086    0.012 0.248 0.149    0.042 0.024 0.062   -982120    0 
33200:    1.00    0.112    0.012 0.250 0.148    0.042 0.024 0.062   -982486    0 
33300:    1.00    0.091    0.012 0.250 0.149    0.042 0.024 0.063   -982107    0 
33400:    1.00    0.050    0.012 0.248 0.149    0.042 0.024 0.063   -982246    0 
33500:    1.00    0.104    0.012 0.250 0.149    0.043 0.024 0.063   -981846    0 
33600:    1.00    0.072    0.012 0.247 0.149    0.042 0.024 0.062   -982639    0 
33700:    1.00    0.074    0.012 0.250 0.149    0.042 0.024 0.062   -981895    0 
33800:    1.00    0.094    0.012 0.247 0.148    0.042 0.024 0.062   -982091    0 
33900:    1.00    0.090    0.012 0.247 0.148    0.042 0.024 0.062   -982225    0 

--------------------------------------------
Proportion of membership of each pre-defined
 population in each of the 3 clusters

Given    Inferred Clusters       Number of
 Pop       1      2      3      Individuals

  1:     0.674  0.109  0.217       23
--------------------------------------------

 Rep#:   Lambda   Alpha      F1    F2    F3     D1,2  D1,3  D2,3    Ln Like  Est Ln P(D)
34000:    1.00    0.071    0.012 0.246 0.147    0.041 0.024 0.061   -982156    0 
34100:    1.00    0.096    0.012 0.247 0.147    0.041 0.024 0.062   -982260    0 
34200:    1.00    0.108    0.012 0.251 0.147    0.042 0.024 0.063   -981695    0 
34300:    1.00    0.100    0.012 0.250 0.147    0.042 0.024 0.063   -982403    0 
34400:    1.00    0.112    0.012 0.252 0.145    0.042 0.023 0.062   -981936    0 
34500:    1.00    0.083    0.012 0.249 0.147    0.042 0.024 0.062   -982063    0 
34600:    1.00    0.059    0.012 0.249 0.147    0.042 0.024 0.063   -982081    0 
34700:    1.00    0.091    0.012 0.251 0.147    0.043 0.024 0.063   -981847    0 
34800:    1.00    0.064    0.012 0.248 0.147    0.042 0.024 0.062   -982305    0 
34900:    1.00    0.063    0.012 0.248 0.147    0.041 0.023 0.062   -981935    0 

--------------------------------------------
Proportion of membership of each pre-defined
 population in each of the 3 clusters

Given    Inferred Clusters       Number of
 Pop       1      2      3      Individuals

  1:     0.670  0.109  0.220       23
--------------------------------------------

 Rep#:   Lambda   Alpha      F1    F2    F3     D1,2  D1,3  D2,3    Ln Like  Est Ln P(D)
35000:    1.00    0.075    0.012 0.246 0.147    0.041 0.023 0.061   -982269    0 
35100:    1.00    0.095    0.012 0.250 0.144    0.042 0.023 0.062   -982296    0 
35200:    1.00    0.072    0.012 0.249 0.144    0.042 0.023 0.062   -982282    0 
35300:    1.00    0.060    0.012 0.248 0.144    0.042 0.023 0.062   -982102    0 
35400:    1.00    0.092    0.012 0.249 0.144    0.042 0.023 0.062   -982310    0 
35500:    1.00    0.078    0.012 0.248 0.144    0.041 0.023 0.061   -981702    0 
35600:    1.00    0.084    0.012 0.250 0.146    0.042 0.023 0.062   -982210    0 
35700:    1.00    0.087    0.012 0.255 0.146    0.043 0.023 0.062   -981764    0 
35800:    1.00    0.093    0.012 0.255 0.144    0.042 0.023 0.063   -981912    0 
35900:    1.00    0.068    0.012 0.256 0.146    0.043 0.023 0.063   -982107    0 

--------------------------------------------
Proportion of membership of each pre-defined
 population in each of the 3 clusters

Given    Inferred Clusters       Number of
 Pop       1      2      3      Individuals

  1:     0.669  0.107  0.224       23
--------------------------------------------

 Rep#:   Lambda   Alpha      F1    F2    F3     D1,2  D1,3  D2,3    Ln Like  Est Ln P(D)
36000:    1.00    0.076    0.012 0.255 0.141    0.043 0.023 0.062   -981765    0 
36100:    1.00    0.105    0.012 0.253 0.142    0.043 0.023 0.063   -981540    0 
36200:    1.00    0.088    0.012 0.253 0.142    0.042 0.023 0.062   -982300    0 
36300:    1.00    0.084    0.012 0.246 0.144    0.042 0.023 0.062   -982779    0 
36400:    1.00    0.083    0.012 0.248 0.144    0.042 0.023 0.062   -982168    0 
36500:    1.00    0.070    0.012 0.245 0.144    0.041 0.023 0.061   -982290    0 
36600:    1.00    0.079    0.012 0.242 0.144    0.041 0.023 0.060   -982391    0 
36700:    1.00    0.070    0.012 0.242 0.144    0.041 0.023 0.061   -982704    0 
36800:    1.00    0.063    0.012 0.243 0.143    0.041 0.023 0.061   -982057    0 
36900:    1.00    0.077    0.012 0.245 0.143    0.041 0.023 0.061   -982532    0 

--------------------------------------------
Proportion of membership of each pre-defined
 population in each of the 3 clusters

Given    Inferred Clusters       Number of
 Pop       1      2      3      Individuals

  1:     0.671  0.108  0.220       23
--------------------------------------------

 Rep#:   Lambda   Alpha      F1    F2    F3     D1,2  D1,3  D2,3    Ln Like  Est Ln P(D)
37000:    1.00    0.069    0.012 0.249 0.143    0.042 0.023 0.062   -982303    0 
37100:    1.00    0.062    0.012 0.252 0.145    0.043 0.024 0.063   -982168    0 
37200:    1.00    0.120    0.012 0.251 0.144    0.043 0.023 0.062   -982426    0 
37300:    1.00    0.072    0.012 0.256 0.144    0.043 0.023 0.063   -981945    0 
37400:    1.00    0.087    0.012 0.253 0.142    0.043 0.023 0.062   -982114    0 
37500:    1.00    0.097    0.012 0.254 0.142    0.043 0.023 0.062   -981852    0 
37600:    1.00    0.072    0.012 0.256 0.142    0.043 0.023 0.063   -982050    0 
37700:    1.00    0.089    0.012 0.255 0.141    0.043 0.023 0.062   -981561    0 
37800:    1.00    0.085    0.012 0.255 0.139    0.043 0.023 0.062   -981876    0 
37900:    1.00    0.083    0.012 0.250 0.138    0.042 0.022 0.061   -982137    0 

--------------------------------------------
Proportion of membership of each pre-defined
 population in each of the 3 clusters

Given    Inferred Clusters       Number of
 Pop       1      2      3      Individuals

  1:     0.669  0.109  0.222       23
--------------------------------------------

 Rep#:   Lambda   Alpha      F1    F2    F3     D1,2  D1,3  D2,3    Ln Like  Est Ln P(D)
38000:    1.00    0.079    0.012 0.249 0.138    0.042 0.022 0.061   -982280    0 
38100:    1.00    0.081    0.012 0.249 0.139    0.042 0.022 0.061   -982180    0 
38200:    1.00    0.110    0.012 0.252 0.138    0.043 0.022 0.061   -982031    0 
38300:    1.00    0.118    0.012 0.251 0.139    0.043 0.023 0.062   -981932    0 
38400:    1.00    0.082    0.012 0.250 0.139    0.043 0.023 0.062   -981963    0 
38500:    1.00    0.094    0.012 0.249 0.139    0.042 0.022 0.061   -982279    0 
38600:    1.00    0.081    0.012 0.250 0.140    0.042 0.023 0.061   -981993    0 
38700:    1.00    0.050    0.012 0.252 0.140    0.042 0.023 0.062   -981944    0 
38800:    1.00    0.075    0.012 0.252 0.141    0.042 0.023 0.062   -981944    0 
38900:    1.00    0.056    0.012 0.252 0.143    0.042 0.023 0.062   -981973    0 

--------------------------------------------
Proportion of membership of each pre-defined
 population in each of the 3 clusters

Given    Inferred Clusters       Number of
 Pop       1      2      3      Individuals

  1:     0.668  0.109  0.224       23
--------------------------------------------

 Rep#:   Lambda   Alpha      F1    F2    F3     D1,2  D1,3  D2,3    Ln Like  Est Ln P(D)
39000:    1.00    0.065    0.012 0.251 0.140    0.042 0.023 0.062   -982075    0 
39100:    1.00    0.065    0.012 0.251 0.140    0.042 0.023 0.062   -981936    0 
39200:    1.00    0.059    0.012 0.253 0.141    0.042 0.023 0.062   -982396    0 
39300:    1.00    0.068    0.012 0.255 0.141    0.043 0.022 0.062   -982182    0 
39400:    1.00    0.068    0.012 0.256 0.141    0.043 0.023 0.062   -981841    0 
39500:    1.00    0.106    0.012 0.256 0.141    0.043 0.023 0.062   -981951    0 
39600:    1.00    0.100    0.012 0.256 0.141    0.043 0.023 0.063   -981566    0 
39700:    1.00    0.074    0.012 0.257 0.141    0.043 0.023 0.063   -982088    0 
39800:    1.00    0.063    0.012 0.257 0.141    0.043 0.023 0.063   -981623    0 
39900:    1.00    0.079    0.012 0.259 0.140    0.044 0.023 0.063   -981730    0 

--------------------------------------------
Proportion of membership of each pre-defined
 population in each of the 3 clusters

Given    Inferred Clusters       Number of
 Pop       1      2      3      Individuals

  1:     0.665  0.108  0.227       23
--------------------------------------------

 Rep#:   Lambda   Alpha      F1    F2    F3     D1,2  D1,3  D2,3    Ln Like  Est Ln P(D)
40000:    1.00    0.128    0.012 0.258 0.141    0.043 0.023 0.062   -981723    0 
40100:    1.00    0.112    0.012 0.258 0.141    0.043 0.023 0.062   -982333    0 
40200:    1.00    0.070    0.012 0.257 0.140    0.043 0.023 0.063   -982283    0 
40300:    1.00    0.090    0.012 0.256 0.139    0.043 0.023 0.062   -982670    0 
40400:    1.00    0.088    0.012 0.255 0.141    0.043 0.023 0.063   -982113    0 
40500:    1.00    0.052    0.012 0.256 0.143    0.043 0.023 0.062   -982055    0 
40600:    1.00    0.079    0.012 0.259 0.146    0.043 0.023 0.063   -981663    0 
40700:    1.00    0.087    0.012 0.256 0.144    0.043 0.023 0.063   -981677    0 
40800:    1.00    0.074    0.012 0.255 0.144    0.043 0.023 0.063   -981725    0 
40900:    1.00    0.121    0.012 0.250 0.144    0.042 0.023 0.062   -982017    0 

--------------------------------------------
Proportion of membership of each pre-defined
 population in each of the 3 clusters

Given    Inferred Clusters       Number of
 Pop       1      2      3      Individuals

  1:     0.671  0.110  0.219       23
--------------------------------------------

 Rep#:   Lambda   Alpha      F1    F2    F3     D1,2  D1,3  D2,3    Ln Like  Est Ln P(D)
41000:    1.00    0.063    0.012 0.249 0.144    0.042 0.023 0.062   -982218    0 
41100:    1.00    0.048    0.012 0.251 0.143    0.042 0.023 0.062   -982165    0 
41200:    1.00    0.052    0.012 0.255 0.143    0.043 0.023 0.063   -981816    0 
41300:    1.00    0.072    0.012 0.255 0.143    0.043 0.023 0.063   -982054    0 
41400:    1.00    0.068    0.012 0.249 0.143    0.042 0.023 0.062   -981740    0 
41500:    1.00    0.050    0.012 0.249 0.143    0.042 0.023 0.061   -982161    0 
41600:    1.00    0.044    0.012 0.250 0.144    0.042 0.023 0.061   -981909    0 
41700:    1.00    0.119    0.012 0.254 0.144    0.043 0.023 0.062   -982048    0 
41800:    1.00    0.137    0.012 0.252 0.146    0.042 0.023 0.062   -981785    0 
41900:    1.00    0.093    0.012 0.252 0.143    0.043 0.023 0.062   -982307    0 

--------------------------------------------
Proportion of membership of each pre-defined
 population in each of the 3 clusters

Given    Inferred Clusters       Number of
 Pop       1      2      3      Individuals

  1:     0.670  0.108  0.222       23
--------------------------------------------

 Rep#:   Lambda   Alpha      F1    F2    F3     D1,2  D1,3  D2,3    Ln Like  Est Ln P(D)
42000:    1.00    0.097    0.012 0.249 0.143    0.042 0.023 0.062   -982790    0 
42100:    1.00    0.081    0.012 0.249 0.146    0.042 0.023 0.062   -981959    0 
42200:    1.00    0.101    0.012 0.250 0.145    0.042 0.023 0.062   -982154    0 
42300:    1.00    0.100    0.012 0.249 0.145    0.042 0.023 0.062   -982083    0 
42400:    1.00    0.086    0.012 0.250 0.145    0.042 0.024 0.062   -982212    0 
42500:    1.00    0.097    0.012 0.246 0.145    0.041 0.023 0.061   -982167    0 
42600:    1.00    0.079    0.012 0.243 0.144    0.041 0.024 0.061   -982126    0 
42700:    1.00    0.065    0.012 0.243 0.142    0.041 0.023 0.060   -981982    0 
42800:    1.00    0.081    0.012 0.246 0.145    0.041 0.023 0.061   -981949    0 
42900:    1.00    0.083    0.012 0.249 0.146    0.042 0.024 0.062   -982136    0 

--------------------------------------------
Proportion of membership of each pre-defined
 population in each of the 3 clusters

Given    Inferred Clusters       Number of
 Pop       1      2      3      Individuals

  1:     0.670  0.107  0.224       23
--------------------------------------------

 Rep#:   Lambda   Alpha      F1    F2    F3     D1,2  D1,3  D2,3    Ln Like  Est Ln P(D)
43000:    1.00    0.082    0.012 0.255 0.146    0.043 0.024 0.063   -981924    0 
43100:    1.00    0.075    0.012 0.258 0.145    0.043 0.023 0.063   -982057    0 
43200:    1.00    0.086    0.012 0.257 0.146    0.044 0.023 0.063   -982161    0 
43300:    1.00    0.087    0.012 0.261 0.146    0.044 0.024 0.064   -981878    0 
43400:    1.00    0.107    0.012 0.254 0.145    0.043 0.023 0.062   -981512    0 
43500:    1.00    0.083    0.012 0.253 0.144    0.043 0.023 0.062   -982038    0 
43600:    1.00    0.052    0.012 0.254 0.144    0.043 0.023 0.062   -982049    0 
43700:    1.00    0.110    0.012 0.253 0.146    0.043 0.023 0.063   -981993    0 
43800:    1.00    0.053    0.012 0.253 0.145    0.043 0.023 0.063   -982388    0 
43900:    1.00    0.067    0.012 0.252 0.145    0.042 0.023 0.062   -982029    0 

--------------------------------------------
Proportion of membership of each pre-defined
 population in each of the 3 clusters

Given    Inferred Clusters       Number of
 Pop       1      2      3      Individuals

  1:     0.673  0.108  0.219       23
--------------------------------------------

 Rep#:   Lambda   Alpha      F1    F2    F3     D1,2  D1,3  D2,3    Ln Like  Est Ln P(D)
44000:    1.00    0.101    0.012 0.252 0.146    0.042 0.023 0.062   -982194    0 
44100:    1.00    0.081    0.012 0.252 0.147    0.042 0.023 0.062   -981954    0 
44200:    1.00    0.075    0.012 0.249 0.145    0.042 0.023 0.062   -981769    0 
44300:    1.00    0.058    0.012 0.249 0.145    0.042 0.023 0.062   -981596    0 
44400:    1.00    0.058    0.012 0.250 0.143    0.042 0.023 0.061   -982275    0 
44500:    1.00    0.093    0.012 0.255 0.142    0.043 0.023 0.062   -982063    0 
44600:    1.00    0.061    0.012 0.253 0.142    0.042 0.023 0.062   -982025    0 
44700:    1.00    0.078    0.012 0.258 0.142    0.043 0.023 0.063   -981782    0 
44800:    1.00    0.052    0.012 0.260 0.142    0.043 0.023 0.063   -982303    0 
44900:    1.00    0.059    0.012 0.255 0.141    0.043 0.023 0.062   -982167    0 

--------------------------------------------
Proportion of membership of each pre-defined
 population in each of the 3 clusters

Given    Inferred Clusters       Number of
 Pop       1      2      3      Individuals

  1:     0.675  0.107  0.218       23
--------------------------------------------

 Rep#:   Lambda   Alpha      F1    F2    F3     D1,2  D1,3  D2,3    Ln Like  Est Ln P(D)
45000:    1.00    0.090    0.012 0.257 0.141    0.043 0.023 0.063   -982016    0 
45100:    1.00    0.098    0.012 0.257 0.141    0.043 0.023 0.063   -982158    0 
45200:    1.00    0.096    0.012 0.258 0.140    0.043 0.023 0.063   -981883    0 
45300:    1.00    0.130    0.012 0.257 0.142    0.043 0.023 0.063   -982487    0 
45400:    1.00    0.086    0.012 0.254 0.140    0.043 0.023 0.063   -982325    0 
45500:    1.00    0.065    0.012 0.254 0.140    0.043 0.023 0.062   -982445    0 
45600:    1.00    0.088    0.012 0.254 0.142    0.043 0.023 0.062   -981746    0 
45700:    1.00    0.077    0.012 0.258 0.142    0.044 0.023 0.063   -982036    0 
45800:    1.00    0.062    0.012 0.253 0.148    0.043 0.024 0.063   -981787    0 
45900:    1.00    0.077    0.012 0.253 0.141    0.043 0.023 0.062   -982415    0 

--------------------------------------------
Proportion of membership of each pre-defined
 population in each of the 3 clusters

Given    Inferred Clusters       Number of
 Pop       1      2      3      Individuals

  1:     0.679  0.107  0.214       23
--------------------------------------------

 Rep#:   Lambda   Alpha      F1    F2    F3     D1,2  D1,3  D2,3    Ln Like  Est Ln P(D)
46000:    1.00    0.082    0.012 0.254 0.142    0.043 0.023 0.063   -982179    0 
46100:    1.00    0.108    0.012 0.254 0.144    0.043 0.023 0.062   -981972    0 
46200:    1.00    0.087    0.012 0.255 0.143    0.042 0.023 0.062   -982269    0 
46300:    1.00    0.122    0.012 0.254 0.144    0.043 0.023 0.063   -981953    0 
46400:    1.00    0.080    0.012 0.257 0.144    0.043 0.023 0.063   -981733    0 
46500:    1.00    0.062    0.012 0.257 0.144    0.043 0.023 0.063   -981700    0 
46600:    1.00    0.098    0.012 0.256 0.145    0.043 0.023 0.064   -981482    0 
46700:    1.00    0.067    0.012 0.255 0.145    0.042 0.023 0.062   -982504    0 
46800:    1.00    0.072    0.012 0.260 0.145    0.043 0.023 0.064   -981800    0 
46900:    1.00    0.073    0.012 0.257 0.145    0.043 0.024 0.063   -981879    0 

--------------------------------------------
Proportion of membership of each pre-defined
 population in each of the 3 clusters

Given    Inferred Clusters       Number of
 Pop       1      2      3      Individuals

  1:     0.676  0.107  0.217       23
--------------------------------------------

 Rep#:   Lambda   Alpha      F1    F2    F3     D1,2  D1,3  D2,3    Ln Like  Est Ln P(D)
47000:    1.00    0.054    0.012 0.262 0.145    0.044 0.023 0.064   -981710    0 
47100:    1.00    0.086    0.012 0.262 0.145    0.044 0.023 0.064   -981416    0 
47200:    1.00    0.044    0.012 0.260 0.145    0.044 0.023 0.064   -981886    0 
47300:    1.00    0.060    0.012 0.259 0.143    0.044 0.023 0.063   -981953    0 
47400:    1.00    0.079    0.012 0.256 0.143    0.043 0.023 0.063   -981718    0 
47500:    1.00    0.081    0.012 0.257 0.142    0.044 0.023 0.063   -982111    0 
47600:    1.00    0.061    0.012 0.257 0.144    0.043 0.023 0.063   -982312    0 
47700:    1.00    0.075    0.012 0.254 0.143    0.042 0.023 0.063   -981860    0 
47800:    1.00    0.064    0.012 0.255 0.141    0.043 0.023 0.063   -981762    0 
47900:    1.00    0.056    0.012 0.255 0.144    0.043 0.023 0.063   -981873    0 

--------------------------------------------
Proportion of membership of each pre-defined
 population in each of the 3 clusters

Given    Inferred Clusters       Number of
 Pop       1      2      3      Individuals

  1:     0.674  0.109  0.217       23
--------------------------------------------

 Rep#:   Lambda   Alpha      F1    F2    F3     D1,2  D1,3  D2,3    Ln Like  Est Ln P(D)
48000:    1.00    0.083    0.012 0.252 0.143    0.042 0.023 0.062   -981929    0 
48100:    1.00    0.074    0.012 0.257 0.143    0.043 0.023 0.063   -981444    0 
48200:    1.00    0.069    0.012 0.254 0.143    0.043 0.023 0.063   -982137    0 
48300:    1.00    0.076    0.012 0.253 0.143    0.042 0.023 0.062   -982198    0 
48400:    1.00    0.084    0.012 0.256 0.143    0.043 0.023 0.062   -981858    0 
48500:    1.00    0.060    0.012 0.256 0.143    0.043 0.023 0.062   -982044    0 
48600:    1.00    0.066    0.012 0.258 0.143    0.043 0.023 0.063   -981847    0 
48700:    1.00    0.035    0.012 0.256 0.144    0.043 0.023 0.063   -982223    0 
48800:    1.00    0.051    0.012 0.256 0.145    0.042 0.023 0.062   -982139    0 
48900:    1.00    0.071    0.012 0.254 0.145    0.043 0.023 0.063   -982038    0 

--------------------------------------------
Proportion of membership of each pre-defined
 population in each of the 3 clusters

Given    Inferred Clusters       Number of
 Pop       1      2      3      Individuals

  1:     0.673  0.107  0.219       23
--------------------------------------------

 Rep#:   Lambda   Alpha      F1    F2    F3     D1,2  D1,3  D2,3    Ln Like  Est Ln P(D)
49000:    1.00    0.052    0.012 0.254 0.145    0.043 0.023 0.062   -981975    0 
49100:    1.00    0.068    0.012 0.253 0.145    0.043 0.023 0.062   -982438    0 
49200:    1.00    0.058    0.012 0.253 0.146    0.042 0.023 0.062   -981987    0 
49300:    1.00    0.041    0.012 0.251 0.148    0.042 0.024 0.063   -982423    0 
49400:    1.00    0.042    0.012 0.251 0.145    0.042 0.023 0.062   -981994    0 
49500:    1.00    0.062    0.012 0.250 0.146    0.042 0.023 0.063   -982069    0 
49600:    1.00    0.054    0.012 0.254 0.146    0.042 0.024 0.063   -981341    0 
49700:    1.00    0.061    0.012 0.253 0.146    0.043 0.024 0.063   -981657    0 
49800:    1.00    0.074    0.012 0.252 0.145    0.042 0.023 0.062   -982005    0 
49900:    1.00    0.073    0.012 0.253 0.150    0.043 0.024 0.063   -982247    0 

--------------------------------------------
Proportion of membership of each pre-defined
 population in each of the 3 clusters

Given    Inferred Clusters       Number of
 Pop       1      2      3      Individuals

  1:     0.680  0.108  0.211       23
--------------------------------------------

 Rep#:   Lambda   Alpha      F1    F2    F3     D1,2  D1,3  D2,3    Ln Like  Est Ln P(D)
50000:    1.00    0.050    0.012 0.252 0.149    0.042 0.024 0.063   -981993    0 
50100:    1.00    0.063    0.012 0.247 0.147    0.041 0.023 0.062   -982448    0 
50200:    1.00    0.111    0.012 0.248 0.146    0.042 0.023 0.062   -981776    0 
50300:    1.00    0.127    0.012 0.246 0.146    0.041 0.023 0.062   -981975    0 
50400:    1.00    0.105    0.012 0.246 0.144    0.042 0.023 0.062   -982115    0 
50500:    1.00    0.067    0.012 0.245 0.145    0.041 0.023 0.061   -982377    0 
50600:    1.00    0.071    0.012 0.247 0.142    0.042 0.023 0.061   -982074    0 
50700:    1.00    0.074    0.012 0.249 0.142    0.042 0.023 0.062   -982105    0 
50800:    1.00    0.064    0.012 0.250 0.144    0.042 0.023 0.062   -982030    0 
50900:    1.00    0.066    0.012 0.253 0.143    0.043 0.023 0.062   -981905    0 

--------------------------------------------
Proportion of membership of each pre-defined
 population in each of the 3 clusters

Given    Inferred Clusters       Number of
 Pop       1      2      3      Individuals

  1:     0.677  0.110  0.214       23
--------------------------------------------

 Rep#:   Lambda   Alpha      F1    F2    F3     D1,2  D1,3  D2,3    Ln Like  Est Ln P(D)
51000:    1.00    0.069    0.012 0.248 0.143    0.041 0.023 0.061   -982268    0 
51100:    1.00    0.092    0.012 0.255 0.141    0.043 0.023 0.062   -981884    0 
51200:    1.00    0.090    0.012 0.255 0.144    0.042 0.023 0.062   -982060    0 
51300:    1.00    0.056    0.012 0.255 0.144    0.043 0.023 0.062   -981831    0 
51400:    1.00    0.063    0.012 0.250 0.139    0.042 0.022 0.061   -982108    0 
51500:    1.00    0.099    0.012 0.251 0.139    0.042 0.023 0.062   -982341    0 
51600:    1.00    0.052    0.012 0.253 0.140    0.042 0.023 0.062   -982135    0 
51700:    1.00    0.086    0.012 0.250 0.140    0.042 0.022 0.061   -982268    0 
51800:    1.00    0.066    0.011 0.249 0.140    0.042 0.023 0.061   -982196    0 
51900:    1.00    0.067    0.011 0.249 0.140    0.042 0.023 0.061   -982579    0 

--------------------------------------------
Proportion of membership of each pre-defined
 population in each of the 3 clusters

Given    Inferred Clusters       Number of
 Pop       1      2      3      Individuals

  1:     0.677  0.107  0.215       23
--------------------------------------------

 Rep#:   Lambda   Alpha      F1    F2    F3     D1,2  D1,3  D2,3    Ln Like  Est Ln P(D)
52000:    1.00    0.056    0.011 0.249 0.138    0.042 0.023 0.062   -982261    0 
52100:    1.00    0.086    0.011 0.249 0.142    0.042 0.023 0.061   -982156    0 
52200:    1.00    0.077    0.011 0.249 0.141    0.042 0.023 0.062   -982237    0 
52300:    1.00    0.083    0.011 0.249 0.143    0.042 0.023 0.061   -982416    0 
52400:    1.00    0.079    0.011 0.248 0.144    0.042 0.023 0.062   -982189    0 
52500:    1.00    0.063    0.011 0.247 0.142    0.041 0.023 0.062   -982315    0 
52600:    1.00    0.049    0.011 0.249 0.140    0.042 0.022 0.062   -982363    0 
52700:    1.00    0.055    0.011 0.246 0.138    0.041 0.022 0.060   -981704    0 
52800:    1.00    0.041    0.011 0.248 0.140    0.041 0.023 0.061   -981909    0 
52900:    1.00    0.079    0.011 0.247 0.141    0.041 0.023 0.061   -982068    0 

--------------------------------------------
Proportion of membership of each pre-defined
 population in each of the 3 clusters

Given    Inferred Clusters       Number of
 Pop       1      2      3      Individuals

  1:     0.672  0.109  0.219       23
--------------------------------------------

 Rep#:   Lambda   Alpha      F1    F2    F3     D1,2  D1,3  D2,3    Ln Like  Est Ln P(D)
53000:    1.00    0.052    0.011 0.251 0.145    0.042 0.023 0.061   -981866    0 
53100:    1.00    0.076    0.011 0.250 0.143    0.042 0.023 0.061   -982127    0 
53200:    1.00    0.153    0.011 0.250 0.143    0.042 0.023 0.062   -982180    0 
53300:    1.00    0.037    0.011 0.249 0.143    0.042 0.023 0.061   -982526    0 
53400:    1.00    0.077    0.011 0.251 0.143    0.043 0.023 0.062   -981637    0 
53500:    1.00    0.071    0.011 0.250 0.141    0.042 0.023 0.061   -982216    0 
53600:    1.00    0.093    0.011 0.250 0.140    0.042 0.022 0.061   -982366    0 
53700:    1.00    0.052    0.011 0.250 0.140    0.042 0.022 0.061   -982479    0 
53800:    1.00    0.095    0.011 0.250 0.140    0.042 0.022 0.062   -982553    0 
53900:    1.00    0.065    0.011 0.252 0.142    0.043 0.023 0.062   -981724    0 

--------------------------------------------
Proportion of membership of each pre-defined
 population in each of the 3 clusters

Given    Inferred Clusters       Number of
 Pop       1      2      3      Individuals

  1:     0.672  0.109  0.219       23
--------------------------------------------

 Rep#:   Lambda   Alpha      F1    F2    F3     D1,2  D1,3  D2,3    Ln Like  Est Ln P(D)
54000:    1.00    0.107    0.011 0.252 0.141    0.043 0.023 0.062   -981898    0 
54100:    1.00    0.082    0.011 0.252 0.140    0.042 0.023 0.062   -981908    0 
54200:    1.00    0.095    0.011 0.250 0.140    0.042 0.023 0.061   -981989    0 
54300:    1.00    0.062    0.011 0.250 0.141    0.042 0.023 0.061   -982104    0 
54400:    1.00    0.079    0.011 0.250 0.141    0.042 0.023 0.061   -982006    0 
54500:    1.00    0.081    0.011 0.250 0.141    0.042 0.022 0.060   -982245    0 
54600:    1.00    0.093    0.011 0.249 0.140    0.041 0.022 0.061   -981733    0 
54700:    1.00    0.082    0.011 0.249 0.144    0.041 0.023 0.061   -982003    0 
54800:    1.00    0.102    0.011 0.246 0.145    0.041 0.023 0.062   -981881    0 
54900:    1.00    0.048    0.011 0.248 0.145    0.042 0.023 0.061   -982120    0 

--------------------------------------------
Proportion of membership of each pre-defined
 population in each of the 3 clusters

Given    Inferred Clusters       Number of
 Pop       1      2      3      Individuals

  1:     0.680  0.107  0.213       23
--------------------------------------------

 Rep#:   Lambda   Alpha      F1    F2    F3     D1,2  D1,3  D2,3    Ln Like  Est Ln P(D)
55000:    1.00    0.065    0.011 0.252 0.143    0.042 0.023 0.062   -982094    0 
55100:    1.00    0.077    0.011 0.253 0.142    0.042 0.023 0.062   -982284    0 
55200:    1.00    0.067    0.011 0.251 0.146    0.042 0.024 0.063   -982087    0 
55300:    1.00    0.076    0.011 0.254 0.144    0.042 0.023 0.062   -982184    0 
55400:    1.00    0.068    0.011 0.257 0.144    0.043 0.023 0.063   -981943    0 
55500:    1.00    0.054    0.011 0.254 0.144    0.043 0.023 0.062   -981956    0 
55600:    1.00    0.076    0.011 0.256 0.142    0.043 0.023 0.062   -982429    0 
55700:    1.00    0.090    0.011 0.259 0.143    0.044 0.023 0.064   -981692    0 
55800:    1.00    0.033    0.011 0.255 0.141    0.043 0.023 0.062   -981971    0 
55900:    1.00    0.051    0.011 0.255 0.142    0.042 0.023 0.062   -982211    0 

--------------------------------------------
Proportion of membership of each pre-defined
 population in each of the 3 clusters

Given    Inferred Clusters       Number of
 Pop       1      2      3      Individuals

  1:     0.677  0.107  0.216       23
--------------------------------------------

 Rep#:   Lambda   Alpha      F1    F2    F3     D1,2  D1,3  D2,3    Ln Like  Est Ln P(D)
56000:    1.00    0.037    0.011 0.255 0.142    0.043 0.023 0.062   -982083    0 
56100:    1.00    0.067    0.011 0.251 0.141    0.042 0.023 0.062   -982664    0 
56200:    1.00    0.066    0.011 0.251 0.142    0.042 0.023 0.062   -982568    0 
56300:    1.00    0.060    0.011 0.252 0.142    0.042 0.023 0.061   -982140    0 
56400:    1.00    0.070    0.011 0.256 0.141    0.043 0.023 0.063   -981828    0 
56500:    1.00    0.153    0.011 0.255 0.142    0.043 0.023 0.062   -981860    0 
56600:    1.00    0.087    0.011 0.256 0.142    0.043 0.023 0.063   -982303    0 
56700:    1.00    0.068    0.011 0.256 0.142    0.043 0.023 0.063   -982119    0 
56800:    1.00    0.096    0.011 0.254 0.143    0.043 0.023 0.062   -982013    0 
56900:    1.00    0.079    0.011 0.250 0.144    0.042 0.023 0.062   -981932    0 

--------------------------------------------
Proportion of membership of each pre-defined
 population in each of the 3 clusters

Given    Inferred Clusters       Number of
 Pop       1      2      3      Individuals

  1:     0.677  0.108  0.215       23
--------------------------------------------

 Rep#:   Lambda   Alpha      F1    F2    F3     D1,2  D1,3  D2,3    Ln Like  Est Ln P(D)
57000:    1.00    0.063    0.011 0.250 0.144    0.042 0.023 0.062   -982071    0 
57100:    1.00    0.080    0.011 0.251 0.144    0.042 0.023 0.062   -982739    0 
57200:    1.00    0.066    0.011 0.254 0.146    0.042 0.023 0.062   -982162    0 
57300:    1.00    0.065    0.011 0.253 0.146    0.043 0.023 0.063   -982285    0 
57400:    1.00    0.086    0.011 0.254 0.146    0.042 0.024 0.062   -981771    0 
57500:    1.00    0.063    0.011 0.255 0.146    0.042 0.023 0.062   -982325    0 
57600:    1.00    0.068    0.011 0.255 0.144    0.043 0.023 0.063   -982210    0 
57700:    1.00    0.070    0.011 0.257 0.143    0.043 0.023 0.063   -982125    0 
57800:    1.00    0.082    0.011 0.256 0.145    0.043 0.024 0.063   -981609    0 
57900:    1.00    0.097    0.011 0.254 0.146    0.043 0.023 0.063   -981807    0 

--------------------------------------------
Proportion of membership of each pre-defined
 population in each of the 3 clusters

Given    Inferred Clusters       Number of
 Pop       1      2      3      Individuals

  1:     0.674  0.107  0.219       23
--------------------------------------------

 Rep#:   Lambda   Alpha      F1    F2    F3     D1,2  D1,3  D2,3    Ln Like  Est Ln P(D)
58000:    1.00    0.064    0.011 0.259 0.147    0.043 0.023 0.063   -981736    0 
58100:    1.00    0.043    0.012 0.259 0.146    0.044 0.024 0.064   -981263    0 
58200:    1.00    0.050    0.012 0.259 0.147    0.044 0.024 0.064   -981165    0 
58300:    1.00    0.055    0.012 0.258 0.147    0.043 0.023 0.063   -981642    0 
58400:    1.00    0.048    0.012 0.255 0.146    0.043 0.023 0.062   -981707    0 
58500:    1.00    0.065    0.012 0.253 0.146    0.042 0.023 0.062   -982282    0 
58600:    1.00    0.059    0.012 0.253 0.148    0.043 0.024 0.063   -982352    0 
58700:    1.00    0.072    0.012 0.251 0.148    0.042 0.024 0.062   -981826    0 
58800:    1.00    0.051    0.012 0.251 0.147    0.042 0.024 0.063   -982111    0 
58900:    1.00    0.066    0.012 0.251 0.147    0.042 0.023 0.062   -982102    0 

--------------------------------------------
Proportion of membership of each pre-defined
 population in each of the 3 clusters

Given    Inferred Clusters       Number of
 Pop       1      2      3      Individuals

  1:     0.674  0.108  0.218       23
--------------------------------------------

 Rep#:   Lambda   Alpha      F1    F2    F3     D1,2  D1,3  D2,3    Ln Like  Est Ln P(D)
59000:    1.00    0.121    0.012 0.251 0.149    0.042 0.024 0.062   -981674    0 
59100:    1.00    0.081    0.012 0.253 0.148    0.043 0.024 0.063   -981779    0 
59200:    1.00    0.069    0.011 0.251 0.145    0.042 0.023 0.062   -982079    0 
59300:    1.00    0.093    0.011 0.250 0.145    0.042 0.023 0.062   -982178    0 
59400:    1.00    0.074    0.011 0.250 0.144    0.042 0.023 0.062   -982014    0 
59500:    1.00    0.055    0.011 0.252 0.143    0.042 0.023 0.062   -981961    0 
59600:    1.00    0.077    0.011 0.249 0.144    0.042 0.023 0.062   -982317    0 
59700:    1.00    0.065    0.011 0.246 0.144    0.041 0.023 0.061   -982524    0 
59800:    1.00    0.085    0.011 0.248 0.144    0.042 0.023 0.062   -982278    0 
59900:    1.00    0.054    0.011 0.251 0.145    0.042 0.023 0.062   -981949    0 
60000:    1.00    0.085    0.011 0.245 0.145    0.041 0.023 0.061   -981975    0 

MCMC completed

Inferred ancestry of individuals:
        Label (%Miss) Pop:  Inferred clusters
  1 18160D-09-0    (2)    1 :  0.929 0.000 0.071 
  2 18160D-09-0    (4)    1 :  0.917 0.000 0.083 
  3 18160D-09-0    (2)    1 :  0.288 0.000 0.712 
  4 18160D-09-0    (5)    1 :  0.000 0.000 1.000 
  5 18160D-09-0    (4)    1 :  0.126 0.000 0.874 
  6 18160D-09-0    (4)    1 :  0.084 0.000 0.916 
  7 18160D-09-0    (2)    1 :  0.005 0.000 0.995 
  8 18160D-09-0    (4)    1 :  0.951 0.000 0.048 
  9 18160D-09-0    (2)    1 :  0.836 0.163 0.000 
 10 18160D-09-1    (2)    1 :  0.000 1.000 0.000 
 11 18160D-09-1    (2)    1 :  0.701 0.299 0.000 
 12 18160D-09-1    (2)    1 :  0.827 0.173 0.000 
 13 18160D-09-1    (5)    1 :  0.909 0.000 0.091 
 14 18160D-09-1   (18)    1 :  0.913 0.000 0.087 
 15 18160D-09-1    (4)    1 :  0.997 0.000 0.003 
 16 18160D-09-1    (2)    1 :  0.130 0.847 0.023 
 17 18160D-09-1    (2)    1 :  0.935 0.000 0.065 
 18 18160D-09-1    (2)    1 :  1.000 0.000 0.000 
 19 18160D-09-1    (2)    1 :  0.990 0.000 0.010 
 20 18160D-09-2    (5)    1 :  0.999 0.000 0.001 
 21 18160D-09-2    (5)    1 :  0.930 0.000 0.070 
 22 18160D-09-2    (5)    1 :  1.000 0.000 0.000 
 23 18160D-09-2    (2)    1 :  0.990 0.000 0.010 

Command line arguments:   structure -D 668873 -K 3 -m mainparams -o k3/populations_k3_run1 
Input File:    populations.str
Output File:   k3/populations_k3_run1_f

Run parameters:
   23 individuals
   50160 loci
   3 populations assumed
   10000 Burn-in period
   50000 Reps
RANDOMIZE turned off

--------------------------------------------
Estimated Ln Prob of Data   = -1021924.9
Mean value of ln likelihood = -982026.5
Variance of ln likelihood   = 79796.7
Mean value of alpha         = 0.0789

Mean value of Fst_1         = 0.0127
Mean value of Fst_2         = 0.2504
Mean value of Fst_3         = 0.1438


--------------------------------------------
Proportion of membership of each pre-defined
 population in each of the 3 clusters

Given    Inferred Clusters       Number of
 Pop       1      2      3      Individuals

  1:     0.672  0.108  0.220       23
--------------------------------------------
Final results printed to file k3/populations_k3_run1_f

