

----------------------------------------------------
STRUCTURE by Pritchard, Stephens and Donnelly (2000)
     and Falush, Stephens and Pritchard (2003)
       Code by Pritchard, Falush and Hubisz
             Version 2.3.4 (Jul 2012)
----------------------------------------------------


Reading file "mainparams".
datafile is
populations.str
Reading file "extraparams".
Reading file "populations.str".


Data file "populations.str" (truncated) --

Ind:   Label Pop : Genotype_data . . . .
  1: 18160D-09-0    1  :  4   1   3   1   4   1   3  . . . .   2
  1: 18160D-09-0    1  :  4   1   3   1   4   4   4  . . . .   4
  2: 18160D-09-0    1  :  4   1   3   1   4   1   3  . . . .   2
  2: 18160D-09-0    1  :  4   1   3   1   4   4   3  . . . .   4
  3: 18160D-09-0    1  :  4   1   0   0   0   0   3  . . . .   2
  3: 18160D-09-0    1  :  4   3   0   0   0   0   3  . . . .   4
  4: 18160D-09-0    1  :  4   1   3   1   4   1   3  . . . .   2
  4: 18160D-09-0    1  :  4   3   3   1   4   1   3  . . . .   4

      *******   

 22: 18160D-09-2    1  :  4   1   3   1   4   1   3  . . . .   2
 22: 18160D-09-2    1  :  4   3   3   1   4   1   4  . . . .   4
 23: 18160D-09-2    1  :  4   1   3   1   4   1   3  . . . .   2
 23: 18160D-09-2    1  :  4   1   3   1   4   4   4  . . . .   4

Number of alleles per locus: min= 2; ave=2.0; max= 2


--------------------------------------

Finished initialization; starting MCMC 
50000 iterations + 10000 burnin


--------------------------------------------
Proportion of membership of each pre-defined
 population in each of the 3 clusters

Given    Inferred Clusters       Number of
 Pop       1      2      3      Individuals

  1:     0.332  0.336  0.332       23
--------------------------------------------

 Rep#:   Lambda   Alpha      F1    F2    F3     D1,2  D1,3  D2,3    Ln Like 
  100:    1.00    1.374    0.010 0.010 0.010    0.003 0.003 0.003   --  
  200:    1.00    1.614    0.010 0.010 0.010    0.003 0.003 0.003   --  
  300:    1.00    1.485    0.010 0.010 0.010    0.003 0.003 0.003   --  
  400:    1.00    1.880    0.010 0.010 0.010    0.003 0.003 0.003   --  
  500:    1.00    2.237    0.010 0.010 0.010    0.003 0.003 0.003   --  
  600:    1.00    2.853    0.010 0.010 0.010    0.003 0.003 0.003   --  
  700:    1.00    2.977    0.010 0.010 0.010    0.003 0.003 0.003   --  
  800:    1.00    2.846    0.010 0.010 0.010    0.003 0.003 0.003   --  
  900:    1.00    2.447    0.010 0.010 0.010    0.003 0.003 0.003   --  

--------------------------------------------
Proportion of membership of each pre-defined
 population in each of the 3 clusters

Given    Inferred Clusters       Number of
 Pop       1      2      3      Individuals

  1:     0.356  0.337  0.307       23
--------------------------------------------

 Rep#:   Lambda   Alpha      F1    F2    F3     D1,2  D1,3  D2,3    Ln Like 
 1000:    1.00    2.082    0.010 0.010 0.011    0.003 0.003 0.003   --  
 1100:    1.00    1.646    0.010 0.010 0.011    0.003 0.003 0.003   --  
 1200:    1.00    1.287    0.010 0.010 0.012    0.003 0.003 0.003   --  
 1300:    1.00    0.680    0.010 0.010 0.012    0.003 0.004 0.004   --  
 1400:    1.00    0.225    0.010 0.010 0.015    0.003 0.004 0.004   --  
 1500:    1.00    0.178    0.010 0.010 0.019    0.003 0.005 0.005   --  
 1600:    1.00    0.130    0.010 0.010 0.019    0.003 0.005 0.005   --  
 1700:    1.00    0.023    0.010 0.010 0.028    0.003 0.006 0.006   --  
 1800:    1.00    0.026    0.010 0.011 0.035    0.003 0.007 0.008   --  
 1900:    1.00    0.026    0.010 0.011 0.054    0.003 0.010 0.011   --  

--------------------------------------------
Proportion of membership of each pre-defined
 population in each of the 3 clusters

Given    Inferred Clusters       Number of
 Pop       1      2      3      Individuals

  1:     0.551  0.221  0.228       23
--------------------------------------------

 Rep#:   Lambda   Alpha      F1    F2    F3     D1,2  D1,3  D2,3    Ln Like 
 2000:    1.00    0.031    0.010 0.011 0.083    0.003 0.014 0.015   --  
 2100:    1.00    0.034    0.010 0.012 0.100    0.003 0.017 0.018   --  
 2200:    1.00    0.035    0.010 0.013 0.108    0.004 0.018 0.019   --  
 2300:    1.00    0.033    0.010 0.013 0.113    0.004 0.019 0.019   --  
 2400:    1.00    0.034    0.010 0.013 0.115    0.004 0.019 0.020   --  
 2500:    1.00    0.037    0.011 0.013 0.118    0.004 0.019 0.020   --  
 2600:    1.00    0.045    0.011 0.014 0.118    0.004 0.019 0.020   --  
 2700:    1.00    0.020    0.011 0.014 0.118    0.004 0.019 0.021   --  
 2800:    1.00    0.040    0.011 0.014 0.122    0.004 0.020 0.021   --  
 2900:    1.00    0.037    0.011 0.016 0.127    0.004 0.021 0.022   --  

--------------------------------------------
Proportion of membership of each pre-defined
 population in each of the 3 clusters

Given    Inferred Clusters       Number of
 Pop       1      2      3      Individuals

  1:     0.562  0.219  0.219       23
--------------------------------------------

 Rep#:   Lambda   Alpha      F1    F2    F3     D1,2  D1,3  D2,3    Ln Like 
 3000:    1.00    0.037    0.011 0.016 0.130    0.004 0.021 0.022   --  
 3100:    1.00    0.049    0.011 0.017 0.132    0.004 0.021 0.023   --  
 3200:    1.00    0.024    0.011 0.017 0.133    0.005 0.021 0.023   --  
 3300:    1.00    0.039    0.012 0.017 0.134    0.005 0.022 0.023   --  
 3400:    1.00    0.075    0.012 0.017 0.135    0.005 0.022 0.023   --  
 3500:    1.00    0.076    0.012 0.017 0.136    0.005 0.022 0.023   --  
 3600:    1.00    0.061    0.012 0.018 0.136    0.005 0.022 0.024   --  
 3700:    1.00    0.052    0.012 0.019 0.137    0.005 0.022 0.024   --  
 3800:    1.00    0.067    0.012 0.019 0.136    0.005 0.022 0.024   --  
 3900:    1.00    0.031    0.012 0.019 0.136    0.005 0.022 0.024   --  

--------------------------------------------
Proportion of membership of each pre-defined
 population in each of the 3 clusters

Given    Inferred Clusters       Number of
 Pop       1      2      3      Individuals

  1:     0.560  0.220  0.219       23
--------------------------------------------

 Rep#:   Lambda   Alpha      F1    F2    F3     D1,2  D1,3  D2,3    Ln Like 
 4000:    1.00    0.032    0.012 0.020 0.136    0.005 0.022 0.024   --  
 4100:    1.00    0.083    0.012 0.020 0.137    0.005 0.022 0.024   --  
 4200:    1.00    0.068    0.013 0.020 0.139    0.005 0.022 0.024   --  
 4300:    1.00    0.054    0.013 0.022 0.139    0.005 0.023 0.025   --  
 4400:    1.00    0.034    0.013 0.023 0.139    0.006 0.022 0.025   --  
 4500:    1.00    0.047    0.013 0.025 0.139    0.006 0.022 0.025   --  
 4600:    1.00    0.042    0.013 0.026 0.140    0.006 0.023 0.025   --  
 4700:    1.00    0.041    0.013 0.027 0.141    0.006 0.023 0.026   --  
 4800:    1.00    0.075    0.013 0.028 0.142    0.007 0.023 0.026   --  
 4900:    1.00    0.055    0.013 0.028 0.142    0.006 0.023 0.026   --  

--------------------------------------------
Proportion of membership of each pre-defined
 population in each of the 3 clusters

Given    Inferred Clusters       Number of
 Pop       1      2      3      Individuals

  1:     0.560  0.218  0.222       23
--------------------------------------------

 Rep#:   Lambda   Alpha      F1    F2    F3     D1,2  D1,3  D2,3    Ln Like 
 5000:    1.00    0.067    0.013 0.031 0.142    0.007 0.023 0.026   --  
 5100:    1.00    0.035    0.013 0.031 0.143    0.007 0.023 0.026   --  
 5200:    1.00    0.046    0.013 0.033 0.141    0.007 0.023 0.027   --  
 5300:    1.00    0.093    0.013 0.035 0.141    0.007 0.023 0.027   --  
 5400:    1.00    0.036    0.013 0.038 0.144    0.008 0.023 0.028   --  
 5500:    1.00    0.077    0.013 0.042 0.145    0.009 0.023 0.029   --  
 5600:    1.00    0.047    0.013 0.042 0.142    0.009 0.023 0.028   --  
 5700:    1.00    0.085    0.013 0.042 0.142    0.009 0.023 0.028   --  
 5800:    1.00    0.069    0.013 0.046 0.142    0.009 0.023 0.029   --  
 5900:    1.00    0.042    0.013 0.052 0.142    0.010 0.023 0.030   --  

--------------------------------------------
Proportion of membership of each pre-defined
 population in each of the 3 clusters

Given    Inferred Clusters       Number of
 Pop       1      2      3      Individuals

  1:     0.578  0.203  0.219       23
--------------------------------------------

 Rep#:   Lambda   Alpha      F1    F2    F3     D1,2  D1,3  D2,3    Ln Like 
 6000:    1.00    0.067    0.013 0.053 0.142    0.011 0.023 0.030   --  
 6100:    1.00    0.059    0.013 0.056 0.143    0.011 0.023 0.031   --  
 6200:    1.00    0.064    0.013 0.062 0.143    0.012 0.023 0.032   --  
 6300:    1.00    0.048    0.013 0.063 0.142    0.012 0.023 0.032   --  
 6400:    1.00    0.093    0.013 0.071 0.143    0.014 0.023 0.033   --  
 6500:    1.00    0.085    0.013 0.079 0.145    0.015 0.023 0.035   --  
 6600:    1.00    0.077    0.013 0.080 0.144    0.015 0.023 0.035   --  
 6700:    1.00    0.055    0.013 0.092 0.144    0.017 0.023 0.037   --  
 6800:    1.00    0.084    0.013 0.113 0.143    0.020 0.023 0.040   --  
 6900:    1.00    0.061    0.013 0.128 0.143    0.023 0.023 0.043   --  

--------------------------------------------
Proportion of membership of each pre-defined
 population in each of the 3 clusters

Given    Inferred Clusters       Number of
 Pop       1      2      3      Individuals

  1:     0.649  0.131  0.220       23
--------------------------------------------

 Rep#:   Lambda   Alpha      F1    F2    F3     D1,2  D1,3  D2,3    Ln Like 
 7000:    1.00    0.056    0.013 0.156 0.143    0.028 0.023 0.047   --  
 7100:    1.00    0.076    0.013 0.176 0.143    0.031 0.023 0.050   --  
 7200:    1.00    0.087    0.013 0.181 0.144    0.031 0.023 0.051   --  
 7300:    1.00    0.052    0.013 0.186 0.146    0.032 0.023 0.052   --  
 7400:    1.00    0.085    0.013 0.195 0.146    0.034 0.024 0.053   --  
 7500:    1.00    0.060    0.013 0.198 0.146    0.034 0.024 0.054   --  
 7600:    1.00    0.076    0.013 0.201 0.144    0.034 0.023 0.053   --  
 7700:    1.00    0.066    0.013 0.203 0.144    0.035 0.023 0.054   --  
 7800:    1.00    0.106    0.013 0.211 0.145    0.036 0.024 0.056   --  
 7900:    1.00    0.098    0.013 0.211 0.144    0.036 0.023 0.056   --  

--------------------------------------------
Proportion of membership of each pre-defined
 population in each of the 3 clusters

Given    Inferred Clusters       Number of
 Pop       1      2      3      Individuals

  1:     0.665  0.114  0.221       23
--------------------------------------------

 Rep#:   Lambda   Alpha      F1    F2    F3     D1,2  D1,3  D2,3    Ln Like 
 8000:    1.00    0.054    0.013 0.209 0.141    0.036 0.023 0.055   --  
 8100:    1.00    0.054    0.013 0.208 0.142    0.036 0.023 0.055   --  
 8200:    1.00    0.079    0.013 0.213 0.142    0.036 0.023 0.056   --  
 8300:    1.00    0.118    0.013 0.218 0.142    0.037 0.023 0.056   --  
 8400:    1.00    0.107    0.013 0.223 0.142    0.038 0.023 0.057   --  
 8500:    1.00    0.096    0.013 0.229 0.143    0.039 0.023 0.058   --  
 8600:    1.00    0.130    0.013 0.227 0.143    0.039 0.023 0.058   --  
 8700:    1.00    0.076    0.013 0.228 0.144    0.039 0.023 0.059   --  
 8800:    1.00    0.083    0.013 0.230 0.141    0.039 0.023 0.058   --  
 8900:    1.00    0.115    0.013 0.236 0.141    0.040 0.023 0.059   --  

--------------------------------------------
Proportion of membership of each pre-defined
 population in each of the 3 clusters

Given    Inferred Clusters       Number of
 Pop       1      2      3      Individuals

  1:     0.667  0.109  0.224       23
--------------------------------------------

 Rep#:   Lambda   Alpha      F1    F2    F3     D1,2  D1,3  D2,3    Ln Like 
 9000:    1.00    0.079    0.013 0.241 0.141    0.041 0.023 0.060   --  
 9100:    1.00    0.067    0.013 0.246 0.139    0.041 0.023 0.060   --  
 9200:    1.00    0.083    0.013 0.244 0.139    0.041 0.023 0.061   --  
 9300:    1.00    0.062    0.013 0.243 0.142    0.041 0.023 0.061   --  
 9400:    1.00    0.080    0.013 0.242 0.142    0.041 0.023 0.060   --  
 9500:    1.00    0.088    0.013 0.241 0.142    0.041 0.023 0.061   --  
 9600:    1.00    0.086    0.013 0.243 0.142    0.041 0.023 0.061   --  
 9700:    1.00    0.082    0.013 0.245 0.141    0.041 0.023 0.061   --  
 9800:    1.00    0.081    0.013 0.246 0.141    0.042 0.023 0.061   --  
 9900:    1.00    0.091    0.013 0.247 0.142    0.042 0.023 0.062   --  
10000:    1.00    0.122    0.013 0.249 0.142    0.042 0.023 0.061   --  

BURNIN completed
 Rep#:   Lambda   Alpha      F1    F2    F3     D1,2  D1,3  D2,3    Ln Like  Est Ln P(D)
10100:    1.00    0.085    0.012 0.250 0.141    0.042 0.023 0.061   -982302    0 
10200:    1.00    0.034    0.012 0.251 0.141    0.042 0.023 0.061   -981803    0 
10300:    1.00    0.068    0.012 0.250 0.140    0.042 0.023 0.062   -982127    0 
10400:    1.00    0.085    0.012 0.250 0.142    0.042 0.023 0.062   -982122    0 
10500:    1.00    0.100    0.012 0.250 0.141    0.042 0.023 0.062   -981852    0 
10600:    1.00    0.064    0.012 0.253 0.143    0.043 0.023 0.062   -981787    0 
10700:    1.00    0.092    0.012 0.253 0.140    0.042 0.023 0.061   -981615    0 
10800:    1.00    0.047    0.012 0.249 0.141    0.042 0.023 0.061   -982310    0 
10900:    1.00    0.069    0.012 0.250 0.142    0.042 0.023 0.062   -981771    0 

--------------------------------------------
Proportion of membership of each pre-defined
 population in each of the 3 clusters

Given    Inferred Clusters       Number of
 Pop       1      2      3      Individuals

  1:     0.670  0.108  0.222       23
--------------------------------------------

 Rep#:   Lambda   Alpha      F1    F2    F3     D1,2  D1,3  D2,3    Ln Like  Est Ln P(D)
11000:    1.00    0.053    0.012 0.249 0.141    0.042 0.023 0.061   -982230    0 
11100:    1.00    0.101    0.012 0.249 0.143    0.042 0.023 0.062   -981738    0 
11200:    1.00    0.089    0.012 0.248 0.143    0.042 0.023 0.062   -982034    0 
11300:    1.00    0.067    0.012 0.248 0.145    0.042 0.024 0.063   -982542    0 
11400:    1.00    0.044    0.012 0.252 0.145    0.043 0.023 0.063   -981778    0 
11500:    1.00    0.083    0.012 0.252 0.145    0.043 0.024 0.062   -982301    0 
11600:    1.00    0.085    0.012 0.252 0.144    0.043 0.023 0.062   -981868    0 
11700:    1.00    0.102    0.012 0.249 0.147    0.042 0.024 0.062   -982131    0 
11800:    1.00    0.055    0.012 0.249 0.144    0.042 0.023 0.062   -982039    0 
11900:    1.00    0.094    0.012 0.255 0.147    0.043 0.024 0.063   -981574    0 

--------------------------------------------
Proportion of membership of each pre-defined
 population in each of the 3 clusters

Given    Inferred Clusters       Number of
 Pop       1      2      3      Individuals

  1:     0.673  0.106  0.221       23
--------------------------------------------

 Rep#:   Lambda   Alpha      F1    F2    F3     D1,2  D1,3  D2,3    Ln Like  Est Ln P(D)
12000:    1.00    0.081    0.012 0.258 0.147    0.043 0.024 0.063   -981114    0 
12100:    1.00    0.065    0.012 0.259 0.147    0.044 0.024 0.064   -981737    0 
12200:    1.00    0.033    0.012 0.259 0.147    0.044 0.024 0.064   -981669    0 
12300:    1.00    0.081    0.012 0.259 0.146    0.044 0.023 0.064   -982009    0 
12400:    1.00    0.141    0.012 0.258 0.147    0.043 0.024 0.063   -981738    0 
12500:    1.00    0.096    0.012 0.258 0.147    0.043 0.024 0.064   -981627    0 
12600:    1.00    0.096    0.013 0.256 0.149    0.043 0.024 0.064   -981423    0 
12700:    1.00    0.072    0.013 0.258 0.151    0.044 0.024 0.064   -981712    0 
12800:    1.00    0.101    0.013 0.255 0.151    0.043 0.024 0.063   -982015    0 
12900:    1.00    0.071    0.013 0.257 0.150    0.043 0.024 0.064   -981315    0 

--------------------------------------------
Proportion of membership of each pre-defined
 population in each of the 3 clusters

Given    Inferred Clusters       Number of
 Pop       1      2      3      Individuals

  1:     0.671  0.107  0.222       23
--------------------------------------------

 Rep#:   Lambda   Alpha      F1    F2    F3     D1,2  D1,3  D2,3    Ln Like  Est Ln P(D)
13000:    1.00    0.079    0.013 0.256 0.148    0.043 0.024 0.064   -981295    0 
13100:    1.00    0.077    0.013 0.254 0.147    0.043 0.024 0.063   -981721    0 
13200:    1.00    0.116    0.013 0.254 0.149    0.042 0.024 0.063   -982248    0 
13300:    1.00    0.055    0.013 0.256 0.148    0.044 0.024 0.064   -981674    0 
13400:    1.00    0.093    0.013 0.256 0.149    0.043 0.024 0.063   -981164    0 
13500:    1.00    0.082    0.013 0.254 0.149    0.043 0.024 0.063   -981874    0 
13600:    1.00    0.078    0.013 0.250 0.144    0.042 0.023 0.062   -982256    0 
13700:    1.00    0.091    0.013 0.247 0.143    0.042 0.023 0.062   -982119    0 
13800:    1.00    0.082    0.013 0.242 0.143    0.041 0.023 0.061   -982197    0 
13900:    1.00    0.069    0.013 0.243 0.141    0.041 0.022 0.060   -982834    0 

--------------------------------------------
Proportion of membership of each pre-defined
 population in each of the 3 clusters

Given    Inferred Clusters       Number of
 Pop       1      2      3      Individuals

  1:     0.670  0.108  0.222       23
--------------------------------------------

 Rep#:   Lambda   Alpha      F1    F2    F3     D1,2  D1,3  D2,3    Ln Like  Est Ln P(D)
14000:    1.00    0.072    0.013 0.243 0.143    0.041 0.023 0.061   -981881    0 
14100:    1.00    0.081    0.013 0.245 0.143    0.042 0.023 0.061   -981975    0 
14200:    1.00    0.097    0.013 0.246 0.142    0.042 0.023 0.061   -981733    0 
14300:    1.00    0.082    0.013 0.251 0.142    0.042 0.023 0.062   -981969    0 
14400:    1.00    0.051    0.013 0.251 0.142    0.042 0.023 0.061   -981717    0 
14500:    1.00    0.063    0.013 0.252 0.142    0.042 0.023 0.062   -982283    0 
14600:    1.00    0.056    0.013 0.252 0.143    0.043 0.023 0.062   -981916    0 
14700:    1.00    0.065    0.013 0.252 0.141    0.042 0.023 0.061   -982093    0 
14800:    1.00    0.098    0.013 0.252 0.143    0.042 0.023 0.062   -981568    0 
14900:    1.00    0.046    0.013 0.250 0.142    0.042 0.023 0.061   -982412    0 

--------------------------------------------
Proportion of membership of each pre-defined
 population in each of the 3 clusters

Given    Inferred Clusters       Number of
 Pop       1      2      3      Individuals

  1:     0.672  0.107  0.221       23
--------------------------------------------

 Rep#:   Lambda   Alpha      F1    F2    F3     D1,2  D1,3  D2,3    Ln Like  Est Ln P(D)
15000:    1.00    0.044    0.013 0.249 0.141    0.042 0.023 0.062   -982043    0 
15100:    1.00    0.088    0.013 0.245 0.139    0.042 0.023 0.061   -982344    0 
15200:    1.00    0.040    0.012 0.246 0.139    0.041 0.023 0.061   -982125    0 
15300:    1.00    0.091    0.012 0.246 0.141    0.042 0.023 0.061   -982260    0 
15400:    1.00    0.134    0.012 0.248 0.139    0.042 0.023 0.061   -981570    0 
15500:    1.00    0.098    0.012 0.246 0.138    0.042 0.022 0.061   -982240    0 
15600:    1.00    0.064    0.012 0.246 0.138    0.042 0.022 0.061   -982216    0 
15700:    1.00    0.085    0.012 0.248 0.138    0.042 0.022 0.061   -982454    0 
15800:    1.00    0.085    0.012 0.250 0.138    0.042 0.022 0.061   -982715    0 
15900:    1.00    0.079    0.012 0.249 0.141    0.042 0.023 0.062   -982510    0 

--------------------------------------------
Proportion of membership of each pre-defined
 population in each of the 3 clusters

Given    Inferred Clusters       Number of
 Pop       1      2      3      Individuals

  1:     0.670  0.109  0.221       23
--------------------------------------------

 Rep#:   Lambda   Alpha      F1    F2    F3     D1,2  D1,3  D2,3    Ln Like  Est Ln P(D)
16000:    1.00    0.088    0.012 0.251 0.141    0.043 0.023 0.062   -981719    0 
16100:    1.00    0.077    0.012 0.254 0.140    0.042 0.023 0.062   -982316    0 
16200:    1.00    0.076    0.012 0.249 0.142    0.042 0.023 0.062   -981870    0 
16300:    1.00    0.060    0.012 0.249 0.142    0.042 0.023 0.062   -982159    0 
16400:    1.00    0.041    0.012 0.248 0.142    0.042 0.023 0.061   -982300    0 
16500:    1.00    0.084    0.012 0.244 0.142    0.041 0.023 0.061   -982182    0 
16600:    1.00    0.097    0.012 0.244 0.143    0.041 0.023 0.061   -982023    0 
16700:    1.00    0.096    0.012 0.243 0.142    0.041 0.023 0.061   -982142    0 
16800:    1.00    0.094    0.012 0.244 0.142    0.041 0.023 0.061   -982767    0 
16900:    1.00    0.050    0.012 0.245 0.143    0.041 0.023 0.061   -981995    0 

--------------------------------------------
Proportion of membership of each pre-defined
 population in each of the 3 clusters

Given    Inferred Clusters       Number of
 Pop       1      2      3      Individuals

  1:     0.671  0.109  0.220       23
--------------------------------------------

 Rep#:   Lambda   Alpha      F1    F2    F3     D1,2  D1,3  D2,3    Ln Like  Est Ln P(D)
17000:    1.00    0.080    0.012 0.246 0.143    0.041 0.023 0.061   -981981    0 
17100:    1.00    0.080    0.012 0.244 0.144    0.041 0.023 0.061   -982075    0 
17200:    1.00    0.084    0.012 0.248 0.144    0.042 0.023 0.062   -982049    0 
17300:    1.00    0.102    0.012 0.247 0.144    0.042 0.023 0.062   -982391    0 
17400:    1.00    0.098    0.012 0.248 0.144    0.041 0.023 0.061   -982010    0 
17500:    1.00    0.080    0.012 0.247 0.144    0.041 0.023 0.061   -981741    0 
17600:    1.00    0.101    0.012 0.249 0.143    0.042 0.023 0.062   -982113    0 
17700:    1.00    0.074    0.012 0.247 0.143    0.042 0.023 0.061   -982041    0 
17800:    1.00    0.094    0.012 0.248 0.142    0.042 0.023 0.062   -982275    0 
17900:    1.00    0.114    0.012 0.250 0.143    0.042 0.023 0.062   -982118    0 

--------------------------------------------
Proportion of membership of each pre-defined
 population in each of the 3 clusters

Given    Inferred Clusters       Number of
 Pop       1      2      3      Individuals

  1:     0.669  0.109  0.222       23
--------------------------------------------

 Rep#:   Lambda   Alpha      F1    F2    F3     D1,2  D1,3  D2,3    Ln Like  Est Ln P(D)
18000:    1.00    0.086    0.012 0.252 0.146    0.042 0.023 0.062   -981591    0 
18100:    1.00    0.114    0.012 0.249 0.146    0.042 0.024 0.063   -982210    0 
18200:    1.00    0.075    0.012 0.253 0.145    0.042 0.023 0.062   -982230    0 
18300:    1.00    0.077    0.012 0.249 0.146    0.042 0.023 0.062   -981823    0 
18400:    1.00    0.085    0.012 0.249 0.143    0.042 0.023 0.062   -981852    0 
18500:    1.00    0.064    0.012 0.256 0.144    0.043 0.023 0.063   -981975    0 
18600:    1.00    0.121    0.012 0.255 0.144    0.043 0.023 0.063   -982137    0 
18700:    1.00    0.047    0.012 0.249 0.144    0.042 0.023 0.062   -982026    0 
18800:    1.00    0.072    0.012 0.253 0.144    0.042 0.023 0.062   -982344    0 
18900:    1.00    0.123    0.012 0.249 0.144    0.043 0.023 0.063   -982093    0 

--------------------------------------------
Proportion of membership of each pre-defined
 population in each of the 3 clusters

Given    Inferred Clusters       Number of
 Pop       1      2      3      Individuals

  1:     0.674  0.108  0.218       23
--------------------------------------------

 Rep#:   Lambda   Alpha      F1    F2    F3     D1,2  D1,3  D2,3    Ln Like  Est Ln P(D)
19000:    1.00    0.093    0.012 0.250 0.144    0.042 0.023 0.062   -982241    0 
19100:    1.00    0.081    0.012 0.247 0.144    0.042 0.023 0.062   -982017    0 
19200:    1.00    0.062    0.012 0.248 0.143    0.042 0.023 0.062   -982081    0 
19300:    1.00    0.047    0.012 0.248 0.143    0.041 0.023 0.061   -981769    0 
19400:    1.00    0.087    0.012 0.245 0.143    0.041 0.023 0.062   -981952    0 
19500:    1.00    0.097    0.012 0.247 0.144    0.042 0.023 0.062   -982313    0 
19600:    1.00    0.079    0.012 0.255 0.144    0.043 0.023 0.062   -981904    0 
19700:    1.00    0.032    0.012 0.255 0.145    0.043 0.023 0.063   -982422    0 
19800:    1.00    0.089    0.012 0.256 0.147    0.043 0.024 0.063   -982340    0 
19900:    1.00    0.089    0.012 0.253 0.147    0.043 0.023 0.063   -982146    0 

--------------------------------------------
Proportion of membership of each pre-defined
 population in each of the 3 clusters

Given    Inferred Clusters       Number of
 Pop       1      2      3      Individuals

  1:     0.679  0.107  0.214       23
--------------------------------------------

 Rep#:   Lambda   Alpha      F1    F2    F3     D1,2  D1,3  D2,3    Ln Like  Est Ln P(D)
20000:    1.00    0.048    0.012 0.253 0.149    0.042 0.024 0.062   -982420    0 
20100:    1.00    0.059    0.011 0.253 0.150    0.042 0.024 0.063   -982018    0 
20200:    1.00    0.088    0.011 0.251 0.151    0.043 0.024 0.064   -982477    0 
20300:    1.00    0.069    0.011 0.250 0.153    0.042 0.024 0.063   -982326    0 
20400:    1.00    0.056    0.011 0.252 0.155    0.043 0.025 0.063   -982413    0 
20500:    1.00    0.082    0.011 0.252 0.155    0.042 0.025 0.064   -982393    0 
20600:    1.00    0.113    0.012 0.252 0.156    0.042 0.025 0.064   -981893    0 
20700:    1.00    0.091    0.012 0.250 0.155    0.042 0.025 0.064   -981918    0 
20800:    1.00    0.089    0.012 0.254 0.152    0.043 0.024 0.064   -981603    0 
20900:    1.00    0.079    0.012 0.254 0.152    0.042 0.025 0.063   -981535    0 

--------------------------------------------
Proportion of membership of each pre-defined
 population in each of the 3 clusters

Given    Inferred Clusters       Number of
 Pop       1      2      3      Individuals

  1:     0.677  0.107  0.216       23
--------------------------------------------

 Rep#:   Lambda   Alpha      F1    F2    F3     D1,2  D1,3  D2,3    Ln Like  Est Ln P(D)
21000:    1.00    0.046    0.012 0.251 0.151    0.042 0.024 0.063   -981914    0 
21100:    1.00    0.065    0.012 0.250 0.150    0.042 0.024 0.063   -982341    0 
21200:    1.00    0.099    0.012 0.250 0.148    0.041 0.024 0.062   -982065    0 
21300:    1.00    0.079    0.012 0.249 0.147    0.042 0.024 0.062   -982360    0 
21400:    1.00    0.089    0.012 0.253 0.147    0.042 0.024 0.063   -982382    0 
21500:    1.00    0.137    0.012 0.252 0.147    0.042 0.024 0.062   -982219    0 
21600:    1.00    0.100    0.012 0.247 0.147    0.041 0.024 0.061   -982246    0 
21700:    1.00    0.092    0.012 0.246 0.147    0.041 0.024 0.062   -981901    0 
21800:    1.00    0.066    0.012 0.247 0.145    0.042 0.023 0.062   -982306    0 
21900:    1.00    0.098    0.012 0.247 0.146    0.041 0.023 0.061   -982140    0 

--------------------------------------------
Proportion of membership of each pre-defined
 population in each of the 3 clusters

Given    Inferred Clusters       Number of
 Pop       1      2      3      Individuals

  1:     0.674  0.107  0.218       23
--------------------------------------------

 Rep#:   Lambda   Alpha      F1    F2    F3     D1,2  D1,3  D2,3    Ln Like  Est Ln P(D)
22000:    1.00    0.079    0.012 0.250 0.144    0.042 0.023 0.062   -982634    0 
22100:    1.00    0.087    0.012 0.251 0.144    0.042 0.023 0.061   -982119    0 
22200:    1.00    0.047    0.012 0.249 0.144    0.042 0.023 0.062   -982306    0 
22300:    1.00    0.098    0.012 0.246 0.144    0.042 0.023 0.062   -982723    0 
22400:    1.00    0.085    0.012 0.246 0.147    0.042 0.024 0.062   -982183    0 
22500:    1.00    0.064    0.012 0.246 0.148    0.041 0.024 0.062   -982284    0 
22600:    1.00    0.051    0.012 0.244 0.147    0.041 0.024 0.061   -982011    0 
22700:    1.00    0.117    0.012 0.243 0.147    0.041 0.024 0.061   -982366    0 
22800:    1.00    0.033    0.012 0.245 0.145    0.041 0.023 0.061   -982086    0 
22900:    1.00    0.057    0.012 0.247 0.146    0.042 0.023 0.062   -981994    0 

--------------------------------------------
Proportion of membership of each pre-defined
 population in each of the 3 clusters

Given    Inferred Clusters       Number of
 Pop       1      2      3      Individuals

  1:     0.667  0.108  0.225       23
--------------------------------------------

 Rep#:   Lambda   Alpha      F1    F2    F3     D1,2  D1,3  D2,3    Ln Like  Est Ln P(D)
23000:    1.00    0.071    0.012 0.248 0.145    0.042 0.023 0.062   -982177    0 
23100:    1.00    0.089    0.012 0.250 0.145    0.042 0.023 0.062   -982029    0 
23200:    1.00    0.086    0.012 0.249 0.146    0.042 0.023 0.062   -981992    0 
23300:    1.00    0.075    0.012 0.251 0.146    0.042 0.024 0.062   -982398    0 
23400:    1.00    0.086    0.012 0.251 0.142    0.042 0.023 0.062   -982176    0 
23500:    1.00    0.103    0.012 0.254 0.142    0.043 0.023 0.062   -981678    0 
23600:    1.00    0.049    0.012 0.251 0.142    0.043 0.023 0.062   -982206    0 
23700:    1.00    0.048    0.012 0.251 0.142    0.042 0.023 0.062   -982330    0 
23800:    1.00    0.067    0.012 0.249 0.142    0.042 0.023 0.062   -981921    0 
23900:    1.00    0.052    0.012 0.249 0.144    0.042 0.023 0.062   -982260    0 

--------------------------------------------
Proportion of membership of each pre-defined
 population in each of the 3 clusters

Given    Inferred Clusters       Number of
 Pop       1      2      3      Individuals

  1:     0.676  0.108  0.216       23
--------------------------------------------

 Rep#:   Lambda   Alpha      F1    F2    F3     D1,2  D1,3  D2,3    Ln Like  Est Ln P(D)
24000:    1.00    0.089    0.012 0.252 0.144    0.042 0.023 0.063   -982253    0 
24100:    1.00    0.064    0.012 0.251 0.144    0.042 0.023 0.062   -982199    0 
24200:    1.00    0.066    0.012 0.249 0.144    0.042 0.023 0.062   -981875    0 
24300:    1.00    0.085    0.012 0.249 0.144    0.042 0.023 0.062   -981997    0 
24400:    1.00    0.085    0.012 0.251 0.142    0.043 0.023 0.063   -982480    0 
24500:    1.00    0.111    0.012 0.252 0.142    0.042 0.023 0.062   -982305    0 
24600:    1.00    0.086    0.012 0.248 0.142    0.042 0.023 0.061   -982054    0 
24700:    1.00    0.067    0.012 0.245 0.142    0.042 0.023 0.062   -982314    0 
24800:    1.00    0.065    0.012 0.248 0.142    0.042 0.023 0.062   -982312    0 
24900:    1.00    0.062    0.011 0.251 0.142    0.042 0.023 0.062   -981770    0 

--------------------------------------------
Proportion of membership of each pre-defined
 population in each of the 3 clusters

Given    Inferred Clusters       Number of
 Pop       1      2      3      Individuals

  1:     0.670  0.107  0.223       23
--------------------------------------------

 Rep#:   Lambda   Alpha      F1    F2    F3     D1,2  D1,3  D2,3    Ln Like  Est Ln P(D)
25000:    1.00    0.059    0.011 0.250 0.142    0.042 0.023 0.062   -981837    0 
25100:    1.00    0.081    0.011 0.250 0.143    0.042 0.023 0.062   -981929    0 
25200:    1.00    0.080    0.011 0.250 0.145    0.043 0.023 0.062   -981925    0 
25300:    1.00    0.091    0.011 0.248 0.145    0.042 0.023 0.062   -982072    0 
25400:    1.00    0.087    0.011 0.250 0.145    0.042 0.023 0.062   -981707    0 
25500:    1.00    0.047    0.011 0.248 0.144    0.042 0.023 0.062   -981669    0 
25600:    1.00    0.076    0.011 0.253 0.144    0.043 0.023 0.062   -982319    0 
25700:    1.00    0.091    0.011 0.254 0.143    0.043 0.023 0.063   -982113    0 
25800:    1.00    0.101    0.011 0.257 0.144    0.043 0.023 0.063   -981917    0 
25900:    1.00    0.096    0.011 0.255 0.145    0.043 0.023 0.063   -982217    0 

--------------------------------------------
Proportion of membership of each pre-defined
 population in each of the 3 clusters

Given    Inferred Clusters       Number of
 Pop       1      2      3      Individuals

  1:     0.672  0.108  0.220       23
--------------------------------------------

 Rep#:   Lambda   Alpha      F1    F2    F3     D1,2  D1,3  D2,3    Ln Like  Est Ln P(D)
26000:    1.00    0.060    0.011 0.252 0.142    0.042 0.023 0.061   -981946    0 
26100:    1.00    0.088    0.011 0.253 0.142    0.042 0.023 0.062   -982081    0 
26200:    1.00    0.065    0.011 0.251 0.143    0.042 0.023 0.062   -982214    0 
26300:    1.00    0.064    0.011 0.256 0.145    0.043 0.023 0.064   -981819    0 
26400:    1.00    0.051    0.012 0.254 0.148    0.043 0.024 0.063   -982211    0 
26500:    1.00    0.073    0.012 0.254 0.149    0.043 0.024 0.063   -981754    0 
26600:    1.00    0.094    0.012 0.254 0.147    0.043 0.023 0.063   -982284    0 
26700:    1.00    0.071    0.012 0.253 0.147    0.043 0.023 0.063   -981946    0 
26800:    1.00    0.080    0.012 0.254 0.146    0.042 0.024 0.062   -982008    0 
26900:    1.00    0.043    0.012 0.257 0.147    0.043 0.024 0.064   -981938    0 

--------------------------------------------
Proportion of membership of each pre-defined
 population in each of the 3 clusters

Given    Inferred Clusters       Number of
 Pop       1      2      3      Individuals

  1:     0.674  0.107  0.219       23
--------------------------------------------

 Rep#:   Lambda   Alpha      F1    F2    F3     D1,2  D1,3  D2,3    Ln Like  Est Ln P(D)
27000:    1.00    0.066    0.012 0.259 0.148    0.043 0.024 0.063   -981368    0 
27100:    1.00    0.080    0.012 0.258 0.149    0.043 0.024 0.064   -981798    0 
27200:    1.00    0.064    0.012 0.256 0.149    0.042 0.024 0.063   -981911    0 
27300:    1.00    0.054    0.012 0.248 0.149    0.041 0.024 0.062   -981895    0 
27400:    1.00    0.077    0.012 0.249 0.149    0.042 0.024 0.062   -981503    0 
27500:    1.00    0.102    0.012 0.246 0.147    0.041 0.024 0.062   -981850    0 
27600:    1.00    0.053    0.012 0.246 0.147    0.041 0.023 0.062   -982816    0 
27700:    1.00    0.043    0.012 0.248 0.147    0.042 0.024 0.063   -982296    0 
27800:    1.00    0.077    0.012 0.249 0.148    0.042 0.024 0.062   -981938    0 
27900:    1.00    0.073    0.011 0.245 0.149    0.041 0.024 0.062   -982198    0 

--------------------------------------------
Proportion of membership of each pre-defined
 population in each of the 3 clusters

Given    Inferred Clusters       Number of
 Pop       1      2      3      Individuals

  1:     0.677  0.107  0.216       23
--------------------------------------------

 Rep#:   Lambda   Alpha      F1    F2    F3     D1,2  D1,3  D2,3    Ln Like  Est Ln P(D)
28000:    1.00    0.046    0.011 0.250 0.149    0.042 0.024 0.063   -982441    0 
28100:    1.00    0.082    0.011 0.254 0.149    0.043 0.024 0.064   -981941    0 
28200:    1.00    0.059    0.012 0.254 0.147    0.043 0.024 0.064   -982059    0 
28300:    1.00    0.052    0.012 0.252 0.148    0.042 0.024 0.062   -981923    0 
28400:    1.00    0.087    0.011 0.248 0.148    0.042 0.024 0.063   -982078    0 
28500:    1.00    0.085    0.011 0.246 0.148    0.041 0.024 0.061   -982508    0 
28600:    1.00    0.067    0.011 0.247 0.145    0.042 0.023 0.062   -982701    0 
28700:    1.00    0.060    0.011 0.248 0.143    0.042 0.023 0.062   -982424    0 
28800:    1.00    0.060    0.011 0.248 0.143    0.041 0.023 0.062   -981991    0 
28900:    1.00    0.073    0.011 0.252 0.144    0.042 0.023 0.062   -981830    0 

--------------------------------------------
Proportion of membership of each pre-defined
 population in each of the 3 clusters

Given    Inferred Clusters       Number of
 Pop       1      2      3      Individuals

  1:     0.675  0.108  0.217       23
--------------------------------------------

 Rep#:   Lambda   Alpha      F1    F2    F3     D1,2  D1,3  D2,3    Ln Like  Est Ln P(D)
29000:    1.00    0.062    0.011 0.255 0.143    0.043 0.023 0.062   -982255    0 
29100:    1.00    0.086    0.011 0.252 0.143    0.042 0.023 0.062   -981914    0 
29200:    1.00    0.089    0.011 0.254 0.145    0.043 0.023 0.062   -981928    0 
29300:    1.00    0.072    0.011 0.254 0.145    0.042 0.023 0.063   -982133    0 
29400:    1.00    0.037    0.011 0.253 0.148    0.042 0.024 0.063   -982177    0 
29500:    1.00    0.046    0.011 0.250 0.146    0.042 0.023 0.063   -982192    0 
29600:    1.00    0.096    0.011 0.252 0.145    0.042 0.023 0.063   -982086    0 
29700:    1.00    0.067    0.011 0.258 0.147    0.043 0.024 0.064   -981824    0 
29800:    1.00    0.080    0.011 0.263 0.147    0.044 0.024 0.064   -981820    0 
29900:    1.00    0.051    0.011 0.262 0.148    0.044 0.023 0.064   -982228    0 

--------------------------------------------
Proportion of membership of each pre-defined
 population in each of the 3 clusters

Given    Inferred Clusters       Number of
 Pop       1      2      3      Individuals

  1:     0.677  0.107  0.216       23
--------------------------------------------

 Rep#:   Lambda   Alpha      F1    F2    F3     D1,2  D1,3  D2,3    Ln Like  Est Ln P(D)
30000:    1.00    0.064    0.011 0.263 0.148    0.044 0.024 0.064   -981799    0 
30100:    1.00    0.095    0.011 0.262 0.148    0.044 0.024 0.064   -981914    0 
30200:    1.00    0.073    0.011 0.258 0.149    0.043 0.024 0.063   -981541    0 
30300:    1.00    0.063    0.011 0.260 0.146    0.043 0.023 0.064   -982022    0 
30400:    1.00    0.073    0.011 0.259 0.146    0.043 0.023 0.063   -981610    0 
30500:    1.00    0.070    0.011 0.258 0.146    0.043 0.023 0.063   -982002    0 
30600:    1.00    0.092    0.011 0.258 0.148    0.043 0.023 0.064   -981468    0 
30700:    1.00    0.078    0.011 0.255 0.148    0.043 0.024 0.063   -981781    0 
30800:    1.00    0.064    0.011 0.252 0.148    0.042 0.024 0.063   -982194    0 
30900:    1.00    0.126    0.011 0.252 0.147    0.042 0.023 0.062   -982157    0 

--------------------------------------------
Proportion of membership of each pre-defined
 population in each of the 3 clusters

Given    Inferred Clusters       Number of
 Pop       1      2      3      Individuals

  1:     0.675  0.107  0.219       23
--------------------------------------------

 Rep#:   Lambda   Alpha      F1    F2    F3     D1,2  D1,3  D2,3    Ln Like  Est Ln P(D)
31000:    1.00    0.115    0.011 0.252 0.147    0.042 0.023 0.063   -982219    0 
31100:    1.00    0.124    0.011 0.250 0.146    0.042 0.023 0.062   -981992    0 
31200:    1.00    0.093    0.011 0.247 0.146    0.042 0.023 0.062   -981588    0 
31300:    1.00    0.068    0.011 0.249 0.145    0.042 0.023 0.062   -981891    0 
31400:    1.00    0.050    0.011 0.251 0.143    0.042 0.023 0.062   -981975    0 
31500:    1.00    0.068    0.011 0.252 0.142    0.042 0.023 0.062   -982424    0 
31600:    1.00    0.096    0.011 0.251 0.142    0.042 0.023 0.062   -981851    0 
31700:    1.00    0.072    0.011 0.256 0.141    0.043 0.023 0.063   -982065    0 
31800:    1.00    0.052    0.011 0.258 0.142    0.043 0.023 0.062   -982063    0 
31900:    1.00    0.065    0.011 0.258 0.144    0.043 0.023 0.063   -981922    0 

--------------------------------------------
Proportion of membership of each pre-defined
 population in each of the 3 clusters

Given    Inferred Clusters       Number of
 Pop       1      2      3      Individuals

  1:     0.675  0.107  0.218       23
--------------------------------------------

 Rep#:   Lambda   Alpha      F1    F2    F3     D1,2  D1,3  D2,3    Ln Like  Est Ln P(D)
32000:    1.00    0.065    0.011 0.255 0.143    0.043 0.023 0.062   -982027    0 
32100:    1.00    0.063    0.011 0.256 0.143    0.043 0.023 0.063   -981918    0 
32200:    1.00    0.072    0.011 0.247 0.143    0.042 0.023 0.062   -982461    0 
32300:    1.00    0.061    0.011 0.248 0.144    0.042 0.023 0.062   -981753    0 
32400:    1.00    0.060    0.011 0.251 0.144    0.042 0.023 0.062   -982348    0 
32500:    1.00    0.059    0.011 0.250 0.141    0.042 0.022 0.061   -981970    0 
32600:    1.00    0.107    0.011 0.249 0.142    0.042 0.023 0.061   -982461    0 
32700:    1.00    0.099    0.011 0.252 0.140    0.042 0.022 0.061   -982304    0 
32800:    1.00    0.090    0.011 0.254 0.140    0.042 0.022 0.061   -982025    0 
32900:    1.00    0.052    0.011 0.258 0.141    0.043 0.023 0.062   -981877    0 

--------------------------------------------
Proportion of membership of each pre-defined
 population in each of the 3 clusters

Given    Inferred Clusters       Number of
 Pop       1      2      3      Individuals

  1:     0.672  0.107  0.221       23
--------------------------------------------

 Rep#:   Lambda   Alpha      F1    F2    F3     D1,2  D1,3  D2,3    Ln Like  Est Ln P(D)
33000:    1.00    0.073    0.011 0.257 0.141    0.043 0.023 0.062   -982029    0 
33100:    1.00    0.071    0.011 0.256 0.143    0.043 0.023 0.063   -982192    0 
33200:    1.00    0.035    0.011 0.252 0.142    0.042 0.023 0.062   -982226    0 
33300:    1.00    0.056    0.011 0.251 0.143    0.042 0.023 0.062   -982315    0 
33400:    1.00    0.063    0.011 0.252 0.143    0.042 0.023 0.061   -982654    0 
33500:    1.00    0.073    0.011 0.252 0.144    0.042 0.023 0.062   -982389    0 
33600:    1.00    0.060    0.011 0.247 0.144    0.041 0.023 0.061   -982392    0 
33700:    1.00    0.079    0.011 0.245 0.144    0.041 0.023 0.061   -981827    0 
33800:    1.00    0.061    0.011 0.248 0.139    0.042 0.022 0.061   -982304    0 
33900:    1.00    0.072    0.011 0.249 0.140    0.042 0.023 0.061   -982463    0 

--------------------------------------------
Proportion of membership of each pre-defined
 population in each of the 3 clusters

Given    Inferred Clusters       Number of
 Pop       1      2      3      Individuals

  1:     0.672  0.109  0.219       23
--------------------------------------------

 Rep#:   Lambda   Alpha      F1    F2    F3     D1,2  D1,3  D2,3    Ln Like  Est Ln P(D)
34000:    1.00    0.075    0.011 0.249 0.140    0.042 0.023 0.062   -982141    0 
34100:    1.00    0.055    0.011 0.251 0.140    0.042 0.022 0.061   -982328    0 
34200:    1.00    0.044    0.011 0.249 0.142    0.042 0.023 0.061   -982240    0 
34300:    1.00    0.078    0.011 0.252 0.142    0.042 0.023 0.061   -982391    0 
34400:    1.00    0.055    0.011 0.253 0.142    0.042 0.023 0.062   -981906    0 
34500:    1.00    0.073    0.011 0.256 0.143    0.043 0.023 0.063   -982200    0 
34600:    1.00    0.063    0.011 0.250 0.143    0.042 0.023 0.062   -982290    0 
34700:    1.00    0.042    0.011 0.251 0.144    0.043 0.023 0.062   -982131    0 
34800:    1.00    0.075    0.012 0.253 0.148    0.042 0.024 0.063   -981753    0 
34900:    1.00    0.072    0.012 0.252 0.148    0.043 0.024 0.062   -981954    0 

--------------------------------------------
Proportion of membership of each pre-defined
 population in each of the 3 clusters

Given    Inferred Clusters       Number of
 Pop       1      2      3      Individuals

  1:     0.672  0.106  0.222       23
--------------------------------------------

 Rep#:   Lambda   Alpha      F1    F2    F3     D1,2  D1,3  D2,3    Ln Like  Est Ln P(D)
35000:    1.00    0.073    0.012 0.256 0.148    0.043 0.024 0.063   -981825    0 
35100:    1.00    0.047    0.012 0.261 0.147    0.044 0.023 0.063   -981841    0 
35200:    1.00    0.076    0.012 0.258 0.149    0.044 0.024 0.065   -981583    0 
35300:    1.00    0.084    0.012 0.260 0.147    0.043 0.024 0.064   -981789    0 
35400:    1.00    0.091    0.012 0.261 0.147    0.044 0.024 0.064   -981221    0 
35500:    1.00    0.058    0.012 0.257 0.144    0.043 0.023 0.063   -981951    0 
35600:    1.00    0.061    0.012 0.257 0.145    0.043 0.023 0.063   -981917    0 
35700:    1.00    0.089    0.012 0.258 0.145    0.043 0.023 0.063   -981866    0 
35800:    1.00    0.074    0.012 0.258 0.145    0.043 0.023 0.063   -982082    0 
35900:    1.00    0.064    0.012 0.258 0.146    0.043 0.023 0.064   -982195    0 

--------------------------------------------
Proportion of membership of each pre-defined
 population in each of the 3 clusters

Given    Inferred Clusters       Number of
 Pop       1      2      3      Individuals

  1:     0.680  0.107  0.213       23
--------------------------------------------

 Rep#:   Lambda   Alpha      F1    F2    F3     D1,2  D1,3  D2,3    Ln Like  Est Ln P(D)
36000:    1.00    0.114    0.012 0.256 0.143    0.043 0.023 0.063   -981479    0 
36100:    1.00    0.095    0.012 0.256 0.143    0.043 0.023 0.063   -982097    0 
36200:    1.00    0.098    0.012 0.257 0.143    0.043 0.023 0.063   -982020    0 
36300:    1.00    0.096    0.012 0.257 0.144    0.043 0.024 0.063   -981944    0 
36400:    1.00    0.103    0.012 0.255 0.148    0.043 0.024 0.063   -981652    0 
36500:    1.00    0.054    0.012 0.255 0.147    0.043 0.023 0.063   -982041    0 
36600:    1.00    0.050    0.012 0.252 0.146    0.043 0.024 0.063   -982031    0 
36700:    1.00    0.071    0.012 0.248 0.146    0.042 0.023 0.062   -982345    0 
36800:    1.00    0.066    0.012 0.247 0.143    0.041 0.023 0.061   -982004    0 
36900:    1.00    0.110    0.012 0.253 0.143    0.042 0.023 0.062   -981419    0 

--------------------------------------------
Proportion of membership of each pre-defined
 population in each of the 3 clusters

Given    Inferred Clusters       Number of
 Pop       1      2      3      Individuals

  1:     0.678  0.107  0.215       23
--------------------------------------------

 Rep#:   Lambda   Alpha      F1    F2    F3     D1,2  D1,3  D2,3    Ln Like  Est Ln P(D)
37000:    1.00    0.074    0.012 0.253 0.141    0.043 0.023 0.062   -981889    0 
37100:    1.00    0.080    0.012 0.256 0.141    0.043 0.023 0.062   -982100    0 
37200:    1.00    0.058    0.012 0.255 0.141    0.043 0.023 0.062   -982164    0 
37300:    1.00    0.067    0.012 0.254 0.141    0.043 0.023 0.062   -981886    0 
37400:    1.00    0.105    0.012 0.253 0.141    0.043 0.023 0.062   -982130    0 
37500:    1.00    0.088    0.012 0.249 0.141    0.042 0.023 0.062   -982289    0 
37600:    1.00    0.078    0.012 0.256 0.142    0.043 0.023 0.063   -982268    0 
37700:    1.00    0.072    0.012 0.255 0.143    0.043 0.023 0.063   -981468    0 
37800:    1.00    0.085    0.012 0.255 0.145    0.043 0.023 0.062   -981891    0 
37900:    1.00    0.050    0.012 0.252 0.147    0.042 0.023 0.062   -981975    0 

--------------------------------------------
Proportion of membership of each pre-defined
 population in each of the 3 clusters

Given    Inferred Clusters       Number of
 Pop       1      2      3      Individuals

  1:     0.678  0.108  0.214       23
--------------------------------------------

 Rep#:   Lambda   Alpha      F1    F2    F3     D1,2  D1,3  D2,3    Ln Like  Est Ln P(D)
38000:    1.00    0.067    0.012 0.255 0.147    0.043 0.023 0.063   -981774    0 
38100:    1.00    0.053    0.012 0.260 0.148    0.044 0.024 0.064   -981685    0 
38200:    1.00    0.045    0.012 0.252 0.150    0.042 0.024 0.063   -982202    0 
38300:    1.00    0.066    0.012 0.252 0.146    0.042 0.023 0.063   -982045    0 
38400:    1.00    0.075    0.012 0.252 0.146    0.042 0.024 0.062   -982234    0 
38500:    1.00    0.052    0.012 0.255 0.147    0.043 0.023 0.062   -981724    0 
38600:    1.00    0.072    0.012 0.255 0.146    0.043 0.023 0.063   -982168    0 
38700:    1.00    0.082    0.012 0.254 0.146    0.042 0.023 0.062   -981874    0 
38800:    1.00    0.065    0.012 0.250 0.146    0.042 0.023 0.062   -982015    0 
38900:    1.00    0.078    0.012 0.249 0.145    0.042 0.023 0.062   -981693    0 

--------------------------------------------
Proportion of membership of each pre-defined
 population in each of the 3 clusters

Given    Inferred Clusters       Number of
 Pop       1      2      3      Individuals

  1:     0.675  0.108  0.217       23
--------------------------------------------

 Rep#:   Lambda   Alpha      F1    F2    F3     D1,2  D1,3  D2,3    Ln Like  Est Ln P(D)
39000:    1.00    0.062    0.012 0.250 0.143    0.042 0.023 0.062   -982495    0 
39100:    1.00    0.063    0.012 0.249 0.142    0.042 0.023 0.061   -981887    0 
39200:    1.00    0.063    0.012 0.249 0.141    0.042 0.022 0.061   -982131    0 
39300:    1.00    0.044    0.012 0.249 0.141    0.042 0.023 0.061   -982399    0 
39400:    1.00    0.072    0.012 0.247 0.143    0.042 0.023 0.062   -982000    0 
39500:    1.00    0.064    0.012 0.250 0.143    0.042 0.023 0.062   -982388    0 
39600:    1.00    0.103    0.012 0.250 0.143    0.042 0.023 0.061   -982118    0 
39700:    1.00    0.063    0.012 0.250 0.142    0.042 0.023 0.061   -982352    0 
39800:    1.00    0.063    0.012 0.256 0.142    0.042 0.023 0.062   -981595    0 
39900:    1.00    0.062    0.012 0.257 0.143    0.043 0.023 0.062   -981872    0 

--------------------------------------------
Proportion of membership of each pre-defined
 population in each of the 3 clusters

Given    Inferred Clusters       Number of
 Pop       1      2      3      Individuals

  1:     0.676  0.108  0.217       23
--------------------------------------------

 Rep#:   Lambda   Alpha      F1    F2    F3     D1,2  D1,3  D2,3    Ln Like  Est Ln P(D)
40000:    1.00    0.039    0.012 0.256 0.143    0.043 0.023 0.063   -981938    0 
40100:    1.00    0.040    0.012 0.255 0.142    0.043 0.023 0.063   -981947    0 
40200:    1.00    0.032    0.012 0.256 0.144    0.043 0.023 0.063   -981382    0 
40300:    1.00    0.071    0.012 0.257 0.143    0.043 0.023 0.063   -981657    0 
40400:    1.00    0.062    0.012 0.259 0.144    0.043 0.023 0.063   -982227    0 
40500:    1.00    0.054    0.012 0.254 0.140    0.042 0.023 0.061   -982332    0 
40600:    1.00    0.072    0.012 0.253 0.140    0.042 0.022 0.061   -982921    0 
40700:    1.00    0.066    0.012 0.252 0.140    0.042 0.023 0.062   -981891    0 
40800:    1.00    0.099    0.012 0.252 0.141    0.043 0.023 0.062   -981390    0 
40900:    1.00    0.080    0.012 0.252 0.141    0.042 0.023 0.061   -981942    0 

--------------------------------------------
Proportion of membership of each pre-defined
 population in each of the 3 clusters

Given    Inferred Clusters       Number of
 Pop       1      2      3      Individuals

  1:     0.676  0.107  0.217       23
--------------------------------------------

 Rep#:   Lambda   Alpha      F1    F2    F3     D1,2  D1,3  D2,3    Ln Like  Est Ln P(D)
41000:    1.00    0.046    0.012 0.258 0.140    0.043 0.022 0.062   -981558    0 
41100:    1.00    0.054    0.012 0.259 0.141    0.044 0.023 0.063   -981858    0 
41200:    1.00    0.084    0.012 0.254 0.139    0.042 0.022 0.062   -982351    0 
41300:    1.00    0.072    0.012 0.253 0.139    0.043 0.022 0.062   -982265    0 
41400:    1.00    0.050    0.011 0.254 0.142    0.043 0.023 0.062   -981950    0 
41500:    1.00    0.076    0.011 0.254 0.140    0.042 0.023 0.062   -982036    0 
41600:    1.00    0.067    0.011 0.254 0.142    0.043 0.023 0.062   -981771    0 
41700:    1.00    0.050    0.011 0.252 0.143    0.042 0.023 0.062   -982108    0 
41800:    1.00    0.088    0.011 0.253 0.143    0.043 0.023 0.062   -982017    0 
41900:    1.00    0.078    0.011 0.245 0.142    0.041 0.023 0.061   -982881    0 

--------------------------------------------
Proportion of membership of each pre-defined
 population in each of the 3 clusters

Given    Inferred Clusters       Number of
 Pop       1      2      3      Individuals

  1:     0.675  0.109  0.215       23
--------------------------------------------

 Rep#:   Lambda   Alpha      F1    F2    F3     D1,2  D1,3  D2,3    Ln Like  Est Ln P(D)
42000:    1.00    0.083    0.011 0.249 0.146    0.042 0.023 0.062   -982298    0 
42100:    1.00    0.084    0.011 0.248 0.146    0.042 0.023 0.061   -982274    0 
42200:    1.00    0.063    0.012 0.251 0.146    0.042 0.024 0.062   -982405    0 
42300:    1.00    0.045    0.012 0.247 0.146    0.042 0.024 0.062   -982451    0 
42400:    1.00    0.088    0.012 0.251 0.146    0.042 0.023 0.062   -982554    0 
42500:    1.00    0.059    0.012 0.250 0.148    0.042 0.024 0.062   -982467    0 
42600:    1.00    0.080    0.012 0.247 0.148    0.041 0.024 0.061   -981888    0 
42700:    1.00    0.082    0.012 0.247 0.149    0.042 0.024 0.063   -981924    0 
42800:    1.00    0.064    0.012 0.247 0.148    0.042 0.024 0.062   -981802    0 
42900:    1.00    0.056    0.012 0.248 0.148    0.042 0.024 0.062   -981661    0 

--------------------------------------------
Proportion of membership of each pre-defined
 population in each of the 3 clusters

Given    Inferred Clusters       Number of
 Pop       1      2      3      Individuals

  1:     0.675  0.108  0.217       23
--------------------------------------------

 Rep#:   Lambda   Alpha      F1    F2    F3     D1,2  D1,3  D2,3    Ln Like  Est Ln P(D)
43000:    1.00    0.066    0.012 0.248 0.150    0.042 0.024 0.063   -981905    0 
43100:    1.00    0.060    0.012 0.252 0.150    0.042 0.024 0.062   -981892    0 
43200:    1.00    0.040    0.012 0.250 0.149    0.042 0.024 0.062   -981866    0 
43300:    1.00    0.062    0.011 0.251 0.149    0.042 0.024 0.063   -981862    0 
43400:    1.00    0.087    0.011 0.252 0.149    0.043 0.024 0.063   -982315    0 
43500:    1.00    0.039    0.011 0.253 0.149    0.043 0.024 0.064   -982100    0 
43600:    1.00    0.071    0.011 0.255 0.150    0.042 0.024 0.063   -981259    0 
43700:    1.00    0.070    0.011 0.253 0.146    0.042 0.024 0.062   -982177    0 
43800:    1.00    0.072    0.011 0.248 0.146    0.042 0.023 0.062   -982507    0 
43900:    1.00    0.060    0.011 0.248 0.146    0.042 0.024 0.062   -982248    0 

--------------------------------------------
Proportion of membership of each pre-defined
 population in each of the 3 clusters

Given    Inferred Clusters       Number of
 Pop       1      2      3      Individuals

  1:     0.676  0.108  0.216       23
--------------------------------------------

 Rep#:   Lambda   Alpha      F1    F2    F3     D1,2  D1,3  D2,3    Ln Like  Est Ln P(D)
44000:    1.00    0.065    0.011 0.251 0.146    0.042 0.024 0.062   -982185    0 
44100:    1.00    0.057    0.011 0.251 0.147    0.042 0.023 0.062   -981982    0 
44200:    1.00    0.095    0.011 0.254 0.147    0.042 0.023 0.063   -981921    0 
44300:    1.00    0.082    0.011 0.252 0.147    0.042 0.023 0.062   -981930    0 
44400:    1.00    0.069    0.011 0.244 0.147    0.041 0.024 0.061   -982149    0 
44500:    1.00    0.108    0.011 0.245 0.145    0.041 0.023 0.061   -982486    0 
44600:    1.00    0.042    0.011 0.245 0.143    0.041 0.023 0.061   -982593    0 
44700:    1.00    0.062    0.011 0.245 0.144    0.041 0.023 0.061   -982122    0 
44800:    1.00    0.092    0.011 0.246 0.143    0.041 0.023 0.061   -982536    0 
44900:    1.00    0.062    0.011 0.249 0.143    0.041 0.023 0.061   -981960    0 

--------------------------------------------
Proportion of membership of each pre-defined
 population in each of the 3 clusters

Given    Inferred Clusters       Number of
 Pop       1      2      3      Individuals

  1:     0.670  0.109  0.221       23
--------------------------------------------

 Rep#:   Lambda   Alpha      F1    F2    F3     D1,2  D1,3  D2,3    Ln Like  Est Ln P(D)
45000:    1.00    0.081    0.011 0.252 0.142    0.042 0.023 0.062   -981924    0 
45100:    1.00    0.068    0.011 0.252 0.141    0.043 0.023 0.062   -982022    0 
45200:    1.00    0.056    0.011 0.252 0.140    0.042 0.022 0.062   -982283    0 
45300:    1.00    0.074    0.011 0.252 0.141    0.042 0.023 0.061   -981366    0 
45400:    1.00    0.076    0.011 0.252 0.138    0.042 0.022 0.062   -982282    0 
45500:    1.00    0.052    0.011 0.254 0.141    0.043 0.023 0.062   -982127    0 
45600:    1.00    0.097    0.011 0.253 0.141    0.042 0.023 0.062   -982338    0 
45700:    1.00    0.039    0.011 0.255 0.144    0.043 0.023 0.063   -982055    0 
45800:    1.00    0.078    0.011 0.255 0.144    0.043 0.023 0.062   -982099    0 
45900:    1.00    0.055    0.011 0.257 0.142    0.043 0.023 0.062   -981770    0 

--------------------------------------------
Proportion of membership of each pre-defined
 population in each of the 3 clusters

Given    Inferred Clusters       Number of
 Pop       1      2      3      Individuals

  1:     0.676  0.107  0.217       23
--------------------------------------------

 Rep#:   Lambda   Alpha      F1    F2    F3     D1,2  D1,3  D2,3    Ln Like  Est Ln P(D)
46000:    1.00    0.050    0.011 0.256 0.142    0.043 0.023 0.063   -981740    0 
46100:    1.00    0.077    0.011 0.249 0.142    0.042 0.023 0.061   -982485    0 
46200:    1.00    0.077    0.011 0.250 0.141    0.042 0.023 0.062   -982179    0 
46300:    1.00    0.057    0.011 0.249 0.141    0.041 0.023 0.061   -981816    0 
46400:    1.00    0.053    0.011 0.249 0.141    0.042 0.023 0.061   -982171    0 
46500:    1.00    0.039    0.011 0.251 0.145    0.042 0.023 0.062   -981986    0 
46600:    1.00    0.071    0.011 0.252 0.145    0.043 0.023 0.062   -981840    0 
46700:    1.00    0.053    0.011 0.253 0.145    0.042 0.023 0.063   -982399    0 
46800:    1.00    0.048    0.011 0.253 0.146    0.042 0.023 0.063   -982031    0 
46900:    1.00    0.073    0.011 0.249 0.146    0.042 0.023 0.062   -982093    0 

--------------------------------------------
Proportion of membership of each pre-defined
 population in each of the 3 clusters

Given    Inferred Clusters       Number of
 Pop       1      2      3      Individuals

  1:     0.673  0.109  0.218       23
--------------------------------------------

 Rep#:   Lambda   Alpha      F1    F2    F3     D1,2  D1,3  D2,3    Ln Like  Est Ln P(D)
47000:    1.00    0.058    0.011 0.248 0.146    0.042 0.023 0.062   -981777    0 
47100:    1.00    0.089    0.011 0.250 0.145    0.042 0.023 0.062   -981451    0 
47200:    1.00    0.085    0.011 0.250 0.144    0.042 0.023 0.062   -981837    0 
47300:    1.00    0.085    0.011 0.253 0.147    0.042 0.024 0.063   -981662    0 
47400:    1.00    0.070    0.011 0.250 0.146    0.042 0.023 0.063   -981770    0 
47500:    1.00    0.070    0.011 0.252 0.144    0.042 0.023 0.062   -982335    0 
47600:    1.00    0.087    0.011 0.251 0.145    0.042 0.023 0.063   -982884    0 
47700:    1.00    0.086    0.011 0.251 0.145    0.042 0.023 0.062   -982130    0 
47800:    1.00    0.038    0.011 0.253 0.146    0.042 0.023 0.062   -982065    0 
47900:    1.00    0.053    0.011 0.254 0.148    0.043 0.023 0.063   -981740    0 

--------------------------------------------
Proportion of membership of each pre-defined
 population in each of the 3 clusters

Given    Inferred Clusters       Number of
 Pop       1      2      3      Individuals

  1:     0.673  0.107  0.219       23
--------------------------------------------

 Rep#:   Lambda   Alpha      F1    F2    F3     D1,2  D1,3  D2,3    Ln Like  Est Ln P(D)
48000:    1.00    0.040    0.011 0.253 0.146    0.042 0.023 0.063   -982080    0 
48100:    1.00    0.046    0.011 0.253 0.142    0.042 0.023 0.062   -982044    0 
48200:    1.00    0.059    0.011 0.255 0.144    0.042 0.023 0.062   -981986    0 
48300:    1.00    0.060    0.011 0.250 0.145    0.042 0.023 0.062   -981889    0 
48400:    1.00    0.064    0.011 0.251 0.144    0.042 0.023 0.062   -982009    0 
48500:    1.00    0.048    0.011 0.251 0.145    0.042 0.023 0.062   -981895    0 
48600:    1.00    0.101    0.011 0.249 0.145    0.041 0.023 0.061   -981558    0 
48700:    1.00    0.091    0.011 0.250 0.142    0.042 0.023 0.061   -982118    0 
48800:    1.00    0.060    0.011 0.249 0.144    0.042 0.023 0.062   -981659    0 
48900:    1.00    0.081    0.011 0.250 0.144    0.042 0.023 0.062   -982223    0 

--------------------------------------------
Proportion of membership of each pre-defined
 population in each of the 3 clusters

Given    Inferred Clusters       Number of
 Pop       1      2      3      Individuals

  1:     0.673  0.109  0.219       23
--------------------------------------------

 Rep#:   Lambda   Alpha      F1    F2    F3     D1,2  D1,3  D2,3    Ln Like  Est Ln P(D)
49000:    1.00    0.085    0.011 0.247 0.143    0.041 0.023 0.061   -982419    0 
49100:    1.00    0.075    0.011 0.249 0.143    0.042 0.023 0.061   -981873    0 
49200:    1.00    0.078    0.011 0.251 0.144    0.042 0.023 0.062   -982165    0 
49300:    1.00    0.066    0.011 0.251 0.144    0.042 0.023 0.063   -982409    0 
49400:    1.00    0.086    0.011 0.251 0.145    0.042 0.023 0.062   -982134    0 
49500:    1.00    0.083    0.011 0.252 0.145    0.042 0.023 0.063   -982406    0 
49600:    1.00    0.076    0.011 0.249 0.145    0.042 0.023 0.062   -982514    0 
49700:    1.00    0.064    0.011 0.247 0.144    0.042 0.023 0.062   -982568    0 
49800:    1.00    0.075    0.011 0.247 0.144    0.042 0.023 0.062   -982449    0 
49900:    1.00    0.080    0.011 0.248 0.144    0.042 0.023 0.061   -982813    0 

--------------------------------------------
Proportion of membership of each pre-defined
 population in each of the 3 clusters

Given    Inferred Clusters       Number of
 Pop       1      2      3      Individuals

  1:     0.677  0.108  0.215       23
--------------------------------------------

 Rep#:   Lambda   Alpha      F1    F2    F3     D1,2  D1,3  D2,3    Ln Like  Est Ln P(D)
50000:    1.00    0.070    0.011 0.252 0.144    0.042 0.023 0.062   -982284    0 
50100:    1.00    0.094    0.011 0.255 0.144    0.043 0.023 0.063   -982110    0 
50200:    1.00    0.064    0.011 0.254 0.144    0.043 0.023 0.063   -981703    0 
50300:    1.00    0.108    0.011 0.255 0.144    0.043 0.023 0.063   -982060    0 
50400:    1.00    0.076    0.011 0.255 0.145    0.043 0.023 0.063   -981895    0 
50500:    1.00    0.078    0.011 0.257 0.147    0.044 0.024 0.064   -981476    0 
50600:    1.00    0.058    0.011 0.258 0.144    0.043 0.023 0.063   -981714    0 
50700:    1.00    0.054    0.011 0.257 0.143    0.043 0.023 0.063   -982215    0 
50800:    1.00    0.056    0.011 0.257 0.143    0.043 0.023 0.063   -981985    0 
50900:    1.00    0.056    0.011 0.254 0.143    0.043 0.023 0.062   -982453    0 

--------------------------------------------
Proportion of membership of each pre-defined
 population in each of the 3 clusters

Given    Inferred Clusters       Number of
 Pop       1      2      3      Individuals

  1:     0.677  0.106  0.217       23
--------------------------------------------

 Rep#:   Lambda   Alpha      F1    F2    F3     D1,2  D1,3  D2,3    Ln Like  Est Ln P(D)
51000:    1.00    0.068    0.011 0.254 0.143    0.043 0.023 0.062   -982440    0 
51100:    1.00    0.050    0.011 0.251 0.142    0.042 0.023 0.062   -981928    0 
51200:    1.00    0.090    0.011 0.250 0.142    0.042 0.023 0.061   -982554    0 
51300:    1.00    0.106    0.011 0.255 0.142    0.043 0.023 0.062   -981772    0 
51400:    1.00    0.063    0.011 0.255 0.141    0.043 0.023 0.062   -982541    0 
51500:    1.00    0.096    0.011 0.259 0.141    0.043 0.023 0.062   -981863    0 
51600:    1.00    0.071    0.011 0.260 0.141    0.043 0.023 0.063   -981653    0 
51700:    1.00    0.112    0.011 0.260 0.141    0.044 0.023 0.063   -981740    0 
51800:    1.00    0.056    0.011 0.261 0.142    0.043 0.023 0.063   -981789    0 
51900:    1.00    0.057    0.011 0.256 0.142    0.043 0.023 0.063   -982167    0 

--------------------------------------------
Proportion of membership of each pre-defined
 population in each of the 3 clusters

Given    Inferred Clusters       Number of
 Pop       1      2      3      Individuals

  1:     0.677  0.107  0.217       23
--------------------------------------------

 Rep#:   Lambda   Alpha      F1    F2    F3     D1,2  D1,3  D2,3    Ln Like  Est Ln P(D)
52000:    1.00    0.083    0.011 0.256 0.143    0.043 0.023 0.062   -982003    0 
52100:    1.00    0.079    0.011 0.255 0.144    0.042 0.023 0.062   -982028    0 
52200:    1.00    0.067    0.011 0.254 0.141    0.042 0.023 0.062   -981908    0 
52300:    1.00    0.044    0.011 0.257 0.141    0.042 0.023 0.062   -981763    0 
52400:    1.00    0.029    0.011 0.258 0.145    0.043 0.023 0.063   -981797    0 
52500:    1.00    0.057    0.011 0.258 0.143    0.043 0.023 0.063   -981562    0 
52600:    1.00    0.081    0.011 0.258 0.143    0.044 0.023 0.063   -982196    0 
52700:    1.00    0.068    0.011 0.258 0.145    0.043 0.023 0.063   -981842    0 
52800:    1.00    0.071    0.011 0.256 0.145    0.043 0.023 0.063   -981753    0 
52900:    1.00    0.072    0.011 0.256 0.143    0.043 0.023 0.062   -982203    0 

--------------------------------------------
Proportion of membership of each pre-defined
 population in each of the 3 clusters

Given    Inferred Clusters       Number of
 Pop       1      2      3      Individuals

  1:     0.678  0.106  0.215       23
--------------------------------------------

 Rep#:   Lambda   Alpha      F1    F2    F3     D1,2  D1,3  D2,3    Ln Like  Est Ln P(D)
53000:    1.00    0.087    0.011 0.253 0.144    0.043 0.023 0.063   -981962    0 
53100:    1.00    0.044    0.011 0.255 0.142    0.043 0.023 0.062   -981749    0 
53200:    1.00    0.054    0.011 0.254 0.142    0.043 0.023 0.062   -982170    0 
53300:    1.00    0.064    0.011 0.257 0.144    0.043 0.023 0.063   -981620    0 
53400:    1.00    0.062    0.011 0.257 0.142    0.043 0.023 0.063   -982375    0 
53500:    1.00    0.060    0.011 0.257 0.142    0.043 0.023 0.063   -981619    0 
53600:    1.00    0.071    0.011 0.253 0.141    0.042 0.022 0.062   -981997    0 
53700:    1.00    0.089    0.011 0.253 0.141    0.042 0.023 0.062   -981798    0 
53800:    1.00    0.058    0.011 0.252 0.141    0.042 0.023 0.062   -982001    0 
53900:    1.00    0.065    0.011 0.251 0.139    0.042 0.022 0.061   -982520    0 

--------------------------------------------
Proportion of membership of each pre-defined
 population in each of the 3 clusters

Given    Inferred Clusters       Number of
 Pop       1      2      3      Individuals

  1:     0.677  0.106  0.217       23
--------------------------------------------

 Rep#:   Lambda   Alpha      F1    F2    F3     D1,2  D1,3  D2,3    Ln Like  Est Ln P(D)
54000:    1.00    0.057    0.011 0.249 0.140    0.042 0.023 0.061   -982579    0 
54100:    1.00    0.088    0.011 0.246 0.140    0.042 0.023 0.062   -982197    0 
54200:    1.00    0.068    0.011 0.246 0.140    0.041 0.022 0.060   -982408    0 
54300:    1.00    0.050    0.011 0.246 0.140    0.041 0.022 0.061   -982414    0 
54400:    1.00    0.065    0.011 0.246 0.141    0.041 0.023 0.061   -981880    0 
54500:    1.00    0.049    0.011 0.251 0.143    0.042 0.023 0.062   -982431    0 
54600:    1.00    0.063    0.011 0.254 0.143    0.043 0.023 0.062   -982230    0 
54700:    1.00    0.068    0.011 0.263 0.143    0.044 0.023 0.063   -981895    0 
54800:    1.00    0.063    0.011 0.260 0.144    0.043 0.023 0.063   -981888    0 
54900:    1.00    0.086    0.011 0.257 0.143    0.043 0.023 0.062   -981588    0 

--------------------------------------------
Proportion of membership of each pre-defined
 population in each of the 3 clusters

Given    Inferred Clusters       Number of
 Pop       1      2      3      Individuals

  1:     0.678  0.107  0.215       23
--------------------------------------------

 Rep#:   Lambda   Alpha      F1    F2    F3     D1,2  D1,3  D2,3    Ln Like  Est Ln P(D)
55000:    1.00    0.072    0.011 0.253 0.145    0.042 0.023 0.062   -981726    0 
55100:    1.00    0.077    0.011 0.253 0.145    0.043 0.023 0.063   -981982    0 
55200:    1.00    0.086    0.011 0.250 0.143    0.042 0.023 0.062   -982344    0 
55300:    1.00    0.057    0.011 0.250 0.143    0.042 0.023 0.062   -982255    0 
55400:    1.00    0.033    0.011 0.248 0.143    0.042 0.023 0.062   -981912    0 
55500:    1.00    0.079    0.011 0.250 0.144    0.042 0.023 0.062   -982000    0 
55600:    1.00    0.060    0.011 0.250 0.142    0.042 0.023 0.061   -982087    0 
55700:    1.00    0.077    0.011 0.250 0.142    0.042 0.023 0.061   -982357    0 
55800:    1.00    0.080    0.011 0.256 0.144    0.043 0.023 0.062   -981914    0 
55900:    1.00    0.048    0.011 0.256 0.144    0.042 0.023 0.062   -982228    0 

--------------------------------------------
Proportion of membership of each pre-defined
 population in each of the 3 clusters

Given    Inferred Clusters       Number of
 Pop       1      2      3      Individuals

  1:     0.676  0.108  0.216       23
--------------------------------------------

 Rep#:   Lambda   Alpha      F1    F2    F3     D1,2  D1,3  D2,3    Ln Like  Est Ln P(D)
56000:    1.00    0.091    0.011 0.256 0.147    0.043 0.023 0.064   -982320    0 
56100:    1.00    0.046    0.011 0.256 0.147    0.043 0.024 0.063   -981869    0 
56200:    1.00    0.061    0.011 0.254 0.148    0.042 0.024 0.063   -981704    0 
56300:    1.00    0.059    0.011 0.250 0.148    0.042 0.024 0.062   -982396    0 
56400:    1.00    0.067    0.011 0.250 0.146    0.041 0.023 0.061   -982185    0 
56500:    1.00    0.067    0.011 0.251 0.144    0.042 0.023 0.061   -981790    0 
56600:    1.00    0.068    0.011 0.250 0.144    0.042 0.023 0.062   -981826    0 
56700:    1.00    0.055    0.011 0.252 0.143    0.042 0.023 0.062   -982223    0 
56800:    1.00    0.056    0.011 0.255 0.143    0.042 0.023 0.063   -982486    0 
56900:    1.00    0.031    0.011 0.256 0.143    0.043 0.023 0.063   -982015    0 

--------------------------------------------
Proportion of membership of each pre-defined
 population in each of the 3 clusters

Given    Inferred Clusters       Number of
 Pop       1      2      3      Individuals

  1:     0.677  0.106  0.217       23
--------------------------------------------

 Rep#:   Lambda   Alpha      F1    F2    F3     D1,2  D1,3  D2,3    Ln Like  Est Ln P(D)
57000:    1.00    0.028    0.011 0.258 0.145    0.044 0.023 0.064   -982088    0 
57100:    1.00    0.072    0.011 0.260 0.145    0.043 0.023 0.064   -981895    0 
57200:    1.00    0.066    0.011 0.257 0.145    0.043 0.023 0.063   -982032    0 
57300:    1.00    0.048    0.011 0.257 0.145    0.043 0.023 0.063   -981810    0 
57400:    1.00    0.058    0.011 0.260 0.145    0.044 0.023 0.064   -981811    0 
57500:    1.00    0.095    0.011 0.262 0.145    0.044 0.023 0.064   -981550    0 
57600:    1.00    0.048    0.011 0.260 0.146    0.043 0.023 0.063   -982028    0 
57700:    1.00    0.089    0.011 0.256 0.146    0.043 0.023 0.063   -981998    0 
57800:    1.00    0.069    0.011 0.257 0.146    0.043 0.023 0.063   -982492    0 
57900:    1.00    0.055    0.011 0.260 0.151    0.043 0.024 0.063   -981745    0 

--------------------------------------------
Proportion of membership of each pre-defined
 population in each of the 3 clusters

Given    Inferred Clusters       Number of
 Pop       1      2      3      Individuals

  1:     0.683  0.106  0.210       23
--------------------------------------------

 Rep#:   Lambda   Alpha      F1    F2    F3     D1,2  D1,3  D2,3    Ln Like  Est Ln P(D)
58000:    1.00    0.062    0.011 0.260 0.151    0.044 0.024 0.064   -981924    0 
58100:    1.00    0.059    0.011 0.258 0.151    0.043 0.024 0.064   -982272    0 
58200:    1.00    0.057    0.011 0.258 0.151    0.043 0.024 0.064   -981885    0 
58300:    1.00    0.082    0.011 0.258 0.150    0.044 0.024 0.064   -981642    0 
58400:    1.00    0.055    0.011 0.254 0.151    0.043 0.024 0.064   -982124    0 
58500:    1.00    0.047    0.011 0.254 0.149    0.043 0.024 0.063   -981827    0 
58600:    1.00    0.045    0.011 0.255 0.150    0.043 0.024 0.064   -981986    0 
58700:    1.00    0.073    0.011 0.256 0.152    0.043 0.024 0.064   -982504    0 
58800:    1.00    0.084    0.011 0.252 0.155    0.042 0.025 0.064   -982043    0 
58900:    1.00    0.042    0.011 0.250 0.152    0.042 0.024 0.063   -982175    0 

--------------------------------------------
Proportion of membership of each pre-defined
 population in each of the 3 clusters

Given    Inferred Clusters       Number of
 Pop       1      2      3      Individuals

  1:     0.687  0.107  0.206       23
--------------------------------------------

 Rep#:   Lambda   Alpha      F1    F2    F3     D1,2  D1,3  D2,3    Ln Like  Est Ln P(D)
59000:    1.00    0.063    0.011 0.253 0.151    0.042 0.024 0.063   -981972    0 
59100:    1.00    0.081    0.011 0.255 0.153    0.043 0.024 0.064   -982390    0 
59200:    1.00    0.043    0.011 0.251 0.153    0.042 0.024 0.064   -982833    0 
59300:    1.00    0.069    0.011 0.252 0.153    0.043 0.024 0.064   -982088    0 
59400:    1.00    0.059    0.011 0.256 0.152    0.043 0.024 0.064   -982605    0 
59500:    1.00    0.097    0.011 0.256 0.151    0.043 0.024 0.063   -982281    0 
59600:    1.00    0.067    0.011 0.251 0.152    0.042 0.024 0.063   -982685    0 
59700:    1.00    0.077    0.011 0.252 0.152    0.042 0.024 0.064   -982347    0 
59800:    1.00    0.099    0.011 0.251 0.150    0.042 0.024 0.064   -982214    0 
59900:    1.00    0.062    0.011 0.248 0.150    0.041 0.024 0.063   -982684    0 
60000:    1.00    0.056    0.011 0.246 0.148    0.042 0.023 0.062   -982681    0 

MCMC completed

Inferred ancestry of individuals:
        Label (%Miss) Pop:  Inferred clusters
  1 18160D-09-0    (2)    1 :  0.933 0.000 0.066 
  2 18160D-09-0    (4)    1 :  0.921 0.000 0.079 
  3 18160D-09-0    (2)    1 :  0.290 0.000 0.710 
  4 18160D-09-0    (5)    1 :  0.001 0.000 0.999 
  5 18160D-09-0    (4)    1 :  0.130 0.000 0.870 
  6 18160D-09-0    (4)    1 :  0.090 0.000 0.910 
  7 18160D-09-0    (2)    1 :  0.005 0.000 0.995 
  8 18160D-09-0    (4)    1 :  0.952 0.000 0.047 
  9 18160D-09-0    (2)    1 :  0.841 0.159 0.000 
 10 18160D-09-1    (2)    1 :  0.000 1.000 0.000 
 11 18160D-09-1    (2)    1 :  0.705 0.295 0.001 
 12 18160D-09-1    (2)    1 :  0.829 0.171 0.000 
 13 18160D-09-1    (5)    1 :  0.913 0.000 0.086 
 14 18160D-09-1   (18)    1 :  0.915 0.000 0.085 
 15 18160D-09-1    (4)    1 :  0.998 0.000 0.002 
 16 18160D-09-1    (2)    1 :  0.141 0.845 0.013 
 17 18160D-09-1    (2)    1 :  0.941 0.000 0.059 
 18 18160D-09-1    (2)    1 :  1.000 0.000 0.000 
 19 18160D-09-1    (2)    1 :  0.994 0.000 0.006 
 20 18160D-09-2    (5)    1 :  0.999 0.000 0.001 
 21 18160D-09-2    (5)    1 :  0.933 0.000 0.067 
 22 18160D-09-2    (5)    1 :  1.000 0.000 0.000 
 23 18160D-09-2    (2)    1 :  0.995 0.000 0.005 

Command line arguments:   structure -D 727142 -K 3 -m mainparams -o k3/populations_k3_run4 
Input File:    populations.str
Output File:   k3/populations_k3_run4_f

Run parameters:
   23 individuals
   50160 loci
   3 populations assumed
   10000 Burn-in period
   50000 Reps
RANDOMIZE turned off

--------------------------------------------
Estimated Ln Prob of Data   = -1023179.7
Mean value of ln likelihood = -982060.0
Variance of ln likelihood   = 82239.4
Mean value of alpha         = 0.0734

Mean value of Fst_1         = 0.0116
Mean value of Fst_2         = 0.2521
Mean value of Fst_3         = 0.1447


--------------------------------------------
Proportion of membership of each pre-defined
 population in each of the 3 clusters

Given    Inferred Clusters       Number of
 Pop       1      2      3      Individuals

  1:     0.675  0.107  0.218       23
--------------------------------------------
Final results printed to file k3/populations_k3_run4_f

