

----------------------------------------------------
STRUCTURE by Pritchard, Stephens and Donnelly (2000)
     and Falush, Stephens and Pritchard (2003)
       Code by Pritchard, Falush and Hubisz
             Version 2.3.4 (Jul 2012)
----------------------------------------------------


Reading file "mainparams".
datafile is
populations.str
Reading file "extraparams".
Reading file "populations.str".


Data file "populations.str" (truncated) --

Ind:   Label Pop : Genotype_data . . . .
  1: 18160D-09-0    1  :  4   1   3   1   4   1   3  . . . .   2
  1: 18160D-09-0    1  :  4   1   3   1   4   4   4  . . . .   4
  2: 18160D-09-0    1  :  4   1   3   1   4   1   3  . . . .   2
  2: 18160D-09-0    1  :  4   1   3   1   4   4   3  . . . .   4
  3: 18160D-09-0    1  :  4   1   0   0   0   0   3  . . . .   2
  3: 18160D-09-0    1  :  4   3   0   0   0   0   3  . . . .   4
  4: 18160D-09-0    1  :  4   1   3   1   4   1   3  . . . .   2
  4: 18160D-09-0    1  :  4   3   3   1   4   1   3  . . . .   4

      *******   

 22: 18160D-09-2    1  :  4   1   3   1   4   1   3  . . . .   2
 22: 18160D-09-2    1  :  4   3   3   1   4   1   4  . . . .   4
 23: 18160D-09-2    1  :  4   1   3   1   4   1   3  . . . .   2
 23: 18160D-09-2    1  :  4   1   3   1   4   4   4  . . . .   4

Number of alleles per locus: min= 2; ave=2.0; max= 2


--------------------------------------

Finished initialization; starting MCMC 
50000 iterations + 10000 burnin


--------------------------------------------
Proportion of membership of each pre-defined
 population in each of the 3 clusters

Given    Inferred Clusters       Number of
 Pop       1      2      3      Individuals

  1:     0.329  0.338  0.334       23
--------------------------------------------

 Rep#:   Lambda   Alpha      F1    F2    F3     D1,2  D1,3  D2,3    Ln Like 
  100:    1.00    1.300    0.010 0.010 0.010    0.003 0.003 0.003   --  
  200:    1.00    1.693    0.010 0.010 0.010    0.003 0.003 0.003   --  
  300:    1.00    2.507    0.010 0.010 0.010    0.003 0.003 0.003   --  
  400:    1.00    2.984    0.010 0.010 0.010    0.003 0.003 0.003   --  
  500:    1.00    3.538    0.010 0.010 0.010    0.003 0.003 0.003   --  
  600:    1.00    3.596    0.010 0.010 0.010    0.003 0.003 0.003   --  
  700:    1.00    3.779    0.010 0.010 0.010    0.003 0.003 0.003   --  
  800:    1.00    3.836    0.010 0.010 0.010    0.003 0.003 0.003   --  
  900:    1.00    3.973    0.010 0.010 0.010    0.003 0.003 0.003   --  

--------------------------------------------
Proportion of membership of each pre-defined
 population in each of the 3 clusters

Given    Inferred Clusters       Number of
 Pop       1      2      3      Individuals

  1:     0.329  0.310  0.361       23
--------------------------------------------

 Rep#:   Lambda   Alpha      F1    F2    F3     D1,2  D1,3  D2,3    Ln Like 
 1000:    1.00    3.494    0.010 0.010 0.010    0.003 0.003 0.003   --  
 1100:    1.00    3.017    0.010 0.010 0.010    0.003 0.003 0.003   --  
 1200:    1.00    2.422    0.010 0.010 0.010    0.003 0.003 0.003   --  
 1300:    1.00    1.618    0.010 0.010 0.010    0.003 0.003 0.003   --  
 1400:    1.00    1.094    0.010 0.010 0.010    0.003 0.003 0.003   --  
 1500:    1.00    0.358    0.011 0.010 0.010    0.003 0.003 0.003   --  
 1600:    1.00    0.130    0.011 0.010 0.010    0.003 0.003 0.003   --  
 1700:    1.00    0.067    0.011 0.010 0.010    0.003 0.003 0.003   --  
 1800:    1.00    0.029    0.012 0.010 0.010    0.004 0.003 0.003   --  
 1900:    1.00    0.025    0.012 0.012 0.010    0.004 0.004 0.003   --  

--------------------------------------------
Proportion of membership of each pre-defined
 population in each of the 3 clusters

Given    Inferred Clusters       Number of
 Pop       1      2      3      Individuals

  1:     0.256  0.223  0.522       23
--------------------------------------------

 Rep#:   Lambda   Alpha      F1    F2    F3     D1,2  D1,3  D2,3    Ln Like 
 2000:    1.00    0.032    0.012 0.012 0.010    0.004 0.004 0.003   --  
 2100:    1.00    0.038    0.013 0.012 0.010    0.004 0.004 0.003   --  
 2200:    1.00    0.033    0.013 0.014 0.010    0.004 0.004 0.004   --  
 2300:    1.00    0.037    0.013 0.014 0.010    0.004 0.004 0.004   --  
 2400:    1.00    0.030    0.013 0.016 0.010    0.005 0.004 0.004   --  
 2500:    1.00    0.042    0.013 0.016 0.010    0.005 0.004 0.004   --  
 2600:    1.00    0.023    0.013 0.018 0.010    0.005 0.004 0.004   --  
 2700:    1.00    0.017    0.013 0.020 0.010    0.005 0.004 0.005   --  
 2800:    1.00    0.039    0.014 0.020 0.010    0.005 0.004 0.005   --  
 2900:    1.00    0.027    0.014 0.021 0.010    0.006 0.004 0.005   --  

--------------------------------------------
Proportion of membership of each pre-defined
 population in each of the 3 clusters

Given    Inferred Clusters       Number of
 Pop       1      2      3      Individuals

  1:     0.255  0.219  0.527       23
--------------------------------------------

 Rep#:   Lambda   Alpha      F1    F2    F3     D1,2  D1,3  D2,3    Ln Like 
 3000:    1.00    0.020    0.014 0.025 0.010    0.006 0.004 0.006   --  
 3100:    1.00    0.025    0.014 0.030 0.010    0.007 0.004 0.006   --  
 3200:    1.00    0.025    0.014 0.045 0.010    0.010 0.004 0.009   --  
 3300:    1.00    0.019    0.014 0.077 0.010    0.015 0.004 0.014   --  
 3400:    1.00    0.019    0.015 0.092 0.010    0.017 0.004 0.016   --  
 3500:    1.00    0.028    0.015 0.097 0.011    0.018 0.004 0.016   --  
 3600:    1.00    0.024    0.015 0.103 0.011    0.018 0.004 0.017   --  
 3700:    1.00    0.024    0.016 0.103 0.011    0.019 0.004 0.017   --  
 3800:    1.00    0.046    0.017 0.109 0.011    0.019 0.004 0.018   --  
 3900:    1.00    0.043    0.017 0.112 0.011    0.020 0.004 0.019   --  

--------------------------------------------
Proportion of membership of each pre-defined
 population in each of the 3 clusters

Given    Inferred Clusters       Number of
 Pop       1      2      3      Individuals

  1:     0.255  0.213  0.533       23
--------------------------------------------

 Rep#:   Lambda   Alpha      F1    F2    F3     D1,2  D1,3  D2,3    Ln Like 
 4000:    1.00    0.048    0.017 0.119 0.011    0.021 0.004 0.020   --  
 4100:    1.00    0.038    0.017 0.119 0.011    0.021 0.004 0.020   --  
 4200:    1.00    0.027    0.018 0.121 0.011    0.021 0.005 0.020   --  
 4300:    1.00    0.049    0.020 0.123 0.011    0.022 0.005 0.020   --  
 4400:    1.00    0.042    0.020 0.125 0.011    0.023 0.005 0.020   --  
 4500:    1.00    0.024    0.020 0.126 0.011    0.022 0.005 0.020   --  
 4600:    1.00    0.038    0.020 0.129 0.011    0.023 0.005 0.021   --  
 4700:    1.00    0.046    0.022 0.129 0.011    0.023 0.005 0.021   --  
 4800:    1.00    0.051    0.024 0.129 0.011    0.024 0.005 0.021   --  
 4900:    1.00    0.078    0.024 0.133 0.011    0.024 0.006 0.022   --  

--------------------------------------------
Proportion of membership of each pre-defined
 population in each of the 3 clusters

Given    Inferred Clusters       Number of
 Pop       1      2      3      Individuals

  1:     0.233  0.216  0.550       23
--------------------------------------------

 Rep#:   Lambda   Alpha      F1    F2    F3     D1,2  D1,3  D2,3    Ln Like 
 5000:    1.00    0.033    0.024 0.133 0.011    0.024 0.006 0.022   --  
 5100:    1.00    0.029    0.024 0.133 0.011    0.024 0.005 0.021   --  
 5200:    1.00    0.022    0.025 0.133 0.011    0.024 0.006 0.021   --  
 5300:    1.00    0.051    0.025 0.133 0.011    0.024 0.006 0.022   --  
 5400:    1.00    0.071    0.025 0.133 0.011    0.024 0.006 0.022   --  
 5500:    1.00    0.059    0.029 0.133 0.011    0.025 0.006 0.022   --  
 5600:    1.00    0.059    0.032 0.134 0.011    0.026 0.007 0.022   --  
 5700:    1.00    0.064    0.032 0.135 0.011    0.026 0.007 0.022   --  
 5800:    1.00    0.053    0.035 0.135 0.011    0.026 0.007 0.022   --  
 5900:    1.00    0.046    0.036 0.135 0.011    0.026 0.008 0.022   --  

--------------------------------------------
Proportion of membership of each pre-defined
 population in each of the 3 clusters

Given    Inferred Clusters       Number of
 Pop       1      2      3      Individuals

  1:     0.217  0.219  0.564       23
--------------------------------------------

 Rep#:   Lambda   Alpha      F1    F2    F3     D1,2  D1,3  D2,3    Ln Like 
 6000:    1.00    0.046    0.038 0.135 0.011    0.027 0.008 0.022   --  
 6100:    1.00    0.059    0.038 0.135 0.011    0.027 0.008 0.022   --  
 6200:    1.00    0.069    0.038 0.138 0.011    0.027 0.008 0.022   --  
 6300:    1.00    0.069    0.047 0.138 0.011    0.028 0.009 0.023   --  
 6400:    1.00    0.082    0.048 0.139 0.012    0.029 0.009 0.023   --  
 6500:    1.00    0.064    0.048 0.139 0.012    0.029 0.009 0.022   --  
 6600:    1.00    0.110    0.049 0.141 0.012    0.029 0.010 0.023   --  
 6700:    1.00    0.071    0.050 0.143 0.012    0.030 0.010 0.023   --  
 6800:    1.00    0.064    0.050 0.143 0.012    0.030 0.010 0.023   --  
 6900:    1.00    0.094    0.051 0.144 0.011    0.030 0.010 0.023   --  

--------------------------------------------
Proportion of membership of each pre-defined
 population in each of the 3 clusters

Given    Inferred Clusters       Number of
 Pop       1      2      3      Individuals

  1:     0.199  0.216  0.586       23
--------------------------------------------

 Rep#:   Lambda   Alpha      F1    F2    F3     D1,2  D1,3  D2,3    Ln Like 
 7000:    1.00    0.092    0.053 0.145 0.012    0.031 0.010 0.023   --  
 7100:    1.00    0.046    0.057 0.144 0.012    0.031 0.011 0.023   --  
 7200:    1.00    0.062    0.065 0.144 0.012    0.033 0.012 0.023   --  
 7300:    1.00    0.056    0.066 0.144 0.012    0.033 0.013 0.023   --  
 7400:    1.00    0.070    0.076 0.144 0.012    0.034 0.014 0.023   --  
 7500:    1.00    0.061    0.101 0.146 0.012    0.038 0.018 0.023   --  
 7600:    1.00    0.037    0.123 0.145 0.012    0.042 0.022 0.023   --  
 7700:    1.00    0.088    0.136 0.145 0.012    0.044 0.024 0.023   --  
 7800:    1.00    0.078    0.156 0.147 0.012    0.048 0.027 0.024   --  
 7900:    1.00    0.060    0.175 0.147 0.012    0.051 0.030 0.024   --  

--------------------------------------------
Proportion of membership of each pre-defined
 population in each of the 3 clusters

Given    Inferred Clusters       Number of
 Pop       1      2      3      Individuals

  1:     0.121  0.213  0.666       23
--------------------------------------------

 Rep#:   Lambda   Alpha      F1    F2    F3     D1,2  D1,3  D2,3    Ln Like 
 8000:    1.00    0.046    0.183 0.147 0.012    0.052 0.032 0.024   --  
 8100:    1.00    0.052    0.195 0.146 0.012    0.053 0.033 0.024   --  
 8200:    1.00    0.047    0.200 0.147 0.012    0.054 0.034 0.023   --  
 8300:    1.00    0.067    0.200 0.147 0.012    0.054 0.034 0.023   --  
 8400:    1.00    0.048    0.204 0.146 0.012    0.055 0.035 0.023   --  
 8500:    1.00    0.070    0.204 0.146 0.012    0.054 0.034 0.024   --  
 8600:    1.00    0.041    0.206 0.146 0.012    0.055 0.035 0.024   --  
 8700:    1.00    0.049    0.211 0.146 0.012    0.056 0.036 0.023   --  
 8800:    1.00    0.060    0.211 0.146 0.012    0.056 0.036 0.023   --  
 8900:    1.00    0.066    0.217 0.145 0.012    0.057 0.037 0.023   --  

--------------------------------------------
Proportion of membership of each pre-defined
 population in each of the 3 clusters

Given    Inferred Clusters       Number of
 Pop       1      2      3      Individuals

  1:     0.113  0.220  0.667       23
--------------------------------------------

 Rep#:   Lambda   Alpha      F1    F2    F3     D1,2  D1,3  D2,3    Ln Like 
 9000:    1.00    0.108    0.216 0.145 0.012    0.057 0.037 0.023   --  
 9100:    1.00    0.060    0.220 0.147 0.012    0.058 0.038 0.024   --  
 9200:    1.00    0.089    0.220 0.146 0.012    0.058 0.037 0.024   --  
 9300:    1.00    0.073    0.220 0.145 0.012    0.058 0.037 0.023   --  
 9400:    1.00    0.076    0.222 0.146 0.012    0.058 0.038 0.024   --  
 9500:    1.00    0.105    0.224 0.145 0.012    0.058 0.038 0.024   --  
 9600:    1.00    0.085    0.230 0.144 0.012    0.059 0.039 0.023   --  
 9700:    1.00    0.074    0.233 0.145 0.012    0.060 0.040 0.023   --  
 9800:    1.00    0.046    0.230 0.145 0.012    0.059 0.039 0.024   --  
 9900:    1.00    0.071    0.231 0.142 0.012    0.059 0.039 0.023   --  
10000:    1.00    0.063    0.230 0.142 0.012    0.058 0.039 0.023   --  

BURNIN completed
 Rep#:   Lambda   Alpha      F1    F2    F3     D1,2  D1,3  D2,3    Ln Like  Est Ln P(D)
10100:    1.00    0.064    0.228 0.142 0.012    0.058 0.039 0.023   -981734    0 
10200:    1.00    0.089    0.225 0.142 0.012    0.058 0.038 0.023   -982004    0 
10300:    1.00    0.054    0.227 0.146 0.012    0.058 0.038 0.023   -982363    0 
10400:    1.00    0.063    0.225 0.146 0.012    0.059 0.038 0.023   -982356    0 
10500:    1.00    0.071    0.227 0.146 0.012    0.058 0.038 0.023   -981956    0 
10600:    1.00    0.061    0.225 0.146 0.012    0.058 0.038 0.023   -982034    0 
10700:    1.00    0.091    0.227 0.145 0.013    0.059 0.038 0.024   -981665    0 
10800:    1.00    0.059    0.228 0.144 0.012    0.059 0.038 0.023   -982372    0 
10900:    1.00    0.101    0.228 0.144 0.012    0.059 0.039 0.023   -982153    0 

--------------------------------------------
Proportion of membership of each pre-defined
 population in each of the 3 clusters

Given    Inferred Clusters       Number of
 Pop       1      2      3      Individuals

  1:     0.112  0.226  0.662       23
--------------------------------------------

 Rep#:   Lambda   Alpha      F1    F2    F3     D1,2  D1,3  D2,3    Ln Like  Est Ln P(D)
11000:    1.00    0.064    0.229 0.144 0.012    0.058 0.038 0.023   -981840    0 
11100:    1.00    0.075    0.227 0.145 0.012    0.059 0.039 0.023   -982177    0 
11200:    1.00    0.089    0.229 0.145 0.012    0.059 0.039 0.023   -982536    0 
11300:    1.00    0.054    0.228 0.145 0.012    0.059 0.038 0.023   -982340    0 
11400:    1.00    0.053    0.229 0.145 0.012    0.059 0.039 0.023   -982328    0 
11500:    1.00    0.047    0.228 0.145 0.012    0.058 0.038 0.023   -982059    0 
11600:    1.00    0.043    0.232 0.144 0.012    0.060 0.039 0.023   -981806    0 
11700:    1.00    0.064    0.232 0.144 0.012    0.059 0.039 0.023   -982459    0 
11800:    1.00    0.065    0.233 0.143 0.012    0.060 0.039 0.023   -982177    0 
11900:    1.00    0.047    0.233 0.144 0.012    0.059 0.039 0.023   -982131    0 

--------------------------------------------
Proportion of membership of each pre-defined
 population in each of the 3 clusters

Given    Inferred Clusters       Number of
 Pop       1      2      3      Individuals

  1:     0.112  0.219  0.669       23
--------------------------------------------

 Rep#:   Lambda   Alpha      F1    F2    F3     D1,2  D1,3  D2,3    Ln Like  Est Ln P(D)
12000:    1.00    0.079    0.231 0.144 0.012    0.059 0.039 0.023   -982462    0 
12100:    1.00    0.041    0.229 0.145 0.012    0.059 0.039 0.024   -982224    0 
12200:    1.00    0.125    0.231 0.145 0.012    0.059 0.038 0.023   -982249    0 
12300:    1.00    0.064    0.228 0.143 0.012    0.058 0.038 0.023   -982947    0 
12400:    1.00    0.076    0.231 0.145 0.012    0.059 0.039 0.024   -982231    0 
12500:    1.00    0.086    0.233 0.146 0.012    0.060 0.040 0.024   -981708    0 
12600:    1.00    0.072    0.235 0.146 0.012    0.060 0.040 0.024   -982431    0 
12700:    1.00    0.058    0.236 0.147 0.012    0.061 0.040 0.024   -981876    0 
12800:    1.00    0.076    0.239 0.149 0.012    0.061 0.040 0.024   -982179    0 
12900:    1.00    0.064    0.239 0.150 0.012    0.061 0.041 0.024   -982335    0 

--------------------------------------------
Proportion of membership of each pre-defined
 population in each of the 3 clusters

Given    Inferred Clusters       Number of
 Pop       1      2      3      Individuals

  1:     0.108  0.220  0.672       23
--------------------------------------------

 Rep#:   Lambda   Alpha      F1    F2    F3     D1,2  D1,3  D2,3    Ln Like  Est Ln P(D)
13000:    1.00    0.156    0.244 0.149 0.012    0.062 0.041 0.024   -982192    0 
13100:    1.00    0.056    0.249 0.151 0.012    0.063 0.042 0.024   -982062    0 
13200:    1.00    0.114    0.248 0.149 0.012    0.062 0.041 0.024   -981685    0 
13300:    1.00    0.049    0.247 0.149 0.012    0.062 0.042 0.024   -982047    0 
13400:    1.00    0.071    0.248 0.149 0.012    0.062 0.041 0.024   -982032    0 
13500:    1.00    0.117    0.254 0.146 0.012    0.063 0.043 0.024   -981964    0 
13600:    1.00    0.125    0.253 0.148 0.012    0.063 0.042 0.024   -982092    0 
13700:    1.00    0.091    0.252 0.148 0.012    0.063 0.043 0.024   -982253    0 
13800:    1.00    0.079    0.260 0.148 0.012    0.064 0.044 0.024   -982737    0 
13900:    1.00    0.043    0.259 0.148 0.012    0.063 0.043 0.024   -982151    0 

--------------------------------------------
Proportion of membership of each pre-defined
 population in each of the 3 clusters

Given    Inferred Clusters       Number of
 Pop       1      2      3      Individuals

  1:     0.106  0.227  0.667       23
--------------------------------------------

 Rep#:   Lambda   Alpha      F1    F2    F3     D1,2  D1,3  D2,3    Ln Like  Est Ln P(D)
14000:    1.00    0.083    0.262 0.147 0.012    0.064 0.044 0.024   -982169    0 
14100:    1.00    0.091    0.257 0.147 0.012    0.063 0.043 0.023   -982216    0 
14200:    1.00    0.117    0.260 0.147 0.012    0.063 0.044 0.023   -982158    0 
14300:    1.00    0.071    0.259 0.146 0.012    0.063 0.043 0.024   -981744    0 
14400:    1.00    0.062    0.258 0.146 0.012    0.063 0.044 0.024   -982006    0 
14500:    1.00    0.087    0.259 0.147 0.012    0.064 0.044 0.024   -981181    0 
14600:    1.00    0.095    0.260 0.147 0.012    0.064 0.043 0.023   -982513    0 
14700:    1.00    0.089    0.257 0.145 0.012    0.063 0.043 0.024   -981686    0 
14800:    1.00    0.090    0.257 0.146 0.012    0.063 0.043 0.023   -981739    0 
14900:    1.00    0.095    0.256 0.144 0.012    0.063 0.043 0.023   -981725    0 

--------------------------------------------
Proportion of membership of each pre-defined
 population in each of the 3 clusters

Given    Inferred Clusters       Number of
 Pop       1      2      3      Individuals

  1:     0.106  0.218  0.676       23
--------------------------------------------

 Rep#:   Lambda   Alpha      F1    F2    F3     D1,2  D1,3  D2,3    Ln Like  Est Ln P(D)
15000:    1.00    0.082    0.254 0.142 0.012    0.062 0.043 0.023   -981973    0 
15100:    1.00    0.074    0.252 0.142 0.012    0.062 0.042 0.023   -982024    0 
15200:    1.00    0.054    0.244 0.143 0.012    0.060 0.041 0.023   -982616    0 
15300:    1.00    0.077    0.243 0.144 0.012    0.061 0.041 0.023   -982379    0 
15400:    1.00    0.063    0.244 0.144 0.012    0.061 0.041 0.023   -982420    0 
15500:    1.00    0.086    0.249 0.146 0.012    0.062 0.042 0.024   -982057    0 
15600:    1.00    0.080    0.248 0.144 0.012    0.062 0.042 0.023   -981879    0 
15700:    1.00    0.087    0.248 0.141 0.012    0.062 0.042 0.023   -982207    0 
15800:    1.00    0.092    0.252 0.142 0.012    0.062 0.043 0.023   -981851    0 
15900:    1.00    0.073    0.252 0.140 0.012    0.062 0.043 0.022   -982290    0 

--------------------------------------------
Proportion of membership of each pre-defined
 population in each of the 3 clusters

Given    Inferred Clusters       Number of
 Pop       1      2      3      Individuals

  1:     0.108  0.221  0.671       23
--------------------------------------------

 Rep#:   Lambda   Alpha      F1    F2    F3     D1,2  D1,3  D2,3    Ln Like  Est Ln P(D)
16000:    1.00    0.068    0.250 0.140 0.012    0.061 0.042 0.023   -982176    0 
16100:    1.00    0.061    0.251 0.143 0.012    0.062 0.042 0.023   -981921    0 
16200:    1.00    0.087    0.249 0.142 0.012    0.061 0.042 0.023   -982399    0 
16300:    1.00    0.101    0.250 0.145 0.012    0.062 0.042 0.023   -982189    0 
16400:    1.00    0.079    0.253 0.145 0.012    0.062 0.042 0.023   -982401    0 
16500:    1.00    0.042    0.255 0.145 0.012    0.063 0.043 0.023   -982009    0 
16600:    1.00    0.056    0.251 0.145 0.012    0.062 0.042 0.023   -982385    0 
16700:    1.00    0.089    0.249 0.146 0.012    0.062 0.042 0.024   -982060    0 
16800:    1.00    0.049    0.249 0.145 0.012    0.062 0.042 0.024   -981806    0 
16900:    1.00    0.075    0.254 0.145 0.012    0.063 0.043 0.023   -982378    0 

--------------------------------------------
Proportion of membership of each pre-defined
 population in each of the 3 clusters

Given    Inferred Clusters       Number of
 Pop       1      2      3      Individuals

  1:     0.109  0.220  0.671       23
--------------------------------------------

 Rep#:   Lambda   Alpha      F1    F2    F3     D1,2  D1,3  D2,3    Ln Like  Est Ln P(D)
17000:    1.00    0.050    0.251 0.145 0.012    0.062 0.042 0.023   -981776    0 
17100:    1.00    0.057    0.249 0.145 0.012    0.062 0.042 0.023   -981912    0 
17200:    1.00    0.053    0.250 0.145 0.012    0.062 0.042 0.023   -982152    0 
17300:    1.00    0.051    0.251 0.146 0.012    0.062 0.042 0.023   -982230    0 
17400:    1.00    0.056    0.249 0.146 0.013    0.062 0.042 0.024   -981939    0 
17500:    1.00    0.083    0.249 0.144 0.013    0.061 0.042 0.023   -982075    0 
17600:    1.00    0.104    0.245 0.140 0.013    0.060 0.041 0.023   -982000    0 
17700:    1.00    0.038    0.245 0.137 0.013    0.060 0.041 0.022   -982592    0 
17800:    1.00    0.099    0.248 0.138 0.013    0.061 0.042 0.022   -982124    0 
17900:    1.00    0.057    0.246 0.138 0.013    0.060 0.041 0.022   -982230    0 

--------------------------------------------
Proportion of membership of each pre-defined
 population in each of the 3 clusters

Given    Inferred Clusters       Number of
 Pop       1      2      3      Individuals

  1:     0.108  0.223  0.670       23
--------------------------------------------

 Rep#:   Lambda   Alpha      F1    F2    F3     D1,2  D1,3  D2,3    Ln Like  Est Ln P(D)
18000:    1.00    0.086    0.248 0.140 0.013    0.061 0.042 0.023   -982147    0 
18100:    1.00    0.065    0.247 0.141 0.013    0.061 0.041 0.023   -982065    0 
18200:    1.00    0.111    0.244 0.141 0.013    0.060 0.041 0.023   -982465    0 
18300:    1.00    0.044    0.246 0.140 0.013    0.060 0.041 0.023   -982078    0 
18400:    1.00    0.137    0.249 0.140 0.013    0.061 0.042 0.023   -982227    0 
18500:    1.00    0.057    0.247 0.141 0.013    0.061 0.042 0.023   -981803    0 
18600:    1.00    0.079    0.245 0.141 0.013    0.061 0.041 0.023   -982357    0 
18700:    1.00    0.052    0.245 0.141 0.013    0.061 0.042 0.023   -981687    0 
18800:    1.00    0.066    0.245 0.141 0.013    0.061 0.041 0.023   -982320    0 
18900:    1.00    0.059    0.244 0.143 0.013    0.060 0.041 0.023   -982028    0 

--------------------------------------------
Proportion of membership of each pre-defined
 population in each of the 3 clusters

Given    Inferred Clusters       Number of
 Pop       1      2      3      Individuals

  1:     0.109  0.218  0.673       23
--------------------------------------------

 Rep#:   Lambda   Alpha      F1    F2    F3     D1,2  D1,3  D2,3    Ln Like  Est Ln P(D)
19000:    1.00    0.054    0.244 0.143 0.013    0.061 0.041 0.023   -982704    0 
19100:    1.00    0.061    0.243 0.146 0.013    0.061 0.041 0.024   -981493    0 
19200:    1.00    0.086    0.249 0.145 0.013    0.062 0.042 0.023   -981719    0 
19300:    1.00    0.052    0.249 0.144 0.013    0.062 0.042 0.023   -982149    0 
19400:    1.00    0.080    0.252 0.145 0.013    0.062 0.042 0.023   -981714    0 
19500:    1.00    0.107    0.254 0.141 0.013    0.062 0.043 0.023   -982127    0 
19600:    1.00    0.074    0.254 0.141 0.013    0.062 0.042 0.023   -981580    0 
19700:    1.00    0.058    0.249 0.141 0.013    0.062 0.042 0.023   -982178    0 
19800:    1.00    0.086    0.251 0.141 0.013    0.061 0.042 0.023   -982016    0 
19900:    1.00    0.085    0.250 0.141 0.013    0.062 0.042 0.023   -982153    0 

--------------------------------------------
Proportion of membership of each pre-defined
 population in each of the 3 clusters

Given    Inferred Clusters       Number of
 Pop       1      2      3      Individuals

  1:     0.108  0.221  0.671       23
--------------------------------------------

 Rep#:   Lambda   Alpha      F1    F2    F3     D1,2  D1,3  D2,3    Ln Like  Est Ln P(D)
20000:    1.00    0.041    0.248 0.142 0.013    0.061 0.042 0.023   -981939    0 
20100:    1.00    0.085    0.249 0.141 0.013    0.061 0.042 0.023   -981894    0 
20200:    1.00    0.057    0.251 0.139 0.013    0.062 0.042 0.023   -982486    0 
20300:    1.00    0.055    0.251 0.140 0.013    0.061 0.042 0.023   -981981    0 
20400:    1.00    0.033    0.249 0.142 0.013    0.061 0.042 0.023   -981982    0 
20500:    1.00    0.065    0.251 0.143 0.013    0.062 0.043 0.023   -982040    0 
20600:    1.00    0.086    0.250 0.142 0.013    0.062 0.042 0.023   -981865    0 
20700:    1.00    0.074    0.251 0.140 0.013    0.062 0.042 0.023   -981775    0 
20800:    1.00    0.089    0.251 0.140 0.013    0.062 0.042 0.023   -981957    0 
20900:    1.00    0.067    0.251 0.140 0.013    0.061 0.042 0.023   -982196    0 

--------------------------------------------
Proportion of membership of each pre-defined
 population in each of the 3 clusters

Given    Inferred Clusters       Number of
 Pop       1      2      3      Individuals

  1:     0.108  0.217  0.675       23
--------------------------------------------

 Rep#:   Lambda   Alpha      F1    F2    F3     D1,2  D1,3  D2,3    Ln Like  Est Ln P(D)
21000:    1.00    0.070    0.250 0.139 0.013    0.061 0.042 0.023   -982266    0 
21100:    1.00    0.059    0.256 0.140 0.013    0.062 0.042 0.023   -982104    0 
21200:    1.00    0.064    0.256 0.139 0.013    0.062 0.043 0.023   -982259    0 
21300:    1.00    0.078    0.256 0.139 0.013    0.062 0.043 0.023   -982190    0 
21400:    1.00    0.087    0.256 0.139 0.013    0.062 0.044 0.022   -981598    0 
21500:    1.00    0.081    0.256 0.142 0.013    0.062 0.043 0.023   -982165    0 
21600:    1.00    0.074    0.257 0.145 0.013    0.064 0.044 0.023   -982292    0 
21700:    1.00    0.086    0.253 0.145 0.013    0.062 0.042 0.023   -981757    0 
21800:    1.00    0.072    0.246 0.143 0.013    0.062 0.042 0.023   -982303    0 
21900:    1.00    0.072    0.247 0.144 0.013    0.061 0.042 0.023   -982018    0 

--------------------------------------------
Proportion of membership of each pre-defined
 population in each of the 3 clusters

Given    Inferred Clusters       Number of
 Pop       1      2      3      Individuals

  1:     0.107  0.219  0.674       23
--------------------------------------------

 Rep#:   Lambda   Alpha      F1    F2    F3     D1,2  D1,3  D2,3    Ln Like  Est Ln P(D)
22000:    1.00    0.070    0.249 0.143 0.013    0.062 0.042 0.023   -982121    0 
22100:    1.00    0.072    0.245 0.143 0.013    0.061 0.042 0.023   -982004    0 
22200:    1.00    0.080    0.249 0.141 0.013    0.061 0.042 0.023   -982100    0 
22300:    1.00    0.073    0.249 0.141 0.013    0.061 0.042 0.023   -982121    0 
22400:    1.00    0.053    0.251 0.141 0.013    0.062 0.042 0.023   -982000    0 
22500:    1.00    0.054    0.250 0.140 0.013    0.061 0.042 0.023   -982192    0 
22600:    1.00    0.058    0.251 0.139 0.013    0.061 0.042 0.023   -982411    0 
22700:    1.00    0.072    0.253 0.140 0.013    0.062 0.043 0.023   -982248    0 
22800:    1.00    0.089    0.249 0.140 0.013    0.061 0.042 0.022   -981828    0 
22900:    1.00    0.054    0.247 0.140 0.013    0.061 0.042 0.023   -982677    0 

--------------------------------------------
Proportion of membership of each pre-defined
 population in each of the 3 clusters

Given    Inferred Clusters       Number of
 Pop       1      2      3      Individuals

  1:     0.108  0.219  0.673       23
--------------------------------------------

 Rep#:   Lambda   Alpha      F1    F2    F3     D1,2  D1,3  D2,3    Ln Like  Est Ln P(D)
23000:    1.00    0.064    0.245 0.139 0.013    0.060 0.041 0.023   -982128    0 
23100:    1.00    0.057    0.246 0.139 0.013    0.061 0.042 0.023   -982201    0 
23200:    1.00    0.074    0.249 0.139 0.013    0.061 0.042 0.023   -982778    0 
23300:    1.00    0.073    0.250 0.140 0.013    0.061 0.042 0.023   -982147    0 
23400:    1.00    0.066    0.249 0.143 0.013    0.062 0.042 0.023   -981792    0 
23500:    1.00    0.084    0.252 0.140 0.013    0.062 0.043 0.023   -982606    0 
23600:    1.00    0.092    0.252 0.140 0.013    0.062 0.043 0.023   -982148    0 
23700:    1.00    0.062    0.254 0.140 0.013    0.062 0.043 0.023   -982046    0 
23800:    1.00    0.096    0.255 0.141 0.013    0.063 0.043 0.023   -982220    0 
23900:    1.00    0.085    0.255 0.143 0.013    0.063 0.043 0.023   -981534    0 

--------------------------------------------
Proportion of membership of each pre-defined
 population in each of the 3 clusters

Given    Inferred Clusters       Number of
 Pop       1      2      3      Individuals

  1:     0.108  0.222  0.669       23
--------------------------------------------

 Rep#:   Lambda   Alpha      F1    F2    F3     D1,2  D1,3  D2,3    Ln Like  Est Ln P(D)
24000:    1.00    0.107    0.252 0.143 0.013    0.062 0.042 0.023   -982508    0 
24100:    1.00    0.085    0.252 0.141 0.013    0.062 0.042 0.023   -981733    0 
24200:    1.00    0.104    0.257 0.141 0.013    0.063 0.043 0.023   -982014    0 
24300:    1.00    0.104    0.258 0.140 0.013    0.062 0.043 0.023   -981844    0 
24400:    1.00    0.076    0.259 0.141 0.013    0.063 0.044 0.023   -982299    0 
24500:    1.00    0.057    0.255 0.139 0.013    0.062 0.043 0.023   -981970    0 
24600:    1.00    0.105    0.255 0.139 0.013    0.062 0.043 0.023   -981972    0 
24700:    1.00    0.086    0.255 0.138 0.013    0.061 0.043 0.022   -982535    0 
24800:    1.00    0.095    0.254 0.142 0.013    0.062 0.043 0.023   -981661    0 
24900:    1.00    0.068    0.254 0.142 0.013    0.062 0.043 0.023   -981880    0 

--------------------------------------------
Proportion of membership of each pre-defined
 population in each of the 3 clusters

Given    Inferred Clusters       Number of
 Pop       1      2      3      Individuals

  1:     0.106  0.222  0.672       23
--------------------------------------------

 Rep#:   Lambda   Alpha      F1    F2    F3     D1,2  D1,3  D2,3    Ln Like  Est Ln P(D)
25000:    1.00    0.105    0.254 0.142 0.013    0.062 0.043 0.023   -981735    0 
25100:    1.00    0.095    0.254 0.141 0.013    0.063 0.043 0.023   -981751    0 
25200:    1.00    0.078    0.253 0.141 0.013    0.062 0.043 0.023   -981624    0 
25300:    1.00    0.087    0.253 0.139 0.013    0.061 0.042 0.022   -981650    0 
25400:    1.00    0.055    0.250 0.139 0.013    0.061 0.042 0.022   -981832    0 
25500:    1.00    0.065    0.250 0.139 0.013    0.062 0.042 0.023   -982173    0 
25600:    1.00    0.108    0.252 0.142 0.013    0.062 0.043 0.023   -981653    0 
25700:    1.00    0.098    0.250 0.140 0.013    0.062 0.042 0.023   -981945    0 
25800:    1.00    0.068    0.250 0.140 0.013    0.062 0.043 0.023   -982149    0 
25900:    1.00    0.076    0.250 0.140 0.013    0.062 0.042 0.023   -982085    0 

--------------------------------------------
Proportion of membership of each pre-defined
 population in each of the 3 clusters

Given    Inferred Clusters       Number of
 Pop       1      2      3      Individuals

  1:     0.108  0.221  0.671       23
--------------------------------------------

 Rep#:   Lambda   Alpha      F1    F2    F3     D1,2  D1,3  D2,3    Ln Like  Est Ln P(D)
26000:    1.00    0.100    0.250 0.140 0.013    0.061 0.042 0.023   -982063    0 
26100:    1.00    0.081    0.253 0.139 0.013    0.062 0.043 0.023   -981749    0 
26200:    1.00    0.078    0.255 0.140 0.013    0.062 0.043 0.023   -981669    0 
26300:    1.00    0.069    0.254 0.141 0.013    0.062 0.042 0.023   -982462    0 
26400:    1.00    0.065    0.253 0.142 0.013    0.062 0.042 0.023   -981324    0 
26500:    1.00    0.049    0.250 0.139 0.013    0.061 0.042 0.023   -982120    0 
26600:    1.00    0.060    0.250 0.139 0.013    0.062 0.042 0.023   -982218    0 
26700:    1.00    0.042    0.251 0.139 0.013    0.061 0.042 0.023   -981811    0 
26800:    1.00    0.052    0.250 0.140 0.013    0.061 0.042 0.023   -982025    0 
26900:    1.00    0.084    0.248 0.139 0.013    0.061 0.042 0.023   -982089    0 

--------------------------------------------
Proportion of membership of each pre-defined
 population in each of the 3 clusters

Given    Inferred Clusters       Number of
 Pop       1      2      3      Individuals

  1:     0.110  0.226  0.664       23
--------------------------------------------

 Rep#:   Lambda   Alpha      F1    F2    F3     D1,2  D1,3  D2,3    Ln Like  Est Ln P(D)
27000:    1.00    0.123    0.248 0.139 0.013    0.061 0.042 0.023   -981747    0 
27100:    1.00    0.082    0.253 0.142 0.013    0.063 0.043 0.023   -981747    0 
27200:    1.00    0.103    0.252 0.142 0.013    0.062 0.043 0.023   -982057    0 
27300:    1.00    0.071    0.248 0.143 0.013    0.061 0.042 0.023   -981946    0 
27400:    1.00    0.087    0.248 0.142 0.013    0.061 0.042 0.023   -982046    0 
27500:    1.00    0.063    0.252 0.142 0.013    0.062 0.043 0.023   -981760    0 
27600:    1.00    0.070    0.252 0.142 0.013    0.062 0.043 0.023   -981544    0 
27700:    1.00    0.081    0.252 0.143 0.013    0.062 0.043 0.023   -981508    0 
27800:    1.00    0.071    0.252 0.142 0.013    0.062 0.043 0.023   -982389    0 
27900:    1.00    0.093    0.251 0.143 0.013    0.062 0.042 0.023   -982034    0 

--------------------------------------------
Proportion of membership of each pre-defined
 population in each of the 3 clusters

Given    Inferred Clusters       Number of
 Pop       1      2      3      Individuals

  1:     0.109  0.215  0.677       23
--------------------------------------------

 Rep#:   Lambda   Alpha      F1    F2    F3     D1,2  D1,3  D2,3    Ln Like  Est Ln P(D)
28000:    1.00    0.055    0.248 0.145 0.013    0.062 0.042 0.023   -982533    0 
28100:    1.00    0.055    0.248 0.143 0.013    0.062 0.042 0.023   -982314    0 
28200:    1.00    0.058    0.245 0.143 0.013    0.061 0.041 0.023   -982064    0 
28300:    1.00    0.069    0.248 0.144 0.013    0.061 0.041 0.023   -982031    0 
28400:    1.00    0.067    0.247 0.145 0.013    0.061 0.041 0.023   -982162    0 
28500:    1.00    0.056    0.247 0.142 0.013    0.061 0.042 0.023   -981979    0 
28600:    1.00    0.082    0.249 0.144 0.013    0.062 0.042 0.024   -981930    0 
28700:    1.00    0.077    0.249 0.144 0.013    0.062 0.042 0.023   -982061    0 
28800:    1.00    0.045    0.250 0.145 0.013    0.062 0.043 0.023   -982056    0 
28900:    1.00    0.102    0.250 0.145 0.013    0.062 0.042 0.023   -981799    0 

--------------------------------------------
Proportion of membership of each pre-defined
 population in each of the 3 clusters

Given    Inferred Clusters       Number of
 Pop       1      2      3      Individuals

  1:     0.107  0.220  0.673       23
--------------------------------------------

 Rep#:   Lambda   Alpha      F1    F2    F3     D1,2  D1,3  D2,3    Ln Like  Est Ln P(D)
29000:    1.00    0.073    0.247 0.141 0.013    0.062 0.042 0.023   -982311    0 
29100:    1.00    0.046    0.244 0.141 0.013    0.060 0.041 0.023   -981847    0 
29200:    1.00    0.058    0.248 0.141 0.013    0.062 0.042 0.023   -982171    0 
29300:    1.00    0.054    0.249 0.143 0.013    0.062 0.042 0.023   -981813    0 
29400:    1.00    0.081    0.249 0.142 0.012    0.061 0.042 0.023   -982396    0 
29500:    1.00    0.077    0.248 0.141 0.012    0.061 0.041 0.023   -982573    0 
29600:    1.00    0.075    0.245 0.142 0.012    0.061 0.041 0.023   -982074    0 
29700:    1.00    0.086    0.249 0.142 0.012    0.062 0.042 0.023   -981486    0 
29800:    1.00    0.086    0.249 0.142 0.012    0.061 0.042 0.023   -981807    0 
29900:    1.00    0.108    0.250 0.142 0.012    0.062 0.042 0.023   -982449    0 

--------------------------------------------
Proportion of membership of each pre-defined
 population in each of the 3 clusters

Given    Inferred Clusters       Number of
 Pop       1      2      3      Individuals

  1:     0.109  0.221  0.670       23
--------------------------------------------

 Rep#:   Lambda   Alpha      F1    F2    F3     D1,2  D1,3  D2,3    Ln Like  Est Ln P(D)
30000:    1.00    0.085    0.251 0.142 0.012    0.062 0.042 0.023   -982092    0 
30100:    1.00    0.038    0.251 0.141 0.012    0.061 0.042 0.023   -982088    0 
30200:    1.00    0.100    0.250 0.141 0.012    0.061 0.042 0.023   -982154    0 
30300:    1.00    0.071    0.248 0.142 0.012    0.061 0.041 0.023   -982265    0 
30400:    1.00    0.106    0.247 0.144 0.012    0.061 0.042 0.023   -982335    0 
30500:    1.00    0.081    0.248 0.145 0.012    0.061 0.042 0.023   -982566    0 
30600:    1.00    0.068    0.249 0.145 0.012    0.062 0.042 0.023   -982167    0 
30700:    1.00    0.069    0.252 0.145 0.012    0.062 0.042 0.023   -981993    0 
30800:    1.00    0.077    0.249 0.143 0.012    0.061 0.042 0.023   -982417    0 
30900:    1.00    0.094    0.250 0.143 0.012    0.062 0.042 0.023   -981747    0 

--------------------------------------------
Proportion of membership of each pre-defined
 population in each of the 3 clusters

Given    Inferred Clusters       Number of
 Pop       1      2      3      Individuals

  1:     0.108  0.221  0.671       23
--------------------------------------------

 Rep#:   Lambda   Alpha      F1    F2    F3     D1,2  D1,3  D2,3    Ln Like  Est Ln P(D)
31000:    1.00    0.094    0.251 0.143 0.012    0.062 0.042 0.023   -982059    0 
31100:    1.00    0.053    0.251 0.148 0.012    0.061 0.042 0.024   -981908    0 
31200:    1.00    0.085    0.251 0.146 0.012    0.062 0.042 0.023   -982123    0 
31300:    1.00    0.038    0.251 0.146 0.012    0.062 0.042 0.024   -981963    0 
31400:    1.00    0.076    0.252 0.144 0.012    0.062 0.042 0.023   -981672    0 
31500:    1.00    0.071    0.251 0.144 0.012    0.062 0.042 0.023   -981893    0 
31600:    1.00    0.050    0.251 0.146 0.012    0.062 0.042 0.024   -982277    0 
31700:    1.00    0.081    0.251 0.145 0.012    0.061 0.042 0.023   -982228    0 
31800:    1.00    0.085    0.251 0.145 0.012    0.062 0.042 0.023   -982304    0 
31900:    1.00    0.065    0.246 0.144 0.012    0.062 0.042 0.023   -982591    0 

--------------------------------------------
Proportion of membership of each pre-defined
 population in each of the 3 clusters

Given    Inferred Clusters       Number of
 Pop       1      2      3      Individuals

  1:     0.107  0.222  0.670       23
--------------------------------------------

 Rep#:   Lambda   Alpha      F1    F2    F3     D1,2  D1,3  D2,3    Ln Like  Est Ln P(D)
32000:    1.00    0.064    0.244 0.144 0.012    0.061 0.041 0.023   -982646    0 
32100:    1.00    0.082    0.244 0.145 0.012    0.061 0.041 0.023   -982321    0 
32200:    1.00    0.123    0.248 0.145 0.012    0.062 0.042 0.023   -982344    0 
32300:    1.00    0.113    0.250 0.145 0.012    0.062 0.042 0.023   -981861    0 
32400:    1.00    0.076    0.249 0.145 0.012    0.062 0.042 0.023   -982274    0 
32500:    1.00    0.086    0.251 0.143 0.012    0.062 0.042 0.023   -981918    0 
32600:    1.00    0.102    0.251 0.146 0.012    0.062 0.042 0.024   -982208    0 
32700:    1.00    0.085    0.250 0.146 0.012    0.062 0.042 0.024   -981987    0 
32800:    1.00    0.058    0.247 0.146 0.012    0.061 0.042 0.023   -982029    0 
32900:    1.00    0.092    0.243 0.145 0.012    0.061 0.041 0.023   -982313    0 

--------------------------------------------
Proportion of membership of each pre-defined
 population in each of the 3 clusters

Given    Inferred Clusters       Number of
 Pop       1      2      3      Individuals

  1:     0.110  0.213  0.677       23
--------------------------------------------

 Rep#:   Lambda   Alpha      F1    F2    F3     D1,2  D1,3  D2,3    Ln Like  Est Ln P(D)
33000:    1.00    0.085    0.243 0.145 0.012    0.062 0.041 0.023   -982178    0 
33100:    1.00    0.139    0.239 0.142 0.012    0.060 0.040 0.023   -982801    0 
33200:    1.00    0.067    0.239 0.143 0.012    0.060 0.040 0.023   -982328    0 
33300:    1.00    0.063    0.239 0.144 0.012    0.060 0.040 0.023   -982194    0 
33400:    1.00    0.073    0.239 0.143 0.012    0.060 0.040 0.023   -982356    0 
33500:    1.00    0.064    0.238 0.143 0.012    0.060 0.040 0.023   -982164    0 
33600:    1.00    0.058    0.240 0.143 0.012    0.061 0.041 0.023   -982187    0 
33700:    1.00    0.066    0.245 0.145 0.012    0.062 0.041 0.023   -982162    0 
33800:    1.00    0.029    0.245 0.144 0.012    0.062 0.042 0.023   -982622    0 
33900:    1.00    0.057    0.243 0.144 0.012    0.061 0.041 0.023   -982172    0 

--------------------------------------------
Proportion of membership of each pre-defined
 population in each of the 3 clusters

Given    Inferred Clusters       Number of
 Pop       1      2      3      Individuals

  1:     0.107  0.218  0.674       23
--------------------------------------------

 Rep#:   Lambda   Alpha      F1    F2    F3     D1,2  D1,3  D2,3    Ln Like  Est Ln P(D)
34000:    1.00    0.065    0.242 0.145 0.012    0.062 0.041 0.023   -981862    0 
34100:    1.00    0.049    0.244 0.145 0.012    0.061 0.040 0.024   -982058    0 
34200:    1.00    0.076    0.246 0.145 0.012    0.061 0.041 0.023   -982788    0 
34300:    1.00    0.070    0.247 0.144 0.012    0.062 0.042 0.023   -982621    0 
34400:    1.00    0.071    0.249 0.144 0.012    0.062 0.042 0.023   -982248    0 
34500:    1.00    0.098    0.248 0.144 0.012    0.062 0.041 0.023   -982014    0 
34600:    1.00    0.068    0.250 0.144 0.012    0.062 0.042 0.023   -982346    0 
34700:    1.00    0.064    0.249 0.144 0.012    0.062 0.042 0.023   -982047    0 
34800:    1.00    0.102    0.244 0.144 0.012    0.061 0.041 0.023   -982554    0 
34900:    1.00    0.091    0.244 0.147 0.012    0.062 0.042 0.024   -982447    0 

--------------------------------------------
Proportion of membership of each pre-defined
 population in each of the 3 clusters

Given    Inferred Clusters       Number of
 Pop       1      2      3      Individuals

  1:     0.109  0.220  0.671       23
--------------------------------------------

 Rep#:   Lambda   Alpha      F1    F2    F3     D1,2  D1,3  D2,3    Ln Like  Est Ln P(D)
35000:    1.00    0.084    0.245 0.142 0.012    0.061 0.041 0.023   -982410    0 
35100:    1.00    0.084    0.245 0.141 0.012    0.061 0.041 0.023   -982367    0 
35200:    1.00    0.082    0.250 0.143 0.012    0.062 0.042 0.023   -982742    0 
35300:    1.00    0.101    0.251 0.146 0.012    0.062 0.042 0.023   -981675    0 
35400:    1.00    0.085    0.255 0.146 0.011    0.063 0.043 0.024   -981593    0 
35500:    1.00    0.064    0.250 0.147 0.011    0.062 0.042 0.023   -982098    0 
35600:    1.00    0.091    0.250 0.148 0.011    0.062 0.042 0.023   -982239    0 
35700:    1.00    0.071    0.252 0.147 0.011    0.063 0.043 0.024   -981880    0 
35800:    1.00    0.070    0.249 0.145 0.011    0.062 0.042 0.023   -981933    0 
35900:    1.00    0.049    0.249 0.145 0.011    0.062 0.042 0.023   -982377    0 

--------------------------------------------
Proportion of membership of each pre-defined
 population in each of the 3 clusters

Given    Inferred Clusters       Number of
 Pop       1      2      3      Individuals

  1:     0.109  0.222  0.670       23
--------------------------------------------

 Rep#:   Lambda   Alpha      F1    F2    F3     D1,2  D1,3  D2,3    Ln Like  Est Ln P(D)
36000:    1.00    0.050    0.247 0.144 0.011    0.061 0.041 0.023   -982530    0 
36100:    1.00    0.080    0.250 0.144 0.011    0.062 0.042 0.023   -981580    0 
36200:    1.00    0.072    0.252 0.144 0.011    0.062 0.042 0.023   -982446    0 
36300:    1.00    0.087    0.252 0.145 0.011    0.062 0.042 0.023   -981490    0 
36400:    1.00    0.080    0.252 0.143 0.011    0.062 0.042 0.023   -982484    0 
36500:    1.00    0.083    0.252 0.144 0.011    0.062 0.042 0.023   -982478    0 
36600:    1.00    0.065    0.252 0.144 0.011    0.062 0.042 0.023   -982103    0 
36700:    1.00    0.066    0.251 0.144 0.011    0.063 0.042 0.023   -982000    0 
36800:    1.00    0.079    0.255 0.144 0.011    0.063 0.043 0.023   -982159    0 
36900:    1.00    0.074    0.255 0.144 0.011    0.062 0.043 0.023   -981761    0 

--------------------------------------------
Proportion of membership of each pre-defined
 population in each of the 3 clusters

Given    Inferred Clusters       Number of
 Pop       1      2      3      Individuals

  1:     0.106  0.222  0.672       23
--------------------------------------------

 Rep#:   Lambda   Alpha      F1    F2    F3     D1,2  D1,3  D2,3    Ln Like  Est Ln P(D)
37000:    1.00    0.064    0.255 0.141 0.011    0.063 0.043 0.023   -981815    0 
37100:    1.00    0.089    0.259 0.141 0.011    0.063 0.043 0.023   -982057    0 
37200:    1.00    0.116    0.254 0.141 0.011    0.062 0.042 0.023   -982124    0 
37300:    1.00    0.078    0.254 0.142 0.011    0.062 0.042 0.023   -981607    0 
37400:    1.00    0.088    0.253 0.142 0.011    0.063 0.043 0.023   -982116    0 
37500:    1.00    0.050    0.255 0.143 0.011    0.063 0.043 0.023   -982173    0 
37600:    1.00    0.048    0.256 0.143 0.011    0.063 0.043 0.023   -982437    0 
37700:    1.00    0.079    0.256 0.144 0.011    0.063 0.043 0.023   -982282    0 
37800:    1.00    0.070    0.259 0.141 0.011    0.063 0.043 0.023   -981826    0 
37900:    1.00    0.060    0.256 0.142 0.011    0.063 0.043 0.023   -981539    0 

--------------------------------------------
Proportion of membership of each pre-defined
 population in each of the 3 clusters

Given    Inferred Clusters       Number of
 Pop       1      2      3      Individuals

  1:     0.106  0.218  0.676       23
--------------------------------------------

 Rep#:   Lambda   Alpha      F1    F2    F3     D1,2  D1,3  D2,3    Ln Like  Est Ln P(D)
38000:    1.00    0.053    0.255 0.142 0.011    0.063 0.043 0.023   -982001    0 
38100:    1.00    0.051    0.255 0.140 0.011    0.062 0.043 0.023   -982019    0 
38200:    1.00    0.064    0.253 0.144 0.011    0.062 0.042 0.023   -982030    0 
38300:    1.00    0.062    0.251 0.144 0.011    0.063 0.042 0.023   -982229    0 
38400:    1.00    0.101    0.252 0.144 0.011    0.063 0.043 0.023   -981665    0 
38500:    1.00    0.072    0.250 0.144 0.011    0.062 0.042 0.023   -982332    0 
38600:    1.00    0.071    0.250 0.144 0.011    0.062 0.042 0.023   -982312    0 
38700:    1.00    0.082    0.252 0.144 0.011    0.062 0.042 0.023   -982285    0 
38800:    1.00    0.068    0.248 0.145 0.011    0.062 0.042 0.023   -981837    0 
38900:    1.00    0.068    0.247 0.145 0.011    0.062 0.042 0.023   -982113    0 

--------------------------------------------
Proportion of membership of each pre-defined
 population in each of the 3 clusters

Given    Inferred Clusters       Number of
 Pop       1      2      3      Individuals

  1:     0.107  0.215  0.679       23
--------------------------------------------

 Rep#:   Lambda   Alpha      F1    F2    F3     D1,2  D1,3  D2,3    Ln Like  Est Ln P(D)
39000:    1.00    0.064    0.249 0.145 0.011    0.062 0.042 0.023   -981929    0 
39100:    1.00    0.077    0.254 0.144 0.011    0.063 0.043 0.023   -981705    0 
39200:    1.00    0.078    0.258 0.145 0.011    0.063 0.043 0.023   -982532    0 
39300:    1.00    0.028    0.259 0.148 0.011    0.065 0.044 0.024   -981498    0 
39400:    1.00    0.081    0.258 0.147 0.011    0.064 0.043 0.023   -982136    0 
39500:    1.00    0.072    0.252 0.148 0.011    0.062 0.042 0.024   -981910    0 
39600:    1.00    0.045    0.249 0.145 0.011    0.062 0.041 0.023   -982102    0 
39700:    1.00    0.113    0.251 0.145 0.011    0.062 0.042 0.023   -982292    0 
39800:    1.00    0.111    0.248 0.147 0.011    0.063 0.042 0.024   -982605    0 
39900:    1.00    0.094    0.250 0.146 0.011    0.062 0.042 0.023   -982756    0 

--------------------------------------------
Proportion of membership of each pre-defined
 population in each of the 3 clusters

Given    Inferred Clusters       Number of
 Pop       1      2      3      Individuals

  1:     0.108  0.220  0.672       23
--------------------------------------------

 Rep#:   Lambda   Alpha      F1    F2    F3     D1,2  D1,3  D2,3    Ln Like  Est Ln P(D)
40000:    1.00    0.070    0.254 0.146 0.011    0.063 0.043 0.023   -981941    0 
40100:    1.00    0.065    0.255 0.147 0.011    0.063 0.042 0.023   -982094    0 
40200:    1.00    0.093    0.257 0.148 0.011    0.064 0.043 0.023   -982009    0 
40300:    1.00    0.057    0.259 0.146 0.011    0.063 0.043 0.023   -981991    0 
40400:    1.00    0.066    0.259 0.146 0.011    0.064 0.044 0.023   -981980    0 
40500:    1.00    0.074    0.260 0.148 0.011    0.064 0.043 0.023   -982488    0 
40600:    1.00    0.060    0.256 0.151 0.011    0.063 0.043 0.024   -981725    0 
40700:    1.00    0.080    0.256 0.151 0.011    0.064 0.043 0.024   -981697    0 
40800:    1.00    0.105    0.256 0.149 0.011    0.063 0.043 0.024   -982026    0 
40900:    1.00    0.108    0.256 0.149 0.011    0.064 0.043 0.024   -981933    0 

--------------------------------------------
Proportion of membership of each pre-defined
 population in each of the 3 clusters

Given    Inferred Clusters       Number of
 Pop       1      2      3      Individuals

  1:     0.106  0.224  0.671       23
--------------------------------------------

 Rep#:   Lambda   Alpha      F1    F2    F3     D1,2  D1,3  D2,3    Ln Like  Est Ln P(D)
41000:    1.00    0.092    0.251 0.149 0.011    0.063 0.043 0.024   -982016    0 
41100:    1.00    0.089    0.251 0.149 0.011    0.064 0.042 0.024   -981981    0 
41200:    1.00    0.081    0.251 0.148 0.011    0.062 0.042 0.023   -981829    0 
41300:    1.00    0.074    0.252 0.149 0.011    0.063 0.042 0.024   -981876    0 
41400:    1.00    0.063    0.252 0.147 0.011    0.063 0.042 0.024   -981744    0 
41500:    1.00    0.089    0.252 0.148 0.011    0.063 0.043 0.024   -982181    0 
41600:    1.00    0.065    0.255 0.145 0.011    0.063 0.043 0.023   -982520    0 
41700:    1.00    0.075    0.251 0.142 0.011    0.062 0.042 0.023   -982184    0 
41800:    1.00    0.092    0.251 0.143 0.011    0.062 0.042 0.023   -982583    0 
41900:    1.00    0.091    0.253 0.142 0.011    0.062 0.042 0.023   -982144    0 

--------------------------------------------
Proportion of membership of each pre-defined
 population in each of the 3 clusters

Given    Inferred Clusters       Number of
 Pop       1      2      3      Individuals

  1:     0.107  0.222  0.670       23
--------------------------------------------

 Rep#:   Lambda   Alpha      F1    F2    F3     D1,2  D1,3  D2,3    Ln Like  Est Ln P(D)
42000:    1.00    0.102    0.253 0.147 0.011    0.062 0.042 0.023   -981797    0 
42100:    1.00    0.063    0.251 0.146 0.011    0.062 0.042 0.023   -982208    0 
42200:    1.00    0.074    0.252 0.145 0.011    0.062 0.042 0.023   -982178    0 
42300:    1.00    0.068    0.252 0.144 0.011    0.062 0.042 0.023   -982002    0 
42400:    1.00    0.113    0.248 0.145 0.011    0.061 0.042 0.023   -982046    0 
42500:    1.00    0.036    0.250 0.144 0.011    0.062 0.042 0.023   -982313    0 
42600:    1.00    0.086    0.253 0.144 0.011    0.062 0.042 0.023   -982128    0 
42700:    1.00    0.088    0.254 0.144 0.011    0.062 0.042 0.023   -981764    0 
42800:    1.00    0.098    0.254 0.144 0.011    0.063 0.043 0.023   -981890    0 
42900:    1.00    0.059    0.254 0.144 0.011    0.062 0.042 0.023   -982480    0 

--------------------------------------------
Proportion of membership of each pre-defined
 population in each of the 3 clusters

Given    Inferred Clusters       Number of
 Pop       1      2      3      Individuals

  1:     0.108  0.220  0.672       23
--------------------------------------------

 Rep#:   Lambda   Alpha      F1    F2    F3     D1,2  D1,3  D2,3    Ln Like  Est Ln P(D)
43000:    1.00    0.084    0.257 0.143 0.011    0.063 0.043 0.023   -982087    0 
43100:    1.00    0.060    0.257 0.143 0.011    0.063 0.043 0.023   -982134    0 
43200:    1.00    0.086    0.256 0.143 0.011    0.063 0.043 0.023   -982205    0 
43300:    1.00    0.087    0.259 0.143 0.011    0.063 0.043 0.023   -981975    0 
43400:    1.00    0.058    0.262 0.143 0.011    0.064 0.044 0.023   -981837    0 
43500:    1.00    0.066    0.262 0.142 0.011    0.063 0.043 0.023   -982245    0 
43600:    1.00    0.085    0.260 0.144 0.011    0.064 0.044 0.023   -981662    0 
43700:    1.00    0.051    0.258 0.144 0.011    0.064 0.044 0.023   -981885    0 
43800:    1.00    0.061    0.253 0.141 0.011    0.062 0.042 0.023   -982213    0 
43900:    1.00    0.051    0.255 0.141 0.011    0.063 0.043 0.023   -982240    0 

--------------------------------------------
Proportion of membership of each pre-defined
 population in each of the 3 clusters

Given    Inferred Clusters       Number of
 Pop       1      2      3      Individuals

  1:     0.106  0.214  0.680       23
--------------------------------------------

 Rep#:   Lambda   Alpha      F1    F2    F3     D1,2  D1,3  D2,3    Ln Like  Est Ln P(D)
44000:    1.00    0.043    0.253 0.140 0.011    0.063 0.043 0.023   -982062    0 
44100:    1.00    0.101    0.251 0.141 0.011    0.062 0.042 0.023   -981991    0 
44200:    1.00    0.093    0.252 0.141 0.011    0.063 0.042 0.023   -982048    0 
44300:    1.00    0.091    0.252 0.143 0.011    0.062 0.042 0.023   -982443    0 
44400:    1.00    0.084    0.250 0.143 0.011    0.062 0.042 0.023   -982696    0 
44500:    1.00    0.098    0.248 0.143 0.011    0.061 0.041 0.023   -982657    0 
44600:    1.00    0.069    0.246 0.142 0.011    0.061 0.041 0.023   -982733    0 
44700:    1.00    0.050    0.250 0.142 0.011    0.061 0.042 0.023   -981989    0 
44800:    1.00    0.054    0.250 0.141 0.011    0.061 0.042 0.023   -982319    0 
44900:    1.00    0.065    0.247 0.141 0.011    0.061 0.041 0.023   -982175    0 

--------------------------------------------
Proportion of membership of each pre-defined
 population in each of the 3 clusters

Given    Inferred Clusters       Number of
 Pop       1      2      3      Individuals

  1:     0.108  0.217  0.675       23
--------------------------------------------

 Rep#:   Lambda   Alpha      F1    F2    F3     D1,2  D1,3  D2,3    Ln Like  Est Ln P(D)
45000:    1.00    0.077    0.247 0.141 0.011    0.061 0.041 0.023   -982651    0 
45100:    1.00    0.052    0.249 0.142 0.011    0.062 0.042 0.023   -982520    0 
45200:    1.00    0.071    0.245 0.142 0.011    0.062 0.042 0.023   -982652    0 
45300:    1.00    0.070    0.245 0.142 0.011    0.061 0.041 0.023   -982169    0 
45400:    1.00    0.092    0.248 0.142 0.011    0.061 0.041 0.022   -982464    0 
45500:    1.00    0.079    0.248 0.143 0.011    0.061 0.042 0.023   -981760    0 
45600:    1.00    0.099    0.250 0.143 0.011    0.062 0.042 0.023   -981906    0 
45700:    1.00    0.056    0.244 0.144 0.011    0.061 0.041 0.023   -982287    0 
45800:    1.00    0.068    0.238 0.144 0.011    0.060 0.040 0.023   -982575    0 
45900:    1.00    0.034    0.237 0.144 0.011    0.060 0.040 0.023   -982714    0 

--------------------------------------------
Proportion of membership of each pre-defined
 population in each of the 3 clusters

Given    Inferred Clusters       Number of
 Pop       1      2      3      Individuals

  1:     0.110  0.217  0.673       23
--------------------------------------------

 Rep#:   Lambda   Alpha      F1    F2    F3     D1,2  D1,3  D2,3    Ln Like  Est Ln P(D)
46000:    1.00    0.076    0.237 0.143 0.011    0.060 0.040 0.023   -982117    0 
46100:    1.00    0.034    0.242 0.143 0.011    0.061 0.041 0.023   -982058    0 
46200:    1.00    0.054    0.247 0.141 0.011    0.060 0.041 0.023   -982514    0 
46300:    1.00    0.044    0.247 0.141 0.011    0.061 0.041 0.023   -982394    0 
46400:    1.00    0.061    0.249 0.141 0.011    0.062 0.042 0.023   -982158    0 
46500:    1.00    0.096    0.248 0.141 0.011    0.061 0.041 0.023   -982131    0 
46600:    1.00    0.070    0.249 0.142 0.011    0.061 0.041 0.023   -982321    0 
46700:    1.00    0.054    0.252 0.140 0.011    0.062 0.042 0.023   -981959    0 
46800:    1.00    0.078    0.250 0.140 0.011    0.062 0.042 0.022   -982394    0 
46900:    1.00    0.064    0.248 0.140 0.011    0.061 0.042 0.023   -982685    0 

--------------------------------------------
Proportion of membership of each pre-defined
 population in each of the 3 clusters

Given    Inferred Clusters       Number of
 Pop       1      2      3      Individuals

  1:     0.107  0.218  0.675       23
--------------------------------------------

 Rep#:   Lambda   Alpha      F1    F2    F3     D1,2  D1,3  D2,3    Ln Like  Est Ln P(D)
47000:    1.00    0.096    0.248 0.140 0.011    0.061 0.042 0.022   -982104    0 
47100:    1.00    0.059    0.247 0.138 0.011    0.060 0.041 0.022   -982348    0 
47200:    1.00    0.089    0.245 0.137 0.011    0.060 0.041 0.022   -982361    0 
47300:    1.00    0.056    0.249 0.137 0.011    0.061 0.042 0.022   -982520    0 
47400:    1.00    0.039    0.249 0.138 0.011    0.061 0.042 0.022   -982402    0 
47500:    1.00    0.074    0.250 0.138 0.011    0.061 0.042 0.022   -982216    0 
47600:    1.00    0.043    0.250 0.139 0.011    0.061 0.042 0.022   -982035    0 
47700:    1.00    0.065    0.250 0.138 0.011    0.061 0.042 0.022   -982320    0 
47800:    1.00    0.097    0.251 0.138 0.011    0.061 0.042 0.022   -982037    0 
47900:    1.00    0.069    0.247 0.138 0.011    0.061 0.041 0.022   -982414    0 

--------------------------------------------
Proportion of membership of each pre-defined
 population in each of the 3 clusters

Given    Inferred Clusters       Number of
 Pop       1      2      3      Individuals

  1:     0.107  0.218  0.676       23
--------------------------------------------

 Rep#:   Lambda   Alpha      F1    F2    F3     D1,2  D1,3  D2,3    Ln Like  Est Ln P(D)
48000:    1.00    0.083    0.247 0.138 0.011    0.061 0.042 0.022   -982203    0 
48100:    1.00    0.079    0.248 0.141 0.011    0.061 0.042 0.022   -982032    0 
48200:    1.00    0.061    0.249 0.141 0.011    0.061 0.042 0.023   -981831    0 
48300:    1.00    0.059    0.253 0.144 0.011    0.063 0.043 0.023   -982023    0 
48400:    1.00    0.086    0.252 0.144 0.011    0.062 0.042 0.023   -982242    0 
48500:    1.00    0.094    0.254 0.144 0.011    0.062 0.043 0.023   -981728    0 
48600:    1.00    0.066    0.254 0.145 0.011    0.063 0.043 0.023   -981559    0 
48700:    1.00    0.088    0.253 0.143 0.011    0.062 0.043 0.023   -981913    0 
48800:    1.00    0.102    0.252 0.144 0.011    0.062 0.042 0.023   -982434    0 
48900:    1.00    0.078    0.244 0.143 0.011    0.061 0.041 0.023   -982269    0 

--------------------------------------------
Proportion of membership of each pre-defined
 population in each of the 3 clusters

Given    Inferred Clusters       Number of
 Pop       1      2      3      Individuals

  1:     0.109  0.216  0.675       23
--------------------------------------------

 Rep#:   Lambda   Alpha      F1    F2    F3     D1,2  D1,3  D2,3    Ln Like  Est Ln P(D)
49000:    1.00    0.052    0.241 0.146 0.011    0.061 0.041 0.023   -982019    0 
49100:    1.00    0.067    0.240 0.146 0.011    0.061 0.040 0.023   -982420    0 
49200:    1.00    0.077    0.239 0.146 0.011    0.060 0.040 0.023   -982183    0 
49300:    1.00    0.087    0.241 0.148 0.010    0.061 0.041 0.023   -982515    0 
49400:    1.00    0.086    0.241 0.148 0.010    0.061 0.040 0.024   -982137    0 
49500:    1.00    0.076    0.244 0.145 0.010    0.061 0.040 0.023   -982687    0 
49600:    1.00    0.068    0.251 0.146 0.010    0.062 0.042 0.023   -982449    0 
49700:    1.00    0.072    0.247 0.147 0.010    0.063 0.042 0.023   -982194    0 
49800:    1.00    0.092    0.251 0.145 0.010    0.062 0.042 0.023   -982197    0 
49900:    1.00    0.063    0.250 0.145 0.010    0.062 0.041 0.023   -982262    0 

--------------------------------------------
Proportion of membership of each pre-defined
 population in each of the 3 clusters

Given    Inferred Clusters       Number of
 Pop       1      2      3      Individuals

  1:     0.107  0.216  0.676       23
--------------------------------------------

 Rep#:   Lambda   Alpha      F1    F2    F3     D1,2  D1,3  D2,3    Ln Like  Est Ln P(D)
50000:    1.00    0.065    0.249 0.147 0.010    0.062 0.042 0.024   -982015    0 
50100:    1.00    0.061    0.251 0.146 0.010    0.063 0.042 0.023   -982418    0 
50200:    1.00    0.059    0.251 0.146 0.010    0.062 0.042 0.023   -982672    0 
50300:    1.00    0.030    0.251 0.146 0.010    0.062 0.042 0.023   -982455    0 
50400:    1.00    0.060    0.248 0.146 0.010    0.062 0.042 0.023   -981995    0 
50500:    1.00    0.059    0.248 0.145 0.010    0.061 0.041 0.023   -981992    0 
50600:    1.00    0.078    0.247 0.145 0.010    0.061 0.041 0.023   -982497    0 
50700:    1.00    0.063    0.250 0.144 0.010    0.062 0.042 0.023   -982415    0 
50800:    1.00    0.059    0.250 0.142 0.010    0.062 0.042 0.022   -982252    0 
50900:    1.00    0.068    0.248 0.142 0.010    0.062 0.042 0.023   -982078    0 

--------------------------------------------
Proportion of membership of each pre-defined
 population in each of the 3 clusters

Given    Inferred Clusters       Number of
 Pop       1      2      3      Individuals

  1:     0.107  0.212  0.681       23
--------------------------------------------

 Rep#:   Lambda   Alpha      F1    F2    F3     D1,2  D1,3  D2,3    Ln Like  Est Ln P(D)
51000:    1.00    0.080    0.248 0.143 0.010    0.062 0.042 0.023   -981906    0 
51100:    1.00    0.047    0.245 0.142 0.010    0.061 0.041 0.023   -981998    0 
51200:    1.00    0.065    0.245 0.143 0.010    0.061 0.041 0.023   -981939    0 
51300:    1.00    0.052    0.248 0.143 0.010    0.062 0.042 0.023   -982156    0 
51400:    1.00    0.058    0.244 0.144 0.010    0.061 0.041 0.023   -981849    0 
51500:    1.00    0.061    0.244 0.143 0.010    0.061 0.041 0.023   -982521    0 
51600:    1.00    0.073    0.245 0.145 0.010    0.061 0.041 0.023   -982406    0 
51700:    1.00    0.087    0.245 0.144 0.010    0.061 0.041 0.023   -982335    0 
51800:    1.00    0.036    0.248 0.144 0.010    0.061 0.042 0.023   -982275    0 
51900:    1.00    0.042    0.244 0.142 0.010    0.061 0.041 0.023   -982159    0 

--------------------------------------------
Proportion of membership of each pre-defined
 population in each of the 3 clusters

Given    Inferred Clusters       Number of
 Pop       1      2      3      Individuals

  1:     0.108  0.216  0.675       23
--------------------------------------------

 Rep#:   Lambda   Alpha      F1    F2    F3     D1,2  D1,3  D2,3    Ln Like  Est Ln P(D)
52000:    1.00    0.049    0.250 0.142 0.010    0.062 0.042 0.023   -982232    0 
52100:    1.00    0.070    0.251 0.143 0.010    0.062 0.042 0.023   -982827    0 
52200:    1.00    0.047    0.251 0.143 0.010    0.062 0.042 0.023   -982703    0 
52300:    1.00    0.042    0.250 0.143 0.010    0.062 0.042 0.023   -982432    0 
52400:    1.00    0.067    0.248 0.143 0.010    0.061 0.041 0.023   -982117    0 
52500:    1.00    0.095    0.249 0.144 0.010    0.062 0.042 0.023   -982136    0 
52600:    1.00    0.059    0.251 0.145 0.010    0.062 0.042 0.023   -982101    0 
52700:    1.00    0.057    0.251 0.145 0.010    0.062 0.042 0.023   -981999    0 
52800:    1.00    0.074    0.249 0.145 0.010    0.062 0.042 0.023   -982189    0 
52900:    1.00    0.075    0.247 0.146 0.010    0.062 0.041 0.023   -982097    0 

--------------------------------------------
Proportion of membership of each pre-defined
 population in each of the 3 clusters

Given    Inferred Clusters       Number of
 Pop       1      2      3      Individuals

  1:     0.108  0.218  0.674       23
--------------------------------------------

 Rep#:   Lambda   Alpha      F1    F2    F3     D1,2  D1,3  D2,3    Ln Like  Est Ln P(D)
53000:    1.00    0.111    0.247 0.147 0.010    0.062 0.041 0.024   -981680    0 
53100:    1.00    0.059    0.248 0.148 0.010    0.062 0.041 0.024   -982180    0 
53200:    1.00    0.090    0.254 0.145 0.010    0.062 0.042 0.023   -982230    0 
53300:    1.00    0.067    0.252 0.145 0.010    0.062 0.042 0.023   -982325    0 
53400:    1.00    0.071    0.253 0.145 0.010    0.062 0.042 0.023   -982413    0 
53500:    1.00    0.078    0.253 0.145 0.010    0.062 0.043 0.023   -981858    0 
53600:    1.00    0.079    0.256 0.146 0.010    0.063 0.042 0.023   -982410    0 
53700:    1.00    0.062    0.253 0.147 0.010    0.062 0.042 0.023   -981992    0 
53800:    1.00    0.043    0.249 0.146 0.010    0.062 0.042 0.023   -982249    0 
53900:    1.00    0.078    0.251 0.145 0.010    0.062 0.042 0.023   -982566    0 

--------------------------------------------
Proportion of membership of each pre-defined
 population in each of the 3 clusters

Given    Inferred Clusters       Number of
 Pop       1      2      3      Individuals

  1:     0.107  0.215  0.678       23
--------------------------------------------

 Rep#:   Lambda   Alpha      F1    F2    F3     D1,2  D1,3  D2,3    Ln Like  Est Ln P(D)
54000:    1.00    0.043    0.250 0.146 0.010    0.061 0.042 0.023   -982441    0 
54100:    1.00    0.086    0.253 0.149 0.010    0.062 0.042 0.023   -982313    0 
54200:    1.00    0.063    0.252 0.146 0.010    0.063 0.042 0.023   -981720    0 
54300:    1.00    0.052    0.251 0.148 0.010    0.063 0.042 0.024   -982384    0 
54400:    1.00    0.064    0.253 0.149 0.010    0.063 0.042 0.024   -982484    0 
54500:    1.00    0.067    0.253 0.148 0.010    0.063 0.042 0.023   -982957    0 
54600:    1.00    0.066    0.252 0.145 0.010    0.062 0.042 0.023   -982188    0 
54700:    1.00    0.062    0.252 0.145 0.010    0.062 0.042 0.023   -982434    0 
54800:    1.00    0.060    0.252 0.147 0.010    0.063 0.042 0.024   -982506    0 
54900:    1.00    0.036    0.245 0.148 0.010    0.063 0.042 0.024   -982254    0 

--------------------------------------------
Proportion of membership of each pre-defined
 population in each of the 3 clusters

Given    Inferred Clusters       Number of
 Pop       1      2      3      Individuals

  1:     0.109  0.211  0.680       23
--------------------------------------------

 Rep#:   Lambda   Alpha      F1    F2    F3     D1,2  D1,3  D2,3    Ln Like  Est Ln P(D)
55000:    1.00    0.090    0.251 0.148 0.010    0.063 0.042 0.024   -982229    0 
55100:    1.00    0.111    0.253 0.147 0.010    0.063 0.042 0.024   -982123    0 
55200:    1.00    0.102    0.253 0.146 0.010    0.063 0.042 0.023   -982494    0 
55300:    1.00    0.072    0.258 0.146 0.010    0.064 0.043 0.023   -982083    0 
55400:    1.00    0.130    0.255 0.147 0.010    0.063 0.043 0.023   -982176    0 
55500:    1.00    0.076    0.259 0.146 0.010    0.064 0.043 0.024   -982338    0 
55600:    1.00    0.075    0.255 0.149 0.010    0.063 0.043 0.024   -981983    0 
55700:    1.00    0.053    0.253 0.149 0.010    0.063 0.042 0.024   -981805    0 
55800:    1.00    0.084    0.255 0.149 0.010    0.063 0.043 0.024   -982079    0 
55900:    1.00    0.078    0.253 0.146 0.010    0.063 0.042 0.023   -982196    0 

--------------------------------------------
Proportion of membership of each pre-defined
 population in each of the 3 clusters

Given    Inferred Clusters       Number of
 Pop       1      2      3      Individuals

  1:     0.107  0.214  0.679       23
--------------------------------------------

 Rep#:   Lambda   Alpha      F1    F2    F3     D1,2  D1,3  D2,3    Ln Like  Est Ln P(D)
56000:    1.00    0.061    0.253 0.148 0.010    0.063 0.043 0.024   -981921    0 
56100:    1.00    0.064    0.255 0.149 0.010    0.063 0.042 0.024   -981959    0 
56200:    1.00    0.091    0.256 0.149 0.010    0.064 0.043 0.024   -982055    0 
56300:    1.00    0.123    0.258 0.149 0.010    0.064 0.043 0.024   -982314    0 
56400:    1.00    0.078    0.258 0.150 0.010    0.064 0.043 0.024   -982222    0 
56500:    1.00    0.100    0.261 0.150 0.010    0.065 0.044 0.024   -981984    0 
56600:    1.00    0.091    0.261 0.151 0.010    0.064 0.043 0.024   -982246    0 
56700:    1.00    0.075    0.260 0.150 0.010    0.064 0.043 0.024   -982725    0 
56800:    1.00    0.082    0.252 0.149 0.010    0.063 0.042 0.023   -982486    0 
56900:    1.00    0.123    0.254 0.149 0.010    0.063 0.042 0.024   -982135    0 

--------------------------------------------
Proportion of membership of each pre-defined
 population in each of the 3 clusters

Given    Inferred Clusters       Number of
 Pop       1      2      3      Individuals

  1:     0.108  0.211  0.680       23
--------------------------------------------

 Rep#:   Lambda   Alpha      F1    F2    F3     D1,2  D1,3  D2,3    Ln Like  Est Ln P(D)
57000:    1.00    0.075    0.248 0.149 0.010    0.063 0.042 0.024   -982373    0 
57100:    1.00    0.072    0.250 0.149 0.010    0.063 0.042 0.024   -982110    0 
57200:    1.00    0.069    0.250 0.150 0.010    0.063 0.042 0.024   -982158    0 
57300:    1.00    0.071    0.253 0.150 0.010    0.064 0.042 0.024   -982107    0 
57400:    1.00    0.055    0.251 0.153 0.010    0.064 0.042 0.024   -982146    0 
57500:    1.00    0.094    0.251 0.153 0.010    0.064 0.042 0.024   -982412    0 
57600:    1.00    0.077    0.251 0.150 0.010    0.064 0.042 0.024   -982318    0 
57700:    1.00    0.096    0.250 0.154 0.010    0.064 0.042 0.024   -982100    0 
57800:    1.00    0.095    0.250 0.154 0.010    0.064 0.042 0.024   -982181    0 
57900:    1.00    0.130    0.250 0.154 0.010    0.063 0.042 0.024   -982008    0 

--------------------------------------------
Proportion of membership of each pre-defined
 population in each of the 3 clusters

Given    Inferred Clusters       Number of
 Pop       1      2      3      Individuals

  1:     0.107  0.211  0.681       23
--------------------------------------------

 Rep#:   Lambda   Alpha      F1    F2    F3     D1,2  D1,3  D2,3    Ln Like  Est Ln P(D)
58000:    1.00    0.109    0.252 0.155 0.010    0.064 0.042 0.024   -982174    0 
58100:    1.00    0.091    0.254 0.153 0.010    0.065 0.043 0.025   -982463    0 
58200:    1.00    0.087    0.253 0.154 0.010    0.064 0.043 0.024   -982023    0 
58300:    1.00    0.063    0.253 0.154 0.010    0.064 0.042 0.024   -982350    0 
58400:    1.00    0.054    0.253 0.151 0.010    0.063 0.042 0.024   -982034    0 
58500:    1.00    0.096    0.253 0.148 0.010    0.063 0.042 0.024   -982596    0 
58600:    1.00    0.071    0.251 0.151 0.010    0.063 0.042 0.024   -982433    0 
58700:    1.00    0.131    0.252 0.153 0.010    0.064 0.042 0.024   -982221    0 
58800:    1.00    0.058    0.243 0.153 0.010    0.062 0.041 0.024   -982454    0 
58900:    1.00    0.083    0.246 0.150 0.010    0.063 0.042 0.024   -982497    0 

--------------------------------------------
Proportion of membership of each pre-defined
 population in each of the 3 clusters

Given    Inferred Clusters       Number of
 Pop       1      2      3      Individuals

  1:     0.110  0.217  0.674       23
--------------------------------------------

 Rep#:   Lambda   Alpha      F1    F2    F3     D1,2  D1,3  D2,3    Ln Like  Est Ln P(D)
59000:    1.00    0.081    0.246 0.150 0.010    0.062 0.041 0.024   -982485    0 
59100:    1.00    0.116    0.247 0.151 0.010    0.063 0.042 0.024   -982843    0 
59200:    1.00    0.140    0.248 0.151 0.010    0.063 0.041 0.024   -981853    0 
59300:    1.00    0.071    0.249 0.151 0.010    0.063 0.042 0.024   -982382    0 
59400:    1.00    0.075    0.248 0.151 0.010    0.063 0.041 0.024   -982071    0 
59500:    1.00    0.089    0.249 0.149 0.010    0.062 0.041 0.023   -982363    0 
59600:    1.00    0.091    0.249 0.150 0.010    0.063 0.042 0.024   -982182    0 
59700:    1.00    0.091    0.247 0.151 0.010    0.062 0.041 0.024   -981786    0 
59800:    1.00    0.071    0.249 0.146 0.010    0.062 0.042 0.023   -982250    0 
59900:    1.00    0.099    0.247 0.146 0.010    0.062 0.041 0.024   -982543    0 
60000:    1.00    0.065    0.246 0.147 0.010    0.062 0.041 0.023   -982306    0 

MCMC completed

Inferred ancestry of individuals:
        Label (%Miss) Pop:  Inferred clusters
  1 18160D-09-0    (2)    1 :  0.000 0.070 0.930 
  2 18160D-09-0    (4)    1 :  0.000 0.081 0.919 
  3 18160D-09-0    (2)    1 :  0.000 0.712 0.288 
  4 18160D-09-0    (5)    1 :  0.000 1.000 0.000 
  5 18160D-09-0    (4)    1 :  0.000 0.871 0.129 
  6 18160D-09-0    (4)    1 :  0.000 0.914 0.086 
  7 18160D-09-0    (2)    1 :  0.000 0.993 0.006 
  8 18160D-09-0    (4)    1 :  0.000 0.044 0.956 
  9 18160D-09-0    (2)    1 :  0.160 0.000 0.840 
 10 18160D-09-1    (2)    1 :  1.000 0.000 0.000 
 11 18160D-09-1    (2)    1 :  0.297 0.000 0.703 
 12 18160D-09-1    (2)    1 :  0.171 0.000 0.829 
 13 18160D-09-1    (5)    1 :  0.000 0.090 0.909 
 14 18160D-09-1   (18)    1 :  0.000 0.084 0.916 
 15 18160D-09-1    (4)    1 :  0.000 0.002 0.998 
 16 18160D-09-1    (2)    1 :  0.852 0.019 0.129 
 17 18160D-09-1    (2)    1 :  0.000 0.060 0.940 
 18 18160D-09-1    (2)    1 :  0.000 0.000 1.000 
 19 18160D-09-1    (2)    1 :  0.000 0.007 0.993 
 20 18160D-09-2    (5)    1 :  0.000 0.001 0.999 
 21 18160D-09-2    (5)    1 :  0.000 0.070 0.930 
 22 18160D-09-2    (5)    1 :  0.000 0.000 1.000 
 23 18160D-09-2    (2)    1 :  0.000 0.006 0.994 

Command line arguments:   structure -D 286845 -K 3 -m mainparams -o k3/populations_k3_run7 
Input File:    populations.str
Output File:   k3/populations_k3_run7_f

Run parameters:
   23 individuals
   50160 loci
   3 populations assumed
   10000 Burn-in period
   50000 Reps
RANDOMIZE turned off

--------------------------------------------
Estimated Ln Prob of Data   = -1023312.7
Mean value of ln likelihood = -982127.7
Variance of ln likelihood   = 82369.9
Mean value of alpha         = 0.0756

Mean value of Fst_1         = 0.2493
Mean value of Fst_2         = 0.1441
Mean value of Fst_3         = 0.0115


--------------------------------------------
Proportion of membership of each pre-defined
 population in each of the 3 clusters

Given    Inferred Clusters       Number of
 Pop       1      2      3      Individuals

  1:     0.108  0.218  0.674       23
--------------------------------------------
Final results printed to file k3/populations_k3_run7_f

