

----------------------------------------------------
STRUCTURE by Pritchard, Stephens and Donnelly (2000)
     and Falush, Stephens and Pritchard (2003)
       Code by Pritchard, Falush and Hubisz
             Version 2.3.4 (Jul 2012)
----------------------------------------------------


Reading file "mainparams".
datafile is
populations.str
Reading file "extraparams".
Reading file "populations.str".


Data file "populations.str" (truncated) --

Ind:   Label Pop : Genotype_data . . . .
  1: 18160D-09-0    1  :  4   1   3   1   4   1   3  . . . .   2
  1: 18160D-09-0    1  :  4   1   3   1   4   4   4  . . . .   4
  2: 18160D-09-0    1  :  4   1   3   1   4   1   3  . . . .   2
  2: 18160D-09-0    1  :  4   1   3   1   4   4   3  . . . .   4
  3: 18160D-09-0    1  :  4   1   0   0   0   0   3  . . . .   2
  3: 18160D-09-0    1  :  4   3   0   0   0   0   3  . . . .   4
  4: 18160D-09-0    1  :  4   1   3   1   4   1   3  . . . .   2
  4: 18160D-09-0    1  :  4   3   3   1   4   1   3  . . . .   4

      *******   

 22: 18160D-09-2    1  :  4   1   3   1   4   1   3  . . . .   2
 22: 18160D-09-2    1  :  4   3   3   1   4   1   4  . . . .   4
 23: 18160D-09-2    1  :  4   1   3   1   4   1   3  . . . .   2
 23: 18160D-09-2    1  :  4   1   3   1   4   4   4  . . . .   4

Number of alleles per locus: min= 2; ave=2.0; max= 2


--------------------------------------

Finished initialization; starting MCMC 
50000 iterations + 10000 burnin


--------------------------------------------
Proportion of membership of each pre-defined
 population in each of the 3 clusters

Given    Inferred Clusters       Number of
 Pop       1      2      3      Individuals

  1:     0.333  0.339  0.328       23
--------------------------------------------

 Rep#:   Lambda   Alpha      F1    F2    F3     D1,2  D1,3  D2,3    Ln Like 
  100:    1.00    1.787    0.010 0.010 0.010    0.003 0.003 0.003   --  
  200:    1.00    1.712    0.010 0.010 0.010    0.003 0.003 0.003   --  
  300:    1.00    2.179    0.010 0.010 0.010    0.003 0.003 0.003   --  
  400:    1.00    2.271    0.010 0.010 0.010    0.003 0.003 0.003   --  
  500:    1.00    2.453    0.010 0.010 0.010    0.003 0.003 0.003   --  
  600:    1.00    2.601    0.010 0.010 0.010    0.003 0.003 0.003   --  
  700:    1.00    2.597    0.010 0.010 0.010    0.003 0.003 0.003   --  
  800:    1.00    1.927    0.010 0.010 0.010    0.003 0.003 0.003   --  
  900:    1.00    1.617    0.010 0.010 0.010    0.003 0.003 0.003   --  

--------------------------------------------
Proportion of membership of each pre-defined
 population in each of the 3 clusters

Given    Inferred Clusters       Number of
 Pop       1      2      3      Individuals

  1:     0.272  0.368  0.360       23
--------------------------------------------

 Rep#:   Lambda   Alpha      F1    F2    F3     D1,2  D1,3  D2,3    Ln Like 
 1000:    1.00    1.004    0.010 0.011 0.010    0.003 0.003 0.003   --  
 1100:    1.00    0.533    0.010 0.012 0.010    0.003 0.003 0.004   --  
 1200:    1.00    0.406    0.010 0.013 0.010    0.004 0.003 0.004   --  
 1300:    1.00    0.442    0.010 0.014 0.010    0.004 0.003 0.004   --  
 1400:    1.00    0.146    0.010 0.015 0.010    0.004 0.003 0.004   --  
 1500:    1.00    0.222    0.010 0.015 0.010    0.004 0.003 0.004   --  
 1600:    1.00    0.208    0.010 0.018 0.010    0.005 0.003 0.005   --  
 1700:    1.00    0.137    0.010 0.021 0.011    0.005 0.003 0.005   --  
 1800:    1.00    0.141    0.010 0.022 0.011    0.005 0.003 0.005   --  
 1900:    1.00    0.106    0.010 0.024 0.011    0.005 0.003 0.006   --  

--------------------------------------------
Proportion of membership of each pre-defined
 population in each of the 3 clusters

Given    Inferred Clusters       Number of
 Pop       1      2      3      Individuals

  1:     0.331  0.335  0.334       23
--------------------------------------------

 Rep#:   Lambda   Alpha      F1    F2    F3     D1,2  D1,3  D2,3    Ln Like 
 2000:    1.00    0.145    0.010 0.037 0.011    0.008 0.003 0.008   --  
 2100:    1.00    0.171    0.010 0.049 0.011    0.009 0.003 0.010   --  
 2200:    1.00    0.109    0.010 0.075 0.011    0.014 0.003 0.014   --  
 2300:    1.00    0.121    0.010 0.101 0.011    0.017 0.003 0.018   --  
 2400:    1.00    0.125    0.010 0.115 0.011    0.019 0.003 0.020   --  
 2500:    1.00    0.139    0.010 0.120 0.011    0.020 0.003 0.020   --  
 2600:    1.00    0.126    0.010 0.121 0.011    0.020 0.003 0.020   --  
 2700:    1.00    0.121    0.010 0.123 0.011    0.020 0.003 0.020   --  
 2800:    1.00    0.125    0.010 0.123 0.011    0.020 0.003 0.021   --  
 2900:    1.00    0.144    0.010 0.126 0.011    0.021 0.003 0.021   --  

--------------------------------------------
Proportion of membership of each pre-defined
 population in each of the 3 clusters

Given    Inferred Clusters       Number of
 Pop       1      2      3      Individuals

  1:     0.438  0.253  0.309       23
--------------------------------------------

 Rep#:   Lambda   Alpha      F1    F2    F3     D1,2  D1,3  D2,3    Ln Like 
 3000:    1.00    0.115    0.011 0.127 0.011    0.021 0.003 0.021   --  
 3100:    1.00    0.124    0.011 0.127 0.011    0.021 0.003 0.021   --  
 3200:    1.00    0.119    0.011 0.127 0.011    0.021 0.003 0.021   --  
 3300:    1.00    0.183    0.011 0.128 0.011    0.021 0.003 0.021   --  
 3400:    1.00    0.101    0.011 0.130 0.011    0.021 0.003 0.022   --  
 3500:    1.00    0.114    0.011 0.131 0.011    0.021 0.004 0.022   --  
 3600:    1.00    0.087    0.011 0.131 0.011    0.021 0.004 0.022   --  
 3700:    1.00    0.094    0.011 0.134 0.011    0.022 0.004 0.022   --  
 3800:    1.00    0.070    0.011 0.140 0.011    0.023 0.004 0.023   --  
 3900:    1.00    0.067    0.011 0.140 0.011    0.023 0.004 0.023   --  

--------------------------------------------
Proportion of membership of each pre-defined
 population in each of the 3 clusters

Given    Inferred Clusters       Number of
 Pop       1      2      3      Individuals

  1:     0.498  0.234  0.268       23
--------------------------------------------

 Rep#:   Lambda   Alpha      F1    F2    F3     D1,2  D1,3  D2,3    Ln Like 
 4000:    1.00    0.059    0.011 0.141 0.011    0.023 0.004 0.023   --  
 4100:    1.00    0.054    0.011 0.141 0.011    0.023 0.004 0.023   --  
 4200:    1.00    0.055    0.011 0.144 0.011    0.023 0.004 0.024   --  
 4300:    1.00    0.041    0.011 0.145 0.011    0.023 0.004 0.024   --  
 4400:    1.00    0.063    0.011 0.146 0.012    0.023 0.004 0.024   --  
 4500:    1.00    0.056    0.011 0.145 0.012    0.023 0.004 0.024   --  
 4600:    1.00    0.075    0.011 0.146 0.012    0.024 0.004 0.024   --  
 4700:    1.00    0.055    0.012 0.146 0.013    0.024 0.004 0.024   --  
 4800:    1.00    0.037    0.012 0.146 0.013    0.023 0.004 0.024   --  
 4900:    1.00    0.028    0.012 0.147 0.013    0.024 0.004 0.024   --  

--------------------------------------------
Proportion of membership of each pre-defined
 population in each of the 3 clusters

Given    Inferred Clusters       Number of
 Pop       1      2      3      Individuals

  1:     0.515  0.223  0.261       23
--------------------------------------------

 Rep#:   Lambda   Alpha      F1    F2    F3     D1,2  D1,3  D2,3    Ln Like 
 5000:    1.00    0.044    0.012 0.148 0.013    0.024 0.004 0.024   --  
 5100:    1.00    0.068    0.012 0.148 0.013    0.024 0.004 0.025   --  
 5200:    1.00    0.076    0.012 0.148 0.013    0.024 0.004 0.025   --  
 5300:    1.00    0.081    0.012 0.148 0.013    0.024 0.004 0.025   --  
 5400:    1.00    0.061    0.012 0.148 0.014    0.024 0.004 0.025   --  
 5500:    1.00    0.056    0.012 0.149 0.014    0.024 0.004 0.025   --  
 5600:    1.00    0.043    0.012 0.146 0.015    0.024 0.004 0.025   --  
 5700:    1.00    0.048    0.012 0.147 0.015    0.023 0.004 0.025   --  
 5800:    1.00    0.065    0.012 0.146 0.015    0.024 0.004 0.025   --  
 5900:    1.00    0.040    0.012 0.146 0.015    0.024 0.004 0.025   --  

--------------------------------------------
Proportion of membership of each pre-defined
 population in each of the 3 clusters

Given    Inferred Clusters       Number of
 Pop       1      2      3      Individuals

  1:     0.517  0.222  0.261       23
--------------------------------------------

 Rep#:   Lambda   Alpha      F1    F2    F3     D1,2  D1,3  D2,3    Ln Like 
 6000:    1.00    0.043    0.012 0.146 0.016    0.024 0.004 0.025   --  
 6100:    1.00    0.058    0.012 0.146 0.016    0.023 0.004 0.024   --  
 6200:    1.00    0.039    0.012 0.148 0.016    0.024 0.004 0.025   --  
 6300:    1.00    0.064    0.012 0.148 0.017    0.024 0.005 0.025   --  
 6400:    1.00    0.032    0.012 0.148 0.017    0.024 0.005 0.025   --  
 6500:    1.00    0.037    0.013 0.149 0.017    0.024 0.005 0.025   --  
 6600:    1.00    0.044    0.013 0.148 0.017    0.024 0.005 0.025   --  
 6700:    1.00    0.058    0.013 0.147 0.017    0.024 0.005 0.025   --  
 6800:    1.00    0.036    0.013 0.147 0.017    0.024 0.005 0.025   --  
 6900:    1.00    0.064    0.013 0.144 0.019    0.023 0.005 0.025   --  

--------------------------------------------
Proportion of membership of each pre-defined
 population in each of the 3 clusters

Given    Inferred Clusters       Number of
 Pop       1      2      3      Individuals

  1:     0.519  0.221  0.261       23
--------------------------------------------

 Rep#:   Lambda   Alpha      F1    F2    F3     D1,2  D1,3  D2,3    Ln Like 
 7000:    1.00    0.038    0.013 0.146 0.019    0.024 0.005 0.025   --  
 7100:    1.00    0.053    0.013 0.146 0.019    0.024 0.005 0.025   --  
 7200:    1.00    0.056    0.013 0.149 0.019    0.024 0.005 0.025   --  
 7300:    1.00    0.069    0.013 0.148 0.020    0.024 0.005 0.025   --  
 7400:    1.00    0.078    0.013 0.151 0.020    0.024 0.005 0.026   --  
 7500:    1.00    0.064    0.013 0.151 0.020    0.025 0.005 0.026   --  
 7600:    1.00    0.048    0.013 0.149 0.020    0.024 0.005 0.026   --  
 7700:    1.00    0.056    0.013 0.149 0.021    0.024 0.005 0.026   --  
 7800:    1.00    0.097    0.013 0.149 0.021    0.024 0.005 0.026   --  
 7900:    1.00    0.067    0.013 0.149 0.023    0.024 0.006 0.026   --  

--------------------------------------------
Proportion of membership of each pre-defined
 population in each of the 3 clusters

Given    Inferred Clusters       Number of
 Pop       1      2      3      Individuals

  1:     0.525  0.214  0.261       23
--------------------------------------------

 Rep#:   Lambda   Alpha      F1    F2    F3     D1,2  D1,3  D2,3    Ln Like 
 8000:    1.00    0.051    0.013 0.150 0.023    0.024 0.006 0.027   --  
 8100:    1.00    0.086    0.013 0.150 0.023    0.024 0.006 0.026   --  
 8200:    1.00    0.075    0.013 0.149 0.024    0.024 0.006 0.027   --  
 8300:    1.00    0.088    0.013 0.150 0.026    0.024 0.006 0.027   --  
 8400:    1.00    0.075    0.013 0.151 0.026    0.025 0.006 0.027   --  
 8500:    1.00    0.057    0.013 0.151 0.026    0.025 0.006 0.027   --  
 8600:    1.00    0.057    0.013 0.150 0.027    0.024 0.006 0.027   --  
 8700:    1.00    0.059    0.013 0.153 0.028    0.025 0.007 0.028   --  
 8800:    1.00    0.056    0.013 0.152 0.029    0.025 0.007 0.028   --  
 8900:    1.00    0.066    0.014 0.150 0.029    0.024 0.007 0.028   --  

--------------------------------------------
Proportion of membership of each pre-defined
 population in each of the 3 clusters

Given    Inferred Clusters       Number of
 Pop       1      2      3      Individuals

  1:     0.541  0.214  0.245       23
--------------------------------------------

 Rep#:   Lambda   Alpha      F1    F2    F3     D1,2  D1,3  D2,3    Ln Like 
 9000:    1.00    0.052    0.014 0.150 0.029    0.024 0.007 0.028   --  
 9100:    1.00    0.048    0.014 0.150 0.031    0.025 0.007 0.028   --  
 9200:    1.00    0.060    0.014 0.150 0.031    0.024 0.007 0.028   --  
 9300:    1.00    0.094    0.014 0.149 0.031    0.024 0.007 0.028   --  
 9400:    1.00    0.072    0.014 0.147 0.033    0.024 0.007 0.028   --  
 9500:    1.00    0.053    0.014 0.149 0.034    0.024 0.008 0.028   --  
 9600:    1.00    0.059    0.014 0.149 0.035    0.024 0.008 0.028   --  
 9700:    1.00    0.056    0.014 0.150 0.038    0.024 0.008 0.029   --  
 9800:    1.00    0.048    0.014 0.151 0.041    0.025 0.009 0.030   --  
 9900:    1.00    0.041    0.014 0.152 0.047    0.025 0.010 0.030   --  
10000:    1.00    0.069    0.014 0.153 0.047    0.025 0.010 0.031   --  

BURNIN completed
 Rep#:   Lambda   Alpha      F1    F2    F3     D1,2  D1,3  D2,3    Ln Like  Est Ln P(D)
10100:    1.00    0.078    0.014 0.147 0.049    0.024 0.010 0.030   -989831    0 
10200:    1.00    0.100    0.014 0.147 0.054    0.024 0.011 0.031   -989812    0 
10300:    1.00    0.046    0.014 0.146 0.054    0.024 0.011 0.031   -989920    0 
10400:    1.00    0.060    0.014 0.146 0.066    0.024 0.013 0.033   -988380    0 
10500:    1.00    0.092    0.015 0.146 0.069    0.024 0.014 0.033   -988077    0 
10600:    1.00    0.066    0.015 0.148 0.078    0.024 0.015 0.035   -987351    0 
10700:    1.00    0.060    0.015 0.148 0.085    0.024 0.016 0.037   -987371    0 
10800:    1.00    0.057    0.015 0.148 0.091    0.024 0.017 0.037   -986769    0 
10900:    1.00    0.053    0.015 0.149 0.106    0.024 0.019 0.039   -986880    0 

--------------------------------------------
Proportion of membership of each pre-defined
 population in each of the 3 clusters

Given    Inferred Clusters       Number of
 Pop       1      2      3      Individuals

  1:     0.642  0.213  0.145       23
--------------------------------------------

 Rep#:   Lambda   Alpha      F1    F2    F3     D1,2  D1,3  D2,3    Ln Like  Est Ln P(D)
11000:    1.00    0.059    0.015 0.148 0.121    0.024 0.022 0.042   -985846    0 
11100:    1.00    0.047    0.015 0.150 0.143    0.024 0.026 0.046   -984540    0 
11200:    1.00    0.074    0.015 0.150 0.157    0.024 0.028 0.048   -983819    0 
11300:    1.00    0.050    0.015 0.153 0.167    0.025 0.029 0.050   -983496    0 
11400:    1.00    0.076    0.015 0.153 0.182    0.025 0.032 0.053   -982729    0 
11500:    1.00    0.070    0.015 0.151 0.186    0.025 0.033 0.053   -983204    0 
11600:    1.00    0.054    0.015 0.150 0.188    0.024 0.033 0.053   -982873    0 
11700:    1.00    0.068    0.015 0.149 0.191    0.024 0.033 0.053   -982936    0 
11800:    1.00    0.080    0.015 0.149 0.200    0.024 0.035 0.055   -982684    0 
11900:    1.00    0.093    0.015 0.149 0.205    0.024 0.035 0.055   -982379    0 

--------------------------------------------
Proportion of membership of each pre-defined
 population in each of the 3 clusters

Given    Inferred Clusters       Number of
 Pop       1      2      3      Individuals

  1:     0.669  0.215  0.116       23
--------------------------------------------

 Rep#:   Lambda   Alpha      F1    F2    F3     D1,2  D1,3  D2,3    Ln Like  Est Ln P(D)
12000:    1.00    0.084    0.015 0.149 0.209    0.024 0.036 0.056   -982582    0 
12100:    1.00    0.092    0.015 0.146 0.209    0.024 0.036 0.056   -983602    0 
12200:    1.00    0.065    0.015 0.146 0.215    0.024 0.037 0.057   -982820    0 
12300:    1.00    0.076    0.015 0.146 0.219    0.024 0.038 0.057   -983126    0 
12400:    1.00    0.063    0.015 0.147 0.223    0.024 0.039 0.058   -982390    0 
12500:    1.00    0.116    0.015 0.147 0.227    0.024 0.039 0.058   -982263    0 
12600:    1.00    0.071    0.015 0.147 0.231    0.024 0.040 0.059   -982613    0 
12700:    1.00    0.047    0.015 0.146 0.232    0.024 0.040 0.060   -982180    0 
12800:    1.00    0.048    0.015 0.146 0.231    0.024 0.040 0.059   -982157    0 
12900:    1.00    0.073    0.015 0.146 0.232    0.024 0.040 0.060   -982034    0 

--------------------------------------------
Proportion of membership of each pre-defined
 population in each of the 3 clusters

Given    Inferred Clusters       Number of
 Pop       1      2      3      Individuals

  1:     0.669  0.220  0.112       23
--------------------------------------------

 Rep#:   Lambda   Alpha      F1    F2    F3     D1,2  D1,3  D2,3    Ln Like  Est Ln P(D)
13000:    1.00    0.030    0.015 0.146 0.238    0.024 0.041 0.061   -981831    0 
13100:    1.00    0.063    0.015 0.147 0.236    0.024 0.040 0.060   -982347    0 
13200:    1.00    0.051    0.015 0.147 0.239    0.024 0.041 0.061   -981624    0 
13300:    1.00    0.061    0.015 0.143 0.240    0.024 0.041 0.061   -982111    0 
13400:    1.00    0.075    0.015 0.143 0.241    0.023 0.041 0.060   -982171    0 
13500:    1.00    0.098    0.014 0.142 0.241    0.023 0.041 0.061   -982115    0 
13600:    1.00    0.101    0.014 0.142 0.244    0.023 0.041 0.061   -982313    0 
13700:    1.00    0.099    0.014 0.143 0.244    0.024 0.041 0.061   -982250    0 
13800:    1.00    0.069    0.014 0.143 0.246    0.023 0.042 0.061   -982319    0 
13900:    1.00    0.069    0.014 0.143 0.246    0.023 0.042 0.062   -982163    0 

--------------------------------------------
Proportion of membership of each pre-defined
 population in each of the 3 clusters

Given    Inferred Clusters       Number of
 Pop       1      2      3      Individuals

  1:     0.667  0.224  0.110       23
--------------------------------------------

 Rep#:   Lambda   Alpha      F1    F2    F3     D1,2  D1,3  D2,3    Ln Like  Est Ln P(D)
14000:    1.00    0.068    0.014 0.143 0.246    0.023 0.042 0.061   -981950    0 
14100:    1.00    0.099    0.014 0.142 0.248    0.023 0.042 0.061   -981700    0 
14200:    1.00    0.062    0.014 0.144 0.246    0.023 0.042 0.061   -981621    0 
14300:    1.00    0.111    0.014 0.144 0.246    0.024 0.041 0.061   -982032    0 
14400:    1.00    0.077    0.014 0.142 0.246    0.023 0.042 0.061   -982010    0 
14500:    1.00    0.099    0.014 0.142 0.249    0.023 0.042 0.060   -981833    0 
14600:    1.00    0.091    0.014 0.144 0.249    0.024 0.042 0.062   -982375    0 
14700:    1.00    0.033    0.014 0.143 0.250    0.024 0.043 0.062   -981575    0 
14800:    1.00    0.050    0.014 0.143 0.249    0.024 0.042 0.061   -982655    0 
14900:    1.00    0.075    0.014 0.143 0.249    0.023 0.042 0.061   -981748    0 

--------------------------------------------
Proportion of membership of each pre-defined
 population in each of the 3 clusters

Given    Inferred Clusters       Number of
 Pop       1      2      3      Individuals

  1:     0.669  0.222  0.109       23
--------------------------------------------

 Rep#:   Lambda   Alpha      F1    F2    F3     D1,2  D1,3  D2,3    Ln Like  Est Ln P(D)
15000:    1.00    0.082    0.014 0.146 0.250    0.024 0.042 0.062   -982002    0 
15100:    1.00    0.073    0.014 0.144 0.251    0.023 0.043 0.062   -982274    0 
15200:    1.00    0.060    0.014 0.144 0.250    0.024 0.042 0.062   -981832    0 
15300:    1.00    0.059    0.014 0.145 0.245    0.024 0.042 0.061   -981917    0 
15400:    1.00    0.068    0.014 0.145 0.248    0.024 0.042 0.062   -981827    0 
15500:    1.00    0.072    0.014 0.144 0.246    0.024 0.042 0.062   -982224    0 
15600:    1.00    0.096    0.014 0.145 0.247    0.024 0.042 0.062   -981392    0 
15700:    1.00    0.103    0.014 0.144 0.246    0.024 0.042 0.061   -982379    0 
15800:    1.00    0.094    0.014 0.140 0.245    0.023 0.041 0.060   -982130    0 
15900:    1.00    0.112    0.014 0.142 0.245    0.023 0.042 0.060   -982125    0 

--------------------------------------------
Proportion of membership of each pre-defined
 population in each of the 3 clusters

Given    Inferred Clusters       Number of
 Pop       1      2      3      Individuals

  1:     0.663  0.229  0.108       23
--------------------------------------------

 Rep#:   Lambda   Alpha      F1    F2    F3     D1,2  D1,3  D2,3    Ln Like  Est Ln P(D)
16000:    1.00    0.091    0.014 0.142 0.246    0.024 0.042 0.061   -982246    0 
16100:    1.00    0.072    0.014 0.142 0.244    0.023 0.042 0.061   -982053    0 
16200:    1.00    0.067    0.014 0.142 0.249    0.023 0.042 0.061   -982401    0 
16300:    1.00    0.057    0.014 0.141 0.251    0.023 0.042 0.061   -981847    0 
16400:    1.00    0.059    0.014 0.140 0.251    0.023 0.043 0.061   -981758    0 
16500:    1.00    0.093    0.014 0.140 0.254    0.023 0.043 0.062   -981362    0 
16600:    1.00    0.085    0.014 0.140 0.253    0.023 0.042 0.061   -982053    0 
16700:    1.00    0.101    0.014 0.142 0.249    0.023 0.042 0.061   -981830    0 
16800:    1.00    0.057    0.014 0.142 0.252    0.023 0.043 0.062   -981736    0 
16900:    1.00    0.061    0.014 0.144 0.253    0.024 0.043 0.062   -982157    0 

--------------------------------------------
Proportion of membership of each pre-defined
 population in each of the 3 clusters

Given    Inferred Clusters       Number of
 Pop       1      2      3      Individuals

  1:     0.674  0.218  0.108       23
--------------------------------------------

 Rep#:   Lambda   Alpha      F1    F2    F3     D1,2  D1,3  D2,3    Ln Like  Est Ln P(D)
17000:    1.00    0.062    0.014 0.147 0.255    0.024 0.043 0.063   -981752    0 
17100:    1.00    0.056    0.014 0.147 0.252    0.024 0.043 0.062   -981888    0 
17200:    1.00    0.066    0.014 0.148 0.253    0.024 0.043 0.063   -981742    0 
17300:    1.00    0.091    0.014 0.145 0.250    0.024 0.042 0.062   -981547    0 
17400:    1.00    0.060    0.014 0.145 0.249    0.024 0.043 0.062   -981693    0 
17500:    1.00    0.082    0.014 0.147 0.250    0.024 0.042 0.062   -981893    0 
17600:    1.00    0.053    0.014 0.145 0.249    0.024 0.042 0.061   -982488    0 
17700:    1.00    0.065    0.014 0.146 0.250    0.024 0.043 0.063   -981849    0 
17800:    1.00    0.080    0.014 0.146 0.252    0.024 0.043 0.063   -981600    0 
17900:    1.00    0.117    0.014 0.145 0.253    0.024 0.043 0.062   -982301    0 

--------------------------------------------
Proportion of membership of each pre-defined
 population in each of the 3 clusters

Given    Inferred Clusters       Number of
 Pop       1      2      3      Individuals

  1:     0.679  0.214  0.107       23
--------------------------------------------

 Rep#:   Lambda   Alpha      F1    F2    F3     D1,2  D1,3  D2,3    Ln Like  Est Ln P(D)
18000:    1.00    0.060    0.014 0.145 0.253    0.024 0.043 0.063   -982126    0 
18100:    1.00    0.104    0.014 0.145 0.251    0.024 0.043 0.063   -982180    0 
18200:    1.00    0.076    0.014 0.145 0.255    0.023 0.043 0.062   -982262    0 
18300:    1.00    0.068    0.014 0.146 0.252    0.024 0.043 0.063   -982127    0 
18400:    1.00    0.061    0.014 0.147 0.253    0.024 0.043 0.063   -982173    0 
18500:    1.00    0.105    0.014 0.147 0.254    0.024 0.043 0.063   -982061    0 
18600:    1.00    0.064    0.014 0.148 0.258    0.024 0.044 0.064   -982036    0 
18700:    1.00    0.083    0.014 0.148 0.256    0.024 0.044 0.064   -981706    0 
18800:    1.00    0.063    0.014 0.147 0.258    0.024 0.043 0.063   -982196    0 
18900:    1.00    0.086    0.014 0.147 0.254    0.024 0.044 0.064   -982073    0 

--------------------------------------------
Proportion of membership of each pre-defined
 population in each of the 3 clusters

Given    Inferred Clusters       Number of
 Pop       1      2      3      Individuals

  1:     0.676  0.216  0.108       23
--------------------------------------------

 Rep#:   Lambda   Alpha      F1    F2    F3     D1,2  D1,3  D2,3    Ln Like  Est Ln P(D)
19000:    1.00    0.082    0.014 0.148 0.256    0.024 0.044 0.064   -981647    0 
19100:    1.00    0.075    0.014 0.149 0.253    0.024 0.043 0.063   -982742    0 
19200:    1.00    0.093    0.014 0.149 0.248    0.024 0.042 0.062   -981938    0 
19300:    1.00    0.078    0.014 0.149 0.247    0.024 0.042 0.062   -981882    0 
19400:    1.00    0.051    0.014 0.150 0.247    0.024 0.042 0.062   -982311    0 
19500:    1.00    0.090    0.014 0.149 0.247    0.024 0.042 0.062   -982012    0 
19600:    1.00    0.069    0.014 0.150 0.247    0.024 0.042 0.062   -981957    0 
19700:    1.00    0.068    0.014 0.151 0.243    0.024 0.042 0.062   -981655    0 
19800:    1.00    0.104    0.014 0.150 0.243    0.025 0.041 0.061   -982193    0 
19900:    1.00    0.121    0.014 0.151 0.249    0.024 0.043 0.063   -981562    0 

--------------------------------------------
Proportion of membership of each pre-defined
 population in each of the 3 clusters

Given    Inferred Clusters       Number of
 Pop       1      2      3      Individuals

  1:     0.668  0.222  0.109       23
--------------------------------------------

 Rep#:   Lambda   Alpha      F1    F2    F3     D1,2  D1,3  D2,3    Ln Like  Est Ln P(D)
20000:    1.00    0.094    0.014 0.151 0.248    0.025 0.042 0.063   -981756    0 
20100:    1.00    0.062    0.014 0.152 0.248    0.024 0.042 0.063   -981636    0 
20200:    1.00    0.130    0.014 0.149 0.253    0.024 0.042 0.063   -981785    0 
20300:    1.00    0.085    0.014 0.150 0.250    0.024 0.042 0.062   -982141    0 
20400:    1.00    0.109    0.014 0.152 0.246    0.025 0.042 0.063   -982083    0 
20500:    1.00    0.106    0.014 0.151 0.250    0.024 0.043 0.063   -981997    0 
20600:    1.00    0.084    0.014 0.149 0.250    0.024 0.042 0.062   -982145    0 
20700:    1.00    0.097    0.014 0.150 0.253    0.024 0.043 0.063   -981952    0 
20800:    1.00    0.085    0.014 0.150 0.252    0.025 0.042 0.063   -981865    0 
20900:    1.00    0.068    0.014 0.151 0.253    0.024 0.043 0.064   -981510    0 

--------------------------------------------
Proportion of membership of each pre-defined
 population in each of the 3 clusters

Given    Inferred Clusters       Number of
 Pop       1      2      3      Individuals

  1:     0.673  0.218  0.109       23
--------------------------------------------

 Rep#:   Lambda   Alpha      F1    F2    F3     D1,2  D1,3  D2,3    Ln Like  Est Ln P(D)
21000:    1.00    0.065    0.014 0.151 0.249    0.025 0.042 0.063   -982012    0 
21100:    1.00    0.098    0.014 0.151 0.249    0.025 0.042 0.062   -982194    0 
21200:    1.00    0.059    0.014 0.150 0.249    0.024 0.042 0.063   -981830    0 
21300:    1.00    0.100    0.014 0.150 0.251    0.025 0.043 0.063   -982024    0 
21400:    1.00    0.052    0.014 0.150 0.250    0.024 0.043 0.063   -982336    0 
21500:    1.00    0.098    0.014 0.150 0.254    0.025 0.043 0.063   -981601    0 
21600:    1.00    0.076    0.014 0.149 0.256    0.024 0.043 0.064   -981496    0 
21700:    1.00    0.091    0.014 0.149 0.254    0.024 0.044 0.063   -981191    0 
21800:    1.00    0.045    0.014 0.148 0.253    0.024 0.043 0.063   -981199    0 
21900:    1.00    0.061    0.014 0.147 0.254    0.024 0.043 0.063   -982029    0 

--------------------------------------------
Proportion of membership of each pre-defined
 population in each of the 3 clusters

Given    Inferred Clusters       Number of
 Pop       1      2      3      Individuals

  1:     0.675  0.216  0.109       23
--------------------------------------------

 Rep#:   Lambda   Alpha      F1    F2    F3     D1,2  D1,3  D2,3    Ln Like  Est Ln P(D)
22000:    1.00    0.097    0.014 0.147 0.253    0.024 0.043 0.063   -981918    0 
22100:    1.00    0.050    0.014 0.145 0.251    0.024 0.043 0.062   -981685    0 
22200:    1.00    0.061    0.014 0.145 0.251    0.023 0.042 0.062   -981797    0 
22300:    1.00    0.081    0.014 0.144 0.246    0.023 0.042 0.061   -982417    0 
22400:    1.00    0.066    0.014 0.144 0.247    0.023 0.042 0.061   -982541    0 
22500:    1.00    0.062    0.014 0.145 0.247    0.024 0.042 0.062   -981948    0 
22600:    1.00    0.054    0.014 0.145 0.244    0.023 0.042 0.061   -981958    0 
22700:    1.00    0.055    0.014 0.146 0.244    0.024 0.041 0.061   -982266    0 
22800:    1.00    0.074    0.014 0.146 0.244    0.024 0.041 0.062   -982102    0 
22900:    1.00    0.062    0.014 0.146 0.243    0.024 0.041 0.062   -982036    0 

--------------------------------------------
Proportion of membership of each pre-defined
 population in each of the 3 clusters

Given    Inferred Clusters       Number of
 Pop       1      2      3      Individuals

  1:     0.673  0.217  0.111       23
--------------------------------------------

 Rep#:   Lambda   Alpha      F1    F2    F3     D1,2  D1,3  D2,3    Ln Like  Est Ln P(D)
23000:    1.00    0.068    0.014 0.149 0.242    0.024 0.041 0.061   -982024    0 
23100:    1.00    0.067    0.014 0.149 0.241    0.024 0.041 0.061   -981820    0 
23200:    1.00    0.094    0.014 0.150 0.240    0.024 0.041 0.061   -982477    0 
23300:    1.00    0.081    0.014 0.153 0.240    0.025 0.041 0.062   -982016    0 
23400:    1.00    0.077    0.014 0.153 0.240    0.025 0.040 0.061   -982095    0 
23500:    1.00    0.103    0.014 0.153 0.240    0.025 0.041 0.062   -982346    0 
23600:    1.00    0.121    0.014 0.154 0.247    0.025 0.042 0.063   -981785    0 
23700:    1.00    0.096    0.014 0.156 0.250    0.025 0.042 0.063   -982174    0 
23800:    1.00    0.103    0.014 0.154 0.249    0.025 0.043 0.064   -982331    0 
23900:    1.00    0.090    0.014 0.153 0.246    0.025 0.042 0.063   -982344    0 

--------------------------------------------
Proportion of membership of each pre-defined
 population in each of the 3 clusters

Given    Inferred Clusters       Number of
 Pop       1      2      3      Individuals

  1:     0.675  0.214  0.111       23
--------------------------------------------

 Rep#:   Lambda   Alpha      F1    F2    F3     D1,2  D1,3  D2,3    Ln Like  Est Ln P(D)
24000:    1.00    0.163    0.014 0.153 0.245    0.025 0.042 0.063   -981473    0 
24100:    1.00    0.084    0.014 0.153 0.245    0.025 0.042 0.062   -982009    0 
24200:    1.00    0.115    0.014 0.150 0.245    0.024 0.041 0.062   -981621    0 
24300:    1.00    0.058    0.014 0.150 0.245    0.024 0.042 0.062   -981605    0 
24400:    1.00    0.056    0.014 0.148 0.249    0.024 0.042 0.062   -982103    0 
24500:    1.00    0.075    0.014 0.146 0.247    0.024 0.042 0.062   -981799    0 
24600:    1.00    0.061    0.014 0.146 0.247    0.024 0.042 0.062   -981831    0 
24700:    1.00    0.064    0.014 0.146 0.251    0.024 0.043 0.062   -981790    0 
24800:    1.00    0.066    0.014 0.149 0.252    0.024 0.043 0.063   -981632    0 
24900:    1.00    0.077    0.014 0.147 0.256    0.024 0.043 0.064   -981853    0 

--------------------------------------------
Proportion of membership of each pre-defined
 population in each of the 3 clusters

Given    Inferred Clusters       Number of
 Pop       1      2      3      Individuals

  1:     0.674  0.219  0.107       23
--------------------------------------------

 Rep#:   Lambda   Alpha      F1    F2    F3     D1,2  D1,3  D2,3    Ln Like  Est Ln P(D)
25000:    1.00    0.108    0.014 0.147 0.259    0.024 0.043 0.063   -981673    0 
25100:    1.00    0.082    0.014 0.146 0.260    0.024 0.044 0.064   -982069    0 
25200:    1.00    0.076    0.014 0.147 0.262    0.024 0.044 0.065   -981290    0 
25300:    1.00    0.065    0.014 0.148 0.264    0.024 0.044 0.064   -981650    0 
25400:    1.00    0.083    0.014 0.148 0.259    0.024 0.044 0.065   -981799    0 
25500:    1.00    0.086    0.013 0.148 0.259    0.024 0.044 0.064   -981769    0 
25600:    1.00    0.116    0.013 0.149 0.256    0.024 0.043 0.064   -981983    0 
25700:    1.00    0.115    0.013 0.149 0.254    0.024 0.043 0.062   -981916    0 
25800:    1.00    0.094    0.013 0.147 0.254    0.024 0.043 0.063   -981714    0 
25900:    1.00    0.078    0.013 0.148 0.246    0.024 0.042 0.062   -981933    0 

--------------------------------------------
Proportion of membership of each pre-defined
 population in each of the 3 clusters

Given    Inferred Clusters       Number of
 Pop       1      2      3      Individuals

  1:     0.673  0.218  0.108       23
--------------------------------------------

 Rep#:   Lambda   Alpha      F1    F2    F3     D1,2  D1,3  D2,3    Ln Like  Est Ln P(D)
26000:    1.00    0.079    0.013 0.147 0.251    0.024 0.042 0.062   -981460    0 
26100:    1.00    0.057    0.013 0.144 0.253    0.024 0.043 0.063   -982254    0 
26200:    1.00    0.082    0.013 0.145 0.254    0.024 0.043 0.063   -981647    0 
26300:    1.00    0.060    0.013 0.145 0.248    0.023 0.042 0.062   -981914    0 
26400:    1.00    0.085    0.013 0.146 0.248    0.023 0.042 0.062   -982128    0 
26500:    1.00    0.127    0.013 0.146 0.248    0.023 0.042 0.062   -981900    0 
26600:    1.00    0.105    0.013 0.145 0.250    0.024 0.042 0.062   -982252    0 
26700:    1.00    0.059    0.013 0.144 0.251    0.024 0.042 0.063   -982175    0 
26800:    1.00    0.068    0.013 0.144 0.250    0.023 0.042 0.062   -982087    0 
26900:    1.00    0.081    0.013 0.143 0.251    0.023 0.042 0.062   -982508    0 

--------------------------------------------
Proportion of membership of each pre-defined
 population in each of the 3 clusters

Given    Inferred Clusters       Number of
 Pop       1      2      3      Individuals

  1:     0.677  0.215  0.108       23
--------------------------------------------

 Rep#:   Lambda   Alpha      F1    F2    F3     D1,2  D1,3  D2,3    Ln Like  Est Ln P(D)
27000:    1.00    0.093    0.013 0.145 0.253    0.024 0.043 0.063   -982175    0 
27100:    1.00    0.066    0.013 0.144 0.253    0.024 0.042 0.062   -981782    0 
27200:    1.00    0.075    0.013 0.146 0.253    0.024 0.043 0.063   -982256    0 
27300:    1.00    0.093    0.013 0.146 0.253    0.023 0.043 0.062   -982149    0 
27400:    1.00    0.073    0.013 0.145 0.255    0.024 0.043 0.063   -982303    0 
27500:    1.00    0.089    0.013 0.145 0.252    0.024 0.042 0.062   -982051    0 
27600:    1.00    0.096    0.013 0.145 0.249    0.024 0.042 0.062   -982102    0 
27700:    1.00    0.107    0.013 0.145 0.248    0.023 0.042 0.063   -982051    0 
27800:    1.00    0.099    0.013 0.147 0.248    0.023 0.042 0.062   -982151    0 
27900:    1.00    0.098    0.013 0.147 0.252    0.024 0.042 0.063   -981678    0 

--------------------------------------------
Proportion of membership of each pre-defined
 population in each of the 3 clusters

Given    Inferred Clusters       Number of
 Pop       1      2      3      Individuals

  1:     0.678  0.215  0.107       23
--------------------------------------------

 Rep#:   Lambda   Alpha      F1    F2    F3     D1,2  D1,3  D2,3    Ln Like  Est Ln P(D)
28000:    1.00    0.085    0.013 0.147 0.252    0.024 0.042 0.062   -982213    0 
28100:    1.00    0.083    0.013 0.147 0.253    0.024 0.043 0.063   -982302    0 
28200:    1.00    0.078    0.013 0.147 0.249    0.024 0.042 0.061   -982425    0 
28300:    1.00    0.090    0.013 0.147 0.252    0.024 0.042 0.063   -981762    0 
28400:    1.00    0.098    0.013 0.147 0.251    0.024 0.042 0.063   -982067    0 
28500:    1.00    0.084    0.013 0.148 0.255    0.024 0.043 0.064   -981941    0 
28600:    1.00    0.094    0.013 0.148 0.255    0.024 0.043 0.063   -981558    0 
28700:    1.00    0.063    0.013 0.149 0.251    0.024 0.042 0.063   -981879    0 
28800:    1.00    0.058    0.013 0.148 0.251    0.024 0.042 0.062   -982077    0 
28900:    1.00    0.061    0.013 0.151 0.250    0.024 0.042 0.063   -982283    0 

--------------------------------------------
Proportion of membership of each pre-defined
 population in each of the 3 clusters

Given    Inferred Clusters       Number of
 Pop       1      2      3      Individuals

  1:     0.675  0.217  0.108       23
--------------------------------------------

 Rep#:   Lambda   Alpha      F1    F2    F3     D1,2  D1,3  D2,3    Ln Like  Est Ln P(D)
29000:    1.00    0.051    0.013 0.151 0.253    0.025 0.043 0.063   -982232    0 
29100:    1.00    0.078    0.013 0.150 0.256    0.024 0.043 0.064   -981823    0 
29200:    1.00    0.114    0.013 0.150 0.256    0.024 0.043 0.063   -982067    0 
29300:    1.00    0.082    0.013 0.150 0.255    0.024 0.043 0.064   -982012    0 
29400:    1.00    0.083    0.013 0.149 0.255    0.024 0.043 0.063   -981857    0 
29500:    1.00    0.088    0.013 0.150 0.255    0.024 0.043 0.064   -981909    0 
29600:    1.00    0.084    0.013 0.150 0.252    0.024 0.042 0.063   -982274    0 
29700:    1.00    0.089    0.013 0.149 0.248    0.024 0.042 0.062   -981947    0 
29800:    1.00    0.094    0.013 0.148 0.241    0.024 0.041 0.062   -982141    0 
29900:    1.00    0.139    0.013 0.148 0.244    0.024 0.041 0.061   -982194    0 

--------------------------------------------
Proportion of membership of each pre-defined
 population in each of the 3 clusters

Given    Inferred Clusters       Number of
 Pop       1      2      3      Individuals

  1:     0.672  0.220  0.108       23
--------------------------------------------

 Rep#:   Lambda   Alpha      F1    F2    F3     D1,2  D1,3  D2,3    Ln Like  Est Ln P(D)
30000:    1.00    0.098    0.013 0.153 0.246    0.024 0.042 0.062   -981852    0 
30100:    1.00    0.112    0.013 0.153 0.246    0.024 0.042 0.062   -981991    0 
30200:    1.00    0.103    0.013 0.152 0.248    0.024 0.041 0.062   -981820    0 
30300:    1.00    0.073    0.013 0.149 0.247    0.024 0.042 0.062   -981948    0 
30400:    1.00    0.126    0.013 0.148 0.245    0.024 0.041 0.061   -982002    0 
30500:    1.00    0.064    0.013 0.149 0.243    0.024 0.041 0.061   -982324    0 
30600:    1.00    0.072    0.013 0.147 0.245    0.024 0.041 0.061   -981999    0 
30700:    1.00    0.062    0.013 0.145 0.245    0.024 0.041 0.061   -982102    0 
30800:    1.00    0.084    0.013 0.144 0.244    0.023 0.041 0.061   -982261    0 
30900:    1.00    0.087    0.013 0.144 0.243    0.023 0.041 0.061   -982283    0 

--------------------------------------------
Proportion of membership of each pre-defined
 population in each of the 3 clusters

Given    Inferred Clusters       Number of
 Pop       1      2      3      Individuals

  1:     0.671  0.220  0.109       23
--------------------------------------------

 Rep#:   Lambda   Alpha      F1    F2    F3     D1,2  D1,3  D2,3    Ln Like  Est Ln P(D)
31000:    1.00    0.084    0.013 0.142 0.243    0.023 0.041 0.060   -981976    0 
31100:    1.00    0.113    0.013 0.142 0.249    0.023 0.043 0.062   -982363    0 
31200:    1.00    0.055    0.013 0.144 0.252    0.024 0.043 0.063   -981864    0 
31300:    1.00    0.102    0.013 0.143 0.250    0.023 0.043 0.062   -981518    0 
31400:    1.00    0.061    0.013 0.147 0.251    0.024 0.043 0.063   -981885    0 
31500:    1.00    0.134    0.013 0.145 0.251    0.023 0.042 0.062   -982010    0 
31600:    1.00    0.083    0.013 0.146 0.252    0.024 0.042 0.062   -981825    0 
31700:    1.00    0.105    0.013 0.147 0.253    0.024 0.043 0.063   -981945    0 
31800:    1.00    0.096    0.013 0.147 0.253    0.024 0.043 0.064   -982353    0 
31900:    1.00    0.115    0.013 0.147 0.257    0.024 0.043 0.063   -982286    0 

--------------------------------------------
Proportion of membership of each pre-defined
 population in each of the 3 clusters

Given    Inferred Clusters       Number of
 Pop       1      2      3      Individuals

  1:     0.669  0.222  0.109       23
--------------------------------------------

 Rep#:   Lambda   Alpha      F1    F2    F3     D1,2  D1,3  D2,3    Ln Like  Est Ln P(D)
32000:    1.00    0.098    0.013 0.147 0.257    0.024 0.043 0.064   -981868    0 
32100:    1.00    0.093    0.013 0.146 0.256    0.024 0.043 0.063   -981407    0 
32200:    1.00    0.065    0.013 0.143 0.255    0.023 0.043 0.062   -982103    0 
32300:    1.00    0.113    0.013 0.143 0.256    0.023 0.043 0.063   -981868    0 
32400:    1.00    0.065    0.013 0.144 0.251    0.023 0.043 0.063   -981889    0 
32500:    1.00    0.091    0.013 0.142 0.254    0.023 0.043 0.062   -982041    0 
32600:    1.00    0.083    0.013 0.144 0.254    0.024 0.042 0.062   -982724    0 
32700:    1.00    0.073    0.013 0.144 0.249    0.023 0.042 0.062   -982174    0 
32800:    1.00    0.088    0.013 0.144 0.255    0.023 0.043 0.063   -981661    0 
32900:    1.00    0.104    0.013 0.147 0.254    0.024 0.043 0.063   -981875    0 

--------------------------------------------
Proportion of membership of each pre-defined
 population in each of the 3 clusters

Given    Inferred Clusters       Number of
 Pop       1      2      3      Individuals

  1:     0.675  0.216  0.109       23
--------------------------------------------

 Rep#:   Lambda   Alpha      F1    F2    F3     D1,2  D1,3  D2,3    Ln Like  Est Ln P(D)
33000:    1.00    0.096    0.013 0.148 0.255    0.024 0.043 0.063   -981655    0 
33100:    1.00    0.126    0.013 0.149 0.257    0.024 0.043 0.063   -981825    0 
33200:    1.00    0.071    0.013 0.147 0.260    0.024 0.043 0.064   -981420    0 
33300:    1.00    0.070    0.013 0.147 0.260    0.024 0.044 0.064   -981594    0 
33400:    1.00    0.056    0.013 0.146 0.257    0.024 0.043 0.064   -982247    0 
33500:    1.00    0.068    0.013 0.146 0.258    0.024 0.044 0.064   -981823    0 
33600:    1.00    0.105    0.013 0.146 0.261    0.024 0.044 0.064   -981769    0 
33700:    1.00    0.056    0.013 0.144 0.261    0.023 0.044 0.064   -981612    0 
33800:    1.00    0.076    0.013 0.144 0.263    0.024 0.044 0.065   -981369    0 
33900:    1.00    0.049    0.013 0.145 0.258    0.024 0.044 0.064   -981471    0 

--------------------------------------------
Proportion of membership of each pre-defined
 population in each of the 3 clusters

Given    Inferred Clusters       Number of
 Pop       1      2      3      Individuals

  1:     0.672  0.220  0.107       23
--------------------------------------------

 Rep#:   Lambda   Alpha      F1    F2    F3     D1,2  D1,3  D2,3    Ln Like  Est Ln P(D)
34000:    1.00    0.064    0.013 0.146 0.260    0.023 0.043 0.064   -981845    0 
34100:    1.00    0.106    0.012 0.145 0.255    0.024 0.043 0.064   -982058    0 
34200:    1.00    0.073    0.012 0.145 0.257    0.023 0.043 0.063   -982034    0 
34300:    1.00    0.040    0.012 0.148 0.253    0.024 0.042 0.063   -982324    0 
34400:    1.00    0.078    0.012 0.146 0.253    0.023 0.043 0.062   -981990    0 
34500:    1.00    0.106    0.012 0.147 0.254    0.024 0.043 0.063   -981227    0 
34600:    1.00    0.082    0.013 0.147 0.252    0.024 0.043 0.063   -981915    0 
34700:    1.00    0.044    0.013 0.147 0.253    0.024 0.043 0.063   -981780    0 
34800:    1.00    0.069    0.013 0.147 0.253    0.024 0.042 0.062   -982113    0 
34900:    1.00    0.082    0.013 0.148 0.250    0.024 0.042 0.063   -981796    0 

--------------------------------------------
Proportion of membership of each pre-defined
 population in each of the 3 clusters

Given    Inferred Clusters       Number of
 Pop       1      2      3      Individuals

  1:     0.672  0.218  0.109       23
--------------------------------------------

 Rep#:   Lambda   Alpha      F1    F2    F3     D1,2  D1,3  D2,3    Ln Like  Est Ln P(D)
35000:    1.00    0.073    0.013 0.150 0.250    0.024 0.042 0.063   -981449    0 
35100:    1.00    0.077    0.013 0.148 0.249    0.024 0.042 0.062   -981555    0 
35200:    1.00    0.071    0.013 0.148 0.251    0.024 0.042 0.063   -981319    0 
35300:    1.00    0.082    0.013 0.148 0.251    0.024 0.042 0.063   -981791    0 
35400:    1.00    0.109    0.013 0.150 0.252    0.024 0.042 0.063   -982170    0 
35500:    1.00    0.096    0.013 0.148 0.250    0.024 0.042 0.062   -982086    0 
35600:    1.00    0.131    0.013 0.146 0.249    0.024 0.042 0.062   -981651    0 
35700:    1.00    0.060    0.013 0.148 0.253    0.024 0.042 0.062   -981958    0 
35800:    1.00    0.093    0.013 0.146 0.255    0.024 0.043 0.063   -981829    0 
35900:    1.00    0.071    0.013 0.146 0.258    0.024 0.044 0.064   -981621    0 

--------------------------------------------
Proportion of membership of each pre-defined
 population in each of the 3 clusters

Given    Inferred Clusters       Number of
 Pop       1      2      3      Individuals

  1:     0.676  0.218  0.106       23
--------------------------------------------

 Rep#:   Lambda   Alpha      F1    F2    F3     D1,2  D1,3  D2,3    Ln Like  Est Ln P(D)
36000:    1.00    0.058    0.013 0.146 0.257    0.023 0.043 0.063   -981816    0 
36100:    1.00    0.053    0.013 0.145 0.259    0.023 0.044 0.063   -981603    0 
36200:    1.00    0.108    0.013 0.144 0.256    0.024 0.043 0.063   -981783    0 
36300:    1.00    0.057    0.013 0.145 0.257    0.023 0.043 0.063   -981806    0 
36400:    1.00    0.065    0.013 0.145 0.253    0.024 0.043 0.063   -981958    0 
36500:    1.00    0.100    0.013 0.145 0.251    0.023 0.042 0.062   -982158    0 
36600:    1.00    0.092    0.013 0.147 0.256    0.024 0.043 0.063   -981811    0 
36700:    1.00    0.063    0.013 0.147 0.253    0.024 0.043 0.063   -982019    0 
36800:    1.00    0.094    0.013 0.146 0.253    0.023 0.043 0.063   -981910    0 
36900:    1.00    0.077    0.013 0.147 0.254    0.024 0.043 0.063   -981904    0 

--------------------------------------------
Proportion of membership of each pre-defined
 population in each of the 3 clusters

Given    Inferred Clusters       Number of
 Pop       1      2      3      Individuals

  1:     0.676  0.216  0.108       23
--------------------------------------------

 Rep#:   Lambda   Alpha      F1    F2    F3     D1,2  D1,3  D2,3    Ln Like  Est Ln P(D)
37000:    1.00    0.061    0.013 0.145 0.256    0.023 0.043 0.063   -981475    0 
37100:    1.00    0.075    0.013 0.146 0.256    0.024 0.043 0.063   -982417    0 
37200:    1.00    0.092    0.013 0.146 0.255    0.024 0.043 0.063   -981792    0 
37300:    1.00    0.042    0.013 0.148 0.255    0.024 0.043 0.063   -982223    0 
37400:    1.00    0.050    0.013 0.148 0.257    0.024 0.044 0.064   -981612    0 
37500:    1.00    0.057    0.013 0.150 0.256    0.024 0.043 0.064   -981603    0 
37600:    1.00    0.069    0.013 0.148 0.254    0.024 0.043 0.063   -982102    0 
37700:    1.00    0.066    0.013 0.148 0.252    0.024 0.042 0.062   -981947    0 
37800:    1.00    0.072    0.013 0.147 0.251    0.024 0.042 0.062   -981645    0 
37900:    1.00    0.073    0.013 0.147 0.250    0.024 0.043 0.063   -982088    0 

--------------------------------------------
Proportion of membership of each pre-defined
 population in each of the 3 clusters

Given    Inferred Clusters       Number of
 Pop       1      2      3      Individuals

  1:     0.673  0.219  0.109       23
--------------------------------------------

 Rep#:   Lambda   Alpha      F1    F2    F3     D1,2  D1,3  D2,3    Ln Like  Est Ln P(D)
38000:    1.00    0.128    0.013 0.147 0.250    0.024 0.042 0.062   -981753    0 
38100:    1.00    0.112    0.013 0.146 0.250    0.024 0.042 0.062   -981940    0 
38200:    1.00    0.064    0.013 0.146 0.248    0.023 0.042 0.061   -982406    0 
38300:    1.00    0.120    0.013 0.146 0.248    0.023 0.042 0.061   -981777    0 
38400:    1.00    0.082    0.013 0.146 0.247    0.024 0.042 0.062   -982155    0 
38500:    1.00    0.083    0.013 0.145 0.246    0.024 0.041 0.062   -982013    0 
38600:    1.00    0.054    0.013 0.143 0.248    0.023 0.041 0.061   -981992    0 
38700:    1.00    0.054    0.013 0.142 0.251    0.023 0.042 0.062   -981996    0 
38800:    1.00    0.075    0.012 0.142 0.249    0.023 0.042 0.062   -982182    0 
38900:    1.00    0.067    0.012 0.143 0.251    0.023 0.043 0.063   -981754    0 

--------------------------------------------
Proportion of membership of each pre-defined
 population in each of the 3 clusters

Given    Inferred Clusters       Number of
 Pop       1      2      3      Individuals

  1:     0.670  0.222  0.108       23
--------------------------------------------

 Rep#:   Lambda   Alpha      F1    F2    F3     D1,2  D1,3  D2,3    Ln Like  Est Ln P(D)
39000:    1.00    0.066    0.013 0.143 0.249    0.023 0.042 0.062   -982224    0 
39100:    1.00    0.077    0.013 0.143 0.246    0.023 0.041 0.061   -982314    0 
39200:    1.00    0.073    0.013 0.142 0.246    0.023 0.042 0.062   -982070    0 
39300:    1.00    0.071    0.013 0.142 0.244    0.023 0.041 0.061   -982044    0 
39400:    1.00    0.111    0.013 0.143 0.244    0.023 0.041 0.061   -982264    0 
39500:    1.00    0.081    0.013 0.142 0.245    0.023 0.041 0.061   -982229    0 
39600:    1.00    0.095    0.013 0.142 0.245    0.023 0.041 0.061   -981792    0 
39700:    1.00    0.104    0.013 0.142 0.242    0.023 0.041 0.060   -981869    0 
39800:    1.00    0.079    0.013 0.143 0.242    0.023 0.041 0.060   -981745    0 
39900:    1.00    0.110    0.013 0.145 0.242    0.023 0.041 0.061   -982020    0 

--------------------------------------------
Proportion of membership of each pre-defined
 population in each of the 3 clusters

Given    Inferred Clusters       Number of
 Pop       1      2      3      Individuals

  1:     0.673  0.218  0.109       23
--------------------------------------------

 Rep#:   Lambda   Alpha      F1    F2    F3     D1,2  D1,3  D2,3    Ln Like  Est Ln P(D)
40000:    1.00    0.103    0.013 0.145 0.249    0.023 0.042 0.062   -981795    0 
40100:    1.00    0.067    0.012 0.144 0.252    0.023 0.042 0.063   -981780    0 
40200:    1.00    0.065    0.012 0.145 0.252    0.023 0.042 0.062   -982247    0 
40300:    1.00    0.084    0.012 0.145 0.249    0.024 0.042 0.062   -982380    0 
40400:    1.00    0.085    0.012 0.146 0.249    0.024 0.042 0.062   -982128    0 
40500:    1.00    0.064    0.012 0.146 0.250    0.024 0.042 0.062   -982164    0 
40600:    1.00    0.075    0.012 0.145 0.247    0.023 0.042 0.062   -982642    0 
40700:    1.00    0.081    0.012 0.149 0.248    0.024 0.041 0.062   -981847    0 
40800:    1.00    0.108    0.012 0.149 0.246    0.024 0.041 0.062   -982131    0 
40900:    1.00    0.075    0.012 0.147 0.251    0.023 0.042 0.062   -981753    0 

--------------------------------------------
Proportion of membership of each pre-defined
 population in each of the 3 clusters

Given    Inferred Clusters       Number of
 Pop       1      2      3      Individuals

  1:     0.671  0.220  0.109       23
--------------------------------------------

 Rep#:   Lambda   Alpha      F1    F2    F3     D1,2  D1,3  D2,3    Ln Like  Est Ln P(D)
41000:    1.00    0.044    0.012 0.145 0.250    0.023 0.042 0.062   -981838    0 
41100:    1.00    0.042    0.012 0.145 0.250    0.023 0.042 0.062   -981979    0 
41200:    1.00    0.098    0.012 0.146 0.252    0.023 0.042 0.062   -981849    0 
41300:    1.00    0.096    0.012 0.145 0.254    0.023 0.043 0.062   -981943    0 
41400:    1.00    0.068    0.012 0.147 0.253    0.023 0.043 0.063   -981353    0 
41500:    1.00    0.066    0.012 0.147 0.252    0.024 0.043 0.063   -981728    0 
41600:    1.00    0.077    0.012 0.146 0.250    0.023 0.042 0.062   -982059    0 
41700:    1.00    0.076    0.012 0.146 0.250    0.024 0.042 0.062   -981924    0 
41800:    1.00    0.056    0.012 0.146 0.250    0.024 0.042 0.063   -982300    0 
41900:    1.00    0.107    0.012 0.144 0.252    0.023 0.043 0.063   -982318    0 

--------------------------------------------
Proportion of membership of each pre-defined
 population in each of the 3 clusters

Given    Inferred Clusters       Number of
 Pop       1      2      3      Individuals

  1:     0.673  0.219  0.108       23
--------------------------------------------

 Rep#:   Lambda   Alpha      F1    F2    F3     D1,2  D1,3  D2,3    Ln Like  Est Ln P(D)
42000:    1.00    0.103    0.012 0.144 0.247    0.023 0.042 0.062   -981908    0 
42100:    1.00    0.069    0.012 0.145 0.247    0.024 0.042 0.062   -982429    0 
42200:    1.00    0.086    0.012 0.146 0.250    0.023 0.042 0.062   -981952    0 
42300:    1.00    0.083    0.012 0.145 0.250    0.024 0.042 0.062   -981806    0 
42400:    1.00    0.115    0.012 0.147 0.249    0.023 0.042 0.062   -982100    0 
42500:    1.00    0.093    0.012 0.147 0.250    0.024 0.042 0.062   -982016    0 
42600:    1.00    0.038    0.012 0.147 0.248    0.023 0.042 0.062   -981879    0 
42700:    1.00    0.096    0.012 0.144 0.248    0.023 0.042 0.062   -982128    0 
42800:    1.00    0.060    0.012 0.145 0.248    0.023 0.042 0.062   -981894    0 
42900:    1.00    0.062    0.012 0.144 0.249    0.023 0.042 0.061   -982374    0 

--------------------------------------------
Proportion of membership of each pre-defined
 population in each of the 3 clusters

Given    Inferred Clusters       Number of
 Pop       1      2      3      Individuals

  1:     0.676  0.216  0.108       23
--------------------------------------------

 Rep#:   Lambda   Alpha      F1    F2    F3     D1,2  D1,3  D2,3    Ln Like  Est Ln P(D)
43000:    1.00    0.076    0.012 0.143 0.250    0.023 0.042 0.061   -982041    0 
43100:    1.00    0.083    0.012 0.146 0.248    0.023 0.042 0.061   -981697    0 
43200:    1.00    0.086    0.012 0.145 0.248    0.023 0.042 0.061   -982117    0 
43300:    1.00    0.062    0.012 0.143 0.246    0.023 0.042 0.061   -981822    0 
43400:    1.00    0.042    0.012 0.142 0.249    0.023 0.042 0.061   -982250    0 
43500:    1.00    0.072    0.012 0.140 0.247    0.023 0.042 0.061   -981808    0 
43600:    1.00    0.077    0.012 0.143 0.247    0.023 0.042 0.062   -981591    0 
43700:    1.00    0.048    0.012 0.143 0.248    0.023 0.042 0.062   -982085    0 
43800:    1.00    0.093    0.012 0.143 0.249    0.023 0.042 0.061   -981604    0 
43900:    1.00    0.063    0.012 0.141 0.248    0.023 0.041 0.061   -982188    0 

--------------------------------------------
Proportion of membership of each pre-defined
 population in each of the 3 clusters

Given    Inferred Clusters       Number of
 Pop       1      2      3      Individuals

  1:     0.673  0.219  0.108       23
--------------------------------------------

 Rep#:   Lambda   Alpha      F1    F2    F3     D1,2  D1,3  D2,3    Ln Like  Est Ln P(D)
44000:    1.00    0.055    0.012 0.141 0.249    0.023 0.042 0.062   -981776    0 
44100:    1.00    0.076    0.012 0.141 0.248    0.023 0.042 0.061   -981841    0 
44200:    1.00    0.113    0.012 0.142 0.247    0.023 0.042 0.062   -981828    0 
44300:    1.00    0.077    0.012 0.145 0.247    0.023 0.042 0.062   -981972    0 
44400:    1.00    0.079    0.012 0.145 0.243    0.023 0.041 0.060   -982536    0 
44500:    1.00    0.039    0.012 0.144 0.242    0.023 0.041 0.061   -982610    0 
44600:    1.00    0.068    0.012 0.146 0.249    0.023 0.042 0.062   -981941    0 
44700:    1.00    0.084    0.012 0.147 0.252    0.023 0.042 0.063   -981852    0 
44800:    1.00    0.078    0.012 0.146 0.248    0.023 0.042 0.062   -982153    0 
44900:    1.00    0.051    0.012 0.146 0.249    0.023 0.042 0.061   -982368    0 

--------------------------------------------
Proportion of membership of each pre-defined
 population in each of the 3 clusters

Given    Inferred Clusters       Number of
 Pop       1      2      3      Individuals

  1:     0.668  0.226  0.106       23
--------------------------------------------

 Rep#:   Lambda   Alpha      F1    F2    F3     D1,2  D1,3  D2,3    Ln Like  Est Ln P(D)
45000:    1.00    0.098    0.012 0.145 0.253    0.023 0.043 0.063   -981855    0 
45100:    1.00    0.113    0.012 0.145 0.251    0.023 0.042 0.062   -982235    0 
45200:    1.00    0.060    0.012 0.145 0.254    0.023 0.043 0.062   -981974    0 
45300:    1.00    0.045    0.012 0.145 0.252    0.023 0.042 0.063   -981740    0 
45400:    1.00    0.059    0.012 0.143 0.251    0.023 0.042 0.061   -981971    0 
45500:    1.00    0.065    0.012 0.143 0.247    0.023 0.041 0.061   -982183    0 
45600:    1.00    0.059    0.012 0.143 0.251    0.023 0.043 0.063   -982336    0 
45700:    1.00    0.051    0.012 0.145 0.246    0.023 0.041 0.061   -982297    0 
45800:    1.00    0.092    0.012 0.145 0.246    0.023 0.041 0.061   -981892    0 
45900:    1.00    0.074    0.012 0.146 0.248    0.023 0.042 0.062   -981802    0 

--------------------------------------------
Proportion of membership of each pre-defined
 population in each of the 3 clusters

Given    Inferred Clusters       Number of
 Pop       1      2      3      Individuals

  1:     0.676  0.216  0.108       23
--------------------------------------------

 Rep#:   Lambda   Alpha      F1    F2    F3     D1,2  D1,3  D2,3    Ln Like  Est Ln P(D)
46000:    1.00    0.053    0.012 0.146 0.246    0.023 0.041 0.061   -982414    0 
46100:    1.00    0.047    0.012 0.147 0.244    0.023 0.041 0.061   -982712    0 
46200:    1.00    0.086    0.012 0.147 0.245    0.024 0.041 0.062   -981703    0 
46300:    1.00    0.073    0.011 0.150 0.245    0.024 0.041 0.062   -981843    0 
46400:    1.00    0.099    0.011 0.151 0.245    0.024 0.041 0.062   -982120    0 
46500:    1.00    0.062    0.011 0.149 0.248    0.024 0.042 0.063   -982310    0 
46600:    1.00    0.112    0.011 0.147 0.244    0.024 0.041 0.061   -982160    0 
46700:    1.00    0.092    0.011 0.149 0.248    0.024 0.042 0.062   -982172    0 
46800:    1.00    0.103    0.011 0.148 0.249    0.024 0.041 0.062   -981982    0 
46900:    1.00    0.080    0.011 0.148 0.246    0.024 0.042 0.062   -981669    0 

--------------------------------------------
Proportion of membership of each pre-defined
 population in each of the 3 clusters

Given    Inferred Clusters       Number of
 Pop       1      2      3      Individuals

  1:     0.676  0.215  0.109       23
--------------------------------------------

 Rep#:   Lambda   Alpha      F1    F2    F3     D1,2  D1,3  D2,3    Ln Like  Est Ln P(D)
47000:    1.00    0.105    0.011 0.149 0.243    0.024 0.041 0.062   -982114    0 
47100:    1.00    0.076    0.012 0.149 0.245    0.024 0.041 0.062   -981908    0 
47200:    1.00    0.096    0.012 0.149 0.246    0.024 0.041 0.061   -981922    0 
47300:    1.00    0.067    0.012 0.148 0.245    0.023 0.041 0.061   -982017    0 
47400:    1.00    0.067    0.012 0.147 0.244    0.024 0.041 0.062   -981906    0 
47500:    1.00    0.068    0.012 0.147 0.245    0.024 0.041 0.061   -981817    0 
47600:    1.00    0.054    0.012 0.147 0.245    0.023 0.041 0.062   -982118    0 
47700:    1.00    0.043    0.012 0.147 0.246    0.023 0.042 0.061   -981711    0 
47800:    1.00    0.056    0.012 0.149 0.247    0.024 0.042 0.063   -981930    0 
47900:    1.00    0.066    0.012 0.149 0.244    0.024 0.041 0.062   -982068    0 

--------------------------------------------
Proportion of membership of each pre-defined
 population in each of the 3 clusters

Given    Inferred Clusters       Number of
 Pop       1      2      3      Individuals

  1:     0.674  0.217  0.109       23
--------------------------------------------

 Rep#:   Lambda   Alpha      F1    F2    F3     D1,2  D1,3  D2,3    Ln Like  Est Ln P(D)
48000:    1.00    0.059    0.012 0.149 0.244    0.024 0.040 0.061   -982562    0 
48100:    1.00    0.063    0.012 0.146 0.244    0.023 0.041 0.061   -982214    0 
48200:    1.00    0.093    0.012 0.144 0.247    0.023 0.042 0.061   -982291    0 
48300:    1.00    0.066    0.012 0.144 0.245    0.023 0.041 0.061   -982701    0 
48400:    1.00    0.062    0.012 0.146 0.252    0.023 0.042 0.062   -981681    0 
48500:    1.00    0.103    0.012 0.144 0.256    0.023 0.043 0.063   -981928    0 
48600:    1.00    0.082    0.012 0.144 0.255    0.023 0.043 0.063   -981983    0 
48700:    1.00    0.059    0.012 0.143 0.255    0.023 0.043 0.063   -981953    0 
48800:    1.00    0.070    0.011 0.145 0.255    0.023 0.043 0.063   -981705    0 
48900:    1.00    0.099    0.012 0.145 0.255    0.023 0.043 0.063   -982116    0 

--------------------------------------------
Proportion of membership of each pre-defined
 population in each of the 3 clusters

Given    Inferred Clusters       Number of
 Pop       1      2      3      Individuals

  1:     0.674  0.219  0.107       23
--------------------------------------------

 Rep#:   Lambda   Alpha      F1    F2    F3     D1,2  D1,3  D2,3    Ln Like  Est Ln P(D)
49000:    1.00    0.077    0.012 0.145 0.250    0.023 0.042 0.062   -982141    0 
49100:    1.00    0.084    0.011 0.145 0.253    0.023 0.042 0.063   -982463    0 
49200:    1.00    0.105    0.011 0.146 0.253    0.024 0.042 0.063   -981841    0 
49300:    1.00    0.051    0.012 0.146 0.251    0.024 0.042 0.063   -981958    0 
49400:    1.00    0.113    0.012 0.146 0.249    0.023 0.042 0.062   -982051    0 
49500:    1.00    0.063    0.012 0.146 0.249    0.023 0.042 0.062   -982361    0 
49600:    1.00    0.069    0.012 0.145 0.251    0.023 0.042 0.062   -981851    0 
49700:    1.00    0.094    0.012 0.145 0.253    0.023 0.042 0.062   -982095    0 
49800:    1.00    0.090    0.012 0.147 0.254    0.024 0.042 0.063   -982066    0 
49900:    1.00    0.103    0.012 0.153 0.254    0.024 0.043 0.063   -981529    0 

--------------------------------------------
Proportion of membership of each pre-defined
 population in each of the 3 clusters

Given    Inferred Clusters       Number of
 Pop       1      2      3      Individuals

  1:     0.677  0.215  0.107       23
--------------------------------------------

 Rep#:   Lambda   Alpha      F1    F2    F3     D1,2  D1,3  D2,3    Ln Like  Est Ln P(D)
50000:    1.00    0.096    0.012 0.153 0.251    0.025 0.042 0.063   -981560    0 
50100:    1.00    0.094    0.012 0.153 0.254    0.024 0.043 0.064   -981790    0 
50200:    1.00    0.096    0.012 0.153 0.253    0.024 0.043 0.064   -982690    0 
50300:    1.00    0.106    0.012 0.152 0.255    0.024 0.043 0.064   -982043    0 
50400:    1.00    0.079    0.012 0.150 0.255    0.024 0.043 0.064   -981981    0 
50500:    1.00    0.082    0.012 0.149 0.259    0.024 0.043 0.064   -981932    0 
50600:    1.00    0.075    0.012 0.149 0.259    0.024 0.044 0.065   -981775    0 
50700:    1.00    0.111    0.012 0.148 0.261    0.023 0.043 0.064   -981746    0 
50800:    1.00    0.091    0.012 0.148 0.261    0.024 0.044 0.065   -981762    0 
50900:    1.00    0.079    0.012 0.146 0.256    0.023 0.043 0.064   -981698    0 

--------------------------------------------
Proportion of membership of each pre-defined
 population in each of the 3 clusters

Given    Inferred Clusters       Number of
 Pop       1      2      3      Individuals

  1:     0.682  0.214  0.105       23
--------------------------------------------

 Rep#:   Lambda   Alpha      F1    F2    F3     D1,2  D1,3  D2,3    Ln Like  Est Ln P(D)
51000:    1.00    0.051    0.012 0.144 0.256    0.023 0.043 0.063   -982019    0 
51100:    1.00    0.061    0.012 0.144 0.256    0.023 0.043 0.063   -981851    0 
51200:    1.00    0.081    0.012 0.142 0.256    0.023 0.043 0.063   -982383    0 
51300:    1.00    0.086    0.012 0.144 0.256    0.023 0.043 0.063   -981826    0 
51400:    1.00    0.068    0.012 0.144 0.257    0.023 0.044 0.064   -981782    0 
51500:    1.00    0.059    0.012 0.144 0.256    0.023 0.043 0.063   -981946    0 
51600:    1.00    0.070    0.012 0.146 0.262    0.023 0.044 0.064   -981860    0 
51700:    1.00    0.062    0.012 0.147 0.260    0.024 0.044 0.064   -982026    0 
51800:    1.00    0.069    0.012 0.146 0.259    0.023 0.043 0.064   -982167    0 
51900:    1.00    0.049    0.012 0.147 0.258    0.023 0.043 0.063   -982309    0 

--------------------------------------------
Proportion of membership of each pre-defined
 population in each of the 3 clusters

Given    Inferred Clusters       Number of
 Pop       1      2      3      Individuals

  1:     0.674  0.219  0.108       23
--------------------------------------------

 Rep#:   Lambda   Alpha      F1    F2    F3     D1,2  D1,3  D2,3    Ln Like  Est Ln P(D)
52000:    1.00    0.094    0.012 0.144 0.254    0.023 0.042 0.062   -982034    0 
52100:    1.00    0.067    0.012 0.145 0.254    0.023 0.043 0.063   -982207    0 
52200:    1.00    0.113    0.012 0.146 0.255    0.024 0.042 0.063   -982177    0 
52300:    1.00    0.095    0.012 0.146 0.255    0.023 0.043 0.063   -981495    0 
52400:    1.00    0.055    0.012 0.146 0.254    0.024 0.043 0.063   -982150    0 
52500:    1.00    0.094    0.012 0.146 0.254    0.024 0.043 0.063   -981634    0 
52600:    1.00    0.057    0.011 0.146 0.255    0.024 0.043 0.063   -982342    0 
52700:    1.00    0.073    0.011 0.146 0.254    0.023 0.042 0.062   -982165    0 
52800:    1.00    0.078    0.011 0.149 0.253    0.024 0.042 0.063   -982446    0 
52900:    1.00    0.098    0.011 0.147 0.256    0.024 0.043 0.063   -982315    0 

--------------------------------------------
Proportion of membership of each pre-defined
 population in each of the 3 clusters

Given    Inferred Clusters       Number of
 Pop       1      2      3      Individuals

  1:     0.673  0.219  0.108       23
--------------------------------------------

 Rep#:   Lambda   Alpha      F1    F2    F3     D1,2  D1,3  D2,3    Ln Like  Est Ln P(D)
53000:    1.00    0.125    0.011 0.147 0.256    0.023 0.043 0.063   -981968    0 
53100:    1.00    0.083    0.011 0.147 0.253    0.024 0.043 0.063   -982248    0 
53200:    1.00    0.101    0.011 0.149 0.247    0.024 0.042 0.063   -981486    0 
53300:    1.00    0.087    0.011 0.150 0.248    0.024 0.042 0.063   -981448    0 
53400:    1.00    0.109    0.011 0.150 0.248    0.024 0.041 0.062   -981877    0 
53500:    1.00    0.095    0.011 0.150 0.252    0.024 0.042 0.063   -982212    0 
53600:    1.00    0.069    0.011 0.149 0.251    0.024 0.043 0.063   -981771    0 
53700:    1.00    0.074    0.011 0.148 0.253    0.024 0.043 0.063   -981694    0 
53800:    1.00    0.060    0.011 0.148 0.256    0.024 0.043 0.063   -981840    0 
53900:    1.00    0.078    0.011 0.146 0.253    0.023 0.042 0.063   -982206    0 

--------------------------------------------
Proportion of membership of each pre-defined
 population in each of the 3 clusters

Given    Inferred Clusters       Number of
 Pop       1      2      3      Individuals

  1:     0.675  0.216  0.108       23
--------------------------------------------

 Rep#:   Lambda   Alpha      F1    F2    F3     D1,2  D1,3  D2,3    Ln Like  Est Ln P(D)
54000:    1.00    0.071    0.011 0.142 0.251    0.023 0.042 0.062   -982065    0 
54100:    1.00    0.061    0.011 0.143 0.250    0.023 0.042 0.061   -982033    0 
54200:    1.00    0.042    0.011 0.145 0.251    0.023 0.042 0.063   -981566    0 
54300:    1.00    0.029    0.011 0.144 0.249    0.023 0.042 0.062   -981902    0 
54400:    1.00    0.063    0.011 0.146 0.250    0.023 0.042 0.062   -982457    0 
54500:    1.00    0.060    0.011 0.146 0.249    0.023 0.041 0.061   -982033    0 
54600:    1.00    0.071    0.011 0.143 0.248    0.023 0.042 0.062   -981931    0 
54700:    1.00    0.085    0.011 0.143 0.248    0.023 0.042 0.062   -982066    0 
54800:    1.00    0.053    0.011 0.143 0.249    0.023 0.042 0.062   -982033    0 
54900:    1.00    0.105    0.011 0.143 0.247    0.023 0.041 0.061   -982291    0 

--------------------------------------------
Proportion of membership of each pre-defined
 population in each of the 3 clusters

Given    Inferred Clusters       Number of
 Pop       1      2      3      Individuals

  1:     0.675  0.217  0.108       23
--------------------------------------------

 Rep#:   Lambda   Alpha      F1    F2    F3     D1,2  D1,3  D2,3    Ln Like  Est Ln P(D)
55000:    1.00    0.080    0.011 0.143 0.245    0.023 0.041 0.061   -982697    0 
55100:    1.00    0.075    0.011 0.143 0.246    0.023 0.042 0.062   -982368    0 
55200:    1.00    0.094    0.011 0.144 0.246    0.023 0.041 0.061   -982425    0 
55300:    1.00    0.050    0.011 0.145 0.246    0.023 0.041 0.061   -982179    0 
55400:    1.00    0.064    0.011 0.145 0.252    0.023 0.042 0.062   -982155    0 
55500:    1.00    0.073    0.011 0.145 0.252    0.023 0.043 0.063   -981701    0 
55600:    1.00    0.068    0.011 0.145 0.250    0.023 0.041 0.062   -982008    0 
55700:    1.00    0.053    0.011 0.145 0.250    0.023 0.042 0.063   -982306    0 
55800:    1.00    0.099    0.011 0.145 0.245    0.023 0.041 0.061   -982054    0 
55900:    1.00    0.055    0.011 0.147 0.246    0.023 0.042 0.062   -981388    0 

--------------------------------------------
Proportion of membership of each pre-defined
 population in each of the 3 clusters

Given    Inferred Clusters       Number of
 Pop       1      2      3      Individuals

  1:     0.676  0.217  0.108       23
--------------------------------------------

 Rep#:   Lambda   Alpha      F1    F2    F3     D1,2  D1,3  D2,3    Ln Like  Est Ln P(D)
56000:    1.00    0.077    0.011 0.147 0.255    0.023 0.043 0.063   -981730    0 
56100:    1.00    0.056    0.011 0.147 0.255    0.023 0.043 0.064   -981784    0 
56200:    1.00    0.094    0.011 0.147 0.253    0.024 0.042 0.062   -982333    0 
56300:    1.00    0.061    0.011 0.147 0.252    0.023 0.042 0.063   -982262    0 
56400:    1.00    0.069    0.011 0.146 0.251    0.024 0.042 0.063   -981756    0 
56500:    1.00    0.092    0.011 0.144 0.252    0.023 0.042 0.063   -982208    0 
56600:    1.00    0.102    0.011 0.143 0.252    0.023 0.042 0.062   -981658    0 
56700:    1.00    0.082    0.011 0.144 0.253    0.023 0.043 0.063   -982098    0 
56800:    1.00    0.095    0.011 0.144 0.256    0.023 0.043 0.063   -981386    0 
56900:    1.00    0.061    0.011 0.142 0.253    0.023 0.042 0.062   -982147    0 

--------------------------------------------
Proportion of membership of each pre-defined
 population in each of the 3 clusters

Given    Inferred Clusters       Number of
 Pop       1      2      3      Individuals

  1:     0.669  0.224  0.107       23
--------------------------------------------

 Rep#:   Lambda   Alpha      F1    F2    F3     D1,2  D1,3  D2,3    Ln Like  Est Ln P(D)
57000:    1.00    0.058    0.011 0.140 0.253    0.023 0.042 0.061   -981792    0 
57100:    1.00    0.081    0.011 0.139 0.251    0.022 0.042 0.061   -982344    0 
57200:    1.00    0.071    0.011 0.139 0.254    0.022 0.042 0.061   -981987    0 
57300:    1.00    0.092    0.011 0.140 0.252    0.023 0.042 0.062   -981916    0 
57400:    1.00    0.066    0.011 0.140 0.254    0.023 0.042 0.062   -982152    0 
57500:    1.00    0.088    0.011 0.142 0.253    0.023 0.043 0.062   -982112    0 
57600:    1.00    0.061    0.011 0.141 0.250    0.023 0.042 0.061   -982222    0 
57700:    1.00    0.048    0.011 0.141 0.250    0.023 0.042 0.062   -982268    0 
57800:    1.00    0.089    0.011 0.139 0.250    0.022 0.042 0.061   -982593    0 
57900:    1.00    0.063    0.011 0.143 0.251    0.023 0.042 0.062   -981763    0 

--------------------------------------------
Proportion of membership of each pre-defined
 population in each of the 3 clusters

Given    Inferred Clusters       Number of
 Pop       1      2      3      Individuals

  1:     0.679  0.216  0.105       23
--------------------------------------------

 Rep#:   Lambda   Alpha      F1    F2    F3     D1,2  D1,3  D2,3    Ln Like  Est Ln P(D)
58000:    1.00    0.075    0.011 0.145 0.251    0.023 0.042 0.062   -982144    0 
58100:    1.00    0.081    0.011 0.145 0.251    0.023 0.042 0.062   -981908    0 
58200:    1.00    0.075    0.011 0.143 0.250    0.023 0.042 0.062   -982303    0 
58300:    1.00    0.101    0.011 0.142 0.251    0.023 0.042 0.062   -982271    0 
58400:    1.00    0.104    0.011 0.142 0.249    0.023 0.042 0.061   -982472    0 
58500:    1.00    0.077    0.011 0.143 0.249    0.023 0.042 0.062   -982049    0 
58600:    1.00    0.072    0.011 0.144 0.249    0.023 0.042 0.061   -982371    0 
58700:    1.00    0.060    0.011 0.144 0.250    0.023 0.042 0.062   -982445    0 
58800:    1.00    0.074    0.011 0.144 0.255    0.023 0.043 0.063   -981486    0 
58900:    1.00    0.075    0.011 0.144 0.255    0.023 0.042 0.062   -981474    0 

--------------------------------------------
Proportion of membership of each pre-defined
 population in each of the 3 clusters

Given    Inferred Clusters       Number of
 Pop       1      2      3      Individuals

  1:     0.672  0.220  0.108       23
--------------------------------------------

 Rep#:   Lambda   Alpha      F1    F2    F3     D1,2  D1,3  D2,3    Ln Like  Est Ln P(D)
59000:    1.00    0.089    0.011 0.143 0.256    0.023 0.043 0.063   -981810    0 
59100:    1.00    0.123    0.011 0.144 0.255    0.023 0.043 0.063   -981970    0 
59200:    1.00    0.124    0.011 0.142 0.257    0.023 0.043 0.063   -982410    0 
59300:    1.00    0.087    0.011 0.142 0.256    0.023 0.043 0.063   -982217    0 
59400:    1.00    0.073    0.011 0.142 0.257    0.023 0.043 0.063   -981969    0 
59500:    1.00    0.080    0.011 0.143 0.256    0.023 0.043 0.063   -982002    0 
59600:    1.00    0.082    0.011 0.143 0.255    0.023 0.043 0.062   -981707    0 
59700:    1.00    0.076    0.011 0.145 0.255    0.023 0.043 0.063   -982206    0 
59800:    1.00    0.065    0.011 0.145 0.253    0.023 0.042 0.062   -982023    0 
59900:    1.00    0.070    0.011 0.144 0.257    0.023 0.043 0.063   -981744    0 
60000:    1.00    0.086    0.011 0.144 0.259    0.023 0.043 0.063   -981965    0 

MCMC completed

Inferred ancestry of individuals:
        Label (%Miss) Pop:  Inferred clusters
  1 18160D-09-0    (2)    1 :  0.932 0.068 0.000 
  2 18160D-09-0    (4)    1 :  0.919 0.081 0.000 
  3 18160D-09-0    (2)    1 :  0.292 0.708 0.000 
  4 18160D-09-0    (5)    1 :  0.000 1.000 0.000 
  5 18160D-09-0    (4)    1 :  0.133 0.867 0.000 
  6 18160D-09-0    (4)    1 :  0.091 0.909 0.000 
  7 18160D-09-0    (2)    1 :  0.012 0.988 0.000 
  8 18160D-09-0    (4)    1 :  0.954 0.046 0.000 
  9 18160D-09-0    (2)    1 :  0.828 0.000 0.172 
 10 18160D-09-1    (2)    1 :  0.000 0.000 1.000 
 11 18160D-09-1    (2)    1 :  0.686 0.001 0.314 
 12 18160D-09-1    (2)    1 :  0.816 0.000 0.184 
 13 18160D-09-1    (5)    1 :  0.909 0.091 0.000 
 14 18160D-09-1   (18)    1 :  0.914 0.086 0.000 
 15 18160D-09-1    (4)    1 :  0.999 0.001 0.000 
 16 18160D-09-1    (2)    1 :  0.124 0.022 0.854 
 17 18160D-09-1    (2)    1 :  0.935 0.064 0.000 
 18 18160D-09-1    (2)    1 :  0.999 0.000 0.000 
 19 18160D-09-1    (2)    1 :  0.989 0.010 0.000 
 20 18160D-09-2    (5)    1 :  0.999 0.001 0.000 
 21 18160D-09-2    (5)    1 :  0.930 0.070 0.000 
 22 18160D-09-2    (5)    1 :  1.000 0.000 0.000 
 23 18160D-09-2    (2)    1 :  0.992 0.008 0.000 

Command line arguments:   structure -D 507279 -K 3 -m mainparams -o k3/populations_k3_run8 
Input File:    populations.str
Output File:   k3/populations_k3_run8_f

Run parameters:
   23 individuals
   50160 loci
   3 populations assumed
   10000 Burn-in period
   50000 Reps
RANDOMIZE turned off

--------------------------------------------
Estimated Ln Prob of Data   = -1466903.6
Mean value of ln likelihood = -982177.1
Variance of ln likelihood   = 969453.1
Mean value of alpha         = 0.0788

Mean value of Fst_1         = 0.0127
Mean value of Fst_2         = 0.1461
Mean value of Fst_3         = 0.2451


--------------------------------------------
Proportion of membership of each pre-defined
 population in each of the 3 clusters

Given    Inferred Clusters       Number of
 Pop       1      2      3      Individuals

  1:     0.672  0.218  0.110       23
--------------------------------------------
Final results printed to file k3/populations_k3_run8_f

