

----------------------------------------------------
STRUCTURE by Pritchard, Stephens and Donnelly (2000)
     and Falush, Stephens and Pritchard (2003)
       Code by Pritchard, Falush and Hubisz
             Version 2.3.4 (Jul 2012)
----------------------------------------------------


Reading file "mainparams".
datafile is
populations.str
Reading file "extraparams".
Reading file "populations.str".


Data file "populations.str" (truncated) --

Ind:   Label Pop : Genotype_data . . . .
  1: 18160D-09-0    1  :  4   1   3   1   4   1   3  . . . .   2
  1: 18160D-09-0    1  :  4   1   3   1   4   4   4  . . . .   4
  2: 18160D-09-0    1  :  4   1   3   1   4   1   3  . . . .   2
  2: 18160D-09-0    1  :  4   1   3   1   4   4   3  . . . .   4
  3: 18160D-09-0    1  :  4   1   0   0   0   0   3  . . . .   2
  3: 18160D-09-0    1  :  4   3   0   0   0   0   3  . . . .   4
  4: 18160D-09-0    1  :  4   1   3   1   4   1   3  . . . .   2
  4: 18160D-09-0    1  :  4   3   3   1   4   1   3  . . . .   4

      *******   

 22: 18160D-09-2    1  :  4   1   3   1   4   1   3  . . . .   2
 22: 18160D-09-2    1  :  4   3   3   1   4   1   4  . . . .   4
 23: 18160D-09-2    1  :  4   1   3   1   4   1   3  . . . .   2
 23: 18160D-09-2    1  :  4   1   3   1   4   4   4  . . . .   4

Number of alleles per locus: min= 2; ave=2.0; max= 2


--------------------------------------

Finished initialization; starting MCMC 
50000 iterations + 10000 burnin


--------------------------------------------
Proportion of membership of each pre-defined
 population in each of the 3 clusters

Given    Inferred Clusters       Number of
 Pop       1      2      3      Individuals

  1:     0.329  0.336  0.335       23
--------------------------------------------

 Rep#:   Lambda   Alpha      F1    F2    F3     D1,2  D1,3  D2,3    Ln Like 
  100:    1.00    1.531    0.010 0.010 0.010    0.003 0.003 0.003   --  
  200:    1.00    1.726    0.010 0.010 0.010    0.003 0.003 0.003   --  
  300:    1.00    1.880    0.010 0.010 0.010    0.003 0.003 0.003   --  
  400:    1.00    1.768    0.010 0.010 0.010    0.003 0.003 0.003   --  
  500:    1.00    1.465    0.010 0.010 0.010    0.003 0.003 0.003   --  
  600:    1.00    0.950    0.011 0.010 0.010    0.003 0.003 0.003   --  
  700:    1.00    0.805    0.011 0.010 0.010    0.003 0.003 0.003   --  
  800:    1.00    0.660    0.011 0.010 0.010    0.003 0.003 0.003   --  
  900:    1.00    0.414    0.012 0.010 0.010    0.003 0.004 0.003   --  

--------------------------------------------
Proportion of membership of each pre-defined
 population in each of the 3 clusters

Given    Inferred Clusters       Number of
 Pop       1      2      3      Individuals

  1:     0.302  0.408  0.290       23
--------------------------------------------

 Rep#:   Lambda   Alpha      F1    F2    F3     D1,2  D1,3  D2,3    Ln Like 
 1000:    1.00    0.309    0.012 0.010 0.010    0.004 0.004 0.003   --  
 1100:    1.00    0.193    0.013 0.010 0.010    0.004 0.004 0.003   --  
 1200:    1.00    0.168    0.013 0.011 0.010    0.004 0.004 0.003   --  
 1300:    1.00    0.042    0.013 0.011 0.010    0.004 0.004 0.003   --  
 1400:    1.00    0.058    0.013 0.011 0.010    0.004 0.004 0.003   --  
 1500:    1.00    0.026    0.014 0.011 0.010    0.004 0.004 0.003   --  
 1600:    1.00    0.035    0.014 0.011 0.010    0.004 0.004 0.003   --  
 1700:    1.00    0.035    0.015 0.011 0.010    0.004 0.004 0.003   --  
 1800:    1.00    0.030    0.016 0.011 0.011    0.004 0.004 0.003   --  
 1900:    1.00    0.022    0.017 0.011 0.011    0.005 0.005 0.003   --  

--------------------------------------------
Proportion of membership of each pre-defined
 population in each of the 3 clusters

Given    Inferred Clusters       Number of
 Pop       1      2      3      Individuals

  1:     0.233  0.500  0.268       23
--------------------------------------------

 Rep#:   Lambda   Alpha      F1    F2    F3     D1,2  D1,3  D2,3    Ln Like 
 2000:    1.00    0.023    0.017 0.011 0.011    0.005 0.005 0.003   --  
 2100:    1.00    0.036    0.025 0.011 0.011    0.006 0.006 0.003   --  
 2200:    1.00    0.029    0.033 0.011 0.011    0.007 0.007 0.003   --  
 2300:    1.00    0.032    0.040 0.011 0.011    0.008 0.009 0.004   --  
 2400:    1.00    0.014    0.081 0.012 0.012    0.014 0.015 0.004   --  
 2500:    1.00    0.027    0.081 0.012 0.012    0.014 0.015 0.004   --  
 2600:    1.00    0.033    0.092 0.012 0.012    0.016 0.017 0.004   --  
 2700:    1.00    0.029    0.104 0.012 0.012    0.017 0.018 0.004   --  
 2800:    1.00    0.035    0.105 0.012 0.012    0.018 0.018 0.004   --  
 2900:    1.00    0.027    0.117 0.012 0.012    0.019 0.020 0.004   --  

--------------------------------------------
Proportion of membership of each pre-defined
 population in each of the 3 clusters

Given    Inferred Clusters       Number of
 Pop       1      2      3      Individuals

  1:     0.221  0.516  0.262       23
--------------------------------------------

 Rep#:   Lambda   Alpha      F1    F2    F3     D1,2  D1,3  D2,3    Ln Like 
 3000:    1.00    0.035    0.122 0.012 0.012    0.020 0.021 0.004   --  
 3100:    1.00    0.046    0.122 0.012 0.012    0.020 0.020 0.004   --  
 3200:    1.00    0.035    0.123 0.012 0.012    0.020 0.021 0.004   --  
 3300:    1.00    0.039    0.123 0.012 0.012    0.020 0.021 0.004   --  
 3400:    1.00    0.050    0.126 0.012 0.013    0.021 0.021 0.004   --  
 3500:    1.00    0.034    0.129 0.012 0.013    0.021 0.022 0.004   --  
 3600:    1.00    0.040    0.129 0.012 0.013    0.021 0.022 0.004   --  
 3700:    1.00    0.049    0.129 0.013 0.013    0.021 0.022 0.004   --  
 3800:    1.00    0.060    0.130 0.013 0.013    0.021 0.022 0.004   --  
 3900:    1.00    0.056    0.130 0.013 0.013    0.021 0.022 0.004   --  

--------------------------------------------
Proportion of membership of each pre-defined
 population in each of the 3 clusters

Given    Inferred Clusters       Number of
 Pop       1      2      3      Individuals

  1:     0.226  0.513  0.261       23
--------------------------------------------

 Rep#:   Lambda   Alpha      F1    F2    F3     D1,2  D1,3  D2,3    Ln Like 
 4000:    1.00    0.064    0.131 0.013 0.013    0.022 0.022 0.004   --  
 4100:    1.00    0.060    0.131 0.013 0.013    0.022 0.022 0.004   --  
 4200:    1.00    0.063    0.134 0.013 0.013    0.022 0.022 0.004   --  
 4300:    1.00    0.057    0.133 0.013 0.013    0.022 0.023 0.004   --  
 4400:    1.00    0.049    0.135 0.013 0.013    0.022 0.022 0.004   --  
 4500:    1.00    0.035    0.139 0.013 0.014    0.023 0.023 0.004   --  
 4600:    1.00    0.064    0.138 0.013 0.014    0.022 0.023 0.004   --  
 4700:    1.00    0.066    0.138 0.013 0.014    0.023 0.023 0.004   --  
 4800:    1.00    0.061    0.140 0.013 0.014    0.023 0.024 0.004   --  
 4900:    1.00    0.065    0.142 0.013 0.014    0.023 0.024 0.004   --  

--------------------------------------------
Proportion of membership of each pre-defined
 population in each of the 3 clusters

Given    Inferred Clusters       Number of
 Pop       1      2      3      Individuals

  1:     0.229  0.511  0.261       23
--------------------------------------------

 Rep#:   Lambda   Alpha      F1    F2    F3     D1,2  D1,3  D2,3    Ln Like 
 5000:    1.00    0.091    0.145 0.013 0.014    0.023 0.024 0.004   --  
 5100:    1.00    0.059    0.146 0.013 0.014    0.024 0.024 0.004   --  
 5200:    1.00    0.040    0.147 0.013 0.014    0.024 0.024 0.004   --  
 5300:    1.00    0.061    0.147 0.013 0.014    0.024 0.024 0.004   --  
 5400:    1.00    0.054    0.146 0.013 0.014    0.024 0.024 0.004   --  
 5500:    1.00    0.077    0.147 0.013 0.014    0.023 0.024 0.004   --  
 5600:    1.00    0.045    0.148 0.013 0.015    0.024 0.025 0.004   --  
 5700:    1.00    0.076    0.148 0.013 0.015    0.024 0.025 0.004   --  
 5800:    1.00    0.073    0.148 0.013 0.015    0.024 0.025 0.004   --  
 5900:    1.00    0.048    0.148 0.013 0.016    0.024 0.025 0.005   --  

--------------------------------------------
Proportion of membership of each pre-defined
 population in each of the 3 clusters

Given    Inferred Clusters       Number of
 Pop       1      2      3      Individuals

  1:     0.224  0.518  0.258       23
--------------------------------------------

 Rep#:   Lambda   Alpha      F1    F2    F3     D1,2  D1,3  D2,3    Ln Like 
 6000:    1.00    0.047    0.152 0.013 0.016    0.025 0.026 0.005   --  
 6100:    1.00    0.067    0.152 0.013 0.016    0.025 0.026 0.005   --  
 6200:    1.00    0.044    0.151 0.013 0.016    0.025 0.026 0.005   --  
 6300:    1.00    0.041    0.150 0.013 0.016    0.024 0.025 0.005   --  
 6400:    1.00    0.076    0.149 0.014 0.017    0.024 0.025 0.005   --  
 6500:    1.00    0.074    0.149 0.014 0.018    0.025 0.026 0.005   --  
 6600:    1.00    0.096    0.150 0.014 0.019    0.024 0.026 0.005   --  
 6700:    1.00    0.066    0.154 0.014 0.019    0.025 0.026 0.005   --  
 6800:    1.00    0.077    0.154 0.014 0.019    0.025 0.026 0.005   --  
 6900:    1.00    0.042    0.154 0.014 0.020    0.025 0.027 0.005   --  

--------------------------------------------
Proportion of membership of each pre-defined
 population in each of the 3 clusters

Given    Inferred Clusters       Number of
 Pop       1      2      3      Individuals

  1:     0.215  0.531  0.254       23
--------------------------------------------

 Rep#:   Lambda   Alpha      F1    F2    F3     D1,2  D1,3  D2,3    Ln Like 
 7000:    1.00    0.099    0.149 0.014 0.020    0.025 0.026 0.005   --  
 7100:    1.00    0.096    0.152 0.014 0.021    0.025 0.026 0.005   --  
 7200:    1.00    0.068    0.155 0.014 0.022    0.025 0.027 0.006   --  
 7300:    1.00    0.058    0.152 0.014 0.023    0.025 0.027 0.006   --  
 7400:    1.00    0.057    0.152 0.014 0.023    0.025 0.027 0.006   --  
 7500:    1.00    0.061    0.153 0.015 0.024    0.025 0.027 0.006   --  
 7600:    1.00    0.073    0.154 0.016 0.024    0.025 0.027 0.006   --  
 7700:    1.00    0.073    0.153 0.016 0.025    0.025 0.027 0.006   --  
 7800:    1.00    0.097    0.153 0.016 0.026    0.025 0.027 0.007   --  
 7900:    1.00    0.080    0.154 0.016 0.026    0.025 0.027 0.007   --  

--------------------------------------------
Proportion of membership of each pre-defined
 population in each of the 3 clusters

Given    Inferred Clusters       Number of
 Pop       1      2      3      Individuals

  1:     0.218  0.555  0.227       23
--------------------------------------------

 Rep#:   Lambda   Alpha      F1    F2    F3     D1,2  D1,3  D2,3    Ln Like 
 8000:    1.00    0.088    0.155 0.016 0.026    0.025 0.028 0.007   --  
 8100:    1.00    0.057    0.155 0.017 0.027    0.026 0.028 0.007   --  
 8200:    1.00    0.058    0.154 0.017 0.027    0.025 0.028 0.007   --  
 8300:    1.00    0.039    0.154 0.017 0.027    0.025 0.028 0.007   --  
 8400:    1.00    0.069    0.153 0.017 0.027    0.025 0.027 0.007   --  
 8500:    1.00    0.071    0.152 0.017 0.028    0.025 0.028 0.007   --  
 8600:    1.00    0.073    0.153 0.017 0.032    0.025 0.028 0.008   --  
 8700:    1.00    0.044    0.154 0.017 0.034    0.026 0.029 0.008   --  
 8800:    1.00    0.051    0.152 0.017 0.036    0.025 0.029 0.008   --  
 8900:    1.00    0.037    0.152 0.017 0.036    0.025 0.029 0.008   --  

--------------------------------------------
Proportion of membership of each pre-defined
 population in each of the 3 clusters

Given    Inferred Clusters       Number of
 Pop       1      2      3      Individuals

  1:     0.215  0.572  0.213       23
--------------------------------------------

 Rep#:   Lambda   Alpha      F1    F2    F3     D1,2  D1,3  D2,3    Ln Like 
 9000:    1.00    0.058    0.151 0.017 0.037    0.025 0.029 0.009   --  
 9100:    1.00    0.028    0.151 0.017 0.037    0.025 0.029 0.009   --  
 9200:    1.00    0.069    0.150 0.019 0.039    0.025 0.029 0.009   --  
 9300:    1.00    0.065    0.150 0.019 0.041    0.025 0.029 0.009   --  
 9400:    1.00    0.061    0.150 0.019 0.041    0.025 0.029 0.010   --  
 9500:    1.00    0.058    0.151 0.019 0.043    0.025 0.030 0.010   --  
 9600:    1.00    0.065    0.149 0.019 0.043    0.025 0.030 0.010   --  
 9700:    1.00    0.068    0.150 0.019 0.046    0.025 0.030 0.010   --  
 9800:    1.00    0.086    0.150 0.019 0.046    0.025 0.030 0.010   --  
 9900:    1.00    0.071    0.153 0.019 0.049    0.025 0.031 0.011   --  
10000:    1.00    0.045    0.152 0.019 0.049    0.025 0.031 0.011   --  

BURNIN completed
 Rep#:   Lambda   Alpha      F1    F2    F3     D1,2  D1,3  D2,3    Ln Like  Est Ln P(D)
10100:    1.00    0.047    0.155 0.019 0.053    0.026 0.032 0.012   -988614    0 
10200:    1.00    0.123    0.154 0.019 0.056    0.026 0.032 0.012   -988914    0 
10300:    1.00    0.070    0.153 0.019 0.061    0.025 0.033 0.013   -988566    0 
10400:    1.00    0.087    0.153 0.019 0.066    0.026 0.034 0.014   -988263    0 
10500:    1.00    0.081    0.153 0.020 0.073    0.025 0.035 0.015   -987489    0 
10600:    1.00    0.053    0.152 0.020 0.080    0.025 0.036 0.016   -987612    0 
10700:    1.00    0.098    0.152 0.020 0.090    0.025 0.037 0.018   -986483    0 
10800:    1.00    0.068    0.153 0.020 0.096    0.026 0.039 0.019   -986407    0 
10900:    1.00    0.083    0.153 0.020 0.117    0.026 0.042 0.022   -985697    0 

--------------------------------------------
Proportion of membership of each pre-defined
 population in each of the 3 clusters

Given    Inferred Clusters       Number of
 Pop       1      2      3      Individuals

  1:     0.215  0.643  0.142       23
--------------------------------------------

 Rep#:   Lambda   Alpha      F1    F2    F3     D1,2  D1,3  D2,3    Ln Like  Est Ln P(D)
11000:    1.00    0.076    0.153 0.020 0.143    0.025 0.046 0.027   -984521    0 
11100:    1.00    0.069    0.153 0.020 0.154    0.026 0.048 0.028   -983677    0 
11200:    1.00    0.065    0.155 0.020 0.162    0.026 0.049 0.029   -983159    0 
11300:    1.00    0.080    0.155 0.020 0.181    0.026 0.052 0.032   -983189    0 
11400:    1.00    0.042    0.155 0.020 0.186    0.026 0.053 0.033   -982474    0 
11500:    1.00    0.078    0.155 0.020 0.186    0.026 0.053 0.033   -982630    0 
11600:    1.00    0.084    0.155 0.019 0.190    0.026 0.054 0.034   -982859    0 
11700:    1.00    0.092    0.153 0.019 0.195    0.025 0.054 0.034   -982961    0 
11800:    1.00    0.117    0.152 0.018 0.202    0.025 0.055 0.035   -981770    0 
11900:    1.00    0.105    0.151 0.018 0.206    0.025 0.056 0.036   -982453    0 

--------------------------------------------
Proportion of membership of each pre-defined
 population in each of the 3 clusters

Given    Inferred Clusters       Number of
 Pop       1      2      3      Individuals

  1:     0.218  0.666  0.116       23
--------------------------------------------

 Rep#:   Lambda   Alpha      F1    F2    F3     D1,2  D1,3  D2,3    Ln Like  Est Ln P(D)
12000:    1.00    0.081    0.151 0.018 0.212    0.025 0.056 0.037   -982165    0 
12100:    1.00    0.044    0.150 0.018 0.216    0.025 0.057 0.038   -982440    0 
12200:    1.00    0.079    0.151 0.018 0.217    0.025 0.058 0.038   -982527    0 
12300:    1.00    0.057    0.151 0.018 0.220    0.025 0.058 0.039   -982497    0 
12400:    1.00    0.061    0.152 0.018 0.227    0.025 0.060 0.040   -982195    0 
12500:    1.00    0.060    0.150 0.018 0.228    0.025 0.060 0.040   -982339    0 
12600:    1.00    0.059    0.151 0.018 0.234    0.025 0.061 0.041   -982389    0 
12700:    1.00    0.091    0.151 0.018 0.234    0.025 0.061 0.041   -982124    0 
12800:    1.00    0.080    0.153 0.018 0.240    0.025 0.062 0.041   -981998    0 
12900:    1.00    0.047    0.152 0.018 0.242    0.025 0.062 0.042   -982028    0 

--------------------------------------------
Proportion of membership of each pre-defined
 population in each of the 3 clusters

Given    Inferred Clusters       Number of
 Pop       1      2      3      Individuals

  1:     0.221  0.669  0.110       23
--------------------------------------------

 Rep#:   Lambda   Alpha      F1    F2    F3     D1,2  D1,3  D2,3    Ln Like  Est Ln P(D)
13000:    1.00    0.108    0.154 0.018 0.243    0.025 0.062 0.042   -981395    0 
13100:    1.00    0.075    0.153 0.018 0.241    0.025 0.062 0.042   -981563    0 
13200:    1.00    0.109    0.151 0.018 0.246    0.025 0.062 0.042   -981699    0 
13300:    1.00    0.081    0.150 0.018 0.246    0.025 0.061 0.042   -982044    0 
13400:    1.00    0.090    0.151 0.017 0.247    0.025 0.062 0.042   -981305    0 
13500:    1.00    0.089    0.152 0.017 0.247    0.025 0.063 0.043   -981608    0 
13600:    1.00    0.092    0.153 0.017 0.248    0.025 0.063 0.043   -981815    0 
13700:    1.00    0.080    0.153 0.017 0.246    0.025 0.062 0.042   -981638    0 
13800:    1.00    0.069    0.154 0.017 0.247    0.025 0.063 0.043   -981585    0 
13900:    1.00    0.062    0.152 0.017 0.247    0.025 0.063 0.042   -981460    0 

--------------------------------------------
Proportion of membership of each pre-defined
 population in each of the 3 clusters

Given    Inferred Clusters       Number of
 Pop       1      2      3      Individuals

  1:     0.220  0.670  0.110       23
--------------------------------------------

 Rep#:   Lambda   Alpha      F1    F2    F3     D1,2  D1,3  D2,3    Ln Like  Est Ln P(D)
14000:    1.00    0.046    0.153 0.017 0.241    0.025 0.062 0.041   -981510    0 
14100:    1.00    0.063    0.152 0.017 0.247    0.025 0.062 0.042   -981610    0 
14200:    1.00    0.092    0.154 0.017 0.246    0.025 0.063 0.042   -981787    0 
14300:    1.00    0.082    0.154 0.017 0.247    0.025 0.063 0.042   -981845    0 
14400:    1.00    0.109    0.153 0.017 0.247    0.025 0.063 0.043   -981495    0 
14500:    1.00    0.083    0.153 0.017 0.247    0.025 0.062 0.042   -981729    0 
14600:    1.00    0.061    0.150 0.017 0.248    0.025 0.063 0.042   -982320    0 
14700:    1.00    0.084    0.150 0.017 0.250    0.025 0.063 0.043   -981531    0 
14800:    1.00    0.095    0.151 0.017 0.250    0.025 0.062 0.043   -981713    0 
14900:    1.00    0.079    0.150 0.017 0.249    0.025 0.062 0.043   -981817    0 

--------------------------------------------
Proportion of membership of each pre-defined
 population in each of the 3 clusters

Given    Inferred Clusters       Number of
 Pop       1      2      3      Individuals

  1:     0.223  0.668  0.109       23
--------------------------------------------

 Rep#:   Lambda   Alpha      F1    F2    F3     D1,2  D1,3  D2,3    Ln Like  Est Ln P(D)
15000:    1.00    0.084    0.150 0.017 0.249    0.025 0.063 0.043   -982251    0 
15100:    1.00    0.056    0.149 0.017 0.245    0.025 0.062 0.042   -982072    0 
15200:    1.00    0.140    0.149 0.017 0.246    0.025 0.062 0.043   -981532    0 
15300:    1.00    0.070    0.148 0.017 0.246    0.024 0.062 0.042   -981916    0 
15400:    1.00    0.090    0.148 0.017 0.246    0.024 0.061 0.042   -981885    0 
15500:    1.00    0.125    0.147 0.017 0.247    0.024 0.062 0.042   -982117    0 
15600:    1.00    0.047    0.146 0.017 0.245    0.024 0.062 0.043   -981940    0 
15700:    1.00    0.073    0.147 0.017 0.249    0.024 0.062 0.042   -982344    0 
15800:    1.00    0.118    0.148 0.017 0.248    0.024 0.062 0.042   -982168    0 
15900:    1.00    0.093    0.145 0.018 0.251    0.024 0.062 0.043   -982181    0 

--------------------------------------------
Proportion of membership of each pre-defined
 population in each of the 3 clusters

Given    Inferred Clusters       Number of
 Pop       1      2      3      Individuals

  1:     0.220  0.670  0.111       23
--------------------------------------------

 Rep#:   Lambda   Alpha      F1    F2    F3     D1,2  D1,3  D2,3    Ln Like  Est Ln P(D)
16000:    1.00    0.137    0.144 0.018 0.247    0.024 0.062 0.043   -982137    0 
16100:    1.00    0.092    0.145 0.017 0.244    0.024 0.061 0.042   -981886    0 
16200:    1.00    0.048    0.145 0.017 0.251    0.024 0.062 0.043   -982253    0 
16300:    1.00    0.086    0.145 0.017 0.254    0.024 0.062 0.043   -981417    0 
16400:    1.00    0.043    0.147 0.017 0.249    0.024 0.062 0.043   -981111    0 
16500:    1.00    0.057    0.147 0.017 0.249    0.025 0.062 0.043   -981588    0 
16600:    1.00    0.057    0.147 0.017 0.251    0.024 0.063 0.043   -981762    0 
16700:    1.00    0.090    0.143 0.017 0.250    0.024 0.062 0.043   -981976    0 
16800:    1.00    0.058    0.146 0.017 0.247    0.024 0.062 0.043   -981372    0 
16900:    1.00    0.053    0.148 0.017 0.250    0.024 0.062 0.043   -981847    0 

--------------------------------------------
Proportion of membership of each pre-defined
 population in each of the 3 clusters

Given    Inferred Clusters       Number of
 Pop       1      2      3      Individuals

  1:     0.221  0.670  0.109       23
--------------------------------------------

 Rep#:   Lambda   Alpha      F1    F2    F3     D1,2  D1,3  D2,3    Ln Like  Est Ln P(D)
17000:    1.00    0.077    0.147 0.017 0.247    0.024 0.062 0.042   -981463    0 
17100:    1.00    0.068    0.145 0.017 0.245    0.024 0.061 0.042   -981657    0 
17200:    1.00    0.086    0.149 0.017 0.250    0.025 0.063 0.043   -981692    0 
17300:    1.00    0.115    0.149 0.017 0.256    0.024 0.064 0.044   -981908    0 
17400:    1.00    0.076    0.147 0.017 0.258    0.024 0.065 0.044   -981648    0 
17500:    1.00    0.081    0.149 0.017 0.256    0.025 0.063 0.043   -981628    0 
17600:    1.00    0.064    0.148 0.017 0.258    0.024 0.064 0.044   -982264    0 
17700:    1.00    0.080    0.148 0.017 0.258    0.025 0.064 0.044   -981936    0 
17800:    1.00    0.072    0.148 0.017 0.252    0.025 0.063 0.044   -981902    0 
17900:    1.00    0.061    0.149 0.017 0.249    0.025 0.063 0.042   -982103    0 

--------------------------------------------
Proportion of membership of each pre-defined
 population in each of the 3 clusters

Given    Inferred Clusters       Number of
 Pop       1      2      3      Individuals

  1:     0.222  0.670  0.109       23
--------------------------------------------

 Rep#:   Lambda   Alpha      F1    F2    F3     D1,2  D1,3  D2,3    Ln Like  Est Ln P(D)
18000:    1.00    0.063    0.149 0.017 0.243    0.024 0.062 0.042   -982016    0 
18100:    1.00    0.120    0.149 0.017 0.244    0.025 0.062 0.042   -982098    0 
18200:    1.00    0.092    0.151 0.017 0.244    0.025 0.062 0.042   -981397    0 
18300:    1.00    0.103    0.149 0.017 0.244    0.024 0.062 0.042   -982036    0 
18400:    1.00    0.103    0.149 0.017 0.244    0.025 0.062 0.042   -982104    0 
18500:    1.00    0.103    0.149 0.016 0.247    0.024 0.062 0.042   -982105    0 
18600:    1.00    0.057    0.149 0.016 0.248    0.024 0.062 0.042   -981906    0 
18700:    1.00    0.105    0.148 0.016 0.250    0.024 0.063 0.043   -981291    0 
18800:    1.00    0.090    0.148 0.016 0.246    0.024 0.062 0.042   -981779    0 
18900:    1.00    0.132    0.150 0.016 0.245    0.025 0.062 0.042   -982252    0 

--------------------------------------------
Proportion of membership of each pre-defined
 population in each of the 3 clusters

Given    Inferred Clusters       Number of
 Pop       1      2      3      Individuals

  1:     0.223  0.668  0.109       23
--------------------------------------------

 Rep#:   Lambda   Alpha      F1    F2    F3     D1,2  D1,3  D2,3    Ln Like  Est Ln P(D)
19000:    1.00    0.061    0.149 0.016 0.244    0.025 0.062 0.042   -982413    0 
19100:    1.00    0.070    0.149 0.016 0.244    0.025 0.062 0.042   -982035    0 
19200:    1.00    0.072    0.149 0.016 0.244    0.024 0.062 0.042   -981734    0 
19300:    1.00    0.071    0.152 0.016 0.245    0.025 0.062 0.042   -981683    0 
19400:    1.00    0.069    0.150 0.016 0.241    0.025 0.062 0.041   -982381    0 
19500:    1.00    0.080    0.149 0.016 0.244    0.025 0.062 0.042   -982250    0 
19600:    1.00    0.063    0.151 0.016 0.247    0.025 0.062 0.042   -982061    0 
19700:    1.00    0.062    0.153 0.016 0.246    0.025 0.063 0.042   -981958    0 
19800:    1.00    0.049    0.153 0.016 0.244    0.025 0.063 0.042   -981655    0 
19900:    1.00    0.074    0.151 0.016 0.246    0.025 0.062 0.042   -981502    0 

--------------------------------------------
Proportion of membership of each pre-defined
 population in each of the 3 clusters

Given    Inferred Clusters       Number of
 Pop       1      2      3      Individuals

  1:     0.224  0.668  0.108       23
--------------------------------------------

 Rep#:   Lambda   Alpha      F1    F2    F3     D1,2  D1,3  D2,3    Ln Like  Est Ln P(D)
20000:    1.00    0.093    0.150 0.016 0.249    0.024 0.063 0.043   -982124    0 
20100:    1.00    0.090    0.149 0.016 0.244    0.025 0.062 0.042   -981911    0 
20200:    1.00    0.128    0.146 0.016 0.245    0.024 0.061 0.042   -981751    0 
20300:    1.00    0.103    0.145 0.016 0.246    0.024 0.062 0.042   -981813    0 
20400:    1.00    0.114    0.145 0.016 0.248    0.024 0.062 0.042   -981833    0 
20500:    1.00    0.088    0.145 0.016 0.254    0.024 0.063 0.043   -981941    0 
20600:    1.00    0.098    0.145 0.016 0.251    0.024 0.062 0.043   -982382    0 
20700:    1.00    0.111    0.145 0.016 0.250    0.024 0.062 0.042   -981235    0 
20800:    1.00    0.083    0.143 0.016 0.249    0.024 0.062 0.042   -981988    0 
20900:    1.00    0.072    0.143 0.016 0.249    0.023 0.062 0.042   -982063    0 

--------------------------------------------
Proportion of membership of each pre-defined
 population in each of the 3 clusters

Given    Inferred Clusters       Number of
 Pop       1      2      3      Individuals

  1:     0.225  0.666  0.109       23
--------------------------------------------

 Rep#:   Lambda   Alpha      F1    F2    F3     D1,2  D1,3  D2,3    Ln Like  Est Ln P(D)
21000:    1.00    0.093    0.144 0.016 0.249    0.024 0.062 0.043   -981918    0 
21100:    1.00    0.050    0.144 0.016 0.250    0.024 0.062 0.043   -982019    0 
21200:    1.00    0.101    0.145 0.016 0.251    0.024 0.061 0.043   -981732    0 
21300:    1.00    0.097    0.141 0.016 0.251    0.024 0.061 0.042   -982314    0 
21400:    1.00    0.118    0.141 0.016 0.249    0.023 0.061 0.042   -982411    0 
21500:    1.00    0.064    0.142 0.016 0.250    0.023 0.061 0.042   -982180    0 
21600:    1.00    0.088    0.142 0.016 0.250    0.024 0.062 0.043   -982150    0 
21700:    1.00    0.103    0.143 0.016 0.250    0.024 0.063 0.043   -981794    0 
21800:    1.00    0.128    0.141 0.016 0.250    0.023 0.062 0.043   -981305    0 
21900:    1.00    0.070    0.140 0.016 0.249    0.023 0.062 0.043   -981918    0 

--------------------------------------------
Proportion of membership of each pre-defined
 population in each of the 3 clusters

Given    Inferred Clusters       Number of
 Pop       1      2      3      Individuals

  1:     0.221  0.671  0.108       23
--------------------------------------------

 Rep#:   Lambda   Alpha      F1    F2    F3     D1,2  D1,3  D2,3    Ln Like  Est Ln P(D)
22000:    1.00    0.060    0.139 0.016 0.249    0.023 0.062 0.043   -981724    0 
22100:    1.00    0.078    0.138 0.016 0.244    0.023 0.061 0.042   -982667    0 
22200:    1.00    0.086    0.138 0.016 0.243    0.023 0.060 0.041   -981930    0 
22300:    1.00    0.071    0.138 0.016 0.242    0.023 0.060 0.041   -982019    0 
22400:    1.00    0.045    0.137 0.016 0.242    0.023 0.060 0.041   -982040    0 
22500:    1.00    0.057    0.138 0.016 0.241    0.023 0.060 0.041   -982160    0 
22600:    1.00    0.044    0.139 0.016 0.243    0.023 0.060 0.042   -982110    0 
22700:    1.00    0.059    0.139 0.016 0.242    0.023 0.061 0.042   -981901    0 
22800:    1.00    0.061    0.139 0.016 0.244    0.023 0.061 0.042   -981912    0 
22900:    1.00    0.074    0.139 0.016 0.245    0.023 0.061 0.042   -981567    0 

--------------------------------------------
Proportion of membership of each pre-defined
 population in each of the 3 clusters

Given    Inferred Clusters       Number of
 Pop       1      2      3      Individuals

  1:     0.224  0.666  0.109       23
--------------------------------------------

 Rep#:   Lambda   Alpha      F1    F2    F3     D1,2  D1,3  D2,3    Ln Like  Est Ln P(D)
23000:    1.00    0.065    0.139 0.016 0.245    0.023 0.061 0.042   -981962    0 
23100:    1.00    0.073    0.143 0.016 0.246    0.024 0.062 0.042   -981544    0 
23200:    1.00    0.053    0.144 0.016 0.246    0.024 0.061 0.042   -981724    0 
23300:    1.00    0.066    0.144 0.016 0.243    0.024 0.060 0.041   -981552    0 
23400:    1.00    0.081    0.142 0.016 0.244    0.023 0.061 0.042   -982092    0 
23500:    1.00    0.060    0.142 0.016 0.244    0.023 0.061 0.042   -981505    0 
23600:    1.00    0.099    0.142 0.015 0.245    0.023 0.061 0.042   -982421    0 
23700:    1.00    0.070    0.142 0.015 0.248    0.023 0.061 0.042   -981408    0 
23800:    1.00    0.108    0.142 0.015 0.245    0.023 0.062 0.043   -982154    0 
23900:    1.00    0.061    0.142 0.015 0.247    0.023 0.061 0.042   -981614    0 

--------------------------------------------
Proportion of membership of each pre-defined
 population in each of the 3 clusters

Given    Inferred Clusters       Number of
 Pop       1      2      3      Individuals

  1:     0.221  0.670  0.109       23
--------------------------------------------

 Rep#:   Lambda   Alpha      F1    F2    F3     D1,2  D1,3  D2,3    Ln Like  Est Ln P(D)
24000:    1.00    0.083    0.143 0.015 0.245    0.024 0.061 0.042   -982142    0 
24100:    1.00    0.092    0.145 0.015 0.245    0.024 0.062 0.042   -981926    0 
24200:    1.00    0.075    0.145 0.015 0.244    0.024 0.061 0.042   -981909    0 
24300:    1.00    0.060    0.146 0.015 0.243    0.024 0.061 0.042   -982079    0 
24400:    1.00    0.080    0.148 0.015 0.247    0.024 0.062 0.042   -981826    0 
24500:    1.00    0.092    0.149 0.015 0.247    0.024 0.062 0.042   -982096    0 
24600:    1.00    0.063    0.150 0.015 0.248    0.024 0.062 0.042   -981808    0 
24700:    1.00    0.089    0.151 0.015 0.250    0.024 0.062 0.042   -981801    0 
24800:    1.00    0.091    0.153 0.015 0.251    0.025 0.064 0.043   -982065    0 
24900:    1.00    0.102    0.153 0.015 0.251    0.025 0.064 0.043   -981327    0 

--------------------------------------------
Proportion of membership of each pre-defined
 population in each of the 3 clusters

Given    Inferred Clusters       Number of
 Pop       1      2      3      Individuals

  1:     0.216  0.675  0.109       23
--------------------------------------------

 Rep#:   Lambda   Alpha      F1    F2    F3     D1,2  D1,3  D2,3    Ln Like  Est Ln P(D)
25000:    1.00    0.066    0.153 0.015 0.250    0.025 0.063 0.043   -981867    0 
25100:    1.00    0.076    0.153 0.015 0.246    0.025 0.063 0.042   -981849    0 
25200:    1.00    0.087    0.153 0.015 0.248    0.025 0.063 0.042   -982194    0 
25300:    1.00    0.093    0.152 0.015 0.246    0.025 0.063 0.042   -981897    0 
25400:    1.00    0.100    0.148 0.015 0.247    0.024 0.062 0.042   -981909    0 
25500:    1.00    0.051    0.147 0.015 0.246    0.024 0.061 0.042   -982257    0 
25600:    1.00    0.105    0.147 0.015 0.246    0.024 0.062 0.042   -982471    0 
25700:    1.00    0.053    0.147 0.015 0.246    0.024 0.062 0.042   -982486    0 
25800:    1.00    0.096    0.146 0.015 0.250    0.024 0.062 0.042   -982507    0 
25900:    1.00    0.081    0.146 0.015 0.248    0.024 0.062 0.043   -981264    0 

--------------------------------------------
Proportion of membership of each pre-defined
 population in each of the 3 clusters

Given    Inferred Clusters       Number of
 Pop       1      2      3      Individuals

  1:     0.220  0.671  0.109       23
--------------------------------------------

 Rep#:   Lambda   Alpha      F1    F2    F3     D1,2  D1,3  D2,3    Ln Like  Est Ln P(D)
26000:    1.00    0.066    0.149 0.015 0.247    0.024 0.062 0.042   -981418    0 
26100:    1.00    0.053    0.151 0.016 0.246    0.024 0.062 0.042   -982241    0 
26200:    1.00    0.065    0.152 0.016 0.245    0.024 0.061 0.042   -981856    0 
26300:    1.00    0.086    0.152 0.016 0.249    0.025 0.063 0.043   -981972    0 
26400:    1.00    0.054    0.152 0.016 0.253    0.025 0.063 0.043   -981985    0 
26500:    1.00    0.097    0.152 0.016 0.253    0.025 0.064 0.043   -982014    0 
26600:    1.00    0.082    0.151 0.016 0.253    0.025 0.063 0.043   -981593    0 
26700:    1.00    0.092    0.150 0.016 0.249    0.024 0.063 0.043   -982154    0 
26800:    1.00    0.126    0.150 0.016 0.249    0.025 0.062 0.042   -982111    0 
26900:    1.00    0.092    0.150 0.016 0.248    0.025 0.062 0.042   -982285    0 

--------------------------------------------
Proportion of membership of each pre-defined
 population in each of the 3 clusters

Given    Inferred Clusters       Number of
 Pop       1      2      3      Individuals

  1:     0.218  0.673  0.109       23
--------------------------------------------

 Rep#:   Lambda   Alpha      F1    F2    F3     D1,2  D1,3  D2,3    Ln Like  Est Ln P(D)
27000:    1.00    0.120    0.152 0.016 0.248    0.025 0.063 0.043   -981929    0 
27100:    1.00    0.092    0.152 0.016 0.249    0.025 0.062 0.042   -982235    0 
27200:    1.00    0.064    0.152 0.016 0.248    0.025 0.063 0.042   -981545    0 
27300:    1.00    0.065    0.153 0.016 0.249    0.025 0.064 0.042   -982010    0 
27400:    1.00    0.082    0.155 0.016 0.246    0.025 0.063 0.042   -981918    0 
27500:    1.00    0.056    0.154 0.016 0.246    0.025 0.062 0.042   -982029    0 
27600:    1.00    0.081    0.156 0.016 0.245    0.025 0.063 0.042   -981869    0 
27700:    1.00    0.081    0.153 0.016 0.247    0.025 0.063 0.043   -981756    0 
27800:    1.00    0.064    0.151 0.016 0.250    0.025 0.063 0.043   -981995    0 
27900:    1.00    0.112    0.151 0.016 0.248    0.025 0.063 0.043   -982211    0 

--------------------------------------------
Proportion of membership of each pre-defined
 population in each of the 3 clusters

Given    Inferred Clusters       Number of
 Pop       1      2      3      Individuals

  1:     0.220  0.672  0.108       23
--------------------------------------------

 Rep#:   Lambda   Alpha      F1    F2    F3     D1,2  D1,3  D2,3    Ln Like  Est Ln P(D)
28000:    1.00    0.100    0.152 0.016 0.248    0.025 0.063 0.042   -982300    0 
28100:    1.00    0.092    0.152 0.016 0.248    0.025 0.063 0.042   -981153    0 
28200:    1.00    0.105    0.151 0.016 0.247    0.025 0.063 0.042   -981683    0 
28300:    1.00    0.085    0.150 0.016 0.247    0.025 0.062 0.042   -982014    0 
28400:    1.00    0.083    0.150 0.016 0.249    0.025 0.063 0.043   -982326    0 
28500:    1.00    0.113    0.147 0.016 0.248    0.024 0.062 0.042   -982374    0 
28600:    1.00    0.106    0.147 0.015 0.249    0.024 0.063 0.043   -981873    0 
28700:    1.00    0.063    0.147 0.015 0.250    0.024 0.063 0.043   -982022    0 
28800:    1.00    0.081    0.149 0.015 0.249    0.025 0.063 0.042   -981800    0 
28900:    1.00    0.066    0.149 0.015 0.251    0.024 0.063 0.043   -981656    0 

--------------------------------------------
Proportion of membership of each pre-defined
 population in each of the 3 clusters

Given    Inferred Clusters       Number of
 Pop       1      2      3      Individuals

  1:     0.219  0.673  0.108       23
--------------------------------------------

 Rep#:   Lambda   Alpha      F1    F2    F3     D1,2  D1,3  D2,3    Ln Like  Est Ln P(D)
29000:    1.00    0.066    0.149 0.015 0.250    0.024 0.063 0.042   -981567    0 
29100:    1.00    0.100    0.152 0.015 0.248    0.025 0.063 0.042   -982342    0 
29200:    1.00    0.087    0.151 0.015 0.251    0.025 0.064 0.043   -981569    0 
29300:    1.00    0.112    0.150 0.015 0.250    0.024 0.063 0.043   -981754    0 
29400:    1.00    0.097    0.154 0.015 0.250    0.025 0.063 0.043   -982149    0 
29500:    1.00    0.081    0.154 0.015 0.251    0.025 0.065 0.043   -981902    0 
29600:    1.00    0.111    0.154 0.015 0.254    0.025 0.064 0.043   -982194    0 
29700:    1.00    0.106    0.154 0.015 0.252    0.025 0.064 0.043   -982137    0 
29800:    1.00    0.101    0.155 0.015 0.253    0.025 0.065 0.043   -981747    0 
29900:    1.00    0.065    0.155 0.015 0.255    0.025 0.065 0.043   -981815    0 

--------------------------------------------
Proportion of membership of each pre-defined
 population in each of the 3 clusters

Given    Inferred Clusters       Number of
 Pop       1      2      3      Individuals

  1:     0.220  0.673  0.107       23
--------------------------------------------

 Rep#:   Lambda   Alpha      F1    F2    F3     D1,2  D1,3  D2,3    Ln Like  Est Ln P(D)
30000:    1.00    0.049    0.154 0.015 0.254    0.025 0.063 0.043   -982002    0 
30100:    1.00    0.097    0.155 0.015 0.257    0.025 0.064 0.043   -981570    0 
30200:    1.00    0.086    0.155 0.015 0.256    0.025 0.064 0.043   -981809    0 
30300:    1.00    0.102    0.155 0.015 0.258    0.025 0.065 0.044   -981652    0 
30400:    1.00    0.089    0.155 0.015 0.260    0.025 0.065 0.044   -982217    0 
30500:    1.00    0.095    0.156 0.015 0.263    0.025 0.065 0.044   -981798    0 
30600:    1.00    0.126    0.156 0.015 0.265    0.025 0.066 0.045   -982070    0 
30700:    1.00    0.102    0.156 0.015 0.258    0.025 0.066 0.044   -981520    0 
30800:    1.00    0.079    0.156 0.015 0.257    0.026 0.065 0.044   -981716    0 
30900:    1.00    0.120    0.157 0.015 0.258    0.025 0.066 0.044   -982041    0 

--------------------------------------------
Proportion of membership of each pre-defined
 population in each of the 3 clusters

Given    Inferred Clusters       Number of
 Pop       1      2      3      Individuals

  1:     0.214  0.678  0.108       23
--------------------------------------------

 Rep#:   Lambda   Alpha      F1    F2    F3     D1,2  D1,3  D2,3    Ln Like  Est Ln P(D)
31000:    1.00    0.086    0.157 0.015 0.258    0.025 0.065 0.044   -981858    0 
31100:    1.00    0.112    0.157 0.015 0.253    0.025 0.064 0.043   -981602    0 
31200:    1.00    0.102    0.156 0.015 0.253    0.025 0.064 0.043   -981800    0 
31300:    1.00    0.061    0.155 0.015 0.252    0.025 0.063 0.042   -982211    0 
31400:    1.00    0.106    0.154 0.015 0.249    0.025 0.063 0.042   -981948    0 
31500:    1.00    0.073    0.153 0.015 0.249    0.025 0.063 0.042   -981990    0 
31600:    1.00    0.093    0.154 0.015 0.249    0.025 0.063 0.042   -982218    0 
31700:    1.00    0.081    0.155 0.015 0.242    0.025 0.063 0.042   -981534    0 
31800:    1.00    0.117    0.154 0.015 0.246    0.025 0.063 0.042   -982110    0 
31900:    1.00    0.086    0.155 0.015 0.249    0.025 0.063 0.042   -982050    0 

--------------------------------------------
Proportion of membership of each pre-defined
 population in each of the 3 clusters

Given    Inferred Clusters       Number of
 Pop       1      2      3      Individuals

  1:     0.218  0.675  0.107       23
--------------------------------------------

 Rep#:   Lambda   Alpha      F1    F2    F3     D1,2  D1,3  D2,3    Ln Like  Est Ln P(D)
32000:    1.00    0.095    0.153 0.015 0.250    0.025 0.063 0.043   -981946    0 
32100:    1.00    0.105    0.154 0.015 0.250    0.025 0.063 0.042   -981499    0 
32200:    1.00    0.110    0.154 0.015 0.246    0.025 0.063 0.042   -981846    0 
32300:    1.00    0.083    0.154 0.015 0.247    0.025 0.063 0.042   -982050    0 
32400:    1.00    0.079    0.153 0.015 0.249    0.025 0.063 0.042   -982599    0 
32500:    1.00    0.068    0.154 0.015 0.249    0.025 0.063 0.043   -981770    0 
32600:    1.00    0.091    0.155 0.014 0.249    0.025 0.063 0.042   -981599    0 
32700:    1.00    0.086    0.154 0.014 0.249    0.025 0.063 0.042   -982431    0 
32800:    1.00    0.090    0.154 0.014 0.248    0.025 0.063 0.042   -982483    0 
32900:    1.00    0.095    0.154 0.014 0.247    0.025 0.063 0.042   -981761    0 

--------------------------------------------
Proportion of membership of each pre-defined
 population in each of the 3 clusters

Given    Inferred Clusters       Number of
 Pop       1      2      3      Individuals

  1:     0.218  0.673  0.109       23
--------------------------------------------

 Rep#:   Lambda   Alpha      F1    F2    F3     D1,2  D1,3  D2,3    Ln Like  Est Ln P(D)
33000:    1.00    0.070    0.153 0.014 0.247    0.025 0.063 0.042   -982221    0 
33100:    1.00    0.060    0.151 0.014 0.247    0.025 0.062 0.042   -982023    0 
33200:    1.00    0.097    0.150 0.014 0.248    0.024 0.062 0.042   -982050    0 
33300:    1.00    0.084    0.152 0.014 0.248    0.025 0.063 0.042   -981683    0 
33400:    1.00    0.077    0.151 0.014 0.250    0.025 0.063 0.042   -981522    0 
33500:    1.00    0.081    0.152 0.014 0.250    0.025 0.063 0.042   -981878    0 
33600:    1.00    0.071    0.151 0.014 0.250    0.025 0.063 0.042   -981668    0 
33700:    1.00    0.063    0.151 0.014 0.250    0.024 0.063 0.042   -982008    0 
33800:    1.00    0.080    0.150 0.014 0.249    0.024 0.063 0.043   -981781    0 
33900:    1.00    0.071    0.150 0.014 0.249    0.024 0.063 0.042   -981864    0 

--------------------------------------------
Proportion of membership of each pre-defined
 population in each of the 3 clusters

Given    Inferred Clusters       Number of
 Pop       1      2      3      Individuals

  1:     0.217  0.676  0.106       23
--------------------------------------------

 Rep#:   Lambda   Alpha      F1    F2    F3     D1,2  D1,3  D2,3    Ln Like  Est Ln P(D)
34000:    1.00    0.122    0.153 0.014 0.251    0.025 0.063 0.042   -981853    0 
34100:    1.00    0.079    0.154 0.014 0.249    0.025 0.063 0.042   -981909    0 
34200:    1.00    0.116    0.153 0.014 0.249    0.024 0.063 0.042   -981976    0 
34300:    1.00    0.129    0.152 0.014 0.252    0.025 0.063 0.043   -981931    0 
34400:    1.00    0.048    0.151 0.014 0.249    0.024 0.063 0.043   -981854    0 
34500:    1.00    0.103    0.151 0.014 0.246    0.024 0.062 0.042   -982093    0 
34600:    1.00    0.074    0.151 0.014 0.244    0.025 0.062 0.041   -982006    0 
34700:    1.00    0.099    0.155 0.014 0.252    0.025 0.064 0.043   -982010    0 
34800:    1.00    0.083    0.155 0.014 0.249    0.025 0.063 0.042   -981864    0 
34900:    1.00    0.083    0.155 0.014 0.251    0.025 0.064 0.043   -981886    0 

--------------------------------------------
Proportion of membership of each pre-defined
 population in each of the 3 clusters

Given    Inferred Clusters       Number of
 Pop       1      2      3      Individuals

  1:     0.215  0.677  0.108       23
--------------------------------------------

 Rep#:   Lambda   Alpha      F1    F2    F3     D1,2  D1,3  D2,3    Ln Like  Est Ln P(D)
35000:    1.00    0.078    0.155 0.014 0.252    0.025 0.064 0.042   -982317    0 
35100:    1.00    0.090    0.154 0.014 0.250    0.025 0.063 0.043   -981612    0 
35200:    1.00    0.076    0.154 0.014 0.250    0.025 0.063 0.042   -982063    0 
35300:    1.00    0.078    0.154 0.014 0.248    0.025 0.063 0.042   -981936    0 
35400:    1.00    0.100    0.154 0.014 0.248    0.025 0.064 0.042   -981865    0 
35500:    1.00    0.119    0.152 0.014 0.248    0.025 0.063 0.042   -981899    0 
35600:    1.00    0.087    0.152 0.014 0.252    0.024 0.063 0.043   -982137    0 
35700:    1.00    0.089    0.149 0.014 0.249    0.024 0.062 0.042   -982270    0 
35800:    1.00    0.111    0.147 0.014 0.248    0.024 0.062 0.042   -982235    0 
35900:    1.00    0.094    0.147 0.014 0.250    0.024 0.063 0.043   -982380    0 

--------------------------------------------
Proportion of membership of each pre-defined
 population in each of the 3 clusters

Given    Inferred Clusters       Number of
 Pop       1      2      3      Individuals

  1:     0.218  0.674  0.108       23
--------------------------------------------

 Rep#:   Lambda   Alpha      F1    F2    F3     D1,2  D1,3  D2,3    Ln Like  Est Ln P(D)
36000:    1.00    0.091    0.146 0.014 0.247    0.024 0.062 0.042   -982029    0 
36100:    1.00    0.097    0.149 0.014 0.248    0.024 0.063 0.042   -981673    0 
36200:    1.00    0.095    0.149 0.014 0.246    0.024 0.063 0.042   -982019    0 
36300:    1.00    0.099    0.149 0.014 0.247    0.024 0.062 0.042   -982161    0 
36400:    1.00    0.127    0.149 0.014 0.247    0.024 0.062 0.042   -982218    0 
36500:    1.00    0.125    0.149 0.014 0.245    0.024 0.062 0.041   -981640    0 
36600:    1.00    0.070    0.149 0.014 0.246    0.024 0.062 0.042   -981517    0 
36700:    1.00    0.103    0.148 0.014 0.246    0.024 0.062 0.042   -982138    0 
36800:    1.00    0.069    0.145 0.014 0.240    0.023 0.060 0.041   -982066    0 
36900:    1.00    0.085    0.146 0.014 0.241    0.024 0.061 0.041   -982314    0 

--------------------------------------------
Proportion of membership of each pre-defined
 population in each of the 3 clusters

Given    Inferred Clusters       Number of
 Pop       1      2      3      Individuals

  1:     0.223  0.669  0.108       23
--------------------------------------------

 Rep#:   Lambda   Alpha      F1    F2    F3     D1,2  D1,3  D2,3    Ln Like  Est Ln P(D)
37000:    1.00    0.106    0.146 0.014 0.244    0.024 0.061 0.041   -982298    0 
37100:    1.00    0.066    0.146 0.014 0.246    0.024 0.062 0.042   -982183    0 
37200:    1.00    0.076    0.146 0.014 0.249    0.024 0.062 0.042   -981872    0 
37300:    1.00    0.078    0.146 0.014 0.248    0.024 0.063 0.042   -982052    0 
37400:    1.00    0.080    0.145 0.014 0.248    0.024 0.062 0.042   -981915    0 
37500:    1.00    0.081    0.145 0.014 0.248    0.024 0.062 0.042   -981830    0 
37600:    1.00    0.072    0.145 0.014 0.251    0.024 0.063 0.043   -981598    0 
37700:    1.00    0.071    0.145 0.014 0.254    0.024 0.062 0.043   -981584    0 
37800:    1.00    0.056    0.145 0.014 0.254    0.024 0.063 0.043   -981300    0 
37900:    1.00    0.103    0.147 0.014 0.253    0.024 0.064 0.043   -981736    0 

--------------------------------------------
Proportion of membership of each pre-defined
 population in each of the 3 clusters

Given    Inferred Clusters       Number of
 Pop       1      2      3      Individuals

  1:     0.221  0.671  0.107       23
--------------------------------------------

 Rep#:   Lambda   Alpha      F1    F2    F3     D1,2  D1,3  D2,3    Ln Like  Est Ln P(D)
38000:    1.00    0.108    0.147 0.014 0.253    0.024 0.063 0.043   -981798    0 
38100:    1.00    0.057    0.146 0.014 0.254    0.024 0.063 0.043   -982069    0 
38200:    1.00    0.078    0.147 0.014 0.251    0.024 0.063 0.042   -982021    0 
38300:    1.00    0.079    0.154 0.014 0.252    0.025 0.063 0.043   -981837    0 
38400:    1.00    0.120    0.154 0.014 0.253    0.025 0.063 0.042   -982299    0 
38500:    1.00    0.048    0.154 0.014 0.252    0.025 0.064 0.043   -981985    0 
38600:    1.00    0.126    0.154 0.014 0.256    0.025 0.064 0.043   -981724    0 
38700:    1.00    0.139    0.149 0.014 0.257    0.024 0.064 0.044   -981821    0 
38800:    1.00    0.076    0.149 0.014 0.257    0.024 0.064 0.043   -981910    0 
38900:    1.00    0.079    0.149 0.014 0.253    0.024 0.064 0.043   -982090    0 

--------------------------------------------
Proportion of membership of each pre-defined
 population in each of the 3 clusters

Given    Inferred Clusters       Number of
 Pop       1      2      3      Individuals

  1:     0.216  0.677  0.107       23
--------------------------------------------

 Rep#:   Lambda   Alpha      F1    F2    F3     D1,2  D1,3  D2,3    Ln Like  Est Ln P(D)
39000:    1.00    0.080    0.149 0.014 0.252    0.024 0.064 0.043   -982082    0 
39100:    1.00    0.073    0.153 0.014 0.249    0.025 0.063 0.042   -982266    0 
39200:    1.00    0.130    0.152 0.014 0.248    0.024 0.063 0.042   -981844    0 
39300:    1.00    0.109    0.150 0.014 0.253    0.024 0.063 0.043   -982365    0 
39400:    1.00    0.058    0.150 0.014 0.250    0.025 0.063 0.042   -982376    0 
39500:    1.00    0.091    0.149 0.014 0.248    0.024 0.062 0.042   -982498    0 
39600:    1.00    0.054    0.149 0.014 0.249    0.024 0.062 0.042   -982456    0 
39700:    1.00    0.075    0.149 0.014 0.248    0.024 0.062 0.042   -982257    0 
39800:    1.00    0.084    0.150 0.014 0.249    0.024 0.063 0.043   -982319    0 
39900:    1.00    0.076    0.149 0.014 0.249    0.024 0.063 0.042   -981595    0 

--------------------------------------------
Proportion of membership of each pre-defined
 population in each of the 3 clusters

Given    Inferred Clusters       Number of
 Pop       1      2      3      Individuals

  1:     0.215  0.677  0.108       23
--------------------------------------------

 Rep#:   Lambda   Alpha      F1    F2    F3     D1,2  D1,3  D2,3    Ln Like  Est Ln P(D)
40000:    1.00    0.075    0.149 0.014 0.250    0.024 0.063 0.043   -982155    0 
40100:    1.00    0.084    0.148 0.014 0.250    0.024 0.063 0.043   -982019    0 
40200:    1.00    0.094    0.148 0.014 0.250    0.024 0.063 0.043   -982554    0 
40300:    1.00    0.051    0.148 0.014 0.246    0.024 0.062 0.042   -982084    0 
40400:    1.00    0.110    0.149 0.014 0.251    0.024 0.063 0.042   -982118    0 
40500:    1.00    0.063    0.151 0.014 0.252    0.024 0.063 0.043   -982291    0 
40600:    1.00    0.092    0.153 0.014 0.256    0.025 0.064 0.043   -981863    0 
40700:    1.00    0.079    0.154 0.014 0.259    0.025 0.065 0.044   -981698    0 
40800:    1.00    0.102    0.154 0.014 0.257    0.025 0.064 0.043   -981525    0 
40900:    1.00    0.064    0.154 0.014 0.258    0.025 0.064 0.043   -981799    0 

--------------------------------------------
Proportion of membership of each pre-defined
 population in each of the 3 clusters

Given    Inferred Clusters       Number of
 Pop       1      2      3      Individuals

  1:     0.215  0.679  0.106       23
--------------------------------------------

 Rep#:   Lambda   Alpha      F1    F2    F3     D1,2  D1,3  D2,3    Ln Like  Est Ln P(D)
41000:    1.00    0.102    0.154 0.014 0.258    0.025 0.065 0.044   -981848    0 
41100:    1.00    0.090    0.155 0.014 0.264    0.025 0.066 0.044   -981689    0 
41200:    1.00    0.098    0.155 0.014 0.265    0.025 0.065 0.044   -981655    0 
41300:    1.00    0.091    0.154 0.014 0.259    0.025 0.065 0.044   -981502    0 
41400:    1.00    0.077    0.156 0.014 0.259    0.025 0.065 0.044   -981748    0 
41500:    1.00    0.080    0.157 0.014 0.260    0.025 0.065 0.044   -981716    0 
41600:    1.00    0.058    0.153 0.014 0.259    0.025 0.064 0.043   -981850    0 
41700:    1.00    0.075    0.155 0.014 0.259    0.025 0.065 0.044   -981542    0 
41800:    1.00    0.092    0.152 0.014 0.260    0.024 0.064 0.044   -981815    0 
41900:    1.00    0.099    0.151 0.014 0.257    0.025 0.064 0.043   -981675    0 

--------------------------------------------
Proportion of membership of each pre-defined
 population in each of the 3 clusters

Given    Inferred Clusters       Number of
 Pop       1      2      3      Individuals

  1:     0.218  0.674  0.108       23
--------------------------------------------

 Rep#:   Lambda   Alpha      F1    F2    F3     D1,2  D1,3  D2,3    Ln Like  Est Ln P(D)
42000:    1.00    0.111    0.151 0.014 0.253    0.025 0.063 0.043   -981996    0 
42100:    1.00    0.067    0.150 0.014 0.246    0.024 0.061 0.041   -982196    0 
42200:    1.00    0.092    0.150 0.014 0.244    0.024 0.062 0.042   -981719    0 
42300:    1.00    0.086    0.150 0.014 0.243    0.024 0.062 0.041   -982088    0 
42400:    1.00    0.067    0.150 0.014 0.243    0.024 0.062 0.042   -982186    0 
42500:    1.00    0.074    0.149 0.014 0.244    0.024 0.062 0.042   -982110    0 
42600:    1.00    0.080    0.147 0.014 0.251    0.024 0.063 0.043   -981714    0 
42700:    1.00    0.079    0.146 0.014 0.252    0.024 0.063 0.043   -981576    0 
42800:    1.00    0.094    0.147 0.014 0.252    0.024 0.063 0.043   -982123    0 
42900:    1.00    0.065    0.147 0.014 0.247    0.024 0.062 0.042   -982006    0 

--------------------------------------------
Proportion of membership of each pre-defined
 population in each of the 3 clusters

Given    Inferred Clusters       Number of
 Pop       1      2      3      Individuals

  1:     0.219  0.672  0.110       23
--------------------------------------------

 Rep#:   Lambda   Alpha      F1    F2    F3     D1,2  D1,3  D2,3    Ln Like  Est Ln P(D)
43000:    1.00    0.082    0.147 0.014 0.245    0.024 0.062 0.042   -981938    0 
43100:    1.00    0.082    0.148 0.014 0.246    0.024 0.062 0.042   -981922    0 
43200:    1.00    0.069    0.146 0.014 0.246    0.024 0.062 0.042   -982228    0 
43300:    1.00    0.095    0.148 0.014 0.249    0.024 0.062 0.042   -982257    0 
43400:    1.00    0.055    0.147 0.014 0.252    0.024 0.063 0.043   -982408    0 
43500:    1.00    0.058    0.150 0.014 0.256    0.024 0.064 0.044   -981635    0 
43600:    1.00    0.062    0.149 0.014 0.256    0.024 0.063 0.043   -981783    0 
43700:    1.00    0.064    0.149 0.014 0.254    0.024 0.063 0.043   -982176    0 
43800:    1.00    0.045    0.150 0.014 0.259    0.024 0.063 0.043   -981731    0 
43900:    1.00    0.077    0.148 0.014 0.255    0.024 0.064 0.043   -981937    0 

--------------------------------------------
Proportion of membership of each pre-defined
 population in each of the 3 clusters

Given    Inferred Clusters       Number of
 Pop       1      2      3      Individuals

  1:     0.219  0.674  0.107       23
--------------------------------------------

 Rep#:   Lambda   Alpha      F1    F2    F3     D1,2  D1,3  D2,3    Ln Like  Est Ln P(D)
44000:    1.00    0.060    0.149 0.014 0.256    0.024 0.063 0.043   -981891    0 
44100:    1.00    0.083    0.148 0.014 0.249    0.024 0.063 0.043   -982440    0 
44200:    1.00    0.085    0.149 0.014 0.251    0.024 0.063 0.042   -981680    0 
44300:    1.00    0.075    0.150 0.014 0.251    0.024 0.063 0.043   -982196    0 
44400:    1.00    0.073    0.151 0.014 0.253    0.025 0.063 0.043   -981771    0 
44500:    1.00    0.053    0.152 0.014 0.252    0.025 0.063 0.042   -982007    0 
44600:    1.00    0.043    0.155 0.014 0.248    0.025 0.063 0.042   -982050    0 
44700:    1.00    0.064    0.151 0.014 0.248    0.024 0.063 0.042   -982232    0 
44800:    1.00    0.060    0.151 0.014 0.247    0.024 0.062 0.042   -982384    0 
44900:    1.00    0.085    0.150 0.014 0.244    0.024 0.062 0.041   -982354    0 

--------------------------------------------
Proportion of membership of each pre-defined
 population in each of the 3 clusters

Given    Inferred Clusters       Number of
 Pop       1      2      3      Individuals

  1:     0.217  0.674  0.109       23
--------------------------------------------

 Rep#:   Lambda   Alpha      F1    F2    F3     D1,2  D1,3  D2,3    Ln Like  Est Ln P(D)
45000:    1.00    0.087    0.151 0.014 0.247    0.024 0.062 0.042   -981873    0 
45100:    1.00    0.084    0.151 0.014 0.250    0.024 0.062 0.042   -982106    0 
45200:    1.00    0.076    0.152 0.014 0.251    0.024 0.064 0.043   -981613    0 
45300:    1.00    0.073    0.150 0.014 0.253    0.024 0.063 0.042   -981785    0 
45400:    1.00    0.091    0.150 0.014 0.257    0.025 0.064 0.044   -981866    0 
45500:    1.00    0.093    0.149 0.014 0.260    0.024 0.064 0.044   -981831    0 
45600:    1.00    0.063    0.147 0.014 0.260    0.024 0.065 0.044   -981708    0 
45700:    1.00    0.085    0.149 0.014 0.257    0.024 0.064 0.043   -982003    0 
45800:    1.00    0.096    0.149 0.014 0.252    0.024 0.064 0.043   -981871    0 
45900:    1.00    0.089    0.147 0.014 0.252    0.024 0.063 0.042   -982334    0 

--------------------------------------------
Proportion of membership of each pre-defined
 population in each of the 3 clusters

Given    Inferred Clusters       Number of
 Pop       1      2      3      Individuals

  1:     0.217  0.675  0.108       23
--------------------------------------------

 Rep#:   Lambda   Alpha      F1    F2    F3     D1,2  D1,3  D2,3    Ln Like  Est Ln P(D)
46000:    1.00    0.095    0.150 0.014 0.254    0.024 0.063 0.043   -981973    0 
46100:    1.00    0.118    0.149 0.014 0.252    0.024 0.063 0.043   -981815    0 
46200:    1.00    0.047    0.150 0.014 0.254    0.024 0.064 0.044   -981717    0 
46300:    1.00    0.088    0.150 0.014 0.255    0.024 0.064 0.043   -981612    0 
46400:    1.00    0.051    0.151 0.014 0.254    0.024 0.064 0.043   -982300    0 
46500:    1.00    0.083    0.152 0.013 0.255    0.025 0.064 0.043   -982319    0 
46600:    1.00    0.072    0.152 0.013 0.256    0.025 0.064 0.043   -981813    0 
46700:    1.00    0.133    0.152 0.013 0.251    0.025 0.063 0.043   -982148    0 
46800:    1.00    0.205    0.153 0.013 0.249    0.025 0.063 0.042   -981765    0 
46900:    1.00    0.093    0.152 0.013 0.249    0.025 0.063 0.042   -981811    0 

--------------------------------------------
Proportion of membership of each pre-defined
 population in each of the 3 clusters

Given    Inferred Clusters       Number of
 Pop       1      2      3      Individuals

  1:     0.218  0.674  0.108       23
--------------------------------------------

 Rep#:   Lambda   Alpha      F1    F2    F3     D1,2  D1,3  D2,3    Ln Like  Est Ln P(D)
47000:    1.00    0.097    0.151 0.013 0.250    0.025 0.063 0.042   -982275    0 
47100:    1.00    0.083    0.151 0.013 0.249    0.024 0.063 0.042   -982199    0 
47200:    1.00    0.103    0.150 0.013 0.246    0.024 0.063 0.042   -982415    0 
47300:    1.00    0.089    0.148 0.013 0.247    0.024 0.063 0.042   -982373    0 
47400:    1.00    0.056    0.149 0.014 0.244    0.024 0.062 0.041   -981757    0 
47500:    1.00    0.042    0.149 0.014 0.247    0.024 0.061 0.041   -981733    0 
47600:    1.00    0.069    0.150 0.014 0.247    0.024 0.062 0.042   -982157    0 
47700:    1.00    0.064    0.150 0.014 0.247    0.024 0.062 0.041   -982255    0 
47800:    1.00    0.072    0.150 0.014 0.249    0.024 0.063 0.042   -981922    0 
47900:    1.00    0.083    0.148 0.013 0.249    0.024 0.063 0.042   -982460    0 

--------------------------------------------
Proportion of membership of each pre-defined
 population in each of the 3 clusters

Given    Inferred Clusters       Number of
 Pop       1      2      3      Individuals

  1:     0.224  0.666  0.110       23
--------------------------------------------

 Rep#:   Lambda   Alpha      F1    F2    F3     D1,2  D1,3  D2,3    Ln Like  Est Ln P(D)
48000:    1.00    0.085    0.144 0.013 0.245    0.024 0.061 0.042   -982655    0 
48100:    1.00    0.078    0.142 0.013 0.247    0.023 0.062 0.042   -982418    0 
48200:    1.00    0.088    0.141 0.013 0.248    0.023 0.062 0.042   -982414    0 
48300:    1.00    0.098    0.141 0.013 0.250    0.023 0.062 0.042   -981859    0 
48400:    1.00    0.111    0.141 0.013 0.250    0.023 0.062 0.043   -981884    0 
48500:    1.00    0.066    0.143 0.013 0.249    0.023 0.062 0.043   -982051    0 
48600:    1.00    0.046    0.142 0.013 0.249    0.023 0.062 0.042   -982535    0 
48700:    1.00    0.058    0.143 0.013 0.249    0.023 0.062 0.042   -982379    0 
48800:    1.00    0.092    0.144 0.013 0.247    0.023 0.061 0.042   -982636    0 
48900:    1.00    0.085    0.144 0.013 0.252    0.024 0.063 0.042   -982151    0 

--------------------------------------------
Proportion of membership of each pre-defined
 population in each of the 3 clusters

Given    Inferred Clusters       Number of
 Pop       1      2      3      Individuals

  1:     0.227  0.666  0.107       23
--------------------------------------------

 Rep#:   Lambda   Alpha      F1    F2    F3     D1,2  D1,3  D2,3    Ln Like  Est Ln P(D)
49000:    1.00    0.076    0.144 0.013 0.251    0.023 0.062 0.043   -982535    0 
49100:    1.00    0.106    0.144 0.013 0.251    0.023 0.062 0.043   -981915    0 
49200:    1.00    0.094    0.145 0.013 0.251    0.024 0.062 0.042   -982030    0 
49300:    1.00    0.068    0.146 0.013 0.249    0.024 0.062 0.042   -981481    0 
49400:    1.00    0.090    0.147 0.013 0.250    0.024 0.062 0.042   -982062    0 
49500:    1.00    0.091    0.146 0.013 0.249    0.024 0.062 0.042   -981967    0 
49600:    1.00    0.088    0.145 0.013 0.248    0.024 0.062 0.042   -982178    0 
49700:    1.00    0.119    0.146 0.013 0.251    0.024 0.063 0.043   -981672    0 
49800:    1.00    0.113    0.144 0.013 0.249    0.023 0.062 0.042   -981988    0 
49900:    1.00    0.081    0.144 0.013 0.248    0.024 0.062 0.042   -982104    0 

--------------------------------------------
Proportion of membership of each pre-defined
 population in each of the 3 clusters

Given    Inferred Clusters       Number of
 Pop       1      2      3      Individuals

  1:     0.224  0.668  0.108       23
--------------------------------------------

 Rep#:   Lambda   Alpha      F1    F2    F3     D1,2  D1,3  D2,3    Ln Like  Est Ln P(D)
50000:    1.00    0.051    0.143 0.013 0.249    0.023 0.062 0.042   -981985    0 
50100:    1.00    0.072    0.143 0.013 0.249    0.024 0.062 0.042   -982033    0 
50200:    1.00    0.093    0.143 0.013 0.252    0.023 0.062 0.043   -982188    0 
50300:    1.00    0.089    0.143 0.013 0.254    0.024 0.063 0.043   -982216    0 
50400:    1.00    0.094    0.141 0.013 0.255    0.023 0.062 0.043   -982024    0 
50500:    1.00    0.097    0.141 0.013 0.252    0.023 0.062 0.043   -982500    0 
50600:    1.00    0.075    0.141 0.013 0.251    0.023 0.061 0.043   -982445    0 
50700:    1.00    0.090    0.141 0.013 0.246    0.023 0.061 0.042   -982070    0 
50800:    1.00    0.064    0.144 0.013 0.242    0.023 0.061 0.041   -982270    0 
50900:    1.00    0.101    0.144 0.013 0.246    0.023 0.062 0.042   -982396    0 

--------------------------------------------
Proportion of membership of each pre-defined
 population in each of the 3 clusters

Given    Inferred Clusters       Number of
 Pop       1      2      3      Individuals

  1:     0.220  0.672  0.109       23
--------------------------------------------

 Rep#:   Lambda   Alpha      F1    F2    F3     D1,2  D1,3  D2,3    Ln Like  Est Ln P(D)
51000:    1.00    0.086    0.145 0.013 0.246    0.023 0.061 0.041   -982132    0 
51100:    1.00    0.064    0.146 0.013 0.249    0.024 0.062 0.042   -981490    0 
51200:    1.00    0.073    0.146 0.013 0.249    0.024 0.062 0.042   -982004    0 
51300:    1.00    0.093    0.145 0.013 0.251    0.024 0.063 0.042   -981413    0 
51400:    1.00    0.089    0.146 0.014 0.253    0.024 0.063 0.043   -981390    0 
51500:    1.00    0.083    0.146 0.013 0.253    0.024 0.063 0.043   -981696    0 
51600:    1.00    0.078    0.146 0.013 0.252    0.024 0.063 0.043   -982138    0 
51700:    1.00    0.081    0.146 0.013 0.252    0.024 0.063 0.043   -982190    0 
51800:    1.00    0.076    0.149 0.013 0.252    0.024 0.063 0.042   -981821    0 
51900:    1.00    0.049    0.149 0.013 0.253    0.024 0.063 0.043   -981630    0 

--------------------------------------------
Proportion of membership of each pre-defined
 population in each of the 3 clusters

Given    Inferred Clusters       Number of
 Pop       1      2      3      Individuals

  1:     0.222  0.672  0.106       23
--------------------------------------------

 Rep#:   Lambda   Alpha      F1    F2    F3     D1,2  D1,3  D2,3    Ln Like  Est Ln P(D)
52000:    1.00    0.045    0.145 0.013 0.254    0.023 0.063 0.043   -981813    0 
52100:    1.00    0.082    0.147 0.013 0.252    0.023 0.063 0.043   -981746    0 
52200:    1.00    0.051    0.143 0.014 0.248    0.023 0.062 0.043   -981801    0 
52300:    1.00    0.064    0.143 0.014 0.252    0.023 0.062 0.042   -982470    0 
52400:    1.00    0.100    0.145 0.014 0.251    0.024 0.062 0.042   -982271    0 
52500:    1.00    0.090    0.145 0.014 0.248    0.023 0.061 0.042   -982197    0 
52600:    1.00    0.061    0.144 0.014 0.248    0.023 0.061 0.042   -982205    0 
52700:    1.00    0.075    0.144 0.014 0.248    0.024 0.061 0.042   -982040    0 
52800:    1.00    0.091    0.144 0.014 0.250    0.024 0.062 0.042   -982004    0 
52900:    1.00    0.090    0.145 0.014 0.246    0.024 0.062 0.042   -982001    0 

--------------------------------------------
Proportion of membership of each pre-defined
 population in each of the 3 clusters

Given    Inferred Clusters       Number of
 Pop       1      2      3      Individuals

  1:     0.220  0.671  0.109       23
--------------------------------------------

 Rep#:   Lambda   Alpha      F1    F2    F3     D1,2  D1,3  D2,3    Ln Like  Est Ln P(D)
53000:    1.00    0.082    0.144 0.014 0.247    0.023 0.061 0.042   -982070    0 
53100:    1.00    0.098    0.147 0.013 0.251    0.024 0.062 0.042   -982336    0 
53200:    1.00    0.129    0.144 0.013 0.250    0.024 0.062 0.042   -982508    0 
53300:    1.00    0.065    0.143 0.013 0.246    0.024 0.062 0.042   -981763    0 
53400:    1.00    0.088    0.145 0.013 0.246    0.024 0.061 0.042   -981907    0 
53500:    1.00    0.058    0.145 0.013 0.248    0.023 0.061 0.042   -981688    0 
53600:    1.00    0.066    0.143 0.013 0.253    0.023 0.063 0.043   -982222    0 
53700:    1.00    0.042    0.144 0.013 0.252    0.023 0.062 0.042   -981896    0 
53800:    1.00    0.046    0.144 0.013 0.252    0.023 0.062 0.042   -982145    0 
53900:    1.00    0.060    0.144 0.013 0.253    0.023 0.062 0.043   -982318    0 

--------------------------------------------
Proportion of membership of each pre-defined
 population in each of the 3 clusters

Given    Inferred Clusters       Number of
 Pop       1      2      3      Individuals

  1:     0.218  0.675  0.108       23
--------------------------------------------

 Rep#:   Lambda   Alpha      F1    F2    F3     D1,2  D1,3  D2,3    Ln Like  Est Ln P(D)
54000:    1.00    0.062    0.144 0.013 0.250    0.023 0.062 0.043   -981502    0 
54100:    1.00    0.094    0.141 0.013 0.249    0.023 0.062 0.042   -981940    0 
54200:    1.00    0.076    0.141 0.013 0.252    0.023 0.062 0.042   -981919    0 
54300:    1.00    0.090    0.141 0.013 0.251    0.023 0.062 0.042   -982089    0 
54400:    1.00    0.099    0.144 0.013 0.251    0.023 0.062 0.042   -981801    0 
54500:    1.00    0.082    0.144 0.013 0.251    0.023 0.062 0.043   -982375    0 
54600:    1.00    0.080    0.144 0.013 0.252    0.023 0.062 0.043   -981717    0 
54700:    1.00    0.083    0.142 0.013 0.253    0.023 0.062 0.043   -981776    0 
54800:    1.00    0.059    0.142 0.013 0.250    0.023 0.062 0.043   -981917    0 
54900:    1.00    0.109    0.143 0.013 0.254    0.023 0.062 0.043   -982181    0 

--------------------------------------------
Proportion of membership of each pre-defined
 population in each of the 3 clusters

Given    Inferred Clusters       Number of
 Pop       1      2      3      Individuals

  1:     0.221  0.670  0.109       23
--------------------------------------------

 Rep#:   Lambda   Alpha      F1    F2    F3     D1,2  D1,3  D2,3    Ln Like  Est Ln P(D)
55000:    1.00    0.089    0.145 0.013 0.253    0.024 0.063 0.043   -981933    0 
55100:    1.00    0.060    0.144 0.013 0.254    0.024 0.062 0.043   -981993    0 
55200:    1.00    0.054    0.145 0.013 0.252    0.024 0.062 0.042   -982008    0 
55300:    1.00    0.102    0.144 0.013 0.252    0.023 0.063 0.043   -982207    0 
55400:    1.00    0.119    0.142 0.013 0.253    0.023 0.062 0.043   -981931    0 
55500:    1.00    0.084    0.142 0.013 0.249    0.023 0.062 0.042   -981671    0 
55600:    1.00    0.115    0.143 0.013 0.249    0.023 0.061 0.042   -981725    0 
55700:    1.00    0.127    0.143 0.013 0.249    0.023 0.062 0.042   -982060    0 
55800:    1.00    0.072    0.145 0.013 0.249    0.023 0.062 0.042   -981964    0 
55900:    1.00    0.070    0.146 0.013 0.246    0.024 0.062 0.042   -982123    0 

--------------------------------------------
Proportion of membership of each pre-defined
 population in each of the 3 clusters

Given    Inferred Clusters       Number of
 Pop       1      2      3      Individuals

  1:     0.220  0.672  0.108       23
--------------------------------------------

 Rep#:   Lambda   Alpha      F1    F2    F3     D1,2  D1,3  D2,3    Ln Like  Est Ln P(D)
56000:    1.00    0.066    0.146 0.013 0.247    0.024 0.062 0.042   -981787    0 
56100:    1.00    0.143    0.146 0.013 0.253    0.024 0.063 0.043   -981818    0 
56200:    1.00    0.053    0.146 0.013 0.253    0.024 0.063 0.043   -981605    0 
56300:    1.00    0.069    0.148 0.013 0.249    0.024 0.062 0.042   -982330    0 
56400:    1.00    0.084    0.147 0.013 0.250    0.024 0.062 0.042   -982266    0 
56500:    1.00    0.073    0.148 0.013 0.250    0.023 0.062 0.042   -981756    0 
56600:    1.00    0.076    0.148 0.013 0.249    0.024 0.063 0.042   -982451    0 
56700:    1.00    0.066    0.147 0.013 0.250    0.024 0.062 0.042   -981967    0 
56800:    1.00    0.064    0.147 0.013 0.248    0.024 0.062 0.042   -982157    0 
56900:    1.00    0.086    0.146 0.013 0.247    0.024 0.062 0.042   -982136    0 

--------------------------------------------
Proportion of membership of each pre-defined
 population in each of the 3 clusters

Given    Inferred Clusters       Number of
 Pop       1      2      3      Individuals

  1:     0.219  0.672  0.109       23
--------------------------------------------

 Rep#:   Lambda   Alpha      F1    F2    F3     D1,2  D1,3  D2,3    Ln Like  Est Ln P(D)
57000:    1.00    0.112    0.148 0.013 0.247    0.024 0.063 0.042   -982697    0 
57100:    1.00    0.084    0.147 0.013 0.246    0.024 0.062 0.042   -982715    0 
57200:    1.00    0.075    0.146 0.013 0.249    0.024 0.063 0.042   -981943    0 
57300:    1.00    0.057    0.147 0.013 0.249    0.024 0.063 0.042   -982036    0 
57400:    1.00    0.082    0.148 0.013 0.249    0.024 0.063 0.042   -982117    0 
57500:    1.00    0.071    0.150 0.013 0.252    0.024 0.063 0.043   -981873    0 
57600:    1.00    0.082    0.150 0.013 0.252    0.024 0.063 0.042   -982393    0 
57700:    1.00    0.082    0.149 0.013 0.251    0.024 0.063 0.042   -981972    0 
57800:    1.00    0.136    0.148 0.013 0.252    0.024 0.063 0.043   -982324    0 
57900:    1.00    0.056    0.149 0.013 0.252    0.024 0.062 0.043   -982076    0 

--------------------------------------------
Proportion of membership of each pre-defined
 population in each of the 3 clusters

Given    Inferred Clusters       Number of
 Pop       1      2      3      Individuals

  1:     0.216  0.677  0.107       23
--------------------------------------------

 Rep#:   Lambda   Alpha      F1    F2    F3     D1,2  D1,3  D2,3    Ln Like  Est Ln P(D)
58000:    1.00    0.085    0.147 0.013 0.252    0.024 0.063 0.043   -981988    0 
58100:    1.00    0.073    0.147 0.013 0.244    0.023 0.061 0.041   -982421    0 
58200:    1.00    0.087    0.147 0.013 0.247    0.024 0.062 0.042   -981984    0 
58300:    1.00    0.066    0.147 0.013 0.250    0.023 0.062 0.042   -981796    0 
58400:    1.00    0.088    0.146 0.013 0.250    0.024 0.062 0.042   -982182    0 
58500:    1.00    0.050    0.147 0.013 0.248    0.024 0.062 0.042   -981804    0 
58600:    1.00    0.069    0.147 0.013 0.249    0.024 0.062 0.042   -982075    0 
58700:    1.00    0.069    0.147 0.013 0.245    0.024 0.062 0.041   -982690    0 
58800:    1.00    0.051    0.146 0.013 0.246    0.024 0.062 0.042   -982916    0 
58900:    1.00    0.084    0.147 0.013 0.250    0.024 0.062 0.042   -982282    0 

--------------------------------------------
Proportion of membership of each pre-defined
 population in each of the 3 clusters

Given    Inferred Clusters       Number of
 Pop       1      2      3      Individuals

  1:     0.220  0.672  0.108       23
--------------------------------------------

 Rep#:   Lambda   Alpha      F1    F2    F3     D1,2  D1,3  D2,3    Ln Like  Est Ln P(D)
59000:    1.00    0.051    0.147 0.013 0.252    0.024 0.062 0.042   -981704    0 
59100:    1.00    0.033    0.144 0.013 0.252    0.023 0.062 0.042   -981769    0 
59200:    1.00    0.073    0.144 0.013 0.252    0.023 0.062 0.043   -982020    0 
59300:    1.00    0.066    0.145 0.013 0.248    0.023 0.061 0.042   -982029    0 
59400:    1.00    0.055    0.145 0.013 0.245    0.024 0.062 0.041   -981900    0 
59500:    1.00    0.103    0.144 0.013 0.245    0.023 0.061 0.042   -981790    0 
59600:    1.00    0.038    0.147 0.013 0.245    0.024 0.062 0.041   -981625    0 
59700:    1.00    0.100    0.147 0.013 0.245    0.024 0.061 0.041   -981856    0 
59800:    1.00    0.067    0.145 0.013 0.246    0.023 0.062 0.042   -982082    0 
59900:    1.00    0.064    0.148 0.013 0.250    0.024 0.062 0.042   -981711    0 
60000:    1.00    0.089    0.147 0.013 0.250    0.024 0.062 0.042   -981379    0 

MCMC completed

Inferred ancestry of individuals:
        Label (%Miss) Pop:  Inferred clusters
  1 18160D-09-0    (2)    1 :  0.077 0.923 0.000 
  2 18160D-09-0    (4)    1 :  0.086 0.914 0.000 
  3 18160D-09-0    (2)    1 :  0.708 0.292 0.000 
  4 18160D-09-0    (5)    1 :  0.999 0.001 0.000 
  5 18160D-09-0    (4)    1 :  0.861 0.139 0.000 
  6 18160D-09-0    (4)    1 :  0.902 0.098 0.000 
  7 18160D-09-0    (2)    1 :  0.973 0.027 0.000 
  8 18160D-09-0    (4)    1 :  0.053 0.947 0.000 
  9 18160D-09-0    (2)    1 :  0.000 0.825 0.175 
 10 18160D-09-1    (2)    1 :  0.000 0.000 1.000 
 11 18160D-09-1    (2)    1 :  0.000 0.683 0.316 
 12 18160D-09-1    (2)    1 :  0.000 0.812 0.188 
 13 18160D-09-1    (5)    1 :  0.097 0.903 0.000 
 14 18160D-09-1   (18)    1 :  0.091 0.909 0.000 
 15 18160D-09-1    (4)    1 :  0.003 0.997 0.000 
 16 18160D-09-1    (2)    1 :  0.019 0.127 0.853 
 17 18160D-09-1    (2)    1 :  0.070 0.930 0.000 
 18 18160D-09-1    (2)    1 :  0.000 1.000 0.000 
 19 18160D-09-1    (2)    1 :  0.018 0.982 0.000 
 20 18160D-09-2    (5)    1 :  0.001 0.999 0.000 
 21 18160D-09-2    (5)    1 :  0.076 0.924 0.000 
 22 18160D-09-2    (5)    1 :  0.000 1.000 0.000 
 23 18160D-09-2    (2)    1 :  0.014 0.986 0.000 

Command line arguments:   structure -D 178173 -K 3 -m mainparams -o k3/populations_k3_run3 
Input File:    populations.str
Output File:   k3/populations_k3_run3_f

Run parameters:
   23 individuals
   50160 loci
   3 populations assumed
   10000 Burn-in period
   50000 Reps
RANDOMIZE turned off

--------------------------------------------
Estimated Ln Prob of Data   = -1362114.0
Mean value of ln likelihood = -982112.6
Variance of ln likelihood   = 760002.9
Mean value of alpha         = 0.0821

Mean value of Fst_1         = 0.1486
Mean value of Fst_2         = 0.0148
Mean value of Fst_3         = 0.2444


--------------------------------------------
Proportion of membership of each pre-defined
 population in each of the 3 clusters

Given    Inferred Clusters       Number of
 Pop       1      2      3      Individuals

  1:     0.219  0.670  0.110       23
--------------------------------------------
Final results printed to file k3/populations_k3_run3_f

