

----------------------------------------------------
STRUCTURE by Pritchard, Stephens and Donnelly (2000)
     and Falush, Stephens and Pritchard (2003)
       Code by Pritchard, Falush and Hubisz
             Version 2.3.4 (Jul 2012)
----------------------------------------------------


Reading file "mainparams".
datafile is
populations.str
Reading file "extraparams".
Reading file "populations.str".


Data file "populations.str" (truncated) --

Ind:   Label Pop : Genotype_data . . . .
  1: 18160D-09-0    1  :  4   1   3   1   4   1   3  . . . .   2
  1: 18160D-09-0    1  :  4   1   3   1   4   4   4  . . . .   4
  2: 18160D-09-0    1  :  4   1   3   1   4   1   3  . . . .   2
  2: 18160D-09-0    1  :  4   1   3   1   4   4   3  . . . .   4
  3: 18160D-09-0    1  :  4   1   0   0   0   0   3  . . . .   2
  3: 18160D-09-0    1  :  4   3   0   0   0   0   3  . . . .   4
  4: 18160D-09-0    1  :  4   1   3   1   4   1   3  . . . .   2
  4: 18160D-09-0    1  :  4   3   3   1   4   1   3  . . . .   4

      *******   

 22: 18160D-09-2    1  :  4   1   3   1   4   1   3  . . . .   2
 22: 18160D-09-2    1  :  4   3   3   1   4   1   4  . . . .   4
 23: 18160D-09-2    1  :  4   1   3   1   4   1   3  . . . .   2
 23: 18160D-09-2    1  :  4   1   3   1   4   4   4  . . . .   4

Number of alleles per locus: min= 2; ave=2.0; max= 2


--------------------------------------

Finished initialization; starting MCMC 
50000 iterations + 10000 burnin


--------------------------------------------
Proportion of membership of each pre-defined
 population in each of the 3 clusters

Given    Inferred Clusters       Number of
 Pop       1      2      3      Individuals

  1:     0.321  0.350  0.328       23
--------------------------------------------

 Rep#:   Lambda   Alpha      F1    F2    F3     D1,2  D1,3  D2,3    Ln Like 
  100:    1.00    1.613    0.010 0.010 0.010    0.003 0.003 0.003   --  
  200:    1.00    2.283    0.010 0.010 0.010    0.003 0.003 0.003   --  
  300:    1.00    2.455    0.010 0.010 0.010    0.003 0.003 0.003   --  
  400:    1.00    2.446    0.010 0.010 0.010    0.003 0.003 0.003   --  
  500:    1.00    2.172    0.010 0.010 0.010    0.003 0.003 0.003   --  
  600:    1.00    2.154    0.010 0.010 0.010    0.003 0.003 0.003   --  
  700:    1.00    2.018    0.010 0.010 0.010    0.003 0.003 0.003   --  
  800:    1.00    1.990    0.010 0.010 0.010    0.003 0.003 0.003   --  
  900:    1.00    1.627    0.010 0.010 0.010    0.003 0.003 0.003   --  

--------------------------------------------
Proportion of membership of each pre-defined
 population in each of the 3 clusters

Given    Inferred Clusters       Number of
 Pop       1      2      3      Individuals

  1:     0.414  0.347  0.240       23
--------------------------------------------

 Rep#:   Lambda   Alpha      F1    F2    F3     D1,2  D1,3  D2,3    Ln Like 
 1000:    1.00    1.393    0.010 0.011 0.010    0.003 0.003 0.003   --  
 1100:    1.00    1.039    0.010 0.011 0.010    0.003 0.003 0.003   --  
 1200:    1.00    0.694    0.010 0.012 0.010    0.003 0.003 0.003   --  
 1300:    1.00    0.386    0.010 0.012 0.010    0.004 0.003 0.004   --  
 1400:    1.00    0.359    0.010 0.013 0.010    0.004 0.003 0.004   --  
 1500:    1.00    0.302    0.010 0.014 0.010    0.004 0.003 0.004   --  
 1600:    1.00    0.213    0.010 0.015 0.010    0.004 0.003 0.004   --  
 1700:    1.00    0.196    0.010 0.015 0.010    0.004 0.003 0.004   --  
 1800:    1.00    0.202    0.010 0.017 0.010    0.004 0.003 0.004   --  
 1900:    1.00    0.092    0.010 0.019 0.010    0.005 0.003 0.005   --  

--------------------------------------------
Proportion of membership of each pre-defined
 population in each of the 3 clusters

Given    Inferred Clusters       Number of
 Pop       1      2      3      Individuals

  1:     0.483  0.260  0.257       23
--------------------------------------------

 Rep#:   Lambda   Alpha      F1    F2    F3     D1,2  D1,3  D2,3    Ln Like 
 2000:    1.00    0.063    0.010 0.024 0.010    0.005 0.003 0.005   --  
 2100:    1.00    0.080    0.010 0.028 0.010    0.006 0.003 0.006   --  
 2200:    1.00    0.049    0.010 0.040 0.010    0.008 0.003 0.008   --  
 2300:    1.00    0.086    0.010 0.069 0.010    0.013 0.003 0.013   --  
 2400:    1.00    0.082    0.010 0.085 0.011    0.015 0.003 0.015   --  
 2500:    1.00    0.079    0.010 0.099 0.011    0.017 0.003 0.017   --  
 2600:    1.00    0.067    0.010 0.107 0.011    0.018 0.003 0.018   --  
 2700:    1.00    0.070    0.010 0.107 0.011    0.018 0.003 0.018   --  
 2800:    1.00    0.059    0.010 0.117 0.011    0.019 0.003 0.019   --  
 2900:    1.00    0.037    0.010 0.122 0.011    0.020 0.003 0.020   --  

--------------------------------------------
Proportion of membership of each pre-defined
 population in each of the 3 clusters

Given    Inferred Clusters       Number of
 Pop       1      2      3      Individuals

  1:     0.568  0.233  0.199       23
--------------------------------------------

 Rep#:   Lambda   Alpha      F1    F2    F3     D1,2  D1,3  D2,3    Ln Like 
 3000:    1.00    0.039    0.010 0.124 0.011    0.020 0.003 0.021   --  
 3100:    1.00    0.091    0.010 0.129 0.011    0.021 0.003 0.022   --  
 3200:    1.00    0.089    0.010 0.133 0.012    0.021 0.003 0.022   --  
 3300:    1.00    0.060    0.010 0.134 0.012    0.022 0.003 0.022   --  
 3400:    1.00    0.072    0.010 0.133 0.012    0.022 0.004 0.022   --  
 3500:    1.00    0.055    0.010 0.134 0.012    0.022 0.004 0.022   --  
 3600:    1.00    0.082    0.010 0.134 0.012    0.022 0.004 0.022   --  
 3700:    1.00    0.063    0.011 0.134 0.012    0.022 0.004 0.022   --  
 3800:    1.00    0.109    0.011 0.133 0.012    0.022 0.004 0.022   --  
 3900:    1.00    0.115    0.011 0.134 0.013    0.022 0.004 0.023   --  

--------------------------------------------
Proportion of membership of each pre-defined
 population in each of the 3 clusters

Given    Inferred Clusters       Number of
 Pop       1      2      3      Individuals

  1:     0.524  0.237  0.238       23
--------------------------------------------

 Rep#:   Lambda   Alpha      F1    F2    F3     D1,2  D1,3  D2,3    Ln Like 
 4000:    1.00    0.090    0.011 0.138 0.013    0.022 0.004 0.023   --  
 4100:    1.00    0.126    0.011 0.138 0.014    0.022 0.004 0.023   --  
 4200:    1.00    0.105    0.011 0.138 0.015    0.022 0.004 0.023   --  
 4300:    1.00    0.092    0.011 0.138 0.015    0.022 0.004 0.023   --  
 4400:    1.00    0.101    0.011 0.141 0.015    0.023 0.004 0.024   --  
 4500:    1.00    0.058    0.011 0.141 0.015    0.023 0.004 0.024   --  
 4600:    1.00    0.055    0.011 0.145 0.015    0.023 0.004 0.024   --  
 4700:    1.00    0.089    0.011 0.144 0.015    0.023 0.004 0.024   --  
 4800:    1.00    0.053    0.011 0.144 0.015    0.023 0.004 0.024   --  
 4900:    1.00    0.033    0.011 0.145 0.015    0.023 0.004 0.024   --  

--------------------------------------------
Proportion of membership of each pre-defined
 population in each of the 3 clusters

Given    Inferred Clusters       Number of
 Pop       1      2      3      Individuals

  1:     0.516  0.223  0.262       23
--------------------------------------------

 Rep#:   Lambda   Alpha      F1    F2    F3     D1,2  D1,3  D2,3    Ln Like 
 5000:    1.00    0.077    0.011 0.147 0.016    0.023 0.004 0.025   --  
 5100:    1.00    0.062    0.011 0.147 0.016    0.024 0.004 0.025   --  
 5200:    1.00    0.046    0.011 0.147 0.016    0.024 0.004 0.025   --  
 5300:    1.00    0.057    0.011 0.146 0.017    0.023 0.004 0.025   --  
 5400:    1.00    0.053    0.011 0.146 0.017    0.023 0.004 0.025   --  
 5500:    1.00    0.053    0.011 0.146 0.017    0.023 0.004 0.025   --  
 5600:    1.00    0.077    0.011 0.146 0.018    0.024 0.005 0.025   --  
 5700:    1.00    0.062    0.011 0.148 0.018    0.024 0.005 0.025   --  
 5800:    1.00    0.051    0.011 0.150 0.018    0.024 0.005 0.026   --  
 5900:    1.00    0.049    0.011 0.146 0.018    0.024 0.005 0.025   --  

--------------------------------------------
Proportion of membership of each pre-defined
 population in each of the 3 clusters

Given    Inferred Clusters       Number of
 Pop       1      2      3      Individuals

  1:     0.525  0.214  0.261       23
--------------------------------------------

 Rep#:   Lambda   Alpha      F1    F2    F3     D1,2  D1,3  D2,3    Ln Like 
 6000:    1.00    0.050    0.011 0.145 0.019    0.024 0.005 0.025   --  
 6100:    1.00    0.085    0.011 0.144 0.020    0.023 0.005 0.025   --  
 6200:    1.00    0.086    0.012 0.145 0.020    0.023 0.005 0.025   --  
 6300:    1.00    0.041    0.012 0.147 0.020    0.024 0.005 0.026   --  
 6400:    1.00    0.073    0.012 0.147 0.020    0.024 0.005 0.026   --  
 6500:    1.00    0.058    0.012 0.151 0.020    0.025 0.005 0.026   --  
 6600:    1.00    0.047    0.012 0.151 0.020    0.024 0.005 0.026   --  
 6700:    1.00    0.050    0.012 0.153 0.020    0.025 0.005 0.026   --  
 6800:    1.00    0.062    0.013 0.152 0.020    0.025 0.005 0.027   --  
 6900:    1.00    0.065    0.013 0.154 0.022    0.025 0.006 0.027   --  

--------------------------------------------
Proportion of membership of each pre-defined
 population in each of the 3 clusters

Given    Inferred Clusters       Number of
 Pop       1      2      3      Individuals

  1:     0.530  0.212  0.258       23
--------------------------------------------

 Rep#:   Lambda   Alpha      F1    F2    F3     D1,2  D1,3  D2,3    Ln Like 
 7000:    1.00    0.049    0.013 0.153 0.022    0.025 0.005 0.026   --  
 7100:    1.00    0.054    0.013 0.154 0.022    0.025 0.005 0.027   --  
 7200:    1.00    0.056    0.013 0.154 0.023    0.025 0.006 0.027   --  
 7300:    1.00    0.060    0.013 0.155 0.023    0.025 0.006 0.027   --  
 7400:    1.00    0.063    0.013 0.156 0.024    0.025 0.006 0.027   --  
 7500:    1.00    0.057    0.013 0.156 0.025    0.025 0.006 0.028   --  
 7600:    1.00    0.053    0.013 0.156 0.026    0.025 0.006 0.028   --  
 7700:    1.00    0.055    0.014 0.155 0.026    0.025 0.006 0.028   --  
 7800:    1.00    0.063    0.014 0.156 0.026    0.025 0.006 0.028   --  
 7900:    1.00    0.074    0.014 0.155 0.026    0.025 0.006 0.027   --  

--------------------------------------------
Proportion of membership of each pre-defined
 population in each of the 3 clusters

Given    Inferred Clusters       Number of
 Pop       1      2      3      Individuals

  1:     0.543  0.214  0.242       23
--------------------------------------------

 Rep#:   Lambda   Alpha      F1    F2    F3     D1,2  D1,3  D2,3    Ln Like 
 8000:    1.00    0.074    0.014 0.155 0.026    0.025 0.006 0.028   --  
 8100:    1.00    0.080    0.014 0.153 0.026    0.025 0.006 0.028   --  
 8200:    1.00    0.063    0.014 0.153 0.029    0.025 0.007 0.028   --  
 8300:    1.00    0.053    0.014 0.154 0.029    0.025 0.007 0.028   --  
 8400:    1.00    0.047    0.014 0.154 0.031    0.025 0.007 0.028   --  
 8500:    1.00    0.062    0.014 0.157 0.033    0.026 0.008 0.029   --  
 8600:    1.00    0.045    0.014 0.157 0.037    0.025 0.008 0.029   --  
 8700:    1.00    0.061    0.014 0.158 0.038    0.025 0.008 0.030   --  
 8800:    1.00    0.049    0.014 0.157 0.040    0.026 0.009 0.031   --  
 8900:    1.00    0.078    0.014 0.157 0.040    0.025 0.009 0.030   --  

--------------------------------------------
Proportion of membership of each pre-defined
 population in each of the 3 clusters

Given    Inferred Clusters       Number of
 Pop       1      2      3      Individuals

  1:     0.579  0.209  0.211       23
--------------------------------------------

 Rep#:   Lambda   Alpha      F1    F2    F3     D1,2  D1,3  D2,3    Ln Like 
 9000:    1.00    0.070    0.014 0.157 0.042    0.025 0.009 0.030   --  
 9100:    1.00    0.059    0.014 0.157 0.043    0.025 0.009 0.031   --  
 9200:    1.00    0.082    0.014 0.158 0.044    0.025 0.009 0.031   --  
 9300:    1.00    0.083    0.014 0.156 0.046    0.025 0.010 0.031   --  
 9400:    1.00    0.104    0.014 0.154 0.049    0.025 0.010 0.031   --  
 9500:    1.00    0.044    0.014 0.153 0.050    0.025 0.010 0.031   --  
 9600:    1.00    0.041    0.014 0.155 0.050    0.025 0.010 0.032   --  
 9700:    1.00    0.038    0.014 0.153 0.057    0.025 0.012 0.033   --  
 9800:    1.00    0.084    0.014 0.155 0.059    0.025 0.012 0.033   --  
 9900:    1.00    0.061    0.015 0.155 0.068    0.025 0.013 0.035   --  
10000:    1.00    0.110    0.015 0.155 0.074    0.025 0.014 0.036   --  

BURNIN completed
 Rep#:   Lambda   Alpha      F1    F2    F3     D1,2  D1,3  D2,3    Ln Like  Est Ln P(D)
10100:    1.00    0.087    0.015 0.151 0.083    0.024 0.016 0.036   -986868    0 
10200:    1.00    0.083    0.015 0.152 0.087    0.025 0.017 0.037   -987130    0 
10300:    1.00    0.065    0.015 0.149 0.091    0.024 0.017 0.038   -986924    0 
10400:    1.00    0.038    0.015 0.151 0.106    0.025 0.020 0.040   -985993    0 
10500:    1.00    0.041    0.015 0.153 0.122    0.025 0.022 0.043   -985223    0 
10600:    1.00    0.056    0.015 0.152 0.138    0.025 0.025 0.045   -985013    0 
10700:    1.00    0.056    0.015 0.152 0.142    0.025 0.026 0.046   -984916    0 
10800:    1.00    0.066    0.015 0.153 0.163    0.025 0.029 0.049   -983509    0 
10900:    1.00    0.053    0.015 0.152 0.166    0.024 0.030 0.050   -983919    0 

--------------------------------------------
Proportion of membership of each pre-defined
 population in each of the 3 clusters

Given    Inferred Clusters       Number of
 Pop       1      2      3      Individuals

  1:     0.666  0.211  0.123       23
--------------------------------------------

 Rep#:   Lambda   Alpha      F1    F2    F3     D1,2  D1,3  D2,3    Ln Like  Est Ln P(D)
11000:    1.00    0.089    0.015 0.152 0.176    0.025 0.031 0.052   -983510    0 
11100:    1.00    0.076    0.015 0.152 0.188    0.025 0.033 0.053   -982914    0 
11200:    1.00    0.057    0.015 0.153 0.199    0.025 0.034 0.055   -982177    0 
11300:    1.00    0.069    0.015 0.154 0.201    0.025 0.035 0.055   -982245    0 
11400:    1.00    0.050    0.015 0.156 0.202    0.025 0.035 0.055   -981738    0 
11500:    1.00    0.063    0.015 0.154 0.202    0.025 0.035 0.055   -981845    0 
11600:    1.00    0.094    0.015 0.152 0.207    0.025 0.035 0.056   -982261    0 
11700:    1.00    0.083    0.015 0.152 0.206    0.025 0.035 0.056   -982221    0 
11800:    1.00    0.094    0.015 0.153 0.207    0.025 0.035 0.056   -982148    0 
11900:    1.00    0.110    0.015 0.153 0.212    0.025 0.036 0.057   -981856    0 

--------------------------------------------
Proportion of membership of each pre-defined
 population in each of the 3 clusters

Given    Inferred Clusters       Number of
 Pop       1      2      3      Individuals

  1:     0.667  0.217  0.116       23
--------------------------------------------

 Rep#:   Lambda   Alpha      F1    F2    F3     D1,2  D1,3  D2,3    Ln Like  Est Ln P(D)
12000:    1.00    0.099    0.015 0.153 0.219    0.025 0.037 0.058   -981551    0 
12100:    1.00    0.098    0.015 0.153 0.219    0.025 0.038 0.059   -981733    0 
12200:    1.00    0.064    0.015 0.151 0.222    0.024 0.038 0.058   -982377    0 
12300:    1.00    0.066    0.015 0.150 0.225    0.025 0.039 0.060   -982268    0 
12400:    1.00    0.094    0.015 0.150 0.229    0.025 0.039 0.060   -982508    0 
12500:    1.00    0.065    0.015 0.152 0.229    0.025 0.039 0.059   -982592    0 
12600:    1.00    0.043    0.015 0.149 0.228    0.024 0.039 0.060   -982528    0 
12700:    1.00    0.065    0.015 0.148 0.230    0.024 0.039 0.059   -982442    0 
12800:    1.00    0.111    0.015 0.148 0.240    0.025 0.041 0.061   -981969    0 
12900:    1.00    0.103    0.015 0.148 0.245    0.024 0.042 0.062   -982035    0 

--------------------------------------------
Proportion of membership of each pre-defined
 population in each of the 3 clusters

Given    Inferred Clusters       Number of
 Pop       1      2      3      Individuals

  1:     0.668  0.223  0.108       23
--------------------------------------------

 Rep#:   Lambda   Alpha      F1    F2    F3     D1,2  D1,3  D2,3    Ln Like  Est Ln P(D)
13000:    1.00    0.106    0.015 0.148 0.246    0.024 0.042 0.062   -981800    0 
13100:    1.00    0.132    0.015 0.148 0.247    0.024 0.042 0.062   -982117    0 
13200:    1.00    0.089    0.015 0.149 0.246    0.024 0.042 0.062   -981771    0 
13300:    1.00    0.114    0.015 0.149 0.247    0.024 0.043 0.063   -981783    0 
13400:    1.00    0.143    0.015 0.147 0.250    0.024 0.042 0.062   -981745    0 
13500:    1.00    0.087    0.015 0.148 0.249    0.024 0.042 0.062   -981870    0 
13600:    1.00    0.098    0.015 0.147 0.249    0.024 0.042 0.062   -981862    0 
13700:    1.00    0.084    0.015 0.150 0.250    0.024 0.042 0.063   -982546    0 
13800:    1.00    0.062    0.015 0.149 0.251    0.024 0.043 0.063   -982074    0 
13900:    1.00    0.103    0.015 0.147 0.251    0.024 0.043 0.063   -981877    0 

--------------------------------------------
Proportion of membership of each pre-defined
 population in each of the 3 clusters

Given    Inferred Clusters       Number of
 Pop       1      2      3      Individuals

  1:     0.670  0.222  0.108       23
--------------------------------------------

 Rep#:   Lambda   Alpha      F1    F2    F3     D1,2  D1,3  D2,3    Ln Like  Est Ln P(D)
14000:    1.00    0.094    0.015 0.147 0.246    0.024 0.042 0.062   -982155    0 
14100:    1.00    0.099    0.015 0.147 0.246    0.024 0.042 0.062   -982089    0 
14200:    1.00    0.068    0.015 0.146 0.247    0.024 0.042 0.062   -982422    0 
14300:    1.00    0.092    0.015 0.144 0.248    0.023 0.042 0.061   -981665    0 
14400:    1.00    0.107    0.015 0.144 0.251    0.024 0.043 0.062   -981696    0 
14500:    1.00    0.061    0.015 0.145 0.253    0.024 0.043 0.063   -981721    0 
14600:    1.00    0.074    0.015 0.143 0.252    0.023 0.043 0.062   -982109    0 
14700:    1.00    0.094    0.015 0.144 0.257    0.024 0.043 0.063   -981648    0 
14800:    1.00    0.088    0.015 0.144 0.250    0.023 0.043 0.062   -981929    0 
14900:    1.00    0.074    0.015 0.143 0.252    0.023 0.043 0.062   -981930    0 

--------------------------------------------
Proportion of membership of each pre-defined
 population in each of the 3 clusters

Given    Inferred Clusters       Number of
 Pop       1      2      3      Individuals

  1:     0.671  0.220  0.109       23
--------------------------------------------

 Rep#:   Lambda   Alpha      F1    F2    F3     D1,2  D1,3  D2,3    Ln Like  Est Ln P(D)
15000:    1.00    0.090    0.015 0.144 0.252    0.024 0.043 0.063   -981515    0 
15100:    1.00    0.090    0.015 0.143 0.253    0.024 0.043 0.062   -981729    0 
15200:    1.00    0.088    0.015 0.142 0.250    0.023 0.042 0.061   -981801    0 
15300:    1.00    0.120    0.015 0.142 0.252    0.023 0.042 0.061   -981526    0 
15400:    1.00    0.124    0.015 0.145 0.251    0.024 0.043 0.063   -981722    0 
15500:    1.00    0.100    0.015 0.145 0.252    0.024 0.043 0.063   -981797    0 
15600:    1.00    0.087    0.015 0.145 0.250    0.024 0.043 0.062   -982128    0 
15700:    1.00    0.056    0.015 0.145 0.251    0.024 0.043 0.062   -981891    0 
15800:    1.00    0.103    0.015 0.145 0.252    0.024 0.043 0.062   -981680    0 
15900:    1.00    0.078    0.015 0.145 0.252    0.023 0.043 0.062   -981997    0 

--------------------------------------------
Proportion of membership of each pre-defined
 population in each of the 3 clusters

Given    Inferred Clusters       Number of
 Pop       1      2      3      Individuals

  1:     0.665  0.226  0.109       23
--------------------------------------------

 Rep#:   Lambda   Alpha      F1    F2    F3     D1,2  D1,3  D2,3    Ln Like  Est Ln P(D)
16000:    1.00    0.078    0.015 0.145 0.251    0.024 0.043 0.062   -981576    0 
16100:    1.00    0.134    0.015 0.143 0.252    0.023 0.043 0.063   -981579    0 
16200:    1.00    0.074    0.015 0.143 0.254    0.023 0.043 0.063   -982161    0 
16300:    1.00    0.098    0.015 0.145 0.257    0.024 0.044 0.063   -981559    0 
16400:    1.00    0.087    0.015 0.145 0.253    0.024 0.042 0.062   -981746    0 
16500:    1.00    0.096    0.015 0.145 0.252    0.024 0.043 0.062   -982038    0 
16600:    1.00    0.132    0.015 0.144 0.254    0.024 0.043 0.062   -982004    0 
16700:    1.00    0.082    0.015 0.143 0.253    0.024 0.043 0.062   -981561    0 
16800:    1.00    0.137    0.015 0.143 0.254    0.024 0.043 0.063   -981813    0 
16900:    1.00    0.089    0.015 0.142 0.254    0.023 0.043 0.063   -981972    0 

--------------------------------------------
Proportion of membership of each pre-defined
 population in each of the 3 clusters

Given    Inferred Clusters       Number of
 Pop       1      2      3      Individuals

  1:     0.670  0.222  0.109       23
--------------------------------------------

 Rep#:   Lambda   Alpha      F1    F2    F3     D1,2  D1,3  D2,3    Ln Like  Est Ln P(D)
17000:    1.00    0.117    0.015 0.143 0.250    0.024 0.042 0.062   -981948    0 
17100:    1.00    0.095    0.014 0.145 0.253    0.023 0.043 0.062   -982273    0 
17200:    1.00    0.081    0.014 0.143 0.256    0.024 0.043 0.063   -981930    0 
17300:    1.00    0.125    0.014 0.143 0.262    0.023 0.044 0.064   -981836    0 
17400:    1.00    0.091    0.014 0.144 0.262    0.023 0.044 0.064   -982018    0 
17500:    1.00    0.061    0.014 0.143 0.260    0.023 0.044 0.064   -981756    0 
17600:    1.00    0.108    0.014 0.141 0.258    0.023 0.044 0.063   -982106    0 
17700:    1.00    0.073    0.014 0.145 0.257    0.024 0.044 0.063   -982134    0 
17800:    1.00    0.081    0.014 0.145 0.259    0.024 0.044 0.063   -981863    0 
17900:    1.00    0.094    0.014 0.144 0.255    0.023 0.043 0.063   -981977    0 

--------------------------------------------
Proportion of membership of each pre-defined
 population in each of the 3 clusters

Given    Inferred Clusters       Number of
 Pop       1      2      3      Individuals

  1:     0.669  0.223  0.108       23
--------------------------------------------

 Rep#:   Lambda   Alpha      F1    F2    F3     D1,2  D1,3  D2,3    Ln Like  Est Ln P(D)
18000:    1.00    0.102    0.014 0.144 0.252    0.023 0.043 0.062   -982020    0 
18100:    1.00    0.125    0.014 0.144 0.253    0.024 0.043 0.063   -981953    0 
18200:    1.00    0.065    0.014 0.145 0.249    0.024 0.042 0.061   -982319    0 
18300:    1.00    0.096    0.014 0.143 0.246    0.023 0.042 0.061   -982390    0 
18400:    1.00    0.107    0.014 0.143 0.250    0.023 0.043 0.062   -981724    0 
18500:    1.00    0.048    0.014 0.142 0.245    0.023 0.042 0.061   -982540    0 
18600:    1.00    0.055    0.014 0.142 0.245    0.023 0.042 0.061   -981840    0 
18700:    1.00    0.071    0.014 0.144 0.245    0.023 0.041 0.061   -982092    0 
18800:    1.00    0.084    0.014 0.141 0.244    0.023 0.042 0.061   -982162    0 
18900:    1.00    0.080    0.014 0.142 0.242    0.023 0.041 0.060   -981968    0 

--------------------------------------------
Proportion of membership of each pre-defined
 population in each of the 3 clusters

Given    Inferred Clusters       Number of
 Pop       1      2      3      Individuals

  1:     0.671  0.221  0.108       23
--------------------------------------------

 Rep#:   Lambda   Alpha      F1    F2    F3     D1,2  D1,3  D2,3    Ln Like  Est Ln P(D)
19000:    1.00    0.064    0.014 0.142 0.243    0.023 0.041 0.060   -981970    0 
19100:    1.00    0.101    0.014 0.142 0.245    0.023 0.042 0.061   -982717    0 
19200:    1.00    0.084    0.014 0.141 0.246    0.023 0.042 0.061   -981522    0 
19300:    1.00    0.094    0.014 0.143 0.242    0.023 0.041 0.061   -981866    0 
19400:    1.00    0.080    0.014 0.142 0.244    0.023 0.041 0.061   -981972    0 
19500:    1.00    0.059    0.014 0.145 0.243    0.023 0.041 0.061   -981938    0 
19600:    1.00    0.067    0.014 0.146 0.242    0.024 0.041 0.061   -981889    0 
19700:    1.00    0.108    0.014 0.145 0.246    0.024 0.042 0.062   -981898    0 
19800:    1.00    0.084    0.014 0.146 0.249    0.024 0.043 0.063   -982045    0 
19900:    1.00    0.063    0.014 0.146 0.250    0.024 0.043 0.062   -981687    0 

--------------------------------------------
Proportion of membership of each pre-defined
 population in each of the 3 clusters

Given    Inferred Clusters       Number of
 Pop       1      2      3      Individuals

  1:     0.670  0.221  0.109       23
--------------------------------------------

 Rep#:   Lambda   Alpha      F1    F2    F3     D1,2  D1,3  D2,3    Ln Like  Est Ln P(D)
20000:    1.00    0.079    0.014 0.144 0.251    0.024 0.043 0.063   -981754    0 
20100:    1.00    0.077    0.014 0.145 0.252    0.023 0.043 0.062   -981943    0 
20200:    1.00    0.080    0.014 0.145 0.255    0.024 0.043 0.063   -981684    0 
20300:    1.00    0.068    0.014 0.146 0.252    0.024 0.042 0.063   -982054    0 
20400:    1.00    0.095    0.014 0.148 0.254    0.024 0.043 0.064   -981829    0 
20500:    1.00    0.080    0.014 0.145 0.255    0.024 0.043 0.063   -981895    0 
20600:    1.00    0.091    0.014 0.145 0.254    0.024 0.043 0.063   -982146    0 
20700:    1.00    0.081    0.014 0.147 0.255    0.024 0.043 0.062   -982333    0 
20800:    1.00    0.084    0.014 0.147 0.252    0.024 0.043 0.063   -981592    0 
20900:    1.00    0.071    0.014 0.145 0.255    0.024 0.043 0.063   -982174    0 

--------------------------------------------
Proportion of membership of each pre-defined
 population in each of the 3 clusters

Given    Inferred Clusters       Number of
 Pop       1      2      3      Individuals

  1:     0.673  0.220  0.107       23
--------------------------------------------

 Rep#:   Lambda   Alpha      F1    F2    F3     D1,2  D1,3  D2,3    Ln Like  Est Ln P(D)
21000:    1.00    0.093    0.014 0.144 0.255    0.023 0.043 0.062   -982015    0 
21100:    1.00    0.076    0.014 0.144 0.252    0.024 0.042 0.062   -982302    0 
21200:    1.00    0.056    0.014 0.142 0.254    0.023 0.043 0.062   -981925    0 
21300:    1.00    0.075    0.014 0.142 0.252    0.023 0.042 0.062   -982499    0 
21400:    1.00    0.074    0.014 0.142 0.254    0.023 0.043 0.063   -982305    0 
21500:    1.00    0.067    0.014 0.145 0.254    0.023 0.043 0.063   -982103    0 
21600:    1.00    0.091    0.014 0.146 0.255    0.024 0.043 0.063   -981919    0 
21700:    1.00    0.106    0.014 0.144 0.255    0.024 0.043 0.063   -981999    0 
21800:    1.00    0.101    0.014 0.144 0.255    0.024 0.043 0.063   -982174    0 
21900:    1.00    0.113    0.014 0.144 0.253    0.023 0.043 0.062   -981939    0 

--------------------------------------------
Proportion of membership of each pre-defined
 population in each of the 3 clusters

Given    Inferred Clusters       Number of
 Pop       1      2      3      Individuals

  1:     0.665  0.227  0.108       23
--------------------------------------------

 Rep#:   Lambda   Alpha      F1    F2    F3     D1,2  D1,3  D2,3    Ln Like  Est Ln P(D)
22000:    1.00    0.097    0.013 0.144 0.253    0.023 0.043 0.062   -981693    0 
22100:    1.00    0.077    0.013 0.146 0.253    0.024 0.043 0.062   -982292    0 
22200:    1.00    0.058    0.014 0.146 0.246    0.023 0.042 0.062   -982331    0 
22300:    1.00    0.117    0.014 0.146 0.246    0.024 0.041 0.062   -982082    0 
22400:    1.00    0.050    0.014 0.144 0.248    0.023 0.042 0.062   -982227    0 
22500:    1.00    0.060    0.014 0.144 0.244    0.023 0.042 0.061   -981879    0 
22600:    1.00    0.084    0.014 0.147 0.244    0.024 0.042 0.062   -981950    0 
22700:    1.00    0.065    0.013 0.146 0.244    0.024 0.041 0.061   -982160    0 
22800:    1.00    0.068    0.013 0.150 0.247    0.024 0.042 0.062   -981950    0 
22900:    1.00    0.066    0.013 0.149 0.248    0.024 0.042 0.063   -981851    0 

--------------------------------------------
Proportion of membership of each pre-defined
 population in each of the 3 clusters

Given    Inferred Clusters       Number of
 Pop       1      2      3      Individuals

  1:     0.674  0.218  0.108       23
--------------------------------------------

 Rep#:   Lambda   Alpha      F1    F2    F3     D1,2  D1,3  D2,3    Ln Like  Est Ln P(D)
23000:    1.00    0.057    0.013 0.148 0.248    0.024 0.042 0.062   -982032    0 
23100:    1.00    0.088    0.013 0.148 0.253    0.024 0.043 0.063   -981995    0 
23200:    1.00    0.080    0.013 0.148 0.252    0.024 0.043 0.063   -981975    0 
23300:    1.00    0.062    0.013 0.148 0.251    0.024 0.043 0.064   -981567    0 
23400:    1.00    0.093    0.013 0.148 0.249    0.024 0.042 0.063   -981766    0 
23500:    1.00    0.073    0.013 0.150 0.251    0.024 0.043 0.064   -982056    0 
23600:    1.00    0.076    0.013 0.147 0.250    0.024 0.042 0.062   -982137    0 
23700:    1.00    0.046    0.013 0.147 0.250    0.024 0.042 0.063   -982004    0 
23800:    1.00    0.089    0.013 0.150 0.250    0.024 0.043 0.064   -981654    0 
23900:    1.00    0.073    0.013 0.151 0.249    0.024 0.042 0.063   -981493    0 

--------------------------------------------
Proportion of membership of each pre-defined
 population in each of the 3 clusters

Given    Inferred Clusters       Number of
 Pop       1      2      3      Individuals

  1:     0.668  0.223  0.108       23
--------------------------------------------

 Rep#:   Lambda   Alpha      F1    F2    F3     D1,2  D1,3  D2,3    Ln Like  Est Ln P(D)
24000:    1.00    0.084    0.013 0.151 0.252    0.024 0.043 0.063   -982166    0 
24100:    1.00    0.088    0.013 0.150 0.253    0.024 0.043 0.063   -981931    0 
24200:    1.00    0.060    0.013 0.148 0.249    0.024 0.042 0.062   -981819    0 
24300:    1.00    0.067    0.013 0.149 0.250    0.024 0.043 0.063   -981398    0 
24400:    1.00    0.054    0.013 0.149 0.251    0.024 0.042 0.062   -981950    0 
24500:    1.00    0.061    0.013 0.149 0.250    0.024 0.042 0.063   -982156    0 
24600:    1.00    0.071    0.013 0.147 0.250    0.024 0.042 0.062   -981760    0 
24700:    1.00    0.076    0.013 0.146 0.254    0.024 0.042 0.062   -981760    0 
24800:    1.00    0.051    0.013 0.145 0.253    0.024 0.043 0.063   -981761    0 
24900:    1.00    0.073    0.013 0.147 0.250    0.024 0.042 0.062   -981531    0 

--------------------------------------------
Proportion of membership of each pre-defined
 population in each of the 3 clusters

Given    Inferred Clusters       Number of
 Pop       1      2      3      Individuals

  1:     0.667  0.226  0.108       23
--------------------------------------------

 Rep#:   Lambda   Alpha      F1    F2    F3     D1,2  D1,3  D2,3    Ln Like  Est Ln P(D)
25000:    1.00    0.058    0.013 0.144 0.248    0.023 0.042 0.061   -981908    0 
25100:    1.00    0.098    0.013 0.143 0.246    0.023 0.042 0.061   -981779    0 
25200:    1.00    0.078    0.013 0.143 0.247    0.023 0.042 0.061   -982468    0 
25300:    1.00    0.093    0.013 0.143 0.248    0.023 0.042 0.061   -981796    0 
25400:    1.00    0.121    0.013 0.142 0.249    0.023 0.042 0.062   -982259    0 
25500:    1.00    0.083    0.013 0.143 0.248    0.023 0.042 0.062   -981971    0 
25600:    1.00    0.065    0.013 0.143 0.247    0.023 0.041 0.060   -982386    0 
25700:    1.00    0.109    0.013 0.143 0.247    0.023 0.042 0.062   -982179    0 
25800:    1.00    0.112    0.013 0.143 0.253    0.023 0.043 0.062   -981785    0 
25900:    1.00    0.064    0.013 0.143 0.253    0.023 0.043 0.062   -981764    0 

--------------------------------------------
Proportion of membership of each pre-defined
 population in each of the 3 clusters

Given    Inferred Clusters       Number of
 Pop       1      2      3      Individuals

  1:     0.672  0.221  0.108       23
--------------------------------------------

 Rep#:   Lambda   Alpha      F1    F2    F3     D1,2  D1,3  D2,3    Ln Like  Est Ln P(D)
26000:    1.00    0.069    0.013 0.143 0.253    0.023 0.043 0.062   -981567    0 
26100:    1.00    0.066    0.013 0.143 0.253    0.023 0.043 0.063   -981875    0 
26200:    1.00    0.059    0.013 0.144 0.255    0.023 0.042 0.062   -982187    0 
26300:    1.00    0.061    0.013 0.144 0.257    0.024 0.043 0.063   -981832    0 
26400:    1.00    0.083    0.013 0.144 0.256    0.023 0.043 0.063   -981873    0 
26500:    1.00    0.056    0.013 0.144 0.252    0.023 0.043 0.062   -982097    0 
26600:    1.00    0.077    0.013 0.144 0.252    0.023 0.043 0.062   -981765    0 
26700:    1.00    0.115    0.013 0.146 0.254    0.023 0.043 0.063   -981821    0 
26800:    1.00    0.059    0.013 0.146 0.256    0.024 0.043 0.062   -981953    0 
26900:    1.00    0.103    0.013 0.146 0.254    0.023 0.043 0.063   -981831    0 

--------------------------------------------
Proportion of membership of each pre-defined
 population in each of the 3 clusters

Given    Inferred Clusters       Number of
 Pop       1      2      3      Individuals

  1:     0.669  0.223  0.108       23
--------------------------------------------

 Rep#:   Lambda   Alpha      F1    F2    F3     D1,2  D1,3  D2,3    Ln Like  Est Ln P(D)
27000:    1.00    0.126    0.013 0.146 0.257    0.024 0.044 0.063   -982192    0 
27100:    1.00    0.079    0.013 0.147 0.252    0.024 0.043 0.062   -981904    0 
27200:    1.00    0.111    0.013 0.145 0.252    0.024 0.043 0.062   -981754    0 
27300:    1.00    0.098    0.013 0.146 0.252    0.024 0.042 0.062   -982127    0 
27400:    1.00    0.093    0.013 0.147 0.253    0.024 0.043 0.063   -982118    0 
27500:    1.00    0.086    0.013 0.149 0.252    0.024 0.043 0.064   -981440    0 
27600:    1.00    0.079    0.013 0.148 0.253    0.024 0.042 0.062   -981302    0 
27700:    1.00    0.107    0.013 0.148 0.256    0.024 0.043 0.064   -981779    0 
27800:    1.00    0.094    0.013 0.146 0.259    0.024 0.043 0.063   -981851    0 
27900:    1.00    0.103    0.013 0.147 0.255    0.024 0.043 0.063   -981876    0 

--------------------------------------------
Proportion of membership of each pre-defined
 population in each of the 3 clusters

Given    Inferred Clusters       Number of
 Pop       1      2      3      Individuals

  1:     0.673  0.218  0.109       23
--------------------------------------------

 Rep#:   Lambda   Alpha      F1    F2    F3     D1,2  D1,3  D2,3    Ln Like  Est Ln P(D)
28000:    1.00    0.097    0.013 0.145 0.253    0.024 0.043 0.063   -982037    0 
28100:    1.00    0.067    0.013 0.144 0.252    0.024 0.042 0.062   -982048    0 
28200:    1.00    0.090    0.013 0.145 0.248    0.024 0.042 0.061   -982402    0 
28300:    1.00    0.084    0.013 0.144 0.248    0.024 0.042 0.062   -982473    0 
28400:    1.00    0.061    0.013 0.144 0.248    0.024 0.042 0.061   -982181    0 
28500:    1.00    0.057    0.013 0.144 0.246    0.023 0.042 0.061   -981895    0 
28600:    1.00    0.070    0.013 0.148 0.246    0.024 0.042 0.062   -982251    0 
28700:    1.00    0.063    0.013 0.148 0.245    0.024 0.041 0.061   -982555    0 
28800:    1.00    0.088    0.013 0.146 0.248    0.024 0.042 0.062   -982330    0 
28900:    1.00    0.078    0.013 0.147 0.249    0.024 0.042 0.062   -982078    0 

--------------------------------------------
Proportion of membership of each pre-defined
 population in each of the 3 clusters

Given    Inferred Clusters       Number of
 Pop       1      2      3      Individuals

  1:     0.670  0.222  0.109       23
--------------------------------------------

 Rep#:   Lambda   Alpha      F1    F2    F3     D1,2  D1,3  D2,3    Ln Like  Est Ln P(D)
29000:    1.00    0.082    0.013 0.148 0.248    0.024 0.042 0.063   -982175    0 
29100:    1.00    0.106    0.013 0.149 0.248    0.024 0.042 0.062   -981909    0 
29200:    1.00    0.084    0.013 0.147 0.248    0.024 0.042 0.062   -982018    0 
29300:    1.00    0.095    0.013 0.147 0.248    0.024 0.042 0.062   -981641    0 
29400:    1.00    0.114    0.014 0.147 0.247    0.024 0.041 0.062   -982151    0 
29500:    1.00    0.117    0.014 0.147 0.256    0.024 0.043 0.063   -981957    0 
29600:    1.00    0.065    0.014 0.147 0.257    0.023 0.043 0.063   -981734    0 
29700:    1.00    0.101    0.014 0.147 0.254    0.024 0.042 0.062   -981582    0 
29800:    1.00    0.078    0.014 0.146 0.253    0.024 0.043 0.063   -981944    0 
29900:    1.00    0.057    0.014 0.148 0.253    0.024 0.043 0.063   -981736    0 

--------------------------------------------
Proportion of membership of each pre-defined
 population in each of the 3 clusters

Given    Inferred Clusters       Number of
 Pop       1      2      3      Individuals

  1:     0.663  0.230  0.107       23
--------------------------------------------

 Rep#:   Lambda   Alpha      F1    F2    F3     D1,2  D1,3  D2,3    Ln Like  Est Ln P(D)
30000:    1.00    0.081    0.014 0.148 0.253    0.024 0.043 0.063   -982307    0 
30100:    1.00    0.099    0.014 0.145 0.254    0.024 0.043 0.063   -981385    0 
30200:    1.00    0.096    0.014 0.145 0.251    0.024 0.042 0.062   -981848    0 
30300:    1.00    0.083    0.014 0.143 0.251    0.023 0.043 0.062   -981764    0 
30400:    1.00    0.109    0.014 0.143 0.255    0.023 0.043 0.062   -982039    0 
30500:    1.00    0.116    0.014 0.143 0.256    0.023 0.043 0.062   -981543    0 
30600:    1.00    0.071    0.014 0.145 0.253    0.023 0.043 0.063   -981938    0 
30700:    1.00    0.049    0.014 0.146 0.258    0.023 0.043 0.063   -981962    0 
30800:    1.00    0.055    0.014 0.146 0.257    0.023 0.043 0.063   -981506    0 
30900:    1.00    0.091    0.014 0.146 0.251    0.024 0.042 0.062   -982098    0 

--------------------------------------------
Proportion of membership of each pre-defined
 population in each of the 3 clusters

Given    Inferred Clusters       Number of
 Pop       1      2      3      Individuals

  1:     0.671  0.220  0.110       23
--------------------------------------------

 Rep#:   Lambda   Alpha      F1    F2    F3     D1,2  D1,3  D2,3    Ln Like  Est Ln P(D)
31000:    1.00    0.093    0.014 0.147 0.248    0.024 0.043 0.063   -981848    0 
31100:    1.00    0.055    0.014 0.146 0.248    0.024 0.042 0.062   -982150    0 
31200:    1.00    0.071    0.014 0.146 0.246    0.024 0.041 0.061   -981960    0 
31300:    1.00    0.047    0.014 0.148 0.245    0.024 0.041 0.061   -981763    0 
31400:    1.00    0.099    0.014 0.145 0.246    0.024 0.042 0.061   -981990    0 
31500:    1.00    0.116    0.014 0.145 0.249    0.023 0.042 0.061   -982171    0 
31600:    1.00    0.076    0.014 0.144 0.249    0.024 0.042 0.062   -982121    0 
31700:    1.00    0.058    0.014 0.147 0.248    0.024 0.042 0.062   -981966    0 
31800:    1.00    0.093    0.014 0.145 0.250    0.024 0.042 0.062   -982017    0 
31900:    1.00    0.102    0.014 0.144 0.247    0.023 0.042 0.062   -982257    0 

--------------------------------------------
Proportion of membership of each pre-defined
 population in each of the 3 clusters

Given    Inferred Clusters       Number of
 Pop       1      2      3      Individuals

  1:     0.667  0.223  0.110       23
--------------------------------------------

 Rep#:   Lambda   Alpha      F1    F2    F3     D1,2  D1,3  D2,3    Ln Like  Est Ln P(D)
32000:    1.00    0.112    0.014 0.144 0.246    0.023 0.042 0.062   -981627    0 
32100:    1.00    0.086    0.014 0.145 0.246    0.023 0.042 0.061   -981875    0 
32200:    1.00    0.119    0.013 0.143 0.247    0.023 0.041 0.061   -982336    0 
32300:    1.00    0.064    0.013 0.144 0.247    0.023 0.043 0.062   -981935    0 
32400:    1.00    0.061    0.013 0.144 0.245    0.023 0.042 0.061   -982262    0 
32500:    1.00    0.079    0.013 0.145 0.245    0.024 0.042 0.062   -982066    0 
32600:    1.00    0.090    0.013 0.146 0.243    0.023 0.041 0.061   -981782    0 
32700:    1.00    0.062    0.013 0.143 0.243    0.023 0.041 0.061   -982001    0 
32800:    1.00    0.101    0.013 0.143 0.246    0.023 0.042 0.062   -981871    0 
32900:    1.00    0.086    0.013 0.141 0.246    0.023 0.042 0.061   -982306    0 

--------------------------------------------
Proportion of membership of each pre-defined
 population in each of the 3 clusters

Given    Inferred Clusters       Number of
 Pop       1      2      3      Individuals

  1:     0.670  0.222  0.108       23
--------------------------------------------

 Rep#:   Lambda   Alpha      F1    F2    F3     D1,2  D1,3  D2,3    Ln Like  Est Ln P(D)
33000:    1.00    0.101    0.013 0.141 0.245    0.023 0.042 0.061   -982170    0 
33100:    1.00    0.069    0.013 0.140 0.246    0.023 0.042 0.061   -982091    0 
33200:    1.00    0.045    0.013 0.141 0.246    0.023 0.042 0.061   -982095    0 
33300:    1.00    0.060    0.013 0.142 0.247    0.023 0.042 0.061   -981763    0 
33400:    1.00    0.079    0.013 0.143 0.248    0.023 0.042 0.061   -981592    0 
33500:    1.00    0.083    0.013 0.143 0.248    0.023 0.042 0.061   -982183    0 
33600:    1.00    0.063    0.013 0.143 0.247    0.023 0.042 0.061   -981968    0 
33700:    1.00    0.082    0.013 0.143 0.246    0.024 0.042 0.061   -982321    0 
33800:    1.00    0.076    0.013 0.145 0.249    0.024 0.042 0.062   -982219    0 
33900:    1.00    0.083    0.013 0.145 0.249    0.023 0.042 0.061   -982017    0 

--------------------------------------------
Proportion of membership of each pre-defined
 population in each of the 3 clusters

Given    Inferred Clusters       Number of
 Pop       1      2      3      Individuals

  1:     0.670  0.222  0.109       23
--------------------------------------------

 Rep#:   Lambda   Alpha      F1    F2    F3     D1,2  D1,3  D2,3    Ln Like  Est Ln P(D)
34000:    1.00    0.072    0.013 0.142 0.251    0.023 0.043 0.062   -981984    0 
34100:    1.00    0.047    0.013 0.141 0.249    0.023 0.042 0.061   -982178    0 
34200:    1.00    0.058    0.013 0.142 0.248    0.023 0.042 0.062   -981722    0 
34300:    1.00    0.061    0.013 0.139 0.250    0.023 0.043 0.062   -981709    0 
34400:    1.00    0.052    0.013 0.139 0.250    0.023 0.042 0.062   -982187    0 
34500:    1.00    0.061    0.013 0.139 0.251    0.023 0.043 0.062   -982342    0 
34600:    1.00    0.053    0.013 0.139 0.251    0.022 0.042 0.061   -982426    0 
34700:    1.00    0.082    0.013 0.141 0.249    0.023 0.042 0.062   -981865    0 
34800:    1.00    0.059    0.013 0.140 0.248    0.023 0.042 0.061   -981708    0 
34900:    1.00    0.072    0.013 0.139 0.249    0.023 0.042 0.062   -981710    0 

--------------------------------------------
Proportion of membership of each pre-defined
 population in each of the 3 clusters

Given    Inferred Clusters       Number of
 Pop       1      2      3      Individuals

  1:     0.670  0.222  0.108       23
--------------------------------------------

 Rep#:   Lambda   Alpha      F1    F2    F3     D1,2  D1,3  D2,3    Ln Like  Est Ln P(D)
35000:    1.00    0.115    0.013 0.139 0.249    0.023 0.042 0.061   -982031    0 
35100:    1.00    0.061    0.013 0.138 0.245    0.022 0.041 0.061   -982163    0 
35200:    1.00    0.074    0.013 0.138 0.245    0.022 0.041 0.060   -982410    0 
35300:    1.00    0.073    0.013 0.143 0.247    0.023 0.042 0.061   -981289    0 
35400:    1.00    0.064    0.013 0.143 0.248    0.023 0.042 0.062   -981488    0 
35500:    1.00    0.055    0.013 0.143 0.251    0.023 0.042 0.063   -982153    0 
35600:    1.00    0.104    0.013 0.143 0.251    0.023 0.042 0.062   -982375    0 
35700:    1.00    0.049    0.013 0.146 0.249    0.023 0.042 0.062   -982163    0 
35800:    1.00    0.110    0.013 0.145 0.249    0.023 0.042 0.062   -982040    0 
35900:    1.00    0.060    0.013 0.145 0.248    0.024 0.042 0.062   -982081    0 

--------------------------------------------
Proportion of membership of each pre-defined
 population in each of the 3 clusters

Given    Inferred Clusters       Number of
 Pop       1      2      3      Individuals

  1:     0.672  0.220  0.108       23
--------------------------------------------

 Rep#:   Lambda   Alpha      F1    F2    F3     D1,2  D1,3  D2,3    Ln Like  Est Ln P(D)
36000:    1.00    0.068    0.013 0.145 0.250    0.024 0.042 0.062   -981810    0 
36100:    1.00    0.082    0.013 0.145 0.250    0.024 0.042 0.062   -981941    0 
36200:    1.00    0.123    0.013 0.148 0.253    0.024 0.042 0.063   -981924    0 
36300:    1.00    0.087    0.013 0.150 0.251    0.024 0.043 0.064   -981638    0 
36400:    1.00    0.102    0.013 0.146 0.250    0.023 0.042 0.062   -982433    0 
36500:    1.00    0.076    0.013 0.145 0.249    0.024 0.042 0.062   -982377    0 
36600:    1.00    0.059    0.013 0.145 0.251    0.023 0.042 0.062   -982240    0 
36700:    1.00    0.091    0.013 0.143 0.251    0.023 0.042 0.062   -982393    0 
36800:    1.00    0.056    0.013 0.145 0.252    0.024 0.042 0.062   -982038    0 
36900:    1.00    0.067    0.013 0.146 0.251    0.024 0.042 0.062   -982113    0 

--------------------------------------------
Proportion of membership of each pre-defined
 population in each of the 3 clusters

Given    Inferred Clusters       Number of
 Pop       1      2      3      Individuals

  1:     0.677  0.215  0.108       23
--------------------------------------------

 Rep#:   Lambda   Alpha      F1    F2    F3     D1,2  D1,3  D2,3    Ln Like  Est Ln P(D)
37000:    1.00    0.092    0.013 0.142 0.252    0.023 0.043 0.062   -981930    0 
37100:    1.00    0.111    0.013 0.143 0.252    0.023 0.042 0.062   -982348    0 
37200:    1.00    0.054    0.013 0.147 0.247    0.024 0.042 0.062   -982078    0 
37300:    1.00    0.064    0.013 0.146 0.247    0.024 0.042 0.062   -982456    0 
37400:    1.00    0.119    0.013 0.146 0.249    0.023 0.042 0.062   -982149    0 
37500:    1.00    0.079    0.013 0.145 0.248    0.024 0.042 0.061   -981904    0 
37600:    1.00    0.084    0.013 0.146 0.248    0.024 0.042 0.062   -982085    0 
37700:    1.00    0.104    0.013 0.144 0.248    0.023 0.042 0.062   -982378    0 
37800:    1.00    0.086    0.013 0.144 0.245    0.023 0.042 0.061   -981888    0 
37900:    1.00    0.092    0.013 0.144 0.244    0.023 0.042 0.061   -982175    0 

--------------------------------------------
Proportion of membership of each pre-defined
 population in each of the 3 clusters

Given    Inferred Clusters       Number of
 Pop       1      2      3      Individuals

  1:     0.670  0.220  0.110       23
--------------------------------------------

 Rep#:   Lambda   Alpha      F1    F2    F3     D1,2  D1,3  D2,3    Ln Like  Est Ln P(D)
38000:    1.00    0.079    0.013 0.144 0.244    0.023 0.041 0.061   -982197    0 
38100:    1.00    0.077    0.013 0.144 0.244    0.023 0.042 0.061   -982224    0 
38200:    1.00    0.077    0.013 0.145 0.245    0.023 0.042 0.061   -982056    0 
38300:    1.00    0.065    0.013 0.145 0.247    0.023 0.041 0.061   -982125    0 
38400:    1.00    0.056    0.013 0.146 0.249    0.024 0.042 0.062   -982239    0 
38500:    1.00    0.100    0.013 0.145 0.250    0.023 0.042 0.061   -982347    0 
38600:    1.00    0.081    0.013 0.145 0.251    0.023 0.042 0.063   -982034    0 
38700:    1.00    0.066    0.013 0.145 0.253    0.023 0.043 0.062   -982224    0 
38800:    1.00    0.076    0.013 0.144 0.249    0.023 0.042 0.062   -982275    0 
38900:    1.00    0.079    0.013 0.144 0.251    0.023 0.042 0.062   -982061    0 

--------------------------------------------
Proportion of membership of each pre-defined
 population in each of the 3 clusters

Given    Inferred Clusters       Number of
 Pop       1      2      3      Individuals

  1:     0.669  0.223  0.108       23
--------------------------------------------

 Rep#:   Lambda   Alpha      F1    F2    F3     D1,2  D1,3  D2,3    Ln Like  Est Ln P(D)
39000:    1.00    0.083    0.013 0.146 0.251    0.024 0.043 0.063   -982116    0 
39100:    1.00    0.101    0.013 0.148 0.251    0.024 0.042 0.063   -982159    0 
39200:    1.00    0.051    0.013 0.148 0.251    0.024 0.042 0.062   -981833    0 
39300:    1.00    0.107    0.013 0.145 0.252    0.024 0.042 0.062   -982447    0 
39400:    1.00    0.094    0.013 0.145 0.251    0.023 0.042 0.062   -982583    0 
39500:    1.00    0.128    0.013 0.145 0.253    0.023 0.043 0.063   -981641    0 
39600:    1.00    0.072    0.013 0.143 0.252    0.023 0.042 0.062   -982337    0 
39700:    1.00    0.093    0.013 0.143 0.256    0.023 0.043 0.063   -981616    0 
39800:    1.00    0.058    0.013 0.141 0.255    0.023 0.043 0.063   -981865    0 
39900:    1.00    0.047    0.012 0.141 0.257    0.023 0.044 0.063   -981733    0 

--------------------------------------------
Proportion of membership of each pre-defined
 population in each of the 3 clusters

Given    Inferred Clusters       Number of
 Pop       1      2      3      Individuals

  1:     0.674  0.219  0.106       23
--------------------------------------------

 Rep#:   Lambda   Alpha      F1    F2    F3     D1,2  D1,3  D2,3    Ln Like  Est Ln P(D)
40000:    1.00    0.038    0.012 0.141 0.260    0.023 0.044 0.064   -982061    0 
40100:    1.00    0.078    0.012 0.143 0.260    0.023 0.043 0.063   -982401    0 
40200:    1.00    0.071    0.012 0.144 0.257    0.023 0.043 0.063   -981865    0 
40300:    1.00    0.097    0.012 0.144 0.257    0.023 0.043 0.063   -981985    0 
40400:    1.00    0.063    0.012 0.144 0.257    0.023 0.043 0.063   -982222    0 
40500:    1.00    0.099    0.012 0.144 0.257    0.023 0.043 0.063   -982149    0 
40600:    1.00    0.099    0.012 0.144 0.257    0.023 0.043 0.063   -981767    0 
40700:    1.00    0.121    0.012 0.144 0.253    0.023 0.042 0.062   -981855    0 
40800:    1.00    0.081    0.012 0.145 0.251    0.024 0.043 0.063   -982470    0 
40900:    1.00    0.136    0.012 0.145 0.251    0.024 0.043 0.063   -981895    0 

--------------------------------------------
Proportion of membership of each pre-defined
 population in each of the 3 clusters

Given    Inferred Clusters       Number of
 Pop       1      2      3      Individuals

  1:     0.675  0.217  0.108       23
--------------------------------------------

 Rep#:   Lambda   Alpha      F1    F2    F3     D1,2  D1,3  D2,3    Ln Like  Est Ln P(D)
41000:    1.00    0.090    0.012 0.144 0.251    0.023 0.042 0.063   -982499    0 
41100:    1.00    0.046    0.012 0.145 0.250    0.024 0.042 0.062   -982384    0 
41200:    1.00    0.079    0.012 0.144 0.249    0.023 0.042 0.062   -982306    0 
41300:    1.00    0.094    0.012 0.144 0.250    0.023 0.043 0.062   -982202    0 
41400:    1.00    0.055    0.012 0.144 0.251    0.024 0.043 0.063   -981895    0 
41500:    1.00    0.065    0.012 0.145 0.255    0.023 0.043 0.062   -982461    0 
41600:    1.00    0.050    0.012 0.148 0.249    0.024 0.042 0.062   -981688    0 
41700:    1.00    0.084    0.012 0.147 0.250    0.024 0.042 0.062   -982505    0 
41800:    1.00    0.084    0.012 0.147 0.251    0.024 0.042 0.062   -982229    0 
41900:    1.00    0.115    0.012 0.147 0.255    0.024 0.042 0.063   -982117    0 

--------------------------------------------
Proportion of membership of each pre-defined
 population in each of the 3 clusters

Given    Inferred Clusters       Number of
 Pop       1      2      3      Individuals

  1:     0.676  0.216  0.108       23
--------------------------------------------

 Rep#:   Lambda   Alpha      F1    F2    F3     D1,2  D1,3  D2,3    Ln Like  Est Ln P(D)
42000:    1.00    0.090    0.012 0.147 0.257    0.024 0.043 0.063   -981920    0 
42100:    1.00    0.062    0.012 0.149 0.258    0.024 0.043 0.063   -981550    0 
42200:    1.00    0.055    0.012 0.149 0.259    0.024 0.043 0.064   -982008    0 
42300:    1.00    0.044    0.012 0.148 0.254    0.024 0.042 0.063   -982452    0 
42400:    1.00    0.085    0.012 0.149 0.255    0.024 0.043 0.064   -981908    0 
42500:    1.00    0.050    0.012 0.150 0.255    0.024 0.043 0.063   -982398    0 
42600:    1.00    0.069    0.012 0.149 0.253    0.024 0.043 0.063   -982475    0 
42700:    1.00    0.068    0.012 0.147 0.254    0.023 0.043 0.062   -981976    0 
42800:    1.00    0.123    0.012 0.144 0.253    0.023 0.043 0.062   -981891    0 
42900:    1.00    0.069    0.012 0.146 0.254    0.024 0.042 0.062   -982212    0 

--------------------------------------------
Proportion of membership of each pre-defined
 population in each of the 3 clusters

Given    Inferred Clusters       Number of
 Pop       1      2      3      Individuals

  1:     0.671  0.222  0.107       23
--------------------------------------------

 Rep#:   Lambda   Alpha      F1    F2    F3     D1,2  D1,3  D2,3    Ln Like  Est Ln P(D)
43000:    1.00    0.040    0.012 0.146 0.252    0.024 0.042 0.062   -982521    0 
43100:    1.00    0.077    0.012 0.144 0.256    0.023 0.043 0.062   -981639    0 
43200:    1.00    0.043    0.012 0.144 0.256    0.023 0.043 0.063   -981847    0 
43300:    1.00    0.055    0.012 0.145 0.259    0.023 0.043 0.064   -981761    0 
43400:    1.00    0.111    0.012 0.147 0.256    0.024 0.043 0.064   -981875    0 
43500:    1.00    0.053    0.012 0.147 0.257    0.024 0.043 0.063   -981763    0 
43600:    1.00    0.073    0.012 0.147 0.251    0.024 0.042 0.063   -981876    0 
43700:    1.00    0.076    0.012 0.147 0.251    0.024 0.042 0.062   -982071    0 
43800:    1.00    0.090    0.012 0.144 0.248    0.023 0.042 0.062   -981942    0 
43900:    1.00    0.099    0.012 0.143 0.246    0.023 0.042 0.062   -982417    0 

--------------------------------------------
Proportion of membership of each pre-defined
 population in each of the 3 clusters

Given    Inferred Clusters       Number of
 Pop       1      2      3      Individuals

  1:     0.671  0.220  0.109       23
--------------------------------------------

 Rep#:   Lambda   Alpha      F1    F2    F3     D1,2  D1,3  D2,3    Ln Like  Est Ln P(D)
44000:    1.00    0.077    0.012 0.143 0.249    0.023 0.042 0.061   -982517    0 
44100:    1.00    0.129    0.012 0.143 0.251    0.023 0.042 0.062   -982182    0 
44200:    1.00    0.089    0.012 0.143 0.251    0.023 0.042 0.062   -982019    0 
44300:    1.00    0.111    0.012 0.143 0.252    0.023 0.043 0.062   -982202    0 
44400:    1.00    0.131    0.012 0.146 0.252    0.023 0.042 0.062   -981575    0 
44500:    1.00    0.083    0.012 0.146 0.254    0.023 0.042 0.063   -981750    0 
44600:    1.00    0.063    0.012 0.147 0.253    0.024 0.043 0.063   -982049    0 
44700:    1.00    0.093    0.012 0.146 0.254    0.023 0.043 0.063   -981802    0 
44800:    1.00    0.045    0.012 0.146 0.256    0.023 0.043 0.063   -982011    0 
44900:    1.00    0.087    0.012 0.145 0.256    0.023 0.043 0.064   -981996    0 

--------------------------------------------
Proportion of membership of each pre-defined
 population in each of the 3 clusters

Given    Inferred Clusters       Number of
 Pop       1      2      3      Individuals

  1:     0.679  0.216  0.105       23
--------------------------------------------

 Rep#:   Lambda   Alpha      F1    F2    F3     D1,2  D1,3  D2,3    Ln Like  Est Ln P(D)
45000:    1.00    0.077    0.012 0.145 0.256    0.023 0.043 0.062   -982405    0 
45100:    1.00    0.096    0.012 0.145 0.256    0.023 0.043 0.063   -982214    0 
45200:    1.00    0.093    0.012 0.146 0.256    0.023 0.043 0.063   -982258    0 
45300:    1.00    0.077    0.012 0.143 0.257    0.023 0.043 0.063   -981869    0 
45400:    1.00    0.048    0.012 0.144 0.255    0.023 0.043 0.063   -981755    0 
45500:    1.00    0.096    0.012 0.142 0.251    0.023 0.042 0.062   -982328    0 
45600:    1.00    0.064    0.012 0.142 0.250    0.023 0.042 0.061   -982286    0 
45700:    1.00    0.083    0.012 0.142 0.249    0.023 0.042 0.061   -982360    0 
45800:    1.00    0.068    0.012 0.142 0.250    0.023 0.042 0.061   -982023    0 
45900:    1.00    0.070    0.012 0.142 0.248    0.023 0.042 0.062   -982413    0 

--------------------------------------------
Proportion of membership of each pre-defined
 population in each of the 3 clusters

Given    Inferred Clusters       Number of
 Pop       1      2      3      Individuals

  1:     0.674  0.217  0.109       23
--------------------------------------------

 Rep#:   Lambda   Alpha      F1    F2    F3     D1,2  D1,3  D2,3    Ln Like  Est Ln P(D)
46000:    1.00    0.076    0.012 0.142 0.248    0.023 0.042 0.062   -981836    0 
46100:    1.00    0.087    0.012 0.142 0.246    0.023 0.041 0.061   -981874    0 
46200:    1.00    0.067    0.012 0.141 0.254    0.023 0.043 0.062   -982079    0 
46300:    1.00    0.038    0.012 0.141 0.254    0.023 0.043 0.062   -981909    0 
46400:    1.00    0.056    0.012 0.141 0.254    0.023 0.042 0.062   -982063    0 
46500:    1.00    0.054    0.012 0.141 0.250    0.023 0.042 0.061   -982707    0 
46600:    1.00    0.076    0.012 0.142 0.252    0.023 0.042 0.062   -982279    0 
46700:    1.00    0.053    0.012 0.142 0.253    0.023 0.043 0.062   -981596    0 
46800:    1.00    0.101    0.012 0.143 0.254    0.023 0.043 0.063   -981786    0 
46900:    1.00    0.072    0.012 0.145 0.250    0.023 0.042 0.062   -981871    0 

--------------------------------------------
Proportion of membership of each pre-defined
 population in each of the 3 clusters

Given    Inferred Clusters       Number of
 Pop       1      2      3      Individuals

  1:     0.675  0.217  0.108       23
--------------------------------------------

 Rep#:   Lambda   Alpha      F1    F2    F3     D1,2  D1,3  D2,3    Ln Like  Est Ln P(D)
47000:    1.00    0.085    0.012 0.147 0.249    0.024 0.042 0.062   -981918    0 
47100:    1.00    0.097    0.012 0.147 0.248    0.024 0.042 0.062   -982300    0 
47200:    1.00    0.052    0.012 0.147 0.247    0.024 0.042 0.062   -982079    0 
47300:    1.00    0.054    0.012 0.147 0.249    0.024 0.042 0.062   -981986    0 
47400:    1.00    0.110    0.012 0.145 0.248    0.023 0.041 0.062   -982372    0 
47500:    1.00    0.138    0.012 0.144 0.249    0.023 0.042 0.062   -982194    0 
47600:    1.00    0.105    0.012 0.146 0.248    0.024 0.042 0.062   -981972    0 
47700:    1.00    0.068    0.012 0.146 0.246    0.023 0.042 0.061   -981859    0 
47800:    1.00    0.082    0.012 0.146 0.245    0.024 0.041 0.062   -982278    0 
47900:    1.00    0.052    0.012 0.145 0.247    0.024 0.041 0.062   -982111    0 

--------------------------------------------
Proportion of membership of each pre-defined
 population in each of the 3 clusters

Given    Inferred Clusters       Number of
 Pop       1      2      3      Individuals

  1:     0.671  0.222  0.108       23
--------------------------------------------

 Rep#:   Lambda   Alpha      F1    F2    F3     D1,2  D1,3  D2,3    Ln Like  Est Ln P(D)
48000:    1.00    0.067    0.012 0.145 0.248    0.024 0.042 0.061   -981970    0 
48100:    1.00    0.059    0.012 0.145 0.249    0.023 0.043 0.062   -982463    0 
48200:    1.00    0.086    0.012 0.145 0.249    0.023 0.042 0.062   -982135    0 
48300:    1.00    0.058    0.012 0.145 0.248    0.023 0.042 0.061   -982283    0 
48400:    1.00    0.081    0.012 0.145 0.248    0.023 0.042 0.062   -981996    0 
48500:    1.00    0.081    0.012 0.142 0.247    0.023 0.042 0.061   -982280    0 
48600:    1.00    0.074    0.012 0.142 0.247    0.023 0.042 0.061   -982387    0 
48700:    1.00    0.079    0.012 0.141 0.253    0.023 0.043 0.062   -982033    0 
48800:    1.00    0.076    0.012 0.144 0.254    0.023 0.043 0.063   -982047    0 
48900:    1.00    0.093    0.012 0.144 0.254    0.023 0.043 0.063   -982037    0 

--------------------------------------------
Proportion of membership of each pre-defined
 population in each of the 3 clusters

Given    Inferred Clusters       Number of
 Pop       1      2      3      Individuals

  1:     0.674  0.218  0.108       23
--------------------------------------------

 Rep#:   Lambda   Alpha      F1    F2    F3     D1,2  D1,3  D2,3    Ln Like  Est Ln P(D)
49000:    1.00    0.083    0.012 0.144 0.255    0.023 0.043 0.063   -981406    0 
49100:    1.00    0.076    0.012 0.146 0.255    0.024 0.043 0.063   -981770    0 
49200:    1.00    0.071    0.012 0.145 0.256    0.023 0.044 0.063   -982189    0 
49300:    1.00    0.115    0.012 0.145 0.254    0.023 0.043 0.063   -981853    0 
49400:    1.00    0.098    0.012 0.147 0.252    0.024 0.042 0.063   -982093    0 
49500:    1.00    0.066    0.012 0.149 0.252    0.024 0.043 0.063   -981905    0 
49600:    1.00    0.070    0.012 0.146 0.250    0.023 0.042 0.063   -982340    0 
49700:    1.00    0.085    0.012 0.146 0.250    0.023 0.042 0.063   -981697    0 
49800:    1.00    0.083    0.012 0.145 0.249    0.024 0.042 0.062   -981883    0 
49900:    1.00    0.037    0.012 0.145 0.252    0.023 0.043 0.062   -981836    0 

--------------------------------------------
Proportion of membership of each pre-defined
 population in each of the 3 clusters

Given    Inferred Clusters       Number of
 Pop       1      2      3      Individuals

  1:     0.670  0.222  0.108       23
--------------------------------------------

 Rep#:   Lambda   Alpha      F1    F2    F3     D1,2  D1,3  D2,3    Ln Like  Est Ln P(D)
50000:    1.00    0.079    0.012 0.145 0.252    0.023 0.042 0.062   -982338    0 
50100:    1.00    0.086    0.012 0.145 0.258    0.023 0.043 0.063   -981954    0 
50200:    1.00    0.079    0.012 0.144 0.257    0.023 0.043 0.063   -981909    0 
50300:    1.00    0.073    0.012 0.143 0.256    0.023 0.043 0.063   -982161    0 
50400:    1.00    0.073    0.012 0.143 0.256    0.023 0.043 0.063   -981783    0 
50500:    1.00    0.077    0.012 0.143 0.258    0.023 0.043 0.063   -982091    0 
50600:    1.00    0.049    0.012 0.143 0.258    0.023 0.043 0.063   -981869    0 
50700:    1.00    0.047    0.012 0.141 0.260    0.023 0.044 0.063   -982223    0 
50800:    1.00    0.052    0.012 0.145 0.258    0.023 0.043 0.063   -981962    0 
50900:    1.00    0.097    0.012 0.145 0.253    0.023 0.043 0.063   -981615    0 

--------------------------------------------
Proportion of membership of each pre-defined
 population in each of the 3 clusters

Given    Inferred Clusters       Number of
 Pop       1      2      3      Individuals

  1:     0.671  0.222  0.107       23
--------------------------------------------

 Rep#:   Lambda   Alpha      F1    F2    F3     D1,2  D1,3  D2,3    Ln Like  Est Ln P(D)
51000:    1.00    0.090    0.012 0.144 0.252    0.023 0.042 0.063   -982269    0 
51100:    1.00    0.092    0.012 0.144 0.254    0.023 0.043 0.063   -982114    0 
51200:    1.00    0.082    0.012 0.142 0.250    0.023 0.042 0.061   -982370    0 
51300:    1.00    0.067    0.012 0.142 0.253    0.023 0.043 0.062   -981791    0 
51400:    1.00    0.085    0.012 0.141 0.256    0.023 0.043 0.063   -981802    0 
51500:    1.00    0.078    0.012 0.141 0.257    0.023 0.043 0.063   -982006    0 
51600:    1.00    0.075    0.012 0.141 0.258    0.023 0.043 0.063   -982180    0 
51700:    1.00    0.116    0.012 0.143 0.258    0.023 0.043 0.062   -982044    0 
51800:    1.00    0.069    0.012 0.142 0.255    0.023 0.043 0.062   -981875    0 
51900:    1.00    0.066    0.012 0.144 0.253    0.023 0.043 0.063   -982147    0 

--------------------------------------------
Proportion of membership of each pre-defined
 population in each of the 3 clusters

Given    Inferred Clusters       Number of
 Pop       1      2      3      Individuals

  1:     0.677  0.216  0.107       23
--------------------------------------------

 Rep#:   Lambda   Alpha      F1    F2    F3     D1,2  D1,3  D2,3    Ln Like  Est Ln P(D)
52000:    1.00    0.060    0.012 0.142 0.253    0.023 0.043 0.062   -981902    0 
52100:    1.00    0.087    0.012 0.142 0.252    0.023 0.043 0.062   -981853    0 
52200:    1.00    0.066    0.012 0.141 0.252    0.023 0.042 0.062   -982029    0 
52300:    1.00    0.092    0.012 0.143 0.251    0.023 0.043 0.062   -981672    0 
52400:    1.00    0.097    0.012 0.144 0.248    0.023 0.042 0.062   -982184    0 
52500:    1.00    0.072    0.012 0.143 0.246    0.023 0.041 0.062   -982648    0 
52600:    1.00    0.069    0.012 0.144 0.244    0.023 0.041 0.061   -982256    0 
52700:    1.00    0.061    0.012 0.142 0.246    0.023 0.042 0.060   -982535    0 
52800:    1.00    0.101    0.012 0.140 0.247    0.023 0.042 0.062   -982673    0 
52900:    1.00    0.056    0.012 0.140 0.249    0.023 0.042 0.062   -982098    0 

--------------------------------------------
Proportion of membership of each pre-defined
 population in each of the 3 clusters

Given    Inferred Clusters       Number of
 Pop       1      2      3      Individuals

  1:     0.678  0.215  0.107       23
--------------------------------------------

 Rep#:   Lambda   Alpha      F1    F2    F3     D1,2  D1,3  D2,3    Ln Like  Est Ln P(D)
53000:    1.00    0.138    0.012 0.140 0.248    0.023 0.042 0.062   -982354    0 
53100:    1.00    0.100    0.012 0.142 0.252    0.023 0.042 0.062   -982036    0 
53200:    1.00    0.088    0.012 0.144 0.254    0.023 0.042 0.062   -982423    0 
53300:    1.00    0.106    0.012 0.144 0.252    0.023 0.042 0.062   -982311    0 
53400:    1.00    0.076    0.012 0.147 0.250    0.023 0.042 0.062   -981895    0 
53500:    1.00    0.118    0.012 0.147 0.250    0.023 0.042 0.063   -982272    0 
53600:    1.00    0.097    0.012 0.146 0.253    0.023 0.043 0.063   -982330    0 
53700:    1.00    0.124    0.012 0.146 0.250    0.023 0.042 0.062   -982018    0 
53800:    1.00    0.116    0.012 0.146 0.252    0.023 0.042 0.062   -981785    0 
53900:    1.00    0.082    0.012 0.146 0.251    0.023 0.042 0.062   -981394    0 

--------------------------------------------
Proportion of membership of each pre-defined
 population in each of the 3 clusters

Given    Inferred Clusters       Number of
 Pop       1      2      3      Individuals

  1:     0.676  0.216  0.108       23
--------------------------------------------

 Rep#:   Lambda   Alpha      F1    F2    F3     D1,2  D1,3  D2,3    Ln Like  Est Ln P(D)
54000:    1.00    0.065    0.012 0.143 0.250    0.023 0.043 0.062   -982155    0 
54100:    1.00    0.050    0.012 0.145 0.248    0.024 0.042 0.062   -982232    0 
54200:    1.00    0.075    0.012 0.145 0.244    0.023 0.041 0.061   -982560    0 
54300:    1.00    0.087    0.012 0.144 0.246    0.023 0.042 0.062   -981871    0 
54400:    1.00    0.139    0.012 0.144 0.249    0.023 0.042 0.062   -982233    0 
54500:    1.00    0.121    0.012 0.144 0.254    0.023 0.043 0.062   -982079    0 
54600:    1.00    0.074    0.012 0.144 0.253    0.024 0.043 0.062   -981219    0 
54700:    1.00    0.098    0.012 0.145 0.253    0.023 0.043 0.063   -981901    0 
54800:    1.00    0.135    0.012 0.146 0.255    0.024 0.043 0.063   -982144    0 
54900:    1.00    0.089    0.012 0.146 0.255    0.023 0.043 0.063   -981876    0 

--------------------------------------------
Proportion of membership of each pre-defined
 population in each of the 3 clusters

Given    Inferred Clusters       Number of
 Pop       1      2      3      Individuals

  1:     0.670  0.223  0.107       23
--------------------------------------------

 Rep#:   Lambda   Alpha      F1    F2    F3     D1,2  D1,3  D2,3    Ln Like  Est Ln P(D)
55000:    1.00    0.073    0.012 0.146 0.255    0.023 0.043 0.062   -981939    0 
55100:    1.00    0.071    0.012 0.144 0.247    0.023 0.041 0.061   -982008    0 
55200:    1.00    0.058    0.012 0.144 0.251    0.023 0.042 0.062   -982379    0 
55300:    1.00    0.114    0.012 0.145 0.251    0.023 0.042 0.063   -982082    0 
55400:    1.00    0.097    0.012 0.144 0.248    0.023 0.042 0.062   -982460    0 
55500:    1.00    0.076    0.012 0.144 0.248    0.023 0.041 0.061   -981720    0 
55600:    1.00    0.069    0.012 0.144 0.247    0.023 0.041 0.061   -981358    0 
55700:    1.00    0.066    0.012 0.141 0.246    0.023 0.042 0.061   -982638    0 
55800:    1.00    0.069    0.012 0.144 0.249    0.023 0.041 0.061   -981976    0 
55900:    1.00    0.071    0.012 0.146 0.248    0.024 0.042 0.062   -982072    0 

--------------------------------------------
Proportion of membership of each pre-defined
 population in each of the 3 clusters

Given    Inferred Clusters       Number of
 Pop       1      2      3      Individuals

  1:     0.674  0.217  0.108       23
--------------------------------------------

 Rep#:   Lambda   Alpha      F1    F2    F3     D1,2  D1,3  D2,3    Ln Like  Est Ln P(D)
56000:    1.00    0.077    0.012 0.143 0.248    0.023 0.042 0.061   -982048    0 
56100:    1.00    0.120    0.012 0.142 0.247    0.023 0.041 0.061   -982066    0 
56200:    1.00    0.086    0.012 0.145 0.246    0.024 0.041 0.062   -982193    0 
56300:    1.00    0.075    0.012 0.146 0.242    0.024 0.041 0.061   -981865    0 
56400:    1.00    0.097    0.012 0.147 0.240    0.024 0.041 0.061   -982042    0 
56500:    1.00    0.084    0.012 0.146 0.244    0.023 0.041 0.061   -982072    0 
56600:    1.00    0.066    0.012 0.146 0.245    0.023 0.042 0.062   -982200    0 
56700:    1.00    0.054    0.012 0.146 0.248    0.023 0.041 0.061   -981901    0 
56800:    1.00    0.050    0.012 0.145 0.252    0.023 0.042 0.062   -981828    0 
56900:    1.00    0.078    0.012 0.145 0.252    0.023 0.043 0.063   -981436    0 

--------------------------------------------
Proportion of membership of each pre-defined
 population in each of the 3 clusters

Given    Inferred Clusters       Number of
 Pop       1      2      3      Individuals

  1:     0.677  0.216  0.107       23
--------------------------------------------

 Rep#:   Lambda   Alpha      F1    F2    F3     D1,2  D1,3  D2,3    Ln Like  Est Ln P(D)
57000:    1.00    0.074    0.012 0.144 0.252    0.023 0.043 0.062   -981909    0 
57100:    1.00    0.060    0.012 0.144 0.253    0.023 0.043 0.062   -982034    0 
57200:    1.00    0.070    0.012 0.144 0.250    0.023 0.042 0.062   -981961    0 
57300:    1.00    0.088    0.012 0.145 0.247    0.023 0.041 0.061   -982061    0 
57400:    1.00    0.082    0.012 0.144 0.246    0.023 0.041 0.061   -981871    0 
57500:    1.00    0.071    0.012 0.146 0.245    0.023 0.042 0.061   -982220    0 
57600:    1.00    0.053    0.012 0.143 0.244    0.023 0.041 0.061   -982096    0 
57700:    1.00    0.046    0.012 0.144 0.245    0.023 0.042 0.062   -981863    0 
57800:    1.00    0.091    0.012 0.144 0.247    0.023 0.042 0.062   -981522    0 
57900:    1.00    0.103    0.012 0.147 0.246    0.024 0.042 0.062   -982678    0 

--------------------------------------------
Proportion of membership of each pre-defined
 population in each of the 3 clusters

Given    Inferred Clusters       Number of
 Pop       1      2      3      Individuals

  1:     0.674  0.217  0.109       23
--------------------------------------------

 Rep#:   Lambda   Alpha      F1    F2    F3     D1,2  D1,3  D2,3    Ln Like  Est Ln P(D)
58000:    1.00    0.090    0.012 0.147 0.244    0.024 0.041 0.061   -982326    0 
58100:    1.00    0.123    0.012 0.146 0.240    0.024 0.041 0.061   -981762    0 
58200:    1.00    0.139    0.012 0.145 0.240    0.023 0.040 0.060   -982206    0 
58300:    1.00    0.098    0.012 0.149 0.238    0.024 0.041 0.062   -982275    0 
58400:    1.00    0.086    0.012 0.148 0.239    0.024 0.041 0.061   -982140    0 
58500:    1.00    0.102    0.012 0.148 0.241    0.024 0.040 0.061   -982163    0 
58600:    1.00    0.065    0.012 0.146 0.243    0.023 0.041 0.061   -982287    0 
58700:    1.00    0.065    0.012 0.149 0.245    0.024 0.041 0.062   -981844    0 
58800:    1.00    0.060    0.012 0.148 0.246    0.024 0.041 0.061   -981872    0 
58900:    1.00    0.080    0.012 0.150 0.252    0.024 0.042 0.063   -981662    0 

--------------------------------------------
Proportion of membership of each pre-defined
 population in each of the 3 clusters

Given    Inferred Clusters       Number of
 Pop       1      2      3      Individuals

  1:     0.675  0.219  0.107       23
--------------------------------------------

 Rep#:   Lambda   Alpha      F1    F2    F3     D1,2  D1,3  D2,3    Ln Like  Est Ln P(D)
59000:    1.00    0.087    0.012 0.151 0.256    0.024 0.043 0.063   -981741    0 
59100:    1.00    0.080    0.012 0.151 0.259    0.024 0.043 0.064   -981837    0 
59200:    1.00    0.066    0.012 0.151 0.259    0.024 0.043 0.065   -981545    0 
59300:    1.00    0.078    0.012 0.153 0.257    0.024 0.043 0.065   -981943    0 
59400:    1.00    0.074    0.012 0.153 0.255    0.024 0.043 0.064   -982051    0 
59500:    1.00    0.058    0.012 0.155 0.255    0.024 0.043 0.064   -982020    0 
59600:    1.00    0.068    0.012 0.156 0.256    0.024 0.043 0.064   -982202    0 
59700:    1.00    0.068    0.012 0.157 0.257    0.025 0.042 0.064   -981639    0 
59800:    1.00    0.060    0.012 0.155 0.261    0.025 0.044 0.065   -981842    0 
59900:    1.00    0.065    0.012 0.151 0.260    0.024 0.043 0.064   -982247    0 
60000:    1.00    0.100    0.012 0.152 0.259    0.024 0.043 0.064   -982611    0 

MCMC completed

Inferred ancestry of individuals:
        Label (%Miss) Pop:  Inferred clusters
  1 18160D-09-0    (2)    1 :  0.928 0.072 0.000 
  2 18160D-09-0    (4)    1 :  0.918 0.082 0.000 
  3 18160D-09-0    (2)    1 :  0.289 0.711 0.000 
  4 18160D-09-0    (5)    1 :  0.000 1.000 0.000 
  5 18160D-09-0    (4)    1 :  0.133 0.867 0.000 
  6 18160D-09-0    (4)    1 :  0.088 0.912 0.000 
  7 18160D-09-0    (2)    1 :  0.010 0.990 0.000 
  8 18160D-09-0    (4)    1 :  0.950 0.050 0.000 
  9 18160D-09-0    (2)    1 :  0.833 0.000 0.167 
 10 18160D-09-1    (2)    1 :  0.000 0.000 1.000 
 11 18160D-09-1    (2)    1 :  0.692 0.000 0.308 
 12 18160D-09-1    (2)    1 :  0.821 0.000 0.178 
 13 18160D-09-1    (5)    1 :  0.906 0.094 0.000 
 14 18160D-09-1   (18)    1 :  0.912 0.088 0.000 
 15 18160D-09-1    (4)    1 :  0.998 0.002 0.000 
 16 18160D-09-1    (2)    1 :  0.121 0.026 0.853 
 17 18160D-09-1    (2)    1 :  0.936 0.064 0.000 
 18 18160D-09-1    (2)    1 :  1.000 0.000 0.000 
 19 18160D-09-1    (2)    1 :  0.986 0.014 0.000 
 20 18160D-09-2    (5)    1 :  0.999 0.001 0.000 
 21 18160D-09-2    (5)    1 :  0.928 0.071 0.000 
 22 18160D-09-2    (5)    1 :  1.000 0.000 0.000 
 23 18160D-09-2    (2)    1 :  0.989 0.011 0.000 

Command line arguments:   structure -D 469633 -K 3 -m mainparams -o k3/populations_k3_run2 
Input File:    populations.str
Output File:   k3/populations_k3_run2_f

Run parameters:
   23 individuals
   50160 loci
   3 populations assumed
   10000 Burn-in period
   50000 Reps
RANDOMIZE turned off

--------------------------------------------
Estimated Ln Prob of Data   = -1171033.1
Mean value of ln likelihood = -982093.2
Variance of ln likelihood   = 377879.9
Mean value of alpha         = 0.0803

Mean value of Fst_1         = 0.0130
Mean value of Fst_2         = 0.1453
Mean value of Fst_3         = 0.2468


--------------------------------------------
Proportion of membership of each pre-defined
 population in each of the 3 clusters

Given    Inferred Clusters       Number of
 Pop       1      2      3      Individuals

  1:     0.671  0.220  0.109       23
--------------------------------------------
Final results printed to file k3/populations_k3_run2_f

