

----------------------------------------------------
STRUCTURE by Pritchard, Stephens and Donnelly (2000)
     and Falush, Stephens and Pritchard (2003)
       Code by Pritchard, Falush and Hubisz
             Version 2.3.4 (Jul 2012)
----------------------------------------------------


Reading file "mainparams".
datafile is
populations.str
Reading file "extraparams".
Reading file "populations.str".


Data file "populations.str" (truncated) --

Ind:   Label Pop : Genotype_data . . . .
  1: 18160D-09-0    1  :  4   1   3   1   4   1   3  . . . .   2
  1: 18160D-09-0    1  :  4   1   3   1   4   4   4  . . . .   4
  2: 18160D-09-0    1  :  4   1   3   1   4   1   3  . . . .   2
  2: 18160D-09-0    1  :  4   1   3   1   4   4   3  . . . .   4
  3: 18160D-09-0    1  :  4   1   0   0   0   0   3  . . . .   2
  3: 18160D-09-0    1  :  4   3   0   0   0   0   3  . . . .   4
  4: 18160D-09-0    1  :  4   1   3   1   4   1   3  . . . .   2
  4: 18160D-09-0    1  :  4   3   3   1   4   1   3  . . . .   4

      *******   

 22: 18160D-09-2    1  :  4   1   3   1   4   1   3  . . . .   2
 22: 18160D-09-2    1  :  4   3   3   1   4   1   4  . . . .   4
 23: 18160D-09-2    1  :  4   1   3   1   4   1   3  . . . .   2
 23: 18160D-09-2    1  :  4   1   3   1   4   4   4  . . . .   4

Number of alleles per locus: min= 2; ave=2.0; max= 2


--------------------------------------

Finished initialization; starting MCMC 
50000 iterations + 10000 burnin


--------------------------------------------
Proportion of membership of each pre-defined
 population in each of the 3 clusters

Given    Inferred Clusters       Number of
 Pop       1      2      3      Individuals

  1:     0.339  0.332  0.329       23
--------------------------------------------

 Rep#:   Lambda   Alpha      F1    F2    F3     D1,2  D1,3  D2,3    Ln Like 
  100:    1.00    1.818    0.010 0.010 0.010    0.003 0.003 0.003   --  
  200:    1.00    2.261    0.010 0.010 0.010    0.003 0.003 0.003   --  
  300:    1.00    2.440    0.010 0.010 0.010    0.003 0.003 0.003   --  
  400:    1.00    2.598    0.010 0.010 0.010    0.003 0.003 0.003   --  
  500:    1.00    2.696    0.010 0.010 0.010    0.003 0.003 0.003   --  
  600:    1.00    2.504    0.010 0.010 0.010    0.003 0.003 0.003   --  
  700:    1.00    2.119    0.010 0.010 0.010    0.003 0.003 0.003   --  
  800:    1.00    2.007    0.010 0.010 0.010    0.003 0.003 0.003   --  
  900:    1.00    1.619    0.010 0.011 0.010    0.003 0.003 0.003   --  

--------------------------------------------
Proportion of membership of each pre-defined
 population in each of the 3 clusters

Given    Inferred Clusters       Number of
 Pop       1      2      3      Individuals

  1:     0.392  0.354  0.254       23
--------------------------------------------

 Rep#:   Lambda   Alpha      F1    F2    F3     D1,2  D1,3  D2,3    Ln Like 
 1000:    1.00    0.982    0.010 0.012 0.010    0.003 0.003 0.003   --  
 1100:    1.00    0.494    0.010 0.012 0.010    0.003 0.003 0.003   --  
 1200:    1.00    0.303    0.010 0.012 0.010    0.004 0.003 0.004   --  
 1300:    1.00    0.324    0.010 0.013 0.010    0.004 0.003 0.004   --  
 1400:    1.00    0.187    0.010 0.014 0.010    0.004 0.003 0.004   --  
 1500:    1.00    0.124    0.011 0.016 0.011    0.004 0.003 0.004   --  
 1600:    1.00    0.067    0.011 0.019 0.011    0.005 0.003 0.005   --  
 1700:    1.00    0.045    0.011 0.022 0.011    0.005 0.003 0.005   --  
 1800:    1.00    0.023    0.011 0.026 0.011    0.006 0.003 0.006   --  
 1900:    1.00    0.024    0.011 0.029 0.011    0.007 0.004 0.007   --  

--------------------------------------------
Proportion of membership of each pre-defined
 population in each of the 3 clusters

Given    Inferred Clusters       Number of
 Pop       1      2      3      Individuals

  1:     0.540  0.233  0.228       23
--------------------------------------------

 Rep#:   Lambda   Alpha      F1    F2    F3     D1,2  D1,3  D2,3    Ln Like 
 2000:    1.00    0.035    0.011 0.033 0.011    0.007 0.003 0.007   --  
 2100:    1.00    0.026    0.011 0.062 0.011    0.011 0.003 0.011   --  
 2200:    1.00    0.056    0.011 0.089 0.011    0.015 0.004 0.016   --  
 2300:    1.00    0.041    0.011 0.101 0.011    0.017 0.004 0.017   --  
 2400:    1.00    0.025    0.011 0.103 0.011    0.018 0.004 0.018   --  
 2500:    1.00    0.023    0.011 0.109 0.012    0.018 0.004 0.019   --  
 2600:    1.00    0.039    0.012 0.114 0.012    0.019 0.004 0.019   --  
 2700:    1.00    0.045    0.012 0.116 0.012    0.019 0.004 0.020   --  
 2800:    1.00    0.044    0.012 0.117 0.013    0.020 0.004 0.020   --  
 2900:    1.00    0.026    0.012 0.123 0.013    0.020 0.004 0.021   --  

--------------------------------------------
Proportion of membership of each pre-defined
 population in each of the 3 clusters

Given    Inferred Clusters       Number of
 Pop       1      2      3      Individuals

  1:     0.559  0.223  0.218       23
--------------------------------------------

 Rep#:   Lambda   Alpha      F1    F2    F3     D1,2  D1,3  D2,3    Ln Like 
 3000:    1.00    0.024    0.012 0.123 0.013    0.020 0.004 0.021   --  
 3100:    1.00    0.028    0.012 0.128 0.013    0.021 0.004 0.022   --  
 3200:    1.00    0.028    0.012 0.128 0.013    0.021 0.004 0.021   --  
 3300:    1.00    0.024    0.012 0.128 0.013    0.021 0.004 0.022   --  
 3400:    1.00    0.062    0.012 0.129 0.013    0.021 0.004 0.022   --  
 3500:    1.00    0.042    0.012 0.129 0.014    0.021 0.004 0.022   --  
 3600:    1.00    0.049    0.012 0.133 0.014    0.022 0.004 0.023   --  
 3700:    1.00    0.043    0.012 0.139 0.015    0.023 0.004 0.024   --  
 3800:    1.00    0.063    0.012 0.137 0.016    0.022 0.004 0.024   --  
 3900:    1.00    0.038    0.012 0.137 0.017    0.022 0.005 0.024   --  

--------------------------------------------
Proportion of membership of each pre-defined
 population in each of the 3 clusters

Given    Inferred Clusters       Number of
 Pop       1      2      3      Individuals

  1:     0.556  0.227  0.218       23
--------------------------------------------

 Rep#:   Lambda   Alpha      F1    F2    F3     D1,2  D1,3  D2,3    Ln Like 
 4000:    1.00    0.056    0.013 0.138 0.017    0.023 0.005 0.024   --  
 4100:    1.00    0.034    0.013 0.141 0.019    0.023 0.005 0.024   --  
 4200:    1.00    0.034    0.013 0.141 0.021    0.023 0.005 0.025   --  
 4300:    1.00    0.070    0.013 0.143 0.024    0.023 0.006 0.025   --  
 4400:    1.00    0.086    0.013 0.142 0.027    0.023 0.006 0.026   --  
 4500:    1.00    0.073    0.013 0.142 0.029    0.023 0.007 0.026   --  
 4600:    1.00    0.058    0.013 0.146 0.029    0.024 0.007 0.027   --  
 4700:    1.00    0.026    0.013 0.146 0.030    0.024 0.007 0.027   --  
 4800:    1.00    0.044    0.013 0.148 0.030    0.024 0.007 0.028   --  
 4900:    1.00    0.047    0.013 0.150 0.032    0.024 0.007 0.028   --  

--------------------------------------------
Proportion of membership of each pre-defined
 population in each of the 3 clusters

Given    Inferred Clusters       Number of
 Pop       1      2      3      Individuals

  1:     0.565  0.219  0.216       23
--------------------------------------------

 Rep#:   Lambda   Alpha      F1    F2    F3     D1,2  D1,3  D2,3    Ln Like 
 5000:    1.00    0.041    0.013 0.149 0.033    0.024 0.007 0.028   --  
 5100:    1.00    0.044    0.013 0.149 0.035    0.024 0.008 0.028   --  
 5200:    1.00    0.058    0.013 0.145 0.035    0.023 0.008 0.028   --  
 5300:    1.00    0.084    0.013 0.145 0.037    0.024 0.008 0.028   --  
 5400:    1.00    0.064    0.013 0.145 0.039    0.024 0.008 0.028   --  
 5500:    1.00    0.033    0.014 0.145 0.040    0.023 0.009 0.028   --  
 5600:    1.00    0.053    0.014 0.144 0.041    0.023 0.009 0.028   --  
 5700:    1.00    0.049    0.014 0.143 0.041    0.024 0.009 0.029   --  
 5800:    1.00    0.075    0.014 0.145 0.042    0.024 0.009 0.029   --  
 5900:    1.00    0.059    0.014 0.145 0.042    0.024 0.009 0.029   --  

--------------------------------------------
Proportion of membership of each pre-defined
 population in each of the 3 clusters

Given    Inferred Clusters       Number of
 Pop       1      2      3      Individuals

  1:     0.584  0.212  0.204       23
--------------------------------------------

 Rep#:   Lambda   Alpha      F1    F2    F3     D1,2  D1,3  D2,3    Ln Like 
 6000:    1.00    0.063    0.014 0.147 0.042    0.024 0.009 0.029   --  
 6100:    1.00    0.055    0.014 0.147 0.046    0.024 0.010 0.030   --  
 6200:    1.00    0.046    0.014 0.146 0.047    0.024 0.010 0.030   --  
 6300:    1.00    0.099    0.014 0.146 0.055    0.024 0.011 0.031   --  
 6400:    1.00    0.075    0.014 0.146 0.058    0.024 0.012 0.031   --  
 6500:    1.00    0.066    0.014 0.146 0.059    0.024 0.012 0.032   --  
 6600:    1.00    0.075    0.014 0.144 0.064    0.024 0.013 0.032   --  
 6700:    1.00    0.045    0.014 0.144 0.070    0.024 0.014 0.033   --  
 6800:    1.00    0.054    0.014 0.146 0.081    0.024 0.015 0.035   --  
 6900:    1.00    0.057    0.014 0.145 0.091    0.024 0.017 0.037   --  

--------------------------------------------
Proportion of membership of each pre-defined
 population in each of the 3 clusters

Given    Inferred Clusters       Number of
 Pop       1      2      3      Individuals

  1:     0.630  0.217  0.154       23
--------------------------------------------

 Rep#:   Lambda   Alpha      F1    F2    F3     D1,2  D1,3  D2,3    Ln Like 
 7000:    1.00    0.045    0.014 0.144 0.100    0.024 0.019 0.039   --  
 7100:    1.00    0.081    0.014 0.143 0.120    0.024 0.022 0.041   --  
 7200:    1.00    0.046    0.014 0.142 0.133    0.023 0.025 0.044   --  
 7300:    1.00    0.056    0.014 0.144 0.144    0.023 0.026 0.045   --  
 7400:    1.00    0.054    0.014 0.144 0.162    0.023 0.029 0.048   --  
 7500:    1.00    0.031    0.014 0.141 0.171    0.023 0.030 0.050   --  
 7600:    1.00    0.062    0.014 0.145 0.183    0.024 0.032 0.052   --  
 7700:    1.00    0.077    0.014 0.146 0.197    0.024 0.034 0.054   --  
 7800:    1.00    0.079    0.014 0.146 0.200    0.024 0.034 0.054   --  
 7900:    1.00    0.092    0.014 0.148 0.202    0.024 0.035 0.054   --  

--------------------------------------------
Proportion of membership of each pre-defined
 population in each of the 3 clusters

Given    Inferred Clusters       Number of
 Pop       1      2      3      Individuals

  1:     0.671  0.213  0.116       23
--------------------------------------------

 Rep#:   Lambda   Alpha      F1    F2    F3     D1,2  D1,3  D2,3    Ln Like 
 8000:    1.00    0.055    0.014 0.147 0.204    0.024 0.035 0.054   --  
 8100:    1.00    0.082    0.014 0.146 0.206    0.024 0.035 0.055   --  
 8200:    1.00    0.070    0.014 0.144 0.214    0.024 0.037 0.057   --  
 8300:    1.00    0.053    0.014 0.143 0.218    0.023 0.037 0.056   --  
 8400:    1.00    0.063    0.014 0.142 0.219    0.024 0.037 0.057   --  
 8500:    1.00    0.070    0.014 0.142 0.225    0.023 0.038 0.057   --  
 8600:    1.00    0.054    0.014 0.145 0.228    0.024 0.039 0.059   --  
 8700:    1.00    0.038    0.014 0.146 0.228    0.024 0.039 0.059   --  
 8800:    1.00    0.071    0.014 0.145 0.233    0.024 0.040 0.059   --  
 8900:    1.00    0.098    0.014 0.145 0.238    0.024 0.040 0.060   --  

--------------------------------------------
Proportion of membership of each pre-defined
 population in each of the 3 clusters

Given    Inferred Clusters       Number of
 Pop       1      2      3      Individuals

  1:     0.673  0.217  0.110       23
--------------------------------------------

 Rep#:   Lambda   Alpha      F1    F2    F3     D1,2  D1,3  D2,3    Ln Like 
 9000:    1.00    0.107    0.014 0.147 0.238    0.024 0.041 0.060   --  
 9100:    1.00    0.095    0.014 0.146 0.241    0.024 0.041 0.061   --  
 9200:    1.00    0.120    0.014 0.148 0.247    0.024 0.042 0.062   --  
 9300:    1.00    0.069    0.014 0.150 0.246    0.024 0.042 0.062   --  
 9400:    1.00    0.050    0.014 0.150 0.241    0.024 0.041 0.061   --  
 9500:    1.00    0.096    0.014 0.149 0.244    0.024 0.042 0.062   --  
 9600:    1.00    0.091    0.014 0.149 0.244    0.025 0.042 0.062   --  
 9700:    1.00    0.095    0.015 0.147 0.244    0.024 0.041 0.061   --  
 9800:    1.00    0.079    0.015 0.146 0.246    0.024 0.042 0.061   --  
 9900:    1.00    0.049    0.014 0.146 0.248    0.024 0.043 0.062   --  
10000:    1.00    0.090    0.014 0.147 0.248    0.024 0.042 0.062   --  

BURNIN completed
 Rep#:   Lambda   Alpha      F1    F2    F3     D1,2  D1,3  D2,3    Ln Like  Est Ln P(D)
10100:    1.00    0.121    0.014 0.146 0.251    0.024 0.042 0.062   -981649    0 
10200:    1.00    0.102    0.014 0.146 0.251    0.024 0.042 0.062   -981962    0 
10300:    1.00    0.128    0.015 0.147 0.249    0.024 0.042 0.062   -982088    0 
10400:    1.00    0.109    0.015 0.147 0.249    0.024 0.042 0.062   -981983    0 
10500:    1.00    0.086    0.015 0.149 0.254    0.024 0.043 0.063   -982154    0 
10600:    1.00    0.087    0.014 0.146 0.253    0.024 0.043 0.064   -981692    0 
10700:    1.00    0.082    0.014 0.146 0.254    0.024 0.043 0.064   -981776    0 
10800:    1.00    0.083    0.015 0.147 0.253    0.024 0.043 0.063   -982480    0 
10900:    1.00    0.060    0.015 0.147 0.254    0.024 0.043 0.063   -981525    0 

--------------------------------------------
Proportion of membership of each pre-defined
 population in each of the 3 clusters

Given    Inferred Clusters       Number of
 Pop       1      2      3      Individuals

  1:     0.674  0.218  0.108       23
--------------------------------------------

 Rep#:   Lambda   Alpha      F1    F2    F3     D1,2  D1,3  D2,3    Ln Like  Est Ln P(D)
11000:    1.00    0.098    0.015 0.146 0.258    0.024 0.043 0.063   -981929    0 
11100:    1.00    0.101    0.015 0.146 0.261    0.024 0.044 0.064   -981520    0 
11200:    1.00    0.078    0.015 0.148 0.257    0.024 0.043 0.063   -981438    0 
11300:    1.00    0.045    0.015 0.149 0.258    0.024 0.043 0.064   -981701    0 
11400:    1.00    0.071    0.015 0.147 0.255    0.024 0.043 0.063   -982233    0 
11500:    1.00    0.086    0.015 0.148 0.254    0.024 0.044 0.064   -982042    0 
11600:    1.00    0.092    0.015 0.147 0.254    0.024 0.043 0.063   -981499    0 
11700:    1.00    0.067    0.015 0.144 0.249    0.024 0.043 0.062   -981827    0 
11800:    1.00    0.099    0.015 0.144 0.251    0.023 0.042 0.062   -982139    0 
11900:    1.00    0.157    0.015 0.144 0.251    0.024 0.043 0.063   -982137    0 

--------------------------------------------
Proportion of membership of each pre-defined
 population in each of the 3 clusters

Given    Inferred Clusters       Number of
 Pop       1      2      3      Individuals

  1:     0.674  0.217  0.109       23
--------------------------------------------

 Rep#:   Lambda   Alpha      F1    F2    F3     D1,2  D1,3  D2,3    Ln Like  Est Ln P(D)
12000:    1.00    0.079    0.015 0.145 0.250    0.024 0.042 0.062   -982040    0 
12100:    1.00    0.092    0.015 0.145 0.249    0.024 0.043 0.062   -981949    0 
12200:    1.00    0.091    0.015 0.146 0.246    0.024 0.042 0.062   -982123    0 
12300:    1.00    0.099    0.015 0.146 0.241    0.024 0.041 0.061   -982429    0 
12400:    1.00    0.070    0.015 0.145 0.243    0.024 0.041 0.061   -982775    0 
12500:    1.00    0.090    0.015 0.145 0.247    0.024 0.042 0.062   -982283    0 
12600:    1.00    0.087    0.015 0.144 0.247    0.024 0.042 0.062   -982347    0 
12700:    1.00    0.081    0.015 0.145 0.243    0.024 0.041 0.061   -982281    0 
12800:    1.00    0.134    0.015 0.146 0.240    0.024 0.041 0.060   -982359    0 
12900:    1.00    0.101    0.015 0.146 0.240    0.024 0.041 0.061   -982735    0 

--------------------------------------------
Proportion of membership of each pre-defined
 population in each of the 3 clusters

Given    Inferred Clusters       Number of
 Pop       1      2      3      Individuals

  1:     0.672  0.219  0.109       23
--------------------------------------------

 Rep#:   Lambda   Alpha      F1    F2    F3     D1,2  D1,3  D2,3    Ln Like  Est Ln P(D)
13000:    1.00    0.098    0.015 0.146 0.240    0.024 0.041 0.061   -982663    0 
13100:    1.00    0.078    0.015 0.145 0.244    0.024 0.041 0.061   -982131    0 
13200:    1.00    0.132    0.015 0.146 0.250    0.024 0.042 0.062   -982538    0 
13300:    1.00    0.150    0.015 0.144 0.249    0.024 0.042 0.062   -982466    0 
13400:    1.00    0.101    0.015 0.144 0.248    0.024 0.042 0.061   -982117    0 
13500:    1.00    0.080    0.015 0.144 0.247    0.024 0.042 0.061   -982471    0 
13600:    1.00    0.063    0.015 0.146 0.245    0.024 0.042 0.062   -981866    0 
13700:    1.00    0.057    0.015 0.145 0.243    0.024 0.042 0.061   -981959    0 
13800:    1.00    0.088    0.015 0.145 0.246    0.024 0.042 0.061   -981741    0 
13900:    1.00    0.095    0.015 0.144 0.246    0.024 0.042 0.061   -981656    0 

--------------------------------------------
Proportion of membership of each pre-defined
 population in each of the 3 clusters

Given    Inferred Clusters       Number of
 Pop       1      2      3      Individuals

  1:     0.673  0.218  0.109       23
--------------------------------------------

 Rep#:   Lambda   Alpha      F1    F2    F3     D1,2  D1,3  D2,3    Ln Like  Est Ln P(D)
14000:    1.00    0.043    0.015 0.143 0.246    0.023 0.042 0.061   -982253    0 
14100:    1.00    0.090    0.015 0.142 0.247    0.023 0.042 0.061   -981944    0 
14200:    1.00    0.097    0.015 0.142 0.246    0.024 0.042 0.061   -981921    0 
14300:    1.00    0.085    0.015 0.144 0.245    0.023 0.042 0.061   -982216    0 
14400:    1.00    0.089    0.015 0.143 0.244    0.024 0.041 0.060   -982298    0 
14500:    1.00    0.071    0.015 0.143 0.243    0.023 0.041 0.060   -981637    0 
14600:    1.00    0.054    0.015 0.143 0.243    0.023 0.042 0.061   -982292    0 
14700:    1.00    0.060    0.015 0.142 0.242    0.023 0.041 0.061   -982573    0 
14800:    1.00    0.075    0.015 0.141 0.239    0.023 0.041 0.059   -982262    0 
14900:    1.00    0.042    0.015 0.142 0.243    0.023 0.041 0.061   -981925    0 

--------------------------------------------
Proportion of membership of each pre-defined
 population in each of the 3 clusters

Given    Inferred Clusters       Number of
 Pop       1      2      3      Individuals

  1:     0.670  0.220  0.109       23
--------------------------------------------

 Rep#:   Lambda   Alpha      F1    F2    F3     D1,2  D1,3  D2,3    Ln Like  Est Ln P(D)
15000:    1.00    0.095    0.015 0.142 0.245    0.023 0.041 0.060   -981848    0 
15100:    1.00    0.090    0.015 0.141 0.245    0.023 0.042 0.061   -982143    0 
15200:    1.00    0.075    0.015 0.141 0.245    0.023 0.042 0.061   -981918    0 
15300:    1.00    0.104    0.015 0.141 0.244    0.023 0.042 0.061   -982233    0 
15400:    1.00    0.072    0.015 0.141 0.247    0.023 0.042 0.061   -982433    0 
15500:    1.00    0.082    0.015 0.140 0.247    0.023 0.042 0.061   -981869    0 
15600:    1.00    0.064    0.015 0.140 0.248    0.023 0.042 0.060   -982134    0 
15700:    1.00    0.095    0.015 0.140 0.253    0.023 0.043 0.062   -981641    0 
15800:    1.00    0.083    0.015 0.140 0.252    0.023 0.043 0.062   -981977    0 
15900:    1.00    0.079    0.015 0.140 0.250    0.023 0.043 0.062   -982081    0 

--------------------------------------------
Proportion of membership of each pre-defined
 population in each of the 3 clusters

Given    Inferred Clusters       Number of
 Pop       1      2      3      Individuals

  1:     0.674  0.217  0.109       23
--------------------------------------------

 Rep#:   Lambda   Alpha      F1    F2    F3     D1,2  D1,3  D2,3    Ln Like  Est Ln P(D)
16000:    1.00    0.079    0.015 0.140 0.245    0.023 0.042 0.061   -981949    0 
16100:    1.00    0.080    0.015 0.143 0.246    0.023 0.042 0.061   -982094    0 
16200:    1.00    0.083    0.015 0.143 0.246    0.023 0.042 0.061   -982247    0 
16300:    1.00    0.044    0.015 0.143 0.246    0.024 0.041 0.061   -981802    0 
16400:    1.00    0.061    0.015 0.146 0.243    0.024 0.041 0.061   -982068    0 
16500:    1.00    0.071    0.015 0.146 0.244    0.024 0.041 0.061   -981781    0 
16600:    1.00    0.089    0.015 0.146 0.243    0.024 0.041 0.061   -982266    0 
16700:    1.00    0.058    0.015 0.146 0.246    0.024 0.042 0.062   -981719    0 
16800:    1.00    0.063    0.015 0.146 0.246    0.024 0.043 0.062   -981836    0 
16900:    1.00    0.086    0.015 0.145 0.246    0.024 0.042 0.062   -982009    0 

--------------------------------------------
Proportion of membership of each pre-defined
 population in each of the 3 clusters

Given    Inferred Clusters       Number of
 Pop       1      2      3      Individuals

  1:     0.671  0.220  0.109       23
--------------------------------------------

 Rep#:   Lambda   Alpha      F1    F2    F3     D1,2  D1,3  D2,3    Ln Like  Est Ln P(D)
17000:    1.00    0.101    0.015 0.147 0.246    0.024 0.042 0.062   -981984    0 
17100:    1.00    0.064    0.015 0.148 0.244    0.024 0.042 0.062   -982244    0 
17200:    1.00    0.081    0.015 0.144 0.247    0.024 0.042 0.061   -982136    0 
17300:    1.00    0.049    0.014 0.144 0.247    0.024 0.042 0.062   -981898    0 
17400:    1.00    0.060    0.014 0.143 0.245    0.024 0.041 0.061   -982164    0 
17500:    1.00    0.064    0.014 0.143 0.250    0.023 0.042 0.061   -981571    0 
17600:    1.00    0.088    0.014 0.143 0.250    0.024 0.043 0.062   -982335    0 
17700:    1.00    0.084    0.014 0.142 0.250    0.023 0.043 0.062   -981977    0 
17800:    1.00    0.047    0.014 0.145 0.251    0.024 0.042 0.062   -981856    0 
17900:    1.00    0.062    0.014 0.144 0.247    0.023 0.042 0.061   -982016    0 

--------------------------------------------
Proportion of membership of each pre-defined
 population in each of the 3 clusters

Given    Inferred Clusters       Number of
 Pop       1      2      3      Individuals

  1:     0.675  0.218  0.107       23
--------------------------------------------

 Rep#:   Lambda   Alpha      F1    F2    F3     D1,2  D1,3  D2,3    Ln Like  Est Ln P(D)
18000:    1.00    0.090    0.015 0.144 0.248    0.023 0.042 0.062   -981925    0 
18100:    1.00    0.085    0.015 0.143 0.252    0.023 0.043 0.062   -981756    0 
18200:    1.00    0.080    0.015 0.144 0.252    0.023 0.042 0.062   -981759    0 
18300:    1.00    0.092    0.014 0.146 0.254    0.024 0.043 0.063   -981957    0 
18400:    1.00    0.086    0.015 0.143 0.253    0.023 0.043 0.062   -982091    0 
18500:    1.00    0.064    0.015 0.144 0.250    0.024 0.043 0.062   -981702    0 
18600:    1.00    0.073    0.015 0.141 0.256    0.023 0.043 0.062   -981488    0 
18700:    1.00    0.059    0.015 0.141 0.251    0.023 0.043 0.062   -981581    0 
18800:    1.00    0.085    0.015 0.141 0.248    0.023 0.042 0.061   -982185    0 
18900:    1.00    0.061    0.015 0.140 0.248    0.023 0.042 0.061   -981682    0 

--------------------------------------------
Proportion of membership of each pre-defined
 population in each of the 3 clusters

Given    Inferred Clusters       Number of
 Pop       1      2      3      Individuals

  1:     0.670  0.222  0.108       23
--------------------------------------------

 Rep#:   Lambda   Alpha      F1    F2    F3     D1,2  D1,3  D2,3    Ln Like  Est Ln P(D)
19000:    1.00    0.074    0.015 0.140 0.249    0.023 0.042 0.061   -981363    0 
19100:    1.00    0.043    0.015 0.138 0.251    0.023 0.043 0.062   -982024    0 
19200:    1.00    0.056    0.015 0.138 0.251    0.022 0.043 0.061   -982213    0 
19300:    1.00    0.083    0.015 0.139 0.255    0.023 0.043 0.062   -981506    0 
19400:    1.00    0.061    0.015 0.139 0.255    0.023 0.043 0.062   -981911    0 
19500:    1.00    0.071    0.015 0.139 0.255    0.023 0.043 0.062   -981908    0 
19600:    1.00    0.086    0.015 0.138 0.253    0.023 0.043 0.062   -982131    0 
19700:    1.00    0.113    0.015 0.142 0.255    0.024 0.043 0.062   -981603    0 
19800:    1.00    0.114    0.015 0.140 0.255    0.023 0.043 0.063   -982088    0 
19900:    1.00    0.118    0.015 0.144 0.257    0.024 0.043 0.062   -981410    0 

--------------------------------------------
Proportion of membership of each pre-defined
 population in each of the 3 clusters

Given    Inferred Clusters       Number of
 Pop       1      2      3      Individuals

  1:     0.668  0.227  0.104       23
--------------------------------------------

 Rep#:   Lambda   Alpha      F1    F2    F3     D1,2  D1,3  D2,3    Ln Like  Est Ln P(D)
20000:    1.00    0.101    0.015 0.143 0.262    0.023 0.044 0.064   -982241    0 
20100:    1.00    0.091    0.015 0.146 0.261    0.024 0.044 0.064   -981781    0 
20200:    1.00    0.087    0.015 0.143 0.261    0.023 0.044 0.064   -981564    0 
20300:    1.00    0.068    0.015 0.143 0.260    0.023 0.044 0.063   -982067    0 
20400:    1.00    0.089    0.015 0.143 0.256    0.023 0.043 0.063   -981689    0 
20500:    1.00    0.081    0.015 0.143 0.255    0.023 0.043 0.063   -981786    0 
20600:    1.00    0.073    0.014 0.144 0.255    0.023 0.043 0.062   -981959    0 
20700:    1.00    0.081    0.014 0.143 0.256    0.023 0.043 0.063   -981985    0 
20800:    1.00    0.069    0.014 0.143 0.255    0.023 0.043 0.062   -981644    0 
20900:    1.00    0.102    0.014 0.142 0.253    0.023 0.043 0.062   -982174    0 

--------------------------------------------
Proportion of membership of each pre-defined
 population in each of the 3 clusters

Given    Inferred Clusters       Number of
 Pop       1      2      3      Individuals

  1:     0.668  0.224  0.108       23
--------------------------------------------

 Rep#:   Lambda   Alpha      F1    F2    F3     D1,2  D1,3  D2,3    Ln Like  Est Ln P(D)
21000:    1.00    0.096    0.014 0.144 0.252    0.023 0.043 0.062   -981962    0 
21100:    1.00    0.094    0.014 0.145 0.252    0.023 0.043 0.062   -982283    0 
21200:    1.00    0.107    0.014 0.143 0.253    0.023 0.042 0.062   -982106    0 
21300:    1.00    0.124    0.014 0.142 0.252    0.023 0.043 0.063   -981922    0 
21400:    1.00    0.127    0.014 0.140 0.250    0.023 0.043 0.062   -981724    0 
21500:    1.00    0.086    0.014 0.141 0.251    0.023 0.043 0.062   -982246    0 
21600:    1.00    0.085    0.014 0.142 0.252    0.023 0.042 0.062   -982032    0 
21700:    1.00    0.115    0.014 0.143 0.253    0.023 0.043 0.062   -981639    0 
21800:    1.00    0.074    0.014 0.144 0.251    0.023 0.042 0.062   -981627    0 
21900:    1.00    0.067    0.014 0.144 0.252    0.024 0.043 0.063   -981691    0 

--------------------------------------------
Proportion of membership of each pre-defined
 population in each of the 3 clusters

Given    Inferred Clusters       Number of
 Pop       1      2      3      Individuals

  1:     0.670  0.221  0.109       23
--------------------------------------------

 Rep#:   Lambda   Alpha      F1    F2    F3     D1,2  D1,3  D2,3    Ln Like  Est Ln P(D)
22000:    1.00    0.074    0.014 0.144 0.253    0.024 0.043 0.063   -982184    0 
22100:    1.00    0.093    0.014 0.144 0.253    0.024 0.043 0.062   -981738    0 
22200:    1.00    0.100    0.014 0.145 0.251    0.024 0.042 0.062   -981879    0 
22300:    1.00    0.142    0.014 0.144 0.253    0.024 0.043 0.063   -982080    0 
22400:    1.00    0.100    0.014 0.144 0.253    0.024 0.043 0.062   -982015    0 
22500:    1.00    0.098    0.014 0.144 0.251    0.023 0.043 0.062   -982243    0 
22600:    1.00    0.093    0.014 0.144 0.251    0.024 0.043 0.062   -981492    0 
22700:    1.00    0.074    0.015 0.144 0.254    0.023 0.043 0.063   -981923    0 
22800:    1.00    0.073    0.015 0.143 0.252    0.023 0.043 0.063   -981816    0 
22900:    1.00    0.089    0.015 0.143 0.244    0.024 0.042 0.062   -981765    0 

--------------------------------------------
Proportion of membership of each pre-defined
 population in each of the 3 clusters

Given    Inferred Clusters       Number of
 Pop       1      2      3      Individuals

  1:     0.666  0.226  0.108       23
--------------------------------------------

 Rep#:   Lambda   Alpha      F1    F2    F3     D1,2  D1,3  D2,3    Ln Like  Est Ln P(D)
23000:    1.00    0.106    0.015 0.143 0.244    0.024 0.042 0.061   -982039    0 
23100:    1.00    0.121    0.015 0.143 0.244    0.024 0.042 0.061   -981521    0 
23200:    1.00    0.139    0.015 0.143 0.251    0.024 0.043 0.062   -981997    0 
23300:    1.00    0.120    0.015 0.143 0.251    0.023 0.043 0.062   -981403    0 
23400:    1.00    0.089    0.015 0.144 0.251    0.024 0.043 0.062   -981973    0 
23500:    1.00    0.102    0.015 0.144 0.251    0.024 0.042 0.062   -981821    0 
23600:    1.00    0.091    0.015 0.146 0.247    0.024 0.042 0.062   -982084    0 
23700:    1.00    0.097    0.015 0.146 0.247    0.024 0.043 0.062   -981482    0 
23800:    1.00    0.108    0.015 0.146 0.246    0.024 0.042 0.061   -981778    0 
23900:    1.00    0.079    0.015 0.147 0.246    0.024 0.042 0.062   -982532    0 

--------------------------------------------
Proportion of membership of each pre-defined
 population in each of the 3 clusters

Given    Inferred Clusters       Number of
 Pop       1      2      3      Individuals

  1:     0.668  0.223  0.108       23
--------------------------------------------

 Rep#:   Lambda   Alpha      F1    F2    F3     D1,2  D1,3  D2,3    Ln Like  Est Ln P(D)
24000:    1.00    0.068    0.015 0.148 0.246    0.024 0.042 0.062   -982373    0 
24100:    1.00    0.087    0.015 0.148 0.246    0.024 0.042 0.062   -982396    0 
24200:    1.00    0.131    0.015 0.148 0.246    0.024 0.042 0.062   -981712    0 
24300:    1.00    0.070    0.015 0.145 0.245    0.024 0.042 0.062   -981888    0 
24400:    1.00    0.087    0.015 0.146 0.245    0.024 0.042 0.061   -982260    0 
24500:    1.00    0.063    0.015 0.145 0.248    0.024 0.042 0.062   -981790    0 
24600:    1.00    0.059    0.015 0.145 0.248    0.024 0.043 0.062   -982087    0 
24700:    1.00    0.088    0.015 0.146 0.248    0.024 0.042 0.062   -982143    0 
24800:    1.00    0.053    0.015 0.146 0.248    0.024 0.042 0.062   -981553    0 
24900:    1.00    0.093    0.015 0.147 0.246    0.024 0.042 0.061   -982425    0 

--------------------------------------------
Proportion of membership of each pre-defined
 population in each of the 3 clusters

Given    Inferred Clusters       Number of
 Pop       1      2      3      Individuals

  1:     0.666  0.222  0.111       23
--------------------------------------------

 Rep#:   Lambda   Alpha      F1    F2    F3     D1,2  D1,3  D2,3    Ln Like  Est Ln P(D)
25000:    1.00    0.096    0.015 0.145 0.243    0.024 0.042 0.061   -981804    0 
25100:    1.00    0.083    0.015 0.145 0.243    0.024 0.041 0.061   -982099    0 
25200:    1.00    0.053    0.015 0.148 0.239    0.024 0.041 0.061   -981977    0 
25300:    1.00    0.103    0.015 0.148 0.243    0.024 0.041 0.061   -981885    0 
25400:    1.00    0.088    0.015 0.148 0.242    0.024 0.041 0.061   -982592    0 
25500:    1.00    0.065    0.015 0.149 0.242    0.024 0.041 0.061   -982348    0 
25600:    1.00    0.098    0.014 0.150 0.242    0.024 0.042 0.062   -981955    0 
25700:    1.00    0.087    0.014 0.151 0.244    0.024 0.041 0.062   -981920    0 
25800:    1.00    0.095    0.014 0.148 0.243    0.024 0.041 0.062   -982288    0 
25900:    1.00    0.092    0.014 0.149 0.244    0.024 0.042 0.063   -981946    0 

--------------------------------------------
Proportion of membership of each pre-defined
 population in each of the 3 clusters

Given    Inferred Clusters       Number of
 Pop       1      2      3      Individuals

  1:     0.672  0.218  0.110       23
--------------------------------------------

 Rep#:   Lambda   Alpha      F1    F2    F3     D1,2  D1,3  D2,3    Ln Like  Est Ln P(D)
26000:    1.00    0.107    0.014 0.149 0.244    0.024 0.042 0.062   -981985    0 
26100:    1.00    0.058    0.014 0.148 0.247    0.024 0.042 0.063   -981892    0 
26200:    1.00    0.066    0.014 0.148 0.246    0.024 0.041 0.062   -981954    0 
26300:    1.00    0.086    0.015 0.148 0.247    0.024 0.042 0.063   -981896    0 
26400:    1.00    0.078    0.015 0.149 0.245    0.024 0.042 0.062   -982311    0 
26500:    1.00    0.049    0.015 0.149 0.246    0.024 0.042 0.062   -981730    0 
26600:    1.00    0.094    0.015 0.149 0.246    0.025 0.042 0.062   -981711    0 
26700:    1.00    0.097    0.014 0.149 0.246    0.024 0.042 0.062   -981877    0 
26800:    1.00    0.153    0.014 0.150 0.248    0.025 0.042 0.063   -981396    0 
26900:    1.00    0.062    0.014 0.148 0.248    0.024 0.042 0.063   -981989    0 

--------------------------------------------
Proportion of membership of each pre-defined
 population in each of the 3 clusters

Given    Inferred Clusters       Number of
 Pop       1      2      3      Individuals

  1:     0.669  0.223  0.108       23
--------------------------------------------

 Rep#:   Lambda   Alpha      F1    F2    F3     D1,2  D1,3  D2,3    Ln Like  Est Ln P(D)
27000:    1.00    0.088    0.014 0.149 0.249    0.024 0.042 0.063   -982100    0 
27100:    1.00    0.088    0.014 0.149 0.249    0.024 0.043 0.063   -981850    0 
27200:    1.00    0.110    0.014 0.148 0.250    0.024 0.042 0.063   -981975    0 
27300:    1.00    0.109    0.014 0.150 0.253    0.025 0.043 0.063   -981440    0 
27400:    1.00    0.108    0.014 0.152 0.250    0.024 0.042 0.063   -981553    0 
27500:    1.00    0.107    0.014 0.149 0.245    0.024 0.042 0.062   -981866    0 
27600:    1.00    0.048    0.014 0.149 0.245    0.024 0.042 0.062   -981994    0 
27700:    1.00    0.093    0.014 0.147 0.246    0.024 0.042 0.062   -981893    0 
27800:    1.00    0.096    0.014 0.147 0.246    0.024 0.042 0.062   -981905    0 
27900:    1.00    0.077    0.014 0.149 0.244    0.024 0.042 0.062   -982200    0 

--------------------------------------------
Proportion of membership of each pre-defined
 population in each of the 3 clusters

Given    Inferred Clusters       Number of
 Pop       1      2      3      Individuals

  1:     0.671  0.218  0.110       23
--------------------------------------------

 Rep#:   Lambda   Alpha      F1    F2    F3     D1,2  D1,3  D2,3    Ln Like  Est Ln P(D)
28000:    1.00    0.078    0.014 0.152 0.245    0.024 0.042 0.062   -981524    0 
28100:    1.00    0.140    0.014 0.152 0.247    0.025 0.042 0.063   -982571    0 
28200:    1.00    0.074    0.014 0.152 0.246    0.025 0.042 0.063   -981888    0 
28300:    1.00    0.094    0.014 0.152 0.242    0.024 0.041 0.062   -982565    0 
28400:    1.00    0.107    0.014 0.152 0.239    0.024 0.040 0.061   -982679    0 
28500:    1.00    0.077    0.014 0.152 0.244    0.025 0.041 0.062   -981816    0 
28600:    1.00    0.080    0.014 0.152 0.247    0.025 0.042 0.062   -982220    0 
28700:    1.00    0.090    0.014 0.151 0.243    0.025 0.041 0.062   -982650    0 
28800:    1.00    0.097    0.014 0.151 0.249    0.024 0.042 0.063   -981548    0 
28900:    1.00    0.133    0.014 0.151 0.247    0.025 0.042 0.062   -982285    0 

--------------------------------------------
Proportion of membership of each pre-defined
 population in each of the 3 clusters

Given    Inferred Clusters       Number of
 Pop       1      2      3      Individuals

  1:     0.673  0.218  0.109       23
--------------------------------------------

 Rep#:   Lambda   Alpha      F1    F2    F3     D1,2  D1,3  D2,3    Ln Like  Est Ln P(D)
29000:    1.00    0.065    0.014 0.151 0.248    0.024 0.042 0.062   -981780    0 
29100:    1.00    0.099    0.014 0.151 0.250    0.024 0.042 0.062   -982076    0 
29200:    1.00    0.067    0.014 0.151 0.251    0.025 0.042 0.063   -981919    0 
29300:    1.00    0.076    0.014 0.151 0.251    0.024 0.042 0.062   -982010    0 
29400:    1.00    0.088    0.014 0.150 0.249    0.024 0.042 0.063   -981587    0 
29500:    1.00    0.111    0.014 0.151 0.248    0.024 0.042 0.062   -981992    0 
29600:    1.00    0.057    0.014 0.152 0.247    0.025 0.042 0.063   -981734    0 
29700:    1.00    0.080    0.014 0.153 0.249    0.025 0.042 0.063   -982113    0 
29800:    1.00    0.066    0.014 0.154 0.244    0.025 0.042 0.063   -982225    0 
29900:    1.00    0.058    0.014 0.154 0.247    0.025 0.042 0.063   -982141    0 

--------------------------------------------
Proportion of membership of each pre-defined
 population in each of the 3 clusters

Given    Inferred Clusters       Number of
 Pop       1      2      3      Individuals

  1:     0.674  0.218  0.108       23
--------------------------------------------

 Rep#:   Lambda   Alpha      F1    F2    F3     D1,2  D1,3  D2,3    Ln Like  Est Ln P(D)
30000:    1.00    0.093    0.014 0.154 0.248    0.025 0.042 0.063   -982477    0 
30100:    1.00    0.078    0.014 0.153 0.250    0.025 0.042 0.063   -982309    0 
30200:    1.00    0.083    0.014 0.152 0.248    0.025 0.042 0.063   -982094    0 
30300:    1.00    0.059    0.014 0.152 0.248    0.024 0.042 0.063   -981911    0 
30400:    1.00    0.068    0.014 0.149 0.251    0.024 0.043 0.063   -982276    0 
30500:    1.00    0.064    0.014 0.148 0.250    0.024 0.043 0.063   -981919    0 
30600:    1.00    0.053    0.014 0.149 0.248    0.024 0.042 0.063   -982343    0 
30700:    1.00    0.066    0.014 0.149 0.249    0.024 0.042 0.062   -982051    0 
30800:    1.00    0.068    0.013 0.149 0.249    0.024 0.042 0.062   -982027    0 
30900:    1.00    0.062    0.013 0.150 0.250    0.024 0.042 0.062   -982285    0 

--------------------------------------------
Proportion of membership of each pre-defined
 population in each of the 3 clusters

Given    Inferred Clusters       Number of
 Pop       1      2      3      Individuals

  1:     0.682  0.210  0.108       23
--------------------------------------------

 Rep#:   Lambda   Alpha      F1    F2    F3     D1,2  D1,3  D2,3    Ln Like  Est Ln P(D)
31000:    1.00    0.098    0.013 0.150 0.251    0.024 0.042 0.062   -981864    0 
31100:    1.00    0.102    0.013 0.151 0.248    0.024 0.042 0.063   -982051    0 
31200:    1.00    0.050    0.013 0.151 0.247    0.024 0.042 0.062   -982230    0 
31300:    1.00    0.048    0.013 0.151 0.250    0.024 0.042 0.063   -982480    0 
31400:    1.00    0.063    0.013 0.150 0.253    0.024 0.042 0.063   -982569    0 
31500:    1.00    0.071    0.013 0.150 0.253    0.024 0.043 0.063   -982546    0 
31600:    1.00    0.049    0.013 0.149 0.252    0.024 0.043 0.063   -981855    0 
31700:    1.00    0.065    0.013 0.147 0.251    0.024 0.043 0.063   -982197    0 
31800:    1.00    0.094    0.013 0.148 0.252    0.024 0.043 0.063   -982135    0 
31900:    1.00    0.074    0.013 0.148 0.252    0.024 0.043 0.063   -982086    0 

--------------------------------------------
Proportion of membership of each pre-defined
 population in each of the 3 clusters

Given    Inferred Clusters       Number of
 Pop       1      2      3      Individuals

  1:     0.684  0.209  0.107       23
--------------------------------------------

 Rep#:   Lambda   Alpha      F1    F2    F3     D1,2  D1,3  D2,3    Ln Like  Est Ln P(D)
32000:    1.00    0.072    0.013 0.147 0.252    0.024 0.043 0.063   -982167    0 
32100:    1.00    0.071    0.013 0.147 0.253    0.024 0.043 0.064   -982020    0 
32200:    1.00    0.081    0.013 0.146 0.254    0.024 0.043 0.063   -981940    0 
32300:    1.00    0.048    0.013 0.150 0.254    0.024 0.042 0.063   -981522    0 
32400:    1.00    0.077    0.013 0.147 0.252    0.024 0.042 0.063   -982401    0 
32500:    1.00    0.051    0.013 0.146 0.254    0.023 0.043 0.063   -982129    0 
32600:    1.00    0.088    0.013 0.146 0.254    0.023 0.043 0.063   -982005    0 
32700:    1.00    0.054    0.013 0.146 0.255    0.024 0.043 0.063   -982291    0 
32800:    1.00    0.059    0.013 0.144 0.255    0.024 0.043 0.063   -981937    0 
32900:    1.00    0.057    0.013 0.141 0.254    0.023 0.043 0.063   -982136    0 

--------------------------------------------
Proportion of membership of each pre-defined
 population in each of the 3 clusters

Given    Inferred Clusters       Number of
 Pop       1      2      3      Individuals

  1:     0.676  0.215  0.109       23
--------------------------------------------

 Rep#:   Lambda   Alpha      F1    F2    F3     D1,2  D1,3  D2,3    Ln Like  Est Ln P(D)
33000:    1.00    0.042    0.013 0.142 0.253    0.023 0.043 0.062   -981680    0 
33100:    1.00    0.045    0.013 0.141 0.252    0.023 0.043 0.062   -981860    0 
33200:    1.00    0.062    0.013 0.142 0.254    0.023 0.043 0.063   -981695    0 
33300:    1.00    0.081    0.013 0.142 0.253    0.023 0.043 0.062   -982147    0 
33400:    1.00    0.106    0.013 0.145 0.253    0.024 0.043 0.062   -982434    0 
33500:    1.00    0.046    0.013 0.146 0.253    0.024 0.043 0.063   -981596    0 
33600:    1.00    0.080    0.013 0.146 0.254    0.024 0.043 0.062   -982019    0 
33700:    1.00    0.089    0.013 0.145 0.253    0.024 0.043 0.063   -982318    0 
33800:    1.00    0.089    0.013 0.144 0.251    0.023 0.043 0.062   -981876    0 
33900:    1.00    0.082    0.013 0.144 0.250    0.023 0.042 0.062   -981854    0 

--------------------------------------------
Proportion of membership of each pre-defined
 population in each of the 3 clusters

Given    Inferred Clusters       Number of
 Pop       1      2      3      Individuals

  1:     0.675  0.218  0.107       23
--------------------------------------------

 Rep#:   Lambda   Alpha      F1    F2    F3     D1,2  D1,3  D2,3    Ln Like  Est Ln P(D)
34000:    1.00    0.091    0.013 0.144 0.251    0.023 0.042 0.062   -982246    0 
34100:    1.00    0.081    0.013 0.147 0.252    0.024 0.043 0.062   -982347    0 
34200:    1.00    0.061    0.013 0.147 0.254    0.024 0.043 0.063   -982086    0 
34300:    1.00    0.103    0.013 0.149 0.253    0.024 0.043 0.062   -981730    0 
34400:    1.00    0.105    0.013 0.150 0.253    0.024 0.043 0.063   -981993    0 
34500:    1.00    0.072    0.013 0.149 0.253    0.024 0.043 0.063   -982112    0 
34600:    1.00    0.096    0.013 0.149 0.252    0.024 0.042 0.063   -981857    0 
34700:    1.00    0.093    0.013 0.149 0.252    0.024 0.042 0.063   -982164    0 
34800:    1.00    0.136    0.013 0.149 0.247    0.024 0.042 0.063   -981802    0 
34900:    1.00    0.062    0.013 0.152 0.246    0.024 0.042 0.062   -981661    0 

--------------------------------------------
Proportion of membership of each pre-defined
 population in each of the 3 clusters

Given    Inferred Clusters       Number of
 Pop       1      2      3      Individuals

  1:     0.673  0.220  0.107       23
--------------------------------------------

 Rep#:   Lambda   Alpha      F1    F2    F3     D1,2  D1,3  D2,3    Ln Like  Est Ln P(D)
35000:    1.00    0.071    0.013 0.149 0.248    0.024 0.042 0.062   -982081    0 
35100:    1.00    0.051    0.013 0.147 0.249    0.024 0.042 0.062   -981955    0 
35200:    1.00    0.072    0.013 0.144 0.249    0.024 0.042 0.062   -982120    0 
35300:    1.00    0.073    0.013 0.146 0.247    0.024 0.041 0.061   -982184    0 
35400:    1.00    0.083    0.013 0.147 0.248    0.024 0.042 0.062   -982715    0 
35500:    1.00    0.071    0.013 0.146 0.249    0.024 0.042 0.062   -981966    0 
35600:    1.00    0.088    0.013 0.146 0.247    0.024 0.041 0.061   -982326    0 
35700:    1.00    0.125    0.013 0.146 0.248    0.024 0.042 0.063   -982280    0 
35800:    1.00    0.096    0.013 0.146 0.246    0.023 0.041 0.061   -982048    0 
35900:    1.00    0.098    0.013 0.149 0.249    0.024 0.042 0.063   -981871    0 

--------------------------------------------
Proportion of membership of each pre-defined
 population in each of the 3 clusters

Given    Inferred Clusters       Number of
 Pop       1      2      3      Individuals

  1:     0.676  0.216  0.109       23
--------------------------------------------

 Rep#:   Lambda   Alpha      F1    F2    F3     D1,2  D1,3  D2,3    Ln Like  Est Ln P(D)
36000:    1.00    0.111    0.013 0.149 0.251    0.024 0.042 0.062   -982434    0 
36100:    1.00    0.081    0.013 0.149 0.251    0.024 0.042 0.062   -982239    0 
36200:    1.00    0.069    0.013 0.150 0.254    0.024 0.043 0.063   -982199    0 
36300:    1.00    0.052    0.013 0.149 0.254    0.024 0.043 0.063   -982094    0 
36400:    1.00    0.065    0.013 0.149 0.253    0.024 0.042 0.062   -981976    0 
36500:    1.00    0.073    0.013 0.151 0.252    0.025 0.042 0.063   -982330    0 
36600:    1.00    0.087    0.013 0.150 0.250    0.024 0.042 0.063   -982020    0 
36700:    1.00    0.060    0.013 0.151 0.246    0.024 0.042 0.062   -982270    0 
36800:    1.00    0.118    0.013 0.151 0.244    0.024 0.041 0.062   -981679    0 
36900:    1.00    0.083    0.013 0.148 0.244    0.024 0.042 0.062   -982351    0 

--------------------------------------------
Proportion of membership of each pre-defined
 population in each of the 3 clusters

Given    Inferred Clusters       Number of
 Pop       1      2      3      Individuals

  1:     0.670  0.221  0.109       23
--------------------------------------------

 Rep#:   Lambda   Alpha      F1    F2    F3     D1,2  D1,3  D2,3    Ln Like  Est Ln P(D)
37000:    1.00    0.108    0.013 0.148 0.243    0.024 0.041 0.062   -982570    0 
37100:    1.00    0.101    0.013 0.149 0.244    0.024 0.041 0.061   -982150    0 
37200:    1.00    0.153    0.012 0.149 0.246    0.024 0.042 0.062   -981728    0 
37300:    1.00    0.109    0.012 0.149 0.243    0.024 0.041 0.062   -982296    0 
37400:    1.00    0.131    0.012 0.150 0.249    0.024 0.042 0.062   -982495    0 
37500:    1.00    0.068    0.012 0.148 0.250    0.024 0.042 0.063   -982436    0 
37600:    1.00    0.073    0.012 0.152 0.250    0.024 0.042 0.063   -982217    0 
37700:    1.00    0.085    0.012 0.151 0.253    0.024 0.043 0.064   -982080    0 
37800:    1.00    0.094    0.012 0.151 0.254    0.024 0.043 0.064   -982107    0 
37900:    1.00    0.091    0.012 0.151 0.254    0.024 0.042 0.063   -982587    0 

--------------------------------------------
Proportion of membership of each pre-defined
 population in each of the 3 clusters

Given    Inferred Clusters       Number of
 Pop       1      2      3      Individuals

  1:     0.679  0.213  0.108       23
--------------------------------------------

 Rep#:   Lambda   Alpha      F1    F2    F3     D1,2  D1,3  D2,3    Ln Like  Est Ln P(D)
38000:    1.00    0.070    0.012 0.151 0.254    0.024 0.043 0.063   -982323    0 
38100:    1.00    0.072    0.012 0.151 0.251    0.024 0.043 0.064   -982194    0 
38200:    1.00    0.110    0.012 0.149 0.251    0.024 0.043 0.064   -981910    0 
38300:    1.00    0.087    0.012 0.148 0.250    0.024 0.042 0.063   -981844    0 
38400:    1.00    0.063    0.012 0.148 0.247    0.024 0.041 0.062   -982279    0 
38500:    1.00    0.055    0.012 0.150 0.247    0.024 0.042 0.063   -982627    0 
38600:    1.00    0.077    0.012 0.151 0.248    0.025 0.042 0.063   -982646    0 
38700:    1.00    0.093    0.012 0.152 0.250    0.024 0.042 0.063   -982695    0 
38800:    1.00    0.080    0.012 0.152 0.252    0.025 0.042 0.064   -981773    0 
38900:    1.00    0.103    0.012 0.149 0.249    0.024 0.042 0.063   -981908    0 

--------------------------------------------
Proportion of membership of each pre-defined
 population in each of the 3 clusters

Given    Inferred Clusters       Number of
 Pop       1      2      3      Individuals

  1:     0.676  0.215  0.109       23
--------------------------------------------

 Rep#:   Lambda   Alpha      F1    F2    F3     D1,2  D1,3  D2,3    Ln Like  Est Ln P(D)
39000:    1.00    0.169    0.012 0.149 0.249    0.024 0.042 0.063   -982063    0 
39100:    1.00    0.077    0.012 0.148 0.250    0.024 0.042 0.063   -982146    0 
39200:    1.00    0.078    0.012 0.146 0.250    0.023 0.042 0.062   -982250    0 
39300:    1.00    0.090    0.012 0.148 0.258    0.024 0.044 0.064   -981862    0 
39400:    1.00    0.057    0.012 0.146 0.258    0.024 0.043 0.063   -982287    0 
39500:    1.00    0.056    0.012 0.145 0.256    0.023 0.043 0.063   -982033    0 
39600:    1.00    0.085    0.012 0.145 0.255    0.024 0.043 0.064   -982028    0 
39700:    1.00    0.075    0.012 0.145 0.252    0.023 0.043 0.063   -982271    0 
39800:    1.00    0.060    0.012 0.147 0.257    0.024 0.043 0.064   -982376    0 
39900:    1.00    0.102    0.012 0.148 0.260    0.024 0.043 0.064   -981475    0 

--------------------------------------------
Proportion of membership of each pre-defined
 population in each of the 3 clusters

Given    Inferred Clusters       Number of
 Pop       1      2      3      Individuals

  1:     0.676  0.217  0.108       23
--------------------------------------------

 Rep#:   Lambda   Alpha      F1    F2    F3     D1,2  D1,3  D2,3    Ln Like  Est Ln P(D)
40000:    1.00    0.137    0.012 0.148 0.260    0.024 0.044 0.064   -981681    0 
40100:    1.00    0.084    0.012 0.147 0.260    0.024 0.043 0.064   -981645    0 
40200:    1.00    0.136    0.012 0.150 0.258    0.024 0.043 0.064   -981565    0 
40300:    1.00    0.063    0.012 0.149 0.259    0.024 0.043 0.064   -981937    0 
40400:    1.00    0.089    0.012 0.149 0.255    0.024 0.043 0.064   -981953    0 
40500:    1.00    0.099    0.012 0.149 0.250    0.024 0.042 0.063   -982120    0 
40600:    1.00    0.087    0.012 0.151 0.251    0.024 0.042 0.063   -982222    0 
40700:    1.00    0.102    0.012 0.150 0.250    0.024 0.042 0.063   -982002    0 
40800:    1.00    0.075    0.012 0.149 0.249    0.024 0.042 0.063   -982448    0 
40900:    1.00    0.054    0.012 0.150 0.247    0.024 0.042 0.063   -982270    0 

--------------------------------------------
Proportion of membership of each pre-defined
 population in each of the 3 clusters

Given    Inferred Clusters       Number of
 Pop       1      2      3      Individuals

  1:     0.679  0.214  0.108       23
--------------------------------------------

 Rep#:   Lambda   Alpha      F1    F2    F3     D1,2  D1,3  D2,3    Ln Like  Est Ln P(D)
41000:    1.00    0.050    0.012 0.149 0.245    0.024 0.042 0.062   -982260    0 
41100:    1.00    0.068    0.012 0.151 0.245    0.024 0.041 0.062   -982261    0 
41200:    1.00    0.032    0.012 0.151 0.244    0.024 0.041 0.062   -982051    0 
41300:    1.00    0.073    0.012 0.151 0.242    0.024 0.041 0.062   -982527    0 
41400:    1.00    0.069    0.012 0.151 0.242    0.024 0.041 0.061   -981832    0 
41500:    1.00    0.074    0.012 0.151 0.242    0.024 0.041 0.062   -981659    0 
41600:    1.00    0.069    0.012 0.151 0.243    0.024 0.041 0.061   -982404    0 
41700:    1.00    0.075    0.012 0.151 0.250    0.024 0.041 0.062   -981880    0 
41800:    1.00    0.061    0.012 0.152 0.247    0.024 0.041 0.063   -981998    0 
41900:    1.00    0.069    0.012 0.150 0.247    0.024 0.042 0.063   -982260    0 

--------------------------------------------
Proportion of membership of each pre-defined
 population in each of the 3 clusters

Given    Inferred Clusters       Number of
 Pop       1      2      3      Individuals

  1:     0.674  0.218  0.108       23
--------------------------------------------

 Rep#:   Lambda   Alpha      F1    F2    F3     D1,2  D1,3  D2,3    Ln Like  Est Ln P(D)
42000:    1.00    0.071    0.012 0.150 0.249    0.024 0.042 0.062   -982414    0 
42100:    1.00    0.088    0.012 0.150 0.248    0.024 0.042 0.063   -982351    0 
42200:    1.00    0.133    0.012 0.150 0.247    0.024 0.042 0.062   -982489    0 
42300:    1.00    0.097    0.012 0.148 0.250    0.024 0.042 0.063   -982437    0 
42400:    1.00    0.062    0.012 0.146 0.250    0.024 0.042 0.063   -982348    0 
42500:    1.00    0.071    0.012 0.146 0.251    0.024 0.042 0.063   -982525    0 
42600:    1.00    0.083    0.012 0.145 0.254    0.024 0.042 0.063   -982320    0 
42700:    1.00    0.091    0.012 0.147 0.253    0.024 0.043 0.063   -982448    0 
42800:    1.00    0.077    0.012 0.148 0.253    0.024 0.042 0.063   -982300    0 
42900:    1.00    0.082    0.012 0.147 0.254    0.024 0.043 0.063   -981992    0 

--------------------------------------------
Proportion of membership of each pre-defined
 population in each of the 3 clusters

Given    Inferred Clusters       Number of
 Pop       1      2      3      Individuals

  1:     0.678  0.213  0.109       23
--------------------------------------------

 Rep#:   Lambda   Alpha      F1    F2    F3     D1,2  D1,3  D2,3    Ln Like  Est Ln P(D)
43000:    1.00    0.080    0.012 0.148 0.255    0.024 0.043 0.064   -982012    0 
43100:    1.00    0.056    0.012 0.148 0.255    0.024 0.043 0.064   -981629    0 
43200:    1.00    0.081    0.012 0.149 0.249    0.024 0.042 0.062   -982117    0 
43300:    1.00    0.088    0.012 0.149 0.249    0.024 0.042 0.063   -981736    0 
43400:    1.00    0.061    0.012 0.149 0.249    0.024 0.042 0.063   -981952    0 
43500:    1.00    0.130    0.012 0.149 0.247    0.024 0.041 0.062   -981953    0 
43600:    1.00    0.064    0.012 0.149 0.248    0.024 0.042 0.063   -982193    0 
43700:    1.00    0.086    0.012 0.149 0.246    0.024 0.042 0.062   -982261    0 
43800:    1.00    0.095    0.012 0.149 0.249    0.024 0.042 0.062   -982668    0 
43900:    1.00    0.080    0.012 0.152 0.252    0.024 0.042 0.063   -981765    0 

--------------------------------------------
Proportion of membership of each pre-defined
 population in each of the 3 clusters

Given    Inferred Clusters       Number of
 Pop       1      2      3      Individuals

  1:     0.678  0.215  0.107       23
--------------------------------------------

 Rep#:   Lambda   Alpha      F1    F2    F3     D1,2  D1,3  D2,3    Ln Like  Est Ln P(D)
44000:    1.00    0.080    0.012 0.149 0.248    0.024 0.042 0.063   -981743    0 
44100:    1.00    0.078    0.012 0.149 0.247    0.024 0.041 0.062   -982086    0 
44200:    1.00    0.097    0.012 0.148 0.247    0.024 0.041 0.062   -982545    0 
44300:    1.00    0.055    0.012 0.148 0.244    0.024 0.041 0.062   -982418    0 
44400:    1.00    0.058    0.012 0.152 0.244    0.024 0.041 0.062   -982129    0 
44500:    1.00    0.087    0.012 0.150 0.247    0.024 0.042 0.062   -982465    0 
44600:    1.00    0.071    0.012 0.152 0.248    0.024 0.042 0.063   -982548    0 
44700:    1.00    0.046    0.012 0.152 0.248    0.024 0.041 0.062   -982493    0 
44800:    1.00    0.072    0.012 0.150 0.248    0.024 0.042 0.063   -981883    0 
44900:    1.00    0.051    0.012 0.150 0.250    0.024 0.042 0.063   -982038    0 

--------------------------------------------
Proportion of membership of each pre-defined
 population in each of the 3 clusters

Given    Inferred Clusters       Number of
 Pop       1      2      3      Individuals

  1:     0.686  0.207  0.107       23
--------------------------------------------

 Rep#:   Lambda   Alpha      F1    F2    F3     D1,2  D1,3  D2,3    Ln Like  Est Ln P(D)
45000:    1.00    0.073    0.012 0.151 0.252    0.024 0.042 0.063   -981996    0 
45100:    1.00    0.048    0.012 0.152 0.254    0.024 0.042 0.063   -981661    0 
45200:    1.00    0.080    0.011 0.150 0.253    0.024 0.042 0.063   -982151    0 
45300:    1.00    0.084    0.011 0.150 0.254    0.024 0.042 0.063   -982385    0 
45400:    1.00    0.067    0.011 0.150 0.253    0.024 0.043 0.064   -981985    0 
45500:    1.00    0.074    0.011 0.149 0.251    0.024 0.042 0.063   -982476    0 
45600:    1.00    0.047    0.011 0.148 0.251    0.024 0.043 0.063   -982353    0 
45700:    1.00    0.073    0.011 0.150 0.251    0.024 0.042 0.063   -982117    0 
45800:    1.00    0.063    0.011 0.150 0.252    0.024 0.042 0.063   -982044    0 
45900:    1.00    0.090    0.011 0.150 0.255    0.024 0.043 0.063   -981547    0 

--------------------------------------------
Proportion of membership of each pre-defined
 population in each of the 3 clusters

Given    Inferred Clusters       Number of
 Pop       1      2      3      Individuals

  1:     0.679  0.214  0.107       23
--------------------------------------------

 Rep#:   Lambda   Alpha      F1    F2    F3     D1,2  D1,3  D2,3    Ln Like  Est Ln P(D)
46000:    1.00    0.134    0.011 0.150 0.252    0.024 0.042 0.063   -982479    0 
46100:    1.00    0.091    0.011 0.148 0.250    0.024 0.042 0.062   -981937    0 
46200:    1.00    0.090    0.011 0.150 0.252    0.024 0.042 0.063   -982347    0 
46300:    1.00    0.051    0.011 0.148 0.251    0.024 0.042 0.063   -981986    0 
46400:    1.00    0.063    0.011 0.147 0.250    0.024 0.042 0.063   -982448    0 
46500:    1.00    0.056    0.011 0.147 0.252    0.024 0.042 0.063   -982467    0 
46600:    1.00    0.086    0.011 0.148 0.253    0.024 0.043 0.063   -981919    0 
46700:    1.00    0.069    0.011 0.151 0.258    0.024 0.044 0.065   -981783    0 
46800:    1.00    0.066    0.011 0.149 0.252    0.024 0.042 0.062   -982128    0 
46900:    1.00    0.049    0.011 0.149 0.259    0.024 0.043 0.064   -982054    0 

--------------------------------------------
Proportion of membership of each pre-defined
 population in each of the 3 clusters

Given    Inferred Clusters       Number of
 Pop       1      2      3      Individuals

  1:     0.682  0.212  0.106       23
--------------------------------------------

 Rep#:   Lambda   Alpha      F1    F2    F3     D1,2  D1,3  D2,3    Ln Like  Est Ln P(D)
47000:    1.00    0.078    0.011 0.148 0.259    0.023 0.044 0.064   -982203    0 
47100:    1.00    0.054    0.011 0.153 0.259    0.024 0.043 0.064   -982187    0 
47200:    1.00    0.049    0.011 0.151 0.261    0.024 0.044 0.065   -981602    0 
47300:    1.00    0.043    0.011 0.149 0.261    0.024 0.044 0.064   -982139    0 
47400:    1.00    0.060    0.011 0.149 0.261    0.024 0.044 0.064   -981273    0 
47500:    1.00    0.089    0.011 0.147 0.257    0.024 0.043 0.063   -982330    0 
47600:    1.00    0.074    0.011 0.147 0.253    0.023 0.043 0.063   -981920    0 
47700:    1.00    0.090    0.011 0.147 0.257    0.024 0.043 0.064   -982039    0 
47800:    1.00    0.111    0.011 0.148 0.250    0.024 0.042 0.063   -982583    0 
47900:    1.00    0.064    0.011 0.148 0.249    0.024 0.042 0.063   -981821    0 

--------------------------------------------
Proportion of membership of each pre-defined
 population in each of the 3 clusters

Given    Inferred Clusters       Number of
 Pop       1      2      3      Individuals

  1:     0.676  0.215  0.109       23
--------------------------------------------

 Rep#:   Lambda   Alpha      F1    F2    F3     D1,2  D1,3  D2,3    Ln Like  Est Ln P(D)
48000:    1.00    0.084    0.011 0.148 0.249    0.024 0.042 0.062   -981818    0 
48100:    1.00    0.104    0.011 0.147 0.250    0.024 0.042 0.063   -982490    0 
48200:    1.00    0.104    0.011 0.148 0.250    0.024 0.042 0.063   -982829    0 
48300:    1.00    0.061    0.011 0.147 0.251    0.024 0.042 0.063   -982274    0 
48400:    1.00    0.052    0.011 0.147 0.249    0.024 0.042 0.062   -982108    0 
48500:    1.00    0.045    0.011 0.145 0.255    0.023 0.043 0.063   -982267    0 
48600:    1.00    0.088    0.011 0.145 0.252    0.023 0.042 0.062   -982290    0 
48700:    1.00    0.085    0.011 0.148 0.247    0.024 0.041 0.062   -982172    0 
48800:    1.00    0.074    0.011 0.148 0.246    0.023 0.041 0.061   -982335    0 
48900:    1.00    0.044    0.011 0.149 0.246    0.024 0.041 0.061   -982382    0 

--------------------------------------------
Proportion of membership of each pre-defined
 population in each of the 3 clusters

Given    Inferred Clusters       Number of
 Pop       1      2      3      Individuals

  1:     0.678  0.214  0.108       23
--------------------------------------------

 Rep#:   Lambda   Alpha      F1    F2    F3     D1,2  D1,3  D2,3    Ln Like  Est Ln P(D)
49000:    1.00    0.047    0.011 0.149 0.247    0.024 0.042 0.062   -982246    0 
49100:    1.00    0.092    0.012 0.149 0.248    0.024 0.042 0.062   -982534    0 
49200:    1.00    0.092    0.012 0.149 0.250    0.024 0.042 0.063   -981948    0 
49300:    1.00    0.078    0.012 0.151 0.249    0.024 0.042 0.063   -981908    0 
49400:    1.00    0.050    0.012 0.151 0.244    0.024 0.041 0.061   -982269    0 
49500:    1.00    0.072    0.012 0.149 0.244    0.024 0.041 0.062   -982441    0 
49600:    1.00    0.072    0.012 0.149 0.244    0.024 0.041 0.062   -982251    0 
49700:    1.00    0.068    0.012 0.149 0.246    0.024 0.042 0.062   -982335    0 
49800:    1.00    0.055    0.012 0.150 0.248    0.024 0.042 0.063   -982208    0 
49900:    1.00    0.072    0.012 0.152 0.248    0.024 0.042 0.063   -981789    0 

--------------------------------------------
Proportion of membership of each pre-defined
 population in each of the 3 clusters

Given    Inferred Clusters       Number of
 Pop       1      2      3      Individuals

  1:     0.680  0.212  0.107       23
--------------------------------------------

 Rep#:   Lambda   Alpha      F1    F2    F3     D1,2  D1,3  D2,3    Ln Like  Est Ln P(D)
50000:    1.00    0.076    0.012 0.149 0.251    0.024 0.042 0.063   -982164    0 
50100:    1.00    0.081    0.012 0.147 0.246    0.024 0.042 0.062   -982608    0 
50200:    1.00    0.133    0.012 0.147 0.247    0.024 0.042 0.062   -982280    0 
50300:    1.00    0.094    0.012 0.146 0.250    0.024 0.042 0.062   -982287    0 
50400:    1.00    0.080    0.012 0.146 0.252    0.023 0.042 0.063   -982218    0 
50500:    1.00    0.054    0.012 0.143 0.253    0.023 0.042 0.062   -982018    0 
50600:    1.00    0.064    0.012 0.143 0.253    0.023 0.043 0.062   -981789    0 
50700:    1.00    0.032    0.012 0.145 0.253    0.023 0.043 0.062   -982358    0 
50800:    1.00    0.046    0.012 0.146 0.253    0.023 0.043 0.063   -982153    0 
50900:    1.00    0.096    0.012 0.146 0.252    0.023 0.042 0.062   -981844    0 

--------------------------------------------
Proportion of membership of each pre-defined
 population in each of the 3 clusters

Given    Inferred Clusters       Number of
 Pop       1      2      3      Individuals

  1:     0.680  0.212  0.107       23
--------------------------------------------

 Rep#:   Lambda   Alpha      F1    F2    F3     D1,2  D1,3  D2,3    Ln Like  Est Ln P(D)
51000:    1.00    0.063    0.012 0.147 0.251    0.023 0.042 0.062   -982363    0 
51100:    1.00    0.087    0.012 0.147 0.255    0.024 0.042 0.063   -982424    0 
51200:    1.00    0.075    0.012 0.147 0.254    0.024 0.043 0.063   -981723    0 
51300:    1.00    0.046    0.012 0.147 0.254    0.024 0.043 0.063   -982456    0 
51400:    1.00    0.084    0.012 0.147 0.253    0.024 0.042 0.062   -982291    0 
51500:    1.00    0.064    0.012 0.146 0.250    0.024 0.042 0.063   -982609    0 
51600:    1.00    0.077    0.012 0.148 0.250    0.024 0.042 0.063   -982221    0 
51700:    1.00    0.069    0.012 0.149 0.247    0.024 0.041 0.062   -982227    0 
51800:    1.00    0.084    0.011 0.150 0.247    0.024 0.042 0.063   -982053    0 
51900:    1.00    0.085    0.011 0.152 0.249    0.024 0.041 0.062   -982075    0 

--------------------------------------------
Proportion of membership of each pre-defined
 population in each of the 3 clusters

Given    Inferred Clusters       Number of
 Pop       1      2      3      Individuals

  1:     0.679  0.212  0.109       23
--------------------------------------------

 Rep#:   Lambda   Alpha      F1    F2    F3     D1,2  D1,3  D2,3    Ln Like  Est Ln P(D)
52000:    1.00    0.056    0.011 0.153 0.249    0.024 0.042 0.063   -982063    0 
52100:    1.00    0.039    0.011 0.153 0.252    0.024 0.043 0.064   -981974    0 
52200:    1.00    0.058    0.011 0.151 0.249    0.024 0.042 0.063   -981713    0 
52300:    1.00    0.052    0.011 0.151 0.250    0.024 0.042 0.063   -982083    0 
52400:    1.00    0.066    0.011 0.151 0.252    0.024 0.042 0.063   -982327    0 
52500:    1.00    0.092    0.011 0.149 0.250    0.024 0.042 0.063   -982004    0 
52600:    1.00    0.061    0.011 0.149 0.249    0.024 0.042 0.063   -982062    0 
52700:    1.00    0.080    0.011 0.147 0.246    0.024 0.042 0.062   -982109    0 
52800:    1.00    0.066    0.011 0.146 0.249    0.023 0.042 0.062   -982630    0 
52900:    1.00    0.042    0.011 0.146 0.252    0.023 0.042 0.062   -982126    0 

--------------------------------------------
Proportion of membership of each pre-defined
 population in each of the 3 clusters

Given    Inferred Clusters       Number of
 Pop       1      2      3      Individuals

  1:     0.678  0.215  0.107       23
--------------------------------------------

 Rep#:   Lambda   Alpha      F1    F2    F3     D1,2  D1,3  D2,3    Ln Like  Est Ln P(D)
53000:    1.00    0.056    0.011 0.146 0.254    0.023 0.042 0.063   -982353    0 
53100:    1.00    0.087    0.011 0.146 0.256    0.024 0.043 0.063   -982130    0 
53200:    1.00    0.075    0.011 0.146 0.258    0.023 0.043 0.063   -981732    0 
53300:    1.00    0.073    0.011 0.147 0.257    0.023 0.043 0.063   -982051    0 
53400:    1.00    0.045    0.011 0.146 0.259    0.023 0.043 0.064   -982167    0 
53500:    1.00    0.053    0.011 0.147 0.255    0.023 0.043 0.063   -981922    0 
53600:    1.00    0.047    0.011 0.146 0.257    0.023 0.043 0.063   -982602    0 
53700:    1.00    0.054    0.011 0.147 0.258    0.024 0.043 0.063   -981588    0 
53800:    1.00    0.076    0.011 0.150 0.257    0.024 0.043 0.064   -982089    0 
53900:    1.00    0.069    0.011 0.152 0.258    0.024 0.043 0.064   -982492    0 

--------------------------------------------
Proportion of membership of each pre-defined
 population in each of the 3 clusters

Given    Inferred Clusters       Number of
 Pop       1      2      3      Individuals

  1:     0.685  0.208  0.107       23
--------------------------------------------

 Rep#:   Lambda   Alpha      F1    F2    F3     D1,2  D1,3  D2,3    Ln Like  Est Ln P(D)
54000:    1.00    0.064    0.011 0.152 0.256    0.024 0.043 0.064   -981614    0 
54100:    1.00    0.051    0.011 0.152 0.255    0.024 0.042 0.063   -982116    0 
54200:    1.00    0.080    0.011 0.152 0.257    0.024 0.042 0.063   -981946    0 
54300:    1.00    0.058    0.011 0.152 0.258    0.024 0.043 0.065   -981786    0 
54400:    1.00    0.117    0.011 0.154 0.259    0.024 0.043 0.064   -982139    0 
54500:    1.00    0.095    0.011 0.152 0.258    0.024 0.043 0.065   -981906    0 
54600:    1.00    0.051    0.011 0.150 0.256    0.024 0.043 0.063   -981992    0 
54700:    1.00    0.087    0.011 0.148 0.254    0.024 0.043 0.063   -982188    0 
54800:    1.00    0.087    0.011 0.148 0.254    0.024 0.043 0.063   -982610    0 
54900:    1.00    0.113    0.011 0.147 0.254    0.024 0.043 0.063   -982256    0 

--------------------------------------------
Proportion of membership of each pre-defined
 population in each of the 3 clusters

Given    Inferred Clusters       Number of
 Pop       1      2      3      Individuals

  1:     0.680  0.212  0.107       23
--------------------------------------------

 Rep#:   Lambda   Alpha      F1    F2    F3     D1,2  D1,3  D2,3    Ln Like  Est Ln P(D)
55000:    1.00    0.108    0.011 0.147 0.257    0.024 0.043 0.063   -982232    0 
55100:    1.00    0.101    0.011 0.147 0.254    0.023 0.042 0.063   -982222    0 
55200:    1.00    0.062    0.011 0.147 0.254    0.024 0.042 0.063   -982624    0 
55300:    1.00    0.061    0.011 0.148 0.257    0.023 0.042 0.063   -982014    0 
55400:    1.00    0.096    0.011 0.147 0.258    0.023 0.043 0.062   -982470    0 
55500:    1.00    0.044    0.011 0.148 0.257    0.024 0.043 0.064   -982062    0 
55600:    1.00    0.100    0.011 0.147 0.256    0.024 0.042 0.063   -982278    0 
55700:    1.00    0.081    0.011 0.147 0.254    0.024 0.043 0.063   -982397    0 
55800:    1.00    0.062    0.011 0.148 0.262    0.024 0.044 0.064   -982258    0 
55900:    1.00    0.085    0.011 0.148 0.264    0.024 0.045 0.065   -982059    0 

--------------------------------------------
Proportion of membership of each pre-defined
 population in each of the 3 clusters

Given    Inferred Clusters       Number of
 Pop       1      2      3      Individuals

  1:     0.678  0.215  0.107       23
--------------------------------------------

 Rep#:   Lambda   Alpha      F1    F2    F3     D1,2  D1,3  D2,3    Ln Like  Est Ln P(D)
56000:    1.00    0.070    0.011 0.148 0.266    0.024 0.044 0.065   -981594    0 
56100:    1.00    0.084    0.011 0.147 0.255    0.024 0.043 0.064   -982325    0 
56200:    1.00    0.071    0.011 0.146 0.254    0.023 0.042 0.063   -982292    0 
56300:    1.00    0.086    0.011 0.146 0.253    0.024 0.042 0.063   -982224    0 
56400:    1.00    0.129    0.011 0.145 0.253    0.023 0.042 0.062   -982488    0 
56500:    1.00    0.071    0.011 0.145 0.253    0.023 0.042 0.063   -982634    0 
56600:    1.00    0.090    0.011 0.145 0.254    0.024 0.043 0.063   -982148    0 
56700:    1.00    0.071    0.011 0.145 0.254    0.023 0.042 0.062   -982239    0 
56800:    1.00    0.112    0.011 0.145 0.251    0.023 0.042 0.062   -982020    0 
56900:    1.00    0.095    0.011 0.146 0.251    0.023 0.042 0.063   -981899    0 

--------------------------------------------
Proportion of membership of each pre-defined
 population in each of the 3 clusters

Given    Inferred Clusters       Number of
 Pop       1      2      3      Individuals

  1:     0.676  0.216  0.108       23
--------------------------------------------

 Rep#:   Lambda   Alpha      F1    F2    F3     D1,2  D1,3  D2,3    Ln Like  Est Ln P(D)
57000:    1.00    0.092    0.011 0.145 0.250    0.023 0.042 0.062   -982398    0 
57100:    1.00    0.073    0.011 0.143 0.250    0.023 0.042 0.062   -982499    0 
57200:    1.00    0.069    0.011 0.144 0.252    0.023 0.043 0.062   -982108    0 
57300:    1.00    0.061    0.011 0.147 0.251    0.024 0.042 0.062   -982387    0 
57400:    1.00    0.102    0.011 0.147 0.252    0.023 0.042 0.063   -981925    0 
57500:    1.00    0.070    0.011 0.147 0.248    0.023 0.041 0.062   -982320    0 
57600:    1.00    0.055    0.011 0.147 0.252    0.024 0.042 0.062   -982371    0 
57700:    1.00    0.045    0.011 0.148 0.253    0.023 0.043 0.063   -982296    0 
57800:    1.00    0.076    0.011 0.146 0.253    0.023 0.042 0.062   -982305    0 
57900:    1.00    0.070    0.011 0.146 0.252    0.024 0.042 0.063   -981619    0 

--------------------------------------------
Proportion of membership of each pre-defined
 population in each of the 3 clusters

Given    Inferred Clusters       Number of
 Pop       1      2      3      Individuals

  1:     0.676  0.215  0.110       23
--------------------------------------------

 Rep#:   Lambda   Alpha      F1    F2    F3     D1,2  D1,3  D2,3    Ln Like  Est Ln P(D)
58000:    1.00    0.070    0.011 0.147 0.250    0.023 0.042 0.062   -981597    0 
58100:    1.00    0.068    0.011 0.147 0.250    0.023 0.041 0.062   -981837    0 
58200:    1.00    0.090    0.011 0.147 0.251    0.024 0.042 0.062   -982139    0 
58300:    1.00    0.058    0.011 0.146 0.250    0.023 0.042 0.062   -981741    0 
58400:    1.00    0.104    0.011 0.146 0.249    0.024 0.042 0.063   -982128    0 
58500:    1.00    0.092    0.011 0.145 0.249    0.023 0.042 0.062   -982226    0 
58600:    1.00    0.118    0.011 0.145 0.248    0.023 0.042 0.062   -982473    0 
58700:    1.00    0.080    0.011 0.145 0.247    0.023 0.041 0.061   -982614    0 
58800:    1.00    0.096    0.011 0.145 0.248    0.023 0.042 0.062   -982292    0 
58900:    1.00    0.075    0.011 0.147 0.252    0.024 0.042 0.063   -981868    0 

--------------------------------------------
Proportion of membership of each pre-defined
 population in each of the 3 clusters

Given    Inferred Clusters       Number of
 Pop       1      2      3      Individuals

  1:     0.672  0.220  0.108       23
--------------------------------------------

 Rep#:   Lambda   Alpha      F1    F2    F3     D1,2  D1,3  D2,3    Ln Like  Est Ln P(D)
59000:    1.00    0.077    0.011 0.147 0.249    0.024 0.041 0.062   -982545    0 
59100:    1.00    0.071    0.011 0.150 0.247    0.024 0.041 0.062   -982315    0 
59200:    1.00    0.099    0.011 0.150 0.252    0.024 0.043 0.064   -982153    0 
59300:    1.00    0.111    0.011 0.150 0.249    0.024 0.042 0.063   -981733    0 
59400:    1.00    0.062    0.011 0.148 0.253    0.024 0.042 0.063   -982078    0 
59500:    1.00    0.059    0.011 0.148 0.253    0.024 0.042 0.063   -981928    0 
59600:    1.00    0.071    0.011 0.150 0.254    0.024 0.042 0.063   -982238    0 
59700:    1.00    0.085    0.011 0.151 0.253    0.025 0.042 0.063   -982327    0 
59800:    1.00    0.091    0.011 0.152 0.255    0.024 0.043 0.064   -982231    0 
59900:    1.00    0.115    0.011 0.151 0.255    0.024 0.042 0.064   -982563    0 
60000:    1.00    0.039    0.011 0.151 0.255    0.024 0.043 0.064   -981676    0 

MCMC completed

Inferred ancestry of individuals:
        Label (%Miss) Pop:  Inferred clusters
  1 18160D-09-0    (2)    1 :  0.932 0.068 0.000 
  2 18160D-09-0    (4)    1 :  0.919 0.081 0.000 
  3 18160D-09-0    (2)    1 :  0.292 0.707 0.000 
  4 18160D-09-0    (5)    1 :  0.000 1.000 0.000 
  5 18160D-09-0    (4)    1 :  0.136 0.863 0.000 
  6 18160D-09-0    (4)    1 :  0.095 0.905 0.000 
  7 18160D-09-0    (2)    1 :  0.023 0.977 0.000 
  8 18160D-09-0    (4)    1 :  0.955 0.045 0.000 
  9 18160D-09-0    (2)    1 :  0.836 0.000 0.164 
 10 18160D-09-1    (2)    1 :  0.000 0.000 1.000 
 11 18160D-09-1    (2)    1 :  0.700 0.000 0.300 
 12 18160D-09-1    (2)    1 :  0.826 0.000 0.174 
 13 18160D-09-1    (5)    1 :  0.911 0.089 0.000 
 14 18160D-09-1   (18)    1 :  0.915 0.085 0.000 
 15 18160D-09-1    (4)    1 :  0.999 0.001 0.000 
 16 18160D-09-1    (2)    1 :  0.143 0.011 0.846 
 17 18160D-09-1    (2)    1 :  0.936 0.064 0.000 
 18 18160D-09-1    (2)    1 :  1.000 0.000 0.000 
 19 18160D-09-1    (2)    1 :  0.985 0.015 0.000 
 20 18160D-09-2    (5)    1 :  0.999 0.001 0.000 
 21 18160D-09-2    (5)    1 :  0.930 0.070 0.000 
 22 18160D-09-2    (5)    1 :  1.000 0.000 0.000 
 23 18160D-09-2    (2)    1 :  0.990 0.010 0.000 

Command line arguments:   structure -D 273585 -K 3 -m mainparams -o k3/populations_k3_run5 
Input File:    populations.str
Output File:   k3/populations_k3_run5_f

Run parameters:
   23 individuals
   50160 loci
   3 populations assumed
   10000 Burn-in period
   50000 Reps
RANDOMIZE turned off

--------------------------------------------
Estimated Ln Prob of Data   = -1024284.8
Mean value of ln likelihood = -982064.5
Variance of ln likelihood   = 84440.7
Mean value of alpha         = 0.0801

Mean value of Fst_1         = 0.0130
Mean value of Fst_2         = 0.1472
Mean value of Fst_3         = 0.2503


--------------------------------------------
Proportion of membership of each pre-defined
 population in each of the 3 clusters

Given    Inferred Clusters       Number of
 Pop       1      2      3      Individuals

  1:     0.675  0.217  0.108       23
--------------------------------------------
Final results printed to file k3/populations_k3_run5_f

